Algorithm configured with: 
Pop: 5000
Aux Pop: 2000
CrP: 1.0
MtP: 1.0
List of crossover: 
SinglePointCrossover
IntegerTwoPointsCrossover
MultiPointsCrossover
List of mutations: 
BitFlipMutation
LoopMoveOperator
LocalMoveOperator
SegmentMutation
OppositeMoveOperator
Execution: 1
Generation: 0; 
d: 13.892443989449804; energy: -14.0; 1,1,1,0,2,0,1,2,2,1,0,2,1,0,2,1,1,0,1,2,0,1,2,1,2,0,2,1,2,2,0,0,2,0,1,2,0,1,2,2,1,0,0,2,0,0,2,0,2,1,1,1,2,2,1,1,0,0
Best fitness found so far: -14.0; distance: 13.892443989449804
Generation: 1; 
d: 11.704699910719626; energy: -23.0; 2,2,1,2,1,0,2,1,0,0,2,2,2,2,2,1,2,2,2,0,2,1,1,1,1,0,0,0,2,1,0,0,0,2,2,0,2,2,1,2,1,1,1,1,0,0,1,0,1,2,2,2,0,0,1,1,2,0
Best fitness found so far: -23.0; distance: 11.704699910719626
Generation: 2; 
d: 11.704699910719626; energy: -23.0; 2,2,1,2,1,0,2,1,0,0,2,2,2,2,2,1,2,2,2,0,2,1,1,1,1,0,0,0,2,1,0,0,0,2,2,0,2,2,1,2,1,1,1,1,0,0,1,0,1,2,2,2,0,0,1,1,2,0
Best fitness found so far: -23.0; distance: 11.704699910719626
Generation: 3; 
d: 15.620499351813308; energy: -23.0; 0,2,1,0,0,0,1,0,0,0,1,2,0,2,2,2,0,2,1,1,2,2,1,0,0,2,2,1,1,2,0,1,2,2,2,2,1,1,1,0,0,0,1,2,1,2,2,0,0,2,2,1,0,1,2,0,0,2
Best fitness found so far: -23.0; distance: 11.704699910719626
Generation: 4; 
d: 12.206555615733702; energy: -23.0; 0,1,2,1,1,2,0,0,2,0,0,1,0,2,1,0,0,0,0,2,0,0,1,1,2,0,1,0,0,2,2,1,0,1,2,1,1,2,2,1,0,0,1,1,2,1,2,2,0,1,1,0,0,2,1,1,2,0
Best fitness found so far: -23.0; distance: 11.704699910719626
