Algorithm configured with: 
Pop: 1000
CrP: 1.0
MtP: 1.0
List of crossover: 
SinglePointCrossover
IntegerTwoPointsCrossover
MultiPointsCrossover
List of mutations: 
BitFlipMutation
LoopMoveOperator
LocalMoveOperator
SegmentMutation
OppositeMoveOperator
Execution: 1
Generation: 0; 
d: 25.612496949731394; energy: -15.0; 1,0,2,2,0,1,0,2,1,1,0,0,1,2,0,1,2,0,0,1,2,2,0,0,2,2,1,2,0,0,1,0,1,1,1,2,1,1,0,2,2,1,1,0,0,1,2,0,0,2,1,2,2,0,0,1,1,0,0,2,2,1,2,0,0,2,0,1,1,2,1,2,1,0,2,0,1,1,2,0,2,1,1,1,1,2,1,0,2,1,1,2,2,0,2,1,1
Best fitness found so far: -15.0; distance: 25.612496949731394
Generation: 1; 
d: 26.870057685088806; energy: -24.0; 2,2,1,2,0,1,2,1,0,1,2,0,2,2,2,1,1,0,1,2,1,0,0,1,2,2,2,2,1,1,1,2,0,1,1,2,0,0,2,1,1,0,0,2,0,0,1,0,0,1,0,2,1,1,0,2,0,1,1,0,2,2,1,0,1,0,0,2,2,0,0,2,0,1,1,0,1,0,2,2,2,0,0,0,2,2,1,0,2,1,0,0,0,0,0,1,2
Best fitness found so far: -24.0; distance: 26.870057685088806
Generation: 2; 
d: 17.11724276862369; energy: -22.0; 1,2,0,2,0,2,0,2,0,0,1,0,2,0,2,0,0,0,0,2,2,1,0,1,1,1,1,2,2,1,1,0,1,1,2,2,1,0,2,0,2,0,0,1,1,0,1,2,2,0,1,0,0,2,2,1,1,2,2,0,0,2,0,1,1,1,2,2,1,0,2,2,0,1,2,0,1,0,1,1,1,0,1,0,0,2,2,1,1,1,1,1,1,0,0,1,1
Best fitness found so far: -24.0; distance: 26.870057685088806
Generation: 3; 
d: 17.11724276862369; energy: -22.0; 1,2,0,2,0,2,0,2,0,0,1,0,2,0,2,0,0,0,0,2,2,1,0,1,1,1,1,2,2,1,1,0,1,1,2,2,1,0,2,0,2,0,0,1,1,0,1,2,2,0,1,0,0,2,2,1,1,2,2,0,0,2,0,1,1,1,2,2,1,0,2,2,0,1,2,0,1,0,1,1,1,0,1,0,0,2,2,1,1,1,1,1,1,0,0,1,1
Best fitness found so far: -24.0; distance: 26.870057685088806
Generation: 4; 
d: 25.079872407968907; energy: -20.0; 2,0,1,1,1,0,1,1,2,0,2,2,1,2,0,1,1,2,0,0,2,1,2,0,0,1,2,2,0,2,1,0,1,1,2,2,0,2,1,1,1,0,0,1,1,1,2,0,0,1,2,2,0,2,2,0,0,1,2,0,2,0,2,0,2,0,0,1,2,1,0,1,0,2,0,1,2,2,1,0,0,1,1,0,1,2,2,0,2,2,0,0,2,0,0,2,2
Best fitness found so far: -24.0; distance: 26.870057685088806
Generation: 5; 
d: 27.459060435491963; energy: -20.0; 2,2,2,1,1,2,0,1,1,2,0,0,0,2,2,0,1,0,1,1,2,1,2,2,0,1,0,1,1,1,0,2,2,1,0,2,1,2,2,0,2,0,0,1,0,2,1,2,1,1,0,0,1,1,1,0,1,2,1,0,1,2,1,1,1,0,0,2,2,1,2,1,0,1,1,2,2,1,0,0,2,1,2,2,0,1,0,2,1,2,1,0,2,2,1,2,1
Best fitness found so far: -24.0; distance: 26.870057685088806
Generation: 6; 
d: 22.090722034374522; energy: -23.0; 1,0,0,2,1,1,2,1,2,0,2,2,0,1,1,0,1,2,2,0,1,1,0,1,2,2,0,0,1,0,2,2,1,0,2,0,1,0,1,2,2,1,0,0,0,1,2,2,0,2,2,2,1,0,0,0,0,1,1,0,2,0,0,2,2,0,0,2,1,2,1,2,0,2,2,0,2,1,2,1,0,2,0,0,2,0,0,1,0,2,2,1,2,1,0,2,2
Best fitness found so far: -24.0; distance: 26.870057685088806
Generation: 7; 
d: 22.090722034374522; energy: -23.0; 1,0,0,2,1,1,2,1,2,0,2,2,0,1,1,0,1,2,2,0,1,1,0,1,2,2,0,0,1,0,2,2,1,0,2,0,1,0,1,2,2,1,0,0,0,1,2,2,0,2,2,2,1,0,0,0,0,1,1,0,2,0,0,2,2,0,0,2,1,2,1,2,0,2,2,0,2,1,2,1,0,2,0,0,2,0,0,1,0,2,2,1,2,1,0,2,2
Best fitness found so far: -24.0; distance: 26.870057685088806
Generation: 8; 
d: 19.4164878389476; energy: -22.0; 2,0,1,1,1,0,1,1,2,0,2,2,1,2,0,1,1,2,0,0,2,0,1,0,2,0,2,1,2,0,2,1,1,2,1,2,1,0,0,1,2,2,2,1,2,0,0,1,0,2,1,1,0,0,1,0,0,2,1,2,2,1,1,2,2,0,1,0,0,1,2,2,1,2,2,0,2,2,2,2,2,0,0,0,0,1,0,2,1,1,0,0,0,1,0,2,2
Best fitness found so far: -24.0; distance: 26.870057685088806
Generation: 9; 
d: 17.69180601295413; energy: -25.0; 0,0,0,1,1,2,0,1,1,2,1,0,2,2,1,2,1,1,1,0,0,1,1,2,0,2,0,0,2,1,1,1,1,1,0,0,2,2,0,0,2,0,1,2,0,0,2,0,0,2,0,1,2,2,0,1,2,0,2,2,0,2,2,1,0,0,1,1,2,2,0,0,1,0,2,0,2,2,1,1,2,1,1,0,0,1,1,2,2,0,1,2,2,1,0,1,2
Best fitness found so far: -25.0; distance: 17.69180601295413
Generation: 10; 
d: 17.69180601295413; energy: -25.0; 0,0,0,1,1,2,0,1,1,2,1,0,2,2,1,2,1,1,1,0,0,1,1,2,0,2,0,0,2,1,1,1,1,1,0,0,2,2,0,0,2,0,1,2,0,0,2,0,0,2,0,1,2,2,0,1,2,0,2,2,0,2,2,1,0,0,1,1,2,2,0,0,1,0,2,0,2,2,1,1,2,1,1,0,0,1,1,2,2,0,1,2,2,1,0,1,2
Best fitness found so far: -25.0; distance: 17.69180601295413
Generation: 11; 
d: 22.135943621178654; energy: -24.0; 2,0,0,1,1,2,0,1,1,2,1,0,2,2,1,2,1,1,1,0,0,1,1,2,0,2,0,0,2,1,1,1,1,1,0,0,2,2,0,0,2,0,1,2,0,0,2,0,0,2,0,1,2,2,0,1,2,0,2,2,0,2,2,1,0,0,1,1,2,2,0,0,1,1,1,1,0,2,2,2,2,0,1,1,0,2,0,1,1,0,1,0,2,1,0,1,2
Best fitness found so far: -25.0; distance: 17.69180601295413
Generation: 12; 
d: 16.15549442140351; energy: -24.0; 0,0,1,0,0,2,0,1,2,2,1,0,0,1,0,1,0,0,0,0,0,0,2,2,0,2,2,1,2,2,1,2,1,2,0,1,2,1,0,2,2,0,0,0,1,0,0,2,1,1,1,2,1,1,1,2,1,1,1,1,0,2,0,2,0,2,1,2,2,1,2,0,2,1,2,1,1,1,0,1,1,2,2,1,0,0,0,2,0,0,1,2,1,1,0,0,2
Best fitness found so far: -25.0; distance: 17.69180601295413
Generation: 13; 
d: 16.15549442140351; energy: -24.0; 0,0,1,0,0,2,0,1,2,2,1,0,0,1,0,1,0,0,0,0,0,0,2,2,0,2,2,1,2,2,1,2,1,2,0,1,2,1,0,2,2,0,0,0,1,0,0,2,1,1,1,2,1,1,1,2,1,1,1,1,0,2,0,2,0,2,1,2,2,1,2,0,2,1,2,1,1,1,0,1,1,2,2,1,0,0,0,2,0,0,1,2,1,1,0,0,2
Best fitness found so far: -25.0; distance: 17.69180601295413
Generation: 14; 
d: 14.866068747318506; energy: -25.0; 0,2,0,0,1,1,0,2,2,0,1,0,0,0,0,2,1,0,1,2,0,1,1,1,2,2,2,2,2,1,0,2,1,0,2,2,2,1,2,2,0,1,0,0,0,1,2,2,0,2,2,2,1,0,0,0,0,1,1,0,0,0,1,2,0,0,0,2,2,1,0,0,0,0,0,1,0,1,1,1,2,2,1,2,0,2,2,1,0,1,1,0,0,0,2,0,0
Best fitness found so far: -25.0; distance: 17.69180601295413
Generation: 15; 
d: 14.866068747318506; energy: -25.0; 0,2,0,0,1,1,0,2,2,0,1,0,0,0,0,2,1,0,1,2,0,1,1,1,2,2,2,2,2,1,0,2,1,0,2,2,2,1,2,2,0,1,0,0,0,1,2,2,0,2,2,2,1,0,0,0,0,1,1,0,0,0,1,2,0,0,0,2,2,1,0,0,0,0,0,1,0,1,1,1,2,2,1,2,0,2,2,1,0,1,1,0,0,0,2,0,0
Best fitness found so far: -25.0; distance: 17.69180601295413
Generation: 16; 
d: 13.601470508735444; energy: -26.0; 2,2,0,0,0,0,1,2,2,2,2,1,1,1,2,0,2,1,1,0,1,2,2,1,1,2,0,1,1,1,2,2,2,2,0,1,2,1,2,2,0,1,0,0,0,1,2,2,0,2,2,2,1,0,0,0,0,1,1,0,0,0,1,2,0,0,0,2,2,1,0,0,0,0,0,1,0,1,1,1,2,2,1,2,0,2,2,1,0,2,0,2,2,1,1,2,2
Best fitness found so far: -26.0; distance: 13.601470508735444
Generation: 17; 
d: 13.601470508735444; energy: -26.0; 2,2,0,0,0,0,1,2,2,2,2,1,1,1,2,0,2,1,1,0,1,2,2,1,1,2,0,1,1,1,2,2,2,2,0,1,2,1,2,2,0,1,0,0,0,1,2,2,0,2,2,2,1,0,0,0,0,1,1,0,0,0,1,2,0,0,0,2,2,1,0,0,0,0,0,1,0,1,1,1,2,2,1,2,0,2,2,1,0,2,0,2,2,1,1,2,2
Best fitness found so far: -26.0; distance: 13.601470508735444
Generation: 18; 
d: 20.223748416156685; energy: -23.0; 0,0,2,2,1,1,2,0,0,1,1,1,2,2,1,1,0,0,2,0,0,2,2,0,2,0,1,1,0,1,0,1,2,2,1,1,2,1,1,0,2,1,1,2,1,1,2,2,1,0,2,0,1,2,1,2,0,0,1,0,1,1,2,2,1,0,1,2,2,2,1,1,1,0,2,0,2,1,0,2,2,1,0,1,0,0,0,2,2,0,2,1,0,0,1,2,2
Best fitness found so far: -26.0; distance: 13.601470508735444
Generation: 19; 
d: 22.47220505424423; energy: -23.0; 2,1,2,0,2,0,2,2,1,1,2,0,1,2,2,1,1,0,1,2,1,0,0,1,2,2,2,2,1,1,1,2,0,1,1,2,0,0,2,1,1,0,0,2,0,0,1,0,0,1,0,2,1,1,0,2,0,1,1,0,2,2,1,0,1,0,0,2,2,0,0,2,0,1,1,0,1,0,2,2,2,0,0,0,2,2,1,0,2,1,0,2,2,0,1,0,0
Best fitness found so far: -26.0; distance: 13.601470508735444
Generation: 20; 
d: 22.80350850198276; energy: -25.0; 2,1,1,0,0,0,0,2,0,0,2,1,1,2,1,2,2,0,0,1,1,2,1,2,2,0,0,1,0,1,1,0,1,1,2,0,0,2,1,0,0,1,2,2,1,0,1,1,2,2,1,1,1,1,1,1,2,2,0,1,0,1,0,0,1,1,1,1,1,1,1,2,2,0,0,2,2,2,0,0,1,1,2,2,1,1,1,2,2,1,2,1,1,1,1,1,1
Best fitness found so far: -26.0; distance: 13.601470508735444
Generation: 21; 
d: 22.80350850198276; energy: -25.0; 2,1,1,0,0,0,0,2,0,0,2,1,1,2,1,2,2,0,0,1,1,2,1,2,2,0,0,1,0,1,1,0,1,1,2,0,0,2,1,0,0,1,2,2,1,0,1,1,2,2,1,1,1,1,1,1,2,2,0,1,0,1,0,0,1,1,1,1,1,1,1,2,2,0,0,2,2,2,0,0,1,1,2,2,1,1,1,2,2,1,2,1,1,1,1,1,1
Best fitness found so far: -26.0; distance: 13.601470508735444
Generation: 22; 
d: 21.02379604162864; energy: -25.0; 1,0,0,0,2,1,1,0,2,2,2,1,2,1,2,1,2,0,1,1,2,0,1,1,1,0,2,0,0,1,2,2,2,2,1,1,2,2,2,2,2,2,2,0,0,0,1,0,2,1,1,2,1,1,2,2,1,0,0,2,1,2,1,0,0,1,2,1,1,0,1,0,1,0,2,1,1,2,1,1,0,1,2,0,2,0,0,2,2,1,1,0,2,1,0,0,2
Best fitness found so far: -26.0; distance: 13.601470508735444
Generation: 23; 
d: 20.8806130178211; energy: -25.0; 0,0,2,1,1,1,2,0,1,1,1,0,2,1,2,2,1,0,1,0,2,1,0,1,0,1,1,2,2,1,1,1,2,2,1,1,0,1,1,2,1,0,0,1,1,0,1,1,2,2,0,0,0,2,2,1,1,2,2,0,0,2,0,1,1,1,2,2,1,0,2,2,0,1,2,2,1,0,0,1,2,2,2,0,0,0,1,0,1,0,0,2,1,2,1,0,1
Best fitness found so far: -26.0; distance: 13.601470508735444
Generation: 24; 
d: 20.615528128088304; energy: -27.0; 2,2,1,1,0,2,0,0,0,0,2,1,1,2,2,1,1,0,1,2,1,0,0,1,2,2,2,2,1,1,1,2,0,1,1,2,0,0,2,1,1,0,0,2,0,0,1,0,0,1,0,2,1,1,0,2,0,1,1,0,2,2,1,0,1,0,0,2,2,0,0,2,0,1,1,0,1,0,2,2,2,0,0,0,2,2,1,0,2,1,0,0,0,0,0,1,2
Best fitness found so far: -27.0; distance: 20.615528128088304
Generation: 25; 
d: 20.615528128088304; energy: -27.0; 2,2,1,1,0,2,0,0,0,0,2,1,1,2,2,1,1,0,1,2,1,0,0,1,2,2,2,2,1,1,1,2,0,1,1,2,0,0,2,1,1,0,0,2,0,0,1,0,0,1,0,2,1,1,0,2,0,1,1,0,2,2,1,0,1,0,0,2,2,0,0,2,0,1,1,0,1,0,2,2,2,0,0,0,2,2,1,0,2,1,0,0,0,0,0,1,2
Best fitness found so far: -27.0; distance: 20.615528128088304
Generation: 26; 
d: 16.64331697709324; energy: -25.0; 2,2,1,1,0,2,0,0,2,2,0,1,1,2,2,2,2,2,2,2,2,2,1,2,2,1,2,0,2,2,2,1,0,0,0,2,0,0,0,0,0,0,0,0,2,0,0,0,0,1,1,0,0,1,0,0,0,2,1,0,2,0,1,1,0,2,1,2,2,2,2,0,1,2,1,2,2,1,0,0,0,2,2,1,1,2,0,0,2,1,1,0,0,1,0,1,0
Best fitness found so far: -27.0; distance: 20.615528128088304
Generation: 27; 
d: 16.64331697709324; energy: -25.0; 2,2,1,1,0,2,0,0,2,2,0,1,1,2,2,2,2,2,2,2,2,2,1,2,2,1,2,0,2,2,2,1,0,0,0,2,0,0,0,0,0,0,0,0,2,0,0,0,0,1,1,0,0,1,0,0,0,2,1,0,2,0,1,1,0,2,1,2,2,2,2,0,1,2,1,2,2,1,0,0,0,2,2,1,1,2,0,0,2,1,1,0,0,1,0,1,0
Best fitness found so far: -27.0; distance: 20.615528128088304
Generation: 28; 
d: 25.317977802344327; energy: -25.0; 0,2,2,2,0,0,2,2,1,1,0,1,2,0,2,2,0,2,2,0,0,0,2,2,0,0,1,1,1,0,2,2,1,0,2,0,1,0,1,2,2,1,0,0,0,1,2,2,0,2,2,2,1,0,0,0,0,1,1,0,2,0,0,2,2,0,0,2,1,2,1,2,0,2,2,0,2,1,2,1,0,2,0,0,2,0,0,1,0,2,2,2,2,1,0,2,0
Best fitness found so far: -27.0; distance: 20.615528128088304
Generation: 29; 
d: 17.46424919657298; energy: -25.0; 2,0,0,2,2,2,1,2,2,1,2,1,1,1,1,2,1,2,2,1,0,2,0,0,0,1,0,1,1,2,2,1,0,1,1,0,2,2,1,2,0,1,2,1,2,2,2,1,1,1,2,0,2,0,2,2,0,2,2,0,1,2,1,0,0,1,2,1,1,0,1,0,1,0,2,1,1,2,1,1,0,1,2,0,2,0,0,2,2,1,1,0,2,0,0,0,1
Best fitness found so far: -27.0; distance: 20.615528128088304
Generation: 30; 
d: 14.422205101855956; energy: -27.0; 1,2,0,2,2,0,1,2,2,1,2,1,1,1,1,2,1,2,2,1,0,2,0,0,0,1,0,1,1,2,2,1,0,1,1,0,2,2,1,2,0,1,2,1,2,2,2,1,0,0,0,1,0,0,2,2,0,2,2,0,1,2,1,0,0,1,2,1,1,0,1,0,1,0,2,1,2,0,1,2,2,0,1,2,0,2,2,2,2,0,0,2,0,0,0,0,2
Best fitness found so far: -27.0; distance: 20.615528128088304
Generation: 31; 
d: 14.422205101855956; energy: -27.0; 1,2,0,2,2,0,1,2,2,1,2,1,1,1,1,2,1,2,2,1,0,2,0,0,0,1,0,1,1,2,2,1,0,1,1,0,2,2,1,2,0,1,2,1,2,2,2,1,0,0,0,1,0,0,2,2,0,2,2,0,1,2,1,0,0,1,2,1,1,0,1,0,1,0,2,1,2,0,1,2,2,0,1,2,0,2,2,2,2,0,0,2,0,0,0,0,2
Best fitness found so far: -27.0; distance: 20.615528128088304
Generation: 32; 
d: 16.76305461424021; energy: -28.0; 0,2,0,2,2,1,0,2,2,1,1,2,0,0,1,2,2,0,0,1,1,2,1,2,2,0,0,1,0,1,1,0,1,1,2,0,0,2,1,0,0,1,2,2,2,1,0,0,1,1,2,1,2,0,1,1,0,0,0,0,0,0,1,2,1,0,2,0,0,2,2,1,2,0,2,2,0,0,2,1,1,1,2,2,1,1,0,1,0,2,1,1,1,1,2,2,1
Best fitness found so far: -28.0; distance: 16.76305461424021
Generation: 33; 
d: 16.76305461424021; energy: -28.0; 0,2,0,2,2,1,0,2,2,1,1,2,0,0,1,2,2,0,0,1,1,2,1,2,2,0,0,1,0,1,1,0,1,1,2,0,0,2,1,0,0,1,2,2,2,1,0,0,1,1,2,1,2,0,1,1,0,0,0,0,0,0,1,2,1,0,2,0,0,2,2,1,2,0,2,2,0,0,2,1,1,1,2,2,1,1,0,1,0,2,1,1,1,1,2,2,1
Best fitness found so far: -28.0; distance: 16.76305461424021
Generation: 34; 
d: 19.4164878389476; energy: -27.0; 1,0,0,2,2,1,1,2,0,0,2,1,1,2,1,2,2,0,0,1,1,2,1,2,2,0,0,1,0,1,1,0,1,1,2,0,0,2,1,0,0,1,1,1,1,0,1,1,2,2,1,1,1,0,2,0,0,1,0,2,0,2,2,2,1,1,1,1,1,1,2,2,2,2,0,0,1,2,2,0,2,1,2,1,0,1,0,2,2,0,1,2,0,0,2,2,1
Best fitness found so far: -28.0; distance: 16.76305461424021
Generation: 35; 
d: 16.401219466856727; energy: -26.0; 0,0,0,1,1,0,2,2,1,2,2,1,1,0,2,1,0,0,0,2,2,2,1,2,2,0,0,0,2,2,1,1,1,2,1,1,1,0,0,1,0,2,2,2,2,1,1,1,1,2,2,1,0,0,2,0,0,2,1,1,0,0,1,2,2,0,2,1,0,1,0,0,1,1,0,1,0,1,1,2,0,1,0,0,1,0,1,1,2,1,1,2,2,0,2,1,1
Best fitness found so far: -28.0; distance: 16.76305461424021
Generation: 36; 
d: 16.1245154965971; energy: -32.0; 1,2,1,0,1,0,1,2,0,0,2,1,1,2,1,2,2,0,0,1,1,2,1,2,2,0,0,1,0,1,1,0,1,1,2,0,0,0,1,2,2,1,0,0,0,1,2,2,0,2,2,2,1,0,0,0,0,1,1,0,2,0,0,2,2,0,0,2,1,2,1,2,0,2,2,0,2,1,2,1,0,2,0,0,2,0,0,1,1,0,2,2,0,0,2,2,0
Best fitness found so far: -32.0; distance: 16.1245154965971
Generation: 37; 
d: 16.1245154965971; energy: -32.0; 1,2,1,0,1,0,1,2,0,0,2,1,1,2,1,2,2,0,0,1,1,2,1,2,2,0,0,1,0,1,1,0,1,1,2,0,0,0,1,2,2,1,0,0,0,1,2,2,0,2,2,2,1,0,0,0,0,1,1,0,2,0,0,2,2,0,0,2,1,2,1,2,0,2,2,0,2,1,2,1,0,2,0,0,2,0,0,1,1,0,2,2,0,0,2,2,0
Best fitness found so far: -32.0; distance: 16.1245154965971
Generation: 38; 
d: 24.041630560342615; energy: -26.0; 2,2,0,1,0,2,0,0,2,2,2,1,1,2,1,2,2,2,0,1,1,2,1,2,2,0,0,1,0,1,1,0,1,1,2,0,0,2,1,0,0,1,2,2,1,0,1,1,2,2,1,1,1,1,1,1,2,2,0,1,0,1,0,0,1,1,1,1,1,1,1,2,2,0,0,2,2,2,0,0,1,1,2,2,1,1,1,2,2,1,2,1,1,1,1,1,1
Best fitness found so far: -32.0; distance: 16.1245154965971
Generation: 39; 
d: 21.095023109728988; energy: -27.0; 0,2,0,0,0,2,0,2,1,1,1,0,0,1,1,2,1,2,2,1,0,2,0,0,0,1,0,1,1,2,2,1,0,1,1,0,2,2,1,2,0,1,2,1,2,2,2,1,1,1,2,2,1,2,1,1,1,1,2,0,2,0,0,1,2,0,0,1,2,2,0,2,0,0,2,1,1,1,0,0,2,0,0,0,0,2,2,0,1,1,1,1,2,1,0,0,2
Best fitness found so far: -32.0; distance: 16.1245154965971
Generation: 40; 
d: 13.601470508735444; energy: -28.0; 1,0,0,2,2,1,1,2,0,0,2,1,1,2,1,2,2,0,0,1,1,2,1,2,2,0,0,1,0,1,1,0,1,1,2,0,0,2,1,0,0,0,1,0,1,0,1,1,2,2,1,0,0,2,2,1,1,2,2,0,1,0,1,2,2,1,1,1,2,1,1,2,1,2,0,0,1,2,2,0,1,2,2,1,1,2,0,0,0,0,0,2,2,0,0,1,1
Best fitness found so far: -32.0; distance: 16.1245154965971
Generation: 41; 
d: 14.866068747318506; energy: -29.0; 0,0,2,0,2,1,2,2,0,0,1,0,1,1,1,2,0,1,0,2,2,0,2,2,1,1,0,0,2,1,2,1,2,0,2,1,0,0,0,1,0,1,2,1,2,0,0,2,1,1,1,0,0,1,2,0,0,2,1,1,1,2,2,1,1,0,2,1,1,1,2,0,2,1,1,2,1,1,1,0,2,1,1,0,2,2,2,1,2,1,1,0,0,1,0,1,2
Best fitness found so far: -32.0; distance: 16.1245154965971
Generation: 42; 
d: 16.1245154965971; energy: -32.0; 2,0,0,2,0,0,0,2,0,0,2,1,1,2,1,2,2,0,0,1,1,2,1,2,2,0,0,1,0,1,1,0,1,1,2,0,0,0,1,2,2,1,0,0,0,1,2,2,0,2,2,2,1,0,0,0,0,1,1,0,2,0,0,2,2,0,0,2,1,2,1,2,0,2,2,0,2,1,2,1,0,2,0,0,2,0,0,1,1,0,2,2,1,0,0,2,0
Best fitness found so far: -32.0; distance: 16.1245154965971
Generation: 43; 
d: 16.1245154965971; energy: -32.0; 2,0,0,2,0,0,0,2,0,0,2,1,1,2,1,2,2,0,0,1,1,2,1,2,2,0,0,1,0,1,1,0,1,1,2,0,0,0,1,2,2,1,0,0,0,1,2,2,0,2,2,2,1,0,0,0,0,1,1,0,2,0,0,2,2,0,0,2,1,2,1,2,0,2,2,0,2,1,2,1,0,2,0,0,2,0,0,1,1,0,2,2,1,0,0,2,0
Best fitness found so far: -32.0; distance: 16.1245154965971
Generation: 44; 
d: 15.264337522473747; energy: -29.0; 2,0,0,2,2,1,1,2,0,0,2,1,1,2,1,2,2,0,0,1,1,2,1,2,2,0,0,1,0,1,1,0,1,1,2,0,0,0,1,2,2,1,0,0,0,1,2,2,0,2,2,2,1,0,0,0,0,1,1,0,2,0,0,2,2,0,0,2,1,1,1,2,0,0,0,0,2,0,1,0,2,1,2,2,1,0,1,0,1,0,0,1,0,2,2,1,1
Best fitness found so far: -32.0; distance: 16.1245154965971
Generation: 45; 
d: 15.264337522473747; energy: -29.0; 2,0,0,2,2,1,1,2,0,0,2,1,1,2,1,2,2,0,0,1,1,2,1,2,2,0,0,1,0,1,1,0,1,1,2,0,0,0,1,2,2,1,0,0,0,1,2,2,0,2,2,2,1,0,0,0,0,1,1,0,2,0,0,2,2,0,0,2,1,1,1,2,0,0,0,0,2,0,1,0,2,1,2,2,1,0,1,0,1,0,0,1,0,2,2,1,1
Best fitness found so far: -32.0; distance: 16.1245154965971
Generation: 46; 
d: 15.652475842498529; energy: -32.0; 1,2,1,0,1,0,1,2,0,0,2,1,1,2,1,2,2,0,0,1,1,2,1,2,2,0,0,1,0,1,1,0,1,1,2,0,0,0,1,2,2,1,0,0,0,1,2,2,0,2,2,2,1,0,0,0,0,1,1,0,2,0,0,2,2,0,0,2,1,2,1,2,0,2,2,0,2,1,2,1,0,2,0,0,2,0,0,1,1,0,2,2,0,0,1,2,2
Best fitness found so far: -32.0; distance: 16.1245154965971
Generation: 47; 
d: 15.652475842498529; energy: -32.0; 1,2,1,0,1,0,1,2,0,0,2,1,1,2,1,2,2,0,0,1,1,2,1,2,2,0,0,1,0,1,1,0,1,1,2,0,0,0,1,2,2,1,0,0,0,1,2,2,0,2,2,2,1,0,0,0,0,1,1,0,2,0,0,2,2,0,0,2,1,2,1,2,0,2,2,0,2,1,2,1,0,2,0,0,2,0,0,1,1,0,2,2,0,0,1,2,2
Best fitness found so far: -32.0; distance: 16.1245154965971
Generation: 48; 
d: 15.620499351813308; energy: -29.0; 1,0,2,1,2,1,1,2,0,0,2,1,1,2,1,2,2,0,0,1,1,2,1,2,2,0,0,1,0,1,1,0,1,1,2,0,0,2,1,0,0,0,1,0,1,0,1,1,2,2,1,0,0,2,2,1,1,2,2,0,1,2,2,0,1,2,1,1,2,1,1,2,0,2,0,0,1,2,2,0,2,1,1,1,0,0,1,2,2,0,1,2,1,0,0,2,0
Best fitness found so far: -32.0; distance: 16.1245154965971
Generation: 49; 
d: 15.620499351813308; energy: -29.0; 1,0,2,1,2,1,1,2,0,0,2,1,1,2,1,2,2,0,0,1,1,2,1,2,2,0,0,1,0,1,1,0,1,1,2,0,0,2,1,0,0,0,1,0,1,0,1,1,2,2,1,0,0,2,2,1,1,2,2,0,1,2,2,0,1,2,1,1,2,1,1,2,0,2,0,0,1,2,2,0,2,1,1,1,0,0,1,2,2,0,1,2,1,0,0,2,0
Best fitness found so far: -32.0; distance: 16.1245154965971
Generation: 50; 
d: 22.847319317591726; energy: -27.0; 1,2,0,2,2,0,1,2,0,0,2,1,1,2,1,2,2,0,0,1,1,2,1,2,2,0,0,1,0,1,1,0,1,1,2,0,0,2,1,0,0,0,1,0,1,0,1,1,2,2,1,0,0,2,2,1,1,2,2,0,1,2,2,1,0,0,2,1,1,1,2,0,1,2,1,0,0,2,2,1,1,2,2,0,2,2,2,1,1,2,0,0,2,0,2,0,0
Best fitness found so far: -32.0; distance: 16.1245154965971
Generation: 51; 
d: 14.866068747318506; energy: -27.0; 1,2,1,0,1,0,1,2,0,0,2,1,1,2,1,2,2,0,0,1,1,2,1,2,2,0,0,1,0,1,1,0,1,1,2,0,0,2,1,0,0,0,1,0,1,0,1,1,2,2,1,0,0,2,2,1,1,2,2,0,1,0,1,2,2,1,1,1,2,1,1,2,1,2,0,0,1,2,2,1,0,0,2,1,2,2,0,2,1,1,0,2,0,2,2,1,0
Best fitness found so far: -32.0; distance: 16.1245154965971
Generation: 52; 
d: 16.1245154965971; energy: -32.0; 1,2,1,0,1,0,1,2,0,0,2,1,1,2,1,2,2,0,0,1,1,2,1,2,2,0,0,1,0,1,1,0,1,1,2,0,0,0,1,2,2,1,0,0,0,1,2,2,0,2,2,2,1,0,0,0,0,1,1,0,2,0,0,2,2,0,0,2,1,2,1,2,0,2,2,0,2,1,2,1,0,2,0,0,2,0,0,1,1,0,2,2,0,0,2,2,0
Best fitness found so far: -32.0; distance: 16.1245154965971
Generation: 53; 
d: 16.1245154965971; energy: -32.0; 1,2,1,0,1,0,1,2,0,0,2,1,1,2,1,2,2,0,0,1,1,2,1,2,2,0,0,1,0,1,1,0,1,1,2,0,0,0,1,2,2,1,0,0,0,1,2,2,0,2,2,2,1,0,0,0,0,1,1,0,2,0,0,2,2,0,0,2,1,2,1,2,0,2,2,0,2,1,2,1,0,2,0,0,2,0,0,1,1,0,2,2,0,0,2,2,0
Best fitness found so far: -32.0; distance: 16.1245154965971
Generation: 54; 
d: 15.811388300841896; energy: -31.0; 2,1,0,0,1,0,1,2,0,0,2,1,1,2,1,2,2,0,0,1,1,2,1,2,2,0,0,1,0,1,1,0,1,1,2,0,0,2,1,0,0,0,1,0,1,0,1,1,2,2,1,1,1,1,1,1,0,0,0,0,1,0,1,2,2,0,2,1,0,1,0,0,1,1,0,1,0,1,1,2,0,1,0,0,1,0,0,2,1,1,1,0,0,1,1,2,2
Best fitness found so far: -32.0; distance: 16.1245154965971
Generation: 55; 
d: 16.401219466856727; energy: -29.0; 2,2,1,1,0,2,0,0,1,2,0,2,0,2,1,2,2,0,0,1,1,2,1,2,2,0,0,1,0,1,1,0,1,1,2,0,0,2,1,0,0,0,1,0,1,0,1,1,2,2,1,0,0,2,2,1,1,2,2,0,1,0,1,2,2,1,1,1,2,1,1,2,1,2,0,0,1,2,2,0,1,2,2,1,1,2,0,0,0,0,0,2,2,2,2,0,1
Best fitness found so far: -32.0; distance: 16.1245154965971
Generation: 56; 
d: 16.55294535724685; energy: -32.0; 2,2,2,2,0,0,0,2,0,0,2,1,1,2,1,2,2,0,0,1,1,2,1,2,2,0,0,1,0,1,1,0,1,1,2,0,0,0,1,2,2,1,0,0,0,1,2,2,0,2,2,2,1,0,0,0,0,1,1,0,2,0,0,2,1,1,0,2,1,2,1,2,0,2,2,0,2,1,2,1,0,2,0,0,2,0,0,1,1,0,2,1,2,1,1,1,0
Best fitness found so far: -32.0; distance: 16.1245154965971
Generation: 57; 
d: 16.55294535724685; energy: -32.0; 2,2,2,2,0,0,0,2,0,0,2,1,1,2,1,2,2,0,0,1,1,2,1,2,2,0,0,1,0,1,1,0,1,1,2,0,0,0,1,2,2,1,0,0,0,1,2,2,0,2,2,2,1,0,0,0,0,1,1,0,2,0,0,2,1,1,0,2,1,2,1,2,0,2,2,0,2,1,2,1,0,2,0,0,2,0,0,1,1,0,2,1,2,1,1,1,0
Best fitness found so far: -32.0; distance: 16.1245154965971
Generation: 58; 
d: 15.811388300841896; energy: -31.0; 2,1,0,0,1,0,1,2,0,0,2,1,1,2,1,2,2,0,0,1,1,2,1,2,2,0,0,1,0,1,1,0,1,1,2,0,0,2,1,0,0,1,2,2,1,0,1,1,2,2,1,1,1,1,1,1,0,0,0,0,1,0,1,2,2,0,2,1,0,1,0,0,1,1,0,1,0,1,1,2,0,1,0,0,1,0,0,2,1,1,1,0,0,1,1,2,2
Best fitness found so far: -32.0; distance: 16.1245154965971
Generation: 59; 
d: 15.811388300841896; energy: -31.0; 2,1,0,0,1,0,1,2,0,0,2,1,1,2,1,2,2,0,0,1,1,2,1,2,2,0,0,1,0,1,1,0,1,1,2,0,0,2,1,0,0,1,2,2,1,0,1,1,2,2,1,1,1,1,1,1,0,0,0,0,1,0,1,2,2,0,2,1,0,1,0,0,1,1,0,1,0,1,1,2,0,1,0,0,1,0,0,2,1,1,1,0,0,1,1,2,2
Best fitness found so far: -32.0; distance: 16.1245154965971
Generation: 60; 
d: 17.4928556845359; energy: -30.0; 1,2,0,2,2,0,1,2,2,1,2,1,1,1,1,2,2,0,0,1,1,2,1,2,2,0,0,1,0,1,1,0,1,1,2,0,0,2,1,0,0,1,2,2,1,0,2,2,0,2,2,2,1,0,0,0,0,1,1,0,0,0,1,2,0,0,0,2,2,1,0,0,0,0,0,1,1,1,0,0,1,2,2,2,1,2,2,1,2,1,1,2,2,1,1,1,0
Best fitness found so far: -32.0; distance: 16.1245154965971
Generation: 61; 
d: 17.4928556845359; energy: -30.0; 1,2,0,2,2,0,1,2,2,1,2,1,1,1,1,2,2,0,0,1,1,2,1,2,2,0,0,1,0,1,1,0,1,1,2,0,0,2,1,0,0,1,2,2,1,0,2,2,0,2,2,2,1,0,0,0,0,1,1,0,0,0,1,2,0,0,0,2,2,1,0,0,0,0,0,1,1,1,0,0,1,2,2,2,1,2,2,1,2,1,1,2,2,1,1,1,0
Best fitness found so far: -32.0; distance: 16.1245154965971
Generation: 62; 
d: 14.212670403551895; energy: -32.0; 2,1,1,0,0,0,0,2,0,0,2,1,1,2,1,2,2,0,0,1,1,2,1,2,2,0,0,1,0,1,1,0,1,1,2,0,0,2,1,0,0,1,2,2,1,0,2,2,0,2,2,2,1,0,0,0,0,1,1,0,0,0,1,2,0,0,0,2,2,1,0,2,2,1,1,2,0,0,0,0,2,1,0,0,2,0,0,1,0,2,0,2,2,0,2,0,0
Best fitness found so far: -32.0; distance: 16.1245154965971
Generation: 63; 
d: 14.212670403551895; energy: -32.0; 2,1,1,0,0,0,0,2,0,0,2,1,1,2,1,2,2,0,0,1,1,2,1,2,2,0,0,1,0,1,1,0,1,1,2,0,0,2,1,0,0,1,2,2,1,0,2,2,0,2,2,2,1,0,0,0,0,1,1,0,0,0,1,2,0,0,0,2,2,1,0,2,2,1,1,2,0,0,0,0,2,1,0,0,2,0,0,1,0,2,0,2,2,0,2,0,0
Best fitness found so far: -32.0; distance: 16.1245154965971
Generation: 64; 
d: 17.11724276862369; energy: -32.0; 1,1,1,0,0,0,0,2,0,0,2,1,1,2,1,2,2,0,0,1,1,2,1,2,2,0,0,1,0,1,1,0,1,1,2,0,0,0,1,2,2,1,0,0,0,1,2,2,0,2,2,2,1,0,0,0,0,1,1,0,2,0,0,2,1,1,0,2,1,2,1,2,0,2,2,0,2,1,2,1,0,2,0,0,2,0,0,1,1,0,2,1,2,1,1,1,0
Best fitness found so far: -32.0; distance: 16.1245154965971
Generation: 65; 
d: 14.212670403551895; energy: -32.0; 2,1,1,0,0,0,0,2,0,0,2,1,1,2,1,2,2,0,0,1,1,2,1,2,2,0,0,1,0,1,1,0,1,1,2,0,0,2,1,0,0,1,2,2,1,0,2,2,0,2,2,2,1,0,0,0,0,1,1,0,0,0,1,2,0,0,0,2,2,1,0,2,2,1,1,2,0,0,0,0,2,1,0,0,2,0,0,1,0,2,0,2,2,0,2,0,0
Best fitness found so far: -32.0; distance: 16.1245154965971
Generation: 66; 
d: 14.212670403551895; energy: -32.0; 2,1,1,0,0,0,0,2,0,0,2,1,1,2,1,2,2,0,0,1,1,2,1,2,2,0,0,1,0,1,1,0,1,1,2,0,0,2,1,0,0,1,2,2,1,0,2,2,0,2,2,2,1,0,0,0,0,1,1,0,0,0,1,2,0,0,0,2,2,1,0,2,2,1,1,2,0,0,0,0,2,1,0,0,2,0,0,1,0,2,0,2,2,0,2,0,0
Best fitness found so far: -32.0; distance: 16.1245154965971
Generation: 67; 
d: 14.212670403551895; energy: -32.0; 2,0,0,2,0,0,0,2,0,0,2,1,1,2,1,2,2,0,0,1,1,2,1,2,2,0,0,1,0,1,1,0,1,1,2,0,0,2,1,0,0,1,2,2,1,0,2,2,0,2,2,2,1,0,0,0,0,1,1,0,0,0,1,2,0,0,0,2,2,1,0,2,2,1,1,2,0,0,0,0,2,1,0,0,2,0,0,1,0,2,0,2,2,0,2,0,0
Best fitness found so far: -32.0; distance: 16.1245154965971
Generation: 68; 
d: 14.422205101855956; energy: -33.0; 2,0,0,2,0,0,0,2,0,0,2,1,1,2,1,2,2,0,0,1,1,2,1,2,2,0,0,1,0,1,1,0,1,1,2,0,0,2,1,0,0,1,2,2,1,0,2,2,0,2,2,2,1,0,0,0,0,1,1,0,0,0,1,2,0,0,0,2,2,1,0,2,2,1,1,2,0,0,0,0,2,1,0,0,2,0,0,1,0,2,0,2,2,1,2,1,2
Best fitness found so far: -33.0; distance: 14.422205101855956
Generation: 69; 
d: 14.422205101855956; energy: -33.0; 2,0,0,2,0,0,0,2,0,0,2,1,1,2,1,2,2,0,0,1,1,2,1,2,2,0,0,1,0,1,1,0,1,1,2,0,0,2,1,0,0,1,2,2,1,0,2,2,0,2,2,2,1,0,0,0,0,1,1,0,0,0,1,2,0,0,0,2,2,1,0,2,2,1,1,2,0,0,0,0,2,1,0,0,2,0,0,1,0,2,0,2,2,1,2,1,2
Best fitness found so far: -33.0; distance: 14.422205101855956
Generation: 70; 
d: 14.560219778561036; energy: -33.0; 1,0,0,2,0,1,0,2,0,0,2,1,1,2,1,2,2,0,0,1,1,2,1,2,2,0,0,1,0,1,1,0,1,1,2,0,0,0,1,2,2,1,0,0,0,1,2,2,0,2,2,2,1,0,0,0,0,1,1,0,0,0,1,2,1,1,0,2,1,2,1,2,0,2,2,0,2,1,2,1,0,2,0,0,2,0,0,1,0,2,0,2,2,1,2,1,2
Best fitness found so far: -33.0; distance: 14.422205101855956
Generation: 71; 
d: 14.422205101855956; energy: -33.0; 1,2,1,0,1,0,1,2,0,0,2,1,1,2,1,2,2,0,0,1,1,2,1,2,2,0,0,1,0,1,1,0,1,1,2,0,0,2,1,0,0,1,2,2,1,0,2,2,0,2,2,2,1,0,0,0,0,1,1,0,0,0,1,2,0,0,0,2,2,1,0,2,2,1,1,2,0,0,0,0,2,1,0,0,2,0,0,1,0,2,0,2,2,1,2,1,2
Best fitness found so far: -33.0; distance: 14.422205101855956
Generation: 72; 
d: 14.422205101855956; energy: -33.0; 1,2,1,0,1,0,1,2,0,0,2,1,1,2,1,2,2,0,0,1,1,2,1,2,2,0,0,1,0,1,1,0,1,1,2,0,0,2,1,0,0,1,2,2,1,0,2,2,0,2,2,2,1,0,0,0,0,1,1,0,0,0,1,2,0,0,0,2,2,1,0,2,2,1,1,2,0,0,0,0,2,1,0,0,2,0,0,1,0,2,0,2,2,1,2,1,2
Best fitness found so far: -33.0; distance: 14.422205101855956
Generation: 73; 
d: 17.26267650163207; energy: -32.0; 2,0,0,2,2,1,1,2,0,0,2,1,1,2,1,2,2,0,0,1,1,2,1,2,2,0,0,1,0,1,1,0,1,1,2,0,0,0,1,2,2,1,0,0,0,1,2,2,0,2,2,2,1,0,0,0,0,1,1,0,2,0,0,2,2,0,0,2,1,2,1,2,0,2,2,0,2,1,2,1,0,2,0,0,2,0,0,1,1,0,2,2,0,0,2,2,0
Best fitness found so far: -33.0; distance: 14.422205101855956
Generation: 74; 
d: 15.811388300841896; energy: -32.0; 1,2,1,0,1,0,1,2,0,0,2,1,1,2,1,2,2,0,0,1,1,2,1,2,2,0,0,1,0,1,1,0,1,1,2,0,0,0,1,2,2,1,0,0,0,1,2,2,0,2,2,2,1,0,0,0,0,1,1,0,2,0,0,2,2,0,0,2,1,2,1,2,0,2,2,0,2,1,2,1,0,2,0,0,2,0,0,1,1,0,2,2,0,0,0,1,1
Best fitness found so far: -33.0; distance: 14.422205101855956
Generation: 75; 
d: 14.212670403551895; energy: -32.0; 2,0,0,1,2,0,0,2,0,0,2,1,1,2,1,2,2,0,0,1,1,2,1,2,2,0,0,1,0,1,1,0,1,1,2,0,0,2,1,0,0,1,2,2,1,0,2,2,0,2,2,2,1,0,0,0,0,1,1,0,0,0,1,2,0,0,0,2,2,1,0,2,2,1,1,2,0,0,0,0,2,1,0,0,2,0,0,1,0,2,0,2,2,0,2,0,0
Best fitness found so far: -33.0; distance: 14.422205101855956
Generation: 76; 
d: 14.422205101855956; energy: -34.0; 2,0,0,2,2,1,1,2,0,0,2,1,1,2,1,2,2,0,0,1,1,2,1,2,2,0,0,1,0,1,1,0,1,1,2,0,0,0,1,2,2,1,0,0,0,1,2,2,0,2,2,2,1,0,0,0,0,1,1,0,0,0,1,2,0,0,0,2,2,1,0,2,2,1,1,2,0,0,0,0,2,1,0,0,2,0,0,1,0,2,0,2,2,1,2,1,2
Best fitness found so far: -34.0; distance: 14.422205101855956
Generation: 77; 
d: 14.422205101855956; energy: -34.0; 2,0,0,2,2,1,1,2,0,0,2,1,1,2,1,2,2,0,0,1,1,2,1,2,2,0,0,1,0,1,1,0,1,1,2,0,0,0,1,2,2,1,0,0,0,1,2,2,0,2,2,2,1,0,0,0,0,1,1,0,0,0,1,2,0,0,0,2,2,1,0,2,2,1,1,2,0,0,0,0,2,1,0,0,2,0,0,1,0,2,0,2,2,1,2,1,2
Best fitness found so far: -34.0; distance: 14.422205101855956
Generation: 78; 
d: 16.278820596099706; energy: -32.0; 1,1,1,0,0,0,0,2,0,0,2,1,1,2,1,2,2,0,0,1,1,2,1,2,2,0,0,1,0,1,1,0,1,1,2,0,0,0,1,2,2,1,0,0,0,1,2,2,0,2,2,2,1,0,0,0,0,1,1,0,0,0,1,2,1,1,0,2,1,2,1,2,0,2,2,0,2,1,2,1,0,2,0,0,2,0,0,1,1,0,2,1,2,1,0,0,2
Best fitness found so far: -34.0; distance: 14.422205101855956
Generation: 79; 
d: 14.212670403551895; energy: -32.0; 2,0,0,1,2,0,0,2,0,0,2,1,1,2,1,2,2,0,0,1,1,2,1,2,2,0,0,1,0,1,1,0,1,1,2,0,0,2,1,0,0,1,2,2,1,0,2,2,0,2,2,2,1,0,0,0,0,1,1,0,0,0,1,2,0,0,0,2,2,1,0,2,2,1,1,2,0,0,0,0,2,1,0,0,2,0,0,1,0,2,0,2,2,0,2,0,0
Best fitness found so far: -34.0; distance: 14.422205101855956
Generation: 80; 
d: 14.560219778561036; energy: -33.0; 2,2,0,2,0,1,0,2,0,0,2,1,1,2,1,2,2,0,0,1,1,2,1,2,2,0,0,1,0,1,1,0,1,1,2,0,0,0,1,2,2,1,0,0,0,1,2,2,0,2,2,2,1,0,0,0,0,1,1,0,0,0,1,2,1,1,0,2,1,2,1,2,0,2,2,0,2,1,2,1,0,2,0,0,2,0,0,1,0,2,0,2,2,1,2,1,2
Best fitness found so far: -34.0; distance: 14.422205101855956
Generation: 81; 
d: 14.560219778561036; energy: -33.0; 2,2,0,2,0,1,0,2,0,0,2,1,1,2,1,2,2,0,0,1,1,2,1,2,2,0,0,1,0,1,1,0,1,1,2,0,0,0,1,2,2,1,0,0,0,1,2,2,0,2,2,2,1,0,0,0,0,1,1,0,0,0,1,2,1,1,0,2,1,2,1,2,0,2,2,0,2,1,2,1,0,2,0,0,2,0,0,1,0,2,0,2,2,1,2,1,2
Best fitness found so far: -34.0; distance: 14.422205101855956
Generation: 82; 
d: 14.422205101855956; energy: -33.0; 2,0,0,2,0,0,0,2,0,0,2,1,1,2,1,2,2,0,0,1,1,2,1,2,2,0,0,1,0,1,1,0,1,1,2,0,0,2,1,0,0,1,2,2,1,0,2,2,0,2,2,2,1,0,0,0,0,1,1,0,0,0,1,2,0,0,0,2,2,1,0,2,2,1,1,2,0,0,0,0,2,1,0,0,2,0,0,1,0,2,0,2,2,1,2,2,2
Best fitness found so far: -34.0; distance: 14.422205101855956
Generation: 83; 
d: 14.422205101855956; energy: -33.0; 2,0,0,2,0,0,0,2,0,0,2,1,1,2,1,2,2,0,0,1,1,2,1,2,2,0,0,1,0,1,1,0,1,1,2,0,0,2,1,0,0,1,2,2,1,0,2,2,0,2,2,2,1,0,0,0,0,1,1,0,0,0,1,2,0,0,0,2,2,1,0,2,2,1,1,2,0,0,0,0,2,1,0,0,2,0,0,1,0,2,0,2,2,1,2,2,2
Best fitness found so far: -34.0; distance: 14.422205101855956
Generation: 84; 
d: 14.560219778561036; energy: -33.0; 0,0,1,0,1,2,0,1,0,0,2,1,1,2,1,2,2,0,0,1,1,2,1,2,2,0,0,1,0,1,1,0,1,1,2,0,0,0,1,2,2,1,0,0,0,1,2,2,0,2,2,2,1,0,0,0,0,1,1,0,0,0,1,2,1,1,0,2,1,2,1,2,0,2,2,0,2,1,2,1,0,2,0,0,2,0,0,1,0,2,0,2,2,1,2,1,2
Best fitness found so far: -34.0; distance: 14.422205101855956
Generation: 85; 
d: 14.560219778561036; energy: -33.0; 0,0,1,0,1,2,0,1,0,0,2,1,1,2,1,2,2,0,0,1,1,2,1,2,2,0,0,1,0,1,1,0,1,1,2,0,0,0,1,2,2,1,0,0,0,1,2,2,0,2,2,2,1,0,0,0,0,1,1,0,0,0,1,2,1,1,0,2,1,2,1,2,0,2,2,0,2,1,2,1,0,2,0,0,2,0,0,1,0,2,0,2,2,1,2,1,2
Best fitness found so far: -34.0; distance: 14.422205101855956
Generation: 86; 
d: 14.422205101855956; energy: -33.0; 0,0,2,1,0,0,0,2,0,0,2,1,1,2,1,2,2,0,0,1,1,2,1,2,2,0,0,1,0,1,1,0,1,1,2,0,0,2,1,0,0,1,2,2,1,0,2,2,0,2,2,2,1,0,0,0,0,1,1,0,0,0,1,2,0,0,0,2,2,1,0,2,2,1,1,2,0,0,0,0,2,1,0,0,2,0,0,1,0,2,0,2,2,1,2,1,2
Best fitness found so far: -34.0; distance: 14.422205101855956
Generation: 87; 
d: 14.422205101855956; energy: -33.0; 2,0,0,2,0,0,0,2,0,0,2,1,1,2,1,2,2,0,0,1,1,2,1,2,2,0,0,1,0,1,1,0,1,1,2,0,0,2,1,0,0,1,1,0,1,0,2,2,0,2,2,2,1,0,0,0,0,1,1,0,0,0,1,0,0,0,0,2,2,1,0,2,2,1,1,2,0,0,0,0,2,1,0,0,2,0,0,1,0,2,1,2,2,1,2,1,2
Best fitness found so far: -34.0; distance: 14.422205101855956
Generation: 88; 
d: 14.422205101855956; energy: -33.0; 2,0,0,2,0,0,0,2,0,0,2,1,1,2,1,2,2,0,0,1,1,2,1,2,2,0,0,1,0,1,1,0,1,1,2,0,0,2,1,0,0,1,1,0,1,0,2,2,0,2,2,2,1,0,0,0,0,1,1,0,0,0,1,0,0,0,0,2,2,1,0,2,2,1,1,2,0,0,0,0,2,1,0,0,2,0,0,1,0,2,1,2,2,1,2,1,2
Best fitness found so far: -34.0; distance: 14.422205101855956
