Algorithm configured with: 
Pop: 1000
Aux Pop: 200
CrP: 1.0
MtP: 1.0
List of crossover: 
SinglePointCrossover
IntegerTwoPointsCrossover
MultiPointsCrossover
List of mutations: 
BitFlipMutation
LoopMoveOperator
LocalMoveOperator
SegmentMutation
OppositeMoveOperator
Execution: 1
Generation: 0; 
d: 20.223748416156685; energy: -9.0; 1,2,0,1,2,1,1,1,0,2,1,1,1,1,0,0,1,1,2,2,1,0,2,0,2,0,1,2,1,2,1,0,2,0,1,2,0,2,2,0,0,2,2,0,1,1,1,0,0,2,0,0,2,2,0,2,2,0,2,2,0,1
Best fitness found so far: -9.0; distance: 20.223748416156685
Generation: 1; 
d: 10.0; energy: -21.0; 0,0,0,2,2,1,1,2,0,0,0,0,1,0,2,2,1,0,0,1,0,1,1,2,1,2,2,0,2,2,0,0,0,2,0,0,1,0,2,0,0,1,0,0,1,1,1,1,2,1,0,2,1,1,2,2,1,2,1,0,1,0
Best fitness found so far: -21.0; distance: 10.0
Generation: 2; 
d: 11.40175425099138; energy: -22.0; 2,0,0,1,2,0,1,2,1,2,2,1,0,1,2,2,1,1,1,0,0,2,0,2,2,1,2,2,1,2,2,2,0,1,2,1,2,1,2,1,2,0,0,2,2,1,2,2,1,0,1,2,0,2,2,1,2,0,0,1,2,2
Best fitness found so far: -22.0; distance: 11.40175425099138
Generation: 3; 
d: 13.92838827718412; energy: -19.0; 2,1,2,0,0,1,0,1,2,1,2,2,0,2,1,1,0,2,1,1,2,2,0,0,0,0,0,2,2,2,0,1,0,1,1,1,0,1,0,2,1,0,0,1,2,2,2,2,2,1,0,0,0,0,1,0,2,0,0,1,1,1
Best fitness found so far: -22.0; distance: 11.40175425099138
Generation: 4; 
d: 11.40175425099138; energy: -21.0; 0,0,1,2,0,0,1,0,2,0,1,2,2,1,1,1,0,2,2,0,0,1,0,2,1,1,1,1,0,0,2,0,0,1,2,0,1,1,2,0,1,2,1,0,1,2,2,0,1,2,1,1,2,0,1,1,0,1,1,2,0,0
Best fitness found so far: -22.0; distance: 11.40175425099138
Generation: 5; 
d: 14.866068747318506; energy: -24.0; 0,0,0,2,0,0,0,0,0,2,0,0,0,0,2,1,1,1,0,0,1,0,2,1,1,2,0,0,0,2,0,0,0,1,0,2,1,0,0,1,0,1,1,1,2,1,0,2,0,2,0,0,1,0,2,0,1,0,0,0,0,1
Best fitness found so far: -24.0; distance: 14.866068747318506
Generation: 6; 
d: 13.92838827718412; energy: -21.0; 2,1,2,0,0,1,0,1,2,1,2,2,0,2,1,1,0,2,1,1,2,2,0,0,0,0,0,2,2,2,0,1,0,1,1,1,0,1,0,2,1,0,0,1,2,2,2,2,2,1,0,0,0,0,1,0,2,0,0,1,1,0
Best fitness found so far: -24.0; distance: 14.866068747318506
Generation: 7; 
d: 11.313708498984761; energy: -22.0; 1,2,0,1,1,0,2,2,1,2,2,0,2,1,0,0,0,0,1,2,0,0,1,0,0,1,0,2,2,2,0,0,0,1,0,0,1,0,0,1,0,1,1,0,2,1,2,0,2,0,0,0,1,2,2,1,1,0,0,0,0,1
Best fitness found so far: -24.0; distance: 14.866068747318506
Generation: 8; 
d: 14.866068747318506; energy: -24.0; 0,0,0,2,0,0,0,0,0,2,0,0,0,0,2,1,1,1,0,0,1,0,2,1,1,2,0,0,0,2,0,0,0,1,0,2,1,0,0,1,0,1,1,1,2,1,0,2,0,2,0,0,1,0,2,0,1,0,0,0,2,2
Best fitness found so far: -24.0; distance: 14.866068747318506
Generation: 9; 
d: 12.529964086141668; energy: -24.0; 0,0,0,2,0,0,0,0,0,2,0,0,0,0,2,1,1,1,0,0,1,0,2,1,1,2,0,0,0,2,0,0,0,1,0,2,1,0,0,1,0,1,1,1,2,1,0,0,1,1,1,1,0,0,1,2,0,0,1,1,1,2
Best fitness found so far: -24.0; distance: 14.866068747318506
Generation: 10; 
d: 13.0; energy: -24.0; 0,0,0,2,0,0,0,0,0,2,0,0,0,0,2,1,1,1,0,0,1,0,1,2,2,2,1,1,2,2,0,2,1,0,2,2,0,1,2,1,2,2,2,1,1,1,1,0,1,1,0,1,2,0,0,2,0,1,2,0,0,0
Best fitness found so far: -24.0; distance: 14.866068747318506
Generation: 11; 
d: 12.649110640673518; energy: -24.0; 2,1,0,0,0,0,2,2,0,2,2,1,2,2,1,1,2,2,0,0,1,2,1,0,0,1,1,0,2,0,0,1,0,1,0,1,2,0,0,1,1,0,0,2,2,2,1,0,0,1,1,2,0,0,0,0,1,1,1,2,2,1
Best fitness found so far: -24.0; distance: 14.866068747318506
Generation: 12; 
d: 14.212670403551895; energy: -23.0; 1,1,2,1,2,2,1,1,2,0,1,2,0,0,2,2,0,1,0,0,2,0,0,0,1,2,2,0,0,2,0,0,1,1,2,2,2,1,2,2,1,0,1,1,2,0,0,2,0,1,0,1,0,2,2,0,2,2,2,2,1,2
Best fitness found so far: -24.0; distance: 14.866068747318506
Generation: 13; 
d: 11.40175425099138; energy: -26.0; 0,0,0,2,0,0,0,0,0,2,0,0,0,0,2,1,1,1,0,0,1,0,2,2,2,1,2,0,0,2,0,0,0,1,0,2,1,0,0,1,0,1,1,1,2,1,0,2,0,2,0,0,1,0,2,0,1,0,0,0,2,2
Best fitness found so far: -26.0; distance: 11.40175425099138
Generation: 14; 
d: 12.083045973594572; energy: -27.0; 0,0,0,2,0,0,0,0,0,2,0,0,0,0,2,1,1,1,0,0,1,0,2,1,1,2,2,0,2,2,0,0,0,2,0,0,1,0,2,0,0,1,1,2,2,1,0,2,0,2,0,0,1,0,2,0,1,0,0,0,2,2
Best fitness found so far: -27.0; distance: 12.083045973594572
Generation: 15; 
d: 12.806248474865697; energy: -24.0; 0,0,0,2,0,0,0,0,0,2,0,0,0,0,2,1,1,1,0,0,1,0,2,1,1,2,0,0,0,2,0,0,0,1,0,2,1,0,1,1,1,1,0,1,0,2,2,0,2,1,1,2,2,1,2,2,0,2,2,1,1,0
Best fitness found so far: -27.0; distance: 12.083045973594572
Generation: 16; 
d: 10.44030650891055; energy: -24.0; 0,0,1,1,2,1,1,0,0,2,1,1,0,1,1,1,2,2,0,0,0,0,0,0,1,2,2,0,0,2,0,0,2,2,2,0,0,0,1,2,2,0,0,1,0,2,2,2,0,0,2,2,0,0,1,2,0,0,1,0,0,0
Best fitness found so far: -27.0; distance: 12.083045973594572
Generation: 17; 
d: 16.278820596099706; energy: -25.0; 2,1,0,0,2,0,0,0,0,0,2,0,0,2,1,2,1,0,1,0,0,2,0,0,0,1,1,0,2,0,0,1,0,0,1,1,1,1,0,2,2,0,0,1,2,1,0,0,1,0,0,2,2,2,1,0,0,1,2,0,0,2
Best fitness found so far: -27.0; distance: 12.083045973594572
Generation: 18; 
d: 13.152946437965905; energy: -25.0; 0,0,0,2,0,0,0,0,0,2,0,0,0,0,0,1,0,1,0,0,1,0,1,0,0,2,1,0,0,0,1,0,2,1,1,1,2,1,0,1,2,0,1,0,0,1,0,1,2,0,0,2,0,0,1,2,0,0,1,1,1,2
Best fitness found so far: -27.0; distance: 12.083045973594572
Generation: 19; 
d: 14.212670403551895; energy: -25.0; 0,0,0,2,0,0,0,0,0,1,1,0,0,1,0,0,0,1,0,0,1,0,2,1,1,2,0,0,0,2,0,2,0,0,0,0,0,0,1,0,0,0,0,2,2,1,0,0,1,1,1,1,0,0,1,2,0,0,0,2,2,0
Best fitness found so far: -27.0; distance: 12.083045973594572
Generation: 20; 
d: 11.40175425099138; energy: -25.0; 1,2,0,1,1,0,2,2,1,2,2,0,2,1,0,0,0,0,1,2,0,0,1,0,0,1,0,2,2,2,0,0,2,1,0,0,2,0,0,2,0,1,0,0,1,2,0,2,1,0,0,1,0,0,0,0,2,2,1,0,0,0
Best fitness found so far: -27.0; distance: 12.083045973594572
Generation: 21; 
d: 10.198039027185569; energy: -26.0; 0,0,0,2,2,1,1,2,0,0,0,0,1,0,2,2,1,0,0,1,0,1,1,2,1,2,2,0,2,2,0,0,0,2,0,0,1,0,2,0,0,1,0,1,2,1,0,0,1,0,0,1,0,0,0,0,0,0,1,0,1,2
Best fitness found so far: -27.0; distance: 12.083045973594572
Generation: 22; 
d: 11.313708498984761; energy: -28.0; 0,0,2,0,1,0,0,2,2,0,1,2,0,0,1,0,1,2,1,1,0,1,1,0,0,1,0,0,2,1,0,2,1,1,0,1,2,0,0,0,2,0,0,1,0,2,2,2,1,2,0,0,0,2,1,2,2,1,0,1,0,2
Best fitness found so far: -28.0; distance: 11.313708498984761
Generation: 23; 
d: 12.206555615733702; energy: -28.0; 1,2,2,1,1,2,1,2,0,0,1,0,2,1,0,0,1,2,2,0,0,0,0,0,0,2,0,0,2,0,0,1,0,0,1,1,2,1,0,2,2,0,0,1,2,1,0,0,1,0,0,2,0,0,1,0,0,2,2,0,2,2
Best fitness found so far: -28.0; distance: 11.313708498984761
Generation: 24; 
d: 16.401219466856727; energy: -27.0; 2,2,1,2,1,1,0,0,0,0,1,0,2,1,0,0,1,2,2,0,0,1,1,2,0,0,0,0,0,2,0,0,1,0,2,0,1,1,2,0,1,2,1,0,1,2,2,0,1,2,1,1,2,2,1,2,0,2,1,2,0,0
Best fitness found so far: -28.0; distance: 11.313708498984761
Generation: 25; 
d: 10.770329614269007; energy: -27.0; 1,1,2,1,2,2,0,0,0,2,0,0,1,0,0,1,0,0,2,1,0,1,1,0,0,1,0,1,2,2,0,0,1,0,1,2,1,0,0,0,0,2,2,1,1,0,0,1,0,0,0,2,1,0,2,0,0,0,0,2,2,1
Best fitness found so far: -28.0; distance: 11.313708498984761
Generation: 26; 
d: 11.180339887498949; energy: -28.0; 0,0,0,2,2,0,0,1,0,1,0,0,1,0,2,2,1,0,0,1,0,1,1,2,1,2,2,0,2,2,0,0,0,2,0,0,1,0,1,0,2,0,0,2,2,1,0,0,1,2,0,0,1,0,2,0,1,0,0,1,0,2
Best fitness found so far: -28.0; distance: 11.313708498984761
Generation: 27; 
d: 10.44030650891055; energy: -27.0; 0,0,1,2,2,2,2,2,0,2,2,0,0,0,1,0,1,2,1,2,1,0,0,0,1,2,2,0,0,1,0,0,2,2,2,0,1,0,0,1,0,1,0,1,2,1,0,2,0,2,0,0,1,0,2,0,1,0,0,0,2,2
Best fitness found so far: -28.0; distance: 11.313708498984761
Generation: 28; 
d: 12.206555615733702; energy: -27.0; 1,1,0,1,0,0,1,2,0,0,0,0,1,0,2,2,1,0,0,1,0,2,1,0,0,1,1,0,0,1,1,0,2,1,0,2,2,0,0,1,2,0,0,2,2,2,0,1,0,2,0,0,1,0,0,0,2,2,1,2,1,2
Best fitness found so far: -28.0; distance: 11.313708498984761
Generation: 29; 
d: 11.313708498984761; energy: -27.0; 1,1,0,0,1,1,2,2,2,1,0,0,0,0,0,2,2,1,1,1,0,1,1,0,0,1,0,0,0,2,0,0,2,2,2,0,2,0,0,0,2,1,2,2,2,0,1,1,1,0,0,1,1,2,0,2,0,1,1,0,0,1
Best fitness found so far: -28.0; distance: 11.313708498984761
Generation: 30; 
d: 13.0; energy: -29.0; 0,0,0,2,0,0,0,0,0,2,0,0,0,0,0,1,0,1,0,0,1,0,1,0,0,2,1,0,0,2,0,0,2,2,2,0,2,0,0,0,0,2,2,1,1,2,1,0,1,2,2,1,1,2,1,0,0,0,0,2,2,1
Best fitness found so far: -29.0; distance: 13.0
Generation: 31; 
d: 12.083045973594572; energy: -29.0; 0,0,0,2,0,0,0,0,0,2,0,0,0,0,2,1,1,1,0,0,1,0,2,1,1,2,2,0,2,2,0,0,0,2,0,0,1,0,1,0,0,0,0,2,2,0,0,2,0,2,0,0,1,0,2,0,2,2,1,2,0,2
Best fitness found so far: -29.0; distance: 13.0
Generation: 32; 
d: 12.083045973594572; energy: -29.0; 0,0,0,2,0,0,0,0,0,2,0,0,0,0,2,1,1,1,0,0,1,0,2,1,1,2,2,0,2,2,0,0,0,2,0,0,1,0,2,0,0,1,1,2,2,1,0,0,1,0,0,1,0,1,2,2,2,1,0,0,0,1
Best fitness found so far: -29.0; distance: 13.0
Generation: 33; 
d: 12.529964086141668; energy: -28.0; 0,0,0,2,0,0,0,0,0,2,0,0,0,0,0,1,0,1,0,0,1,0,1,0,0,2,1,0,0,0,1,0,2,1,1,1,1,0,0,2,2,0,0,1,2,1,0,0,1,0,0,2,0,0,1,0,0,2,2,2,2,2
Best fitness found so far: -29.0; distance: 13.0
Generation: 34; 
d: 11.704699910719626; energy: -29.0; 2,2,0,2,0,0,0,0,0,1,1,0,1,1,0,0,0,1,0,2,0,0,1,0,0,1,0,1,2,2,0,0,0,2,0,0,1,0,2,0,0,1,1,1,2,1,0,2,0,2,0,0,1,0,2,0,2,2,0,0,2,0
Best fitness found so far: -29.0; distance: 13.0
Generation: 35; 
d: 11.180339887498949; energy: -29.0; 0,0,0,2,0,0,0,0,0,2,0,0,0,0,0,1,0,1,0,0,1,0,1,0,0,2,1,0,0,2,0,0,2,2,2,0,2,0,0,0,0,2,2,1,0,1,2,2,1,1,1,2,0,0,2,1,2,2,2,0,0,0
Best fitness found so far: -29.0; distance: 13.0
Generation: 36; 
d: 14.317821063276353; energy: -30.0; 0,0,0,2,0,0,0,0,0,2,0,0,1,0,1,0,0,1,0,0,1,0,1,0,0,2,1,0,0,0,1,0,2,1,0,2,2,0,0,1,2,0,0,2,2,2,0,2,0,2,0,0,1,0,2,0,1,1,2,1,2,0
Best fitness found so far: -30.0; distance: 14.317821063276353
Generation: 37; 
d: 11.40175425099138; energy: -30.0; 0,0,0,2,0,0,0,0,0,2,0,0,1,0,1,1,1,1,0,0,1,0,1,0,0,1,1,0,0,1,1,0,2,1,0,2,2,0,0,0,1,1,0,1,2,2,0,0,0,0,0,2,0,0,0,0,0,0,1,0,1,2
Best fitness found so far: -30.0; distance: 14.317821063276353
Generation: 38; 
d: 11.704699910719626; energy: -30.0; 1,2,2,1,1,2,1,2,0,0,1,0,2,1,0,0,1,2,2,0,0,0,1,2,1,2,0,0,0,2,0,0,0,1,0,2,1,0,0,1,0,1,1,1,2,1,0,0,1,0,0,1,0,1,2,2,2,1,0,0,0,2
Best fitness found so far: -30.0; distance: 14.317821063276353
Generation: 39; 
d: 14.035668847618199; energy: -31.0; 0,0,0,2,0,0,0,0,0,2,0,0,0,0,0,1,0,1,0,0,1,0,1,0,0,2,1,0,0,1,1,0,0,2,0,0,2,1,0,2,2,0,0,1,2,1,0,0,1,0,0,2,2,2,0,0,1,1,0,2,0,0
Best fitness found so far: -31.0; distance: 14.035668847618199
Generation: 40; 
d: 12.529964086141668; energy: -31.0; 1,1,0,0,1,1,2,2,2,0,0,0,2,1,0,0,1,2,2,0,0,1,2,0,0,2,1,0,0,1,1,0,0,2,0,0,2,1,0,2,2,0,0,1,2,1,0,0,1,0,0,2,2,2,0,0,1,0,0,1,0,0
Best fitness found so far: -31.0; distance: 14.035668847618199
Generation: 41; 
d: 13.601470508735444; energy: -31.0; 2,2,0,2,0,0,0,0,0,2,0,0,1,0,1,0,0,1,0,0,1,0,1,0,0,2,1,0,0,0,1,0,2,1,0,2,2,0,0,1,2,0,0,2,2,2,0,1,0,2,0,0,1,0,2,0,0,0,0,2,2,1
Best fitness found so far: -31.0; distance: 14.035668847618199
Generation: 42; 
d: 12.083045973594572; energy: -31.0; 0,0,0,2,0,0,0,0,0,2,0,0,0,0,2,1,1,1,0,0,1,0,2,1,1,2,2,0,2,2,0,0,0,2,0,0,1,0,2,1,0,1,0,2,2,0,0,2,0,2,0,0,1,0,2,0,1,0,0,1,2,2
Best fitness found so far: -31.0; distance: 14.035668847618199
Generation: 43; 
d: 12.529964086141668; energy: -30.0; 1,1,0,0,1,1,2,2,2,0,0,0,2,1,0,0,1,2,2,0,0,1,2,0,0,2,1,0,0,1,1,0,0,2,0,0,2,1,0,2,2,0,0,1,2,1,0,0,1,0,0,2,2,2,0,0,1,0,0,1,0,2
Best fitness found so far: -31.0; distance: 14.035668847618199
Generation: 44; 
d: 12.083045973594572; energy: -30.0; 0,0,0,2,0,0,0,0,0,2,0,0,0,0,0,1,0,1,0,0,1,0,1,0,0,2,1,0,0,0,2,2,1,0,1,1,1,0,0,2,2,0,0,2,2,1,0,0,1,1,1,1,0,0,1,0,0,2,2,2,2,2
Best fitness found so far: -31.0; distance: 14.035668847618199
Generation: 45; 
d: 13.152946437965905; energy: -30.0; 0,0,0,2,0,0,0,0,0,2,0,0,0,0,0,1,0,1,0,0,1,0,1,0,0,2,1,0,0,2,0,0,2,2,2,0,2,0,2,2,1,0,0,0,2,1,0,2,0,2,0,0,1,0,2,0,2,2,1,2,2,1
Best fitness found so far: -31.0; distance: 14.035668847618199
Generation: 46; 
d: 12.083045973594572; energy: -30.0; 0,0,0,2,0,0,0,0,2,2,0,0,0,0,2,1,1,1,0,0,1,0,2,1,1,2,0,0,0,2,0,0,2,2,2,0,0,0,1,0,2,0,0,2,2,1,0,0,1,1,0,0,1,0,2,0,0,0,0,0,2,2
Best fitness found so far: -31.0; distance: 14.035668847618199
Generation: 47; 
d: 13.341664064126334; energy: -32.0; 0,0,0,2,0,0,0,0,0,2,0,0,0,0,0,1,0,0,0,0,1,0,1,0,0,2,1,0,0,2,0,0,2,2,2,0,2,0,1,0,0,2,2,0,0,1,2,1,1,1,2,2,0,1,2,2,1,1,2,2,2,1
Best fitness found so far: -32.0; distance: 13.341664064126334
Generation: 48; 
d: 11.704699910719626; energy: -30.0; 0,0,0,2,0,0,2,2,2,0,0,0,2,1,0,0,1,2,2,0,0,1,2,0,0,2,1,0,0,1,1,0,0,2,0,0,2,1,0,2,2,0,0,1,2,1,0,0,1,0,0,2,2,2,0,0,1,0,0,0,2,2
Best fitness found so far: -32.0; distance: 13.341664064126334
