Algorithm configured with: 
Pop: 1000
Aux Pop: 200
CrP: 1.0
MtP: 1.0
List of crossover: 
SinglePointCrossover
IntegerTwoPointsCrossover
MultiPointsCrossover
List of mutations: 
BitFlipMutation
LoopMoveOperator
LocalMoveOperator
SegmentMutation
OppositeMoveOperator
Execution: 1
Generation: 0; 
d: 17.0; energy: -6.0; 2,1,1,0,1,1,2,1,2,1,1,1,2,1,0,1,1,0,0,1,2,1,1,2,0,1,1,2,0,2,2,0,2,0,0,2,0,0,1,2,1,1,1,2,1,2,1,0,1,2,1,2,0,0,1,2,1,2,1,0,2,2
Best fitness found so far: -6.0; distance: 17.0
Generation: 1; 
d: 13.601470508735444; energy: -19.0; 1,0,1,1,2,0,0,2,0,1,2,1,2,1,0,0,1,2,1,2,0,2,1,1,0,1,0,0,1,0,0,1,0,2,2,0,0,2,0,1,1,0,1,2,0,2,2,0,1,0,1,0,0,1,0,0,1,2,2,0,0,2
Best fitness found so far: -19.0; distance: 13.601470508735444
Generation: 2; 
d: 14.422205101855956; energy: -20.0; 2,1,0,0,0,2,0,2,1,0,1,1,1,1,0,0,0,1,0,2,2,0,1,0,0,2,1,0,0,0,0,0,2,2,1,0,0,0,1,0,0,2,1,1,2,0,2,1,2,2,0,1,1,0,1,0,2,1,2,2,0,2
Best fitness found so far: -20.0; distance: 14.422205101855956
Generation: 3; 
d: 13.416407864998739; energy: -22.0; 1,2,1,2,2,0,0,0,0,1,2,0,0,0,1,0,2,2,2,1,2,0,0,2,1,2,0,0,0,0,2,0,0,0,1,1,2,0,2,0,2,0,1,1,1,2,0,0,0,0,1,0,0,0,2,0,0,1,0,0,0,2
Best fitness found so far: -22.0; distance: 13.416407864998739
Generation: 4; 
d: 14.7648230602334; energy: -24.0; 2,1,0,0,0,2,0,0,0,0,0,0,2,0,2,0,0,1,0,2,2,0,1,0,0,2,1,0,0,0,0,0,2,2,1,0,0,0,1,0,0,2,1,1,2,0,2,1,2,2,0,1,1,0,1,0,2,1,2,2,0,2
Best fitness found so far: -24.0; distance: 14.7648230602334
Generation: 5; 
d: 10.44030650891055; energy: -22.0; 0,1,2,0,0,1,0,0,1,2,1,2,2,2,0,1,0,0,2,0,1,1,1,0,2,1,0,1,1,0,0,1,2,1,1,0,1,2,1,0,0,1,1,2,2,2,0,0,0,1,2,2,1,2,0,1,0,2,2,2,2,0
Best fitness found so far: -24.0; distance: 14.7648230602334
Generation: 6; 
d: 10.44030650891055; energy: -23.0; 2,1,0,1,0,0,2,0,0,1,0,0,1,0,2,0,2,1,2,0,0,0,1,0,0,2,0,1,2,1,2,0,0,1,2,0,0,1,0,0,2,1,1,1,1,0,1,1,0,1,2,0,0,1,0,0,2,2,1,1,0,0
Best fitness found so far: -24.0; distance: 14.7648230602334
Generation: 7; 
d: 16.1245154965971; energy: -23.0; 1,2,1,2,2,0,0,0,0,1,2,2,2,1,1,2,2,2,2,2,0,0,0,2,2,0,1,1,1,1,0,2,2,1,0,1,0,0,2,2,0,2,2,0,0,0,1,1,1,0,0,2,1,0,0,1,2,0,0,1,0,1
Best fitness found so far: -24.0; distance: 14.7648230602334
Generation: 8; 
d: 15.811388300841896; energy: -21.0; 2,0,0,0,0,1,1,0,2,0,0,1,0,0,1,1,2,1,1,1,0,2,1,1,0,1,1,0,2,2,1,2,0,1,0,0,0,0,1,0,2,0,0,0,0,2,1,0,0,1,1,0,1,2,2,2,0,0,1,0,0,0
Best fitness found so far: -24.0; distance: 14.7648230602334
Generation: 9; 
d: 13.038404810405298; energy: -21.0; 1,2,2,0,1,2,0,0,2,2,1,2,0,0,0,0,0,1,1,0,0,2,2,2,0,1,0,0,1,1,0,1,0,1,0,2,1,2,1,0,0,1,1,1,2,0,1,1,0,2,0,0,0,1,2,1,0,0,1,2,0,1
Best fitness found so far: -24.0; distance: 14.7648230602334
Generation: 10; 
d: 12.041594578792296; energy: -25.0; 2,2,1,2,1,1,2,2,2,2,0,0,0,1,1,2,1,2,2,2,0,2,2,2,0,1,0,0,1,1,0,1,1,1,1,0,1,0,0,1,1,0,0,0,0,1,1,2,0,0,0,0,1,0,2,0,2,0,2,0,0,0
Best fitness found so far: -25.0; distance: 12.041594578792296
Generation: 11; 
d: 12.041594578792296; energy: -25.0; 2,2,1,2,1,1,2,2,0,2,1,1,1,0,0,0,1,2,1,0,0,2,0,1,1,2,0,1,2,1,1,0,2,0,0,0,0,1,1,0,2,2,2,0,0,0,2,2,2,0,2,0,0,1,1,2,0,2,1,0,1,2
Best fitness found so far: -25.0; distance: 12.041594578792296
Generation: 12; 
d: 13.152946437965905; energy: -22.0; 1,0,2,1,2,2,0,0,0,1,2,1,2,2,1,2,1,1,1,0,0,0,2,2,2,0,0,0,1,0,0,0,0,2,1,1,2,0,0,2,2,2,0,2,2,0,0,0,0,1,1,0,0,1,0,0,2,2,0,2,2,2
Best fitness found so far: -25.0; distance: 12.041594578792296
Generation: 13; 
d: 11.661903789690601; energy: -26.0; 0,1,0,0,2,2,1,0,0,2,0,0,0,0,1,0,0,2,0,2,2,0,1,0,0,2,1,0,0,0,0,0,2,2,1,1,1,0,0,2,2,0,2,0,1,0,1,0,2,2,0,0,0,0,2,2,2,2,2,0,2,1
Best fitness found so far: -26.0; distance: 11.661903789690601
Generation: 14; 
d: 12.529964086141668; energy: -27.0; 1,1,2,2,1,1,2,0,0,1,2,1,2,2,1,2,1,1,1,0,0,1,1,1,1,1,2,0,1,0,0,0,0,2,1,1,2,0,0,2,2,2,0,2,2,0,0,0,0,1,1,0,0,1,0,0,2,2,0,2,1,2
Best fitness found so far: -27.0; distance: 12.529964086141668
Generation: 15; 
d: 11.40175425099138; energy: -24.0; 2,2,1,2,1,1,2,2,2,2,0,0,0,1,1,2,1,2,2,2,0,2,2,2,0,1,0,0,1,1,0,1,1,1,1,0,1,0,0,1,1,0,0,0,0,1,1,2,0,0,0,0,1,0,2,0,2,1,2,2,0,0
Best fitness found so far: -27.0; distance: 12.529964086141668
Generation: 16; 
d: 13.038404810405298; energy: -25.0; 1,2,0,0,1,0,0,1,0,0,1,0,2,1,1,1,0,1,1,2,1,0,0,0,0,2,0,0,0,0,2,0,0,0,2,0,2,2,0,0,0,0,0,2,2,2,0,1,1,0,0,1,2,2,2,1,2,0,0,2,2,1
Best fitness found so far: -27.0; distance: 12.529964086141668
Generation: 17; 
d: 16.492422502470642; energy: -26.0; 1,2,1,2,2,0,0,0,0,1,2,2,2,1,1,2,2,2,2,2,0,0,0,2,2,0,1,1,1,1,2,2,0,0,0,2,0,1,2,0,0,2,2,0,1,2,2,0,2,2,1,0,1,2,2,1,2,2,0,0,0,2
Best fitness found so far: -27.0; distance: 12.529964086141668
Generation: 18; 
d: 12.529964086141668; energy: -27.0; 1,1,2,2,1,1,2,0,0,1,2,1,2,2,1,2,1,1,1,0,0,1,1,1,1,1,2,0,1,0,0,0,0,2,1,1,2,0,0,2,2,2,0,2,2,0,0,0,0,1,1,0,0,1,0,0,2,2,0,2,1,2
Best fitness found so far: -27.0; distance: 12.529964086141668
Generation: 19; 
d: 14.317821063276353; energy: -26.0; 1,1,2,2,1,1,2,0,1,1,0,0,1,1,1,1,1,0,0,0,0,0,2,1,0,1,0,1,2,0,2,0,0,2,1,1,2,0,0,2,2,2,0,2,2,0,0,0,0,1,1,0,0,1,0,0,2,2,0,2,1,2
Best fitness found so far: -27.0; distance: 12.529964086141668
Generation: 20; 
d: 13.45362404707371; energy: -26.0; 2,1,0,0,0,2,0,0,0,0,0,0,2,0,2,0,0,0,0,2,2,0,1,0,0,2,1,0,0,0,0,0,2,2,1,0,0,0,1,0,2,0,0,1,1,2,2,0,2,0,1,2,0,1,2,2,1,1,2,0,1,2
Best fitness found so far: -27.0; distance: 12.529964086141668
Generation: 21; 
d: 10.295630140987; energy: -29.0; 2,1,0,0,0,2,0,0,0,0,0,0,2,0,1,0,0,2,1,0,0,1,0,0,1,2,2,0,0,2,0,1,1,2,0,0,2,0,0,1,1,0,1,0,1,0,2,1,1,0,0,1,1,0,0,0,2,1,2,2,0,1
Best fitness found so far: -29.0; distance: 10.295630140987
Generation: 22; 
d: 15.524174696260024; energy: -26.0; 1,1,0,0,2,2,2,0,2,2,0,0,0,0,1,2,1,1,1,0,0,0,2,2,2,0,0,0,1,0,0,0,0,2,1,1,2,0,0,2,2,2,0,2,2,0,0,0,0,1,1,0,0,1,1,0,0,2,2,0,0,2
Best fitness found so far: -29.0; distance: 10.295630140987
Generation: 23; 
d: 11.40175425099138; energy: -27.0; 0,1,0,0,2,1,2,2,0,0,2,2,0,0,1,0,1,2,2,2,0,1,1,1,0,0,1,0,0,0,0,0,1,1,0,0,0,1,0,2,2,1,2,0,0,0,0,0,0,0,0,1,0,2,2,0,1,0,0,0,2,1
Best fitness found so far: -29.0; distance: 10.295630140987
Generation: 24; 
d: 12.041594578792296; energy: -26.0; 0,1,0,0,2,2,1,0,0,0,1,0,2,0,0,0,0,1,0,0,0,0,0,1,2,1,0,0,0,2,0,2,0,1,0,0,2,2,2,0,1,2,2,1,0,0,1,0,0,1,2,2,1,0,0,0,2,1,2,2,0,2
Best fitness found so far: -29.0; distance: 10.295630140987
Generation: 25; 
d: 11.40175425099138; energy: -28.0; 0,0,1,1,1,0,0,0,0,0,2,2,0,0,1,0,1,2,1,0,0,1,0,0,1,2,2,0,0,2,0,1,1,2,0,1,1,0,0,1,2,2,2,2,2,2,0,0,1,0,0,2,0,0,1,2,0,0,1,2,2,1
Best fitness found so far: -29.0; distance: 10.295630140987
Generation: 26; 
d: 16.492422502470642; energy: -27.0; 1,2,1,2,2,0,0,0,0,1,2,2,2,1,1,2,2,2,2,2,0,0,0,2,2,0,1,1,1,1,2,2,0,0,0,2,0,1,2,0,0,2,2,0,1,2,2,0,2,2,1,0,1,2,2,1,2,2,0,0,2,2
Best fitness found so far: -29.0; distance: 10.295630140987
Generation: 27; 
d: 12.083045973594572; energy: -29.0; 2,2,1,0,0,1,0,2,0,0,2,0,0,1,1,0,0,2,2,0,0,1,1,0,0,0,0,0,1,2,0,0,1,0,2,1,2,0,0,2,2,2,0,2,2,0,0,0,0,1,1,0,0,1,0,0,2,2,0,2,1,2
Best fitness found so far: -29.0; distance: 10.295630140987
Generation: 28; 
d: 11.180339887498949; energy: -28.0; 2,2,0,0,2,1,2,2,2,0,2,2,0,0,1,0,1,2,1,0,0,1,1,0,0,0,0,0,1,2,0,0,0,0,1,1,0,0,1,0,0,0,0,2,2,2,0,2,0,0,0,0,1,2,2,0,0,0,0,1,0,1
Best fitness found so far: -29.0; distance: 10.295630140987
Generation: 29; 
d: 10.295630140987; energy: -29.0; 2,1,0,0,0,2,0,0,0,0,0,0,2,0,1,0,0,2,1,0,0,1,0,0,1,2,2,0,0,2,0,1,1,2,0,0,2,0,0,1,1,0,1,0,1,0,2,1,1,0,0,1,1,0,0,0,2,1,2,1,2,2
Best fitness found so far: -29.0; distance: 10.295630140987
Generation: 30; 
d: 11.40175425099138; energy: -29.0; 0,1,0,0,2,2,1,0,0,2,0,0,0,0,1,0,0,2,0,0,1,0,2,2,0,1,0,0,1,1,0,0,0,1,0,0,2,0,0,2,2,2,0,2,2,0,0,0,0,1,1,0,0,1,0,0,2,2,0,2,2,2
Best fitness found so far: -29.0; distance: 10.295630140987
Generation: 31; 
d: 11.045361017187261; energy: -29.0; 2,1,0,0,0,2,0,0,0,0,0,0,2,0,2,0,0,1,0,2,2,0,1,0,0,1,0,0,1,1,0,1,1,1,1,0,1,2,2,1,0,0,1,1,2,0,0,0,0,1,1,0,0,2,0,0,2,2,1,0,0,1
Best fitness found so far: -29.0; distance: 10.295630140987
Generation: 32; 
d: 13.038404810405298; energy: -30.0; 1,2,1,0,1,0,0,1,2,0,2,2,0,0,1,0,1,2,2,0,0,1,1,0,0,0,1,1,0,2,0,0,1,0,1,1,2,0,0,2,2,2,0,2,2,0,0,0,0,1,1,0,0,1,0,0,0,0,1,2,0,0
Best fitness found so far: -30.0; distance: 13.038404810405298
Generation: 33; 
d: 11.40175425099138; energy: -29.0; 2,1,0,0,0,2,0,0,0,0,0,0,2,0,1,0,0,1,2,0,0,1,1,0,0,2,0,0,0,2,0,1,1,2,0,0,2,0,0,2,2,2,0,2,2,0,0,0,0,1,1,2,0,2,2,0,0,0,0,1,0,1
Best fitness found so far: -30.0; distance: 13.038404810405298
Generation: 34; 
d: 12.806248474865697; energy: -31.0; 2,1,0,0,0,2,0,0,0,0,0,0,2,0,1,0,0,2,1,0,1,2,2,0,1,2,2,0,0,2,0,1,1,2,0,0,2,0,0,2,2,2,0,2,2,0,0,0,0,1,1,0,0,1,0,0,2,2,0,2,2,2
Best fitness found so far: -31.0; distance: 12.806248474865697
Generation: 35; 
d: 12.206555615733702; energy: -31.0; 0,1,0,0,2,2,1,0,0,2,0,0,0,0,1,0,0,2,0,0,1,0,2,2,0,1,0,0,1,1,0,0,0,1,0,0,2,0,0,2,2,2,0,2,2,0,0,0,0,1,1,0,0,2,2,0,2,2,0,2,2,2
Best fitness found so far: -31.0; distance: 12.806248474865697
Generation: 36; 
d: 11.40175425099138; energy: -29.0; 0,1,0,0,2,2,1,0,0,2,0,0,0,0,1,0,0,2,0,0,1,0,2,2,0,1,0,0,1,1,0,0,0,1,0,0,2,0,0,2,2,2,0,2,2,0,0,0,0,1,1,0,0,1,0,0,2,2,0,2,2,2
Best fitness found so far: -31.0; distance: 12.806248474865697
Generation: 37; 
d: 12.649110640673518; energy: -31.0; 2,2,1,2,1,1,2,2,2,0,1,0,0,1,1,0,0,1,2,0,0,1,1,0,0,2,0,0,0,0,0,0,0,0,2,1,2,0,0,2,2,2,0,2,2,0,0,0,0,1,1,2,0,2,2,0,0,0,0,1,0,1
Best fitness found so far: -31.0; distance: 12.806248474865697
Generation: 38; 
d: 12.165525060596439; energy: -32.0; 2,2,0,2,2,2,0,1,0,0,0,0,2,0,1,0,0,1,2,0,0,1,1,0,0,2,0,0,0,2,0,1,1,2,0,0,2,0,0,2,2,1,0,1,2,0,0,2,0,0,1,0,1,2,0,0,1,0,1,0,2,1
Best fitness found so far: -32.0; distance: 12.165525060596439
Generation: 39; 
d: 12.206555615733702; energy: -31.0; 0,1,0,0,2,2,1,0,0,2,0,0,0,0,1,0,0,2,0,0,1,0,2,2,0,1,0,0,1,1,0,0,0,1,0,0,2,0,0,2,2,2,0,2,2,0,0,0,0,1,1,0,0,2,2,0,2,2,0,2,2,2
Best fitness found so far: -32.0; distance: 12.165525060596439
Generation: 40; 
d: 10.63014581273465; energy: -31.0; 2,1,0,0,0,2,0,0,0,0,0,0,2,0,1,0,0,2,1,0,0,0,1,0,1,2,0,2,2,1,0,0,0,0,0,0,0,0,0,2,2,0,0,2,2,2,0,0,0,1,2,2,1,2,0,0,0,0,1,1,0,0
Best fitness found so far: -32.0; distance: 12.165525060596439
Generation: 41; 
d: 11.180339887498949; energy: -33.0; 2,1,0,0,0,2,0,0,1,2,0,0,2,0,2,0,0,1,2,0,0,1,1,0,0,2,0,0,0,2,0,1,1,2,0,0,2,0,0,2,2,2,0,2,2,0,0,0,0,1,1,0,0,1,0,0,0,0,1,1,0,0
Best fitness found so far: -33.0; distance: 11.180339887498949
Generation: 42; 
d: 11.40175425099138; energy: -34.0; 2,1,0,0,0,2,0,0,0,0,0,0,2,0,1,0,0,1,2,0,0,1,1,0,0,2,0,0,0,2,0,1,1,2,0,0,2,0,0,2,2,2,0,2,2,0,0,0,0,1,1,0,0,1,0,0,2,2,2,2,2,1
Best fitness found so far: -34.0; distance: 11.40175425099138
Generation: 43; 
d: 11.40175425099138; energy: -34.0; 2,1,0,0,0,2,0,0,0,0,0,0,2,0,1,0,0,2,1,0,0,1,0,0,0,2,0,0,0,2,0,1,1,2,0,0,2,0,0,2,2,2,0,2,2,0,0,0,0,1,2,2,0,0,2,0,0,2,2,2,0,2
Best fitness found so far: -34.0; distance: 11.40175425099138
Generation: 44; 
d: 10.816653826391969; energy: -36.0; 2,2,0,2,2,2,0,1,0,0,0,0,2,0,1,0,0,1,2,0,0,1,1,0,0,2,0,0,0,2,0,1,1,2,0,0,2,0,0,2,2,2,0,2,2,0,0,0,0,1,2,2,1,0,0,0,2,1,2,1,2,1
Best fitness found so far: -36.0; distance: 10.816653826391969
Generation: 45; 
d: 11.40175425099138; energy: -34.0; 2,1,0,0,0,2,0,0,0,0,0,0,2,0,1,0,0,2,1,0,0,1,0,0,1,2,0,0,0,2,0,1,1,2,0,0,2,0,0,2,2,2,0,2,2,0,0,0,0,1,2,2,0,0,2,0,0,2,2,2,0,2
Best fitness found so far: -36.0; distance: 10.816653826391969
Generation: 46; 
d: 11.40175425099138; energy: -34.0; 2,1,0,0,0,2,0,0,0,0,0,0,2,0,1,0,0,1,2,0,0,1,1,0,0,2,0,0,0,2,0,1,1,2,0,0,2,0,0,2,2,2,0,2,2,0,0,0,0,1,1,0,0,1,0,0,2,2,0,2,2,1
Best fitness found so far: -36.0; distance: 10.816653826391969
Generation: 47; 
d: 11.40175425099138; energy: -34.0; 2,1,0,0,0,2,0,0,0,0,0,0,2,0,2,0,0,2,0,0,0,1,1,0,0,2,0,0,1,1,0,0,0,1,2,0,2,0,0,2,2,2,0,2,2,0,0,0,0,1,1,0,0,2,2,0,2,2,1,0,0,0
Best fitness found so far: -36.0; distance: 10.816653826391969
Generation: 48; 
d: 10.816653826391969; energy: -36.0; 2,2,0,2,2,2,0,1,0,0,0,0,2,0,1,0,0,1,2,0,0,1,0,0,0,2,0,0,0,2,0,1,1,2,0,0,2,0,0,2,2,2,0,2,2,0,0,0,0,1,2,2,1,0,0,0,2,1,2,1,2,1
Best fitness found so far: -36.0; distance: 10.816653826391969
