Algorithm configured with: 
Pop: 1000
CrP: 0.9
MtP: 0.01

Crossover: class org.uma.jmetal.operator.crossover.SinglePointCrossover
Mutation: class org.uma.jmetal.operator.mutation.BitFlipMutation
Execution: 1
Generation: 0; 
d: 100.0; energy: 0.0; 1,1,1,1,2,2,1,1,0,0,0,0,0,1,0,1,2,0,0,1,0,1,2,2,1,2,0,2,1,1,1,2,0,2,0,0,0,2,0,0,2,1,0,2,0,0
Best fitness found so far: 0.0; distance: 100.0
Generation: 1; 
d: 11.40175425099138; energy: -11.0; 0,2,1,1,1,1,2,2,1,0,2,2,0,2,2,2,1,1,2,2,0,0,0,0,2,2,2,1,0,1,0,1,1,2,0,1,0,0,1,0,2,2,1,2,2,1
Best fitness found so far: -11.0; distance: 11.40175425099138
Generation: 2; 
d: 10.770329614269007; energy: -11.0; 2,2,2,0,2,1,0,0,0,0,0,1,0,0,1,0,0,2,2,0,1,2,0,0,1,1,2,2,0,1,2,2,2,2,0,2,1,0,1,2,2,2,2,2,1,2
Best fitness found so far: -11.0; distance: 11.40175425099138
Generation: 3; 
d: 9.433981132056603; energy: -11.0; 1,2,0,1,0,0,1,0,2,2,0,2,1,2,2,1,2,2,1,2,0,1,1,1,1,1,0,0,0,2,0,1,0,1,1,1,2,0,1,0,0,1,0,0,1,1
Best fitness found so far: -11.0; distance: 11.40175425099138
Generation: 4; 
d: 11.180339887498949; energy: -12.0; 2,2,2,0,2,0,1,2,0,1,1,0,1,1,0,2,2,1,1,2,2,1,2,1,1,1,0,1,0,0,2,0,0,0,1,1,0,1,1,1,0,0,0,0,2,2
Best fitness found so far: -12.0; distance: 11.180339887498949
Generation: 5; 
d: 13.92838827718412; energy: -11.0; 0,1,0,2,0,2,1,2,0,1,1,0,1,1,0,2,2,1,1,2,2,1,2,1,1,1,0,1,0,0,2,0,0,0,1,1,0,1,1,1,0,0,0,0,2,2
Best fitness found so far: -12.0; distance: 11.180339887498949
Generation: 6; 
d: 12.083045973594572; energy: -13.0; 1,1,0,0,2,2,2,2,0,1,0,1,2,1,2,2,0,0,2,2,1,1,2,0,2,1,1,0,0,0,1,0,1,0,2,1,1,0,0,2,0,0,1,0,0,0
Best fitness found so far: -13.0; distance: 12.083045973594572
Generation: 7; 
d: 12.083045973594572; energy: -13.0; 1,1,0,0,2,2,2,2,0,1,0,1,2,1,2,2,0,0,2,2,1,1,2,0,2,1,1,0,0,0,1,0,1,0,2,1,1,0,0,2,0,0,1,0,0,0
Best fitness found so far: -13.0; distance: 12.083045973594572
Generation: 8; 
d: 9.848857801796104; energy: -14.0; 0,0,0,2,1,2,2,2,2,1,0,2,2,1,1,2,2,2,2,2,2,1,0,0,2,1,0,0,0,1,0,0,2,0,0,2,2,1,1,1,2,2,0,2,1,1
Best fitness found so far: -14.0; distance: 9.848857801796104
Generation: 9; 
d: 10.198039027185569; energy: -13.0; 1,0,1,1,2,0,2,2,2,0,1,2,2,2,2,0,2,0,1,2,2,1,1,2,2,0,2,1,2,0,2,0,0,0,0,2,2,0,0,2,0,0,0,0,2,2
Best fitness found so far: -14.0; distance: 9.848857801796104
Generation: 10; 
d: 9.848857801796104; energy: -15.0; 0,0,0,2,1,2,2,2,2,1,0,2,2,1,1,2,2,2,2,2,2,1,0,0,2,1,0,0,0,1,0,0,2,0,0,2,2,1,1,1,2,2,0,2,1,2
Best fitness found so far: -15.0; distance: 9.848857801796104
Generation: 11; 
d: 8.94427190999916; energy: -15.0; 2,2,2,0,0,1,0,0,0,1,0,1,2,1,2,2,0,0,2,2,1,1,2,0,2,1,1,0,0,0,1,0,1,0,2,2,0,0,1,1,1,0,0,1,0,0
Best fitness found so far: -15.0; distance: 9.848857801796104
Generation: 12; 
d: 8.602325267042627; energy: -14.0; 0,2,0,1,0,0,1,0,2,2,0,2,1,2,2,2,0,0,2,2,1,1,2,0,2,1,1,0,0,0,1,0,1,0,2,2,0,0,1,2,0,0,1,0,2,1
Best fitness found so far: -15.0; distance: 9.848857801796104
Generation: 13; 
d: 8.94427190999916; energy: -15.0; 2,2,2,0,0,1,0,0,0,1,0,1,2,1,2,2,0,0,2,2,1,1,2,0,2,1,1,0,0,0,1,0,1,0,2,2,0,0,1,1,1,0,0,1,0,0
Best fitness found so far: -15.0; distance: 9.848857801796104
Generation: 14; 
d: 9.219544457292887; energy: -14.0; 1,2,0,1,0,0,1,0,2,2,0,2,1,2,2,2,0,0,2,2,1,1,2,0,2,1,1,0,0,0,1,0,1,0,2,2,0,0,1,2,0,0,0,1,2,0
Best fitness found so far: -15.0; distance: 9.848857801796104
Generation: 15; 
d: 8.94427190999916; energy: -15.0; 2,2,2,0,0,1,0,0,0,1,0,1,2,1,2,2,0,0,2,2,1,1,2,0,2,1,1,0,0,0,1,0,1,0,2,2,0,0,1,1,1,0,0,1,0,0
Best fitness found so far: -15.0; distance: 9.848857801796104
Generation: 16; 
d: 8.602325267042627; energy: -16.0; 2,2,2,0,0,1,0,0,0,1,0,1,2,1,2,2,0,0,2,2,1,1,2,0,2,1,1,0,0,0,1,0,1,0,1,2,2,2,0,0,1,0,0,0,0,0
Best fitness found so far: -16.0; distance: 8.602325267042627
Generation: 17; 
d: 8.602325267042627; energy: -16.0; 2,2,2,0,0,1,0,0,0,1,0,1,2,1,2,2,0,0,2,2,1,1,2,0,2,1,1,0,0,0,1,0,1,0,1,2,2,2,0,0,1,0,0,0,0,0
Best fitness found so far: -16.0; distance: 8.602325267042627
Generation: 18; 
d: 8.602325267042627; energy: -16.0; 2,2,2,0,0,1,0,0,0,1,0,1,2,1,2,2,0,0,2,2,1,1,2,0,2,1,1,0,0,0,1,0,1,0,1,2,2,2,0,0,1,0,0,0,0,0
Best fitness found so far: -16.0; distance: 8.602325267042627
Generation: 19; 
d: 9.219544457292887; energy: -16.0; 2,2,2,0,0,1,0,0,0,1,0,1,2,1,2,2,0,0,2,2,1,1,2,0,2,1,1,0,0,0,1,0,1,0,2,2,0,0,1,2,0,0,1,0,1,0
Best fitness found so far: -16.0; distance: 8.602325267042627
Generation: 20; 
d: 8.602325267042627; energy: -16.0; 2,2,2,0,0,1,0,0,0,1,0,1,2,1,2,2,0,0,2,2,1,1,2,0,2,1,1,0,0,0,1,0,1,0,1,2,2,2,0,0,1,0,0,0,0,0
Best fitness found so far: -16.0; distance: 8.602325267042627
Generation: 21; 
d: 9.219544457292887; energy: -16.0; 2,2,2,0,0,1,0,0,0,1,0,1,2,1,2,2,0,0,2,2,1,1,2,0,2,1,1,0,0,0,1,0,1,0,2,2,0,0,1,2,0,0,1,0,2,1
Best fitness found so far: -16.0; distance: 8.602325267042627
Generation: 22; 
d: 8.602325267042627; energy: -16.0; 2,2,2,0,0,1,0,0,0,1,0,1,2,1,2,2,0,0,2,2,1,1,2,0,2,1,1,0,0,0,1,0,1,0,1,2,2,2,0,0,1,0,0,0,0,2
Best fitness found so far: -16.0; distance: 8.602325267042627
Generation: 23; 
d: 8.602325267042627; energy: -17.0; 0,1,2,2,1,1,0,1,2,2,0,0,0,0,0,1,0,0,2,2,1,1,2,0,2,1,1,0,0,0,1,0,1,0,1,2,2,2,0,0,1,0,0,0,0,0
Best fitness found so far: -17.0; distance: 8.602325267042627
Generation: 24; 
d: 9.219544457292887; energy: -18.0; 1,2,0,0,2,1,0,1,2,2,0,0,0,0,0,1,0,0,2,2,1,1,2,0,2,1,1,0,0,0,1,0,1,0,1,2,2,2,0,0,1,0,0,0,0,0
Best fitness found so far: -18.0; distance: 9.219544457292887
