Algorithm configured with: 
Pop: 1000
Aux Pop: 200
CrP: 1.0
MtP: 1.0
List of crossover: 
SinglePointCrossover
IntegerTwoPointsCrossover
MultiPointsCrossover
List of mutations: 
BitFlipMutation
LoopMoveOperator
LocalMoveOperator
SegmentMutation
OppositeMoveOperator
Execution: 1
Generation: 0; 
d: 16.64331697709324; energy: -12.0; 1,1,1,2,0,0,2,0,2,0,0,1,0,2,1,1,1,1,1,2,2,1,0,0,2,0,1,1,2,2,0,2,2,0,0,2,0,0,1,1,1,2,1,1,0,2,1,1,2,1,1,0,2,2,0,0,2,2
Best fitness found so far: -12.0; distance: 16.64331697709324
Generation: 1; 
d: 12.041594578792296; energy: -19.0; 1,1,0,1,2,0,0,0,2,2,2,0,0,0,1,0,0,1,2,0,0,2,1,0,0,2,2,0,1,2,2,1,1,2,2,1,0,0,2,2,2,2,1,2,2,0,2,2,1,2,1,0,2,1,2,0,1,2
Best fitness found so far: -19.0; distance: 12.041594578792296
Generation: 2; 
d: 12.165525060596439; energy: -21.0; 0,1,1,1,1,0,1,0,0,2,0,0,2,0,1,0,0,1,0,0,1,1,2,2,0,1,0,0,1,0,0,1,2,2,1,1,2,2,2,1,0,0,1,0,0,1,0,0,0,1,1,1,2,2,0,1,1,1
Best fitness found so far: -21.0; distance: 12.165525060596439
Generation: 3; 
d: 10.04987562112089; energy: -21.0; 0,1,0,0,2,1,1,2,1,0,2,0,0,2,0,0,0,2,2,2,0,0,1,0,2,0,1,2,0,0,0,0,1,1,0,1,0,0,0,2,0,1,1,1,2,1,1,2,2,1,2,2,0,0,1,2,1,2
Best fitness found so far: -21.0; distance: 12.165525060596439
Generation: 4; 
d: 13.45362404707371; energy: -24.0; 0,1,0,0,2,1,1,2,1,0,2,0,0,2,0,0,0,2,2,2,0,0,1,0,2,0,1,2,0,0,0,0,1,1,0,1,0,0,0,2,0,0,2,1,0,0,1,1,1,1,2,1,2,2,0,1,2,0
Best fitness found so far: -24.0; distance: 13.45362404707371
Generation: 5; 
d: 15.297058540778355; energy: -21.0; 0,2,2,2,2,1,1,2,2,1,1,1,1,1,0,0,1,1,2,2,1,1,0,0,1,1,2,2,0,2,0,0,2,1,2,0,0,2,2,0,0,2,2,0,0,0,0,0,0,0,0,1,0,2,0,2,2,2
Best fitness found so far: -24.0; distance: 13.45362404707371
Generation: 6; 
d: 10.816653826391969; energy: -25.0; 1,2,1,2,1,0,2,0,0,0,0,0,2,0,1,0,0,0,0,2,2,0,0,0,2,1,0,2,0,0,0,0,0,1,0,1,1,1,0,0,2,2,1,2,1,1,2,1,0,1,1,0,1,1,1,0,1,0
Best fitness found so far: -25.0; distance: 10.816653826391969
Generation: 7; 
d: 9.848857801796104; energy: -24.0; 0,1,0,0,2,1,1,2,1,0,2,0,0,2,0,0,0,2,2,2,0,0,1,0,2,0,1,2,0,0,0,0,1,1,0,1,0,0,0,2,0,1,1,1,2,1,1,2,1,2,2,1,1,2,0,0,1,0
Best fitness found so far: -25.0; distance: 10.816653826391969
Generation: 8; 
d: 13.038404810405298; energy: -26.0; 2,1,0,1,0,0,2,2,0,2,2,1,1,2,2,0,0,2,0,2,1,1,0,2,2,0,1,0,0,2,0,1,2,1,0,0,1,0,2,0,2,2,0,1,0,1,0,1,0,1,1,0,2,2,1,2,0,1
Best fitness found so far: -26.0; distance: 13.038404810405298
Generation: 9; 
d: 11.40175425099138; energy: -27.0; 1,2,1,2,1,0,2,0,0,0,0,0,2,0,1,0,0,0,0,2,2,0,0,0,2,1,0,2,0,0,0,0,0,1,0,1,1,1,0,0,2,2,1,2,1,1,2,1,0,2,2,1,0,0,1,0,2,0
Best fitness found so far: -27.0; distance: 11.40175425099138
Generation: 10; 
d: 13.92838827718412; energy: -26.0; 0,0,1,1,2,0,2,1,2,2,0,0,0,1,1,1,0,0,0,0,2,2,0,0,0,2,2,2,1,2,2,1,0,1,2,2,0,0,1,0,2,1,1,1,2,1,2,1,2,0,0,2,0,0,1,1,2,2
Best fitness found so far: -27.0; distance: 11.40175425099138
Generation: 11; 
d: 10.63014581273465; energy: -24.0; 0,2,2,2,2,1,1,2,2,1,1,1,1,1,0,0,1,1,2,2,1,2,2,2,2,0,1,2,2,1,1,2,1,1,2,0,0,2,2,0,0,2,2,0,0,0,0,0,0,0,0,1,0,2,0,2,2,2
Best fitness found so far: -27.0; distance: 11.40175425099138
