Algorithm configured with: 
Pop: 3000
Aux Pop: 200
Crossover: SinglePointCrossover
CrP: 0.9
Mutation: BitFlipMutation
MtP: 0.01
Starting executions...
Execution: 1
Generation: 0; 
d: 100.0; energy: 0.0; 2,0,1,1,2,2,0,2,1,0,1,1,1,0,2,1,2,1,1,2,2,2,2,2,0,0,2,2,1,0,0,1,0,1,2,0,2,0,1,1,2,2,2,0,1,1,0,2,2,2,2,2,0,2,0,0,0,1,1,0,0,0,0,1,1,2,1,1,0,0,0,2,2,0,2,1,2,1,2,0,2,0,0,0,0,0,0,0,0,1,0,1,0,0,2,0,0,0
Best fitness found so far: 0.0; distance: 100.0
Generation: 1; 
d: 20.248456731316587; energy: -21.0; 0,0,0,0,1,0,0,2,1,2,1,0,2,1,0,2,2,1,2,0,2,0,1,0,2,2,0,0,0,1,2,2,2,2,0,1,2,2,2,2,1,0,1,0,0,1,2,0,1,1,2,0,1,2,1,0,1,1,0,2,0,0,1,0,2,2,0,0,2,0,2,0,1,2,0,0,0,0,1,1,2,2,1,1,2,0,2,2,1,1,1,2,2,2,1,2,2,2
Best fitness found so far: -21.0; distance: 20.248456731316587
Generation: 2; 
d: 21.37755832643195; energy: -23.0; 1,1,0,0,0,1,0,0,1,2,2,0,2,2,1,2,1,0,2,1,2,0,1,0,2,2,0,0,0,1,2,2,2,2,0,1,2,2,2,2,1,0,1,0,0,1,2,0,1,1,2,0,1,2,1,0,1,1,0,2,0,0,1,0,2,2,0,0,2,0,2,0,1,2,0,0,0,0,1,1,2,2,1,1,2,0,2,2,1,1,1,2,2,2,1,2,2,2
Best fitness found so far: -23.0; distance: 21.37755832643195
Generation: 3; 
d: 21.470910553583888; energy: -23.0; 2,1,0,1,2,2,2,0,2,2,0,0,2,0,0,0,2,2,0,0,1,0,1,0,1,1,0,1,1,2,1,2,0,0,2,0,0,0,1,2,2,1,2,2,0,0,0,0,1,2,0,0,0,2,1,1,2,1,0,1,2,0,0,2,2,0,0,2,0,0,2,1,0,0,1,2,1,1,0,2,0,0,2,0,0,2,1,1,2,2,0,0,1,0,0,2,2,1
Best fitness found so far: -23.0; distance: 21.37755832643195
Generation: 4; 
d: 22.47220505424423; energy: -25.0; 2,0,0,1,0,0,2,0,2,2,0,0,0,1,2,1,2,1,0,1,0,0,0,0,1,2,1,0,0,0,1,1,0,0,2,1,2,1,2,0,0,0,0,0,1,2,0,0,1,1,1,1,1,0,0,0,1,2,2,1,0,1,2,2,1,0,0,0,1,2,1,1,2,1,2,2,1,1,1,0,0,1,2,0,2,1,1,0,0,0,0,0,1,0,1,1,0,0
Best fitness found so far: -25.0; distance: 22.47220505424423
Generation: 5; 
d: 22.47220505424423; energy: -25.0; 2,0,0,1,0,0,2,0,2,2,0,0,0,1,2,1,2,1,0,1,0,0,0,0,1,2,1,0,0,0,1,1,0,0,2,1,2,1,2,0,0,0,0,0,1,2,0,0,1,1,1,1,1,0,0,0,1,2,2,1,0,1,2,2,1,0,0,0,1,2,1,1,2,1,2,2,1,1,1,0,0,1,2,0,2,1,1,0,0,0,0,0,1,0,1,1,0,0
Best fitness found so far: -25.0; distance: 22.47220505424423
Generation: 6; 
d: 22.135943621178654; energy: -27.0; 2,0,0,1,0,0,2,0,2,2,0,0,0,1,2,1,2,1,0,1,0,0,0,0,1,2,1,0,0,0,1,1,0,0,2,1,2,1,2,0,0,0,0,0,1,2,0,0,1,1,1,1,1,0,0,0,1,2,2,1,0,1,2,2,1,0,0,0,1,2,1,1,2,1,2,2,1,1,1,0,0,1,2,1,2,2,1,0,0,0,0,0,1,0,1,1,0,0
Best fitness found so far: -27.0; distance: 22.135943621178654
Generation: 7; 
d: 18.973665961010276; energy: -28.0; 2,2,0,1,2,2,2,0,2,2,0,0,2,0,0,0,2,2,0,0,1,0,1,2,0,0,2,2,0,2,0,1,1,1,1,1,2,2,1,2,1,0,0,2,2,2,0,2,1,0,2,2,2,1,2,1,2,2,1,2,0,2,2,1,1,1,2,1,0,0,1,2,2,2,2,2,2,1,0,2,0,0,1,2,1,1,2,2,1,1,2,0,2,0,0,0,1,1
Best fitness found so far: -28.0; distance: 18.973665961010276
Generation: 8; 
d: 20.248456731316587; energy: -27.0; 0,1,0,0,1,0,0,1,1,0,2,2,0,2,0,2,2,1,2,0,0,2,2,2,2,2,0,2,1,0,0,0,0,1,2,1,1,2,0,2,0,0,0,0,2,2,2,1,2,0,1,2,0,1,0,0,0,1,1,0,0,2,1,1,2,2,1,1,0,0,1,2,1,2,2,2,1,0,2,2,0,1,2,1,0,1,1,0,1,2,2,1,1,2,2,0,1,1
Best fitness found so far: -28.0; distance: 18.973665961010276
Generation: 9; 
d: 22.47220505424423; energy: -28.0; 2,0,0,1,0,0,2,0,2,2,0,0,0,1,2,1,2,1,0,1,0,0,0,0,1,2,1,0,0,0,1,1,0,0,2,1,2,1,2,0,0,0,0,0,1,2,0,2,1,0,2,2,2,1,2,1,2,2,1,2,0,2,2,1,1,1,2,1,0,0,0,1,2,2,0,0,1,1,1,2,1,0,0,2,2,0,2,1,1,0,1,1,2,2,0,2,1,2
Best fitness found so far: -28.0; distance: 18.973665961010276
Generation: 10; 
d: 20.591260281974; energy: -28.0; 2,0,0,1,0,0,2,0,2,2,0,0,0,1,2,1,2,1,0,1,0,0,0,0,1,2,1,0,0,0,1,1,0,0,2,1,2,1,2,0,0,0,0,0,1,2,0,0,1,1,1,1,1,0,0,0,1,2,2,1,0,1,2,2,1,0,0,0,1,2,1,1,2,1,2,2,1,1,1,0,0,2,1,1,2,1,2,2,0,0,0,0,1,0,1,0,0,0
Best fitness found so far: -28.0; distance: 18.973665961010276
Generation: 11; 
d: 17.46424919657298; energy: -31.0; 2,2,0,2,1,0,0,0,2,1,1,2,1,2,2,2,2,2,0,0,0,0,0,0,1,0,1,0,2,2,2,2,2,1,2,0,1,2,2,0,1,1,1,2,0,1,0,0,2,2,2,2,0,2,2,1,1,2,0,0,2,2,0,2,2,0,0,1,1,1,2,2,2,0,2,2,2,0,2,2,0,0,2,2,0,1,1,1,1,2,0,1,1,0,0,2,0,1
Best fitness found so far: -31.0; distance: 17.46424919657298
Generation: 12; 
d: 18.027756377319946; energy: -29.0; 1,1,1,2,0,0,0,0,2,1,1,0,1,1,1,1,0,0,0,0,0,1,0,0,2,0,0,1,0,0,0,2,0,2,0,1,0,0,1,0,2,2,1,2,2,1,2,0,0,0,1,1,2,0,0,0,1,1,0,0,1,1,0,2,1,0,0,1,2,2,2,1,1,2,2,0,0,1,2,2,2,0,2,2,0,1,0,1,0,2,2,1,0,0,1,1,0,1
Best fitness found so far: -31.0; distance: 17.46424919657298
Generation: 13; 
d: 17.46424919657298; energy: -31.0; 2,2,0,2,1,0,0,0,2,1,1,2,1,2,2,2,2,2,0,0,0,0,0,0,1,0,1,0,2,2,2,2,2,1,2,0,1,2,2,0,1,1,1,2,0,1,0,0,2,2,2,2,0,2,2,1,1,2,0,0,2,2,0,2,2,0,0,1,1,1,2,2,2,0,2,2,2,0,2,2,0,0,2,2,0,1,1,1,1,2,0,0,2,0,0,0,0,2
Best fitness found so far: -31.0; distance: 17.46424919657298
Generation: 14; 
d: 16.15549442140351; energy: -30.0; 1,2,1,1,0,1,0,2,2,1,0,0,2,0,2,0,0,0,2,0,2,2,1,1,2,1,2,0,1,0,0,2,0,1,0,2,0,0,0,0,0,0,0,0,2,2,0,1,2,1,1,2,0,1,0,0,2,1,1,0,0,2,1,1,2,2,1,1,0,0,1,2,2,2,2,2,1,0,2,2,0,1,2,1,0,1,0,1,1,1,1,0,1,0,0,1,0,0
Best fitness found so far: -31.0; distance: 17.46424919657298
Generation: 15; 
d: 17.69180601295413; energy: -30.0; 0,0,0,1,2,1,1,2,2,1,1,0,2,2,2,0,0,0,1,2,0,0,2,2,1,0,2,2,0,2,0,1,1,1,1,1,2,2,1,2,1,0,0,2,2,2,0,2,1,0,2,2,2,1,2,1,2,2,1,2,0,2,2,1,1,1,2,1,0,0,1,2,2,2,2,2,2,1,0,0,0,0,1,2,1,1,2,2,1,1,2,0,2,0,0,0,1,1
Best fitness found so far: -31.0; distance: 17.46424919657298
Generation: 16; 
d: 17.46424919657298; energy: -31.0; 2,2,0,2,1,0,0,0,2,1,1,2,1,2,2,2,2,2,0,0,0,0,0,0,1,0,1,0,2,2,2,2,2,1,2,0,1,2,2,0,1,1,1,2,0,1,0,0,2,2,2,2,0,2,2,1,1,2,0,0,2,2,0,2,2,0,0,1,1,1,2,2,2,0,2,2,2,0,2,2,0,0,2,2,0,1,1,1,1,2,0,0,2,0,0,0,0,2
Best fitness found so far: -31.0; distance: 17.46424919657298
Generation: 17; 
d: 18.24828759089466; energy: -32.0; 2,0,0,1,0,0,2,0,2,2,0,0,0,1,2,1,2,1,0,1,0,0,0,0,1,2,1,0,0,0,1,1,0,0,2,1,2,1,2,0,0,0,0,0,1,2,0,2,1,0,2,2,2,1,2,1,2,2,1,2,0,2,2,1,1,1,2,2,2,0,1,1,1,0,2,1,1,0,2,2,1,2,0,0,0,0,0,0,2,0,2,2,0,2,2,1,1,1
Best fitness found so far: -32.0; distance: 18.24828759089466
Generation: 18; 
d: 15.264337522473747; energy: -32.0; 2,0,2,2,0,1,1,1,0,0,1,2,2,1,0,0,0,0,0,2,2,2,0,2,0,2,2,1,0,2,1,2,2,1,1,0,2,2,1,0,2,0,0,2,2,2,0,2,1,0,2,2,2,1,2,1,2,2,1,2,0,2,2,1,1,2,2,1,0,0,1,1,2,1,1,2,1,0,2,0,1,0,2,0,0,1,0,1,0,2,0,2,2,1,2,0,2,0
Best fitness found so far: -32.0; distance: 18.24828759089466
Generation: 19; 
d: 21.95449840010015; energy: -32.0; 2,2,1,2,2,2,0,0,2,1,2,2,1,2,1,0,1,0,0,0,2,1,2,1,0,2,1,2,0,0,1,0,0,1,1,1,2,2,1,2,1,0,0,2,2,2,0,2,1,0,2,2,2,1,2,1,2,2,1,2,0,2,2,1,1,1,2,1,0,0,1,2,2,2,0,0,2,2,0,2,1,0,1,0,0,0,1,0,2,2,2,2,0,0,1,0,0,0
Best fitness found so far: -32.0; distance: 18.24828759089466
Generation: 20; 
d: 18.24828759089466; energy: -32.0; 2,0,0,1,0,0,2,0,2,2,0,0,0,1,2,1,2,1,0,1,0,0,0,0,1,2,1,0,0,0,1,1,0,0,2,1,2,1,2,0,0,0,0,0,1,2,0,2,1,0,2,2,2,1,2,1,2,2,1,2,0,2,2,1,1,1,2,2,2,0,1,1,1,0,2,1,1,0,2,2,1,2,0,0,0,0,0,0,2,0,2,2,0,2,2,1,1,1
Best fitness found so far: -32.0; distance: 18.24828759089466
Generation: 21; 
d: 18.24828759089466; energy: -32.0; 2,0,0,1,0,0,2,0,2,2,0,0,0,1,2,1,2,1,0,1,0,0,0,0,1,2,1,0,0,0,1,1,0,0,2,1,2,1,2,0,0,0,0,0,1,2,0,0,1,0,2,2,2,1,2,1,2,2,1,2,0,2,2,1,1,1,2,2,2,0,1,1,1,0,2,1,1,0,2,2,1,2,0,0,0,0,0,0,2,0,2,2,0,2,2,1,1,1
Best fitness found so far: -32.0; distance: 18.24828759089466
Generation: 22; 
d: 14.866068747318506; energy: -33.0; 1,2,0,1,0,1,1,1,1,0,2,2,0,2,0,2,2,1,2,0,0,2,2,2,0,2,1,2,1,0,0,0,0,1,1,1,0,1,2,1,0,0,1,2,0,1,2,1,1,0,1,1,0,2,1,0,1,1,1,0,0,1,2,1,1,2,2,1,0,1,2,1,1,0,0,1,0,2,2,0,0,1,2,2,1,2,0,2,0,2,0,1,1,0,0,0,0,0
Best fitness found so far: -33.0; distance: 14.866068747318506
Generation: 23; 
d: 22.47220505424423; energy: -34.0; 2,2,0,2,1,0,0,0,2,1,1,2,1,2,2,2,0,1,0,1,2,2,0,1,1,0,1,1,1,0,2,0,1,2,0,1,2,2,1,0,2,0,0,2,2,2,0,2,1,0,2,2,2,1,2,1,2,2,1,2,0,2,2,1,1,2,2,1,0,0,1,1,2,1,1,2,1,0,2,0,1,0,2,0,0,1,0,1,0,2,0,2,2,2,1,2,2,2
Best fitness found so far: -34.0; distance: 22.47220505424423
Generation: 24; 
d: 15.556349186104045; energy: -35.0; 1,2,2,2,0,2,2,1,0,2,1,0,1,0,0,1,2,2,1,0,0,0,2,1,2,2,1,1,1,1,0,0,1,0,1,1,0,1,2,1,0,0,1,2,2,0,0,2,1,0,2,2,2,1,2,1,2,2,1,2,0,2,2,1,1,1,2,1,0,0,1,2,2,2,2,2,2,1,0,0,1,0,2,0,0,1,0,1,0,2,2,1,0,0,1,1,0,1
Best fitness found so far: -35.0; distance: 15.556349186104045
Generation: 25; 
d: 19.697715603592208; energy: -34.0; 2,1,0,0,1,0,0,1,1,0,2,2,0,2,0,2,2,1,2,0,2,2,2,0,1,2,0,0,0,2,0,1,1,1,1,1,2,2,1,2,1,0,0,2,2,2,0,2,1,0,2,2,2,1,2,1,2,2,1,2,0,2,2,1,1,1,2,1,0,0,1,2,1,2,2,2,2,1,2,0,0,2,1,2,2,2,2,1,2,1,0,2,0,1,0,0,2,0
Best fitness found so far: -35.0; distance: 15.556349186104045
Generation: 26; 
d: 18.601075237738275; energy: -35.0; 2,0,0,1,0,0,2,0,2,2,0,0,0,1,2,1,2,1,0,1,0,0,0,0,1,2,1,0,0,0,1,1,0,0,2,1,2,1,2,0,0,0,0,0,2,2,0,2,1,0,2,2,2,1,0,0,1,0,0,2,2,0,1,2,2,0,1,1,0,2,2,2,0,0,0,0,1,0,2,0,0,2,0,2,2,2,2,1,2,0,0,2,2,1,2,0,2,2
Best fitness found so far: -35.0; distance: 15.556349186104045
Generation: 27; 
d: 23.08679276123039; energy: -35.0; 0,0,0,1,2,1,1,2,2,1,1,0,2,2,2,0,0,2,0,0,1,0,1,2,0,0,2,2,0,2,0,1,1,1,1,1,2,2,1,2,1,0,0,1,2,2,0,2,1,0,2,2,2,1,2,1,2,2,1,2,0,2,2,1,2,2,2,1,0,0,1,2,2,1,1,2,1,0,2,0,1,0,2,0,0,1,0,1,0,2,2,0,0,2,1,1,1,2
Best fitness found so far: -35.0; distance: 15.556349186104045
Generation: 28; 
d: 15.297058540778355; energy: -36.0; 2,0,2,2,1,0,0,0,2,2,0,0,2,0,0,0,2,2,0,0,1,0,1,0,1,1,0,2,1,2,1,1,1,1,1,1,2,2,1,2,1,0,0,2,2,2,0,2,1,0,2,2,2,1,2,1,2,2,1,2,0,2,2,1,1,1,2,1,0,0,1,2,2,1,1,2,1,0,2,0,1,0,2,0,0,1,0,1,0,2,0,2,2,1,2,1,1,1
Best fitness found so far: -36.0; distance: 15.297058540778355
Generation: 29; 
d: 18.788294228055936; energy: -36.0; 2,2,0,2,1,0,0,0,2,2,0,0,2,0,0,0,2,2,0,0,1,0,1,2,0,2,2,2,0,2,0,1,1,1,1,1,2,2,1,2,1,0,0,2,2,2,0,2,1,0,2,2,2,1,2,1,2,2,1,2,0,2,2,1,1,1,2,1,0,0,1,2,2,1,1,2,1,0,2,0,1,0,2,0,0,1,0,1,0,2,0,2,2,1,2,1,1,1
Best fitness found so far: -36.0; distance: 15.297058540778355
Generation: 30; 
d: 18.601075237738275; energy: -36.0; 0,2,1,1,0,0,1,2,2,0,0,0,0,1,1,2,2,0,1,2,2,1,1,2,1,1,1,0,1,1,2,2,2,0,0,1,2,2,1,2,1,0,0,2,2,2,0,2,1,0,2,2,2,1,2,1,2,2,0,2,0,2,2,1,1,1,2,1,0,0,1,2,2,1,1,2,1,0,2,0,1,1,2,1,2,2,0,2,0,2,0,1,1,0,0,0,1,0
Best fitness found so far: -36.0; distance: 15.297058540778355
Generation: 31; 
d: 18.027756377319946; energy: -36.0; 0,2,0,2,0,0,1,0,0,1,2,2,1,2,0,2,2,2,0,0,0,0,0,0,1,0,1,0,2,2,2,2,2,1,2,2,2,2,1,0,2,0,0,2,2,2,0,2,1,0,2,2,2,1,2,1,2,2,1,2,0,2,2,1,1,1,2,1,0,0,1,2,2,1,1,2,1,0,2,0,1,0,0,0,0,0,0,2,2,2,1,1,0,0,1,1,0,0
Best fitness found so far: -36.0; distance: 15.297058540778355
Generation: 32; 
d: 17.08800749063506; energy: -37.0; 1,0,0,0,1,0,0,1,1,0,2,2,0,2,0,2,2,1,2,0,0,2,2,2,0,2,1,2,1,0,0,0,0,1,1,1,2,2,1,2,1,0,0,2,2,2,0,2,1,0,2,2,2,1,2,1,2,2,1,2,0,2,2,1,0,1,2,1,0,0,1,2,2,1,1,2,1,0,2,0,1,0,2,0,0,1,0,1,0,2,0,2,2,2,2,0,2,0
Best fitness found so far: -37.0; distance: 17.08800749063506
Generation: 33; 
d: 15.811388300841896; energy: -38.0; 0,1,0,0,1,0,0,1,1,0,2,2,0,2,0,2,2,1,2,0,0,2,2,2,0,2,1,2,1,0,0,0,0,1,1,1,2,2,1,2,1,0,0,2,2,2,0,2,1,0,2,2,2,1,2,1,2,2,1,2,0,2,2,1,0,1,2,1,0,0,1,2,2,1,1,2,1,0,2,0,1,0,2,0,0,1,0,1,0,2,0,2,2,1,2,1,1,1
Best fitness found so far: -38.0; distance: 15.811388300841896
Generation: 34; 
d: 15.811388300841896; energy: -38.0; 0,1,0,0,1,0,0,1,1,0,2,2,0,2,0,2,2,1,2,0,0,2,2,2,0,2,1,2,1,0,0,0,0,1,1,1,2,2,1,2,1,0,0,2,2,2,0,2,1,0,2,2,2,1,2,1,2,2,1,2,0,2,2,1,0,1,2,1,0,0,1,2,2,1,1,2,1,0,2,0,1,0,2,0,0,1,0,1,0,2,1,2,2,1,2,1,1,1
Best fitness found so far: -38.0; distance: 15.811388300841896
Generation: 35; 
d: 17.029386365926403; energy: -39.0; 1,0,1,2,1,0,0,0,2,1,1,2,1,2,2,1,1,0,0,1,0,1,1,0,0,2,1,2,0,0,0,1,1,1,1,1,2,2,1,2,1,0,0,2,2,2,0,2,1,0,2,2,2,1,2,1,2,2,1,2,0,2,2,1,1,1,2,1,0,0,1,2,2,1,1,2,1,0,2,0,1,0,2,0,0,1,0,1,0,2,0,2,2,0,1,2,2,1
Best fitness found so far: -39.0; distance: 17.029386365926403
