#
# There is insufficient memory for the Java Runtime Environment to continue.
# Native memory allocation (mmap) failed to map 48758784 bytes for committing reserved memory.
# Possible reasons:
#   The system is out of physical RAM or swap space
#   In 32 bit mode, the process size limit was hit
# Possible solutions:
#   Reduce memory load on the system
#   Increase physical memory or swap space
#   Check if swap backing store is full
#   Use 64 bit Java on a 64 bit OS
#   Decrease Java heap size (-Xmx/-Xms)
#   Decrease number of Java threads
#   Decrease Java thread stack sizes (-Xss)
#   Set larger code cache with -XX:ReservedCodeCacheSize=
# This output file may be truncated or incomplete.
#
#  Out of Memory Error (os_linux.cpp:2673), pid=28333, tid=139908046743296
#
# JRE version: Java(TM) SE Runtime Environment (8.0_45-b14) (build 1.8.0_45-b14)
# Java VM: Java HotSpot(TM) 64-Bit Server VM (25.45-b02 mixed mode linux-amd64 compressed oops)
# Failed to write core dump. Core dumps have been disabled. To enable core dumping, try "ulimit -c unlimited" before starting Java again
#

---------------  T H R E A D  ---------------

Current thread (0x00007f3f683c6000):  VMThread [stack: 0x00007f3ee15d6000,0x00007f3ee16d7000] [id=29095]

Stack: [0x00007f3ee15d6000,0x00007f3ee16d7000],  sp=0x00007f3ee16d51e0,  free space=1020k
Native frames: (J=compiled Java code, j=interpreted, Vv=VM code, C=native code)
V  [libjvm.so+0xaac99a]  VMError::report_and_die()+0x2ba
V  [libjvm.so+0x4f333b]  report_vm_out_of_memory(char const*, int, unsigned long, VMErrorType, char const*)+0x8b
V  [libjvm.so+0x90e7c3]  os::Linux::commit_memory_impl(char*, unsigned long, bool)+0x103
V  [libjvm.so+0x90ed19]  os::pd_commit_memory(char*, unsigned long, unsigned long, bool)+0x29
V  [libjvm.so+0x90867a]  os::commit_memory(char*, unsigned long, unsigned long, bool)+0x2a
V  [libjvm.so+0x97bac3]  PSVirtualSpace::expand_by(unsigned long)+0x53
V  [libjvm.so+0x97cec8]  PSYoungGen::resize_generation(unsigned long, unsigned long)+0xf8
V  [libjvm.so+0x97c022]  PSYoungGen::resize(unsigned long, unsigned long)+0x22
V  [libjvm.so+0x9792fb]  PSScavenge::invoke_no_policy()+0xf7b
V  [libjvm.so+0x979a81]  PSScavenge::invoke()+0x41
V  [libjvm.so+0x932050]  ParallelScavengeHeap::failed_mem_allocate(unsigned long)+0x70
V  [libjvm.so+0xaae1d7]  VM_ParallelGCFailedAllocation::doit()+0x97
V  [libjvm.so+0xab59c5]  VM_Operation::evaluate()+0x55
V  [libjvm.so+0xab3d9a]  VMThread::evaluate_operation(VM_Operation*)+0xba
V  [libjvm.so+0xab411e]  VMThread::loop()+0x1ce
V  [libjvm.so+0xab4590]  VMThread::run()+0x70
V  [libjvm.so+0x910de8]  java_start(Thread*)+0x108

VM_Operation (0x00007f3ea3aed420): ParallelGCFailedAllocation, mode: safepoint, requested by thread 0x00007f3f68503800


---------------  P R O C E S S  ---------------

Java Threads: ( => current thread )
  0x00007f3f68503800 JavaThread "pool-1-thread-1" [_thread_blocked, id=29721, stack(0x00007f3ea39ee000,0x00007f3ea3aef000)]
  0x00007f3f68432000 JavaThread "Service Thread" daemon [_thread_blocked, id=29439, stack(0x00007f3ea3cfd000,0x00007f3ea3dfe000)]
  0x00007f3f6842d000 JavaThread "C1 CompilerThread14" daemon [_thread_blocked, id=29255, stack(0x00007f3ea3dfe000,0x00007f3ea3eff000)]
  0x00007f3f6842b000 JavaThread "C1 CompilerThread13" daemon [_thread_blocked, id=29250, stack(0x00007f3ea3eff000,0x00007f3ea4000000)]
  0x00007f3f68428800 JavaThread "C1 CompilerThread12" daemon [_thread_blocked, id=29242, stack(0x00007f3ee000e000,0x00007f3ee010f000)]
  0x00007f3f68426800 JavaThread "C1 CompilerThread11" daemon [_thread_blocked, id=29226, stack(0x00007f3ee010f000,0x00007f3ee0210000)]
  0x00007f3f68424800 JavaThread "C1 CompilerThread10" daemon [_thread_blocked, id=29216, stack(0x00007f3ee0210000,0x00007f3ee0311000)]
  0x00007f3f68422000 JavaThread "C2 CompilerThread9" daemon [_thread_blocked, id=29209, stack(0x00007f3ee0311000,0x00007f3ee0412000)]
  0x00007f3f68420800 JavaThread "C2 CompilerThread8" daemon [_thread_blocked, id=29207, stack(0x00007f3ee0412000,0x00007f3ee0513000)]
  0x00007f3f6841e000 JavaThread "C2 CompilerThread7" daemon [_thread_blocked, id=29205, stack(0x00007f3ee0513000,0x00007f3ee0614000)]
  0x00007f3f6841c000 JavaThread "C2 CompilerThread6" daemon [_thread_blocked, id=29203, stack(0x00007f3ee0614000,0x00007f3ee0715000)]
  0x00007f3f6841a000 JavaThread "C2 CompilerThread5" daemon [_thread_blocked, id=29200, stack(0x00007f3ee0715000,0x00007f3ee0816000)]
  0x00007f3f6840f800 JavaThread "C2 CompilerThread4" daemon [_thread_blocked, id=29197, stack(0x00007f3ee0816000,0x00007f3ee0917000)]
  0x00007f3f6840d800 JavaThread "C2 CompilerThread3" daemon [_thread_blocked, id=29193, stack(0x00007f3ee0917000,0x00007f3ee0a18000)]
  0x00007f3f6840b800 JavaThread "C2 CompilerThread2" daemon [_thread_blocked, id=29191, stack(0x00007f3ee0a18000,0x00007f3ee0b19000)]
  0x00007f3f68409800 JavaThread "C2 CompilerThread1" daemon [_thread_blocked, id=29190, stack(0x00007f3ee0b19000,0x00007f3ee0c1a000)]
  0x00007f3f68406800 JavaThread "C2 CompilerThread0" daemon [_thread_blocked, id=29188, stack(0x00007f3ee0c1a000,0x00007f3ee0d1b000)]
  0x00007f3f68405000 JavaThread "Signal Dispatcher" daemon [_thread_blocked, id=29184, stack(0x00007f3ee0d1b000,0x00007f3ee0e1c000)]
  0x00007f3f683cd000 JavaThread "Finalizer" daemon [_thread_blocked, id=29129, stack(0x00007f3ee13d4000,0x00007f3ee14d5000)]
  0x00007f3f683cb000 JavaThread "Reference Handler" daemon [_thread_blocked, id=29113, stack(0x00007f3ee14d5000,0x00007f3ee15d6000)]
  0x00007f3f6800a800 JavaThread "main" [_thread_blocked, id=28361, stack(0x00007f3f70ac4000,0x00007f3f70bc5000)]

Other Threads:
=>0x00007f3f683c6000 VMThread [stack: 0x00007f3ee15d6000,0x00007f3ee16d7000] [id=29095]
  0x00007f3f68434800 WatcherThread [stack: 0x00007f3ea3bfc000,0x00007f3ea3cfd000] [id=29450]

VM state:at safepoint (normal execution)

VM Mutex/Monitor currently owned by a thread:  ([mutex/lock_event])
[0x00007f3f680060e0] Threads_lock - owner thread: 0x00007f3f683c6000
[0x00007f3f680065e0] Heap_lock - owner thread: 0x00007f3f68503800

Heap:
 PSYoungGen      total 2583040K, used 418337K [0x00000006f4900000, 0x00000007bc600000, 0x00000007c0000000)
  eden space 1945088K, 0% used [0x00000006f4900000,0x00000006f4900000,0x000000076b480000)
  from space 637952K, 65% used [0x0000000795700000,0x00000007aef88410,0x00000007bc600000)
  to   space 674304K, 0% used [0x000000076b480000,0x000000076b480000,0x0000000794700000)
 ParOldGen       total 1692160K, used 854143K [0x000000055da00000, 0x00000005c4e80000, 0x00000006f4900000)
  object space 1692160K, 50% used [0x000000055da00000,0x0000000591c1fd98,0x00000005c4e80000)
 Metaspace       used 5294K, capacity 5524K, committed 5632K, reserved 1056768K
  class space    used 582K, capacity 672K, committed 768K, reserved 1048576K

Card table byte_map: [0x00007f3f6c39f000,0x00007f3f6d6b3000] byte_map_base: 0x00007f3f698b2000

Marking Bits: (ParMarkBitMap*) 0x00007f3f6ffbd760
 Begin Bits: [0x00007f3ee8ed0000, 0x00007f3ef2768000)
 End Bits:   [0x00007f3ef2768000, 0x00007f3efc000000)

Polling page: 0x00007f3f70c04000

CodeCache: size=245760Kb used=5877Kb max_used=5889Kb free=239882Kb
 bounds [0x00007f3f59000000, 0x00007f3f595d0000, 0x00007f3f68000000]
 total_blobs=1148 nmethods=851 adapters=209
 compilation: enabled

Compilation events (10 events):
Event: 1505,846 Thread 0x00007f3f6840f800  875 %     4       java.util.Collections::shuffle @ 21 (127 bytes)
Event: 1505,864 Thread 0x00007f3f6840f800 nmethod 875% 0x00007f3f593a1ad0 code [0x00007f3f593a1c60, 0x00007f3f593a2498]
Event: 1506,078 Thread 0x00007f3f68406800  876       4       org.uma.jmetal.core.SolutionSet::union (105 bytes)
Event: 1506,112 Thread 0x00007f3f68406800 nmethod 876 0x00007f3f595c4910 code [0x00007f3f595c4b80, 0x00007f3f595c5ab8]
Event: 1644,898 Thread 0x00007f3f6841a000  878       4       java.util.Collections::shuffle (127 bytes)
Event: 1644,900 Thread 0x00007f3f6842d000  877   !   3       java.io.BufferedWriter::flushBuffer (53 bytes)
Event: 1647,017 Thread 0x00007f3f6842d000 nmethod 877 0x00007f3f595b4550 code [0x00007f3f595b4700, 0x00007f3f595b4cd8]
Event: 1668,622 Thread 0x00007f3f6841a000 nmethod 878 0x00007f3f595b3790 code [0x00007f3f595b3920, 0x00007f3f595b4038]
Event: 1939,839 Thread 0x00007f3f68426800  879       3       java.nio.Buffer::remaining (10 bytes)
Event: 1952,405 Thread 0x00007f3f68426800 nmethod 879 0x00007f3f5939f350 code [0x00007f3f5939f4a0, 0x00007f3f5939f5f0]

GC Heap History (10 events):
Event: 1673,229 GC heap after
Heap after GC invocations=32 (full 2):
 PSYoungGen      total 2618880K, used 425893K [0x00000006f4900000, 0x00000007c0000000, 0x00000007c0000000)
  eden space 1940480K, 0% used [0x00000006f4900000,0x00000006f4900000,0x000000076b000000)
  from space 678400K, 62% used [0x0000000796980000,0x00000007b0969778,0x00000007c0000000)
  to   space 696320K, 0% used [0x000000076b000000,0x000000076b000000,0x0000000795800000)
 ParOldGen       total 1641984K, used 1117216K [0x000000055da00000, 0x00000005c1d80000, 0x00000006f4900000)
  object space 1641984K, 68% used [0x000000055da00000,0x00000005a1d080f0,0x00000005c1d80000)
 Metaspace       used 5294K, capacity 5524K, committed 5632K, reserved 1056768K
  class space    used 582K, capacity 672K, committed 768K, reserved 1048576K
}
Event: 1802,528 GC heap before
{Heap before GC invocations=33 (full 2):
 PSYoungGen      total 2618880K, used 2366373K [0x00000006f4900000, 0x00000007c0000000, 0x00000007c0000000)
  eden space 1940480K, 100% used [0x00000006f4900000,0x000000076b000000,0x000000076b000000)
  from space 678400K, 62% used [0x0000000796980000,0x00000007b0969778,0x00000007c0000000)
  to   space 696320K, 0% used [0x000000076b000000,0x000000076b000000,0x0000000795800000)
 ParOldGen       total 1641984K, used 1117216K [0x000000055da00000, 0x00000005c1d80000, 0x00000006f4900000)
  object space 1641984K, 68% used [0x000000055da00000,0x00000005a1d080f0,0x00000005c1d80000)
 Metaspace       used 5294K, capacity 5524K, committed 5632K, reserved 1056768K
  class space    used 582K, capacity 672K, committed 768K, reserved 1048576K
Event: 1802,806 GC heap after
Heap after GC invocations=33 (full 2):
 PSYoungGen      total 2188800K, used 247892K [0x00000006f4900000, 0x00000007bcc80000, 0x00000007c0000000)
  eden space 1940480K, 0% used [0x00000006f4900000,0x00000006f4900000,0x000000076b000000)
  from space 248320K, 99% used [0x000000076b000000,0x000000077a215180,0x000000077a280000)
  to   space 660992K, 0% used [0x0000000794700000,0x0000000794700000,0x00000007bcc80000)
 ParOldGen       total 1641984K, used 1207633K [0x000000055da00000, 0x00000005c1d80000, 0x00000006f4900000)
  object space 1641984K, 73% used [0x000000055da00000,0x00000005a75545f8,0x00000005c1d80000)
 Metaspace       used 5294K, capacity 5524K, committed 5632K, reserved 1056768K
  class space    used 582K, capacity 672K, committed 768K, reserved 1048576K
}
Event: 1806,534 GC heap before
{Heap before GC invocations=34 (full 2):
 PSYoungGen      total 2188800K, used 2188372K [0x00000006f4900000, 0x00000007bcc80000, 0x00000007c0000000)
  eden space 1940480K, 100% used [0x00000006f4900000,0x000000076b000000,0x000000076b000000)
  from space 248320K, 99% used [0x000000076b000000,0x000000077a215180,0x000000077a280000)
  to   space 660992K, 0% used [0x0000000794700000,0x0000000794700000,0x00000007bcc80000)
 ParOldGen       total 1641984K, used 1207633K [0x000000055da00000, 0x00000005c1d80000, 0x00000006f4900000)
  object space 1641984K, 73% used [0x000000055da00000,0x00000005a75545f8,0x00000005c1d80000)
 Metaspace       used 5294K, capacity 5524K, committed 5632K, reserved 1056768K
  class space    used 582K, capacity 672K, committed 768K, reserved 1048576K
Event: 1807,117 GC heap after
Heap after GC invocations=34 (full 2):
 PSYoungGen      total 2606080K, used 417463K [0x00000006f4900000, 0x00000007c0000000, 0x00000007c0000000)
  eden space 1945088K, 0% used [0x00000006f4900000,0x00000006f4900000,0x000000076b480000)
  from space 660992K, 63% used [0x0000000794700000,0x00000007adeadfb0,0x00000007bcc80000)
  to   space 674304K, 0% used [0x000000076b480000,0x000000076b480000,0x0000000794700000)
 ParOldGen       total 1641984K, used 1455742K [0x000000055da00000, 0x00000005c1d80000, 0x00000006f4900000)
  object space 1641984K, 88% used [0x000000055da00000,0x00000005b679f8f0,0x00000005c1d80000)
 Metaspace       used 5294K, capacity 5524K, committed 5632K, reserved 1056768K
  class space    used 582K, capacity 672K, committed 768K, reserved 1048576K
}
Event: 1807,117 GC heap before
{Heap before GC invocations=35 (full 3):
 PSYoungGen      total 2606080K, used 417463K [0x00000006f4900000, 0x00000007c0000000, 0x00000007c0000000)
  eden space 1945088K, 0% used [0x00000006f4900000,0x00000006f4900000,0x000000076b480000)
  from space 660992K, 63% used [0x0000000794700000,0x00000007adeadfb0,0x00000007bcc80000)
  to   space 674304K, 0% used [0x000000076b480000,0x000000076b480000,0x0000000794700000)
 ParOldGen       total 1641984K, used 1455742K [0x000000055da00000, 0x00000005c1d80000, 0x00000006f4900000)
  object space 1641984K, 88% used [0x000000055da00000,0x00000005b679f8f0,0x00000005c1d80000)
 Metaspace       used 5294K, capacity 5524K, committed 5632K, reserved 1056768K
  class space    used 582K, capacity 672K, committed 768K, reserved 1048576K
Event: 1808,476 GC heap after
Heap after GC invocations=35 (full 3):
 PSYoungGen      total 2606080K, used 0K [0x00000006f4900000, 0x00000007c0000000, 0x00000007c0000000)
  eden space 1945088K, 0% used [0x00000006f4900000,0x00000006f4900000,0x000000076b480000)
  from space 660992K, 0% used [0x0000000794700000,0x0000000794700000,0x00000007bcc80000)
  to   space 674304K, 0% used [0x000000076b480000,0x000000076b480000,0x0000000794700000)
 ParOldGen       total 1692160K, used 555455K [0x000000055da00000, 0x00000005c4e80000, 0x00000006f4900000)
  object space 1692160K, 32% used [0x000000055da00000,0x000000057f86fd30,0x00000005c4e80000)
 Metaspace       used 5294K, capacity 5524K, committed 5632K, reserved 1056768K
  class space    used 582K, capacity 672K, committed 768K, reserved 1048576K
}
Event: 1946,521 GC heap before
{Heap before GC invocations=36 (full 3):
 PSYoungGen      total 2606080K, used 1945088K [0x00000006f4900000, 0x00000007c0000000, 0x00000007c0000000)
  eden space 1945088K, 100% used [0x00000006f4900000,0x000000076b480000,0x000000076b480000)
  from space 660992K, 0% used [0x0000000794700000,0x0000000794700000,0x00000007bcc80000)
  to   space 674304K, 0% used [0x000000076b480000,0x000000076b480000,0x0000000794700000)
 ParOldGen       total 1692160K, used 555455K [0x000000055da00000, 0x00000005c4e80000, 0x00000006f4900000)
  object space 1692160K, 32% used [0x000000055da00000,0x000000057f86fd30,0x00000005c4e80000)
 Metaspace       used 5294K, capacity 5524K, committed 5632K, reserved 1056768K
  class space    used 582K, capacity 672K, committed 768K, reserved 1048576K
Event: 1952,172 GC heap after
Heap after GC invocations=36 (full 3):
 PSYoungGen      total 2619392K, used 298321K [0x00000006f4900000, 0x00000007bc600000, 0x00000007c0000000)
  eden space 1945088K, 0% used [0x00000006f4900000,0x00000006f4900000,0x000000076b480000)
  from space 674304K, 44% used [0x000000076b480000,0x000000077d7d4748,0x0000000794700000)
  to   space 637952K, 0% used [0x0000000795700000,0x0000000795700000,0x00000007bc600000)
 ParOldGen       total 1692160K, used 555455K [0x000000055da00000, 0x00000005c4e80000, 0x00000006f4900000)
  object space 1692160K, 32% used [0x000000055da00000,0x000000057f86fd30,0x00000005c4e80000)
 Metaspace       used 5294K, capacity 5524K, committed 5632K, reserved 1056768K
  class space    used 582K, capacity 672K, committed 768K, reserved 1048576K
}
Event: 1955,951 GC heap before
{Heap before GC invocations=37 (full 3):
 PSYoungGen      total 2619392K, used 2243409K [0x00000006f4900000, 0x00000007bc600000, 0x00000007c0000000)
  eden space 1945088K, 100% used [0x00000006f4900000,0x000000076b480000,0x000000076b480000)
  from space 674304K, 44% used [0x000000076b480000,0x000000077d7d4748,0x0000000794700000)
  to   space 637952K, 0% used [0x0000000795700000,0x0000000795700000,0x00000007bc600000)
 ParOldGen       total 1692160K, used 555455K [0x000000055da00000, 0x00000005c4e80000, 0x00000006f4900000)
  object space 1692160K, 32% used [0x000000055da00000,0x000000057f86fd30,0x00000005c4e80000)
 Metaspace       used 5294K, capacity 5524K, committed 5632K, reserved 1056768K
  class space    used 582K, capacity 672K, committed 768K, reserved 1048576K

Deoptimization events (10 events):
Event: 13,703 Thread 0x00007f3f68503800 Uncommon trap: reason=bimorphic action=maybe_recompile pc=0x00007f3f5944af20 method=java.util.HashMap.putVal(ILjava/lang/Object;Ljava/lang/Object;ZZ)Ljava/lang/Object; @ 203
Event: 19,827 Thread 0x00007f3f68503800 Uncommon trap: reason=bimorphic action=maybe_recompile pc=0x00007f3f5944af20 method=java.util.HashMap.putVal(ILjava/lang/Object;Ljava/lang/Object;ZZ)Ljava/lang/Object; @ 203
Event: 19,827 Thread 0x00007f3f68503800 Uncommon trap: reason=bimorphic action=maybe_recompile pc=0x00007f3f5944af20 method=java.util.HashMap.putVal(ILjava/lang/Object;Ljava/lang/Object;ZZ)Ljava/lang/Object; @ 203
Event: 61,257 Thread 0x00007f3f68503800 Uncommon trap: reason=unstable_if action=reinterpret pc=0x00007f3f5948dac4 method=java.util.HashMap.putVal(ILjava/lang/Object;Ljava/lang/Object;ZZ)Ljava/lang/Object; @ 162
Event: 66,091 Thread 0x00007f3f68503800 Uncommon trap: reason=predicate action=maybe_recompile pc=0x00007f3f59425778 method=java.util.ArrayList.indexOf(Ljava/lang/Object;)I @ 44
Event: 66,091 Thread 0x00007f3f68503800 Uncommon trap: reason=predicate action=maybe_recompile pc=0x00007f3f593aa89c method=java.util.ArrayList.indexOf(Ljava/lang/Object;)I @ 44
Event: 66,092 Thread 0x00007f3f68503800 Uncommon trap: reason=unstable_if action=reinterpret pc=0x00007f3f594ab8f8 method=edu.ufpr.cbio.psp.problem.PSPProblem.evaluate(Lorg/uma/jmetal/core/Solution;)V @ 330
Event: 66,627 Thread 0x00007f3f68503800 Uncommon trap: reason=unstable_if action=reinterpret pc=0x00007f3f594cc4b0 method=edu.ufpr.cbio.psp.algorithms.hyperheuristic.IBEAHyperHeuristic.computeIndicatorValuesHD(Lorg/uma/jmetal/core/SolutionSet;[D[D)V @ 196
Event: 78,988 Thread 0x00007f3f68503800 Uncommon trap: reason=unstable_if action=reinterpret pc=0x00007f3f59545b20 method=edu.ufpr.cbio.psp.algorithms.hyperheuristic.IBEAHyperHeuristic.computeIndicatorValuesHD(Lorg/uma/jmetal/core/SolutionSet;[D[D)V @ 27
Event: 208,444 Thread 0x00007f3f68503800 Uncommon trap: reason=unstable_if action=reinterpret pc=0x00007f3f59536ee0 method=edu.ufpr.cbio.psp.algorithms.hyperheuristic.IBEAHyperHeuristic.computeIndicatorValuesHD(Lorg/uma/jmetal/core/SolutionSet;[D[D)V @ 27

Internal exceptions (8 events):
Event: 0,223 Thread 0x00007f3f6800a800 Exception <a 'java/lang/NoSuchMethodError': Method sun.misc.Unsafe.defineClass(Ljava/lang/String;[BII)Ljava/lang/Class; name or signature does not match> (0x00000006f4912a30) thrown at [/RE-WORK/workspace/8-2-build-linux-amd64/jdk8u45/3457/hotspot/src/sha
Event: 0,223 Thread 0x00007f3f6800a800 Exception <a 'java/lang/NoSuchMethodError': Method sun.misc.Unsafe.prefetchRead(Ljava/lang/Object;J)V name or signature does not match> (0x00000006f4912cc0) thrown at [/RE-WORK/workspace/8-2-build-linux-amd64/jdk8u45/3457/hotspot/src/share/vm/prims/jni.cp
Event: 0,658 Thread 0x00007f3f6800a800 Exception <a 'java/security/PrivilegedActionException'> (0x00000006f49d3f30) thrown at [/RE-WORK/workspace/8-2-build-linux-amd64/jdk8u45/3457/hotspot/src/share/vm/prims/jvm.cpp, line 1382]
Event: 0,658 Thread 0x00007f3f6800a800 Exception <a 'java/security/PrivilegedActionException'> (0x00000006f49d40e8) thrown at [/RE-WORK/workspace/8-2-build-linux-amd64/jdk8u45/3457/hotspot/src/share/vm/prims/jvm.cpp, line 1382]
Event: 0,659 Thread 0x00007f3f6800a800 Exception <a 'java/security/PrivilegedActionException'> (0x00000006f49d6980) thrown at [/RE-WORK/workspace/8-2-build-linux-amd64/jdk8u45/3457/hotspot/src/share/vm/prims/jvm.cpp, line 1382]
Event: 0,659 Thread 0x00007f3f6800a800 Exception <a 'java/security/PrivilegedActionException'> (0x00000006f49d6b38) thrown at [/RE-WORK/workspace/8-2-build-linux-amd64/jdk8u45/3457/hotspot/src/share/vm/prims/jvm.cpp, line 1382]
Event: 1,427 Thread 0x00007f3f68503800 Exception <a 'java/lang/NoSuchFieldError': method resolution failed> (0x00000006f8dbb290) thrown at [/RE-WORK/workspace/8-2-build-linux-amd64/jdk8u45/3457/hotspot/src/share/vm/prims/methodHandles.cpp, line 1125]
Event: 1,439 Thread 0x00007f3f68503800 Exception <a 'java/lang/NoSuchFieldError': method resolution failed> (0x00000006f8dc9950) thrown at [/RE-WORK/workspace/8-2-build-linux-amd64/jdk8u45/3457/hotspot/src/share/vm/prims/methodHandles.cpp, line 1125]

Events (10 events):
Event: 1808,476 Executing VM operation: ParallelGCFailedAllocation done
Event: 1946,406 Executing VM operation: ParallelGCFailedAllocation
Event: 1952,278 Executing VM operation: ParallelGCFailedAllocation done
Event: 1952,281 Executing VM operation: RevokeBias
Event: 1952,368 Executing VM operation: RevokeBias done
Event: 1952,372 Executing VM operation: RevokeBias
Event: 1952,380 Executing VM operation: RevokeBias done
Event: 1952,384 Executing VM operation: RevokeBias
Event: 1952,400 Executing VM operation: RevokeBias done
Event: 1955,951 Executing VM operation: ParallelGCFailedAllocation


Dynamic libraries:
00400000-00401000 r-xp 00000000 00:2c 34522951                           /home/ppginf/vdfontoura/jdk1.8.0_45/bin/java
00600000-00601000 rw-p 00000000 00:2c 34522951                           /home/ppginf/vdfontoura/jdk1.8.0_45/bin/java
01587000-015a8000 rw-p 00000000 00:00 0                                  [heap]
55da00000-5c4e80000 rw-p 00000000 00:00 0 
5c4e80000-6f4900000 ---p 00000000 00:00 0 
6f4900000-7bc600000 rw-p 00000000 00:00 0 
7bf480000-7c0000000 ---p 00000000 00:00 0 
7c0000000-7c00c0000 rw-p 00000000 00:00 0 
7c00c0000-800000000 ---p 00000000 00:00 0 
7f3e80000000-7f3e80293000 rw-p 00000000 00:00 0 
7f3e80293000-7f3e84000000 ---p 00000000 00:00 0 
7f3e88000000-7f3e88021000 rw-p 00000000 00:00 0 
7f3e88021000-7f3e8c000000 ---p 00000000 00:00 0 
7f3e8c000000-7f3e8c021000 rw-p 00000000 00:00 0 
7f3e8c021000-7f3e90000000 ---p 00000000 00:00 0 
7f3e90000000-7f3e900aa000 rw-p 00000000 00:00 0 
7f3e900aa000-7f3e94000000 ---p 00000000 00:00 0 
7f3e94000000-7f3e940c6000 rw-p 00000000 00:00 0 
7f3e940c6000-7f3e98000000 ---p 00000000 00:00 0 
7f3e98000000-7f3e980f6000 rw-p 00000000 00:00 0 
7f3e980f6000-7f3e9c000000 ---p 00000000 00:00 0 
7f3e9c000000-7f3e9c10d000 rw-p 00000000 00:00 0 
7f3e9c10d000-7f3ea0000000 ---p 00000000 00:00 0 
7f3ea38ee000-7f3ea39ee000 rw-p 00000000 00:00 0 
7f3ea39ee000-7f3ea39f1000 ---p 00000000 00:00 0 
7f3ea39f1000-7f3ea3aef000 rw-p 00000000 00:00 0                          [stack:29721]
7f3ea3aef000-7f3ea3bfc000 r--s 010c9000 00:2c 55319431                   /home/ppginf/vdfontoura/psp-2D/chapter_approach/target/IBEAHH.jar
7f3ea3bfc000-7f3ea3bfd000 ---p 00000000 00:00 0 
7f3ea3bfd000-7f3ea3cfd000 rw-p 00000000 00:00 0                          [stack:29450]
7f3ea3cfd000-7f3ea3d00000 ---p 00000000 00:00 0 
7f3ea3d00000-7f3ea3dfe000 rw-p 00000000 00:00 0                          [stack:29439]
7f3ea3dfe000-7f3ea3e01000 ---p 00000000 00:00 0 
7f3ea3e01000-7f3ea3eff000 rw-p 00000000 00:00 0                          [stack:29255]
7f3ea3eff000-7f3ea3f02000 ---p 00000000 00:00 0 
7f3ea3f02000-7f3ea4000000 rw-p 00000000 00:00 0                          [stack:29250]
7f3ea4000000-7f3ea45be000 rw-p 00000000 00:00 0 
7f3ea45be000-7f3ea8000000 ---p 00000000 00:00 0 
7f3ea8000000-7f3ea80ea000 rw-p 00000000 00:00 0 
7f3ea80ea000-7f3eac000000 ---p 00000000 00:00 0 
7f3eac000000-7f3eac629000 rw-p 00000000 00:00 0 
7f3eac629000-7f3eb0000000 ---p 00000000 00:00 0 
7f3eb0000000-7f3eb0600000 rw-p 00000000 00:00 0 
7f3eb0600000-7f3eb4000000 ---p 00000000 00:00 0 
7f3eb4000000-7f3eb42f2000 rw-p 00000000 00:00 0 
7f3eb42f2000-7f3eb8000000 ---p 00000000 00:00 0 
7f3eb8000000-7f3eb87ce000 rw-p 00000000 00:00 0 
7f3eb87ce000-7f3ebc000000 ---p 00000000 00:00 0 
7f3ebc000000-7f3ebc4f2000 rw-p 00000000 00:00 0 
7f3ebc4f2000-7f3ec0000000 ---p 00000000 00:00 0 
7f3ec0000000-7f3ec04a7000 rw-p 00000000 00:00 0 
7f3ec04a7000-7f3ec4000000 ---p 00000000 00:00 0 
7f3ec4000000-7f3ec444b000 rw-p 00000000 00:00 0 
7f3ec444b000-7f3ec8000000 ---p 00000000 00:00 0 
7f3ec8000000-7f3ec83da000 rw-p 00000000 00:00 0 
7f3ec83da000-7f3ecc000000 ---p 00000000 00:00 0 
7f3ecc000000-7f3ecc021000 rw-p 00000000 00:00 0 
7f3ecc021000-7f3ed0000000 ---p 00000000 00:00 0 
7f3ed0000000-7f3ed03de000 rw-p 00000000 00:00 0 
7f3ed03de000-7f3ed4000000 ---p 00000000 00:00 0 
7f3ed4000000-7f3ed4021000 rw-p 00000000 00:00 0 
7f3ed4021000-7f3ed8000000 ---p 00000000 00:00 0 
7f3ed8000000-7f3ed8021000 rw-p 00000000 00:00 0 
7f3ed8021000-7f3edc000000 ---p 00000000 00:00 0 
7f3edc000000-7f3edc28c000 rw-p 00000000 00:00 0 
7f3edc28c000-7f3ee0000000 ---p 00000000 00:00 0 
7f3ee000e000-7f3ee0011000 ---p 00000000 00:00 0 
7f3ee0011000-7f3ee010f000 rw-p 00000000 00:00 0                          [stack:29242]
7f3ee010f000-7f3ee0112000 ---p 00000000 00:00 0 
7f3ee0112000-7f3ee0210000 rw-p 00000000 00:00 0                          [stack:29226]
7f3ee0210000-7f3ee0213000 ---p 00000000 00:00 0 
7f3ee0213000-7f3ee0311000 rw-p 00000000 00:00 0                          [stack:29216]
7f3ee0311000-7f3ee0314000 ---p 00000000 00:00 0 
7f3ee0314000-7f3ee0412000 rw-p 00000000 00:00 0                          [stack:29209]
7f3ee0412000-7f3ee0415000 ---p 00000000 00:00 0 
7f3ee0415000-7f3ee0513000 rw-p 00000000 00:00 0                          [stack:29207]
7f3ee0513000-7f3ee0516000 ---p 00000000 00:00 0 
7f3ee0516000-7f3ee0614000 rw-p 00000000 00:00 0                          [stack:29205]
7f3ee0614000-7f3ee0617000 ---p 00000000 00:00 0 
7f3ee0617000-7f3ee0715000 rw-p 00000000 00:00 0                          [stack:29203]
7f3ee0715000-7f3ee0718000 ---p 00000000 00:00 0 
7f3ee0718000-7f3ee0816000 rw-p 00000000 00:00 0                          [stack:29200]
7f3ee0816000-7f3ee0819000 ---p 00000000 00:00 0 
7f3ee0819000-7f3ee0917000 rw-p 00000000 00:00 0                          [stack:29197]
7f3ee0917000-7f3ee091a000 ---p 00000000 00:00 0 
7f3ee091a000-7f3ee0a18000 rw-p 00000000 00:00 0                          [stack:29193]
7f3ee0a18000-7f3ee0a1b000 ---p 00000000 00:00 0 
7f3ee0a1b000-7f3ee0b19000 rw-p 00000000 00:00 0                          [stack:29191]
7f3ee0b19000-7f3ee0b1c000 ---p 00000000 00:00 0 
7f3ee0b1c000-7f3ee0c1a000 rw-p 00000000 00:00 0                          [stack:29190]
7f3ee0c1a000-7f3ee0c1d000 ---p 00000000 00:00 0 
7f3ee0c1d000-7f3ee0d1b000 rw-p 00000000 00:00 0                          [stack:29188]
7f3ee0d1b000-7f3ee0d1e000 ---p 00000000 00:00 0 
7f3ee0d1e000-7f3ee0e1c000 rw-p 00000000 00:00 0                          [stack:29184]
7f3ee0e1c000-7f3ee13d4000 r--p 00000000 00:15 231                        /usr/lib/locale/locale-archive
7f3ee13d4000-7f3ee13d7000 ---p 00000000 00:00 0 
7f3ee13d7000-7f3ee14d5000 rw-p 00000000 00:00 0                          [stack:29129]
7f3ee14d5000-7f3ee14d8000 ---p 00000000 00:00 0 
7f3ee14d8000-7f3ee15d6000 rw-p 00000000 00:00 0                          [stack:29113]
7f3ee15d6000-7f3ee15d7000 ---p 00000000 00:00 0 
7f3ee15d7000-7f3ee4000000 rw-p 00000000 00:00 0                          [stack:29095]
7f3ee4000000-7f3ee4021000 rw-p 00000000 00:00 0 
7f3ee4021000-7f3ee8000000 ---p 00000000 00:00 0 
7f3ee80c2000-7f3efc000000 rw-p 00000000 00:00 0 
7f3efc000000-7f3efc021000 rw-p 00000000 00:00 0 
7f3efc021000-7f3f00000000 ---p 00000000 00:00 0 
7f3f00000000-7f3f00021000 rw-p 00000000 00:00 0 
7f3f00021000-7f3f04000000 ---p 00000000 00:00 0 
7f3f04000000-7f3f04021000 rw-p 00000000 00:00 0 
7f3f04021000-7f3f08000000 ---p 00000000 00:00 0 
7f3f08000000-7f3f08021000 rw-p 00000000 00:00 0 
7f3f08021000-7f3f0c000000 ---p 00000000 00:00 0 
7f3f0c000000-7f3f0c021000 rw-p 00000000 00:00 0 
7f3f0c021000-7f3f10000000 ---p 00000000 00:00 0 
7f3f10000000-7f3f10021000 rw-p 00000000 00:00 0 
7f3f10021000-7f3f14000000 ---p 00000000 00:00 0 
7f3f14000000-7f3f14021000 rw-p 00000000 00:00 0 
7f3f14021000-7f3f18000000 ---p 00000000 00:00 0 
7f3f18000000-7f3f18021000 rw-p 00000000 00:00 0 
7f3f18021000-7f3f1c000000 ---p 00000000 00:00 0 
7f3f1c000000-7f3f1c021000 rw-p 00000000 00:00 0 
7f3f1c021000-7f3f20000000 ---p 00000000 00:00 0 
7f3f20000000-7f3f20021000 rw-p 00000000 00:00 0 
7f3f20021000-7f3f24000000 ---p 00000000 00:00 0 
7f3f24000000-7f3f24021000 rw-p 00000000 00:00 0 
7f3f24021000-7f3f28000000 ---p 00000000 00:00 0 
7f3f28000000-7f3f28021000 rw-p 00000000 00:00 0 
7f3f28021000-7f3f2c000000 ---p 00000000 00:00 0 
7f3f2c000000-7f3f2c021000 rw-p 00000000 00:00 0 
7f3f2c021000-7f3f30000000 ---p 00000000 00:00 0 
7f3f30000000-7f3f30021000 rw-p 00000000 00:00 0 
7f3f30021000-7f3f34000000 ---p 00000000 00:00 0 
7f3f34000000-7f3f34021000 rw-p 00000000 00:00 0 
7f3f34021000-7f3f38000000 ---p 00000000 00:00 0 
7f3f38000000-7f3f38021000 rw-p 00000000 00:00 0 
7f3f38021000-7f3f3c000000 ---p 00000000 00:00 0 
7f3f3c000000-7f3f3c021000 rw-p 00000000 00:00 0 
7f3f3c021000-7f3f40000000 ---p 00000000 00:00 0 
7f3f40000000-7f3f40021000 rw-p 00000000 00:00 0 
7f3f40021000-7f3f44000000 ---p 00000000 00:00 0 
7f3f44000000-7f3f44021000 rw-p 00000000 00:00 0 
7f3f44021000-7f3f48000000 ---p 00000000 00:00 0 
7f3f48000000-7f3f48021000 rw-p 00000000 00:00 0 
7f3f48021000-7f3f4c000000 ---p 00000000 00:00 0 
7f3f4c000000-7f3f4c021000 rw-p 00000000 00:00 0 
7f3f4c021000-7f3f50000000 ---p 00000000 00:00 0 
7f3f50000000-7f3f50021000 rw-p 00000000 00:00 0 
7f3f50021000-7f3f54000000 ---p 00000000 00:00 0 
7f3f54078000-7f3f55189000 rw-p 00000000 00:00 0 
7f3f55189000-7f3f55362000 r--s 03d09000 00:2c 34523101                   /home/ppginf/vdfontoura/jdk1.8.0_45/jre/lib/rt.jar
7f3f55362000-7f3f55822000 rw-p 00000000 00:00 0 
7f3f55822000-7f3f55b62000 ---p 00000000 00:00 0 
7f3f55b62000-7f3f56f34000 rw-p 00000000 00:00 0 
7f3f56f34000-7f3f56f35000 ---p 00000000 00:00 0 
7f3f56f35000-7f3f57035000 rw-p 00000000 00:00 0                          [stack:29051]
7f3f57035000-7f3f57036000 ---p 00000000 00:00 0 
7f3f57036000-7f3f57136000 rw-p 00000000 00:00 0                          [stack:29042]
7f3f57136000-7f3f57137000 ---p 00000000 00:00 0 
7f3f57137000-7f3f57237000 rw-p 00000000 00:00 0                          [stack:29041]
7f3f57237000-7f3f57238000 ---p 00000000 00:00 0 
7f3f57238000-7f3f57338000 rw-p 00000000 00:00 0                          [stack:29038]
7f3f57338000-7f3f57339000 ---p 00000000 00:00 0 
7f3f57339000-7f3f57439000 rw-p 00000000 00:00 0                          [stack:29034]
7f3f57439000-7f3f5743a000 ---p 00000000 00:00 0 
7f3f5743a000-7f3f5753a000 rw-p 00000000 00:00 0                          [stack:29031]
7f3f5753a000-7f3f5753b000 ---p 00000000 00:00 0 
7f3f5753b000-7f3f5763b000 rw-p 00000000 00:00 0                          [stack:29027]
7f3f5763b000-7f3f5763c000 ---p 00000000 00:00 0 
7f3f5763c000-7f3f5773c000 rw-p 00000000 00:00 0                          [stack:29024]
7f3f5773c000-7f3f5773d000 ---p 00000000 00:00 0 
7f3f5773d000-7f3f5783d000 rw-p 00000000 00:00 0                          [stack:29020]
7f3f5783d000-7f3f5783e000 ---p 00000000 00:00 0 
7f3f5783e000-7f3f5793e000 rw-p 00000000 00:00 0                          [stack:29017]
7f3f5793e000-7f3f5793f000 ---p 00000000 00:00 0 
7f3f5793f000-7f3f57a3f000 rw-p 00000000 00:00 0                          [stack:29014]
7f3f57a3f000-7f3f57a40000 ---p 00000000 00:00 0 
7f3f57a40000-7f3f57b40000 rw-p 00000000 00:00 0                          [stack:29011]
7f3f57b40000-7f3f57b41000 ---p 00000000 00:00 0 
7f3f57b41000-7f3f57c41000 rw-p 00000000 00:00 0                          [stack:29009]
7f3f57c41000-7f3f57c42000 ---p 00000000 00:00 0 
7f3f57c42000-7f3f57d42000 rw-p 00000000 00:00 0                          [stack:29007]
7f3f57d42000-7f3f57d43000 ---p 00000000 00:00 0 
7f3f57d43000-7f3f57e43000 rw-p 00000000 00:00 0                          [stack:29005]
7f3f57e43000-7f3f57e44000 ---p 00000000 00:00 0 
7f3f57e44000-7f3f57f44000 rw-p 00000000 00:00 0                          [stack:29003]
7f3f57f44000-7f3f57f45000 ---p 00000000 00:00 0 
7f3f57f45000-7f3f58045000 rw-p 00000000 00:00 0                          [stack:29001]
7f3f58045000-7f3f58046000 ---p 00000000 00:00 0 
7f3f58046000-7f3f58146000 rw-p 00000000 00:00 0                          [stack:28999]
7f3f58146000-7f3f58147000 ---p 00000000 00:00 0 
7f3f58147000-7f3f58247000 rw-p 00000000 00:00 0                          [stack:28996]
7f3f58247000-7f3f58248000 ---p 00000000 00:00 0 
7f3f58248000-7f3f58683000 rw-p 00000000 00:00 0                          [stack:28993]
7f3f58683000-7f3f59000000 ---p 00000000 00:00 0 
7f3f59000000-7f3f595d0000 rwxp 00000000 00:00 0 
7f3f595d0000-7f3f68000000 ---p 00000000 00:00 0 
7f3f68000000-7f3f68505000 rw-p 00000000 00:00 0 
7f3f68505000-7f3f6c000000 ---p 00000000 00:00 0 
7f3f6c004000-7f3f6c026000 r--p 00000000 00:15 9382                       /usr/share/locale-langpack/pt_BR/LC_MESSAGES/libc.mo
7f3f6c026000-7f3f6c09c000 rw-p 00000000 00:00 0 
7f3f6c09c000-7f3f6c09d000 ---p 00000000 00:00 0 
7f3f6c09d000-7f3f6c19d000 rw-p 00000000 00:00 0                          [stack:28990]
7f3f6c19d000-7f3f6c19e000 ---p 00000000 00:00 0 
7f3f6c19e000-7f3f6c29e000 rw-p 00000000 00:00 0                          [stack:28987]
7f3f6c29e000-7f3f6c29f000 ---p 00000000 00:00 0 
7f3f6c29f000-7f3f6c6da000 rw-p 00000000 00:00 0                          [stack:28983]
7f3f6c6da000-7f3f6d056000 ---p 00000000 00:00 0 
7f3f6d056000-7f3f6d695000 rw-p 00000000 00:00 0 
7f3f6d695000-7f3f6d6b2000 ---p 00000000 00:00 0 
7f3f6d6b2000-7f3f6d6cb000 rw-p 00000000 00:00 0 
7f3f6d6cb000-7f3f6da73000 ---p 00000000 00:00 0 
7f3f6da73000-7f3f6da8d000 r-xp 00000000 00:2c 34523211                   /home/ppginf/vdfontoura/jdk1.8.0_45/jre/lib/amd64/libzip.so
7f3f6da8d000-7f3f6dc8d000 ---p 0001a000 00:2c 34523211                   /home/ppginf/vdfontoura/jdk1.8.0_45/jre/lib/amd64/libzip.so
7f3f6dc8d000-7f3f6dc8e000 rw-p 0001a000 00:2c 34523211                   /home/ppginf/vdfontoura/jdk1.8.0_45/jre/lib/amd64/libzip.so
7f3f6dc8e000-7f3f6dc9a000 r-xp 00000000 00:15 181                        /lib/x86_64-linux-gnu/libnss_ldap.so.2
7f3f6dc9a000-7f3f6de99000 ---p 0000c000 00:15 181                        /lib/x86_64-linux-gnu/libnss_ldap.so.2
7f3f6de99000-7f3f6de9a000 r--p 0000b000 00:15 181                        /lib/x86_64-linux-gnu/libnss_ldap.so.2
7f3f6de9a000-7f3f6de9b000 rw-p 0000c000 00:15 181                        /lib/x86_64-linux-gnu/libnss_ldap.so.2
7f3f6de9b000-7f3f6dea6000 r-xp 00000000 00:15 178                        /lib/x86_64-linux-gnu/libnss_files-2.19.so
7f3f6dea6000-7f3f6e0a5000 ---p 0000b000 00:15 178                        /lib/x86_64-linux-gnu/libnss_files-2.19.so
7f3f6e0a5000-7f3f6e0a6000 r--p 0000a000 00:15 178                        /lib/x86_64-linux-gnu/libnss_files-2.19.so
7f3f6e0a6000-7f3f6e0a7000 rw-p 0000b000 00:15 178                        /lib/x86_64-linux-gnu/libnss_files-2.19.so
7f3f6e0a7000-7f3f6e0b2000 r-xp 00000000 00:15 176                        /lib/x86_64-linux-gnu/libnss_nis-2.19.so
7f3f6e0b2000-7f3f6e2b1000 ---p 0000b000 00:15 176                        /lib/x86_64-linux-gnu/libnss_nis-2.19.so
7f3f6e2b1000-7f3f6e2b2000 r--p 0000a000 00:15 176                        /lib/x86_64-linux-gnu/libnss_nis-2.19.so
7f3f6e2b2000-7f3f6e2b3000 rw-p 0000b000 00:15 176                        /lib/x86_64-linux-gnu/libnss_nis-2.19.so
7f3f6e2b3000-7f3f6e2ca000 r-xp 00000000 00:15 174                        /lib/x86_64-linux-gnu/libnsl-2.19.so
7f3f6e2ca000-7f3f6e4c9000 ---p 00017000 00:15 174                        /lib/x86_64-linux-gnu/libnsl-2.19.so
7f3f6e4c9000-7f3f6e4ca000 r--p 00016000 00:15 174                        /lib/x86_64-linux-gnu/libnsl-2.19.so
7f3f6e4ca000-7f3f6e4cb000 rw-p 00017000 00:15 174                        /lib/x86_64-linux-gnu/libnsl-2.19.so
7f3f6e4cb000-7f3f6e4cd000 rw-p 00000000 00:00 0 
7f3f6e4cd000-7f3f6e4d6000 r-xp 00000000 00:15 172                        /lib/x86_64-linux-gnu/libnss_compat-2.19.so
7f3f6e4d6000-7f3f6e6d5000 ---p 00009000 00:15 172                        /lib/x86_64-linux-gnu/libnss_compat-2.19.so
7f3f6e6d5000-7f3f6e6d6000 r--p 00008000 00:15 172                        /lib/x86_64-linux-gnu/libnss_compat-2.19.so
7f3f6e6d6000-7f3f6e6d7000 rw-p 00009000 00:15 172                        /lib/x86_64-linux-gnu/libnss_compat-2.19.so
7f3f6e6d7000-7f3f6e701000 r-xp 00000000 00:2c 34523126                   /home/ppginf/vdfontoura/jdk1.8.0_45/jre/lib/amd64/libjava.so
7f3f6e701000-7f3f6e901000 ---p 0002a000 00:2c 34523126                   /home/ppginf/vdfontoura/jdk1.8.0_45/jre/lib/amd64/libjava.so
7f3f6e901000-7f3f6e903000 rw-p 0002a000 00:2c 34523126                   /home/ppginf/vdfontoura/jdk1.8.0_45/jre/lib/amd64/libjava.so
7f3f6e903000-7f3f6e910000 r-xp 00000000 00:2c 34523210                   /home/ppginf/vdfontoura/jdk1.8.0_45/jre/lib/amd64/libverify.so
7f3f6e910000-7f3f6eb10000 ---p 0000d000 00:2c 34523210                   /home/ppginf/vdfontoura/jdk1.8.0_45/jre/lib/amd64/libverify.so
7f3f6eb10000-7f3f6eb12000 rw-p 0000d000 00:2c 34523210                   /home/ppginf/vdfontoura/jdk1.8.0_45/jre/lib/amd64/libverify.so
7f3f6eb12000-7f3f6eb19000 r-xp 00000000 00:15 44                         /lib/x86_64-linux-gnu/librt-2.19.so
7f3f6eb19000-7f3f6ed18000 ---p 00007000 00:15 44                         /lib/x86_64-linux-gnu/librt-2.19.so
7f3f6ed18000-7f3f6ed19000 r--p 00006000 00:15 44                         /lib/x86_64-linux-gnu/librt-2.19.so
7f3f6ed19000-7f3f6ed1a000 rw-p 00007000 00:15 44                         /lib/x86_64-linux-gnu/librt-2.19.so
7f3f6ed1a000-7f3f6ee1f000 r-xp 00000000 00:15 307                        /lib/x86_64-linux-gnu/libm-2.19.so
7f3f6ee1f000-7f3f6f01e000 ---p 00105000 00:15 307                        /lib/x86_64-linux-gnu/libm-2.19.so
7f3f6f01e000-7f3f6f01f000 r--p 00104000 00:15 307                        /lib/x86_64-linux-gnu/libm-2.19.so
7f3f6f01f000-7f3f6f020000 rw-p 00105000 00:15 307                        /lib/x86_64-linux-gnu/libm-2.19.so
7f3f6f020000-7f3f6fcce000 r-xp 00000000 00:2c 34523214                   /home/ppginf/vdfontoura/jdk1.8.0_45/jre/lib/amd64/server/libjvm.so
7f3f6fcce000-7f3f6fecd000 ---p 00cae000 00:2c 34523214                   /home/ppginf/vdfontoura/jdk1.8.0_45/jre/lib/amd64/server/libjvm.so
7f3f6fecd000-7f3f6ffa4000 rw-p 00cad000 00:2c 34523214                   /home/ppginf/vdfontoura/jdk1.8.0_45/jre/lib/amd64/server/libjvm.so
7f3f6ffa4000-7f3f6ffe8000 rw-p 00000000 00:00 0 
7f3f6ffe8000-7f3f701a3000 r-xp 00000000 00:15 46                         /lib/x86_64-linux-gnu/libc-2.19.so
7f3f701a3000-7f3f703a2000 ---p 001bb000 00:15 46                         /lib/x86_64-linux-gnu/libc-2.19.so
7f3f703a2000-7f3f703a6000 r--p 001ba000 00:15 46                         /lib/x86_64-linux-gnu/libc-2.19.so
7f3f703a6000-7f3f703a8000 rw-p 001be000 00:15 46                         /lib/x86_64-linux-gnu/libc-2.19.so
7f3f703a8000-7f3f703ad000 rw-p 00000000 00:00 0 
7f3f703ad000-7f3f703b0000 r-xp 00000000 00:15 52                         /lib/x86_64-linux-gnu/libdl-2.19.so
7f3f703b0000-7f3f705af000 ---p 00003000 00:15 52                         /lib/x86_64-linux-gnu/libdl-2.19.so
7f3f705af000-7f3f705b0000 r--p 00002000 00:15 52                         /lib/x86_64-linux-gnu/libdl-2.19.so
7f3f705b0000-7f3f705b1000 rw-p 00003000 00:15 52                         /lib/x86_64-linux-gnu/libdl-2.19.so
7f3f705b1000-7f3f705c6000 r-xp 00000000 00:2c 34523376                   /home/ppginf/vdfontoura/jdk1.8.0_45/lib/amd64/jli/libjli.so
7f3f705c6000-7f3f707c6000 ---p 00015000 00:2c 34523376                   /home/ppginf/vdfontoura/jdk1.8.0_45/lib/amd64/jli/libjli.so
7f3f707c6000-7f3f707c7000 rw-p 00015000 00:2c 34523376                   /home/ppginf/vdfontoura/jdk1.8.0_45/lib/amd64/jli/libjli.so
7f3f707c7000-7f3f707e0000 r-xp 00000000 00:15 48                         /lib/x86_64-linux-gnu/libpthread-2.19.so
7f3f707e0000-7f3f709df000 ---p 00019000 00:15 48                         /lib/x86_64-linux-gnu/libpthread-2.19.so
7f3f709df000-7f3f709e0000 r--p 00018000 00:15 48                         /lib/x86_64-linux-gnu/libpthread-2.19.so
7f3f709e0000-7f3f709e1000 rw-p 00019000 00:15 48                         /lib/x86_64-linux-gnu/libpthread-2.19.so
7f3f709e1000-7f3f709e5000 rw-p 00000000 00:00 0 
7f3f709e5000-7f3f70a08000 r-xp 00000000 00:15 32                         /lib/x86_64-linux-gnu/ld-2.19.so
7f3f70a1a000-7f3f70ac4000 rw-p 00000000 00:00 0 
7f3f70ac4000-7f3f70ac7000 ---p 00000000 00:00 0 
7f3f70ac7000-7f3f70bc9000 rw-p 00000000 00:00 0                          [stack:28361]
7f3f70bcd000-7f3f70bd4000 r--s 00000000 00:15 245                        /usr/lib/x86_64-linux-gnu/gconv/gconv-modules.cache
7f3f70bd4000-7f3f70bdf000 r--s 00116000 00:2c 34523300                   /home/ppginf/vdfontoura/jdk1.8.0_45/jre/lib/ext/localedata.jar
7f3f70bdf000-7f3f70bfb000 r--s 00393000 00:2c 34523297                   /home/ppginf/vdfontoura/jdk1.8.0_45/jre/lib/ext/cldrdata.jar
7f3f70bfb000-7f3f70c03000 rw-s 00000000 00:1a 176426                     /tmp/hsperfdata_vdfontoura/28333
7f3f70c03000-7f3f70c04000 rw-p 00000000 00:00 0 
7f3f70c04000-7f3f70c05000 ---p 00000000 00:00 0 
7f3f70c05000-7f3f70c07000 rw-p 00000000 00:00 0 
7f3f70c07000-7f3f70c08000 r--p 00022000 00:15 32                         /lib/x86_64-linux-gnu/ld-2.19.so
7f3f70c08000-7f3f70c09000 rw-p 00023000 00:15 32                         /lib/x86_64-linux-gnu/ld-2.19.so
7f3f70c09000-7f3f70c0a000 rw-p 00000000 00:00 0 
7ffe5c731000-7ffe5c752000 rw-p 00000000 00:00 0                          [stack]
7ffe5c787000-7ffe5c789000 r--p 00000000 00:00 0                          [vvar]
7ffe5c789000-7ffe5c78b000 r-xp 00000000 00:00 0                          [vdso]
ffffffffff600000-ffffffffff601000 r-xp 00000000 00:00 0                  [vsyscall]

VM Arguments:
java_command: ../../target/IBEAHH.jar 2500 2500000 SinglePointCrossover,IntegerTwoPointsCrossover,MultiPointsCrossover BitFlipMutation,LoopMoveOperator,LocalMoveOperator,SegmentMutation,OppositeMoveOperator 2000 1.0 1.0 1 1 ibea-result-2500/result-10 0 0 Random PPPHHPPHHPPPPPPHHHHHHHPPHHPPPPHHPPHPP false 50
java_class_path (initial): ../../target/IBEAHH.jar
Launcher Type: SUN_STANDARD

Environment Variables:
JAVA_HOME=/home/ppginf/vdfontoura/jdk1.8.0_45/
PATH=/home/ppginf/vdfontoura/jdk1.8.0_45//bin:/usr/local/sbin:/usr/local/bin:/usr/sbin:/usr/bin:/sbin:/bin:/usr/games:/usr/local/games:.:/home/html/inf/silvia/topicos/ferramentas/poketool/bin:/home/html/inf/silvia/topicos/ferramentas/proteum1.4.1/LINUX/bin:/home/ppginf/vdfontoura/tools/apache-maven-3.3.3/bin
SHELL=/bin/bash

Signal Handlers:
SIGSEGV: [libjvm.so+0xaad1e0], sa_mask[0]=11111111011111111101111111111110, sa_flags=SA_RESTART|SA_SIGINFO
SIGBUS: [libjvm.so+0xaad1e0], sa_mask[0]=11111111011111111101111111111110, sa_flags=SA_RESTART|SA_SIGINFO
SIGFPE: [libjvm.so+0x90b450], sa_mask[0]=11111111011111111101111111111110, sa_flags=SA_RESTART|SA_SIGINFO
SIGPIPE: [libjvm.so+0x90b450], sa_mask[0]=11111111011111111101111111111110, sa_flags=SA_RESTART|SA_SIGINFO
SIGXFSZ: [libjvm.so+0x90b450], sa_mask[0]=11111111011111111101111111111110, sa_flags=SA_RESTART|SA_SIGINFO
SIGILL: [libjvm.so+0x90b450], sa_mask[0]=11111111011111111101111111111110, sa_flags=SA_RESTART|SA_SIGINFO
SIGUSR1: SIG_DFL, sa_mask[0]=00000000000000000000000000000000, sa_flags=none
SIGUSR2: [libjvm.so+0x90ca90], sa_mask[0]=00000000000000000000000000000000, sa_flags=SA_RESTART|SA_SIGINFO
SIGHUP: SIG_IGN, sa_mask[0]=00000000000000000000000000000000, sa_flags=none
SIGINT: SIG_IGN, sa_mask[0]=00000000000000000000000000000000, sa_flags=none
SIGTERM: [libjvm.so+0x90dde0], sa_mask[0]=11111111011111111101111111111110, sa_flags=SA_RESTART|SA_SIGINFO
SIGQUIT: [libjvm.so+0x90dde0], sa_mask[0]=11111111011111111101111111111110, sa_flags=SA_RESTART|SA_SIGINFO


---------------  S Y S T E M  ---------------

OS:DISTRIB_ID=LinuxMint
DISTRIB_RELEASE=17
DISTRIB_CODENAME=qiana
DISTRIB_DESCRIPTION="Linux Mint 17 Qiana"

uname:Linux 4.0.1-kernel+ #2 SMP Wed May 6 16:11:56 BRT 2015 x86_64
libc:glibc 2.19 NPTL 2.19 
rlimit: STACK 8192k, CORE 0k, NPROC 30240, NOFILE 4096, AS 20000000k
load average:79,56 56,01 46,22

/proc/meminfo:
MemTotal:       127909028 kB
MemFree:         7687808 kB
MemAvailable:    7635492 kB
Buffers:               0 kB
Cached:            50524 kB
SwapCached:            0 kB
Active:         119557176 kB
Inactive:          32612 kB
Active(anon):   119547696 kB
Inactive(anon):    16096 kB
Active(file):       9480 kB
Inactive(file):    16516 kB
Unevictable:           0 kB
Mlocked:               0 kB
SwapTotal:             0 kB
SwapFree:              0 kB
Dirty:                60 kB
Writeback:             0 kB
AnonPages:      119541848 kB
Mapped:            15696 kB
Shmem:             22700 kB
Slab:             107708 kB
SReclaimable:      38308 kB
SUnreclaim:        69400 kB
KernelStack:       27952 kB
PageTables:       254728 kB
NFS_Unstable:          4 kB
Bounce:                0 kB
WritebackTmp:          0 kB
CommitLimit:    63954512 kB
Committed_AS:   134479668 kB
VmallocTotal:   34359738367 kB
VmallocUsed:      220044 kB
VmallocChunk:   34359511436 kB
HardwareCorrupted:     0 kB
AnonHugePages:         0 kB
HugePages_Total:       0
HugePages_Free:        0
HugePages_Rsvd:        0
HugePages_Surp:        0
Hugepagesize:       2048 kB
DirectMap4k:       94192 kB
DirectMap2M:     6197248 kB
DirectMap1G:    123731968 kB


CPU:total 32 (1 cores per cpu, 1 threads per core) family 16 model 9 stepping 1, cmov, cx8, fxsr, mmx, sse, sse2, sse3, popcnt, mmxext, 3dnowpref, lzcnt, sse4a, tsc

/proc/cpuinfo:
processor	: 0
vendor_id	: AuthenticAMD
cpu family	: 16
model		: 9
model name	: AMD Opteron(tm) Processor 6136
stepping	: 1
microcode	: 0x1000065
cpu MHz		: 2400.178
cache size	: 512 KB
physical id	: 0
siblings	: 1
core id		: 0
cpu cores	: 1
apicid		: 0
initial apicid	: 0
fpu		: yes
fpu_exception	: yes
cpuid level	: 5
wp		: yes
flags		: fpu vme de pse tsc msr pae mce cx8 apic sep mtrr pge mca cmov pat pse36 clflush mmx fxsr sse sse2 syscall nx mmxext fxsr_opt pdpe1gb lm 3dnowext 3dnow rep_good nopl extd_apicid pni cx16 x2apic popcnt hypervisor lahf_lm cmp_legacy svm cr8_legacy abm sse4a misalignsse 3dnowprefetch osvw npt nrip_save vmmcall
bugs		: tlb_mmatch fxsave_leak
bogomips	: 4800.35
TLB size	: 1024 4K pages
clflush size	: 64
cache_alignment	: 64
address sizes	: 40 bits physical, 48 bits virtual
power management:

processor	: 1
vendor_id	: AuthenticAMD
cpu family	: 16
model		: 9
model name	: AMD Opteron(tm) Processor 6136
stepping	: 1
microcode	: 0x1000065
cpu MHz		: 2400.178
cache size	: 512 KB
physical id	: 1
siblings	: 1
core id		: 0
cpu cores	: 1
apicid		: 1
initial apicid	: 1
fpu		: yes
fpu_exception	: yes
cpuid level	: 5
wp		: yes
flags		: fpu vme de pse tsc msr pae mce cx8 apic sep mtrr pge mca cmov pat pse36 clflush mmx fxsr sse sse2 syscall nx mmxext fxsr_opt pdpe1gb lm 3dnowext 3dnow rep_good nopl extd_apicid pni cx16 x2apic popcnt hypervisor lahf_lm cmp_legacy svm cr8_legacy abm sse4a misalignsse 3dnowprefetch osvw npt nrip_save vmmcall
bugs		: tlb_mmatch fxsave_leak
bogomips	: 4800.35
TLB size	: 1024 4K pages
clflush size	: 64
cache_alignment	: 64
address sizes	: 40 bits physical, 48 bits virtual
power management:

processor	: 2
vendor_id	: AuthenticAMD
cpu family	: 16
model		: 9
model name	: AMD Opteron(tm) Processor 6136
stepping	: 1
microcode	: 0x1000065
cpu MHz		: 2400.178
cache size	: 512 KB
physical id	: 2
siblings	: 1
core id		: 0
cpu cores	: 1
apicid		: 2
initial apicid	: 2
fpu		: yes
fpu_exception	: yes
cpuid level	: 5
wp		: yes
flags		: fpu vme de pse tsc msr pae mce cx8 apic sep mtrr pge mca cmov pat pse36 clflush mmx fxsr sse sse2 syscall nx mmxext fxsr_opt pdpe1gb lm 3dnowext 3dnow rep_good nopl extd_apicid pni cx16 x2apic popcnt hypervisor lahf_lm cmp_legacy svm cr8_legacy abm sse4a misalignsse 3dnowprefetch osvw npt nrip_save vmmcall
bugs		: tlb_mmatch fxsave_leak
bogomips	: 4800.35
TLB size	: 1024 4K pages
clflush size	: 64
cache_alignment	: 64
address sizes	: 40 bits physical, 48 bits virtual
power management:

processor	: 3
vendor_id	: AuthenticAMD
cpu family	: 16
model		: 9
model name	: AMD Opteron(tm) Processor 6136
stepping	: 1
microcode	: 0x1000065
cpu MHz		: 2400.178
cache size	: 512 KB
physical id	: 3
siblings	: 1
core id		: 0
cpu cores	: 1
apicid		: 3
initial apicid	: 3
fpu		: yes
fpu_exception	: yes
cpuid level	: 5
wp		: yes
flags		: fpu vme de pse tsc msr pae mce cx8 apic sep mtrr pge mca cmov pat pse36 clflush mmx fxsr sse sse2 syscall nx mmxext fxsr_opt pdpe1gb lm 3dnowext 3dnow rep_good nopl extd_apicid pni cx16 x2apic popcnt hypervisor lahf_lm cmp_legacy svm cr8_legacy abm sse4a misalignsse 3dnowprefetch osvw npt nrip_save vmmcall
bugs		: tlb_mmatch fxsave_leak
bogomips	: 4800.35
TLB size	: 1024 4K pages
clflush size	: 64
cache_alignment	: 64
address sizes	: 40 bits physical, 48 bits virtual
power management:

processor	: 4
vendor_id	: AuthenticAMD
cpu family	: 16
model		: 9
model name	: AMD Opteron(tm) Processor 6136
stepping	: 1
microcode	: 0x1000065
cpu MHz		: 2400.178
cache size	: 512 KB
physical id	: 4
siblings	: 1
core id		: 0
cpu cores	: 1
apicid		: 4
initial apicid	: 4
fpu		: yes
fpu_exception	: yes
cpuid level	: 5
wp		: yes
flags		: fpu vme de pse tsc msr pae mce cx8 apic sep mtrr pge mca cmov pat pse36 clflush mmx fxsr sse sse2 syscall nx mmxext fxsr_opt pdpe1gb lm 3dnowext 3dnow rep_good nopl extd_apicid pni cx16 x2apic popcnt hypervisor lahf_lm cmp_legacy svm cr8_legacy abm sse4a misalignsse 3dnowprefetch osvw npt nrip_save vmmcall
bugs		: tlb_mmatch fxsave_leak
bogomips	: 4800.35
TLB size	: 1024 4K pages
clflush size	: 64
cache_alignment	: 64
address sizes	: 40 bits physical, 48 bits virtual
power management:

processor	: 5
vendor_id	: AuthenticAMD
cpu family	: 16
model		: 9
model name	: AMD Opteron(tm) Processor 6136
stepping	: 1
microcode	: 0x1000065
cpu MHz		: 2400.178
cache size	: 512 KB
physical id	: 5
siblings	: 1
core id		: 0
cpu cores	: 1
apicid		: 5
initial apicid	: 5
fpu		: yes
fpu_exception	: yes
cpuid level	: 5
wp		: yes
flags		: fpu vme de pse tsc msr pae mce cx8 apic sep mtrr pge mca cmov pat pse36 clflush mmx fxsr sse sse2 syscall nx mmxext fxsr_opt pdpe1gb lm 3dnowext 3dnow rep_good nopl extd_apicid pni cx16 x2apic popcnt hypervisor lahf_lm cmp_legacy svm cr8_legacy abm sse4a misalignsse 3dnowprefetch osvw npt nrip_save vmmcall
bugs		: tlb_mmatch fxsave_leak
bogomips	: 4800.35
TLB size	: 1024 4K pages
clflush size	: 64
cache_alignment	: 64
address sizes	: 40 bits physical, 48 bits virtual
power management:

processor	: 6
vendor_id	: AuthenticAMD
cpu family	: 16
model		: 9
model name	: AMD Opteron(tm) Processor 6136
stepping	: 1
microcode	: 0x1000065
cpu MHz		: 2400.178
cache size	: 512 KB
physical id	: 6
siblings	: 1
core id		: 0
cpu cores	: 1
apicid		: 6
initial apicid	: 6
fpu		: yes
fpu_exception	: yes
cpuid level	: 5
wp		: yes
flags		: fpu vme de pse tsc msr pae mce cx8 apic sep mtrr pge mca cmov pat pse36 clflush mmx fxsr sse sse2 syscall nx mmxext fxsr_opt pdpe1gb lm 3dnowext 3dnow rep_good nopl extd_apicid pni cx16 x2apic popcnt hypervisor lahf_lm cmp_legacy svm cr8_legacy abm sse4a misalignsse 3dnowprefetch osvw npt nrip_save vmmcall
bugs		: tlb_mmatch fxsave_leak
bogomips	: 4800.35
TLB size	: 1024 4K pages
clflush size	: 64
cache_alignment	: 64
address sizes	: 40 bits physical, 48 bits virtual
power management:

processor	: 7
vendor_id	: AuthenticAMD
cpu family	: 16
model		: 9
model name	: AMD Opteron(tm) Processor 6136
stepping	: 1
microcode	: 0x1000065
cpu MHz		: 2400.178
cache size	: 512 KB
physical id	: 7
siblings	: 1
core id		: 0
cpu cores	: 1
apicid		: 7
initial apicid	: 7
fpu		: yes
fpu_exception	: yes
cpuid level	: 5
wp		: yes
flags		: fpu vme de pse tsc msr pae mce cx8 apic sep mtrr pge mca cmov pat pse36 clflush mmx fxsr sse sse2 syscall nx mmxext fxsr_opt pdpe1gb lm 3dnowext 3dnow rep_good nopl extd_apicid pni cx16 x2apic popcnt hypervisor lahf_lm cmp_legacy svm cr8_legacy abm sse4a misalignsse 3dnowprefetch osvw npt nrip_save vmmcall
bugs		: tlb_mmatch fxsave_leak
bogomips	: 4800.35
TLB size	: 1024 4K pages
clflush size	: 64
cache_alignment	: 64
address sizes	: 40 bits physical, 48 bits virtual
power management:

processor	: 8
vendor_id	: AuthenticAMD
cpu family	: 16
model		: 9
model name	: AMD Opteron(tm) Processor 6136
stepping	: 1
microcode	: 0x1000065
cpu MHz		: 2400.178
cache size	: 512 KB
physical id	: 8
siblings	: 1
core id		: 0
cpu cores	: 1
apicid		: 8
initial apicid	: 8
fpu		: yes
fpu_exception	: yes
cpuid level	: 5
wp		: yes
flags		: fpu vme de pse tsc msr pae mce cx8 apic sep mtrr pge mca cmov pat pse36 clflush mmx fxsr sse sse2 syscall nx mmxext fxsr_opt pdpe1gb lm 3dnowext 3dnow rep_good nopl extd_apicid pni cx16 x2apic popcnt hypervisor lahf_lm cmp_legacy svm cr8_legacy abm sse4a misalignsse 3dnowprefetch osvw npt nrip_save vmmcall
bugs		: tlb_mmatch fxsave_leak
bogomips	: 4800.35
TLB size	: 1024 4K pages
clflush size	: 64
cache_alignment	: 64
address sizes	: 40 bits physical, 48 bits virtual
power management:

processor	: 9
vendor_id	: AuthenticAMD
cpu family	: 16
model		: 9
model name	: AMD Opteron(tm) Processor 6136
stepping	: 1
microcode	: 0x1000065
cpu MHz		: 2400.178
cache size	: 512 KB
physical id	: 9
siblings	: 1
core id		: 0
cpu cores	: 1
apicid		: 9
initial apicid	: 9
fpu		: yes
fpu_exception	: yes
cpuid level	: 5
wp		: yes
flags		: fpu vme de pse tsc msr pae mce cx8 apic sep mtrr pge mca cmov pat pse36 clflush mmx fxsr sse sse2 syscall nx mmxext fxsr_opt pdpe1gb lm 3dnowext 3dnow rep_good nopl extd_apicid pni cx16 x2apic popcnt hypervisor lahf_lm cmp_legacy svm cr8_legacy abm sse4a misalignsse 3dnowprefetch osvw npt nrip_save vmmcall
bugs		: tlb_mmatch fxsave_leak
bogomips	: 4800.35
TLB size	: 1024 4K pages
clflush size	: 64
cache_alignment	: 64
address sizes	: 40 bits physical, 48 bits virtual
power management:

processor	: 10
vendor_id	: AuthenticAMD
cpu family	: 16
model		: 9
model name	: AMD Opteron(tm) Processor 6136
stepping	: 1
microcode	: 0x1000065
cpu MHz		: 2400.178
cache size	: 512 KB
physical id	: 10
siblings	: 1
core id		: 0
cpu cores	: 1
apicid		: 10
initial apicid	: 10
fpu		: yes
fpu_exception	: yes
cpuid level	: 5
wp		: yes
flags		: fpu vme de pse tsc msr pae mce cx8 apic sep mtrr pge mca cmov pat pse36 clflush mmx fxsr sse sse2 syscall nx mmxext fxsr_opt pdpe1gb lm 3dnowext 3dnow rep_good nopl extd_apicid pni cx16 x2apic popcnt hypervisor lahf_lm cmp_legacy svm cr8_legacy abm sse4a misalignsse 3dnowprefetch osvw npt nrip_save vmmcall
bugs		: tlb_mmatch fxsave_leak
bogomips	: 4800.35
TLB size	: 1024 4K pages
clflush size	: 64
cache_alignment	: 64
address sizes	: 40 bits physical, 48 bits virtual
power management:

processor	: 11
vendor_id	: AuthenticAMD
cpu family	: 16
model		: 9
model name	: AMD Opteron(tm) Processor 6136
stepping	: 1
microcode	: 0x1000065
cpu MHz		: 2400.178
cache size	: 512 KB
physical id	: 11
siblings	: 1
core id		: 0
cpu cores	: 1
apicid		: 11
initial apicid	: 11
fpu		: yes
fpu_exception	: yes
cpuid level	: 5
wp		: yes
flags		: fpu vme de pse tsc msr pae mce cx8 apic sep mtrr pge mca cmov pat pse36 clflush mmx fxsr sse sse2 syscall nx mmxext fxsr_opt pdpe1gb lm 3dnowext 3dnow rep_good nopl extd_apicid pni cx16 x2apic popcnt hypervisor lahf_lm cmp_legacy svm cr8_legacy abm sse4a misalignsse 3dnowprefetch osvw npt nrip_save vmmcall
bugs		: tlb_mmatch fxsave_leak
bogomips	: 4800.35
TLB size	: 1024 4K pages
clflush size	: 64
cache_alignment	: 64
address sizes	: 40 bits physical, 48 bits virtual
power management:

processor	: 12
vendor_id	: AuthenticAMD
cpu family	: 16
model		: 9
model name	: AMD Opteron(tm) Processor 6136
stepping	: 1
microcode	: 0x1000065
cpu MHz		: 2400.178
cache size	: 512 KB
physical id	: 12
siblings	: 1
core id		: 0
cpu cores	: 1
apicid		: 12
initial apicid	: 12
fpu		: yes
fpu_exception	: yes
cpuid level	: 5
wp		: yes
flags		: fpu vme de pse tsc msr pae mce cx8 apic sep mtrr pge mca cmov pat pse36 clflush mmx fxsr sse sse2 syscall nx mmxext fxsr_opt pdpe1gb lm 3dnowext 3dnow rep_good nopl extd_apicid pni cx16 x2apic popcnt hypervisor lahf_lm cmp_legacy svm cr8_legacy abm sse4a misalignsse 3dnowprefetch osvw npt nrip_save vmmcall
bugs		: tlb_mmatch fxsave_leak
bogomips	: 4800.35
TLB size	: 1024 4K pages
clflush size	: 64
cache_alignment	: 64
address sizes	: 40 bits physical, 48 bits virtual
power management:

processor	: 13
vendor_id	: AuthenticAMD
cpu family	: 16
model		: 9
model name	: AMD Opteron(tm) Processor 6136
stepping	: 1
microcode	: 0x1000065
cpu MHz		: 2400.178
cache size	: 512 KB
physical id	: 13
siblings	: 1
core id		: 0
cpu cores	: 1
apicid		: 13
initial apicid	: 13
fpu		: yes
fpu_exception	: yes
cpuid level	: 5
wp		: yes
flags		: fpu vme de pse tsc msr pae mce cx8 apic sep mtrr pge mca cmov pat pse36 clflush mmx fxsr sse sse2 syscall nx mmxext fxsr_opt pdpe1gb lm 3dnowext 3dnow rep_good nopl extd_apicid pni cx16 x2apic popcnt hypervisor lahf_lm cmp_legacy svm cr8_legacy abm sse4a misalignsse 3dnowprefetch osvw npt nrip_save vmmcall
bugs		: tlb_mmatch fxsave_leak
bogomips	: 4800.35
TLB size	: 1024 4K pages
clflush size	: 64
cache_alignment	: 64
address sizes	: 40 bits physical, 48 bits virtual
power management:

processor	: 14
vendor_id	: AuthenticAMD
cpu family	: 16
model		: 9
model name	: AMD Opteron(tm) Processor 6136
stepping	: 1
microcode	: 0x1000065
cpu MHz		: 2400.178
cache size	: 512 KB
physical id	: 14
siblings	: 1
core id		: 0
cpu cores	: 1
apicid		: 14
initial apicid	: 14
fpu		: yes
fpu_exception	: yes
cpuid level	: 5
wp		: yes
flags		: fpu vme de pse tsc msr pae mce cx8 apic sep mtrr pge mca cmov pat pse36 clflush mmx fxsr sse sse2 syscall nx mmxext fxsr_opt pdpe1gb lm 3dnowext 3dnow rep_good nopl extd_apicid pni cx16 x2apic popcnt hypervisor lahf_lm cmp_legacy svm cr8_legacy abm sse4a misalignsse 3dnowprefetch osvw npt nrip_save vmmcall
bugs		: tlb_mmatch fxsave_leak
bogomips	: 4800.35
TLB size	: 1024 4K pages
clflush size	: 64
cache_alignment	: 64
address sizes	: 40 bits physical, 48 bits virtual
power management:

processor	: 15
vendor_id	: AuthenticAMD
cpu family	: 16
model		: 9
model name	: AMD Opteron(tm) Processor 6136
stepping	: 1
microcode	: 0x1000065
cpu MHz		: 2400.178
cache size	: 512 KB
physical id	: 15
siblings	: 1
core id		: 0
cpu cores	: 1
apicid		: 15
initial apicid	: 15
fpu		: yes
fpu_exception	: yes
cpuid level	: 5
wp		: yes
flags		: fpu vme de pse tsc msr pae mce cx8 apic sep mtrr pge mca cmov pat pse36 clflush mmx fxsr sse sse2 syscall nx mmxext fxsr_opt pdpe1gb lm 3dnowext 3dnow rep_good nopl extd_apicid pni cx16 x2apic popcnt hypervisor lahf_lm cmp_legacy svm cr8_legacy abm sse4a misalignsse 3dnowprefetch osvw npt nrip_save vmmcall
bugs		: tlb_mmatch fxsave_leak
bogomips	: 4800.35
TLB size	: 1024 4K pages
clflush size	: 64
cache_alignment	: 64
address sizes	: 40 bits physical, 48 bits virtual
power management:

processor	: 16
vendor_id	: AuthenticAMD
cpu family	: 16
model		: 9
model name	: AMD Opteron(tm) Processor 6136
stepping	: 1
microcode	: 0x1000065
cpu MHz		: 2400.178
cache size	: 512 KB
physical id	: 16
siblings	: 1
core id		: 0
cpu cores	: 1
apicid		: 16
initial apicid	: 16
fpu		: yes
fpu_exception	: yes
cpuid level	: 5
wp		: yes
flags		: fpu vme de pse tsc msr pae mce cx8 apic sep mtrr pge mca cmov pat pse36 clflush mmx fxsr sse sse2 syscall nx mmxext fxsr_opt pdpe1gb lm 3dnowext 3dnow rep_good nopl extd_apicid pni cx16 x2apic popcnt hypervisor lahf_lm cmp_legacy svm cr8_legacy abm sse4a misalignsse 3dnowprefetch osvw npt nrip_save vmmcall
bugs		: tlb_mmatch fxsave_leak
bogomips	: 4800.35
TLB size	: 1024 4K pages
clflush size	: 64
cache_alignment	: 64
address sizes	: 40 bits physical, 48 bits virtual
power management:

processor	: 17
vendor_id	: AuthenticAMD
cpu family	: 16
model		: 9
model name	: AMD Opteron(tm) Processor 6136
stepping	: 1
microcode	: 0x1000065
cpu MHz		: 2400.178
cache size	: 512 KB
physical id	: 17
siblings	: 1
core id		: 0
cpu cores	: 1
apicid		: 17
initial apicid	: 17
fpu		: yes
fpu_exception	: yes
cpuid level	: 5
wp		: yes
flags		: fpu vme de pse tsc msr pae mce cx8 apic sep mtrr pge mca cmov pat pse36 clflush mmx fxsr sse sse2 syscall nx mmxext fxsr_opt pdpe1gb lm 3dnowext 3dnow rep_good nopl extd_apicid pni cx16 x2apic popcnt hypervisor lahf_lm cmp_legacy svm cr8_legacy abm sse4a misalignsse 3dnowprefetch osvw npt nrip_save vmmcall
bugs		: tlb_mmatch fxsave_leak
bogomips	: 4800.35
TLB size	: 1024 4K pages
clflush size	: 64
cache_alignment	: 64
address sizes	: 40 bits physical, 48 bits virtual
power management:

processor	: 18
vendor_id	: AuthenticAMD
cpu family	: 16
model		: 9
model name	: AMD Opteron(tm) Processor 6136
stepping	: 1
microcode	: 0x1000065
cpu MHz		: 2400.178
cache size	: 512 KB
physical id	: 18
siblings	: 1
core id		: 0
cpu cores	: 1
apicid		: 18
initial apicid	: 18
fpu		: yes
fpu_exception	: yes
cpuid level	: 5
wp		: yes
flags		: fpu vme de pse tsc msr pae mce cx8 apic sep mtrr pge mca cmov pat pse36 clflush mmx fxsr sse sse2 syscall nx mmxext fxsr_opt pdpe1gb lm 3dnowext 3dnow rep_good nopl extd_apicid pni cx16 x2apic popcnt hypervisor lahf_lm cmp_legacy svm cr8_legacy abm sse4a misalignsse 3dnowprefetch osvw npt nrip_save vmmcall
bugs		: tlb_mmatch fxsave_leak
bogomips	: 4800.35
TLB size	: 1024 4K pages
clflush size	: 64
cache_alignment	: 64
address sizes	: 40 bits physical, 48 bits virtual
power management:

processor	: 19
vendor_id	: AuthenticAMD
cpu family	: 16
model		: 9
model name	: AMD Opteron(tm) Processor 6136
stepping	: 1
microcode	: 0x1000065
cpu MHz		: 2400.178
cache size	: 512 KB
physical id	: 19
siblings	: 1
core id		: 0
cpu cores	: 1
apicid		: 19
initial apicid	: 19
fpu		: yes
fpu_exception	: yes
cpuid level	: 5
wp		: yes
flags		: fpu vme de pse tsc msr pae mce cx8 apic sep mtrr pge mca cmov pat pse36 clflush mmx fxsr sse sse2 syscall nx mmxext fxsr_opt pdpe1gb lm 3dnowext 3dnow rep_good nopl extd_apicid pni cx16 x2apic popcnt hypervisor lahf_lm cmp_legacy svm cr8_legacy abm sse4a misalignsse 3dnowprefetch osvw npt nrip_save vmmcall
bugs		: tlb_mmatch fxsave_leak
bogomips	: 4800.35
TLB size	: 1024 4K pages
clflush size	: 64
cache_alignment	: 64
address sizes	: 40 bits physical, 48 bits virtual
power management:

processor	: 20
vendor_id	: AuthenticAMD
cpu family	: 16
model		: 9
model name	: AMD Opteron(tm) Processor 6136
stepping	: 1
microcode	: 0x1000065
cpu MHz		: 2400.178
cache size	: 512 KB
physical id	: 20
siblings	: 1
core id		: 0
cpu cores	: 1
apicid		: 20
initial apicid	: 20
fpu		: yes
fpu_exception	: yes
cpuid level	: 5
wp		: yes
flags		: fpu vme de pse tsc msr pae mce cx8 apic sep mtrr pge mca cmov pat pse36 clflush mmx fxsr sse sse2 syscall nx mmxext fxsr_opt pdpe1gb lm 3dnowext 3dnow rep_good nopl extd_apicid pni cx16 x2apic popcnt hypervisor lahf_lm cmp_legacy svm cr8_legacy abm sse4a misalignsse 3dnowprefetch osvw npt nrip_save vmmcall
bugs		: tlb_mmatch fxsave_leak
bogomips	: 4800.35
TLB size	: 1024 4K pages
clflush size	: 64
cache_alignment	: 64
address sizes	: 40 bits physical, 48 bits virtual
power management:

processor	: 21
vendor_id	: AuthenticAMD
cpu family	: 16
model		: 9
model name	: AMD Opteron(tm) Processor 6136
stepping	: 1
microcode	: 0x1000065
cpu MHz		: 2400.178
cache size	: 512 KB
physical id	: 21
siblings	: 1
core id		: 0
cpu cores	: 1
apicid		: 21
initial apicid	: 21
fpu		: yes
fpu_exception	: yes
cpuid level	: 5
wp		: yes
flags		: fpu vme de pse tsc msr pae mce cx8 apic sep mtrr pge mca cmov pat pse36 clflush mmx fxsr sse sse2 syscall nx mmxext fxsr_opt pdpe1gb lm 3dnowext 3dnow rep_good nopl extd_apicid pni cx16 x2apic popcnt hypervisor lahf_lm cmp_legacy svm cr8_legacy abm sse4a misalignsse 3dnowprefetch osvw npt nrip_save vmmcall
bugs		: tlb_mmatch fxsave_leak
bogomips	: 4800.35
TLB size	: 1024 4K pages
clflush size	: 64
cache_alignment	: 64
address sizes	: 40 bits physical, 48 bits virtual
power management:

processor	: 22
vendor_id	: AuthenticAMD
cpu family	: 16
model		: 9
model name	: AMD Opteron(tm) Processor 6136
stepping	: 1
microcode	: 0x1000065
cpu MHz		: 2400.178
cache size	: 512 KB
physical id	: 22
siblings	: 1
core id		: 0
cpu cores	: 1
apicid		: 22
initial apicid	: 22
fpu		: yes
fpu_exception	: yes
cpuid level	: 5
wp		: yes
flags		: fpu vme de pse tsc msr pae mce cx8 apic sep mtrr pge mca cmov pat pse36 clflush mmx fxsr sse sse2 syscall nx mmxext fxsr_opt pdpe1gb lm 3dnowext 3dnow rep_good nopl extd_apicid pni cx16 x2apic popcnt hypervisor lahf_lm cmp_legacy svm cr8_legacy abm sse4a misalignsse 3dnowprefetch osvw npt nrip_save vmmcall
bugs		: tlb_mmatch fxsave_leak
bogomips	: 4800.35
TLB size	: 1024 4K pages
clflush size	: 64
cache_alignment	: 64
address sizes	: 40 bits physical, 48 bits virtual
power management:

processor	: 23
vendor_id	: AuthenticAMD
cpu family	: 16
model		: 9
model name	: AMD Opteron(tm) Processor 6136
stepping	: 1
microcode	: 0x1000065
cpu MHz		: 2400.178
cache size	: 512 KB
physical id	: 23
siblings	: 1
core id		: 0
cpu cores	: 1
apicid		: 23
initial apicid	: 23
fpu		: yes
fpu_exception	: yes
cpuid level	: 5
wp		: yes
flags		: fpu vme de pse tsc msr pae mce cx8 apic sep mtrr pge mca cmov pat pse36 clflush mmx fxsr sse sse2 syscall nx mmxext fxsr_opt pdpe1gb lm 3dnowext 3dnow rep_good nopl extd_apicid pni cx16 x2apic popcnt hypervisor lahf_lm cmp_legacy svm cr8_legacy abm sse4a misalignsse 3dnowprefetch osvw npt nrip_save vmmcall
bugs		: tlb_mmatch fxsave_leak
bogomips	: 4800.35
TLB size	: 1024 4K pages
clflush size	: 64
cache_alignment	: 64
address sizes	: 40 bits physical, 48 bits virtual
power management:

processor	: 24
vendor_id	: AuthenticAMD
cpu family	: 16
model		: 9
model name	: AMD Opteron(tm) Processor 6136
stepping	: 1
microcode	: 0x1000065
cpu MHz		: 2400.178
cache size	: 512 KB
physical id	: 24
siblings	: 1
core id		: 0
cpu cores	: 1
apicid		: 24
initial apicid	: 24
fpu		: yes
fpu_exception	: yes
cpuid level	: 5
wp		: yes
flags		: fpu vme de pse tsc msr pae mce cx8 apic sep mtrr pge mca cmov pat pse36 clflush mmx fxsr sse sse2 syscall nx mmxext fxsr_opt pdpe1gb lm 3dnowext 3dnow rep_good nopl extd_apicid pni cx16 x2apic popcnt hypervisor lahf_lm cmp_legacy svm cr8_legacy abm sse4a misalignsse 3dnowprefetch osvw npt nrip_save vmmcall
bugs		: tlb_mmatch fxsave_leak
bogomips	: 4800.35
TLB size	: 1024 4K pages
clflush size	: 64
cache_alignment	: 64
address sizes	: 40 bits physical, 48 bits virtual
power management:

processor	: 25
vendor_id	: AuthenticAMD
cpu family	: 16
model		: 9
model name	: AMD Opteron(tm) Processor 6136
stepping	: 1
microcode	: 0x1000065
cpu MHz		: 2400.178
cache size	: 512 KB
physical id	: 25
siblings	: 1
core id		: 0
cpu cores	: 1
apicid		: 25
initial apicid	: 25
fpu		: yes
fpu_exception	: yes
cpuid level	: 5
wp		: yes
flags		: fpu vme de pse tsc msr pae mce cx8 apic sep mtrr pge mca cmov pat pse36 clflush mmx fxsr sse sse2 syscall nx mmxext fxsr_opt pdpe1gb lm 3dnowext 3dnow rep_good nopl extd_apicid pni cx16 x2apic popcnt hypervisor lahf_lm cmp_legacy svm cr8_legacy abm sse4a misalignsse 3dnowprefetch osvw npt nrip_save vmmcall
bugs		: tlb_mmatch fxsave_leak
bogomips	: 4800.35
TLB size	: 1024 4K pages
clflush size	: 64
cache_alignment	: 64
address sizes	: 40 bits physical, 48 bits virtual
power management:

processor	: 26
vendor_id	: AuthenticAMD
cpu family	: 16
model		: 9
model name	: AMD Opteron(tm) Processor 6136
stepping	: 1
microcode	: 0x1000065
cpu MHz		: 2400.178
cache size	: 512 KB
physical id	: 26
siblings	: 1
core id		: 0
cpu cores	: 1
apicid		: 26
initial apicid	: 26
fpu		: yes
fpu_exception	: yes
cpuid level	: 5
wp		: yes
flags		: fpu vme de pse tsc msr pae mce cx8 apic sep mtrr pge mca cmov pat pse36 clflush mmx fxsr sse sse2 syscall nx mmxext fxsr_opt pdpe1gb lm 3dnowext 3dnow rep_good nopl extd_apicid pni cx16 x2apic popcnt hypervisor lahf_lm cmp_legacy svm cr8_legacy abm sse4a misalignsse 3dnowprefetch osvw npt nrip_save vmmcall
bugs		: tlb_mmatch fxsave_leak
bogomips	: 4800.35
TLB size	: 1024 4K pages
clflush size	: 64
cache_alignment	: 64
address sizes	: 40 bits physical, 48 bits virtual
power management:

processor	: 27
vendor_id	: AuthenticAMD
cpu family	: 16
model		: 9
model name	: AMD Opteron(tm) Processor 6136
stepping	: 1
microcode	: 0x1000065
cpu MHz		: 2400.178
cache size	: 512 KB
physical id	: 27
siblings	: 1
core id		: 0
cpu cores	: 1
apicid		: 27
initial apicid	: 27
fpu		: yes
fpu_exception	: yes
cpuid level	: 5
wp		: yes
flags		: fpu vme de pse tsc msr pae mce cx8 apic sep mtrr pge mca cmov pat pse36 clflush mmx fxsr sse sse2 syscall nx mmxext fxsr_opt pdpe1gb lm 3dnowext 3dnow rep_good nopl extd_apicid pni cx16 x2apic popcnt hypervisor lahf_lm cmp_legacy svm cr8_legacy abm sse4a misalignsse 3dnowprefetch osvw npt nrip_save vmmcall
bugs		: tlb_mmatch fxsave_leak
bogomips	: 4800.35
TLB size	: 1024 4K pages
clflush size	: 64
cache_alignment	: 64
address sizes	: 40 bits physical, 48 bits virtual
power management:

processor	: 28
vendor_id	: AuthenticAMD
cpu family	: 16
model		: 9
model name	: AMD Opteron(tm) Processor 6136
stepping	: 1
microcode	: 0x1000065
cpu MHz		: 2400.178
cache size	: 512 KB
physical id	: 28
siblings	: 1
core id		: 0
cpu cores	: 1
apicid		: 28
initial apicid	: 28
fpu		: yes
fpu_exception	: yes
cpuid level	: 5
wp		: yes
flags		: fpu vme de pse tsc msr pae mce cx8 apic sep mtrr pge mca cmov pat pse36 clflush mmx fxsr sse sse2 syscall nx mmxext fxsr_opt pdpe1gb lm 3dnowext 3dnow rep_good nopl extd_apicid pni cx16 x2apic popcnt hypervisor lahf_lm cmp_legacy svm cr8_legacy abm sse4a misalignsse 3dnowprefetch osvw npt nrip_save vmmcall
bugs		: tlb_mmatch fxsave_leak
bogomips	: 4800.35
TLB size	: 1024 4K pages
clflush size	: 64
cache_alignment	: 64
address sizes	: 40 bits physical, 48 bits virtual
power management:

processor	: 29
vendor_id	: AuthenticAMD
cpu family	: 16
model		: 9
model name	: AMD Opteron(tm) Processor 6136
stepping	: 1
microcode	: 0x1000065
cpu MHz		: 2400.178
cache size	: 512 KB
physical id	: 29
siblings	: 1
core id		: 0
cpu cores	: 1
apicid		: 29
initial apicid	: 29
fpu		: yes
fpu_exception	: yes
cpuid level	: 5
wp		: yes
flags		: fpu vme de pse tsc msr pae mce cx8 apic sep mtrr pge mca cmov pat pse36 clflush mmx fxsr sse sse2 syscall nx mmxext fxsr_opt pdpe1gb lm 3dnowext 3dnow rep_good nopl extd_apicid pni cx16 x2apic popcnt hypervisor lahf_lm cmp_legacy svm cr8_legacy abm sse4a misalignsse 3dnowprefetch osvw npt nrip_save vmmcall
bugs		: tlb_mmatch fxsave_leak
bogomips	: 4800.35
TLB size	: 1024 4K pages
clflush size	: 64
cache_alignment	: 64
address sizes	: 40 bits physical, 48 bits virtual
power management:

processor	: 30
vendor_id	: AuthenticAMD
cpu family	: 16
model		: 9
model name	: AMD Opteron(tm) Processor 6136
stepping	: 1
microcode	: 0x1000065
cpu MHz		: 2400.178
cache size	: 512 KB
physical id	: 30
siblings	: 1
core id		: 0
cpu cores	: 1
apicid		: 30
initial apicid	: 30
fpu		: yes
fpu_exception	: yes
cpuid level	: 5
wp		: yes
flags		: fpu vme de pse tsc msr pae mce cx8 apic sep mtrr pge mca cmov pat pse36 clflush mmx fxsr sse sse2 syscall nx mmxext fxsr_opt pdpe1gb lm 3dnowext 3dnow rep_good nopl extd_apicid pni cx16 x2apic popcnt hypervisor lahf_lm cmp_legacy svm cr8_legacy abm sse4a misalignsse 3dnowprefetch osvw npt nrip_save vmmcall
bugs		: tlb_mmatch fxsave_leak
bogomips	: 4800.35
TLB size	: 1024 4K pages
clflush size	: 64
cache_alignment	: 64
address sizes	: 40 bits physical, 48 bits virtual
power management:

processor	: 31
vendor_id	: AuthenticAMD
cpu family	: 16
model		: 9
model name	: AMD Opteron(tm) Processor 6136
stepping	: 1
microcode	: 0x1000065
cpu MHz		: 2400.178
cache size	: 512 KB
physical id	: 31
siblings	: 1
core id		: 0
cpu cores	: 1
apicid		: 31
initial apicid	: 31
fpu		: yes
fpu_exception	: yes
cpuid level	: 5
wp		: yes
flags		: fpu vme de pse tsc msr pae mce cx8 apic sep mtrr pge mca cmov pat pse36 clflush mmx fxsr sse sse2 syscall nx mmxext fxsr_opt pdpe1gb lm 3dnowext 3dnow rep_good nopl extd_apicid pni cx16 x2apic popcnt hypervisor lahf_lm cmp_legacy svm cr8_legacy abm sse4a misalignsse 3dnowprefetch osvw npt nrip_save vmmcall
bugs		: tlb_mmatch fxsave_leak
bogomips	: 4800.35
TLB size	: 1024 4K pages
clflush size	: 64
cache_alignment	: 64
address sizes	: 40 bits physical, 48 bits virtual
power management:



Memory: 4k page, physical 127909028k(7687808k free), swap 0k(0k free)

vm_info: Java HotSpot(TM) 64-Bit Server VM (25.45-b02) for linux-amd64 JRE (1.8.0_45-b14), built on Apr 10 2015 10:07:45 by "java_re" with gcc 4.3.0 20080428 (Red Hat 4.3.0-8)

time: Mon Jan 25 02:02:24 2016
elapsed time: 1958 seconds (0d 0h 32m 38s)

