#
# There is insufficient memory for the Java Runtime Environment to continue.
# Native memory allocation (mmap) failed to map 44040192 bytes for committing reserved memory.
# Possible reasons:
#   The system is out of physical RAM or swap space
#   In 32 bit mode, the process size limit was hit
# Possible solutions:
#   Reduce memory load on the system
#   Increase physical memory or swap space
#   Check if swap backing store is full
#   Use 64 bit Java on a 64 bit OS
#   Decrease Java heap size (-Xmx/-Xms)
#   Decrease number of Java threads
#   Decrease Java thread stack sizes (-Xss)
#   Set larger code cache with -XX:ReservedCodeCacheSize=
# This output file may be truncated or incomplete.
#
#  Out of Memory Error (os_linux.cpp:2673), pid=28349, tid=140127821956864
#
# JRE version: Java(TM) SE Runtime Environment (8.0_45-b14) (build 1.8.0_45-b14)
# Java VM: Java HotSpot(TM) 64-Bit Server VM (25.45-b02 mixed mode linux-amd64 compressed oops)
# Failed to write core dump. Core dumps have been disabled. To enable core dumping, try "ulimit -c unlimited" before starting Java again
#

---------------  T H R E A D  ---------------

Current thread (0x00007f72943c6000):  VMThread [stack: 0x00007f720cfd0000,0x00007f720d0d1000] [id=29074]

Stack: [0x00007f720cfd0000,0x00007f720d0d1000],  sp=0x00007f720d0cf1e0,  free space=1020k
Native frames: (J=compiled Java code, j=interpreted, Vv=VM code, C=native code)
V  [libjvm.so+0xaac99a]  VMError::report_and_die()+0x2ba
V  [libjvm.so+0x4f333b]  report_vm_out_of_memory(char const*, int, unsigned long, VMErrorType, char const*)+0x8b
V  [libjvm.so+0x90e7c3]  os::Linux::commit_memory_impl(char*, unsigned long, bool)+0x103
V  [libjvm.so+0x90ed19]  os::pd_commit_memory(char*, unsigned long, unsigned long, bool)+0x29
V  [libjvm.so+0x90867a]  os::commit_memory(char*, unsigned long, unsigned long, bool)+0x2a
V  [libjvm.so+0x97bac3]  PSVirtualSpace::expand_by(unsigned long)+0x53
V  [libjvm.so+0x97cec8]  PSYoungGen::resize_generation(unsigned long, unsigned long)+0xf8
V  [libjvm.so+0x97c022]  PSYoungGen::resize(unsigned long, unsigned long)+0x22
V  [libjvm.so+0x9792fb]  PSScavenge::invoke_no_policy()+0xf7b
V  [libjvm.so+0x979a81]  PSScavenge::invoke()+0x41
V  [libjvm.so+0x932050]  ParallelScavengeHeap::failed_mem_allocate(unsigned long)+0x70
V  [libjvm.so+0xaae1d7]  VM_ParallelGCFailedAllocation::doit()+0x97
V  [libjvm.so+0xab59c5]  VM_Operation::evaluate()+0x55
V  [libjvm.so+0xab3d9a]  VMThread::evaluate_operation(VM_Operation*)+0xba
V  [libjvm.so+0xab411e]  VMThread::loop()+0x1ce
V  [libjvm.so+0xab4590]  VMThread::run()+0x70
V  [libjvm.so+0x910de8]  java_start(Thread*)+0x108

VM_Operation (0x00007f71df4e7430): ParallelGCFailedAllocation, mode: safepoint, requested by thread 0x00007f72944bf800


---------------  P R O C E S S  ---------------

Java Threads: ( => current thread )
  0x00007f72944bf800 JavaThread "pool-1-thread-1" [_thread_blocked, id=29712, stack(0x00007f71df3e8000,0x00007f71df4e9000)]
  0x00007f7294426000 JavaThread "Service Thread" daemon [_thread_blocked, id=29416, stack(0x00007f71df6f7000,0x00007f71df7f8000)]
  0x00007f7294421000 JavaThread "C1 CompilerThread14" daemon [_thread_blocked, id=29307, stack(0x00007f71df7f8000,0x00007f71df8f9000)]
  0x00007f729441f000 JavaThread "C1 CompilerThread13" daemon [_thread_blocked, id=29294, stack(0x00007f71df8f9000,0x00007f71df9fa000)]
  0x00007f729441d000 JavaThread "C1 CompilerThread12" daemon [_thread_blocked, id=29288, stack(0x00007f71df9fa000,0x00007f71dfafb000)]
  0x00007f729441b800 JavaThread "C1 CompilerThread11" daemon [_thread_blocked, id=29285, stack(0x00007f71dfafb000,0x00007f71dfbfc000)]
  0x00007f7294419800 JavaThread "C1 CompilerThread10" daemon [_thread_blocked, id=29275, stack(0x00007f71dfbfc000,0x00007f71dfcfd000)]
  0x00007f7294417800 JavaThread "C2 CompilerThread9" daemon [_thread_blocked, id=29273, stack(0x00007f71dfcfd000,0x00007f71dfdfe000)]
  0x00007f7294415800 JavaThread "C2 CompilerThread8" daemon [_thread_blocked, id=29258, stack(0x00007f71dfdfe000,0x00007f71dfeff000)]
  0x00007f7294413800 JavaThread "C2 CompilerThread7" daemon [_thread_blocked, id=29248, stack(0x00007f71dfeff000,0x00007f71e0000000)]
  0x00007f7294412000 JavaThread "C2 CompilerThread6" daemon [_thread_blocked, id=29245, stack(0x00007f720c00e000,0x00007f720c10f000)]
  0x00007f7294410000 JavaThread "C2 CompilerThread5" daemon [_thread_blocked, id=29213, stack(0x00007f720c10f000,0x00007f720c210000)]
  0x00007f729440d800 JavaThread "C2 CompilerThread4" daemon [_thread_blocked, id=29210, stack(0x00007f720c210000,0x00007f720c311000)]
  0x00007f729440b800 JavaThread "C2 CompilerThread3" daemon [_thread_blocked, id=29186, stack(0x00007f720c311000,0x00007f720c412000)]
  0x00007f7294409800 JavaThread "C2 CompilerThread2" daemon [_thread_blocked, id=29181, stack(0x00007f720c412000,0x00007f720c513000)]
  0x00007f7294407800 JavaThread "C2 CompilerThread1" daemon [_thread_blocked, id=29177, stack(0x00007f720c513000,0x00007f720c614000)]
  0x00007f7294404800 JavaThread "C2 CompilerThread0" daemon [_thread_blocked, id=29172, stack(0x00007f720c614000,0x00007f720c715000)]
  0x00007f7294403000 JavaThread "Signal Dispatcher" daemon [_thread_blocked, id=29167, stack(0x00007f720c715000,0x00007f720c816000)]
  0x00007f72943cd000 JavaThread "Finalizer" daemon [_thread_blocked, id=29132, stack(0x00007f720cdce000,0x00007f720cecf000)]
  0x00007f72943cb000 JavaThread "Reference Handler" daemon [_thread_blocked, id=29105, stack(0x00007f720cecf000,0x00007f720cfd0000)]
  0x00007f729400a800 JavaThread "main" [_thread_blocked, id=28364, stack(0x00007f729c47c000,0x00007f729c57d000)]

Other Threads:
=>0x00007f72943c6000 VMThread [stack: 0x00007f720cfd0000,0x00007f720d0d1000] [id=29074]
  0x00007f7294428800 WatcherThread [stack: 0x00007f71df5f6000,0x00007f71df6f7000] [id=29433]

VM state:at safepoint (normal execution)

VM Mutex/Monitor currently owned by a thread:  ([mutex/lock_event])
[0x00007f72940060e0] Threads_lock - owner thread: 0x00007f72943c6000
[0x00007f72940065e0] Heap_lock - owner thread: 0x00007f72944bf800

Heap:
 PSYoungGen      total 2650624K, used 435871K [0x00000006f4900000, 0x00000007bd600000, 0x00000007c0000000)
  eden space 2026496K, 0% used [0x00000006f4900000,0x00000006f4900000,0x0000000770400000)
  from space 624128K, 69% used [0x0000000797480000,0x00000007b1e27fd0,0x00000007bd600000)
  to   space 317952K, 0% used [0x0000000770400000,0x0000000770400000,0x0000000783a80000)
 ParOldGen       total 2298368K, used 2201784K [0x000000055da00000, 0x00000005e9e80000, 0x00000006f4900000)
  object space 2298368K, 95% used [0x000000055da00000,0x00000005e402e2d8,0x00000005e9e80000)
 Metaspace       used 5355K, capacity 5594K, committed 5888K, reserved 1056768K
  class space    used 579K, capacity 667K, committed 768K, reserved 1048576K

Card table byte_map: [0x00007f7283cec000,0x00007f7285000000] byte_map_base: 0x00007f72811ff000

Marking Bits: (ParMarkBitMap*) 0x00007f729b975760
 Begin Bits: [0x00007f722ced0000, 0x00007f7236768000)
 End Bits:   [0x00007f7236768000, 0x00007f7240000000)

Polling page: 0x00007f729c5bc000

CodeCache: size=245760Kb used=5451Kb max_used=5919Kb free=240308Kb
 bounds [0x00007f7285000000, 0x00007f72855d0000, 0x00007f7294000000]
 total_blobs=1143 nmethods=846 adapters=209
 compilation: enabled

Compilation events (10 events):
Event: 72163,091 Thread 0x00007f7294407800 1043       4       sun.misc.FloatingDecimal$BinaryToASCIIBuffer::dtoa (1509 bytes)
Event: 72163,151 Thread 0x00007f7294407800 nmethod 1043 0x00007f728552b290 code [0x00007f728552b4c0, 0x00007f728552cc78]
Event: 79300,714 Thread 0x00007f7294404800 1044       4       java.lang.ThreadLocal::get (38 bytes)
Event: 79300,717 Thread 0x00007f7294404800 nmethod 1044 0x00007f72854ca910 code [0x00007f72854caa60, 0x00007f72854cab98]
Event: 80651,008 Thread 0x00007f7294409800 1045       4       java.nio.charset.Charset::lookup (44 bytes)
Event: 80651,011 Thread 0x00007f7294409800 nmethod 1045 0x00007f72854efdd0 code [0x00007f72854eff40, 0x00007f72854f0118]
Event: 81061,729 Thread 0x00007f7294407800 1046   !   4       java.io.FileOutputStream::close (62 bytes)
Event: 81061,737 Thread 0x00007f7294407800 nmethod 1046 0x00007f72854f1250 code [0x00007f72854f13c0, 0x00007f72854f1ac8]
Event: 81101,114 Thread 0x00007f7294413800 1047   !   4       java.io.PrintStream::close (65 bytes)
Event: 81101,209 Thread 0x00007f7294413800 nmethod 1047 0x00007f72854e1b10 code [0x00007f72854e1ec0, 0x00007f72854e4ee8]

GC Heap History (10 events):
Event: 89458,651 GC heap after
Heap after GC invocations=1367 (full 148):
 PSYoungGen      total 2672640K, used 442368K [0x00000006f4900000, 0x00000007c0000000, 0x00000007c0000000)
  eden space 2056192K, 0% used [0x00000006f4900000,0x00000006f4900000,0x0000000772100000)
  from space 616448K, 71% used [0x0000000772100000,0x000000078d100298,0x0000000797b00000)
  to   space 628736K, 0% used [0x0000000799a00000,0x0000000799a00000,0x00000007c0000000)
 ParOldGen       total 2298368K, used 1495754K [0x000000055da00000, 0x00000005e9e80000, 0x00000006f4900000)
  object space 2298368K, 65% used [0x000000055da00000,0x00000005b8eb2ad8,0x00000005e9e80000)
 Metaspace       used 5355K, capacity 5594K, committed 5888K, reserved 1056768K
  class space    used 579K, capacity 667K, committed 768K, reserved 1048576K
}
Event: 89579,396 GC heap before
{Heap before GC invocations=1368 (full 148):
 PSYoungGen      total 2672640K, used 2498560K [0x00000006f4900000, 0x00000007c0000000, 0x00000007c0000000)
  eden space 2056192K, 100% used [0x00000006f4900000,0x0000000772100000,0x0000000772100000)
  from space 616448K, 71% used [0x0000000772100000,0x000000078d100298,0x0000000797b00000)
  to   space 628736K, 0% used [0x0000000799a00000,0x0000000799a00000,0x00000007c0000000)
 ParOldGen       total 2298368K, used 1495754K [0x000000055da00000, 0x00000005e9e80000, 0x00000006f4900000)
  object space 2298368K, 65% used [0x000000055da00000,0x00000005b8eb2ad8,0x00000005e9e80000)
 Metaspace       used 5355K, capacity 5594K, committed 5888K, reserved 1056768K
  class space    used 579K, capacity 667K, committed 768K, reserved 1048576K
Event: 89579,765 GC heap after
Heap after GC invocations=1368 (full 148):
 PSYoungGen      total 2707456K, used 393952K [0x00000006f4900000, 0x00000007bfa00000, 0x00000007c0000000)
  eden space 2084864K, 0% used [0x00000006f4900000,0x00000006f4900000,0x0000000773d00000)
  from space 622592K, 63% used [0x0000000799a00000,0x00000007b1ab80a0,0x00000007bfa00000)
  to   space 619520K, 0% used [0x0000000773d00000,0x0000000773d00000,0x0000000799a00000)
 ParOldGen       total 2298368K, used 1695145K [0x000000055da00000, 0x00000005e9e80000, 0x00000006f4900000)
  object space 2298368K, 73% used [0x000000055da00000,0x00000005c516a7e8,0x00000005e9e80000)
 Metaspace       used 5355K, capacity 5594K, committed 5888K, reserved 1056768K
  class space    used 579K, capacity 667K, committed 768K, reserved 1048576K
}
Event: 89703,019 GC heap before
{Heap before GC invocations=1369 (full 148):
 PSYoungGen      total 2707456K, used 2478816K [0x00000006f4900000, 0x00000007bfa00000, 0x00000007c0000000)
  eden space 2084864K, 100% used [0x00000006f4900000,0x0000000773d00000,0x0000000773d00000)
  from space 622592K, 63% used [0x0000000799a00000,0x00000007b1ab80a0,0x00000007bfa00000)
  to   space 619520K, 0% used [0x0000000773d00000,0x0000000773d00000,0x0000000799a00000)
 ParOldGen       total 2298368K, used 1695145K [0x000000055da00000, 0x00000005e9e80000, 0x00000006f4900000)
  object space 2298368K, 73% used [0x000000055da00000,0x00000005c516a7e8,0x00000005e9e80000)
 Metaspace       used 5355K, capacity 5594K, committed 5888K, reserved 1056768K
  class space    used 579K, capacity 667K, committed 768K, reserved 1048576K
Event: 89703,104 GC heap after
Heap after GC invocations=1369 (full 148):
 PSYoungGen      total 2164736K, used 79532K [0x00000006f4900000, 0x00000007c0000000, 0x00000007c0000000)
  eden space 2084864K, 0% used [0x00000006f4900000,0x00000006f4900000,0x0000000773d00000)
  from space 79872K, 99% used [0x0000000773d00000,0x0000000778aab3c8,0x0000000778b00000)
  to   space 637952K, 0% used [0x0000000799100000,0x0000000799100000,0x00000007c0000000)
 ParOldGen       total 2298368K, used 1704102K [0x000000055da00000, 0x00000005e9e80000, 0x00000006f4900000)
  object space 2298368K, 74% used [0x000000055da00000,0x00000005c5a29920,0x00000005e9e80000)
 Metaspace       used 5355K, capacity 5594K, committed 5888K, reserved 1056768K
  class space    used 579K, capacity 667K, committed 768K, reserved 1048576K
}
Event: 89706,034 GC heap before
{Heap before GC invocations=1370 (full 148):
 PSYoungGen      total 2164736K, used 2164396K [0x00000006f4900000, 0x00000007c0000000, 0x00000007c0000000)
  eden space 2084864K, 100% used [0x00000006f4900000,0x0000000773d00000,0x0000000773d00000)
  from space 79872K, 99% used [0x0000000773d00000,0x0000000778aab3c8,0x0000000778b00000)
  to   space 637952K, 0% used [0x0000000799100000,0x0000000799100000,0x00000007c0000000)
 ParOldGen       total 2298368K, used 1704102K [0x000000055da00000, 0x00000005e9e80000, 0x00000006f4900000)
  object space 2298368K, 74% used [0x000000055da00000,0x00000005c5a29920,0x00000005e9e80000)
 Metaspace       used 5355K, capacity 5594K, committed 5888K, reserved 1056768K
  class space    used 579K, capacity 667K, committed 768K, reserved 1048576K
Event: 89706,371 GC heap after
Heap after GC invocations=1370 (full 148):
 PSYoungGen      total 2664448K, used 448423K [0x00000006f4900000, 0x00000007c0000000, 0x00000007c0000000)
  eden space 2026496K, 0% used [0x00000006f4900000,0x00000006f4900000,0x0000000770400000)
  from space 637952K, 70% used [0x0000000799100000,0x00000007b46e9ec0,0x00000007c0000000)
  to   space 653312K, 0% used [0x0000000770400000,0x0000000770400000,0x0000000798200000)
 ParOldGen       total 2298368K, used 1783543K [0x000000055da00000, 0x00000005e9e80000, 0x00000006f4900000)
  object space 2298368K, 77% used [0x000000055da00000,0x00000005ca7bdea0,0x00000005e9e80000)
 Metaspace       used 5355K, capacity 5594K, committed 5888K, reserved 1056768K
  class space    used 579K, capacity 667K, committed 768K, reserved 1048576K
}
Event: 89831,570 GC heap before
{Heap before GC invocations=1371 (full 148):
 PSYoungGen      total 2664448K, used 2474919K [0x00000006f4900000, 0x00000007c0000000, 0x00000007c0000000)
  eden space 2026496K, 100% used [0x00000006f4900000,0x0000000770400000,0x0000000770400000)
  from space 637952K, 70% used [0x0000000799100000,0x00000007b46e9ec0,0x00000007c0000000)
  to   space 653312K, 0% used [0x0000000770400000,0x0000000770400000,0x0000000798200000)
 ParOldGen       total 2298368K, used 1783543K [0x000000055da00000, 0x00000005e9e80000, 0x00000006f4900000)
  object space 2298368K, 77% used [0x000000055da00000,0x00000005ca7bdea0,0x00000005e9e80000)
 Metaspace       used 5355K, capacity 5594K, committed 5888K, reserved 1056768K
  class space    used 579K, capacity 667K, committed 768K, reserved 1048576K
Event: 89832,011 GC heap after
Heap after GC invocations=1371 (full 148):
 PSYoungGen      total 2344448K, used 317707K [0x00000006f4900000, 0x00000007bd600000, 0x00000007c0000000)
  eden space 2026496K, 0% used [0x00000006f4900000,0x00000006f4900000,0x0000000770400000)
  from space 317952K, 99% used [0x0000000770400000,0x0000000783a42fd0,0x0000000783a80000)
  to   space 624128K, 0% used [0x0000000797480000,0x0000000797480000,0x00000007bd600000)
 ParOldGen       total 2298368K, used 1883584K [0x000000055da00000, 0x00000005e9e80000, 0x00000006f4900000)
  object space 2298368K, 81% used [0x000000055da00000,0x00000005d0970220,0x00000005e9e80000)
 Metaspace       used 5355K, capacity 5594K, committed 5888K, reserved 1056768K
  class space    used 579K, capacity 667K, committed 768K, reserved 1048576K
}
Event: 89834,845 GC heap before
{Heap before GC invocations=1372 (full 148):
 PSYoungGen      total 2344448K, used 2344203K [0x00000006f4900000, 0x00000007bd600000, 0x00000007c0000000)
  eden space 2026496K, 100% used [0x00000006f4900000,0x0000000770400000,0x0000000770400000)
  from space 317952K, 99% used [0x0000000770400000,0x0000000783a42fd0,0x0000000783a80000)
  to   space 624128K, 0% used [0x0000000797480000,0x0000000797480000,0x00000007bd600000)
 ParOldGen       total 2298368K, used 1883584K [0x000000055da00000, 0x00000005e9e80000, 0x00000006f4900000)
  object space 2298368K, 81% used [0x000000055da00000,0x00000005d0970220,0x00000005e9e80000)
 Metaspace       used 5355K, capacity 5594K, committed 5888K, reserved 1056768K
  class space    used 579K, capacity 667K, committed 768K, reserved 1048576K

Deoptimization events (10 events):
Event: 66,636 Thread 0x00007f72944bf800 Uncommon trap: reason=predicate action=maybe_recompile pc=0x00007f72853a65b4 method=java.util.ArrayList.indexOf(Ljava/lang/Object;)I @ 44
Event: 66,637 Thread 0x00007f72944bf800 Uncommon trap: reason=unstable_if action=reinterpret pc=0x00007f72854b1310 method=edu.ufpr.cbio.psp.problem.PSPProblem.evaluate(Lorg/uma/jmetal/core/Solution;)V @ 330
Event: 208,703 Thread 0x00007f72944bf800 Uncommon trap: reason=unstable_if action=reinterpret pc=0x00007f72855437d8 method=edu.ufpr.cbio.psp.algorithms.hyperheuristic.IBEAHyperHeuristic.computeIndicatorValuesHD(Lorg/uma/jmetal/core/SolutionSet;[D[D)V @ 27
Event: 347,583 Thread 0x00007f72944bf800 Uncommon trap: reason=unstable_if action=reinterpret pc=0x00007f72854d5910 method=edu.ufpr.cbio.psp.algorithms.hyperheuristic.IBEAHyperHeuristic.computeIndicatorValuesHD(Lorg/uma/jmetal/core/SolutionSet;[D[D)V @ 196
Event: 1809,959 Thread 0x00007f72944bf800 Uncommon trap: reason=unstable_if action=reinterpret pc=0x00007f72855c30f8 method=java.util.ComparableTimSort.sort([Ljava/lang/Object;II[Ljava/lang/Object;II)V @ 41
Event: 1942,329 Thread 0x00007f72944bf800 Uncommon trap: reason=unstable_if action=reinterpret pc=0x00007f72855c0a30 method=java.util.ComparableTimSort.sort([Ljava/lang/Object;II[Ljava/lang/Object;II)V @ 41
Event: 42415,174 Thread 0x00007f72944bf800 Uncommon trap: reason=unstable_if action=reinterpret pc=0x00007f72854f6018 method=edu.ufpr.cbio.psp.problem.domain.TopologyContact.equals(Ljava/lang/Object;)Z @ 72
Event: 42415,174 Thread 0x00007f72944bf800 Uncommon trap: reason=unstable_if action=reinterpret pc=0x00007f72854b5728 method=java.util.HashMap.putVal(ILjava/lang/Object;Ljava/lang/Object;ZZ)Ljava/lang/Object; @ 94
Event: 42415,175 Thread 0x00007f72944bf800 Uncommon trap: reason=unstable_if action=reinterpret pc=0x00007f72854a85f4 method=java.util.HashMap.putVal(ILjava/lang/Object;Ljava/lang/Object;ZZ)Ljava/lang/Object; @ 94
Event: 47604,922 Thread 0x00007f72944bf800 Uncommon trap: reason=unstable_if action=reinterpret pc=0x00007f72853a3bc0 method=java.util.Random.nextInt(I)I @ 58

Internal exceptions (8 events):
Event: 0,221 Thread 0x00007f729400a800 Exception <a 'java/lang/NoSuchMethodError': Method sun.misc.Unsafe.defineClass(Ljava/lang/String;[BII)Ljava/lang/Class; name or signature does not match> (0x00000006f4912a30) thrown at [/RE-WORK/workspace/8-2-build-linux-amd64/jdk8u45/3457/hotspot/src/sha
Event: 0,222 Thread 0x00007f729400a800 Exception <a 'java/lang/NoSuchMethodError': Method sun.misc.Unsafe.prefetchRead(Ljava/lang/Object;J)V name or signature does not match> (0x00000006f4912cc0) thrown at [/RE-WORK/workspace/8-2-build-linux-amd64/jdk8u45/3457/hotspot/src/share/vm/prims/jni.cp
Event: 0,568 Thread 0x00007f729400a800 Exception <a 'java/security/PrivilegedActionException'> (0x00000006f49d3f30) thrown at [/RE-WORK/workspace/8-2-build-linux-amd64/jdk8u45/3457/hotspot/src/share/vm/prims/jvm.cpp, line 1382]
Event: 0,568 Thread 0x00007f729400a800 Exception <a 'java/security/PrivilegedActionException'> (0x00000006f49d40e8) thrown at [/RE-WORK/workspace/8-2-build-linux-amd64/jdk8u45/3457/hotspot/src/share/vm/prims/jvm.cpp, line 1382]
Event: 0,569 Thread 0x00007f729400a800 Exception <a 'java/security/PrivilegedActionException'> (0x00000006f49d6980) thrown at [/RE-WORK/workspace/8-2-build-linux-amd64/jdk8u45/3457/hotspot/src/share/vm/prims/jvm.cpp, line 1382]
Event: 0,569 Thread 0x00007f729400a800 Exception <a 'java/security/PrivilegedActionException'> (0x00000006f49d6b38) thrown at [/RE-WORK/workspace/8-2-build-linux-amd64/jdk8u45/3457/hotspot/src/share/vm/prims/jvm.cpp, line 1382]
Event: 1,461 Thread 0x00007f72944bf800 Exception <a 'java/lang/NoSuchFieldError': method resolution failed> (0x00000006fa13d3a8) thrown at [/RE-WORK/workspace/8-2-build-linux-amd64/jdk8u45/3457/hotspot/src/share/vm/prims/methodHandles.cpp, line 1125]
Event: 1,471 Thread 0x00007f72944bf800 Exception <a 'java/lang/NoSuchFieldError': method resolution failed> (0x00000006fa14ba68) thrown at [/RE-WORK/workspace/8-2-build-linux-amd64/jdk8u45/3457/hotspot/src/share/vm/prims/methodHandles.cpp, line 1125]

Events (10 events):
Event: 89832,011 Executing VM operation: ParallelGCFailedAllocation done
Event: 89832,011 Executing VM operation: RevokeBias
Event: 89832,012 Executing VM operation: RevokeBias done
Event: 89832,012 Executing VM operation: RevokeBias
Event: 89832,012 Executing VM operation: RevokeBias done
Event: 89832,012 Executing VM operation: RevokeBias
Event: 89832,012 Executing VM operation: RevokeBias done
Event: 89832,012 Executing VM operation: RevokeBias
Event: 89832,013 Executing VM operation: RevokeBias done
Event: 89834,845 Executing VM operation: ParallelGCFailedAllocation


Dynamic libraries:
00400000-00401000 r-xp 00000000 00:2c 34522951                           /home/ppginf/vdfontoura/jdk1.8.0_45/bin/java
00600000-00601000 rw-p 00000000 00:2c 34522951                           /home/ppginf/vdfontoura/jdk1.8.0_45/bin/java
007cd000-007ee000 rw-p 00000000 00:00 0                                  [heap]
55da00000-5e9e80000 rw-p 00000000 00:00 0 
5e9e80000-6f4900000 ---p 00000000 00:00 0 
6f4900000-7bd600000 rw-p 00000000 00:00 0 
7c0000000-7c00c0000 rw-p 00000000 00:00 0 
7c00c0000-800000000 ---p 00000000 00:00 0 
7f71b0000000-7f71b0021000 rw-p 00000000 00:00 0 
7f71b0021000-7f71b4000000 ---p 00000000 00:00 0 
7f71b4000000-7f71b4293000 rw-p 00000000 00:00 0 
7f71b4293000-7f71b8000000 ---p 00000000 00:00 0 
7f71b8000000-7f71b8164000 rw-p 00000000 00:00 0 
7f71b8164000-7f71bc000000 ---p 00000000 00:00 0 
7f71bc000000-7f71bc021000 rw-p 00000000 00:00 0 
7f71bc021000-7f71c0000000 ---p 00000000 00:00 0 
7f71c0000000-7f71c0099000 rw-p 00000000 00:00 0 
7f71c0099000-7f71c4000000 ---p 00000000 00:00 0 
7f71c4000000-7f71c4183000 rw-p 00000000 00:00 0 
7f71c4183000-7f71c8000000 ---p 00000000 00:00 0 
7f71c8000000-7f71c8077000 rw-p 00000000 00:00 0 
7f71c8077000-7f71cc000000 ---p 00000000 00:00 0 
7f71cc000000-7f71cc0e5000 rw-p 00000000 00:00 0 
7f71cc0e5000-7f71d0000000 ---p 00000000 00:00 0 
7f71d0000000-7f71d021b000 rw-p 00000000 00:00 0 
7f71d021b000-7f71d4000000 ---p 00000000 00:00 0 
7f71d4000000-7f71d4299000 rw-p 00000000 00:00 0 
7f71d4299000-7f71d8000000 ---p 00000000 00:00 0 
7f71d8000000-7f71d8592000 rw-p 00000000 00:00 0 
7f71d8592000-7f71dc000000 ---p 00000000 00:00 0 
7f71df2e8000-7f71df3e8000 rw-p 00000000 00:00 0 
7f71df3e8000-7f71df3eb000 ---p 00000000 00:00 0 
7f71df3eb000-7f71df4e9000 rw-p 00000000 00:00 0                          [stack:29712]
7f71df4e9000-7f71df5f6000 r--s 010c9000 00:2c 55319431                   /home/ppginf/vdfontoura/psp-2D/chapter_approach/target/IBEAHH.jar
7f71df5f6000-7f71df5f7000 ---p 00000000 00:00 0 
7f71df5f7000-7f71df6f7000 rw-p 00000000 00:00 0                          [stack:29433]
7f71df6f7000-7f71df6fa000 ---p 00000000 00:00 0 
7f71df6fa000-7f71df7f8000 rw-p 00000000 00:00 0                          [stack:29416]
7f71df7f8000-7f71df7fb000 ---p 00000000 00:00 0 
7f71df7fb000-7f71df8f9000 rw-p 00000000 00:00 0                          [stack:29307]
7f71df8f9000-7f71df8fc000 ---p 00000000 00:00 0 
7f71df8fc000-7f71df9fa000 rw-p 00000000 00:00 0                          [stack:29294]
7f71df9fa000-7f71df9fd000 ---p 00000000 00:00 0 
7f71df9fd000-7f71dfafb000 rw-p 00000000 00:00 0                          [stack:29288]
7f71dfafb000-7f71dfafe000 ---p 00000000 00:00 0 
7f71dfafe000-7f71dfbfc000 rw-p 00000000 00:00 0                          [stack:29285]
7f71dfbfc000-7f71dfbff000 ---p 00000000 00:00 0 
7f71dfbff000-7f71dfcfd000 rw-p 00000000 00:00 0                          [stack:29275]
7f71dfcfd000-7f71dfd00000 ---p 00000000 00:00 0 
7f71dfd00000-7f71dfdfe000 rw-p 00000000 00:00 0                          [stack:29273]
7f71dfdfe000-7f71dfe01000 ---p 00000000 00:00 0 
7f71dfe01000-7f71dfeff000 rw-p 00000000 00:00 0                          [stack:29258]
7f71dfeff000-7f71dff02000 ---p 00000000 00:00 0 
7f71dff02000-7f71e0000000 rw-p 00000000 00:00 0                          [stack:29248]
7f71e0000000-7f71e03fd000 rw-p 00000000 00:00 0 
7f71e03fd000-7f71e4000000 ---p 00000000 00:00 0 
7f71e4000000-7f71e442e000 rw-p 00000000 00:00 0 
7f71e442e000-7f71e8000000 ---p 00000000 00:00 0 
7f71e8000000-7f71e8596000 rw-p 00000000 00:00 0 
7f71e8596000-7f71ec000000 ---p 00000000 00:00 0 
7f71ec000000-7f71ec4d2000 rw-p 00000000 00:00 0 
7f71ec4d2000-7f71f0000000 ---p 00000000 00:00 0 
7f71f0000000-7f71f0434000 rw-p 00000000 00:00 0 
7f71f0434000-7f71f4000000 ---p 00000000 00:00 0 
7f71f4000000-7f71f445d000 rw-p 00000000 00:00 0 
7f71f445d000-7f71f8000000 ---p 00000000 00:00 0 
7f71f8000000-7f71f8021000 rw-p 00000000 00:00 0 
7f71f8021000-7f71fc000000 ---p 00000000 00:00 0 
7f71fc000000-7f71fc7e6000 rw-p 00000000 00:00 0 
7f71fc7e6000-7f7200000000 ---p 00000000 00:00 0 
7f7200000000-7f7200021000 rw-p 00000000 00:00 0 
7f7200021000-7f7204000000 ---p 00000000 00:00 0 
7f7204000000-7f7204021000 rw-p 00000000 00:00 0 
7f7204021000-7f7208000000 ---p 00000000 00:00 0 
7f7208000000-7f720828e000 rw-p 00000000 00:00 0 
7f720828e000-7f720c000000 ---p 00000000 00:00 0 
7f720c00e000-7f720c011000 ---p 00000000 00:00 0 
7f720c011000-7f720c10f000 rw-p 00000000 00:00 0                          [stack:29245]
7f720c10f000-7f720c112000 ---p 00000000 00:00 0 
7f720c112000-7f720c210000 rw-p 00000000 00:00 0                          [stack:29213]
7f720c210000-7f720c213000 ---p 00000000 00:00 0 
7f720c213000-7f720c311000 rw-p 00000000 00:00 0                          [stack:29210]
7f720c311000-7f720c314000 ---p 00000000 00:00 0 
7f720c314000-7f720c412000 rw-p 00000000 00:00 0                          [stack:29186]
7f720c412000-7f720c415000 ---p 00000000 00:00 0 
7f720c415000-7f720c513000 rw-p 00000000 00:00 0                          [stack:29181]
7f720c513000-7f720c516000 ---p 00000000 00:00 0 
7f720c516000-7f720c614000 rw-p 00000000 00:00 0                          [stack:29177]
7f720c614000-7f720c617000 ---p 00000000 00:00 0 
7f720c617000-7f720c715000 rw-p 00000000 00:00 0                          [stack:29172]
7f720c715000-7f720c718000 ---p 00000000 00:00 0 
7f720c718000-7f720c816000 rw-p 00000000 00:00 0                          [stack:29167]
7f720c816000-7f720cdce000 r--p 00000000 00:15 231                        /usr/lib/locale/locale-archive
7f720cdce000-7f720cdd1000 ---p 00000000 00:00 0 
7f720cdd1000-7f720cecf000 rw-p 00000000 00:00 0                          [stack:29132]
7f720cecf000-7f720ced2000 ---p 00000000 00:00 0 
7f720ced2000-7f720cfd0000 rw-p 00000000 00:00 0                          [stack:29105]
7f720cfd0000-7f720cfd1000 ---p 00000000 00:00 0 
7f720cfd1000-7f7210000000 rw-p 00000000 00:00 0                          [stack:29074]
7f7210000000-7f7210021000 rw-p 00000000 00:00 0 
7f7210021000-7f7214000000 ---p 00000000 00:00 0 
7f7214000000-7f7214021000 rw-p 00000000 00:00 0 
7f7214021000-7f7218000000 ---p 00000000 00:00 0 
7f7218000000-7f7218021000 rw-p 00000000 00:00 0 
7f7218021000-7f721c000000 ---p 00000000 00:00 0 
7f721c000000-7f721c021000 rw-p 00000000 00:00 0 
7f721c021000-7f7220000000 ---p 00000000 00:00 0 
7f7220000000-7f7220021000 rw-p 00000000 00:00 0 
7f7220021000-7f7224000000 ---p 00000000 00:00 0 
7f7224000000-7f7224021000 rw-p 00000000 00:00 0 
7f7224021000-7f7228000000 ---p 00000000 00:00 0 
7f7228000000-7f7228021000 rw-p 00000000 00:00 0 
7f7228021000-7f722c000000 ---p 00000000 00:00 0 
7f722c0c2000-7f7240000000 rw-p 00000000 00:00 0 
7f7240000000-7f7240021000 rw-p 00000000 00:00 0 
7f7240021000-7f7244000000 ---p 00000000 00:00 0 
7f7244000000-7f7244021000 rw-p 00000000 00:00 0 
7f7244021000-7f7248000000 ---p 00000000 00:00 0 
7f7248000000-7f7248021000 rw-p 00000000 00:00 0 
7f7248021000-7f724c000000 ---p 00000000 00:00 0 
7f724c000000-7f724c021000 rw-p 00000000 00:00 0 
7f724c021000-7f7250000000 ---p 00000000 00:00 0 
7f7250000000-7f7250021000 rw-p 00000000 00:00 0 
7f7250021000-7f7254000000 ---p 00000000 00:00 0 
7f7254000000-7f7254021000 rw-p 00000000 00:00 0 
7f7254021000-7f7258000000 ---p 00000000 00:00 0 
7f7258000000-7f7258021000 rw-p 00000000 00:00 0 
7f7258021000-7f725c000000 ---p 00000000 00:00 0 
7f725c000000-7f725c021000 rw-p 00000000 00:00 0 
7f725c021000-7f7260000000 ---p 00000000 00:00 0 
7f7260000000-7f7260021000 rw-p 00000000 00:00 0 
7f7260021000-7f7264000000 ---p 00000000 00:00 0 
7f7264000000-7f7264021000 rw-p 00000000 00:00 0 
7f7264021000-7f7268000000 ---p 00000000 00:00 0 
7f7268000000-7f7268021000 rw-p 00000000 00:00 0 
7f7268021000-7f726c000000 ---p 00000000 00:00 0 
7f726c000000-7f726c021000 rw-p 00000000 00:00 0 
7f726c021000-7f7270000000 ---p 00000000 00:00 0 
7f7270000000-7f7270021000 rw-p 00000000 00:00 0 
7f7270021000-7f7274000000 ---p 00000000 00:00 0 
7f7274000000-7f7274021000 rw-p 00000000 00:00 0 
7f7274021000-7f7278000000 ---p 00000000 00:00 0 
7f7278000000-7f7278021000 rw-p 00000000 00:00 0 
7f7278021000-7f727c000000 ---p 00000000 00:00 0 
7f727c000000-7f727c021000 rw-p 00000000 00:00 0 
7f727c021000-7f7280000000 ---p 00000000 00:00 0 
7f7280022000-7f7280b2d000 rw-p 00000000 00:00 0 
7f7280b2d000-7f7280d06000 r--s 03d09000 00:2c 34523101                   /home/ppginf/vdfontoura/jdk1.8.0_45/jre/lib/rt.jar
7f7280d06000-7f7281206000 rw-p 00000000 00:00 0 
7f7281206000-7f7281506000 ---p 00000000 00:00 0 
7f7281506000-7f72828d8000 rw-p 00000000 00:00 0 
7f72828d8000-7f72828d9000 ---p 00000000 00:00 0 
7f72828d9000-7f72829d9000 rw-p 00000000 00:00 0                          [stack:28625]
7f72829d9000-7f72829da000 ---p 00000000 00:00 0 
7f72829da000-7f7282ada000 rw-p 00000000 00:00 0                          [stack:28608]
7f7282ada000-7f7282adb000 ---p 00000000 00:00 0 
7f7282adb000-7f7282bdb000 rw-p 00000000 00:00 0                          [stack:28596]
7f7282bdb000-7f7282bdc000 ---p 00000000 00:00 0 
7f7282bdc000-7f7282cdc000 rw-p 00000000 00:00 0                          [stack:28582]
7f7282cdc000-7f7282cdd000 ---p 00000000 00:00 0 
7f7282cdd000-7f7282ddd000 rw-p 00000000 00:00 0                          [stack:28569]
7f7282ddd000-7f7282dde000 ---p 00000000 00:00 0 
7f7282dde000-7f7282ede000 rw-p 00000000 00:00 0                          [stack:28553]
7f7282ede000-7f7282edf000 ---p 00000000 00:00 0 
7f7282edf000-7f7282fdf000 rw-p 00000000 00:00 0                          [stack:28519]
7f7282fdf000-7f7282fe0000 ---p 00000000 00:00 0 
7f7282fe0000-7f72830e0000 rw-p 00000000 00:00 0                          [stack:28512]
7f72830e0000-7f72830e1000 ---p 00000000 00:00 0 
7f72830e1000-7f72831e1000 rw-p 00000000 00:00 0                          [stack:28498]
7f72831e1000-7f72831e2000 ---p 00000000 00:00 0 
7f72831e2000-7f72832e2000 rw-p 00000000 00:00 0                          [stack:28490]
7f72832e2000-7f72832e3000 ---p 00000000 00:00 0 
7f72832e3000-7f72833e3000 rw-p 00000000 00:00 0                          [stack:28484]
7f72833e3000-7f72833e4000 ---p 00000000 00:00 0 
7f72833e4000-7f72834e4000 rw-p 00000000 00:00 0                          [stack:28470]
7f72834e4000-7f72834e5000 ---p 00000000 00:00 0 
7f72834e5000-7f72835e5000 rw-p 00000000 00:00 0                          [stack:28459]
7f72835e5000-7f72835e6000 ---p 00000000 00:00 0 
7f72835e6000-7f72836e6000 rw-p 00000000 00:00 0                          [stack:28447]
7f72836e6000-7f72836e7000 ---p 00000000 00:00 0 
7f72836e7000-7f72837e7000 rw-p 00000000 00:00 0                          [stack:28437]
7f72837e7000-7f72837e8000 ---p 00000000 00:00 0 
7f72837e8000-7f72838e8000 rw-p 00000000 00:00 0                          [stack:28433]
7f72838e8000-7f72838e9000 ---p 00000000 00:00 0 
7f72838e9000-7f72839e9000 rw-p 00000000 00:00 0                          [stack:28428]
7f72839e9000-7f72839ea000 ---p 00000000 00:00 0 
7f72839ea000-7f7283aea000 rw-p 00000000 00:00 0                          [stack:28424]
7f7283aea000-7f7283aeb000 ---p 00000000 00:00 0 
7f7283aeb000-7f7283beb000 rw-p 00000000 00:00 0                          [stack:28421]
7f7283beb000-7f7283bec000 ---p 00000000 00:00 0 
7f7283bec000-7f728414f000 rw-p 00000000 00:00 0                          [stack:28417]
7f728414f000-7f72849a3000 ---p 00000000 00:00 0 
7f72849a3000-7f7284fea000 rw-p 00000000 00:00 0 
7f7284fea000-7f7284fff000 ---p 00000000 00:00 0 
7f7284fff000-7f7285000000 rw-p 00000000 00:00 0 
7f7285000000-7f72855d0000 rwxp 00000000 00:00 0 
7f72855d0000-7f7294000000 ---p 00000000 00:00 0 
7f7294000000-7f7294743000 rw-p 00000000 00:00 0 
7f7294743000-7f7298000000 ---p 00000000 00:00 0 
7f7298018000-7f729803a000 r--p 00000000 00:15 9382                       /usr/share/locale-langpack/pt_BR/LC_MESSAGES/libc.mo
7f729803a000-7f72980b0000 rw-p 00000000 00:00 0 
7f72980b0000-7f72980b1000 ---p 00000000 00:00 0 
7f72980b1000-7f72981b1000 rw-p 00000000 00:00 0                          [stack:28411]
7f72981b1000-7f72981b2000 ---p 00000000 00:00 0 
7f72981b2000-7f72982b2000 rw-p 00000000 00:00 0                          [stack:28405]
7f72982b2000-7f72982b3000 ---p 00000000 00:00 0 
7f72982b3000-7f7298816000 rw-p 00000000 00:00 0                          [stack:28396]
7f7298816000-7f729906b000 ---p 00000000 00:00 0 
7f729906b000-7f7299083000 rw-p 00000000 00:00 0 
7f7299083000-7f729942b000 ---p 00000000 00:00 0 
7f729942b000-7f7299445000 r-xp 00000000 00:2c 34523211                   /home/ppginf/vdfontoura/jdk1.8.0_45/jre/lib/amd64/libzip.so
7f7299445000-7f7299645000 ---p 0001a000 00:2c 34523211                   /home/ppginf/vdfontoura/jdk1.8.0_45/jre/lib/amd64/libzip.so
7f7299645000-7f7299646000 rw-p 0001a000 00:2c 34523211                   /home/ppginf/vdfontoura/jdk1.8.0_45/jre/lib/amd64/libzip.so
7f7299646000-7f7299652000 r-xp 00000000 00:15 181                        /lib/x86_64-linux-gnu/libnss_ldap.so.2
7f7299652000-7f7299851000 ---p 0000c000 00:15 181                        /lib/x86_64-linux-gnu/libnss_ldap.so.2
7f7299851000-7f7299852000 r--p 0000b000 00:15 181                        /lib/x86_64-linux-gnu/libnss_ldap.so.2
7f7299852000-7f7299853000 rw-p 0000c000 00:15 181                        /lib/x86_64-linux-gnu/libnss_ldap.so.2
7f7299853000-7f729985e000 r-xp 00000000 00:15 178                        /lib/x86_64-linux-gnu/libnss_files-2.19.so
7f729985e000-7f7299a5d000 ---p 0000b000 00:15 178                        /lib/x86_64-linux-gnu/libnss_files-2.19.so
7f7299a5d000-7f7299a5e000 r--p 0000a000 00:15 178                        /lib/x86_64-linux-gnu/libnss_files-2.19.so
7f7299a5e000-7f7299a5f000 rw-p 0000b000 00:15 178                        /lib/x86_64-linux-gnu/libnss_files-2.19.so
7f7299a5f000-7f7299a6a000 r-xp 00000000 00:15 176                        /lib/x86_64-linux-gnu/libnss_nis-2.19.so
7f7299a6a000-7f7299c69000 ---p 0000b000 00:15 176                        /lib/x86_64-linux-gnu/libnss_nis-2.19.so
7f7299c69000-7f7299c6a000 r--p 0000a000 00:15 176                        /lib/x86_64-linux-gnu/libnss_nis-2.19.so
7f7299c6a000-7f7299c6b000 rw-p 0000b000 00:15 176                        /lib/x86_64-linux-gnu/libnss_nis-2.19.so
7f7299c6b000-7f7299c82000 r-xp 00000000 00:15 174                        /lib/x86_64-linux-gnu/libnsl-2.19.so
7f7299c82000-7f7299e81000 ---p 00017000 00:15 174                        /lib/x86_64-linux-gnu/libnsl-2.19.so
7f7299e81000-7f7299e82000 r--p 00016000 00:15 174                        /lib/x86_64-linux-gnu/libnsl-2.19.so
7f7299e82000-7f7299e83000 rw-p 00017000 00:15 174                        /lib/x86_64-linux-gnu/libnsl-2.19.so
7f7299e83000-7f7299e85000 rw-p 00000000 00:00 0 
7f7299e85000-7f7299e8e000 r-xp 00000000 00:15 172                        /lib/x86_64-linux-gnu/libnss_compat-2.19.so
7f7299e8e000-7f729a08d000 ---p 00009000 00:15 172                        /lib/x86_64-linux-gnu/libnss_compat-2.19.so
7f729a08d000-7f729a08e000 r--p 00008000 00:15 172                        /lib/x86_64-linux-gnu/libnss_compat-2.19.so
7f729a08e000-7f729a08f000 rw-p 00009000 00:15 172                        /lib/x86_64-linux-gnu/libnss_compat-2.19.so
7f729a08f000-7f729a0b9000 r-xp 00000000 00:2c 34523126                   /home/ppginf/vdfontoura/jdk1.8.0_45/jre/lib/amd64/libjava.so
7f729a0b9000-7f729a2b9000 ---p 0002a000 00:2c 34523126                   /home/ppginf/vdfontoura/jdk1.8.0_45/jre/lib/amd64/libjava.so
7f729a2b9000-7f729a2bb000 rw-p 0002a000 00:2c 34523126                   /home/ppginf/vdfontoura/jdk1.8.0_45/jre/lib/amd64/libjava.so
7f729a2bb000-7f729a2c8000 r-xp 00000000 00:2c 34523210                   /home/ppginf/vdfontoura/jdk1.8.0_45/jre/lib/amd64/libverify.so
7f729a2c8000-7f729a4c8000 ---p 0000d000 00:2c 34523210                   /home/ppginf/vdfontoura/jdk1.8.0_45/jre/lib/amd64/libverify.so
7f729a4c8000-7f729a4ca000 rw-p 0000d000 00:2c 34523210                   /home/ppginf/vdfontoura/jdk1.8.0_45/jre/lib/amd64/libverify.so
7f729a4ca000-7f729a4d1000 r-xp 00000000 00:15 44                         /lib/x86_64-linux-gnu/librt-2.19.so
7f729a4d1000-7f729a6d0000 ---p 00007000 00:15 44                         /lib/x86_64-linux-gnu/librt-2.19.so
7f729a6d0000-7f729a6d1000 r--p 00006000 00:15 44                         /lib/x86_64-linux-gnu/librt-2.19.so
7f729a6d1000-7f729a6d2000 rw-p 00007000 00:15 44                         /lib/x86_64-linux-gnu/librt-2.19.so
7f729a6d2000-7f729a7d7000 r-xp 00000000 00:15 307                        /lib/x86_64-linux-gnu/libm-2.19.so
7f729a7d7000-7f729a9d6000 ---p 00105000 00:15 307                        /lib/x86_64-linux-gnu/libm-2.19.so
7f729a9d6000-7f729a9d7000 r--p 00104000 00:15 307                        /lib/x86_64-linux-gnu/libm-2.19.so
7f729a9d7000-7f729a9d8000 rw-p 00105000 00:15 307                        /lib/x86_64-linux-gnu/libm-2.19.so
7f729a9d8000-7f729b686000 r-xp 00000000 00:2c 34523214                   /home/ppginf/vdfontoura/jdk1.8.0_45/jre/lib/amd64/server/libjvm.so
7f729b686000-7f729b885000 ---p 00cae000 00:2c 34523214                   /home/ppginf/vdfontoura/jdk1.8.0_45/jre/lib/amd64/server/libjvm.so
7f729b885000-7f729b95c000 rw-p 00cad000 00:2c 34523214                   /home/ppginf/vdfontoura/jdk1.8.0_45/jre/lib/amd64/server/libjvm.so
7f729b95c000-7f729b9a0000 rw-p 00000000 00:00 0 
7f729b9a0000-7f729bb5b000 r-xp 00000000 00:15 46                         /lib/x86_64-linux-gnu/libc-2.19.so
7f729bb5b000-7f729bd5a000 ---p 001bb000 00:15 46                         /lib/x86_64-linux-gnu/libc-2.19.so
7f729bd5a000-7f729bd5e000 r--p 001ba000 00:15 46                         /lib/x86_64-linux-gnu/libc-2.19.so
7f729bd5e000-7f729bd60000 rw-p 001be000 00:15 46                         /lib/x86_64-linux-gnu/libc-2.19.so
7f729bd60000-7f729bd65000 rw-p 00000000 00:00 0 
7f729bd65000-7f729bd68000 r-xp 00000000 00:15 52                         /lib/x86_64-linux-gnu/libdl-2.19.so
7f729bd68000-7f729bf67000 ---p 00003000 00:15 52                         /lib/x86_64-linux-gnu/libdl-2.19.so
7f729bf67000-7f729bf68000 r--p 00002000 00:15 52                         /lib/x86_64-linux-gnu/libdl-2.19.so
7f729bf68000-7f729bf69000 rw-p 00003000 00:15 52                         /lib/x86_64-linux-gnu/libdl-2.19.so
7f729bf69000-7f729bf7e000 r-xp 00000000 00:2c 34523376                   /home/ppginf/vdfontoura/jdk1.8.0_45/lib/amd64/jli/libjli.so
7f729bf7e000-7f729c17e000 ---p 00015000 00:2c 34523376                   /home/ppginf/vdfontoura/jdk1.8.0_45/lib/amd64/jli/libjli.so
7f729c17e000-7f729c17f000 rw-p 00015000 00:2c 34523376                   /home/ppginf/vdfontoura/jdk1.8.0_45/lib/amd64/jli/libjli.so
7f729c17f000-7f729c198000 r-xp 00000000 00:15 48                         /lib/x86_64-linux-gnu/libpthread-2.19.so
7f729c198000-7f729c397000 ---p 00019000 00:15 48                         /lib/x86_64-linux-gnu/libpthread-2.19.so
7f729c397000-7f729c398000 r--p 00018000 00:15 48                         /lib/x86_64-linux-gnu/libpthread-2.19.so
7f729c398000-7f729c399000 rw-p 00019000 00:15 48                         /lib/x86_64-linux-gnu/libpthread-2.19.so
7f729c399000-7f729c39d000 rw-p 00000000 00:00 0 
7f729c39d000-7f729c3c0000 r-xp 00000000 00:15 32                         /lib/x86_64-linux-gnu/ld-2.19.so
7f729c3d2000-7f729c47c000 rw-p 00000000 00:00 0 
7f729c47c000-7f729c47f000 ---p 00000000 00:00 0 
7f729c47f000-7f729c581000 rw-p 00000000 00:00 0                          [stack:28364]
7f729c585000-7f729c58c000 r--s 00000000 00:15 245                        /usr/lib/x86_64-linux-gnu/gconv/gconv-modules.cache
7f729c58c000-7f729c597000 r--s 00116000 00:2c 34523300                   /home/ppginf/vdfontoura/jdk1.8.0_45/jre/lib/ext/localedata.jar
7f729c597000-7f729c5b3000 r--s 00393000 00:2c 34523297                   /home/ppginf/vdfontoura/jdk1.8.0_45/jre/lib/ext/cldrdata.jar
7f729c5b3000-7f729c5bb000 rw-s 00000000 00:1a 176417                     /tmp/hsperfdata_vdfontoura/28349
7f729c5bb000-7f729c5bc000 rw-p 00000000 00:00 0 
7f729c5bc000-7f729c5bd000 ---p 00000000 00:00 0 
7f729c5bd000-7f729c5bf000 rw-p 00000000 00:00 0 
7f729c5bf000-7f729c5c0000 r--p 00022000 00:15 32                         /lib/x86_64-linux-gnu/ld-2.19.so
7f729c5c0000-7f729c5c1000 rw-p 00023000 00:15 32                         /lib/x86_64-linux-gnu/ld-2.19.so
7f729c5c1000-7f729c5c2000 rw-p 00000000 00:00 0 
7ffde62dd000-7ffde62fe000 rw-p 00000000 00:00 0                          [stack]
7ffde6364000-7ffde6366000 r--p 00000000 00:00 0                          [vvar]
7ffde6366000-7ffde6368000 r-xp 00000000 00:00 0                          [vdso]
ffffffffff600000-ffffffffff601000 r-xp 00000000 00:00 0                  [vsyscall]

VM Arguments:
java_command: ../../target/IBEAHH.jar 2500 2500000 SinglePointCrossover,IntegerTwoPointsCrossover,MultiPointsCrossover BitFlipMutation,LoopMoveOperator,LocalMoveOperator,SegmentMutation,OppositeMoveOperator 2000 1.0 1.0 1 1 ibea-result-2500/result-26 0 0 Random PPPHHPPHHPPPPPPHHHHHHHPPHHPPPPHHPPHPP false 50
java_class_path (initial): ../../target/IBEAHH.jar
Launcher Type: SUN_STANDARD

Environment Variables:
JAVA_HOME=/home/ppginf/vdfontoura/jdk1.8.0_45/
PATH=/home/ppginf/vdfontoura/jdk1.8.0_45//bin:/usr/local/sbin:/usr/local/bin:/usr/sbin:/usr/bin:/sbin:/bin:/usr/games:/usr/local/games:.:/home/html/inf/silvia/topicos/ferramentas/poketool/bin:/home/html/inf/silvia/topicos/ferramentas/proteum1.4.1/LINUX/bin:/home/ppginf/vdfontoura/tools/apache-maven-3.3.3/bin
SHELL=/bin/bash

Signal Handlers:
SIGSEGV: [libjvm.so+0xaad1e0], sa_mask[0]=11111111011111111101111111111110, sa_flags=SA_RESTART|SA_SIGINFO
SIGBUS: [libjvm.so+0xaad1e0], sa_mask[0]=11111111011111111101111111111110, sa_flags=SA_RESTART|SA_SIGINFO
SIGFPE: [libjvm.so+0x90b450], sa_mask[0]=11111111011111111101111111111110, sa_flags=SA_RESTART|SA_SIGINFO
SIGPIPE: [libjvm.so+0x90b450], sa_mask[0]=11111111011111111101111111111110, sa_flags=SA_RESTART|SA_SIGINFO
SIGXFSZ: [libjvm.so+0x90b450], sa_mask[0]=11111111011111111101111111111110, sa_flags=SA_RESTART|SA_SIGINFO
SIGILL: [libjvm.so+0x90b450], sa_mask[0]=11111111011111111101111111111110, sa_flags=SA_RESTART|SA_SIGINFO
SIGUSR1: SIG_DFL, sa_mask[0]=00000000000000000000000000000000, sa_flags=none
SIGUSR2: [libjvm.so+0x90ca90], sa_mask[0]=00000000000000000000000000000000, sa_flags=SA_RESTART|SA_SIGINFO
SIGHUP: SIG_IGN, sa_mask[0]=00000000000000000000000000000000, sa_flags=none
SIGINT: SIG_IGN, sa_mask[0]=00000000000000000000000000000000, sa_flags=none
SIGTERM: [libjvm.so+0x90dde0], sa_mask[0]=11111111011111111101111111111110, sa_flags=SA_RESTART|SA_SIGINFO
SIGQUIT: [libjvm.so+0x90dde0], sa_mask[0]=11111111011111111101111111111110, sa_flags=SA_RESTART|SA_SIGINFO


---------------  S Y S T E M  ---------------

OS:DISTRIB_ID=LinuxMint
DISTRIB_RELEASE=17
DISTRIB_CODENAME=qiana
DISTRIB_DESCRIPTION="Linux Mint 17 Qiana"

uname:Linux 4.0.1-kernel+ #2 SMP Wed May 6 16:11:56 BRT 2015 x86_64
libc:glibc 2.19 NPTL 2.19 
rlimit: STACK 8192k, CORE 0k, NPROC 30240, NOFILE 4096, AS 20000000k
load average:32,72 21,51 18,50

/proc/meminfo:
MemTotal:       127909028 kB
MemFree:         3443800 kB
MemAvailable:    3392236 kB
Buffers:               0 kB
Cached:            51320 kB
SwapCached:            0 kB
Active:         123785804 kB
Inactive:          34844 kB
Active(anon):   123779704 kB
Inactive(anon):    15952 kB
Active(file):       6100 kB
Inactive(file):    18892 kB
Unevictable:           0 kB
Mlocked:               0 kB
SwapTotal:             0 kB
SwapFree:              0 kB
Dirty:                 0 kB
Writeback:             0 kB
AnonPages:      123750276 kB
Mapped:            13884 kB
Shmem:             22620 kB
Slab:             112272 kB
SReclaimable:      40820 kB
SUnreclaim:        71452 kB
KernelStack:       24256 kB
PageTables:       265708 kB
NFS_Unstable:          0 kB
Bounce:                0 kB
WritebackTmp:          0 kB
CommitLimit:    63954512 kB
Committed_AS:   137946784 kB
VmallocTotal:   34359738367 kB
VmallocUsed:      220076 kB
VmallocChunk:   34359511436 kB
HardwareCorrupted:     0 kB
AnonHugePages:         0 kB
HugePages_Total:       0
HugePages_Free:        0
HugePages_Rsvd:        0
HugePages_Surp:        0
Hugepagesize:       2048 kB
DirectMap4k:       94192 kB
DirectMap2M:     6197248 kB
DirectMap1G:    123731968 kB


CPU:total 32 (1 cores per cpu, 1 threads per core) family 16 model 9 stepping 1, cmov, cx8, fxsr, mmx, sse, sse2, sse3, popcnt, mmxext, 3dnowpref, lzcnt, sse4a, tsc

/proc/cpuinfo:
processor	: 0
vendor_id	: AuthenticAMD
cpu family	: 16
model		: 9
model name	: AMD Opteron(tm) Processor 6136
stepping	: 1
microcode	: 0x1000065
cpu MHz		: 2400.178
cache size	: 512 KB
physical id	: 0
siblings	: 1
core id		: 0
cpu cores	: 1
apicid		: 0
initial apicid	: 0
fpu		: yes
fpu_exception	: yes
cpuid level	: 5
wp		: yes
flags		: fpu vme de pse tsc msr pae mce cx8 apic sep mtrr pge mca cmov pat pse36 clflush mmx fxsr sse sse2 syscall nx mmxext fxsr_opt pdpe1gb lm 3dnowext 3dnow rep_good nopl extd_apicid pni cx16 x2apic popcnt hypervisor lahf_lm cmp_legacy svm cr8_legacy abm sse4a misalignsse 3dnowprefetch osvw npt nrip_save vmmcall
bugs		: tlb_mmatch fxsave_leak
bogomips	: 4800.35
TLB size	: 1024 4K pages
clflush size	: 64
cache_alignment	: 64
address sizes	: 40 bits physical, 48 bits virtual
power management:

processor	: 1
vendor_id	: AuthenticAMD
cpu family	: 16
model		: 9
model name	: AMD Opteron(tm) Processor 6136
stepping	: 1
microcode	: 0x1000065
cpu MHz		: 2400.178
cache size	: 512 KB
physical id	: 1
siblings	: 1
core id		: 0
cpu cores	: 1
apicid		: 1
initial apicid	: 1
fpu		: yes
fpu_exception	: yes
cpuid level	: 5
wp		: yes
flags		: fpu vme de pse tsc msr pae mce cx8 apic sep mtrr pge mca cmov pat pse36 clflush mmx fxsr sse sse2 syscall nx mmxext fxsr_opt pdpe1gb lm 3dnowext 3dnow rep_good nopl extd_apicid pni cx16 x2apic popcnt hypervisor lahf_lm cmp_legacy svm cr8_legacy abm sse4a misalignsse 3dnowprefetch osvw npt nrip_save vmmcall
bugs		: tlb_mmatch fxsave_leak
bogomips	: 4800.35
TLB size	: 1024 4K pages
clflush size	: 64
cache_alignment	: 64
address sizes	: 40 bits physical, 48 bits virtual
power management:

processor	: 2
vendor_id	: AuthenticAMD
cpu family	: 16
model		: 9
model name	: AMD Opteron(tm) Processor 6136
stepping	: 1
microcode	: 0x1000065
cpu MHz		: 2400.178
cache size	: 512 KB
physical id	: 2
siblings	: 1
core id		: 0
cpu cores	: 1
apicid		: 2
initial apicid	: 2
fpu		: yes
fpu_exception	: yes
cpuid level	: 5
wp		: yes
flags		: fpu vme de pse tsc msr pae mce cx8 apic sep mtrr pge mca cmov pat pse36 clflush mmx fxsr sse sse2 syscall nx mmxext fxsr_opt pdpe1gb lm 3dnowext 3dnow rep_good nopl extd_apicid pni cx16 x2apic popcnt hypervisor lahf_lm cmp_legacy svm cr8_legacy abm sse4a misalignsse 3dnowprefetch osvw npt nrip_save vmmcall
bugs		: tlb_mmatch fxsave_leak
bogomips	: 4800.35
TLB size	: 1024 4K pages
clflush size	: 64
cache_alignment	: 64
address sizes	: 40 bits physical, 48 bits virtual
power management:

processor	: 3
vendor_id	: AuthenticAMD
cpu family	: 16
model		: 9
model name	: AMD Opteron(tm) Processor 6136
stepping	: 1
microcode	: 0x1000065
cpu MHz		: 2400.178
cache size	: 512 KB
physical id	: 3
siblings	: 1
core id		: 0
cpu cores	: 1
apicid		: 3
initial apicid	: 3
fpu		: yes
fpu_exception	: yes
cpuid level	: 5
wp		: yes
flags		: fpu vme de pse tsc msr pae mce cx8 apic sep mtrr pge mca cmov pat pse36 clflush mmx fxsr sse sse2 syscall nx mmxext fxsr_opt pdpe1gb lm 3dnowext 3dnow rep_good nopl extd_apicid pni cx16 x2apic popcnt hypervisor lahf_lm cmp_legacy svm cr8_legacy abm sse4a misalignsse 3dnowprefetch osvw npt nrip_save vmmcall
bugs		: tlb_mmatch fxsave_leak
bogomips	: 4800.35
TLB size	: 1024 4K pages
clflush size	: 64
cache_alignment	: 64
address sizes	: 40 bits physical, 48 bits virtual
power management:

processor	: 4
vendor_id	: AuthenticAMD
cpu family	: 16
model		: 9
model name	: AMD Opteron(tm) Processor 6136
stepping	: 1
microcode	: 0x1000065
cpu MHz		: 2400.178
cache size	: 512 KB
physical id	: 4
siblings	: 1
core id		: 0
cpu cores	: 1
apicid		: 4
initial apicid	: 4
fpu		: yes
fpu_exception	: yes
cpuid level	: 5
wp		: yes
flags		: fpu vme de pse tsc msr pae mce cx8 apic sep mtrr pge mca cmov pat pse36 clflush mmx fxsr sse sse2 syscall nx mmxext fxsr_opt pdpe1gb lm 3dnowext 3dnow rep_good nopl extd_apicid pni cx16 x2apic popcnt hypervisor lahf_lm cmp_legacy svm cr8_legacy abm sse4a misalignsse 3dnowprefetch osvw npt nrip_save vmmcall
bugs		: tlb_mmatch fxsave_leak
bogomips	: 4800.35
TLB size	: 1024 4K pages
clflush size	: 64
cache_alignment	: 64
address sizes	: 40 bits physical, 48 bits virtual
power management:

processor	: 5
vendor_id	: AuthenticAMD
cpu family	: 16
model		: 9
model name	: AMD Opteron(tm) Processor 6136
stepping	: 1
microcode	: 0x1000065
cpu MHz		: 2400.178
cache size	: 512 KB
physical id	: 5
siblings	: 1
core id		: 0
cpu cores	: 1
apicid		: 5
initial apicid	: 5
fpu		: yes
fpu_exception	: yes
cpuid level	: 5
wp		: yes
flags		: fpu vme de pse tsc msr pae mce cx8 apic sep mtrr pge mca cmov pat pse36 clflush mmx fxsr sse sse2 syscall nx mmxext fxsr_opt pdpe1gb lm 3dnowext 3dnow rep_good nopl extd_apicid pni cx16 x2apic popcnt hypervisor lahf_lm cmp_legacy svm cr8_legacy abm sse4a misalignsse 3dnowprefetch osvw npt nrip_save vmmcall
bugs		: tlb_mmatch fxsave_leak
bogomips	: 4800.35
TLB size	: 1024 4K pages
clflush size	: 64
cache_alignment	: 64
address sizes	: 40 bits physical, 48 bits virtual
power management:

processor	: 6
vendor_id	: AuthenticAMD
cpu family	: 16
model		: 9
model name	: AMD Opteron(tm) Processor 6136
stepping	: 1
microcode	: 0x1000065
cpu MHz		: 2400.178
cache size	: 512 KB
physical id	: 6
siblings	: 1
core id		: 0
cpu cores	: 1
apicid		: 6
initial apicid	: 6
fpu		: yes
fpu_exception	: yes
cpuid level	: 5
wp		: yes
flags		: fpu vme de pse tsc msr pae mce cx8 apic sep mtrr pge mca cmov pat pse36 clflush mmx fxsr sse sse2 syscall nx mmxext fxsr_opt pdpe1gb lm 3dnowext 3dnow rep_good nopl extd_apicid pni cx16 x2apic popcnt hypervisor lahf_lm cmp_legacy svm cr8_legacy abm sse4a misalignsse 3dnowprefetch osvw npt nrip_save vmmcall
bugs		: tlb_mmatch fxsave_leak
bogomips	: 4800.35
TLB size	: 1024 4K pages
clflush size	: 64
cache_alignment	: 64
address sizes	: 40 bits physical, 48 bits virtual
power management:

processor	: 7
vendor_id	: AuthenticAMD
cpu family	: 16
model		: 9
model name	: AMD Opteron(tm) Processor 6136
stepping	: 1
microcode	: 0x1000065
cpu MHz		: 2400.178
cache size	: 512 KB
physical id	: 7
siblings	: 1
core id		: 0
cpu cores	: 1
apicid		: 7
initial apicid	: 7
fpu		: yes
fpu_exception	: yes
cpuid level	: 5
wp		: yes
flags		: fpu vme de pse tsc msr pae mce cx8 apic sep mtrr pge mca cmov pat pse36 clflush mmx fxsr sse sse2 syscall nx mmxext fxsr_opt pdpe1gb lm 3dnowext 3dnow rep_good nopl extd_apicid pni cx16 x2apic popcnt hypervisor lahf_lm cmp_legacy svm cr8_legacy abm sse4a misalignsse 3dnowprefetch osvw npt nrip_save vmmcall
bugs		: tlb_mmatch fxsave_leak
bogomips	: 4800.35
TLB size	: 1024 4K pages
clflush size	: 64
cache_alignment	: 64
address sizes	: 40 bits physical, 48 bits virtual
power management:

processor	: 8
vendor_id	: AuthenticAMD
cpu family	: 16
model		: 9
model name	: AMD Opteron(tm) Processor 6136
stepping	: 1
microcode	: 0x1000065
cpu MHz		: 2400.178
cache size	: 512 KB
physical id	: 8
siblings	: 1
core id		: 0
cpu cores	: 1
apicid		: 8
initial apicid	: 8
fpu		: yes
fpu_exception	: yes
cpuid level	: 5
wp		: yes
flags		: fpu vme de pse tsc msr pae mce cx8 apic sep mtrr pge mca cmov pat pse36 clflush mmx fxsr sse sse2 syscall nx mmxext fxsr_opt pdpe1gb lm 3dnowext 3dnow rep_good nopl extd_apicid pni cx16 x2apic popcnt hypervisor lahf_lm cmp_legacy svm cr8_legacy abm sse4a misalignsse 3dnowprefetch osvw npt nrip_save vmmcall
bugs		: tlb_mmatch fxsave_leak
bogomips	: 4800.35
TLB size	: 1024 4K pages
clflush size	: 64
cache_alignment	: 64
address sizes	: 40 bits physical, 48 bits virtual
power management:

processor	: 9
vendor_id	: AuthenticAMD
cpu family	: 16
model		: 9
model name	: AMD Opteron(tm) Processor 6136
stepping	: 1
microcode	: 0x1000065
cpu MHz		: 2400.178
cache size	: 512 KB
physical id	: 9
siblings	: 1
core id		: 0
cpu cores	: 1
apicid		: 9
initial apicid	: 9
fpu		: yes
fpu_exception	: yes
cpuid level	: 5
wp		: yes
flags		: fpu vme de pse tsc msr pae mce cx8 apic sep mtrr pge mca cmov pat pse36 clflush mmx fxsr sse sse2 syscall nx mmxext fxsr_opt pdpe1gb lm 3dnowext 3dnow rep_good nopl extd_apicid pni cx16 x2apic popcnt hypervisor lahf_lm cmp_legacy svm cr8_legacy abm sse4a misalignsse 3dnowprefetch osvw npt nrip_save vmmcall
bugs		: tlb_mmatch fxsave_leak
bogomips	: 4800.35
TLB size	: 1024 4K pages
clflush size	: 64
cache_alignment	: 64
address sizes	: 40 bits physical, 48 bits virtual
power management:

processor	: 10
vendor_id	: AuthenticAMD
cpu family	: 16
model		: 9
model name	: AMD Opteron(tm) Processor 6136
stepping	: 1
microcode	: 0x1000065
cpu MHz		: 2400.178
cache size	: 512 KB
physical id	: 10
siblings	: 1
core id		: 0
cpu cores	: 1
apicid		: 10
initial apicid	: 10
fpu		: yes
fpu_exception	: yes
cpuid level	: 5
wp		: yes
flags		: fpu vme de pse tsc msr pae mce cx8 apic sep mtrr pge mca cmov pat pse36 clflush mmx fxsr sse sse2 syscall nx mmxext fxsr_opt pdpe1gb lm 3dnowext 3dnow rep_good nopl extd_apicid pni cx16 x2apic popcnt hypervisor lahf_lm cmp_legacy svm cr8_legacy abm sse4a misalignsse 3dnowprefetch osvw npt nrip_save vmmcall
bugs		: tlb_mmatch fxsave_leak
bogomips	: 4800.35
TLB size	: 1024 4K pages
clflush size	: 64
cache_alignment	: 64
address sizes	: 40 bits physical, 48 bits virtual
power management:

processor	: 11
vendor_id	: AuthenticAMD
cpu family	: 16
model		: 9
model name	: AMD Opteron(tm) Processor 6136
stepping	: 1
microcode	: 0x1000065
cpu MHz		: 2400.178
cache size	: 512 KB
physical id	: 11
siblings	: 1
core id		: 0
cpu cores	: 1
apicid		: 11
initial apicid	: 11
fpu		: yes
fpu_exception	: yes
cpuid level	: 5
wp		: yes
flags		: fpu vme de pse tsc msr pae mce cx8 apic sep mtrr pge mca cmov pat pse36 clflush mmx fxsr sse sse2 syscall nx mmxext fxsr_opt pdpe1gb lm 3dnowext 3dnow rep_good nopl extd_apicid pni cx16 x2apic popcnt hypervisor lahf_lm cmp_legacy svm cr8_legacy abm sse4a misalignsse 3dnowprefetch osvw npt nrip_save vmmcall
bugs		: tlb_mmatch fxsave_leak
bogomips	: 4800.35
TLB size	: 1024 4K pages
clflush size	: 64
cache_alignment	: 64
address sizes	: 40 bits physical, 48 bits virtual
power management:

processor	: 12
vendor_id	: AuthenticAMD
cpu family	: 16
model		: 9
model name	: AMD Opteron(tm) Processor 6136
stepping	: 1
microcode	: 0x1000065
cpu MHz		: 2400.178
cache size	: 512 KB
physical id	: 12
siblings	: 1
core id		: 0
cpu cores	: 1
apicid		: 12
initial apicid	: 12
fpu		: yes
fpu_exception	: yes
cpuid level	: 5
wp		: yes
flags		: fpu vme de pse tsc msr pae mce cx8 apic sep mtrr pge mca cmov pat pse36 clflush mmx fxsr sse sse2 syscall nx mmxext fxsr_opt pdpe1gb lm 3dnowext 3dnow rep_good nopl extd_apicid pni cx16 x2apic popcnt hypervisor lahf_lm cmp_legacy svm cr8_legacy abm sse4a misalignsse 3dnowprefetch osvw npt nrip_save vmmcall
bugs		: tlb_mmatch fxsave_leak
bogomips	: 4800.35
TLB size	: 1024 4K pages
clflush size	: 64
cache_alignment	: 64
address sizes	: 40 bits physical, 48 bits virtual
power management:

processor	: 13
vendor_id	: AuthenticAMD
cpu family	: 16
model		: 9
model name	: AMD Opteron(tm) Processor 6136
stepping	: 1
microcode	: 0x1000065
cpu MHz		: 2400.178
cache size	: 512 KB
physical id	: 13
siblings	: 1
core id		: 0
cpu cores	: 1
apicid		: 13
initial apicid	: 13
fpu		: yes
fpu_exception	: yes
cpuid level	: 5
wp		: yes
flags		: fpu vme de pse tsc msr pae mce cx8 apic sep mtrr pge mca cmov pat pse36 clflush mmx fxsr sse sse2 syscall nx mmxext fxsr_opt pdpe1gb lm 3dnowext 3dnow rep_good nopl extd_apicid pni cx16 x2apic popcnt hypervisor lahf_lm cmp_legacy svm cr8_legacy abm sse4a misalignsse 3dnowprefetch osvw npt nrip_save vmmcall
bugs		: tlb_mmatch fxsave_leak
bogomips	: 4800.35
TLB size	: 1024 4K pages
clflush size	: 64
cache_alignment	: 64
address sizes	: 40 bits physical, 48 bits virtual
power management:

processor	: 14
vendor_id	: AuthenticAMD
cpu family	: 16
model		: 9
model name	: AMD Opteron(tm) Processor 6136
stepping	: 1
microcode	: 0x1000065
cpu MHz		: 2400.178
cache size	: 512 KB
physical id	: 14
siblings	: 1
core id		: 0
cpu cores	: 1
apicid		: 14
initial apicid	: 14
fpu		: yes
fpu_exception	: yes
cpuid level	: 5
wp		: yes
flags		: fpu vme de pse tsc msr pae mce cx8 apic sep mtrr pge mca cmov pat pse36 clflush mmx fxsr sse sse2 syscall nx mmxext fxsr_opt pdpe1gb lm 3dnowext 3dnow rep_good nopl extd_apicid pni cx16 x2apic popcnt hypervisor lahf_lm cmp_legacy svm cr8_legacy abm sse4a misalignsse 3dnowprefetch osvw npt nrip_save vmmcall
bugs		: tlb_mmatch fxsave_leak
bogomips	: 4800.35
TLB size	: 1024 4K pages
clflush size	: 64
cache_alignment	: 64
address sizes	: 40 bits physical, 48 bits virtual
power management:

processor	: 15
vendor_id	: AuthenticAMD
cpu family	: 16
model		: 9
model name	: AMD Opteron(tm) Processor 6136
stepping	: 1
microcode	: 0x1000065
cpu MHz		: 2400.178
cache size	: 512 KB
physical id	: 15
siblings	: 1
core id		: 0
cpu cores	: 1
apicid		: 15
initial apicid	: 15
fpu		: yes
fpu_exception	: yes
cpuid level	: 5
wp		: yes
flags		: fpu vme de pse tsc msr pae mce cx8 apic sep mtrr pge mca cmov pat pse36 clflush mmx fxsr sse sse2 syscall nx mmxext fxsr_opt pdpe1gb lm 3dnowext 3dnow rep_good nopl extd_apicid pni cx16 x2apic popcnt hypervisor lahf_lm cmp_legacy svm cr8_legacy abm sse4a misalignsse 3dnowprefetch osvw npt nrip_save vmmcall
bugs		: tlb_mmatch fxsave_leak
bogomips	: 4800.35
TLB size	: 1024 4K pages
clflush size	: 64
cache_alignment	: 64
address sizes	: 40 bits physical, 48 bits virtual
power management:

processor	: 16
vendor_id	: AuthenticAMD
cpu family	: 16
model		: 9
model name	: AMD Opteron(tm) Processor 6136
stepping	: 1
microcode	: 0x1000065
cpu MHz		: 2400.178
cache size	: 512 KB
physical id	: 16
siblings	: 1
core id		: 0
cpu cores	: 1
apicid		: 16
initial apicid	: 16
fpu		: yes
fpu_exception	: yes
cpuid level	: 5
wp		: yes
flags		: fpu vme de pse tsc msr pae mce cx8 apic sep mtrr pge mca cmov pat pse36 clflush mmx fxsr sse sse2 syscall nx mmxext fxsr_opt pdpe1gb lm 3dnowext 3dnow rep_good nopl extd_apicid pni cx16 x2apic popcnt hypervisor lahf_lm cmp_legacy svm cr8_legacy abm sse4a misalignsse 3dnowprefetch osvw npt nrip_save vmmcall
bugs		: tlb_mmatch fxsave_leak
bogomips	: 4800.35
TLB size	: 1024 4K pages
clflush size	: 64
cache_alignment	: 64
address sizes	: 40 bits physical, 48 bits virtual
power management:

processor	: 17
vendor_id	: AuthenticAMD
cpu family	: 16
model		: 9
model name	: AMD Opteron(tm) Processor 6136
stepping	: 1
microcode	: 0x1000065
cpu MHz		: 2400.178
cache size	: 512 KB
physical id	: 17
siblings	: 1
core id		: 0
cpu cores	: 1
apicid		: 17
initial apicid	: 17
fpu		: yes
fpu_exception	: yes
cpuid level	: 5
wp		: yes
flags		: fpu vme de pse tsc msr pae mce cx8 apic sep mtrr pge mca cmov pat pse36 clflush mmx fxsr sse sse2 syscall nx mmxext fxsr_opt pdpe1gb lm 3dnowext 3dnow rep_good nopl extd_apicid pni cx16 x2apic popcnt hypervisor lahf_lm cmp_legacy svm cr8_legacy abm sse4a misalignsse 3dnowprefetch osvw npt nrip_save vmmcall
bugs		: tlb_mmatch fxsave_leak
bogomips	: 4800.35
TLB size	: 1024 4K pages
clflush size	: 64
cache_alignment	: 64
address sizes	: 40 bits physical, 48 bits virtual
power management:

processor	: 18
vendor_id	: AuthenticAMD
cpu family	: 16
model		: 9
model name	: AMD Opteron(tm) Processor 6136
stepping	: 1
microcode	: 0x1000065
cpu MHz		: 2400.178
cache size	: 512 KB
physical id	: 18
siblings	: 1
core id		: 0
cpu cores	: 1
apicid		: 18
initial apicid	: 18
fpu		: yes
fpu_exception	: yes
cpuid level	: 5
wp		: yes
flags		: fpu vme de pse tsc msr pae mce cx8 apic sep mtrr pge mca cmov pat pse36 clflush mmx fxsr sse sse2 syscall nx mmxext fxsr_opt pdpe1gb lm 3dnowext 3dnow rep_good nopl extd_apicid pni cx16 x2apic popcnt hypervisor lahf_lm cmp_legacy svm cr8_legacy abm sse4a misalignsse 3dnowprefetch osvw npt nrip_save vmmcall
bugs		: tlb_mmatch fxsave_leak
bogomips	: 4800.35
TLB size	: 1024 4K pages
clflush size	: 64
cache_alignment	: 64
address sizes	: 40 bits physical, 48 bits virtual
power management:

processor	: 19
vendor_id	: AuthenticAMD
cpu family	: 16
model		: 9
model name	: AMD Opteron(tm) Processor 6136
stepping	: 1
microcode	: 0x1000065
cpu MHz		: 2400.178
cache size	: 512 KB
physical id	: 19
siblings	: 1
core id		: 0
cpu cores	: 1
apicid		: 19
initial apicid	: 19
fpu		: yes
fpu_exception	: yes
cpuid level	: 5
wp		: yes
flags		: fpu vme de pse tsc msr pae mce cx8 apic sep mtrr pge mca cmov pat pse36 clflush mmx fxsr sse sse2 syscall nx mmxext fxsr_opt pdpe1gb lm 3dnowext 3dnow rep_good nopl extd_apicid pni cx16 x2apic popcnt hypervisor lahf_lm cmp_legacy svm cr8_legacy abm sse4a misalignsse 3dnowprefetch osvw npt nrip_save vmmcall
bugs		: tlb_mmatch fxsave_leak
bogomips	: 4800.35
TLB size	: 1024 4K pages
clflush size	: 64
cache_alignment	: 64
address sizes	: 40 bits physical, 48 bits virtual
power management:

processor	: 20
vendor_id	: AuthenticAMD
cpu family	: 16
model		: 9
model name	: AMD Opteron(tm) Processor 6136
stepping	: 1
microcode	: 0x1000065
cpu MHz		: 2400.178
cache size	: 512 KB
physical id	: 20
siblings	: 1
core id		: 0
cpu cores	: 1
apicid		: 20
initial apicid	: 20
fpu		: yes
fpu_exception	: yes
cpuid level	: 5
wp		: yes
flags		: fpu vme de pse tsc msr pae mce cx8 apic sep mtrr pge mca cmov pat pse36 clflush mmx fxsr sse sse2 syscall nx mmxext fxsr_opt pdpe1gb lm 3dnowext 3dnow rep_good nopl extd_apicid pni cx16 x2apic popcnt hypervisor lahf_lm cmp_legacy svm cr8_legacy abm sse4a misalignsse 3dnowprefetch osvw npt nrip_save vmmcall
bugs		: tlb_mmatch fxsave_leak
bogomips	: 4800.35
TLB size	: 1024 4K pages
clflush size	: 64
cache_alignment	: 64
address sizes	: 40 bits physical, 48 bits virtual
power management:

processor	: 21
vendor_id	: AuthenticAMD
cpu family	: 16
model		: 9
model name	: AMD Opteron(tm) Processor 6136
stepping	: 1
microcode	: 0x1000065
cpu MHz		: 2400.178
cache size	: 512 KB
physical id	: 21
siblings	: 1
core id		: 0
cpu cores	: 1
apicid		: 21
initial apicid	: 21
fpu		: yes
fpu_exception	: yes
cpuid level	: 5
wp		: yes
flags		: fpu vme de pse tsc msr pae mce cx8 apic sep mtrr pge mca cmov pat pse36 clflush mmx fxsr sse sse2 syscall nx mmxext fxsr_opt pdpe1gb lm 3dnowext 3dnow rep_good nopl extd_apicid pni cx16 x2apic popcnt hypervisor lahf_lm cmp_legacy svm cr8_legacy abm sse4a misalignsse 3dnowprefetch osvw npt nrip_save vmmcall
bugs		: tlb_mmatch fxsave_leak
bogomips	: 4800.35
TLB size	: 1024 4K pages
clflush size	: 64
cache_alignment	: 64
address sizes	: 40 bits physical, 48 bits virtual
power management:

processor	: 22
vendor_id	: AuthenticAMD
cpu family	: 16
model		: 9
model name	: AMD Opteron(tm) Processor 6136
stepping	: 1
microcode	: 0x1000065
cpu MHz		: 2400.178
cache size	: 512 KB
physical id	: 22
siblings	: 1
core id		: 0
cpu cores	: 1
apicid		: 22
initial apicid	: 22
fpu		: yes
fpu_exception	: yes
cpuid level	: 5
wp		: yes
flags		: fpu vme de pse tsc msr pae mce cx8 apic sep mtrr pge mca cmov pat pse36 clflush mmx fxsr sse sse2 syscall nx mmxext fxsr_opt pdpe1gb lm 3dnowext 3dnow rep_good nopl extd_apicid pni cx16 x2apic popcnt hypervisor lahf_lm cmp_legacy svm cr8_legacy abm sse4a misalignsse 3dnowprefetch osvw npt nrip_save vmmcall
bugs		: tlb_mmatch fxsave_leak
bogomips	: 4800.35
TLB size	: 1024 4K pages
clflush size	: 64
cache_alignment	: 64
address sizes	: 40 bits physical, 48 bits virtual
power management:

processor	: 23
vendor_id	: AuthenticAMD
cpu family	: 16
model		: 9
model name	: AMD Opteron(tm) Processor 6136
stepping	: 1
microcode	: 0x1000065
cpu MHz		: 2400.178
cache size	: 512 KB
physical id	: 23
siblings	: 1
core id		: 0
cpu cores	: 1
apicid		: 23
initial apicid	: 23
fpu		: yes
fpu_exception	: yes
cpuid level	: 5
wp		: yes
flags		: fpu vme de pse tsc msr pae mce cx8 apic sep mtrr pge mca cmov pat pse36 clflush mmx fxsr sse sse2 syscall nx mmxext fxsr_opt pdpe1gb lm 3dnowext 3dnow rep_good nopl extd_apicid pni cx16 x2apic popcnt hypervisor lahf_lm cmp_legacy svm cr8_legacy abm sse4a misalignsse 3dnowprefetch osvw npt nrip_save vmmcall
bugs		: tlb_mmatch fxsave_leak
bogomips	: 4800.35
TLB size	: 1024 4K pages
clflush size	: 64
cache_alignment	: 64
address sizes	: 40 bits physical, 48 bits virtual
power management:

processor	: 24
vendor_id	: AuthenticAMD
cpu family	: 16
model		: 9
model name	: AMD Opteron(tm) Processor 6136
stepping	: 1
microcode	: 0x1000065
cpu MHz		: 2400.178
cache size	: 512 KB
physical id	: 24
siblings	: 1
core id		: 0
cpu cores	: 1
apicid		: 24
initial apicid	: 24
fpu		: yes
fpu_exception	: yes
cpuid level	: 5
wp		: yes
flags		: fpu vme de pse tsc msr pae mce cx8 apic sep mtrr pge mca cmov pat pse36 clflush mmx fxsr sse sse2 syscall nx mmxext fxsr_opt pdpe1gb lm 3dnowext 3dnow rep_good nopl extd_apicid pni cx16 x2apic popcnt hypervisor lahf_lm cmp_legacy svm cr8_legacy abm sse4a misalignsse 3dnowprefetch osvw npt nrip_save vmmcall
bugs		: tlb_mmatch fxsave_leak
bogomips	: 4800.35
TLB size	: 1024 4K pages
clflush size	: 64
cache_alignment	: 64
address sizes	: 40 bits physical, 48 bits virtual
power management:

processor	: 25
vendor_id	: AuthenticAMD
cpu family	: 16
model		: 9
model name	: AMD Opteron(tm) Processor 6136
stepping	: 1
microcode	: 0x1000065
cpu MHz		: 2400.178
cache size	: 512 KB
physical id	: 25
siblings	: 1
core id		: 0
cpu cores	: 1
apicid		: 25
initial apicid	: 25
fpu		: yes
fpu_exception	: yes
cpuid level	: 5
wp		: yes
flags		: fpu vme de pse tsc msr pae mce cx8 apic sep mtrr pge mca cmov pat pse36 clflush mmx fxsr sse sse2 syscall nx mmxext fxsr_opt pdpe1gb lm 3dnowext 3dnow rep_good nopl extd_apicid pni cx16 x2apic popcnt hypervisor lahf_lm cmp_legacy svm cr8_legacy abm sse4a misalignsse 3dnowprefetch osvw npt nrip_save vmmcall
bugs		: tlb_mmatch fxsave_leak
bogomips	: 4800.35
TLB size	: 1024 4K pages
clflush size	: 64
cache_alignment	: 64
address sizes	: 40 bits physical, 48 bits virtual
power management:

processor	: 26
vendor_id	: AuthenticAMD
cpu family	: 16
model		: 9
model name	: AMD Opteron(tm) Processor 6136
stepping	: 1
microcode	: 0x1000065
cpu MHz		: 2400.178
cache size	: 512 KB
physical id	: 26
siblings	: 1
core id		: 0
cpu cores	: 1
apicid		: 26
initial apicid	: 26
fpu		: yes
fpu_exception	: yes
cpuid level	: 5
wp		: yes
flags		: fpu vme de pse tsc msr pae mce cx8 apic sep mtrr pge mca cmov pat pse36 clflush mmx fxsr sse sse2 syscall nx mmxext fxsr_opt pdpe1gb lm 3dnowext 3dnow rep_good nopl extd_apicid pni cx16 x2apic popcnt hypervisor lahf_lm cmp_legacy svm cr8_legacy abm sse4a misalignsse 3dnowprefetch osvw npt nrip_save vmmcall
bugs		: tlb_mmatch fxsave_leak
bogomips	: 4800.35
TLB size	: 1024 4K pages
clflush size	: 64
cache_alignment	: 64
address sizes	: 40 bits physical, 48 bits virtual
power management:

processor	: 27
vendor_id	: AuthenticAMD
cpu family	: 16
model		: 9
model name	: AMD Opteron(tm) Processor 6136
stepping	: 1
microcode	: 0x1000065
cpu MHz		: 2400.178
cache size	: 512 KB
physical id	: 27
siblings	: 1
core id		: 0
cpu cores	: 1
apicid		: 27
initial apicid	: 27
fpu		: yes
fpu_exception	: yes
cpuid level	: 5
wp		: yes
flags		: fpu vme de pse tsc msr pae mce cx8 apic sep mtrr pge mca cmov pat pse36 clflush mmx fxsr sse sse2 syscall nx mmxext fxsr_opt pdpe1gb lm 3dnowext 3dnow rep_good nopl extd_apicid pni cx16 x2apic popcnt hypervisor lahf_lm cmp_legacy svm cr8_legacy abm sse4a misalignsse 3dnowprefetch osvw npt nrip_save vmmcall
bugs		: tlb_mmatch fxsave_leak
bogomips	: 4800.35
TLB size	: 1024 4K pages
clflush size	: 64
cache_alignment	: 64
address sizes	: 40 bits physical, 48 bits virtual
power management:

processor	: 28
vendor_id	: AuthenticAMD
cpu family	: 16
model		: 9
model name	: AMD Opteron(tm) Processor 6136
stepping	: 1
microcode	: 0x1000065
cpu MHz		: 2400.178
cache size	: 512 KB
physical id	: 28
siblings	: 1
core id		: 0
cpu cores	: 1
apicid		: 28
initial apicid	: 28
fpu		: yes
fpu_exception	: yes
cpuid level	: 5
wp		: yes
flags		: fpu vme de pse tsc msr pae mce cx8 apic sep mtrr pge mca cmov pat pse36 clflush mmx fxsr sse sse2 syscall nx mmxext fxsr_opt pdpe1gb lm 3dnowext 3dnow rep_good nopl extd_apicid pni cx16 x2apic popcnt hypervisor lahf_lm cmp_legacy svm cr8_legacy abm sse4a misalignsse 3dnowprefetch osvw npt nrip_save vmmcall
bugs		: tlb_mmatch fxsave_leak
bogomips	: 4800.35
TLB size	: 1024 4K pages
clflush size	: 64
cache_alignment	: 64
address sizes	: 40 bits physical, 48 bits virtual
power management:

processor	: 29
vendor_id	: AuthenticAMD
cpu family	: 16
model		: 9
model name	: AMD Opteron(tm) Processor 6136
stepping	: 1
microcode	: 0x1000065
cpu MHz		: 2400.178
cache size	: 512 KB
physical id	: 29
siblings	: 1
core id		: 0
cpu cores	: 1
apicid		: 29
initial apicid	: 29
fpu		: yes
fpu_exception	: yes
cpuid level	: 5
wp		: yes
flags		: fpu vme de pse tsc msr pae mce cx8 apic sep mtrr pge mca cmov pat pse36 clflush mmx fxsr sse sse2 syscall nx mmxext fxsr_opt pdpe1gb lm 3dnowext 3dnow rep_good nopl extd_apicid pni cx16 x2apic popcnt hypervisor lahf_lm cmp_legacy svm cr8_legacy abm sse4a misalignsse 3dnowprefetch osvw npt nrip_save vmmcall
bugs		: tlb_mmatch fxsave_leak
bogomips	: 4800.35
TLB size	: 1024 4K pages
clflush size	: 64
cache_alignment	: 64
address sizes	: 40 bits physical, 48 bits virtual
power management:

processor	: 30
vendor_id	: AuthenticAMD
cpu family	: 16
model		: 9
model name	: AMD Opteron(tm) Processor 6136
stepping	: 1
microcode	: 0x1000065
cpu MHz		: 2400.178
cache size	: 512 KB
physical id	: 30
siblings	: 1
core id		: 0
cpu cores	: 1
apicid		: 30
initial apicid	: 30
fpu		: yes
fpu_exception	: yes
cpuid level	: 5
wp		: yes
flags		: fpu vme de pse tsc msr pae mce cx8 apic sep mtrr pge mca cmov pat pse36 clflush mmx fxsr sse sse2 syscall nx mmxext fxsr_opt pdpe1gb lm 3dnowext 3dnow rep_good nopl extd_apicid pni cx16 x2apic popcnt hypervisor lahf_lm cmp_legacy svm cr8_legacy abm sse4a misalignsse 3dnowprefetch osvw npt nrip_save vmmcall
bugs		: tlb_mmatch fxsave_leak
bogomips	: 4800.35
TLB size	: 1024 4K pages
clflush size	: 64
cache_alignment	: 64
address sizes	: 40 bits physical, 48 bits virtual
power management:

processor	: 31
vendor_id	: AuthenticAMD
cpu family	: 16
model		: 9
model name	: AMD Opteron(tm) Processor 6136
stepping	: 1
microcode	: 0x1000065
cpu MHz		: 2400.178
cache size	: 512 KB
physical id	: 31
siblings	: 1
core id		: 0
cpu cores	: 1
apicid		: 31
initial apicid	: 31
fpu		: yes
fpu_exception	: yes
cpuid level	: 5
wp		: yes
flags		: fpu vme de pse tsc msr pae mce cx8 apic sep mtrr pge mca cmov pat pse36 clflush mmx fxsr sse sse2 syscall nx mmxext fxsr_opt pdpe1gb lm 3dnowext 3dnow rep_good nopl extd_apicid pni cx16 x2apic popcnt hypervisor lahf_lm cmp_legacy svm cr8_legacy abm sse4a misalignsse 3dnowprefetch osvw npt nrip_save vmmcall
bugs		: tlb_mmatch fxsave_leak
bogomips	: 4800.35
TLB size	: 1024 4K pages
clflush size	: 64
cache_alignment	: 64
address sizes	: 40 bits physical, 48 bits virtual
power management:



Memory: 4k page, physical 127909028k(3455896k free), swap 0k(0k free)

vm_info: Java HotSpot(TM) 64-Bit Server VM (25.45-b02) for linux-amd64 JRE (1.8.0_45-b14), built on Apr 10 2015 10:07:45 by "java_re" with gcc 4.3.0 20080428 (Red Hat 4.3.0-8)

time: Tue Jan 26 02:27:46 2016
elapsed time: 89880 seconds (1d 0h 58m 0s)

