#
# There is insufficient memory for the Java Runtime Environment to continue.
# Native memory allocation (mmap) failed to map 204472320 bytes for committing reserved memory.
# Possible reasons:
#   The system is out of physical RAM or swap space
#   In 32 bit mode, the process size limit was hit
# Possible solutions:
#   Reduce memory load on the system
#   Increase physical memory or swap space
#   Check if swap backing store is full
#   Use 64 bit Java on a 64 bit OS
#   Decrease Java heap size (-Xmx/-Xms)
#   Decrease number of Java threads
#   Decrease Java thread stack sizes (-Xss)
#   Set larger code cache with -XX:ReservedCodeCacheSize=
# This output file may be truncated or incomplete.
#
#  Out of Memory Error (os_linux.cpp:2673), pid=28341, tid=139753524504320
#
# JRE version: Java(TM) SE Runtime Environment (8.0_45-b14) (build 1.8.0_45-b14)
# Java VM: Java HotSpot(TM) 64-Bit Server VM (25.45-b02 mixed mode linux-amd64 compressed oops)
# Failed to write core dump. Core dumps have been disabled. To enable core dumping, try "ulimit -c unlimited" before starting Java again
#

---------------  T H R E A D  ---------------

Current thread (0x00007f1b103c6000):  VMThread [stack: 0x00007f1ae71f2000,0x00007f1ae72f3000] [id=29077]

Stack: [0x00007f1ae71f2000,0x00007f1ae72f3000],  sp=0x00007f1ae72f1260,  free space=1020k
Native frames: (J=compiled Java code, j=interpreted, Vv=VM code, C=native code)
V  [libjvm.so+0xaac99a]  VMError::report_and_die()+0x2ba
V  [libjvm.so+0x4f333b]  report_vm_out_of_memory(char const*, int, unsigned long, VMErrorType, char const*)+0x8b
V  [libjvm.so+0x90e7c3]  os::Linux::commit_memory_impl(char*, unsigned long, bool)+0x103
V  [libjvm.so+0x90ed19]  os::pd_commit_memory(char*, unsigned long, unsigned long, bool)+0x29
V  [libjvm.so+0x90867a]  os::commit_memory(char*, unsigned long, unsigned long, bool)+0x2a
V  [libjvm.so+0x97bac3]  PSVirtualSpace::expand_by(unsigned long)+0x53
V  [libjvm.so+0x96c320]  PSOldGen::expand(unsigned long)+0x170
V  [libjvm.so+0x96c52b]  PSOldGen::resize(unsigned long)+0x1cb
V  [libjvm.so+0x974241]  PSParallelCompact::invoke_no_policy(bool)+0x9d1
V  [libjvm.so+0x979bed]  PSScavenge::invoke()+0x1ad
V  [libjvm.so+0x932050]  ParallelScavengeHeap::failed_mem_allocate(unsigned long)+0x70
V  [libjvm.so+0xaae1d7]  VM_ParallelGCFailedAllocation::doit()+0x97
V  [libjvm.so+0xab59c5]  VM_Operation::evaluate()+0x55
V  [libjvm.so+0xab3d9a]  VMThread::evaluate_operation(VM_Operation*)+0xba
V  [libjvm.so+0xab411e]  VMThread::loop()+0x1ce
V  [libjvm.so+0xab4590]  VMThread::run()+0x70
V  [libjvm.so+0x910de8]  java_start(Thread*)+0x108

VM_Operation (0x00007f1ae5717430): ParallelGCFailedAllocation, mode: safepoint, requested by thread 0x00007f1b104bf000


---------------  P R O C E S S  ---------------

Java Threads: ( => current thread )
  0x00007f1b104bf000 JavaThread "pool-1-thread-1" [_thread_blocked, id=29727, stack(0x00007f1ae5618000,0x00007f1ae5719000)]
  0x00007f1b10425800 JavaThread "Service Thread" daemon [_thread_blocked, id=29674, stack(0x00007f1ae5927000,0x00007f1ae5a28000)]
  0x00007f1b10420800 JavaThread "C1 CompilerThread14" daemon [_thread_blocked, id=29650, stack(0x00007f1ae5a28000,0x00007f1ae5b29000)]
  0x00007f1b1041e800 JavaThread "C1 CompilerThread13" daemon [_thread_blocked, id=29646, stack(0x00007f1ae5b29000,0x00007f1ae5c2a000)]
  0x00007f1b1041d000 JavaThread "C1 CompilerThread12" daemon [_thread_blocked, id=29640, stack(0x00007f1ae5c2a000,0x00007f1ae5d2b000)]
  0x00007f1b1041a800 JavaThread "C1 CompilerThread11" daemon [_thread_blocked, id=29631, stack(0x00007f1ae5d2b000,0x00007f1ae5e2c000)]
  0x00007f1b10419000 JavaThread "C1 CompilerThread10" daemon [_thread_blocked, id=29617, stack(0x00007f1ae5e2c000,0x00007f1ae5f2d000)]
  0x00007f1b10417000 JavaThread "C2 CompilerThread9" daemon [_thread_blocked, id=29616, stack(0x00007f1ae5f2d000,0x00007f1ae602e000)]
  0x00007f1b10415000 JavaThread "C2 CompilerThread8" daemon [_thread_blocked, id=29602, stack(0x00007f1ae602e000,0x00007f1ae612f000)]
  0x00007f1b10413000 JavaThread "C2 CompilerThread7" daemon [_thread_blocked, id=29589, stack(0x00007f1ae612f000,0x00007f1ae6230000)]
  0x00007f1b10411000 JavaThread "C2 CompilerThread6" daemon [_thread_blocked, id=29586, stack(0x00007f1ae6230000,0x00007f1ae6331000)]
  0x00007f1b1040f000 JavaThread "C2 CompilerThread5" daemon [_thread_blocked, id=29512, stack(0x00007f1ae6331000,0x00007f1ae6432000)]
  0x00007f1b1040d800 JavaThread "C2 CompilerThread4" daemon [_thread_blocked, id=29500, stack(0x00007f1ae6432000,0x00007f1ae6533000)]
  0x00007f1b1040b800 JavaThread "C2 CompilerThread3" daemon [_thread_blocked, id=29486, stack(0x00007f1ae6533000,0x00007f1ae6634000)]
  0x00007f1b10409800 JavaThread "C2 CompilerThread2" daemon [_thread_blocked, id=29422, stack(0x00007f1ae6634000,0x00007f1ae6735000)]
  0x00007f1b10407800 JavaThread "C2 CompilerThread1" daemon [_thread_blocked, id=29413, stack(0x00007f1ae6735000,0x00007f1ae6836000)]
  0x00007f1b10404800 JavaThread "C2 CompilerThread0" daemon [_thread_blocked, id=29295, stack(0x00007f1ae6836000,0x00007f1ae6937000)]
  0x00007f1b10403000 JavaThread "Signal Dispatcher" daemon [_thread_blocked, id=29232, stack(0x00007f1ae6937000,0x00007f1ae6a38000)]
  0x00007f1b103cd000 JavaThread "Finalizer" daemon [_thread_blocked, id=29133, stack(0x00007f1ae6ff0000,0x00007f1ae70f1000)]
  0x00007f1b103cb000 JavaThread "Reference Handler" daemon [_thread_blocked, id=29116, stack(0x00007f1ae70f1000,0x00007f1ae71f2000)]
  0x00007f1b1000a800 JavaThread "main" [_thread_blocked, id=28371, stack(0x00007f1b17664000,0x00007f1b17765000)]

Other Threads:
=>0x00007f1b103c6000 VMThread [stack: 0x00007f1ae71f2000,0x00007f1ae72f3000] [id=29077]
  0x00007f1b10428000 WatcherThread [stack: 0x00007f1ae5826000,0x00007f1ae5927000] [id=29677]

VM state:at safepoint (normal execution)

VM Mutex/Monitor currently owned by a thread:  ([mutex/lock_event])
[0x00007f1b10005a60] ExpandHeap_lock - owner thread: 0x00007f1b103c6000
[0x00007f1b100060e0] Threads_lock - owner thread: 0x00007f1b103c6000
[0x00007f1b100065e0] Heap_lock - owner thread: 0x00007f1b104bf000

Heap:
 PSYoungGen      total 2658816K, used 0K [0x00000006f4900000, 0x00000007c0000000, 0x00000007c0000000)
  eden space 2028544K, 0% used [0x00000006f4900000,0x00000006f4900000,0x0000000770600000)
  from space 630272K, 0% used [0x0000000799880000,0x0000000799880000,0x00000007c0000000)
  to   space 652288K, 0% used [0x0000000770600000,0x0000000770600000,0x0000000798300000)
 ParOldGen       total 1425920K, used 549736K [0x000000055da00000, 0x00000005b4a80000, 0x00000006f4900000)
  object space 1425920K, 38% used [0x000000055da00000,0x000000057f2da030,0x00000005b4a80000)
 Metaspace       used 5287K, capacity 5540K, committed 5888K, reserved 1056768K
  class space    used 582K, capacity 672K, committed 768K, reserved 1048576K

Card table byte_map: [0x00007f1affcec000,0x00007f1b01000000] byte_map_base: 0x00007f1afd1ff000

Marking Bits: (ParMarkBitMap*) 0x00007f1b16b5d760
 Begin Bits: [0x00007f1a70ed0000, 0x00007f1a7a768000)
 End Bits:   [0x00007f1a7a768000, 0x00007f1a84000000)

Polling page: 0x00007f1b177a4000

CodeCache: size=245760Kb used=5821Kb max_used=5882Kb free=239938Kb
 bounds [0x00007f1b01000000, 0x00007f1b015d0000, 0x00007f1b10000000]
 total_blobs=1126 nmethods=829 adapters=209
 compilation: enabled

Compilation events (10 events):
Event: 2404,860 Thread 0x00007f1b1041d000  862       3       java.lang.ref.Finalizer::register (10 bytes)
Event: 2404,861 Thread 0x00007f1b1041d000 nmethod 862 0x00007f1b015bacd0 code [0x00007f1b015bae60, 0x00007f1b015bb288]
Event: 2404,861 Thread 0x00007f1b1041d000  863       3       java.lang.ref.Finalizer::<init> (23 bytes)
Event: 2404,861 Thread 0x00007f1b1041d000 nmethod 863 0x00007f1b0135d1d0 code [0x00007f1b0135d360, 0x00007f1b0135d6e8]
Event: 2404,862 Thread 0x00007f1b1041d000  864       3       java.lang.ref.FinalReference::<init> (7 bytes)
Event: 2404,862 Thread 0x00007f1b1041d000 nmethod 864 0x00007f1b0138fcd0 code [0x00007f1b0138fe40, 0x00007f1b013900f0]
Event: 2404,862 Thread 0x00007f1b1041d000  865   !   3       java.lang.ref.Finalizer::add (41 bytes)
Event: 2404,862 Thread 0x00007f1b1041d000 nmethod 865 0x00007f1b013a2190 code [0x00007f1b013a2300, 0x00007f1b013a26b0]
Event: 2524,923 Thread 0x00007f1b10420800  866       3       java.io.BufferedWriter::newLine (9 bytes)
Event: 2524,924 Thread 0x00007f1b10420800 nmethod 866 0x00007f1b013a9810 code [0x00007f1b013a99a0, 0x00007f1b013a9d08]

GC Heap History (10 events):
Event: 2374,732 GC heap after
Heap after GC invocations=40 (full 4):
 PSYoungGen      total 2708480K, used 340861K [0x00000006f4900000, 0x00000007c0000000, 0x00000007c0000000)
  eden space 2062336K, 0% used [0x00000006f4900000,0x00000006f4900000,0x0000000772700000)
  from space 646144K, 52% used [0x0000000798900000,0x00000007ad5df5e8,0x00000007c0000000)
  to   space 624640K, 0% used [0x0000000772700000,0x0000000772700000,0x0000000798900000)
 ParOldGen       total 1425920K, used 793669K [0x000000055da00000, 0x00000005b4a80000, 0x00000006f4900000)
  object space 1425920K, 55% used [0x000000055da00000,0x000000058e111498,0x00000005b4a80000)
 Metaspace       used 5285K, capacity 5540K, committed 5888K, reserved 1056768K
  class space    used 582K, capacity 672K, committed 768K, reserved 1048576K
}
Event: 2501,165 GC heap before
{Heap before GC invocations=41 (full 4):
 PSYoungGen      total 2708480K, used 2403197K [0x00000006f4900000, 0x00000007c0000000, 0x00000007c0000000)
  eden space 2062336K, 100% used [0x00000006f4900000,0x0000000772700000,0x0000000772700000)
  from space 646144K, 52% used [0x0000000798900000,0x00000007ad5df5e8,0x00000007c0000000)
  to   space 624640K, 0% used [0x0000000772700000,0x0000000772700000,0x0000000798900000)
 ParOldGen       total 1425920K, used 793669K [0x000000055da00000, 0x00000005b4a80000, 0x00000006f4900000)
  object space 1425920K, 55% used [0x000000055da00000,0x000000058e111498,0x00000005b4a80000)
 Metaspace       used 5286K, capacity 5540K, committed 5888K, reserved 1056768K
  class space    used 582K, capacity 672K, committed 768K, reserved 1048576K
Event: 2501,368 GC heap after
Heap after GC invocations=41 (full 4):
 PSYoungGen      total 2241024K, used 178648K [0x00000006f4900000, 0x00000007bda00000, 0x00000007c0000000)
  eden space 2062336K, 0% used [0x00000006f4900000,0x00000006f4900000,0x0000000772700000)
  from space 178688K, 99% used [0x0000000772700000,0x000000077d576258,0x000000077d580000)
  to   space 615936K, 0% used [0x0000000798080000,0x0000000798080000,0x00000007bda00000)
 ParOldGen       total 1425920K, used 884341K [0x000000055da00000, 0x00000005b4a80000, 0x00000006f4900000)
  object space 1425920K, 62% used [0x000000055da00000,0x000000059399d650,0x00000005b4a80000)
 Metaspace       used 5286K, capacity 5540K, committed 5888K, reserved 1056768K
  class space    used 582K, capacity 672K, committed 768K, reserved 1048576K
}
Event: 2505,304 GC heap before
{Heap before GC invocations=42 (full 4):
 PSYoungGen      total 2241024K, used 2240984K [0x00000006f4900000, 0x00000007bda00000, 0x00000007c0000000)
  eden space 2062336K, 100% used [0x00000006f4900000,0x0000000772700000,0x0000000772700000)
  from space 178688K, 99% used [0x0000000772700000,0x000000077d576258,0x000000077d580000)
  to   space 615936K, 0% used [0x0000000798080000,0x0000000798080000,0x00000007bda00000)
 ParOldGen       total 1425920K, used 884341K [0x000000055da00000, 0x00000005b4a80000, 0x00000006f4900000)
  object space 1425920K, 62% used [0x000000055da00000,0x000000059399d650,0x00000005b4a80000)
 Metaspace       used 5286K, capacity 5540K, committed 5888K, reserved 1056768K
  class space    used 582K, capacity 672K, committed 768K, reserved 1048576K
Event: 2505,781 GC heap after
Heap after GC invocations=42 (full 4):
 PSYoungGen      total 2666496K, used 415687K [0x00000006f4900000, 0x00000007c0000000, 0x00000007c0000000)
  eden space 2050560K, 0% used [0x00000006f4900000,0x00000006f4900000,0x0000000771b80000)
  from space 615936K, 67% used [0x0000000798080000,0x00000007b1671fa0,0x00000007bda00000)
  to   space 627712K, 0% used [0x0000000771b80000,0x0000000771b80000,0x0000000798080000)
 ParOldGen       total 1425920K, used 1063042K [0x000000055da00000, 0x00000005b4a80000, 0x00000006f4900000)
  object space 1425920K, 74% used [0x000000055da00000,0x000000059e820810,0x00000005b4a80000)
 Metaspace       used 5286K, capacity 5540K, committed 5888K, reserved 1056768K
  class space    used 582K, capacity 672K, committed 768K, reserved 1048576K
}
Event: 2631,471 GC heap before
{Heap before GC invocations=43 (full 4):
 PSYoungGen      total 2666496K, used 2466247K [0x00000006f4900000, 0x00000007c0000000, 0x00000007c0000000)
  eden space 2050560K, 100% used [0x00000006f4900000,0x0000000771b80000,0x0000000771b80000)
  from space 615936K, 67% used [0x0000000798080000,0x00000007b1671fa0,0x00000007bda00000)
  to   space 627712K, 0% used [0x0000000771b80000,0x0000000771b80000,0x0000000798080000)
 ParOldGen       total 1425920K, used 1063042K [0x000000055da00000, 0x00000005b4a80000, 0x00000006f4900000)
  object space 1425920K, 74% used [0x000000055da00000,0x000000059e820810,0x00000005b4a80000)
 Metaspace       used 5287K, capacity 5540K, committed 5888K, reserved 1056768K
  class space    used 582K, capacity 672K, committed 768K, reserved 1048576K
Event: 2631,639 GC heap after
Heap after GC invocations=43 (full 4):
 PSYoungGen      total 2678272K, used 106100K [0x00000006f4900000, 0x00000007c0000000, 0x00000007c0000000)
  eden space 2050560K, 0% used [0x00000006f4900000,0x00000006f4900000,0x0000000771b80000)
  from space 627712K, 16% used [0x0000000771b80000,0x000000077831d0a8,0x0000000798080000)
  to   space 630272K, 0% used [0x0000000799880000,0x0000000799880000,0x00000007c0000000)
 ParOldGen       total 1425920K, used 1063386K [0x000000055da00000, 0x00000005b4a80000, 0x00000006f4900000)
  object space 1425920K, 74% used [0x000000055da00000,0x000000059e876810,0x00000005b4a80000)
 Metaspace       used 5287K, capacity 5540K, committed 5888K, reserved 1056768K
  class space    used 582K, capacity 672K, committed 768K, reserved 1048576K
}
Event: 2635,009 GC heap before
{Heap before GC invocations=44 (full 4):
 PSYoungGen      total 2678272K, used 2156660K [0x00000006f4900000, 0x00000007c0000000, 0x00000007c0000000)
  eden space 2050560K, 100% used [0x00000006f4900000,0x0000000771b80000,0x0000000771b80000)
  from space 627712K, 16% used [0x0000000771b80000,0x000000077831d0a8,0x0000000798080000)
  to   space 630272K, 0% used [0x0000000799880000,0x0000000799880000,0x00000007c0000000)
 ParOldGen       total 1425920K, used 1063386K [0x000000055da00000, 0x00000005b4a80000, 0x00000006f4900000)
  object space 1425920K, 74% used [0x000000055da00000,0x000000059e876810,0x00000005b4a80000)
 Metaspace       used 5287K, capacity 5540K, committed 5888K, reserved 1056768K
  class space    used 582K, capacity 672K, committed 768K, reserved 1048576K
Event: 2635,346 GC heap after
Heap after GC invocations=44 (full 4):
 PSYoungGen      total 2658816K, used 441096K [0x00000006f4900000, 0x00000007c0000000, 0x00000007c0000000)
  eden space 2028544K, 0% used [0x00000006f4900000,0x00000006f4900000,0x0000000770600000)
  from space 630272K, 69% used [0x0000000799880000,0x00000007b4742188,0x00000007c0000000)
  to   space 652288K, 0% used [0x0000000770600000,0x0000000770600000,0x0000000798300000)
 ParOldGen       total 1425920K, used 1169456K [0x000000055da00000, 0x00000005b4a80000, 0x00000006f4900000)
  object space 1425920K, 82% used [0x000000055da00000,0x00000005a500c348,0x00000005b4a80000)
 Metaspace       used 5287K, capacity 5540K, committed 5888K, reserved 1056768K
  class space    used 582K, capacity 672K, committed 768K, reserved 1048576K
}
Event: 2635,346 GC heap before
{Heap before GC invocations=45 (full 5):
 PSYoungGen      total 2658816K, used 441096K [0x00000006f4900000, 0x00000007c0000000, 0x00000007c0000000)
  eden space 2028544K, 0% used [0x00000006f4900000,0x00000006f4900000,0x0000000770600000)
  from space 630272K, 69% used [0x0000000799880000,0x00000007b4742188,0x00000007c0000000)
  to   space 652288K, 0% used [0x0000000770600000,0x0000000770600000,0x0000000798300000)
 ParOldGen       total 1425920K, used 1169456K [0x000000055da00000, 0x00000005b4a80000, 0x00000006f4900000)
  object space 1425920K, 82% used [0x000000055da00000,0x00000005a500c348,0x00000005b4a80000)
 Metaspace       used 5287K, capacity 5540K, committed 5888K, reserved 1056768K
  class space    used 582K, capacity 672K, committed 768K, reserved 1048576K

Deoptimization events (10 events):
Event: 2,606 Thread 0x00007f1b104bf000 Uncommon trap: reason=bimorphic action=maybe_recompile pc=0x00007f1b0143f6bc method=java.util.HashMap.putVal(ILjava/lang/Object;Ljava/lang/Object;ZZ)Ljava/lang/Object; @ 203
Event: 2,606 Thread 0x00007f1b104bf000 Uncommon trap: reason=bimorphic action=maybe_recompile pc=0x00007f1b0143f6bc method=java.util.HashMap.putVal(ILjava/lang/Object;Ljava/lang/Object;ZZ)Ljava/lang/Object; @ 203
Event: 6,873 Thread 0x00007f1b104bf000 Uncommon trap: reason=bimorphic action=maybe_recompile pc=0x00007f1b0143f6bc method=java.util.HashMap.putVal(ILjava/lang/Object;Ljava/lang/Object;ZZ)Ljava/lang/Object; @ 203
Event: 7,096 Thread 0x00007f1b104bf000 Uncommon trap: reason=bimorphic action=maybe_recompile pc=0x00007f1b0143f6bc method=java.util.HashMap.putVal(ILjava/lang/Object;Ljava/lang/Object;ZZ)Ljava/lang/Object; @ 203
Event: 46,007 Thread 0x00007f1b104bf000 Uncommon trap: reason=unstable_if action=reinterpret pc=0x00007f1b01463090 method=java.util.HashMap.putVal(ILjava/lang/Object;Ljava/lang/Object;ZZ)Ljava/lang/Object; @ 162
Event: 65,914 Thread 0x00007f1b104bf000 Uncommon trap: reason=predicate action=maybe_recompile pc=0x00007f1b013a37f4 method=java.util.ArrayList.indexOf(Ljava/lang/Object;)I @ 44
Event: 65,915 Thread 0x00007f1b104bf000 Uncommon trap: reason=unstable_if action=reinterpret pc=0x00007f1b014a9460 method=edu.ufpr.cbio.psp.problem.PSPProblem.evaluate(Lorg/uma/jmetal/core/Solution;)V @ 330
Event: 66,275 Thread 0x00007f1b104bf000 Uncommon trap: reason=unstable_if action=reinterpret pc=0x00007f1b014c4960 method=edu.ufpr.cbio.psp.algorithms.hyperheuristic.IBEAHyperHeuristic.computeIndicatorValuesHD(Lorg/uma/jmetal/core/SolutionSet;[D[D)V @ 196
Event: 79,142 Thread 0x00007f1b104bf000 Uncommon trap: reason=unstable_if action=reinterpret pc=0x00007f1b01541530 method=edu.ufpr.cbio.psp.algorithms.hyperheuristic.IBEAHyperHeuristic.computeIndicatorValuesHD(Lorg/uma/jmetal/core/SolutionSet;[D[D)V @ 27
Event: 206,718 Thread 0x00007f1b104bf000 Uncommon trap: reason=unstable_if action=reinterpret pc=0x00007f1b01532398 method=edu.ufpr.cbio.psp.algorithms.hyperheuristic.IBEAHyperHeuristic.computeIndicatorValuesHD(Lorg/uma/jmetal/core/SolutionSet;[D[D)V @ 27

Internal exceptions (8 events):
Event: 0,221 Thread 0x00007f1b1000a800 Exception <a 'java/lang/NoSuchMethodError': Method sun.misc.Unsafe.defineClass(Ljava/lang/String;[BII)Ljava/lang/Class; name or signature does not match> (0x00000006f4912a30) thrown at [/RE-WORK/workspace/8-2-build-linux-amd64/jdk8u45/3457/hotspot/src/sha
Event: 0,221 Thread 0x00007f1b1000a800 Exception <a 'java/lang/NoSuchMethodError': Method sun.misc.Unsafe.prefetchRead(Ljava/lang/Object;J)V name or signature does not match> (0x00000006f4912cc0) thrown at [/RE-WORK/workspace/8-2-build-linux-amd64/jdk8u45/3457/hotspot/src/share/vm/prims/jni.cp
Event: 0,652 Thread 0x00007f1b1000a800 Exception <a 'java/security/PrivilegedActionException'> (0x00000006f49d3f30) thrown at [/RE-WORK/workspace/8-2-build-linux-amd64/jdk8u45/3457/hotspot/src/share/vm/prims/jvm.cpp, line 1382]
Event: 0,652 Thread 0x00007f1b1000a800 Exception <a 'java/security/PrivilegedActionException'> (0x00000006f49d40e8) thrown at [/RE-WORK/workspace/8-2-build-linux-amd64/jdk8u45/3457/hotspot/src/share/vm/prims/jvm.cpp, line 1382]
Event: 0,653 Thread 0x00007f1b1000a800 Exception <a 'java/security/PrivilegedActionException'> (0x00000006f49d6980) thrown at [/RE-WORK/workspace/8-2-build-linux-amd64/jdk8u45/3457/hotspot/src/share/vm/prims/jvm.cpp, line 1382]
Event: 0,653 Thread 0x00007f1b1000a800 Exception <a 'java/security/PrivilegedActionException'> (0x00000006f49d6b38) thrown at [/RE-WORK/workspace/8-2-build-linux-amd64/jdk8u45/3457/hotspot/src/share/vm/prims/jvm.cpp, line 1382]
Event: 1,607 Thread 0x00007f1b104bf000 Exception <a 'java/lang/NoSuchFieldError': method resolution failed> (0x00000006f977db90) thrown at [/RE-WORK/workspace/8-2-build-linux-amd64/jdk8u45/3457/hotspot/src/share/vm/prims/methodHandles.cpp, line 1125]
Event: 1,610 Thread 0x00007f1b104bf000 Exception <a 'java/lang/NoSuchFieldError': method resolution failed> (0x00000006f978c250) thrown at [/RE-WORK/workspace/8-2-build-linux-amd64/jdk8u45/3457/hotspot/src/share/vm/prims/methodHandles.cpp, line 1125]

Events (10 events):
Event: 2631,639 Executing VM operation: ParallelGCFailedAllocation done
Event: 2631,640 Executing VM operation: RevokeBias
Event: 2631,640 Executing VM operation: RevokeBias done
Event: 2631,640 Executing VM operation: RevokeBias
Event: 2631,641 Executing VM operation: RevokeBias done
Event: 2631,641 Executing VM operation: RevokeBias
Event: 2631,641 Executing VM operation: RevokeBias done
Event: 2631,641 Executing VM operation: RevokeBias
Event: 2631,641 Executing VM operation: RevokeBias done
Event: 2635,009 Executing VM operation: ParallelGCFailedAllocation


Dynamic libraries:
00400000-00401000 r-xp 00000000 00:2c 34522951                           /home/ppginf/vdfontoura/jdk1.8.0_45/bin/java
00600000-00601000 rw-p 00000000 00:2c 34522951                           /home/ppginf/vdfontoura/jdk1.8.0_45/bin/java
015db000-015fc000 rw-p 00000000 00:00 0                                  [heap]
55da00000-5b4a80000 rw-p 00000000 00:00 0 
5c0d80000-6f4900000 ---p 00000000 00:00 0 
6f4900000-7c0000000 rw-p 00000000 00:00 0 
7c0000000-7c00c0000 rw-p 00000000 00:00 0 
7c00c0000-800000000 ---p 00000000 00:00 0 
7f1a1c000000-7f1a1c021000 rw-p 00000000 00:00 0 
7f1a1c021000-7f1a20000000 ---p 00000000 00:00 0 
7f1a20000000-7f1a20293000 rw-p 00000000 00:00 0 
7f1a20293000-7f1a24000000 ---p 00000000 00:00 0 
7f1a24000000-7f1a24090000 rw-p 00000000 00:00 0 
7f1a24090000-7f1a28000000 ---p 00000000 00:00 0 
7f1a28000000-7f1a28021000 rw-p 00000000 00:00 0 
7f1a28021000-7f1a2c000000 ---p 00000000 00:00 0 
7f1a2c000000-7f1a2c065000 rw-p 00000000 00:00 0 
7f1a2c065000-7f1a30000000 ---p 00000000 00:00 0 
7f1a30000000-7f1a30100000 rw-p 00000000 00:00 0 
7f1a30100000-7f1a34000000 ---p 00000000 00:00 0 
7f1a34000000-7f1a34089000 rw-p 00000000 00:00 0 
7f1a34089000-7f1a38000000 ---p 00000000 00:00 0 
7f1a38000000-7f1a38058000 rw-p 00000000 00:00 0 
7f1a38058000-7f1a3c000000 ---p 00000000 00:00 0 
7f1a3c000000-7f1a3c2e8000 rw-p 00000000 00:00 0 
7f1a3c2e8000-7f1a40000000 ---p 00000000 00:00 0 
7f1a40000000-7f1a40301000 rw-p 00000000 00:00 0 
7f1a40301000-7f1a44000000 ---p 00000000 00:00 0 
7f1a44000000-7f1a44297000 rw-p 00000000 00:00 0 
7f1a44297000-7f1a48000000 ---p 00000000 00:00 0 
7f1a48000000-7f1a487b5000 rw-p 00000000 00:00 0 
7f1a487b5000-7f1a4c000000 ---p 00000000 00:00 0 
7f1a4c000000-7f1a4c5b3000 rw-p 00000000 00:00 0 
7f1a4c5b3000-7f1a50000000 ---p 00000000 00:00 0 
7f1a50000000-7f1a5043b000 rw-p 00000000 00:00 0 
7f1a5043b000-7f1a54000000 ---p 00000000 00:00 0 
7f1a54000000-7f1a544eb000 rw-p 00000000 00:00 0 
7f1a544eb000-7f1a58000000 ---p 00000000 00:00 0 
7f1a58000000-7f1a582a7000 rw-p 00000000 00:00 0 
7f1a582a7000-7f1a5c000000 ---p 00000000 00:00 0 
7f1a5c000000-7f1a5c3e0000 rw-p 00000000 00:00 0 
7f1a5c3e0000-7f1a60000000 ---p 00000000 00:00 0 
7f1a60000000-7f1a602d4000 rw-p 00000000 00:00 0 
7f1a602d4000-7f1a64000000 ---p 00000000 00:00 0 
7f1a64000000-7f1a64021000 rw-p 00000000 00:00 0 
7f1a64021000-7f1a68000000 ---p 00000000 00:00 0 
7f1a68000000-7f1a68021000 rw-p 00000000 00:00 0 
7f1a68021000-7f1a6c000000 ---p 00000000 00:00 0 
7f1a6c000000-7f1a6c021000 rw-p 00000000 00:00 0 
7f1a6c021000-7f1a70000000 ---p 00000000 00:00 0 
7f1a70ed0000-7f1a84000000 rw-p 00000000 00:00 0 
7f1a84000000-7f1a84021000 rw-p 00000000 00:00 0 
7f1a84021000-7f1a88000000 ---p 00000000 00:00 0 
7f1a88000000-7f1a8828c000 rw-p 00000000 00:00 0 
7f1a8828c000-7f1a8c000000 ---p 00000000 00:00 0 
7f1a8c000000-7f1a8c021000 rw-p 00000000 00:00 0 
7f1a8c021000-7f1a90000000 ---p 00000000 00:00 0 
7f1a94000000-7f1a94021000 rw-p 00000000 00:00 0 
7f1a94021000-7f1a98000000 ---p 00000000 00:00 0 
7f1a9c000000-7f1a9c021000 rw-p 00000000 00:00 0 
7f1a9c021000-7f1aa0000000 ---p 00000000 00:00 0 
7f1aa4000000-7f1aa4021000 rw-p 00000000 00:00 0 
7f1aa4021000-7f1aa8000000 ---p 00000000 00:00 0 
7f1aa8000000-7f1aa8021000 rw-p 00000000 00:00 0 
7f1aa8021000-7f1aac000000 ---p 00000000 00:00 0 
7f1aac000000-7f1aac021000 rw-p 00000000 00:00 0 
7f1aac021000-7f1ab0000000 ---p 00000000 00:00 0 
7f1ab0000000-7f1ab0021000 rw-p 00000000 00:00 0 
7f1ab0021000-7f1ab4000000 ---p 00000000 00:00 0 
7f1ab4000000-7f1ab4021000 rw-p 00000000 00:00 0 
7f1ab4021000-7f1ab8000000 ---p 00000000 00:00 0 
7f1abc000000-7f1abc021000 rw-p 00000000 00:00 0 
7f1abc021000-7f1ac0000000 ---p 00000000 00:00 0 
7f1ac0000000-7f1ac0021000 rw-p 00000000 00:00 0 
7f1ac0021000-7f1ac4000000 ---p 00000000 00:00 0 
7f1ac4000000-7f1ac4021000 rw-p 00000000 00:00 0 
7f1ac4021000-7f1ac8000000 ---p 00000000 00:00 0 
7f1ac8000000-7f1ac8021000 rw-p 00000000 00:00 0 
7f1ac8021000-7f1acc000000 ---p 00000000 00:00 0 
7f1acc000000-7f1acc021000 rw-p 00000000 00:00 0 
7f1acc021000-7f1ad0000000 ---p 00000000 00:00 0 
7f1ad0000000-7f1ad0021000 rw-p 00000000 00:00 0 
7f1ad0021000-7f1ad4000000 ---p 00000000 00:00 0 
7f1ad4000000-7f1ad4021000 rw-p 00000000 00:00 0 
7f1ad4021000-7f1ad8000000 ---p 00000000 00:00 0 
7f1ad8000000-7f1ad8021000 rw-p 00000000 00:00 0 
7f1ad8021000-7f1adc000000 ---p 00000000 00:00 0 
7f1adc000000-7f1adc021000 rw-p 00000000 00:00 0 
7f1adc021000-7f1ae0000000 ---p 00000000 00:00 0 
7f1ae0000000-7f1ae0021000 rw-p 00000000 00:00 0 
7f1ae0021000-7f1ae4000000 ---p 00000000 00:00 0 
7f1ae5518000-7f1ae5618000 rw-p 00000000 00:00 0 
7f1ae5618000-7f1ae561b000 ---p 00000000 00:00 0 
7f1ae561b000-7f1ae5719000 rw-p 00000000 00:00 0                          [stack:29727]
7f1ae5719000-7f1ae5826000 r--s 010c9000 00:2c 55319431                   /home/ppginf/vdfontoura/psp-2D/chapter_approach/target/IBEAHH.jar
7f1ae5826000-7f1ae5827000 ---p 00000000 00:00 0 
7f1ae5827000-7f1ae5927000 rw-p 00000000 00:00 0                          [stack:29677]
7f1ae5927000-7f1ae592a000 ---p 00000000 00:00 0 
7f1ae592a000-7f1ae5a28000 rw-p 00000000 00:00 0                          [stack:29674]
7f1ae5a28000-7f1ae5a2b000 ---p 00000000 00:00 0 
7f1ae5a2b000-7f1ae5b29000 rw-p 00000000 00:00 0                          [stack:29650]
7f1ae5b29000-7f1ae5b2c000 ---p 00000000 00:00 0 
7f1ae5b2c000-7f1ae5c2a000 rw-p 00000000 00:00 0                          [stack:29646]
7f1ae5c2a000-7f1ae5c2d000 ---p 00000000 00:00 0 
7f1ae5c2d000-7f1ae5d2b000 rw-p 00000000 00:00 0                          [stack:29640]
7f1ae5d2b000-7f1ae5d2e000 ---p 00000000 00:00 0 
7f1ae5d2e000-7f1ae5e2c000 rw-p 00000000 00:00 0                          [stack:29631]
7f1ae5e2c000-7f1ae5e2f000 ---p 00000000 00:00 0 
7f1ae5e2f000-7f1ae5f2d000 rw-p 00000000 00:00 0                          [stack:29617]
7f1ae5f2d000-7f1ae5f30000 ---p 00000000 00:00 0 
7f1ae5f30000-7f1ae602e000 rw-p 00000000 00:00 0                          [stack:29616]
7f1ae602e000-7f1ae6031000 ---p 00000000 00:00 0 
7f1ae6031000-7f1ae612f000 rw-p 00000000 00:00 0                          [stack:29602]
7f1ae612f000-7f1ae6132000 ---p 00000000 00:00 0 
7f1ae6132000-7f1ae6230000 rw-p 00000000 00:00 0                          [stack:29589]
7f1ae6230000-7f1ae6233000 ---p 00000000 00:00 0 
7f1ae6233000-7f1ae6331000 rw-p 00000000 00:00 0                          [stack:29586]
7f1ae6331000-7f1ae6334000 ---p 00000000 00:00 0 
7f1ae6334000-7f1ae6432000 rw-p 00000000 00:00 0                          [stack:29512]
7f1ae6432000-7f1ae6435000 ---p 00000000 00:00 0 
7f1ae6435000-7f1ae6533000 rw-p 00000000 00:00 0                          [stack:29500]
7f1ae6533000-7f1ae6536000 ---p 00000000 00:00 0 
7f1ae6536000-7f1ae6634000 rw-p 00000000 00:00 0                          [stack:29486]
7f1ae6634000-7f1ae6637000 ---p 00000000 00:00 0 
7f1ae6637000-7f1ae6735000 rw-p 00000000 00:00 0                          [stack:29422]
7f1ae6735000-7f1ae6738000 ---p 00000000 00:00 0 
7f1ae6738000-7f1ae6836000 rw-p 00000000 00:00 0                          [stack:29413]
7f1ae6836000-7f1ae6839000 ---p 00000000 00:00 0 
7f1ae6839000-7f1ae6937000 rw-p 00000000 00:00 0                          [stack:29295]
7f1ae6937000-7f1ae693a000 ---p 00000000 00:00 0 
7f1ae693a000-7f1ae6a38000 rw-p 00000000 00:00 0                          [stack:29232]
7f1ae6a38000-7f1ae6ff0000 r--p 00000000 00:15 231                        /usr/lib/locale/locale-archive
7f1ae6ff0000-7f1ae6ff3000 ---p 00000000 00:00 0 
7f1ae6ff3000-7f1ae70f1000 rw-p 00000000 00:00 0                          [stack:29133]
7f1ae70f1000-7f1ae70f4000 ---p 00000000 00:00 0 
7f1ae70f4000-7f1ae71f2000 rw-p 00000000 00:00 0                          [stack:29116]
7f1ae71f2000-7f1ae71f3000 ---p 00000000 00:00 0 
7f1ae71f3000-7f1ae8000000 rw-p 00000000 00:00 0                          [stack:29077]
7f1ae8000000-7f1ae8021000 rw-p 00000000 00:00 0 
7f1ae8021000-7f1aec000000 ---p 00000000 00:00 0 
7f1aec0c9000-7f1aefd00000 rw-p 00000000 00:00 0 
7f1aefd00000-7f1af0000000 ---p 00000000 00:00 0 
7f1af0000000-7f1af0021000 rw-p 00000000 00:00 0 
7f1af0021000-7f1af4000000 ---p 00000000 00:00 0 
7f1af4000000-7f1af4021000 rw-p 00000000 00:00 0 
7f1af4021000-7f1af8000000 ---p 00000000 00:00 0 
7f1af8000000-7f1af8021000 rw-p 00000000 00:00 0 
7f1af8021000-7f1afc000000 ---p 00000000 00:00 0 
7f1afc0fa000-7f1afc4fe000 rw-p 00000000 00:00 0 
7f1afc4fe000-7f1afc6d7000 r--s 03d09000 00:2c 34523101                   /home/ppginf/vdfontoura/jdk1.8.0_45/jre/lib/rt.jar
7f1afc6d7000-7f1afdb1f000 rw-p 00000000 00:00 0 
7f1afdb1f000-7f1afdb20000 ---p 00000000 00:00 0 
7f1afdb20000-7f1afdc20000 rw-p 00000000 00:00 0                          [stack:29047]
7f1afdc20000-7f1afdc21000 ---p 00000000 00:00 0 
7f1afdc21000-7f1afdd21000 rw-p 00000000 00:00 0                          [stack:28997]
7f1afdd21000-7f1afdd22000 ---p 00000000 00:00 0 
7f1afdd22000-7f1afde22000 rw-p 00000000 00:00 0                          [stack:28994]
7f1afde22000-7f1afde23000 ---p 00000000 00:00 0 
7f1afde23000-7f1afdf23000 rw-p 00000000 00:00 0                          [stack:28991]
7f1afdf23000-7f1afdf24000 ---p 00000000 00:00 0 
7f1afdf24000-7f1afe024000 rw-p 00000000 00:00 0                          [stack:28989]
7f1afe024000-7f1afe025000 ---p 00000000 00:00 0 
7f1afe025000-7f1afe125000 rw-p 00000000 00:00 0                          [stack:28986]
7f1afe125000-7f1afe126000 ---p 00000000 00:00 0 
7f1afe126000-7f1afe226000 rw-p 00000000 00:00 0                          [stack:28984]
7f1afe226000-7f1afe227000 ---p 00000000 00:00 0 
7f1afe227000-7f1afe327000 rw-p 00000000 00:00 0                          [stack:28982]
7f1afe327000-7f1afe328000 ---p 00000000 00:00 0 
7f1afe328000-7f1afe428000 rw-p 00000000 00:00 0                          [stack:28980]
7f1afe428000-7f1afe429000 ---p 00000000 00:00 0 
7f1afe429000-7f1afe529000 rw-p 00000000 00:00 0                          [stack:28977]
7f1afe529000-7f1afe52a000 ---p 00000000 00:00 0 
7f1afe52a000-7f1afe62a000 rw-p 00000000 00:00 0                          [stack:28931]
7f1afe62a000-7f1afe62b000 ---p 00000000 00:00 0 
7f1afe62b000-7f1afe72b000 rw-p 00000000 00:00 0                          [stack:28900]
7f1afe72b000-7f1afe72c000 ---p 00000000 00:00 0 
7f1afe72c000-7f1afe82c000 rw-p 00000000 00:00 0                          [stack:28893]
7f1afe82c000-7f1afe82d000 ---p 00000000 00:00 0 
7f1afe82d000-7f1afe92d000 rw-p 00000000 00:00 0                          [stack:28888]
7f1afe92d000-7f1afe92e000 ---p 00000000 00:00 0 
7f1afe92e000-7f1afea2e000 rw-p 00000000 00:00 0                          [stack:28886]
7f1afea2e000-7f1afea2f000 ---p 00000000 00:00 0 
7f1afea2f000-7f1afeb2f000 rw-p 00000000 00:00 0                          [stack:28884]
7f1afeb2f000-7f1afeb30000 ---p 00000000 00:00 0 
7f1afeb30000-7f1afec30000 rw-p 00000000 00:00 0                          [stack:28882]
7f1afec30000-7f1afec31000 ---p 00000000 00:00 0 
7f1afec31000-7f1afed31000 rw-p 00000000 00:00 0                          [stack:28880]
7f1afed31000-7f1afed32000 ---p 00000000 00:00 0 
7f1afed32000-7f1afee32000 rw-p 00000000 00:00 0                          [stack:28878]
7f1afee32000-7f1afee33000 ---p 00000000 00:00 0 
7f1afee33000-7f1afef33000 rw-p 00000000 00:00 0                          [stack:28876]
7f1afef33000-7f1afef34000 ---p 00000000 00:00 0 
7f1afef34000-7f1aff2ed000 rw-p 00000000 00:00 0                          [stack:28874]
7f1aff2ed000-7f1affcec000 ---p 00000000 00:00 0 
7f1affcec000-7f1afffa5000 rw-p 00000000 00:00 0 
7f1afffa5000-7f1b009a3000 ---p 00000000 00:00 0 
7f1b009a3000-7f1b00fff000 rw-p 00000000 00:00 0 
7f1b00fff000-7f1b01000000 rw-p 00000000 00:00 0 
7f1b01000000-7f1b015d0000 rwxp 00000000 00:00 0 
7f1b015d0000-7f1b10000000 ---p 00000000 00:00 0 
7f1b10000000-7f1b104c1000 rw-p 00000000 00:00 0 
7f1b104c1000-7f1b14000000 ---p 00000000 00:00 0 
7f1b1402f000-7f1b14051000 r--p 00000000 00:15 9382                       /usr/share/locale-langpack/pt_BR/LC_MESSAGES/libc.mo
7f1b14051000-7f1b14052000 ---p 00000000 00:00 0 
7f1b14052000-7f1b14152000 rw-p 00000000 00:00 0                          [stack:28872]
7f1b14152000-7f1b14153000 ---p 00000000 00:00 0 
7f1b14153000-7f1b1426b000 rw-p 00000000 00:00 0                          [stack:28867]
7f1b1426b000-7f1b14613000 ---p 00000000 00:00 0 
7f1b14613000-7f1b1462d000 r-xp 00000000 00:2c 34523211                   /home/ppginf/vdfontoura/jdk1.8.0_45/jre/lib/amd64/libzip.so
7f1b1462d000-7f1b1482d000 ---p 0001a000 00:2c 34523211                   /home/ppginf/vdfontoura/jdk1.8.0_45/jre/lib/amd64/libzip.so
7f1b1482d000-7f1b1482e000 rw-p 0001a000 00:2c 34523211                   /home/ppginf/vdfontoura/jdk1.8.0_45/jre/lib/amd64/libzip.so
7f1b1482e000-7f1b1483a000 r-xp 00000000 00:15 181                        /lib/x86_64-linux-gnu/libnss_ldap.so.2
7f1b1483a000-7f1b14a39000 ---p 0000c000 00:15 181                        /lib/x86_64-linux-gnu/libnss_ldap.so.2
7f1b14a39000-7f1b14a3a000 r--p 0000b000 00:15 181                        /lib/x86_64-linux-gnu/libnss_ldap.so.2
7f1b14a3a000-7f1b14a3b000 rw-p 0000c000 00:15 181                        /lib/x86_64-linux-gnu/libnss_ldap.so.2
7f1b14a3b000-7f1b14a46000 r-xp 00000000 00:15 178                        /lib/x86_64-linux-gnu/libnss_files-2.19.so
7f1b14a46000-7f1b14c45000 ---p 0000b000 00:15 178                        /lib/x86_64-linux-gnu/libnss_files-2.19.so
7f1b14c45000-7f1b14c46000 r--p 0000a000 00:15 178                        /lib/x86_64-linux-gnu/libnss_files-2.19.so
7f1b14c46000-7f1b14c47000 rw-p 0000b000 00:15 178                        /lib/x86_64-linux-gnu/libnss_files-2.19.so
7f1b14c47000-7f1b14c52000 r-xp 00000000 00:15 176                        /lib/x86_64-linux-gnu/libnss_nis-2.19.so
7f1b14c52000-7f1b14e51000 ---p 0000b000 00:15 176                        /lib/x86_64-linux-gnu/libnss_nis-2.19.so
7f1b14e51000-7f1b14e52000 r--p 0000a000 00:15 176                        /lib/x86_64-linux-gnu/libnss_nis-2.19.so
7f1b14e52000-7f1b14e53000 rw-p 0000b000 00:15 176                        /lib/x86_64-linux-gnu/libnss_nis-2.19.so
7f1b14e53000-7f1b14e6a000 r-xp 00000000 00:15 174                        /lib/x86_64-linux-gnu/libnsl-2.19.so
7f1b14e6a000-7f1b15069000 ---p 00017000 00:15 174                        /lib/x86_64-linux-gnu/libnsl-2.19.so
7f1b15069000-7f1b1506a000 r--p 00016000 00:15 174                        /lib/x86_64-linux-gnu/libnsl-2.19.so
7f1b1506a000-7f1b1506b000 rw-p 00017000 00:15 174                        /lib/x86_64-linux-gnu/libnsl-2.19.so
7f1b1506b000-7f1b1506d000 rw-p 00000000 00:00 0 
7f1b1506d000-7f1b15076000 r-xp 00000000 00:15 172                        /lib/x86_64-linux-gnu/libnss_compat-2.19.so
7f1b15076000-7f1b15275000 ---p 00009000 00:15 172                        /lib/x86_64-linux-gnu/libnss_compat-2.19.so
7f1b15275000-7f1b15276000 r--p 00008000 00:15 172                        /lib/x86_64-linux-gnu/libnss_compat-2.19.so
7f1b15276000-7f1b15277000 rw-p 00009000 00:15 172                        /lib/x86_64-linux-gnu/libnss_compat-2.19.so
7f1b15277000-7f1b152a1000 r-xp 00000000 00:2c 34523126                   /home/ppginf/vdfontoura/jdk1.8.0_45/jre/lib/amd64/libjava.so
7f1b152a1000-7f1b154a1000 ---p 0002a000 00:2c 34523126                   /home/ppginf/vdfontoura/jdk1.8.0_45/jre/lib/amd64/libjava.so
7f1b154a1000-7f1b154a3000 rw-p 0002a000 00:2c 34523126                   /home/ppginf/vdfontoura/jdk1.8.0_45/jre/lib/amd64/libjava.so
7f1b154a3000-7f1b154b0000 r-xp 00000000 00:2c 34523210                   /home/ppginf/vdfontoura/jdk1.8.0_45/jre/lib/amd64/libverify.so
7f1b154b0000-7f1b156b0000 ---p 0000d000 00:2c 34523210                   /home/ppginf/vdfontoura/jdk1.8.0_45/jre/lib/amd64/libverify.so
7f1b156b0000-7f1b156b2000 rw-p 0000d000 00:2c 34523210                   /home/ppginf/vdfontoura/jdk1.8.0_45/jre/lib/amd64/libverify.so
7f1b156b2000-7f1b156b9000 r-xp 00000000 00:15 44                         /lib/x86_64-linux-gnu/librt-2.19.so
7f1b156b9000-7f1b158b8000 ---p 00007000 00:15 44                         /lib/x86_64-linux-gnu/librt-2.19.so
7f1b158b8000-7f1b158b9000 r--p 00006000 00:15 44                         /lib/x86_64-linux-gnu/librt-2.19.so
7f1b158b9000-7f1b158ba000 rw-p 00007000 00:15 44                         /lib/x86_64-linux-gnu/librt-2.19.so
7f1b158ba000-7f1b159bf000 r-xp 00000000 00:15 307                        /lib/x86_64-linux-gnu/libm-2.19.so
7f1b159bf000-7f1b15bbe000 ---p 00105000 00:15 307                        /lib/x86_64-linux-gnu/libm-2.19.so
7f1b15bbe000-7f1b15bbf000 r--p 00104000 00:15 307                        /lib/x86_64-linux-gnu/libm-2.19.so
7f1b15bbf000-7f1b15bc0000 rw-p 00105000 00:15 307                        /lib/x86_64-linux-gnu/libm-2.19.so
7f1b15bc0000-7f1b1686e000 r-xp 00000000 00:2c 34523214                   /home/ppginf/vdfontoura/jdk1.8.0_45/jre/lib/amd64/server/libjvm.so
7f1b1686e000-7f1b16a6d000 ---p 00cae000 00:2c 34523214                   /home/ppginf/vdfontoura/jdk1.8.0_45/jre/lib/amd64/server/libjvm.so
7f1b16a6d000-7f1b16b44000 rw-p 00cad000 00:2c 34523214                   /home/ppginf/vdfontoura/jdk1.8.0_45/jre/lib/amd64/server/libjvm.so
7f1b16b44000-7f1b16b88000 rw-p 00000000 00:00 0 
7f1b16b88000-7f1b16d43000 r-xp 00000000 00:15 46                         /lib/x86_64-linux-gnu/libc-2.19.so
7f1b16d43000-7f1b16f42000 ---p 001bb000 00:15 46                         /lib/x86_64-linux-gnu/libc-2.19.so
7f1b16f42000-7f1b16f46000 r--p 001ba000 00:15 46                         /lib/x86_64-linux-gnu/libc-2.19.so
7f1b16f46000-7f1b16f48000 rw-p 001be000 00:15 46                         /lib/x86_64-linux-gnu/libc-2.19.so
7f1b16f48000-7f1b16f4d000 rw-p 00000000 00:00 0 
7f1b16f4d000-7f1b16f50000 r-xp 00000000 00:15 52                         /lib/x86_64-linux-gnu/libdl-2.19.so
7f1b16f50000-7f1b1714f000 ---p 00003000 00:15 52                         /lib/x86_64-linux-gnu/libdl-2.19.so
7f1b1714f000-7f1b17150000 r--p 00002000 00:15 52                         /lib/x86_64-linux-gnu/libdl-2.19.so
7f1b17150000-7f1b17151000 rw-p 00003000 00:15 52                         /lib/x86_64-linux-gnu/libdl-2.19.so
7f1b17151000-7f1b17166000 r-xp 00000000 00:2c 34523376                   /home/ppginf/vdfontoura/jdk1.8.0_45/lib/amd64/jli/libjli.so
7f1b17166000-7f1b17366000 ---p 00015000 00:2c 34523376                   /home/ppginf/vdfontoura/jdk1.8.0_45/lib/amd64/jli/libjli.so
7f1b17366000-7f1b17367000 rw-p 00015000 00:2c 34523376                   /home/ppginf/vdfontoura/jdk1.8.0_45/lib/amd64/jli/libjli.so
7f1b17367000-7f1b17380000 r-xp 00000000 00:15 48                         /lib/x86_64-linux-gnu/libpthread-2.19.so
7f1b17380000-7f1b1757f000 ---p 00019000 00:15 48                         /lib/x86_64-linux-gnu/libpthread-2.19.so
7f1b1757f000-7f1b17580000 r--p 00018000 00:15 48                         /lib/x86_64-linux-gnu/libpthread-2.19.so
7f1b17580000-7f1b17581000 rw-p 00019000 00:15 48                         /lib/x86_64-linux-gnu/libpthread-2.19.so
7f1b17581000-7f1b17585000 rw-p 00000000 00:00 0 
7f1b17585000-7f1b175a8000 r-xp 00000000 00:15 32                         /lib/x86_64-linux-gnu/ld-2.19.so
7f1b175ba000-7f1b17664000 rw-p 00000000 00:00 0 
7f1b17664000-7f1b17667000 ---p 00000000 00:00 0 
7f1b17667000-7f1b17769000 rw-p 00000000 00:00 0                          [stack:28371]
7f1b1776d000-7f1b17774000 r--s 00000000 00:15 245                        /usr/lib/x86_64-linux-gnu/gconv/gconv-modules.cache
7f1b17774000-7f1b1777f000 r--s 00116000 00:2c 34523300                   /home/ppginf/vdfontoura/jdk1.8.0_45/jre/lib/ext/localedata.jar
7f1b1777f000-7f1b1779b000 r--s 00393000 00:2c 34523297                   /home/ppginf/vdfontoura/jdk1.8.0_45/jre/lib/ext/cldrdata.jar
7f1b1779b000-7f1b177a3000 rw-s 00000000 00:1a 139828                     /tmp/hsperfdata_vdfontoura/28341
7f1b177a3000-7f1b177a4000 rw-p 00000000 00:00 0 
7f1b177a4000-7f1b177a5000 ---p 00000000 00:00 0 
7f1b177a5000-7f1b177a7000 rw-p 00000000 00:00 0 
7f1b177a7000-7f1b177a8000 r--p 00022000 00:15 32                         /lib/x86_64-linux-gnu/ld-2.19.so
7f1b177a8000-7f1b177a9000 rw-p 00023000 00:15 32                         /lib/x86_64-linux-gnu/ld-2.19.so
7f1b177a9000-7f1b177aa000 rw-p 00000000 00:00 0 
7ffcd6ad4000-7ffcd6af5000 rw-p 00000000 00:00 0                          [stack]
7ffcd6b6c000-7ffcd6b6e000 r--p 00000000 00:00 0                          [vvar]
7ffcd6b6e000-7ffcd6b70000 r-xp 00000000 00:00 0                          [vdso]
ffffffffff600000-ffffffffff601000 r-xp 00000000 00:00 0                  [vsyscall]

VM Arguments:
java_command: ../../target/IBEAHH.jar 2500 2500000 SinglePointCrossover,IntegerTwoPointsCrossover,MultiPointsCrossover BitFlipMutation,LoopMoveOperator,LocalMoveOperator,SegmentMutation,OppositeMoveOperator 2000 1.0 1.0 1 1 ibea-result-2500/result-18 0 0 Random PPPHHPPHHPPPPPPHHHHHHHPPHHPPPPHHPPHPP false 50
java_class_path (initial): ../../target/IBEAHH.jar
Launcher Type: SUN_STANDARD

Environment Variables:
JAVA_HOME=/home/ppginf/vdfontoura/jdk1.8.0_45/
PATH=/home/ppginf/vdfontoura/jdk1.8.0_45//bin:/usr/local/sbin:/usr/local/bin:/usr/sbin:/usr/bin:/sbin:/bin:/usr/games:/usr/local/games:.:/home/html/inf/silvia/topicos/ferramentas/poketool/bin:/home/html/inf/silvia/topicos/ferramentas/proteum1.4.1/LINUX/bin:/home/ppginf/vdfontoura/tools/apache-maven-3.3.3/bin
SHELL=/bin/bash

Signal Handlers:
SIGSEGV: [libjvm.so+0xaad1e0], sa_mask[0]=11111111011111111101111111111110, sa_flags=SA_RESTART|SA_SIGINFO
SIGBUS: [libjvm.so+0xaad1e0], sa_mask[0]=11111111011111111101111111111110, sa_flags=SA_RESTART|SA_SIGINFO
SIGFPE: [libjvm.so+0x90b450], sa_mask[0]=11111111011111111101111111111110, sa_flags=SA_RESTART|SA_SIGINFO
SIGPIPE: [libjvm.so+0x90b450], sa_mask[0]=11111111011111111101111111111110, sa_flags=SA_RESTART|SA_SIGINFO
SIGXFSZ: [libjvm.so+0x90b450], sa_mask[0]=11111111011111111101111111111110, sa_flags=SA_RESTART|SA_SIGINFO
SIGILL: [libjvm.so+0x90b450], sa_mask[0]=11111111011111111101111111111110, sa_flags=SA_RESTART|SA_SIGINFO
SIGUSR1: SIG_DFL, sa_mask[0]=00000000000000000000000000000000, sa_flags=none
SIGUSR2: [libjvm.so+0x90ca90], sa_mask[0]=00000000000000000000000000000000, sa_flags=SA_RESTART|SA_SIGINFO
SIGHUP: SIG_IGN, sa_mask[0]=00000000000000000000000000000000, sa_flags=none
SIGINT: SIG_IGN, sa_mask[0]=00000000000000000000000000000000, sa_flags=none
SIGTERM: [libjvm.so+0x90dde0], sa_mask[0]=11111111011111111101111111111110, sa_flags=SA_RESTART|SA_SIGINFO
SIGQUIT: [libjvm.so+0x90dde0], sa_mask[0]=11111111011111111101111111111110, sa_flags=SA_RESTART|SA_SIGINFO


---------------  S Y S T E M  ---------------

OS:DISTRIB_ID=LinuxMint
DISTRIB_RELEASE=17
DISTRIB_CODENAME=qiana
DISTRIB_DESCRIPTION="Linux Mint 17 Qiana"

uname:Linux 4.0.1-kernel+ #2 SMP Wed May 6 16:11:56 BRT 2015 x86_64
libc:glibc 2.19 NPTL 2.19 
rlimit: STACK 8192k, CORE 0k, NPROC 30240, NOFILE 4096, AS 20000000k
load average:21,96 32,12 37,86

/proc/meminfo:
MemTotal:       127909028 kB
MemFree:          599500 kB
MemAvailable:     601876 kB
Buffers:               0 kB
Cached:           152956 kB
SwapCached:            0 kB
Active:         126562768 kB
Inactive:          99248 kB
Active(anon):   126515864 kB
Inactive(anon):    16068 kB
Active(file):      46904 kB
Inactive(file):    83180 kB
Unevictable:           0 kB
Mlocked:               0 kB
SwapTotal:             0 kB
SwapFree:              0 kB
Dirty:                52 kB
Writeback:             0 kB
AnonPages:      126509536 kB
Mapped:            59048 kB
Shmem:             22672 kB
Slab:             113668 kB
SReclaimable:      43608 kB
SUnreclaim:        70060 kB
KernelStack:       27184 kB
PageTables:       267912 kB
NFS_Unstable:          8 kB
Bounce:                0 kB
WritebackTmp:          0 kB
CommitLimit:    63954512 kB
Committed_AS:   141186680 kB
VmallocTotal:   34359738367 kB
VmallocUsed:      220044 kB
VmallocChunk:   34359511436 kB
HardwareCorrupted:     0 kB
AnonHugePages:         0 kB
HugePages_Total:       0
HugePages_Free:        0
HugePages_Rsvd:        0
HugePages_Surp:        0
Hugepagesize:       2048 kB
DirectMap4k:       94192 kB
DirectMap2M:     6197248 kB
DirectMap1G:    123731968 kB


CPU:total 32 (1 cores per cpu, 1 threads per core) family 16 model 9 stepping 1, cmov, cx8, fxsr, mmx, sse, sse2, sse3, popcnt, mmxext, 3dnowpref, lzcnt, sse4a, tsc

/proc/cpuinfo:
processor	: 0
vendor_id	: AuthenticAMD
cpu family	: 16
model		: 9
model name	: AMD Opteron(tm) Processor 6136
stepping	: 1
microcode	: 0x1000065
cpu MHz		: 2400.178
cache size	: 512 KB
physical id	: 0
siblings	: 1
core id		: 0
cpu cores	: 1
apicid		: 0
initial apicid	: 0
fpu		: yes
fpu_exception	: yes
cpuid level	: 5
wp		: yes
flags		: fpu vme de pse tsc msr pae mce cx8 apic sep mtrr pge mca cmov pat pse36 clflush mmx fxsr sse sse2 syscall nx mmxext fxsr_opt pdpe1gb lm 3dnowext 3dnow rep_good nopl extd_apicid pni cx16 x2apic popcnt hypervisor lahf_lm cmp_legacy svm cr8_legacy abm sse4a misalignsse 3dnowprefetch osvw npt nrip_save vmmcall
bugs		: tlb_mmatch fxsave_leak
bogomips	: 4800.35
TLB size	: 1024 4K pages
clflush size	: 64
cache_alignment	: 64
address sizes	: 40 bits physical, 48 bits virtual
power management:

processor	: 1
vendor_id	: AuthenticAMD
cpu family	: 16
model		: 9
model name	: AMD Opteron(tm) Processor 6136
stepping	: 1
microcode	: 0x1000065
cpu MHz		: 2400.178
cache size	: 512 KB
physical id	: 1
siblings	: 1
core id		: 0
cpu cores	: 1
apicid		: 1
initial apicid	: 1
fpu		: yes
fpu_exception	: yes
cpuid level	: 5
wp		: yes
flags		: fpu vme de pse tsc msr pae mce cx8 apic sep mtrr pge mca cmov pat pse36 clflush mmx fxsr sse sse2 syscall nx mmxext fxsr_opt pdpe1gb lm 3dnowext 3dnow rep_good nopl extd_apicid pni cx16 x2apic popcnt hypervisor lahf_lm cmp_legacy svm cr8_legacy abm sse4a misalignsse 3dnowprefetch osvw npt nrip_save vmmcall
bugs		: tlb_mmatch fxsave_leak
bogomips	: 4800.35
TLB size	: 1024 4K pages
clflush size	: 64
cache_alignment	: 64
address sizes	: 40 bits physical, 48 bits virtual
power management:

processor	: 2
vendor_id	: AuthenticAMD
cpu family	: 16
model		: 9
model name	: AMD Opteron(tm) Processor 6136
stepping	: 1
microcode	: 0x1000065
cpu MHz		: 2400.178
cache size	: 512 KB
physical id	: 2
siblings	: 1
core id		: 0
cpu cores	: 1
apicid		: 2
initial apicid	: 2
fpu		: yes
fpu_exception	: yes
cpuid level	: 5
wp		: yes
flags		: fpu vme de pse tsc msr pae mce cx8 apic sep mtrr pge mca cmov pat pse36 clflush mmx fxsr sse sse2 syscall nx mmxext fxsr_opt pdpe1gb lm 3dnowext 3dnow rep_good nopl extd_apicid pni cx16 x2apic popcnt hypervisor lahf_lm cmp_legacy svm cr8_legacy abm sse4a misalignsse 3dnowprefetch osvw npt nrip_save vmmcall
bugs		: tlb_mmatch fxsave_leak
bogomips	: 4800.35
TLB size	: 1024 4K pages
clflush size	: 64
cache_alignment	: 64
address sizes	: 40 bits physical, 48 bits virtual
power management:

processor	: 3
vendor_id	: AuthenticAMD
cpu family	: 16
model		: 9
model name	: AMD Opteron(tm) Processor 6136
stepping	: 1
microcode	: 0x1000065
cpu MHz		: 2400.178
cache size	: 512 KB
physical id	: 3
siblings	: 1
core id		: 0
cpu cores	: 1
apicid		: 3
initial apicid	: 3
fpu		: yes
fpu_exception	: yes
cpuid level	: 5
wp		: yes
flags		: fpu vme de pse tsc msr pae mce cx8 apic sep mtrr pge mca cmov pat pse36 clflush mmx fxsr sse sse2 syscall nx mmxext fxsr_opt pdpe1gb lm 3dnowext 3dnow rep_good nopl extd_apicid pni cx16 x2apic popcnt hypervisor lahf_lm cmp_legacy svm cr8_legacy abm sse4a misalignsse 3dnowprefetch osvw npt nrip_save vmmcall
bugs		: tlb_mmatch fxsave_leak
bogomips	: 4800.35
TLB size	: 1024 4K pages
clflush size	: 64
cache_alignment	: 64
address sizes	: 40 bits physical, 48 bits virtual
power management:

processor	: 4
vendor_id	: AuthenticAMD
cpu family	: 16
model		: 9
model name	: AMD Opteron(tm) Processor 6136
stepping	: 1
microcode	: 0x1000065
cpu MHz		: 2400.178
cache size	: 512 KB
physical id	: 4
siblings	: 1
core id		: 0
cpu cores	: 1
apicid		: 4
initial apicid	: 4
fpu		: yes
fpu_exception	: yes
cpuid level	: 5
wp		: yes
flags		: fpu vme de pse tsc msr pae mce cx8 apic sep mtrr pge mca cmov pat pse36 clflush mmx fxsr sse sse2 syscall nx mmxext fxsr_opt pdpe1gb lm 3dnowext 3dnow rep_good nopl extd_apicid pni cx16 x2apic popcnt hypervisor lahf_lm cmp_legacy svm cr8_legacy abm sse4a misalignsse 3dnowprefetch osvw npt nrip_save vmmcall
bugs		: tlb_mmatch fxsave_leak
bogomips	: 4800.35
TLB size	: 1024 4K pages
clflush size	: 64
cache_alignment	: 64
address sizes	: 40 bits physical, 48 bits virtual
power management:

processor	: 5
vendor_id	: AuthenticAMD
cpu family	: 16
model		: 9
model name	: AMD Opteron(tm) Processor 6136
stepping	: 1
microcode	: 0x1000065
cpu MHz		: 2400.178
cache size	: 512 KB
physical id	: 5
siblings	: 1
core id		: 0
cpu cores	: 1
apicid		: 5
initial apicid	: 5
fpu		: yes
fpu_exception	: yes
cpuid level	: 5
wp		: yes
flags		: fpu vme de pse tsc msr pae mce cx8 apic sep mtrr pge mca cmov pat pse36 clflush mmx fxsr sse sse2 syscall nx mmxext fxsr_opt pdpe1gb lm 3dnowext 3dnow rep_good nopl extd_apicid pni cx16 x2apic popcnt hypervisor lahf_lm cmp_legacy svm cr8_legacy abm sse4a misalignsse 3dnowprefetch osvw npt nrip_save vmmcall
bugs		: tlb_mmatch fxsave_leak
bogomips	: 4800.35
TLB size	: 1024 4K pages
clflush size	: 64
cache_alignment	: 64
address sizes	: 40 bits physical, 48 bits virtual
power management:

processor	: 6
vendor_id	: AuthenticAMD
cpu family	: 16
model		: 9
model name	: AMD Opteron(tm) Processor 6136
stepping	: 1
microcode	: 0x1000065
cpu MHz		: 2400.178
cache size	: 512 KB
physical id	: 6
siblings	: 1
core id		: 0
cpu cores	: 1
apicid		: 6
initial apicid	: 6
fpu		: yes
fpu_exception	: yes
cpuid level	: 5
wp		: yes
flags		: fpu vme de pse tsc msr pae mce cx8 apic sep mtrr pge mca cmov pat pse36 clflush mmx fxsr sse sse2 syscall nx mmxext fxsr_opt pdpe1gb lm 3dnowext 3dnow rep_good nopl extd_apicid pni cx16 x2apic popcnt hypervisor lahf_lm cmp_legacy svm cr8_legacy abm sse4a misalignsse 3dnowprefetch osvw npt nrip_save vmmcall
bugs		: tlb_mmatch fxsave_leak
bogomips	: 4800.35
TLB size	: 1024 4K pages
clflush size	: 64
cache_alignment	: 64
address sizes	: 40 bits physical, 48 bits virtual
power management:

processor	: 7
vendor_id	: AuthenticAMD
cpu family	: 16
model		: 9
model name	: AMD Opteron(tm) Processor 6136
stepping	: 1
microcode	: 0x1000065
cpu MHz		: 2400.178
cache size	: 512 KB
physical id	: 7
siblings	: 1
core id		: 0
cpu cores	: 1
apicid		: 7
initial apicid	: 7
fpu		: yes
fpu_exception	: yes
cpuid level	: 5
wp		: yes
flags		: fpu vme de pse tsc msr pae mce cx8 apic sep mtrr pge mca cmov pat pse36 clflush mmx fxsr sse sse2 syscall nx mmxext fxsr_opt pdpe1gb lm 3dnowext 3dnow rep_good nopl extd_apicid pni cx16 x2apic popcnt hypervisor lahf_lm cmp_legacy svm cr8_legacy abm sse4a misalignsse 3dnowprefetch osvw npt nrip_save vmmcall
bugs		: tlb_mmatch fxsave_leak
bogomips	: 4800.35
TLB size	: 1024 4K pages
clflush size	: 64
cache_alignment	: 64
address sizes	: 40 bits physical, 48 bits virtual
power management:

processor	: 8
vendor_id	: AuthenticAMD
cpu family	: 16
model		: 9
model name	: AMD Opteron(tm) Processor 6136
stepping	: 1
microcode	: 0x1000065
cpu MHz		: 2400.178
cache size	: 512 KB
physical id	: 8
siblings	: 1
core id		: 0
cpu cores	: 1
apicid		: 8
initial apicid	: 8
fpu		: yes
fpu_exception	: yes
cpuid level	: 5
wp		: yes
flags		: fpu vme de pse tsc msr pae mce cx8 apic sep mtrr pge mca cmov pat pse36 clflush mmx fxsr sse sse2 syscall nx mmxext fxsr_opt pdpe1gb lm 3dnowext 3dnow rep_good nopl extd_apicid pni cx16 x2apic popcnt hypervisor lahf_lm cmp_legacy svm cr8_legacy abm sse4a misalignsse 3dnowprefetch osvw npt nrip_save vmmcall
bugs		: tlb_mmatch fxsave_leak
bogomips	: 4800.35
TLB size	: 1024 4K pages
clflush size	: 64
cache_alignment	: 64
address sizes	: 40 bits physical, 48 bits virtual
power management:

processor	: 9
vendor_id	: AuthenticAMD
cpu family	: 16
model		: 9
model name	: AMD Opteron(tm) Processor 6136
stepping	: 1
microcode	: 0x1000065
cpu MHz		: 2400.178
cache size	: 512 KB
physical id	: 9
siblings	: 1
core id		: 0
cpu cores	: 1
apicid		: 9
initial apicid	: 9
fpu		: yes
fpu_exception	: yes
cpuid level	: 5
wp		: yes
flags		: fpu vme de pse tsc msr pae mce cx8 apic sep mtrr pge mca cmov pat pse36 clflush mmx fxsr sse sse2 syscall nx mmxext fxsr_opt pdpe1gb lm 3dnowext 3dnow rep_good nopl extd_apicid pni cx16 x2apic popcnt hypervisor lahf_lm cmp_legacy svm cr8_legacy abm sse4a misalignsse 3dnowprefetch osvw npt nrip_save vmmcall
bugs		: tlb_mmatch fxsave_leak
bogomips	: 4800.35
TLB size	: 1024 4K pages
clflush size	: 64
cache_alignment	: 64
address sizes	: 40 bits physical, 48 bits virtual
power management:

processor	: 10
vendor_id	: AuthenticAMD
cpu family	: 16
model		: 9
model name	: AMD Opteron(tm) Processor 6136
stepping	: 1
microcode	: 0x1000065
cpu MHz		: 2400.178
cache size	: 512 KB
physical id	: 10
siblings	: 1
core id		: 0
cpu cores	: 1
apicid		: 10
initial apicid	: 10
fpu		: yes
fpu_exception	: yes
cpuid level	: 5
wp		: yes
flags		: fpu vme de pse tsc msr pae mce cx8 apic sep mtrr pge mca cmov pat pse36 clflush mmx fxsr sse sse2 syscall nx mmxext fxsr_opt pdpe1gb lm 3dnowext 3dnow rep_good nopl extd_apicid pni cx16 x2apic popcnt hypervisor lahf_lm cmp_legacy svm cr8_legacy abm sse4a misalignsse 3dnowprefetch osvw npt nrip_save vmmcall
bugs		: tlb_mmatch fxsave_leak
bogomips	: 4800.35
TLB size	: 1024 4K pages
clflush size	: 64
cache_alignment	: 64
address sizes	: 40 bits physical, 48 bits virtual
power management:

processor	: 11
vendor_id	: AuthenticAMD
cpu family	: 16
model		: 9
model name	: AMD Opteron(tm) Processor 6136
stepping	: 1
microcode	: 0x1000065
cpu MHz		: 2400.178
cache size	: 512 KB
physical id	: 11
siblings	: 1
core id		: 0
cpu cores	: 1
apicid		: 11
initial apicid	: 11
fpu		: yes
fpu_exception	: yes
cpuid level	: 5
wp		: yes
flags		: fpu vme de pse tsc msr pae mce cx8 apic sep mtrr pge mca cmov pat pse36 clflush mmx fxsr sse sse2 syscall nx mmxext fxsr_opt pdpe1gb lm 3dnowext 3dnow rep_good nopl extd_apicid pni cx16 x2apic popcnt hypervisor lahf_lm cmp_legacy svm cr8_legacy abm sse4a misalignsse 3dnowprefetch osvw npt nrip_save vmmcall
bugs		: tlb_mmatch fxsave_leak
bogomips	: 4800.35
TLB size	: 1024 4K pages
clflush size	: 64
cache_alignment	: 64
address sizes	: 40 bits physical, 48 bits virtual
power management:

processor	: 12
vendor_id	: AuthenticAMD
cpu family	: 16
model		: 9
model name	: AMD Opteron(tm) Processor 6136
stepping	: 1
microcode	: 0x1000065
cpu MHz		: 2400.178
cache size	: 512 KB
physical id	: 12
siblings	: 1
core id		: 0
cpu cores	: 1
apicid		: 12
initial apicid	: 12
fpu		: yes
fpu_exception	: yes
cpuid level	: 5
wp		: yes
flags		: fpu vme de pse tsc msr pae mce cx8 apic sep mtrr pge mca cmov pat pse36 clflush mmx fxsr sse sse2 syscall nx mmxext fxsr_opt pdpe1gb lm 3dnowext 3dnow rep_good nopl extd_apicid pni cx16 x2apic popcnt hypervisor lahf_lm cmp_legacy svm cr8_legacy abm sse4a misalignsse 3dnowprefetch osvw npt nrip_save vmmcall
bugs		: tlb_mmatch fxsave_leak
bogomips	: 4800.35
TLB size	: 1024 4K pages
clflush size	: 64
cache_alignment	: 64
address sizes	: 40 bits physical, 48 bits virtual
power management:

processor	: 13
vendor_id	: AuthenticAMD
cpu family	: 16
model		: 9
model name	: AMD Opteron(tm) Processor 6136
stepping	: 1
microcode	: 0x1000065
cpu MHz		: 2400.178
cache size	: 512 KB
physical id	: 13
siblings	: 1
core id		: 0
cpu cores	: 1
apicid		: 13
initial apicid	: 13
fpu		: yes
fpu_exception	: yes
cpuid level	: 5
wp		: yes
flags		: fpu vme de pse tsc msr pae mce cx8 apic sep mtrr pge mca cmov pat pse36 clflush mmx fxsr sse sse2 syscall nx mmxext fxsr_opt pdpe1gb lm 3dnowext 3dnow rep_good nopl extd_apicid pni cx16 x2apic popcnt hypervisor lahf_lm cmp_legacy svm cr8_legacy abm sse4a misalignsse 3dnowprefetch osvw npt nrip_save vmmcall
bugs		: tlb_mmatch fxsave_leak
bogomips	: 4800.35
TLB size	: 1024 4K pages
clflush size	: 64
cache_alignment	: 64
address sizes	: 40 bits physical, 48 bits virtual
power management:

processor	: 14
vendor_id	: AuthenticAMD
cpu family	: 16
model		: 9
model name	: AMD Opteron(tm) Processor 6136
stepping	: 1
microcode	: 0x1000065
cpu MHz		: 2400.178
cache size	: 512 KB
physical id	: 14
siblings	: 1
core id		: 0
cpu cores	: 1
apicid		: 14
initial apicid	: 14
fpu		: yes
fpu_exception	: yes
cpuid level	: 5
wp		: yes
flags		: fpu vme de pse tsc msr pae mce cx8 apic sep mtrr pge mca cmov pat pse36 clflush mmx fxsr sse sse2 syscall nx mmxext fxsr_opt pdpe1gb lm 3dnowext 3dnow rep_good nopl extd_apicid pni cx16 x2apic popcnt hypervisor lahf_lm cmp_legacy svm cr8_legacy abm sse4a misalignsse 3dnowprefetch osvw npt nrip_save vmmcall
bugs		: tlb_mmatch fxsave_leak
bogomips	: 4800.35
TLB size	: 1024 4K pages
clflush size	: 64
cache_alignment	: 64
address sizes	: 40 bits physical, 48 bits virtual
power management:

processor	: 15
vendor_id	: AuthenticAMD
cpu family	: 16
model		: 9
model name	: AMD Opteron(tm) Processor 6136
stepping	: 1
microcode	: 0x1000065
cpu MHz		: 2400.178
cache size	: 512 KB
physical id	: 15
siblings	: 1
core id		: 0
cpu cores	: 1
apicid		: 15
initial apicid	: 15
fpu		: yes
fpu_exception	: yes
cpuid level	: 5
wp		: yes
flags		: fpu vme de pse tsc msr pae mce cx8 apic sep mtrr pge mca cmov pat pse36 clflush mmx fxsr sse sse2 syscall nx mmxext fxsr_opt pdpe1gb lm 3dnowext 3dnow rep_good nopl extd_apicid pni cx16 x2apic popcnt hypervisor lahf_lm cmp_legacy svm cr8_legacy abm sse4a misalignsse 3dnowprefetch osvw npt nrip_save vmmcall
bugs		: tlb_mmatch fxsave_leak
bogomips	: 4800.35
TLB size	: 1024 4K pages
clflush size	: 64
cache_alignment	: 64
address sizes	: 40 bits physical, 48 bits virtual
power management:

processor	: 16
vendor_id	: AuthenticAMD
cpu family	: 16
model		: 9
model name	: AMD Opteron(tm) Processor 6136
stepping	: 1
microcode	: 0x1000065
cpu MHz		: 2400.178
cache size	: 512 KB
physical id	: 16
siblings	: 1
core id		: 0
cpu cores	: 1
apicid		: 16
initial apicid	: 16
fpu		: yes
fpu_exception	: yes
cpuid level	: 5
wp		: yes
flags		: fpu vme de pse tsc msr pae mce cx8 apic sep mtrr pge mca cmov pat pse36 clflush mmx fxsr sse sse2 syscall nx mmxext fxsr_opt pdpe1gb lm 3dnowext 3dnow rep_good nopl extd_apicid pni cx16 x2apic popcnt hypervisor lahf_lm cmp_legacy svm cr8_legacy abm sse4a misalignsse 3dnowprefetch osvw npt nrip_save vmmcall
bugs		: tlb_mmatch fxsave_leak
bogomips	: 4800.35
TLB size	: 1024 4K pages
clflush size	: 64
cache_alignment	: 64
address sizes	: 40 bits physical, 48 bits virtual
power management:

processor	: 17
vendor_id	: AuthenticAMD
cpu family	: 16
model		: 9
model name	: AMD Opteron(tm) Processor 6136
stepping	: 1
microcode	: 0x1000065
cpu MHz		: 2400.178
cache size	: 512 KB
physical id	: 17
siblings	: 1
core id		: 0
cpu cores	: 1
apicid		: 17
initial apicid	: 17
fpu		: yes
fpu_exception	: yes
cpuid level	: 5
wp		: yes
flags		: fpu vme de pse tsc msr pae mce cx8 apic sep mtrr pge mca cmov pat pse36 clflush mmx fxsr sse sse2 syscall nx mmxext fxsr_opt pdpe1gb lm 3dnowext 3dnow rep_good nopl extd_apicid pni cx16 x2apic popcnt hypervisor lahf_lm cmp_legacy svm cr8_legacy abm sse4a misalignsse 3dnowprefetch osvw npt nrip_save vmmcall
bugs		: tlb_mmatch fxsave_leak
bogomips	: 4800.35
TLB size	: 1024 4K pages
clflush size	: 64
cache_alignment	: 64
address sizes	: 40 bits physical, 48 bits virtual
power management:

processor	: 18
vendor_id	: AuthenticAMD
cpu family	: 16
model		: 9
model name	: AMD Opteron(tm) Processor 6136
stepping	: 1
microcode	: 0x1000065
cpu MHz		: 2400.178
cache size	: 512 KB
physical id	: 18
siblings	: 1
core id		: 0
cpu cores	: 1
apicid		: 18
initial apicid	: 18
fpu		: yes
fpu_exception	: yes
cpuid level	: 5
wp		: yes
flags		: fpu vme de pse tsc msr pae mce cx8 apic sep mtrr pge mca cmov pat pse36 clflush mmx fxsr sse sse2 syscall nx mmxext fxsr_opt pdpe1gb lm 3dnowext 3dnow rep_good nopl extd_apicid pni cx16 x2apic popcnt hypervisor lahf_lm cmp_legacy svm cr8_legacy abm sse4a misalignsse 3dnowprefetch osvw npt nrip_save vmmcall
bugs		: tlb_mmatch fxsave_leak
bogomips	: 4800.35
TLB size	: 1024 4K pages
clflush size	: 64
cache_alignment	: 64
address sizes	: 40 bits physical, 48 bits virtual
power management:

processor	: 19
vendor_id	: AuthenticAMD
cpu family	: 16
model		: 9
model name	: AMD Opteron(tm) Processor 6136
stepping	: 1
microcode	: 0x1000065
cpu MHz		: 2400.178
cache size	: 512 KB
physical id	: 19
siblings	: 1
core id		: 0
cpu cores	: 1
apicid		: 19
initial apicid	: 19
fpu		: yes
fpu_exception	: yes
cpuid level	: 5
wp		: yes
flags		: fpu vme de pse tsc msr pae mce cx8 apic sep mtrr pge mca cmov pat pse36 clflush mmx fxsr sse sse2 syscall nx mmxext fxsr_opt pdpe1gb lm 3dnowext 3dnow rep_good nopl extd_apicid pni cx16 x2apic popcnt hypervisor lahf_lm cmp_legacy svm cr8_legacy abm sse4a misalignsse 3dnowprefetch osvw npt nrip_save vmmcall
bugs		: tlb_mmatch fxsave_leak
bogomips	: 4800.35
TLB size	: 1024 4K pages
clflush size	: 64
cache_alignment	: 64
address sizes	: 40 bits physical, 48 bits virtual
power management:

processor	: 20
vendor_id	: AuthenticAMD
cpu family	: 16
model		: 9
model name	: AMD Opteron(tm) Processor 6136
stepping	: 1
microcode	: 0x1000065
cpu MHz		: 2400.178
cache size	: 512 KB
physical id	: 20
siblings	: 1
core id		: 0
cpu cores	: 1
apicid		: 20
initial apicid	: 20
fpu		: yes
fpu_exception	: yes
cpuid level	: 5
wp		: yes
flags		: fpu vme de pse tsc msr pae mce cx8 apic sep mtrr pge mca cmov pat pse36 clflush mmx fxsr sse sse2 syscall nx mmxext fxsr_opt pdpe1gb lm 3dnowext 3dnow rep_good nopl extd_apicid pni cx16 x2apic popcnt hypervisor lahf_lm cmp_legacy svm cr8_legacy abm sse4a misalignsse 3dnowprefetch osvw npt nrip_save vmmcall
bugs		: tlb_mmatch fxsave_leak
bogomips	: 4800.35
TLB size	: 1024 4K pages
clflush size	: 64
cache_alignment	: 64
address sizes	: 40 bits physical, 48 bits virtual
power management:

processor	: 21
vendor_id	: AuthenticAMD
cpu family	: 16
model		: 9
model name	: AMD Opteron(tm) Processor 6136
stepping	: 1
microcode	: 0x1000065
cpu MHz		: 2400.178
cache size	: 512 KB
physical id	: 21
siblings	: 1
core id		: 0
cpu cores	: 1
apicid		: 21
initial apicid	: 21
fpu		: yes
fpu_exception	: yes
cpuid level	: 5
wp		: yes
flags		: fpu vme de pse tsc msr pae mce cx8 apic sep mtrr pge mca cmov pat pse36 clflush mmx fxsr sse sse2 syscall nx mmxext fxsr_opt pdpe1gb lm 3dnowext 3dnow rep_good nopl extd_apicid pni cx16 x2apic popcnt hypervisor lahf_lm cmp_legacy svm cr8_legacy abm sse4a misalignsse 3dnowprefetch osvw npt nrip_save vmmcall
bugs		: tlb_mmatch fxsave_leak
bogomips	: 4800.35
TLB size	: 1024 4K pages
clflush size	: 64
cache_alignment	: 64
address sizes	: 40 bits physical, 48 bits virtual
power management:

processor	: 22
vendor_id	: AuthenticAMD
cpu family	: 16
model		: 9
model name	: AMD Opteron(tm) Processor 6136
stepping	: 1
microcode	: 0x1000065
cpu MHz		: 2400.178
cache size	: 512 KB
physical id	: 22
siblings	: 1
core id		: 0
cpu cores	: 1
apicid		: 22
initial apicid	: 22
fpu		: yes
fpu_exception	: yes
cpuid level	: 5
wp		: yes
flags		: fpu vme de pse tsc msr pae mce cx8 apic sep mtrr pge mca cmov pat pse36 clflush mmx fxsr sse sse2 syscall nx mmxext fxsr_opt pdpe1gb lm 3dnowext 3dnow rep_good nopl extd_apicid pni cx16 x2apic popcnt hypervisor lahf_lm cmp_legacy svm cr8_legacy abm sse4a misalignsse 3dnowprefetch osvw npt nrip_save vmmcall
bugs		: tlb_mmatch fxsave_leak
bogomips	: 4800.35
TLB size	: 1024 4K pages
clflush size	: 64
cache_alignment	: 64
address sizes	: 40 bits physical, 48 bits virtual
power management:

processor	: 23
vendor_id	: AuthenticAMD
cpu family	: 16
model		: 9
model name	: AMD Opteron(tm) Processor 6136
stepping	: 1
microcode	: 0x1000065
cpu MHz		: 2400.178
cache size	: 512 KB
physical id	: 23
siblings	: 1
core id		: 0
cpu cores	: 1
apicid		: 23
initial apicid	: 23
fpu		: yes
fpu_exception	: yes
cpuid level	: 5
wp		: yes
flags		: fpu vme de pse tsc msr pae mce cx8 apic sep mtrr pge mca cmov pat pse36 clflush mmx fxsr sse sse2 syscall nx mmxext fxsr_opt pdpe1gb lm 3dnowext 3dnow rep_good nopl extd_apicid pni cx16 x2apic popcnt hypervisor lahf_lm cmp_legacy svm cr8_legacy abm sse4a misalignsse 3dnowprefetch osvw npt nrip_save vmmcall
bugs		: tlb_mmatch fxsave_leak
bogomips	: 4800.35
TLB size	: 1024 4K pages
clflush size	: 64
cache_alignment	: 64
address sizes	: 40 bits physical, 48 bits virtual
power management:

processor	: 24
vendor_id	: AuthenticAMD
cpu family	: 16
model		: 9
model name	: AMD Opteron(tm) Processor 6136
stepping	: 1
microcode	: 0x1000065
cpu MHz		: 2400.178
cache size	: 512 KB
physical id	: 24
siblings	: 1
core id		: 0
cpu cores	: 1
apicid		: 24
initial apicid	: 24
fpu		: yes
fpu_exception	: yes
cpuid level	: 5
wp		: yes
flags		: fpu vme de pse tsc msr pae mce cx8 apic sep mtrr pge mca cmov pat pse36 clflush mmx fxsr sse sse2 syscall nx mmxext fxsr_opt pdpe1gb lm 3dnowext 3dnow rep_good nopl extd_apicid pni cx16 x2apic popcnt hypervisor lahf_lm cmp_legacy svm cr8_legacy abm sse4a misalignsse 3dnowprefetch osvw npt nrip_save vmmcall
bugs		: tlb_mmatch fxsave_leak
bogomips	: 4800.35
TLB size	: 1024 4K pages
clflush size	: 64
cache_alignment	: 64
address sizes	: 40 bits physical, 48 bits virtual
power management:

processor	: 25
vendor_id	: AuthenticAMD
cpu family	: 16
model		: 9
model name	: AMD Opteron(tm) Processor 6136
stepping	: 1
microcode	: 0x1000065
cpu MHz		: 2400.178
cache size	: 512 KB
physical id	: 25
siblings	: 1
core id		: 0
cpu cores	: 1
apicid		: 25
initial apicid	: 25
fpu		: yes
fpu_exception	: yes
cpuid level	: 5
wp		: yes
flags		: fpu vme de pse tsc msr pae mce cx8 apic sep mtrr pge mca cmov pat pse36 clflush mmx fxsr sse sse2 syscall nx mmxext fxsr_opt pdpe1gb lm 3dnowext 3dnow rep_good nopl extd_apicid pni cx16 x2apic popcnt hypervisor lahf_lm cmp_legacy svm cr8_legacy abm sse4a misalignsse 3dnowprefetch osvw npt nrip_save vmmcall
bugs		: tlb_mmatch fxsave_leak
bogomips	: 4800.35
TLB size	: 1024 4K pages
clflush size	: 64
cache_alignment	: 64
address sizes	: 40 bits physical, 48 bits virtual
power management:

processor	: 26
vendor_id	: AuthenticAMD
cpu family	: 16
model		: 9
model name	: AMD Opteron(tm) Processor 6136
stepping	: 1
microcode	: 0x1000065
cpu MHz		: 2400.178
cache size	: 512 KB
physical id	: 26
siblings	: 1
core id		: 0
cpu cores	: 1
apicid		: 26
initial apicid	: 26
fpu		: yes
fpu_exception	: yes
cpuid level	: 5
wp		: yes
flags		: fpu vme de pse tsc msr pae mce cx8 apic sep mtrr pge mca cmov pat pse36 clflush mmx fxsr sse sse2 syscall nx mmxext fxsr_opt pdpe1gb lm 3dnowext 3dnow rep_good nopl extd_apicid pni cx16 x2apic popcnt hypervisor lahf_lm cmp_legacy svm cr8_legacy abm sse4a misalignsse 3dnowprefetch osvw npt nrip_save vmmcall
bugs		: tlb_mmatch fxsave_leak
bogomips	: 4800.35
TLB size	: 1024 4K pages
clflush size	: 64
cache_alignment	: 64
address sizes	: 40 bits physical, 48 bits virtual
power management:

processor	: 27
vendor_id	: AuthenticAMD
cpu family	: 16
model		: 9
model name	: AMD Opteron(tm) Processor 6136
stepping	: 1
microcode	: 0x1000065
cpu MHz		: 2400.178
cache size	: 512 KB
physical id	: 27
siblings	: 1
core id		: 0
cpu cores	: 1
apicid		: 27
initial apicid	: 27
fpu		: yes
fpu_exception	: yes
cpuid level	: 5
wp		: yes
flags		: fpu vme de pse tsc msr pae mce cx8 apic sep mtrr pge mca cmov pat pse36 clflush mmx fxsr sse sse2 syscall nx mmxext fxsr_opt pdpe1gb lm 3dnowext 3dnow rep_good nopl extd_apicid pni cx16 x2apic popcnt hypervisor lahf_lm cmp_legacy svm cr8_legacy abm sse4a misalignsse 3dnowprefetch osvw npt nrip_save vmmcall
bugs		: tlb_mmatch fxsave_leak
bogomips	: 4800.35
TLB size	: 1024 4K pages
clflush size	: 64
cache_alignment	: 64
address sizes	: 40 bits physical, 48 bits virtual
power management:

processor	: 28
vendor_id	: AuthenticAMD
cpu family	: 16
model		: 9
model name	: AMD Opteron(tm) Processor 6136
stepping	: 1
microcode	: 0x1000065
cpu MHz		: 2400.178
cache size	: 512 KB
physical id	: 28
siblings	: 1
core id		: 0
cpu cores	: 1
apicid		: 28
initial apicid	: 28
fpu		: yes
fpu_exception	: yes
cpuid level	: 5
wp		: yes
flags		: fpu vme de pse tsc msr pae mce cx8 apic sep mtrr pge mca cmov pat pse36 clflush mmx fxsr sse sse2 syscall nx mmxext fxsr_opt pdpe1gb lm 3dnowext 3dnow rep_good nopl extd_apicid pni cx16 x2apic popcnt hypervisor lahf_lm cmp_legacy svm cr8_legacy abm sse4a misalignsse 3dnowprefetch osvw npt nrip_save vmmcall
bugs		: tlb_mmatch fxsave_leak
bogomips	: 4800.35
TLB size	: 1024 4K pages
clflush size	: 64
cache_alignment	: 64
address sizes	: 40 bits physical, 48 bits virtual
power management:

processor	: 29
vendor_id	: AuthenticAMD
cpu family	: 16
model		: 9
model name	: AMD Opteron(tm) Processor 6136
stepping	: 1
microcode	: 0x1000065
cpu MHz		: 2400.178
cache size	: 512 KB
physical id	: 29
siblings	: 1
core id		: 0
cpu cores	: 1
apicid		: 29
initial apicid	: 29
fpu		: yes
fpu_exception	: yes
cpuid level	: 5
wp		: yes
flags		: fpu vme de pse tsc msr pae mce cx8 apic sep mtrr pge mca cmov pat pse36 clflush mmx fxsr sse sse2 syscall nx mmxext fxsr_opt pdpe1gb lm 3dnowext 3dnow rep_good nopl extd_apicid pni cx16 x2apic popcnt hypervisor lahf_lm cmp_legacy svm cr8_legacy abm sse4a misalignsse 3dnowprefetch osvw npt nrip_save vmmcall
bugs		: tlb_mmatch fxsave_leak
bogomips	: 4800.35
TLB size	: 1024 4K pages
clflush size	: 64
cache_alignment	: 64
address sizes	: 40 bits physical, 48 bits virtual
power management:

processor	: 30
vendor_id	: AuthenticAMD
cpu family	: 16
model		: 9
model name	: AMD Opteron(tm) Processor 6136
stepping	: 1
microcode	: 0x1000065
cpu MHz		: 2400.178
cache size	: 512 KB
physical id	: 30
siblings	: 1
core id		: 0
cpu cores	: 1
apicid		: 30
initial apicid	: 30
fpu		: yes
fpu_exception	: yes
cpuid level	: 5
wp		: yes
flags		: fpu vme de pse tsc msr pae mce cx8 apic sep mtrr pge mca cmov pat pse36 clflush mmx fxsr sse sse2 syscall nx mmxext fxsr_opt pdpe1gb lm 3dnowext 3dnow rep_good nopl extd_apicid pni cx16 x2apic popcnt hypervisor lahf_lm cmp_legacy svm cr8_legacy abm sse4a misalignsse 3dnowprefetch osvw npt nrip_save vmmcall
bugs		: tlb_mmatch fxsave_leak
bogomips	: 4800.35
TLB size	: 1024 4K pages
clflush size	: 64
cache_alignment	: 64
address sizes	: 40 bits physical, 48 bits virtual
power management:

processor	: 31
vendor_id	: AuthenticAMD
cpu family	: 16
model		: 9
model name	: AMD Opteron(tm) Processor 6136
stepping	: 1
microcode	: 0x1000065
cpu MHz		: 2400.178
cache size	: 512 KB
physical id	: 31
siblings	: 1
core id		: 0
cpu cores	: 1
apicid		: 31
initial apicid	: 31
fpu		: yes
fpu_exception	: yes
cpuid level	: 5
wp		: yes
flags		: fpu vme de pse tsc msr pae mce cx8 apic sep mtrr pge mca cmov pat pse36 clflush mmx fxsr sse sse2 syscall nx mmxext fxsr_opt pdpe1gb lm 3dnowext 3dnow rep_good nopl extd_apicid pni cx16 x2apic popcnt hypervisor lahf_lm cmp_legacy svm cr8_legacy abm sse4a misalignsse 3dnowprefetch osvw npt nrip_save vmmcall
bugs		: tlb_mmatch fxsave_leak
bogomips	: 4800.35
TLB size	: 1024 4K pages
clflush size	: 64
cache_alignment	: 64
address sizes	: 40 bits physical, 48 bits virtual
power management:



Memory: 4k page, physical 127909028k(599500k free), swap 0k(0k free)

vm_info: Java HotSpot(TM) 64-Bit Server VM (25.45-b02) for linux-amd64 JRE (1.8.0_45-b14), built on Apr 10 2015 10:07:45 by "java_re" with gcc 4.3.0 20080428 (Red Hat 4.3.0-8)

time: Mon Jan 25 02:13:41 2016
elapsed time: 2636 seconds (0d 0h 43m 56s)

