#
# There is insufficient memory for the Java Runtime Environment to continue.
# Native memory allocation (mmap) failed to map 589824000 bytes for committing reserved memory.
# Possible reasons:
#   The system is out of physical RAM or swap space
#   In 32 bit mode, the process size limit was hit
# Possible solutions:
#   Reduce memory load on the system
#   Increase physical memory or swap space
#   Check if swap backing store is full
#   Use 64 bit Java on a 64 bit OS
#   Decrease Java heap size (-Xmx/-Xms)
#   Decrease number of Java threads
#   Decrease Java thread stack sizes (-Xss)
#   Set larger code cache with -XX:ReservedCodeCacheSize=
# This output file may be truncated or incomplete.
#
#  Out of Memory Error (os_linux.cpp:2673), pid=28342, tid=140606575539968
#
# JRE version: Java(TM) SE Runtime Environment (8.0_45-b14) (build 1.8.0_45-b14)
# Java VM: Java HotSpot(TM) 64-Bit Server VM (25.45-b02 mixed mode linux-amd64 compressed oops)
# Failed to write core dump. Core dumps have been disabled. To enable core dumping, try "ulimit -c unlimited" before starting Java again
#

---------------  T H R E A D  ---------------

Current thread (0x00007fe1a03c6000):  VMThread [stack: 0x00007fe184ecf000,0x00007fe184fd0000] [id=29081]

Stack: [0x00007fe184ecf000,0x00007fe184fd0000],  sp=0x00007fe184fce2e0,  free space=1020k
Native frames: (J=compiled Java code, j=interpreted, Vv=VM code, C=native code)
V  [libjvm.so+0xaac99a]  VMError::report_and_die()+0x2ba
V  [libjvm.so+0x4f333b]  report_vm_out_of_memory(char const*, int, unsigned long, VMErrorType, char const*)+0x8b
V  [libjvm.so+0x90e7c3]  os::Linux::commit_memory_impl(char*, unsigned long, bool)+0x103
V  [libjvm.so+0x90ed19]  os::pd_commit_memory(char*, unsigned long, unsigned long, bool)+0x29
V  [libjvm.so+0x90867a]  os::commit_memory(char*, unsigned long, unsigned long, bool)+0x2a
V  [libjvm.so+0x97bac3]  PSVirtualSpace::expand_by(unsigned long)+0x53
V  [libjvm.so+0x96c320]  PSOldGen::expand(unsigned long)+0x170
V  [libjvm.so+0x96c52b]  PSOldGen::resize(unsigned long)+0x1cb
V  [libjvm.so+0x974241]  PSParallelCompact::invoke_no_policy(bool)+0x9d1
V  [libjvm.so+0x979bed]  PSScavenge::invoke()+0x1ad
V  [libjvm.so+0x932050]  ParallelScavengeHeap::failed_mem_allocate(unsigned long)+0x70
V  [libjvm.so+0xaae1d7]  VM_ParallelGCFailedAllocation::doit()+0x97
V  [libjvm.so+0xab59c5]  VM_Operation::evaluate()+0x55
V  [libjvm.so+0xab3d9a]  VMThread::evaluate_operation(VM_Operation*)+0xba
V  [libjvm.so+0xab411e]  VMThread::loop()+0x1ce
V  [libjvm.so+0xab4590]  VMThread::run()+0x70
V  [libjvm.so+0x910de8]  java_start(Thread*)+0x108

VM_Operation (0x00007fe1a92f9600): ParallelGCFailedAllocation, mode: safepoint, requested by thread 0x00007fe1a000a800


---------------  P R O C E S S  ---------------

Java Threads: ( => current thread )
  0x00007fe1a04bc000 JavaThread "pool-1-thread-1" [_thread_blocked, id=29707, stack(0x00007fe17f2e7000,0x00007fe17f3e8000)]
  0x00007fe1a042a000 JavaThread "Service Thread" daemon [_thread_blocked, id=29393, stack(0x00007fe17f5f6000,0x00007fe17f6f7000)]
  0x00007fe1a0425000 JavaThread "C1 CompilerThread14" daemon [_thread_blocked, id=29280, stack(0x00007fe17f6f7000,0x00007fe17f7f8000)]
  0x00007fe1a0423000 JavaThread "C1 CompilerThread13" daemon [_thread_blocked, id=29274, stack(0x00007fe17f7f8000,0x00007fe17f8f9000)]
  0x00007fe1a0420800 JavaThread "C1 CompilerThread12" daemon [_thread_blocked, id=29272, stack(0x00007fe17f8f9000,0x00007fe17f9fa000)]
  0x00007fe1a041e800 JavaThread "C1 CompilerThread11" daemon [_thread_blocked, id=29270, stack(0x00007fe17f9fa000,0x00007fe17fafb000)]
  0x00007fe1a041c800 JavaThread "C1 CompilerThread10" daemon [_thread_blocked, id=29269, stack(0x00007fe17fafb000,0x00007fe17fbfc000)]
  0x00007fe1a041a800 JavaThread "C2 CompilerThread9" daemon [_thread_blocked, id=29267, stack(0x00007fe17fbfc000,0x00007fe17fcfd000)]
  0x00007fe1a0418800 JavaThread "C2 CompilerThread8" daemon [_thread_blocked, id=29266, stack(0x00007fe17fcfd000,0x00007fe17fdfe000)]
  0x00007fe1a0416000 JavaThread "C2 CompilerThread7" daemon [_thread_blocked, id=29265, stack(0x00007fe17fdfe000,0x00007fe17feff000)]
  0x00007fe1a0414000 JavaThread "C2 CompilerThread6" daemon [_thread_blocked, id=29259, stack(0x00007fe17feff000,0x00007fe180000000)]
  0x00007fe1a0412000 JavaThread "C2 CompilerThread5" daemon [_thread_blocked, id=29256, stack(0x00007fe18400e000,0x00007fe18410f000)]
  0x00007fe1a040f800 JavaThread "C2 CompilerThread4" daemon [_thread_blocked, id=29249, stack(0x00007fe18410f000,0x00007fe184210000)]
  0x00007fe1a040d800 JavaThread "C2 CompilerThread3" daemon [_thread_blocked, id=29238, stack(0x00007fe184210000,0x00007fe184311000)]
  0x00007fe1a040b800 JavaThread "C2 CompilerThread2" daemon [_thread_blocked, id=29228, stack(0x00007fe184311000,0x00007fe184412000)]
  0x00007fe1a0409800 JavaThread "C2 CompilerThread1" daemon [_thread_blocked, id=29223, stack(0x00007fe184412000,0x00007fe184513000)]
  0x00007fe1a0406800 JavaThread "C2 CompilerThread0" daemon [_thread_blocked, id=29221, stack(0x00007fe184513000,0x00007fe184614000)]
  0x00007fe1a0405000 JavaThread "Signal Dispatcher" daemon [_thread_blocked, id=29218, stack(0x00007fe184614000,0x00007fe184715000)]
  0x00007fe1a03cd000 JavaThread "Finalizer" daemon [_thread_blocked, id=29124, stack(0x00007fe184ccd000,0x00007fe184dce000)]
  0x00007fe1a03cb000 JavaThread "Reference Handler" daemon [_thread_blocked, id=29115, stack(0x00007fe184dce000,0x00007fe184ecf000)]
  0x00007fe1a000a800 JavaThread "main" [_thread_blocked, id=28365, stack(0x00007fe1a91fa000,0x00007fe1a92fb000)]

Other Threads:
=>0x00007fe1a03c6000 VMThread [stack: 0x00007fe184ecf000,0x00007fe184fd0000] [id=29081]
  0x00007fe1a042c800 WatcherThread [stack: 0x00007fe17f4f5000,0x00007fe17f5f6000] [id=29430]

VM state:at safepoint (normal execution)

VM Mutex/Monitor currently owned by a thread:  ([mutex/lock_event])
[0x00007fe1a0005a60] ExpandHeap_lock - owner thread: 0x00007fe1a03c6000
[0x00007fe1a00060e0] Threads_lock - owner thread: 0x00007fe1a03c6000
[0x00007fe1a00065e0] Heap_lock - owner thread: 0x00007fe1a000a800

Heap:
 PSYoungGen      total 2671104K, used 0K [0x00000006f4900000, 0x00000007bf180000, 0x00000007c0000000)
  eden space 2057216K, 0% used [0x00000006f4900000,0x00000006f4900000,0x0000000772200000)
  from space 613888K, 0% used [0x0000000797f00000,0x0000000797f00000,0x00000007bd680000)
  to   space 619520K, 0% used [0x0000000772200000,0x0000000772200000,0x0000000797f00000)
 ParOldGen       total 1511936K, used 710968K [0x000000055da00000, 0x00000005b9e80000, 0x00000006f4900000)
  object space 1511936K, 47% used [0x000000055da00000,0x000000058904e0a0,0x00000005b9e80000)
 Metaspace       used 5352K, capacity 5594K, committed 5888K, reserved 1056768K
  class space    used 579K, capacity 667K, committed 768K, reserved 1048576K

Card table byte_map: [0x00007fe1a4ad5000,0x00007fe1a5de9000] byte_map_base: 0x00007fe1a1fe8000

Marking Bits: (ParMarkBitMap*) 0x00007fe1a86f3760
 Begin Bits: [0x00007fe15ced0000, 0x00007fe166768000)
 End Bits:   [0x00007fe166768000, 0x00007fe170000000)

Polling page: 0x00007fe1a933a000

CodeCache: size=245760Kb used=5337Kb max_used=5939Kb free=240422Kb
 bounds [0x00007fe191000000, 0x00007fe1915e0000, 0x00007fe1a0000000]
 total_blobs=1119 nmethods=822 adapters=209
 compilation: enabled

Compilation events (10 events):
Event: 29868,824 Thread 0x00007fe1a0418800 1007       4       sun.nio.cs.StreamEncoder::writeBytes (132 bytes)
Event: 29868,839 Thread 0x00007fe1a0418800 nmethod 1007 0x00007fe19152c4d0 code [0x00007fe19152c6a0, 0x00007fe19152d438]
Event: 30581,151 Thread 0x00007fe1a0418800 1008   !   4       sun.nio.cs.StreamEncoder::flushBuffer (42 bytes)
Event: 30581,155 Thread 0x00007fe1a0418800 nmethod 1008 0x00007fe1914ac510 code [0x00007fe1914ac680, 0x00007fe1914aca08]
Event: 33703,923 Thread 0x00007fe1a041e800 1009       1       java.lang.ref.Finalizer::access$000 (4 bytes)
Event: 33703,924 Thread 0x00007fe1a041e800 nmethod 1009 0x00007fe19141dc10 code [0x00007fe19141dd60, 0x00007fe19141de50]
Event: 34640,747 Thread 0x00007fe1a0406800 1010       4       java.lang.StringBuilder::append (8 bytes)
Event: 34640,755 Thread 0x00007fe1a0406800 nmethod 1010 0x00007fe1915c8810 code [0x00007fe1915c8980, 0x00007fe1915c8e38]
Event: 40554,068 Thread 0x00007fe1a040b800 1011       4       java.lang.StringBuilder::toString (17 bytes)
Event: 40554,073 Thread 0x00007fe1a040b800 nmethod 1011 0x00007fe191353790 code [0x00007fe191353900, 0x00007fe191353c18]

GC Heap History (10 events):
Event: 41961,538 GC heap after
Heap after GC invocations=645 (full 77):
 PSYoungGen      total 2659328K, used 446154K [0x00000006f4900000, 0x00000007c0000000, 0x00000007c0000000)
  eden space 2016256K, 0% used [0x00000006f4900000,0x00000006f4900000,0x000000076fa00000)
  from space 643072K, 69% used [0x0000000798c00000,0x00000007b3fb2af0,0x00000007c0000000)
  to   space 658432K, 0% used [0x000000076fa00000,0x000000076fa00000,0x0000000797d00000)
 ParOldGen       total 1511936K, used 507979K [0x000000055da00000, 0x00000005b9e80000, 0x00000006f4900000)
  object space 1511936K, 33% used [0x000000055da00000,0x000000057ca12c60,0x00000005b9e80000)
 Metaspace       used 5352K, capacity 5594K, committed 5888K, reserved 1056768K
  class space    used 579K, capacity 667K, committed 768K, reserved 1048576K
}
Event: 42085,771 GC heap before
{Heap before GC invocations=646 (full 77):
 PSYoungGen      total 2659328K, used 2462410K [0x00000006f4900000, 0x00000007c0000000, 0x00000007c0000000)
  eden space 2016256K, 100% used [0x00000006f4900000,0x000000076fa00000,0x000000076fa00000)
  from space 643072K, 69% used [0x0000000798c00000,0x00000007b3fb2af0,0x00000007c0000000)
  to   space 658432K, 0% used [0x000000076fa00000,0x000000076fa00000,0x0000000797d00000)
 ParOldGen       total 1511936K, used 507979K [0x000000055da00000, 0x00000005b9e80000, 0x00000006f4900000)
  object space 1511936K, 33% used [0x000000055da00000,0x000000057ca12c60,0x00000005b9e80000)
 Metaspace       used 5352K, capacity 5594K, committed 5888K, reserved 1056768K
  class space    used 579K, capacity 667K, committed 768K, reserved 1048576K
Event: 42086,009 GC heap after
Heap after GC invocations=646 (full 77):
 PSYoungGen      total 2316800K, used 300343K [0x00000006f4900000, 0x00000007bd800000, 0x00000007c0000000)
  eden space 2016256K, 0% used [0x00000006f4900000,0x00000006f4900000,0x000000076fa00000)
  from space 300544K, 99% used [0x000000076fa00000,0x0000000781f4dd88,0x0000000781f80000)
  to   space 630272K, 0% used [0x0000000797080000,0x0000000797080000,0x00000007bd800000)
 ParOldGen       total 1511936K, used 584680K [0x000000055da00000, 0x00000005b9e80000, 0x00000006f4900000)
  object space 1511936K, 38% used [0x000000055da00000,0x00000005814fa020,0x00000005b9e80000)
 Metaspace       used 5352K, capacity 5594K, committed 5888K, reserved 1056768K
  class space    used 579K, capacity 667K, committed 768K, reserved 1048576K
}
Event: 42088,813 GC heap before
{Heap before GC invocations=647 (full 77):
 PSYoungGen      total 2316800K, used 2316599K [0x00000006f4900000, 0x00000007bd800000, 0x00000007c0000000)
  eden space 2016256K, 100% used [0x00000006f4900000,0x000000076fa00000,0x000000076fa00000)
  from space 300544K, 99% used [0x000000076fa00000,0x0000000781f4dd88,0x0000000781f80000)
  to   space 630272K, 0% used [0x0000000797080000,0x0000000797080000,0x00000007bd800000)
 ParOldGen       total 1511936K, used 584680K [0x000000055da00000, 0x00000005b9e80000, 0x00000006f4900000)
  object space 1511936K, 38% used [0x000000055da00000,0x00000005814fa020,0x00000005b9e80000)
 Metaspace       used 5352K, capacity 5594K, committed 5888K, reserved 1056768K
  class space    used 579K, capacity 667K, committed 768K, reserved 1048576K
Event: 42089,246 GC heap after
Heap after GC invocations=647 (full 77):
 PSYoungGen      total 2652160K, used 433615K [0x00000006f4900000, 0x00000007c0000000, 0x00000007c0000000)
  eden space 2021888K, 0% used [0x00000006f4900000,0x00000006f4900000,0x000000076ff80000)
  from space 630272K, 68% used [0x0000000797080000,0x00000007b17f3c80,0x00000007bd800000)
  to   space 640000K, 0% used [0x000000076ff80000,0x000000076ff80000,0x0000000797080000)
 ParOldGen       total 1511936K, used 885349K [0x000000055da00000, 0x00000005b9e80000, 0x00000006f4900000)
  object space 1511936K, 58% used [0x000000055da00000,0x0000000593a99540,0x00000005b9e80000)
 Metaspace       used 5352K, capacity 5594K, committed 5888K, reserved 1056768K
  class space    used 579K, capacity 667K, committed 768K, reserved 1048576K
}
Event: 42212,861 GC heap before
{Heap before GC invocations=648 (full 77):
 PSYoungGen      total 2652160K, used 2455503K [0x00000006f4900000, 0x00000007c0000000, 0x00000007c0000000)
  eden space 2021888K, 100% used [0x00000006f4900000,0x000000076ff80000,0x000000076ff80000)
  from space 630272K, 68% used [0x0000000797080000,0x00000007b17f3c80,0x00000007bd800000)
  to   space 640000K, 0% used [0x000000076ff80000,0x000000076ff80000,0x0000000797080000)
 ParOldGen       total 1511936K, used 885349K [0x000000055da00000, 0x00000005b9e80000, 0x00000006f4900000)
  object space 1511936K, 58% used [0x000000055da00000,0x0000000593a99540,0x00000005b9e80000)
 Metaspace       used 5352K, capacity 5594K, committed 5888K, reserved 1056768K
  class space    used 579K, capacity 667K, committed 768K, reserved 1048576K
Event: 42213,158 GC heap after
Heap after GC invocations=648 (full 77):
 PSYoungGen      total 2661888K, used 349003K [0x00000006f4900000, 0x00000007bd680000, 0x00000007c0000000)
  eden space 2021888K, 0% used [0x00000006f4900000,0x00000006f4900000,0x000000076ff80000)
  from space 640000K, 54% used [0x000000076ff80000,0x0000000785452db0,0x0000000797080000)
  to   space 613888K, 0% used [0x0000000797f00000,0x0000000797f00000,0x00000007bd680000)
 ParOldGen       total 1511936K, used 1028460K [0x000000055da00000, 0x00000005b9e80000, 0x00000006f4900000)
  object space 1511936K, 68% used [0x000000055da00000,0x000000059c65b2b0,0x00000005b9e80000)
 Metaspace       used 5352K, capacity 5594K, committed 5888K, reserved 1056768K
  class space    used 579K, capacity 667K, committed 768K, reserved 1048576K
}
Event: 42234,485 GC heap before
{Heap before GC invocations=649 (full 77):
 PSYoungGen      total 2661888K, used 2370891K [0x00000006f4900000, 0x00000007bd680000, 0x00000007c0000000)
  eden space 2021888K, 100% used [0x00000006f4900000,0x000000076ff80000,0x000000076ff80000)
  from space 640000K, 54% used [0x000000076ff80000,0x0000000785452db0,0x0000000797080000)
  to   space 613888K, 0% used [0x0000000797f00000,0x0000000797f00000,0x00000007bd680000)
 ParOldGen       total 1511936K, used 1028460K [0x000000055da00000, 0x00000005b9e80000, 0x00000006f4900000)
  object space 1511936K, 68% used [0x000000055da00000,0x000000059c65b2b0,0x00000005b9e80000)
 Metaspace       used 5352K, capacity 5594K, committed 5888K, reserved 1056768K
  class space    used 579K, capacity 667K, committed 768K, reserved 1048576K
Event: 42235,113 GC heap after
Heap after GC invocations=649 (full 77):
 PSYoungGen      total 2671104K, used 426604K [0x00000006f4900000, 0x00000007bf180000, 0x00000007c0000000)
  eden space 2057216K, 0% used [0x00000006f4900000,0x00000006f4900000,0x0000000772200000)
  from space 613888K, 69% used [0x0000000797f00000,0x00000007b1f9b120,0x00000007bd680000)
  to   space 619520K, 0% used [0x0000000772200000,0x0000000772200000,0x0000000797f00000)
 ParOldGen       total 1511936K, used 1375335K [0x000000055da00000, 0x00000005b9e80000, 0x00000006f4900000)
  object space 1511936K, 90% used [0x000000055da00000,0x00000005b1919f88,0x00000005b9e80000)
 Metaspace       used 5352K, capacity 5594K, committed 5888K, reserved 1056768K
  class space    used 579K, capacity 667K, committed 768K, reserved 1048576K
}
Event: 42235,113 GC heap before
{Heap before GC invocations=650 (full 78):
 PSYoungGen      total 2671104K, used 426604K [0x00000006f4900000, 0x00000007bf180000, 0x00000007c0000000)
  eden space 2057216K, 0% used [0x00000006f4900000,0x00000006f4900000,0x0000000772200000)
  from space 613888K, 69% used [0x0000000797f00000,0x00000007b1f9b120,0x00000007bd680000)
  to   space 619520K, 0% used [0x0000000772200000,0x0000000772200000,0x0000000797f00000)
 ParOldGen       total 1511936K, used 1375335K [0x000000055da00000, 0x00000005b9e80000, 0x00000006f4900000)
  object space 1511936K, 90% used [0x000000055da00000,0x00000005b1919f88,0x00000005b9e80000)
 Metaspace       used 5352K, capacity 5594K, committed 5888K, reserved 1056768K
  class space    used 579K, capacity 667K, committed 768K, reserved 1048576K

Deoptimization events (10 events):
Event: 6,916 Thread 0x00007fe1a04bc000 Uncommon trap: reason=bimorphic action=maybe_recompile pc=0x00007fe191464f60 method=java.util.HashMap.putVal(ILjava/lang/Object;Ljava/lang/Object;ZZ)Ljava/lang/Object; @ 203
Event: 61,227 Thread 0x00007fe1a04bc000 Uncommon trap: reason=unstable_if action=reinterpret pc=0x00007fe191473234 method=java.util.HashMap.putVal(ILjava/lang/Object;Ljava/lang/Object;ZZ)Ljava/lang/Object; @ 162
Event: 67,316 Thread 0x00007fe1a04bc000 Uncommon trap: reason=predicate action=maybe_recompile pc=0x00007fe191428778 method=java.util.ArrayList.indexOf(Ljava/lang/Object;)I @ 44
Event: 67,316 Thread 0x00007fe1a04bc000 Uncommon trap: reason=predicate action=maybe_recompile pc=0x00007fe1913a20dc method=java.util.ArrayList.indexOf(Ljava/lang/Object;)I @ 44
Event: 67,317 Thread 0x00007fe1a04bc000 Uncommon trap: reason=unstable_if action=reinterpret pc=0x00007fe1914b53c0 method=edu.ufpr.cbio.psp.problem.PSPProblem.evaluate(Lorg/uma/jmetal/core/Solution;)V @ 330
Event: 68,072 Thread 0x00007fe1a04bc000 Uncommon trap: reason=unstable_if action=reinterpret pc=0x00007fe1914d4fe8 method=edu.ufpr.cbio.psp.algorithms.hyperheuristic.IBEAHyperHeuristic.computeIndicatorValuesHD(Lorg/uma/jmetal/core/SolutionSet;[D[D)V @ 196
Event: 81,026 Thread 0x00007fe1a04bc000 Uncommon trap: reason=unstable_if action=reinterpret pc=0x00007fe1915514b8 method=edu.ufpr.cbio.psp.algorithms.hyperheuristic.IBEAHyperHeuristic.computeIndicatorValuesHD(Lorg/uma/jmetal/core/SolutionSet;[D[D)V @ 27
Event: 208,289 Thread 0x00007fe1a04bc000 Uncommon trap: reason=unstable_if action=reinterpret pc=0x00007fe19153fd44 method=edu.ufpr.cbio.psp.algorithms.hyperheuristic.IBEAHyperHeuristic.computeIndicatorValuesHD(Lorg/uma/jmetal/core/SolutionSet;[D[D)V @ 27
Event: 3264,839 Thread 0x00007fe1a04bc000 Uncommon trap: reason=unstable_if action=reinterpret pc=0x00007fe1915c914c method=java.util.ComparableTimSort.sort([Ljava/lang/Object;II[Ljava/lang/Object;II)V @ 41
Event: 8824,471 Thread 0x00007fe1a04bc000 Uncommon trap: reason=unstable_if action=reinterpret pc=0x00007fe1915c6a70 method=java.util.ComparableTimSort.sort([Ljava/lang/Object;II[Ljava/lang/Object;II)V @ 41

Internal exceptions (8 events):
Event: 0,220 Thread 0x00007fe1a000a800 Exception <a 'java/lang/NoSuchMethodError': Method sun.misc.Unsafe.defineClass(Ljava/lang/String;[BII)Ljava/lang/Class; name or signature does not match> (0x00000006f4912a30) thrown at [/RE-WORK/workspace/8-2-build-linux-amd64/jdk8u45/3457/hotspot/src/sha
Event: 0,220 Thread 0x00007fe1a000a800 Exception <a 'java/lang/NoSuchMethodError': Method sun.misc.Unsafe.prefetchRead(Ljava/lang/Object;J)V name or signature does not match> (0x00000006f4912cc0) thrown at [/RE-WORK/workspace/8-2-build-linux-amd64/jdk8u45/3457/hotspot/src/share/vm/prims/jni.cp
Event: 0,542 Thread 0x00007fe1a000a800 Exception <a 'java/security/PrivilegedActionException'> (0x00000006f49d3f30) thrown at [/RE-WORK/workspace/8-2-build-linux-amd64/jdk8u45/3457/hotspot/src/share/vm/prims/jvm.cpp, line 1382]
Event: 0,542 Thread 0x00007fe1a000a800 Exception <a 'java/security/PrivilegedActionException'> (0x00000006f49d40e8) thrown at [/RE-WORK/workspace/8-2-build-linux-amd64/jdk8u45/3457/hotspot/src/share/vm/prims/jvm.cpp, line 1382]
Event: 0,543 Thread 0x00007fe1a000a800 Exception <a 'java/security/PrivilegedActionException'> (0x00000006f49d6980) thrown at [/RE-WORK/workspace/8-2-build-linux-amd64/jdk8u45/3457/hotspot/src/share/vm/prims/jvm.cpp, line 1382]
Event: 0,543 Thread 0x00007fe1a000a800 Exception <a 'java/security/PrivilegedActionException'> (0x00000006f49d6b38) thrown at [/RE-WORK/workspace/8-2-build-linux-amd64/jdk8u45/3457/hotspot/src/share/vm/prims/jvm.cpp, line 1382]
Event: 1,401 Thread 0x00007fe1a04bc000 Exception <a 'java/lang/NoSuchFieldError': method resolution failed> (0x00000006fa147580) thrown at [/RE-WORK/workspace/8-2-build-linux-amd64/jdk8u45/3457/hotspot/src/share/vm/prims/methodHandles.cpp, line 1125]
Event: 1,404 Thread 0x00007fe1a04bc000 Exception <a 'java/lang/NoSuchFieldError': method resolution failed> (0x00000006fa155c10) thrown at [/RE-WORK/workspace/8-2-build-linux-amd64/jdk8u45/3457/hotspot/src/share/vm/prims/methodHandles.cpp, line 1125]

Events (10 events):
Event: 42089,246 Executing VM operation: ParallelGCFailedAllocation done
Event: 42212,861 Executing VM operation: ParallelGCFailedAllocation
Event: 42213,158 Executing VM operation: ParallelGCFailedAllocation done
Event: 42213,159 Executing VM operation: RevokeBias
Event: 42213,160 Executing VM operation: RevokeBias done
Event: 42213,160 Executing VM operation: RevokeBias
Event: 42213,160 Executing VM operation: RevokeBias done
Event: 42213,160 Executing VM operation: BulkRevokeBias
Event: 42213,162 Executing VM operation: BulkRevokeBias done
Event: 42234,485 Executing VM operation: ParallelGCFailedAllocation


Dynamic libraries:
00400000-00401000 r-xp 00000000 00:2c 34522951                           /home/ppginf/vdfontoura/jdk1.8.0_45/bin/java
00600000-00601000 rw-p 00000000 00:2c 34522951                           /home/ppginf/vdfontoura/jdk1.8.0_45/bin/java
013cf000-013f0000 rw-p 00000000 00:00 0                                  [heap]
55da00000-5b9e80000 rw-p 00000000 00:00 0 
5dd100000-6f4900000 ---p 00000000 00:00 0 
6f4900000-7bf180000 rw-p 00000000 00:00 0 
7bf180000-7c0000000 ---p 00000000 00:00 0 
7c0000000-7c00c0000 rw-p 00000000 00:00 0 
7c00c0000-800000000 ---p 00000000 00:00 0 
7fe0b8000000-7fe0b8021000 rw-p 00000000 00:00 0 
7fe0b8021000-7fe0bc000000 ---p 00000000 00:00 0 
7fe0bc000000-7fe0bc293000 rw-p 00000000 00:00 0 
7fe0bc293000-7fe0c0000000 ---p 00000000 00:00 0 
7fe0c0000000-7fe0c00f1000 rw-p 00000000 00:00 0 
7fe0c00f1000-7fe0c4000000 ---p 00000000 00:00 0 
7fe0c4000000-7fe0c4021000 rw-p 00000000 00:00 0 
7fe0c4021000-7fe0c8000000 ---p 00000000 00:00 0 
7fe0c8000000-7fe0c80c8000 rw-p 00000000 00:00 0 
7fe0c80c8000-7fe0cc000000 ---p 00000000 00:00 0 
7fe0cc000000-7fe0cc078000 rw-p 00000000 00:00 0 
7fe0cc078000-7fe0d0000000 ---p 00000000 00:00 0 
7fe0d0000000-7fe0d017e000 rw-p 00000000 00:00 0 
7fe0d017e000-7fe0d4000000 ---p 00000000 00:00 0 
7fe0d4000000-7fe0d405a000 rw-p 00000000 00:00 0 
7fe0d405a000-7fe0d8000000 ---p 00000000 00:00 0 
7fe0d8000000-7fe0d87b7000 rw-p 00000000 00:00 0 
7fe0d87b7000-7fe0dc000000 ---p 00000000 00:00 0 
7fe0dc000000-7fe0dc2f6000 rw-p 00000000 00:00 0 
7fe0dc2f6000-7fe0e0000000 ---p 00000000 00:00 0 
7fe0e0000000-7fe0e0359000 rw-p 00000000 00:00 0 
7fe0e0359000-7fe0e4000000 ---p 00000000 00:00 0 
7fe0e4000000-7fe0e462c000 rw-p 00000000 00:00 0 
7fe0e462c000-7fe0e8000000 ---p 00000000 00:00 0 
7fe0e8000000-7fe0e82df000 rw-p 00000000 00:00 0 
7fe0e82df000-7fe0ec000000 ---p 00000000 00:00 0 
7fe0ec000000-7fe0ec3c8000 rw-p 00000000 00:00 0 
7fe0ec3c8000-7fe0f0000000 ---p 00000000 00:00 0 
7fe0f0000000-7fe0f01b0000 rw-p 00000000 00:00 0 
7fe0f01b0000-7fe0f4000000 ---p 00000000 00:00 0 
7fe0f4000000-7fe0f463e000 rw-p 00000000 00:00 0 
7fe0f463e000-7fe0f8000000 ---p 00000000 00:00 0 
7fe0f8000000-7fe0f8684000 rw-p 00000000 00:00 0 
7fe0f8684000-7fe0fc000000 ---p 00000000 00:00 0 
7fe0fc000000-7fe0fc5a4000 rw-p 00000000 00:00 0 
7fe0fc5a4000-7fe100000000 ---p 00000000 00:00 0 
7fe100000000-7fe100021000 rw-p 00000000 00:00 0 
7fe100021000-7fe104000000 ---p 00000000 00:00 0 
7fe104000000-7fe104021000 rw-p 00000000 00:00 0 
7fe104021000-7fe108000000 ---p 00000000 00:00 0 
7fe108000000-7fe10828c000 rw-p 00000000 00:00 0 
7fe10828c000-7fe10c000000 ---p 00000000 00:00 0 
7fe10c000000-7fe10c021000 rw-p 00000000 00:00 0 
7fe10c021000-7fe110000000 ---p 00000000 00:00 0 
7fe110000000-7fe110021000 rw-p 00000000 00:00 0 
7fe110021000-7fe114000000 ---p 00000000 00:00 0 
7fe114000000-7fe114021000 rw-p 00000000 00:00 0 
7fe114021000-7fe118000000 ---p 00000000 00:00 0 
7fe118000000-7fe118021000 rw-p 00000000 00:00 0 
7fe118021000-7fe11c000000 ---p 00000000 00:00 0 
7fe11c000000-7fe11c021000 rw-p 00000000 00:00 0 
7fe11c021000-7fe120000000 ---p 00000000 00:00 0 
7fe120000000-7fe120021000 rw-p 00000000 00:00 0 
7fe120021000-7fe124000000 ---p 00000000 00:00 0 
7fe124000000-7fe124021000 rw-p 00000000 00:00 0 
7fe124021000-7fe128000000 ---p 00000000 00:00 0 
7fe128000000-7fe128021000 rw-p 00000000 00:00 0 
7fe128021000-7fe12c000000 ---p 00000000 00:00 0 
7fe12c000000-7fe12c021000 rw-p 00000000 00:00 0 
7fe12c021000-7fe130000000 ---p 00000000 00:00 0 
7fe130000000-7fe130021000 rw-p 00000000 00:00 0 
7fe130021000-7fe134000000 ---p 00000000 00:00 0 
7fe134000000-7fe134021000 rw-p 00000000 00:00 0 
7fe134021000-7fe138000000 ---p 00000000 00:00 0 
7fe138000000-7fe138021000 rw-p 00000000 00:00 0 
7fe138021000-7fe13c000000 ---p 00000000 00:00 0 
7fe13c000000-7fe13c021000 rw-p 00000000 00:00 0 
7fe13c021000-7fe140000000 ---p 00000000 00:00 0 
7fe140000000-7fe140021000 rw-p 00000000 00:00 0 
7fe140021000-7fe144000000 ---p 00000000 00:00 0 
7fe144000000-7fe144021000 rw-p 00000000 00:00 0 
7fe144021000-7fe148000000 ---p 00000000 00:00 0 
7fe148000000-7fe148021000 rw-p 00000000 00:00 0 
7fe148021000-7fe14c000000 ---p 00000000 00:00 0 
7fe14c000000-7fe14c021000 rw-p 00000000 00:00 0 
7fe14c021000-7fe150000000 ---p 00000000 00:00 0 
7fe150000000-7fe150021000 rw-p 00000000 00:00 0 
7fe150021000-7fe154000000 ---p 00000000 00:00 0 
7fe158000000-7fe158021000 rw-p 00000000 00:00 0 
7fe158021000-7fe15c000000 ---p 00000000 00:00 0 
7fe15ced0000-7fe170000000 rw-p 00000000 00:00 0 
7fe170000000-7fe170021000 rw-p 00000000 00:00 0 
7fe170021000-7fe174000000 ---p 00000000 00:00 0 
7fe174000000-7fe174021000 rw-p 00000000 00:00 0 
7fe174021000-7fe178000000 ---p 00000000 00:00 0 
7fe178000000-7fe178021000 rw-p 00000000 00:00 0 
7fe178021000-7fe17c000000 ---p 00000000 00:00 0 
7fe17f1e7000-7fe17f2e7000 rw-p 00000000 00:00 0 
7fe17f2e7000-7fe17f2ea000 ---p 00000000 00:00 0 
7fe17f2ea000-7fe17f3e8000 rw-p 00000000 00:00 0                          [stack:29707]
7fe17f3e8000-7fe17f4f5000 r--s 010c9000 00:2c 55319431                   /home/ppginf/vdfontoura/psp-2D/chapter_approach/target/IBEAHH.jar
7fe17f4f5000-7fe17f4f6000 ---p 00000000 00:00 0 
7fe17f4f6000-7fe17f5f6000 rw-p 00000000 00:00 0                          [stack:29430]
7fe17f5f6000-7fe17f5f9000 ---p 00000000 00:00 0 
7fe17f5f9000-7fe17f6f7000 rw-p 00000000 00:00 0                          [stack:29393]
7fe17f6f7000-7fe17f6fa000 ---p 00000000 00:00 0 
7fe17f6fa000-7fe17f7f8000 rw-p 00000000 00:00 0                          [stack:29280]
7fe17f7f8000-7fe17f7fb000 ---p 00000000 00:00 0 
7fe17f7fb000-7fe17f8f9000 rw-p 00000000 00:00 0                          [stack:29274]
7fe17f8f9000-7fe17f8fc000 ---p 00000000 00:00 0 
7fe17f8fc000-7fe17f9fa000 rw-p 00000000 00:00 0                          [stack:29272]
7fe17f9fa000-7fe17f9fd000 ---p 00000000 00:00 0 
7fe17f9fd000-7fe17fafb000 rw-p 00000000 00:00 0                          [stack:29270]
7fe17fafb000-7fe17fafe000 ---p 00000000 00:00 0 
7fe17fafe000-7fe17fbfc000 rw-p 00000000 00:00 0                          [stack:29269]
7fe17fbfc000-7fe17fbff000 ---p 00000000 00:00 0 
7fe17fbff000-7fe17fcfd000 rw-p 00000000 00:00 0                          [stack:29267]
7fe17fcfd000-7fe17fd00000 ---p 00000000 00:00 0 
7fe17fd00000-7fe17fdfe000 rw-p 00000000 00:00 0                          [stack:29266]
7fe17fdfe000-7fe17fe01000 ---p 00000000 00:00 0 
7fe17fe01000-7fe17feff000 rw-p 00000000 00:00 0                          [stack:29265]
7fe17feff000-7fe17ff02000 ---p 00000000 00:00 0 
7fe17ff02000-7fe180000000 rw-p 00000000 00:00 0                          [stack:29259]
7fe180000000-7fe180021000 rw-p 00000000 00:00 0 
7fe180021000-7fe184000000 ---p 00000000 00:00 0 
7fe18400e000-7fe184011000 ---p 00000000 00:00 0 
7fe184011000-7fe18410f000 rw-p 00000000 00:00 0                          [stack:29256]
7fe18410f000-7fe184112000 ---p 00000000 00:00 0 
7fe184112000-7fe184210000 rw-p 00000000 00:00 0                          [stack:29249]
7fe184210000-7fe184213000 ---p 00000000 00:00 0 
7fe184213000-7fe184311000 rw-p 00000000 00:00 0                          [stack:29238]
7fe184311000-7fe184314000 ---p 00000000 00:00 0 
7fe184314000-7fe184412000 rw-p 00000000 00:00 0                          [stack:29228]
7fe184412000-7fe184415000 ---p 00000000 00:00 0 
7fe184415000-7fe184513000 rw-p 00000000 00:00 0                          [stack:29223]
7fe184513000-7fe184516000 ---p 00000000 00:00 0 
7fe184516000-7fe184614000 rw-p 00000000 00:00 0                          [stack:29221]
7fe184614000-7fe184617000 ---p 00000000 00:00 0 
7fe184617000-7fe184715000 rw-p 00000000 00:00 0                          [stack:29218]
7fe184715000-7fe184ccd000 r--p 00000000 00:15 231                        /usr/lib/locale/locale-archive
7fe184ccd000-7fe184cd0000 ---p 00000000 00:00 0 
7fe184cd0000-7fe184dce000 rw-p 00000000 00:00 0                          [stack:29124]
7fe184dce000-7fe184dd1000 ---p 00000000 00:00 0 
7fe184dd1000-7fe184ecf000 rw-p 00000000 00:00 0                          [stack:29115]
7fe184ecf000-7fe184ed0000 ---p 00000000 00:00 0 
7fe184ed0000-7fe188000000 rw-p 00000000 00:00 0                          [stack:29081]
7fe188000000-7fe188021000 rw-p 00000000 00:00 0 
7fe188021000-7fe18c000000 ---p 00000000 00:00 0 
7fe18c09f000-7fe18c0c1000 r--p 00000000 00:15 9382                       /usr/share/locale-langpack/pt_BR/LC_MESSAGES/libc.mo
7fe18c0c1000-7fe18ebec000 rw-p 00000000 00:00 0 
7fe18ebec000-7fe18edc5000 r--s 03d09000 00:2c 34523101                   /home/ppginf/vdfontoura/jdk1.8.0_45/jre/lib/rt.jar
7fe18edc5000-7fe18f33b000 rw-p 00000000 00:00 0 
7fe18f33b000-7fe18f63b000 ---p 00000000 00:00 0 
7fe18f63b000-7fe18f63c000 ---p 00000000 00:00 0 
7fe18f63c000-7fe18f73c000 rw-p 00000000 00:00 0                          [stack:28769]
7fe18f73c000-7fe18f73d000 ---p 00000000 00:00 0 
7fe18f73d000-7fe18f83d000 rw-p 00000000 00:00 0                          [stack:28764]
7fe18f83d000-7fe18f83e000 ---p 00000000 00:00 0 
7fe18f83e000-7fe18f93e000 rw-p 00000000 00:00 0                          [stack:28755]
7fe18f93e000-7fe18f93f000 ---p 00000000 00:00 0 
7fe18f93f000-7fe18fa3f000 rw-p 00000000 00:00 0                          [stack:28715]
7fe18fa3f000-7fe18fa40000 ---p 00000000 00:00 0 
7fe18fa40000-7fe18fb40000 rw-p 00000000 00:00 0                          [stack:28711]
7fe18fb40000-7fe18fb41000 ---p 00000000 00:00 0 
7fe18fb41000-7fe18fc41000 rw-p 00000000 00:00 0                          [stack:28708]
7fe18fc41000-7fe18fc42000 ---p 00000000 00:00 0 
7fe18fc42000-7fe18fd42000 rw-p 00000000 00:00 0                          [stack:28706]
7fe18fd42000-7fe18fd43000 ---p 00000000 00:00 0 
7fe18fd43000-7fe18fe43000 rw-p 00000000 00:00 0                          [stack:28704]
7fe18fe43000-7fe18fe44000 ---p 00000000 00:00 0 
7fe18fe44000-7fe18ff44000 rw-p 00000000 00:00 0                          [stack:28702]
7fe18ff44000-7fe18ff45000 ---p 00000000 00:00 0 
7fe18ff45000-7fe190045000 rw-p 00000000 00:00 0                          [stack:28695]
7fe190045000-7fe190046000 ---p 00000000 00:00 0 
7fe190046000-7fe190146000 rw-p 00000000 00:00 0                          [stack:28694]
7fe190146000-7fe190147000 ---p 00000000 00:00 0 
7fe190147000-7fe190247000 rw-p 00000000 00:00 0                          [stack:28691]
7fe190247000-7fe190248000 ---p 00000000 00:00 0 
7fe190248000-7fe19062b000 rw-p 00000000 00:00 0                          [stack:28559]
7fe19062b000-7fe191000000 ---p 00000000 00:00 0 
7fe191000000-7fe1915e0000 rwxp 00000000 00:00 0 
7fe1915e0000-7fe1a0000000 ---p 00000000 00:00 0 
7fe1a0000000-7fe1a0744000 rw-p 00000000 00:00 0 
7fe1a0744000-7fe1a4000000 ---p 00000000 00:00 0 
7fe1a400c000-7fe1a40cb000 rw-p 00000000 00:00 0 
7fe1a40cb000-7fe1a40cc000 ---p 00000000 00:00 0 
7fe1a40cc000-7fe1a41cc000 rw-p 00000000 00:00 0                          [stack:28554]
7fe1a41cc000-7fe1a41cd000 ---p 00000000 00:00 0 
7fe1a41cd000-7fe1a42cd000 rw-p 00000000 00:00 0                          [stack:28544]
7fe1a42cd000-7fe1a42ce000 ---p 00000000 00:00 0 
7fe1a42ce000-7fe1a43ce000 rw-p 00000000 00:00 0                          [stack:28536]
7fe1a43ce000-7fe1a43cf000 ---p 00000000 00:00 0 
7fe1a43cf000-7fe1a44cf000 rw-p 00000000 00:00 0                          [stack:28527]
7fe1a44cf000-7fe1a44d0000 ---p 00000000 00:00 0 
7fe1a44d0000-7fe1a45d0000 rw-p 00000000 00:00 0                          [stack:28481]
7fe1a45d0000-7fe1a45d1000 ---p 00000000 00:00 0 
7fe1a45d1000-7fe1a46d1000 rw-p 00000000 00:00 0                          [stack:28471]
7fe1a46d1000-7fe1a46d2000 ---p 00000000 00:00 0 
7fe1a46d2000-7fe1a47d2000 rw-p 00000000 00:00 0                          [stack:28467]
7fe1a47d2000-7fe1a47d3000 ---p 00000000 00:00 0 
7fe1a47d3000-7fe1a48d3000 rw-p 00000000 00:00 0                          [stack:28461]
7fe1a48d3000-7fe1a48d4000 ---p 00000000 00:00 0 
7fe1a48d4000-7fe1a49d4000 rw-p 00000000 00:00 0                          [stack:28415]
7fe1a49d4000-7fe1a49d5000 ---p 00000000 00:00 0 
7fe1a49d5000-7fe1a4db8000 rw-p 00000000 00:00 0                          [stack:28408]
7fe1a4db8000-7fe1a578c000 ---p 00000000 00:00 0 
7fe1a578c000-7fe1a5de1000 rw-p 00000000 00:00 0 
7fe1a5de1000-7fe1a5de8000 ---p 00000000 00:00 0 
7fe1a5de8000-7fe1a5e01000 rw-p 00000000 00:00 0 
7fe1a5e01000-7fe1a61a9000 ---p 00000000 00:00 0 
7fe1a61a9000-7fe1a61c3000 r-xp 00000000 00:2c 34523211                   /home/ppginf/vdfontoura/jdk1.8.0_45/jre/lib/amd64/libzip.so
7fe1a61c3000-7fe1a63c3000 ---p 0001a000 00:2c 34523211                   /home/ppginf/vdfontoura/jdk1.8.0_45/jre/lib/amd64/libzip.so
7fe1a63c3000-7fe1a63c4000 rw-p 0001a000 00:2c 34523211                   /home/ppginf/vdfontoura/jdk1.8.0_45/jre/lib/amd64/libzip.so
7fe1a63c4000-7fe1a63d0000 r-xp 00000000 00:15 181                        /lib/x86_64-linux-gnu/libnss_ldap.so.2
7fe1a63d0000-7fe1a65cf000 ---p 0000c000 00:15 181                        /lib/x86_64-linux-gnu/libnss_ldap.so.2
7fe1a65cf000-7fe1a65d0000 r--p 0000b000 00:15 181                        /lib/x86_64-linux-gnu/libnss_ldap.so.2
7fe1a65d0000-7fe1a65d1000 rw-p 0000c000 00:15 181                        /lib/x86_64-linux-gnu/libnss_ldap.so.2
7fe1a65d1000-7fe1a65dc000 r-xp 00000000 00:15 178                        /lib/x86_64-linux-gnu/libnss_files-2.19.so
7fe1a65dc000-7fe1a67db000 ---p 0000b000 00:15 178                        /lib/x86_64-linux-gnu/libnss_files-2.19.so
7fe1a67db000-7fe1a67dc000 r--p 0000a000 00:15 178                        /lib/x86_64-linux-gnu/libnss_files-2.19.so
7fe1a67dc000-7fe1a67dd000 rw-p 0000b000 00:15 178                        /lib/x86_64-linux-gnu/libnss_files-2.19.so
7fe1a67dd000-7fe1a67e8000 r-xp 00000000 00:15 176                        /lib/x86_64-linux-gnu/libnss_nis-2.19.so
7fe1a67e8000-7fe1a69e7000 ---p 0000b000 00:15 176                        /lib/x86_64-linux-gnu/libnss_nis-2.19.so
7fe1a69e7000-7fe1a69e8000 r--p 0000a000 00:15 176                        /lib/x86_64-linux-gnu/libnss_nis-2.19.so
7fe1a69e8000-7fe1a69e9000 rw-p 0000b000 00:15 176                        /lib/x86_64-linux-gnu/libnss_nis-2.19.so
7fe1a69e9000-7fe1a6a00000 r-xp 00000000 00:15 174                        /lib/x86_64-linux-gnu/libnsl-2.19.so
7fe1a6a00000-7fe1a6bff000 ---p 00017000 00:15 174                        /lib/x86_64-linux-gnu/libnsl-2.19.so
7fe1a6bff000-7fe1a6c00000 r--p 00016000 00:15 174                        /lib/x86_64-linux-gnu/libnsl-2.19.so
7fe1a6c00000-7fe1a6c01000 rw-p 00017000 00:15 174                        /lib/x86_64-linux-gnu/libnsl-2.19.so
7fe1a6c01000-7fe1a6c03000 rw-p 00000000 00:00 0 
7fe1a6c03000-7fe1a6c0c000 r-xp 00000000 00:15 172                        /lib/x86_64-linux-gnu/libnss_compat-2.19.so
7fe1a6c0c000-7fe1a6e0b000 ---p 00009000 00:15 172                        /lib/x86_64-linux-gnu/libnss_compat-2.19.so
7fe1a6e0b000-7fe1a6e0c000 r--p 00008000 00:15 172                        /lib/x86_64-linux-gnu/libnss_compat-2.19.so
7fe1a6e0c000-7fe1a6e0d000 rw-p 00009000 00:15 172                        /lib/x86_64-linux-gnu/libnss_compat-2.19.so
7fe1a6e0d000-7fe1a6e37000 r-xp 00000000 00:2c 34523126                   /home/ppginf/vdfontoura/jdk1.8.0_45/jre/lib/amd64/libjava.so
7fe1a6e37000-7fe1a7037000 ---p 0002a000 00:2c 34523126                   /home/ppginf/vdfontoura/jdk1.8.0_45/jre/lib/amd64/libjava.so
7fe1a7037000-7fe1a7039000 rw-p 0002a000 00:2c 34523126                   /home/ppginf/vdfontoura/jdk1.8.0_45/jre/lib/amd64/libjava.so
7fe1a7039000-7fe1a7046000 r-xp 00000000 00:2c 34523210                   /home/ppginf/vdfontoura/jdk1.8.0_45/jre/lib/amd64/libverify.so
7fe1a7046000-7fe1a7246000 ---p 0000d000 00:2c 34523210                   /home/ppginf/vdfontoura/jdk1.8.0_45/jre/lib/amd64/libverify.so
7fe1a7246000-7fe1a7248000 rw-p 0000d000 00:2c 34523210                   /home/ppginf/vdfontoura/jdk1.8.0_45/jre/lib/amd64/libverify.so
7fe1a7248000-7fe1a724f000 r-xp 00000000 00:15 44                         /lib/x86_64-linux-gnu/librt-2.19.so
7fe1a724f000-7fe1a744e000 ---p 00007000 00:15 44                         /lib/x86_64-linux-gnu/librt-2.19.so
7fe1a744e000-7fe1a744f000 r--p 00006000 00:15 44                         /lib/x86_64-linux-gnu/librt-2.19.so
7fe1a744f000-7fe1a7450000 rw-p 00007000 00:15 44                         /lib/x86_64-linux-gnu/librt-2.19.so
7fe1a7450000-7fe1a7555000 r-xp 00000000 00:15 307                        /lib/x86_64-linux-gnu/libm-2.19.so
7fe1a7555000-7fe1a7754000 ---p 00105000 00:15 307                        /lib/x86_64-linux-gnu/libm-2.19.so
7fe1a7754000-7fe1a7755000 r--p 00104000 00:15 307                        /lib/x86_64-linux-gnu/libm-2.19.so
7fe1a7755000-7fe1a7756000 rw-p 00105000 00:15 307                        /lib/x86_64-linux-gnu/libm-2.19.so
7fe1a7756000-7fe1a8404000 r-xp 00000000 00:2c 34523214                   /home/ppginf/vdfontoura/jdk1.8.0_45/jre/lib/amd64/server/libjvm.so
7fe1a8404000-7fe1a8603000 ---p 00cae000 00:2c 34523214                   /home/ppginf/vdfontoura/jdk1.8.0_45/jre/lib/amd64/server/libjvm.so
7fe1a8603000-7fe1a86da000 rw-p 00cad000 00:2c 34523214                   /home/ppginf/vdfontoura/jdk1.8.0_45/jre/lib/amd64/server/libjvm.so
7fe1a86da000-7fe1a871e000 rw-p 00000000 00:00 0 
7fe1a871e000-7fe1a88d9000 r-xp 00000000 00:15 46                         /lib/x86_64-linux-gnu/libc-2.19.so
7fe1a88d9000-7fe1a8ad8000 ---p 001bb000 00:15 46                         /lib/x86_64-linux-gnu/libc-2.19.so
7fe1a8ad8000-7fe1a8adc000 r--p 001ba000 00:15 46                         /lib/x86_64-linux-gnu/libc-2.19.so
7fe1a8adc000-7fe1a8ade000 rw-p 001be000 00:15 46                         /lib/x86_64-linux-gnu/libc-2.19.so
7fe1a8ade000-7fe1a8ae3000 rw-p 00000000 00:00 0 
7fe1a8ae3000-7fe1a8ae6000 r-xp 00000000 00:15 52                         /lib/x86_64-linux-gnu/libdl-2.19.so
7fe1a8ae6000-7fe1a8ce5000 ---p 00003000 00:15 52                         /lib/x86_64-linux-gnu/libdl-2.19.so
7fe1a8ce5000-7fe1a8ce6000 r--p 00002000 00:15 52                         /lib/x86_64-linux-gnu/libdl-2.19.so
7fe1a8ce6000-7fe1a8ce7000 rw-p 00003000 00:15 52                         /lib/x86_64-linux-gnu/libdl-2.19.so
7fe1a8ce7000-7fe1a8cfc000 r-xp 00000000 00:2c 34523376                   /home/ppginf/vdfontoura/jdk1.8.0_45/lib/amd64/jli/libjli.so
7fe1a8cfc000-7fe1a8efc000 ---p 00015000 00:2c 34523376                   /home/ppginf/vdfontoura/jdk1.8.0_45/lib/amd64/jli/libjli.so
7fe1a8efc000-7fe1a8efd000 rw-p 00015000 00:2c 34523376                   /home/ppginf/vdfontoura/jdk1.8.0_45/lib/amd64/jli/libjli.so
7fe1a8efd000-7fe1a8f16000 r-xp 00000000 00:15 48                         /lib/x86_64-linux-gnu/libpthread-2.19.so
7fe1a8f16000-7fe1a9115000 ---p 00019000 00:15 48                         /lib/x86_64-linux-gnu/libpthread-2.19.so
7fe1a9115000-7fe1a9116000 r--p 00018000 00:15 48                         /lib/x86_64-linux-gnu/libpthread-2.19.so
7fe1a9116000-7fe1a9117000 rw-p 00019000 00:15 48                         /lib/x86_64-linux-gnu/libpthread-2.19.so
7fe1a9117000-7fe1a911b000 rw-p 00000000 00:00 0 
7fe1a911b000-7fe1a913e000 r-xp 00000000 00:15 32                         /lib/x86_64-linux-gnu/ld-2.19.so
7fe1a9150000-7fe1a91fa000 rw-p 00000000 00:00 0 
7fe1a91fa000-7fe1a91fd000 ---p 00000000 00:00 0 
7fe1a91fd000-7fe1a92ff000 rw-p 00000000 00:00 0                          [stack:28365]
7fe1a9303000-7fe1a930a000 r--s 00000000 00:15 245                        /usr/lib/x86_64-linux-gnu/gconv/gconv-modules.cache
7fe1a930a000-7fe1a9315000 r--s 00116000 00:2c 34523300                   /home/ppginf/vdfontoura/jdk1.8.0_45/jre/lib/ext/localedata.jar
7fe1a9315000-7fe1a9331000 r--s 00393000 00:2c 34523297                   /home/ppginf/vdfontoura/jdk1.8.0_45/jre/lib/ext/cldrdata.jar
7fe1a9331000-7fe1a9339000 rw-s 00000000 00:1a 39677                      /tmp/hsperfdata_vdfontoura/28342
7fe1a9339000-7fe1a933a000 rw-p 00000000 00:00 0 
7fe1a933a000-7fe1a933b000 ---p 00000000 00:00 0 
7fe1a933b000-7fe1a933d000 rw-p 00000000 00:00 0 
7fe1a933d000-7fe1a933e000 r--p 00022000 00:15 32                         /lib/x86_64-linux-gnu/ld-2.19.so
7fe1a933e000-7fe1a933f000 rw-p 00023000 00:15 32                         /lib/x86_64-linux-gnu/ld-2.19.so
7fe1a933f000-7fe1a9340000 rw-p 00000000 00:00 0 
7ffe9d771000-7ffe9d792000 rw-p 00000000 00:00 0                          [stack]
7ffe9d7ef000-7ffe9d7f1000 r--p 00000000 00:00 0                          [vvar]
7ffe9d7f1000-7ffe9d7f3000 r-xp 00000000 00:00 0                          [vdso]
ffffffffff600000-ffffffffff601000 r-xp 00000000 00:00 0                  [vsyscall]

VM Arguments:
java_command: ../../target/IBEAHH.jar 2500 2500000 SinglePointCrossover,IntegerTwoPointsCrossover,MultiPointsCrossover BitFlipMutation,LoopMoveOperator,LocalMoveOperator,SegmentMutation,OppositeMoveOperator 2000 1.0 1.0 1 1 ibea-result-2500/result-19 0 0 Random PPPHHPPHHPPPPPPHHHHHHHPPHHPPPPHHPPHPP false 50
java_class_path (initial): ../../target/IBEAHH.jar
Launcher Type: SUN_STANDARD

Environment Variables:
JAVA_HOME=/home/ppginf/vdfontoura/jdk1.8.0_45/
PATH=/home/ppginf/vdfontoura/jdk1.8.0_45//bin:/usr/local/sbin:/usr/local/bin:/usr/sbin:/usr/bin:/sbin:/bin:/usr/games:/usr/local/games:.:/home/html/inf/silvia/topicos/ferramentas/poketool/bin:/home/html/inf/silvia/topicos/ferramentas/proteum1.4.1/LINUX/bin:/home/ppginf/vdfontoura/tools/apache-maven-3.3.3/bin
SHELL=/bin/bash

Signal Handlers:
SIGSEGV: [libjvm.so+0xaad1e0], sa_mask[0]=11111111011111111101111111111110, sa_flags=SA_RESTART|SA_SIGINFO
SIGBUS: [libjvm.so+0xaad1e0], sa_mask[0]=11111111011111111101111111111110, sa_flags=SA_RESTART|SA_SIGINFO
SIGFPE: [libjvm.so+0x90b450], sa_mask[0]=11111111011111111101111111111110, sa_flags=SA_RESTART|SA_SIGINFO
SIGPIPE: [libjvm.so+0x90b450], sa_mask[0]=11111111011111111101111111111110, sa_flags=SA_RESTART|SA_SIGINFO
SIGXFSZ: [libjvm.so+0x90b450], sa_mask[0]=11111111011111111101111111111110, sa_flags=SA_RESTART|SA_SIGINFO
SIGILL: [libjvm.so+0x90b450], sa_mask[0]=11111111011111111101111111111110, sa_flags=SA_RESTART|SA_SIGINFO
SIGUSR1: SIG_DFL, sa_mask[0]=00000000000000000000000000000000, sa_flags=none
SIGUSR2: [libjvm.so+0x90ca90], sa_mask[0]=00000000000000000000000000000000, sa_flags=SA_RESTART|SA_SIGINFO
SIGHUP: SIG_IGN, sa_mask[0]=00000000000000000000000000000000, sa_flags=none
SIGINT: SIG_IGN, sa_mask[0]=00000000000000000000000000000000, sa_flags=none
SIGTERM: [libjvm.so+0x90dde0], sa_mask[0]=11111111011111111101111111111110, sa_flags=SA_RESTART|SA_SIGINFO
SIGQUIT: [libjvm.so+0x90dde0], sa_mask[0]=11111111011111111101111111111110, sa_flags=SA_RESTART|SA_SIGINFO


---------------  S Y S T E M  ---------------

OS:DISTRIB_ID=LinuxMint
DISTRIB_RELEASE=17
DISTRIB_CODENAME=qiana
DISTRIB_DESCRIPTION="Linux Mint 17 Qiana"

uname:Linux 4.0.1-kernel+ #2 SMP Wed May 6 16:11:56 BRT 2015 x86_64
libc:glibc 2.19 NPTL 2.19 
rlimit: STACK 8192k, CORE 0k, NPROC 30240, NOFILE 4096, AS 20000000k
load average:17,40 17,66 17,78

/proc/meminfo:
MemTotal:       127909028 kB
MemFree:          819504 kB
MemAvailable:     967984 kB
Buffers:               0 kB
Cached:           313648 kB
SwapCached:            0 kB
Active:         126271660 kB
Inactive:         167288 kB
Active(anon):   126131936 kB
Inactive(anon):    15972 kB
Active(file):     139724 kB
Inactive(file):   151316 kB
Unevictable:           0 kB
Mlocked:               0 kB
SwapTotal:             0 kB
SwapFree:              0 kB
Dirty:                28 kB
Writeback:             0 kB
AnonPages:      126125732 kB
Mapped:            63172 kB
Shmem:             22604 kB
Slab:             123380 kB
SReclaimable:      52768 kB
SUnreclaim:        70612 kB
KernelStack:       24912 kB
PageTables:       264536 kB
NFS_Unstable:         12 kB
Bounce:                0 kB
WritebackTmp:          0 kB
CommitLimit:    63954512 kB
Committed_AS:   138734744 kB
VmallocTotal:   34359738367 kB
VmallocUsed:      220044 kB
VmallocChunk:   34359511436 kB
HardwareCorrupted:     0 kB
AnonHugePages:         0 kB
HugePages_Total:       0
HugePages_Free:        0
HugePages_Rsvd:        0
HugePages_Surp:        0
Hugepagesize:       2048 kB
DirectMap4k:       94192 kB
DirectMap2M:     6197248 kB
DirectMap1G:    123731968 kB


CPU:total 32 (1 cores per cpu, 1 threads per core) family 16 model 9 stepping 1, cmov, cx8, fxsr, mmx, sse, sse2, sse3, popcnt, mmxext, 3dnowpref, lzcnt, sse4a, tsc

/proc/cpuinfo:
processor	: 0
vendor_id	: AuthenticAMD
cpu family	: 16
model		: 9
model name	: AMD Opteron(tm) Processor 6136
stepping	: 1
microcode	: 0x1000065
cpu MHz		: 2400.178
cache size	: 512 KB
physical id	: 0
siblings	: 1
core id		: 0
cpu cores	: 1
apicid		: 0
initial apicid	: 0
fpu		: yes
fpu_exception	: yes
cpuid level	: 5
wp		: yes
flags		: fpu vme de pse tsc msr pae mce cx8 apic sep mtrr pge mca cmov pat pse36 clflush mmx fxsr sse sse2 syscall nx mmxext fxsr_opt pdpe1gb lm 3dnowext 3dnow rep_good nopl extd_apicid pni cx16 x2apic popcnt hypervisor lahf_lm cmp_legacy svm cr8_legacy abm sse4a misalignsse 3dnowprefetch osvw npt nrip_save vmmcall
bugs		: tlb_mmatch fxsave_leak
bogomips	: 4800.35
TLB size	: 1024 4K pages
clflush size	: 64
cache_alignment	: 64
address sizes	: 40 bits physical, 48 bits virtual
power management:

processor	: 1
vendor_id	: AuthenticAMD
cpu family	: 16
model		: 9
model name	: AMD Opteron(tm) Processor 6136
stepping	: 1
microcode	: 0x1000065
cpu MHz		: 2400.178
cache size	: 512 KB
physical id	: 1
siblings	: 1
core id		: 0
cpu cores	: 1
apicid		: 1
initial apicid	: 1
fpu		: yes
fpu_exception	: yes
cpuid level	: 5
wp		: yes
flags		: fpu vme de pse tsc msr pae mce cx8 apic sep mtrr pge mca cmov pat pse36 clflush mmx fxsr sse sse2 syscall nx mmxext fxsr_opt pdpe1gb lm 3dnowext 3dnow rep_good nopl extd_apicid pni cx16 x2apic popcnt hypervisor lahf_lm cmp_legacy svm cr8_legacy abm sse4a misalignsse 3dnowprefetch osvw npt nrip_save vmmcall
bugs		: tlb_mmatch fxsave_leak
bogomips	: 4800.35
TLB size	: 1024 4K pages
clflush size	: 64
cache_alignment	: 64
address sizes	: 40 bits physical, 48 bits virtual
power management:

processor	: 2
vendor_id	: AuthenticAMD
cpu family	: 16
model		: 9
model name	: AMD Opteron(tm) Processor 6136
stepping	: 1
microcode	: 0x1000065
cpu MHz		: 2400.178
cache size	: 512 KB
physical id	: 2
siblings	: 1
core id		: 0
cpu cores	: 1
apicid		: 2
initial apicid	: 2
fpu		: yes
fpu_exception	: yes
cpuid level	: 5
wp		: yes
flags		: fpu vme de pse tsc msr pae mce cx8 apic sep mtrr pge mca cmov pat pse36 clflush mmx fxsr sse sse2 syscall nx mmxext fxsr_opt pdpe1gb lm 3dnowext 3dnow rep_good nopl extd_apicid pni cx16 x2apic popcnt hypervisor lahf_lm cmp_legacy svm cr8_legacy abm sse4a misalignsse 3dnowprefetch osvw npt nrip_save vmmcall
bugs		: tlb_mmatch fxsave_leak
bogomips	: 4800.35
TLB size	: 1024 4K pages
clflush size	: 64
cache_alignment	: 64
address sizes	: 40 bits physical, 48 bits virtual
power management:

processor	: 3
vendor_id	: AuthenticAMD
cpu family	: 16
model		: 9
model name	: AMD Opteron(tm) Processor 6136
stepping	: 1
microcode	: 0x1000065
cpu MHz		: 2400.178
cache size	: 512 KB
physical id	: 3
siblings	: 1
core id		: 0
cpu cores	: 1
apicid		: 3
initial apicid	: 3
fpu		: yes
fpu_exception	: yes
cpuid level	: 5
wp		: yes
flags		: fpu vme de pse tsc msr pae mce cx8 apic sep mtrr pge mca cmov pat pse36 clflush mmx fxsr sse sse2 syscall nx mmxext fxsr_opt pdpe1gb lm 3dnowext 3dnow rep_good nopl extd_apicid pni cx16 x2apic popcnt hypervisor lahf_lm cmp_legacy svm cr8_legacy abm sse4a misalignsse 3dnowprefetch osvw npt nrip_save vmmcall
bugs		: tlb_mmatch fxsave_leak
bogomips	: 4800.35
TLB size	: 1024 4K pages
clflush size	: 64
cache_alignment	: 64
address sizes	: 40 bits physical, 48 bits virtual
power management:

processor	: 4
vendor_id	: AuthenticAMD
cpu family	: 16
model		: 9
model name	: AMD Opteron(tm) Processor 6136
stepping	: 1
microcode	: 0x1000065
cpu MHz		: 2400.178
cache size	: 512 KB
physical id	: 4
siblings	: 1
core id		: 0
cpu cores	: 1
apicid		: 4
initial apicid	: 4
fpu		: yes
fpu_exception	: yes
cpuid level	: 5
wp		: yes
flags		: fpu vme de pse tsc msr pae mce cx8 apic sep mtrr pge mca cmov pat pse36 clflush mmx fxsr sse sse2 syscall nx mmxext fxsr_opt pdpe1gb lm 3dnowext 3dnow rep_good nopl extd_apicid pni cx16 x2apic popcnt hypervisor lahf_lm cmp_legacy svm cr8_legacy abm sse4a misalignsse 3dnowprefetch osvw npt nrip_save vmmcall
bugs		: tlb_mmatch fxsave_leak
bogomips	: 4800.35
TLB size	: 1024 4K pages
clflush size	: 64
cache_alignment	: 64
address sizes	: 40 bits physical, 48 bits virtual
power management:

processor	: 5
vendor_id	: AuthenticAMD
cpu family	: 16
model		: 9
model name	: AMD Opteron(tm) Processor 6136
stepping	: 1
microcode	: 0x1000065
cpu MHz		: 2400.178
cache size	: 512 KB
physical id	: 5
siblings	: 1
core id		: 0
cpu cores	: 1
apicid		: 5
initial apicid	: 5
fpu		: yes
fpu_exception	: yes
cpuid level	: 5
wp		: yes
flags		: fpu vme de pse tsc msr pae mce cx8 apic sep mtrr pge mca cmov pat pse36 clflush mmx fxsr sse sse2 syscall nx mmxext fxsr_opt pdpe1gb lm 3dnowext 3dnow rep_good nopl extd_apicid pni cx16 x2apic popcnt hypervisor lahf_lm cmp_legacy svm cr8_legacy abm sse4a misalignsse 3dnowprefetch osvw npt nrip_save vmmcall
bugs		: tlb_mmatch fxsave_leak
bogomips	: 4800.35
TLB size	: 1024 4K pages
clflush size	: 64
cache_alignment	: 64
address sizes	: 40 bits physical, 48 bits virtual
power management:

processor	: 6
vendor_id	: AuthenticAMD
cpu family	: 16
model		: 9
model name	: AMD Opteron(tm) Processor 6136
stepping	: 1
microcode	: 0x1000065
cpu MHz		: 2400.178
cache size	: 512 KB
physical id	: 6
siblings	: 1
core id		: 0
cpu cores	: 1
apicid		: 6
initial apicid	: 6
fpu		: yes
fpu_exception	: yes
cpuid level	: 5
wp		: yes
flags		: fpu vme de pse tsc msr pae mce cx8 apic sep mtrr pge mca cmov pat pse36 clflush mmx fxsr sse sse2 syscall nx mmxext fxsr_opt pdpe1gb lm 3dnowext 3dnow rep_good nopl extd_apicid pni cx16 x2apic popcnt hypervisor lahf_lm cmp_legacy svm cr8_legacy abm sse4a misalignsse 3dnowprefetch osvw npt nrip_save vmmcall
bugs		: tlb_mmatch fxsave_leak
bogomips	: 4800.35
TLB size	: 1024 4K pages
clflush size	: 64
cache_alignment	: 64
address sizes	: 40 bits physical, 48 bits virtual
power management:

processor	: 7
vendor_id	: AuthenticAMD
cpu family	: 16
model		: 9
model name	: AMD Opteron(tm) Processor 6136
stepping	: 1
microcode	: 0x1000065
cpu MHz		: 2400.178
cache size	: 512 KB
physical id	: 7
siblings	: 1
core id		: 0
cpu cores	: 1
apicid		: 7
initial apicid	: 7
fpu		: yes
fpu_exception	: yes
cpuid level	: 5
wp		: yes
flags		: fpu vme de pse tsc msr pae mce cx8 apic sep mtrr pge mca cmov pat pse36 clflush mmx fxsr sse sse2 syscall nx mmxext fxsr_opt pdpe1gb lm 3dnowext 3dnow rep_good nopl extd_apicid pni cx16 x2apic popcnt hypervisor lahf_lm cmp_legacy svm cr8_legacy abm sse4a misalignsse 3dnowprefetch osvw npt nrip_save vmmcall
bugs		: tlb_mmatch fxsave_leak
bogomips	: 4800.35
TLB size	: 1024 4K pages
clflush size	: 64
cache_alignment	: 64
address sizes	: 40 bits physical, 48 bits virtual
power management:

processor	: 8
vendor_id	: AuthenticAMD
cpu family	: 16
model		: 9
model name	: AMD Opteron(tm) Processor 6136
stepping	: 1
microcode	: 0x1000065
cpu MHz		: 2400.178
cache size	: 512 KB
physical id	: 8
siblings	: 1
core id		: 0
cpu cores	: 1
apicid		: 8
initial apicid	: 8
fpu		: yes
fpu_exception	: yes
cpuid level	: 5
wp		: yes
flags		: fpu vme de pse tsc msr pae mce cx8 apic sep mtrr pge mca cmov pat pse36 clflush mmx fxsr sse sse2 syscall nx mmxext fxsr_opt pdpe1gb lm 3dnowext 3dnow rep_good nopl extd_apicid pni cx16 x2apic popcnt hypervisor lahf_lm cmp_legacy svm cr8_legacy abm sse4a misalignsse 3dnowprefetch osvw npt nrip_save vmmcall
bugs		: tlb_mmatch fxsave_leak
bogomips	: 4800.35
TLB size	: 1024 4K pages
clflush size	: 64
cache_alignment	: 64
address sizes	: 40 bits physical, 48 bits virtual
power management:

processor	: 9
vendor_id	: AuthenticAMD
cpu family	: 16
model		: 9
model name	: AMD Opteron(tm) Processor 6136
stepping	: 1
microcode	: 0x1000065
cpu MHz		: 2400.178
cache size	: 512 KB
physical id	: 9
siblings	: 1
core id		: 0
cpu cores	: 1
apicid		: 9
initial apicid	: 9
fpu		: yes
fpu_exception	: yes
cpuid level	: 5
wp		: yes
flags		: fpu vme de pse tsc msr pae mce cx8 apic sep mtrr pge mca cmov pat pse36 clflush mmx fxsr sse sse2 syscall nx mmxext fxsr_opt pdpe1gb lm 3dnowext 3dnow rep_good nopl extd_apicid pni cx16 x2apic popcnt hypervisor lahf_lm cmp_legacy svm cr8_legacy abm sse4a misalignsse 3dnowprefetch osvw npt nrip_save vmmcall
bugs		: tlb_mmatch fxsave_leak
bogomips	: 4800.35
TLB size	: 1024 4K pages
clflush size	: 64
cache_alignment	: 64
address sizes	: 40 bits physical, 48 bits virtual
power management:

processor	: 10
vendor_id	: AuthenticAMD
cpu family	: 16
model		: 9
model name	: AMD Opteron(tm) Processor 6136
stepping	: 1
microcode	: 0x1000065
cpu MHz		: 2400.178
cache size	: 512 KB
physical id	: 10
siblings	: 1
core id		: 0
cpu cores	: 1
apicid		: 10
initial apicid	: 10
fpu		: yes
fpu_exception	: yes
cpuid level	: 5
wp		: yes
flags		: fpu vme de pse tsc msr pae mce cx8 apic sep mtrr pge mca cmov pat pse36 clflush mmx fxsr sse sse2 syscall nx mmxext fxsr_opt pdpe1gb lm 3dnowext 3dnow rep_good nopl extd_apicid pni cx16 x2apic popcnt hypervisor lahf_lm cmp_legacy svm cr8_legacy abm sse4a misalignsse 3dnowprefetch osvw npt nrip_save vmmcall
bugs		: tlb_mmatch fxsave_leak
bogomips	: 4800.35
TLB size	: 1024 4K pages
clflush size	: 64
cache_alignment	: 64
address sizes	: 40 bits physical, 48 bits virtual
power management:

processor	: 11
vendor_id	: AuthenticAMD
cpu family	: 16
model		: 9
model name	: AMD Opteron(tm) Processor 6136
stepping	: 1
microcode	: 0x1000065
cpu MHz		: 2400.178
cache size	: 512 KB
physical id	: 11
siblings	: 1
core id		: 0
cpu cores	: 1
apicid		: 11
initial apicid	: 11
fpu		: yes
fpu_exception	: yes
cpuid level	: 5
wp		: yes
flags		: fpu vme de pse tsc msr pae mce cx8 apic sep mtrr pge mca cmov pat pse36 clflush mmx fxsr sse sse2 syscall nx mmxext fxsr_opt pdpe1gb lm 3dnowext 3dnow rep_good nopl extd_apicid pni cx16 x2apic popcnt hypervisor lahf_lm cmp_legacy svm cr8_legacy abm sse4a misalignsse 3dnowprefetch osvw npt nrip_save vmmcall
bugs		: tlb_mmatch fxsave_leak
bogomips	: 4800.35
TLB size	: 1024 4K pages
clflush size	: 64
cache_alignment	: 64
address sizes	: 40 bits physical, 48 bits virtual
power management:

processor	: 12
vendor_id	: AuthenticAMD
cpu family	: 16
model		: 9
model name	: AMD Opteron(tm) Processor 6136
stepping	: 1
microcode	: 0x1000065
cpu MHz		: 2400.178
cache size	: 512 KB
physical id	: 12
siblings	: 1
core id		: 0
cpu cores	: 1
apicid		: 12
initial apicid	: 12
fpu		: yes
fpu_exception	: yes
cpuid level	: 5
wp		: yes
flags		: fpu vme de pse tsc msr pae mce cx8 apic sep mtrr pge mca cmov pat pse36 clflush mmx fxsr sse sse2 syscall nx mmxext fxsr_opt pdpe1gb lm 3dnowext 3dnow rep_good nopl extd_apicid pni cx16 x2apic popcnt hypervisor lahf_lm cmp_legacy svm cr8_legacy abm sse4a misalignsse 3dnowprefetch osvw npt nrip_save vmmcall
bugs		: tlb_mmatch fxsave_leak
bogomips	: 4800.35
TLB size	: 1024 4K pages
clflush size	: 64
cache_alignment	: 64
address sizes	: 40 bits physical, 48 bits virtual
power management:

processor	: 13
vendor_id	: AuthenticAMD
cpu family	: 16
model		: 9
model name	: AMD Opteron(tm) Processor 6136
stepping	: 1
microcode	: 0x1000065
cpu MHz		: 2400.178
cache size	: 512 KB
physical id	: 13
siblings	: 1
core id		: 0
cpu cores	: 1
apicid		: 13
initial apicid	: 13
fpu		: yes
fpu_exception	: yes
cpuid level	: 5
wp		: yes
flags		: fpu vme de pse tsc msr pae mce cx8 apic sep mtrr pge mca cmov pat pse36 clflush mmx fxsr sse sse2 syscall nx mmxext fxsr_opt pdpe1gb lm 3dnowext 3dnow rep_good nopl extd_apicid pni cx16 x2apic popcnt hypervisor lahf_lm cmp_legacy svm cr8_legacy abm sse4a misalignsse 3dnowprefetch osvw npt nrip_save vmmcall
bugs		: tlb_mmatch fxsave_leak
bogomips	: 4800.35
TLB size	: 1024 4K pages
clflush size	: 64
cache_alignment	: 64
address sizes	: 40 bits physical, 48 bits virtual
power management:

processor	: 14
vendor_id	: AuthenticAMD
cpu family	: 16
model		: 9
model name	: AMD Opteron(tm) Processor 6136
stepping	: 1
microcode	: 0x1000065
cpu MHz		: 2400.178
cache size	: 512 KB
physical id	: 14
siblings	: 1
core id		: 0
cpu cores	: 1
apicid		: 14
initial apicid	: 14
fpu		: yes
fpu_exception	: yes
cpuid level	: 5
wp		: yes
flags		: fpu vme de pse tsc msr pae mce cx8 apic sep mtrr pge mca cmov pat pse36 clflush mmx fxsr sse sse2 syscall nx mmxext fxsr_opt pdpe1gb lm 3dnowext 3dnow rep_good nopl extd_apicid pni cx16 x2apic popcnt hypervisor lahf_lm cmp_legacy svm cr8_legacy abm sse4a misalignsse 3dnowprefetch osvw npt nrip_save vmmcall
bugs		: tlb_mmatch fxsave_leak
bogomips	: 4800.35
TLB size	: 1024 4K pages
clflush size	: 64
cache_alignment	: 64
address sizes	: 40 bits physical, 48 bits virtual
power management:

processor	: 15
vendor_id	: AuthenticAMD
cpu family	: 16
model		: 9
model name	: AMD Opteron(tm) Processor 6136
stepping	: 1
microcode	: 0x1000065
cpu MHz		: 2400.178
cache size	: 512 KB
physical id	: 15
siblings	: 1
core id		: 0
cpu cores	: 1
apicid		: 15
initial apicid	: 15
fpu		: yes
fpu_exception	: yes
cpuid level	: 5
wp		: yes
flags		: fpu vme de pse tsc msr pae mce cx8 apic sep mtrr pge mca cmov pat pse36 clflush mmx fxsr sse sse2 syscall nx mmxext fxsr_opt pdpe1gb lm 3dnowext 3dnow rep_good nopl extd_apicid pni cx16 x2apic popcnt hypervisor lahf_lm cmp_legacy svm cr8_legacy abm sse4a misalignsse 3dnowprefetch osvw npt nrip_save vmmcall
bugs		: tlb_mmatch fxsave_leak
bogomips	: 4800.35
TLB size	: 1024 4K pages
clflush size	: 64
cache_alignment	: 64
address sizes	: 40 bits physical, 48 bits virtual
power management:

processor	: 16
vendor_id	: AuthenticAMD
cpu family	: 16
model		: 9
model name	: AMD Opteron(tm) Processor 6136
stepping	: 1
microcode	: 0x1000065
cpu MHz		: 2400.178
cache size	: 512 KB
physical id	: 16
siblings	: 1
core id		: 0
cpu cores	: 1
apicid		: 16
initial apicid	: 16
fpu		: yes
fpu_exception	: yes
cpuid level	: 5
wp		: yes
flags		: fpu vme de pse tsc msr pae mce cx8 apic sep mtrr pge mca cmov pat pse36 clflush mmx fxsr sse sse2 syscall nx mmxext fxsr_opt pdpe1gb lm 3dnowext 3dnow rep_good nopl extd_apicid pni cx16 x2apic popcnt hypervisor lahf_lm cmp_legacy svm cr8_legacy abm sse4a misalignsse 3dnowprefetch osvw npt nrip_save vmmcall
bugs		: tlb_mmatch fxsave_leak
bogomips	: 4800.35
TLB size	: 1024 4K pages
clflush size	: 64
cache_alignment	: 64
address sizes	: 40 bits physical, 48 bits virtual
power management:

processor	: 17
vendor_id	: AuthenticAMD
cpu family	: 16
model		: 9
model name	: AMD Opteron(tm) Processor 6136
stepping	: 1
microcode	: 0x1000065
cpu MHz		: 2400.178
cache size	: 512 KB
physical id	: 17
siblings	: 1
core id		: 0
cpu cores	: 1
apicid		: 17
initial apicid	: 17
fpu		: yes
fpu_exception	: yes
cpuid level	: 5
wp		: yes
flags		: fpu vme de pse tsc msr pae mce cx8 apic sep mtrr pge mca cmov pat pse36 clflush mmx fxsr sse sse2 syscall nx mmxext fxsr_opt pdpe1gb lm 3dnowext 3dnow rep_good nopl extd_apicid pni cx16 x2apic popcnt hypervisor lahf_lm cmp_legacy svm cr8_legacy abm sse4a misalignsse 3dnowprefetch osvw npt nrip_save vmmcall
bugs		: tlb_mmatch fxsave_leak
bogomips	: 4800.35
TLB size	: 1024 4K pages
clflush size	: 64
cache_alignment	: 64
address sizes	: 40 bits physical, 48 bits virtual
power management:

processor	: 18
vendor_id	: AuthenticAMD
cpu family	: 16
model		: 9
model name	: AMD Opteron(tm) Processor 6136
stepping	: 1
microcode	: 0x1000065
cpu MHz		: 2400.178
cache size	: 512 KB
physical id	: 18
siblings	: 1
core id		: 0
cpu cores	: 1
apicid		: 18
initial apicid	: 18
fpu		: yes
fpu_exception	: yes
cpuid level	: 5
wp		: yes
flags		: fpu vme de pse tsc msr pae mce cx8 apic sep mtrr pge mca cmov pat pse36 clflush mmx fxsr sse sse2 syscall nx mmxext fxsr_opt pdpe1gb lm 3dnowext 3dnow rep_good nopl extd_apicid pni cx16 x2apic popcnt hypervisor lahf_lm cmp_legacy svm cr8_legacy abm sse4a misalignsse 3dnowprefetch osvw npt nrip_save vmmcall
bugs		: tlb_mmatch fxsave_leak
bogomips	: 4800.35
TLB size	: 1024 4K pages
clflush size	: 64
cache_alignment	: 64
address sizes	: 40 bits physical, 48 bits virtual
power management:

processor	: 19
vendor_id	: AuthenticAMD
cpu family	: 16
model		: 9
model name	: AMD Opteron(tm) Processor 6136
stepping	: 1
microcode	: 0x1000065
cpu MHz		: 2400.178
cache size	: 512 KB
physical id	: 19
siblings	: 1
core id		: 0
cpu cores	: 1
apicid		: 19
initial apicid	: 19
fpu		: yes
fpu_exception	: yes
cpuid level	: 5
wp		: yes
flags		: fpu vme de pse tsc msr pae mce cx8 apic sep mtrr pge mca cmov pat pse36 clflush mmx fxsr sse sse2 syscall nx mmxext fxsr_opt pdpe1gb lm 3dnowext 3dnow rep_good nopl extd_apicid pni cx16 x2apic popcnt hypervisor lahf_lm cmp_legacy svm cr8_legacy abm sse4a misalignsse 3dnowprefetch osvw npt nrip_save vmmcall
bugs		: tlb_mmatch fxsave_leak
bogomips	: 4800.35
TLB size	: 1024 4K pages
clflush size	: 64
cache_alignment	: 64
address sizes	: 40 bits physical, 48 bits virtual
power management:

processor	: 20
vendor_id	: AuthenticAMD
cpu family	: 16
model		: 9
model name	: AMD Opteron(tm) Processor 6136
stepping	: 1
microcode	: 0x1000065
cpu MHz		: 2400.178
cache size	: 512 KB
physical id	: 20
siblings	: 1
core id		: 0
cpu cores	: 1
apicid		: 20
initial apicid	: 20
fpu		: yes
fpu_exception	: yes
cpuid level	: 5
wp		: yes
flags		: fpu vme de pse tsc msr pae mce cx8 apic sep mtrr pge mca cmov pat pse36 clflush mmx fxsr sse sse2 syscall nx mmxext fxsr_opt pdpe1gb lm 3dnowext 3dnow rep_good nopl extd_apicid pni cx16 x2apic popcnt hypervisor lahf_lm cmp_legacy svm cr8_legacy abm sse4a misalignsse 3dnowprefetch osvw npt nrip_save vmmcall
bugs		: tlb_mmatch fxsave_leak
bogomips	: 4800.35
TLB size	: 1024 4K pages
clflush size	: 64
cache_alignment	: 64
address sizes	: 40 bits physical, 48 bits virtual
power management:

processor	: 21
vendor_id	: AuthenticAMD
cpu family	: 16
model		: 9
model name	: AMD Opteron(tm) Processor 6136
stepping	: 1
microcode	: 0x1000065
cpu MHz		: 2400.178
cache size	: 512 KB
physical id	: 21
siblings	: 1
core id		: 0
cpu cores	: 1
apicid		: 21
initial apicid	: 21
fpu		: yes
fpu_exception	: yes
cpuid level	: 5
wp		: yes
flags		: fpu vme de pse tsc msr pae mce cx8 apic sep mtrr pge mca cmov pat pse36 clflush mmx fxsr sse sse2 syscall nx mmxext fxsr_opt pdpe1gb lm 3dnowext 3dnow rep_good nopl extd_apicid pni cx16 x2apic popcnt hypervisor lahf_lm cmp_legacy svm cr8_legacy abm sse4a misalignsse 3dnowprefetch osvw npt nrip_save vmmcall
bugs		: tlb_mmatch fxsave_leak
bogomips	: 4800.35
TLB size	: 1024 4K pages
clflush size	: 64
cache_alignment	: 64
address sizes	: 40 bits physical, 48 bits virtual
power management:

processor	: 22
vendor_id	: AuthenticAMD
cpu family	: 16
model		: 9
model name	: AMD Opteron(tm) Processor 6136
stepping	: 1
microcode	: 0x1000065
cpu MHz		: 2400.178
cache size	: 512 KB
physical id	: 22
siblings	: 1
core id		: 0
cpu cores	: 1
apicid		: 22
initial apicid	: 22
fpu		: yes
fpu_exception	: yes
cpuid level	: 5
wp		: yes
flags		: fpu vme de pse tsc msr pae mce cx8 apic sep mtrr pge mca cmov pat pse36 clflush mmx fxsr sse sse2 syscall nx mmxext fxsr_opt pdpe1gb lm 3dnowext 3dnow rep_good nopl extd_apicid pni cx16 x2apic popcnt hypervisor lahf_lm cmp_legacy svm cr8_legacy abm sse4a misalignsse 3dnowprefetch osvw npt nrip_save vmmcall
bugs		: tlb_mmatch fxsave_leak
bogomips	: 4800.35
TLB size	: 1024 4K pages
clflush size	: 64
cache_alignment	: 64
address sizes	: 40 bits physical, 48 bits virtual
power management:

processor	: 23
vendor_id	: AuthenticAMD
cpu family	: 16
model		: 9
model name	: AMD Opteron(tm) Processor 6136
stepping	: 1
microcode	: 0x1000065
cpu MHz		: 2400.178
cache size	: 512 KB
physical id	: 23
siblings	: 1
core id		: 0
cpu cores	: 1
apicid		: 23
initial apicid	: 23
fpu		: yes
fpu_exception	: yes
cpuid level	: 5
wp		: yes
flags		: fpu vme de pse tsc msr pae mce cx8 apic sep mtrr pge mca cmov pat pse36 clflush mmx fxsr sse sse2 syscall nx mmxext fxsr_opt pdpe1gb lm 3dnowext 3dnow rep_good nopl extd_apicid pni cx16 x2apic popcnt hypervisor lahf_lm cmp_legacy svm cr8_legacy abm sse4a misalignsse 3dnowprefetch osvw npt nrip_save vmmcall
bugs		: tlb_mmatch fxsave_leak
bogomips	: 4800.35
TLB size	: 1024 4K pages
clflush size	: 64
cache_alignment	: 64
address sizes	: 40 bits physical, 48 bits virtual
power management:

processor	: 24
vendor_id	: AuthenticAMD
cpu family	: 16
model		: 9
model name	: AMD Opteron(tm) Processor 6136
stepping	: 1
microcode	: 0x1000065
cpu MHz		: 2400.178
cache size	: 512 KB
physical id	: 24
siblings	: 1
core id		: 0
cpu cores	: 1
apicid		: 24
initial apicid	: 24
fpu		: yes
fpu_exception	: yes
cpuid level	: 5
wp		: yes
flags		: fpu vme de pse tsc msr pae mce cx8 apic sep mtrr pge mca cmov pat pse36 clflush mmx fxsr sse sse2 syscall nx mmxext fxsr_opt pdpe1gb lm 3dnowext 3dnow rep_good nopl extd_apicid pni cx16 x2apic popcnt hypervisor lahf_lm cmp_legacy svm cr8_legacy abm sse4a misalignsse 3dnowprefetch osvw npt nrip_save vmmcall
bugs		: tlb_mmatch fxsave_leak
bogomips	: 4800.35
TLB size	: 1024 4K pages
clflush size	: 64
cache_alignment	: 64
address sizes	: 40 bits physical, 48 bits virtual
power management:

processor	: 25
vendor_id	: AuthenticAMD
cpu family	: 16
model		: 9
model name	: AMD Opteron(tm) Processor 6136
stepping	: 1
microcode	: 0x1000065
cpu MHz		: 2400.178
cache size	: 512 KB
physical id	: 25
siblings	: 1
core id		: 0
cpu cores	: 1
apicid		: 25
initial apicid	: 25
fpu		: yes
fpu_exception	: yes
cpuid level	: 5
wp		: yes
flags		: fpu vme de pse tsc msr pae mce cx8 apic sep mtrr pge mca cmov pat pse36 clflush mmx fxsr sse sse2 syscall nx mmxext fxsr_opt pdpe1gb lm 3dnowext 3dnow rep_good nopl extd_apicid pni cx16 x2apic popcnt hypervisor lahf_lm cmp_legacy svm cr8_legacy abm sse4a misalignsse 3dnowprefetch osvw npt nrip_save vmmcall
bugs		: tlb_mmatch fxsave_leak
bogomips	: 4800.35
TLB size	: 1024 4K pages
clflush size	: 64
cache_alignment	: 64
address sizes	: 40 bits physical, 48 bits virtual
power management:

processor	: 26
vendor_id	: AuthenticAMD
cpu family	: 16
model		: 9
model name	: AMD Opteron(tm) Processor 6136
stepping	: 1
microcode	: 0x1000065
cpu MHz		: 2400.178
cache size	: 512 KB
physical id	: 26
siblings	: 1
core id		: 0
cpu cores	: 1
apicid		: 26
initial apicid	: 26
fpu		: yes
fpu_exception	: yes
cpuid level	: 5
wp		: yes
flags		: fpu vme de pse tsc msr pae mce cx8 apic sep mtrr pge mca cmov pat pse36 clflush mmx fxsr sse sse2 syscall nx mmxext fxsr_opt pdpe1gb lm 3dnowext 3dnow rep_good nopl extd_apicid pni cx16 x2apic popcnt hypervisor lahf_lm cmp_legacy svm cr8_legacy abm sse4a misalignsse 3dnowprefetch osvw npt nrip_save vmmcall
bugs		: tlb_mmatch fxsave_leak
bogomips	: 4800.35
TLB size	: 1024 4K pages
clflush size	: 64
cache_alignment	: 64
address sizes	: 40 bits physical, 48 bits virtual
power management:

processor	: 27
vendor_id	: AuthenticAMD
cpu family	: 16
model		: 9
model name	: AMD Opteron(tm) Processor 6136
stepping	: 1
microcode	: 0x1000065
cpu MHz		: 2400.178
cache size	: 512 KB
physical id	: 27
siblings	: 1
core id		: 0
cpu cores	: 1
apicid		: 27
initial apicid	: 27
fpu		: yes
fpu_exception	: yes
cpuid level	: 5
wp		: yes
flags		: fpu vme de pse tsc msr pae mce cx8 apic sep mtrr pge mca cmov pat pse36 clflush mmx fxsr sse sse2 syscall nx mmxext fxsr_opt pdpe1gb lm 3dnowext 3dnow rep_good nopl extd_apicid pni cx16 x2apic popcnt hypervisor lahf_lm cmp_legacy svm cr8_legacy abm sse4a misalignsse 3dnowprefetch osvw npt nrip_save vmmcall
bugs		: tlb_mmatch fxsave_leak
bogomips	: 4800.35
TLB size	: 1024 4K pages
clflush size	: 64
cache_alignment	: 64
address sizes	: 40 bits physical, 48 bits virtual
power management:

processor	: 28
vendor_id	: AuthenticAMD
cpu family	: 16
model		: 9
model name	: AMD Opteron(tm) Processor 6136
stepping	: 1
microcode	: 0x1000065
cpu MHz		: 2400.178
cache size	: 512 KB
physical id	: 28
siblings	: 1
core id		: 0
cpu cores	: 1
apicid		: 28
initial apicid	: 28
fpu		: yes
fpu_exception	: yes
cpuid level	: 5
wp		: yes
flags		: fpu vme de pse tsc msr pae mce cx8 apic sep mtrr pge mca cmov pat pse36 clflush mmx fxsr sse sse2 syscall nx mmxext fxsr_opt pdpe1gb lm 3dnowext 3dnow rep_good nopl extd_apicid pni cx16 x2apic popcnt hypervisor lahf_lm cmp_legacy svm cr8_legacy abm sse4a misalignsse 3dnowprefetch osvw npt nrip_save vmmcall
bugs		: tlb_mmatch fxsave_leak
bogomips	: 4800.35
TLB size	: 1024 4K pages
clflush size	: 64
cache_alignment	: 64
address sizes	: 40 bits physical, 48 bits virtual
power management:

processor	: 29
vendor_id	: AuthenticAMD
cpu family	: 16
model		: 9
model name	: AMD Opteron(tm) Processor 6136
stepping	: 1
microcode	: 0x1000065
cpu MHz		: 2400.178
cache size	: 512 KB
physical id	: 29
siblings	: 1
core id		: 0
cpu cores	: 1
apicid		: 29
initial apicid	: 29
fpu		: yes
fpu_exception	: yes
cpuid level	: 5
wp		: yes
flags		: fpu vme de pse tsc msr pae mce cx8 apic sep mtrr pge mca cmov pat pse36 clflush mmx fxsr sse sse2 syscall nx mmxext fxsr_opt pdpe1gb lm 3dnowext 3dnow rep_good nopl extd_apicid pni cx16 x2apic popcnt hypervisor lahf_lm cmp_legacy svm cr8_legacy abm sse4a misalignsse 3dnowprefetch osvw npt nrip_save vmmcall
bugs		: tlb_mmatch fxsave_leak
bogomips	: 4800.35
TLB size	: 1024 4K pages
clflush size	: 64
cache_alignment	: 64
address sizes	: 40 bits physical, 48 bits virtual
power management:

processor	: 30
vendor_id	: AuthenticAMD
cpu family	: 16
model		: 9
model name	: AMD Opteron(tm) Processor 6136
stepping	: 1
microcode	: 0x1000065
cpu MHz		: 2400.178
cache size	: 512 KB
physical id	: 30
siblings	: 1
core id		: 0
cpu cores	: 1
apicid		: 30
initial apicid	: 30
fpu		: yes
fpu_exception	: yes
cpuid level	: 5
wp		: yes
flags		: fpu vme de pse tsc msr pae mce cx8 apic sep mtrr pge mca cmov pat pse36 clflush mmx fxsr sse sse2 syscall nx mmxext fxsr_opt pdpe1gb lm 3dnowext 3dnow rep_good nopl extd_apicid pni cx16 x2apic popcnt hypervisor lahf_lm cmp_legacy svm cr8_legacy abm sse4a misalignsse 3dnowprefetch osvw npt nrip_save vmmcall
bugs		: tlb_mmatch fxsave_leak
bogomips	: 4800.35
TLB size	: 1024 4K pages
clflush size	: 64
cache_alignment	: 64
address sizes	: 40 bits physical, 48 bits virtual
power management:

processor	: 31
vendor_id	: AuthenticAMD
cpu family	: 16
model		: 9
model name	: AMD Opteron(tm) Processor 6136
stepping	: 1
microcode	: 0x1000065
cpu MHz		: 2400.178
cache size	: 512 KB
physical id	: 31
siblings	: 1
core id		: 0
cpu cores	: 1
apicid		: 31
initial apicid	: 31
fpu		: yes
fpu_exception	: yes
cpuid level	: 5
wp		: yes
flags		: fpu vme de pse tsc msr pae mce cx8 apic sep mtrr pge mca cmov pat pse36 clflush mmx fxsr sse sse2 syscall nx mmxext fxsr_opt pdpe1gb lm 3dnowext 3dnow rep_good nopl extd_apicid pni cx16 x2apic popcnt hypervisor lahf_lm cmp_legacy svm cr8_legacy abm sse4a misalignsse 3dnowprefetch osvw npt nrip_save vmmcall
bugs		: tlb_mmatch fxsave_leak
bogomips	: 4800.35
TLB size	: 1024 4K pages
clflush size	: 64
cache_alignment	: 64
address sizes	: 40 bits physical, 48 bits virtual
power management:



Memory: 4k page, physical 127909028k(818884k free), swap 0k(0k free)

vm_info: Java HotSpot(TM) 64-Bit Server VM (25.45-b02) for linux-amd64 JRE (1.8.0_45-b14), built on Apr 10 2015 10:07:45 by "java_re" with gcc 4.3.0 20080428 (Red Hat 4.3.0-8)

time: Mon Jan 25 13:13:41 2016
elapsed time: 42236 seconds (0d 11h 43m 56s)

