Algorithm configured with: 
Pop: 1000
Aux Pop: 200
CrP: 1.0
MtP: 1.0
List of crossover: 
SinglePointCrossover
IntegerTwoPointsCrossover
MultiPointsCrossover
List of mutations: 
BitFlipMutation
LoopMoveOperator
LocalMoveOperator
SegmentMutation
OppositeMoveOperator
Execution: 1
Generation: 0; 
d: 26.570660511172846; energy: -8.0; 1,2,0,1,1,2,2,1,0,2,0,0,2,1,2,0,2,0,2,0,2,0,2,1,1,1,0,0,2,2,0,2,1,1,1,2,0,0,1,2,1,1,2,1,1,1,1,2,0,1,2,0,0,1,0,2,1,0,1,1,0,2,1,1,1,1,0,2,2,1,2,1,1,0,0,2,2,1,1,1,1,0,0,2,1,2,1,2,1,1,1,2,1,1,0,2,2
Best fitness found so far: -8.0; distance: 26.570660511172846
Generation: 1; 
d: 19.6468827043885; energy: -24.0; 1,2,2,1,1,2,1,0,1,1,1,0,1,1,0,0,1,0,0,0,2,0,1,2,1,2,2,2,1,0,2,1,0,1,0,0,2,0,1,2,2,1,0,2,1,0,0,1,1,0,2,0,1,2,1,0,1,2,1,2,0,1,2,2,0,0,1,2,2,2,2,2,2,0,2,2,1,0,1,0,0,1,0,0,1,0,1,2,2,2,0,0,2,2,2,2,0
Best fitness found so far: -24.0; distance: 19.6468827043885
Generation: 2; 
d: 22.20360331117452; energy: -23.0; 1,0,0,1,0,2,1,1,0,0,2,2,1,1,0,2,1,0,0,2,1,1,2,2,1,2,1,2,2,0,0,1,2,0,2,0,2,1,2,2,1,2,0,0,2,0,2,2,0,0,1,1,0,0,1,2,0,0,1,2,1,0,0,0,1,0,1,0,2,2,1,2,0,1,2,1,0,2,0,1,1,0,1,1,0,0,1,2,2,1,0,2,1,0,1,0,0
Best fitness found so far: -24.0; distance: 19.6468827043885
Generation: 3; 
d: 20.615528128088304; energy: -22.0; 2,1,0,0,1,2,0,2,0,1,0,1,2,0,0,1,0,2,2,1,2,0,0,1,2,0,2,1,0,1,2,2,0,1,2,1,1,1,1,2,1,1,2,2,1,0,0,1,0,1,1,0,2,1,2,0,2,2,1,1,1,1,0,0,1,1,2,1,0,2,2,1,0,2,2,0,2,0,1,0,2,2,0,0,2,2,1,1,0,0,1,2,1,0,2,0,1
Best fitness found so far: -24.0; distance: 19.6468827043885
Generation: 4; 
d: 24.041630560342615; energy: -24.0; 1,1,2,0,2,0,1,1,0,1,1,2,2,0,2,1,2,1,1,1,2,0,0,2,2,0,0,0,1,1,2,2,0,1,1,0,1,0,0,1,2,0,0,0,1,0,0,0,1,2,2,2,0,2,1,2,2,0,2,2,0,1,1,1,2,1,2,1,0,1,2,2,1,0,0,0,1,0,2,1,1,1,2,2,2,2,2,0,2,1,0,1,0,0,0,2,2
Best fitness found so far: -24.0; distance: 19.6468827043885
Generation: 5; 
d: 17.72004514666935; energy: -23.0; 2,1,1,0,1,1,0,0,2,2,0,2,0,2,1,0,1,1,1,1,2,2,1,0,2,0,2,0,1,2,0,2,0,0,1,0,1,2,2,0,1,2,0,0,2,0,0,2,1,2,0,0,1,0,2,1,1,2,2,0,0,1,0,2,1,1,2,2,0,1,1,1,2,2,0,1,2,1,1,1,2,0,0,1,2,2,1,0,2,0,1,0,1,0,1,2,1
Best fitness found so far: -24.0; distance: 19.6468827043885
Generation: 6; 
d: 19.79898987322333; energy: -26.0; 1,1,2,1,0,0,2,0,1,1,2,1,0,1,1,2,1,0,0,0,1,0,2,1,2,1,2,1,1,0,0,2,0,2,2,2,2,1,2,2,0,0,1,0,0,2,2,0,1,2,2,1,2,2,0,1,1,0,2,1,0,2,0,0,2,1,1,2,0,0,1,0,1,1,0,2,0,0,2,2,0,1,0,1,0,1,1,2,2,2,1,1,0,1,2,1,2
Best fitness found so far: -26.0; distance: 19.79898987322333
Generation: 7; 
d: 22.47220505424423; energy: -24.0; 1,2,2,1,1,2,1,0,1,1,1,0,1,1,0,0,1,0,0,0,2,0,1,2,1,2,2,2,1,0,2,1,0,1,0,0,2,0,1,2,2,1,0,2,1,0,0,1,1,0,0,0,0,2,2,1,1,1,1,0,2,0,2,2,2,2,0,1,0,1,0,1,2,2,0,0,1,0,1,0,0,1,0,0,1,0,1,2,2,2,0,0,2,2,2,2,0
Best fitness found so far: -26.0; distance: 19.79898987322333
Generation: 8; 
d: 24.73863375370596; energy: -26.0; 0,2,0,0,0,1,2,0,0,2,1,2,2,2,2,0,2,2,1,2,0,0,2,2,0,0,0,2,2,2,1,2,0,0,2,0,0,1,1,2,2,0,0,2,2,1,2,1,0,0,0,2,2,2,0,2,1,2,2,1,2,2,2,1,0,1,0,0,1,1,0,2,2,2,1,0,2,0,0,2,2,0,2,2,2,2,2,1,1,2,0,2,1,1,2,2,1
Best fitness found so far: -26.0; distance: 19.79898987322333
Generation: 9; 
d: 21.587033144922902; energy: -25.0; 1,2,1,2,0,1,2,1,1,0,1,0,1,1,0,2,2,1,2,2,2,0,0,2,2,2,1,1,1,0,0,2,1,2,1,2,1,1,2,0,2,1,2,2,0,2,1,1,0,0,2,2,0,0,1,1,0,0,0,2,2,0,0,2,1,2,2,1,0,0,1,0,2,0,0,0,2,0,0,1,1,1,0,1,0,0,1,2,1,0,1,1,0,2,0,0,0
Best fitness found so far: -26.0; distance: 19.79898987322333
Generation: 10; 
d: 25.179356624028344; energy: -26.0; 0,2,0,0,0,1,2,0,0,2,1,2,2,2,2,0,2,2,1,2,0,0,2,2,0,0,0,2,2,2,1,2,0,0,2,0,0,1,1,2,2,0,0,2,2,1,2,1,0,0,0,2,2,2,0,2,1,2,2,1,2,2,2,1,0,1,0,0,1,1,0,2,2,2,1,0,2,0,0,2,2,0,2,2,2,2,2,1,1,2,0,0,1,2,0,0,1
Best fitness found so far: -26.0; distance: 19.79898987322333
Generation: 11; 
d: 18.788294228055936; energy: -28.0; 0,1,0,2,2,1,1,1,0,2,0,0,1,0,2,1,1,1,0,2,2,1,2,0,0,1,1,1,1,1,2,1,0,0,1,1,0,1,0,0,0,1,1,0,0,0,1,1,2,2,0,0,0,2,2,1,1,1,1,0,2,0,2,2,2,2,0,1,0,1,0,1,2,2,0,0,1,0,1,0,0,2,0,0,1,0,2,1,0,1,2,1,1,0,2,1,2
Best fitness found so far: -28.0; distance: 18.788294228055936
Generation: 12; 
d: 20.8806130178211; energy: -27.0; 0,1,0,2,2,1,1,1,1,0,1,0,1,1,0,2,2,1,2,2,2,0,0,2,2,2,1,1,1,0,0,2,1,2,1,2,1,1,2,0,2,1,2,2,0,2,1,1,0,0,2,2,0,0,1,1,0,0,0,2,2,0,0,2,1,2,2,1,0,0,1,0,2,0,0,0,2,0,0,1,1,1,0,1,0,0,1,2,1,0,1,1,0,0,1,2,0
Best fitness found so far: -28.0; distance: 18.788294228055936
Generation: 13; 
d: 20.248456731316587; energy: -25.0; 1,0,2,2,2,2,0,1,0,0,0,0,2,1,0,1,0,2,2,1,2,0,0,1,2,0,2,1,0,1,2,2,0,1,2,1,1,1,1,2,1,1,2,2,1,0,0,1,0,1,1,0,2,1,2,0,2,2,1,1,1,0,1,2,0,0,1,0,1,2,2,0,0,1,0,2,1,0,2,2,1,0,1,0,2,0,1,2,0,0,2,2,0,2,1,0,1
Best fitness found so far: -28.0; distance: 18.788294228055936
Generation: 14; 
d: 19.849433241279208; energy: -29.0; 2,1,0,0,1,1,1,0,0,1,0,1,1,2,1,1,0,2,2,0,0,1,2,2,1,2,1,0,2,1,0,0,2,0,0,0,2,0,1,1,0,2,0,0,0,2,1,1,2,2,0,0,0,2,2,1,1,1,1,0,2,0,2,2,2,2,0,1,0,1,0,1,2,2,0,0,1,0,1,2,0,1,0,0,2,0,2,0,2,1,0,1,0,2,1,0,0
Best fitness found so far: -29.0; distance: 19.849433241279208
Generation: 15; 
d: 17.72004514666935; energy: -31.0; 1,0,1,2,2,0,1,2,0,2,2,1,2,0,1,0,0,1,1,0,2,2,2,0,2,0,2,1,2,2,2,2,1,1,2,2,1,0,1,2,0,0,2,2,0,1,0,0,2,1,1,2,1,2,2,0,0,2,1,1,2,1,1,1,1,2,1,1,1,1,2,0,2,0,0,0,2,0,0,2,2,0,2,2,2,2,2,1,1,2,0,2,0,0,1,1,0
Best fitness found so far: -31.0; distance: 17.72004514666935
Generation: 16; 
d: 18.439088914585774; energy: -29.0; 0,1,0,2,2,1,1,1,0,2,0,0,1,0,2,1,1,1,0,2,2,1,2,0,0,1,1,1,1,1,2,1,0,0,1,1,0,1,0,0,0,1,1,0,0,0,1,1,2,2,0,0,0,2,2,1,1,1,1,0,2,0,2,2,2,2,0,1,0,1,0,1,2,1,1,0,0,1,1,1,1,1,2,2,0,2,2,0,1,1,0,2,1,2,2,0,0
Best fitness found so far: -31.0; distance: 17.72004514666935
Generation: 17; 
d: 15.652475842498529; energy: -29.0; 0,1,0,2,2,1,1,1,0,2,0,0,1,0,2,1,1,1,0,2,2,1,2,0,0,1,1,1,1,1,2,1,0,0,1,1,0,1,0,0,0,1,1,0,0,0,1,1,2,2,0,0,0,2,2,1,1,1,1,0,2,0,2,2,2,2,0,1,0,1,0,1,2,2,0,0,1,0,1,0,0,2,0,0,1,0,2,1,0,1,2,1,2,2,1,2,2
Best fitness found so far: -31.0; distance: 17.72004514666935
Generation: 18; 
d: 16.97056274847714; energy: -29.0; 1,2,2,2,1,0,2,2,1,1,0,2,0,0,0,1,0,2,2,2,0,0,2,2,2,0,0,2,0,2,2,1,2,1,0,2,2,0,2,2,0,2,1,1,2,1,2,0,0,1,0,2,1,2,2,1,2,0,0,1,0,2,2,2,0,1,1,0,2,0,2,1,0,0,0,0,1,0,0,0,1,0,2,0,1,2,0,1,1,2,1,2,1,1,2,2,0
Best fitness found so far: -31.0; distance: 17.72004514666935
Generation: 19; 
d: 15.264337522473747; energy: -30.0; 0,1,0,2,2,1,1,1,0,2,0,0,1,0,2,1,1,1,0,2,2,1,2,0,0,1,1,1,1,1,2,1,0,0,1,1,0,1,0,0,0,1,1,0,0,0,1,1,2,2,0,0,0,2,2,1,1,1,1,0,2,0,2,2,2,2,0,1,0,1,0,1,2,2,0,0,1,0,1,0,0,2,0,0,1,0,2,0,2,1,0,1,0,0,1,0,1
Best fitness found so far: -31.0; distance: 17.72004514666935
Generation: 20; 
d: 16.76305461424021; energy: -31.0; 0,2,0,0,0,1,2,0,0,2,1,2,2,2,2,0,2,2,1,2,0,0,2,2,0,0,0,2,2,2,1,2,0,0,2,1,0,1,1,2,2,0,0,0,0,0,2,0,0,0,1,0,0,0,1,0,1,2,2,0,2,2,2,1,0,2,0,2,0,1,0,2,2,2,1,0,2,0,0,2,2,0,2,2,2,2,2,0,2,2,1,2,1,1,0,0,2
Best fitness found so far: -31.0; distance: 17.72004514666935
Generation: 21; 
d: 15.264337522473747; energy: -29.0; 0,1,0,2,2,1,1,1,0,2,0,0,1,0,2,1,1,1,0,2,2,1,2,0,0,1,1,1,1,1,2,1,0,0,1,1,0,1,0,0,0,1,1,0,0,0,1,1,2,2,0,0,0,2,2,1,1,1,1,0,2,0,2,2,2,2,0,1,0,1,0,1,2,2,0,0,1,0,1,0,0,2,0,0,1,0,2,1,2,1,1,2,1,1,2,2,2
Best fitness found so far: -31.0; distance: 17.72004514666935
Generation: 22; 
d: 18.35755975068582; energy: -30.0; 0,0,0,2,0,1,0,0,0,1,1,2,2,0,2,1,2,1,1,1,2,0,0,2,2,0,0,0,1,1,2,2,0,1,1,0,1,0,0,1,2,0,0,0,1,0,0,0,1,2,2,2,0,2,1,2,2,0,2,2,0,1,1,1,2,1,2,1,0,1,2,2,0,2,0,2,0,0,2,2,2,1,2,0,0,2,2,2,0,2,2,1,1,1,2,1,0
Best fitness found so far: -31.0; distance: 17.72004514666935
Generation: 23; 
d: 16.76305461424021; energy: -29.0; 0,2,0,0,0,1,2,0,0,2,1,2,2,2,2,0,2,2,1,2,0,0,2,2,0,0,0,2,2,2,1,2,1,0,0,0,1,2,1,1,1,2,2,1,1,2,1,1,0,2,2,1,1,0,1,0,0,2,2,2,0,0,0,0,0,2,2,2,2,2,2,2,2,2,1,0,2,0,0,2,2,0,2,2,2,2,2,1,1,2,0,0,2,2,0,1,2
Best fitness found so far: -31.0; distance: 17.72004514666935
Generation: 24; 
d: 15.264337522473747; energy: -29.0; 0,1,0,2,2,1,1,1,0,2,0,0,1,0,2,1,1,1,0,2,2,1,2,0,0,1,1,1,1,1,2,1,0,0,1,1,0,1,0,0,0,1,1,0,0,0,1,1,2,2,0,0,0,2,2,1,1,1,1,0,2,0,2,2,2,2,0,1,0,1,0,1,2,2,0,0,1,0,1,0,0,2,0,0,1,0,2,1,2,1,1,2,1,1,2,2,2
Best fitness found so far: -31.0; distance: 17.72004514666935
