Algorithm configured with: 
Pop: 1000
Aux Pop: 200
CrP: 1.0
MtP: 1.0
List of crossover: 
SinglePointCrossover
IntegerTwoPointsCrossover
MultiPointsCrossover
List of mutations: 
BitFlipMutation
LoopMoveOperator
LocalMoveOperator
SegmentMutation
OppositeMoveOperator
Execution: 1
Generation: 0; 
d: 12.649110640673518; energy: -10.0; 2,2,1,1,0,0,2,1,0,1,1,0,1,2,1,2,1,0,2,2,0,0,2,1,1,0,0,2,0,1,1,2,0,0,2,1,1,0,0,2,2,1,2,1,0,0,1,1,1,0,1,2,2,1,1,1,2,2
Best fitness found so far: -10.0; distance: 12.649110640673518
Generation: 1; 
d: 13.601470508735444; energy: -22.0; 1,0,2,2,0,0,2,0,0,2,0,2,1,1,2,1,2,2,1,1,2,2,2,1,1,1,0,2,0,1,0,0,0,0,1,1,1,2,2,0,2,1,0,0,1,0,0,2,2,2,0,2,1,1,1,2,2,2
Best fitness found so far: -22.0; distance: 13.601470508735444
Generation: 2; 
d: 11.40175425099138; energy: -20.0; 1,1,0,0,1,2,1,2,2,0,1,0,2,2,0,2,2,0,0,2,2,2,2,0,0,1,0,2,1,1,0,2,0,0,1,0,1,1,1,2,1,1,2,2,0,0,0,0,0,2,0,1,1,2,0,1,0,2
Best fitness found so far: -22.0; distance: 13.601470508735444
Generation: 3; 
d: 11.40175425099138; energy: -23.0; 2,1,0,1,0,0,0,2,0,0,0,1,0,2,2,2,2,2,2,0,0,0,1,0,2,2,0,0,2,2,0,2,1,2,2,1,1,2,2,1,0,0,1,2,2,2,2,2,0,0,1,1,2,2,1,0,0,2
Best fitness found so far: -23.0; distance: 11.40175425099138
Generation: 4; 
d: 9.848857801796104; energy: -23.0; 0,2,1,0,2,2,1,0,0,0,2,2,1,0,2,2,1,1,1,0,0,0,1,0,2,2,0,0,2,2,0,2,1,2,2,1,1,2,2,1,0,0,1,2,2,2,2,2,0,0,1,1,2,2,1,0,0,1
Best fitness found so far: -23.0; distance: 11.40175425099138
Generation: 5; 
d: 9.848857801796104; energy: -23.0; 2,0,0,2,2,1,2,1,0,0,1,1,2,2,2,2,1,2,0,1,2,2,1,1,1,0,1,0,1,1,0,0,0,2,2,1,1,0,0,1,2,0,1,2,0,2,2,1,0,0,1,0,0,2,0,1,2,1
Best fitness found so far: -23.0; distance: 11.40175425099138
Generation: 6; 
d: 10.295630140987; energy: -26.0; 1,2,2,2,0,1,0,1,2,2,1,0,2,2,0,2,2,0,0,2,2,2,2,0,0,1,0,2,1,1,0,2,0,0,1,0,1,1,1,2,1,1,2,2,0,0,0,1,2,1,0,1,0,0,2,0,2,0
Best fitness found so far: -26.0; distance: 10.295630140987
Generation: 7; 
d: 12.806248474865697; energy: -23.0; 2,1,0,1,0,0,0,2,0,2,1,1,2,1,1,2,2,1,1,1,1,0,2,1,1,0,0,0,2,0,0,0,0,0,2,2,2,2,2,1,2,2,2,0,0,1,1,0,0,0,2,0,2,2,0,0,1,0
Best fitness found so far: -26.0; distance: 10.295630140987
Generation: 8; 
d: 10.44030650891055; energy: -24.0; 0,2,0,2,1,2,0,0,2,1,2,2,1,2,1,2,2,2,2,1,0,0,2,1,0,1,1,1,0,2,0,0,1,0,0,1,1,2,0,1,0,0,1,0,1,0,0,1,0,1,2,2,0,1,2,2,1,0
Best fitness found so far: -26.0; distance: 10.295630140987
Generation: 9; 
d: 11.180339887498949; energy: -24.0; 1,0,2,0,2,2,2,2,0,0,0,0,0,0,0,2,1,0,0,2,0,0,1,0,2,2,0,0,2,2,0,2,1,2,2,1,1,2,2,1,0,0,1,2,2,2,2,2,1,0,1,1,2,2,1,0,2,2
Best fitness found so far: -26.0; distance: 10.295630140987
Generation: 10; 
d: 12.649110640673518; energy: -26.0; 1,0,2,2,0,0,2,0,0,2,0,2,1,1,2,1,2,2,1,1,2,2,2,1,1,1,0,2,0,1,0,0,0,0,1,1,1,2,2,0,2,1,0,0,0,1,0,0,0,0,0,2,0,1,0,2,1,1
Best fitness found so far: -26.0; distance: 10.295630140987
Generation: 11; 
d: 11.180339887498949; energy: -26.0; 1,1,2,2,0,0,2,0,0,2,0,2,1,1,2,1,2,2,1,1,2,2,2,1,1,1,0,2,0,1,0,0,0,0,1,1,1,2,2,0,2,1,0,0,0,1,0,0,0,0,0,2,0,2,1,0,0,2
Best fitness found so far: -26.0; distance: 10.295630140987
Generation: 12; 
d: 10.198039027185569; energy: -26.0; 0,0,2,2,0,0,2,0,0,2,0,2,1,1,2,1,2,2,1,1,2,2,2,1,1,1,0,2,0,1,0,0,0,0,1,1,1,2,2,0,2,1,0,0,0,1,0,0,0,0,2,2,2,0,0,2,2,2
Best fitness found so far: -26.0; distance: 10.295630140987
Generation: 13; 
d: 9.848857801796104; energy: -26.0; 1,0,2,0,2,2,1,2,2,1,0,2,2,2,0,1,0,0,0,2,0,0,1,0,2,2,0,0,2,2,0,2,1,2,2,1,1,2,2,1,0,0,1,2,2,2,2,2,0,0,1,1,2,2,1,0,0,2
Best fitness found so far: -26.0; distance: 10.295630140987
Generation: 14; 
d: 10.63014581273465; energy: -27.0; 1,0,2,2,1,2,2,0,1,2,2,1,1,0,1,0,0,0,1,2,2,2,2,0,2,0,0,0,0,2,0,2,0,1,1,0,0,2,2,1,2,1,1,2,1,2,2,1,1,2,0,0,2,2,1,0,0,0
Best fitness found so far: -27.0; distance: 10.63014581273465
Generation: 15; 
d: 10.63014581273465; energy: -27.0; 1,0,2,2,1,2,2,0,1,2,2,1,1,0,1,0,0,0,1,2,2,2,2,0,2,0,0,0,0,2,0,2,0,1,1,0,0,2,2,1,2,1,1,2,1,2,2,1,1,2,0,0,2,2,1,0,0,2
Best fitness found so far: -27.0; distance: 10.63014581273465
Generation: 16; 
d: 10.63014581273465; energy: -27.0; 0,2,1,1,1,2,2,0,1,2,2,1,1,0,1,0,0,0,1,2,2,2,2,0,2,0,0,0,0,2,0,2,0,1,1,0,0,2,2,1,2,1,1,2,1,2,2,1,1,2,0,0,2,2,1,2,2,0
Best fitness found so far: -27.0; distance: 10.63014581273465
Generation: 17; 
d: 10.198039027185569; energy: -26.0; 1,0,2,0,0,0,2,0,0,2,0,2,1,1,2,1,2,2,1,1,2,2,2,1,1,1,0,2,0,1,0,0,0,0,1,1,1,2,2,0,2,1,0,0,0,1,0,0,0,0,2,2,2,0,0,2,2,2
Best fitness found so far: -27.0; distance: 10.63014581273465
Generation: 18; 
d: 10.198039027185569; energy: -29.0; 1,0,2,2,1,2,2,0,1,2,2,1,1,0,1,0,0,0,1,2,2,2,2,0,0,1,0,2,1,1,0,2,0,0,1,0,1,1,1,2,1,1,2,2,0,0,0,0,2,1,1,0,2,2,0,1,0,2
Best fitness found so far: -29.0; distance: 10.198039027185569
Generation: 19; 
d: 11.40175425099138; energy: -27.0; 0,2,2,2,0,2,1,2,2,1,0,2,2,2,0,1,0,0,0,2,2,2,2,0,0,1,0,2,1,1,0,0,1,0,2,0,0,2,1,2,2,1,2,0,0,0,1,1,0,0,2,2,0,2,2,1,1,2
Best fitness found so far: -29.0; distance: 10.198039027185569
Generation: 20; 
d: 10.295630140987; energy: -28.0; 2,1,1,0,2,2,1,2,1,0,2,1,1,0,1,0,0,0,1,2,2,2,2,0,2,0,0,0,0,2,0,2,0,1,1,0,0,2,2,1,2,1,1,2,1,2,2,1,1,2,0,0,2,2,1,0,0,0
Best fitness found so far: -29.0; distance: 10.198039027185569
Generation: 21; 
d: 9.486832980505138; energy: -29.0; 1,0,2,2,1,2,2,0,1,2,2,1,1,0,1,0,0,0,1,2,2,2,2,0,0,1,0,2,1,1,0,2,0,0,1,0,1,1,1,2,1,1,2,2,0,0,0,0,2,1,1,0,2,2,0,1,0,0
Best fitness found so far: -29.0; distance: 10.198039027185569
Generation: 22; 
d: 10.816653826391969; energy: -28.0; 0,2,2,2,0,0,2,0,0,2,0,2,1,1,2,1,2,2,1,1,2,2,2,1,1,1,0,2,0,1,0,0,0,0,1,1,1,2,2,0,2,1,0,0,0,1,0,0,0,0,0,0,2,2,0,1,2,0
Best fitness found so far: -29.0; distance: 10.198039027185569
Generation: 23; 
d: 10.0; energy: -27.0; 2,2,1,2,2,0,2,0,0,2,0,2,1,1,2,1,2,2,1,1,2,2,2,1,1,1,0,2,0,1,0,2,0,0,1,1,0,1,1,2,2,1,2,2,0,0,0,0,0,2,0,2,2,0,0,1,0,1
Best fitness found so far: -29.0; distance: 10.198039027185569
Generation: 24; 
d: 11.40175425099138; energy: -28.0; 1,0,2,2,1,2,2,0,1,2,2,1,1,0,1,0,0,0,1,2,2,2,2,0,2,0,0,0,0,2,0,2,0,1,1,0,2,2,1,1,2,1,1,0,1,0,0,0,0,1,0,0,0,1,0,0,1,1
Best fitness found so far: -29.0; distance: 10.198039027185569
Generation: 25; 
d: 11.40175425099138; energy: -29.0; 2,1,0,1,2,2,1,2,0,0,0,2,0,2,1,2,2,2,2,1,0,0,0,2,0,2,2,0,1,2,2,0,2,2,0,2,2,1,2,2,1,2,2,1,0,0,1,1,0,0,1,1,2,2,1,0,2,2
Best fitness found so far: -29.0; distance: 10.198039027185569
Generation: 26; 
d: 12.806248474865697; energy: -27.0; 1,0,0,2,2,2,0,2,0,0,0,2,0,2,1,2,2,2,2,2,1,2,1,0,0,2,2,0,1,2,2,0,2,2,2,2,2,2,2,2,2,1,0,0,0,0,1,1,1,1,2,0,1,0,0,1,2,0
Best fitness found so far: -29.0; distance: 10.198039027185569
Generation: 27; 
d: 10.295630140987; energy: -29.0; 1,0,2,2,1,2,2,0,1,2,2,1,1,0,1,0,0,0,1,2,2,2,2,0,0,1,0,2,1,1,0,2,0,0,1,0,1,1,1,2,1,1,2,2,0,0,0,0,2,1,0,2,2,2,0,1,0,0
Best fitness found so far: -29.0; distance: 10.198039027185569
Generation: 28; 
d: 10.295630140987; energy: -28.0; 2,1,1,0,2,2,1,2,1,0,2,1,1,0,1,0,0,0,1,2,2,2,2,0,2,0,0,0,0,2,0,2,0,0,1,0,0,2,2,1,2,1,1,2,1,2,2,1,1,2,0,0,2,2,1,0,0,0
Best fitness found so far: -29.0; distance: 10.198039027185569
Generation: 29; 
d: 10.44030650891055; energy: -28.0; 0,2,2,1,0,0,0,2,0,0,0,2,0,2,1,2,2,2,2,2,1,2,1,0,0,2,2,0,1,2,2,0,2,2,2,2,2,2,2,1,0,0,1,2,2,2,2,2,0,2,0,1,2,2,1,0,0,0
Best fitness found so far: -29.0; distance: 10.198039027185569
Generation: 30; 
d: 12.649110640673518; energy: -28.0; 0,1,2,1,0,0,1,0,0,0,2,1,1,1,2,1,2,2,1,1,2,2,2,1,1,1,0,2,0,1,0,0,0,0,1,1,1,2,0,2,2,1,1,1,0,0,1,0,1,0,2,1,2,0,0,0,0,0
Best fitness found so far: -29.0; distance: 10.198039027185569
Generation: 31; 
d: 10.295630140987; energy: -28.0; 2,1,1,0,2,2,1,2,1,0,2,1,1,0,1,0,0,0,1,2,2,2,2,0,2,0,0,0,0,2,0,2,0,1,1,0,0,2,2,1,2,1,1,2,1,2,2,1,1,2,0,0,2,2,1,0,0,2
Best fitness found so far: -29.0; distance: 10.198039027185569
Generation: 32; 
d: 10.44030650891055; energy: -29.0; 0,2,2,2,0,1,0,0,1,2,2,1,1,0,1,0,0,0,0,2,2,2,2,0,0,1,0,2,1,1,0,2,0,0,1,0,1,2,2,2,2,1,1,2,1,2,2,1,1,2,0,0,2,2,1,0,0,0
Best fitness found so far: -29.0; distance: 10.198039027185569
