Algorithm configured with: 
Pop: 5000
Aux Pop: 2000
CrP: 1.0
MtP: 1.0
List of crossover: 
SinglePointCrossover
IntegerTwoPointsCrossover
MultiPointsCrossover
List of mutations: 
BitFlipMutation
LoopMoveOperator
LocalMoveOperator
SegmentMutation
OppositeMoveOperator
Execution: 1
Generation: 0; 
d: 14.560219778561036; energy: -11.0; 0,1,2,1,1,2,2,1,0,0,1,1,1,0,0,2,1,2,1,0,2,0,0,2,0,2,1,1,0,1,0,1,1,1,1,2,0,2,2,0,1,1,0,1,2,2,1,1,0,0,2,2,1,1,1,0,1,0
Best fitness found so far: -11.0; distance: 14.560219778561036
Generation: 1; 
d: 12.041594578792296; energy: -22.0; 2,0,1,1,2,2,0,0,2,2,1,0,1,2,2,1,1,1,0,0,1,2,1,2,2,0,0,2,1,0,1,1,1,0,0,1,2,1,0,2,1,1,1,1,0,0,1,1,2,1,2,2,0,0,1,2,0,2
Best fitness found so far: -22.0; distance: 12.041594578792296
