Algorithm configured with: 
Pop: 2500
Aux Pop: 200
CrP: 1.0
MtP: 1.0
List of crossover: 
SinglePointCrossover
IntegerTwoPointsCrossover
MultiPointsCrossover
List of mutations: 
BitFlipMutation
LoopMoveOperator
LocalMoveOperator
SegmentMutation
OppositeMoveOperator
Execution: 1
Generation: 0; 
d: 16.55294535724685; energy: -5.0; 1,2,1,0,0,2,0,2,0,1,1,0,2,1,2,2,0,0,2,2,1,1,2,0,0,1,1,2,0,2,0,0,2,1,2,1,0,2,2,1,1,0,1,0,2,2,1,1,0,0,2,1,0,1,0,2,1,0,2,0,0,2
Best fitness found so far: -5.0; distance: 16.55294535724685
Generation: 1; 
d: 10.04987562112089; energy: -22.0; 2,1,0,1,0,0,2,2,1,2,0,0,2,2,0,2,1,0,2,2,1,1,2,2,0,0,1,0,2,0,0,2,0,1,2,0,2,2,1,1,2,0,2,0,0,1,2,2,1,0,2,0,1,2,2,0,2,2,0,2,0,0
Best fitness found so far: -22.0; distance: 10.04987562112089
Generation: 2; 
d: 15.231546211727817; energy: -21.0; 2,1,1,1,0,2,1,1,0,0,2,1,0,1,0,0,2,1,0,0,2,2,1,1,0,0,1,0,0,2,0,1,2,1,1,0,1,1,1,2,1,0,0,1,1,1,0,0,1,0,1,0,2,1,2,0,1,2,0,0,0,0
Best fitness found so far: -22.0; distance: 10.04987562112089
Generation: 3; 
d: 15.231546211727817; energy: -21.0; 2,1,1,1,0,2,1,1,0,0,2,1,0,1,0,0,2,1,0,0,2,2,1,1,0,0,1,0,0,2,0,1,2,1,1,0,1,1,1,2,1,0,0,1,1,1,0,0,2,2,0,0,2,0,2,1,1,0,0,1,1,2
Best fitness found so far: -22.0; distance: 10.04987562112089
Generation: 4; 
d: 11.40175425099138; energy: -23.0; 1,2,0,1,0,0,1,1,2,2,1,2,2,0,2,0,0,1,0,2,1,2,0,2,0,0,1,0,0,0,2,0,1,2,1,0,0,0,0,0,0,1,0,1,0,1,2,0,2,0,1,0,0,2,1,2,2,2,2,1,0,0
Best fitness found so far: -23.0; distance: 11.40175425099138
Generation: 5; 
d: 11.40175425099138; energy: -23.0; 1,0,1,2,0,0,1,0,1,0,0,0,2,0,0,0,1,0,0,0,0,1,1,1,0,2,2,0,1,0,0,0,1,0,0,0,0,0,1,2,2,2,2,0,2,1,0,0,2,0,0,0,2,0,2,1,0,2,1,2,2,1
Best fitness found so far: -23.0; distance: 11.40175425099138
Generation: 6; 
d: 12.529964086141668; energy: -23.0; 2,1,0,1,1,2,2,1,0,1,0,1,0,2,2,0,1,1,1,2,2,1,0,2,0,1,2,2,0,2,0,2,0,0,2,2,1,0,0,2,0,2,2,1,0,2,2,0,1,1,1,2,2,0,0,2,2,0,1,0,1,1
Best fitness found so far: -23.0; distance: 11.40175425099138
Generation: 7; 
d: 12.806248474865697; energy: -26.0; 1,1,0,0,2,2,2,2,0,0,2,1,2,2,1,0,2,1,0,0,1,1,1,1,0,1,2,1,1,2,0,0,2,2,0,0,1,0,0,2,2,2,1,1,1,0,0,0,0,0,0,0,1,0,1,2,2,1,0,2,0,1
Best fitness found so far: -26.0; distance: 12.806248474865697
Generation: 8; 
d: 10.63014581273465; energy: -22.0; 0,2,2,1,0,1,0,0,0,2,0,1,1,1,1,0,1,2,0,1,0,0,1,0,0,2,2,2,0,1,2,1,2,1,1,0,1,0,2,1,1,2,0,0,1,0,2,1,0,0,0,1,1,2,1,0,0,0,0,1,0,0
Best fitness found so far: -26.0; distance: 12.806248474865697
Generation: 9; 
d: 11.40175425099138; energy: -23.0; 1,2,1,2,2,0,2,0,1,1,2,1,2,0,1,1,2,1,0,0,1,1,2,1,2,2,1,0,2,2,0,0,2,0,2,2,1,2,2,0,0,2,2,0,0,2,2,2,2,0,2,2,0,2,2,1,0,1,1,0,0,0
Best fitness found so far: -26.0; distance: 12.806248474865697
Generation: 10; 
d: 13.601470508735444; energy: -24.0; 2,1,2,2,1,2,2,0,1,0,0,0,0,1,2,2,1,2,1,0,0,2,1,1,1,1,1,1,1,0,1,0,0,1,2,2,0,2,2,2,0,0,0,2,2,2,0,0,2,0,0,0,0,2,2,0,0,1,0,0,0,0
Best fitness found so far: -26.0; distance: 12.806248474865697
Generation: 11; 
d: 14.560219778561036; energy: -25.0; 1,0,0,1,2,2,1,0,0,0,0,0,1,0,0,1,2,0,0,0,2,2,1,2,0,2,1,1,1,1,0,0,0,0,2,1,0,0,1,2,1,0,0,0,0,2,2,2,0,1,0,0,0,2,1,0,0,0,1,0,0,0
Best fitness found so far: -26.0; distance: 12.806248474865697
Generation: 12; 
d: 12.36931687685298; energy: -26.0; 1,0,1,0,0,2,2,1,2,1,2,0,1,1,0,0,0,2,1,0,0,1,2,0,0,1,0,0,1,2,1,0,2,1,2,2,0,0,2,0,2,0,0,0,1,0,2,1,0,0,0,2,1,0,0,1,0,1,0,2,0,0
Best fitness found so far: -26.0; distance: 12.806248474865697
Generation: 13; 
d: 15.231546211727817; energy: -26.0; 2,2,2,0,1,0,0,0,2,2,0,0,0,1,1,0,0,1,2,0,0,2,2,2,2,0,0,1,1,1,1,1,1,0,0,2,0,2,2,0,0,2,2,0,0,2,2,2,2,0,2,2,0,2,2,1,0,1,1,0,0,0
Best fitness found so far: -26.0; distance: 12.806248474865697
Generation: 14; 
d: 12.083045973594572; energy: -28.0; 2,2,2,0,1,1,2,2,1,1,2,1,0,0,1,0,1,0,1,2,2,1,0,2,0,1,2,2,0,2,0,2,0,0,2,2,0,2,2,2,0,2,2,1,0,2,2,0,1,1,1,2,2,0,0,1,1,1,0,0,1,1
Best fitness found so far: -28.0; distance: 12.083045973594572
Generation: 15; 
d: 12.041594578792296; energy: -27.0; 0,1,0,0,1,2,0,0,0,0,0,2,1,2,2,2,2,2,2,2,0,0,2,1,2,2,2,0,1,1,2,2,1,0,1,1,1,2,2,1,0,2,2,1,2,2,0,0,0,2,2,2,1,2,2,1,2,0,2,0,0,2
Best fitness found so far: -28.0; distance: 12.083045973594572
Generation: 16; 
d: 12.649110640673518; energy: -28.0; 2,2,2,2,2,0,0,1,0,0,0,0,0,0,2,0,0,2,1,2,0,2,2,0,0,1,0,1,2,1,0,0,1,1,0,0,1,2,1,0,1,0,0,0,2,0,0,0,1,0,0,0,0,0,0,2,2,2,2,2,1,2
Best fitness found so far: -28.0; distance: 12.083045973594572
Generation: 17; 
d: 11.40175425099138; energy: -26.0; 0,1,0,0,1,2,0,0,0,0,0,2,1,2,2,2,2,2,2,1,2,0,1,2,2,0,2,2,1,0,2,1,2,2,1,0,1,2,1,2,2,2,1,0,1,0,1,0,1,0,2,2,0,2,2,1,0,1,1,0,0,0
Best fitness found so far: -28.0; distance: 12.083045973594572
Generation: 18; 
d: 12.206555615733702; energy: -26.0; 1,0,1,2,0,0,1,0,1,0,0,0,2,0,0,0,1,0,0,0,0,1,1,0,0,1,0,0,2,2,0,0,0,0,0,2,1,0,1,1,0,0,0,2,1,0,0,0,2,2,0,0,0,0,0,0,1,2,0,2,2,2
Best fitness found so far: -28.0; distance: 12.083045973594572
Generation: 19; 
d: 12.165525060596439; energy: -27.0; 0,1,0,0,1,2,0,0,0,0,0,2,1,2,2,2,2,1,2,1,1,2,1,2,2,0,2,0,2,2,0,1,1,0,1,0,0,2,2,0,0,2,2,0,0,2,2,2,2,0,2,2,0,2,2,1,0,1,1,0,0,0
Best fitness found so far: -28.0; distance: 12.083045973594572
Generation: 20; 
d: 12.083045973594572; energy: -28.0; 2,2,2,0,1,2,0,0,0,0,0,2,1,2,2,2,2,1,2,2,2,2,1,2,2,1,1,0,2,2,0,1,1,0,1,0,0,2,2,0,0,2,2,0,0,2,2,2,2,0,2,2,0,2,2,1,0,1,1,0,0,0
Best fitness found so far: -28.0; distance: 12.083045973594572
Generation: 21; 
d: 15.811388300841896; energy: -28.0; 1,1,2,0,0,0,0,1,0,1,0,0,0,0,2,0,0,2,1,2,0,1,2,0,0,1,0,0,1,2,0,1,2,1,1,0,1,1,0,2,2,2,1,1,1,0,0,0,0,0,0,0,1,0,2,1,0,1,0,0,0,0
Best fitness found so far: -28.0; distance: 12.083045973594572
Generation: 22; 
d: 11.661903789690601; energy: -27.0; 0,2,2,0,1,1,2,2,1,1,2,1,0,0,1,0,1,0,1,2,2,1,0,2,0,1,2,2,0,2,0,2,0,0,2,2,0,2,2,2,0,2,2,1,0,2,2,0,1,1,1,2,2,0,0,1,1,1,0,0,1,1
Best fitness found so far: -28.0; distance: 12.083045973594572
Generation: 23; 
d: 12.806248474865697; energy: -27.0; 1,0,0,1,2,2,1,0,0,1,1,0,0,0,0,0,1,1,0,2,1,2,2,2,0,2,0,0,1,0,0,1,2,1,1,0,1,0,0,2,0,1,0,1,0,0,0,0,0,2,0,0,2,2,1,2,0,0,1,0,0,1
Best fitness found so far: -28.0; distance: 12.083045973594572
Generation: 24; 
d: 11.40175425099138; energy: -27.0; 0,1,0,0,1,2,0,0,0,0,0,2,1,2,1,0,1,0,0,0,2,2,1,2,2,0,2,2,1,1,1,1,2,2,1,1,2,0,2,1,0,0,2,0,2,0,0,2,0,2,0,0,2,1,0,0,1,1,2,2,0,0
Best fitness found so far: -28.0; distance: 12.083045973594572
Generation: 25; 
d: 12.041594578792296; energy: -27.0; 2,2,0,1,0,0,0,1,2,2,2,2,2,2,2,1,2,1,0,0,1,2,0,2,2,1,2,0,1,0,2,2,1,2,0,0,1,2,1,0,0,2,2,1,1,0,2,2,1,1,1,2,2,1,1,2,2,0,1,2,2,0
Best fitness found so far: -28.0; distance: 12.083045973594572
Generation: 26; 
d: 12.041594578792296; energy: -33.0; 1,1,2,0,0,0,0,1,0,1,0,0,0,0,2,0,0,2,1,2,0,1,2,0,0,1,0,0,1,2,0,0,2,1,1,0,1,1,0,2,2,2,1,1,1,0,0,0,0,0,0,0,1,0,2,1,0,1,0,0,0,0
Best fitness found so far: -33.0; distance: 12.041594578792296
Generation: 27; 
d: 11.661903789690601; energy: -28.0; 0,0,0,2,2,1,0,0,1,2,2,1,1,0,1,0,0,0,2,0,0,1,2,0,0,0,1,0,2,0,0,0,0,1,1,1,1,0,0,0,2,0,0,1,1,1,0,1,0,0,0,0,1,2,1,2,2,1,1,2,2,0
Best fitness found so far: -33.0; distance: 12.041594578792296
Generation: 28; 
d: 12.529964086141668; energy: -30.0; 1,0,2,2,2,2,1,0,0,0,0,0,2,0,0,0,0,2,1,0,1,1,0,0,1,2,2,0,1,2,0,0,2,2,0,2,0,0,0,0,2,1,0,2,2,0,1,1,0,1,0,0,0,1,2,2,1,0,0,1,0,0
Best fitness found so far: -33.0; distance: 12.041594578792296
Generation: 29; 
d: 11.704699910719626; energy: -28.0; 1,2,1,2,2,1,0,2,1,1,0,0,0,0,2,0,0,1,2,2,0,1,2,0,0,1,1,1,1,0,2,2,0,2,0,0,1,2,0,1,1,0,0,1,0,1,1,1,0,0,0,1,1,0,0,2,2,0,2,2,1,2
Best fitness found so far: -33.0; distance: 12.041594578792296
Generation: 30; 
d: 11.313708498984761; energy: -28.0; 0,0,1,0,0,0,0,1,0,0,1,2,0,0,2,0,0,1,2,0,2,1,2,0,0,1,0,0,1,2,0,0,1,1,0,0,0,0,0,1,2,0,0,2,2,0,0,0,0,0,0,0,0,2,2,0,0,1,2,2,1,0
Best fitness found so far: -33.0; distance: 12.041594578792296
Generation: 31; 
d: 12.083045973594572; energy: -29.0; 1,0,1,0,0,2,2,1,2,1,2,0,1,1,0,2,0,0,1,1,1,2,2,0,0,1,0,1,2,2,2,0,2,2,2,1,0,0,1,1,2,0,0,2,2,0,0,0,0,0,0,0,0,2,2,0,0,1,2,2,1,0
Best fitness found so far: -33.0; distance: 12.041594578792296
Generation: 32; 
d: 11.313708498984761; energy: -30.0; 1,1,2,0,0,0,0,1,0,1,0,0,0,0,2,0,0,2,1,2,0,1,1,0,0,1,0,0,2,2,0,0,0,1,0,0,0,0,0,1,2,0,0,0,0,0,0,2,2,1,2,2,0,1,0,1,1,0,1,0,2,1
Best fitness found so far: -33.0; distance: 12.041594578792296
Generation: 33; 
d: 10.0; energy: -29.0; 1,1,2,0,0,0,0,1,0,1,0,0,0,0,2,0,0,2,1,2,0,1,1,0,0,1,0,0,2,2,0,0,0,1,0,0,0,0,0,1,2,0,0,0,0,0,2,2,2,0,2,2,0,2,2,1,0,1,1,0,0,0
Best fitness found so far: -33.0; distance: 12.041594578792296
Generation: 34; 
d: 11.180339887498949; energy: -31.0; 0,1,0,0,1,2,0,0,0,0,0,2,1,2,2,1,2,1,0,0,1,1,2,1,2,2,1,0,2,2,0,0,2,0,2,2,1,2,2,0,0,2,2,0,0,2,2,2,2,0,2,2,0,2,2,1,0,1,1,0,0,1
Best fitness found so far: -33.0; distance: 12.041594578792296
Generation: 35; 
d: 11.704699910719626; energy: -32.0; 0,0,1,0,0,0,0,1,0,0,0,0,1,0,2,0,0,2,1,0,0,1,1,0,0,1,0,0,2,2,0,0,1,0,0,1,0,0,0,0,0,1,0,1,0,2,2,2,2,0,2,2,0,2,2,1,0,1,0,1,0,0
Best fitness found so far: -33.0; distance: 12.041594578792296
Generation: 36; 
d: 10.63014581273465; energy: -30.0; 1,0,0,0,2,2,1,2,0,0,0,0,0,1,1,0,0,1,2,0,0,2,2,0,0,1,1,1,1,1,2,2,0,1,0,0,0,0,1,2,2,0,0,0,1,0,0,1,1,1,0,0,0,0,2,2,1,0,0,1,0,0
Best fitness found so far: -33.0; distance: 12.041594578792296
Generation: 37; 
d: 11.180339887498949; energy: -31.0; 0,1,0,0,1,2,0,0,0,0,0,2,1,2,2,1,2,1,0,0,1,1,2,1,2,2,1,0,2,2,0,0,2,0,2,2,1,2,2,0,0,2,2,0,0,2,2,2,2,0,2,2,0,2,2,1,0,1,1,0,0,1
Best fitness found so far: -33.0; distance: 12.041594578792296
Generation: 38; 
d: 12.649110640673518; energy: -32.0; 2,1,2,2,1,2,0,1,0,0,0,0,1,0,2,0,0,0,1,0,0,1,1,0,0,1,0,0,2,2,0,0,0,1,0,0,0,2,2,0,0,2,2,0,0,2,2,2,2,0,2,2,0,2,2,1,0,1,1,0,0,0
Best fitness found so far: -33.0; distance: 12.041594578792296
Generation: 39; 
d: 12.649110640673518; energy: -30.0; 1,0,1,2,0,0,1,0,1,0,0,0,1,1,1,1,1,1,1,0,0,1,2,0,0,1,0,0,1,1,1,0,0,1,0,0,0,0,0,1,2,0,0,2,2,0,1,1,0,1,0,0,2,1,2,1,1,0,0,0,0,0
Best fitness found so far: -33.0; distance: 12.041594578792296
Generation: 40; 
d: 16.1245154965971; energy: -31.0; 1,0,0,0,2,2,1,2,0,2,0,0,0,0,2,0,0,1,2,2,0,1,2,0,0,1,0,0,1,1,1,0,0,1,1,0,1,2,1,1,0,2,2,0,0,2,2,2,2,0,2,2,0,2,2,1,0,1,1,0,0,1
Best fitness found so far: -33.0; distance: 12.041594578792296
Generation: 41; 
d: 13.45362404707371; energy: -30.0; 1,0,1,2,0,0,1,0,1,1,1,0,0,0,2,0,0,1,2,0,0,2,2,0,0,1,0,0,2,2,0,0,0,0,1,1,2,1,1,1,1,0,0,1,1,0,2,1,1,1,2,2,2,2,2,1,0,1,2,0,0,0
Best fitness found so far: -33.0; distance: 12.041594578792296
Generation: 42; 
d: 11.40175425099138; energy: -30.0; 0,0,0,2,2,1,0,0,1,2,2,1,1,0,1,0,0,0,2,0,0,1,2,0,0,0,1,0,2,0,0,0,0,1,1,1,1,0,0,0,2,0,0,2,2,0,1,1,0,1,0,0,0,2,0,0,2,2,1,2,0,0
Best fitness found so far: -33.0; distance: 12.041594578792296
Generation: 43; 
d: 14.212670403551895; energy: -30.0; 1,1,2,0,0,0,0,1,0,1,0,0,0,0,2,0,0,2,1,2,0,1,1,0,0,1,0,0,1,1,0,0,0,1,0,0,2,1,1,0,0,2,2,0,0,2,2,2,2,0,2,2,0,2,2,1,0,1,1,0,0,1
Best fitness found so far: -33.0; distance: 12.041594578792296
Generation: 44; 
d: 10.770329614269007; energy: -32.0; 1,0,0,0,2,2,1,2,0,2,0,0,0,0,2,0,0,1,2,2,0,1,2,0,0,1,1,1,1,0,2,2,0,2,0,0,0,0,2,1,1,0,1,2,2,0,0,1,0,0,0,0,1,0,1,2,2,1,1,0,0,1
Best fitness found so far: -33.0; distance: 12.041594578792296
Generation: 45; 
d: 11.40175425099138; energy: -31.0; 1,1,2,0,0,0,0,1,0,1,0,0,0,0,2,0,0,2,1,0,0,2,2,2,0,2,0,0,1,1,1,0,0,1,1,1,1,2,2,0,1,0,0,2,0,0,1,0,0,0,0,1,2,1,0,0,1,0,0,2,2,1
Best fitness found so far: -33.0; distance: 12.041594578792296
Generation: 46; 
d: 11.40175425099138; energy: -33.0; 1,0,0,2,2,1,2,1,1,2,2,1,1,0,1,0,0,1,1,2,1,0,0,0,0,1,0,0,2,0,1,0,2,2,2,0,2,0,0,0,2,1,0,2,2,2,0,1,1,2,0,0,0,2,2,1,0,0,0,0,1,0
Best fitness found so far: -33.0; distance: 12.041594578792296
Generation: 47; 
d: 14.142135623730951; energy: -30.0; 0,0,1,0,2,2,0,0,0,0,0,0,1,0,2,0,0,2,1,0,0,1,1,0,0,1,0,0,2,2,0,0,1,2,0,0,0,0,2,1,1,0,1,2,2,0,0,1,0,0,0,0,1,0,1,2,2,0,0,1,0,0
Best fitness found so far: -33.0; distance: 12.041594578792296
Generation: 48; 
d: 12.649110640673518; energy: -33.0; 2,1,2,2,1,2,0,1,0,0,0,0,1,0,2,0,0,0,1,0,0,1,1,0,0,1,0,0,2,2,0,0,0,1,0,0,0,2,2,0,0,2,2,0,0,2,2,2,2,0,2,2,0,2,2,1,0,1,2,2,1,2
Best fitness found so far: -33.0; distance: 12.041594578792296
Generation: 49; 
d: 13.416407864998739; energy: -32.0; 2,1,2,2,1,2,0,1,0,0,0,0,1,0,2,0,0,0,1,0,0,1,2,0,0,2,0,0,1,1,1,0,0,1,1,2,1,2,2,0,0,0,2,1,0,1,2,2,1,0,2,2,1,1,0,2,0,1,2,2,1,2
Best fitness found so far: -33.0; distance: 12.041594578792296
Generation: 50; 
d: 11.180339887498949; energy: -34.0; 0,1,1,0,1,0,0,0,0,2,0,0,1,1,1,0,0,2,2,0,0,1,1,0,0,0,0,0,2,2,2,0,2,2,2,1,0,0,0,1,2,0,0,2,2,0,0,0,0,1,0,0,0,0,0,1,0,2,2,1,0,1
Best fitness found so far: -34.0; distance: 11.180339887498949
Generation: 51; 
d: 10.0; energy: -34.0; 1,0,0,0,2,2,1,2,0,2,0,0,0,0,2,0,0,1,2,2,0,1,2,0,0,1,0,0,2,2,2,0,2,2,2,0,0,0,1,2,2,0,0,2,2,0,0,0,0,0,0,0,0,2,2,0,0,1,2,2,1,0
Best fitness found so far: -34.0; distance: 11.180339887498949
Generation: 52; 
d: 13.038404810405298; energy: -32.0; 1,1,2,0,0,0,0,1,0,1,0,0,0,0,2,0,0,2,1,2,0,1,1,0,0,1,0,0,2,2,0,0,0,1,0,0,0,0,0,1,2,0,0,2,2,0,0,0,0,0,0,0,0,2,2,1,0,0,0,1,0,0
Best fitness found so far: -34.0; distance: 11.180339887498949
Generation: 53; 
d: 12.165525060596439; energy: -33.0; 0,0,1,0,0,0,0,1,0,0,0,0,1,0,2,0,0,2,1,0,0,1,1,0,0,1,0,0,2,2,0,0,0,2,0,0,0,1,1,0,0,2,2,0,0,2,2,2,2,0,2,2,0,2,2,1,0,1,1,0,0,2
Best fitness found so far: -34.0; distance: 11.180339887498949
Generation: 54; 
d: 13.601470508735444; energy: -33.0; 2,1,2,2,1,2,0,1,0,0,0,0,1,0,2,0,0,1,1,0,0,2,0,0,0,2,0,0,2,2,0,0,0,0,1,1,2,1,0,2,1,0,0,0,2,0,0,1,0,1,0,2,0,0,0,0,2,2,2,0,0,0
Best fitness found so far: -34.0; distance: 11.180339887498949
Generation: 55; 
d: 13.038404810405298; energy: -32.0; 1,1,2,0,0,0,0,1,0,1,0,0,0,0,2,0,0,0,2,0,1,0,1,0,0,1,0,0,2,2,0,0,0,1,0,0,0,0,0,1,2,0,0,2,2,0,0,0,0,0,0,0,0,2,2,1,0,0,0,1,0,0
Best fitness found so far: -34.0; distance: 11.180339887498949
Generation: 56; 
d: 12.083045973594572; energy: -33.0; 0,1,0,0,0,0,1,0,1,1,0,0,1,1,1,0,0,2,2,0,0,1,1,0,0,0,0,0,2,2,2,0,2,2,2,1,0,0,0,1,2,0,0,2,2,0,0,0,0,1,0,0,0,0,0,1,0,2,2,1,0,1
Best fitness found so far: -34.0; distance: 11.180339887498949
Generation: 57; 
d: 10.816653826391969; energy: -34.0; 1,0,0,0,2,2,1,2,0,2,0,0,0,0,2,0,0,1,2,2,0,1,2,0,0,1,0,0,2,2,2,0,2,2,2,0,0,0,1,2,2,0,0,2,2,0,0,0,0,1,0,0,0,2,2,1,0,0,0,1,0,1
Best fitness found so far: -34.0; distance: 11.180339887498949
Generation: 58; 
d: 12.041594578792296; energy: -33.0; 1,1,2,0,0,0,0,1,0,1,0,0,0,0,2,0,0,2,2,0,0,1,2,0,0,1,0,0,1,2,0,0,2,1,1,0,1,1,0,2,2,2,1,1,1,0,0,0,0,0,0,0,1,0,2,1,0,1,0,0,0,0
Best fitness found so far: -34.0; distance: 11.180339887498949
Generation: 59; 
d: 10.0; energy: -35.0; 1,0,0,0,2,2,1,2,0,2,0,0,0,0,2,0,0,1,2,2,0,1,2,0,0,1,0,0,2,2,2,0,2,2,2,0,0,0,1,2,2,0,0,2,2,0,0,0,0,0,0,0,0,2,2,0,0,1,2,2,0,2
Best fitness found so far: -35.0; distance: 10.0
Generation: 60; 
d: 11.180339887498949; energy: -34.0; 0,1,1,0,1,0,0,0,0,0,0,0,2,1,0,0,0,1,1,0,0,2,2,2,0,1,0,0,2,2,0,0,2,2,0,0,1,0,0,2,2,2,0,2,2,0,0,0,0,1,0,0,0,2,2,1,0,0,0,1,0,0
Best fitness found so far: -35.0; distance: 10.0
Generation: 61; 
d: 10.295630140987; energy: -35.0; 1,1,1,0,0,0,0,1,0,1,0,0,0,0,2,0,0,2,2,0,0,2,0,0,0,2,0,0,2,2,0,0,0,1,1,2,2,1,1,0,1,0,0,0,2,0,0,0,0,1,0,0,0,0,2,2,2,0,2,2,2,0
Best fitness found so far: -35.0; distance: 10.0
Generation: 62; 
d: 11.704699910719626; energy: -33.0; 1,0,1,2,0,0,1,0,1,1,1,0,1,0,2,0,0,0,1,0,0,1,1,0,0,1,0,0,2,2,2,0,2,2,2,1,0,0,0,1,2,0,0,2,2,0,0,0,0,0,0,0,0,2,2,0,0,1,1,0,0,0
Best fitness found so far: -35.0; distance: 10.0
Generation: 63; 
d: 10.63014581273465; energy: -35.0; 2,1,2,2,1,2,0,1,0,0,0,0,1,0,2,0,0,1,1,0,0,2,2,2,0,1,0,0,2,2,0,0,2,2,0,0,1,0,0,2,2,2,0,2,2,0,0,0,0,1,0,0,0,2,1,0,1,0,0,0,0,0
Best fitness found so far: -35.0; distance: 10.0
Generation: 64; 
d: 10.0; energy: -35.0; 1,0,0,0,2,2,1,2,0,2,0,0,0,0,2,0,0,1,2,2,0,1,2,0,0,1,0,0,2,2,2,0,2,2,2,0,0,0,1,2,2,0,0,2,2,0,0,0,0,0,0,0,0,2,2,0,0,1,2,2,0,2
Best fitness found so far: -35.0; distance: 10.0
Generation: 65; 
d: 10.0; energy: -35.0; 1,0,0,0,2,2,1,2,0,2,0,0,0,0,2,0,0,1,2,2,0,1,2,0,0,1,0,0,2,2,2,0,2,2,2,0,0,0,1,2,2,0,0,2,2,0,0,0,0,0,0,0,0,2,2,0,0,1,1,0,0,1
Best fitness found so far: -35.0; distance: 10.0
Generation: 66; 
d: 10.0; energy: -35.0; 1,0,0,0,2,2,1,2,0,2,0,0,0,0,2,0,0,1,2,2,0,1,2,0,0,1,0,0,2,2,2,0,2,2,2,0,0,0,1,2,2,0,0,2,2,0,0,0,0,0,0,0,0,2,2,0,0,1,1,0,0,0
Best fitness found so far: -35.0; distance: 10.0
Generation: 67; 
d: 10.0; energy: -34.0; 1,1,2,0,0,0,0,1,0,1,0,0,0,0,2,0,0,2,1,0,0,2,2,2,0,2,0,0,1,1,1,1,2,2,1,1,0,0,0,0,0,0,1,2,2,0,0,2,0,1,0,0,0,0,2,2,2,1,1,0,0,1
Best fitness found so far: -35.0; distance: 10.0
Generation: 68; 
d: 10.0; energy: -34.0; 1,0,0,0,2,2,1,2,0,2,0,0,0,0,2,0,0,1,2,2,0,1,2,0,0,1,0,0,2,2,2,0,2,2,2,0,0,0,1,2,2,0,0,2,2,0,0,0,0,1,0,0,0,0,1,2,2,1,0,0,1,0
Best fitness found so far: -35.0; distance: 10.0
Generation: 69; 
d: 10.770329614269007; energy: -35.0; 1,0,0,0,2,2,1,2,0,2,0,0,0,0,2,0,0,1,2,0,0,1,2,0,0,0,0,1,1,2,0,0,2,2,0,0,1,0,0,2,2,2,0,2,2,0,0,0,0,1,0,0,2,1,0,0,1,1,2,2,0,0
Best fitness found so far: -35.0; distance: 10.0
Generation: 70; 
d: 10.770329614269007; energy: -34.0; 0,1,1,0,1,0,0,0,2,2,0,0,1,1,1,0,0,1,2,0,0,2,2,0,0,2,0,0,2,2,0,0,2,0,2,0,0,1,1,1,0,2,2,0,0,2,2,2,2,0,2,2,0,2,2,1,0,1,0,1,0,0
Best fitness found so far: -35.0; distance: 10.0
Generation: 71; 
d: 10.0; energy: -34.0; 1,0,0,0,2,2,1,2,0,2,0,0,0,0,2,0,0,1,2,2,0,1,2,0,0,1,0,0,2,2,2,0,2,2,2,0,0,0,1,2,2,0,0,2,2,0,0,0,0,1,0,0,0,0,2,0,0,1,1,2,0,0
Best fitness found so far: -35.0; distance: 10.0
Generation: 72; 
d: 10.770329614269007; energy: -35.0; 1,0,1,2,0,0,1,0,1,1,1,0,0,0,2,0,0,2,1,0,0,1,1,0,0,1,0,0,2,2,0,0,2,2,0,0,1,0,0,2,2,2,0,2,2,0,0,0,0,0,0,1,2,1,0,0,1,0,0,2,2,0
Best fitness found so far: -35.0; distance: 10.0
Generation: 73; 
d: 11.313708498984761; energy: -34.0; 1,0,0,0,2,2,1,2,0,2,0,0,0,0,2,0,0,1,2,2,0,1,2,0,0,1,0,0,2,2,2,0,2,2,2,0,0,0,1,2,2,0,0,2,2,0,1,1,0,0,0,1,0,1,1,1,1,2,2,0,1,0
Best fitness found so far: -35.0; distance: 10.0
Generation: 74; 
d: 10.0; energy: -35.0; 1,0,0,0,2,2,1,2,0,2,0,0,0,0,2,0,0,1,2,2,0,1,2,0,0,1,0,0,2,2,2,0,2,2,2,0,0,0,1,2,2,0,0,2,2,0,0,0,0,1,0,0,0,0,0,0,2,2,2,2,0,0
Best fitness found so far: -35.0; distance: 10.0
Generation: 75; 
d: 11.313708498984761; energy: -35.0; 1,0,0,0,2,2,1,2,0,2,0,0,0,0,2,0,0,1,2,2,0,1,2,0,0,1,0,0,2,2,2,0,2,2,2,0,0,0,1,2,2,0,0,2,2,0,1,1,0,0,0,1,0,0,1,0,1,0,0,1,0,0
Best fitness found so far: -35.0; distance: 10.0
Generation: 76; 
d: 10.816653826391969; energy: -36.0; 0,1,0,0,1,2,0,0,0,0,0,0,2,1,0,0,0,1,1,0,0,2,2,2,0,1,0,0,2,2,0,0,2,2,0,0,1,0,0,2,2,2,0,2,2,0,0,1,1,1,0,0,0,0,0,0,0,1,1,2,2,1
Best fitness found so far: -36.0; distance: 10.816653826391969
Generation: 77; 
d: 10.0; energy: -35.0; 1,0,0,0,2,2,1,2,0,2,0,0,0,0,2,0,0,1,2,2,0,1,2,0,0,1,0,0,2,2,2,0,2,2,2,0,0,0,1,2,2,0,0,2,2,0,0,0,0,0,0,0,2,0,0,0,0,0,1,0,0,0
Best fitness found so far: -36.0; distance: 10.816653826391969
Generation: 78; 
d: 10.770329614269007; energy: -35.0; 1,0,1,2,0,0,1,0,1,0,0,0,0,0,2,0,0,1,0,0,0,1,1,0,0,1,0,0,2,2,0,0,2,2,0,0,1,0,0,2,2,0,0,2,2,0,0,0,0,1,1,1,1,2,0,0,1,2,0,2,2,1
Best fitness found so far: -36.0; distance: 10.816653826391969
Generation: 79; 
d: 10.0; energy: -37.0; 1,0,0,0,2,2,1,2,0,2,0,0,0,0,2,0,0,1,2,2,0,1,2,0,0,1,0,0,2,2,2,0,2,2,2,0,0,0,1,2,2,0,0,2,2,0,0,2,0,0,0,0,0,1,1,0,0,2,2,0,2,2
Best fitness found so far: -37.0; distance: 10.0
Generation: 80; 
d: 10.0; energy: -36.0; 1,0,0,0,2,2,1,2,0,2,0,0,0,0,2,0,0,1,2,2,0,1,2,0,0,1,0,0,2,2,2,0,2,2,2,0,0,0,1,2,2,0,0,2,2,0,0,2,0,0,0,0,0,1,1,0,0,2,2,0,0,0
Best fitness found so far: -37.0; distance: 10.0
Generation: 81; 
d: 10.0; energy: -36.0; 1,0,0,0,2,2,1,2,0,2,0,0,0,0,2,0,0,1,2,2,0,1,2,0,0,1,0,0,2,2,2,0,2,2,2,0,0,0,1,2,2,0,0,2,2,0,0,2,0,0,0,0,0,1,1,0,0,2,2,0,0,0
Best fitness found so far: -37.0; distance: 10.0
Generation: 82; 
d: 11.661903789690601; energy: -35.0; 1,0,0,0,2,2,1,2,0,2,0,0,0,0,2,0,0,1,2,2,0,1,2,0,0,1,0,0,2,2,2,0,0,2,2,0,1,0,0,2,2,2,0,2,2,0,0,0,0,0,0,0,0,2,2,1,0,0,0,1,0,0
Best fitness found so far: -37.0; distance: 10.0
Generation: 83; 
d: 10.0; energy: -37.0; 1,0,0,0,2,2,1,2,0,2,0,0,0,0,2,0,0,1,2,2,0,1,2,0,0,1,0,0,2,2,2,0,2,2,2,0,0,0,1,2,2,0,0,2,2,0,0,2,0,0,0,0,0,1,1,0,0,2,2,0,2,2
Best fitness found so far: -37.0; distance: 10.0
Generation: 84; 
d: 10.0; energy: -37.0; 1,0,0,0,2,2,1,2,0,2,0,0,0,0,2,0,0,1,2,2,0,1,2,0,0,1,0,0,2,2,2,0,2,2,2,0,0,0,1,2,2,0,0,2,2,0,0,2,0,0,0,0,0,1,1,0,0,2,2,0,2,0
Best fitness found so far: -37.0; distance: 10.0
Generation: 85; 
d: 10.0; energy: -37.0; 1,0,0,0,2,2,1,2,0,2,0,0,0,0,2,0,0,1,2,2,0,1,2,0,0,1,0,0,2,2,2,0,2,2,2,0,0,0,1,2,2,0,0,2,2,0,0,2,0,0,0,0,0,1,1,0,0,2,2,0,2,0
Best fitness found so far: -37.0; distance: 10.0
Generation: 86; 
d: 10.0; energy: -37.0; 1,0,0,0,2,2,1,2,0,2,0,0,0,0,2,0,0,1,2,2,0,1,2,0,0,1,0,0,2,2,2,0,2,2,2,0,0,0,1,2,2,0,0,2,2,0,0,2,0,0,0,0,0,1,1,0,0,2,2,0,2,0
Best fitness found so far: -37.0; distance: 10.0
Generation: 87; 
d: 11.40175425099138; energy: -37.0; 1,0,0,0,2,2,1,2,0,2,0,0,0,0,2,0,0,1,2,2,0,1,2,0,0,1,0,0,2,2,2,0,2,2,0,0,1,0,0,2,2,2,1,1,2,0,0,0,0,2,0,0,0,0,2,0,0,1,2,2,0,2
Best fitness found so far: -37.0; distance: 10.0
Generation: 88; 
d: 11.40175425099138; energy: -37.0; 1,0,0,0,2,2,1,2,0,2,0,0,0,0,2,0,0,1,2,2,0,1,2,0,0,1,0,0,2,2,2,0,2,2,0,0,1,0,0,2,2,2,1,1,2,0,0,0,0,2,0,0,0,0,2,0,0,1,2,2,0,2
Best fitness found so far: -37.0; distance: 10.0
Generation: 89; 
d: 10.0; energy: -37.0; 1,0,0,0,2,2,1,2,0,2,0,0,0,0,2,0,0,1,2,2,0,1,2,0,0,1,0,0,2,2,2,0,2,2,2,0,0,0,1,2,2,0,0,2,2,0,0,2,0,0,0,0,0,1,1,0,0,2,2,0,2,0
Best fitness found so far: -37.0; distance: 10.0
Generation: 90; 
d: 10.0; energy: -37.0; 1,0,0,0,2,2,1,2,0,2,0,0,0,0,2,0,0,1,2,2,0,1,2,0,0,1,0,0,2,2,0,0,2,2,0,0,1,0,0,2,2,2,0,2,2,0,0,2,0,0,0,0,0,1,1,0,0,2,2,0,2,2
Best fitness found so far: -37.0; distance: 10.0
Generation: 91; 
d: 11.40175425099138; energy: -37.0; 1,0,0,0,2,2,1,2,0,2,0,0,0,0,2,0,0,1,2,2,0,1,2,0,0,1,0,0,2,2,2,0,2,2,2,0,0,0,0,2,2,2,1,1,2,0,0,0,0,2,0,0,0,0,2,0,0,1,2,0,0,1
Best fitness found so far: -37.0; distance: 10.0
Generation: 92; 
d: 11.40175425099138; energy: -37.0; 1,0,0,0,2,2,1,2,0,2,0,0,0,0,2,0,0,1,2,2,0,1,2,0,0,1,0,0,2,2,2,0,2,2,2,0,1,0,0,2,2,2,1,1,2,0,0,0,0,2,0,0,0,0,2,0,0,1,2,0,0,1
Best fitness found so far: -37.0; distance: 10.0
Generation: 93; 
d: 10.0; energy: -39.0; 1,0,0,0,2,2,1,2,0,2,0,0,0,0,2,0,0,1,2,2,0,1,2,0,0,1,0,0,2,2,2,0,2,2,2,0,0,0,1,2,2,0,0,2,2,0,0,2,0,1,0,0,0,1,1,0,0,0,0,0,2,2
Best fitness found so far: -39.0; distance: 10.0
Generation: 94; 
d: 10.0; energy: -39.0; 0,0,2,2,1,2,1,2,0,2,0,0,0,0,2,0,0,1,2,2,0,1,2,0,0,1,0,0,2,2,2,0,2,2,2,0,0,0,1,2,2,0,0,2,2,0,0,2,0,1,0,0,0,1,1,0,1,0,0,0,0,0
Best fitness found so far: -39.0; distance: 10.0
Generation: 95; 
d: 10.0; energy: -39.0; 1,0,0,0,2,2,1,2,0,2,0,0,0,0,2,0,0,1,2,2,0,1,2,0,0,1,0,0,2,2,2,0,2,2,2,0,0,0,1,2,2,0,0,2,2,0,0,2,0,1,0,0,0,1,1,0,0,0,0,0,0,0
Best fitness found so far: -39.0; distance: 10.0
Generation: 96; 
d: 10.0; energy: -39.0; 1,0,0,0,2,2,1,2,0,2,0,0,0,0,2,0,0,1,2,2,0,1,2,0,0,1,0,0,2,2,2,0,2,2,2,0,0,0,0,2,2,0,0,2,2,0,0,2,0,1,0,0,0,1,1,0,0,2,2,0,0,2
Best fitness found so far: -39.0; distance: 10.0
Generation: 97; 
d: 10.0; energy: -39.0; 1,0,0,0,2,2,1,2,0,2,0,0,0,0,2,0,0,1,2,2,0,1,2,0,0,1,0,0,2,2,2,0,2,2,2,0,0,0,1,2,2,0,0,2,2,0,0,2,0,1,0,0,0,1,1,0,0,2,2,0,0,2
Best fitness found so far: -39.0; distance: 10.0
Generation: 98; 
d: 10.0; energy: -39.0; 1,0,0,0,2,2,1,2,0,2,0,0,0,0,2,0,0,1,2,2,0,1,2,0,0,1,0,0,2,2,2,0,2,2,2,0,0,0,1,2,2,0,0,2,2,0,0,2,0,1,0,0,0,1,1,0,0,0,0,0,2,2
Best fitness found so far: -39.0; distance: 10.0
Generation: 99; 
d: 10.0; energy: -39.0; 1,0,0,0,2,2,1,2,0,2,0,0,0,0,2,0,0,1,2,2,0,1,2,0,0,1,0,0,2,2,2,0,2,2,2,0,0,0,1,2,2,0,0,2,2,0,0,2,0,1,0,0,0,1,1,0,0,2,2,0,0,0
Best fitness found so far: -39.0; distance: 10.0
Generation: 100; 
d: 10.0; energy: -39.0; 1,0,0,0,2,2,1,2,0,2,0,0,0,0,2,0,0,1,2,2,0,1,2,0,0,1,0,0,2,2,2,0,2,2,2,0,0,0,0,2,2,0,0,2,2,0,0,2,0,1,0,0,0,1,1,0,0,2,0,1,0,0
Best fitness found so far: -39.0; distance: 10.0
Generation: 101; 
d: 10.0; energy: -39.0; 1,0,0,0,2,2,1,2,0,2,0,0,0,0,2,0,0,1,2,2,0,0,2,0,0,1,0,0,2,2,2,0,2,2,2,0,0,0,1,2,2,0,0,2,2,0,0,2,0,1,0,0,0,1,1,0,2,1,0,2,2,0
Best fitness found so far: -39.0; distance: 10.0
Generation: 102; 
d: 10.0; energy: -39.0; 1,0,0,0,2,2,1,2,0,2,0,0,0,0,2,0,0,1,2,2,0,1,2,0,0,1,0,0,2,2,2,0,2,2,0,0,0,0,1,2,2,0,0,2,2,0,0,2,0,1,0,0,0,1,1,0,0,2,2,0,0,0
Best fitness found so far: -39.0; distance: 10.0
Generation: 103; 
d: 10.0; energy: -39.0; 1,0,0,0,2,2,1,2,0,2,0,0,0,0,2,0,0,1,2,2,0,1,2,0,0,1,0,0,2,2,2,0,2,2,0,0,0,0,0,2,2,0,0,2,2,0,0,2,0,1,0,0,0,1,1,0,0,2,0,1,0,0
Best fitness found so far: -39.0; distance: 10.0
Generation: 104; 
d: 10.0; energy: -39.0; 1,0,0,0,2,2,1,2,0,2,0,0,0,0,2,0,0,1,2,2,0,1,2,0,0,1,0,0,2,2,2,0,2,2,2,0,0,0,1,2,2,0,0,2,2,0,0,2,0,1,0,0,0,1,1,0,0,0,0,0,0,0
Best fitness found so far: -39.0; distance: 10.0
Generation: 105; 
d: 10.0; energy: -39.0; 1,0,0,0,2,2,1,2,0,2,0,0,0,0,2,0,0,1,2,2,0,1,2,0,0,1,0,0,2,2,0,0,2,2,0,0,0,0,1,2,2,0,0,2,2,0,0,2,0,1,0,0,0,1,1,0,0,0,0,0,2,2
Best fitness found so far: -39.0; distance: 10.0
Generation: 106; 
d: 10.0; energy: -39.0; 1,0,0,0,2,2,1,2,0,2,0,0,0,0,2,0,0,1,2,2,0,1,2,0,0,1,0,0,2,2,2,0,2,2,2,0,0,0,1,2,2,0,0,2,2,0,0,2,0,1,0,0,0,1,1,0,2,2,2,0,0,0
Best fitness found so far: -39.0; distance: 10.0
Generation: 107; 
d: 10.0; energy: -39.0; 1,0,0,0,2,2,1,2,0,2,0,0,0,0,2,0,0,1,2,2,0,1,2,0,0,1,0,0,2,2,2,0,2,2,2,0,0,0,1,2,2,0,0,2,2,0,0,2,0,1,0,0,0,1,1,0,0,2,2,0,2,0
Best fitness found so far: -39.0; distance: 10.0
Generation: 108; 
d: 10.0; energy: -39.0; 1,0,0,0,2,2,1,2,0,2,0,0,0,0,2,0,0,1,2,2,0,1,2,0,0,0,1,0,2,2,0,0,2,2,0,0,0,0,1,2,2,0,0,2,2,0,0,2,0,1,0,0,0,1,1,0,0,2,2,1,0,0
Best fitness found so far: -39.0; distance: 10.0
Generation: 109; 
d: 10.0; energy: -39.0; 1,0,0,0,2,2,1,2,0,2,0,0,0,0,2,0,0,1,2,2,0,1,2,0,0,0,1,0,2,2,2,0,2,2,2,0,0,0,1,2,2,2,0,2,2,0,0,2,0,1,0,0,0,1,1,0,1,0,2,0,2,2
Best fitness found so far: -39.0; distance: 10.0
Generation: 110; 
d: 10.0; energy: -39.0; 1,0,0,0,2,2,1,2,0,2,0,0,0,0,2,0,0,1,2,2,0,1,2,0,0,1,0,0,2,2,2,0,2,2,2,0,0,0,1,2,2,0,0,2,2,0,0,2,0,1,0,0,0,1,1,0,0,2,2,0,2,2
Best fitness found so far: -39.0; distance: 10.0
Generation: 111; 
d: 10.0; energy: -39.0; 1,0,0,0,2,2,1,2,0,2,0,0,0,0,2,0,0,1,2,2,0,1,2,0,0,1,0,0,2,2,0,0,2,2,2,0,0,0,0,2,2,0,0,2,2,0,0,2,0,1,0,0,0,1,1,0,0,2,2,0,2,2
Best fitness found so far: -39.0; distance: 10.0
Generation: 112; 
d: 10.0; energy: -39.0; 1,0,0,0,2,2,1,2,0,2,0,0,0,0,2,0,0,1,2,2,0,1,2,0,0,1,0,0,2,2,2,0,2,2,0,0,0,0,1,2,2,0,0,2,2,0,0,2,0,1,0,0,0,1,1,0,0,0,1,1,1,2
Best fitness found so far: -39.0; distance: 10.0
