Algorithm configured with: 
Pop: 1000
Aux Pop: 200
CrP: 1.0
MtP: 1.0
List of crossover: 
SinglePointCrossover
IntegerTwoPointsCrossover
MultiPointsCrossover
List of mutations: 
BitFlipMutation
LoopMoveOperator
LocalMoveOperator
SegmentMutation
OppositeMoveOperator
Execution: 1
Generation: 0; 
d: 26.076809620810597; energy: -12.0; 2,0,0,1,1,2,1,0,2,1,0,0,2,1,2,1,1,0,0,1,1,2,1,0,1,2,0,0,2,2,1,1,2,0,2,2,1,0,1,0,2,2,0,0,2,1,1,0,1,2,0,2,1,1,1,1,0,2,2,1,2,0,0,2,0,2,0,1,1,0,1,2,0,0,2,0,0,2,0,2,2,1,2
Best fitness found so far: -12.0; distance: 26.076809620810597
Generation: 1; 
d: 18.24828759089466; energy: -26.0; 1,2,2,1,0,0,2,1,0,1,1,1,2,2,1,1,1,1,1,1,0,0,2,0,0,2,2,0,1,0,2,1,1,0,1,1,2,2,0,1,0,2,0,0,1,2,2,1,1,2,0,2,2,0,0,2,0,1,0,2,2,0,0,1,0,1,1,2,2,0,1,0,1,1,2,0,0,2,2,0,0,2,0
Best fitness found so far: -26.0; distance: 18.24828759089466
Generation: 2; 
d: 17.029386365926403; energy: -25.0; 1,1,1,1,0,2,0,2,0,1,1,1,1,1,0,0,1,1,2,2,0,0,2,2,1,2,0,2,0,0,2,2,0,0,1,2,2,1,0,1,2,2,1,1,0,0,2,2,0,2,2,0,0,2,1,2,0,1,1,1,1,0,0,1,0,1,1,1,1,1,0,0,2,1,0,1,2,1,2,2,0,0,2
Best fitness found so far: -26.0; distance: 18.24828759089466
Generation: 3; 
d: 18.027756377319946; energy: -28.0; 0,1,1,1,0,1,0,0,0,1,1,0,1,0,0,1,0,0,0,1,2,2,2,2,1,0,2,1,1,1,0,0,1,0,2,2,0,1,2,0,2,2,2,1,2,2,1,1,1,2,2,0,2,2,0,0,0,0,2,0,0,2,1,0,0,0,2,0,2,0,2,2,2,2,1,2,1,1,1,1,2,0,0
Best fitness found so far: -28.0; distance: 18.027756377319946
Generation: 4; 
d: 23.430749027719962; energy: -27.0; 1,1,2,0,2,0,2,1,0,2,2,1,1,2,2,0,2,1,0,0,2,1,1,1,2,2,0,1,2,2,2,1,2,0,1,0,1,2,0,2,1,1,0,1,0,0,0,0,2,2,2,1,2,2,2,1,2,1,1,0,0,1,0,0,1,2,0,2,2,2,0,2,2,1,0,0,1,0,0,2,1,2,0
Best fitness found so far: -28.0; distance: 18.027756377319946
Generation: 5; 
d: 19.1049731745428; energy: -28.0; 0,0,1,1,2,2,0,0,1,1,2,1,2,2,0,0,2,2,0,1,0,2,2,2,0,1,2,0,0,1,2,2,1,1,1,1,1,0,0,0,0,1,0,1,0,0,2,2,0,1,1,0,1,0,0,0,0,1,2,0,0,1,0,0,1,2,2,2,0,2,1,2,2,0,1,0,2,2,2,0,1,0,2
Best fitness found so far: -28.0; distance: 18.027756377319946
Generation: 6; 
d: 15.524174696260024; energy: -29.0; 1,0,1,1,0,0,1,2,2,2,0,0,2,0,0,1,0,1,1,1,2,2,2,2,2,1,0,1,1,2,1,1,2,2,0,2,0,1,1,0,0,1,2,1,2,0,1,2,1,2,2,0,0,2,1,1,1,2,1,1,1,0,0,1,1,1,1,1,2,0,2,0,0,2,2,0,1,0,2,0,0,1,0
Best fitness found so far: -29.0; distance: 15.524174696260024
Generation: 7; 
d: 13.601470508735444; energy: -32.0; 0,0,2,1,0,2,0,1,2,1,2,2,0,1,0,0,2,2,0,2,0,2,2,1,2,0,1,1,1,1,0,0,1,1,1,2,1,2,1,2,0,1,1,2,2,1,2,0,0,2,0,1,2,0,0,1,0,0,2,0,1,0,0,1,2,2,0,1,1,1,0,0,1,1,0,0,1,2,0,1,1,2,0
Best fitness found so far: -32.0; distance: 13.601470508735444
Generation: 8; 
d: 13.601470508735444; energy: -33.0; 0,0,2,1,0,2,0,1,2,1,2,2,0,1,0,0,2,2,0,2,0,2,2,1,2,0,1,1,1,1,0,0,1,1,1,2,1,2,1,2,0,1,1,2,2,1,2,0,0,2,0,1,2,0,0,1,0,0,2,0,1,0,0,1,2,2,0,1,0,1,0,2,2,0,1,0,0,2,2,1,2,0,2
Best fitness found so far: -33.0; distance: 13.601470508735444
Generation: 9; 
d: 13.601470508735444; energy: -31.0; 0,0,2,1,0,2,0,1,2,1,2,2,0,1,0,0,2,2,0,2,0,2,2,1,2,0,1,1,1,1,0,0,1,1,1,2,1,2,1,2,0,1,1,2,2,1,2,0,0,2,0,1,2,0,0,1,0,0,2,0,1,0,0,1,2,2,0,1,0,1,0,1,1,0,0,1,2,1,1,2,1,0,2
Best fitness found so far: -33.0; distance: 13.601470508735444
Generation: 10; 
d: 13.601470508735444; energy: -32.0; 0,0,2,1,0,2,0,1,2,1,2,2,0,1,0,0,2,2,0,2,0,2,2,1,2,0,1,1,1,1,0,0,1,1,1,2,1,2,1,2,0,1,1,2,2,1,2,0,0,2,0,1,2,0,0,1,0,0,2,0,1,0,0,1,2,2,0,1,1,1,0,1,1,0,0,1,2,0,2,1,1,2,0
Best fitness found so far: -33.0; distance: 13.601470508735444
Generation: 11; 
d: 13.92838827718412; energy: -32.0; 0,0,2,1,2,2,0,1,2,2,0,0,1,0,1,0,0,1,2,2,1,0,0,0,2,1,1,1,1,2,1,2,2,0,0,1,1,2,2,0,1,0,1,1,2,2,1,2,2,0,1,1,0,0,0,1,0,2,1,0,2,1,0,0,1,1,2,0,2,1,2,1,0,2,1,2,1,1,2,2,1,1,0
Best fitness found so far: -33.0; distance: 13.601470508735444
Generation: 12; 
d: 14.212670403551895; energy: -32.0; 0,1,1,1,0,0,0,1,0,1,2,2,0,0,0,1,1,1,1,0,0,2,0,0,1,0,2,2,1,0,1,0,2,1,0,1,0,2,2,1,2,1,1,1,2,0,2,1,1,1,1,2,0,0,0,0,0,1,1,1,0,0,2,0,0,0,1,1,1,2,2,0,2,2,2,0,0,0,1,1,1,0,1
Best fitness found so far: -33.0; distance: 13.601470508735444
Generation: 13; 
d: 21.095023109728988; energy: -32.0; 0,1,2,0,0,0,1,0,0,1,2,0,2,1,2,0,0,2,2,2,0,1,0,0,0,0,1,1,2,1,2,2,2,2,2,2,1,2,2,0,0,0,0,0,0,0,2,2,0,1,1,0,2,1,2,2,2,2,1,1,2,1,0,0,1,1,0,0,1,0,0,2,2,0,1,0,2,1,2,0,1,0,0
Best fitness found so far: -33.0; distance: 13.601470508735444
Generation: 14; 
d: 12.36931687685298; energy: -36.0; 0,1,2,0,0,0,1,0,0,1,2,0,2,1,2,2,0,1,0,0,2,0,1,0,0,2,2,1,2,0,2,0,0,1,0,1,2,0,0,0,0,0,1,2,2,0,0,1,2,1,0,0,1,2,0,1,1,0,0,0,0,0,1,2,2,2,2,2,1,2,1,2,1,0,0,1,2,0,0,1,1,2,1
Best fitness found so far: -36.0; distance: 12.36931687685298
Generation: 15; 
d: 13.601470508735444; energy: -37.0; 0,1,2,0,0,0,1,0,0,1,2,0,2,1,2,2,0,1,0,0,2,0,1,0,1,0,0,2,2,1,2,1,0,1,0,0,0,1,0,0,0,0,1,2,2,0,0,1,2,1,0,0,1,2,0,1,1,0,0,0,0,0,1,2,2,2,2,2,1,2,1,2,1,0,0,1,2,0,0,1,1,2,1
Best fitness found so far: -37.0; distance: 13.601470508735444
Generation: 16; 
d: 15.231546211727817; energy: -39.0; 0,1,2,0,0,0,1,0,0,1,2,0,2,1,2,2,0,1,0,0,2,0,1,0,1,0,0,2,2,1,2,1,0,1,0,0,0,1,0,0,0,0,1,2,2,0,0,1,2,1,0,0,1,2,0,1,1,0,0,0,0,0,1,2,2,2,2,2,1,2,1,2,0,2,2,0,1,0,2,0,0,1,0
Best fitness found so far: -39.0; distance: 15.231546211727817
Generation: 17; 
d: 12.806248474865697; energy: -36.0; 0,1,2,0,0,0,1,0,0,1,2,0,2,1,2,2,0,1,0,0,2,0,1,0,0,2,2,1,2,0,2,0,0,1,0,1,2,0,0,0,0,0,1,2,2,0,0,1,2,1,0,0,1,2,0,1,1,0,0,0,0,0,1,2,2,2,2,2,1,2,1,2,2,2,1,1,1,0,0,0,1,0,0
Best fitness found so far: -39.0; distance: 15.231546211727817
Generation: 18; 
d: 15.556349186104045; energy: -34.0; 0,1,1,1,0,0,0,1,0,1,2,2,0,0,0,1,1,1,1,0,0,2,0,0,1,0,2,2,1,0,1,0,2,1,0,1,0,2,2,1,2,1,1,1,2,0,2,1,1,1,1,2,0,0,0,0,0,1,1,1,0,0,2,0,0,0,1,2,2,1,0,2,2,0,1,0,2,1,2,0,1,0,0
Best fitness found so far: -39.0; distance: 15.231546211727817
Generation: 19; 
d: 17.11724276862369; energy: -33.0; 0,0,2,1,0,2,0,1,2,1,2,2,0,1,0,0,2,2,0,2,0,2,2,1,2,0,1,1,1,1,0,0,1,1,1,2,1,2,1,2,0,1,1,2,2,1,2,0,0,2,0,1,2,0,0,0,0,1,1,1,0,0,2,0,0,0,1,2,2,1,0,2,2,0,1,0,2,1,2,0,1,0,0
Best fitness found so far: -39.0; distance: 15.231546211727817
Generation: 20; 
d: 13.45362404707371; energy: -36.0; 0,1,1,1,0,0,0,1,0,1,2,2,0,0,0,1,1,1,1,0,0,2,0,0,1,0,2,2,1,0,1,0,2,1,0,1,0,2,2,1,2,1,1,1,2,0,2,1,1,1,1,2,0,0,0,0,0,1,1,1,0,1,0,1,1,2,0,2,0,2,2,1,2,0,2,0,2,0,2,0,0,1,0
Best fitness found so far: -39.0; distance: 15.231546211727817
Generation: 21; 
d: 15.652475842498529; energy: -35.0; 0,2,0,2,1,2,1,1,2,2,0,0,1,0,1,1,2,2,1,2,1,2,0,1,1,0,2,1,2,2,1,2,1,1,0,1,2,0,0,0,0,0,0,1,2,2,1,2,2,0,1,1,0,0,0,0,2,0,0,2,1,2,0,0,0,0,1,1,2,0,0,2,0,0,1,0,2,0,0,0,1,0,1
Best fitness found so far: -39.0; distance: 15.231546211727817
Generation: 22; 
d: 16.76305461424021; energy: -34.0; 1,0,0,1,2,0,0,1,1,1,0,0,1,0,2,2,0,2,0,1,2,2,0,1,2,2,0,0,2,2,1,2,0,0,1,1,2,0,2,2,2,1,2,2,1,2,2,1,0,2,0,1,2,0,0,1,0,0,2,0,1,0,0,1,2,2,0,1,1,1,0,0,1,1,0,0,1,2,0,1,1,2,0
Best fitness found so far: -39.0; distance: 15.231546211727817
Generation: 23; 
d: 11.40175425099138; energy: -37.0; 0,1,2,0,0,0,1,0,0,1,2,0,2,1,2,2,0,1,0,0,2,0,1,0,0,2,2,1,2,0,2,0,0,1,0,1,2,0,0,0,0,0,1,2,2,0,0,1,2,1,0,0,1,2,0,1,1,0,0,0,0,0,0,1,1,0,0,0,1,2,1,2,1,0,0,1,2,2,1,2,1,0,0
Best fitness found so far: -39.0; distance: 15.231546211727817
Generation: 24; 
d: 13.601470508735444; energy: -35.0; 0,1,1,1,0,0,0,1,0,1,2,2,0,0,0,1,1,1,1,0,0,2,0,0,1,0,2,2,1,0,1,0,2,1,0,1,0,2,2,1,2,1,1,1,2,0,2,1,1,1,1,2,0,0,0,0,0,1,1,1,0,0,0,1,2,2,0,1,0,1,0,1,1,0,0,1,1,2,2,0,2,2,2
Best fitness found so far: -39.0; distance: 15.231546211727817
Generation: 25; 
d: 13.45362404707371; energy: -36.0; 0,1,1,1,0,0,0,1,0,1,2,2,0,0,0,1,1,1,1,0,0,2,0,0,1,0,2,2,1,0,1,0,2,1,0,1,0,2,2,1,2,1,1,1,2,0,2,0,0,2,0,1,2,0,0,1,0,0,2,0,1,0,0,0,2,0,0,2,0,2,2,0,0,2,2,1,2,0,2,2,1,2,0
Best fitness found so far: -39.0; distance: 15.231546211727817
Generation: 26; 
d: 12.529964086141668; energy: -35.0; 0,1,2,0,0,0,1,0,0,1,2,0,2,1,2,2,0,1,0,0,2,0,1,0,0,2,2,1,2,0,2,0,0,1,0,1,2,0,0,0,0,0,1,2,2,0,0,1,2,1,0,0,1,2,0,1,1,0,0,0,0,0,1,2,2,2,0,0,2,0,2,2,2,2,1,2,1,1,2,2,1,0,0
Best fitness found so far: -39.0; distance: 15.231546211727817
Generation: 27; 
d: 13.416407864998739; energy: -38.0; 1,0,1,1,0,0,1,2,2,2,0,0,2,0,0,1,0,1,1,1,2,2,2,2,2,1,0,1,1,2,1,1,2,2,0,2,0,1,1,0,0,1,2,1,2,0,1,2,1,2,1,1,1,0,0,1,0,0,2,0,1,0,0,1,2,2,0,1,1,1,0,0,2,0,2,1,1,0,0,1,1,0,0
Best fitness found so far: -39.0; distance: 15.231546211727817
Generation: 28; 
d: 13.416407864998739; energy: -38.0; 1,0,1,1,0,0,1,2,2,2,0,0,2,0,0,1,0,1,1,1,2,2,2,2,2,1,0,1,1,2,1,1,2,2,0,2,0,1,1,0,0,1,2,1,2,0,1,2,1,2,1,1,1,0,0,1,0,0,2,0,1,0,0,1,2,2,0,1,1,1,0,0,2,0,2,1,1,0,0,1,1,0,0
Best fitness found so far: -39.0; distance: 15.231546211727817
Generation: 29; 
d: 13.601470508735444; energy: -38.0; 1,0,1,1,0,0,0,0,2,2,0,0,1,0,2,2,0,1,1,1,1,1,0,0,0,0,1,1,2,2,1,2,1,1,0,1,2,0,0,0,0,0,0,1,2,2,1,2,2,0,1,1,0,0,0,1,0,0,0,0,1,2,1,0,0,0,1,1,2,0,0,1,0,0,2,2,1,1,2,2,1,0,0
Best fitness found so far: -39.0; distance: 15.231546211727817
Generation: 30; 
d: 13.416407864998739; energy: -38.0; 1,0,1,1,0,0,1,2,2,2,0,0,2,0,0,1,0,1,1,1,2,2,2,2,2,1,0,1,1,2,1,1,2,2,0,2,0,1,1,0,0,1,2,1,2,0,1,2,1,2,1,1,1,0,0,1,0,0,2,0,1,0,0,1,2,2,0,1,1,1,0,0,2,0,2,1,1,0,0,1,1,0,0
Best fitness found so far: -39.0; distance: 15.231546211727817
Generation: 31; 
d: 11.40175425099138; energy: -37.0; 0,1,2,0,0,0,1,0,0,1,2,0,2,1,2,2,0,1,0,0,2,0,1,0,0,2,2,1,2,0,2,0,0,1,0,1,2,0,0,0,0,0,1,2,2,0,0,1,2,1,0,0,1,2,0,1,1,0,0,0,0,0,0,1,1,0,0,0,1,2,1,2,1,0,0,1,2,2,1,2,1,0,0
Best fitness found so far: -39.0; distance: 15.231546211727817
Generation: 32; 
d: 13.601470508735444; energy: -37.0; 0,0,2,1,0,2,0,1,2,1,2,2,0,1,0,0,2,2,0,2,0,2,2,1,2,0,1,1,1,1,0,0,1,1,1,2,1,2,1,2,0,1,1,2,2,1,2,0,0,2,0,1,2,0,0,1,0,0,2,0,1,0,0,1,2,2,1,1,2,0,2,0,0,0,2,0,1,0,2,0,0,0,1
Best fitness found so far: -39.0; distance: 15.231546211727817
Generation: 33; 
d: 15.231546211727817; energy: -38.0; 0,1,1,1,0,0,0,1,0,1,2,2,0,0,0,1,1,1,1,0,0,2,0,0,1,0,2,2,1,0,1,0,2,2,0,1,1,0,2,0,0,1,0,1,0,0,2,1,0,0,1,1,0,2,1,2,1,2,1,2,2,2,1,1,1,0,1,1,1,0,0,0,0,2,2,0,0,0,0,0,2,1,2
Best fitness found so far: -39.0; distance: 15.231546211727817
Generation: 34; 
d: 12.649110640673518; energy: -39.0; 0,1,2,0,0,0,1,0,0,1,2,0,2,1,2,0,0,2,2,2,0,1,0,0,0,0,1,1,1,2,1,2,2,2,1,1,0,1,1,0,0,1,2,2,1,1,0,0,1,2,2,1,0,0,0,1,2,0,0,0,1,0,0,0,0,2,2,1,1,2,0,2,2,0,1,2,2,1,0,2,0,0,1
Best fitness found so far: -39.0; distance: 15.231546211727817
Generation: 35; 
d: 12.649110640673518; energy: -38.0; 0,1,2,0,0,0,1,0,0,1,2,0,2,1,2,0,0,2,2,2,0,1,0,0,0,0,1,1,1,2,1,2,2,2,1,1,0,1,1,0,0,1,2,2,1,1,0,0,1,2,2,1,0,0,0,1,2,0,0,0,1,0,0,0,0,2,2,1,1,2,0,0,2,2,2,0,0,0,1,0,2,1,1
Best fitness found so far: -39.0; distance: 15.231546211727817
Generation: 36; 
d: 15.264337522473747; energy: -39.0; 0,0,2,1,0,2,0,1,1,2,0,0,2,2,0,2,1,2,0,1,0,0,2,0,0,0,0,0,1,2,1,2,1,1,0,1,2,0,0,0,0,0,0,1,2,2,1,2,2,0,1,1,0,0,0,1,0,0,0,0,1,0,0,1,2,2,0,1,0,0,0,0,0,2,2,2,1,2,0,0,1,0,1
Best fitness found so far: -39.0; distance: 15.231546211727817
Generation: 37; 
d: 12.083045973594572; energy: -39.0; 0,1,2,0,0,0,1,0,0,1,2,0,2,1,0,1,1,1,1,0,0,2,0,0,1,0,2,2,1,0,1,2,1,1,0,1,2,0,0,0,0,0,0,1,2,2,1,2,2,0,1,1,0,0,0,1,0,0,0,0,1,2,1,0,0,0,1,1,2,0,2,0,0,0,2,0,1,0,2,0,0,0,1
Best fitness found so far: -39.0; distance: 15.231546211727817
Generation: 38; 
d: 12.649110640673518; energy: -39.0; 0,1,2,0,0,0,1,0,0,1,2,0,2,1,2,0,0,2,2,2,0,1,0,0,0,0,1,1,1,2,1,2,2,2,1,1,0,1,1,0,0,1,2,2,1,1,0,0,1,2,2,1,0,0,0,1,2,0,0,0,1,0,0,0,0,2,2,1,1,2,0,2,2,0,1,2,2,1,0,2,0,0,1
Best fitness found so far: -39.0; distance: 15.231546211727817
Generation: 39; 
d: 12.649110640673518; energy: -39.0; 0,1,2,0,0,0,1,0,0,1,2,0,2,1,2,2,0,1,0,0,2,0,1,0,0,2,2,1,2,0,2,0,0,1,0,1,2,0,0,0,0,0,1,2,2,0,0,1,2,1,0,0,1,2,0,1,1,0,0,0,0,0,0,1,1,0,0,2,0,1,0,2,2,1,2,1,1,0,2,0,0,1,0
Best fitness found so far: -39.0; distance: 15.231546211727817
Generation: 40; 
d: 14.422205101855956; energy: -38.0; 0,0,2,1,0,2,0,1,2,1,2,2,0,1,0,0,2,2,0,2,0,2,2,1,2,0,1,1,1,1,0,0,1,1,1,2,1,2,1,2,0,1,1,2,2,1,2,0,0,2,0,1,2,0,0,1,0,0,2,0,1,0,0,1,1,2,0,1,2,1,2,2,0,0,2,1,1,0,2,0,0,1,0
Best fitness found so far: -39.0; distance: 15.231546211727817
