Algorithm configured with: 
Pop: 2500
Aux Pop: 2000
CrP: 1.0
MtP: 1.0
List of crossover: 
SinglePointCrossover
IntegerTwoPointsCrossover
MultiPointsCrossover
List of mutations: 
BitFlipMutation
LoopMoveOperator
LocalMoveOperator
SegmentMutation
OppositeMoveOperator
Execution: 1
Generation: 0; 
d: 9.433981132056603; energy: -3.0; 0,0,1,2,1,2,1,0,0,1,1,0,2,2,1,1,0,2,0,0,1,0,2,1,2,0,2,1,0,0,1,2,2,1,0
Best fitness found so far: -3.0; distance: 9.433981132056603
Generation: 1; 
d: 8.54400374531753; energy: -9.0; 0,2,1,2,0,0,2,1,0,0,2,0,0,2,2,0,0,2,2,0,2,2,1,1,1,1,0,0,1,1,2,2,0,1,0
Best fitness found so far: -9.0; distance: 8.54400374531753
Generation: 2; 
d: 10.816653826391969; energy: -8.0; 1,2,2,0,0,0,0,1,1,1,2,1,2,0,0,2,1,2,2,1,1,0,0,2,2,2,0,1,0,2,2,2,1,0,2
Best fitness found so far: -9.0; distance: 8.54400374531753
Generation: 3; 
d: 10.04987562112089; energy: -9.0; 0,1,2,2,0,0,1,1,2,0,0,1,1,0,0,2,0,0,2,2,1,0,0,1,1,2,1,1,2,1,2,0,2,1,1
Best fitness found so far: -9.0; distance: 8.54400374531753
Generation: 4; 
d: 8.602325267042627; energy: -8.0; 1,2,1,1,1,0,0,2,2,0,0,2,0,1,0,1,0,2,2,1,1,2,2,0,0,2,2,0,2,0,0,1,0,2,1
Best fitness found so far: -9.0; distance: 8.54400374531753
Generation: 5; 
d: 9.433981132056603; energy: -9.0; 1,1,1,1,0,0,2,1,2,0,0,1,0,1,1,0,2,0,1,2,1,2,2,0,1,1,0,0,2,1,1,2,2,1,0
Best fitness found so far: -9.0; distance: 8.54400374531753
Generation: 6; 
d: 10.770329614269007; energy: -9.0; 0,0,2,1,0,0,1,0,1,0,2,1,2,1,2,0,0,2,2,2,0,0,0,1,0,2,1,2,2,1,1,0,0,1,0
Best fitness found so far: -9.0; distance: 8.54400374531753
Generation: 7; 
d: 7.280109889280518; energy: -10.0; 0,2,1,2,0,0,1,2,1,0,1,0,0,1,2,0,0,0,0,2,0,1,1,2,2,0,2,2,1,0,2,2,0,0,1
Best fitness found so far: -10.0; distance: 7.280109889280518
Generation: 8; 
d: 9.219544457292887; energy: -10.0; 1,1,2,0,2,2,1,2,0,2,2,0,0,0,0,2,2,2,0,1,1,0,0,1,0,2,0,0,0,0,0,2,2,0,1
Best fitness found so far: -10.0; distance: 7.280109889280518
Generation: 9; 
d: 7.280109889280518; energy: -10.0; 1,2,1,2,0,0,1,2,1,0,1,0,0,1,2,0,0,0,0,2,0,1,1,2,2,0,2,2,1,0,2,2,0,0,1
Best fitness found so far: -10.0; distance: 7.280109889280518
Generation: 10; 
d: 7.280109889280518; energy: -10.0; 1,0,2,2,0,0,1,2,1,0,1,0,0,1,2,0,0,0,0,2,0,1,1,2,2,0,2,2,1,0,2,2,0,0,1
Best fitness found so far: -10.0; distance: 7.280109889280518
Generation: 11; 
d: 10.816653826391969; energy: -10.0; 0,2,1,2,0,0,1,2,1,0,1,0,0,1,2,0,0,0,0,2,1,0,0,0,0,0,0,0,0,2,2,0,0,1,0
Best fitness found so far: -10.0; distance: 7.280109889280518
Generation: 12; 
d: 9.486832980505138; energy: -11.0; 1,2,1,2,0,0,1,2,1,0,1,0,0,1,2,0,0,0,0,1,0,2,2,1,0,2,2,2,1,1,2,2,0,0,2
Best fitness found so far: -11.0; distance: 9.486832980505138
Generation: 13; 
d: 8.602325267042627; energy: -10.0; 1,0,1,1,0,1,2,2,1,0,0,1,1,0,0,0,0,0,1,0,0,1,2,1,2,1,1,2,1,2,1,2,1,2,2
Best fitness found so far: -11.0; distance: 9.486832980505138
Generation: 14; 
d: 9.486832980505138; energy: -10.0; 2,1,1,1,0,0,0,0,2,1,0,0,2,0,2,2,2,0,0,0,0,2,2,1,2,2,1,2,2,2,0,2,2,1,2
Best fitness found so far: -11.0; distance: 9.486832980505138
Generation: 15; 
d: 9.486832980505138; energy: -11.0; 1,1,2,2,2,0,1,2,1,0,1,0,0,1,2,0,0,0,0,2,0,2,2,2,2,2,0,0,0,1,1,2,2,0,0
Best fitness found so far: -11.0; distance: 9.486832980505138
Generation: 16; 
d: 8.06225774829855; energy: -12.0; 0,1,2,2,0,0,1,1,2,0,0,1,1,0,0,2,0,0,2,1,1,0,0,2,1,1,0,0,1,0,0,0,0,1,0
Best fitness found so far: -12.0; distance: 8.06225774829855
Generation: 17; 
d: 7.810249675906654; energy: -11.0; 1,1,0,1,2,2,2,1,2,1,1,2,2,1,0,1,2,0,0,1,1,2,2,0,0,2,2,1,2,1,2,0,2,1,0
Best fitness found so far: -12.0; distance: 8.06225774829855
Generation: 18; 
d: 10.44030650891055; energy: -11.0; 2,1,2,2,2,0,2,1,1,1,0,0,0,0,1,1,1,2,2,1,1,0,0,0,0,0,1,0,0,2,2,1,2,2,2
Best fitness found so far: -12.0; distance: 8.06225774829855
Generation: 19; 
d: 8.06225774829855; energy: -12.0; 1,2,1,2,0,0,2,2,0,1,0,1,0,1,0,0,0,2,2,1,1,2,0,2,2,2,0,0,0,1,1,0,0,1,0
Best fitness found so far: -12.0; distance: 8.06225774829855
Generation: 20; 
d: 9.486832980505138; energy: -12.0; 0,2,1,2,0,0,1,2,1,0,1,0,0,1,2,0,0,0,1,2,0,2,2,1,0,2,2,1,2,1,0,0,1,0,2
Best fitness found so far: -12.0; distance: 8.06225774829855
Generation: 21; 
d: 8.48528137423857; energy: -12.0; 0,2,1,2,0,0,1,2,1,0,1,0,0,1,2,0,0,1,0,2,1,1,2,1,1,1,0,0,0,1,2,0,0,1,1
Best fitness found so far: -12.0; distance: 8.06225774829855
Generation: 22; 
d: 7.280109889280518; energy: -13.0; 1,0,1,0,2,2,1,0,1,2,2,0,2,1,1,2,2,0,2,0,1,0,0,0,2,0,1,0,0,2,2,0,0,1,1
Best fitness found so far: -13.0; distance: 7.280109889280518
Generation: 23; 
d: 7.810249675906654; energy: -12.0; 0,2,1,2,0,0,2,2,0,1,0,1,0,1,0,0,0,2,2,1,1,2,0,2,2,2,0,0,0,1,1,0,0,0,1
Best fitness found so far: -13.0; distance: 7.280109889280518
Generation: 24; 
d: 8.246211251235321; energy: -13.0; 0,2,2,1,0,0,2,2,1,0,1,0,0,1,2,0,0,0,0,2,1,2,2,2,2,1,2,2,1,1,1,2,2,0,0
Best fitness found so far: -13.0; distance: 7.280109889280518
Generation: 25; 
d: 7.280109889280518; energy: -13.0; 1,0,1,0,2,2,1,0,1,2,2,0,2,1,1,2,2,0,0,0,1,0,0,0,2,0,1,0,0,2,2,0,0,1,1
Best fitness found so far: -13.0; distance: 7.280109889280518
Generation: 26; 
d: 8.602325267042627; energy: -13.0; 1,1,1,2,0,0,1,2,1,0,1,0,0,1,2,0,0,1,2,2,0,2,2,1,0,2,2,1,2,1,1,0,0,1,1
Best fitness found so far: -13.0; distance: 7.280109889280518
Generation: 27; 
d: 8.246211251235321; energy: -12.0; 1,0,2,2,0,0,2,2,0,1,0,1,0,1,0,0,0,0,0,2,1,2,2,2,2,2,2,2,2,1,2,2,2,0,1
Best fitness found so far: -13.0; distance: 7.280109889280518
Generation: 28; 
d: 8.94427190999916; energy: -13.0; 1,1,2,2,2,0,1,2,1,0,1,0,0,1,2,0,0,0,0,2,0,2,2,2,0,2,2,1,2,0,0,2,2,2,2
Best fitness found so far: -13.0; distance: 7.280109889280518
Generation: 29; 
d: 7.615773105863909; energy: -13.0; 1,0,2,1,0,0,2,2,1,0,1,0,0,1,2,0,0,0,0,2,1,2,2,2,2,1,2,2,1,1,1,2,2,0,0
Best fitness found so far: -13.0; distance: 7.280109889280518
Generation: 30; 
d: 7.0710678118654755; energy: -13.0; 2,0,1,2,0,0,1,2,1,0,1,0,0,1,2,0,0,0,0,1,0,2,2,1,0,2,2,1,2,2,1,0,0,0,0
Best fitness found so far: -13.0; distance: 7.280109889280518
Generation: 31; 
d: 7.0710678118654755; energy: -13.0; 2,0,1,2,0,0,1,2,1,0,1,0,0,1,2,0,0,0,0,2,0,2,2,1,0,2,2,1,2,2,1,0,0,0,0
Best fitness found so far: -13.0; distance: 7.280109889280518
Generation: 32; 
d: 9.486832980505138; energy: -13.0; 2,0,2,2,0,0,1,2,1,0,1,0,0,1,2,0,0,0,2,2,0,2,2,1,0,2,2,1,2,1,1,0,0,0,1
Best fitness found so far: -13.0; distance: 7.280109889280518
Generation: 33; 
d: 8.94427190999916; energy: -13.0; 1,1,2,2,2,0,1,2,1,0,1,0,0,1,2,0,0,0,0,2,0,2,2,2,0,2,2,1,2,0,0,2,2,2,2
Best fitness found so far: -13.0; distance: 7.280109889280518
Generation: 34; 
d: 7.0710678118654755; energy: -13.0; 2,0,1,2,0,0,1,2,1,0,1,0,0,1,2,0,0,0,0,2,0,2,2,1,0,2,2,1,2,2,1,0,0,0,0
Best fitness found so far: -13.0; distance: 7.280109889280518
Generation: 35; 
d: 7.810249675906654; energy: -13.0; 1,1,1,2,0,0,1,2,1,0,1,0,0,1,2,0,0,0,0,2,2,2,2,1,0,2,2,1,2,2,1,0,0,0,0
Best fitness found so far: -13.0; distance: 7.280109889280518
Generation: 36; 
d: 8.06225774829855; energy: -13.0; 0,2,1,2,0,0,1,2,1,0,1,0,0,1,2,0,0,0,0,2,0,2,2,1,0,2,2,1,2,2,1,0,0,1,0
Best fitness found so far: -13.0; distance: 7.280109889280518
Generation: 37; 
d: 8.54400374531753; energy: -13.0; 1,2,1,2,0,0,1,2,1,0,1,0,0,1,2,0,0,0,0,2,0,2,2,1,0,2,2,1,2,2,1,0,0,0,0
Best fitness found so far: -13.0; distance: 7.280109889280518
Generation: 38; 
d: 8.06225774829855; energy: -13.0; 0,2,1,2,0,0,1,2,1,0,1,0,0,1,2,0,0,0,0,2,0,2,2,1,0,2,2,1,2,2,1,0,0,0,0
Best fitness found so far: -13.0; distance: 7.280109889280518
Generation: 39; 
d: 7.810249675906654; energy: -13.0; 2,2,1,2,0,0,1,2,1,0,1,0,0,1,2,0,0,0,0,2,2,2,2,1,0,2,2,1,2,1,0,2,2,2,1
Best fitness found so far: -13.0; distance: 7.280109889280518
Generation: 40; 
d: 8.48528137423857; energy: -13.0; 1,0,2,2,0,0,1,2,1,0,1,0,0,1,2,0,0,1,0,2,0,2,2,1,0,2,2,1,2,1,2,2,2,0,0
Best fitness found so far: -13.0; distance: 7.280109889280518
Generation: 41; 
d: 7.810249675906654; energy: -13.0; 2,2,1,2,0,0,1,2,1,0,1,0,0,1,2,0,0,0,0,2,0,2,2,2,1,1,2,2,1,2,0,2,2,2,2
Best fitness found so far: -13.0; distance: 7.280109889280518
Generation: 42; 
d: 8.48528137423857; energy: -13.0; 1,0,2,2,0,0,1,2,1,0,1,0,0,1,2,0,0,0,2,2,0,2,2,2,0,2,2,1,2,0,0,2,2,0,0
Best fitness found so far: -13.0; distance: 7.280109889280518
Generation: 43; 
d: 8.54400374531753; energy: -13.0; 1,2,1,2,0,0,1,2,1,0,1,0,0,1,2,0,0,0,0,2,0,2,2,1,0,2,2,1,2,2,1,0,0,1,0
Best fitness found so far: -13.0; distance: 7.280109889280518
Generation: 44; 
d: 7.211102550927978; energy: -13.0; 2,0,1,2,0,0,1,2,1,0,1,0,0,1,2,0,0,0,0,2,0,2,2,1,0,2,2,1,2,2,0,2,2,0,0
Best fitness found so far: -13.0; distance: 7.280109889280518
Generation: 45; 
d: 8.06225774829855; energy: -13.0; 1,0,2,2,2,0,1,2,1,0,1,0,0,1,2,0,0,0,0,2,0,2,2,1,0,2,2,1,2,1,1,0,0,0,0
Best fitness found so far: -13.0; distance: 7.280109889280518
Generation: 46; 
d: 8.06225774829855; energy: -13.0; 1,0,2,2,0,0,1,2,1,0,1,0,0,1,2,0,0,0,0,2,2,2,2,1,0,2,2,1,2,2,1,0,0,0,0
Best fitness found so far: -13.0; distance: 7.280109889280518
Generation: 47; 
d: 7.211102550927978; energy: -13.0; 2,0,1,2,0,0,1,2,1,0,1,0,0,1,2,0,0,0,0,2,2,2,2,1,0,2,2,1,2,1,0,2,2,0,0
Best fitness found so far: -13.0; distance: 7.280109889280518
Generation: 48; 
d: 7.0710678118654755; energy: -13.0; 2,0,1,2,0,0,1,2,1,0,1,0,0,1,2,0,0,0,0,1,0,2,2,1,0,2,2,1,2,2,1,0,0,0,0
Best fitness found so far: -13.0; distance: 7.280109889280518
Generation: 49; 
d: 7.0710678118654755; energy: -13.0; 2,0,1,2,0,0,1,2,1,0,1,0,0,1,2,0,0,0,0,2,0,2,2,1,0,2,2,1,2,2,1,0,0,0,0
Best fitness found so far: -13.0; distance: 7.280109889280518
Generation: 50; 
d: 7.0710678118654755; energy: -13.0; 2,0,1,2,0,0,1,2,1,0,1,0,0,1,2,0,0,0,0,2,0,2,2,1,0,2,2,1,2,2,1,0,0,0,0
Best fitness found so far: -13.0; distance: 7.280109889280518
Generation: 51; 
d: 7.0710678118654755; energy: -13.0; 2,0,1,2,0,0,1,2,1,0,1,0,0,1,2,0,0,0,2,2,0,2,2,1,0,2,2,1,2,2,1,0,0,0,0
Best fitness found so far: -13.0; distance: 7.280109889280518
Generation: 52; 
d: 7.0710678118654755; energy: -13.0; 2,0,1,2,0,0,1,2,1,0,1,0,0,1,2,0,0,1,2,2,0,2,2,1,0,2,2,1,2,2,1,0,0,0,0
Best fitness found so far: -13.0; distance: 7.280109889280518
Generation: 53; 
d: 7.0710678118654755; energy: -13.0; 2,0,1,2,0,0,1,2,1,0,1,0,0,1,2,0,0,0,2,2,0,2,2,1,0,2,2,1,2,0,1,0,0,0,0
Best fitness found so far: -13.0; distance: 7.280109889280518
Generation: 54; 
d: 7.0710678118654755; energy: -13.0; 2,0,1,2,0,0,1,2,1,0,1,0,0,1,2,0,0,0,0,2,0,2,2,1,0,2,2,1,2,2,1,0,0,0,0
Best fitness found so far: -13.0; distance: 7.280109889280518
Generation: 55; 
d: 7.0710678118654755; energy: -13.0; 2,0,1,2,0,0,1,2,1,0,1,0,0,1,2,0,0,0,0,2,0,2,2,1,0,2,2,1,2,2,1,0,0,0,0
Best fitness found so far: -13.0; distance: 7.280109889280518
Generation: 56; 
d: 7.0710678118654755; energy: -13.0; 2,0,1,2,0,0,1,2,1,0,1,0,0,1,2,0,0,0,0,2,0,2,2,1,0,2,2,1,2,2,1,0,0,0,0
Best fitness found so far: -13.0; distance: 7.280109889280518
Generation: 57; 
d: 7.0710678118654755; energy: -13.0; 2,0,1,2,0,0,1,2,1,0,1,0,0,1,2,0,0,0,0,2,0,2,2,1,0,2,2,1,2,2,1,0,0,0,0
Best fitness found so far: -13.0; distance: 7.280109889280518
Generation: 58; 
d: 7.0710678118654755; energy: -13.0; 2,0,1,2,0,0,1,2,1,0,1,0,0,1,2,0,0,0,0,2,0,2,2,1,0,2,2,1,2,1,1,2,0,2,0
Best fitness found so far: -13.0; distance: 7.280109889280518
Generation: 59; 
d: 7.0710678118654755; energy: -13.0; 2,0,1,2,0,0,1,2,1,0,1,0,0,1,2,0,0,0,0,2,0,2,2,1,0,2,2,1,2,2,1,2,0,2,0
Best fitness found so far: -13.0; distance: 7.280109889280518
Generation: 60; 
d: 7.0710678118654755; energy: -13.0; 2,0,1,2,0,0,1,2,1,0,1,0,0,1,2,0,0,0,0,2,0,2,2,1,0,2,2,1,2,0,1,0,0,2,0
Best fitness found so far: -13.0; distance: 7.280109889280518
Generation: 61; 
d: 7.0710678118654755; energy: -13.0; 2,0,1,2,0,0,1,2,1,0,1,0,0,1,2,0,0,1,0,2,2,2,2,1,0,2,2,1,2,2,1,0,0,0,0
Best fitness found so far: -13.0; distance: 7.280109889280518
Generation: 62; 
d: 7.0710678118654755; energy: -13.0; 2,0,1,2,0,0,1,2,1,0,1,0,0,1,2,0,0,1,0,2,2,2,2,1,0,2,2,1,2,1,1,2,0,2,0
Best fitness found so far: -13.0; distance: 7.280109889280518
Generation: 63; 
d: 7.0710678118654755; energy: -13.0; 2,0,1,2,0,0,1,2,1,0,1,0,0,1,2,0,0,0,0,2,0,2,2,1,0,2,2,1,2,2,1,0,0,0,0
Best fitness found so far: -13.0; distance: 7.280109889280518
Generation: 64; 
d: 7.0710678118654755; energy: -13.0; 2,0,1,2,0,0,1,2,1,0,1,0,0,1,2,0,0,0,0,2,0,2,2,1,0,2,2,1,2,2,1,0,0,2,0
Best fitness found so far: -13.0; distance: 7.280109889280518
Generation: 65; 
d: 7.0710678118654755; energy: -13.0; 2,0,1,2,0,0,1,2,1,0,1,0,0,1,2,0,0,0,2,2,0,2,2,1,0,2,2,1,2,2,1,0,0,0,0
Best fitness found so far: -13.0; distance: 7.280109889280518
Generation: 66; 
d: 7.0710678118654755; energy: -13.0; 2,0,1,2,0,0,1,2,1,0,1,0,0,1,2,0,0,0,0,2,0,2,2,1,0,2,2,1,2,2,1,0,0,0,0
Best fitness found so far: -13.0; distance: 7.280109889280518
Generation: 67; 
d: 7.0710678118654755; energy: -13.0; 2,0,1,2,0,0,1,2,1,0,1,0,0,1,2,0,0,1,0,2,0,2,2,2,0,2,2,1,2,2,1,0,0,0,0
Best fitness found so far: -13.0; distance: 7.280109889280518
Generation: 68; 
d: 7.0710678118654755; energy: -13.0; 2,0,1,2,0,0,1,2,1,0,1,0,0,1,2,0,0,0,1,2,0,2,2,1,0,2,2,1,2,2,1,0,0,0,0
Best fitness found so far: -13.0; distance: 7.280109889280518
Generation: 69; 
d: 7.0710678118654755; energy: -13.0; 2,0,1,2,0,0,1,2,1,0,1,0,0,1,2,0,0,0,0,2,0,2,2,1,0,2,2,1,2,2,1,0,0,0,0
Best fitness found so far: -13.0; distance: 7.280109889280518
Generation: 70; 
d: 7.0710678118654755; energy: -13.0; 2,0,1,2,0,0,1,2,1,0,1,0,0,1,2,0,0,0,2,2,0,2,2,1,0,2,2,1,2,2,1,0,0,0,0
Best fitness found so far: -13.0; distance: 7.280109889280518
Generation: 71; 
d: 7.0710678118654755; energy: -13.0; 2,0,1,2,0,0,1,2,1,0,1,0,0,1,2,0,0,0,0,2,0,2,2,1,0,2,2,1,2,2,1,0,0,0,0
Best fitness found so far: -13.0; distance: 7.280109889280518
Generation: 72; 
d: 7.0710678118654755; energy: -13.0; 2,0,1,2,0,0,1,2,1,0,1,0,0,1,2,0,0,0,0,2,0,2,2,1,0,2,2,1,2,0,1,0,0,0,0
Best fitness found so far: -13.0; distance: 7.280109889280518
Generation: 73; 
d: 7.0710678118654755; energy: -13.0; 2,0,1,2,0,0,1,2,1,0,1,0,0,1,2,0,0,0,2,2,0,2,2,1,0,2,2,1,2,2,1,0,0,0,0
Best fitness found so far: -13.0; distance: 7.280109889280518
Generation: 74; 
d: 7.0710678118654755; energy: -13.0; 2,0,1,2,0,0,1,2,1,0,1,0,0,1,2,0,0,0,0,2,0,2,2,1,0,2,2,1,2,2,1,0,0,1,0
Best fitness found so far: -13.0; distance: 7.280109889280518
Generation: 75; 
d: 7.0710678118654755; energy: -13.0; 2,0,1,2,0,0,1,2,1,0,1,0,0,1,2,0,0,0,0,2,0,2,2,1,0,2,2,1,2,2,1,0,0,0,0
Best fitness found so far: -13.0; distance: 7.280109889280518
Generation: 76; 
d: 7.0710678118654755; energy: -13.0; 2,0,1,2,0,0,1,2,1,0,1,0,0,1,2,0,0,0,0,0,0,2,2,1,0,2,2,1,2,2,1,0,0,0,0
Best fitness found so far: -13.0; distance: 7.280109889280518
Generation: 77; 
d: 7.0710678118654755; energy: -13.0; 2,0,1,2,0,0,1,2,1,0,1,0,0,1,2,0,0,0,0,2,0,2,2,1,0,2,2,1,2,2,1,0,0,0,0
Best fitness found so far: -13.0; distance: 7.280109889280518
Generation: 78; 
d: 7.0710678118654755; energy: -13.0; 2,0,1,2,0,0,1,2,1,0,1,0,0,1,2,0,0,1,2,2,0,2,2,1,0,2,2,1,2,1,1,0,0,2,0
Best fitness found so far: -13.0; distance: 7.280109889280518
Generation: 79; 
d: 7.0710678118654755; energy: -13.0; 2,0,1,2,0,0,1,2,1,0,1,0,0,1,2,0,0,0,1,1,0,2,2,1,0,2,2,1,2,2,1,0,0,0,0
Best fitness found so far: -13.0; distance: 7.280109889280518
Generation: 80; 
d: 7.0710678118654755; energy: -13.0; 2,0,1,2,0,0,1,2,1,0,1,0,0,1,2,0,0,0,2,2,0,2,2,1,0,2,2,1,2,2,1,0,0,0,0
Best fitness found so far: -13.0; distance: 7.280109889280518
Generation: 81; 
d: 7.0710678118654755; energy: -13.0; 2,0,1,2,0,0,1,2,1,0,1,0,0,1,2,0,0,0,0,2,0,2,2,1,0,2,2,1,2,2,1,0,0,0,0
Best fitness found so far: -13.0; distance: 7.280109889280518
Generation: 82; 
d: 7.0710678118654755; energy: -13.0; 2,0,1,2,0,0,1,2,1,0,1,0,0,1,2,0,0,0,1,2,0,2,2,1,0,2,2,1,2,0,1,0,0,0,0
Best fitness found so far: -13.0; distance: 7.280109889280518
Generation: 83; 
d: 7.0710678118654755; energy: -13.0; 2,0,1,2,0,0,1,2,1,0,1,0,0,1,2,0,0,0,0,2,0,2,2,1,0,2,2,1,2,2,1,0,0,0,0
Best fitness found so far: -13.0; distance: 7.280109889280518
Generation: 84; 
d: 7.0710678118654755; energy: -13.0; 2,0,1,2,0,0,1,2,1,0,1,0,0,1,2,0,0,0,0,2,0,2,2,1,0,2,2,1,2,2,1,0,0,0,0
Best fitness found so far: -13.0; distance: 7.280109889280518
Generation: 85; 
d: 7.0710678118654755; energy: -13.0; 2,0,1,2,0,0,1,2,1,0,1,0,0,1,2,0,0,0,0,1,0,2,2,1,0,2,2,1,2,2,1,0,0,1,0
Best fitness found so far: -13.0; distance: 7.280109889280518
Generation: 86; 
d: 7.0710678118654755; energy: -13.0; 2,0,1,2,0,0,1,2,1,0,1,0,0,1,2,0,0,0,0,2,0,2,2,1,0,2,2,1,2,2,1,0,0,1,0
Best fitness found so far: -13.0; distance: 7.280109889280518
Generation: 87; 
d: 7.0710678118654755; energy: -13.0; 2,0,1,2,0,0,1,2,1,0,1,0,0,1,2,0,0,0,0,2,0,2,2,1,0,2,2,1,2,0,1,0,0,0,0
Best fitness found so far: -13.0; distance: 7.280109889280518
Generation: 88; 
d: 7.0710678118654755; energy: -13.0; 2,0,1,2,0,0,1,2,1,0,1,0,0,1,2,0,0,0,0,2,0,2,2,1,0,2,2,1,2,0,1,0,0,0,0
Best fitness found so far: -13.0; distance: 7.280109889280518
Generation: 89; 
d: 7.0710678118654755; energy: -13.0; 2,0,1,2,0,0,1,2,1,0,1,0,0,1,2,0,0,0,0,2,0,2,2,1,0,2,2,1,2,0,1,0,0,2,0
Best fitness found so far: -13.0; distance: 7.280109889280518
Generation: 90; 
d: 7.0710678118654755; energy: -13.0; 2,0,1,2,0,0,1,2,1,0,1,0,0,1,2,0,0,0,0,2,0,2,2,1,0,2,2,1,2,2,1,0,0,0,0
Best fitness found so far: -13.0; distance: 7.280109889280518
Generation: 91; 
d: 7.0710678118654755; energy: -13.0; 2,0,1,2,0,0,1,2,1,0,1,0,0,1,2,0,0,1,2,2,0,2,2,1,0,2,2,1,2,0,1,0,0,0,0
Best fitness found so far: -13.0; distance: 7.280109889280518
Generation: 92; 
d: 7.0710678118654755; energy: -13.0; 2,0,1,2,0,0,1,2,1,0,1,0,0,1,2,0,0,1,0,2,0,2,2,1,0,2,2,1,2,2,1,0,0,0,0
Best fitness found so far: -13.0; distance: 7.280109889280518
Generation: 93; 
d: 7.0710678118654755; energy: -13.0; 2,0,1,2,0,0,1,2,1,0,1,0,0,1,2,0,0,0,0,2,0,2,2,1,0,2,2,1,2,0,1,0,0,0,0
Best fitness found so far: -13.0; distance: 7.280109889280518
Generation: 94; 
d: 7.0710678118654755; energy: -13.0; 2,0,1,2,0,0,1,2,1,0,1,0,0,1,2,0,0,1,2,2,0,2,2,1,0,2,2,1,2,0,1,0,0,0,0
Best fitness found so far: -13.0; distance: 7.280109889280518
Generation: 95; 
d: 7.0710678118654755; energy: -13.0; 2,0,1,2,0,0,1,2,1,0,1,0,0,1,2,0,0,0,0,2,0,2,2,1,0,2,2,1,2,2,1,0,0,0,0
Best fitness found so far: -13.0; distance: 7.280109889280518
Generation: 96; 
d: 7.0710678118654755; energy: -13.0; 2,0,1,2,0,0,1,2,1,0,1,0,0,1,2,0,0,0,0,2,0,2,2,2,0,2,2,1,2,2,1,0,0,2,0
Best fitness found so far: -13.0; distance: 7.280109889280518
Generation: 97; 
d: 7.0710678118654755; energy: -13.0; 2,0,1,2,0,0,1,2,1,0,1,0,0,1,2,0,0,0,2,2,0,2,2,1,0,2,2,1,2,0,1,0,0,0,0
Best fitness found so far: -13.0; distance: 7.280109889280518
Generation: 98; 
d: 7.0710678118654755; energy: -13.0; 2,0,1,2,0,0,1,2,1,0,1,0,0,1,2,0,0,0,1,2,0,2,2,1,0,2,2,1,2,0,1,0,0,2,0
Best fitness found so far: -13.0; distance: 7.280109889280518
Generation: 99; 
d: 7.0710678118654755; energy: -13.0; 2,0,1,2,0,0,1,2,1,0,1,0,0,1,2,0,0,0,0,0,0,2,2,1,0,2,2,1,2,2,1,0,0,2,0
Best fitness found so far: -13.0; distance: 7.280109889280518
Generation: 100; 
d: 7.0710678118654755; energy: -13.0; 2,0,1,2,0,0,1,2,1,0,1,0,0,1,2,0,0,0,0,2,0,2,2,2,0,2,2,1,2,2,1,0,0,0,0
Best fitness found so far: -13.0; distance: 7.280109889280518
Generation: 101; 
d: 7.0710678118654755; energy: -13.0; 2,0,1,2,0,0,1,2,1,0,1,0,0,0,2,0,0,0,0,2,0,2,2,1,0,2,2,1,2,2,1,0,0,1,0
Best fitness found so far: -13.0; distance: 7.280109889280518
Generation: 102; 
d: 7.0710678118654755; energy: -13.0; 2,0,1,2,0,0,1,2,1,0,1,0,0,1,2,0,0,0,0,2,0,2,2,1,0,2,2,1,2,0,1,0,0,0,0
Best fitness found so far: -13.0; distance: 7.280109889280518
Generation: 103; 
d: 7.0710678118654755; energy: -13.0; 2,0,1,2,0,0,1,2,1,0,1,0,0,1,2,0,0,0,0,1,0,2,2,1,0,2,2,1,2,2,1,0,0,0,0
Best fitness found so far: -13.0; distance: 7.280109889280518
Generation: 104; 
d: 7.0710678118654755; energy: -13.0; 2,0,1,2,0,0,1,2,1,0,1,0,0,1,2,0,0,0,0,2,0,2,2,1,0,2,2,1,2,2,1,0,0,0,0
Best fitness found so far: -13.0; distance: 7.280109889280518
Generation: 105; 
d: 7.0710678118654755; energy: -13.0; 2,0,1,2,0,0,1,2,1,0,1,0,0,1,2,0,0,1,2,2,0,2,2,1,0,2,2,1,2,2,1,0,0,0,0
Best fitness found so far: -13.0; distance: 7.280109889280518
Generation: 106; 
d: 7.0710678118654755; energy: -13.0; 2,0,1,2,0,0,1,2,1,0,1,0,0,1,2,0,0,0,0,2,0,2,2,1,0,2,2,1,2,2,1,0,0,0,0
Best fitness found so far: -13.0; distance: 7.280109889280518
Generation: 107; 
d: 7.0710678118654755; energy: -13.0; 2,0,1,2,0,0,1,2,1,0,1,0,0,1,2,0,0,0,0,2,0,2,2,1,0,2,2,1,2,2,1,0,0,1,0
Best fitness found so far: -13.0; distance: 7.280109889280518
Generation: 108; 
d: 7.0710678118654755; energy: -13.0; 2,0,1,2,0,0,1,2,1,0,1,0,0,1,2,0,0,0,2,2,0,2,2,1,0,2,2,1,2,0,1,0,0,0,0
Best fitness found so far: -13.0; distance: 7.280109889280518
Generation: 109; 
d: 7.0710678118654755; energy: -13.0; 2,0,1,2,0,0,1,2,1,0,1,0,0,1,2,0,0,0,0,2,2,2,2,1,0,2,2,1,2,1,1,0,0,0,0
Best fitness found so far: -13.0; distance: 7.280109889280518
Generation: 110; 
d: 7.0710678118654755; energy: -13.0; 2,0,1,2,0,0,1,2,1,0,1,0,0,1,2,0,0,0,0,2,0,2,2,2,0,2,2,1,2,0,1,0,0,0,0
Best fitness found so far: -13.0; distance: 7.280109889280518
Generation: 111; 
d: 7.0710678118654755; energy: -13.0; 2,0,1,2,0,0,1,2,1,0,1,0,0,1,2,0,0,0,0,2,0,2,2,1,0,2,2,1,2,2,1,0,0,0,0
Best fitness found so far: -13.0; distance: 7.280109889280518
Generation: 112; 
d: 7.0710678118654755; energy: -13.0; 2,0,1,2,0,0,1,2,1,0,1,0,0,1,2,0,0,0,0,2,0,2,2,1,0,2,2,1,2,2,1,0,0,2,0
Best fitness found so far: -13.0; distance: 7.280109889280518
Generation: 113; 
d: 7.0710678118654755; energy: -13.0; 2,0,1,2,0,0,1,2,1,0,1,0,0,2,2,0,0,0,0,2,0,2,2,1,0,2,2,1,2,2,1,0,0,0,0
Best fitness found so far: -13.0; distance: 7.280109889280518
Generation: 114; 
d: 7.0710678118654755; energy: -13.0; 2,0,1,2,0,0,1,2,1,0,1,0,0,1,2,0,0,0,0,2,0,2,2,1,0,2,2,1,2,2,1,0,0,0,0
Best fitness found so far: -13.0; distance: 7.280109889280518
Generation: 115; 
d: 7.0710678118654755; energy: -13.0; 2,0,1,2,0,0,1,2,1,0,1,0,0,1,2,0,0,0,0,2,0,2,2,1,0,2,2,1,2,2,1,0,0,0,0
Best fitness found so far: -13.0; distance: 7.280109889280518
Generation: 116; 
d: 7.0710678118654755; energy: -13.0; 2,0,1,2,0,0,1,2,1,0,1,0,0,1,2,0,0,1,2,2,0,2,2,1,0,2,2,1,2,2,1,0,0,0,0
Best fitness found so far: -13.0; distance: 7.280109889280518
Generation: 117; 
d: 7.0710678118654755; energy: -13.0; 2,0,1,2,0,0,1,2,1,0,1,0,0,0,2,0,0,0,2,2,2,2,2,1,0,2,2,1,2,0,1,0,0,0,0
Best fitness found so far: -13.0; distance: 7.280109889280518
Generation: 118; 
d: 7.0710678118654755; energy: -13.0; 2,0,1,2,0,0,1,2,1,0,1,0,0,1,2,0,0,0,0,1,0,2,2,1,0,2,2,1,2,2,1,0,0,0,0
Best fitness found so far: -13.0; distance: 7.280109889280518
Generation: 119; 
d: 7.0710678118654755; energy: -13.0; 2,0,1,2,0,0,1,2,1,0,1,0,0,1,2,0,0,0,2,2,0,2,2,1,0,2,2,1,2,1,1,2,0,2,0
Best fitness found so far: -13.0; distance: 7.280109889280518
Generation: 120; 
d: 7.0710678118654755; energy: -13.0; 2,0,1,2,0,0,1,2,1,0,1,0,0,1,2,0,0,0,0,2,0,2,2,1,0,2,2,1,2,2,1,0,0,1,0
Best fitness found so far: -13.0; distance: 7.280109889280518
Generation: 121; 
d: 7.0710678118654755; energy: -13.0; 2,0,1,2,0,0,1,2,1,0,1,0,0,1,2,0,0,0,0,2,0,2,2,1,0,2,2,1,2,2,1,0,0,0,0
Best fitness found so far: -13.0; distance: 7.280109889280518
Generation: 122; 
d: 7.0710678118654755; energy: -13.0; 2,0,1,2,0,0,1,2,1,0,1,0,0,1,2,0,0,0,0,2,0,2,2,1,0,2,2,1,2,2,1,0,0,0,0
Best fitness found so far: -13.0; distance: 7.280109889280518
Generation: 123; 
d: 7.0710678118654755; energy: -13.0; 2,0,1,2,0,0,1,2,1,0,1,0,0,0,2,0,0,0,0,1,0,2,2,1,0,2,2,1,2,2,1,0,0,0,0
Best fitness found so far: -13.0; distance: 7.280109889280518
Generation: 124; 
d: 7.0710678118654755; energy: -13.0; 2,0,1,2,0,0,1,2,1,0,1,0,0,1,2,0,0,0,0,1,0,2,2,1,0,2,2,1,2,1,1,2,0,2,0
Best fitness found so far: -13.0; distance: 7.280109889280518
Generation: 125; 
d: 7.0710678118654755; energy: -13.0; 2,0,1,2,0,0,1,2,1,0,1,0,0,1,2,0,0,0,1,0,0,2,2,1,0,2,2,1,2,2,1,0,0,0,0
Best fitness found so far: -13.0; distance: 7.280109889280518
Generation: 126; 
d: 7.0710678118654755; energy: -13.0; 2,0,1,2,0,0,1,2,1,0,1,0,0,1,2,0,0,0,0,2,0,2,2,1,0,2,2,1,2,0,1,0,0,0,0
Best fitness found so far: -13.0; distance: 7.280109889280518
Generation: 127; 
d: 7.0710678118654755; energy: -13.0; 2,0,1,2,0,0,1,2,1,0,1,0,0,1,2,0,0,0,0,2,0,2,2,1,0,2,2,1,2,2,1,0,0,0,0
Best fitness found so far: -13.0; distance: 7.280109889280518
Generation: 128; 
d: 7.0710678118654755; energy: -13.0; 2,0,1,2,0,0,1,2,1,0,1,0,0,0,2,0,0,0,0,1,0,2,2,1,0,2,2,1,2,0,1,0,0,0,0
Best fitness found so far: -13.0; distance: 7.280109889280518
Generation: 129; 
d: 7.0710678118654755; energy: -13.0; 2,0,1,2,0,0,1,2,1,0,1,0,0,1,2,0,0,0,2,2,0,2,2,1,0,2,2,1,2,0,1,0,0,0,0
Best fitness found so far: -13.0; distance: 7.280109889280518
Generation: 130; 
d: 7.0710678118654755; energy: -13.0; 2,0,1,2,0,0,1,2,1,0,1,0,0,1,2,0,0,0,0,2,0,2,2,1,0,2,2,1,2,2,1,0,0,0,0
Best fitness found so far: -13.0; distance: 7.280109889280518
Generation: 131; 
d: 7.0710678118654755; energy: -13.0; 2,0,1,2,0,0,1,2,1,0,1,0,0,1,2,0,0,0,2,2,0,2,2,1,0,2,2,1,2,1,1,0,0,0,0
Best fitness found so far: -13.0; distance: 7.280109889280518
Generation: 132; 
d: 7.0710678118654755; energy: -13.0; 2,0,1,2,0,0,1,2,1,0,1,0,0,1,2,0,0,0,0,2,0,2,2,1,0,2,2,1,2,2,1,0,0,0,0
Best fitness found so far: -13.0; distance: 7.280109889280518
Generation: 133; 
d: 7.0710678118654755; energy: -13.0; 2,0,1,2,0,0,1,2,1,0,1,0,0,1,2,0,0,0,0,2,0,2,2,1,0,2,2,1,2,0,1,0,0,0,0
Best fitness found so far: -13.0; distance: 7.280109889280518
Generation: 134; 
d: 7.0710678118654755; energy: -13.0; 2,0,1,2,0,0,1,2,1,0,1,0,0,1,2,0,0,0,0,2,0,2,2,1,0,2,2,1,2,0,1,0,0,0,0
Best fitness found so far: -13.0; distance: 7.280109889280518
Generation: 135; 
d: 7.0710678118654755; energy: -13.0; 2,0,1,2,0,0,1,2,1,0,1,0,0,1,2,0,0,0,2,2,0,2,2,1,0,2,2,1,2,2,1,0,0,0,0
Best fitness found so far: -13.0; distance: 7.280109889280518
Generation: 136; 
d: 7.0710678118654755; energy: -13.0; 2,0,1,2,0,0,1,2,1,0,1,0,0,1,2,0,0,0,2,2,0,2,2,1,0,2,2,1,2,2,1,0,0,0,0
Best fitness found so far: -13.0; distance: 7.280109889280518
Generation: 137; 
d: 7.0710678118654755; energy: -13.0; 2,0,1,2,0,0,1,2,1,0,1,0,0,1,2,0,0,0,0,1,0,2,2,1,0,2,2,1,2,2,1,0,0,0,0
Best fitness found so far: -13.0; distance: 7.280109889280518
Generation: 138; 
d: 7.0710678118654755; energy: -13.0; 2,0,1,2,0,0,1,2,1,0,1,0,0,1,2,0,0,0,0,1,0,2,2,1,0,2,2,1,2,2,1,0,0,0,0
Best fitness found so far: -13.0; distance: 7.280109889280518
Generation: 139; 
d: 7.0710678118654755; energy: -13.0; 2,0,1,2,0,0,1,2,1,0,1,0,0,1,2,0,0,0,0,2,0,2,2,1,0,2,2,1,2,0,1,0,0,0,0
Best fitness found so far: -13.0; distance: 7.280109889280518
Generation: 140; 
d: 7.0710678118654755; energy: -13.0; 2,0,1,2,0,0,1,2,1,0,1,0,0,1,2,0,0,0,0,2,0,2,2,1,0,2,2,1,2,2,1,0,0,1,0
Best fitness found so far: -13.0; distance: 7.280109889280518
Generation: 141; 
d: 7.0710678118654755; energy: -13.0; 2,0,1,2,0,0,1,2,1,0,1,0,0,1,2,0,0,0,2,2,0,2,2,1,0,2,2,1,2,2,1,0,0,0,0
Best fitness found so far: -13.0; distance: 7.280109889280518
Generation: 142; 
d: 7.0710678118654755; energy: -13.0; 2,0,1,2,0,0,1,2,1,0,1,0,0,1,2,0,0,0,2,2,0,2,2,1,0,2,2,1,2,0,1,0,0,0,0
Best fitness found so far: -13.0; distance: 7.280109889280518
Generation: 143; 
d: 7.0710678118654755; energy: -13.0; 2,0,1,2,0,0,1,2,1,0,1,0,0,1,2,0,0,0,2,2,0,2,2,1,0,2,2,1,2,2,1,0,0,0,0
Best fitness found so far: -13.0; distance: 7.280109889280518
Generation: 144; 
d: 7.0710678118654755; energy: -13.0; 2,0,1,2,0,0,1,2,1,0,1,0,0,1,2,0,0,0,2,2,0,2,2,1,0,2,2,1,2,2,1,0,0,0,0
Best fitness found so far: -13.0; distance: 7.280109889280518
Generation: 145; 
d: 7.0710678118654755; energy: -13.0; 2,0,1,2,0,0,1,2,1,0,1,0,0,1,2,0,0,0,0,1,2,2,2,1,0,2,2,1,2,0,1,0,0,0,0
Best fitness found so far: -13.0; distance: 7.280109889280518
Generation: 146; 
d: 7.0710678118654755; energy: -13.0; 2,0,1,2,0,0,0,2,1,0,1,0,0,1,2,0,0,0,0,2,0,2,2,1,0,2,2,1,2,2,1,0,0,0,0
Best fitness found so far: -13.0; distance: 7.280109889280518
Generation: 147; 
d: 7.0710678118654755; energy: -13.0; 2,0,1,2,0,0,1,2,1,0,1,0,0,1,2,0,0,0,0,2,0,2,2,1,0,2,2,1,2,2,1,0,0,1,0
Best fitness found so far: -13.0; distance: 7.280109889280518
Generation: 148; 
d: 7.0710678118654755; energy: -13.0; 2,0,1,2,0,0,1,2,1,0,1,0,0,1,2,0,0,1,2,2,0,2,2,1,0,2,2,1,2,2,1,0,0,0,0
Best fitness found so far: -13.0; distance: 7.280109889280518
Generation: 149; 
d: 7.0710678118654755; energy: -13.0; 2,0,1,2,0,0,1,2,1,0,1,0,0,1,2,0,0,0,2,2,0,2,2,1,0,2,2,1,2,0,1,0,0,0,0
Best fitness found so far: -13.0; distance: 7.280109889280518
Generation: 150; 
d: 7.0710678118654755; energy: -13.0; 2,0,1,2,0,0,1,2,1,0,1,0,0,1,2,0,0,0,0,2,0,2,2,1,0,2,2,1,2,2,1,0,0,0,0
Best fitness found so far: -13.0; distance: 7.280109889280518
Generation: 151; 
d: 7.0710678118654755; energy: -13.0; 2,0,1,2,0,0,1,2,1,0,1,0,0,1,2,0,0,0,0,2,0,2,2,1,0,2,2,1,2,2,1,0,0,0,0
Best fitness found so far: -13.0; distance: 7.280109889280518
Generation: 152; 
d: 7.0710678118654755; energy: -13.0; 2,0,1,2,0,0,1,2,1,0,1,0,0,1,2,0,0,0,0,2,0,2,2,1,0,2,2,1,2,1,1,0,0,0,0
Best fitness found so far: -13.0; distance: 7.280109889280518
Generation: 153; 
d: 7.0710678118654755; energy: -13.0; 2,0,1,2,0,0,1,2,1,0,1,0,0,1,2,0,0,0,2,2,0,2,2,1,0,2,2,1,2,1,1,2,0,1,0
Best fitness found so far: -13.0; distance: 7.280109889280518
Generation: 154; 
d: 7.0710678118654755; energy: -13.0; 2,0,1,2,0,0,1,2,1,0,1,0,0,1,2,0,0,1,2,2,0,2,2,1,0,2,2,1,2,2,1,0,0,0,0
Best fitness found so far: -13.0; distance: 7.280109889280518
Generation: 155; 
d: 7.0710678118654755; energy: -13.0; 2,0,1,2,0,0,1,2,1,0,1,0,0,1,2,0,0,0,2,2,0,2,2,1,0,2,2,1,2,2,1,0,0,0,0
Best fitness found so far: -13.0; distance: 7.280109889280518
Generation: 156; 
d: 7.0710678118654755; energy: -13.0; 2,0,1,2,0,0,1,2,1,0,1,0,0,1,2,0,0,0,2,2,0,2,2,1,0,2,2,1,2,2,1,0,0,0,0
Best fitness found so far: -13.0; distance: 7.280109889280518
Generation: 157; 
d: 7.0710678118654755; energy: -13.0; 2,0,1,2,0,0,1,2,1,0,1,0,0,1,2,0,0,0,2,2,0,2,2,1,0,2,2,1,2,0,1,0,0,0,0
Best fitness found so far: -13.0; distance: 7.280109889280518
Generation: 158; 
d: 7.0710678118654755; energy: -13.0; 2,0,1,2,0,0,1,2,1,0,1,0,0,1,2,0,0,1,0,2,0,2,2,1,0,2,2,1,2,2,1,0,0,0,0
Best fitness found so far: -13.0; distance: 7.280109889280518
Generation: 159; 
d: 7.0710678118654755; energy: -13.0; 2,0,1,2,0,0,1,2,1,0,1,0,0,1,2,0,0,0,0,2,0,2,2,1,0,2,2,1,2,2,1,0,0,0,0
Best fitness found so far: -13.0; distance: 7.280109889280518
Generation: 160; 
d: 7.0710678118654755; energy: -13.0; 2,0,1,2,0,0,1,2,1,0,1,0,0,1,2,0,0,0,0,2,2,2,2,1,0,2,2,1,2,0,1,0,0,1,0
Best fitness found so far: -13.0; distance: 7.280109889280518
Generation: 161; 
d: 7.0710678118654755; energy: -13.0; 2,0,1,2,0,0,1,2,1,0,1,0,0,1,2,0,0,0,0,2,0,2,2,1,0,2,2,1,2,2,1,0,0,0,0
Best fitness found so far: -13.0; distance: 7.280109889280518
Generation: 162; 
d: 7.0710678118654755; energy: -13.0; 2,0,1,2,0,0,1,2,1,0,1,0,0,1,2,0,0,0,0,2,0,2,2,1,0,2,2,1,2,2,1,0,0,0,0
Best fitness found so far: -13.0; distance: 7.280109889280518
Generation: 163; 
d: 8.246211251235321; energy: -13.0; 2,1,2,2,0,0,1,2,1,0,1,0,0,1,2,0,0,0,0,2,0,2,2,1,0,2,2,1,2,2,1,0,0,1,0
Best fitness found so far: -13.0; distance: 7.280109889280518
Generation: 164; 
d: 7.0710678118654755; energy: -13.0; 2,0,1,2,0,0,1,2,1,0,1,0,0,1,2,0,0,0,2,1,0,2,2,1,0,2,2,1,2,2,1,0,0,2,0
Best fitness found so far: -13.0; distance: 7.280109889280518
Generation: 165; 
d: 7.0710678118654755; energy: -13.0; 2,0,1,2,0,0,1,2,1,0,1,0,0,1,2,0,0,0,0,2,0,2,2,1,0,2,2,1,2,1,1,0,0,0,0
Best fitness found so far: -13.0; distance: 7.280109889280518
Generation: 166; 
d: 7.0710678118654755; energy: -13.0; 2,0,1,2,0,0,1,2,1,0,1,0,0,1,2,0,0,0,0,2,0,2,2,1,0,2,2,1,2,2,1,0,0,0,0
Best fitness found so far: -13.0; distance: 7.280109889280518
Generation: 167; 
d: 7.0710678118654755; energy: -13.0; 2,0,1,2,0,0,1,2,1,0,1,0,0,1,2,0,0,0,0,1,0,2,2,1,0,2,2,1,2,2,1,0,0,0,0
Best fitness found so far: -13.0; distance: 7.280109889280518
Generation: 168; 
d: 7.0710678118654755; energy: -13.0; 2,0,1,2,0,0,1,2,1,0,1,0,0,1,2,0,0,1,0,0,0,2,2,1,0,2,2,1,2,1,1,0,0,0,0
Best fitness found so far: -13.0; distance: 7.280109889280518
Generation: 169; 
d: 7.211102550927978; energy: -13.0; 2,0,1,2,0,0,1,2,1,0,1,0,0,1,2,0,0,0,1,2,0,2,2,1,0,2,2,1,2,2,0,2,2,1,0
Best fitness found so far: -13.0; distance: 7.280109889280518
Generation: 170; 
d: 8.246211251235321; energy: -13.0; 2,1,2,2,0,0,1,2,1,0,1,0,0,1,2,0,0,0,0,2,0,2,2,1,0,2,2,1,2,0,1,0,0,1,0
Best fitness found so far: -13.0; distance: 7.280109889280518
Generation: 171; 
d: 7.0710678118654755; energy: -13.0; 2,0,1,2,0,0,1,2,1,0,1,0,0,1,2,0,0,0,2,2,0,2,2,1,0,2,2,1,2,1,1,0,0,0,0
Best fitness found so far: -13.0; distance: 7.280109889280518
Generation: 172; 
d: 7.0710678118654755; energy: -13.0; 2,0,1,2,0,0,1,2,1,0,1,0,0,1,2,0,0,0,1,2,0,2,2,1,0,2,2,1,2,2,1,0,0,0,0
Best fitness found so far: -13.0; distance: 7.280109889280518
Generation: 173; 
d: 7.0710678118654755; energy: -13.0; 2,0,1,2,0,0,1,2,1,0,1,0,0,0,2,0,0,0,2,0,0,2,2,1,0,2,2,1,2,2,1,0,0,0,0
Best fitness found so far: -13.0; distance: 7.280109889280518
Generation: 174; 
d: 7.0710678118654755; energy: -13.0; 2,0,1,2,0,0,1,2,1,0,1,0,0,1,2,0,0,1,2,2,0,2,2,1,0,2,2,1,2,2,1,0,0,0,0
Best fitness found so far: -13.0; distance: 7.280109889280518
Generation: 175; 
d: 7.0710678118654755; energy: -13.0; 2,0,1,2,0,0,1,2,1,0,1,0,0,1,2,0,0,0,0,2,0,2,2,1,0,2,2,1,2,2,1,0,0,1,0
Best fitness found so far: -13.0; distance: 7.280109889280518
Generation: 176; 
d: 7.0710678118654755; energy: -13.0; 2,0,1,2,0,0,1,2,1,0,1,0,0,1,2,0,0,0,1,0,0,2,2,1,0,2,2,1,2,1,1,0,0,0,0
Best fitness found so far: -13.0; distance: 7.280109889280518
Generation: 177; 
d: 7.0710678118654755; energy: -13.0; 2,0,1,2,0,0,1,2,1,0,1,0,0,2,2,0,0,0,0,2,2,2,2,1,0,2,2,1,2,2,1,0,0,1,0
Best fitness found so far: -13.0; distance: 7.280109889280518
Generation: 178; 
d: 7.211102550927978; energy: -13.0; 2,0,1,2,0,0,1,2,1,0,1,0,0,1,2,0,0,0,0,2,0,2,2,1,0,2,2,1,2,0,0,2,2,2,0
Best fitness found so far: -13.0; distance: 7.280109889280518
Generation: 179; 
d: 7.0710678118654755; energy: -13.0; 2,0,1,2,0,0,1,2,1,0,1,0,0,2,2,0,0,0,0,2,0,2,2,1,0,2,2,1,2,2,1,0,0,0,0
Best fitness found so far: -13.0; distance: 7.280109889280518
Generation: 180; 
d: 7.0710678118654755; energy: -13.0; 2,0,1,2,0,0,1,2,1,0,1,0,0,1,2,0,0,0,1,2,0,2,2,1,0,2,2,1,2,0,1,0,0,0,0
Best fitness found so far: -13.0; distance: 7.280109889280518
Generation: 181; 
d: 7.0710678118654755; energy: -13.0; 2,0,1,2,0,0,1,2,1,0,1,0,0,1,2,0,0,0,0,1,0,2,2,1,0,2,2,1,2,2,1,0,0,0,0
Best fitness found so far: -13.0; distance: 7.280109889280518
Generation: 182; 
d: 7.0710678118654755; energy: -13.0; 2,0,1,2,0,0,1,2,1,0,1,0,0,1,2,0,0,0,0,2,0,2,2,1,0,2,2,1,2,2,1,0,0,0,0
Best fitness found so far: -13.0; distance: 7.280109889280518
Generation: 183; 
d: 7.0710678118654755; energy: -13.0; 2,0,1,2,0,0,1,2,1,0,1,0,0,1,2,0,0,0,0,2,0,2,2,1,0,2,2,1,2,2,1,0,0,0,0
Best fitness found so far: -13.0; distance: 7.280109889280518
Generation: 184; 
d: 7.0710678118654755; energy: -13.0; 2,0,1,2,0,0,1,2,1,0,1,0,0,1,2,0,0,0,0,2,0,2,2,1,0,2,2,1,2,2,1,0,0,0,0
Best fitness found so far: -13.0; distance: 7.280109889280518
Generation: 185; 
d: 7.0710678118654755; energy: -13.0; 2,0,1,2,0,0,1,2,1,0,1,0,0,1,2,0,0,0,0,2,0,2,2,1,0,2,2,1,2,2,1,0,0,0,0
Best fitness found so far: -13.0; distance: 7.280109889280518
Generation: 186; 
d: 7.0710678118654755; energy: -13.0; 2,0,1,2,0,0,1,2,1,0,1,0,0,1,2,0,0,0,0,2,0,2,2,1,0,2,2,1,2,2,1,0,0,0,0
Best fitness found so far: -13.0; distance: 7.280109889280518
Generation: 187; 
d: 7.0710678118654755; energy: -13.0; 2,0,1,2,0,0,1,2,1,0,1,0,0,1,2,0,0,0,0,2,0,2,2,1,0,2,2,1,2,2,1,0,0,0,0
Best fitness found so far: -13.0; distance: 7.280109889280518
Generation: 188; 
d: 7.0710678118654755; energy: -13.0; 2,0,1,2,0,0,1,2,1,0,1,0,0,1,2,0,0,1,2,2,0,2,2,1,0,2,2,1,2,2,1,0,0,0,0
Best fitness found so far: -13.0; distance: 7.280109889280518
Generation: 189; 
d: 7.0710678118654755; energy: -13.0; 2,0,1,2,0,0,1,2,1,0,1,0,0,1,2,0,0,0,2,2,0,2,2,1,0,2,2,1,2,2,1,0,0,0,0
Best fitness found so far: -13.0; distance: 7.280109889280518
Generation: 190; 
d: 7.0710678118654755; energy: -13.0; 2,0,1,2,0,0,1,2,1,0,1,0,0,1,2,0,0,0,0,2,0,2,2,1,0,2,2,1,2,2,1,0,0,0,0
Best fitness found so far: -13.0; distance: 7.280109889280518
Generation: 191; 
d: 7.0710678118654755; energy: -13.0; 2,0,1,2,0,0,1,2,1,0,1,0,0,1,2,0,0,0,1,2,2,2,2,1,0,2,2,1,2,2,1,0,0,0,0
Best fitness found so far: -13.0; distance: 7.280109889280518
Generation: 192; 
d: 7.0710678118654755; energy: -13.0; 2,0,1,2,0,0,1,2,1,0,1,0,0,1,2,0,0,0,2,2,0,2,2,1,0,2,2,1,2,1,1,0,0,0,0
Best fitness found so far: -13.0; distance: 7.280109889280518
Generation: 193; 
d: 7.0710678118654755; energy: -13.0; 2,0,1,2,0,0,1,2,1,0,1,0,0,2,2,0,0,0,0,2,0,2,2,1,0,2,2,1,2,1,1,2,0,1,0
Best fitness found so far: -13.0; distance: 7.280109889280518
Generation: 194; 
d: 7.0710678118654755; energy: -13.0; 2,0,1,2,0,0,1,2,1,0,1,0,0,1,2,0,0,0,0,2,0,2,2,1,0,2,2,1,2,1,1,2,0,0,0
Best fitness found so far: -13.0; distance: 7.280109889280518
Generation: 195; 
d: 7.0710678118654755; energy: -13.0; 2,0,1,2,0,0,1,2,2,2,0,0,0,1,2,0,0,0,0,2,0,2,2,1,0,2,2,1,2,0,1,0,0,0,0
Best fitness found so far: -13.0; distance: 7.280109889280518
Generation: 196; 
d: 7.0710678118654755; energy: -13.0; 2,0,1,2,0,0,1,2,1,0,1,0,0,1,2,0,0,0,0,2,0,2,2,1,0,2,2,1,2,2,1,0,0,0,0
Best fitness found so far: -13.0; distance: 7.280109889280518
Generation: 197; 
d: 7.0710678118654755; energy: -13.0; 2,0,1,2,0,0,1,2,1,0,1,0,0,1,2,0,0,0,0,2,0,2,2,1,0,2,2,1,2,2,1,0,0,0,0
Best fitness found so far: -13.0; distance: 7.280109889280518
Generation: 198; 
d: 7.211102550927978; energy: -13.0; 2,0,1,2,0,0,1,2,1,0,1,0,0,1,2,0,0,0,0,2,0,2,2,1,0,2,2,1,2,0,2,2,2,2,0
Best fitness found so far: -13.0; distance: 7.280109889280518
Generation: 199; 
d: 7.0710678118654755; energy: -13.0; 2,0,1,2,0,0,1,2,1,0,1,0,0,1,2,0,0,0,0,1,2,2,2,1,0,2,2,1,2,1,1,2,0,2,0
Best fitness found so far: -13.0; distance: 7.280109889280518
Generation: 200; 
d: 7.0710678118654755; energy: -13.0; 2,0,1,2,0,0,1,2,1,0,1,0,0,1,2,0,0,0,0,2,0,2,2,1,0,2,2,1,2,2,1,0,0,0,0
Best fitness found so far: -13.0; distance: 7.280109889280518
Generation: 201; 
d: 7.0710678118654755; energy: -13.0; 2,0,1,2,0,0,1,2,1,0,1,0,0,1,2,0,0,0,0,2,0,2,2,1,0,2,2,1,2,2,1,0,0,0,0
Best fitness found so far: -13.0; distance: 7.280109889280518
Generation: 202; 
d: 7.0710678118654755; energy: -13.0; 2,0,1,2,0,0,1,2,1,0,1,0,0,1,2,0,0,0,0,2,0,2,2,1,0,2,2,1,2,2,1,0,0,0,0
Best fitness found so far: -13.0; distance: 7.280109889280518
Generation: 203; 
d: 7.0710678118654755; energy: -13.0; 2,0,1,2,0,0,1,2,1,0,1,0,0,1,2,0,0,0,1,0,0,2,2,1,0,2,2,1,2,1,1,2,0,2,0
Best fitness found so far: -13.0; distance: 7.280109889280518
Generation: 204; 
d: 7.0710678118654755; energy: -13.0; 2,0,1,2,0,0,1,2,1,0,1,0,0,1,2,0,0,0,0,2,2,2,2,1,0,2,2,1,2,2,1,0,0,0,0
Best fitness found so far: -13.0; distance: 7.280109889280518
Generation: 205; 
d: 7.0710678118654755; energy: -13.0; 2,0,1,2,0,0,1,2,1,0,1,0,0,1,2,0,0,0,0,2,0,2,2,1,0,2,2,1,2,1,1,0,0,0,0
Best fitness found so far: -13.0; distance: 7.280109889280518
Generation: 206; 
d: 7.0710678118654755; energy: -13.0; 2,0,1,2,0,0,1,2,1,0,1,0,0,1,2,0,0,0,0,2,0,2,2,1,0,2,2,1,2,2,1,0,0,0,0
Best fitness found so far: -13.0; distance: 7.280109889280518
Generation: 207; 
d: 7.0710678118654755; energy: -13.0; 2,0,1,2,0,0,1,2,1,0,1,0,0,1,2,0,0,0,0,2,0,2,2,1,0,2,2,1,2,2,1,0,0,0,0
Best fitness found so far: -13.0; distance: 7.280109889280518
Generation: 208; 
d: 7.0710678118654755; energy: -13.0; 2,0,1,2,0,0,1,2,1,0,1,0,0,1,2,0,0,0,0,2,0,2,2,1,0,2,2,1,2,1,1,0,0,0,0
Best fitness found so far: -13.0; distance: 7.280109889280518
Generation: 209; 
d: 7.0710678118654755; energy: -13.0; 2,0,1,2,0,0,1,2,1,0,1,0,0,1,2,0,0,0,0,2,0,2,2,1,0,2,2,1,2,2,1,0,0,0,0
Best fitness found so far: -13.0; distance: 7.280109889280518
Generation: 210; 
d: 7.0710678118654755; energy: -13.0; 2,0,1,2,0,0,1,2,1,0,1,0,0,1,2,0,0,0,1,0,0,2,2,1,0,2,2,1,2,2,1,0,0,0,0
Best fitness found so far: -13.0; distance: 7.280109889280518
Generation: 211; 
d: 7.0710678118654755; energy: -13.0; 2,0,1,2,0,0,1,2,1,0,1,0,0,1,2,0,0,0,0,2,2,2,2,1,0,2,2,1,2,2,1,0,0,0,0
Best fitness found so far: -13.0; distance: 7.280109889280518
Generation: 212; 
d: 7.0710678118654755; energy: -13.0; 2,0,1,2,0,0,1,2,1,0,1,0,0,1,2,0,0,0,0,2,0,2,2,1,0,2,2,1,2,2,1,0,0,0,0
Best fitness found so far: -13.0; distance: 7.280109889280518
Generation: 213; 
d: 7.0710678118654755; energy: -13.0; 2,0,1,2,0,0,1,2,1,0,1,0,0,1,2,0,0,0,0,2,0,2,2,1,0,2,2,1,2,2,1,0,0,2,0
Best fitness found so far: -13.0; distance: 7.280109889280518
Generation: 214; 
d: 7.0710678118654755; energy: -13.0; 2,0,1,2,0,0,1,2,1,0,1,0,0,1,2,0,0,0,0,2,0,2,2,2,0,2,2,1,2,1,1,2,0,2,0
Best fitness found so far: -13.0; distance: 7.280109889280518
Generation: 215; 
d: 7.0710678118654755; energy: -13.0; 2,0,1,2,0,0,1,2,1,0,1,0,0,2,2,0,0,0,2,2,0,2,2,1,0,2,2,1,2,0,1,0,0,0,0
Best fitness found so far: -13.0; distance: 7.280109889280518
Generation: 216; 
d: 7.0710678118654755; energy: -13.0; 2,0,1,2,0,0,1,2,1,0,1,0,0,1,2,0,0,0,0,2,0,2,2,1,0,2,2,1,2,2,1,0,0,0,0
Best fitness found so far: -13.0; distance: 7.280109889280518
Generation: 217; 
d: 7.0710678118654755; energy: -13.0; 2,0,1,2,0,0,1,2,1,0,1,0,0,1,2,0,0,0,0,2,0,2,2,1,0,2,2,1,2,2,1,0,0,1,0
Best fitness found so far: -13.0; distance: 7.280109889280518
Generation: 218; 
d: 7.0710678118654755; energy: -13.0; 2,0,1,2,0,0,1,2,1,0,1,0,0,1,2,0,0,1,0,2,0,2,2,1,0,2,2,1,2,2,1,0,0,0,0
Best fitness found so far: -13.0; distance: 7.280109889280518
Generation: 219; 
d: 7.0710678118654755; energy: -13.0; 2,0,1,2,0,0,1,2,1,0,1,0,0,1,2,0,0,0,0,2,0,2,2,1,0,2,2,1,2,0,1,0,0,0,0
Best fitness found so far: -13.0; distance: 7.280109889280518
Generation: 220; 
d: 7.0710678118654755; energy: -13.0; 2,0,1,2,0,0,1,2,1,0,1,0,0,1,2,0,0,0,0,2,0,2,2,2,0,2,2,1,2,1,1,0,0,0,0
Best fitness found so far: -13.0; distance: 7.280109889280518
Generation: 221; 
d: 7.0710678118654755; energy: -13.0; 2,0,1,2,0,0,1,2,1,0,1,0,0,1,2,0,0,0,2,2,0,2,2,1,0,2,2,1,2,0,1,0,0,2,0
Best fitness found so far: -13.0; distance: 7.280109889280518
Generation: 222; 
d: 8.246211251235321; energy: -13.0; 2,1,2,2,0,0,1,2,1,0,1,0,0,1,2,0,0,1,2,2,0,2,2,1,0,2,2,1,2,2,1,0,0,0,0
Best fitness found so far: -13.0; distance: 7.280109889280518
Generation: 223; 
d: 7.0710678118654755; energy: -13.0; 2,0,1,2,0,0,1,2,1,0,1,0,0,1,2,0,0,0,0,2,0,2,2,1,0,2,2,1,2,1,1,0,0,0,0
Best fitness found so far: -13.0; distance: 7.280109889280518
Generation: 224; 
d: 7.0710678118654755; energy: -13.0; 2,0,1,2,0,0,1,2,1,0,1,0,0,1,2,0,0,0,2,2,2,2,2,1,0,2,2,1,2,2,1,0,0,0,0
Best fitness found so far: -13.0; distance: 7.280109889280518
Generation: 225; 
d: 7.0710678118654755; energy: -13.0; 2,0,1,2,0,0,1,2,1,0,1,0,0,1,2,0,0,0,0,1,0,2,2,1,0,2,2,1,2,2,1,0,0,0,0
Best fitness found so far: -13.0; distance: 7.280109889280518
Generation: 226; 
d: 7.0710678118654755; energy: -13.0; 2,0,1,2,0,0,1,2,1,0,1,0,0,1,2,0,0,1,2,2,0,2,2,1,0,2,2,1,2,2,1,0,0,0,0
Best fitness found so far: -13.0; distance: 7.280109889280518
Generation: 227; 
d: 7.0710678118654755; energy: -13.0; 2,0,1,2,0,0,1,2,1,0,1,0,0,1,2,0,0,0,0,2,0,2,2,1,0,2,2,1,2,2,1,0,0,0,0
Best fitness found so far: -13.0; distance: 7.280109889280518
Generation: 228; 
d: 7.0710678118654755; energy: -13.0; 2,0,1,2,0,0,1,2,1,0,1,0,0,1,2,0,0,0,0,2,0,2,2,1,0,2,2,1,2,1,1,2,0,2,0
Best fitness found so far: -13.0; distance: 7.280109889280518
Generation: 229; 
d: 7.0710678118654755; energy: -13.0; 2,0,1,2,0,0,1,2,1,0,1,0,0,1,2,0,0,0,0,2,0,2,2,1,0,2,2,1,2,2,1,0,0,0,0
Best fitness found so far: -13.0; distance: 7.280109889280518
Generation: 230; 
d: 7.0710678118654755; energy: -13.0; 2,0,1,2,0,0,1,2,1,0,1,0,0,1,2,0,0,0,0,2,0,2,2,1,0,2,2,1,2,1,1,0,0,0,0
Best fitness found so far: -13.0; distance: 7.280109889280518
Generation: 231; 
d: 7.0710678118654755; energy: -13.0; 2,0,1,2,0,0,1,2,1,0,1,0,0,1,2,0,0,0,2,2,0,2,2,2,0,2,2,1,2,2,1,0,0,0,0
Best fitness found so far: -13.0; distance: 7.280109889280518
Generation: 232; 
d: 7.0710678118654755; energy: -13.0; 2,0,1,2,0,0,1,2,1,0,1,0,0,1,2,0,0,0,0,1,0,2,2,1,0,2,2,1,2,2,1,0,0,1,0
Best fitness found so far: -13.0; distance: 7.280109889280518
Generation: 233; 
d: 8.06225774829855; energy: -13.0; 2,0,1,2,0,0,1,2,1,0,1,0,0,1,2,0,0,0,0,1,0,2,2,1,1,1,2,2,1,0,1,2,0,0,0
Best fitness found so far: -13.0; distance: 7.280109889280518
Generation: 234; 
d: 7.0710678118654755; energy: -13.0; 2,0,1,2,0,0,1,2,1,0,1,0,0,1,2,0,0,0,0,2,2,2,2,1,0,2,2,1,2,0,1,0,0,2,0
Best fitness found so far: -13.0; distance: 7.280109889280518
Generation: 235; 
d: 7.0710678118654755; energy: -13.0; 2,0,1,2,0,0,1,2,1,0,1,0,0,1,2,0,0,0,2,2,0,2,2,1,0,2,2,1,2,2,1,0,0,1,0
Best fitness found so far: -13.0; distance: 7.280109889280518
Generation: 236; 
d: 7.0710678118654755; energy: -13.0; 2,0,1,2,0,0,1,2,1,0,1,0,0,1,2,0,0,0,0,2,0,2,2,1,0,2,2,1,2,2,1,0,0,0,0
Best fitness found so far: -13.0; distance: 7.280109889280518
Generation: 237; 
d: 7.0710678118654755; energy: -13.0; 2,0,1,2,0,0,1,2,1,0,1,0,0,1,2,0,0,0,0,2,0,2,2,1,0,2,2,1,2,2,1,0,0,0,0
Best fitness found so far: -13.0; distance: 7.280109889280518
Generation: 238; 
d: 7.0710678118654755; energy: -13.0; 2,0,1,2,0,0,1,2,1,0,1,0,0,1,2,0,0,0,0,2,0,2,2,1,0,2,2,1,2,2,1,0,0,0,0
Best fitness found so far: -13.0; distance: 7.280109889280518
Generation: 239; 
d: 7.0710678118654755; energy: -13.0; 2,0,1,2,0,0,1,2,1,0,1,0,0,1,2,0,0,0,0,1,0,2,2,1,0,2,2,1,2,2,1,0,0,1,0
Best fitness found so far: -13.0; distance: 7.280109889280518
Generation: 240; 
d: 7.0710678118654755; energy: -13.0; 2,0,1,2,0,0,1,2,1,0,1,0,0,1,2,0,0,0,0,2,0,2,2,1,0,2,2,1,2,1,1,2,0,2,0
Best fitness found so far: -13.0; distance: 7.280109889280518
Generation: 241; 
d: 7.0710678118654755; energy: -13.0; 2,0,1,2,0,0,1,2,1,0,1,0,0,1,2,0,0,0,0,2,0,2,2,1,0,2,2,1,2,2,1,0,0,0,0
Best fitness found so far: -13.0; distance: 7.280109889280518
Generation: 242; 
d: 7.0710678118654755; energy: -13.0; 2,0,1,2,0,0,1,2,1,0,1,0,0,1,2,0,0,0,0,2,0,2,2,1,0,2,2,1,2,2,1,0,0,0,0
Best fitness found so far: -13.0; distance: 7.280109889280518
Generation: 243; 
d: 7.0710678118654755; energy: -13.0; 2,0,1,2,0,0,1,2,1,0,1,0,0,1,2,0,0,0,0,2,0,2,2,1,0,2,2,1,2,0,1,0,0,0,0
Best fitness found so far: -13.0; distance: 7.280109889280518
Generation: 244; 
d: 7.0710678118654755; energy: -13.0; 2,0,1,2,0,0,1,2,1,0,1,0,0,1,2,0,0,0,2,2,0,2,2,1,0,2,2,1,2,2,1,0,0,0,0
Best fitness found so far: -13.0; distance: 7.280109889280518
Generation: 245; 
d: 7.0710678118654755; energy: -13.0; 2,0,1,2,0,0,1,2,2,2,0,0,0,1,2,0,0,0,2,2,0,2,2,1,0,2,2,1,2,2,1,0,0,0,0
Best fitness found so far: -13.0; distance: 7.280109889280518
Generation: 246; 
d: 7.0710678118654755; energy: -13.0; 2,0,1,2,0,0,1,2,1,0,1,0,0,1,2,0,0,0,2,2,0,2,2,1,0,2,2,1,2,2,1,0,0,2,0
Best fitness found so far: -13.0; distance: 7.280109889280518
Generation: 247; 
d: 7.0710678118654755; energy: -13.0; 2,0,1,2,0,0,1,2,1,0,1,0,0,1,2,0,0,0,1,2,0,2,2,1,0,2,2,1,2,1,1,0,0,0,0
Best fitness found so far: -13.0; distance: 7.280109889280518
Generation: 248; 
d: 7.0710678118654755; energy: -13.0; 2,0,1,2,0,0,1,2,1,0,1,0,0,1,2,0,0,1,0,2,0,2,2,1,0,2,2,1,2,0,1,0,0,0,0
Best fitness found so far: -13.0; distance: 7.280109889280518
Generation: 249; 
d: 7.0710678118654755; energy: -13.0; 2,0,1,2,0,0,1,2,1,0,1,0,0,1,2,0,0,0,0,0,0,2,2,1,0,2,2,1,2,2,1,0,0,2,0
Best fitness found so far: -13.0; distance: 7.280109889280518
Generation: 250; 
d: 7.0710678118654755; energy: -13.0; 2,0,1,2,0,0,1,2,1,0,1,0,0,1,2,0,0,0,0,2,0,2,2,1,0,2,2,1,2,2,1,0,0,0,0
Best fitness found so far: -13.0; distance: 7.280109889280518
Generation: 251; 
d: 7.0710678118654755; energy: -13.0; 2,0,1,2,0,0,1,2,1,0,1,0,0,1,2,0,0,0,0,0,0,2,2,1,0,2,2,1,2,1,1,2,0,2,0
Best fitness found so far: -13.0; distance: 7.280109889280518
Generation: 252; 
d: 7.0710678118654755; energy: -13.0; 2,0,1,2,0,0,1,2,1,0,1,0,0,1,2,0,0,0,1,2,0,2,2,1,0,2,2,1,2,2,1,0,0,0,0
Best fitness found so far: -13.0; distance: 7.280109889280518
Generation: 253; 
d: 7.0710678118654755; energy: -13.0; 2,0,1,2,0,0,1,2,1,0,1,0,0,1,2,0,0,0,0,1,0,2,2,1,0,2,2,1,2,2,1,0,0,2,0
Best fitness found so far: -13.0; distance: 7.280109889280518
Generation: 254; 
d: 7.0710678118654755; energy: -13.0; 2,0,1,2,0,0,1,2,1,0,1,0,0,1,2,0,0,0,0,2,0,2,2,1,0,2,2,1,2,0,1,0,0,0,0
Best fitness found so far: -13.0; distance: 7.280109889280518
Generation: 255; 
d: 7.0710678118654755; energy: -13.0; 2,0,1,2,0,0,1,2,1,0,1,0,0,1,2,0,0,0,0,2,0,2,2,1,0,2,2,1,2,0,1,0,0,0,0
Best fitness found so far: -13.0; distance: 7.280109889280518
Generation: 256; 
d: 7.0710678118654755; energy: -13.0; 2,0,1,2,0,0,1,2,1,0,1,0,0,1,2,0,0,0,0,1,0,2,2,1,0,2,2,1,2,2,1,0,0,1,0
Best fitness found so far: -13.0; distance: 7.280109889280518
Generation: 257; 
d: 7.0710678118654755; energy: -13.0; 2,0,1,2,0,0,1,2,1,0,1,0,0,1,2,0,0,0,0,2,0,2,2,1,0,2,2,1,2,2,1,0,0,1,0
Best fitness found so far: -13.0; distance: 7.280109889280518
Generation: 258; 
d: 7.0710678118654755; energy: -13.0; 2,0,1,2,0,0,1,2,1,0,1,0,0,1,2,0,0,0,2,2,0,2,2,1,0,2,2,1,2,2,1,0,0,0,0
Best fitness found so far: -13.0; distance: 7.280109889280518
Generation: 259; 
d: 7.0710678118654755; energy: -13.0; 2,0,1,2,0,0,1,2,1,0,1,0,0,1,2,0,0,0,0,2,0,2,2,1,0,2,2,1,2,2,1,0,0,0,0
Best fitness found so far: -13.0; distance: 7.280109889280518
Generation: 260; 
d: 7.0710678118654755; energy: -13.0; 2,0,1,2,0,0,1,2,1,0,1,0,0,1,2,0,0,0,0,2,0,2,2,1,0,2,2,1,2,2,1,0,0,2,0
Best fitness found so far: -13.0; distance: 7.280109889280518
Generation: 261; 
d: 7.0710678118654755; energy: -13.0; 2,0,1,2,0,0,1,2,1,0,1,0,0,1,2,0,0,0,0,1,0,2,2,1,0,2,2,1,2,2,1,0,0,0,0
Best fitness found so far: -13.0; distance: 7.280109889280518
Generation: 262; 
d: 7.0710678118654755; energy: -13.0; 2,0,1,2,0,0,1,2,1,0,1,0,0,1,2,0,0,0,0,2,0,2,2,1,0,2,2,1,2,2,1,0,0,2,0
Best fitness found so far: -13.0; distance: 7.280109889280518
Generation: 263; 
d: 7.0710678118654755; energy: -13.0; 2,0,1,2,0,0,1,2,2,2,0,0,0,1,2,0,0,0,0,2,0,2,2,1,0,2,2,1,2,2,1,0,0,2,0
Best fitness found so far: -13.0; distance: 7.280109889280518
Generation: 264; 
d: 7.0710678118654755; energy: -13.0; 2,0,1,2,0,0,1,2,1,0,1,0,0,1,2,0,0,1,2,2,0,2,2,1,0,2,2,1,2,2,1,0,0,0,0
Best fitness found so far: -13.0; distance: 7.280109889280518
Generation: 265; 
d: 7.0710678118654755; energy: -13.0; 2,0,1,2,0,0,1,2,1,0,1,0,0,1,2,0,0,0,0,2,0,2,2,1,0,2,2,1,2,2,1,0,0,0,0
Best fitness found so far: -13.0; distance: 7.280109889280518
Generation: 266; 
d: 7.0710678118654755; energy: -13.0; 2,0,1,2,0,0,1,2,1,0,1,0,0,1,2,0,0,0,2,2,0,2,2,1,0,2,2,1,2,2,1,0,0,0,0
Best fitness found so far: -13.0; distance: 7.280109889280518
Generation: 267; 
d: 7.0710678118654755; energy: -13.0; 2,0,1,2,0,0,1,2,1,0,1,0,0,1,2,0,0,0,0,2,0,2,2,1,0,2,2,1,2,2,1,2,0,2,0
Best fitness found so far: -13.0; distance: 7.280109889280518
Generation: 268; 
d: 7.0710678118654755; energy: -13.0; 2,0,1,2,0,0,1,2,1,0,1,0,0,1,2,0,0,1,2,2,0,2,2,1,0,2,2,1,2,1,1,2,0,2,0
Best fitness found so far: -13.0; distance: 7.280109889280518
Generation: 269; 
d: 7.0710678118654755; energy: -13.0; 2,0,1,2,0,0,1,2,1,0,1,0,0,1,2,0,0,0,0,2,0,2,2,1,0,2,2,1,2,2,1,0,0,0,0
Best fitness found so far: -13.0; distance: 7.280109889280518
Generation: 270; 
d: 7.0710678118654755; energy: -13.0; 2,0,1,2,0,0,1,2,1,0,1,0,0,1,2,0,0,0,0,2,0,2,2,1,0,2,2,1,2,2,1,0,0,0,0
Best fitness found so far: -13.0; distance: 7.280109889280518
Generation: 271; 
d: 7.0710678118654755; energy: -13.0; 2,0,1,2,0,0,1,2,1,0,1,0,0,1,2,0,0,0,0,1,0,2,2,1,0,2,2,1,2,0,1,0,0,1,0
Best fitness found so far: -13.0; distance: 7.280109889280518
Generation: 272; 
d: 7.0710678118654755; energy: -13.0; 2,0,1,2,0,0,1,2,1,0,1,0,0,1,2,0,0,0,0,2,2,2,2,1,0,2,2,1,2,2,1,0,0,0,0
Best fitness found so far: -13.0; distance: 7.280109889280518
Generation: 273; 
d: 7.0710678118654755; energy: -13.0; 2,0,1,2,0,0,1,2,1,0,1,0,0,1,2,0,0,0,0,2,0,2,2,1,0,2,2,1,2,1,1,0,0,2,0
Best fitness found so far: -13.0; distance: 7.280109889280518
Generation: 274; 
d: 7.0710678118654755; energy: -13.0; 2,0,1,2,0,0,1,2,1,0,1,0,0,1,2,0,0,0,0,2,0,2,2,1,0,2,2,1,2,2,1,0,0,0,0
Best fitness found so far: -13.0; distance: 7.280109889280518
Generation: 275; 
d: 7.0710678118654755; energy: -13.0; 2,0,1,2,0,0,1,2,1,0,1,0,0,1,2,0,0,0,0,2,0,2,2,1,0,2,2,1,2,2,1,0,0,0,0
Best fitness found so far: -13.0; distance: 7.280109889280518
Generation: 276; 
d: 7.0710678118654755; energy: -13.0; 2,0,1,2,0,0,1,2,1,0,1,0,0,1,2,0,0,0,0,1,0,2,2,1,0,2,2,1,2,0,1,0,0,0,0
Best fitness found so far: -13.0; distance: 7.280109889280518
Generation: 277; 
d: 7.0710678118654755; energy: -13.0; 2,0,1,2,0,0,1,2,1,0,1,0,0,1,2,0,0,0,0,2,0,2,2,1,0,2,2,1,2,1,1,0,0,0,0
Best fitness found so far: -13.0; distance: 7.280109889280518
Generation: 278; 
d: 7.0710678118654755; energy: -13.0; 2,0,1,2,0,0,1,2,1,0,1,0,0,1,2,0,0,0,0,2,0,2,2,1,0,2,2,1,2,2,1,0,0,0,0
Best fitness found so far: -13.0; distance: 7.280109889280518
Generation: 279; 
d: 7.0710678118654755; energy: -13.0; 2,0,1,2,0,0,1,2,1,0,1,0,0,1,2,0,0,0,0,2,2,2,2,1,0,2,2,1,2,1,1,0,0,0,0
Best fitness found so far: -13.0; distance: 7.280109889280518
Generation: 280; 
d: 7.0710678118654755; energy: -13.0; 2,0,1,2,0,0,1,2,1,0,1,0,0,1,2,0,0,0,2,2,0,2,2,1,0,2,2,1,2,1,1,2,0,2,0
Best fitness found so far: -13.0; distance: 7.280109889280518
Generation: 281; 
d: 7.0710678118654755; energy: -13.0; 2,0,1,2,0,0,1,2,1,0,1,0,0,1,2,0,0,0,0,1,0,2,2,1,0,2,2,1,2,2,1,0,0,0,0
Best fitness found so far: -13.0; distance: 7.280109889280518
Generation: 282; 
d: 7.0710678118654755; energy: -13.0; 2,0,1,2,0,0,1,2,1,0,1,0,0,1,2,0,0,0,0,1,0,2,2,1,0,2,2,1,2,2,1,0,0,0,0
Best fitness found so far: -13.0; distance: 7.280109889280518
Generation: 283; 
d: 7.0710678118654755; energy: -13.0; 2,0,1,2,0,0,1,2,1,0,1,0,0,1,2,0,0,0,0,2,0,2,2,1,0,2,2,1,2,2,1,0,0,0,0
Best fitness found so far: -13.0; distance: 7.280109889280518
Generation: 284; 
d: 7.0710678118654755; energy: -13.0; 2,0,1,2,0,0,1,2,1,0,1,0,0,1,2,0,0,0,0,2,0,2,2,1,0,2,2,1,2,2,1,0,0,1,0
Best fitness found so far: -13.0; distance: 7.280109889280518
Generation: 285; 
d: 7.0710678118654755; energy: -13.0; 2,0,1,2,0,0,1,2,1,0,1,0,0,1,2,0,0,0,1,2,0,2,2,1,0,2,2,1,2,0,1,0,0,0,0
Best fitness found so far: -13.0; distance: 7.280109889280518
Generation: 286; 
d: 7.0710678118654755; energy: -13.0; 2,0,1,2,0,0,1,2,1,0,1,0,0,1,2,0,0,0,0,2,0,2,2,1,0,2,2,1,2,1,1,0,0,2,0
Best fitness found so far: -13.0; distance: 7.280109889280518
Generation: 287; 
d: 7.0710678118654755; energy: -13.0; 2,0,1,2,0,0,1,2,1,0,1,0,0,1,2,0,0,0,0,2,0,2,2,1,0,2,2,1,2,0,1,0,0,0,0
Best fitness found so far: -13.0; distance: 7.280109889280518
Generation: 288; 
d: 7.0710678118654755; energy: -13.0; 2,0,1,2,0,0,1,2,1,0,1,0,0,1,2,0,0,0,0,2,0,2,2,1,0,2,2,1,2,0,1,0,0,0,0
Best fitness found so far: -13.0; distance: 7.280109889280518
Generation: 289; 
d: 7.0710678118654755; energy: -13.0; 2,0,1,2,0,0,1,2,1,0,1,0,0,1,2,0,0,0,2,1,0,2,2,1,0,2,2,1,2,2,1,0,0,0,0
Best fitness found so far: -13.0; distance: 7.280109889280518
Generation: 290; 
d: 7.0710678118654755; energy: -13.0; 2,0,1,2,0,0,1,2,1,0,1,0,0,1,2,0,0,1,2,2,0,2,2,1,0,2,2,1,2,2,1,0,0,0,0
Best fitness found so far: -13.0; distance: 7.280109889280518
Generation: 291; 
d: 7.0710678118654755; energy: -13.0; 2,0,1,2,0,0,1,2,1,0,1,0,0,1,2,0,0,0,0,2,0,2,2,1,0,2,2,1,2,2,1,0,0,0,0
Best fitness found so far: -13.0; distance: 7.280109889280518
Generation: 292; 
d: 7.0710678118654755; energy: -13.0; 2,0,1,2,0,0,1,2,1,0,1,0,0,1,2,0,0,0,0,2,0,2,2,1,0,2,2,1,2,2,1,0,0,0,0
Best fitness found so far: -13.0; distance: 7.280109889280518
Generation: 293; 
d: 7.0710678118654755; energy: -13.0; 2,0,1,2,0,0,1,2,1,0,1,0,0,1,2,0,0,0,2,2,0,2,2,1,0,2,2,1,2,2,1,0,0,0,0
Best fitness found so far: -13.0; distance: 7.280109889280518
Generation: 294; 
d: 7.0710678118654755; energy: -13.0; 2,0,1,2,0,0,1,2,1,0,1,0,0,1,2,0,0,0,0,2,0,2,2,1,0,2,2,1,2,1,1,2,0,0,0
Best fitness found so far: -13.0; distance: 7.280109889280518
Generation: 295; 
d: 7.0710678118654755; energy: -13.0; 2,0,1,2,0,0,1,2,1,0,1,0,0,0,2,0,0,0,0,2,0,2,2,1,0,2,2,1,2,2,1,0,0,0,0
Best fitness found so far: -13.0; distance: 7.280109889280518
Generation: 296; 
d: 7.0710678118654755; energy: -13.0; 2,0,1,2,0,0,1,2,1,0,1,0,0,1,2,0,0,0,2,2,0,2,2,1,0,2,2,1,2,1,1,2,0,2,0
Best fitness found so far: -13.0; distance: 7.280109889280518
Generation: 297; 
d: 7.0710678118654755; energy: -13.0; 2,0,1,2,0,0,1,2,1,0,1,0,0,1,2,0,0,0,2,2,0,2,2,1,0,2,2,1,2,2,1,0,0,0,0
Best fitness found so far: -13.0; distance: 7.280109889280518
Generation: 298; 
d: 7.0710678118654755; energy: -13.0; 2,0,1,2,0,0,1,2,1,0,1,0,0,2,2,0,0,0,0,2,0,2,2,1,0,2,2,1,2,2,1,0,0,1,0
Best fitness found so far: -13.0; distance: 7.280109889280518
Generation: 299; 
d: 8.246211251235321; energy: -13.0; 2,1,2,2,0,0,1,2,2,2,0,0,0,1,2,0,0,0,2,2,0,2,2,1,0,2,2,1,2,0,1,0,0,1,0
Best fitness found so far: -13.0; distance: 7.280109889280518
Generation: 300; 
d: 7.0710678118654755; energy: -13.0; 2,0,1,2,0,0,1,2,1,0,1,0,0,1,2,0,0,0,2,0,0,2,2,1,0,2,2,1,2,2,1,0,0,1,0
Best fitness found so far: -13.0; distance: 7.280109889280518
Generation: 301; 
d: 7.0710678118654755; energy: -13.0; 2,0,1,2,0,0,1,2,1,0,1,0,0,1,2,0,0,0,0,2,0,2,2,1,0,2,2,1,2,0,1,0,0,0,0
Best fitness found so far: -13.0; distance: 7.280109889280518
Generation: 302; 
d: 7.0710678118654755; energy: -13.0; 2,0,1,2,0,0,1,2,1,0,1,0,0,1,2,0,0,1,2,2,0,2,2,1,0,2,2,1,2,2,1,0,0,1,0
Best fitness found so far: -13.0; distance: 7.280109889280518
Generation: 303; 
d: 7.0710678118654755; energy: -13.0; 2,0,1,2,0,0,1,2,1,0,1,0,0,1,2,0,0,0,0,2,0,2,2,1,0,2,2,1,2,2,1,0,0,0,0
Best fitness found so far: -13.0; distance: 7.280109889280518
Generation: 304; 
d: 7.0710678118654755; energy: -13.0; 2,0,1,2,0,0,1,2,1,0,1,0,0,1,2,0,0,0,0,2,0,2,2,1,0,2,2,1,2,2,1,0,0,0,0
Best fitness found so far: -13.0; distance: 7.280109889280518
Generation: 305; 
d: 7.0710678118654755; energy: -13.0; 2,0,1,2,0,0,1,2,1,0,1,0,0,1,2,0,0,0,0,2,0,2,2,1,0,2,2,1,2,1,1,2,0,2,0
Best fitness found so far: -13.0; distance: 7.280109889280518
Generation: 306; 
d: 7.0710678118654755; energy: -13.0; 2,0,1,2,0,0,1,2,1,0,1,0,0,1,2,0,0,0,0,0,0,2,2,1,0,2,2,1,2,0,1,0,0,0,0
Best fitness found so far: -13.0; distance: 7.280109889280518
Generation: 307; 
d: 7.0710678118654755; energy: -13.0; 2,0,1,2,0,0,1,2,1,0,1,0,0,1,2,0,0,0,2,2,0,2,2,1,0,2,2,1,2,1,1,0,0,1,0
Best fitness found so far: -13.0; distance: 7.280109889280518
Generation: 308; 
d: 7.0710678118654755; energy: -13.0; 2,0,1,2,0,0,1,2,1,0,1,0,0,1,2,0,0,0,2,2,0,2,2,1,0,2,2,1,2,0,1,0,0,0,0
Best fitness found so far: -13.0; distance: 7.280109889280518
Generation: 309; 
d: 7.0710678118654755; energy: -13.0; 2,0,1,2,0,0,1,2,1,0,1,0,0,0,2,0,0,0,0,2,0,2,2,1,0,2,2,1,2,2,1,0,0,1,0
Best fitness found so far: -13.0; distance: 7.280109889280518
Generation: 310; 
d: 7.0710678118654755; energy: -13.0; 2,0,1,2,0,0,1,2,1,0,1,0,0,1,2,0,0,0,0,2,0,2,2,1,0,2,2,1,2,2,1,0,0,1,0
Best fitness found so far: -13.0; distance: 7.280109889280518
Generation: 311; 
d: 7.0710678118654755; energy: -13.0; 2,0,1,2,0,0,1,2,1,0,1,0,0,1,2,0,0,0,0,2,0,2,2,1,0,2,2,1,2,0,1,0,0,0,0
Best fitness found so far: -13.0; distance: 7.280109889280518
Generation: 312; 
d: 7.0710678118654755; energy: -13.0; 2,0,1,2,0,0,1,2,1,0,1,0,0,1,2,0,0,1,2,2,0,2,2,1,0,2,2,1,2,2,1,0,0,0,0
Best fitness found so far: -13.0; distance: 7.280109889280518
Generation: 313; 
d: 7.0710678118654755; energy: -13.0; 2,0,1,2,0,0,1,2,1,0,1,0,0,1,2,0,0,0,0,2,0,2,2,1,0,2,2,1,2,2,1,0,0,1,0
Best fitness found so far: -13.0; distance: 7.280109889280518
Generation: 314; 
d: 7.0710678118654755; energy: -13.0; 2,0,1,2,0,0,1,2,1,0,1,0,0,1,2,0,0,0,0,2,0,2,2,1,0,2,2,1,2,2,1,0,0,0,0
Best fitness found so far: -13.0; distance: 7.280109889280518
Generation: 315; 
d: 7.0710678118654755; energy: -13.0; 2,0,1,2,0,0,1,2,1,0,1,0,0,1,2,0,0,0,0,2,0,2,2,1,0,2,2,1,2,2,1,0,0,1,0
Best fitness found so far: -13.0; distance: 7.280109889280518
Generation: 316; 
d: 7.0710678118654755; energy: -13.0; 2,0,1,2,0,0,1,2,1,0,1,0,0,1,2,0,0,0,0,2,0,2,2,1,0,2,2,1,2,2,1,0,0,0,0
Best fitness found so far: -13.0; distance: 7.280109889280518
Generation: 317; 
d: 7.0710678118654755; energy: -13.0; 2,0,1,2,0,0,1,2,1,0,1,0,0,1,2,0,0,0,0,2,0,2,2,1,0,2,2,1,2,2,1,0,0,0,0
Best fitness found so far: -13.0; distance: 7.280109889280518
Generation: 318; 
d: 7.0710678118654755; energy: -13.0; 2,0,1,2,0,0,1,2,1,0,1,0,0,1,2,0,0,0,0,2,0,2,2,1,0,2,2,1,2,2,1,0,0,1,0
Best fitness found so far: -13.0; distance: 7.280109889280518
Generation: 319; 
d: 7.0710678118654755; energy: -13.0; 2,0,1,2,0,0,1,2,1,0,1,0,0,1,2,0,0,1,2,1,0,2,2,1,0,2,2,1,2,2,1,0,0,0,0
Best fitness found so far: -13.0; distance: 7.280109889280518
Generation: 320; 
d: 7.0710678118654755; energy: -13.0; 2,0,1,2,0,0,1,2,1,0,1,0,0,1,2,0,0,1,2,2,0,2,2,1,0,2,2,1,2,1,1,0,0,0,0
Best fitness found so far: -13.0; distance: 7.280109889280518
Generation: 321; 
d: 7.0710678118654755; energy: -13.0; 2,0,1,2,0,0,1,2,1,0,1,0,0,1,2,0,0,0,2,2,0,2,2,1,0,2,2,1,2,0,1,0,0,0,0
Best fitness found so far: -13.0; distance: 7.280109889280518
Generation: 322; 
d: 7.0710678118654755; energy: -13.0; 2,0,1,2,0,0,1,2,1,0,1,0,0,2,2,0,0,0,0,2,0,2,2,1,0,2,2,1,2,2,1,0,0,2,0
Best fitness found so far: -13.0; distance: 7.280109889280518
Generation: 323; 
d: 7.0710678118654755; energy: -13.0; 2,0,1,2,0,0,1,2,1,0,1,0,0,1,2,0,0,0,0,1,0,2,2,1,0,2,2,1,2,2,1,0,0,2,0
Best fitness found so far: -13.0; distance: 7.280109889280518
Generation: 324; 
d: 7.0710678118654755; energy: -13.0; 2,0,1,2,0,0,1,2,1,0,1,0,0,1,2,0,0,0,0,2,0,2,2,2,0,2,2,1,2,2,1,0,0,1,0
Best fitness found so far: -13.0; distance: 7.280109889280518
Generation: 325; 
d: 7.0710678118654755; energy: -13.0; 2,0,1,2,0,0,1,2,1,0,1,0,0,1,2,0,0,0,0,2,0,2,2,1,0,2,2,1,2,2,1,0,0,0,0
Best fitness found so far: -13.0; distance: 7.280109889280518
Generation: 326; 
d: 7.0710678118654755; energy: -13.0; 2,0,1,2,0,0,1,2,1,0,1,0,0,1,2,0,0,0,0,2,0,2,2,1,0,2,2,1,2,0,1,0,0,0,0
Best fitness found so far: -13.0; distance: 7.280109889280518
Generation: 327; 
d: 7.0710678118654755; energy: -13.0; 2,0,1,2,0,0,1,2,1,0,1,0,0,1,2,0,0,0,0,2,0,2,2,1,0,2,2,1,2,2,1,0,0,2,0
Best fitness found so far: -13.0; distance: 7.280109889280518
Generation: 328; 
d: 7.0710678118654755; energy: -13.0; 2,0,1,2,0,0,1,2,1,0,1,0,0,1,2,0,0,1,2,2,0,2,2,1,0,2,2,1,2,0,1,0,0,0,0
Best fitness found so far: -13.0; distance: 7.280109889280518
Generation: 329; 
d: 7.0710678118654755; energy: -13.0; 2,0,1,2,0,0,1,2,1,0,1,0,0,1,2,0,0,1,2,1,0,2,2,1,0,2,2,1,2,2,1,0,0,0,0
Best fitness found so far: -13.0; distance: 7.280109889280518
Generation: 330; 
d: 8.06225774829855; energy: -13.0; 2,0,1,2,0,0,1,2,1,0,1,0,0,1,2,0,0,0,0,1,0,2,2,1,1,1,2,2,1,0,1,2,0,2,1
Best fitness found so far: -13.0; distance: 7.280109889280518
Generation: 331; 
d: 7.0710678118654755; energy: -13.0; 2,0,1,2,0,0,1,2,1,0,1,0,0,1,2,0,0,0,2,2,0,2,2,1,0,2,2,1,2,2,1,0,0,0,0
Best fitness found so far: -13.0; distance: 7.280109889280518
Generation: 332; 
d: 7.0710678118654755; energy: -13.0; 2,0,1,2,0,0,1,2,1,0,1,0,0,1,2,0,0,0,0,0,0,2,2,1,0,2,2,1,2,2,1,0,0,0,0
Best fitness found so far: -13.0; distance: 7.280109889280518
Generation: 333; 
d: 7.0710678118654755; energy: -13.0; 2,0,1,2,0,0,1,2,1,0,1,0,0,1,2,0,0,0,2,2,0,2,2,1,0,2,2,1,2,2,1,0,0,0,0
Best fitness found so far: -13.0; distance: 7.280109889280518
