Algorithm configured with: 
Pop: 2500
Aux Pop: 200
CrP: 1.0
MtP: 1.0
List of crossover: 
SinglePointCrossover
IntegerTwoPointsCrossover
MultiPointsCrossover
List of mutations: 
BitFlipMutation
LoopMoveOperator
LocalMoveOperator
SegmentMutation
OppositeMoveOperator
Execution: 1
Generation: 0; 
d: 18.24828759089466; energy: -7.0; 2,1,0,0,2,2,1,1,2,0,2,2,0,2,0,0,2,0,1,2,0,1,1,2,1,0,0,1,2,1,2,1,2,0,0,1,0,2,0,2,0,2,1,0,2,0,0,2,0,2,1,0,0,1,2,2,0,2,1,0,0,2
Best fitness found so far: -7.0; distance: 18.24828759089466
Generation: 1; 
d: 10.816653826391969; energy: -23.0; 1,0,1,2,1,1,0,1,1,1,0,0,1,1,2,2,0,0,2,0,1,2,1,2,1,1,1,0,0,2,1,1,0,0,1,2,2,0,0,1,2,0,2,0,2,1,0,1,0,0,2,2,1,2,0,0,1,2,0,0,1,0
Best fitness found so far: -23.0; distance: 10.816653826391969
Generation: 2; 
d: 11.40175425099138; energy: -21.0; 1,2,2,1,2,0,1,2,2,2,0,1,1,0,2,2,2,0,0,1,1,1,1,0,0,1,0,1,0,2,1,1,1,0,0,2,2,2,0,0,2,0,1,1,0,1,0,0,0,2,0,1,2,0,2,0,1,0,0,0,0,1
Best fitness found so far: -23.0; distance: 10.816653826391969
Generation: 3; 
d: 13.601470508735444; energy: -20.0; 0,0,1,2,2,1,0,1,2,2,2,0,1,0,2,0,0,2,1,0,0,0,0,2,0,2,1,0,0,1,0,1,2,2,0,2,0,0,2,2,2,1,2,1,2,2,1,1,1,1,1,0,1,2,0,2,2,0,0,2,0,0
Best fitness found so far: -23.0; distance: 10.816653826391969
Generation: 4; 
d: 13.038404810405298; energy: -23.0; 1,2,2,1,2,0,0,1,1,1,1,1,1,1,0,0,1,1,1,0,1,0,2,1,2,1,2,0,1,1,0,0,1,0,0,0,0,1,0,2,0,2,1,0,2,0,0,0,0,0,1,2,0,0,2,1,1,0,1,1,0,0
Best fitness found so far: -23.0; distance: 10.816653826391969
Generation: 5; 
d: 12.083045973594572; energy: -22.0; 1,1,0,2,0,0,2,0,1,2,2,1,1,2,0,2,1,2,1,1,0,1,1,1,1,0,0,0,0,0,2,1,0,0,2,2,1,1,0,1,2,0,0,2,0,2,0,2,0,0,2,0,2,1,0,0,0,1,1,2,2,0
Best fitness found so far: -23.0; distance: 10.816653826391969
Generation: 6; 
d: 11.40175425099138; energy: -23.0; 2,2,1,2,1,1,1,0,0,1,0,1,0,2,1,0,1,1,0,1,1,2,2,0,0,1,0,1,2,0,0,0,1,0,2,2,1,1,2,2,0,0,2,1,0,1,2,0,0,1,0,0,1,2,0,1,0,2,1,1,0,1
Best fitness found so far: -23.0; distance: 10.816653826391969
Generation: 7; 
d: 11.045361017187261; energy: -22.0; 2,2,1,2,1,1,2,2,0,2,2,2,0,0,1,0,0,0,2,1,1,0,0,0,0,0,2,2,1,1,0,0,0,1,0,0,1,0,1,1,0,0,1,1,2,1,0,0,0,1,0,1,2,2,0,0,0,2,0,2,0,0
Best fitness found so far: -23.0; distance: 10.816653826391969
Generation: 8; 
d: 12.206555615733702; energy: -23.0; 0,2,2,1,1,2,2,0,0,2,1,0,1,0,0,1,0,0,2,0,0,1,1,0,0,2,2,0,2,2,2,1,1,1,1,0,0,1,1,1,0,0,0,2,2,2,0,1,1,1,0,0,0,1,1,2,2,0,2,0,2,1
Best fitness found so far: -23.0; distance: 10.816653826391969
Generation: 9; 
d: 13.601470508735444; energy: -24.0; 1,1,0,0,2,2,0,2,1,2,0,0,2,0,1,0,0,0,0,1,0,0,2,0,0,2,1,0,1,1,0,0,2,0,2,2,0,0,2,1,2,2,0,0,2,0,0,1,1,1,1,1,0,1,1,0,0,1,1,2,0,1
Best fitness found so far: -24.0; distance: 13.601470508735444
Generation: 10; 
d: 10.0; energy: -24.0; 1,0,0,0,2,1,2,2,1,2,1,1,0,0,0,0,1,0,0,2,0,2,2,2,0,0,0,0,2,2,0,0,2,2,0,0,1,0,1,1,0,2,2,1,0,1,1,1,0,0,2,2,1,1,0,1,2,2,1,1,0,1
Best fitness found so far: -24.0; distance: 13.601470508735444
Generation: 11; 
d: 11.180339887498949; energy: -24.0; 1,1,0,0,2,2,0,0,1,0,1,1,1,0,0,0,0,2,2,1,0,2,1,0,0,1,2,0,2,0,1,2,1,0,0,1,2,0,1,1,1,0,0,1,1,2,2,0,1,2,2,1,0,1,2,1,0,1,0,2,2,1
Best fitness found so far: -24.0; distance: 13.601470508735444
