Algorithm configured with: 
Pop: 1000
CrP: 0.9
MtP: 0.01

Crossover: class org.uma.jmetal.operator.crossover.SinglePointCrossover
Mutation: class org.uma.jmetal.operator.mutation.BitFlipMutation
Execution: 1
Generation: 0; 
d: 22.135943621178654; energy: -3.0; 0,1,1,0,2,1,2,1,0,0,1,0,2,1,2,2,0,2,2,0,0,0,1,0,2,1,1,2,0,2,0,0,2,1,1,0,2,1,1,0,0,2,1,2,1,0
Best fitness found so far: -3.0; distance: 22.135943621178654
Generation: 1; 
d: 12.727922061357855; energy: -11.0; 0,2,2,0,1,0,1,1,0,1,2,1,2,2,0,1,2,2,1,1,0,2,0,1,1,1,1,0,1,1,2,0,0,1,0,2,0,2,2,1,0,0,2,2,0,0
Best fitness found so far: -11.0; distance: 12.727922061357855
Generation: 2; 
d: 9.899494936611665; energy: -12.0; 1,2,0,2,2,2,0,0,0,1,0,2,2,1,1,1,0,2,1,2,2,2,2,0,1,1,0,0,2,2,1,1,1,0,0,1,1,1,1,0,2,1,2,1,1,0
Best fitness found so far: -12.0; distance: 9.899494936611665
Generation: 3; 
d: 10.0; energy: -12.0; 2,1,1,0,1,0,1,0,2,1,0,0,0,0,0,0,0,0,0,2,2,1,1,0,2,1,0,1,1,1,0,0,0,0,1,0,0,1,2,0,0,0,2,1,0,0
Best fitness found so far: -12.0; distance: 9.899494936611665
Generation: 4; 
d: 9.219544457292887; energy: -12.0; 0,1,1,0,1,0,1,1,0,2,1,2,2,0,1,1,2,0,0,2,2,1,0,0,1,2,1,2,1,2,0,2,1,0,0,2,1,2,2,1,1,2,2,2,2,2
Best fitness found so far: -12.0; distance: 9.899494936611665
Generation: 5; 
d: 9.219544457292887; energy: -12.0; 0,1,1,0,1,0,1,1,0,2,1,2,2,0,1,1,2,0,0,2,2,1,0,0,1,2,1,2,1,2,0,2,1,0,0,2,1,2,2,1,1,2,2,2,2,2
Best fitness found so far: -12.0; distance: 9.899494936611665
Generation: 6; 
d: 9.219544457292887; energy: -15.0; 1,2,0,0,2,2,1,2,0,0,0,0,2,1,0,1,0,0,1,2,2,1,2,2,2,0,1,1,0,0,2,1,2,2,1,0,2,0,0,0,0,1,0,0,1,1
Best fitness found so far: -15.0; distance: 9.219544457292887
Generation: 7; 
d: 9.219544457292887; energy: -15.0; 1,2,0,0,2,2,1,2,0,0,0,0,2,1,0,1,0,0,1,2,2,1,2,2,2,0,1,1,0,0,2,1,2,2,1,0,2,0,0,0,0,0,0,1,0,0
Best fitness found so far: -15.0; distance: 9.219544457292887
Generation: 8; 
d: 8.48528137423857; energy: -17.0; 0,2,0,0,2,2,1,2,0,0,0,0,2,1,0,1,0,0,1,2,2,1,2,2,2,0,1,1,0,0,2,1,2,0,0,2,2,2,0,1,1,2,2,1,0,0
Best fitness found so far: -17.0; distance: 8.48528137423857
Generation: 9; 
d: 8.48528137423857; energy: -17.0; 0,2,0,0,2,2,1,2,0,0,0,0,2,1,0,1,0,0,1,2,2,1,2,2,2,0,1,1,0,0,2,1,2,0,0,2,2,2,0,1,1,2,2,1,0,0
Best fitness found so far: -17.0; distance: 8.48528137423857
Generation: 10; 
d: 9.219544457292887; energy: -15.0; 1,2,0,0,2,2,1,2,0,0,0,0,2,1,0,1,0,0,1,2,2,1,2,2,2,0,1,1,0,0,2,1,2,2,1,0,2,0,0,0,0,0,0,1,2,0
Best fitness found so far: -17.0; distance: 8.48528137423857
Generation: 11; 
d: 8.48528137423857; energy: -17.0; 0,2,0,0,2,2,1,2,0,0,0,0,2,1,0,1,0,0,1,2,2,1,2,2,2,0,1,1,0,0,2,1,2,0,0,2,2,2,0,1,1,2,2,1,0,0
Best fitness found so far: -17.0; distance: 8.48528137423857
Generation: 12; 
d: 8.48528137423857; energy: -17.0; 0,2,0,0,2,2,1,2,0,0,0,0,2,1,0,1,0,0,1,2,2,1,2,2,2,0,1,1,0,0,2,1,2,0,0,2,2,2,0,1,1,2,2,1,0,0
Best fitness found so far: -17.0; distance: 8.48528137423857
