Algorithm configured with: 
Pop: 1000
Aux Pop: 200
CrP: 1.0
MtP: 1.0
List of crossover: 
SinglePointCrossover
IntegerTwoPointsCrossover
MultiPointsCrossover
List of mutations: 
BitFlipMutation
LoopMoveOperator
LocalMoveOperator
SegmentMutation
OppositeMoveOperator
Execution: 1
Generation: 0; 
d: 24.698178070456937; energy: -8.0; 1,2,2,0,1,1,1,0,1,0,2,2,1,2,0,2,0,0,2,0,0,1,2,2,0,0,1,0,2,1,2,2,0,1,0,0,2,1,2,1,1,1,1,1,2,0,1,1,2,1,0,1,1,2,0,2,1,0,1,2,0,0
Best fitness found so far: -8.0; distance: 24.698178070456937
Generation: 1; 
d: 12.529964086141668; energy: -20.0; 2,1,1,1,0,0,2,2,0,1,1,0,2,0,0,1,0,2,2,1,1,0,0,1,2,2,1,1,0,2,0,0,2,0,1,0,2,1,1,1,0,1,1,2,1,1,0,1,0,1,2,1,0,1,2,2,1,1,2,1,0,1
Best fitness found so far: -20.0; distance: 12.529964086141668
Generation: 2; 
d: 13.601470508735444; energy: -19.0; 1,2,1,2,2,1,2,2,2,1,0,2,2,1,2,0,1,2,0,0,0,1,0,0,0,1,0,0,0,0,0,0,0,0,1,2,2,1,1,0,1,2,1,0,1,0,0,1,2,0,1,2,0,0,2,1,1,2,2,2,2,1
Best fitness found so far: -20.0; distance: 12.529964086141668
Generation: 3; 
d: 11.180339887498949; energy: -21.0; 0,0,1,0,1,1,1,1,2,2,2,2,2,1,0,2,2,0,2,2,2,1,1,0,2,0,2,2,1,0,2,0,2,2,2,1,2,1,1,0,1,1,1,1,0,0,1,2,1,1,0,0,0,1,1,2,2,2,2,0,1,1
Best fitness found so far: -21.0; distance: 11.180339887498949
Generation: 4; 
d: 12.36931687685298; energy: -21.0; 0,1,1,0,1,1,2,0,0,0,2,2,2,1,2,2,1,1,0,0,1,0,1,0,0,1,2,1,0,0,0,0,0,1,1,1,2,0,1,0,2,0,0,2,1,0,2,0,1,2,0,0,2,0,0,1,2,2,0,0,0,2
Best fitness found so far: -21.0; distance: 11.180339887498949
Generation: 5; 
d: 13.92838827718412; energy: -22.0; 0,1,1,0,1,1,2,0,0,0,2,2,2,1,2,2,1,1,0,0,1,0,1,0,0,1,2,1,0,0,0,0,0,1,1,1,2,0,1,0,2,0,0,1,1,1,0,2,1,0,0,0,2,0,0,1,2,2,0,0,0,2
Best fitness found so far: -22.0; distance: 13.92838827718412
Generation: 6; 
d: 11.40175425099138; energy: -22.0; 2,1,1,2,2,1,1,2,0,1,0,0,2,0,2,0,1,1,0,1,1,0,0,1,1,1,2,0,2,1,1,0,0,1,1,1,1,2,0,1,1,2,2,1,1,1,0,2,0,2,2,1,1,0,0,1,2,0,0,0,0,0
Best fitness found so far: -22.0; distance: 13.92838827718412
Generation: 7; 
d: 12.529964086141668; energy: -22.0; 0,1,1,0,1,1,2,0,0,0,2,2,2,1,2,2,1,1,0,0,1,0,1,0,0,1,2,1,0,0,0,0,0,1,1,1,1,1,1,2,2,0,0,1,1,1,0,2,1,0,0,0,2,0,0,1,2,2,0,0,0,2
Best fitness found so far: -22.0; distance: 13.92838827718412
Generation: 8; 
d: 13.0; energy: -22.0; 2,2,1,0,0,2,2,2,1,0,2,2,1,1,0,1,1,1,2,2,2,2,2,0,1,1,2,1,1,0,2,2,0,0,1,2,0,1,1,2,0,2,1,2,2,0,0,2,1,1,1,2,2,0,1,2,1,0,0,0,2,2
Best fitness found so far: -22.0; distance: 13.92838827718412
Generation: 9; 
d: 12.041594578792296; energy: -24.0; 1,2,2,1,1,2,2,0,2,2,1,2,1,1,0,0,0,1,1,2,2,1,2,2,0,0,1,0,1,2,0,0,2,0,1,1,2,0,0,1,0,2,0,0,0,1,2,0,0,0,0,0,0,0,1,1,1,1,2,2,2,0
Best fitness found so far: -24.0; distance: 12.041594578792296
Generation: 10; 
d: 13.038404810405298; energy: -24.0; 1,2,1,2,2,1,2,2,2,1,0,2,2,1,2,0,1,2,0,0,0,1,0,0,0,1,0,0,2,1,2,2,1,2,0,0,2,0,0,2,1,2,2,1,0,1,1,0,0,1,0,1,0,0,2,1,2,2,0,1,2,2
Best fitness found so far: -24.0; distance: 12.041594578792296
