Algorithm configured with: 
Pop: 1000
Aux Pop: 200
CrP: 1.0
MtP: 1.0
List of crossover: 
SinglePointCrossover
IntegerTwoPointsCrossover
MultiPointsCrossover
List of mutations: 
BitFlipMutation
LoopMoveOperator
LocalMoveOperator
SegmentMutation
OppositeMoveOperator
Execution: 1
Generation: 0; 
d: 13.152946437965905; energy: -11.0; 2,1,2,0,0,2,2,1,2,1,1,0,2,1,2,0,0,2,1,2,0,0,1,2,1,2,2,0,1,2,0,0,1,1,0,2,0,0,2,1,1,0,1,1,1,1,2,0,0,2,2,1,2,1,0,2,2,1
Best fitness found so far: -11.0; distance: 13.152946437965905
Generation: 1; 
d: 12.041594578792296; energy: -22.0; 2,1,1,1,2,1,2,2,2,2,1,0,2,2,0,0,2,2,0,1,1,0,2,0,1,1,0,1,0,0,0,0,0,0,1,2,0,0,1,0,1,2,0,1,2,2,2,2,2,2,1,1,2,1,2,0,1,0
Best fitness found so far: -22.0; distance: 12.041594578792296
Generation: 2; 
d: 17.08800749063506; energy: -23.0; 0,2,2,0,0,2,1,0,0,1,1,0,1,2,1,2,2,0,1,2,0,0,2,0,0,2,1,1,0,2,1,1,0,2,0,2,2,1,2,0,0,0,2,0,0,0,0,0,1,0,0,1,2,1,2,2,2,1
Best fitness found so far: -23.0; distance: 17.08800749063506
Generation: 3; 
d: 12.206555615733702; energy: -22.0; 1,0,0,2,2,2,2,2,1,2,2,2,1,2,0,2,1,1,0,1,1,1,2,1,0,2,2,2,2,2,0,0,2,1,0,2,1,2,2,1,0,1,2,1,2,2,1,1,2,2,1,2,1,0,0,0,1,1
Best fitness found so far: -23.0; distance: 17.08800749063506
Generation: 4; 
d: 12.041594578792296; energy: -23.0; 2,1,0,2,1,1,1,0,1,1,1,0,1,1,1,0,0,2,0,0,2,2,1,2,1,1,2,0,2,1,1,2,1,0,0,2,2,1,1,0,0,1,1,1,2,0,0,1,0,2,2,1,1,2,2,2,0,2
Best fitness found so far: -23.0; distance: 17.08800749063506
Generation: 5; 
d: 14.212670403551895; energy: -23.0; 1,0,0,1,2,2,1,1,2,1,1,0,1,1,1,0,0,2,0,0,2,2,1,2,1,1,2,0,2,1,1,2,1,1,0,2,2,1,1,0,0,1,1,1,2,1,2,2,0,2,0,0,1,2,1,1,0,1
Best fitness found so far: -23.0; distance: 17.08800749063506
Generation: 6; 
d: 11.661903789690601; energy: -24.0; 1,0,0,1,2,2,1,1,2,1,1,0,1,1,1,0,0,2,0,0,2,2,1,2,1,1,2,0,2,1,1,2,1,1,0,2,2,1,1,0,0,1,1,1,2,1,2,2,0,2,1,1,2,0,0,0,0,1
Best fitness found so far: -24.0; distance: 11.661903789690601
Generation: 7; 
d: 13.0; energy: -24.0; 1,1,0,0,2,2,1,2,2,2,2,2,0,1,0,0,0,0,2,0,1,2,0,2,0,2,2,0,0,2,1,1,1,2,1,2,2,1,0,0,2,2,0,0,2,2,2,1,2,1,2,0,0,0,2,0,0,1
Best fitness found so far: -24.0; distance: 11.661903789690601
Generation: 8; 
d: 11.045361017187261; energy: -24.0; 2,2,1,2,0,2,2,0,1,1,1,0,1,1,1,0,0,2,0,0,2,2,1,2,1,1,2,0,2,0,0,2,0,1,0,0,0,0,0,1,0,0,0,1,2,2,1,2,0,2,2,1,1,0,2,1,2,2
Best fitness found so far: -24.0; distance: 11.661903789690601
Generation: 9; 
d: 9.486832980505138; energy: -26.0; 1,0,0,1,2,2,1,1,2,1,1,0,1,1,1,0,0,2,0,0,2,2,1,2,1,1,2,1,0,2,0,0,0,2,2,0,0,2,0,0,0,0,2,0,1,2,1,2,2,0,0,1,1,0,0,1,0,0
Best fitness found so far: -26.0; distance: 9.486832980505138
Generation: 10; 
d: 9.486832980505138; energy: -24.0; 1,0,0,1,2,2,1,1,2,1,1,0,1,1,1,0,0,2,0,0,2,2,1,2,1,1,2,1,0,2,0,0,0,2,2,0,0,2,0,0,0,0,2,0,1,2,1,2,0,0,1,1,0,0,2,0,0,2
Best fitness found so far: -26.0; distance: 9.486832980505138
Generation: 11; 
d: 12.041594578792296; energy: -25.0; 2,2,1,0,0,0,1,0,2,1,2,2,0,0,1,0,0,0,2,2,0,0,1,0,1,2,1,0,2,2,1,1,2,2,0,2,0,2,1,0,2,0,1,2,2,1,1,0,2,2,0,2,0,0,0,1,2,0
Best fitness found so far: -26.0; distance: 9.486832980505138
Generation: 12; 
d: 9.486832980505138; energy: -26.0; 1,0,0,1,2,2,1,1,2,1,1,0,1,1,1,0,0,2,0,0,2,2,1,2,1,1,2,1,0,2,0,0,0,2,2,0,0,2,0,0,0,0,2,0,1,2,1,2,2,0,0,1,1,0,0,1,0,0
Best fitness found so far: -26.0; distance: 9.486832980505138
Generation: 13; 
d: 14.035668847618199; energy: -26.0; 1,0,0,1,2,2,1,1,2,1,1,0,1,1,1,0,0,2,0,0,2,2,1,2,1,1,2,0,0,2,0,2,1,0,1,0,0,0,1,0,0,0,2,1,0,0,0,2,0,0,0,2,0,1,0,2,2,0
Best fitness found so far: -26.0; distance: 9.486832980505138
Generation: 14; 
d: 10.295630140987; energy: -26.0; 1,0,0,1,2,2,1,1,2,1,1,0,1,1,1,0,0,2,0,0,2,2,1,2,1,1,2,0,2,1,1,2,1,1,2,2,2,1,0,1,0,0,2,1,0,0,1,0,0,0,0,0,0,0,0,1,0,2
Best fitness found so far: -26.0; distance: 9.486832980505138
Generation: 15; 
d: 13.601470508735444; energy: -26.0; 1,0,0,1,2,2,1,1,2,1,1,0,1,1,1,0,0,2,0,0,2,2,1,2,1,1,2,0,2,1,1,1,1,1,2,2,1,1,0,0,0,0,2,1,0,0,0,2,0,0,0,0,0,1,2,2,1,0
Best fitness found so far: -26.0; distance: 9.486832980505138
