Algorithm configured with: 
Pop: 1000
Aux Pop: 200
CrP: 1.0
MtP: 1.0
List of crossover: 
SinglePointCrossover
IntegerTwoPointsCrossover
MultiPointsCrossover
List of mutations: 
BitFlipMutation
LoopMoveOperator
LocalMoveOperator
SegmentMutation
OppositeMoveOperator
Execution: 1
Generation: 0; 
d: 24.73863375370596; energy: -12.0; 2,2,0,1,0,0,2,0,2,2,0,1,1,0,1,0,2,2,0,1,0,1,1,2,2,1,1,0,2,2,1,1,0,1,1,1,0,2,2,1,2,1,1,0,1,2,2,0,0,1,0,1,1,1,1,0,2,1,1,1,1,2,1,1,0,0,1,2,0,1,2,1,0,0,2,2,1,2,1,1,1,0,2,2,1,0,0,2,0,0,2,2,1,2,0,1,1
Best fitness found so far: -12.0; distance: 24.73863375370596
Generation: 1; 
d: 17.46424919657298; energy: -21.0; 2,1,2,2,0,0,1,1,0,0,2,2,0,2,2,1,1,1,2,1,0,1,2,2,1,0,0,1,2,2,1,1,0,0,2,0,2,0,1,2,2,1,1,1,0,2,0,1,1,0,0,1,2,0,2,2,1,2,0,1,1,2,0,0,1,1,1,0,2,0,0,1,2,1,2,0,0,2,2,1,2,1,0,2,0,0,1,0,2,2,1,0,1,0,0,2,1
Best fitness found so far: -21.0; distance: 17.46424919657298
Generation: 2; 
d: 23.769728648009426; energy: -20.0; 1,2,2,0,1,1,2,2,0,1,2,1,0,2,1,1,2,0,1,1,1,2,0,0,0,1,0,0,1,1,1,1,1,1,2,2,1,2,1,0,0,2,1,0,0,0,2,2,2,0,1,0,0,1,1,1,1,0,0,1,0,2,1,0,0,2,0,2,0,0,1,2,2,2,1,1,2,0,1,0,0,2,2,1,0,2,1,2,0,0,2,1,0,0,2,0,2
Best fitness found so far: -21.0; distance: 17.46424919657298
Generation: 3; 
d: 21.37755832643195; energy: -21.0; 0,0,0,0,1,0,1,2,1,0,0,1,2,1,2,0,0,1,2,0,0,2,2,1,1,1,2,2,1,0,0,2,2,1,0,0,2,2,1,1,0,0,1,2,2,0,1,2,2,1,0,0,1,1,1,0,2,2,0,1,2,2,0,0,2,1,0,0,1,2,0,1,0,2,0,1,0,0,2,2,0,2,2,1,0,1,2,0,0,2,1,0,1,2,2,1,2
Best fitness found so far: -21.0; distance: 17.46424919657298
Generation: 4; 
d: 21.840329667841555; energy: -21.0; 0,0,0,0,1,0,1,2,1,0,0,1,2,1,2,0,0,1,2,0,0,2,2,1,1,1,2,2,1,0,0,2,2,1,0,0,2,2,1,1,0,0,1,2,2,0,1,2,2,1,0,0,1,1,1,0,2,2,0,1,2,2,0,0,2,1,0,0,1,2,0,1,0,2,0,1,0,0,2,2,0,2,2,1,0,1,2,0,0,2,1,0,2,1,2,1,1
Best fitness found so far: -21.0; distance: 17.46424919657298
Generation: 5; 
d: 15.652475842498529; energy: -22.0; 2,1,1,1,0,2,2,1,2,1,2,1,1,1,2,1,2,2,2,1,1,2,1,1,2,0,2,0,1,1,2,1,1,2,0,0,1,1,1,1,0,0,0,1,0,0,0,1,1,2,2,2,2,2,2,2,1,1,1,0,0,1,1,2,1,2,1,0,0,2,0,1,0,1,0,0,1,2,2,0,1,0,2,0,0,0,2,0,0,1,2,1,0,1,1,0,0
Best fitness found so far: -22.0; distance: 15.652475842498529
Generation: 6; 
d: 19.1049731745428; energy: -25.0; 2,1,2,0,1,1,1,1,1,0,1,2,1,0,1,1,1,2,2,1,1,1,1,1,0,1,0,1,2,2,2,2,2,1,2,1,0,1,2,1,2,2,1,0,2,1,2,1,0,2,1,0,0,1,0,1,0,0,1,0,0,0,2,2,2,1,2,2,1,1,1,2,0,2,1,2,2,0,1,1,2,1,1,0,1,1,2,2,1,1,0,0,2,2,0,2,0
Best fitness found so far: -25.0; distance: 19.1049731745428
Generation: 7; 
d: 17.46424919657298; energy: -24.0; 2,1,2,0,1,1,1,1,1,0,1,2,1,0,1,1,1,2,2,1,1,1,1,1,0,1,0,1,2,2,2,2,2,1,2,1,0,1,2,1,2,2,1,0,2,1,2,1,0,2,1,0,0,1,0,1,0,0,1,0,0,0,2,2,2,1,2,2,1,1,1,2,0,2,1,2,2,0,1,1,2,1,2,0,1,1,2,0,2,2,2,1,2,0,2,1,2
Best fitness found so far: -25.0; distance: 19.1049731745428
Generation: 8; 
d: 25.179356624028344; energy: -26.0; 1,2,0,2,1,2,2,0,0,2,1,2,1,0,1,1,2,0,2,1,2,2,1,2,2,0,1,0,1,2,2,0,1,0,2,0,1,0,0,2,2,2,0,0,0,2,0,0,1,0,2,0,2,2,0,1,2,2,1,2,0,1,2,0,2,0,0,2,2,0,0,2,0,1,2,0,2,1,0,1,0,2,2,1,2,1,1,0,2,0,1,0,1,0,1,2,1
Best fitness found so far: -26.0; distance: 25.179356624028344
Generation: 9; 
d: 23.194827009486403; energy: -25.0; 1,2,0,2,1,1,0,1,2,2,1,1,0,2,1,1,2,0,2,1,2,2,1,2,2,0,1,0,1,2,2,0,1,0,2,0,1,0,0,2,2,2,0,0,0,2,0,0,1,0,2,0,2,2,0,1,2,2,1,2,0,1,2,0,2,0,0,2,2,0,0,2,0,1,2,0,2,1,0,1,0,2,2,1,2,1,1,0,2,0,1,0,1,0,1,2,1
Best fitness found so far: -26.0; distance: 25.179356624028344
Generation: 10; 
d: 21.2602916254693; energy: -25.0; 1,2,2,0,1,1,2,2,0,1,2,1,0,2,1,1,2,0,1,1,1,2,0,0,0,1,0,0,1,1,1,1,1,1,2,2,1,2,1,0,0,2,1,0,0,0,2,2,2,0,2,1,2,2,1,0,2,2,0,0,1,2,2,0,0,2,2,1,2,0,1,2,2,0,1,1,2,0,1,0,0,2,2,1,0,2,1,2,0,0,2,1,0,0,2,0,2
Best fitness found so far: -26.0; distance: 25.179356624028344
Generation: 11; 
d: 22.360679774997898; energy: -26.0; 1,2,2,0,1,1,2,2,0,1,2,1,0,2,1,1,2,0,1,1,1,2,0,0,0,1,0,0,1,1,1,1,1,1,2,2,1,2,1,0,2,2,0,0,0,0,1,0,1,2,1,1,2,2,1,2,2,2,2,2,0,0,0,1,0,1,2,0,1,2,2,2,1,2,1,1,2,0,0,1,0,2,0,0,2,2,1,2,1,0,2,1,0,0,2,1,2
Best fitness found so far: -26.0; distance: 25.179356624028344
Generation: 12; 
d: 18.601075237738275; energy: -25.0; 0,1,2,0,1,1,0,0,2,2,1,2,1,1,1,0,2,2,1,2,1,2,2,0,0,1,2,0,0,1,0,0,1,1,1,1,1,1,2,1,1,1,2,2,1,0,2,1,2,0,0,0,1,1,2,0,1,2,2,1,1,2,0,1,1,2,0,2,0,0,1,2,2,0,0,1,1,1,0,0,1,2,2,2,0,0,0,0,0,2,2,0,2,2,2,2,2
Best fitness found so far: -26.0; distance: 25.179356624028344
Generation: 13; 
d: 17.0; energy: -27.0; 2,2,1,2,0,2,2,0,1,1,0,2,1,1,1,0,1,2,2,1,0,0,0,1,1,1,2,1,1,1,2,1,1,2,0,0,2,2,1,2,1,0,1,0,0,2,2,0,0,0,1,2,1,2,0,1,2,2,1,2,0,1,2,0,2,0,0,2,1,2,0,2,2,1,1,0,2,2,0,2,2,1,0,0,2,2,1,2,1,0,0,2,0,2,2,1,0
Best fitness found so far: -27.0; distance: 17.0
Generation: 14; 
d: 17.0; energy: -27.0; 2,2,1,2,0,2,2,0,1,1,0,2,1,1,1,0,1,2,2,1,0,0,0,1,1,1,2,1,1,1,2,1,1,2,0,0,2,2,1,2,1,0,1,0,0,2,2,0,0,0,1,2,1,2,0,1,2,2,1,2,0,1,2,0,2,0,0,2,1,2,0,2,2,1,1,0,2,2,0,2,2,1,0,0,2,2,1,2,0,1,2,1,2,2,2,1,1
Best fitness found so far: -27.0; distance: 17.0
Generation: 15; 
d: 17.11724276862369; energy: -26.0; 2,1,2,0,1,1,1,1,1,0,1,2,1,0,1,1,1,2,2,1,1,1,1,1,0,1,0,1,2,2,2,2,2,1,2,1,0,1,2,1,2,2,1,0,2,1,2,1,0,2,1,0,0,1,0,1,0,0,1,0,0,0,2,2,2,1,2,2,1,1,1,2,0,2,1,2,2,0,1,1,2,1,1,0,0,2,2,0,1,2,1,2,2,2,0,0,0
Best fitness found so far: -27.0; distance: 17.0
