Algorithm configured with: 
Pop: 1000
CrP: 1.0
MtP: 1.0
List of crossover: 
SinglePointCrossover
IntegerTwoPointsCrossover
MultiPointsCrossover
List of mutations: 
BitFlipMutation
LoopMoveOperator
LocalMoveOperator
SegmentMutation
OppositeMoveOperator
Execution: 1
Generation: 0; 
d: 23.706539182259394; energy: -5.0; 2,0,2,0,1,2,2,0,0,2,1,0,0,2,1,0,2,1,2,1,1,0,2,2,1,0,1,1,0,0,1,2,2,0,1,1,1,0,2,0,1,1,1,1,2,1,1,2,1,0,1,2,1,1,1,0,2,2,0,2,2,1
Best fitness found so far: -5.0; distance: 23.706539182259394
Generation: 1; 
d: 12.649110640673518; energy: -20.0; 2,1,1,1,2,0,0,2,2,0,2,2,1,1,0,2,2,1,0,1,0,2,0,1,2,2,0,1,2,2,0,0,1,1,2,2,1,0,2,2,0,0,2,0,1,1,2,2,1,1,0,0,2,2,0,0,2,1,1,0,0,1
Best fitness found so far: -20.0; distance: 12.649110640673518
Generation: 2; 
d: 13.92838827718412; energy: -20.0; 0,2,0,2,2,0,0,2,2,0,1,0,1,1,1,2,1,1,0,1,1,0,0,0,1,1,1,1,1,1,1,0,2,2,0,0,2,1,0,2,0,0,0,2,0,0,1,2,0,2,1,1,1,0,0,0,1,0,2,1,0,2
Best fitness found so far: -20.0; distance: 12.649110640673518
Generation: 3; 
d: 16.278820596099706; energy: -20.0; 2,2,1,2,2,0,2,1,2,2,1,0,1,0,1,1,0,1,2,0,0,2,0,0,2,0,2,1,0,0,2,1,1,1,0,2,0,0,0,2,0,1,2,2,2,2,2,0,1,1,1,1,0,0,2,1,0,1,0,1,0,0
Best fitness found so far: -20.0; distance: 12.649110640673518
Generation: 4; 
d: 16.1245154965971; energy: -21.0; 0,2,2,0,0,1,0,0,1,0,1,0,1,1,1,0,1,0,0,1,0,2,1,1,2,2,1,0,0,0,1,0,2,2,2,2,0,2,2,1,0,0,2,2,0,0,0,1,2,1,2,2,0,1,0,0,1,2,2,0,0,0
Best fitness found so far: -21.0; distance: 16.1245154965971
Generation: 5; 
d: 16.1245154965971; energy: -21.0; 0,2,2,0,0,1,0,0,1,0,1,0,1,1,1,0,1,0,0,1,0,2,1,1,2,2,1,0,0,0,1,0,2,2,2,2,0,2,2,1,0,0,2,2,0,0,0,1,2,1,2,2,0,1,0,0,1,2,2,0,0,0
Best fitness found so far: -21.0; distance: 16.1245154965971
Generation: 6; 
d: 10.63014581273465; energy: -24.0; 1,2,0,0,2,0,0,1,0,1,1,1,1,0,0,0,1,2,0,0,0,0,1,0,1,2,1,0,2,1,0,0,1,2,0,0,2,2,2,1,2,0,0,0,2,0,0,1,0,2,0,1,0,0,2,2,2,0,2,2,1,0
Best fitness found so far: -24.0; distance: 10.63014581273465
Generation: 7; 
d: 10.63014581273465; energy: -24.0; 1,2,0,0,2,0,0,1,0,1,1,1,1,0,0,0,1,2,0,0,0,0,1,0,1,2,1,0,2,1,0,0,1,2,0,0,2,2,2,1,2,0,0,0,2,0,0,1,0,2,0,1,0,0,2,2,2,0,2,2,1,0
Best fitness found so far: -24.0; distance: 10.63014581273465
Generation: 8; 
d: 10.770329614269007; energy: -21.0; 1,2,0,0,2,0,0,1,0,1,1,1,1,0,0,0,1,2,0,0,0,0,1,0,1,2,1,0,2,1,0,0,1,2,0,0,2,2,2,1,2,0,0,0,2,0,0,1,0,2,0,1,0,1,1,2,0,2,2,1,2,2
Best fitness found so far: -24.0; distance: 10.63014581273465
Generation: 9; 
d: 10.770329614269007; energy: -21.0; 1,2,0,0,2,0,0,1,0,1,1,1,1,0,0,0,1,2,0,0,0,0,1,0,1,2,1,0,2,1,0,0,1,2,0,0,2,2,2,1,2,0,0,0,2,0,0,1,0,2,0,1,0,1,1,2,0,2,2,1,2,2
Best fitness found so far: -24.0; distance: 10.63014581273465
Generation: 10; 
d: 13.92838827718412; energy: -20.0; 0,0,2,1,0,2,1,0,0,2,2,2,2,0,0,0,2,2,1,2,1,2,0,0,2,2,2,0,1,2,0,0,0,0,2,1,1,1,2,2,1,0,0,2,2,0,0,2,1,1,1,0,1,0,0,2,2,1,0,1,2,2
Best fitness found so far: -24.0; distance: 10.63014581273465
Generation: 11; 
d: 12.529964086141668; energy: -20.0; 0,2,2,2,0,0,2,2,0,0,0,1,1,2,1,0,0,0,2,2,0,1,1,1,0,1,1,0,0,1,0,1,0,2,2,0,0,2,1,2,1,0,0,1,0,0,2,1,1,1,1,1,1,2,1,0,0,0,2,1,0,2
Best fitness found so far: -24.0; distance: 10.63014581273465
Generation: 12; 
d: 14.212670403551895; energy: -24.0; 2,0,0,2,2,0,0,1,0,1,1,1,1,0,0,0,1,2,0,0,0,0,0,1,2,2,0,1,1,2,0,0,1,2,0,0,2,2,2,1,2,0,0,0,2,2,2,0,0,0,0,1,0,0,2,2,2,0,0,2,2,2
Best fitness found so far: -24.0; distance: 10.63014581273465
Generation: 13; 
d: 14.212670403551895; energy: -24.0; 2,0,0,2,2,0,0,1,0,1,1,1,1,0,0,0,1,2,0,0,0,0,0,1,2,2,0,1,1,2,0,0,1,2,0,0,2,2,2,1,2,0,0,0,2,2,2,0,0,0,0,1,0,0,2,2,2,0,0,2,2,2
Best fitness found so far: -24.0; distance: 10.63014581273465
Generation: 14; 
d: 12.529964086141668; energy: -23.0; 1,1,0,0,1,0,2,2,2,1,0,2,1,0,0,1,2,0,0,2,0,2,0,2,0,1,0,0,0,2,0,0,1,2,0,0,2,2,0,2,1,1,0,0,2,0,0,0,0,0,1,0,1,0,0,2,2,1,0,0,2,2
Best fitness found so far: -24.0; distance: 10.63014581273465
Generation: 15; 
d: 12.165525060596439; energy: -27.0; 2,2,0,0,2,0,0,1,0,1,1,1,1,0,0,0,1,2,0,0,0,0,1,0,1,2,1,0,2,1,0,0,1,2,0,0,2,2,2,1,2,0,0,0,2,0,0,1,0,2,0,1,0,1,0,1,1,0,0,1,2,2
Best fitness found so far: -27.0; distance: 12.165525060596439
Generation: 16; 
d: 12.165525060596439; energy: -27.0; 2,2,0,0,2,0,0,1,0,1,1,1,1,0,0,0,1,2,0,0,0,0,1,0,1,2,1,0,2,1,0,0,1,2,0,0,2,2,2,1,2,0,0,0,2,0,0,1,0,2,0,1,0,1,0,1,1,0,0,1,2,2
Best fitness found so far: -27.0; distance: 12.165525060596439
Generation: 17; 
d: 10.295630140987; energy: -23.0; 0,0,2,1,0,0,2,2,0,2,2,1,0,1,2,0,0,0,2,0,0,0,0,1,1,1,0,2,1,1,0,0,2,0,0,2,2,0,2,2,0,2,0,0,2,0,1,0,0,2,1,2,2,2,0,0,0,1,0,1,0,0
Best fitness found so far: -27.0; distance: 12.165525060596439
Generation: 18; 
d: 12.806248474865697; energy: -24.0; 2,2,0,0,2,0,0,1,0,1,1,1,1,0,0,0,1,2,0,0,0,0,1,0,1,2,1,0,2,1,0,0,1,2,0,0,2,2,2,1,2,0,0,0,2,0,0,1,1,2,0,1,0,1,0,1,1,0,0,1,2,2
Best fitness found so far: -27.0; distance: 12.165525060596439
Generation: 19; 
d: 12.806248474865697; energy: -24.0; 2,2,0,0,2,0,0,1,0,1,1,1,1,0,0,0,1,2,0,0,0,0,1,0,1,2,1,0,2,1,0,0,1,2,0,0,2,2,2,1,2,0,0,0,2,0,0,1,1,2,0,1,0,1,0,1,1,0,0,1,2,2
Best fitness found so far: -27.0; distance: 12.165525060596439
Generation: 20; 
d: 15.0; energy: -22.0; 1,2,1,2,2,2,0,1,0,2,2,1,0,0,1,1,0,0,0,0,0,1,2,1,0,2,1,1,0,0,2,2,2,1,2,2,2,1,2,1,0,2,1,0,2,2,1,1,2,2,2,0,2,0,0,0,0,2,2,1,2,2
Best fitness found so far: -27.0; distance: 12.165525060596439
Generation: 21; 
d: 15.0; energy: -22.0; 1,2,1,2,2,2,0,1,0,2,2,1,0,0,1,1,0,0,0,0,0,1,2,1,0,2,1,1,0,0,2,2,2,1,2,2,2,1,2,1,0,2,1,0,2,2,1,1,2,2,2,0,2,0,0,0,0,2,2,1,2,2
Best fitness found so far: -27.0; distance: 12.165525060596439
Generation: 22; 
d: 11.313708498984761; energy: -24.0; 0,1,1,2,2,0,2,2,0,2,1,1,1,2,2,0,0,1,2,0,0,1,1,1,0,1,2,2,2,1,0,0,1,2,0,0,2,2,2,1,2,0,0,0,2,0,0,1,0,2,0,1,0,0,2,2,2,0,2,2,1,0
Best fitness found so far: -27.0; distance: 12.165525060596439
Generation: 23; 
d: 11.313708498984761; energy: -24.0; 0,1,1,2,2,0,2,2,0,2,1,1,1,2,2,0,0,1,2,0,0,1,1,1,0,1,2,2,2,1,0,0,1,2,0,0,2,2,2,1,2,0,0,0,2,0,0,1,0,2,0,1,0,0,2,2,2,0,2,2,1,0
Best fitness found so far: -27.0; distance: 12.165525060596439
Generation: 24; 
d: 12.806248474865697; energy: -25.0; 0,0,0,1,0,0,1,0,0,0,2,2,2,1,1,0,1,1,1,0,0,0,1,2,0,1,0,0,0,2,0,0,1,0,0,0,2,2,0,2,2,0,1,0,0,1,0,0,0,0,1,0,1,0,0,2,2,1,0,0,2,2
Best fitness found so far: -27.0; distance: 12.165525060596439
Generation: 25; 
d: 12.806248474865697; energy: -25.0; 0,0,0,1,0,0,1,0,0,0,2,2,2,1,1,0,1,1,1,0,0,0,1,2,0,1,0,0,0,2,0,0,1,0,0,0,2,2,0,2,2,0,1,0,0,1,0,0,0,0,1,0,1,0,0,2,2,1,0,0,2,2
Best fitness found so far: -27.0; distance: 12.165525060596439
Generation: 26; 
d: 11.180339887498949; energy: -26.0; 2,1,1,2,1,2,2,0,0,0,0,1,1,1,0,0,2,1,0,0,1,0,0,1,0,1,0,0,0,2,0,0,1,2,0,0,2,0,2,1,0,0,1,1,1,0,1,2,0,0,1,1,0,0,2,2,2,0,2,2,1,0
Best fitness found so far: -27.0; distance: 12.165525060596439
Generation: 27; 
d: 11.180339887498949; energy: -26.0; 2,1,1,2,1,2,2,0,0,0,0,1,1,1,0,0,2,1,0,0,1,0,0,1,0,1,0,0,0,2,0,0,1,2,0,0,2,0,2,1,0,0,1,1,1,0,1,2,0,0,1,1,0,0,2,2,2,0,2,2,1,0
Best fitness found so far: -27.0; distance: 12.165525060596439
Generation: 28; 
d: 13.45362404707371; energy: -26.0; 2,1,1,2,1,2,2,0,0,0,0,1,1,1,0,0,2,1,0,0,1,0,0,1,0,1,0,0,0,2,0,2,1,1,1,1,0,1,1,1,0,1,1,1,1,0,1,2,0,0,1,1,0,0,2,2,2,0,2,2,1,0
Best fitness found so far: -27.0; distance: 12.165525060596439
Generation: 29; 
d: 13.45362404707371; energy: -26.0; 2,1,1,2,1,2,2,0,0,0,0,1,1,1,0,0,2,1,0,0,1,0,0,1,0,1,0,0,0,2,0,2,1,1,1,1,0,1,1,1,0,1,1,1,1,0,1,2,0,0,1,1,0,0,2,2,2,0,2,2,1,0
Best fitness found so far: -27.0; distance: 12.165525060596439
Generation: 30; 
d: 12.649110640673518; energy: -24.0; 0,1,0,0,2,0,2,2,1,2,0,1,0,0,2,0,1,0,0,0,0,0,2,0,0,2,0,0,1,0,0,0,0,0,1,0,1,1,1,2,2,1,0,0,1,2,2,2,2,2,2,0,2,2,1,1,0,1,0,0,0,2
Best fitness found so far: -27.0; distance: 12.165525060596439
Generation: 31; 
d: 11.40175425099138; energy: -25.0; 1,2,0,0,2,0,0,1,0,1,1,1,1,0,0,0,1,2,0,0,0,0,0,1,2,2,0,1,1,2,0,0,1,2,0,0,2,2,2,1,2,0,0,0,2,2,2,0,2,0,0,1,0,1,0,1,2,0,0,1,1,2
Best fitness found so far: -27.0; distance: 12.165525060596439
Generation: 32; 
d: 11.40175425099138; energy: -25.0; 1,2,0,0,2,0,0,1,0,1,1,1,1,0,0,0,1,2,0,0,0,0,0,1,2,2,0,1,1,2,0,0,1,2,0,0,2,2,2,1,2,0,0,0,2,2,2,0,2,0,0,1,0,1,0,1,2,0,0,1,1,2
Best fitness found so far: -27.0; distance: 12.165525060596439
Generation: 33; 
d: 11.40175425099138; energy: -26.0; 2,1,1,2,1,2,2,0,0,0,0,1,1,0,0,0,2,2,1,2,1,0,0,1,2,2,0,1,1,2,0,0,1,2,0,0,2,2,2,1,2,0,0,0,2,0,0,1,0,2,0,1,0,0,2,2,2,0,2,2,1,0
Best fitness found so far: -27.0; distance: 12.165525060596439
Generation: 34; 
d: 11.40175425099138; energy: -26.0; 2,1,1,2,1,2,2,0,0,0,0,1,1,0,0,0,2,2,1,2,1,0,0,1,2,2,0,1,1,2,0,0,1,2,0,0,2,2,2,1,2,0,0,0,2,0,0,1,0,2,0,1,0,0,2,2,2,0,2,2,1,0
Best fitness found so far: -27.0; distance: 12.165525060596439
Generation: 35; 
d: 10.63014581273465; energy: -25.0; 2,1,1,2,1,2,2,0,0,0,0,1,1,1,0,0,2,1,0,0,1,0,0,1,0,1,0,0,0,2,0,0,1,2,0,0,2,0,2,1,0,0,1,1,1,0,1,2,0,0,1,1,0,0,2,2,2,1,2,0,0,1
Best fitness found so far: -27.0; distance: 12.165525060596439
Generation: 36; 
d: 12.206555615733702; energy: -24.0; 2,1,1,2,1,2,2,0,0,0,0,1,1,1,2,0,0,0,0,1,2,0,1,0,1,2,1,0,2,1,0,0,1,2,0,0,2,2,2,1,2,0,0,0,2,0,0,1,1,2,0,1,0,1,0,1,1,2,2,0,0,1
Best fitness found so far: -27.0; distance: 12.165525060596439
Generation: 37; 
d: 11.704699910719626; energy: -24.0; 1,0,1,2,0,0,1,0,2,2,0,0,0,2,1,0,1,1,1,0,0,0,1,2,0,1,0,0,0,2,0,0,1,0,0,0,2,2,0,2,2,0,1,0,0,1,0,0,0,0,1,0,1,0,0,2,2,1,0,0,2,2
Best fitness found so far: -27.0; distance: 12.165525060596439
Generation: 38; 
d: 16.64331697709324; energy: -27.0; 0,0,2,0,0,1,1,0,0,1,1,1,1,0,0,0,1,0,2,0,0,0,1,0,1,2,1,0,2,1,0,0,2,2,0,0,2,2,2,1,2,0,0,0,2,0,0,1,0,2,0,1,0,0,2,2,2,0,2,2,1,0
Best fitness found so far: -27.0; distance: 12.165525060596439
Generation: 39; 
d: 16.64331697709324; energy: -27.0; 0,0,2,0,0,1,1,0,0,1,1,1,1,0,0,0,1,0,2,0,0,0,1,0,1,2,1,0,2,1,0,0,2,2,0,0,2,2,2,1,2,0,0,0,2,0,0,1,0,2,0,1,0,0,2,2,2,0,2,2,1,0
Best fitness found so far: -27.0; distance: 12.165525060596439
Generation: 40; 
d: 13.601470508735444; energy: -26.0; 0,1,0,0,2,0,2,2,1,2,0,1,0,0,2,0,1,0,0,0,0,0,2,0,0,2,0,0,2,1,0,0,1,0,2,2,1,2,1,2,1,1,1,0,1,1,0,2,0,1,0,0,2,2,0,2,0,2,2,1,0,0
Best fitness found so far: -27.0; distance: 12.165525060596439
Generation: 41; 
d: 13.601470508735444; energy: -26.0; 0,1,0,0,2,0,2,2,1,2,0,1,0,0,2,0,1,0,0,0,0,0,2,0,0,2,0,0,2,1,0,0,1,0,2,2,1,2,1,2,1,1,1,0,1,1,0,2,0,1,0,0,2,2,0,2,0,2,2,1,0,0
Best fitness found so far: -27.0; distance: 12.165525060596439
Generation: 42; 
d: 12.206555615733702; energy: -27.0; 0,0,0,1,0,0,1,0,0,0,2,2,2,1,1,0,1,1,1,0,0,0,1,2,0,1,0,0,0,2,0,0,1,0,1,0,0,1,0,2,2,0,1,0,0,1,0,0,0,0,1,0,1,0,0,2,2,1,0,0,2,2
Best fitness found so far: -27.0; distance: 12.165525060596439
Generation: 43; 
d: 12.206555615733702; energy: -27.0; 0,0,0,1,0,0,1,0,0,0,2,2,2,1,1,0,1,1,1,0,0,0,1,2,0,1,0,0,0,2,0,0,1,0,1,0,0,1,0,2,2,0,1,0,0,1,0,0,0,0,1,0,1,0,0,2,2,1,0,0,2,2
Best fitness found so far: -27.0; distance: 12.165525060596439
Generation: 44; 
d: 12.206555615733702; energy: -26.0; 2,2,1,2,2,0,2,1,2,2,1,2,1,1,1,0,1,2,0,0,0,0,1,0,0,2,1,0,2,1,0,0,1,2,0,0,2,2,2,1,2,0,0,0,2,0,0,1,0,2,0,1,0,1,0,1,2,1,2,2,2,1
Best fitness found so far: -27.0; distance: 12.165525060596439
Generation: 45; 
d: 13.45362404707371; energy: -26.0; 2,1,1,2,1,2,2,0,0,0,0,1,1,1,0,0,2,1,0,0,1,0,0,1,0,1,0,0,0,2,0,2,1,1,1,1,0,1,1,1,0,1,1,1,1,0,1,2,0,0,1,1,0,0,2,2,2,0,0,0,2,2
Best fitness found so far: -27.0; distance: 12.165525060596439
Generation: 46; 
d: 13.45362404707371; energy: -26.0; 2,1,1,2,1,2,2,0,0,0,0,1,1,1,0,0,2,1,0,0,1,0,0,1,0,1,0,0,0,2,0,2,1,1,1,1,0,1,1,1,0,1,1,1,1,0,1,2,0,0,1,1,0,0,2,2,2,0,0,2,1,0
Best fitness found so far: -27.0; distance: 12.165525060596439
Generation: 47; 
d: 13.45362404707371; energy: -26.0; 2,1,1,2,1,2,2,0,0,0,0,1,1,1,0,0,2,1,0,0,1,0,0,1,0,1,0,0,0,2,0,2,1,1,1,1,0,1,1,1,0,1,1,1,1,0,1,2,0,0,1,1,0,0,2,2,2,0,0,2,1,0
Best fitness found so far: -27.0; distance: 12.165525060596439
Generation: 48; 
d: 11.180339887498949; energy: -27.0; 1,1,0,0,1,2,2,0,0,0,0,1,1,0,0,0,2,2,1,2,1,0,0,1,0,1,0,0,0,2,0,0,1,2,0,0,2,2,2,2,1,1,0,0,2,0,0,1,0,2,0,1,0,0,2,2,2,0,2,2,1,0
Best fitness found so far: -27.0; distance: 12.165525060596439
Generation: 49; 
d: 11.180339887498949; energy: -27.0; 0,0,2,0,0,1,1,0,0,1,0,1,1,0,0,0,1,2,0,0,0,0,1,0,1,2,1,0,2,1,0,0,1,2,0,0,2,2,2,1,2,0,0,0,2,0,0,1,0,2,0,1,0,1,0,1,1,0,0,1,2,2
Best fitness found so far: -27.0; distance: 12.165525060596439
Generation: 50; 
d: 11.180339887498949; energy: -27.0; 0,0,2,0,0,1,1,0,0,1,0,1,1,0,0,0,1,2,0,0,0,0,1,0,1,2,1,0,2,1,0,0,1,2,0,0,2,2,2,1,2,0,0,0,2,0,0,1,0,2,0,1,0,1,0,1,1,0,0,1,2,2
Best fitness found so far: -27.0; distance: 12.165525060596439
Generation: 51; 
d: 12.206555615733702; energy: -26.0; 0,0,0,1,0,0,1,0,2,2,0,2,2,1,1,0,1,0,2,0,0,0,0,1,1,2,0,0,0,2,0,0,1,0,1,0,0,1,0,2,0,2,0,0,2,0,1,0,0,0,1,0,1,0,0,2,2,1,0,0,2,2
Best fitness found so far: -27.0; distance: 12.165525060596439
Generation: 52; 
d: 15.620499351813308; energy: -24.0; 0,0,0,1,0,0,1,0,0,0,2,2,2,1,1,0,1,1,1,0,0,0,1,2,0,1,0,0,0,2,0,0,1,2,0,0,0,1,0,2,2,0,1,0,0,1,0,0,2,1,2,2,2,0,0,2,2,1,0,0,2,2
Best fitness found so far: -27.0; distance: 12.165525060596439
Generation: 53; 
d: 11.313708498984761; energy: -27.0; 2,2,1,2,2,0,2,1,2,2,1,2,1,1,1,0,1,2,0,0,0,0,1,0,0,2,1,0,2,1,0,0,1,2,0,0,2,2,2,1,2,0,0,0,2,0,1,0,0,2,0,1,0,1,0,1,2,1,2,2,2,1
Best fitness found so far: -27.0; distance: 12.165525060596439
Generation: 54; 
d: 11.313708498984761; energy: -27.0; 2,2,1,2,2,0,2,1,2,2,1,2,1,1,1,0,1,2,0,0,0,0,1,0,0,2,1,0,2,1,0,0,1,2,0,0,2,2,2,1,2,0,0,0,2,0,1,0,0,2,0,1,0,1,0,1,2,1,2,2,2,1
Best fitness found so far: -27.0; distance: 12.165525060596439
Generation: 55; 
d: 13.0; energy: -27.0; 0,1,0,0,2,0,2,2,1,2,0,1,0,0,2,0,1,0,0,0,0,0,2,0,0,2,0,0,2,2,0,0,1,0,2,2,1,2,1,2,1,1,1,2,1,1,2,0,2,2,2,0,2,2,1,1,0,1,0,0,0,2
Best fitness found so far: -27.0; distance: 12.165525060596439
Generation: 56; 
d: 11.661903789690601; energy: -26.0; 0,1,0,0,2,0,2,2,1,2,0,1,0,0,2,0,0,1,1,1,1,2,2,0,0,2,0,0,2,1,0,0,2,0,2,0,2,2,2,1,2,0,0,0,2,0,0,1,0,2,2,2,2,2,0,0,0,1,0,0,0,2
Best fitness found so far: -27.0; distance: 12.165525060596439
Generation: 57; 
d: 11.661903789690601; energy: -26.0; 0,1,0,0,2,0,2,2,1,2,0,1,0,0,2,0,0,1,1,1,1,2,2,0,0,2,0,0,2,1,0,0,2,0,2,0,2,2,2,1,2,0,0,0,2,0,0,1,0,2,2,2,2,2,0,0,0,1,0,0,0,2
Best fitness found so far: -27.0; distance: 12.165525060596439
Generation: 58; 
d: 12.206555615733702; energy: -27.0; 0,0,0,1,0,0,1,0,0,0,2,2,2,1,1,0,1,1,1,0,0,0,1,2,0,1,0,0,0,2,0,0,1,0,1,0,0,1,0,2,2,0,1,0,0,1,0,0,0,0,1,0,1,0,0,2,2,1,0,0,2,2
Best fitness found so far: -27.0; distance: 12.165525060596439
Generation: 59; 
d: 12.206555615733702; energy: -27.0; 0,0,0,1,0,0,1,0,0,0,2,2,2,1,1,0,1,1,1,0,0,0,1,2,0,1,0,0,0,2,0,0,1,0,1,0,0,1,0,2,2,0,1,0,0,1,0,0,0,0,1,0,1,0,0,2,2,1,0,0,2,2
Best fitness found so far: -27.0; distance: 12.165525060596439
Generation: 60; 
d: 12.36931687685298; energy: -28.0; 0,2,2,1,0,0,1,1,0,1,2,2,1,0,2,0,1,0,0,0,0,0,2,0,0,2,0,0,2,1,0,0,1,2,0,0,2,1,1,0,1,2,0,0,2,0,0,1,0,2,0,0,2,2,1,1,0,1,0,0,0,1
Best fitness found so far: -28.0; distance: 12.36931687685298
Generation: 61; 
d: 12.36931687685298; energy: -28.0; 0,2,2,1,0,0,1,1,0,1,2,2,1,0,2,0,1,0,0,0,0,0,2,0,0,2,0,0,2,1,0,0,1,2,0,0,2,1,1,0,1,2,0,0,2,0,0,1,0,2,0,0,2,2,1,1,0,1,0,0,0,1
Best fitness found so far: -28.0; distance: 12.36931687685298
Generation: 62; 
d: 12.36931687685298; energy: -27.0; 1,2,0,0,2,0,0,1,0,1,0,1,0,0,2,0,1,2,0,0,0,0,1,0,2,2,1,0,2,1,0,0,1,2,0,0,2,2,2,1,2,0,0,0,2,0,0,1,0,2,0,1,0,0,2,2,0,1,0,0,0,1
Best fitness found so far: -28.0; distance: 12.36931687685298
Generation: 63; 
d: 11.313708498984761; energy: -27.0; 2,1,1,2,1,2,2,2,0,2,1,1,1,2,2,0,0,1,2,0,0,1,1,1,0,1,2,2,2,1,0,0,1,2,0,0,2,2,2,1,2,0,0,0,2,0,0,1,0,2,0,2,0,0,1,1,1,1,1,1,2,0
Best fitness found so far: -28.0; distance: 12.36931687685298
Generation: 64; 
d: 11.313708498984761; energy: -27.0; 2,1,1,2,1,2,2,2,0,2,1,1,1,2,2,0,0,1,2,0,0,1,1,1,0,1,2,2,2,1,0,0,1,2,0,0,2,2,2,1,2,0,0,0,2,0,0,1,0,2,0,2,0,0,1,1,1,1,1,1,2,0
Best fitness found so far: -28.0; distance: 12.36931687685298
Generation: 65; 
d: 13.45362404707371; energy: -26.0; 2,1,1,2,1,2,2,0,0,0,0,1,1,1,0,0,2,1,0,0,1,0,0,1,0,1,0,0,0,2,0,2,1,1,1,1,0,1,1,1,0,1,1,1,1,0,1,2,0,0,1,1,0,0,2,2,2,0,0,2,0,1
Best fitness found so far: -28.0; distance: 12.36931687685298
Generation: 66; 
d: 11.180339887498949; energy: -27.0; 0,1,2,1,0,0,0,0,1,0,0,1,1,2,2,0,0,0,2,0,0,0,2,2,1,2,0,0,1,2,0,1,0,0,2,0,2,0,2,2,0,2,0,0,0,1,1,0,0,2,1,2,2,2,0,0,0,1,0,0,1,0
Best fitness found so far: -28.0; distance: 12.36931687685298
Generation: 67; 
d: 11.180339887498949; energy: -27.0; 0,1,2,1,0,0,0,0,1,0,0,1,1,2,2,0,0,0,2,0,0,0,2,2,1,2,0,0,1,2,0,1,0,0,2,0,2,0,2,2,0,2,0,0,0,1,1,0,0,2,1,2,2,2,0,0,0,1,0,0,1,0
Best fitness found so far: -28.0; distance: 12.36931687685298
Generation: 68; 
d: 11.313708498984761; energy: -27.0; 2,1,1,2,1,2,2,2,0,2,1,1,1,2,2,0,0,1,2,0,0,1,1,1,0,1,2,2,2,1,0,0,1,2,0,0,2,2,2,1,2,0,0,0,2,0,0,1,0,2,0,2,0,0,1,1,2,0,0,2,0,0
Best fitness found so far: -28.0; distance: 12.36931687685298
Generation: 69; 
d: 11.313708498984761; energy: -27.0; 2,1,1,2,1,2,2,2,0,2,1,1,1,2,2,0,0,1,2,0,0,1,1,1,0,1,2,2,2,1,0,0,1,2,0,0,2,2,2,1,2,0,0,0,2,0,0,1,0,2,0,2,0,0,1,1,2,0,0,2,0,0
Best fitness found so far: -28.0; distance: 12.36931687685298
Generation: 70; 
d: 13.0; energy: -26.0; 0,0,0,1,0,0,1,0,0,0,2,2,2,1,1,0,1,1,1,0,0,0,1,2,0,1,0,0,0,2,0,0,1,0,0,0,2,2,2,1,2,0,0,0,2,0,0,1,0,2,0,1,0,0,0,0,1,0,1,2,2,2
Best fitness found so far: -28.0; distance: 12.36931687685298
Generation: 71; 
d: 13.0; energy: -26.0; 0,0,0,1,0,0,1,0,0,0,2,2,2,1,1,0,1,1,1,0,0,0,1,2,0,1,0,0,0,2,0,0,1,0,0,0,2,2,2,1,2,0,0,0,2,0,0,1,0,2,0,1,0,0,0,0,1,0,1,2,2,2
Best fitness found so far: -28.0; distance: 12.36931687685298
Generation: 72; 
d: 11.704699910719626; energy: -28.0; 0,0,2,1,0,0,0,0,1,0,0,1,1,1,2,0,0,0,2,0,0,0,0,1,0,2,2,2,2,1,0,0,2,2,0,0,1,2,0,2,1,1,0,0,2,0,0,0,0,0,1,0,1,0,0,2,0,1,0,1,0,0
Best fitness found so far: -28.0; distance: 12.36931687685298
Generation: 73; 
d: 11.704699910719626; energy: -28.0; 0,0,2,1,0,0,0,0,1,0,0,1,1,1,2,0,0,0,2,0,0,0,0,1,0,2,2,2,2,1,0,0,2,2,0,0,1,2,0,2,1,1,0,0,2,0,0,0,0,0,1,0,1,0,0,2,0,1,0,1,0,0
Best fitness found so far: -28.0; distance: 12.36931687685298
Generation: 74; 
d: 10.816653826391969; energy: -27.0; 2,2,2,0,0,0,0,2,2,1,2,1,1,0,0,0,0,1,1,1,1,2,2,0,0,2,0,0,2,1,0,0,2,0,2,0,2,2,2,1,2,0,0,0,2,0,0,1,0,2,0,1,0,0,2,1,2,2,1,2,2,1
Best fitness found so far: -28.0; distance: 12.36931687685298
Generation: 75; 
d: 10.816653826391969; energy: -27.0; 2,2,2,0,0,0,0,2,2,1,2,1,1,0,0,0,0,1,1,1,1,2,2,0,0,2,0,0,2,1,0,0,2,0,2,0,2,2,2,1,2,0,0,0,2,0,0,1,0,2,0,1,0,0,2,1,2,2,1,2,2,1
Best fitness found so far: -28.0; distance: 12.36931687685298
Generation: 76; 
d: 10.770329614269007; energy: -27.0; 2,2,1,2,2,0,2,1,2,2,1,2,1,1,1,0,1,2,0,0,0,0,1,0,0,2,1,0,2,1,0,0,1,2,0,0,2,2,2,1,2,0,0,0,2,0,0,1,0,2,0,0,2,2,1,1,0,1,0,0,0,2
Best fitness found so far: -28.0; distance: 12.36931687685298
Generation: 77; 
d: 11.40175425099138; energy: -27.0; 2,1,1,2,1,2,2,0,0,0,0,1,1,1,0,0,2,1,0,0,1,0,0,1,0,1,0,0,0,2,0,0,1,2,0,0,2,2,0,0,0,0,1,1,1,0,1,2,0,0,1,1,0,0,1,1,0,0,2,2,1,0
Best fitness found so far: -28.0; distance: 12.36931687685298
Generation: 78; 
d: 10.0; energy: -28.0; 2,2,1,2,1,2,2,0,0,0,0,1,1,0,0,0,1,0,0,0,0,0,2,0,0,2,0,0,1,2,0,0,1,2,0,0,2,2,0,0,1,1,1,0,2,0,0,1,0,2,0,0,2,2,1,1,0,1,0,0,0,1
Best fitness found so far: -28.0; distance: 12.36931687685298
Generation: 79; 
d: 10.0; energy: -28.0; 2,2,1,2,1,2,2,0,0,0,0,1,1,0,0,0,1,0,0,0,0,0,2,0,0,2,0,0,1,2,0,0,1,2,0,0,2,2,0,0,1,1,1,0,2,0,0,1,0,2,0,0,2,2,1,1,0,1,0,0,0,1
Best fitness found so far: -28.0; distance: 12.36931687685298
Generation: 80; 
d: 11.40175425099138; energy: -28.0; 2,1,1,2,1,2,2,0,0,0,0,1,1,1,0,0,2,1,0,0,1,0,0,1,0,1,0,0,0,2,0,0,1,2,0,0,2,2,0,0,0,0,1,1,1,0,1,2,0,0,1,1,0,0,1,1,2,2,0,2,2,2
Best fitness found so far: -28.0; distance: 12.36931687685298
Generation: 81; 
d: 11.40175425099138; energy: -28.0; 2,1,1,2,1,2,2,0,0,0,0,1,1,1,0,0,2,1,0,0,1,0,0,1,0,1,0,0,0,2,0,0,1,2,0,0,2,2,0,0,0,0,1,1,1,0,1,2,0,0,1,1,0,0,1,1,2,2,0,2,2,2
Best fitness found so far: -28.0; distance: 12.36931687685298
Generation: 82; 
d: 10.63014581273465; energy: -29.0; 2,1,1,2,1,2,2,2,0,0,0,1,1,0,2,0,0,1,1,1,1,2,2,0,0,2,0,0,2,1,0,0,2,0,2,0,2,2,2,1,2,0,0,0,2,0,0,1,0,2,0,2,0,0,1,1,2,0,0,2,0,0
Best fitness found so far: -29.0; distance: 10.63014581273465
Generation: 83; 
d: 11.180339887498949; energy: -31.0; 1,2,1,2,2,0,2,2,0,2,1,1,1,0,0,0,1,0,0,0,0,0,2,0,0,2,0,0,2,1,0,0,1,2,0,0,2,2,2,1,2,0,0,0,2,2,0,0,1,0,0,1,0,0,0,0,0,2,2,1,2,2
Best fitness found so far: -31.0; distance: 11.180339887498949
Generation: 84; 
d: 11.180339887498949; energy: -31.0; 1,2,1,2,2,0,2,2,0,2,1,1,1,0,0,0,1,0,0,0,0,0,2,0,0,2,0,0,2,1,0,0,1,2,0,0,2,2,2,1,2,0,0,0,2,2,0,0,1,0,0,1,0,0,0,0,0,2,2,1,2,2
Best fitness found so far: -31.0; distance: 11.180339887498949
Generation: 85; 
d: 12.165525060596439; energy: -30.0; 2,1,1,2,1,2,2,0,2,1,1,2,2,1,0,0,2,2,1,0,0,0,2,0,0,2,0,0,2,1,0,0,1,2,0,0,2,2,2,1,2,0,0,0,2,0,0,0,0,0,1,0,1,0,0,2,2,1,0,0,2,2
Best fitness found so far: -31.0; distance: 11.180339887498949
Generation: 86; 
d: 11.40175425099138; energy: -28.0; 2,1,1,2,1,2,2,0,0,0,0,1,1,0,0,0,2,2,1,2,1,0,0,1,2,2,0,1,1,2,0,0,1,2,0,0,2,2,2,1,2,0,0,0,2,0,0,1,0,2,0,0,2,2,1,1,0,1,0,0,0,2
Best fitness found so far: -31.0; distance: 11.180339887498949
Generation: 87; 
d: 11.313708498984761; energy: -28.0; 2,1,1,2,1,2,2,0,0,0,0,1,1,0,0,0,2,2,1,2,0,1,1,1,0,1,2,2,2,1,0,0,1,2,0,0,2,2,2,1,2,0,0,0,2,0,0,1,0,2,0,2,2,2,0,0,0,1,0,0,2,0
Best fitness found so far: -31.0; distance: 11.180339887498949
Generation: 88; 
d: 11.40175425099138; energy: -28.0; 2,1,1,2,1,2,2,0,0,0,0,1,1,0,0,0,2,2,1,2,1,0,0,1,2,2,0,1,1,2,0,0,1,2,0,0,2,2,2,1,2,0,0,0,2,0,0,1,0,2,0,0,2,2,1,1,0,1,0,0,0,2
Best fitness found so far: -31.0; distance: 11.180339887498949
Generation: 89; 
d: 12.206555615733702; energy: -29.0; 0,1,2,1,0,0,0,0,1,0,0,1,1,2,2,0,0,0,2,0,0,0,2,2,1,2,0,0,1,1,0,0,1,2,0,0,2,2,2,1,2,0,0,0,2,0,0,1,2,1,0,1,0,0,0,1,0,1,2,2,1,1
Best fitness found so far: -31.0; distance: 11.180339887498949
Generation: 90; 
d: 12.206555615733702; energy: -29.0; 0,1,2,1,0,0,0,0,1,0,0,1,1,2,2,0,0,0,2,0,0,0,2,2,1,2,0,0,1,1,0,0,1,2,0,0,2,2,2,1,2,0,0,0,2,0,0,1,2,1,0,1,0,0,0,1,0,1,2,2,1,1
Best fitness found so far: -31.0; distance: 11.180339887498949
Generation: 91; 
d: 11.40175425099138; energy: -28.0; 2,1,1,2,1,2,2,0,0,0,0,1,1,1,0,0,2,1,0,0,1,0,0,1,0,1,0,0,0,2,0,0,1,2,0,0,2,0,2,1,2,0,0,0,2,0,0,1,0,2,1,1,0,0,2,2,2,0,1,0,1,0
Best fitness found so far: -31.0; distance: 11.180339887498949
Generation: 92; 
d: 11.40175425099138; energy: -27.0; 2,1,1,2,1,2,2,0,0,0,0,1,1,0,0,0,2,2,1,2,1,0,0,1,2,2,0,1,1,2,0,0,1,2,0,0,2,2,2,1,2,0,0,0,2,0,0,1,0,2,0,1,0,0,2,2,0,1,0,0,0,1
Best fitness found so far: -31.0; distance: 11.180339887498949
Generation: 93; 
d: 11.313708498984761; energy: -28.0; 2,1,1,2,1,2,2,0,0,0,0,1,1,0,0,0,2,2,1,2,0,1,1,1,0,1,2,2,2,1,0,0,1,2,0,0,2,2,2,1,2,0,0,0,2,0,0,1,0,2,0,2,2,2,0,0,0,1,0,0,2,0
Best fitness found so far: -31.0; distance: 11.180339887498949
Generation: 94; 
d: 11.313708498984761; energy: -28.0; 2,1,1,2,1,2,2,0,0,0,0,1,1,0,0,0,2,2,1,2,0,1,1,1,0,1,2,2,2,1,0,0,1,2,0,0,2,2,2,1,2,0,0,0,2,0,0,1,0,2,0,2,2,2,0,0,0,1,0,0,2,0
Best fitness found so far: -31.0; distance: 11.180339887498949
Generation: 95; 
d: 11.40175425099138; energy: -28.0; 2,1,1,2,1,2,2,0,0,0,0,1,1,0,0,0,2,2,1,2,1,0,0,1,2,2,0,1,1,2,0,0,1,2,0,0,2,2,0,1,2,0,0,0,2,0,0,1,0,2,0,1,0,0,2,2,0,1,0,0,2,2
Best fitness found so far: -31.0; distance: 11.180339887498949
Generation: 96; 
d: 10.63014581273465; energy: -29.0; 2,1,1,2,1,2,2,2,0,0,0,1,1,0,2,0,0,1,1,1,1,2,2,0,0,2,0,0,2,1,0,0,2,0,2,0,2,2,2,1,2,0,0,0,2,0,0,1,0,2,0,2,0,0,1,1,2,0,0,2,0,0
Best fitness found so far: -31.0; distance: 11.180339887498949
Generation: 97; 
d: 10.63014581273465; energy: -29.0; 2,1,1,2,1,2,2,2,0,0,0,1,1,0,2,0,0,1,1,1,1,2,2,0,0,2,0,0,2,1,0,0,2,0,2,0,2,2,2,1,2,0,0,0,2,0,0,1,0,2,0,2,0,0,1,1,2,0,0,2,0,0
Best fitness found so far: -31.0; distance: 11.180339887498949
Generation: 98; 
d: 11.180339887498949; energy: -31.0; 1,2,1,2,2,0,2,2,0,2,1,1,1,0,0,0,1,0,0,0,0,0,2,0,0,2,0,0,2,1,0,0,1,2,0,0,2,2,2,1,2,0,0,0,2,2,0,0,1,0,0,1,0,0,0,0,0,2,2,1,2,2
Best fitness found so far: -31.0; distance: 11.180339887498949
Generation: 99; 
d: 11.180339887498949; energy: -31.0; 1,2,1,2,2,0,2,2,0,2,1,1,1,0,0,0,1,0,0,0,0,0,2,0,0,2,0,0,2,1,0,0,1,2,0,0,2,2,2,1,2,0,0,0,2,2,0,0,1,0,0,1,0,0,0,0,0,2,2,1,2,2
Best fitness found so far: -31.0; distance: 11.180339887498949
Generation: 100; 
d: 11.40175425099138; energy: -28.0; 2,1,1,2,1,2,2,0,0,0,0,1,1,0,0,0,2,2,1,2,1,0,0,1,2,2,0,1,1,2,0,0,1,2,0,0,2,2,2,1,2,0,0,0,2,0,0,1,0,2,0,0,2,2,1,1,0,1,0,0,0,2
Best fitness found so far: -31.0; distance: 11.180339887498949
Generation: 101; 
d: 11.40175425099138; energy: -28.0; 2,1,1,2,1,2,2,0,0,0,0,1,1,0,0,0,2,2,1,2,1,0,0,0,2,2,0,1,1,2,0,0,1,2,0,0,2,2,0,1,2,0,0,0,2,0,0,1,0,2,0,1,0,0,2,2,0,1,0,0,2,2
Best fitness found so far: -31.0; distance: 11.180339887498949
Generation: 102; 
d: 10.63014581273465; energy: -30.0; 2,1,1,2,1,2,2,0,0,0,0,1,1,0,0,0,2,2,1,2,0,0,2,0,0,2,0,0,1,2,0,0,1,2,0,0,2,2,0,0,2,0,0,0,2,0,0,1,0,2,0,1,1,0,0,0,2,1,2,2,1,2
Best fitness found so far: -31.0; distance: 11.180339887498949
Generation: 103; 
d: 10.63014581273465; energy: -30.0; 2,1,1,2,1,2,2,0,0,0,0,1,1,0,0,0,2,2,1,2,0,0,2,0,0,2,0,0,1,2,0,0,1,2,0,0,2,2,0,0,2,0,0,0,2,0,0,1,0,2,0,1,1,0,0,0,2,1,2,2,1,2
Best fitness found so far: -31.0; distance: 11.180339887498949
Generation: 104; 
d: 10.63014581273465; energy: -30.0; 2,1,1,2,1,2,2,0,0,0,0,1,1,0,0,0,2,2,1,2,0,0,2,0,0,2,0,0,1,2,0,0,1,2,0,0,2,2,0,0,2,0,0,0,2,0,0,1,0,2,0,1,1,0,0,0,2,1,2,2,1,2
Best fitness found so far: -31.0; distance: 11.180339887498949
Generation: 105; 
d: 10.63014581273465; energy: -30.0; 2,1,1,2,1,2,2,0,0,0,0,1,1,0,0,0,2,2,1,2,0,0,2,0,0,2,0,0,1,2,0,0,1,2,0,0,2,2,0,0,2,0,0,0,2,0,0,1,0,2,0,1,1,0,0,0,2,1,2,2,1,2
Best fitness found so far: -31.0; distance: 11.180339887498949
Generation: 106; 
d: 10.63014581273465; energy: -30.0; 2,1,1,2,1,2,2,0,0,0,0,1,1,0,0,0,2,2,1,2,0,0,2,0,0,2,0,0,1,2,0,0,1,2,0,0,2,2,0,0,2,0,0,0,2,0,0,1,0,2,0,1,1,0,0,0,2,1,2,2,1,2
Best fitness found so far: -31.0; distance: 11.180339887498949
Generation: 107; 
d: 10.63014581273465; energy: -30.0; 2,1,1,2,1,2,2,0,0,0,0,1,1,0,0,0,2,2,1,2,0,0,2,0,0,2,0,0,1,2,0,0,1,2,0,0,2,2,0,0,2,0,0,0,2,0,0,1,0,2,0,1,1,0,0,0,2,1,2,2,1,2
Best fitness found so far: -31.0; distance: 11.180339887498949
Generation: 108; 
d: 11.313708498984761; energy: -28.0; 2,1,1,2,1,2,2,0,0,0,0,1,1,0,0,0,2,2,1,0,0,0,1,1,0,1,2,2,2,1,0,0,1,2,0,0,2,2,2,1,2,0,0,0,2,0,0,1,0,2,0,2,2,2,0,0,0,1,0,0,2,0
Best fitness found so far: -31.0; distance: 11.180339887498949
Generation: 109; 
d: 11.313708498984761; energy: -28.0; 2,1,1,2,1,2,2,0,0,0,0,1,1,0,0,0,2,2,1,0,0,0,1,1,0,1,2,2,2,1,0,0,1,2,0,0,2,2,2,1,2,0,0,0,2,0,0,1,0,2,0,2,2,2,0,0,0,1,0,0,2,0
Best fitness found so far: -31.0; distance: 11.180339887498949
Generation: 110; 
d: 11.313708498984761; energy: -28.0; 2,1,1,2,1,2,2,0,0,0,0,1,1,0,0,0,2,2,1,0,0,0,1,1,0,1,2,2,2,1,0,0,1,2,0,0,2,2,2,1,2,0,0,0,2,0,0,1,0,2,0,2,2,2,0,0,0,1,0,0,2,0
Best fitness found so far: -31.0; distance: 11.180339887498949
Generation: 111; 
d: 10.0; energy: -28.0; 2,1,1,2,1,2,2,0,0,0,0,1,1,0,0,0,2,2,1,0,0,0,2,0,0,2,0,0,1,2,0,0,1,2,0,0,2,2,0,0,1,0,0,0,0,2,0,0,2,1,0,1,0,0,0,1,0,1,2,2,1,2
Best fitness found so far: -31.0; distance: 11.180339887498949
Generation: 112; 
d: 10.0; energy: -28.0; 2,1,1,2,1,2,2,0,0,0,0,1,1,0,0,0,2,2,1,0,0,0,2,0,0,2,0,0,1,2,0,0,1,2,0,0,2,2,0,0,1,0,0,0,0,2,0,0,2,1,0,1,0,0,0,1,0,1,2,2,1,2
Best fitness found so far: -31.0; distance: 11.180339887498949
Generation: 113; 
d: 11.313708498984761; energy: -28.0; 2,1,1,2,1,2,2,0,0,0,0,1,1,0,0,0,2,2,1,2,0,1,1,1,0,1,2,2,2,1,0,0,1,2,0,0,2,2,2,1,2,0,0,0,2,0,0,1,0,2,0,2,2,2,0,0,0,1,0,0,2,0
Best fitness found so far: -31.0; distance: 11.180339887498949
Generation: 114; 
d: 11.313708498984761; energy: -28.0; 2,1,1,2,1,2,2,0,0,0,0,1,1,0,0,0,2,2,1,2,0,1,1,1,0,1,2,2,2,1,0,0,1,2,0,0,2,2,2,1,2,0,0,0,2,0,0,1,0,2,0,2,2,2,0,0,0,1,0,0,2,0
Best fitness found so far: -31.0; distance: 11.180339887498949
Generation: 115; 
d: 10.0; energy: -28.0; 2,1,1,2,1,2,2,0,0,0,0,1,1,0,0,0,2,2,1,2,0,0,2,0,0,2,0,0,1,2,0,0,1,2,0,0,2,2,0,0,1,0,0,0,0,2,0,0,2,1,0,1,0,0,2,2,2,0,2,2,0,2
Best fitness found so far: -31.0; distance: 11.180339887498949
Generation: 116; 
d: 10.63014581273465; energy: -29.0; 2,1,1,2,1,2,2,2,0,0,0,1,1,0,2,0,0,1,1,1,1,2,2,0,0,2,0,0,2,1,0,0,2,0,2,0,2,2,2,1,2,0,0,0,2,0,0,1,0,2,0,2,0,0,1,1,2,0,0,2,0,0
Best fitness found so far: -31.0; distance: 11.180339887498949
Generation: 117; 
d: 10.63014581273465; energy: -29.0; 2,1,1,2,1,2,2,2,0,0,0,1,1,0,2,0,0,1,1,1,1,2,2,0,0,2,0,0,2,1,0,0,2,0,2,0,2,2,2,1,2,0,0,0,2,0,0,1,0,2,0,2,0,0,1,1,2,0,0,2,0,0
Best fitness found so far: -31.0; distance: 11.180339887498949
Generation: 118; 
d: 12.165525060596439; energy: -30.0; 2,1,1,2,1,2,2,0,2,1,1,2,2,1,0,0,2,2,1,0,0,0,2,0,0,2,0,0,2,1,0,0,1,2,0,0,2,2,2,1,2,0,0,0,2,0,0,0,0,0,1,0,1,0,0,2,2,1,0,0,2,2
Best fitness found so far: -31.0; distance: 11.180339887498949
Generation: 119; 
d: 12.165525060596439; energy: -30.0; 2,1,1,2,1,2,2,0,2,1,1,2,2,1,0,0,2,2,1,0,0,0,2,0,0,2,0,0,2,1,0,0,1,2,0,0,2,2,2,1,2,0,0,0,2,0,0,0,0,0,1,0,1,0,0,0,0,1,0,0,1,2
Best fitness found so far: -31.0; distance: 11.180339887498949
Generation: 120; 
d: 12.165525060596439; energy: -30.0; 2,1,1,2,1,2,2,0,2,1,1,2,2,1,0,0,2,2,1,0,0,0,2,0,0,2,0,0,2,1,0,0,1,2,0,0,2,2,2,1,2,0,0,0,2,0,0,0,0,0,1,0,1,0,0,0,0,1,0,0,1,2
Best fitness found so far: -31.0; distance: 11.180339887498949
Generation: 121; 
d: 10.0; energy: -28.0; 2,1,1,2,1,2,2,0,0,0,0,1,1,0,0,0,2,2,1,0,0,0,2,0,0,2,0,0,2,2,0,0,1,2,0,0,2,2,0,0,1,0,0,0,0,2,0,0,2,1,0,1,0,0,2,2,2,1,2,2,1,0
Best fitness found so far: -31.0; distance: 11.180339887498949
Generation: 122; 
d: 11.180339887498949; energy: -31.0; 1,2,1,2,2,0,2,2,0,2,1,1,1,0,0,0,1,0,0,0,0,0,2,0,0,2,0,0,2,1,0,0,1,2,0,0,2,2,2,1,2,0,0,0,2,2,0,0,1,0,0,1,0,0,0,0,0,2,2,2,2,0
Best fitness found so far: -31.0; distance: 11.180339887498949
Generation: 123; 
d: 11.180339887498949; energy: -31.0; 1,2,1,2,2,0,2,2,0,2,1,1,1,0,0,0,1,0,0,0,0,0,2,0,0,2,0,0,2,1,0,0,1,2,0,0,2,2,2,1,2,0,0,0,2,2,0,0,1,0,0,1,0,0,0,0,0,2,2,2,2,0
Best fitness found so far: -31.0; distance: 11.180339887498949
Generation: 124; 
d: 10.63014581273465; energy: -30.0; 2,1,1,2,1,2,2,0,0,0,0,1,1,0,0,0,2,2,1,2,0,0,2,0,0,2,0,0,1,2,0,0,1,2,0,0,2,2,0,0,2,0,0,0,2,0,0,1,0,2,0,1,1,0,0,0,2,1,2,2,1,2
Best fitness found so far: -31.0; distance: 11.180339887498949
Generation: 125; 
d: 10.63014581273465; energy: -30.0; 2,1,1,2,1,2,2,0,0,0,0,1,1,0,0,0,2,2,1,2,0,0,2,0,0,2,0,0,1,2,0,0,1,2,0,0,2,2,0,0,2,0,0,0,2,0,0,1,0,2,0,1,1,0,0,0,2,1,2,2,1,2
Best fitness found so far: -31.0; distance: 11.180339887498949
Generation: 126; 
d: 12.041594578792296; energy: -30.0; 0,1,2,1,0,0,0,0,1,0,0,1,1,2,2,0,0,0,2,0,0,0,2,2,1,2,0,0,1,1,0,0,1,2,0,0,2,2,2,1,2,0,0,0,2,0,0,1,2,1,0,1,0,0,0,1,1,1,2,2,1,0
Best fitness found so far: -31.0; distance: 11.180339887498949
Generation: 127; 
d: 12.041594578792296; energy: -30.0; 0,1,2,1,0,0,0,0,1,0,0,1,1,2,2,0,0,0,2,0,0,0,2,2,1,2,0,0,1,1,0,0,1,2,0,0,2,2,2,1,2,0,0,0,2,0,0,1,2,1,0,1,0,0,0,1,1,1,2,2,1,0
Best fitness found so far: -31.0; distance: 11.180339887498949
Generation: 128; 
d: 11.180339887498949; energy: -31.0; 1,2,1,2,2,0,2,2,0,2,1,1,1,0,0,0,1,0,0,0,0,0,2,0,0,2,0,0,2,1,0,0,1,2,0,0,2,2,2,1,2,0,0,0,2,2,0,0,1,0,0,1,0,0,0,0,0,2,2,1,2,2
Best fitness found so far: -31.0; distance: 11.180339887498949
Generation: 129; 
d: 11.180339887498949; energy: -31.0; 1,2,1,2,2,0,2,2,0,2,1,1,1,0,0,0,1,0,0,0,0,0,2,0,0,2,0,0,2,1,0,0,1,2,0,0,2,2,2,1,2,0,0,0,2,2,0,0,1,0,0,1,0,0,0,0,0,2,2,1,2,2
Best fitness found so far: -31.0; distance: 11.180339887498949
Generation: 130; 
d: 10.63014581273465; energy: -30.0; 2,1,1,2,1,2,2,0,0,0,0,1,1,0,0,0,2,2,1,2,0,0,2,0,0,2,0,0,1,2,0,0,1,2,0,0,2,2,0,0,2,0,0,0,2,0,0,1,0,2,0,1,1,0,0,0,2,1,2,2,1,2
Best fitness found so far: -31.0; distance: 11.180339887498949
Generation: 131; 
d: 10.63014581273465; energy: -30.0; 2,1,1,2,1,2,2,0,0,0,0,1,1,0,0,0,2,2,1,2,0,0,2,0,0,2,0,0,1,2,0,0,1,2,0,0,2,2,0,0,2,0,0,0,2,0,0,1,0,2,0,1,1,0,0,1,1,1,2,2,1,2
Best fitness found so far: -31.0; distance: 11.180339887498949
Generation: 132; 
d: 10.63014581273465; energy: -30.0; 2,1,1,2,1,2,2,0,0,0,0,1,1,0,0,0,2,2,1,2,0,0,2,0,0,2,0,0,1,2,0,0,1,2,0,0,2,2,0,0,2,0,0,0,2,0,0,1,0,2,0,1,1,0,0,1,1,1,2,2,1,2
Best fitness found so far: -31.0; distance: 11.180339887498949
Generation: 133; 
d: 10.63014581273465; energy: -30.0; 2,1,1,2,1,2,2,0,0,0,0,1,1,0,0,0,2,2,1,0,0,0,2,0,0,2,0,0,1,2,0,0,1,2,0,0,2,2,0,0,2,0,0,0,2,0,0,1,0,2,0,1,1,0,0,0,2,1,2,2,1,2
Best fitness found so far: -31.0; distance: 11.180339887498949
Generation: 134; 
d: 10.63014581273465; energy: -30.0; 2,1,1,2,1,2,2,0,0,0,0,1,1,0,0,0,2,2,1,2,0,0,2,0,0,2,0,0,1,2,0,0,1,2,0,0,2,2,0,0,2,0,0,0,2,0,0,1,0,2,0,1,1,0,0,1,0,1,2,2,1,0
Best fitness found so far: -31.0; distance: 11.180339887498949
Generation: 135; 
d: 10.63014581273465; energy: -30.0; 2,1,1,2,1,2,2,0,0,0,0,1,1,0,0,0,2,2,1,2,0,0,2,0,0,2,0,0,1,2,0,0,1,2,0,0,2,2,0,0,2,0,0,0,2,0,0,1,0,2,0,1,1,0,0,0,2,0,2,2,1,2
Best fitness found so far: -31.0; distance: 11.180339887498949
Generation: 136; 
d: 10.63014581273465; energy: -30.0; 2,1,1,2,1,2,2,0,0,0,0,1,1,0,0,0,2,2,1,2,0,0,2,0,0,2,0,0,1,2,0,0,1,2,0,0,2,2,0,0,2,0,0,0,2,0,0,1,0,2,0,1,1,0,0,0,2,0,2,2,1,2
Best fitness found so far: -31.0; distance: 11.180339887498949
Generation: 137; 
d: 10.0; energy: -30.0; 2,1,1,2,1,2,2,2,2,0,0,1,1,0,0,0,2,2,1,2,0,0,2,0,0,2,0,0,1,2,0,0,1,2,0,0,2,2,0,0,2,0,0,0,2,0,0,1,0,2,0,1,0,0,1,2,2,0,0,1,2,2
Best fitness found so far: -31.0; distance: 11.180339887498949
Generation: 138; 
d: 10.295630140987; energy: -28.0; 2,1,1,2,1,2,2,0,0,0,0,1,1,0,0,0,2,2,1,2,0,0,2,0,0,2,0,0,1,2,0,0,1,2,0,0,2,2,0,0,2,0,0,0,2,0,0,1,0,2,0,1,0,0,1,2,2,1,2,2,1,0
Best fitness found so far: -31.0; distance: 11.180339887498949
Generation: 139; 
d: 10.295630140987; energy: -28.0; 2,1,1,2,1,2,2,0,0,0,0,1,1,0,0,0,2,2,1,2,0,0,2,0,0,2,0,0,1,2,0,0,1,2,0,0,2,2,0,0,2,0,0,0,2,0,0,1,0,2,0,1,0,0,1,2,2,1,2,2,1,0
Best fitness found so far: -31.0; distance: 11.180339887498949
Generation: 140; 
d: 10.198039027185569; energy: -28.0; 2,1,1,2,1,2,2,2,2,0,0,1,1,0,0,0,2,2,1,2,0,0,2,0,0,2,0,0,2,1,0,0,1,2,0,0,2,2,0,0,1,0,0,0,2,0,0,1,0,2,0,1,0,0,1,2,2,0,0,1,2,2
Best fitness found so far: -31.0; distance: 11.180339887498949
Generation: 141; 
d: 10.198039027185569; energy: -28.0; 2,1,1,2,1,2,2,2,2,0,0,1,1,0,0,0,2,2,1,2,0,0,2,0,0,2,0,0,2,1,0,0,1,2,0,0,2,2,0,0,1,0,0,0,2,0,0,1,0,2,0,1,0,0,1,2,2,0,0,1,2,2
Best fitness found so far: -31.0; distance: 11.180339887498949
Generation: 142; 
d: 9.486832980505138; energy: -27.0; 2,1,1,2,1,2,2,0,0,2,2,2,1,0,0,0,2,2,0,0,0,0,2,0,0,2,0,0,2,1,0,0,1,2,0,0,2,2,0,0,1,0,0,0,0,2,0,0,2,1,0,1,0,0,1,2,2,1,0,1,2,1
Best fitness found so far: -31.0; distance: 11.180339887498949
Generation: 143; 
d: 9.486832980505138; energy: -27.0; 2,1,1,2,1,2,2,0,0,2,2,2,1,0,0,0,2,2,0,0,0,0,2,0,0,2,0,0,2,1,0,0,1,2,0,0,2,2,0,0,1,0,0,0,0,2,0,0,2,1,0,1,0,0,1,1,2,2,1,1,2,1
Best fitness found so far: -31.0; distance: 11.180339887498949
Generation: 144; 
d: 9.486832980505138; energy: -27.0; 2,1,1,2,1,2,2,0,0,2,2,2,1,0,0,0,2,2,0,0,0,0,2,0,0,2,0,0,2,1,0,0,1,2,0,0,2,2,0,0,1,0,0,0,0,2,0,0,2,1,0,1,0,0,1,1,2,2,1,1,2,1
Best fitness found so far: -31.0; distance: 11.180339887498949
Generation: 145; 
d: 9.486832980505138; energy: -27.0; 2,1,1,2,1,2,2,0,0,2,2,2,1,0,0,0,2,2,0,0,0,0,2,0,0,2,0,0,2,1,0,0,1,2,0,0,2,2,0,0,1,0,0,0,0,2,0,0,2,1,0,1,0,0,2,0,1,2,2,1,2,1
Best fitness found so far: -31.0; distance: 11.180339887498949
Generation: 146; 
d: 11.180339887498949; energy: -29.0; 1,2,1,2,2,0,2,2,0,2,1,1,1,0,0,0,1,0,0,0,0,0,2,0,0,2,0,0,2,1,0,0,1,2,0,0,2,2,2,1,2,0,0,0,2,2,0,0,1,0,0,1,0,0,2,2,2,1,2,2,1,0
Best fitness found so far: -31.0; distance: 11.180339887498949
