Algorithm configured with: 
Pop: 2500
Aux Pop: 200
Crossover: SinglePointCrossover
CrP: 0.9
Mutation: BitFlipMutation
MtP: 0.01
Starting executions...
Execution: 1
Generation: 0; 
d: 16.55294535724685; energy: -12.0; 0,0,0,0,1,1,0,1,2,2,1,2,0,2,1,1,1,0,0,2,0,1,1,2,0,1,1,0,2,1,1,0,0,2,2,1,0,0,0,1,2,0,0,0,2,0,2,2,1,0,2,0,0,1,2,2,1,1,2,1,0,0
Best fitness found so far: -12.0; distance: 16.55294535724685
Generation: 1; 
d: 10.63014581273465; energy: -22.0; 0,2,2,0,2,1,1,2,2,0,0,1,0,1,1,1,2,1,0,1,0,0,1,0,0,2,2,1,1,1,0,0,2,2,2,0,1,2,2,0,1,0,0,2,1,1,0,2,0,2,1,0,0,0,2,0,2,0,1,2,2,2
Best fitness found so far: -22.0; distance: 10.63014581273465
Generation: 2; 
d: 10.63014581273465; energy: -22.0; 0,2,2,0,2,1,1,2,2,0,0,1,0,1,1,1,2,1,0,1,0,0,1,0,0,2,2,1,1,1,0,0,2,2,2,0,1,2,2,0,1,0,0,2,1,1,0,2,0,2,1,0,0,0,2,0,2,0,1,2,2,2
Best fitness found so far: -22.0; distance: 10.63014581273465
Generation: 3; 
d: 13.601470508735444; energy: -22.0; 0,1,2,2,2,1,1,1,1,0,2,2,1,0,1,0,2,0,1,0,1,2,0,0,1,2,0,0,1,0,0,0,2,0,2,0,0,0,0,0,2,2,2,0,1,1,0,1,0,1,0,2,1,0,1,0,1,2,0,1,0,0
Best fitness found so far: -22.0; distance: 10.63014581273465
Generation: 4; 
d: 13.038404810405298; energy: -22.0; 2,2,0,0,0,0,0,0,0,0,0,1,2,2,1,1,0,1,1,2,0,1,0,2,0,1,0,1,2,2,1,1,0,1,1,0,1,1,1,0,0,0,1,1,2,1,1,1,2,0,0,1,0,1,2,2,1,0,0,1,0,0
Best fitness found so far: -22.0; distance: 10.63014581273465
Generation: 5; 
d: 12.36931687685298; energy: -23.0; 0,1,1,0,1,0,0,1,2,2,1,0,2,0,0,2,0,0,2,2,2,2,0,1,1,0,1,1,0,2,2,1,1,2,1,0,1,0,0,2,1,0,1,0,2,0,1,1,0,1,2,2,0,0,1,1,1,2,0,0,1,0
Best fitness found so far: -23.0; distance: 12.36931687685298
Generation: 6; 
d: 10.63014581273465; energy: -23.0; 0,2,2,0,1,2,2,2,2,2,1,1,0,0,2,0,0,0,0,2,0,0,2,0,0,1,1,0,0,1,0,0,1,2,1,0,2,2,1,1,2,0,1,0,0,0,1,2,2,1,2,0,2,2,1,2,2,0,0,0,2,1
Best fitness found so far: -23.0; distance: 12.36931687685298
Generation: 7; 
d: 12.083045973594572; energy: -24.0; 1,2,0,0,2,0,0,1,0,2,0,0,2,0,1,0,1,2,2,0,0,0,0,2,0,2,1,1,1,1,0,0,0,1,2,1,2,0,0,1,0,1,0,0,2,0,0,2,1,0,0,1,0,1,2,1,2,0,0,0,1,0
Best fitness found so far: -24.0; distance: 12.083045973594572
Generation: 8; 
d: 10.198039027185569; energy: -24.0; 0,2,2,0,1,2,2,2,2,2,1,1,0,0,2,0,0,0,0,2,0,0,2,0,0,1,1,0,0,1,0,0,1,2,1,0,2,2,1,1,2,0,1,0,0,0,1,2,2,1,2,0,2,2,1,2,2,2,2,1,2,2
Best fitness found so far: -24.0; distance: 12.083045973594572
Generation: 9; 
d: 11.40175425099138; energy: -25.0; 2,2,0,1,0,0,1,2,2,2,2,1,0,0,1,1,1,2,2,0,0,0,1,0,0,1,1,1,2,2,0,0,0,1,2,1,2,0,0,1,0,1,0,0,0,1,0,2,1,0,0,0,0,0,2,2,2,0,2,1,0,0
Best fitness found so far: -25.0; distance: 11.40175425099138
Generation: 10; 
d: 10.63014581273465; energy: -25.0; 1,2,1,2,2,1,0,0,0,1,1,0,0,0,2,0,0,0,0,2,0,0,2,2,0,2,2,1,2,0,0,1,2,0,0,0,0,1,2,1,1,0,0,1,0,1,0,2,0,2,1,0,0,2,0,0,1,2,0,0,0,0
Best fitness found so far: -25.0; distance: 11.40175425099138
Generation: 11; 
d: 10.63014581273465; energy: -29.0; 1,2,2,1,0,0,0,0,1,1,2,1,0,0,0,1,0,0,0,2,1,0,0,0,0,1,0,0,2,2,2,0,0,1,1,1,1,0,0,2,1,1,1,2,0,0,1,0,0,0,1,0,0,0,2,2,2,2,0,1,2,0
Best fitness found so far: -29.0; distance: 10.63014581273465
Generation: 12; 
d: 12.529964086141668; energy: -26.0; 0,2,1,0,0,0,2,2,0,0,2,2,0,0,1,0,1,0,0,2,2,1,2,0,1,2,0,0,2,1,2,2,1,0,2,0,2,0,0,0,2,1,0,0,2,1,0,0,1,2,2,1,1,2,2,0,1,0,0,1,0,1
Best fitness found so far: -29.0; distance: 10.63014581273465
Generation: 13; 
d: 10.295630140987; energy: -27.0; 2,2,2,0,1,2,2,2,2,2,1,1,0,0,2,0,0,0,0,2,0,0,2,2,0,1,0,1,1,2,0,0,1,2,1,0,2,0,0,0,0,1,2,2,0,0,2,2,2,0,2,2,0,1,2,1,2,2,0,0,1,2
Best fitness found so far: -29.0; distance: 10.63014581273465
Generation: 14; 
d: 11.704699910719626; energy: -27.0; 2,0,1,2,2,1,1,2,2,2,2,0,1,0,2,2,0,0,0,0,0,0,1,1,0,2,0,0,1,0,0,1,0,0,2,1,1,1,2,0,1,2,2,1,0,2,2,1,0,1,2,0,2,2,1,1,0,2,0,0,1,1
Best fitness found so far: -29.0; distance: 10.63014581273465
Generation: 15; 
d: 11.180339887498949; energy: -28.0; 2,2,1,0,0,0,2,2,1,1,2,1,0,0,0,1,0,0,0,2,1,0,0,0,0,1,0,0,2,2,2,0,0,1,1,1,1,0,0,2,1,1,1,2,0,0,1,0,0,0,1,0,0,0,2,2,2,2,0,1,2,0
Best fitness found so far: -29.0; distance: 10.63014581273465
Generation: 16; 
d: 9.433981132056603; energy: -28.0; 2,1,2,2,0,0,0,0,2,2,2,1,0,0,0,2,0,2,2,0,0,0,1,0,0,2,2,1,1,1,0,0,2,2,2,0,1,2,2,0,1,0,0,2,1,1,0,2,0,2,1,0,0,0,2,0,2,2,0,0,1,2
Best fitness found so far: -29.0; distance: 10.63014581273465
Generation: 17; 
d: 10.295630140987; energy: -27.0; 2,2,2,0,1,2,2,2,2,2,1,1,0,0,2,0,0,0,0,2,0,0,2,2,0,1,0,1,1,2,0,0,1,2,1,0,2,0,0,0,0,1,2,2,0,0,2,2,0,2,1,0,1,1,0,1,1,0,0,0,0,0
Best fitness found so far: -29.0; distance: 10.63014581273465
Generation: 18; 
d: 10.63014581273465; energy: -29.0; 1,2,2,1,0,0,0,0,1,1,2,1,0,0,0,1,0,0,0,2,1,0,0,0,0,1,0,0,2,2,2,0,0,1,1,1,1,0,0,2,1,1,1,2,0,0,1,0,0,0,1,0,0,0,2,2,2,2,1,2,2,2
Best fitness found so far: -29.0; distance: 10.63014581273465
Generation: 19; 
d: 9.433981132056603; energy: -28.0; 2,1,2,2,0,0,0,0,2,2,2,1,0,0,0,2,0,2,2,0,0,0,1,0,0,2,2,1,1,1,0,0,2,2,2,0,1,2,2,0,1,0,0,2,1,1,0,2,0,2,1,0,0,0,2,0,2,2,0,0,1,2
Best fitness found so far: -29.0; distance: 10.63014581273465
Generation: 20; 
d: 10.816653826391969; energy: -29.0; 0,2,1,0,0,2,2,2,2,2,1,1,0,0,2,0,0,0,0,2,0,0,2,2,0,1,0,1,1,2,0,0,1,2,1,0,2,0,0,0,0,1,2,2,0,0,2,2,2,1,2,0,0,1,2,1,0,1,0,0,2,2
Best fitness found so far: -29.0; distance: 10.63014581273465
Generation: 21; 
d: 10.63014581273465; energy: -29.0; 1,2,1,2,2,0,0,0,1,1,2,1,0,0,0,1,0,0,0,2,1,0,0,0,0,1,0,0,2,2,2,0,0,1,1,1,1,0,0,2,1,1,1,2,0,0,1,0,0,0,1,0,0,0,2,2,2,2,1,2,2,2
Best fitness found so far: -29.0; distance: 10.63014581273465
Generation: 22; 
d: 12.529964086141668; energy: -29.0; 1,2,2,1,0,0,0,1,2,1,1,0,2,0,0,0,0,1,1,1,0,2,0,0,2,2,0,0,0,0,0,0,2,1,1,1,0,0,1,1,0,0,1,1,2,0,1,1,0,2,0,0,2,0,0,1,1,1,0,1,2,1
Best fitness found so far: -29.0; distance: 10.63014581273465
Generation: 23; 
d: 12.041594578792296; energy: -29.0; 1,2,1,2,2,0,0,0,0,1,1,0,0,0,1,0,0,0,0,0,2,1,2,0,1,2,0,0,1,1,0,0,2,1,0,0,1,2,1,2,2,2,2,1,1,1,0,1,0,0,2,0,2,0,0,2,2,1,0,0,0,0
Best fitness found so far: -29.0; distance: 10.63014581273465
Generation: 24; 
d: 12.083045973594572; energy: -28.0; 0,2,2,0,1,2,2,2,2,2,1,1,0,0,2,0,0,0,0,2,0,0,2,0,0,2,0,0,0,0,0,0,2,1,1,1,0,2,2,0,0,1,0,1,2,1,0,0,1,0,0,0,1,0,0,2,2,2,2,0,0,1
Best fitness found so far: -29.0; distance: 10.63014581273465
Generation: 25; 
d: 10.44030650891055; energy: -31.0; 0,2,1,2,2,1,0,1,0,2,0,0,0,0,1,1,1,2,2,0,0,0,1,0,0,1,1,1,2,1,0,0,2,2,2,0,1,2,2,0,1,0,0,2,1,1,0,2,0,1,1,0,0,0,2,0,2,0,1,2,2,1
Best fitness found so far: -31.0; distance: 10.44030650891055
Generation: 26; 
d: 10.44030650891055; energy: -31.0; 0,2,1,2,2,1,0,1,0,2,0,0,0,0,1,1,1,2,2,0,0,0,1,0,0,1,1,1,2,1,0,0,2,2,2,0,1,2,2,0,1,0,0,2,1,1,0,2,0,1,1,0,0,0,0,1,1,0,0,0,0,2
Best fitness found so far: -31.0; distance: 10.44030650891055
Generation: 27; 
d: 10.44030650891055; energy: -31.0; 0,2,1,2,2,1,0,1,0,2,0,0,0,0,1,1,1,2,2,0,0,0,1,0,0,1,1,1,2,1,0,0,2,2,2,0,1,2,2,0,1,0,0,2,1,1,0,2,0,1,1,0,0,0,2,0,2,0,1,2,0,2
Best fitness found so far: -31.0; distance: 10.44030650891055
Generation: 28; 
d: 10.295630140987; energy: -30.0; 1,2,1,2,2,1,0,1,0,1,1,0,0,0,2,1,0,2,2,0,0,0,1,0,0,2,2,1,1,1,0,0,2,2,2,0,1,2,2,0,1,0,0,1,2,0,0,0,0,1,1,0,0,0,1,0,1,2,0,0,1,0
Best fitness found so far: -31.0; distance: 10.44030650891055
Generation: 29; 
d: 10.44030650891055; energy: -31.0; 0,2,1,2,2,1,0,1,0,2,0,0,0,0,1,1,1,2,2,0,0,0,1,0,0,1,1,1,2,1,0,0,2,2,2,0,1,2,2,0,1,0,0,2,1,1,0,2,0,1,1,0,0,0,0,1,1,2,1,1,2,2
Best fitness found so far: -31.0; distance: 10.44030650891055
Generation: 30; 
d: 11.40175425099138; energy: -30.0; 1,2,1,2,2,0,0,0,0,1,1,0,0,0,1,0,0,0,0,0,2,1,2,0,1,2,0,0,1,1,0,0,2,1,0,0,1,2,1,2,2,2,2,0,1,1,0,2,0,1,1,0,0,0,2,0,2,0,1,2,2,0
Best fitness found so far: -31.0; distance: 10.44030650891055
Generation: 31; 
d: 10.44030650891055; energy: -31.0; 0,2,1,2,2,1,0,1,0,2,0,0,0,0,1,1,1,2,2,0,0,0,1,0,0,1,1,1,2,1,0,0,2,2,2,0,1,2,2,0,1,0,0,2,1,1,0,2,0,1,1,0,0,0,0,1,1,0,0,0,0,2
Best fitness found so far: -31.0; distance: 10.44030650891055
Generation: 32; 
d: 10.44030650891055; energy: -31.0; 0,2,1,2,2,1,0,1,0,2,0,0,0,0,1,1,1,2,2,0,0,0,1,0,0,1,1,1,2,1,0,0,2,2,2,0,1,2,2,0,1,0,0,2,1,1,0,2,0,1,1,0,0,0,2,0,2,0,1,2,2,1
Best fitness found so far: -31.0; distance: 10.44030650891055
Generation: 33; 
d: 10.44030650891055; energy: -31.0; 0,2,1,2,2,1,0,1,0,2,0,0,0,0,1,1,1,2,2,0,0,0,1,0,0,1,1,1,2,1,0,0,2,2,2,0,1,2,2,0,1,0,0,2,1,1,0,2,0,1,1,0,0,0,2,0,2,0,1,2,0,2
Best fitness found so far: -31.0; distance: 10.44030650891055
Generation: 34; 
d: 10.44030650891055; energy: -31.0; 0,2,1,2,2,1,0,1,0,2,0,0,0,0,1,1,1,2,2,0,0,0,1,0,0,1,1,1,2,1,0,0,2,2,2,0,1,2,2,0,1,0,0,2,1,1,0,2,0,1,1,0,0,0,2,0,2,0,1,2,2,1
Best fitness found so far: -31.0; distance: 10.44030650891055
Generation: 35; 
d: 10.44030650891055; energy: -31.0; 0,2,1,2,2,1,0,1,0,2,0,0,0,0,1,1,1,2,2,0,0,0,1,0,0,1,1,1,2,1,0,0,2,2,2,0,1,2,2,0,1,0,0,2,1,1,0,2,0,1,1,0,0,0,2,0,2,0,0,2,2,2
Best fitness found so far: -31.0; distance: 10.44030650891055
Generation: 36; 
d: 10.44030650891055; energy: -31.0; 0,2,1,2,2,1,0,1,0,2,0,0,0,0,1,1,1,2,2,0,0,0,1,0,0,1,1,1,2,1,0,0,2,2,2,0,1,2,2,0,1,0,0,2,1,1,0,2,0,1,1,0,0,0,2,0,1,2,0,0,0,0
Best fitness found so far: -31.0; distance: 10.44030650891055
Generation: 37; 
d: 10.44030650891055; energy: -31.0; 0,2,1,2,2,1,0,1,0,2,0,0,0,0,1,1,1,2,2,0,0,0,1,0,0,1,1,1,2,1,0,0,2,2,2,0,1,2,2,0,1,0,0,2,1,1,0,2,0,1,1,0,0,0,2,0,0,0,1,2,2,0
Best fitness found so far: -31.0; distance: 10.44030650891055
Generation: 38; 
d: 10.44030650891055; energy: -31.0; 0,2,1,2,2,1,0,1,0,2,0,0,0,0,1,1,1,2,2,0,0,0,1,0,0,1,1,1,2,1,0,0,2,2,2,0,1,2,2,0,1,0,0,2,1,1,0,2,0,1,1,0,2,0,2,0,2,2,0,0,0,2
Best fitness found so far: -31.0; distance: 10.44030650891055
Generation: 39; 
d: 10.44030650891055; energy: -31.0; 0,2,1,2,2,1,0,1,0,2,0,0,0,0,1,1,1,2,2,0,0,0,1,0,0,1,1,1,2,1,0,0,2,2,2,0,1,2,2,0,1,0,0,2,1,1,0,2,0,1,1,0,0,0,2,0,2,0,0,0,2,2
Best fitness found so far: -31.0; distance: 10.44030650891055
Generation: 40; 
d: 10.44030650891055; energy: -31.0; 0,2,1,2,2,1,0,1,0,2,0,0,0,0,1,1,1,2,2,0,0,0,1,0,0,1,1,1,2,1,0,0,2,2,2,0,1,2,2,0,1,0,0,2,1,1,0,2,0,1,1,0,0,0,2,0,2,0,1,2,0,2
Best fitness found so far: -31.0; distance: 10.44030650891055
Generation: 41; 
d: 10.44030650891055; energy: -31.0; 0,2,1,2,2,1,0,1,0,2,0,0,0,0,1,1,1,2,2,0,0,0,1,0,0,1,1,1,2,1,0,0,2,2,2,0,1,2,2,0,1,0,0,1,1,1,0,2,0,1,1,0,0,0,2,0,2,0,1,2,2,1
Best fitness found so far: -31.0; distance: 10.44030650891055
Generation: 42; 
d: 11.313708498984761; energy: -31.0; 2,1,2,2,1,2,1,1,0,0,0,0,2,0,1,0,0,2,2,0,0,0,1,0,0,2,2,1,1,1,0,0,2,2,2,0,1,2,2,0,1,0,0,0,1,1,0,2,0,2,1,0,0,0,2,0,2,0,0,0,0,2
Best fitness found so far: -31.0; distance: 10.44030650891055
Generation: 43; 
d: 10.44030650891055; energy: -31.0; 0,2,1,2,2,1,0,1,0,2,0,0,0,0,1,1,1,2,2,0,0,0,1,0,0,1,1,1,2,1,0,0,2,2,2,0,1,2,2,0,1,0,0,2,1,1,0,2,0,1,0,0,2,0,2,0,0,0,2,2,2,0
Best fitness found so far: -31.0; distance: 10.44030650891055
Generation: 44; 
d: 10.44030650891055; energy: -31.0; 0,2,1,2,2,1,0,1,0,2,0,0,0,0,1,1,1,2,2,0,0,0,1,0,0,1,1,1,2,1,0,0,2,2,2,0,1,2,2,0,1,0,0,2,1,1,0,2,0,1,1,0,0,0,0,1,1,2,0,1,2,2
Best fitness found so far: -31.0; distance: 10.44030650891055
Generation: 45; 
d: 10.44030650891055; energy: -31.0; 0,2,1,2,2,1,0,1,0,2,0,0,0,0,1,1,1,2,2,0,0,0,1,0,0,1,0,1,2,1,0,0,2,2,2,0,1,2,2,0,1,0,0,2,1,1,0,2,0,1,1,0,0,0,2,0,2,2,1,2,2,2
Best fitness found so far: -31.0; distance: 10.44030650891055
Generation: 46; 
d: 11.313708498984761; energy: -31.0; 2,1,2,2,1,2,1,1,0,0,0,0,2,0,1,0,0,2,2,0,0,0,1,0,0,2,2,1,1,1,0,0,2,2,2,0,1,2,2,0,1,0,0,2,1,1,0,2,0,2,1,0,0,0,2,0,2,2,0,0,2,1
Best fitness found so far: -31.0; distance: 10.44030650891055
Generation: 47; 
d: 10.44030650891055; energy: -31.0; 0,2,1,2,2,1,0,1,0,2,0,0,0,0,1,1,1,2,2,0,0,0,1,0,0,1,1,1,2,1,0,0,2,2,2,0,1,2,2,0,1,0,0,2,1,1,0,2,0,1,1,0,0,0,2,0,2,0,1,2,2,2
Best fitness found so far: -31.0; distance: 10.44030650891055
Generation: 48; 
d: 10.44030650891055; energy: -31.0; 0,2,1,2,2,1,0,1,0,2,0,0,0,0,1,1,1,2,2,0,0,0,1,0,0,1,1,1,2,1,0,0,2,2,2,0,1,2,2,0,1,0,0,2,1,1,0,2,0,1,1,0,0,0,2,0,2,0,1,2,1,2
Best fitness found so far: -31.0; distance: 10.44030650891055
Generation: 49; 
d: 10.44030650891055; energy: -31.0; 0,2,1,2,2,1,0,1,0,2,0,0,0,0,1,1,1,2,2,0,0,0,1,0,0,1,1,1,2,1,0,0,2,2,2,0,1,2,2,0,1,0,0,2,1,1,0,2,0,1,1,0,0,0,2,0,2,2,0,0,0,0
Best fitness found so far: -31.0; distance: 10.44030650891055
Generation: 50; 
d: 10.44030650891055; energy: -31.0; 0,2,1,2,2,1,0,1,0,2,0,0,0,0,1,1,1,2,2,0,0,0,1,0,0,1,1,1,2,1,0,0,2,2,2,0,1,2,2,0,1,0,0,2,1,1,0,2,0,1,0,0,1,0,2,0,0,2,0,0,0,0
Best fitness found so far: -31.0; distance: 10.44030650891055
Generation: 51; 
d: 10.44030650891055; energy: -31.0; 0,2,1,2,2,1,0,1,0,2,0,0,0,0,1,1,1,2,2,0,0,0,1,0,0,1,1,1,2,1,0,0,2,2,2,0,1,2,2,0,1,0,0,2,1,1,0,2,0,1,1,0,0,0,2,0,1,2,0,2,2,0
Best fitness found so far: -31.0; distance: 10.44030650891055
Generation: 52; 
d: 10.44030650891055; energy: -31.0; 0,2,1,2,2,1,0,1,0,2,0,0,0,0,1,1,1,2,2,0,0,0,1,0,0,1,1,1,2,1,0,0,2,2,2,0,1,2,2,0,1,0,0,2,1,1,0,2,0,1,1,0,0,0,2,0,2,0,1,2,1,2
Best fitness found so far: -31.0; distance: 10.44030650891055
Generation: 53; 
d: 10.44030650891055; energy: -31.0; 0,2,1,2,2,2,0,1,0,2,0,0,0,0,1,1,1,2,2,0,0,0,1,0,0,1,1,1,2,1,0,0,2,2,2,0,1,2,2,0,1,0,0,2,1,1,0,2,0,1,1,0,0,0,2,0,2,2,1,2,2,1
Best fitness found so far: -31.0; distance: 10.44030650891055
Generation: 54; 
d: 10.44030650891055; energy: -31.0; 0,2,1,2,2,1,0,1,0,2,0,0,0,0,1,1,1,2,2,0,0,0,1,0,0,1,1,1,2,1,0,0,2,2,2,0,1,2,2,0,1,0,0,2,1,1,0,2,0,1,1,0,0,0,2,0,2,0,0,0,0,2
Best fitness found so far: -31.0; distance: 10.44030650891055
Generation: 55; 
d: 10.44030650891055; energy: -31.0; 0,2,1,2,2,1,0,1,0,2,0,0,0,0,1,1,1,2,2,0,0,0,1,0,0,1,1,1,2,1,0,0,2,2,2,0,1,2,2,0,1,0,0,2,1,1,0,2,0,1,1,0,0,0,2,0,0,2,2,0,1,1
Best fitness found so far: -31.0; distance: 10.44030650891055
Generation: 56; 
d: 10.44030650891055; energy: -31.0; 0,2,1,2,2,1,0,1,0,2,0,0,0,0,1,1,1,2,2,0,0,0,1,0,0,1,1,1,2,1,0,0,2,2,2,0,1,2,2,0,1,0,0,2,1,1,0,2,0,1,1,0,0,0,2,0,2,0,2,0,0,1
Best fitness found so far: -31.0; distance: 10.44030650891055
Generation: 57; 
d: 10.44030650891055; energy: -31.0; 0,2,1,2,2,1,0,1,0,2,0,0,0,0,1,1,1,2,2,0,0,0,1,0,0,1,1,1,2,1,0,0,2,2,2,0,1,2,2,0,1,0,0,2,1,1,0,2,0,1,1,0,1,0,2,0,2,2,2,0,1,0
Best fitness found so far: -31.0; distance: 10.44030650891055
Generation: 58; 
d: 10.44030650891055; energy: -31.0; 0,2,1,2,2,1,0,1,0,2,0,0,0,0,1,1,1,2,2,0,0,0,1,0,0,1,1,1,2,1,0,0,2,2,2,0,1,2,2,0,1,0,0,2,1,1,0,2,0,1,1,0,2,0,2,0,2,2,1,2,0,1
Best fitness found so far: -31.0; distance: 10.44030650891055
Generation: 59; 
d: 10.44030650891055; energy: -31.0; 0,2,1,2,2,1,0,1,0,2,0,0,0,0,1,1,1,2,2,0,0,0,1,0,0,1,1,1,2,1,0,0,2,2,2,0,1,2,2,0,1,0,0,2,1,1,0,2,0,1,0,0,1,0,2,0,0,2,0,1,2,2
Best fitness found so far: -31.0; distance: 10.44030650891055
Generation: 60; 
d: 10.44030650891055; energy: -31.0; 0,2,1,2,2,1,0,1,0,2,0,0,0,0,1,1,1,2,2,0,0,0,1,0,0,1,1,1,2,1,0,0,2,2,2,0,1,2,2,0,1,0,0,2,1,1,0,2,0,1,1,0,2,0,1,0,2,0,1,2,2,0
Best fitness found so far: -31.0; distance: 10.44030650891055
Generation: 61; 
d: 10.44030650891055; energy: -31.0; 0,2,1,2,2,1,0,1,0,2,0,0,0,0,1,1,1,2,2,0,0,0,1,0,0,1,1,1,2,1,0,0,2,2,2,0,1,2,2,0,1,0,0,2,1,1,0,2,0,1,1,0,0,0,2,0,2,0,1,2,0,1
Best fitness found so far: -31.0; distance: 10.44030650891055
Generation: 62; 
d: 10.44030650891055; energy: -31.0; 0,2,1,2,2,1,0,0,0,2,0,0,0,0,1,1,1,2,2,0,0,0,1,0,0,1,1,1,2,1,0,0,2,2,2,0,1,2,2,0,1,0,0,2,1,1,0,2,0,1,1,0,0,0,2,0,2,2,1,2,2,2
Best fitness found so far: -31.0; distance: 10.44030650891055
Generation: 63; 
d: 10.44030650891055; energy: -31.0; 0,2,1,2,2,1,0,1,0,2,0,0,0,0,1,1,1,2,2,0,0,0,1,0,0,1,1,1,2,1,0,0,2,2,2,0,1,2,2,0,1,0,0,2,1,1,0,2,0,1,1,0,0,0,2,0,0,0,1,2,0,0
Best fitness found so far: -31.0; distance: 10.44030650891055
Generation: 64; 
d: 10.44030650891055; energy: -31.0; 0,2,1,2,2,1,0,1,0,2,0,0,0,0,1,1,1,2,2,0,0,0,1,0,0,1,1,1,2,1,0,0,2,2,0,0,1,2,2,0,1,0,0,2,1,1,0,2,0,2,0,0,0,0,2,1,2,2,1,2,2,2
Best fitness found so far: -31.0; distance: 10.44030650891055
Generation: 65; 
d: 10.44030650891055; energy: -31.0; 0,2,1,2,2,1,0,1,0,2,0,0,0,0,1,1,1,2,2,0,0,0,1,0,0,1,1,1,2,1,0,0,2,2,2,0,1,2,2,0,1,0,0,1,1,1,0,2,0,1,1,2,0,0,0,1,0,0,1,1,0,0
Best fitness found so far: -31.0; distance: 10.44030650891055
Generation: 66; 
d: 10.44030650891055; energy: -31.0; 0,2,1,2,2,1,0,1,0,2,0,0,0,0,1,1,1,2,2,0,0,0,1,0,0,1,1,1,2,1,0,0,2,2,2,0,1,2,2,0,1,0,0,2,1,1,0,2,0,1,1,0,0,0,2,0,2,2,0,0,0,2
Best fitness found so far: -31.0; distance: 10.44030650891055
Generation: 67; 
d: 10.44030650891055; energy: -31.0; 0,2,1,2,2,1,0,1,0,2,0,0,0,0,1,1,1,2,2,0,0,0,1,0,0,1,1,1,2,1,0,0,2,2,2,0,1,2,2,0,1,0,0,2,1,1,0,2,0,1,1,0,0,0,2,0,2,0,1,2,0,2
Best fitness found so far: -31.0; distance: 10.44030650891055
Generation: 68; 
d: 10.44030650891055; energy: -31.0; 0,2,1,2,2,1,0,1,0,2,0,0,0,0,1,1,1,2,2,0,0,0,1,0,0,1,1,1,2,1,0,0,2,2,2,0,1,2,2,0,1,0,0,1,1,1,0,2,0,1,0,0,1,0,2,0,0,2,2,0,2,2
Best fitness found so far: -31.0; distance: 10.44030650891055
Generation: 69; 
d: 10.44030650891055; energy: -31.0; 0,2,1,2,2,1,0,1,0,2,0,0,0,0,1,1,1,2,2,0,0,0,1,0,0,1,1,1,2,1,0,0,2,2,2,0,1,2,2,0,1,0,0,2,1,1,0,2,0,1,1,0,0,0,2,0,2,2,0,0,1,2
Best fitness found so far: -31.0; distance: 10.44030650891055
Generation: 70; 
d: 10.44030650891055; energy: -31.0; 0,2,1,2,2,1,0,1,0,2,0,0,0,0,1,1,1,2,2,0,0,0,1,0,0,1,1,1,2,1,0,0,2,2,2,0,1,2,2,0,1,0,0,2,1,1,0,2,0,1,0,0,0,0,2,0,2,0,1,2,2,2
Best fitness found so far: -31.0; distance: 10.44030650891055
Generation: 71; 
d: 10.44030650891055; energy: -31.0; 0,2,1,2,2,1,0,1,0,2,0,0,0,0,1,1,1,2,2,0,0,0,1,0,0,1,1,1,2,1,0,0,2,2,2,0,1,2,2,0,1,0,0,2,1,1,0,2,0,1,1,0,0,0,2,0,1,0,1,0,2,2
Best fitness found so far: -31.0; distance: 10.44030650891055
Generation: 72; 
d: 10.44030650891055; energy: -31.0; 0,2,1,2,2,1,0,1,0,2,0,0,0,0,1,1,1,2,2,0,0,0,1,0,0,1,1,1,2,1,0,0,2,2,2,0,1,2,2,0,1,0,0,2,1,1,0,2,0,1,1,0,0,0,2,0,2,0,1,2,0,1
Best fitness found so far: -31.0; distance: 10.44030650891055
Generation: 73; 
d: 10.44030650891055; energy: -31.0; 0,2,1,2,2,1,0,1,0,2,0,0,0,0,1,1,1,2,2,0,0,0,1,0,0,1,1,1,2,1,0,0,2,2,2,0,1,2,2,0,1,0,0,2,1,1,0,2,0,1,1,0,0,0,2,0,1,0,0,0,0,0
Best fitness found so far: -31.0; distance: 10.44030650891055
Generation: 74; 
d: 10.44030650891055; energy: -31.0; 0,2,1,2,2,1,0,1,0,2,0,0,0,0,0,1,1,2,2,0,0,0,1,0,0,1,1,1,2,1,0,0,2,2,2,0,1,2,2,0,1,0,0,2,1,1,0,2,0,1,1,0,0,0,0,1,1,2,1,2,2,2
Best fitness found so far: -31.0; distance: 10.44030650891055
Generation: 75; 
d: 10.44030650891055; energy: -31.0; 0,2,1,2,2,1,0,1,0,2,0,0,0,0,1,1,1,2,2,0,0,0,1,0,0,1,1,1,2,1,0,0,2,2,2,0,1,2,2,0,1,0,0,2,1,1,0,2,0,1,1,0,0,0,2,0,2,0,1,2,0,2
Best fitness found so far: -31.0; distance: 10.44030650891055
Generation: 76; 
d: 10.44030650891055; energy: -31.0; 0,2,1,2,2,1,0,1,0,2,0,0,0,0,1,1,1,2,2,2,0,0,1,0,0,1,1,1,2,1,0,0,2,2,2,0,1,2,2,0,1,0,0,2,1,1,0,2,0,1,1,0,0,0,2,0,2,2,1,0,2,2
Best fitness found so far: -31.0; distance: 10.44030650891055
Generation: 77; 
d: 10.44030650891055; energy: -31.0; 0,2,1,2,2,1,0,1,0,2,0,0,0,0,1,1,1,2,2,0,0,0,1,0,0,1,1,1,2,1,0,0,2,2,2,0,1,2,2,0,1,0,0,2,1,1,0,2,0,1,1,0,0,0,2,0,0,0,1,2,2,2
Best fitness found so far: -31.0; distance: 10.44030650891055
Generation: 78; 
d: 10.44030650891055; energy: -31.0; 0,2,1,2,2,1,0,1,0,2,0,0,0,0,1,1,1,2,2,0,0,0,1,0,0,1,1,1,2,1,0,0,2,2,2,0,1,2,2,0,1,0,0,2,1,1,0,2,0,1,1,0,0,0,2,0,2,0,0,2,2,0
Best fitness found so far: -31.0; distance: 10.44030650891055
Generation: 79; 
d: 10.44030650891055; energy: -31.0; 0,2,1,2,2,1,0,1,0,2,0,0,0,0,1,1,1,2,2,0,0,0,1,0,0,1,1,1,2,1,0,0,2,2,2,0,1,2,2,0,1,0,0,2,1,1,0,2,0,1,1,0,0,0,0,0,2,2,1,2,0,1
Best fitness found so far: -31.0; distance: 10.44030650891055
Generation: 80; 
d: 10.44030650891055; energy: -31.0; 0,2,1,2,2,1,0,1,0,2,0,0,0,0,1,1,1,2,2,0,0,0,1,0,0,1,1,1,2,1,0,0,2,2,2,0,1,2,2,0,1,0,0,2,1,1,0,2,0,1,1,0,0,0,2,0,2,2,0,0,0,0
Best fitness found so far: -31.0; distance: 10.44030650891055
Generation: 81; 
d: 10.44030650891055; energy: -31.0; 0,2,1,2,2,1,0,1,0,2,0,0,0,0,1,1,1,2,2,0,0,0,1,0,0,1,1,1,2,1,0,0,2,2,2,0,1,2,2,0,1,0,0,2,1,1,0,2,0,1,1,0,0,0,2,0,2,2,0,1,0,1
Best fitness found so far: -31.0; distance: 10.44030650891055
Generation: 82; 
d: 10.44030650891055; energy: -31.0; 0,2,1,2,2,1,0,1,0,2,0,0,0,0,1,1,1,2,2,0,0,0,1,0,0,1,1,1,2,1,0,0,2,2,2,0,1,2,2,0,1,0,0,2,1,1,0,2,0,1,1,0,0,0,2,0,2,0,1,2,2,0
Best fitness found so far: -31.0; distance: 10.44030650891055
Generation: 83; 
d: 10.44030650891055; energy: -31.0; 0,2,1,2,2,1,0,1,0,2,0,0,0,0,1,1,1,2,2,0,0,0,1,0,0,1,1,1,2,1,0,0,2,2,2,0,1,2,2,0,1,0,0,2,1,1,0,2,0,1,1,0,0,0,2,0,0,0,1,2,0,0
Best fitness found so far: -31.0; distance: 10.44030650891055
Generation: 84; 
d: 10.44030650891055; energy: -31.0; 0,2,1,2,2,1,0,1,0,2,0,0,0,0,1,1,1,2,2,0,0,0,1,0,0,1,1,1,2,1,0,0,2,2,2,0,1,2,2,0,1,0,0,2,1,1,0,2,0,1,1,0,0,0,0,1,2,2,0,1,2,0
Best fitness found so far: -31.0; distance: 10.44030650891055
Generation: 85; 
d: 10.44030650891055; energy: -31.0; 0,2,1,2,2,1,0,1,0,2,0,0,0,0,1,1,1,2,2,0,0,0,1,0,0,1,0,1,2,1,0,0,2,2,2,0,1,2,2,0,1,0,0,2,1,1,0,2,0,1,1,0,0,0,2,0,2,0,0,2,0,2
Best fitness found so far: -31.0; distance: 10.44030650891055
Generation: 86; 
d: 10.44030650891055; energy: -31.0; 0,2,1,2,2,1,0,1,0,2,0,0,0,0,1,1,1,2,2,0,0,1,1,0,0,1,1,1,2,1,0,0,2,2,2,0,1,2,2,0,1,0,0,2,1,1,0,2,0,1,1,0,0,0,2,0,2,0,2,2,2,2
Best fitness found so far: -31.0; distance: 10.44030650891055
Generation: 87; 
d: 10.44030650891055; energy: -31.0; 0,2,1,2,2,1,0,1,0,2,0,0,0,0,1,1,0,2,2,0,0,0,1,0,0,1,1,1,2,1,0,0,2,2,2,0,1,2,2,0,1,0,0,2,1,1,0,2,0,1,1,0,0,0,2,0,2,2,0,0,1,0
Best fitness found so far: -31.0; distance: 10.44030650891055
Generation: 88; 
d: 10.44030650891055; energy: -31.0; 0,2,1,2,2,1,0,1,0,2,0,0,0,0,1,1,1,2,2,0,0,0,1,0,0,1,1,1,2,1,0,0,2,2,2,0,1,2,2,0,1,0,0,2,1,1,0,2,0,1,1,0,0,0,2,0,2,0,1,1,2,2
Best fitness found so far: -31.0; distance: 10.44030650891055
Generation: 89; 
d: 10.44030650891055; energy: -31.0; 0,2,1,2,2,1,0,1,0,2,0,0,0,0,1,1,1,2,2,0,0,0,1,0,0,0,1,1,2,1,0,0,2,2,2,0,1,2,2,0,1,0,0,2,1,1,0,2,0,1,1,0,0,0,2,0,2,0,1,2,2,0
Best fitness found so far: -31.0; distance: 10.44030650891055
Generation: 90; 
d: 10.44030650891055; energy: -31.0; 0,2,1,2,2,1,0,1,0,2,0,0,0,0,1,1,1,2,2,0,0,0,1,0,0,1,1,1,2,1,0,0,2,2,2,0,1,2,2,0,1,0,0,2,1,1,0,2,0,1,1,0,0,0,2,0,2,0,1,2,2,2
Best fitness found so far: -31.0; distance: 10.44030650891055
Generation: 91; 
d: 10.44030650891055; energy: -31.0; 0,2,1,2,2,1,0,1,0,2,0,0,2,0,1,1,1,2,2,0,0,0,1,0,0,0,1,1,2,1,0,0,2,2,2,0,1,2,2,0,1,0,0,2,1,1,0,2,0,1,1,0,0,0,2,0,0,2,2,0,1,2
Best fitness found so far: -31.0; distance: 10.44030650891055
Generation: 92; 
d: 10.44030650891055; energy: -31.0; 0,2,1,2,2,1,0,1,0,2,0,0,0,0,1,1,1,2,2,0,0,0,1,0,0,1,1,1,2,1,0,0,2,2,2,0,1,2,2,0,1,0,0,2,1,1,0,2,0,1,0,0,0,0,2,0,0,0,0,2,2,0
Best fitness found so far: -31.0; distance: 10.44030650891055
Generation: 93; 
d: 10.44030650891055; energy: -31.0; 0,2,1,2,2,1,0,1,0,2,0,0,0,0,1,1,1,2,2,0,0,0,1,0,0,1,1,1,2,1,0,0,2,2,2,0,1,2,2,0,1,0,0,2,1,1,0,2,0,1,1,0,0,0,2,2,2,0,1,1,2,2
Best fitness found so far: -31.0; distance: 10.44030650891055
Generation: 94; 
d: 10.44030650891055; energy: -31.0; 0,2,1,2,2,1,0,1,0,2,0,0,0,0,1,1,1,2,2,0,0,0,1,0,0,1,1,1,2,1,0,0,2,2,2,0,1,2,2,0,1,0,0,2,1,1,0,2,0,1,0,0,0,0,2,0,2,0,0,0,2,2
Best fitness found so far: -31.0; distance: 10.44030650891055
Generation: 95; 
d: 10.44030650891055; energy: -31.0; 0,2,1,2,2,1,0,1,0,2,0,0,0,0,1,1,1,2,2,0,0,0,1,0,0,1,1,1,2,1,0,0,2,2,2,0,1,2,2,0,1,0,0,2,1,1,0,2,0,1,1,0,0,0,2,0,2,0,0,0,2,0
Best fitness found so far: -31.0; distance: 10.44030650891055
Generation: 96; 
d: 10.44030650891055; energy: -31.0; 0,2,1,2,2,1,0,1,0,2,0,0,0,0,1,1,1,2,2,0,0,0,1,0,0,1,1,1,2,1,0,0,2,2,2,0,1,2,2,0,1,0,0,2,1,1,0,2,0,1,1,0,0,0,2,0,2,0,2,2,2,2
Best fitness found so far: -31.0; distance: 10.44030650891055
Generation: 97; 
d: 10.44030650891055; energy: -31.0; 0,2,1,2,2,1,0,1,0,2,0,0,0,0,1,1,1,2,2,0,0,0,1,0,0,1,1,1,2,1,0,0,2,2,2,0,1,2,2,0,1,0,0,2,1,1,0,2,0,1,0,0,1,0,2,0,0,2,0,0,0,2
Best fitness found so far: -31.0; distance: 10.44030650891055
Generation: 98; 
d: 10.44030650891055; energy: -31.0; 0,2,1,2,2,1,0,1,0,2,0,0,0,0,1,1,1,2,2,0,0,0,1,0,0,1,1,1,2,1,0,0,2,2,2,0,1,2,2,0,1,0,0,2,1,1,0,2,0,1,1,0,0,0,1,0,2,0,0,1,2,2
Best fitness found so far: -31.0; distance: 10.44030650891055
Generation: 99; 
d: 10.44030650891055; energy: -31.0; 0,2,1,2,2,1,0,1,0,2,0,0,0,0,1,1,1,2,2,0,0,0,1,0,0,1,1,1,2,1,0,0,2,2,2,0,1,2,2,0,1,0,0,2,1,1,0,2,0,1,1,0,0,0,2,0,2,2,2,2,1,0
Best fitness found so far: -31.0; distance: 10.44030650891055
Generation: 100; 
d: 10.44030650891055; energy: -31.0; 0,2,1,2,2,1,0,1,0,2,0,0,0,0,1,1,1,2,2,0,0,0,1,0,0,1,0,1,2,1,0,0,2,2,2,0,1,2,2,0,1,0,0,2,1,1,0,2,0,1,1,0,0,0,2,0,2,2,1,2,0,2
Best fitness found so far: -31.0; distance: 10.44030650891055
Generation: 101; 
d: 10.44030650891055; energy: -31.0; 0,2,1,2,2,1,0,1,0,2,0,0,0,0,1,1,1,2,2,0,0,0,1,0,0,1,1,1,2,1,0,0,2,2,2,0,1,2,2,0,1,0,0,2,1,1,0,2,0,1,1,0,0,0,2,0,2,2,2,0,0,2
Best fitness found so far: -31.0; distance: 10.44030650891055
Generation: 102; 
d: 10.44030650891055; energy: -31.0; 0,2,1,2,2,1,0,1,0,2,0,0,0,0,1,1,1,2,2,0,0,0,1,0,0,1,1,1,2,1,0,0,2,2,2,0,1,2,2,0,1,0,0,2,1,1,0,2,0,1,1,0,2,0,2,0,2,2,1,0,0,2
Best fitness found so far: -31.0; distance: 10.44030650891055
Generation: 103; 
d: 10.44030650891055; energy: -31.0; 0,2,1,2,2,1,0,1,0,2,0,0,0,0,1,1,1,2,2,0,0,0,1,0,0,1,1,1,2,1,0,0,2,2,2,0,0,2,2,0,1,0,0,2,1,1,0,2,0,1,1,0,0,0,2,0,2,0,1,2,2,1
Best fitness found so far: -31.0; distance: 10.44030650891055
Generation: 104; 
d: 10.44030650891055; energy: -31.0; 0,2,1,2,2,1,0,1,0,2,0,0,0,0,1,1,1,2,2,0,0,0,1,0,0,1,1,1,2,1,0,0,2,2,2,0,1,2,2,0,1,0,0,2,1,1,0,2,0,1,1,0,0,0,2,0,2,0,1,2,0,2
Best fitness found so far: -31.0; distance: 10.44030650891055
Generation: 105; 
d: 10.44030650891055; energy: -31.0; 0,2,1,2,2,1,0,1,0,2,0,0,0,0,1,1,1,2,2,0,0,0,1,0,0,1,1,1,2,1,0,0,2,2,2,0,1,2,2,0,1,0,0,2,1,1,0,2,0,1,1,2,0,0,2,0,2,0,1,2,2,2
Best fitness found so far: -31.0; distance: 10.44030650891055
Generation: 106; 
d: 10.44030650891055; energy: -31.0; 0,2,1,2,2,1,0,1,0,2,0,0,0,0,1,1,1,2,2,0,0,0,1,0,0,1,1,1,2,1,0,0,2,2,2,0,1,2,2,0,1,0,0,2,1,1,0,2,0,1,1,0,0,0,2,0,1,2,0,0,0,2
Best fitness found so far: -31.0; distance: 10.44030650891055
Generation: 107; 
d: 10.44030650891055; energy: -31.0; 0,2,1,2,2,1,0,1,0,2,0,0,0,0,1,1,0,2,2,0,0,0,1,0,0,1,1,1,2,1,0,0,2,2,2,0,1,2,2,0,1,0,0,2,1,1,0,2,0,1,1,0,0,0,2,0,0,0,1,2,2,2
Best fitness found so far: -31.0; distance: 10.44030650891055
Generation: 108; 
d: 10.44030650891055; energy: -31.0; 0,2,1,2,2,1,0,1,0,2,0,0,0,0,1,1,1,2,2,0,0,0,1,0,0,1,1,1,2,1,0,0,2,2,2,0,1,2,2,0,1,0,0,2,1,1,0,2,0,1,1,0,0,0,2,0,2,0,0,0,2,2
Best fitness found so far: -31.0; distance: 10.44030650891055
Generation: 109; 
d: 10.44030650891055; energy: -31.0; 0,2,1,2,2,1,0,1,0,2,0,0,0,0,1,1,1,2,2,0,0,0,1,0,0,1,1,1,2,1,0,0,2,2,2,0,1,2,2,0,1,0,0,2,1,1,0,2,0,1,1,0,0,0,0,1,1,0,1,2,2,2
Best fitness found so far: -31.0; distance: 10.44030650891055
Generation: 110; 
d: 10.44030650891055; energy: -31.0; 0,2,1,2,2,1,0,1,0,2,0,0,0,0,1,1,1,2,2,0,0,0,1,0,0,1,1,1,2,1,0,0,2,2,2,0,1,2,2,0,1,0,0,2,1,1,0,2,0,1,1,0,0,0,0,0,0,0,0,0,2,2
Best fitness found so far: -31.0; distance: 10.44030650891055
Generation: 111; 
d: 10.44030650891055; energy: -31.0; 0,2,1,2,2,1,0,1,0,2,0,0,0,0,1,1,1,2,2,0,0,0,1,0,0,1,1,1,2,1,0,0,2,2,2,0,1,2,2,0,1,0,0,2,1,1,0,2,0,1,1,0,0,0,2,0,2,0,1,2,2,1
Best fitness found so far: -31.0; distance: 10.44030650891055
Generation: 112; 
d: 10.44030650891055; energy: -31.0; 0,2,1,2,2,1,0,1,0,2,0,0,0,0,1,1,1,2,2,0,0,0,1,0,0,1,1,1,2,1,0,0,2,2,2,0,1,2,2,0,1,0,0,2,1,1,0,2,0,1,1,0,0,0,2,0,2,0,1,0,0,0
Best fitness found so far: -31.0; distance: 10.44030650891055
Generation: 113; 
d: 10.44030650891055; energy: -31.0; 0,2,1,2,2,1,0,1,0,2,0,0,0,0,1,1,1,2,2,0,0,0,1,0,0,1,1,1,2,1,0,0,2,2,2,0,1,2,2,0,1,0,0,2,1,1,0,2,0,1,1,0,0,0,2,0,2,0,1,2,2,1
Best fitness found so far: -31.0; distance: 10.44030650891055
Generation: 114; 
d: 10.44030650891055; energy: -31.0; 0,2,1,2,2,2,0,1,0,2,0,0,0,0,1,1,1,2,2,0,0,0,1,0,0,1,1,1,2,1,0,0,2,2,2,0,1,2,2,0,1,0,0,2,1,1,0,2,0,1,0,0,1,0,2,0,0,2,2,0,1,0
Best fitness found so far: -31.0; distance: 10.44030650891055
Generation: 115; 
d: 10.44030650891055; energy: -31.0; 0,2,1,2,2,1,0,1,0,2,0,0,0,0,1,1,0,2,2,0,0,0,1,0,0,0,1,1,2,1,0,0,2,2,2,0,1,2,2,0,1,0,0,2,1,1,0,2,0,1,1,0,0,0,0,1,2,2,0,2,2,0
Best fitness found so far: -31.0; distance: 10.44030650891055
Generation: 116; 
d: 10.44030650891055; energy: -31.0; 0,2,1,2,2,1,0,1,0,2,0,0,0,0,1,1,1,2,2,0,0,0,1,0,0,1,1,1,2,1,0,0,2,2,2,0,1,2,2,0,1,0,0,2,1,1,0,2,0,1,1,0,0,0,0,1,1,0,0,0,0,2
Best fitness found so far: -31.0; distance: 10.44030650891055
Generation: 117; 
d: 10.44030650891055; energy: -31.0; 0,2,1,2,2,1,0,1,0,2,0,0,0,0,1,1,1,2,2,0,0,0,1,0,0,1,1,1,2,1,0,0,2,2,2,0,1,2,2,0,1,0,0,2,1,1,0,2,0,1,1,0,0,0,2,0,2,2,0,1,2,2
Best fitness found so far: -31.0; distance: 10.44030650891055
Generation: 118; 
d: 10.44030650891055; energy: -31.0; 0,2,1,2,2,1,0,1,0,2,0,0,0,0,1,1,1,2,2,0,0,0,1,0,0,1,1,1,2,1,0,0,2,2,2,0,1,2,2,0,1,0,0,2,1,1,0,2,0,1,1,0,0,0,2,0,2,2,1,2,1,2
Best fitness found so far: -31.0; distance: 10.44030650891055
Generation: 119; 
d: 10.44030650891055; energy: -31.0; 0,2,1,2,2,1,0,1,0,2,0,0,0,0,1,1,1,2,2,0,0,0,1,0,0,1,1,1,2,1,0,0,2,2,2,0,1,2,2,0,1,0,0,2,1,1,0,2,0,1,1,0,0,0,2,0,2,2,1,2,2,2
Best fitness found so far: -31.0; distance: 10.44030650891055
Generation: 120; 
d: 10.44030650891055; energy: -31.0; 0,2,1,2,2,1,0,1,0,2,0,0,0,0,1,1,1,2,2,0,0,0,1,0,0,1,1,1,2,1,0,0,2,2,2,0,1,2,2,0,1,0,0,2,1,1,0,2,0,1,1,0,0,0,2,0,1,2,1,0,2,2
Best fitness found so far: -31.0; distance: 10.44030650891055
Generation: 121; 
d: 10.44030650891055; energy: -31.0; 0,2,1,2,2,1,0,0,0,2,0,0,0,0,1,1,1,2,2,0,0,0,1,0,0,1,1,1,2,1,0,0,2,2,2,0,1,2,2,0,1,0,0,2,1,1,0,2,0,1,1,0,0,0,2,0,0,0,0,2,2,0
Best fitness found so far: -31.0; distance: 10.44030650891055
Generation: 122; 
d: 10.44030650891055; energy: -31.0; 0,2,1,2,2,1,0,1,0,2,0,0,2,0,1,1,1,2,2,0,0,0,1,0,0,2,1,1,2,1,0,0,2,2,2,0,1,2,2,0,1,0,0,2,1,1,0,2,0,1,1,0,0,0,2,0,2,0,1,2,2,0
Best fitness found so far: -31.0; distance: 10.44030650891055
Generation: 123; 
d: 10.44030650891055; energy: -31.0; 0,2,1,2,2,1,0,0,0,2,0,0,0,0,1,1,1,2,2,0,0,0,1,0,0,1,1,1,2,1,0,0,2,2,2,0,1,2,2,0,1,0,0,2,1,1,0,2,0,1,0,0,1,0,2,0,0,2,2,0,2,2
Best fitness found so far: -31.0; distance: 10.44030650891055
Generation: 124; 
d: 10.44030650891055; energy: -31.0; 0,2,1,2,2,1,0,1,0,2,0,0,0,0,1,1,1,2,2,0,0,0,1,0,0,1,1,1,2,1,0,0,2,2,2,0,1,2,2,0,1,0,0,2,1,1,0,2,0,1,1,0,0,0,2,0,2,0,1,2,2,0
Best fitness found so far: -31.0; distance: 10.44030650891055
Generation: 125; 
d: 10.44030650891055; energy: -31.0; 0,2,1,2,2,1,0,1,0,2,0,0,0,0,1,1,1,2,2,0,0,0,1,0,0,1,1,1,2,1,0,0,2,2,2,0,1,2,2,0,1,0,0,2,1,1,0,2,0,1,1,0,0,0,2,1,0,2,2,0,0,2
Best fitness found so far: -31.0; distance: 10.44030650891055
Generation: 126; 
d: 10.44030650891055; energy: -31.0; 0,2,1,2,2,1,0,1,0,2,0,0,0,0,1,1,1,2,2,0,0,0,1,0,0,1,1,1,2,1,0,0,2,2,2,0,1,2,2,0,1,0,0,2,1,1,0,2,0,1,1,0,0,0,2,0,2,0,1,2,2,1
Best fitness found so far: -31.0; distance: 10.44030650891055
Generation: 127; 
d: 10.44030650891055; energy: -31.0; 0,2,1,2,2,1,0,1,0,2,0,0,0,0,1,1,1,2,2,0,0,0,1,0,0,1,1,1,2,1,0,0,2,2,2,0,1,2,2,0,1,0,0,2,1,1,0,2,0,1,1,0,0,0,2,1,2,0,0,0,0,1
Best fitness found so far: -31.0; distance: 10.44030650891055
Generation: 128; 
d: 10.44030650891055; energy: -31.0; 0,2,1,2,2,1,0,1,0,2,0,0,0,0,1,1,1,2,2,0,0,0,1,0,0,1,1,1,2,1,0,0,2,2,2,0,1,2,2,0,1,0,0,2,1,1,0,2,0,1,1,0,0,0,2,0,0,0,1,2,2,2
Best fitness found so far: -31.0; distance: 10.44030650891055
Generation: 129; 
d: 10.44030650891055; energy: -31.0; 0,2,1,2,2,1,0,1,0,2,0,0,0,0,1,1,1,2,2,0,0,0,1,0,0,1,1,1,2,1,0,0,2,2,2,0,1,2,2,0,1,0,0,2,1,1,0,2,0,1,1,0,0,0,2,0,0,0,1,0,1,2
Best fitness found so far: -31.0; distance: 10.44030650891055
Generation: 130; 
d: 10.44030650891055; energy: -31.0; 0,2,1,2,2,1,0,1,0,2,0,0,0,0,1,1,1,2,2,0,0,0,1,0,0,1,1,1,2,1,0,0,2,2,2,0,1,2,2,0,1,0,0,1,1,1,0,2,0,1,1,0,0,0,0,1,1,0,0,1,2,2
Best fitness found so far: -31.0; distance: 10.44030650891055
Generation: 131; 
d: 10.44030650891055; energy: -31.0; 0,2,1,2,2,1,0,1,0,2,0,0,0,0,1,1,1,2,2,0,0,0,1,0,0,1,0,1,2,1,0,0,2,2,2,0,1,2,2,0,1,0,0,2,1,1,0,2,0,1,1,0,0,0,2,0,0,2,2,0,1,2
Best fitness found so far: -31.0; distance: 10.44030650891055
Generation: 132; 
d: 10.44030650891055; energy: -31.0; 0,2,1,2,2,0,0,1,0,2,0,0,0,0,1,1,1,2,2,0,0,0,1,0,0,1,1,1,2,1,0,0,2,2,2,0,1,2,2,0,1,0,0,2,1,1,0,2,0,1,1,0,0,0,1,0,2,2,0,0,0,0
Best fitness found so far: -31.0; distance: 10.44030650891055
Generation: 133; 
d: 10.44030650891055; energy: -31.0; 0,2,1,2,2,1,0,1,0,2,0,0,0,0,1,1,1,2,2,0,0,0,1,0,0,1,1,1,2,1,0,0,2,2,2,0,1,2,2,0,1,0,0,2,1,1,0,2,0,1,1,0,0,0,2,0,2,0,1,0,2,2
Best fitness found so far: -31.0; distance: 10.44030650891055
Generation: 134; 
d: 10.44030650891055; energy: -31.0; 0,2,1,2,2,1,0,1,0,2,0,0,0,0,1,1,1,2,2,0,0,0,1,0,0,1,1,1,2,1,0,0,2,2,2,0,1,2,2,0,1,0,0,2,1,1,0,2,0,1,1,0,0,0,2,0,2,0,1,0,1,0
Best fitness found so far: -31.0; distance: 10.44030650891055
Generation: 135; 
d: 10.44030650891055; energy: -31.0; 0,2,1,2,2,1,0,0,0,2,0,0,0,0,1,1,1,2,2,0,0,0,1,0,0,1,1,1,2,1,0,0,2,2,2,0,1,2,2,0,1,0,0,1,1,1,0,2,0,1,1,0,0,0,2,0,2,0,1,2,2,1
Best fitness found so far: -31.0; distance: 10.44030650891055
Generation: 136; 
d: 10.44030650891055; energy: -31.0; 0,2,1,2,2,1,0,1,0,2,0,0,0,0,1,1,1,2,2,0,0,0,1,0,0,1,1,1,2,1,0,0,2,2,2,0,1,2,2,0,1,0,0,2,1,1,0,2,0,1,1,0,0,0,2,0,2,0,2,2,0,0
Best fitness found so far: -31.0; distance: 10.44030650891055
Generation: 137; 
d: 10.44030650891055; energy: -31.0; 0,2,1,2,2,1,0,1,0,2,0,0,0,0,1,1,1,2,2,0,0,0,1,0,0,1,1,1,2,1,0,0,2,2,2,0,1,2,2,0,1,0,0,2,1,1,0,2,0,1,0,0,1,0,2,0,0,2,2,0,2,2
Best fitness found so far: -31.0; distance: 10.44030650891055
Generation: 138; 
d: 10.44030650891055; energy: -31.0; 0,2,1,2,2,1,0,1,0,2,0,0,0,0,1,1,1,2,2,0,0,0,1,0,0,1,1,1,2,1,0,0,2,2,2,0,1,2,2,0,1,0,0,2,1,1,0,2,0,1,1,0,0,0,2,0,2,0,1,2,2,0
Best fitness found so far: -31.0; distance: 10.44030650891055
Generation: 139; 
d: 10.44030650891055; energy: -31.0; 0,2,1,2,2,1,0,1,0,2,0,0,0,0,1,1,1,2,2,0,0,0,1,0,0,1,1,1,2,1,0,0,2,2,2,0,1,2,2,2,1,0,0,2,1,1,0,2,0,1,1,0,2,0,2,0,0,2,2,0,0,0
Best fitness found so far: -31.0; distance: 10.44030650891055
Generation: 140; 
d: 10.44030650891055; energy: -31.0; 0,2,1,2,2,1,0,1,0,2,0,0,0,0,1,1,1,2,2,0,0,0,1,0,0,1,1,1,2,1,0,0,2,2,2,0,1,2,2,0,1,0,0,2,1,1,0,2,0,1,1,0,0,0,0,1,2,2,2,0,1,0
Best fitness found so far: -31.0; distance: 10.44030650891055
Generation: 141; 
d: 10.44030650891055; energy: -31.0; 0,2,1,2,2,1,0,1,0,2,0,0,0,0,1,1,1,2,2,0,0,0,1,0,0,1,1,1,2,1,0,0,2,2,2,0,1,2,2,0,1,0,0,1,1,1,0,2,0,1,1,2,0,0,0,1,2,2,0,0,0,2
Best fitness found so far: -31.0; distance: 10.44030650891055
Generation: 142; 
d: 10.44030650891055; energy: -31.0; 0,2,1,2,2,1,0,1,0,2,0,0,0,0,1,1,1,2,2,0,0,0,1,0,0,1,1,1,2,1,0,0,2,2,2,0,1,2,2,0,1,0,0,2,1,1,0,2,0,1,1,0,0,0,2,1,2,2,1,2,2,2
Best fitness found so far: -31.0; distance: 10.44030650891055
Generation: 143; 
d: 10.44030650891055; energy: -31.0; 0,2,1,2,2,1,0,1,0,2,0,0,0,0,1,1,1,2,2,0,0,0,1,0,0,1,1,1,2,1,0,0,2,2,2,0,1,2,2,0,1,0,0,2,1,1,0,2,0,1,1,0,0,0,2,0,2,0,1,2,2,1
Best fitness found so far: -31.0; distance: 10.44030650891055
Generation: 144; 
d: 10.44030650891055; energy: -31.0; 0,2,1,2,2,1,0,1,0,2,0,0,0,0,1,1,1,2,2,0,0,0,1,0,0,1,1,1,2,1,0,0,2,2,2,0,1,2,2,0,1,0,0,2,1,1,0,2,0,1,1,0,0,0,2,0,0,0,0,2,2,0
Best fitness found so far: -31.0; distance: 10.44030650891055
Generation: 145; 
d: 10.44030650891055; energy: -31.0; 0,2,1,2,2,1,0,1,0,2,0,0,2,0,1,1,1,2,2,0,0,0,1,0,0,1,1,1,2,1,0,0,2,2,2,0,1,2,2,0,1,0,0,2,1,1,0,2,0,1,1,0,0,0,2,0,1,2,0,0,0,0
Best fitness found so far: -31.0; distance: 10.44030650891055
Generation: 146; 
d: 10.44030650891055; energy: -31.0; 0,2,1,2,2,1,0,1,0,2,0,0,0,0,1,1,1,2,2,0,0,0,1,0,0,1,1,1,2,1,0,0,2,2,2,0,1,2,2,0,1,0,0,2,1,1,0,2,0,1,1,0,0,0,1,0,2,0,1,2,0,2
Best fitness found so far: -31.0; distance: 10.44030650891055
Generation: 147; 
d: 10.44030650891055; energy: -31.0; 0,2,1,2,2,1,0,1,0,2,0,0,0,0,1,1,1,2,2,0,0,0,1,0,0,1,1,1,2,1,0,0,2,2,2,0,1,2,2,0,1,0,0,2,1,1,0,2,0,1,1,0,0,0,2,0,0,0,1,2,1,2
Best fitness found so far: -31.0; distance: 10.44030650891055
Generation: 148; 
d: 10.44030650891055; energy: -31.0; 0,2,1,2,2,1,0,1,0,2,0,0,0,0,1,1,1,2,2,0,0,0,1,0,0,1,1,1,2,1,0,0,2,2,2,0,1,2,2,0,1,0,0,2,1,1,0,2,0,1,1,0,0,0,2,0,2,0,1,1,2,2
Best fitness found so far: -31.0; distance: 10.44030650891055
Generation: 149; 
d: 10.44030650891055; energy: -31.0; 0,2,1,2,2,1,0,1,0,2,0,0,0,0,1,1,1,2,2,0,0,0,1,0,0,1,1,1,2,1,0,0,2,2,2,0,1,2,2,0,1,0,0,2,1,1,0,2,0,1,1,0,2,0,2,0,2,0,1,0,1,2
Best fitness found so far: -31.0; distance: 10.44030650891055
Generation: 150; 
d: 10.44030650891055; energy: -31.0; 0,2,1,2,2,1,0,1,0,2,0,0,0,0,1,1,1,2,2,0,0,0,1,0,0,1,1,1,2,1,0,0,2,2,2,0,1,2,2,0,1,0,0,2,1,1,0,2,0,1,1,0,0,0,2,0,2,0,1,1,2,2
Best fitness found so far: -31.0; distance: 10.44030650891055
Generation: 151; 
d: 10.44030650891055; energy: -31.0; 0,2,1,2,2,1,0,1,0,2,0,0,0,0,1,1,1,2,2,0,0,0,1,0,0,1,1,1,2,1,0,0,2,2,2,0,1,2,2,0,1,0,0,2,1,1,0,2,0,1,1,0,0,0,2,0,2,0,1,2,0,2
Best fitness found so far: -31.0; distance: 10.44030650891055
Generation: 152; 
d: 10.44030650891055; energy: -31.0; 0,2,1,2,2,1,0,1,0,2,0,0,0,0,1,1,1,2,2,0,0,0,1,0,0,1,1,1,2,1,0,0,2,2,2,0,1,2,2,0,1,0,0,2,1,1,0,2,0,1,0,0,0,0,2,0,2,0,1,2,2,2
Best fitness found so far: -31.0; distance: 10.44030650891055
Generation: 153; 
d: 10.44030650891055; energy: -31.0; 0,2,1,2,2,1,0,1,0,2,0,0,0,0,1,1,1,2,2,0,0,0,1,0,0,1,1,1,2,1,0,0,2,2,2,0,1,2,2,0,1,0,0,2,1,1,0,2,0,1,1,0,0,0,2,0,1,2,0,0,0,0
Best fitness found so far: -31.0; distance: 10.44030650891055
Generation: 154; 
d: 10.44030650891055; energy: -31.0; 0,2,1,2,2,1,0,1,0,2,0,0,0,0,1,1,1,2,2,0,0,0,1,0,0,1,1,1,2,1,0,0,2,2,2,0,1,2,2,0,1,0,0,2,1,1,0,2,0,1,1,0,0,0,2,0,2,0,2,0,0,1
Best fitness found so far: -31.0; distance: 10.44030650891055
Generation: 155; 
d: 10.44030650891055; energy: -31.0; 0,2,1,2,2,1,0,1,0,2,0,0,0,0,1,1,1,2,2,0,0,0,1,0,0,1,1,1,2,1,0,0,2,2,2,0,1,2,2,0,1,0,0,2,1,1,0,2,0,1,1,0,0,0,2,0,2,2,1,1,2,0
Best fitness found so far: -31.0; distance: 10.44030650891055
Generation: 156; 
d: 10.44030650891055; energy: -31.0; 0,2,1,2,2,1,0,1,0,2,0,0,0,0,1,1,1,2,2,0,0,0,1,0,0,1,1,1,2,1,0,0,2,2,2,0,1,2,2,0,1,0,0,2,1,1,0,2,0,1,0,0,1,0,2,0,0,2,2,0,1,2
Best fitness found so far: -31.0; distance: 10.44030650891055
Generation: 157; 
d: 10.44030650891055; energy: -31.0; 0,2,1,2,2,1,0,1,0,2,0,0,0,0,1,1,1,2,2,0,0,0,1,0,0,1,1,1,2,1,0,0,2,2,2,0,1,2,2,0,1,0,0,2,1,1,0,2,0,1,0,0,2,0,0,1,2,2,0,0,1,2
Best fitness found so far: -31.0; distance: 10.44030650891055
Generation: 158; 
d: 10.44030650891055; energy: -31.0; 0,2,1,2,2,1,0,1,0,2,0,0,0,0,1,1,1,2,2,0,0,0,1,0,0,1,1,1,2,1,0,0,2,2,2,0,1,2,2,0,1,0,0,2,1,1,0,2,0,1,1,0,0,0,2,0,2,0,1,2,2,2
Best fitness found so far: -31.0; distance: 10.44030650891055
Generation: 159; 
d: 10.44030650891055; energy: -31.0; 0,2,1,2,2,1,0,1,0,2,0,0,0,0,1,1,1,2,2,0,0,0,1,0,0,1,1,1,2,1,0,0,2,2,2,0,1,2,2,0,1,0,0,2,1,1,0,2,0,1,1,0,0,0,2,0,2,2,1,1,1,0
Best fitness found so far: -31.0; distance: 10.44030650891055
Generation: 160; 
d: 10.44030650891055; energy: -31.0; 0,2,1,2,2,1,0,1,0,2,0,0,0,0,1,1,1,2,2,0,0,0,1,0,0,1,1,1,2,1,0,0,2,2,2,0,1,2,2,0,1,0,0,2,1,1,0,2,0,1,1,0,0,0,2,1,2,2,0,0,0,0
Best fitness found so far: -31.0; distance: 10.44030650891055
Generation: 161; 
d: 10.44030650891055; energy: -31.0; 0,2,1,2,2,1,0,1,0,2,0,0,0,0,1,1,1,2,2,0,0,0,1,0,0,1,1,1,2,1,0,0,2,2,2,0,1,2,2,0,1,0,0,2,1,1,0,2,0,1,1,0,0,0,2,0,2,0,1,1,0,2
Best fitness found so far: -31.0; distance: 10.44030650891055
Generation: 162; 
d: 10.44030650891055; energy: -31.0; 0,2,1,2,2,1,0,1,0,2,0,0,0,0,1,1,1,2,2,0,0,0,1,0,0,1,1,1,2,1,0,0,2,2,2,0,1,2,2,0,1,0,0,2,1,1,0,2,0,1,1,0,0,0,0,1,2,2,0,1,2,2
Best fitness found so far: -31.0; distance: 10.44030650891055
Generation: 163; 
d: 10.44030650891055; energy: -31.0; 0,2,1,2,2,1,0,1,0,2,0,0,0,0,1,1,1,2,2,0,0,0,1,0,0,1,1,1,2,1,0,0,2,2,2,0,1,2,2,0,1,0,0,2,1,1,0,2,0,1,1,0,0,0,2,0,1,0,0,1,0,0
Best fitness found so far: -31.0; distance: 10.44030650891055
Generation: 164; 
d: 10.44030650891055; energy: -31.0; 0,2,1,2,2,1,0,1,0,2,0,0,0,0,1,1,1,2,2,0,0,0,1,0,0,1,1,1,2,1,0,0,2,2,2,0,1,2,2,0,1,0,0,2,1,1,0,2,0,1,1,0,0,0,1,0,2,2,0,0,0,2
Best fitness found so far: -31.0; distance: 10.44030650891055
Generation: 165; 
d: 10.44030650891055; energy: -31.0; 0,2,1,2,2,1,0,1,0,2,0,0,0,0,1,1,1,2,2,0,0,0,1,0,0,1,1,1,2,1,0,0,2,2,2,0,1,2,2,0,1,0,0,2,1,1,0,2,0,1,1,0,0,0,2,0,2,0,1,2,2,0
Best fitness found so far: -31.0; distance: 10.44030650891055
Generation: 166; 
d: 10.44030650891055; energy: -31.0; 0,2,1,2,2,1,0,1,0,2,0,0,0,0,1,1,1,2,2,0,0,0,1,0,0,1,0,1,2,1,0,0,2,2,2,0,1,2,2,0,1,0,0,1,1,1,0,2,0,1,1,0,0,0,1,0,2,2,0,0,0,0
Best fitness found so far: -31.0; distance: 10.44030650891055
Generation: 167; 
d: 10.44030650891055; energy: -31.0; 0,2,1,2,2,1,0,1,0,2,0,0,0,0,1,1,1,2,2,2,0,0,1,0,0,1,1,1,2,1,0,0,2,2,2,0,1,2,2,0,1,0,0,2,1,1,0,2,0,1,0,0,2,0,2,0,0,0,2,2,2,1
Best fitness found so far: -31.0; distance: 10.44030650891055
Generation: 168; 
d: 10.44030650891055; energy: -31.0; 0,2,1,2,2,1,0,1,0,2,0,0,0,0,1,1,1,2,2,0,0,0,1,0,0,1,1,1,2,1,0,0,2,2,2,0,1,2,2,0,1,0,0,2,1,1,0,2,0,1,1,0,0,0,1,2,2,2,0,0,0,2
Best fitness found so far: -31.0; distance: 10.44030650891055
Generation: 169; 
d: 10.44030650891055; energy: -31.0; 0,2,1,2,2,1,0,1,0,2,0,0,0,0,1,1,1,2,2,0,0,0,1,0,0,1,1,1,2,1,0,0,2,2,2,0,1,2,2,0,1,0,0,2,1,1,0,2,0,1,1,0,0,0,2,0,1,2,0,0,2,2
Best fitness found so far: -31.0; distance: 10.44030650891055
Generation: 170; 
d: 10.44030650891055; energy: -31.0; 0,2,1,2,2,1,0,1,0,2,0,0,0,0,1,1,1,2,2,0,0,0,1,0,0,1,1,1,2,1,0,0,2,2,2,0,1,2,2,0,1,0,0,2,1,1,0,2,0,1,1,0,0,0,2,0,2,0,0,1,0,2
Best fitness found so far: -31.0; distance: 10.44030650891055
Generation: 171; 
d: 10.44030650891055; energy: -31.0; 0,2,1,2,2,1,0,1,0,2,0,0,0,0,1,1,1,2,2,0,0,0,1,0,0,1,1,1,2,1,0,0,2,2,2,0,1,2,2,0,1,0,0,2,1,1,0,2,0,1,1,0,0,0,2,0,1,2,0,0,0,0
Best fitness found so far: -31.0; distance: 10.44030650891055
Generation: 172; 
d: 10.44030650891055; energy: -31.0; 0,2,1,2,2,1,0,1,0,2,0,0,0,0,1,0,1,2,2,0,0,0,1,0,0,1,1,1,2,1,0,0,2,2,2,0,1,2,2,0,1,0,0,2,1,1,0,2,0,1,1,0,0,0,2,0,2,2,0,1,2,1
Best fitness found so far: -31.0; distance: 10.44030650891055
Generation: 173; 
d: 10.44030650891055; energy: -31.0; 0,2,1,2,2,1,0,1,0,2,0,0,0,0,1,1,1,2,2,0,0,0,1,0,0,1,1,1,2,1,0,0,2,2,2,0,1,2,2,0,1,0,0,2,1,1,0,2,0,1,1,0,0,0,2,0,1,2,0,0,0,0
Best fitness found so far: -31.0; distance: 10.44030650891055
Generation: 174; 
d: 10.44030650891055; energy: -31.0; 0,2,1,2,2,1,0,1,0,2,0,0,0,0,1,1,1,2,2,0,0,0,1,0,0,1,1,1,2,1,0,0,2,2,2,0,1,2,2,0,1,0,0,2,1,1,0,2,0,1,1,0,0,0,2,0,2,0,1,2,2,1
Best fitness found so far: -31.0; distance: 10.44030650891055
Generation: 175; 
d: 10.44030650891055; energy: -31.0; 0,2,1,2,2,1,0,1,0,2,0,0,0,0,1,1,1,2,2,0,0,0,1,0,0,1,1,1,2,1,0,0,2,2,2,0,1,2,2,0,1,0,0,2,1,1,0,2,0,1,1,0,0,0,1,0,2,0,1,0,2,2
Best fitness found so far: -31.0; distance: 10.44030650891055
Generation: 176; 
d: 10.44030650891055; energy: -31.0; 0,2,1,2,2,1,0,1,0,2,0,0,0,0,1,1,1,2,2,0,0,1,1,0,0,1,1,1,2,1,0,0,2,2,2,0,1,2,2,0,1,0,0,2,1,1,0,2,0,1,1,0,1,0,2,0,2,0,1,0,1,2
Best fitness found so far: -31.0; distance: 10.44030650891055
Generation: 177; 
d: 10.44030650891055; energy: -31.0; 0,2,1,2,2,1,0,1,0,2,0,0,0,0,1,1,1,2,2,0,0,0,1,0,0,1,1,1,2,1,0,0,2,2,2,0,1,2,2,0,1,0,0,2,1,1,0,2,0,1,1,0,0,0,2,0,2,0,0,0,0,1
Best fitness found so far: -31.0; distance: 10.44030650891055
Generation: 178; 
d: 10.44030650891055; energy: -31.0; 0,2,1,2,2,1,0,0,0,2,0,0,0,0,1,1,1,2,2,0,0,0,1,0,0,1,1,1,2,1,0,0,2,2,2,0,1,2,2,0,1,0,0,2,1,1,0,2,0,1,0,0,1,0,2,0,0,2,2,0,1,2
Best fitness found so far: -31.0; distance: 10.44030650891055
Generation: 179; 
d: 10.44030650891055; energy: -31.0; 0,2,1,2,2,1,0,1,0,2,0,0,0,0,1,1,1,2,2,0,0,0,1,0,0,1,1,1,2,1,0,0,2,2,2,0,1,2,2,0,1,0,0,2,1,1,0,2,0,1,1,0,0,0,2,0,2,0,1,2,0,2
Best fitness found so far: -31.0; distance: 10.44030650891055
Generation: 180; 
d: 10.44030650891055; energy: -31.0; 0,2,1,2,2,1,0,1,0,2,0,0,0,0,1,1,1,2,2,0,0,0,1,0,0,1,1,1,2,1,0,0,2,2,2,0,1,2,2,0,1,0,0,2,1,1,0,2,0,1,1,0,0,0,2,0,0,0,1,2,0,1
Best fitness found so far: -31.0; distance: 10.44030650891055
Generation: 181; 
d: 10.44030650891055; energy: -31.0; 0,2,1,2,2,1,0,1,0,2,0,0,0,0,1,1,1,2,2,0,0,0,1,0,0,1,1,1,2,1,0,0,2,2,2,0,1,2,2,0,1,0,0,2,1,1,0,2,0,1,1,0,0,0,2,0,2,0,0,0,2,2
Best fitness found so far: -31.0; distance: 10.44030650891055
Generation: 182; 
d: 10.44030650891055; energy: -31.0; 0,2,1,2,2,1,0,1,0,2,0,0,2,0,1,1,1,2,2,0,0,0,1,0,0,1,1,1,2,1,0,0,2,2,2,0,1,2,2,0,1,0,0,2,1,1,0,2,0,1,1,0,0,0,1,1,0,0,1,2,2,0
Best fitness found so far: -31.0; distance: 10.44030650891055
Generation: 183; 
d: 10.44030650891055; energy: -31.0; 0,2,1,2,2,1,0,1,0,2,0,0,0,0,1,1,1,2,2,0,0,0,1,0,0,1,1,1,2,1,0,0,2,2,2,0,1,2,2,0,1,0,0,2,1,1,0,2,0,1,1,0,2,0,2,0,2,0,1,2,2,2
Best fitness found so far: -31.0; distance: 10.44030650891055
Generation: 184; 
d: 10.44030650891055; energy: -31.0; 0,2,1,2,2,1,0,1,0,2,0,0,0,0,1,1,1,2,2,0,0,0,1,0,0,1,1,1,2,1,0,0,2,2,0,0,1,2,2,0,1,0,0,2,1,1,0,2,0,1,1,0,0,0,1,0,1,2,0,0,0,0
Best fitness found so far: -31.0; distance: 10.44030650891055
Generation: 185; 
d: 10.44030650891055; energy: -31.0; 0,2,1,2,2,1,0,1,0,2,0,0,0,0,1,1,1,2,2,0,0,0,1,0,0,1,1,1,2,1,0,0,2,2,2,0,1,2,2,0,1,0,0,2,1,1,0,2,0,1,1,0,2,0,2,0,2,2,1,0,0,1
Best fitness found so far: -31.0; distance: 10.44030650891055
Generation: 186; 
d: 10.44030650891055; energy: -31.0; 0,2,1,2,2,1,0,1,0,2,0,0,0,0,1,1,1,2,2,0,0,0,1,0,0,1,1,1,2,1,0,0,2,2,2,0,1,2,2,0,1,0,0,2,1,1,0,2,0,1,1,0,1,0,0,0,1,0,1,2,2,0
Best fitness found so far: -31.0; distance: 10.44030650891055
Generation: 187; 
d: 10.44030650891055; energy: -31.0; 0,2,1,2,2,1,0,1,0,2,0,0,0,0,1,1,1,2,2,0,0,0,1,0,0,1,1,1,2,1,0,0,2,2,2,0,1,2,2,0,1,0,0,2,1,1,0,2,0,1,1,0,0,0,0,0,2,0,1,2,0,2
Best fitness found so far: -31.0; distance: 10.44030650891055
Generation: 188; 
d: 10.44030650891055; energy: -31.0; 0,2,1,2,2,1,0,1,0,2,0,0,0,0,1,1,1,2,2,0,0,0,1,0,0,1,1,1,2,1,0,0,2,2,2,0,1,2,2,0,1,0,0,2,1,1,0,2,0,1,1,0,2,0,2,0,2,0,1,2,2,1
Best fitness found so far: -31.0; distance: 10.44030650891055
Generation: 189; 
d: 10.44030650891055; energy: -31.0; 0,2,1,2,2,1,0,1,0,2,0,0,0,0,1,1,1,2,2,0,0,0,1,0,0,1,1,1,2,1,0,0,2,2,2,0,1,2,2,0,1,0,0,2,1,1,0,2,0,1,0,0,0,0,2,0,2,0,1,0,0,2
Best fitness found so far: -31.0; distance: 10.44030650891055
Generation: 190; 
d: 10.44030650891055; energy: -31.0; 0,2,1,2,2,1,0,1,0,2,0,0,0,0,1,1,1,2,2,0,0,0,1,0,0,1,1,1,2,1,0,0,2,2,2,0,1,2,2,0,1,0,0,2,1,1,0,2,0,1,1,0,0,0,2,0,2,0,1,2,0,2
Best fitness found so far: -31.0; distance: 10.44030650891055
Generation: 191; 
d: 10.44030650891055; energy: -31.0; 0,2,1,2,2,1,0,1,0,2,0,0,0,0,1,1,1,2,2,0,0,0,1,0,0,1,1,1,2,1,0,0,2,2,2,0,1,2,2,0,1,0,0,2,1,1,0,2,0,1,1,0,0,0,2,0,2,2,2,2,1,0
Best fitness found so far: -31.0; distance: 10.44030650891055
Generation: 192; 
d: 10.44030650891055; energy: -31.0; 0,2,1,2,2,1,0,1,0,2,0,0,0,0,1,1,1,2,2,0,0,0,1,0,0,1,1,1,2,1,0,0,2,2,2,0,1,2,2,0,1,0,0,2,1,1,0,2,0,1,1,0,0,0,2,0,2,0,1,1,2,2
Best fitness found so far: -31.0; distance: 10.44030650891055
Generation: 193; 
d: 10.44030650891055; energy: -31.0; 0,2,1,2,2,0,0,1,0,2,0,0,0,0,1,1,1,2,2,0,0,0,1,0,0,1,1,1,2,1,0,0,2,2,2,0,1,2,2,0,1,0,0,2,1,1,0,2,0,1,1,0,0,0,2,0,2,2,1,2,1,2
Best fitness found so far: -31.0; distance: 10.44030650891055
Generation: 194; 
d: 10.44030650891055; energy: -31.0; 0,2,1,2,2,1,0,1,0,2,0,0,0,0,1,1,1,2,2,0,0,0,1,0,0,1,1,1,2,1,0,0,2,2,2,0,1,2,2,0,1,0,0,2,1,1,0,2,0,1,1,0,2,0,2,0,2,2,1,1,1,2
Best fitness found so far: -31.0; distance: 10.44030650891055
Generation: 195; 
d: 10.44030650891055; energy: -31.0; 0,2,1,2,2,1,0,1,0,2,0,0,0,0,1,1,0,2,2,0,0,0,1,0,0,1,1,1,2,1,0,0,2,2,2,0,0,2,2,0,1,0,0,2,1,1,0,2,0,1,1,0,0,0,2,0,2,2,0,0,0,2
Best fitness found so far: -31.0; distance: 10.44030650891055
Generation: 196; 
d: 10.44030650891055; energy: -31.0; 0,2,1,2,2,1,0,1,0,2,0,0,0,0,1,1,1,2,2,0,0,0,1,0,0,1,1,1,2,1,0,0,2,2,2,0,1,2,2,0,1,0,0,2,1,1,0,2,0,1,1,0,0,0,1,0,2,2,0,0,0,2
Best fitness found so far: -31.0; distance: 10.44030650891055
Generation: 197; 
d: 10.44030650891055; energy: -31.0; 0,2,1,2,2,1,0,1,0,2,0,0,0,0,1,0,1,2,2,0,0,0,1,0,0,1,1,1,2,1,0,0,2,2,2,0,1,2,2,0,1,0,0,2,1,1,0,2,0,1,1,0,0,0,2,0,2,2,0,1,2,1
Best fitness found so far: -31.0; distance: 10.44030650891055
Generation: 198; 
d: 10.44030650891055; energy: -31.0; 0,2,1,2,2,1,0,1,0,2,0,0,0,0,1,1,1,2,2,0,0,0,1,0,0,1,1,1,2,1,0,0,2,2,2,0,1,2,2,0,1,0,0,2,1,1,0,2,0,1,1,0,0,0,2,0,2,0,1,2,2,0
Best fitness found so far: -31.0; distance: 10.44030650891055
Generation: 199; 
d: 10.44030650891055; energy: -31.0; 0,2,1,2,2,1,0,1,0,2,0,0,0,0,1,1,1,2,2,0,0,0,1,0,0,1,1,1,2,1,0,0,2,2,2,0,1,2,2,0,1,0,0,2,1,1,0,2,0,1,1,0,0,0,2,0,2,0,1,2,2,2
Best fitness found so far: -31.0; distance: 10.44030650891055
Generation: 200; 
d: 10.44030650891055; energy: -32.0; 1,2,1,2,2,1,0,1,0,2,0,0,0,0,1,1,1,2,2,0,0,0,1,0,0,1,1,1,2,1,0,0,2,2,2,0,1,2,2,0,1,0,0,2,2,0,0,2,0,1,1,0,0,0,0,1,1,0,0,1,2,2
Best fitness found so far: -32.0; distance: 10.44030650891055
Generation: 201; 
d: 10.44030650891055; energy: -31.0; 0,2,1,2,2,1,0,1,0,2,0,0,0,0,1,1,1,2,2,0,0,0,1,0,0,1,1,1,2,1,0,0,2,2,2,0,1,2,2,0,1,0,0,2,1,1,0,2,0,1,1,0,0,0,2,0,1,2,0,2,2,0
Best fitness found so far: -32.0; distance: 10.44030650891055
Generation: 202; 
d: 10.44030650891055; energy: -31.0; 0,2,1,2,2,1,0,1,0,2,0,0,0,0,1,1,1,2,2,0,0,0,1,0,0,1,1,1,2,1,0,0,2,2,2,0,1,2,2,0,1,0,0,2,1,1,0,2,0,1,1,0,0,0,1,0,2,2,0,0,0,2
Best fitness found so far: -32.0; distance: 10.44030650891055
Generation: 203; 
d: 10.44030650891055; energy: -31.0; 0,2,1,2,2,1,0,1,0,2,0,0,0,0,1,1,1,2,2,0,0,0,1,0,0,1,1,1,2,1,0,0,2,2,2,0,1,2,2,0,1,0,0,2,1,1,0,2,0,1,1,0,0,0,2,0,2,2,0,0,1,0
Best fitness found so far: -32.0; distance: 10.44030650891055
Generation: 204; 
d: 10.44030650891055; energy: -32.0; 1,2,1,2,2,1,0,1,0,2,0,0,0,0,1,1,1,2,2,0,0,0,1,0,0,1,1,1,2,1,0,0,2,2,2,0,1,2,2,0,1,0,0,2,2,0,0,2,0,1,1,0,0,0,0,1,1,0,0,1,2,2
Best fitness found so far: -32.0; distance: 10.44030650891055
Generation: 205; 
d: 10.44030650891055; energy: -32.0; 1,2,1,2,2,1,0,1,0,2,0,0,0,0,1,1,1,2,2,0,0,0,1,0,0,1,1,1,2,1,0,0,2,2,2,0,1,2,2,0,1,0,0,2,2,0,0,2,0,1,1,0,0,0,0,1,1,0,0,1,2,2
Best fitness found so far: -32.0; distance: 10.44030650891055
Generation: 206; 
d: 10.44030650891055; energy: -32.0; 1,2,1,2,2,1,0,1,0,2,0,0,0,0,1,1,1,2,2,0,0,0,1,0,0,1,1,1,2,1,0,0,2,2,2,0,1,2,2,0,1,0,0,2,2,0,0,2,0,1,1,0,0,0,2,0,0,0,2,2,2,0
Best fitness found so far: -32.0; distance: 10.44030650891055
Generation: 207; 
d: 12.529964086141668; energy: -32.0; 1,2,1,2,2,1,0,1,0,2,0,0,0,0,1,1,1,2,2,0,0,0,1,0,0,1,1,0,2,1,0,0,2,2,2,0,1,2,2,0,1,0,0,2,2,0,0,2,0,1,1,0,0,0,2,0,2,2,0,0,1,2
Best fitness found so far: -32.0; distance: 10.44030650891055
Generation: 208; 
d: 12.529964086141668; energy: -32.0; 1,2,1,2,2,1,0,1,0,2,0,0,0,0,1,1,1,2,2,0,0,0,1,0,0,1,1,0,2,1,0,0,2,2,2,0,1,2,2,0,1,0,0,2,2,0,0,2,0,1,1,0,0,0,2,0,2,2,0,0,1,1
Best fitness found so far: -32.0; distance: 10.44030650891055
Generation: 209; 
d: 10.44030650891055; energy: -32.0; 1,2,1,2,2,1,0,1,0,2,0,0,0,0,1,1,1,2,2,0,0,0,1,0,0,1,1,1,2,1,0,0,2,2,2,0,1,2,2,0,1,0,0,2,2,0,0,2,0,1,1,0,0,0,2,0,1,0,1,0,2,2
Best fitness found so far: -32.0; distance: 10.44030650891055
Generation: 210; 
d: 10.44030650891055; energy: -32.0; 1,2,1,2,2,1,0,1,0,2,0,0,0,0,1,1,1,2,2,0,0,0,1,0,0,1,1,1,2,1,0,0,2,2,2,0,1,2,2,0,1,0,0,2,2,0,0,2,0,1,1,0,0,0,0,1,1,0,0,1,2,2
Best fitness found so far: -32.0; distance: 10.44030650891055
Generation: 211; 
d: 10.44030650891055; energy: -32.0; 1,2,1,2,2,1,0,1,0,2,0,0,0,0,1,1,1,2,2,0,0,0,1,0,0,1,1,1,2,1,0,0,2,2,2,0,1,2,2,0,1,0,0,2,2,0,0,2,0,1,1,0,0,0,0,1,1,0,0,0,0,1
Best fitness found so far: -32.0; distance: 10.44030650891055
Generation: 212; 
d: 10.44030650891055; energy: -32.0; 1,2,1,2,2,1,0,1,0,2,0,0,0,0,1,1,1,2,2,0,0,0,1,0,0,1,1,1,2,1,0,0,2,2,2,0,1,2,2,0,1,0,0,2,2,0,0,2,0,1,1,0,0,0,0,1,1,0,0,1,2,2
Best fitness found so far: -32.0; distance: 10.44030650891055
Generation: 213; 
d: 10.44030650891055; energy: -32.0; 1,2,1,2,2,1,0,1,0,2,0,0,0,0,1,1,1,2,2,0,0,0,1,0,0,1,1,1,2,1,0,0,2,2,2,0,1,2,2,0,1,0,0,2,2,0,0,2,0,1,1,0,0,0,2,0,2,0,1,2,2,0
Best fitness found so far: -32.0; distance: 10.44030650891055
Generation: 214; 
d: 10.44030650891055; energy: -32.0; 1,2,1,2,2,1,0,1,0,2,0,0,0,0,1,1,1,2,2,0,0,0,1,0,0,1,1,1,2,1,0,0,2,2,2,0,1,2,2,0,1,0,0,2,2,0,0,2,0,1,1,0,0,0,2,0,0,2,2,0,1,2
Best fitness found so far: -32.0; distance: 10.44030650891055
Generation: 215; 
d: 10.44030650891055; energy: -32.0; 1,2,1,2,2,1,0,1,0,2,0,0,0,0,1,1,1,2,2,0,0,0,1,0,0,1,1,1,2,1,0,0,2,2,2,0,1,2,2,0,1,0,0,2,2,0,0,2,0,1,1,0,0,0,1,0,2,2,1,0,0,1
Best fitness found so far: -32.0; distance: 10.44030650891055
Generation: 216; 
d: 10.44030650891055; energy: -32.0; 1,2,1,2,2,1,0,1,0,2,0,0,2,0,1,1,1,2,2,0,0,0,1,0,0,1,1,1,2,1,0,0,2,2,2,0,1,2,2,0,1,0,0,2,2,0,0,2,0,1,1,0,0,0,1,0,2,2,0,0,0,0
Best fitness found so far: -32.0; distance: 10.44030650891055
Generation: 217; 
d: 10.44030650891055; energy: -32.0; 1,2,1,2,2,1,0,1,0,2,0,0,0,0,1,1,1,2,2,0,0,0,1,0,0,1,1,1,2,1,0,0,2,2,2,0,1,2,2,0,1,0,0,2,2,0,0,2,0,1,1,0,0,0,0,2,1,0,2,0,0,1
Best fitness found so far: -32.0; distance: 10.44030650891055
Generation: 218; 
d: 10.44030650891055; energy: -32.0; 1,2,1,2,2,1,0,1,0,2,0,0,0,0,1,1,1,2,2,0,0,0,1,0,0,1,1,1,2,1,0,0,2,2,2,0,1,2,2,0,1,0,0,2,2,0,0,2,0,1,1,0,0,0,2,0,2,2,1,2,0,0
Best fitness found so far: -32.0; distance: 10.44030650891055
Generation: 219; 
d: 10.44030650891055; energy: -32.0; 1,2,1,2,2,1,0,1,0,2,0,0,0,0,1,1,1,2,2,2,0,0,1,0,0,1,1,1,2,1,0,0,2,2,2,0,1,2,2,0,1,0,0,0,2,0,0,2,0,1,1,0,0,0,2,0,0,0,0,2,2,0
Best fitness found so far: -32.0; distance: 10.44030650891055
Generation: 220; 
d: 10.44030650891055; energy: -32.0; 1,2,1,2,2,1,0,1,0,2,0,0,0,0,1,1,1,2,2,0,0,0,1,0,0,1,1,1,2,1,0,0,2,2,2,0,1,2,2,0,1,0,0,2,2,0,0,2,0,1,1,0,0,0,2,0,2,0,0,2,2,1
Best fitness found so far: -32.0; distance: 10.44030650891055
Generation: 221; 
d: 10.44030650891055; energy: -32.0; 1,2,1,2,2,1,0,1,0,2,0,0,0,0,1,1,1,2,2,0,0,0,1,0,0,1,0,1,2,1,0,0,2,2,2,0,1,2,2,0,1,0,0,2,2,0,0,2,0,1,1,0,0,0,1,0,2,2,0,0,0,0
Best fitness found so far: -32.0; distance: 10.44030650891055
Generation: 222; 
d: 10.44030650891055; energy: -32.0; 1,2,1,2,2,1,0,1,0,2,0,0,0,0,1,1,1,2,2,0,0,0,1,0,0,1,1,1,2,1,0,0,2,2,2,0,1,2,2,0,1,0,0,2,2,0,0,2,0,1,1,0,0,0,2,0,0,0,1,2,2,0
Best fitness found so far: -32.0; distance: 10.44030650891055
Generation: 223; 
d: 10.44030650891055; energy: -32.0; 1,2,1,2,2,1,0,1,0,2,0,0,0,0,1,1,1,2,2,0,0,0,1,0,0,1,1,1,2,1,0,0,2,2,2,0,1,2,2,0,1,0,0,0,2,0,0,2,0,1,1,0,0,0,1,0,2,2,0,0,0,0
Best fitness found so far: -32.0; distance: 10.44030650891055
Generation: 224; 
d: 10.44030650891055; energy: -32.0; 1,2,1,2,2,1,0,1,0,2,0,0,0,0,1,1,1,2,2,0,0,0,1,0,0,1,1,1,2,1,0,0,2,2,2,0,1,2,2,0,1,0,0,2,2,0,0,2,0,1,1,0,0,0,0,1,1,0,0,1,2,0
Best fitness found so far: -32.0; distance: 10.44030650891055
Generation: 225; 
d: 10.44030650891055; energy: -32.0; 1,2,1,2,2,1,0,1,0,2,0,0,0,0,1,1,1,2,2,0,0,0,1,0,0,1,1,1,2,1,0,0,2,2,2,0,1,2,2,0,1,0,0,2,2,0,0,2,0,1,1,0,0,0,2,0,2,0,0,0,0,0
Best fitness found so far: -32.0; distance: 10.44030650891055
Generation: 226; 
d: 10.44030650891055; energy: -32.0; 1,2,1,2,2,1,0,1,0,2,0,0,0,0,1,1,1,2,2,0,0,0,1,0,0,1,1,1,2,1,0,0,2,2,2,0,1,2,2,0,1,0,0,2,2,0,0,2,0,1,1,0,0,0,1,2,0,2,1,2,2,1
Best fitness found so far: -32.0; distance: 10.44030650891055
Generation: 227; 
d: 10.44030650891055; energy: -32.0; 1,2,1,2,2,1,0,1,0,2,0,0,0,0,1,1,1,2,2,0,0,0,1,0,0,1,1,1,2,1,0,0,2,2,2,0,1,2,2,0,1,0,0,0,2,0,0,2,0,1,1,0,0,0,2,0,2,2,1,0,0,2
Best fitness found so far: -32.0; distance: 10.44030650891055
Generation: 228; 
d: 10.44030650891055; energy: -32.0; 1,2,1,2,2,1,0,1,0,2,0,0,0,0,1,1,1,2,2,0,0,0,1,0,0,1,1,1,2,1,0,0,2,2,2,0,1,2,2,0,1,0,0,2,2,0,0,2,0,1,1,0,0,0,0,1,0,0,0,0,0,0
Best fitness found so far: -32.0; distance: 10.44030650891055
Generation: 229; 
d: 10.44030650891055; energy: -32.0; 1,2,1,2,2,1,0,1,0,2,0,0,0,0,1,1,1,2,2,0,0,0,1,0,0,1,1,1,2,1,0,0,2,2,2,0,1,2,2,0,1,0,0,2,2,0,0,2,0,1,1,0,0,0,0,1,1,0,0,1,0,2
Best fitness found so far: -32.0; distance: 10.44030650891055
Generation: 230; 
d: 10.44030650891055; energy: -32.0; 1,2,1,2,2,1,0,1,0,2,0,0,0,0,1,1,1,2,2,0,0,0,1,0,0,1,1,1,2,1,0,0,2,2,2,0,1,2,2,0,1,0,0,0,2,0,0,2,0,1,1,0,0,0,2,0,2,0,1,2,2,1
Best fitness found so far: -32.0; distance: 10.44030650891055
Generation: 231; 
d: 10.0; energy: -32.0; 0,2,1,2,2,0,0,1,0,2,0,0,0,0,1,0,1,2,2,0,0,0,1,0,0,1,2,0,2,1,0,0,2,2,2,0,1,2,2,0,1,0,0,2,2,0,0,2,0,1,1,0,0,0,2,0,2,0,2,0,0,1
Best fitness found so far: -32.0; distance: 10.44030650891055
Generation: 232; 
d: 10.44030650891055; energy: -32.0; 1,2,1,2,2,1,0,1,0,2,0,0,0,0,1,1,1,2,2,0,0,0,1,0,0,1,1,1,2,1,0,0,2,2,2,0,1,2,2,0,1,0,0,2,2,0,0,2,0,1,1,1,0,0,0,0,2,2,0,0,0,0
Best fitness found so far: -32.0; distance: 10.44030650891055
Generation: 233; 
d: 10.0; energy: -32.0; 1,2,1,2,2,1,0,1,0,2,0,0,0,0,1,1,1,2,2,0,0,0,1,0,0,1,2,0,2,1,0,0,2,2,2,0,1,2,2,0,1,0,0,2,2,0,0,2,0,1,1,0,0,0,2,0,0,0,2,2,2,0
Best fitness found so far: -32.0; distance: 10.44030650891055
Generation: 234; 
d: 10.0; energy: -32.0; 0,2,1,2,2,1,0,1,0,2,0,0,0,0,1,1,1,2,2,0,0,0,1,0,0,1,2,2,2,1,0,0,2,2,2,0,1,2,2,0,1,0,0,2,2,0,0,2,0,1,1,0,0,0,2,0,2,0,2,0,0,1
Best fitness found so far: -32.0; distance: 10.44030650891055
Generation: 235; 
d: 10.0; energy: -32.0; 0,2,1,2,2,1,0,1,0,2,0,0,1,0,1,1,1,2,2,0,0,0,1,0,0,1,2,0,2,1,0,0,2,2,2,0,1,2,2,0,1,0,0,2,2,0,0,2,0,1,1,0,0,0,0,0,0,2,2,0,1,2
Best fitness found so far: -32.0; distance: 10.44030650891055
Generation: 236; 
d: 10.0; energy: -32.0; 0,2,1,2,2,0,0,1,0,2,0,0,0,0,1,0,1,2,2,0,0,0,1,0,0,1,2,0,2,1,0,0,2,2,2,0,1,2,2,0,1,0,0,2,2,0,0,2,0,1,1,0,0,0,1,1,2,2,0,0,0,0
Best fitness found so far: -32.0; distance: 10.44030650891055
Generation: 237; 
d: 10.0; energy: -32.0; 1,2,1,2,2,1,0,1,0,2,0,0,0,0,1,1,1,2,2,0,0,0,1,0,0,1,2,0,2,1,0,0,2,2,2,0,1,2,2,0,1,0,0,2,2,0,0,2,0,1,1,0,0,0,2,0,2,2,2,0,2,1
Best fitness found so far: -32.0; distance: 10.44030650891055
Generation: 238; 
d: 10.0; energy: -32.0; 1,2,1,2,2,1,0,1,0,2,0,0,0,0,1,0,1,2,2,0,0,0,1,0,0,1,2,0,2,1,0,0,2,2,2,0,1,2,2,0,1,0,0,2,2,0,0,2,0,1,1,0,0,0,2,0,1,2,0,0,0,0
Best fitness found so far: -32.0; distance: 10.44030650891055
Generation: 239; 
d: 10.0; energy: -32.0; 1,2,1,2,2,1,0,1,0,2,0,0,0,0,1,1,1,2,2,0,0,0,1,0,0,1,2,0,2,1,0,0,2,2,2,0,1,2,2,0,1,0,0,2,2,0,0,2,0,1,1,0,0,0,2,0,0,0,0,2,0,2
Best fitness found so far: -32.0; distance: 10.44030650891055
Generation: 240; 
d: 10.0; energy: -32.0; 1,2,1,2,2,1,0,1,0,2,0,0,0,0,1,0,1,2,2,0,0,1,1,0,0,1,2,0,2,1,0,0,2,2,2,0,1,2,2,0,1,0,0,2,2,0,0,2,0,1,1,0,1,0,2,0,2,0,2,0,0,1
Best fitness found so far: -32.0; distance: 10.44030650891055
Generation: 241; 
d: 10.0; energy: -32.0; 0,2,1,2,2,1,0,1,0,2,0,0,0,0,1,1,1,2,2,0,0,0,1,0,0,1,2,0,2,1,0,0,2,2,2,0,1,2,2,0,1,0,0,2,2,0,0,2,0,1,1,0,0,0,1,0,0,0,0,2,2,0
Best fitness found so far: -32.0; distance: 10.44030650891055
Generation: 242; 
d: 10.0; energy: -32.0; 1,2,1,2,2,1,0,1,0,2,0,0,0,0,1,0,1,2,2,0,0,0,1,0,0,1,2,0,2,1,0,0,2,2,2,0,1,2,2,0,1,0,0,2,2,0,0,2,0,1,1,0,0,0,2,0,2,0,0,2,2,0
Best fitness found so far: -32.0; distance: 10.44030650891055
Generation: 243; 
d: 10.0; energy: -32.0; 1,2,1,2,2,1,0,1,0,2,0,0,0,0,1,1,1,2,2,0,0,0,1,0,0,1,2,0,2,1,0,0,2,2,2,0,1,2,2,0,1,0,0,1,2,2,0,2,0,1,1,0,0,0,2,0,2,0,2,0,0,0
Best fitness found so far: -32.0; distance: 10.44030650891055
Generation: 244; 
d: 10.0; energy: -32.0; 1,2,1,2,2,1,0,1,0,2,0,0,0,0,1,0,1,2,2,0,0,0,1,0,0,1,2,0,2,1,0,0,2,2,2,0,1,2,2,0,1,0,0,2,2,0,0,2,0,1,1,0,0,0,1,0,2,2,0,0,0,1
Best fitness found so far: -32.0; distance: 10.44030650891055
Generation: 245; 
d: 10.0; energy: -32.0; 1,2,1,2,2,1,0,1,0,2,0,0,0,0,1,1,1,2,2,0,0,0,1,0,0,1,2,0,2,1,0,0,2,2,2,0,1,2,2,0,1,0,0,2,2,0,0,2,0,1,0,0,0,0,1,0,2,2,0,0,0,2
Best fitness found so far: -32.0; distance: 10.44030650891055
Generation: 246; 
d: 10.0; energy: -32.0; 1,2,1,2,2,1,0,1,0,2,0,0,0,0,1,1,1,2,2,0,0,0,1,0,0,1,2,0,2,1,0,0,2,2,2,0,1,2,2,0,1,0,0,2,2,0,0,2,0,1,1,0,0,0,2,0,0,0,0,2,0,2
Best fitness found so far: -32.0; distance: 10.44030650891055
Generation: 247; 
d: 10.0; energy: -32.0; 0,2,1,2,2,1,0,1,0,2,0,0,0,0,1,1,1,2,2,0,0,0,1,0,0,0,2,0,2,1,0,0,2,2,2,0,1,2,2,0,1,0,0,2,2,0,0,2,0,1,1,0,0,0,1,0,2,2,0,0,0,2
Best fitness found so far: -32.0; distance: 10.44030650891055
Generation: 248; 
d: 10.0; energy: -32.0; 1,2,1,2,2,1,0,1,0,2,0,0,0,0,1,1,1,2,2,0,0,0,1,0,0,1,2,0,2,1,0,0,2,2,2,0,1,2,2,0,1,0,0,2,2,0,0,2,0,1,1,0,0,0,2,0,2,0,2,0,0,1
Best fitness found so far: -32.0; distance: 10.44030650891055
Generation: 249; 
d: 10.0; energy: -32.0; 1,2,1,2,2,1,2,1,0,2,0,0,0,0,1,0,1,2,2,0,0,0,1,0,0,1,2,0,2,1,0,0,2,2,2,0,1,2,2,0,1,0,0,2,2,0,0,2,0,1,1,0,0,0,2,0,1,2,0,0,0,2
Best fitness found so far: -32.0; distance: 10.44030650891055
Generation: 250; 
d: 10.0; energy: -32.0; 0,2,1,2,2,1,0,1,0,2,0,0,0,0,1,1,1,2,2,0,0,0,1,0,0,1,2,0,2,1,0,0,2,2,2,0,1,2,2,2,1,0,0,2,2,0,0,2,0,1,1,0,0,0,2,0,0,0,0,2,0,2
Best fitness found so far: -32.0; distance: 10.44030650891055
Generation: 251; 
d: 10.0; energy: -32.0; 1,2,1,2,2,1,0,1,0,2,0,0,0,0,1,0,1,2,2,0,0,0,1,0,0,1,2,0,2,1,0,0,2,2,2,0,1,2,2,0,1,0,0,2,2,0,0,2,0,1,1,0,0,0,2,0,0,0,0,2,0,2
Best fitness found so far: -32.0; distance: 10.44030650891055
Generation: 252; 
d: 10.0; energy: -32.0; 1,2,1,2,2,1,0,1,0,2,0,0,1,0,1,1,1,2,2,0,0,0,1,0,0,1,2,0,2,1,0,0,2,2,2,0,1,2,2,0,1,0,0,2,2,0,0,2,0,1,1,0,0,0,1,0,2,2,0,1,0,1
Best fitness found so far: -32.0; distance: 10.44030650891055
Generation: 253; 
d: 10.0; energy: -32.0; 0,2,1,2,2,1,0,1,0,2,0,0,0,0,1,1,1,2,2,0,0,0,1,0,0,1,2,0,2,1,0,0,2,2,2,0,1,2,2,0,1,0,0,2,2,0,0,2,0,1,1,0,0,0,1,0,2,2,0,0,0,2
Best fitness found so far: -32.0; distance: 10.44030650891055
Generation: 254; 
d: 10.0; energy: -32.0; 1,2,1,2,2,1,0,1,0,2,0,0,0,0,1,0,1,2,2,0,0,0,1,0,0,1,2,0,2,1,0,0,2,2,2,0,1,2,2,0,1,0,0,2,2,0,0,2,0,1,1,0,0,0,2,0,2,0,2,0,0,1
Best fitness found so far: -32.0; distance: 10.44030650891055
Generation: 255; 
d: 10.0; energy: -32.0; 0,2,1,2,2,1,0,1,0,2,0,0,0,0,1,0,1,2,2,0,0,0,1,0,0,1,2,0,2,1,0,0,2,2,2,0,1,2,2,0,1,0,0,2,2,0,0,2,0,1,1,0,0,0,1,0,2,2,0,0,0,2
Best fitness found so far: -32.0; distance: 10.44030650891055
Generation: 256; 
d: 10.0; energy: -32.0; 0,2,1,2,2,1,0,1,0,2,0,0,0,0,0,1,1,2,2,0,0,1,1,0,0,1,2,0,2,1,0,0,2,2,2,0,1,2,2,0,1,0,0,2,2,0,0,2,0,1,1,0,0,1,2,0,2,2,0,0,0,0
Best fitness found so far: -32.0; distance: 10.44030650891055
Generation: 257; 
d: 10.0; energy: -32.0; 1,2,1,2,2,1,0,1,0,2,0,0,0,0,1,0,1,2,2,0,0,0,1,0,0,1,2,0,2,1,0,0,2,2,2,0,1,2,2,0,1,0,0,2,2,0,0,2,0,1,1,0,2,0,2,0,2,2,0,1,0,2
Best fitness found so far: -32.0; distance: 10.44030650891055
Generation: 258; 
d: 10.0; energy: -32.0; 0,2,1,2,2,1,0,1,0,2,0,0,0,0,1,0,1,2,2,0,0,0,1,0,0,1,2,0,2,1,0,0,2,2,2,0,1,2,2,0,1,0,0,2,2,0,0,2,0,1,1,0,2,0,2,0,2,0,2,0,0,1
Best fitness found so far: -32.0; distance: 10.44030650891055
Generation: 259; 
d: 10.0; energy: -32.0; 1,2,1,2,2,1,0,1,0,2,0,0,0,0,1,1,1,2,2,0,0,0,1,0,0,1,2,0,2,1,0,0,2,2,2,0,1,2,2,0,1,0,0,2,2,0,0,2,0,1,1,0,0,0,2,0,2,0,2,0,0,1
Best fitness found so far: -32.0; distance: 10.44030650891055
Generation: 260; 
d: 10.0; energy: -32.0; 1,2,1,2,2,1,0,1,0,2,0,0,0,0,1,1,1,2,2,0,0,0,1,0,0,1,2,0,2,1,0,0,2,2,2,0,1,2,2,0,1,0,0,2,2,0,0,2,0,1,1,0,0,0,2,0,2,0,2,0,0,1
Best fitness found so far: -32.0; distance: 10.44030650891055
Generation: 261; 
d: 10.0; energy: -32.0; 1,2,1,2,2,1,0,1,0,2,0,0,0,0,1,0,1,2,2,0,0,0,1,0,0,1,2,0,2,1,0,0,2,2,2,0,1,2,2,0,1,0,0,2,2,0,0,2,0,1,1,0,0,1,1,0,2,2,0,0,0,2
Best fitness found so far: -32.0; distance: 10.44030650891055
Generation: 262; 
d: 10.0; energy: -32.0; 0,2,1,2,2,1,0,1,0,2,0,0,0,0,1,1,1,2,2,0,0,0,1,0,0,1,2,0,2,1,0,0,2,2,2,0,1,2,2,2,1,0,0,2,2,0,0,2,0,1,1,0,0,0,0,1,2,2,1,0,0,1
Best fitness found so far: -32.0; distance: 10.44030650891055
Generation: 263; 
d: 10.0; energy: -32.0; 1,2,1,2,2,1,0,1,0,2,0,0,0,0,1,1,1,2,2,0,0,0,1,0,0,1,2,0,2,1,0,0,2,2,2,0,1,2,2,0,1,0,0,2,2,0,0,2,0,1,1,0,0,0,1,0,2,2,0,0,0,2
Best fitness found so far: -32.0; distance: 10.44030650891055
Generation: 264; 
d: 10.0; energy: -32.0; 1,2,1,2,2,1,0,0,0,2,0,0,0,0,1,1,1,2,2,0,0,0,1,0,0,1,2,0,2,1,0,0,2,2,2,0,1,2,2,0,1,0,0,2,2,0,0,2,0,1,1,0,0,0,2,0,0,0,0,2,0,2
Best fitness found so far: -32.0; distance: 10.44030650891055
Generation: 265; 
d: 10.0; energy: -32.0; 1,2,1,2,2,1,0,1,0,2,0,0,0,0,1,1,1,2,2,0,0,0,1,0,0,1,2,0,2,1,0,0,2,2,2,0,1,2,2,0,1,0,0,2,2,0,0,2,0,1,1,0,0,0,1,0,2,0,2,0,0,1
Best fitness found so far: -32.0; distance: 10.44030650891055
Generation: 266; 
d: 10.0; energy: -32.0; 1,2,1,2,2,1,0,1,0,2,0,0,0,0,1,0,1,2,2,0,0,0,1,0,0,1,2,0,2,1,0,0,2,2,2,0,1,2,2,0,1,0,0,2,2,0,0,2,0,1,1,0,0,0,2,0,2,0,2,2,2,2
Best fitness found so far: -32.0; distance: 10.44030650891055
Generation: 267; 
d: 10.0; energy: -32.0; 0,2,1,2,2,0,0,1,0,2,0,0,0,0,1,0,1,2,2,0,0,0,1,0,0,1,2,0,2,1,0,0,2,2,2,0,1,2,2,0,1,0,0,2,2,0,0,2,0,1,1,0,0,0,1,0,2,2,0,0,0,1
Best fitness found so far: -32.0; distance: 10.44030650891055
Generation: 268; 
d: 10.0; energy: -32.0; 1,2,1,2,2,1,0,1,0,2,0,0,0,0,1,1,1,2,2,0,0,0,1,0,0,1,2,0,2,1,0,0,2,2,2,0,1,2,2,0,1,0,0,2,2,0,0,2,0,1,1,0,0,0,2,0,2,2,0,0,0,2
Best fitness found so far: -32.0; distance: 10.44030650891055
Generation: 269; 
d: 10.0; energy: -32.0; 1,2,1,2,2,1,0,1,0,2,0,0,0,0,1,1,1,2,2,0,0,0,1,0,0,1,2,0,2,1,0,0,2,2,0,0,1,2,2,0,1,0,0,2,2,0,0,2,0,1,1,0,0,0,1,0,2,2,0,0,0,0
Best fitness found so far: -32.0; distance: 10.44030650891055
Generation: 270; 
d: 10.0; energy: -32.0; 1,2,1,2,2,1,2,1,0,2,0,0,0,0,1,0,1,2,2,0,0,0,1,0,0,1,2,0,2,1,0,0,2,2,2,0,1,2,2,0,1,0,0,2,2,0,0,2,0,1,1,0,0,1,2,0,2,2,0,0,2,2
Best fitness found so far: -32.0; distance: 10.44030650891055
Generation: 271; 
d: 10.0; energy: -32.0; 1,2,1,2,2,1,0,1,0,2,0,0,0,0,1,1,1,2,2,0,0,0,1,0,0,1,2,0,2,1,0,0,2,2,2,0,1,2,2,0,1,0,0,2,2,0,0,2,0,1,1,0,0,0,2,0,1,2,0,0,1,2
Best fitness found so far: -32.0; distance: 10.44030650891055
Generation: 272; 
d: 10.0; energy: -32.0; 0,2,1,2,2,1,0,1,0,2,0,0,0,0,1,0,1,2,2,0,0,0,1,0,0,0,2,0,2,1,0,0,2,2,2,0,1,2,2,0,1,0,0,2,2,2,0,2,0,1,1,0,0,0,1,0,2,2,1,0,0,0
Best fitness found so far: -32.0; distance: 10.44030650891055
Generation: 273; 
d: 10.0; energy: -32.0; 1,2,1,2,2,1,0,1,0,2,0,0,0,0,1,1,1,2,2,0,0,0,1,0,0,1,2,0,2,1,0,0,2,2,2,0,1,2,2,0,1,0,0,2,2,0,0,2,0,1,1,0,0,0,2,0,2,0,2,0,0,1
Best fitness found so far: -32.0; distance: 10.44030650891055
Generation: 274; 
d: 10.0; energy: -32.0; 1,2,1,2,2,1,0,1,0,2,0,0,0,0,1,1,1,2,2,0,0,0,1,0,0,1,2,0,2,1,0,0,2,2,2,0,1,2,2,0,1,0,0,2,2,0,0,2,0,1,1,0,0,0,2,0,2,0,2,0,0,1
Best fitness found so far: -32.0; distance: 10.44030650891055
Generation: 275; 
d: 10.0; energy: -32.0; 1,2,1,2,2,1,0,1,0,2,0,0,0,0,1,1,1,2,2,0,0,0,1,0,0,1,2,0,2,1,0,0,2,2,2,0,1,2,2,0,1,0,0,2,2,0,0,2,0,1,1,0,0,0,2,0,2,0,2,0,0,0
Best fitness found so far: -32.0; distance: 10.44030650891055
Generation: 276; 
d: 10.0; energy: -32.0; 1,2,1,2,2,1,0,1,0,2,0,0,0,0,1,0,1,2,2,0,0,0,1,0,0,1,2,0,2,1,0,0,2,2,2,0,1,2,2,0,1,0,0,2,2,0,0,2,0,1,1,0,0,0,1,0,2,2,0,0,0,2
Best fitness found so far: -32.0; distance: 10.44030650891055
Generation: 277; 
d: 10.0; energy: -32.0; 1,2,1,2,2,1,0,1,0,2,0,0,0,0,1,1,1,2,2,0,0,0,1,0,0,1,2,0,2,1,0,0,2,2,2,0,1,2,2,0,1,0,0,2,2,0,0,2,0,1,1,0,0,0,1,0,2,2,0,0,0,0
Best fitness found so far: -32.0; distance: 10.44030650891055
Generation: 278; 
d: 10.0; energy: -32.0; 1,2,1,2,2,1,0,1,0,2,0,0,0,0,1,0,1,2,2,0,0,0,1,0,0,1,2,0,2,1,0,0,2,2,2,0,1,2,2,0,1,0,0,2,2,0,0,2,0,1,1,0,0,0,2,0,0,2,0,0,0,1
Best fitness found so far: -32.0; distance: 10.44030650891055
Generation: 279; 
d: 10.0; energy: -32.0; 1,2,1,2,2,1,0,1,0,2,0,0,0,0,1,1,1,2,2,0,0,0,1,0,0,1,2,0,2,1,0,0,2,2,2,0,1,2,2,0,1,0,0,2,2,0,0,2,0,1,1,0,0,0,2,0,2,2,0,1,0,1
Best fitness found so far: -32.0; distance: 10.44030650891055
Generation: 280; 
d: 10.0; energy: -32.0; 0,2,1,2,2,1,0,1,0,2,0,0,0,0,1,1,1,2,2,0,0,0,1,0,0,1,2,0,2,1,0,0,2,2,2,0,1,2,2,0,1,0,0,2,2,0,0,2,0,1,1,0,0,0,1,0,1,2,0,1,0,1
Best fitness found so far: -32.0; distance: 10.44030650891055
Generation: 281; 
d: 10.0; energy: -32.0; 1,2,1,2,2,1,0,1,0,2,0,0,0,0,1,0,1,2,2,0,0,0,1,0,0,1,2,0,2,1,0,0,2,2,2,0,1,2,2,0,1,0,0,2,2,0,0,2,0,1,1,0,0,0,1,0,2,2,0,0,0,0
Best fitness found so far: -32.0; distance: 10.44030650891055
Generation: 282; 
d: 10.0; energy: -32.0; 0,2,1,2,2,1,0,1,0,2,0,0,0,0,1,1,1,2,2,0,0,0,1,0,0,1,2,0,2,1,0,0,2,2,2,0,1,2,2,0,1,0,0,2,2,0,0,2,0,1,1,0,0,0,2,0,2,0,2,0,0,1
Best fitness found so far: -32.0; distance: 10.44030650891055
Generation: 283; 
d: 10.0; energy: -32.0; 1,2,1,2,2,1,0,1,0,2,0,0,0,0,1,1,1,2,2,0,0,0,1,0,0,1,2,0,2,1,0,0,2,2,2,0,1,2,2,0,1,0,0,2,2,0,0,2,0,1,1,0,0,0,2,0,1,0,0,1,2,2
Best fitness found so far: -32.0; distance: 10.44030650891055
Generation: 284; 
d: 10.0; energy: -32.0; 0,2,1,2,2,1,0,1,0,2,0,0,0,0,1,0,1,2,2,0,0,0,1,0,0,1,2,0,2,1,0,0,2,2,2,0,1,2,2,0,1,0,0,2,2,0,0,2,0,1,1,0,0,0,2,0,2,0,0,2,2,0
Best fitness found so far: -32.0; distance: 10.44030650891055
Generation: 285; 
d: 10.0; energy: -32.0; 1,2,1,2,2,1,0,1,0,2,0,0,0,0,1,0,1,2,2,0,0,0,1,0,0,1,2,0,2,1,0,0,2,2,2,0,1,2,2,0,1,0,0,2,2,0,0,2,0,1,1,0,0,0,1,0,2,2,2,0,0,1
Best fitness found so far: -32.0; distance: 10.44030650891055
Generation: 286; 
d: 10.0; energy: -32.0; 0,2,1,2,2,1,0,1,0,2,0,0,0,0,1,0,1,2,2,0,0,0,1,0,0,1,2,0,2,1,0,0,2,2,2,0,1,2,2,0,1,0,0,2,2,0,0,2,0,1,1,0,0,0,2,0,0,0,0,2,0,2
Best fitness found so far: -32.0; distance: 10.44030650891055
Generation: 287; 
d: 10.0; energy: -32.0; 0,2,1,2,2,1,0,1,0,2,0,0,0,0,1,0,1,2,2,0,0,0,1,0,0,1,2,0,2,1,0,0,2,2,2,0,1,2,2,0,1,0,0,2,2,0,0,2,0,1,1,0,0,0,2,0,2,2,2,0,0,2
Best fitness found so far: -32.0; distance: 10.44030650891055
Generation: 288; 
d: 10.0; energy: -32.0; 1,2,1,2,2,1,0,1,0,2,0,0,0,0,1,1,1,2,2,0,0,0,1,0,0,1,2,2,2,1,0,0,2,2,2,0,1,2,2,0,1,0,0,2,2,0,0,2,0,1,1,0,0,0,2,0,2,0,2,0,0,1
Best fitness found so far: -32.0; distance: 10.44030650891055
Generation: 289; 
d: 10.0; energy: -32.0; 1,2,1,2,2,1,0,1,0,2,0,0,0,0,1,1,1,2,2,0,0,0,1,0,0,1,2,0,2,1,0,0,2,2,2,0,1,2,2,0,1,0,0,2,2,0,0,2,0,1,1,0,0,1,1,0,2,2,2,0,0,1
Best fitness found so far: -32.0; distance: 10.44030650891055
Generation: 290; 
d: 10.0; energy: -32.0; 1,2,1,2,2,1,0,1,0,2,0,0,0,0,1,1,1,2,2,0,0,0,1,0,0,1,2,0,2,1,0,0,2,2,2,0,1,2,2,0,1,0,0,2,2,0,0,2,0,1,1,0,0,0,2,0,2,0,2,0,0,1
Best fitness found so far: -32.0; distance: 10.44030650891055
Generation: 291; 
d: 10.0; energy: -32.0; 0,2,1,2,2,1,0,1,0,2,0,0,0,0,1,1,1,2,2,0,0,0,1,0,0,1,2,0,2,1,0,0,2,2,2,0,1,2,2,0,1,0,0,2,2,0,0,2,0,1,1,0,0,0,1,0,2,2,0,0,0,1
Best fitness found so far: -32.0; distance: 10.44030650891055
Generation: 292; 
d: 10.0; energy: -32.0; 1,2,1,2,2,1,0,1,0,2,0,0,0,0,1,0,1,2,2,0,0,0,1,0,0,1,2,0,2,1,0,0,2,2,2,0,1,2,2,0,1,0,0,2,2,0,0,2,0,1,1,0,0,0,1,0,2,1,0,0,0,2
Best fitness found so far: -32.0; distance: 10.44030650891055
Generation: 293; 
d: 10.0; energy: -32.0; 0,2,1,2,2,1,0,1,0,2,0,0,0,0,1,0,1,2,2,0,0,0,1,0,0,1,2,0,2,1,0,0,2,2,2,0,1,2,2,0,1,0,0,2,2,0,0,2,0,1,1,0,0,0,2,0,2,0,2,2,2,0
Best fitness found so far: -32.0; distance: 10.44030650891055
Generation: 294; 
d: 10.0; energy: -32.0; 1,2,1,2,2,1,0,1,0,2,0,0,0,0,1,1,1,2,2,0,0,0,1,0,0,1,2,0,2,1,0,0,2,2,2,0,1,2,2,0,1,0,0,2,2,0,0,2,0,1,1,0,0,0,1,0,2,2,0,0,0,2
Best fitness found so far: -32.0; distance: 10.44030650891055
Generation: 295; 
d: 10.0; energy: -32.0; 1,2,1,2,2,1,0,1,0,2,0,0,0,0,1,1,1,2,2,0,0,0,1,0,0,1,2,0,2,1,0,0,2,2,2,0,1,2,2,0,1,0,0,2,2,0,0,2,0,1,1,0,0,2,2,0,2,2,0,1,0,2
Best fitness found so far: -32.0; distance: 10.44030650891055
Generation: 296; 
d: 10.0; energy: -32.0; 0,2,1,2,2,1,0,1,0,2,0,0,0,0,1,1,1,2,2,0,0,0,1,0,0,1,2,0,2,1,0,0,2,2,2,0,1,2,2,0,1,0,0,2,2,0,0,2,0,1,1,0,0,0,2,0,2,0,2,2,0,0
Best fitness found so far: -32.0; distance: 10.44030650891055
Generation: 297; 
d: 10.0; energy: -32.0; 1,2,1,2,2,1,0,1,0,2,0,0,0,0,1,0,1,2,2,0,0,0,1,0,0,1,2,0,2,1,0,0,2,2,2,0,1,2,2,0,1,0,0,2,2,0,0,2,0,1,1,0,0,1,2,0,2,0,2,2,0,0
Best fitness found so far: -32.0; distance: 10.44030650891055
Generation: 298; 
d: 10.0; energy: -32.0; 1,2,1,2,2,1,0,1,0,2,0,0,0,0,1,1,1,2,2,0,0,0,1,0,0,1,2,0,2,1,0,0,2,2,2,0,1,2,2,0,1,0,0,2,2,0,0,2,0,1,1,0,0,0,2,0,2,2,0,0,0,1
Best fitness found so far: -32.0; distance: 10.44030650891055
Generation: 299; 
d: 10.0; energy: -32.0; 1,2,1,2,2,1,0,1,0,2,0,0,0,0,1,0,1,2,2,0,0,0,1,0,0,1,2,0,2,1,0,0,2,2,0,0,1,2,2,0,1,0,0,2,2,2,0,2,0,1,1,0,0,0,2,0,2,2,0,0,1,2
Best fitness found so far: -32.0; distance: 10.44030650891055
Generation: 300; 
d: 10.0; energy: -32.0; 1,2,1,2,2,1,0,1,0,2,0,0,0,0,1,1,1,2,2,0,0,0,1,0,0,1,2,0,2,1,0,0,2,2,2,0,1,2,2,0,1,0,0,2,2,0,0,2,0,1,1,0,0,0,2,0,2,0,2,0,0,2
Best fitness found so far: -32.0; distance: 10.44030650891055
Generation: 301; 
d: 10.0; energy: -32.0; 1,2,1,2,2,1,0,1,0,2,0,0,0,0,1,1,1,2,2,0,0,0,1,0,0,1,2,0,2,1,0,0,2,2,2,0,1,2,2,0,1,0,0,2,2,0,0,2,0,1,1,0,0,0,1,0,2,2,0,0,0,2
Best fitness found so far: -32.0; distance: 10.44030650891055
Generation: 302; 
d: 10.0; energy: -32.0; 1,2,1,2,2,1,0,1,0,2,0,0,0,0,1,1,1,2,2,0,0,0,1,0,0,0,2,0,2,1,0,0,2,2,2,0,1,2,2,0,1,0,0,2,2,0,0,2,0,1,1,0,0,0,2,0,2,2,0,0,0,2
Best fitness found so far: -32.0; distance: 10.44030650891055
Generation: 303; 
d: 10.0; energy: -32.0; 1,2,1,2,2,1,0,1,0,2,0,0,0,0,1,1,1,2,2,0,0,0,1,0,0,1,2,0,2,1,0,0,2,2,2,0,1,2,2,0,1,0,0,2,2,0,0,2,0,1,1,0,0,0,2,0,2,0,2,0,0,1
Best fitness found so far: -32.0; distance: 10.44030650891055
Generation: 304; 
d: 12.529964086141668; energy: -32.0; 1,2,1,2,2,1,0,1,0,2,0,0,0,0,1,1,1,2,2,0,0,0,1,0,0,1,0,0,2,1,0,0,2,2,2,0,1,2,2,0,1,0,0,2,2,0,0,2,0,1,1,0,0,0,1,0,2,2,0,0,1,2
Best fitness found so far: -32.0; distance: 10.44030650891055
Generation: 305; 
d: 10.0; energy: -32.0; 0,2,1,2,2,1,0,1,0,2,0,0,0,0,1,0,1,2,2,0,0,0,1,0,0,1,2,0,2,1,0,0,2,2,2,0,1,2,2,0,1,0,0,2,2,0,0,2,0,1,1,0,0,0,2,0,2,0,2,0,0,1
Best fitness found so far: -32.0; distance: 10.44030650891055
Generation: 306; 
d: 10.0; energy: -32.0; 0,2,1,2,2,1,0,1,0,2,0,0,0,0,1,1,1,2,2,0,0,0,1,0,0,1,2,0,2,1,0,0,2,2,2,0,1,2,2,0,1,0,0,2,2,0,0,2,0,1,1,0,2,0,2,0,2,2,0,0,0,2
Best fitness found so far: -32.0; distance: 10.44030650891055
Generation: 307; 
d: 10.0; energy: -32.0; 1,2,1,2,2,1,0,1,0,2,0,0,0,0,1,0,1,2,2,0,0,0,1,0,0,1,2,0,2,1,0,0,2,2,2,0,1,2,2,0,1,0,0,2,2,0,0,2,0,1,1,0,0,0,2,0,2,0,2,0,0,1
Best fitness found so far: -32.0; distance: 10.44030650891055
Generation: 308; 
d: 10.0; energy: -32.0; 0,2,1,2,2,1,0,1,0,2,0,0,1,0,1,1,1,2,2,0,0,0,1,0,0,1,2,0,2,1,0,0,2,2,2,0,1,2,2,0,1,0,0,2,2,0,0,2,0,1,1,0,2,0,2,0,2,2,2,0,0,2
Best fitness found so far: -32.0; distance: 10.44030650891055
Generation: 309; 
d: 10.0; energy: -32.0; 0,2,1,2,2,1,0,1,0,2,0,0,0,0,1,0,1,2,2,0,0,0,1,0,0,1,2,0,2,1,0,0,2,2,2,0,1,2,2,0,1,0,0,2,2,0,0,2,0,1,1,0,0,0,1,0,2,2,0,0,0,0
Best fitness found so far: -32.0; distance: 10.44030650891055
Generation: 310; 
d: 10.0; energy: -32.0; 1,2,1,2,2,1,0,1,0,2,0,0,0,0,1,0,1,2,2,0,0,0,1,0,0,1,2,0,2,1,0,0,2,2,2,0,1,2,2,0,1,0,0,2,2,0,0,2,0,1,1,0,0,0,2,0,2,2,0,0,0,0
Best fitness found so far: -32.0; distance: 10.44030650891055
Generation: 311; 
d: 10.0; energy: -32.0; 1,2,1,2,2,1,0,1,0,2,0,0,0,0,1,1,1,2,2,0,0,0,1,0,0,1,2,0,2,1,0,0,2,2,2,0,1,2,2,0,1,0,0,2,2,0,0,2,0,1,1,0,2,0,0,0,2,0,0,0,0,1
Best fitness found so far: -32.0; distance: 10.44030650891055
Generation: 312; 
d: 10.0; energy: -32.0; 1,2,1,2,2,1,0,1,0,2,0,0,0,0,1,0,0,2,2,0,0,0,1,0,0,1,2,0,2,1,0,0,2,2,2,0,1,2,2,0,1,0,0,2,2,0,0,2,0,1,1,0,0,0,2,0,0,0,0,2,0,2
Best fitness found so far: -32.0; distance: 10.44030650891055
Generation: 313; 
d: 10.0; energy: -32.0; 1,2,1,2,2,1,0,1,0,2,0,0,0,0,1,1,1,2,2,0,0,0,1,0,0,1,2,0,2,1,0,0,2,2,2,0,1,2,2,0,1,0,0,2,2,0,0,2,0,1,1,0,0,0,1,0,2,2,0,0,0,2
Best fitness found so far: -32.0; distance: 10.44030650891055
Generation: 314; 
d: 10.0; energy: -32.0; 1,2,1,2,2,1,0,1,0,2,0,0,2,0,1,1,1,2,2,0,0,0,1,0,0,1,2,0,2,1,0,0,2,2,2,0,1,2,2,0,1,0,0,2,2,0,0,2,0,1,1,0,0,0,2,0,2,2,2,0,0,2
Best fitness found so far: -32.0; distance: 10.44030650891055
Generation: 315; 
d: 10.0; energy: -32.0; 1,2,1,2,2,1,0,1,0,2,0,0,0,0,1,0,1,2,2,0,0,0,1,0,0,1,2,0,2,1,0,0,2,2,0,0,1,2,2,0,1,0,0,2,2,0,0,2,0,1,1,0,0,0,2,0,2,0,2,0,0,1
Best fitness found so far: -32.0; distance: 10.44030650891055
Generation: 316; 
d: 10.0; energy: -32.0; 0,2,1,2,2,1,0,1,0,2,0,0,0,0,1,1,1,2,2,0,0,0,1,0,0,1,2,0,2,1,0,0,2,2,2,0,1,2,2,0,1,0,0,2,2,0,0,2,0,1,1,0,2,0,2,0,2,2,2,0,0,2
Best fitness found so far: -32.0; distance: 10.44030650891055
Generation: 317; 
d: 10.0; energy: -32.0; 1,2,1,2,2,1,0,0,0,2,0,0,0,0,1,1,1,2,2,0,0,0,1,0,0,1,2,0,2,1,0,0,2,2,2,0,1,2,2,0,1,0,0,2,2,0,0,2,0,1,1,0,0,0,2,0,2,2,0,0,0,0
Best fitness found so far: -32.0; distance: 10.44030650891055
Generation: 318; 
d: 10.0; energy: -32.0; 0,2,1,2,2,1,0,0,0,2,0,0,0,0,1,1,1,2,2,0,0,0,1,0,0,1,2,0,2,1,0,0,2,2,2,0,1,2,2,0,1,0,0,2,2,0,0,2,0,1,1,0,0,1,2,0,2,0,2,2,0,0
Best fitness found so far: -32.0; distance: 10.44030650891055
Generation: 319; 
d: 10.0; energy: -32.0; 0,2,1,2,2,1,0,1,0,2,0,0,2,0,1,0,1,2,2,0,0,0,1,0,0,1,2,0,2,1,0,0,2,2,2,0,1,2,2,0,1,0,0,2,2,2,0,2,0,1,1,0,0,0,1,0,2,2,0,0,0,2
Best fitness found so far: -32.0; distance: 10.44030650891055
Generation: 320; 
d: 10.0; energy: -32.0; 0,2,1,2,2,1,0,1,0,2,0,0,0,0,1,0,1,2,2,0,0,0,1,0,0,1,2,0,2,1,0,0,2,2,2,0,1,2,2,0,1,0,0,2,2,0,0,2,0,1,1,0,0,0,2,0,2,2,2,0,0,2
Best fitness found so far: -32.0; distance: 10.44030650891055
Generation: 321; 
d: 10.0; energy: -32.0; 1,2,1,2,2,1,0,1,0,2,0,0,0,0,1,1,1,2,2,0,0,0,1,0,0,1,2,0,2,1,0,0,2,2,2,0,1,2,2,0,1,0,0,2,2,0,0,2,0,1,1,0,0,0,2,0,0,0,2,0,0,0
Best fitness found so far: -32.0; distance: 10.44030650891055
Generation: 322; 
d: 10.0; energy: -32.0; 0,2,1,2,2,1,0,1,0,2,0,0,0,0,1,0,1,2,2,0,0,0,1,0,0,1,2,0,2,1,0,0,2,2,2,0,1,2,2,2,1,0,0,2,2,0,0,2,0,1,1,0,0,0,1,0,2,2,0,0,0,2
Best fitness found so far: -32.0; distance: 10.44030650891055
Generation: 323; 
d: 10.0; energy: -32.0; 1,2,1,2,2,1,0,1,0,2,0,0,0,0,1,1,1,2,2,0,0,1,1,0,0,1,2,0,2,1,0,0,2,2,2,0,1,2,2,0,1,0,0,2,2,0,0,2,0,1,1,0,0,0,2,0,0,0,2,2,0,0
Best fitness found so far: -32.0; distance: 10.44030650891055
Generation: 324; 
d: 10.0; energy: -32.0; 1,2,1,2,2,1,0,1,0,2,0,0,0,0,1,0,0,2,2,0,0,0,1,0,0,1,2,0,2,1,0,0,2,2,2,0,1,2,2,0,1,0,0,2,2,0,0,2,0,1,1,0,0,0,1,0,2,2,0,0,0,2
Best fitness found so far: -32.0; distance: 10.44030650891055
Generation: 325; 
d: 10.0; energy: -32.0; 1,2,1,2,2,1,0,1,0,2,0,0,0,0,1,1,1,2,2,0,0,0,1,0,0,1,2,0,2,1,0,0,2,2,2,0,1,2,2,0,1,0,0,2,2,0,0,2,0,1,1,0,0,0,2,0,2,2,2,0,0,2
Best fitness found so far: -32.0; distance: 10.44030650891055
Generation: 326; 
d: 10.0; energy: -32.0; 0,2,1,2,2,1,0,1,0,2,0,0,2,0,1,1,1,2,2,0,0,0,1,0,0,1,2,0,2,1,0,0,2,2,2,0,1,2,2,0,1,0,0,2,2,0,0,2,0,1,1,0,0,0,2,0,2,0,0,1,2,1
Best fitness found so far: -32.0; distance: 10.44030650891055
Generation: 327; 
d: 10.0; energy: -32.0; 0,2,1,2,2,1,0,1,0,2,0,0,0,0,1,1,1,2,2,0,0,0,1,0,0,1,2,0,2,1,0,0,2,2,2,0,1,2,2,0,1,0,0,2,2,0,0,2,0,1,1,0,0,0,2,0,2,0,2,0,0,1
Best fitness found so far: -32.0; distance: 10.44030650891055
Generation: 328; 
d: 10.0; energy: -32.0; 1,2,1,2,2,1,0,1,0,2,0,0,0,0,1,1,1,2,2,0,0,0,1,0,0,1,2,0,2,1,0,0,2,2,2,0,1,2,2,0,1,0,0,2,2,0,0,2,0,1,1,0,2,0,2,0,2,0,2,0,0,1
Best fitness found so far: -32.0; distance: 10.44030650891055
Generation: 329; 
d: 10.0; energy: -32.0; 1,2,1,2,2,1,0,1,0,2,0,0,0,0,1,1,1,2,2,0,0,0,1,0,0,1,2,0,2,1,0,0,2,2,2,0,1,2,2,0,1,0,0,2,2,0,0,2,0,1,1,0,1,2,2,0,2,0,2,0,0,1
Best fitness found so far: -32.0; distance: 10.44030650891055
Generation: 330; 
d: 10.0; energy: -32.0; 1,2,1,2,2,1,0,1,0,2,0,0,0,0,1,0,1,2,2,0,0,0,1,0,0,1,2,0,2,1,0,0,2,2,2,0,0,2,2,0,1,0,0,2,2,0,0,2,0,1,1,0,0,0,2,0,0,0,0,0,0,0
Best fitness found so far: -32.0; distance: 10.44030650891055
Generation: 331; 
d: 10.0; energy: -32.0; 1,2,1,2,2,1,0,1,0,2,0,0,0,0,1,1,1,2,2,0,0,0,1,0,0,0,2,0,2,1,0,0,2,2,2,0,1,2,2,0,1,0,0,2,2,0,0,2,0,1,1,0,0,0,2,0,0,0,0,2,0,2
Best fitness found so far: -32.0; distance: 10.44030650891055
Generation: 332; 
d: 10.0; energy: -32.0; 1,2,1,2,2,1,0,1,0,2,0,0,0,0,1,1,1,2,2,0,0,0,1,0,0,1,2,0,2,1,0,0,2,2,2,0,1,2,2,0,1,0,0,2,2,0,0,2,0,1,1,0,0,0,2,0,0,0,2,0,0,0
Best fitness found so far: -32.0; distance: 10.44030650891055
Generation: 333; 
d: 10.0; energy: -32.0; 0,2,1,2,2,1,0,1,0,2,0,0,0,0,1,1,1,2,2,0,0,0,1,0,0,1,2,0,2,1,0,0,2,2,2,0,1,2,2,0,1,0,0,2,2,0,0,2,0,1,1,0,0,0,2,0,2,2,0,1,0,1
Best fitness found so far: -32.0; distance: 10.44030650891055
Generation: 334; 
d: 10.0; energy: -32.0; 1,2,1,2,2,1,0,1,0,2,0,0,0,0,1,1,1,2,2,0,0,0,1,0,0,1,2,0,2,1,0,0,2,2,2,0,1,2,2,0,1,0,0,2,2,0,0,2,0,1,1,0,0,0,2,0,2,0,2,0,0,1
Best fitness found so far: -32.0; distance: 10.44030650891055
Generation: 335; 
d: 10.0; energy: -32.0; 0,2,1,2,2,1,0,1,0,2,0,0,1,0,1,0,1,2,2,0,0,0,1,0,0,1,2,0,2,1,0,0,2,2,2,0,1,2,2,0,1,0,0,2,2,0,0,2,0,1,1,0,0,0,2,0,0,0,0,2,0,2
Best fitness found so far: -32.0; distance: 10.44030650891055
Generation: 336; 
d: 10.0; energy: -32.0; 0,2,1,2,2,1,0,1,0,2,0,0,2,0,1,0,1,2,2,0,0,0,1,0,0,1,2,0,2,1,0,0,2,2,2,0,1,2,2,0,1,0,0,2,2,0,0,2,0,1,1,0,0,0,0,0,2,2,0,0,0,1
Best fitness found so far: -32.0; distance: 10.44030650891055
Generation: 337; 
d: 10.0; energy: -32.0; 1,2,1,2,2,1,0,1,0,2,0,0,0,0,1,1,1,2,2,0,0,0,1,0,0,1,2,0,2,1,0,0,2,2,2,0,1,2,2,0,1,0,0,0,2,0,0,2,0,1,1,0,0,0,1,0,2,2,0,0,0,2
Best fitness found so far: -32.0; distance: 10.44030650891055
Generation: 338; 
d: 10.0; energy: -32.0; 1,2,1,2,2,1,2,1,0,2,0,0,0,0,1,0,1,2,2,0,0,0,1,0,0,1,2,0,2,1,0,0,2,2,2,0,1,2,2,0,1,0,0,2,2,0,0,2,0,1,1,0,0,0,1,0,2,2,0,0,0,0
Best fitness found so far: -32.0; distance: 10.44030650891055
Generation: 339; 
d: 10.0; energy: -32.0; 1,2,1,2,2,1,0,1,0,2,0,0,0,0,1,1,1,2,2,0,0,0,1,0,0,1,2,0,2,1,0,0,2,2,2,0,1,2,2,0,1,0,0,2,2,0,0,2,0,1,1,0,0,0,2,0,2,2,0,0,0,1
Best fitness found so far: -32.0; distance: 10.44030650891055
Generation: 340; 
d: 10.0; energy: -32.0; 1,2,1,2,2,1,0,1,0,2,0,0,0,0,1,0,1,2,2,0,0,0,1,0,0,1,2,0,2,1,0,0,2,2,2,0,1,2,2,0,1,0,0,2,2,0,0,2,0,1,1,0,0,0,2,0,1,0,0,1,2,2
Best fitness found so far: -32.0; distance: 10.44030650891055
Generation: 341; 
d: 10.0; energy: -32.0; 1,2,1,2,2,1,0,0,0,2,0,0,0,0,1,0,1,2,2,0,0,0,1,0,0,1,2,0,2,1,0,0,2,2,2,0,1,2,2,0,1,0,0,2,2,0,0,2,0,1,1,0,0,0,2,0,1,0,0,1,2,2
Best fitness found so far: -32.0; distance: 10.44030650891055
Generation: 342; 
d: 10.0; energy: -32.0; 1,2,1,2,2,1,0,0,0,2,0,0,0,0,1,1,1,2,2,0,0,0,1,0,0,0,2,0,2,1,0,0,2,2,2,0,1,2,2,0,1,0,0,2,2,0,0,2,0,1,1,0,0,0,1,0,2,2,0,0,0,2
Best fitness found so far: -32.0; distance: 10.44030650891055
Generation: 343; 
d: 10.0; energy: -32.0; 1,2,1,2,2,1,0,1,0,2,0,0,0,0,1,1,1,2,2,0,0,0,1,0,0,1,2,0,2,1,0,0,2,2,2,0,1,2,2,0,1,0,0,2,2,0,0,2,0,1,1,0,0,0,2,0,2,0,2,0,0,2
Best fitness found so far: -32.0; distance: 10.44030650891055
Generation: 344; 
d: 10.0; energy: -32.0; 0,2,1,2,2,0,0,1,0,2,0,0,0,0,1,0,1,2,2,0,0,0,1,0,0,1,2,0,2,1,0,0,2,2,2,0,0,2,2,0,1,0,0,2,2,0,0,2,0,1,1,0,0,0,2,0,0,0,0,2,0,2
Best fitness found so far: -32.0; distance: 10.44030650891055
Generation: 345; 
d: 10.0; energy: -32.0; 1,2,1,2,2,1,2,1,0,2,0,0,0,0,1,0,1,2,2,0,0,0,1,0,0,1,2,0,2,1,0,0,2,2,2,0,1,2,2,0,1,0,0,2,2,0,0,2,0,1,1,0,0,0,1,0,1,2,0,1,0,1
Best fitness found so far: -32.0; distance: 10.44030650891055
Generation: 346; 
d: 10.0; energy: -32.0; 1,2,1,2,2,1,0,1,0,2,0,0,0,0,1,1,1,2,2,0,0,0,1,0,0,1,2,0,2,1,0,0,2,2,2,0,1,2,2,0,1,0,0,2,2,0,0,2,0,1,1,0,0,0,2,0,0,0,0,2,0,2
Best fitness found so far: -32.0; distance: 10.44030650891055
Generation: 347; 
d: 10.0; energy: -32.0; 1,2,1,2,2,1,0,1,0,2,0,0,0,0,1,1,1,2,2,0,0,0,1,0,0,1,2,0,2,1,0,0,2,2,2,0,1,2,2,0,1,0,0,2,2,0,0,2,0,1,1,0,0,0,1,0,2,2,0,0,0,2
Best fitness found so far: -32.0; distance: 10.44030650891055
Generation: 348; 
d: 10.0; energy: -32.0; 1,2,1,2,2,1,0,1,0,2,0,0,0,0,1,1,1,2,2,0,0,0,1,0,0,1,2,0,2,1,0,0,2,2,2,0,1,2,2,0,1,0,0,2,2,0,0,2,0,1,1,0,0,0,1,0,2,2,0,2,0,2
Best fitness found so far: -32.0; distance: 10.44030650891055
Generation: 349; 
d: 10.0; energy: -32.0; 0,2,1,2,2,1,0,1,0,2,0,0,0,0,1,0,1,2,2,0,0,0,1,0,0,1,2,0,2,1,0,0,2,2,2,0,1,2,2,0,1,0,0,2,2,0,0,2,0,1,1,0,0,0,0,1,1,0,0,1,0,2
Best fitness found so far: -32.0; distance: 10.44030650891055
Generation: 350; 
d: 10.0; energy: -32.0; 0,2,1,2,2,1,0,1,0,2,0,0,0,0,1,1,1,2,2,0,0,0,1,0,0,1,2,0,2,1,0,0,2,2,2,0,1,2,2,0,1,0,0,2,2,0,0,2,0,1,1,0,0,0,2,0,0,0,0,2,0,2
Best fitness found so far: -32.0; distance: 10.44030650891055
Generation: 351; 
d: 10.0; energy: -32.0; 1,2,1,2,2,1,0,1,0,2,0,0,0,0,1,0,1,2,2,0,0,0,1,0,0,1,2,0,2,1,0,0,2,2,2,0,1,2,2,0,1,0,0,2,2,0,0,2,0,1,1,0,0,0,1,0,0,0,0,0,0,2
Best fitness found so far: -32.0; distance: 10.44030650891055
Generation: 352; 
d: 10.0; energy: -32.0; 0,2,1,2,2,1,0,1,0,2,0,0,0,0,1,1,1,2,2,0,0,0,1,0,0,1,2,0,2,1,0,0,2,2,2,0,1,2,2,0,1,0,0,2,2,0,0,2,0,1,1,0,0,0,2,0,2,0,2,0,0,1
Best fitness found so far: -32.0; distance: 10.44030650891055
Generation: 353; 
d: 10.0; energy: -32.0; 1,2,1,2,2,2,0,1,0,2,0,0,0,0,1,0,1,2,2,0,0,1,1,0,0,1,2,0,2,1,0,0,2,2,2,0,1,2,2,0,1,0,0,2,2,0,0,2,0,1,1,0,0,0,2,0,1,0,0,0,0,2
Best fitness found so far: -32.0; distance: 10.44030650891055
Generation: 354; 
d: 10.0; energy: -32.0; 1,2,1,2,2,1,0,1,0,2,0,0,0,0,1,0,1,2,2,0,0,0,1,0,0,1,2,0,2,1,0,0,2,2,0,0,1,2,2,0,1,0,0,2,2,0,0,2,0,1,1,0,0,0,1,0,2,2,0,0,0,2
Best fitness found so far: -32.0; distance: 10.44030650891055
Generation: 355; 
d: 10.0; energy: -32.0; 1,2,1,2,2,1,0,1,0,2,0,0,0,0,1,0,1,2,2,0,0,1,1,0,0,1,2,0,2,1,0,0,2,2,2,0,1,2,2,0,1,0,0,2,2,0,0,2,0,1,1,0,0,0,2,0,2,2,2,0,0,2
Best fitness found so far: -32.0; distance: 10.44030650891055
Generation: 356; 
d: 10.0; energy: -32.0; 0,2,1,2,2,1,0,1,0,2,0,0,0,0,1,1,1,2,2,0,0,0,1,0,0,1,2,0,2,1,0,0,2,2,2,0,1,2,2,0,1,0,0,2,2,0,0,2,0,1,1,0,0,0,2,0,2,0,2,0,0,1
Best fitness found so far: -32.0; distance: 10.44030650891055
Generation: 357; 
d: 10.0; energy: -32.0; 1,2,1,2,2,1,0,1,0,2,0,0,0,0,1,1,1,2,2,0,0,0,1,0,0,1,2,0,2,1,0,0,2,2,2,0,1,2,2,0,1,0,0,2,2,0,0,2,0,1,1,0,0,0,1,0,2,2,0,0,2,2
Best fitness found so far: -32.0; distance: 10.44030650891055
Generation: 358; 
d: 10.0; energy: -32.0; 1,2,1,2,2,1,0,1,0,2,0,0,0,0,1,0,1,2,2,0,0,0,1,0,0,1,2,0,2,1,0,0,2,2,0,0,1,2,2,0,1,0,0,2,2,0,0,2,0,1,1,0,0,0,1,0,2,0,0,0,0,2
Best fitness found so far: -32.0; distance: 10.44030650891055
Generation: 359; 
d: 10.0; energy: -32.0; 1,2,1,2,2,1,0,1,0,2,0,0,0,0,1,1,1,2,2,0,0,0,1,0,0,1,2,0,2,1,0,0,2,2,2,0,1,2,2,0,1,0,0,2,2,0,0,2,0,1,1,0,0,0,2,0,2,0,0,0,0,2
Best fitness found so far: -32.0; distance: 10.44030650891055
Generation: 360; 
d: 10.0; energy: -32.0; 1,2,1,2,2,1,0,1,0,2,0,0,0,0,1,0,1,2,2,0,0,0,1,0,0,1,2,0,2,1,0,0,2,2,2,0,1,2,2,0,1,0,0,2,2,0,0,2,0,1,1,0,0,0,2,0,2,2,2,0,0,1
Best fitness found so far: -32.0; distance: 10.44030650891055
Generation: 361; 
d: 10.0; energy: -32.0; 0,2,1,2,2,1,0,1,0,2,0,0,0,0,1,0,1,2,2,0,0,0,1,0,0,1,2,0,2,1,0,0,2,2,2,0,1,2,2,0,1,0,0,2,2,0,0,2,0,1,1,0,0,0,2,0,2,2,2,0,0,2
Best fitness found so far: -32.0; distance: 10.44030650891055
Generation: 362; 
d: 10.0; energy: -32.0; 1,2,1,2,2,1,0,1,0,2,0,0,0,0,1,0,1,2,2,0,0,0,1,0,0,1,2,0,2,1,0,0,2,2,2,0,0,2,2,0,1,0,0,2,2,0,0,2,0,1,1,0,0,0,2,0,2,0,2,0,0,1
Best fitness found so far: -32.0; distance: 10.44030650891055
Generation: 363; 
d: 10.0; energy: -32.0; 1,2,1,2,2,0,0,1,0,2,0,0,0,0,1,0,1,2,2,0,0,0,1,0,0,1,2,0,2,1,0,0,2,2,2,0,1,2,2,0,1,0,0,2,2,0,0,2,0,1,1,0,0,0,2,0,2,0,2,0,0,1
Best fitness found so far: -32.0; distance: 10.44030650891055
Generation: 364; 
d: 10.0; energy: -32.0; 1,2,1,2,2,1,0,1,0,2,0,0,0,0,1,1,1,2,2,0,0,0,1,0,0,1,2,0,2,1,0,0,2,2,2,0,1,2,2,0,1,0,0,2,2,0,0,2,0,1,1,0,0,0,1,0,2,2,0,0,0,2
Best fitness found so far: -32.0; distance: 10.44030650891055
Generation: 365; 
d: 10.0; energy: -32.0; 0,2,1,2,2,1,0,1,0,2,0,0,0,0,0,1,1,2,2,0,0,0,1,0,0,1,2,0,2,1,0,0,2,2,2,0,1,2,2,0,1,0,0,2,2,0,0,2,0,1,1,0,0,0,2,0,2,0,2,0,0,1
Best fitness found so far: -32.0; distance: 10.44030650891055
Generation: 366; 
d: 10.0; energy: -32.0; 1,2,1,2,2,1,0,1,0,2,0,0,0,0,1,1,1,2,2,0,0,0,1,0,0,1,2,0,2,1,0,0,2,2,2,0,1,2,2,0,1,0,0,2,2,0,0,2,0,1,1,0,0,0,2,0,2,0,2,0,0,1
Best fitness found so far: -32.0; distance: 10.44030650891055
Generation: 367; 
d: 10.0; energy: -32.0; 1,2,1,2,2,1,0,1,0,2,0,0,1,0,1,1,1,2,2,0,0,0,1,0,0,1,2,0,2,1,0,0,2,2,2,0,1,2,2,0,1,0,0,2,2,0,0,2,0,1,1,0,0,0,1,0,2,2,2,0,0,0
Best fitness found so far: -32.0; distance: 10.44030650891055
Generation: 368; 
d: 10.0; energy: -32.0; 0,2,1,2,2,1,0,1,0,2,0,0,0,0,1,0,1,2,2,0,0,0,1,0,0,1,2,0,2,1,0,0,2,2,2,0,1,2,2,0,1,0,0,2,2,0,0,2,0,1,1,0,0,1,2,0,2,0,2,0,0,1
Best fitness found so far: -32.0; distance: 10.44030650891055
Generation: 369; 
d: 10.0; energy: -32.0; 0,2,1,2,2,1,0,1,0,2,0,0,0,0,1,1,1,2,2,0,0,1,1,0,0,1,2,0,2,1,0,0,2,2,2,0,1,2,2,0,1,0,0,2,2,0,0,2,0,1,1,0,0,0,2,0,2,0,2,0,0,1
Best fitness found so far: -32.0; distance: 10.44030650891055
Generation: 370; 
d: 10.0; energy: -32.0; 0,2,1,2,2,1,0,1,0,2,0,0,0,0,1,1,1,2,2,0,0,0,1,0,0,1,2,0,2,1,0,0,2,2,2,0,0,2,2,0,1,0,0,2,2,0,0,2,0,1,1,0,0,0,2,0,0,0,0,2,0,2
Best fitness found so far: -32.0; distance: 10.44030650891055
Generation: 371; 
d: 10.0; energy: -32.0; 1,2,1,2,2,1,2,1,0,2,0,0,0,0,1,1,1,2,2,0,0,0,1,0,0,1,2,0,2,1,0,0,2,2,2,0,1,2,2,0,1,0,0,2,2,0,0,2,0,1,1,0,0,0,2,0,1,2,0,0,0,2
Best fitness found so far: -32.0; distance: 10.44030650891055
Generation: 372; 
d: 10.0; energy: -32.0; 0,2,1,2,2,1,0,1,0,2,0,0,0,0,1,1,1,2,2,0,0,0,1,0,0,1,2,0,2,1,0,0,2,2,2,0,1,2,2,0,1,0,0,2,2,0,0,2,0,1,1,0,0,0,2,0,2,0,2,0,0,1
Best fitness found so far: -32.0; distance: 10.44030650891055
Generation: 373; 
d: 10.0; energy: -32.0; 0,2,1,2,2,1,0,1,0,2,0,0,0,0,1,1,1,2,2,0,0,0,1,0,0,1,2,0,2,1,0,0,2,2,2,0,1,2,2,0,1,0,0,2,2,0,0,2,0,1,1,0,0,0,2,0,2,0,2,0,0,1
Best fitness found so far: -32.0; distance: 10.44030650891055
Generation: 374; 
d: 10.0; energy: -32.0; 1,2,1,2,2,1,0,1,0,2,0,0,0,0,1,1,1,2,2,0,0,0,1,0,0,1,2,0,2,1,0,0,2,2,2,0,1,2,2,0,1,0,0,2,2,0,0,2,0,1,1,0,0,0,2,0,0,0,0,1,0,2
Best fitness found so far: -32.0; distance: 10.44030650891055
Generation: 375; 
d: 10.0; energy: -32.0; 1,2,1,2,2,1,0,1,0,2,0,0,0,0,1,1,1,2,2,0,0,0,1,0,0,1,2,0,2,1,0,0,2,2,2,0,1,2,2,0,1,0,0,2,2,0,0,2,0,1,1,0,1,0,2,0,2,0,2,0,0,1
Best fitness found so far: -32.0; distance: 10.44030650891055
Generation: 376; 
d: 10.0; energy: -32.0; 0,2,1,2,2,1,0,1,0,2,0,0,0,0,1,1,1,2,2,0,0,0,1,0,0,1,2,0,2,1,0,0,2,2,2,0,1,2,2,2,1,0,0,2,2,0,0,2,0,1,1,0,0,0,0,1,2,2,1,0,0,1
Best fitness found so far: -32.0; distance: 10.44030650891055
Generation: 377; 
d: 10.0; energy: -32.0; 1,2,1,2,2,1,0,1,0,2,0,0,0,0,1,1,1,2,2,0,0,0,1,0,0,1,2,0,2,1,0,0,2,2,2,0,0,2,2,0,1,0,0,2,2,0,0,2,0,1,1,0,0,0,2,0,2,2,2,0,0,1
Best fitness found so far: -32.0; distance: 10.44030650891055
Generation: 378; 
d: 10.0; energy: -32.0; 1,2,1,2,2,1,0,1,0,2,0,0,0,0,1,1,1,2,2,0,0,0,1,0,0,1,2,0,2,1,0,0,2,2,2,0,1,2,2,0,1,0,0,2,2,0,0,2,0,1,1,0,0,0,2,0,0,2,0,1,0,2
Best fitness found so far: -32.0; distance: 10.44030650891055
Generation: 379; 
d: 10.0; energy: -32.0; 1,2,1,2,2,1,0,1,0,2,0,0,0,0,1,1,1,2,2,0,0,0,1,0,0,1,2,0,2,1,0,0,2,2,2,0,1,2,2,0,1,0,0,2,2,0,0,2,0,1,1,0,0,0,2,0,0,0,0,2,0,2
Best fitness found so far: -32.0; distance: 10.44030650891055
Generation: 380; 
d: 10.0; energy: -32.0; 1,2,1,2,2,1,0,1,0,2,0,0,0,0,1,1,1,2,2,0,0,0,1,0,0,2,2,0,2,1,0,0,2,2,2,0,1,2,2,0,1,0,0,2,2,0,0,2,0,1,1,0,0,0,1,0,2,2,0,0,0,2
Best fitness found so far: -32.0; distance: 10.44030650891055
Generation: 381; 
d: 10.0; energy: -32.0; 1,2,1,2,2,1,0,1,0,2,0,0,0,0,1,0,1,2,2,0,0,0,1,0,0,1,2,0,2,1,0,0,2,2,2,0,1,2,2,0,1,0,0,2,2,0,0,2,0,1,1,0,0,0,2,0,0,2,0,1,2,1
Best fitness found so far: -32.0; distance: 10.44030650891055
Generation: 382; 
d: 10.0; energy: -32.0; 1,2,1,2,2,1,0,1,0,2,0,0,0,0,1,1,1,2,2,0,0,0,1,0,0,1,2,0,2,1,0,0,2,2,2,0,1,2,2,0,1,0,0,2,2,0,0,2,0,1,1,0,0,0,2,0,0,0,2,2,2,0
Best fitness found so far: -32.0; distance: 10.44030650891055
Generation: 383; 
d: 10.0; energy: -32.0; 0,2,1,2,2,1,0,1,0,2,0,0,0,0,1,1,1,2,2,0,0,0,1,0,0,1,2,0,2,1,0,0,2,2,2,0,1,2,2,0,1,0,0,2,2,0,0,2,0,1,1,0,0,0,2,0,2,2,1,0,0,2
Best fitness found so far: -32.0; distance: 10.44030650891055
Generation: 384; 
d: 10.0; energy: -32.0; 1,2,1,2,2,1,0,1,0,2,0,0,0,0,1,0,1,2,2,0,0,0,1,0,0,1,2,0,2,1,0,0,2,2,2,0,0,2,2,0,1,0,0,2,2,0,0,2,0,1,1,0,0,0,2,0,2,0,2,1,0,2
Best fitness found so far: -32.0; distance: 10.44030650891055
Generation: 385; 
d: 10.0; energy: -32.0; 1,2,1,2,2,1,0,1,0,2,0,0,0,0,1,1,1,2,2,0,0,0,1,0,0,1,2,0,2,1,0,0,2,2,2,0,1,2,2,0,1,0,0,2,2,0,0,2,0,1,1,0,0,0,2,0,2,0,0,0,2,2
Best fitness found so far: -32.0; distance: 10.44030650891055
Generation: 386; 
d: 10.0; energy: -32.0; 0,2,1,2,2,1,0,1,0,2,0,0,0,0,1,1,1,2,2,0,0,0,1,0,0,1,2,0,2,1,0,0,2,2,2,0,1,2,2,0,1,0,0,2,2,0,0,2,0,1,1,0,0,0,2,0,2,2,2,0,0,2
Best fitness found so far: -32.0; distance: 10.44030650891055
Generation: 387; 
d: 10.0; energy: -32.0; 0,2,1,2,2,1,0,1,0,2,0,0,0,0,1,1,1,2,2,0,0,0,1,0,0,1,2,0,2,1,0,0,2,2,2,0,1,2,2,0,1,0,0,2,2,0,0,2,0,1,1,0,0,0,2,0,0,0,0,2,2,0
Best fitness found so far: -32.0; distance: 10.44030650891055
Generation: 388; 
d: 10.0; energy: -32.0; 1,2,1,2,2,1,0,1,0,2,0,0,0,0,1,1,1,2,2,0,0,0,1,0,0,1,2,0,2,1,0,0,2,2,2,0,1,2,2,0,1,0,0,2,2,0,0,2,0,1,1,0,0,0,2,0,0,2,2,0,1,2
Best fitness found so far: -32.0; distance: 10.44030650891055
Generation: 389; 
d: 10.0; energy: -32.0; 0,2,1,2,2,1,0,1,0,2,0,0,0,0,1,0,1,2,2,0,0,0,1,0,0,1,2,0,2,1,0,0,2,2,0,0,1,2,2,0,1,0,0,2,2,0,0,2,0,1,1,0,0,0,2,0,2,0,2,0,0,1
Best fitness found so far: -32.0; distance: 10.44030650891055
Generation: 390; 
d: 10.0; energy: -32.0; 1,2,1,2,2,1,0,1,0,2,0,0,0,0,1,1,1,2,2,2,0,0,1,0,0,1,2,0,2,1,0,0,2,2,2,0,1,2,2,0,1,0,0,2,2,0,0,2,0,1,1,0,0,0,2,0,2,0,2,0,0,1
Best fitness found so far: -32.0; distance: 10.44030650891055
Generation: 391; 
d: 10.0; energy: -32.0; 1,2,1,2,2,1,0,1,0,2,0,0,0,0,1,1,1,2,2,0,0,0,1,0,0,1,2,0,2,1,0,0,2,2,2,0,1,2,2,0,1,0,0,2,2,0,0,2,0,1,1,0,0,0,2,0,2,2,0,0,0,2
Best fitness found so far: -32.0; distance: 10.44030650891055
