Algorithm configured with: 
Pop: 1000
Aux Pop: 200
CrP: 1.0
MtP: 1.0
List of crossover: 
SinglePointCrossover
IntegerTwoPointsCrossover
MultiPointsCrossover
List of mutations: 
BitFlipMutation
LoopMoveOperator
LocalMoveOperator
SegmentMutation
OppositeMoveOperator
Execution: 1
Generation: 0; 
d: 16.401219466856727; energy: -14.0; 1,2,2,0,0,2,1,1,0,1,1,2,0,1,2,0,2,1,0,1,1,0,1,0,1,2,0,2,0,2,0,1,1,1,2,1,1,2,0,1,0,2,1,1,0,1,0,0,2,1,2,2,0,0,2,1,0,1,0,1,2,2
Best fitness found so far: -14.0; distance: 16.401219466856727
Generation: 1; 
d: 14.7648230602334; energy: -21.0; 0,0,1,2,2,0,2,2,0,0,1,0,2,1,2,0,0,1,0,2,0,0,2,2,0,2,2,1,1,0,2,2,0,0,2,0,1,2,1,1,0,2,2,1,2,1,1,0,1,0,2,2,1,1,0,0,2,1,1,2,2,1
Best fitness found so far: -21.0; distance: 14.7648230602334
Generation: 2; 
d: 13.038404810405298; energy: -18.0; 2,0,0,1,0,2,1,0,0,1,2,2,1,0,0,0,2,1,2,0,0,2,0,0,2,0,0,2,2,0,2,0,0,2,2,0,0,0,0,0,2,2,1,0,1,2,2,2,1,1,2,2,1,1,2,1,0,2,2,1,1,0
Best fitness found so far: -21.0; distance: 14.7648230602334
Generation: 3; 
d: 16.0312195418814; energy: -19.0; 0,1,0,0,2,2,1,2,1,1,0,0,2,2,0,2,2,0,1,2,2,1,0,0,2,2,1,1,1,2,1,0,2,2,0,2,1,1,0,2,1,2,2,0,1,0,0,2,1,2,1,0,1,1,2,2,0,2,2,2,2,0
Best fitness found so far: -21.0; distance: 14.7648230602334
Generation: 4; 
d: 11.40175425099138; energy: -20.0; 0,2,2,0,1,0,0,1,0,2,2,2,2,0,1,2,1,2,2,0,2,0,2,1,2,1,0,2,1,1,2,2,0,1,1,1,2,0,2,1,1,2,2,1,0,2,1,1,1,1,0,0,2,2,0,2,2,2,2,0,0,2
Best fitness found so far: -21.0; distance: 14.7648230602334
Generation: 5; 
d: 13.601470508735444; energy: -22.0; 0,1,0,0,1,2,0,0,1,2,0,0,1,1,1,2,2,2,2,2,0,0,1,0,1,2,1,1,1,1,0,0,1,0,1,1,1,2,0,1,2,2,0,0,2,0,0,0,0,0,2,1,0,0,0,1,0,1,1,1,2,0
Best fitness found so far: -22.0; distance: 13.601470508735444
Generation: 6; 
d: 14.317821063276353; energy: -21.0; 1,2,0,0,1,0,0,1,1,2,2,1,1,1,2,2,1,0,2,2,1,2,2,2,0,0,0,2,1,2,0,0,1,1,0,0,2,1,2,1,2,0,0,1,1,2,0,2,1,0,0,0,0,0,0,1,0,0,0,2,2,2
Best fitness found so far: -22.0; distance: 13.601470508735444
Generation: 7; 
d: 14.7648230602334; energy: -21.0; 0,0,1,2,2,0,2,2,0,0,1,0,2,1,2,0,0,1,0,2,0,0,2,2,0,2,2,1,1,0,2,2,0,0,2,0,1,2,1,1,0,2,2,1,2,1,1,0,1,0,2,2,1,1,0,2,2,0,0,0,0,0
Best fitness found so far: -22.0; distance: 13.601470508735444
Generation: 8; 
d: 11.180339887498949; energy: -21.0; 1,1,0,0,2,2,1,2,1,1,0,0,2,2,0,2,2,0,1,2,2,1,0,0,2,2,1,0,1,0,1,0,2,0,0,2,1,1,0,1,2,0,0,2,0,0,0,1,0,1,2,0,1,2,2,0,0,2,2,1,2,1
Best fitness found so far: -22.0; distance: 13.601470508735444
Generation: 9; 
d: 14.7648230602334; energy: -23.0; 0,0,1,2,2,0,2,2,0,0,1,0,2,1,2,0,0,1,0,2,0,0,2,2,0,2,2,1,1,0,2,2,0,0,2,0,1,2,1,1,0,2,2,1,2,1,1,0,1,0,2,2,1,1,0,1,0,0,2,2,0,0
Best fitness found so far: -23.0; distance: 14.7648230602334
Generation: 10; 
d: 12.206555615733702; energy: -24.0; 0,0,1,0,2,1,2,2,2,0,2,0,0,1,0,1,0,0,1,2,1,0,2,2,0,0,2,2,2,0,0,0,2,2,2,0,1,0,1,0,2,0,1,2,2,0,0,2,1,0,0,2,0,0,2,2,0,0,2,1,2,2
Best fitness found so far: -24.0; distance: 12.206555615733702
