Algorithm configured with: 
Pop: 1000
CrP: 0.9
MtP: 0.01

Crossover: class org.uma.jmetal.operator.crossover.SinglePointCrossover
Mutation: class org.uma.jmetal.operator.mutation.BitFlipMutation
Execution: 1
Generation: 0; 
d: 21.095023109728988; energy: -4.0; 1,2,2,0,0,0,2,1,1,1,1,1,2,0,1,0,1,2,2,1,0,1,2,0,1,0,2,2,0,2,2,2,0,0,1,0,0,1,0,2,1,1,2,2,2,0
Best fitness found so far: -4.0; distance: 21.095023109728988
Generation: 1; 
d: 9.486832980505138; energy: -14.0; 1,1,2,1,1,2,0,0,0,1,1,0,2,0,0,1,0,0,0,2,1,2,2,0,0,1,1,2,0,0,0,2,1,0,0,0,1,0,2,2,1,0,2,2,2,0
Best fitness found so far: -14.0; distance: 9.486832980505138
Generation: 2; 
d: 9.486832980505138; energy: -14.0; 1,1,2,1,1,2,0,0,0,1,1,0,2,0,0,1,0,0,0,2,1,2,2,0,0,1,1,2,0,0,0,2,1,0,0,0,1,0,2,2,1,0,2,2,2,0
Best fitness found so far: -14.0; distance: 9.486832980505138
Generation: 3; 
d: 10.44030650891055; energy: -13.0; 0,0,1,1,2,1,0,1,2,1,2,0,0,1,0,2,0,2,0,1,1,1,2,2,0,0,1,1,0,0,2,2,0,0,0,2,1,1,0,0,1,0,0,0,0,0
Best fitness found so far: -14.0; distance: 9.486832980505138
Generation: 4; 
d: 9.486832980505138; energy: -14.0; 0,1,2,1,1,2,0,0,0,1,1,0,2,0,0,1,0,0,0,2,1,2,2,0,0,1,1,2,0,0,0,2,1,0,0,0,1,0,2,2,1,0,2,2,2,0
Best fitness found so far: -14.0; distance: 9.486832980505138
Generation: 5; 
d: 9.486832980505138; energy: -14.0; 1,1,2,1,1,2,0,0,0,1,1,0,2,0,0,1,0,0,0,1,1,2,2,0,0,1,1,2,0,0,0,2,1,0,0,0,1,0,2,2,1,0,2,2,2,2
Best fitness found so far: -14.0; distance: 9.486832980505138
Generation: 6; 
d: 9.486832980505138; energy: -14.0; 1,1,2,1,1,2,0,0,0,1,1,0,2,0,0,1,0,0,0,1,1,2,2,0,0,1,1,2,0,0,0,2,1,0,0,0,1,0,2,2,1,0,2,2,2,2
Best fitness found so far: -14.0; distance: 9.486832980505138
Generation: 7; 
d: 9.486832980505138; energy: -14.0; 1,1,2,1,1,2,0,0,0,1,1,0,2,0,0,1,0,0,0,1,1,2,2,0,0,1,1,2,0,0,0,2,1,0,0,0,1,0,2,2,1,0,2,2,2,2
Best fitness found so far: -14.0; distance: 9.486832980505138
Generation: 8; 
d: 9.486832980505138; energy: -14.0; 0,1,2,1,1,2,0,0,0,1,1,0,2,0,0,1,0,0,0,2,1,2,2,0,0,1,1,2,0,0,0,2,1,0,0,0,1,0,2,2,1,0,0,2,1,2
Best fitness found so far: -14.0; distance: 9.486832980505138
Generation: 9; 
d: 9.486832980505138; energy: -14.0; 1,1,2,1,1,2,0,0,0,1,1,0,2,0,0,1,0,0,0,1,1,2,2,0,0,1,1,2,0,0,0,2,1,0,0,0,1,2,2,1,0,0,0,1,1,2
Best fitness found so far: -14.0; distance: 9.486832980505138
Generation: 10; 
d: 9.486832980505138; energy: -14.0; 1,1,2,1,1,2,0,0,0,1,1,0,2,0,0,1,0,0,0,2,1,2,2,0,0,1,1,2,0,0,0,2,1,0,0,0,0,0,2,2,1,1,2,2,0,2
Best fitness found so far: -14.0; distance: 9.486832980505138
Generation: 11; 
d: 9.486832980505138; energy: -14.0; 1,1,2,1,1,2,0,0,0,1,1,0,2,0,0,1,0,0,0,2,1,2,2,0,0,1,1,2,0,0,0,2,1,0,0,0,1,0,2,2,1,0,2,2,0,2
Best fitness found so far: -14.0; distance: 9.486832980505138
Generation: 12; 
d: 9.848857801796104; energy: -15.0; 2,1,1,2,1,2,0,0,0,1,1,0,2,0,0,1,0,0,0,2,1,2,2,0,0,1,1,2,0,0,0,1,0,2,2,2,1,2,2,0,2,1,1,2,2,2
Best fitness found so far: -15.0; distance: 9.848857801796104
Generation: 13; 
d: 9.848857801796104; energy: -15.0; 1,1,2,1,1,2,0,0,0,1,1,0,2,0,0,1,0,0,0,2,1,2,2,0,0,1,1,2,0,0,0,1,0,2,2,2,1,2,2,0,2,1,1,2,2,2
Best fitness found so far: -15.0; distance: 9.848857801796104
