Algorithm configured with: 
Pop: 3000
Aux Pop: 2000
CrP: 1.0
MtP: 1.0
List of crossover: 
SinglePointCrossover
IntegerTwoPointsCrossover
MultiPointsCrossover
List of mutations: 
BitFlipMutation
LoopMoveOperator
LocalMoveOperator
SegmentMutation
OppositeMoveOperator
Execution: 1
Generation: 0; 
d: 19.6468827043885; energy: -8.0; 1,2,1,1,0,2,1,0,0,2,1,2,2,0,2,1,1,1,1,0,2,2,0,0,2,2,0,1,2,0,1,1,1,0,2,1,0,1,0,1,1,1,1,1,2,1,1,0,1,1,2,1,1,1,1,2,1,0,1,0,2,0,0,1,2,0,1,1,1,2,2,1,1,0,1,1,0,2,0,2,1,0,0
Best fitness found so far: -8.0; distance: 19.6468827043885
Generation: 1; 
d: 16.492422502470642; energy: -28.0; 2,2,0,1,1,0,2,2,0,1,2,1,0,0,0,0,0,0,0,1,2,1,0,0,1,1,1,2,2,1,0,0,1,2,1,2,2,1,0,0,1,0,0,0,1,0,0,0,1,1,1,0,0,2,1,1,2,2,0,1,2,0,2,0,0,0,0,2,1,2,0,2,1,0,0,1,2,1,2,2,1,0,1
Best fitness found so far: -28.0; distance: 16.492422502470642
