Algorithm configured with: 
Pop: 1000
CrP: 1.0
MtP: 1.0
List of crossover: 
SinglePointCrossover
IntegerTwoPointsCrossover
MultiPointsCrossover
List of mutations: 
BitFlipMutation
LoopMoveOperator
LocalMoveOperator
SegmentMutation
OppositeMoveOperator
Execution: 1
Generation: 0; 
d: 13.601470508735444; energy: -11.0; 1,1,1,0,1,1,1,1,1,1,0,1,2,2,0,1,0,0,2,0,1,2,2,1,0,1,2,2,0,1,2,0,2,1,1,2,1,0,2,0,1,0,2,2,0,2,1,2,2,0,1,1,0,0,1,2,1,1,1,2,0,0
Best fitness found so far: -11.0; distance: 13.601470508735444
Generation: 1; 
d: 11.40175425099138; energy: -22.0; 0,0,1,0,2,0,2,1,0,0,2,2,1,1,2,1,2,1,0,2,1,1,0,0,1,0,0,1,1,1,0,2,1,0,1,2,0,0,1,0,1,0,0,2,0,0,1,1,0,2,0,0,0,0,0,0,2,0,0,1,1,0
Best fitness found so far: -22.0; distance: 11.40175425099138
Generation: 2; 
d: 11.40175425099138; energy: -22.0; 0,0,1,0,2,0,2,1,0,0,2,2,1,1,2,1,2,1,0,2,1,1,0,0,1,0,0,1,1,1,0,2,1,0,1,2,0,0,1,0,1,0,0,2,0,0,1,1,0,2,0,0,0,0,0,0,2,0,0,1,1,0
Best fitness found so far: -22.0; distance: 11.40175425099138
Generation: 3; 
d: 11.40175425099138; energy: -22.0; 0,0,1,0,2,0,2,1,0,0,2,2,1,1,2,1,2,1,0,2,1,1,0,0,1,0,0,1,1,1,0,2,1,0,1,2,0,0,1,0,1,0,0,2,0,0,1,1,0,2,0,0,0,0,0,0,2,0,0,1,1,0
Best fitness found so far: -22.0; distance: 11.40175425099138
Generation: 4; 
d: 15.524174696260024; energy: -20.0; 1,0,0,0,1,1,2,2,0,0,2,0,0,1,0,0,0,0,2,0,0,2,0,0,2,1,0,0,0,1,1,0,0,1,0,0,0,0,0,2,1,0,0,1,2,2,0,0,1,2,0,0,0,2,2,1,1,2,2,1,2,0
Best fitness found so far: -22.0; distance: 11.40175425099138
Generation: 5; 
d: 13.601470508735444; energy: -19.0; 0,0,2,0,0,0,1,1,0,0,0,2,2,0,0,1,1,0,0,1,0,0,1,0,1,2,0,1,0,0,2,2,1,1,2,1,2,0,0,1,1,2,2,1,0,1,2,1,2,0,1,2,0,1,2,1,2,2,0,1,1,2
Best fitness found so far: -22.0; distance: 11.40175425099138
Generation: 6; 
d: 12.806248474865697; energy: -20.0; 0,0,1,0,2,0,2,1,0,0,2,2,1,1,2,1,2,1,0,2,1,1,0,0,1,0,0,1,1,1,0,2,1,0,1,2,0,0,1,0,1,0,0,2,0,0,1,1,0,2,0,0,0,0,0,0,2,1,2,2,1,2
Best fitness found so far: -22.0; distance: 11.40175425099138
Generation: 7; 
d: 12.206555615733702; energy: -21.0; 0,2,0,0,1,0,2,2,1,0,0,0,0,1,0,1,1,2,1,1,2,2,0,0,2,0,0,1,2,2,0,0,1,2,0,0,1,0,2,2,0,0,0,1,2,2,0,0,0,0,2,0,1,2,1,2,2,0,0,0,0,1
Best fitness found so far: -22.0; distance: 11.40175425099138
Generation: 8; 
d: 12.206555615733702; energy: -21.0; 0,2,0,0,1,0,2,2,1,0,0,0,0,1,0,1,1,2,1,1,2,2,0,0,2,0,0,1,2,2,0,0,1,2,0,0,1,0,2,2,0,0,0,1,2,2,0,0,0,0,2,0,1,2,1,2,2,0,0,0,0,1
Best fitness found so far: -22.0; distance: 11.40175425099138
Generation: 9; 
d: 10.295630140987; energy: -26.0; 2,2,2,2,0,1,0,0,1,0,2,2,0,1,0,1,2,0,1,0,0,0,0,2,2,1,1,0,0,1,2,2,0,2,0,0,1,1,2,0,1,0,0,1,1,0,1,2,2,0,1,1,1,1,0,0,1,2,0,1,2,0
Best fitness found so far: -26.0; distance: 10.295630140987
Generation: 10; 
d: 10.295630140987; energy: -26.0; 2,2,2,2,0,1,0,0,1,0,2,2,0,1,0,1,2,0,1,0,0,0,0,2,2,1,1,0,0,1,2,2,0,2,0,0,1,1,2,0,1,0,0,1,1,0,1,2,2,0,1,1,1,1,0,0,1,2,0,1,2,0
Best fitness found so far: -26.0; distance: 10.295630140987
Generation: 11; 
d: 12.649110640673518; energy: -22.0; 2,2,2,2,0,1,0,0,1,0,2,2,0,1,0,1,2,0,1,0,0,0,0,2,2,1,1,0,0,1,2,2,0,2,0,0,1,1,2,0,1,0,0,1,1,0,1,2,2,0,0,1,0,1,1,1,2,0,0,2,2,0
Best fitness found so far: -26.0; distance: 10.295630140987
Generation: 12; 
d: 12.649110640673518; energy: -22.0; 2,2,2,2,0,1,0,0,1,0,2,2,0,1,0,1,2,0,1,0,0,0,0,2,2,1,1,0,0,1,2,2,0,2,0,0,1,1,2,0,1,0,0,1,1,0,1,2,2,0,0,1,0,1,1,1,2,0,0,2,2,0
Best fitness found so far: -26.0; distance: 10.295630140987
Generation: 13; 
d: 13.601470508735444; energy: -21.0; 0,1,0,0,1,1,2,2,0,0,2,2,2,0,1,0,0,1,1,0,0,1,1,0,2,1,2,2,0,0,1,0,0,2,0,2,2,0,1,0,0,2,0,1,1,1,1,2,0,2,0,0,1,2,0,2,2,1,1,2,1,2
Best fitness found so far: -26.0; distance: 10.295630140987
Generation: 14; 
d: 10.44030650891055; energy: -21.0; 2,2,2,0,1,1,2,2,0,0,2,0,0,1,0,0,0,0,2,0,0,0,0,2,1,2,1,2,1,1,0,0,2,2,2,2,2,2,2,2,2,0,0,2,1,2,0,0,0,1,0,0,2,0,1,2,1,2,2,2,1,2
Best fitness found so far: -26.0; distance: 10.295630140987
Generation: 15; 
d: 11.180339887498949; energy: -22.0; 0,2,2,0,0,1,0,2,2,2,0,0,2,0,0,0,0,0,2,1,0,2,1,0,0,0,2,1,1,1,2,0,0,2,0,0,0,2,2,2,0,2,0,2,1,1,0,1,2,0,0,1,0,1,2,0,1,2,2,1,0,0
Best fitness found so far: -26.0; distance: 10.295630140987
Generation: 16; 
d: 14.317821063276353; energy: -24.0; 1,1,1,0,2,1,2,2,2,2,2,0,2,1,1,0,0,1,2,0,1,1,0,1,0,2,1,0,1,2,1,2,0,0,1,1,2,0,1,0,0,1,2,2,0,2,0,1,2,2,0,2,1,0,1,2,2,2,1,1,1,2
Best fitness found so far: -26.0; distance: 10.295630140987
Generation: 17; 
d: 14.317821063276353; energy: -24.0; 1,1,1,0,2,1,2,2,2,2,2,0,2,1,1,0,0,1,2,0,1,1,0,1,0,2,1,0,1,2,1,2,0,0,1,1,2,0,1,0,0,1,2,2,0,2,0,1,2,2,0,2,1,0,1,2,2,2,1,1,1,2
Best fitness found so far: -26.0; distance: 10.295630140987
Generation: 18; 
d: 13.416407864998739; energy: -22.0; 1,1,0,0,1,2,0,0,1,1,2,2,2,2,1,1,2,2,1,2,1,2,0,2,2,1,0,1,1,0,2,0,0,1,0,0,2,2,1,1,2,0,1,2,2,2,0,0,0,1,2,0,0,1,0,0,2,2,0,0,0,2
Best fitness found so far: -26.0; distance: 10.295630140987
Generation: 19; 
d: 13.416407864998739; energy: -22.0; 1,1,0,0,1,2,0,0,1,1,2,2,2,2,1,1,2,2,1,2,1,2,0,2,2,1,0,1,1,0,2,0,0,1,0,0,2,2,1,1,2,0,1,2,2,2,0,0,0,1,2,0,0,1,0,0,2,2,0,0,0,2
Best fitness found so far: -26.0; distance: 10.295630140987
Generation: 20; 
d: 12.083045973594572; energy: -22.0; 0,0,0,2,0,0,0,0,1,2,1,0,0,0,1,0,1,0,2,1,0,2,0,0,2,0,0,1,1,2,1,0,1,0,2,2,2,2,2,0,2,0,0,1,0,0,0,0,0,0,0,2,2,1,1,0,1,2,2,2,2,1
Best fitness found so far: -26.0; distance: 10.295630140987
Generation: 21; 
d: 11.661903789690601; energy: -24.0; 2,2,0,0,2,1,2,2,2,2,1,1,0,2,2,0,2,2,0,2,2,0,1,2,1,0,0,0,1,1,2,2,1,1,1,1,1,2,2,2,1,2,1,2,2,2,2,2,0,1,2,1,1,2,1,2,2,0,2,2,0,2
Best fitness found so far: -26.0; distance: 10.295630140987
Generation: 22; 
d: 13.416407864998739; energy: -26.0; 0,0,0,0,1,1,2,2,0,0,2,0,0,1,0,0,0,0,2,0,0,1,0,0,2,0,0,1,2,2,2,2,0,0,2,2,2,2,1,0,0,2,2,1,2,1,1,0,2,2,1,2,1,1,0,1,0,2,1,0,2,0
Best fitness found so far: -26.0; distance: 10.295630140987
Generation: 23; 
d: 13.416407864998739; energy: -26.0; 0,0,0,0,1,1,2,2,0,0,2,0,0,1,0,0,0,0,2,0,0,1,0,0,2,0,0,1,2,2,2,2,0,0,2,2,2,2,1,0,0,2,2,1,2,1,1,0,2,2,1,2,1,1,0,1,0,2,1,0,2,0
Best fitness found so far: -26.0; distance: 10.295630140987
Generation: 24; 
d: 10.295630140987; energy: -26.0; 2,2,2,2,0,1,0,0,1,0,2,2,0,1,0,1,2,0,1,0,0,0,0,2,2,1,1,0,0,1,2,2,0,2,0,0,1,1,2,0,1,0,0,1,1,0,1,2,2,0,1,1,1,1,0,0,1,2,0,1,2,0
Best fitness found so far: -26.0; distance: 10.295630140987
Generation: 25; 
d: 10.295630140987; energy: -26.0; 2,2,2,2,0,1,0,0,1,0,2,2,0,1,0,1,2,0,1,0,0,0,0,2,2,1,1,0,0,1,2,2,0,2,0,0,1,1,2,0,1,0,0,1,1,0,1,2,2,0,1,1,1,1,0,0,1,2,0,1,2,0
Best fitness found so far: -26.0; distance: 10.295630140987
Generation: 26; 
d: 18.35755975068582; energy: -23.0; 1,1,0,0,1,2,0,0,1,1,2,2,2,2,1,1,2,2,1,2,1,2,0,2,2,1,0,1,2,1,1,0,1,0,2,2,2,2,1,0,0,2,2,1,2,1,1,0,2,2,1,2,1,2,1,1,0,0,2,2,2,1
Best fitness found so far: -26.0; distance: 10.295630140987
Generation: 27; 
d: 18.35755975068582; energy: -23.0; 1,1,0,0,1,2,0,0,1,1,2,2,2,2,1,1,2,2,1,2,1,2,0,2,2,1,0,1,2,1,1,0,1,0,2,2,2,2,1,0,0,2,2,1,2,1,1,0,2,2,1,2,1,2,1,1,0,0,2,2,2,1
Best fitness found so far: -26.0; distance: 10.295630140987
Generation: 28; 
d: 10.295630140987; energy: -25.0; 2,2,2,2,0,1,0,0,1,0,2,2,0,1,0,1,2,0,1,0,0,0,0,2,2,1,1,0,0,1,2,2,0,2,0,0,1,1,2,0,1,0,0,1,1,0,1,2,2,1,1,0,2,1,0,1,1,0,0,2,1,1
Best fitness found so far: -26.0; distance: 10.295630140987
Generation: 29; 
d: 10.295630140987; energy: -25.0; 2,2,2,2,0,1,0,0,1,0,2,2,0,1,0,1,2,0,1,0,0,0,0,2,2,1,1,0,0,1,2,2,0,2,0,0,1,1,2,0,1,0,0,1,1,0,1,2,2,1,1,0,2,1,0,1,1,0,0,2,1,1
Best fitness found so far: -26.0; distance: 10.295630140987
Generation: 30; 
d: 10.295630140987; energy: -25.0; 2,2,2,2,0,1,0,0,1,0,2,2,0,1,0,1,2,0,1,0,0,0,0,2,2,1,1,0,0,1,2,2,0,2,0,0,1,1,2,0,1,0,0,1,1,0,1,2,2,1,1,0,2,1,0,1,1,0,0,2,1,1
Best fitness found so far: -26.0; distance: 10.295630140987
Generation: 31; 
d: 10.295630140987; energy: -25.0; 2,2,2,2,0,1,0,0,1,0,2,2,0,1,0,1,2,0,1,0,0,0,0,2,2,1,1,0,0,1,2,2,0,2,0,0,1,1,2,0,1,0,0,1,1,0,1,2,2,1,1,0,2,1,0,1,1,0,0,2,1,1
Best fitness found so far: -26.0; distance: 10.295630140987
Generation: 32; 
d: 13.416407864998739; energy: -26.0; 2,2,0,0,1,1,2,2,0,0,2,0,0,1,0,0,0,0,2,0,0,1,0,0,2,0,0,1,2,2,2,2,0,0,2,2,2,2,1,0,0,2,2,1,2,1,1,0,2,2,1,2,1,1,0,1,0,2,1,0,0,0
Best fitness found so far: -26.0; distance: 10.295630140987
Generation: 33; 
d: 13.416407864998739; energy: -26.0; 2,2,0,0,1,1,2,2,0,0,2,0,0,1,0,0,0,0,2,0,0,1,0,0,2,0,0,1,2,2,2,2,0,0,2,2,2,2,1,0,0,2,2,1,2,1,1,0,2,2,1,2,1,1,0,1,0,2,1,0,0,0
Best fitness found so far: -26.0; distance: 10.295630140987
Generation: 34; 
d: 10.295630140987; energy: -25.0; 2,2,2,2,0,1,0,0,1,0,2,2,0,1,0,1,2,0,1,0,0,0,0,2,2,1,1,0,0,1,2,2,0,2,0,0,1,1,2,0,1,0,0,1,1,0,1,2,2,1,1,0,2,1,0,1,1,0,0,2,1,1
Best fitness found so far: -26.0; distance: 10.295630140987
Generation: 35; 
d: 14.7648230602334; energy: -23.0; 2,2,2,0,1,0,0,0,1,1,0,0,0,1,0,0,0,0,2,0,1,1,0,0,1,0,0,1,1,1,0,1,0,2,2,1,0,2,2,2,2,0,0,2,1,2,0,0,0,1,0,0,2,0,1,2,1,2,2,2,1,2
Best fitness found so far: -26.0; distance: 10.295630140987
Generation: 36; 
d: 10.295630140987; energy: -25.0; 2,2,2,2,0,1,0,0,1,0,2,2,0,1,0,1,2,0,1,0,0,0,0,2,2,1,1,0,0,1,2,2,0,2,0,0,1,1,2,0,1,0,0,1,1,0,1,2,2,1,1,0,2,1,0,1,1,0,0,1,1,1
Best fitness found so far: -26.0; distance: 10.295630140987
Generation: 37; 
d: 10.295630140987; energy: -25.0; 2,2,2,2,0,1,0,0,1,0,2,2,0,1,0,1,2,0,1,0,0,0,0,2,2,1,1,0,0,1,2,2,0,2,0,0,1,1,2,0,1,0,0,1,1,0,1,2,2,1,1,0,2,1,0,1,1,0,0,1,1,1
Best fitness found so far: -26.0; distance: 10.295630140987
Generation: 38; 
d: 10.295630140987; energy: -23.0; 2,2,2,2,0,1,0,0,1,0,2,2,0,1,0,1,2,0,1,0,0,0,0,2,2,1,1,0,0,1,2,2,0,2,0,0,1,1,2,0,1,0,0,1,1,0,1,2,2,0,1,0,0,1,0,2,2,0,1,1,0,2
Best fitness found so far: -26.0; distance: 10.295630140987
Generation: 39; 
d: 11.661903789690601; energy: -24.0; 1,1,0,2,1,2,1,0,0,2,1,0,1,1,0,0,1,2,1,2,1,1,2,1,0,0,1,0,0,2,2,0,2,1,2,2,2,0,1,0,0,0,0,0,2,1,2,0,0,1,1,0,2,1,2,0,0,1,0,1,1,1
Best fitness found so far: -26.0; distance: 10.295630140987
Generation: 40; 
d: 10.295630140987; energy: -26.0; 2,2,2,2,0,1,0,0,1,0,2,2,0,1,0,1,2,0,1,0,0,0,0,2,2,1,1,0,0,1,2,2,0,2,0,0,1,1,2,0,1,0,0,1,1,0,1,2,2,0,1,1,1,1,0,1,1,0,0,2,1,1
Best fitness found so far: -26.0; distance: 10.295630140987
Generation: 41; 
d: 10.295630140987; energy: -26.0; 2,2,2,2,0,1,0,0,1,0,2,2,0,1,0,1,2,0,1,0,0,0,0,2,2,1,1,0,0,1,2,2,0,2,0,0,1,1,2,0,1,0,0,1,1,0,1,2,2,0,1,1,1,1,0,1,1,0,0,2,1,1
Best fitness found so far: -26.0; distance: 10.295630140987
Generation: 42; 
d: 10.295630140987; energy: -25.0; 2,2,2,2,0,1,0,0,1,0,2,2,0,1,0,1,2,0,1,0,0,0,0,2,2,1,1,0,0,1,2,2,0,2,0,0,1,1,2,0,1,0,0,1,1,0,1,2,2,0,1,1,1,1,0,0,1,2,0,0,1,1
Best fitness found so far: -26.0; distance: 10.295630140987
Generation: 43; 
d: 10.295630140987; energy: -26.0; 2,2,2,2,0,1,0,0,1,0,2,2,0,1,0,1,2,0,1,0,0,0,0,2,2,1,1,0,0,1,2,2,0,2,0,0,1,1,2,0,1,0,0,1,1,0,1,2,2,0,1,1,1,1,0,1,1,0,0,2,1,2
Best fitness found so far: -26.0; distance: 10.295630140987
Generation: 44; 
d: 10.295630140987; energy: -26.0; 2,2,2,2,0,1,0,0,1,0,2,2,0,1,0,1,2,0,1,0,0,0,0,2,2,1,1,0,0,1,2,2,0,2,0,0,1,1,2,0,1,0,0,1,1,0,1,2,2,0,1,1,1,1,0,1,1,0,0,2,1,2
Best fitness found so far: -26.0; distance: 10.295630140987
Generation: 45; 
d: 11.313708498984761; energy: -25.0; 2,1,2,2,0,0,0,0,1,0,0,1,2,1,2,2,2,2,2,2,0,1,1,2,2,2,2,2,1,0,2,1,0,0,2,2,2,2,1,0,0,2,2,1,2,1,1,0,2,2,0,2,2,1,2,0,0,1,0,1,2,2
Best fitness found so far: -26.0; distance: 10.295630140987
Generation: 46; 
d: 11.704699910719626; energy: -26.0; 2,2,2,2,0,1,0,0,1,0,2,2,0,1,0,1,2,0,1,0,0,0,0,2,2,1,1,0,0,1,2,2,0,2,0,0,1,1,2,0,1,0,0,1,1,0,1,1,1,0,0,0,2,0,2,2,0,1,2,2,1,1
Best fitness found so far: -26.0; distance: 10.295630140987
