Algorithm configured with: 
Pop: 3000
Aux Pop: 2000
CrP: 1.0
MtP: 1.0
List of crossover: 
SinglePointCrossover
IntegerTwoPointsCrossover
MultiPointsCrossover
List of mutations: 
BitFlipMutation
LoopMoveOperator
LocalMoveOperator
SegmentMutation
OppositeMoveOperator
Execution: 1
Generation: 0; 
d: 18.439088914585774; energy: -14.0; 2,2,0,0,2,1,0,2,2,1,0,1,0,0,2,1,2,2,0,2,1,1,2,1,1,0,2,1,1,0,2,1,0,0,1,2,0,1,2,0,0,1,1,2,1,0,2,2,0,0,2,1,1,2,2,0,0,1,0,2,0,1,2,2,1,0,0,2,0,1,2,2,1,1,2,0,1,2,0,2,1,1,1
Best fitness found so far: -14.0; distance: 18.439088914585774
Generation: 1; 
d: 16.492422502470642; energy: -31.0; 2,1,1,1,2,1,1,1,1,1,0,0,2,0,2,2,1,2,1,2,2,2,2,2,2,2,1,2,2,1,0,0,1,2,2,0,2,0,1,0,1,1,0,2,1,0,0,0,2,2,0,0,0,1,1,2,2,1,2,2,1,0,0,0,1,0,1,1,0,2,0,1,1,2,2,2,1,0,1,2,1,0,0
Best fitness found so far: -31.0; distance: 16.492422502470642
Generation: 2; 
d: 15.620499351813308; energy: -27.0; 1,0,2,1,1,2,2,1,0,1,2,0,1,2,0,0,0,1,2,1,2,0,0,1,0,0,1,0,0,1,2,0,1,2,0,2,1,2,2,2,1,1,2,0,1,1,2,1,0,2,2,2,1,2,2,1,2,0,0,2,1,2,2,0,2,1,2,1,0,1,1,1,0,2,1,0,1,1,1,0,2,2,2
Best fitness found so far: -31.0; distance: 16.492422502470642
Generation: 3; 
d: 14.212670403551895; energy: -28.0; 1,1,0,2,2,0,1,1,0,1,2,1,2,0,1,2,0,0,1,1,0,0,2,1,1,0,0,2,0,1,2,2,1,1,1,2,1,1,0,0,0,1,1,0,1,2,2,1,1,2,2,0,2,1,0,0,2,2,0,0,1,1,0,0,2,0,0,1,2,2,2,1,0,0,0,0,0,2,2,2,1,0,0
Best fitness found so far: -31.0; distance: 16.492422502470642
Generation: 4; 
d: 14.560219778561036; energy: -29.0; 2,1,1,1,2,1,1,1,1,1,0,0,2,0,2,2,1,2,1,2,2,2,2,2,2,2,1,2,2,1,0,0,1,2,2,0,2,0,1,0,1,1,0,2,1,1,0,0,1,2,1,1,2,1,1,2,2,1,2,2,1,0,0,0,1,0,1,1,0,2,0,1,1,2,2,2,1,0,1,2,1,0,0
Best fitness found so far: -31.0; distance: 16.492422502470642
Generation: 5; 
d: 16.97056274847714; energy: -30.0; 1,1,2,1,0,0,1,2,2,2,1,0,0,2,0,2,1,1,2,2,0,0,0,0,0,1,1,0,0,2,1,1,0,0,0,0,2,2,1,1,1,2,2,1,1,2,2,0,0,0,2,0,0,1,1,0,2,2,1,1,0,0,0,1,1,2,1,0,2,0,2,1,0,1,0,2,2,0,0,0,2,2,2
Best fitness found so far: -31.0; distance: 16.492422502470642
