Algorithm configured with: 
Pop: 1000
Aux Pop: 200
CrP: 1.0
MtP: 1.0
List of crossover: 
SinglePointCrossover
IntegerTwoPointsCrossover
MultiPointsCrossover
List of mutations: 
BitFlipMutation
LoopMoveOperator
LocalMoveOperator
SegmentMutation
OppositeMoveOperator
Execution: 1
Generation: 0; 
d: 24.08318915758459; energy: -11.0; 0,2,0,0,2,1,2,2,0,0,1,0,1,2,1,2,1,0,2,1,2,0,1,2,2,1,1,0,0,2,2,0,0,1,0,2,0,2,1,1,0,0,2,1,2,0,1,0,2,0,2,1,2,2,0,2,0,2,1,1,0,2,0,2,0,1,0,2,0,1,1,1,2,1,2,1,0,1,0,0,2,1,0,2,1,0,1,2,0,1,2,1,1,2,2,0,0
Best fitness found so far: -11.0; distance: 24.08318915758459
Generation: 1; 
d: 14.142135623730951; energy: -23.0; 2,2,0,2,1,0,0,1,1,0,2,1,2,2,0,2,0,2,2,0,0,1,2,1,2,2,0,0,1,0,2,2,0,0,1,1,0,0,2,2,0,2,2,1,0,0,2,0,2,2,0,0,1,1,0,1,0,2,1,2,2,0,2,1,0,2,0,0,1,1,1,0,1,2,1,2,2,0,1,0,1,1,2,2,1,1,0,0,1,1,1,0,2,2,1,2,1
Best fitness found so far: -23.0; distance: 14.142135623730951
Generation: 2; 
d: 19.235384061671343; energy: -22.0; 1,1,1,0,1,1,2,0,0,0,0,2,2,1,2,1,0,2,2,2,0,2,0,1,1,2,2,2,0,1,2,0,1,1,0,1,1,0,0,0,2,1,2,1,1,0,2,1,2,2,2,2,2,2,1,1,2,2,0,2,2,0,2,2,1,2,2,1,2,0,2,0,2,2,1,1,1,0,0,1,0,1,2,2,1,0,1,1,1,2,2,0,2,0,2,0,2
Best fitness found so far: -23.0; distance: 14.142135623730951
Generation: 3; 
d: 22.825424421026653; energy: -21.0; 0,2,1,2,1,1,1,0,2,1,1,2,0,2,0,1,1,1,2,2,1,0,1,1,0,0,2,1,1,2,1,2,2,0,2,2,2,0,2,1,1,1,1,1,0,0,0,1,1,2,0,0,1,2,1,0,0,0,0,2,2,2,1,2,2,0,0,2,1,2,0,1,2,2,1,2,0,2,2,0,1,1,2,0,1,0,2,0,1,1,0,2,0,0,2,2,0
Best fitness found so far: -23.0; distance: 14.142135623730951
Generation: 4; 
d: 28.442925306655784; energy: -23.0; 1,1,1,0,1,2,1,2,0,0,1,0,1,1,0,0,1,1,0,1,1,1,2,2,1,2,0,0,2,0,0,2,1,2,0,0,0,0,1,0,2,2,1,2,2,2,0,2,0,0,0,2,1,1,1,0,2,2,0,0,2,0,0,1,1,1,2,1,0,2,2,1,2,1,0,0,2,2,0,0,2,0,2,2,1,2,0,1,0,0,2,0,2,2,0,1,2
Best fitness found so far: -23.0; distance: 14.142135623730951
Generation: 5; 
d: 18.973665961010276; energy: -26.0; 1,0,2,1,1,2,1,1,2,2,2,0,2,1,0,1,2,0,0,2,2,0,2,2,1,1,2,0,2,1,0,2,1,0,2,0,0,1,1,2,2,2,0,0,2,0,0,2,2,1,2,1,0,1,2,0,0,0,2,0,2,0,0,2,0,2,2,2,1,0,0,1,0,0,1,0,0,1,2,0,0,2,1,0,0,0,0,0,2,2,2,0,2,0,0,1,2
Best fitness found so far: -26.0; distance: 18.973665961010276
Generation: 6; 
d: 18.973665961010276; energy: -26.0; 0,0,2,1,1,2,1,1,2,2,2,0,2,1,0,1,2,0,0,2,2,0,2,2,1,1,2,0,2,1,0,2,1,0,2,0,0,1,1,2,2,2,0,0,2,0,0,2,2,1,2,1,0,1,2,0,0,0,2,0,2,0,0,2,0,2,2,2,1,0,0,1,0,0,1,0,0,1,2,0,0,2,1,0,0,0,0,0,2,2,2,0,2,0,0,1,2
Best fitness found so far: -26.0; distance: 18.973665961010276
Generation: 7; 
d: 18.973665961010276; energy: -26.0; 0,0,2,1,1,2,1,1,2,2,2,0,2,1,0,1,2,0,0,2,2,0,2,2,1,1,2,0,2,1,0,2,1,0,2,0,0,1,1,2,2,2,0,0,2,0,0,2,2,1,2,1,0,1,2,0,0,0,2,0,2,0,0,2,0,2,2,2,1,0,0,1,0,0,1,0,0,1,2,0,0,2,1,0,0,0,0,0,2,2,2,0,2,0,0,1,2
Best fitness found so far: -26.0; distance: 18.973665961010276
Generation: 8; 
d: 18.601075237738275; energy: -24.0; 1,1,1,0,1,2,1,2,0,0,1,0,1,1,0,0,1,1,0,1,1,1,2,2,1,2,1,1,1,0,1,1,0,1,0,0,2,0,2,1,2,1,0,2,2,0,0,2,0,0,0,2,1,1,1,0,2,2,0,0,2,0,0,1,1,1,2,1,0,2,2,1,2,1,0,0,2,2,0,0,2,0,2,2,1,2,0,1,0,0,2,0,2,2,0,1,2
Best fitness found so far: -26.0; distance: 18.973665961010276
Generation: 9; 
d: 18.384776310850235; energy: -26.0; 0,0,2,1,1,2,1,1,0,0,1,2,1,1,0,1,2,0,0,2,2,0,2,2,1,1,2,0,2,1,0,2,1,0,2,0,0,1,1,2,2,2,0,0,2,0,0,2,2,1,2,1,0,1,2,0,0,0,2,0,2,0,0,2,0,2,2,2,1,0,0,1,0,0,1,0,0,1,2,0,0,2,1,0,0,0,0,0,2,2,2,0,2,0,0,1,2
Best fitness found so far: -26.0; distance: 18.973665961010276
Generation: 10; 
d: 20.615528128088304; energy: -27.0; 0,2,0,1,2,1,1,2,1,2,0,1,1,0,0,0,2,1,2,2,1,0,2,0,0,0,2,1,2,2,0,1,2,1,1,1,0,0,1,2,2,2,0,0,2,0,0,2,2,1,2,1,0,1,2,0,0,0,2,0,2,0,0,2,0,2,2,2,1,0,0,1,0,0,1,0,0,1,2,0,0,2,1,0,0,0,2,2,2,2,2,1,1,1,0,0,1
Best fitness found so far: -27.0; distance: 20.615528128088304
Generation: 11; 
d: 18.973665961010276; energy: -26.0; 0,2,0,2,1,2,1,1,2,2,2,0,2,1,0,1,2,0,0,2,2,0,2,2,1,1,2,0,2,1,0,2,1,0,2,0,0,1,1,2,2,2,0,0,2,0,0,2,2,1,2,1,0,1,2,0,0,0,2,0,2,0,0,2,0,2,2,2,1,0,0,1,0,0,1,0,0,1,2,0,0,2,1,0,0,0,0,0,2,2,2,0,2,0,0,1,2
Best fitness found so far: -27.0; distance: 20.615528128088304
Generation: 12; 
d: 18.973665961010276; energy: -26.0; 1,2,2,1,1,2,1,1,2,2,2,0,2,1,0,1,2,0,0,2,2,0,2,2,1,1,2,0,2,1,0,2,1,0,2,0,0,1,1,2,2,2,0,0,2,0,0,2,2,1,2,1,0,1,2,0,0,0,2,0,2,0,0,2,0,2,2,2,1,0,0,1,0,0,1,0,0,1,2,0,0,2,1,0,0,0,0,0,2,2,2,0,2,0,0,1,2
Best fitness found so far: -27.0; distance: 20.615528128088304
Generation: 13; 
d: 17.88854381999832; energy: -27.0; 2,0,0,1,0,0,0,1,1,1,1,1,1,1,0,2,1,2,2,2,1,0,0,2,1,1,1,2,1,1,1,1,2,2,1,0,2,2,1,0,2,1,0,1,1,2,1,2,0,1,2,2,1,0,1,1,2,2,0,2,1,0,2,2,0,0,1,0,0,2,2,2,0,1,0,0,1,0,1,0,0,2,2,0,2,2,0,1,2,1,2,2,1,0,1,0,0
Best fitness found so far: -27.0; distance: 20.615528128088304
Generation: 14; 
d: 14.7648230602334; energy: -28.0; 0,0,1,0,2,2,1,1,1,1,2,1,2,2,0,1,0,0,2,0,1,2,1,2,2,0,0,2,0,0,1,1,1,0,1,2,2,1,1,0,2,2,1,2,0,1,1,1,2,1,2,1,0,1,2,0,0,0,2,0,2,0,0,2,0,2,2,2,1,0,0,1,0,0,1,0,0,1,2,0,0,2,1,0,0,0,0,0,2,2,2,0,2,0,0,1,2
Best fitness found so far: -28.0; distance: 14.7648230602334
Generation: 15; 
d: 20.248456731316587; energy: -31.0; 0,1,0,1,2,2,2,0,2,1,0,1,2,2,0,2,0,2,2,0,0,1,2,1,2,2,0,0,1,0,2,2,0,0,1,1,0,0,2,2,0,2,1,1,2,1,2,2,0,0,1,1,2,1,1,2,0,2,2,0,2,0,0,2,0,2,2,2,1,0,0,1,0,0,1,0,0,1,2,0,0,2,1,0,0,0,0,0,2,2,2,0,2,2,0,1,1
Best fitness found so far: -31.0; distance: 20.248456731316587
Generation: 16; 
d: 17.46424919657298; energy: -32.0; 0,1,0,1,2,2,2,0,2,1,0,1,2,2,0,2,0,2,2,0,0,1,2,1,2,2,0,0,1,0,2,2,0,0,1,1,0,0,1,2,2,2,0,0,2,0,0,2,2,1,2,1,0,1,2,0,0,0,2,0,2,0,0,2,0,2,2,2,1,0,0,1,0,0,1,0,0,1,2,0,0,2,1,0,0,0,2,2,2,0,2,2,1,1,0,0,1
Best fitness found so far: -32.0; distance: 17.46424919657298
Generation: 17; 
d: 18.439088914585774; energy: -31.0; 1,2,1,2,0,1,2,2,1,1,0,1,2,2,0,2,0,2,2,0,0,1,2,1,2,2,0,0,1,0,2,2,0,0,1,1,0,0,2,2,0,2,1,1,2,1,2,2,0,0,1,1,2,1,1,2,0,2,2,0,2,0,0,2,0,2,2,2,1,0,0,1,0,0,1,0,0,1,2,0,0,2,1,0,0,0,0,0,2,2,2,0,2,2,0,1,1
Best fitness found so far: -32.0; distance: 17.46424919657298
