Algorithm configured with: 
Pop: 1000
CrP: 1.0
MtP: 1.0
List of crossover: 
SinglePointCrossover
IntegerTwoPointsCrossover
MultiPointsCrossover
List of mutations: 
BitFlipMutation
LoopMoveOperator
LocalMoveOperator
SegmentMutation
OppositeMoveOperator
Execution: 1
Generation: 0; 
d: 16.401219466856727; energy: -7.0; 0,2,0,1,0,2,2,1,2,1,0,2,1,0,0,2,0,2,0,1,1,0,1,1,1,1,2,2,0,1,1,1,2,0,2,2,1,1,0,0,1,2,0,1,2,2,1,2,1,1,0,0,2,1,0,1,0,2
Best fitness found so far: -7.0; distance: 16.401219466856727
Generation: 1; 
d: 13.152946437965905; energy: -22.0; 2,2,1,2,2,2,0,0,0,0,2,1,2,1,1,2,0,1,1,2,2,1,1,2,0,1,2,1,1,0,0,1,0,2,1,2,2,0,2,1,0,0,1,2,0,0,1,0,2,1,0,1,2,2,1,0,0,0
Best fitness found so far: -22.0; distance: 13.152946437965905
Generation: 2; 
d: 13.45362404707371; energy: -20.0; 0,0,1,1,2,1,2,2,0,1,2,0,2,1,0,0,2,0,0,1,2,0,1,2,2,0,1,1,0,0,1,0,0,1,0,1,2,1,2,2,1,0,1,1,2,0,2,2,0,1,1,2,2,1,0,1,1,2
Best fitness found so far: -22.0; distance: 13.152946437965905
Generation: 3; 
d: 13.45362404707371; energy: -20.0; 0,0,1,1,2,1,2,2,0,1,2,0,2,1,0,0,2,0,0,1,2,0,1,2,2,0,1,1,0,0,1,0,0,1,0,1,2,1,2,2,1,0,1,1,2,0,2,2,0,1,1,2,2,1,0,1,1,2
Best fitness found so far: -22.0; distance: 13.152946437965905
Generation: 4; 
d: 9.899494936611665; energy: -20.0; 2,1,2,2,1,2,0,0,1,0,2,2,1,2,1,1,2,2,2,1,2,2,1,1,0,0,1,1,2,0,0,0,0,1,0,0,2,1,1,0,0,0,2,1,1,0,0,1,0,2,0,0,0,0,2,0,1,0
Best fitness found so far: -22.0; distance: 13.152946437965905
Generation: 5; 
d: 9.899494936611665; energy: -20.0; 2,1,2,2,1,2,0,0,1,0,2,2,1,2,1,1,2,2,2,1,2,2,1,1,0,0,1,1,2,0,0,0,0,1,0,0,2,1,1,0,0,0,2,1,1,0,0,1,0,2,0,0,0,0,2,0,1,0
Best fitness found so far: -22.0; distance: 13.152946437965905
Generation: 6; 
d: 11.704699910719626; energy: -20.0; 2,0,2,2,2,2,0,0,0,1,2,0,2,2,1,2,2,1,1,0,1,2,1,2,2,0,0,2,0,0,0,2,0,0,2,0,2,0,2,2,0,0,1,0,1,1,2,0,0,1,0,2,0,0,0,2,2,2
Best fitness found so far: -22.0; distance: 13.152946437965905
Generation: 7; 
d: 13.416407864998739; energy: -24.0; 2,2,1,1,0,0,0,1,1,2,2,1,2,1,1,2,0,1,1,2,2,1,1,2,0,1,2,1,1,0,0,1,0,2,1,2,2,0,2,1,0,0,1,2,0,0,1,0,2,1,0,1,2,2,1,0,0,0
Best fitness found so far: -24.0; distance: 13.416407864998739
Generation: 8; 
d: 13.416407864998739; energy: -24.0; 2,2,1,1,0,0,0,1,1,2,2,1,2,1,1,2,0,1,1,2,2,1,1,2,0,1,2,1,1,0,0,1,0,2,1,2,2,0,2,1,0,0,1,2,0,0,1,0,2,1,0,1,2,2,1,0,0,0
Best fitness found so far: -24.0; distance: 13.416407864998739
Generation: 9; 
d: 15.033296378372908; energy: -24.0; 2,2,1,1,0,0,0,1,1,2,2,1,0,1,0,0,2,0,0,0,2,1,1,2,0,1,2,1,1,0,0,1,0,2,1,2,2,0,2,1,0,0,1,2,0,0,1,0,2,1,0,1,2,2,1,0,0,0
Best fitness found so far: -24.0; distance: 13.416407864998739
Generation: 10; 
d: 11.661903789690601; energy: -24.0; 2,2,1,2,0,1,0,0,2,0,1,1,2,2,0,2,0,1,1,2,2,1,1,2,0,1,2,1,1,0,0,1,0,2,1,2,2,0,2,1,0,0,1,2,0,0,1,0,2,1,0,1,2,2,1,0,0,0
Best fitness found so far: -24.0; distance: 13.416407864998739
Generation: 11; 
d: 11.661903789690601; energy: -24.0; 2,2,1,2,0,1,0,0,2,0,1,1,2,2,0,2,0,1,1,2,2,1,1,2,0,1,2,1,1,0,0,1,0,2,1,2,2,0,2,1,0,0,1,2,0,0,1,0,2,1,0,1,2,2,1,0,0,0
Best fitness found so far: -24.0; distance: 13.416407864998739
Generation: 12; 
d: 14.212670403551895; energy: -23.0; 1,1,2,1,2,2,1,1,2,0,0,0,2,1,1,0,0,2,1,2,2,1,0,2,0,1,0,0,2,1,0,1,0,0,1,0,0,0,0,0,2,2,1,0,2,0,0,1,1,1,0,1,0,2,0,1,2,0
Best fitness found so far: -24.0; distance: 13.416407864998739
Generation: 13; 
d: 14.212670403551895; energy: -23.0; 1,1,2,1,2,2,1,1,2,0,0,0,2,1,1,0,0,2,1,2,2,1,0,2,0,1,0,0,2,1,0,1,0,0,1,0,0,0,0,0,2,2,1,0,2,0,0,1,1,1,0,1,0,2,0,1,2,0
Best fitness found so far: -24.0; distance: 13.416407864998739
Generation: 14; 
d: 11.661903789690601; energy: -24.0; 2,2,1,2,0,1,0,0,2,0,1,1,2,2,0,2,0,1,1,2,2,1,1,2,0,1,2,1,1,0,0,1,0,0,1,2,2,0,2,1,0,0,1,2,0,0,1,0,2,1,0,1,2,2,1,0,0,0
Best fitness found so far: -24.0; distance: 13.416407864998739
Generation: 15; 
d: 11.704699910719626; energy: -24.0; 2,2,1,2,0,1,0,0,2,0,1,1,2,2,0,2,0,1,1,2,2,1,1,2,0,1,2,1,1,0,0,1,0,2,1,2,2,0,2,1,0,0,1,2,0,0,1,0,2,1,0,1,2,2,1,0,2,2
Best fitness found so far: -24.0; distance: 13.416407864998739
Generation: 16; 
d: 11.704699910719626; energy: -24.0; 2,2,1,2,0,1,0,0,2,0,1,1,2,2,0,2,0,1,1,2,2,1,1,2,0,1,2,1,1,0,0,1,0,2,1,2,2,0,2,1,0,0,1,2,0,0,1,0,2,1,0,1,2,2,1,0,2,2
Best fitness found so far: -24.0; distance: 13.416407864998739
Generation: 17; 
d: 13.0; energy: -23.0; 2,2,2,1,0,0,2,2,2,2,2,0,2,0,0,2,0,1,0,0,1,0,0,0,2,0,1,2,0,1,1,2,1,0,0,1,2,2,0,0,1,0,0,0,1,2,0,1,0,1,2,0,2,0,0,2,2,1
Best fitness found so far: -24.0; distance: 13.416407864998739
Generation: 18; 
d: 13.0; energy: -24.0; 0,2,2,0,0,1,2,0,1,1,0,1,2,0,0,0,0,0,2,1,0,2,2,0,2,0,0,2,1,2,2,0,1,2,1,0,0,0,1,1,1,2,1,1,2,1,2,2,0,0,2,1,0,0,1,1,1,2
Best fitness found so far: -24.0; distance: 13.416407864998739
Generation: 19; 
d: 13.0; energy: -24.0; 0,2,2,0,0,1,2,0,1,1,0,1,2,0,0,0,0,0,2,1,0,2,2,0,2,0,0,2,1,2,2,0,1,2,1,0,0,0,1,1,1,2,1,1,2,1,2,2,0,0,2,1,0,0,1,1,1,2
Best fitness found so far: -24.0; distance: 13.416407864998739
Generation: 20; 
d: 11.704699910719626; energy: -24.0; 1,1,1,2,0,2,0,2,2,2,0,0,1,1,0,1,2,0,0,2,2,2,1,1,2,0,0,0,0,0,0,0,0,0,0,2,2,0,2,2,1,0,0,1,2,1,1,2,2,1,0,1,0,0,2,0,0,2
Best fitness found so far: -24.0; distance: 13.416407864998739
Generation: 21; 
d: 11.704699910719626; energy: -24.0; 1,1,1,2,0,2,0,2,2,2,0,0,1,1,0,1,2,0,0,2,2,2,1,1,2,0,0,0,0,0,0,0,0,0,0,2,2,0,2,2,1,0,0,1,2,1,1,2,2,1,0,1,0,0,2,0,0,2
Best fitness found so far: -24.0; distance: 13.416407864998739
Generation: 22; 
d: 12.649110640673518; energy: -25.0; 0,0,1,2,0,1,0,0,2,0,1,1,2,2,0,2,0,1,1,2,2,1,1,2,0,1,2,1,1,0,0,1,0,2,1,2,2,0,2,1,0,0,1,0,1,1,1,1,1,0,0,1,2,2,1,0,2,2
Best fitness found so far: -25.0; distance: 12.649110640673518
Generation: 23; 
d: 12.649110640673518; energy: -25.0; 0,0,1,2,0,1,0,0,2,0,1,1,2,2,0,2,0,1,1,2,2,1,1,2,0,1,2,1,1,0,0,1,0,2,1,2,2,0,2,1,0,0,1,0,1,1,1,1,1,0,0,1,2,2,1,0,2,2
Best fitness found so far: -25.0; distance: 12.649110640673518
Generation: 24; 
d: 11.045361017187261; energy: -23.0; 0,1,1,2,0,0,2,0,2,1,0,1,1,2,0,0,2,1,0,0,2,2,1,2,0,0,0,2,0,0,0,0,0,0,2,0,0,2,2,1,0,1,0,0,0,1,0,1,1,2,2,1,2,2,0,1,2,1
Best fitness found so far: -25.0; distance: 12.649110640673518
Generation: 25; 
d: 12.083045973594572; energy: -24.0; 1,1,2,1,0,0,1,0,2,2,1,0,2,0,0,0,0,0,0,2,2,0,0,0,2,0,0,2,0,0,0,0,1,0,1,1,0,1,2,2,2,1,1,2,1,1,1,2,1,0,2,2,1,1,2,0,1,2
Best fitness found so far: -25.0; distance: 12.649110640673518
Generation: 26; 
d: 12.083045973594572; energy: -24.0; 1,1,2,1,0,0,1,0,2,2,1,0,2,0,0,0,0,0,0,2,2,0,0,0,2,0,0,2,0,0,0,0,1,0,1,1,0,1,2,2,2,1,1,2,1,1,1,2,1,0,2,2,1,1,2,0,1,2
Best fitness found so far: -25.0; distance: 12.649110640673518
Generation: 27; 
d: 12.206555615733702; energy: -24.0; 2,1,0,1,0,0,0,0,1,0,2,2,1,2,1,1,0,1,1,2,2,1,1,2,0,1,2,1,1,0,0,1,0,2,1,2,2,0,2,1,0,0,1,2,0,0,1,0,2,1,0,1,2,2,0,2,2,0
Best fitness found so far: -25.0; distance: 12.649110640673518
Generation: 28; 
d: 12.649110640673518; energy: -25.0; 0,0,1,2,0,1,0,0,2,0,1,1,2,2,0,2,0,1,1,2,2,1,1,2,0,1,2,1,1,0,0,1,0,2,1,2,2,0,2,1,0,0,1,0,1,1,1,1,1,0,0,1,2,2,1,0,1,2
Best fitness found so far: -25.0; distance: 12.649110640673518
Generation: 29; 
d: 12.649110640673518; energy: -25.0; 0,0,1,2,0,1,0,0,2,0,1,1,2,2,0,2,0,1,1,2,2,1,1,2,0,1,2,1,1,0,0,1,0,2,1,2,2,0,2,1,0,0,1,0,1,1,1,1,1,0,0,1,2,2,1,0,1,2
Best fitness found so far: -25.0; distance: 12.649110640673518
Generation: 30; 
d: 14.7648230602334; energy: -25.0; 2,1,2,2,1,0,0,0,1,2,2,1,2,1,1,2,0,1,1,2,2,1,1,2,0,1,2,1,1,0,0,1,0,2,1,2,2,0,2,1,0,0,1,2,0,0,1,0,1,1,0,1,0,0,1,1,0,2
Best fitness found so far: -25.0; distance: 12.649110640673518
Generation: 31; 
d: 14.7648230602334; energy: -25.0; 2,1,2,2,1,0,0,0,1,2,2,1,2,1,1,2,0,1,1,2,2,1,1,2,0,1,2,1,1,0,0,1,0,2,1,2,2,0,2,1,0,0,1,2,0,0,1,0,1,1,0,1,0,0,1,1,0,2
Best fitness found so far: -25.0; distance: 12.649110640673518
Generation: 32; 
d: 11.661903789690601; energy: -24.0; 0,1,2,1,0,0,0,0,2,2,1,0,2,0,0,0,0,0,0,2,2,0,0,1,0,1,2,0,0,1,1,2,1,0,1,0,0,0,0,1,1,2,0,0,1,0,0,1,0,1,2,0,2,2,1,0,0,2
Best fitness found so far: -25.0; distance: 12.649110640673518
Generation: 33; 
d: 11.180339887498949; energy: -24.0; 2,0,2,1,0,0,1,0,0,2,1,2,2,0,0,1,0,1,1,2,2,1,1,2,0,1,2,1,1,0,0,1,0,2,1,2,2,0,2,1,0,0,1,2,0,0,1,0,2,1,0,1,2,2,0,2,2,0
Best fitness found so far: -25.0; distance: 12.649110640673518
Generation: 34; 
d: 11.40175425099138; energy: -26.0; 0,2,2,0,0,1,2,0,1,1,0,1,2,0,0,0,0,0,2,1,0,2,2,0,2,2,0,2,0,0,1,1,0,1,2,2,0,1,0,0,2,2,0,0,2,2,0,0,1,0,0,1,0,0,0,0,0,2
Best fitness found so far: -26.0; distance: 11.40175425099138
Generation: 35; 
d: 11.40175425099138; energy: -26.0; 0,2,2,0,0,1,2,0,1,1,0,1,2,0,0,0,0,0,2,1,0,2,2,0,2,2,0,2,0,0,1,1,0,1,2,2,0,1,0,0,2,2,0,0,2,2,0,0,1,0,0,1,0,0,0,0,0,2
Best fitness found so far: -26.0; distance: 11.40175425099138
Generation: 36; 
d: 10.63014581273465; energy: -27.0; 1,1,2,1,0,0,1,0,2,2,1,0,2,0,0,0,0,0,0,2,2,0,0,0,2,0,0,2,0,0,0,0,1,0,1,2,2,0,0,1,2,2,1,2,1,1,1,2,1,0,2,2,1,2,1,0,1,0
Best fitness found so far: -27.0; distance: 10.63014581273465
Generation: 37; 
d: 10.63014581273465; energy: -27.0; 1,1,2,1,0,0,1,0,2,2,1,0,2,0,0,0,0,0,0,2,2,0,0,0,2,0,0,2,0,0,0,0,1,0,1,2,2,0,0,1,2,2,1,2,1,1,1,2,1,0,2,2,1,2,1,0,1,0
Best fitness found so far: -27.0; distance: 10.63014581273465
Generation: 38; 
d: 13.152946437965905; energy: -27.0; 1,1,1,2,0,2,0,0,2,2,1,0,2,0,0,0,0,0,0,2,2,0,1,1,2,0,0,0,0,0,1,2,1,0,0,2,2,0,2,2,1,2,0,0,1,0,0,1,0,1,2,0,2,2,1,0,2,0
Best fitness found so far: -27.0; distance: 10.63014581273465
Generation: 39; 
d: 13.152946437965905; energy: -27.0; 1,1,1,2,0,2,0,0,2,2,1,0,2,0,0,0,0,0,0,2,2,0,1,1,2,0,0,0,0,0,1,2,1,0,0,2,2,0,2,2,1,2,0,0,1,0,0,1,0,1,2,0,2,2,1,0,2,0
Best fitness found so far: -27.0; distance: 10.63014581273465
Generation: 40; 
d: 10.816653826391969; energy: -25.0; 0,2,2,0,0,1,2,0,1,1,0,1,2,0,0,0,0,0,2,1,0,2,2,0,2,2,0,2,0,0,1,1,0,1,2,2,0,1,0,0,2,2,0,0,2,2,0,0,1,0,0,1,0,0,0,2,0,0
Best fitness found so far: -27.0; distance: 10.63014581273465
Generation: 41; 
d: 11.661903789690601; energy: -25.0; 1,1,2,1,0,0,1,0,2,2,1,0,2,0,0,0,0,0,0,2,2,0,0,0,2,0,0,2,0,0,0,0,1,0,1,1,0,1,2,2,2,1,1,2,1,1,1,2,1,0,0,0,0,1,0,1,2,1
Best fitness found so far: -27.0; distance: 10.63014581273465
Generation: 42; 
d: 12.36931687685298; energy: -26.0; 0,2,0,2,2,1,2,1,1,0,0,0,2,0,0,1,0,1,2,0,0,1,2,0,0,2,2,1,1,0,0,1,0,2,1,2,2,0,2,1,0,0,1,2,0,0,1,0,2,1,2,0,0,1,1,0,2,0
Best fitness found so far: -27.0; distance: 10.63014581273465
Generation: 43; 
d: 12.36931687685298; energy: -26.0; 0,2,0,2,2,1,2,1,1,0,0,0,2,0,0,1,0,1,2,0,0,1,2,0,0,2,2,1,1,0,0,1,0,2,1,2,2,0,2,1,0,0,1,2,0,0,1,0,2,1,2,0,0,1,1,0,2,0
Best fitness found so far: -27.0; distance: 10.63014581273465
Generation: 44; 
d: 12.206555615733702; energy: -26.0; 0,2,2,1,0,1,1,0,2,2,1,0,2,0,0,0,0,0,0,2,2,0,0,0,2,0,0,2,0,0,0,0,1,0,1,2,2,0,0,1,1,2,2,0,0,1,2,2,1,1,2,0,2,0,0,1,0,0
Best fitness found so far: -27.0; distance: 10.63014581273465
Generation: 45; 
d: 12.206555615733702; energy: -26.0; 0,2,2,1,0,1,1,0,2,2,1,0,2,0,0,0,0,0,0,2,2,0,0,0,2,0,0,2,0,0,0,0,1,0,1,2,2,0,0,1,1,2,2,0,0,1,2,2,1,1,2,0,2,0,0,1,0,0
Best fitness found so far: -27.0; distance: 10.63014581273465
Generation: 46; 
d: 12.041594578792296; energy: -28.0; 2,2,1,2,0,1,0,0,2,0,1,1,2,2,0,2,2,0,0,2,2,1,1,2,0,2,2,1,0,2,0,1,1,2,0,0,1,0,0,0,1,2,2,2,0,0,1,1,0,0,0,2,2,0,0,0,0,0
Best fitness found so far: -28.0; distance: 12.041594578792296
Generation: 47; 
d: 12.041594578792296; energy: -28.0; 2,2,1,2,0,1,0,0,2,0,1,1,2,2,0,2,2,0,0,2,2,1,1,2,0,2,2,1,0,2,0,1,1,2,0,0,1,0,0,0,1,2,2,2,0,0,1,1,0,0,0,2,2,0,0,0,0,0
Best fitness found so far: -28.0; distance: 12.041594578792296
Generation: 48; 
d: 12.041594578792296; energy: -28.0; 2,2,1,2,0,1,0,0,2,0,1,1,2,2,0,2,2,0,0,2,2,1,1,2,0,2,2,1,0,2,0,1,1,2,0,0,1,0,0,0,1,2,2,2,0,0,1,1,0,0,0,2,2,0,0,0,0,2
Best fitness found so far: -28.0; distance: 12.041594578792296
Generation: 49; 
d: 12.041594578792296; energy: -28.0; 2,2,1,2,0,1,0,0,2,0,1,1,2,2,0,2,2,0,0,2,2,1,1,2,0,2,2,1,0,2,0,1,1,2,0,0,1,0,0,0,1,2,2,2,0,0,1,1,0,0,0,2,2,0,0,0,0,2
Best fitness found so far: -28.0; distance: 12.041594578792296
Generation: 50; 
d: 12.36931687685298; energy: -26.0; 1,1,2,1,0,2,0,0,2,2,1,0,2,0,0,0,0,0,0,2,2,0,1,1,2,0,0,0,0,0,1,2,1,0,0,2,2,0,2,2,1,2,0,0,1,0,0,1,0,1,2,0,2,2,1,0,2,0
Best fitness found so far: -28.0; distance: 12.041594578792296
Generation: 51; 
d: 12.36931687685298; energy: -26.0; 1,1,2,1,0,2,0,0,2,2,1,0,2,0,0,0,0,0,0,2,2,0,1,1,2,0,0,0,0,0,1,2,1,0,0,2,2,0,2,2,1,2,0,0,1,0,0,1,0,1,2,0,2,2,1,0,2,0
Best fitness found so far: -28.0; distance: 12.041594578792296
Generation: 52; 
d: 12.206555615733702; energy: -27.0; 2,2,1,1,0,0,0,0,2,1,1,1,1,1,2,2,0,2,2,1,0,2,2,2,2,2,2,2,0,0,0,1,0,2,1,2,2,0,2,1,0,0,1,2,0,0,1,0,2,0,0,1,1,2,2,2,0,0
Best fitness found so far: -28.0; distance: 12.041594578792296
Generation: 53; 
d: 10.770329614269007; energy: -27.0; 2,0,2,0,1,1,1,0,0,0,1,0,0,0,1,2,2,0,2,0,1,0,0,1,0,1,2,1,1,0,0,1,0,2,1,2,2,0,2,1,0,0,1,2,0,0,1,0,2,0,0,1,1,2,2,0,0,0
Best fitness found so far: -28.0; distance: 12.041594578792296
Generation: 54; 
d: 10.770329614269007; energy: -27.0; 2,0,2,0,1,1,1,0,0,0,1,0,0,0,1,2,2,0,2,0,1,0,0,1,0,1,2,1,1,0,0,1,0,2,1,2,2,0,2,1,0,0,1,2,0,0,1,0,2,0,0,1,1,2,2,0,0,0
Best fitness found so far: -28.0; distance: 12.041594578792296
Generation: 55; 
d: 10.770329614269007; energy: -27.0; 1,0,2,1,2,2,1,0,2,2,1,0,2,0,0,0,0,0,2,0,0,1,1,2,2,0,0,2,0,1,0,0,1,1,2,2,0,1,0,0,2,2,0,0,2,2,0,0,1,0,0,1,2,2,1,0,0,0
Best fitness found so far: -28.0; distance: 12.041594578792296
Generation: 56; 
d: 11.180339887498949; energy: -28.0; 2,0,1,2,2,2,0,2,2,1,2,1,2,0,0,1,0,1,1,2,2,1,2,0,1,0,1,1,1,0,0,1,1,2,0,0,1,0,0,0,1,0,0,2,2,0,2,2,1,2,0,1,2,2,1,0,0,0
Best fitness found so far: -28.0; distance: 12.041594578792296
