Algorithm configured with: 
Pop: 2500
Aux Pop: 200
CrP: 1.0
MtP: 1.0
List of crossover: 
SinglePointCrossover
IntegerTwoPointsCrossover
MultiPointsCrossover
List of mutations: 
BitFlipMutation
LoopMoveOperator
LocalMoveOperator
SegmentMutation
OppositeMoveOperator
Execution: 1
Generation: 0; 
d: 14.866068747318506; energy: -23.0; 1,1,2,2,1,1,0,1,1,0,1,0,0,2,2,1,1,0,2,2,0,0,2,2,0,2,1,1,2,2,1,0,0,2,2,0,0,1,1,1,2,2,1,0,1,1,1,2,1,1,0,1,1,1,0,0,2,1,0,2,1,1,1,1,0,0,1,1,1,2,1,1,2,2,1,0,0,2,2,0,0,1,1,0,2,1,0,2,1,1,2,2,1,0,0,2,1,2
Best fitness found so far: -23.0; distance: 14.866068747318506
Generation: 1; 
d: 26.30589287593181; energy: -26.0; 0,1,2,2,0,0,1,1,1,1,0,0,2,1,0,0,2,2,0,2,2,1,1,1,2,1,0,2,0,2,2,0,2,1,1,0,0,2,2,0,1,0,2,0,2,2,0,0,1,1,1,2,2,0,1,1,2,1,2,1,1,0,0,1,1,1,1,0,2,2,0,0,1,2,2,1,0,1,2,2,1,1,0,0,1,2,0,0,2,2,0,1,0,1,0,1,2,2
Best fitness found so far: -26.0; distance: 26.30589287593181
Generation: 2; 
d: 22.561028345356956; energy: -23.0; 1,2,1,0,1,2,0,0,2,0,2,2,1,2,0,1,1,1,0,1,1,0,1,2,2,0,2,0,2,2,0,0,0,2,2,2,2,2,1,1,0,0,2,0,1,2,2,2,0,1,1,1,0,1,0,0,1,1,1,1,2,2,1,0,1,1,0,0,0,2,1,1,1,1,2,2,0,0,2,2,1,2,1,0,0,1,2,0,2,0,2,2,0,2,2,0,2,0
Best fitness found so far: -26.0; distance: 26.30589287593181
Generation: 3; 
d: 20.0; energy: -24.0; 2,0,2,0,2,2,0,0,0,2,1,1,2,2,1,2,1,0,2,2,0,1,1,0,2,2,0,1,0,1,2,2,2,2,2,0,1,2,2,1,2,2,1,2,0,0,2,2,0,2,2,0,0,1,0,0,0,0,1,1,1,0,1,2,1,0,0,1,0,2,2,2,2,2,0,1,0,0,1,0,0,2,0,2,2,1,2,2,1,0,2,2,1,0,2,1,2,1
Best fitness found so far: -26.0; distance: 26.30589287593181
Generation: 4; 
d: 22.02271554554524; energy: -23.0; 1,0,2,2,2,0,2,0,0,1,2,0,0,2,0,2,2,1,2,0,1,0,1,2,1,2,2,1,0,0,0,2,1,0,1,1,2,0,0,0,2,2,1,2,1,2,1,0,0,2,2,1,2,2,0,0,1,1,0,0,2,1,0,2,1,1,2,2,1,0,0,2,0,0,1,0,1,2,2,2,0,0,1,1,0,1,1,1,1,0,1,0,0,2,2,0,2,2
Best fitness found so far: -26.0; distance: 26.30589287593181
Generation: 5; 
d: 21.02379604162864; energy: -25.0; 1,1,2,0,0,1,0,2,2,0,1,1,0,2,2,0,0,0,0,1,0,0,2,2,1,0,2,0,2,0,1,2,1,2,1,0,2,2,0,2,2,0,0,2,0,2,2,1,2,2,1,1,1,1,1,2,2,1,1,0,0,1,2,2,1,1,1,0,0,2,2,0,1,0,0,2,0,2,2,0,1,1,0,1,2,1,2,2,0,2,1,0,1,0,0,1,2,1
Best fitness found so far: -26.0; distance: 26.30589287593181
Generation: 6; 
d: 29.410882339705484; energy: -24.0; 1,1,1,1,0,0,0,0,1,0,2,2,1,0,1,1,0,1,2,2,2,0,0,0,0,1,0,0,2,1,0,1,2,0,2,1,0,1,1,2,1,2,2,1,1,2,0,1,0,0,1,2,2,0,0,1,2,1,1,2,2,0,0,0,1,1,0,0,1,0,2,1,1,1,2,2,1,0,0,0,1,0,0,2,2,2,2,1,1,2,0,0,0,0,1,0,2,1
Best fitness found so far: -26.0; distance: 26.30589287593181
Generation: 7; 
d: 27.65863337187866; energy: -25.0; 1,1,2,2,1,0,0,1,1,1,2,2,1,1,0,2,2,0,1,1,0,1,2,1,0,2,0,1,2,2,1,1,2,0,2,1,2,1,2,0,0,1,0,1,2,1,1,1,0,1,1,1,2,1,0,1,1,2,0,0,2,2,0,1,1,1,2,2,2,0,2,0,1,2,0,1,1,0,0,0,1,0,2,0,2,2,0,0,0,1,2,2,1,0,2,2,0,2
Best fitness found so far: -26.0; distance: 26.30589287593181
Generation: 8; 
d: 17.0; energy: -27.0; 1,0,2,2,2,0,2,0,0,1,2,0,0,2,0,2,2,1,2,0,1,0,1,0,2,1,1,0,1,0,1,2,2,2,2,2,0,0,1,2,1,2,2,2,2,1,2,2,2,2,2,2,1,2,2,2,2,0,2,2,0,1,2,0,0,2,0,0,2,0,0,0,0,1,2,2,0,1,2,1,0,0,0,1,0,1,2,1,2,0,0,2,0,1,0,0,0,0
Best fitness found so far: -27.0; distance: 17.0
