Algorithm configured with: 
Pop: 1000
Aux Pop: 200
CrP: 1.0
MtP: 1.0
List of crossover: 
SinglePointCrossover
IntegerTwoPointsCrossover
MultiPointsCrossover
List of mutations: 
BitFlipMutation
LoopMoveOperator
LocalMoveOperator
SegmentMutation
OppositeMoveOperator
Execution: 1
Generation: 0; 
d: 23.323807579381203; energy: -17.0; 0,1,0,2,2,1,2,1,0,0,1,2,0,2,2,1,2,0,0,2,0,0,1,1,2,1,2,1,1,2,0,2,0,0,2,0,1,1,2,2,1,1,1,1,0,1,0,0,2,2,1,0,2,1,1,2,0,0,2,0,2,2,0,2,1,1,1,1,1,1,0,2,1,0,0,2,2,1,1,1,2,2,0
Best fitness found so far: -17.0; distance: 23.323807579381203
Generation: 1; 
d: 17.72004514666935; energy: -25.0; 1,2,0,1,0,1,0,2,2,1,2,0,0,2,0,1,1,0,2,2,1,2,0,1,2,2,0,1,2,0,2,0,2,1,0,0,2,2,0,2,2,0,1,1,2,0,0,2,0,1,2,0,0,2,0,0,2,1,0,0,1,2,2,1,1,2,1,1,1,1,0,2,1,2,0,0,1,1,1,0,0,1,2
Best fitness found so far: -25.0; distance: 17.72004514666935
Generation: 2; 
d: 18.601075237738275; energy: -26.0; 1,0,0,2,1,0,2,0,1,2,2,1,1,0,0,1,2,1,1,2,0,2,2,1,2,0,1,2,0,0,1,0,1,2,2,1,1,1,1,0,1,1,0,0,1,2,1,2,0,0,2,1,0,2,2,1,1,2,2,0,0,2,1,0,0,2,1,1,1,0,1,0,2,2,2,0,1,0,0,2,0,2,1
Best fitness found so far: -26.0; distance: 18.601075237738275
Generation: 3; 
d: 21.93171219946131; energy: -28.0; 0,0,2,0,2,0,2,1,1,0,0,2,2,1,2,2,2,2,2,2,2,0,0,0,2,0,1,2,0,0,1,0,1,2,2,1,1,1,1,0,1,1,0,0,1,2,1,2,0,0,2,1,0,2,2,1,1,2,2,0,0,2,1,0,0,2,1,0,1,0,0,2,1,2,1,0,2,2,2,0,2,1,1
Best fitness found so far: -28.0; distance: 21.93171219946131
Generation: 4; 
d: 17.88854381999832; energy: -32.0; 2,1,2,1,1,1,1,0,2,2,0,1,2,2,0,2,2,2,0,2,2,1,1,2,1,2,0,2,2,0,1,2,2,2,0,2,1,0,0,0,1,1,2,0,1,1,0,0,1,2,0,2,2,1,1,1,1,2,1,2,2,2,0,0,2,1,1,1,1,0,0,1,1,0,1,1,2,1,2,2,0,0,2
Best fitness found so far: -32.0; distance: 17.88854381999832
Generation: 5; 
d: 17.029386365926403; energy: -33.0; 0,0,2,0,2,0,2,1,1,0,0,2,2,1,2,2,2,2,2,2,2,0,0,0,1,1,1,0,2,2,1,2,1,1,0,0,0,0,0,0,0,1,0,1,0,0,1,0,0,1,1,2,1,0,1,1,0,2,1,2,2,0,0,1,0,0,2,0,1,0,2,0,2,2,2,2,1,2,2,1,2,1,2
Best fitness found so far: -33.0; distance: 17.029386365926403
Generation: 6; 
d: 15.0; energy: -31.0; 2,2,1,0,1,0,0,0,2,1,1,0,2,2,1,2,2,0,1,1,0,0,0,1,0,0,0,2,0,2,2,2,0,2,0,2,2,2,0,2,0,2,1,0,0,1,2,2,2,0,2,0,1,0,0,1,0,1,0,2,1,0,0,1,2,0,2,0,2,0,0,2,2,2,0,0,1,2,2,0,2,1,2
Best fitness found so far: -33.0; distance: 17.029386365926403
Generation: 7; 
d: 14.866068747318506; energy: -30.0; 2,2,2,0,2,1,0,0,0,1,1,0,0,2,1,0,1,2,2,0,2,1,1,2,1,2,0,2,2,0,1,2,2,2,0,2,1,0,0,0,1,1,2,0,1,1,0,0,1,2,0,2,2,1,1,1,1,2,1,2,2,2,0,0,2,1,1,2,2,2,1,2,0,1,2,0,0,2,0,1,1,0,2
Best fitness found so far: -33.0; distance: 17.029386365926403
Generation: 8; 
d: 14.866068747318506; energy: -34.0; 1,1,2,1,0,1,0,1,2,1,0,0,1,1,1,0,1,2,2,1,2,0,2,0,0,0,0,0,0,1,2,2,2,0,2,2,1,0,0,0,0,2,1,0,0,1,2,2,2,0,2,0,1,0,0,1,0,1,0,2,1,2,0,0,1,2,1,1,0,0,2,1,1,0,1,0,0,2,1,1,1,1,1
Best fitness found so far: -34.0; distance: 14.866068747318506
Generation: 9; 
d: 17.08800749063506; energy: -32.0; 2,0,2,0,1,0,0,2,0,2,1,1,0,0,1,1,0,2,0,1,2,1,1,2,0,2,1,2,2,0,1,1,0,1,0,2,1,0,0,0,1,2,1,0,0,1,2,2,2,0,2,0,1,0,0,1,0,1,0,2,1,2,0,0,1,2,1,1,0,0,2,2,1,2,1,2,2,0,1,2,1,2,0
Best fitness found so far: -34.0; distance: 14.866068747318506
Generation: 10; 
d: 14.7648230602334; energy: -32.0; 0,0,1,0,1,0,1,1,1,0,0,2,1,0,1,0,1,1,2,0,1,1,0,1,0,0,2,2,2,1,2,0,2,2,0,0,1,2,0,0,1,0,1,2,2,0,0,2,2,1,0,2,0,0,0,1,0,2,0,2,2,2,2,2,2,2,0,1,1,1,0,1,0,1,1,1,1,0,2,0,0,1,2
Best fitness found so far: -34.0; distance: 14.866068747318506
Generation: 11; 
d: 13.341664064126334; energy: -31.0; 2,2,2,0,2,1,0,0,0,1,1,0,0,2,1,0,1,2,2,0,2,1,1,2,1,2,0,2,2,0,1,2,2,2,0,2,1,0,0,0,1,1,2,0,1,1,0,0,1,2,0,2,2,1,1,1,1,2,1,2,2,2,0,0,2,1,1,2,2,2,1,2,0,1,1,1,2,0,2,1,0,0,0
Best fitness found so far: -34.0; distance: 14.866068747318506
Generation: 12; 
d: 14.560219778561036; energy: -32.0; 2,2,1,0,1,0,0,0,2,1,0,2,0,0,0,2,2,1,2,1,0,0,0,1,0,0,0,2,0,2,2,2,0,2,0,2,2,2,0,2,0,2,1,0,0,1,2,2,2,0,2,0,1,0,0,1,0,1,0,2,1,0,0,1,2,0,2,0,2,0,0,2,2,2,0,0,1,0,2,1,2,2,1
Best fitness found so far: -34.0; distance: 14.866068747318506
Generation: 13; 
d: 11.704699910719626; energy: -33.0; 2,2,1,0,1,2,2,2,1,2,2,1,1,0,0,1,2,1,1,2,0,2,2,1,2,0,1,2,0,0,1,0,1,2,2,1,1,1,1,0,1,1,0,0,1,2,1,2,0,0,2,1,0,2,2,1,1,2,2,0,0,2,1,0,0,2,2,0,2,1,1,1,1,2,1,1,2,0,2,1,0,0,0
Best fitness found so far: -34.0; distance: 14.866068747318506
Generation: 14; 
d: 16.1245154965971; energy: -34.0; 0,0,2,0,2,0,2,1,1,0,0,2,2,1,2,2,2,2,2,2,2,0,0,0,1,1,1,0,2,2,1,2,1,1,0,0,0,0,0,0,0,1,0,1,0,0,1,0,0,1,1,2,1,2,2,1,0,2,1,2,2,0,0,1,0,0,2,0,1,0,2,0,2,2,2,2,1,2,2,1,2,1,2
Best fitness found so far: -34.0; distance: 14.866068747318506
Generation: 15; 
d: 16.1245154965971; energy: -32.0; 2,1,0,1,2,2,1,1,2,1,1,0,1,2,2,0,0,1,1,2,2,1,0,0,1,1,1,2,1,1,0,0,1,2,2,1,0,0,2,2,1,1,2,2,0,0,2,2,0,0,0,1,2,2,0,1,2,1,2,2,2,2,0,1,1,1,2,2,0,2,0,0,2,1,1,0,0,1,1,2,2,1,2
Best fitness found so far: -34.0; distance: 14.866068747318506
Generation: 16; 
d: 14.7648230602334; energy: -32.0; 2,1,0,1,2,2,1,1,2,1,1,0,1,2,2,0,1,2,2,1,2,0,2,0,0,0,0,0,0,1,2,2,2,0,2,2,1,0,0,0,0,2,1,0,0,1,2,2,2,0,2,0,1,0,0,1,0,1,0,2,1,2,0,0,1,2,1,1,0,1,2,2,2,1,2,2,2,0,1,1,0,1,0
Best fitness found so far: -34.0; distance: 14.866068747318506
Generation: 17; 
d: 12.36931687685298; energy: -34.0; 2,1,0,1,2,2,1,1,2,1,1,0,1,2,2,0,1,2,2,1,2,0,2,0,0,0,0,0,0,0,0,1,0,0,2,2,1,0,1,1,0,1,2,0,0,1,0,2,2,1,2,0,1,0,0,1,0,1,0,2,1,2,0,0,2,1,1,0,0,1,2,0,2,1,1,0,0,0,2,2,2,1,2
Best fitness found so far: -34.0; distance: 14.866068747318506
Generation: 18; 
d: 15.264337522473747; energy: -35.0; 0,0,2,1,1,0,0,2,2,0,0,0,1,1,2,2,0,1,0,0,2,0,1,1,0,0,0,1,0,0,1,0,1,2,2,1,1,1,1,0,1,1,0,0,1,2,1,2,0,0,2,1,0,2,2,1,1,2,2,0,0,2,1,0,0,1,2,2,2,0,0,0,1,1,2,0,0,0,2,1,2,1,0
Best fitness found so far: -35.0; distance: 15.264337522473747
Generation: 19; 
d: 13.45362404707371; energy: -37.0; 1,0,0,1,2,1,2,2,2,2,2,1,2,2,1,0,1,1,2,0,1,1,0,1,0,0,2,2,2,1,2,0,2,2,0,0,1,2,0,0,1,0,1,0,0,2,0,0,0,2,1,0,2,2,1,2,2,2,1,0,2,1,2,0,0,1,2,2,1,1,0,2,1,1,0,2,2,0,2,1,0,2,0
Best fitness found so far: -37.0; distance: 13.45362404707371
Generation: 20; 
d: 14.866068747318506; energy: -34.0; 2,2,1,0,1,0,0,0,0,0,1,2,2,2,2,0,2,0,1,1,0,0,0,1,0,0,0,2,0,2,2,2,0,2,0,2,2,2,0,2,0,2,1,0,0,1,2,2,2,0,2,0,1,0,0,1,0,1,0,2,1,0,0,1,2,0,2,0,2,0,0,2,2,2,0,0,1,1,1,0,0,0,2
Best fitness found so far: -37.0; distance: 13.45362404707371
Generation: 21; 
d: 13.92838827718412; energy: -35.0; 0,2,0,1,0,1,0,1,1,0,0,2,2,1,1,0,1,2,2,1,2,0,2,0,0,0,0,0,0,1,2,2,2,0,2,2,1,0,0,0,0,2,1,0,0,1,2,2,2,0,2,0,1,0,0,1,0,1,0,2,1,2,0,0,1,2,1,1,0,0,1,1,1,0,0,0,0,0,1,0,0,0,2
Best fitness found so far: -37.0; distance: 13.45362404707371
Generation: 22; 
d: 12.041594578792296; energy: -38.0; 2,1,0,1,2,2,1,1,2,1,1,0,1,2,1,0,1,2,2,1,2,0,2,0,0,0,0,0,0,1,2,2,2,0,2,2,1,0,0,0,0,2,1,0,0,1,2,2,2,0,2,0,1,0,0,1,0,1,0,2,1,2,0,0,0,2,1,1,1,0,1,0,2,2,2,1,0,0,1,0,2,1,0
Best fitness found so far: -38.0; distance: 12.041594578792296
Generation: 23; 
d: 13.601470508735444; energy: -37.0; 2,2,0,1,2,1,0,1,1,2,1,2,2,1,0,2,2,2,2,1,2,0,2,0,0,0,0,0,0,1,2,2,2,0,2,2,1,0,0,0,0,2,1,0,0,1,2,2,2,0,2,0,1,0,0,1,0,1,0,2,1,2,0,0,1,2,1,1,0,0,2,2,1,2,1,2,0,2,1,0,0,0,2
Best fitness found so far: -38.0; distance: 12.041594578792296
Generation: 24; 
d: 13.892443989449804; energy: -39.0; 0,2,2,1,1,1,2,1,1,2,2,1,2,0,2,2,0,2,2,1,2,0,2,0,0,0,0,0,2,1,2,2,2,0,2,2,1,0,0,0,0,2,1,0,0,1,2,2,2,0,2,0,1,0,0,1,0,1,0,2,1,2,0,0,1,2,1,1,0,0,0,0,1,1,2,0,0,2,0,0,2,1,1
Best fitness found so far: -39.0; distance: 13.892443989449804
Generation: 25; 
d: 13.038404810405298; energy: -36.0; 1,1,0,0,2,1,0,2,1,0,1,0,0,1,0,0,0,1,1,2,2,0,2,0,0,0,0,0,0,1,2,2,2,0,2,2,1,0,0,0,0,2,1,0,0,1,2,2,2,0,2,0,1,0,0,1,0,1,0,2,1,2,0,0,1,2,1,0,2,1,2,2,0,1,2,0,0,2,1,0,0,0,2
Best fitness found so far: -39.0; distance: 13.892443989449804
Generation: 26; 
d: 13.601470508735444; energy: -37.0; 2,2,0,1,2,1,0,1,1,2,1,2,2,1,0,2,2,2,2,1,2,0,2,0,0,0,0,0,0,1,2,2,2,0,2,2,1,0,0,0,0,2,1,0,0,1,2,2,2,0,2,0,1,0,0,1,0,1,0,2,1,2,0,0,1,2,1,1,0,0,2,2,1,2,1,2,0,2,1,0,0,0,2
Best fitness found so far: -39.0; distance: 13.892443989449804
Generation: 27; 
d: 12.206555615733702; energy: -37.0; 2,2,2,2,1,2,2,2,0,2,0,2,2,1,2,0,0,1,0,0,2,0,1,0,1,0,0,0,0,1,2,2,2,0,2,2,1,0,0,0,0,2,1,0,0,1,2,2,2,0,2,0,1,0,0,1,0,1,0,2,1,2,0,0,0,2,2,0,2,1,1,2,1,1,1,2,2,0,1,2,1,2,0
Best fitness found so far: -39.0; distance: 13.892443989449804
Generation: 28; 
d: 13.45362404707371; energy: -37.0; 1,0,0,1,2,1,2,2,2,2,2,1,2,2,1,0,1,1,2,0,1,1,0,1,0,0,2,2,2,1,2,0,2,2,0,0,1,2,0,0,1,0,0,0,0,2,0,0,0,2,1,0,2,2,1,2,2,2,1,0,2,1,2,0,0,1,2,2,1,1,0,2,1,1,0,2,2,0,2,1,0,2,0
Best fitness found so far: -39.0; distance: 13.892443989449804
Generation: 29; 
d: 12.041594578792296; energy: -38.0; 2,1,0,1,2,2,1,1,2,1,1,0,1,2,1,0,1,2,2,1,2,0,2,0,0,0,0,0,0,1,2,2,2,0,2,2,1,0,0,0,0,2,1,0,0,1,2,2,2,0,2,0,1,0,0,1,0,1,0,2,1,2,0,0,0,2,1,1,1,0,1,0,2,2,2,1,0,0,1,0,2,1,0
Best fitness found so far: -39.0; distance: 13.892443989449804
Generation: 30; 
d: 14.212670403551895; energy: -38.0; 1,0,0,1,2,1,2,2,2,2,2,1,2,2,1,0,1,1,2,0,1,1,0,1,0,0,2,2,2,1,2,0,2,2,0,0,1,2,0,0,1,0,1,0,0,2,0,0,0,2,1,0,2,2,1,2,2,2,1,0,2,1,2,0,0,1,2,2,1,1,0,2,1,1,0,2,2,0,2,1,0,0,1
Best fitness found so far: -39.0; distance: 13.892443989449804
Generation: 31; 
d: 14.317821063276353; energy: -39.0; 2,2,0,0,2,0,0,1,1,2,2,1,1,0,0,2,2,0,2,0,0,0,0,2,0,1,2,0,0,1,2,2,2,0,2,2,1,0,0,0,0,2,1,0,0,1,2,2,2,0,2,0,1,0,0,1,0,1,0,2,1,2,0,0,1,2,1,1,0,0,2,2,1,2,1,2,0,0,1,2,1,2,0
Best fitness found so far: -39.0; distance: 13.892443989449804
Generation: 32; 
d: 14.422205101855956; energy: -38.0; 2,2,0,0,2,0,0,1,1,2,2,1,1,0,0,2,2,0,2,0,0,0,0,2,0,1,2,0,0,1,2,2,2,0,2,2,1,0,0,0,0,2,1,0,0,1,2,2,2,0,2,0,1,0,0,1,0,1,0,2,1,2,0,0,1,2,1,1,0,0,1,1,1,0,0,0,0,0,1,0,0,0,2
Best fitness found so far: -39.0; distance: 13.892443989449804
Generation: 33; 
d: 13.038404810405298; energy: -39.0; 2,1,2,2,2,0,1,1,0,0,1,2,0,0,1,2,2,1,1,0,1,0,0,2,1,0,0,0,0,1,2,2,2,0,2,2,1,0,0,0,0,2,1,0,0,1,2,2,2,0,2,0,1,0,0,1,0,1,0,2,1,2,0,0,0,2,1,1,1,0,1,0,2,2,2,0,1,0,0,2,0,2,0
Best fitness found so far: -39.0; distance: 13.892443989449804
Generation: 34; 
d: 13.45362404707371; energy: -40.0; 2,2,0,0,2,0,0,1,1,2,2,1,1,0,0,2,2,0,2,0,0,0,0,2,0,1,2,0,0,1,2,2,2,0,2,2,1,0,0,0,0,2,1,0,0,1,2,2,2,0,2,0,1,0,0,1,0,1,0,2,1,2,0,0,0,2,2,0,2,2,1,2,2,2,1,0,0,1,2,0,0,0,2
Best fitness found so far: -40.0; distance: 13.45362404707371
Generation: 35; 
d: 12.806248474865697; energy: -39.0; 2,2,2,2,1,2,2,2,0,2,0,2,2,1,2,0,0,1,0,0,2,0,1,0,1,0,0,0,0,1,2,2,2,0,2,2,1,0,0,0,0,2,1,0,0,1,2,2,2,0,2,0,1,0,0,1,0,1,0,2,1,2,0,0,0,2,2,0,2,1,2,0,1,0,0,1,2,0,1,1,0,1,0
Best fitness found so far: -40.0; distance: 13.45362404707371
Generation: 36; 
d: 14.212670403551895; energy: -39.0; 2,2,0,0,2,0,0,1,1,2,0,2,2,1,2,0,0,2,0,1,1,2,0,0,0,0,0,0,0,1,2,2,2,0,2,2,1,0,0,0,0,1,1,0,0,1,2,2,2,0,2,0,1,0,0,1,0,1,0,2,1,2,0,0,1,2,1,0,2,2,1,2,2,2,0,0,1,0,0,2,0,0,2
Best fitness found so far: -40.0; distance: 13.45362404707371
Generation: 37; 
d: 13.45362404707371; energy: -40.0; 2,2,0,0,2,0,0,1,1,2,2,1,1,0,0,2,2,0,2,0,0,0,0,2,0,1,2,0,0,1,2,2,2,0,2,2,1,0,0,0,0,2,1,0,0,1,2,2,2,0,2,0,1,0,0,1,0,1,0,2,1,2,0,0,1,2,1,1,0,0,2,2,1,2,1,2,0,1,2,0,0,0,2
Best fitness found so far: -40.0; distance: 13.45362404707371
Generation: 38; 
d: 12.165525060596439; energy: -39.0; 0,2,2,1,1,1,2,1,1,2,2,1,2,0,2,2,1,2,2,0,1,1,1,0,0,0,0,0,0,1,2,2,2,0,2,2,1,0,0,0,0,2,1,0,0,1,2,2,2,0,2,0,1,0,0,1,0,1,0,2,1,2,0,0,1,2,1,1,0,0,1,0,2,2,1,0,0,1,2,1,0,2,2
Best fitness found so far: -40.0; distance: 13.45362404707371
Generation: 39; 
d: 11.40175425099138; energy: -41.0; 0,2,1,0,1,0,0,0,2,1,0,2,0,0,0,2,2,1,2,1,0,0,0,1,0,0,0,2,0,2,2,2,0,2,2,2,1,0,0,0,0,2,1,0,0,1,2,2,2,0,2,0,1,0,0,1,0,1,0,2,1,2,0,0,0,2,1,2,0,0,1,2,2,2,1,0,0,1,2,0,0,0,2
Best fitness found so far: -41.0; distance: 11.40175425099138
Generation: 40; 
d: 15.620499351813308; energy: -39.0; 2,2,0,0,2,0,0,1,1,2,0,2,2,1,2,0,0,2,0,1,1,2,0,0,0,0,0,0,0,1,2,2,2,0,2,2,1,0,0,0,0,1,0,0,0,1,2,2,2,0,2,0,1,0,0,1,0,1,0,2,1,2,0,0,0,2,2,0,2,2,1,2,2,2,0,0,1,0,0,2,1,2,2
Best fitness found so far: -41.0; distance: 11.40175425099138
