Algorithm configured with: 
Pop: 1000
Aux Pop: 200
CrP: 1.0
MtP: 1.0
List of crossover: 
SinglePointCrossover
IntegerTwoPointsCrossover
MultiPointsCrossover
List of mutations: 
BitFlipMutation
LoopMoveOperator
LocalMoveOperator
SegmentMutation
OppositeMoveOperator
Execution: 1
Generation: 0; 
d: 14.7648230602334; energy: -9.0; 1,2,0,1,1,1,1,1,1,1,0,0,2,1,0,1,1,1,2,2,0,2,2,0,1,0,1,2,2,0,0,2,0,2,0,0,1,1,1,0,2,1,2,2,0,0,1,0,1,1,2,2,1,0,0,1,2,0,2,2,0,0
Best fitness found so far: -9.0; distance: 14.7648230602334
Generation: 1; 
d: 10.816653826391969; energy: -20.0; 1,0,0,1,0,0,0,1,0,0,2,0,2,2,1,2,1,2,2,0,1,1,0,1,1,2,2,0,2,1,2,0,1,2,2,1,1,2,0,2,2,1,1,2,2,2,2,2,2,2,0,0,1,2,1,2,1,1,1,2,2,1
Best fitness found so far: -20.0; distance: 10.816653826391969
Generation: 2; 
d: 12.041594578792296; energy: -19.0; 1,0,0,1,0,0,0,1,0,0,2,0,2,2,1,2,1,2,2,0,1,1,0,1,1,2,2,0,2,1,2,0,1,2,2,1,1,2,0,2,2,1,1,2,2,2,2,2,2,2,0,0,1,0,1,0,0,2,0,0,1,0
Best fitness found so far: -20.0; distance: 10.816653826391969
Generation: 3; 
d: 10.295630140987; energy: -22.0; 1,0,0,2,0,1,1,1,2,0,2,2,0,1,0,0,2,1,1,0,0,1,1,2,1,2,1,1,1,1,0,2,0,2,0,0,0,2,2,2,1,0,0,0,0,2,0,0,1,1,0,2,1,0,0,1,1,1,2,0,1,1
Best fitness found so far: -22.0; distance: 10.295630140987
Generation: 4; 
d: 16.1245154965971; energy: -19.0; 1,0,0,1,0,0,0,1,0,0,2,0,2,2,1,2,1,2,2,0,1,1,0,1,1,2,2,0,2,1,2,0,2,1,2,0,0,0,2,1,0,1,1,1,0,1,1,1,1,0,0,1,2,2,0,1,1,2,0,2,1,0
Best fitness found so far: -22.0; distance: 10.295630140987
Generation: 5; 
d: 10.295630140987; energy: -24.0; 1,1,2,2,1,1,0,0,1,2,1,1,1,2,2,1,1,2,2,0,0,2,2,1,2,0,2,2,0,2,0,2,2,1,1,2,0,0,0,0,2,2,0,2,1,2,0,0,0,2,0,0,2,0,1,2,0,0,0,0,1,2
Best fitness found so far: -24.0; distance: 10.295630140987
Generation: 6; 
d: 12.206555615733702; energy: -21.0; 1,1,1,0,0,1,1,0,2,0,2,0,1,1,0,0,0,2,2,2,0,0,2,2,0,1,0,2,0,2,0,1,1,1,0,0,2,0,0,1,1,1,2,1,1,2,1,2,2,0,1,0,1,1,0,1,0,0,0,1,2,2
Best fitness found so far: -24.0; distance: 10.295630140987
Generation: 7; 
d: 10.295630140987; energy: -21.0; 0,1,0,0,0,2,0,2,2,1,0,1,0,0,1,0,0,0,1,0,1,0,0,2,0,2,1,2,0,2,1,0,1,0,1,2,2,2,2,2,0,1,1,2,2,1,1,0,2,2,0,1,0,1,1,0,1,1,0,1,0,2
Best fitness found so far: -24.0; distance: 10.295630140987
Generation: 8; 
d: 12.083045973594572; energy: -22.0; 0,0,1,2,2,1,0,0,1,2,1,1,1,2,2,1,1,2,2,0,0,2,2,1,2,2,1,2,0,0,0,1,0,2,0,0,1,2,0,1,2,0,1,2,0,0,2,0,1,1,0,0,1,2,1,2,2,0,0,1,1,1
Best fitness found so far: -24.0; distance: 10.295630140987
Generation: 9; 
d: 12.36931687685298; energy: -25.0; 1,1,2,2,1,1,0,1,1,2,0,0,2,0,0,0,0,0,2,1,2,0,0,1,0,2,0,0,0,0,1,1,2,2,0,1,2,0,0,2,0,0,1,1,2,1,0,0,2,2,0,0,1,2,2,0,1,1,0,1,0,0
Best fitness found so far: -25.0; distance: 12.36931687685298
Generation: 10; 
d: 12.727922061357855; energy: -23.0; 1,2,2,0,0,0,0,1,0,2,1,2,2,1,0,0,2,0,0,1,1,0,2,0,1,1,2,2,2,1,0,0,0,1,1,2,2,1,2,0,2,0,0,2,2,0,0,1,0,0,1,0,1,1,2,0,0,2,1,2,2,0
Best fitness found so far: -25.0; distance: 12.36931687685298
Generation: 11; 
d: 12.529964086141668; energy: -25.0; 1,2,1,2,2,0,1,2,2,1,0,0,0,2,0,1,0,0,0,1,1,2,2,2,0,0,0,1,0,2,2,0,0,1,2,2,1,2,0,1,2,0,1,2,0,0,2,0,1,1,0,0,1,2,1,2,2,0,0,1,1,1
Best fitness found so far: -25.0; distance: 12.36931687685298
Generation: 12; 
d: 12.529964086141668; energy: -25.0; 1,2,1,2,2,0,1,2,2,1,0,0,0,2,0,1,0,0,0,1,1,2,2,2,0,0,0,1,0,2,2,0,0,1,2,2,1,2,0,1,2,0,1,2,0,0,2,0,1,1,0,0,1,2,1,2,2,0,0,0,0,1
Best fitness found so far: -25.0; distance: 12.36931687685298
Generation: 13; 
d: 11.661903789690601; energy: -25.0; 1,0,2,2,0,1,1,2,2,1,1,0,1,1,0,0,0,2,2,2,0,0,2,2,0,1,0,2,0,2,0,1,1,1,0,0,2,0,0,1,1,1,1,2,0,0,0,2,0,1,1,0,0,0,1,0,1,0,1,2,2,1
Best fitness found so far: -25.0; distance: 12.36931687685298
Generation: 14; 
d: 12.529964086141668; energy: -25.0; 1,2,1,2,2,0,1,2,2,1,0,0,0,2,0,1,0,0,0,1,1,2,2,2,0,0,0,1,0,2,2,0,0,1,2,2,1,2,0,1,2,0,1,2,0,0,2,0,1,1,0,0,1,2,1,2,2,0,0,1,1,1
Best fitness found so far: -25.0; distance: 12.36931687685298
Generation: 15; 
d: 10.816653826391969; energy: -23.0; 0,0,2,0,1,1,0,1,2,1,1,2,1,1,2,2,1,1,0,1,1,1,0,2,1,1,1,2,2,0,2,0,1,1,0,2,2,0,2,1,1,1,1,2,0,2,2,1,0,2,0,2,1,0,1,1,0,0,1,0,2,2
Best fitness found so far: -25.0; distance: 12.36931687685298
Generation: 16; 
d: 12.041594578792296; energy: -26.0; 1,1,2,2,1,1,0,1,1,2,0,0,2,0,0,0,0,0,2,1,2,0,0,1,0,2,0,0,0,0,1,1,2,2,0,1,2,0,0,2,0,0,1,1,2,1,0,0,2,2,0,0,1,2,2,0,1,1,1,0,0,0
Best fitness found so far: -26.0; distance: 12.041594578792296
Generation: 17; 
d: 12.206555615733702; energy: -24.0; 1,1,2,2,1,0,0,2,2,0,0,1,0,1,2,2,1,2,0,0,1,0,1,2,0,1,1,1,0,0,1,1,1,2,0,0,1,2,0,1,2,0,1,2,0,0,2,0,1,1,0,0,1,2,1,2,2,0,0,1,0,0
Best fitness found so far: -26.0; distance: 12.041594578792296
Generation: 18; 
d: 10.63014581273465; energy: -25.0; 1,1,2,2,1,0,0,2,2,0,0,1,0,1,2,2,1,2,0,0,1,0,1,2,0,1,1,1,0,0,1,1,1,2,0,0,1,2,0,1,2,0,1,0,0,0,1,2,0,1,0,0,2,2,1,2,2,0,0,1,0,0
Best fitness found so far: -26.0; distance: 12.041594578792296
Generation: 19; 
d: 11.40175425099138; energy: -25.0; 2,2,2,0,0,1,2,2,2,0,1,2,1,1,2,2,1,2,2,0,0,0,0,0,0,0,0,2,2,1,2,0,2,0,0,2,1,0,0,2,2,0,1,1,0,0,1,0,0,0,1,0,1,1,0,1,0,0,1,1,0,2
Best fitness found so far: -26.0; distance: 12.041594578792296
Generation: 20; 
d: 13.892443989449804; energy: -24.0; 2,2,1,2,1,0,0,1,2,2,0,0,1,0,1,2,2,2,1,0,0,0,0,1,1,2,0,0,1,1,0,0,1,1,1,2,1,2,0,1,1,0,0,1,1,1,1,0,2,1,0,0,0,0,2,1,2,2,0,0,2,2
Best fitness found so far: -26.0; distance: 12.041594578792296
Generation: 21; 
d: 10.295630140987; energy: -24.0; 1,1,2,2,1,1,0,0,1,2,1,1,1,2,2,1,1,2,2,0,0,2,2,1,2,0,2,2,0,2,0,2,2,1,1,2,0,0,0,0,2,2,0,2,1,2,0,0,0,2,0,0,2,0,1,2,0,0,0,0,1,2
Best fitness found so far: -26.0; distance: 12.041594578792296
Generation: 22; 
d: 12.041594578792296; energy: -27.0; 1,2,1,2,2,0,0,0,1,2,0,0,2,0,0,0,0,0,2,1,2,0,0,1,0,2,0,0,0,0,1,1,2,2,0,1,2,0,0,2,0,0,1,1,2,1,0,0,2,2,0,0,1,2,2,0,1,1,1,0,0,0
Best fitness found so far: -27.0; distance: 12.041594578792296
Generation: 23; 
d: 15.231546211727817; energy: -26.0; 1,2,2,1,1,0,0,2,2,0,1,1,1,1,1,0,0,2,2,0,0,1,0,1,2,2,2,0,2,1,2,1,0,2,0,0,1,2,0,1,2,0,1,2,0,0,2,0,1,1,0,0,1,2,1,2,2,0,0,1,0,0
Best fitness found so far: -27.0; distance: 12.041594578792296
Generation: 24; 
d: 10.63014581273465; energy: -28.0; 1,2,2,2,1,2,0,0,1,0,0,2,2,0,0,1,0,2,0,0,0,2,2,1,2,1,0,0,0,0,1,1,2,2,2,0,0,0,0,1,2,0,0,2,2,0,0,1,0,1,0,1,0,0,1,2,0,0,0,2,2,2
Best fitness found so far: -28.0; distance: 10.63014581273465
