Algorithm configured with: 
Pop: 1000
Aux Pop: 200
CrP: 1.0
MtP: 1.0
List of crossover: 
SinglePointCrossover
IntegerTwoPointsCrossover
MultiPointsCrossover
List of mutations: 
BitFlipMutation
LoopMoveOperator
LocalMoveOperator
SegmentMutation
OppositeMoveOperator
Execution: 1
Generation: 0; 
d: 26.68332812825267; energy: -14.0; 0,0,1,1,2,0,1,1,1,1,1,0,0,1,2,1,2,1,2,0,2,1,0,2,1,0,1,0,2,1,2,0,2,0,0,1,2,2,0,0,1,2,1,2,0,2,0,0,2,2,0,1,2,1,2,2,0,1,1,1,2,0,0,2,0,2,1,1,0,1,2,0,1,1,0,0,1,2,2,1,0,1,2
Best fitness found so far: -14.0; distance: 26.68332812825267
Generation: 1; 
d: 18.439088914585774; energy: -27.0; 2,0,1,2,0,0,0,0,1,0,0,1,0,0,0,0,2,1,2,1,2,0,0,1,0,2,1,0,0,2,1,0,2,2,1,0,1,2,1,2,2,2,1,2,0,2,1,2,1,0,0,0,0,0,0,2,2,2,2,2,1,2,2,1,1,0,1,2,0,1,0,0,2,1,2,2,0,0,1,2,2,0,0
Best fitness found so far: -27.0; distance: 18.439088914585774
Generation: 2; 
d: 16.1245154965971; energy: -26.0; 0,0,2,0,2,2,0,0,0,1,1,2,2,1,1,1,1,2,0,2,2,1,0,0,1,0,0,2,2,2,1,1,0,2,0,2,0,0,1,0,0,2,2,2,0,0,0,1,0,0,0,1,1,2,0,0,0,1,0,2,2,1,0,1,2,0,2,1,2,2,2,0,2,0,2,0,0,1,2,0,1,1,0
Best fitness found so far: -27.0; distance: 18.439088914585774
Generation: 3; 
d: 15.132745950421556; energy: -29.0; 1,2,2,0,1,1,2,2,2,2,1,1,1,0,0,0,2,2,2,1,0,0,0,0,0,0,0,0,2,0,0,2,2,2,1,2,1,0,0,2,1,2,2,2,0,0,0,0,2,2,2,0,1,0,0,0,0,0,2,1,1,0,0,0,0,1,2,0,0,2,2,1,1,0,0,2,2,0,1,1,0,1,0
Best fitness found so far: -29.0; distance: 15.132745950421556
Generation: 4; 
d: 14.317821063276353; energy: -31.0; 2,2,0,0,2,2,0,1,0,0,2,1,2,2,0,0,2,2,2,0,1,0,2,0,0,0,1,0,0,1,2,0,2,2,1,0,1,2,0,2,2,0,0,1,1,0,0,2,2,2,0,0,2,0,2,2,2,0,1,2,1,0,2,1,2,2,1,0,2,1,1,1,1,1,2,2,0,2,1,2,1,0,2
Best fitness found so far: -31.0; distance: 14.317821063276353
Generation: 5; 
d: 19.313207915827967; energy: -27.0; 0,0,2,0,2,2,0,0,0,1,1,2,2,1,1,1,1,2,2,0,2,1,0,2,1,1,2,0,1,2,2,0,2,2,1,2,1,1,1,0,2,2,2,2,0,0,1,0,1,0,2,1,1,1,1,0,2,2,1,2,2,1,2,2,1,1,2,1,1,0,1,0,1,0,0,1,0,2,0,1,0,0,0
Best fitness found so far: -31.0; distance: 14.317821063276353
Generation: 6; 
d: 14.866068747318506; energy: -30.0; 0,0,2,0,2,2,0,0,0,1,1,2,2,1,1,1,1,2,0,2,2,1,0,0,1,0,0,1,2,1,0,0,2,1,1,0,1,0,0,2,0,0,0,0,1,0,0,0,1,0,1,2,2,2,2,2,2,1,1,1,0,0,1,0,0,0,0,2,1,2,0,1,0,1,0,1,2,0,0,2,2,2,0
Best fitness found so far: -31.0; distance: 14.317821063276353
Generation: 7; 
d: 13.0; energy: -30.0; 0,0,2,0,2,2,0,0,0,1,1,2,2,1,1,1,1,2,0,2,2,1,0,0,1,0,0,2,2,2,1,1,0,2,0,2,0,0,1,0,0,2,2,2,0,0,0,1,0,0,0,1,2,1,0,2,0,0,2,0,0,1,1,1,2,2,0,1,0,0,2,0,0,2,0,1,2,0,0,2,1,2,2
Best fitness found so far: -31.0; distance: 14.317821063276353
Generation: 8; 
d: 13.92838827718412; energy: -30.0; 2,0,2,1,0,0,1,1,0,2,1,0,0,1,0,1,1,0,2,0,2,2,1,2,0,2,1,1,0,1,0,0,2,2,2,0,2,1,1,0,2,0,1,1,2,2,1,1,2,0,0,1,0,1,0,0,2,2,0,0,1,2,2,1,0,0,1,1,0,2,0,2,1,1,2,2,0,0,2,2,0,2,1
Best fitness found so far: -31.0; distance: 14.317821063276353
Generation: 9; 
d: 18.35755975068582; energy: -31.0; 0,0,1,1,0,2,2,0,1,1,1,0,0,1,1,2,1,1,2,1,1,1,2,2,1,1,1,2,0,1,2,0,0,0,1,1,1,2,2,1,2,0,2,2,1,1,2,1,0,2,0,0,2,2,1,1,1,1,1,2,1,0,0,0,0,0,0,0,2,2,1,0,2,0,2,0,2,0,2,1,0,0,0
Best fitness found so far: -31.0; distance: 14.317821063276353
Generation: 10; 
d: 17.204650534085253; energy: -31.0; 2,2,0,0,0,0,1,0,1,1,0,0,1,0,1,1,1,1,2,0,1,0,1,1,0,0,2,1,0,2,2,1,0,1,0,0,2,2,1,2,2,0,2,2,0,2,2,0,0,1,2,1,0,1,0,0,2,2,0,0,1,0,2,1,0,0,1,2,2,1,1,0,0,2,2,2,0,0,2,2,0,2,1
Best fitness found so far: -31.0; distance: 14.317821063276353
Generation: 11; 
d: 14.317821063276353; energy: -31.0; 0,2,0,2,2,0,2,0,1,1,1,0,1,1,0,0,0,0,1,1,0,2,1,2,2,2,0,0,2,2,0,1,2,1,0,0,2,2,1,1,2,2,2,2,1,2,1,1,1,0,0,0,0,1,0,0,0,2,1,0,0,0,1,0,1,2,1,0,0,0,0,0,0,2,0,1,0,1,0,1,2,2,0
Best fitness found so far: -31.0; distance: 14.317821063276353
Generation: 12; 
d: 14.866068747318506; energy: -33.0; 0,0,1,1,2,2,1,1,2,2,1,1,2,2,1,2,2,1,0,2,1,2,2,0,1,0,2,1,0,2,0,2,0,0,1,0,2,0,2,2,1,2,0,1,0,0,2,2,0,0,1,0,2,2,1,1,2,2,2,0,2,2,2,2,1,2,2,0,1,2,1,2,0,0,1,0,1,1,1,0,1,2,0
Best fitness found so far: -33.0; distance: 14.866068747318506
Generation: 13; 
d: 14.7648230602334; energy: -33.0; 2,2,0,2,1,2,2,0,1,2,1,1,1,0,0,0,1,0,2,1,1,1,0,0,1,0,2,0,1,0,2,2,0,0,2,2,0,2,2,0,0,2,2,0,0,2,2,0,1,1,0,2,0,0,1,0,2,2,0,1,2,0,2,2,0,0,1,2,2,1,1,2,1,1,0,0,2,2,0,1,1,1,1
Best fitness found so far: -33.0; distance: 14.866068747318506
Generation: 14; 
d: 13.416407864998739; energy: -33.0; 2,0,0,1,0,2,2,0,1,1,1,0,0,1,1,2,1,1,2,1,1,1,2,2,1,1,0,0,1,1,2,1,0,0,2,2,1,2,0,2,2,0,0,2,1,0,1,1,1,0,2,1,2,1,1,1,2,2,1,0,1,1,0,0,1,2,1,2,2,0,1,2,1,0,0,1,1,2,2,1,0,2,1
Best fitness found so far: -33.0; distance: 14.866068747318506
Generation: 15; 
d: 14.866068747318506; energy: -33.0; 0,0,2,1,0,0,1,1,0,1,1,1,2,2,1,0,0,1,1,2,1,1,1,2,2,0,2,1,0,2,0,2,0,0,1,0,2,0,2,2,1,2,0,1,0,2,1,2,2,0,1,0,2,2,1,1,2,2,1,2,2,1,2,1,2,1,2,0,2,1,0,1,1,1,0,1,2,0,0,2,2,2,0
Best fitness found so far: -33.0; distance: 14.866068747318506
Generation: 16; 
d: 16.15549442140351; energy: -33.0; 0,2,0,2,2,0,2,0,1,1,1,0,1,1,0,0,0,0,1,1,0,2,1,2,2,2,0,0,2,2,0,1,2,1,0,0,2,2,1,1,2,2,2,2,1,2,1,1,1,0,0,0,0,1,0,0,0,2,1,0,0,0,1,0,1,2,1,0,1,1,2,0,0,0,0,2,2,2,1,0,0,1,2
Best fitness found so far: -33.0; distance: 14.866068747318506
Generation: 17; 
d: 13.038404810405298; energy: -34.0; 0,2,2,0,2,0,0,2,1,0,0,2,0,0,2,1,2,1,2,0,2,2,1,2,0,0,0,0,0,2,0,2,1,0,0,1,0,2,2,1,2,1,2,2,1,0,2,2,1,2,2,2,1,2,1,2,1,2,2,1,0,2,1,2,2,1,0,0,0,0,2,0,0,1,2,0,0,1,1,0,2,2,1
Best fitness found so far: -34.0; distance: 13.038404810405298
Generation: 18; 
d: 13.038404810405298; energy: -34.0; 0,2,2,0,2,0,0,2,1,0,0,2,0,0,2,1,2,1,2,0,2,2,1,2,0,0,0,0,0,2,0,2,1,0,0,1,0,2,2,1,2,1,2,2,1,2,2,2,1,2,2,2,1,2,1,2,1,2,2,1,0,2,1,2,2,1,0,0,0,0,2,0,0,1,2,0,0,1,1,0,2,2,1
Best fitness found so far: -34.0; distance: 13.038404810405298
Generation: 19; 
d: 12.206555615733702; energy: -33.0; 0,0,1,1,2,2,1,1,2,2,1,1,2,2,1,2,2,1,0,2,1,2,2,0,1,0,2,1,0,2,0,2,0,0,1,0,2,0,2,2,1,2,0,1,0,0,2,2,0,0,1,0,2,2,1,1,2,2,2,0,2,2,2,1,2,2,0,2,2,1,1,2,1,1,0,1,1,0,1,0,1,0,0
Best fitness found so far: -34.0; distance: 13.038404810405298
Generation: 20; 
d: 13.0; energy: -34.0; 0,0,0,0,0,1,0,0,0,1,2,0,0,1,0,2,1,1,2,0,0,1,0,0,1,1,1,0,0,2,0,2,1,0,0,1,0,2,2,1,2,1,2,2,1,2,2,2,1,2,2,2,1,2,1,2,1,2,2,1,0,2,1,2,2,1,0,0,0,0,2,0,0,1,2,0,0,1,1,0,2,2,1
Best fitness found so far: -34.0; distance: 13.038404810405298
Generation: 21; 
d: 17.46424919657298; energy: -34.0; 1,1,1,1,0,2,2,2,2,1,2,2,0,0,0,2,0,1,2,1,1,1,2,2,1,1,1,0,2,2,1,2,0,1,0,0,2,2,1,1,2,2,1,0,1,0,0,2,1,1,1,1,2,2,2,0,2,2,1,2,1,1,1,0,0,2,1,0,1,2,1,0,1,0,0,2,0,0,2,0,1,0,0
Best fitness found so far: -34.0; distance: 13.038404810405298
Generation: 22; 
d: 15.652475842498529; energy: -35.0; 0,0,0,0,1,1,1,2,0,2,2,1,2,0,0,0,0,0,1,2,0,0,0,1,1,0,2,0,1,0,2,2,1,2,0,2,0,1,0,2,2,0,1,1,1,0,0,0,1,1,0,1,2,1,2,2,2,1,1,1,1,2,0,1,0,0,1,2,2,1,1,0,0,2,2,2,0,0,2,0,1,0,1
Best fitness found so far: -35.0; distance: 15.652475842498529
Generation: 23; 
d: 13.892443989449804; energy: -33.0; 2,2,0,0,2,2,0,1,0,0,2,1,2,2,0,0,2,2,2,0,1,0,2,0,0,0,1,0,0,1,2,0,2,2,1,0,1,2,0,2,2,0,0,1,1,0,0,2,2,2,0,1,2,2,0,1,0,2,1,0,0,1,2,2,1,0,0,0,2,2,0,2,2,1,1,2,2,1,1,0,0,2,2
Best fitness found so far: -35.0; distance: 15.652475842498529
Generation: 24; 
d: 12.36931687685298; energy: -36.0; 1,2,2,0,2,2,2,0,0,1,1,2,2,1,1,1,1,2,0,2,2,1,0,0,1,0,0,1,2,1,0,0,2,1,1,0,1,0,0,2,0,0,0,0,1,0,0,0,1,0,1,2,2,2,2,2,2,1,1,1,0,0,0,0,0,0,0,2,2,1,1,2,1,1,0,1,2,2,1,0,0,2,0
Best fitness found so far: -36.0; distance: 12.36931687685298
Generation: 25; 
d: 14.317821063276353; energy: -36.0; 2,1,2,1,0,0,0,0,0,0,2,1,2,2,0,0,2,2,2,0,1,0,0,0,0,0,1,0,0,1,2,0,2,2,1,1,0,1,0,0,2,0,0,1,1,0,0,0,1,0,1,2,2,2,2,2,2,1,1,1,0,0,1,0,0,0,2,0,0,2,0,2,1,2,2,0,2,0,0,2,1,2,2
Best fitness found so far: -36.0; distance: 12.36931687685298
Generation: 26; 
d: 13.0; energy: -34.0; 2,2,0,0,2,2,0,1,0,0,2,1,2,2,0,0,2,2,2,0,1,0,2,0,0,0,1,0,0,1,2,0,2,2,1,0,1,2,0,2,2,0,0,1,1,0,0,2,2,2,0,0,2,0,0,0,0,0,2,1,1,0,0,0,0,1,2,0,0,2,2,1,1,0,0,0,0,1,2,0,0,1,0
Best fitness found so far: -36.0; distance: 12.36931687685298
Generation: 27; 
d: 15.297058540778355; energy: -35.0; 2,2,2,1,0,0,0,0,2,2,0,0,1,1,0,0,0,2,1,1,1,2,2,0,2,0,1,1,2,2,0,0,1,0,1,2,1,1,0,1,1,1,0,0,0,1,1,0,1,2,0,1,2,2,1,1,2,2,2,0,0,2,0,0,0,2,1,1,1,1,0,0,2,1,0,2,2,1,0,2,2,1,2
Best fitness found so far: -36.0; distance: 12.36931687685298
Generation: 28; 
d: 14.317821063276353; energy: -35.0; 2,0,0,1,0,2,2,2,2,1,2,2,0,0,0,2,0,1,2,1,1,1,2,2,1,1,1,0,2,2,1,2,0,1,0,0,2,2,1,1,2,2,1,0,1,0,0,2,1,1,1,1,2,2,2,0,2,2,1,2,1,1,1,0,0,2,1,0,1,2,1,0,1,0,0,2,0,0,2,0,1,0,0
Best fitness found so far: -36.0; distance: 12.36931687685298
Generation: 29; 
d: 12.649110640673518; energy: -36.0; 2,2,0,2,1,2,2,0,1,2,1,1,1,1,2,1,2,0,0,2,0,0,2,1,0,0,0,0,2,0,0,0,0,1,2,1,0,2,2,1,1,2,2,2,0,0,2,1,2,1,2,2,0,1,0,1,1,0,0,2,2,0,0,0,0,1,2,0,0,0,0,2,0,1,1,0,1,2,0,0,1,0,0
Best fitness found so far: -36.0; distance: 12.36931687685298
Generation: 30; 
d: 12.727922061357855; energy: -37.0; 2,2,0,0,2,0,0,0,0,2,2,1,1,1,0,2,2,2,0,0,1,1,0,0,1,1,2,2,0,1,2,1,2,2,1,2,1,0,0,2,1,2,2,2,0,0,0,0,2,2,2,0,1,0,0,0,0,0,2,1,1,0,0,0,0,1,2,2,2,0,0,0,0,1,1,1,1,0,1,1,0,1,2
Best fitness found so far: -37.0; distance: 12.727922061357855
Generation: 31; 
d: 16.401219466856727; energy: -36.0; 2,0,2,0,0,1,2,1,0,1,2,1,2,2,0,1,2,2,0,2,0,0,2,1,0,0,1,1,1,2,1,0,0,1,0,0,2,1,2,2,0,2,2,2,1,0,2,2,1,2,2,1,0,1,0,0,2,2,0,0,1,0,2,1,0,0,1,2,2,1,1,0,0,2,2,2,0,0,1,0,0,2,2
Best fitness found so far: -37.0; distance: 12.727922061357855
Generation: 32; 
d: 13.416407864998739; energy: -36.0; 0,0,0,0,2,2,2,0,0,1,1,2,2,1,1,1,1,2,0,2,2,1,0,0,1,0,0,1,2,1,0,0,2,1,1,0,1,0,0,2,0,0,0,0,1,0,0,0,1,0,1,1,0,1,0,0,2,2,0,0,1,2,2,1,1,2,0,0,1,0,2,0,0,1,0,1,2,0,0,2,2,2,1
Best fitness found so far: -37.0; distance: 12.727922061357855
Generation: 33; 
d: 15.556349186104045; energy: -36.0; 2,2,0,0,2,0,0,0,0,0,2,1,2,2,0,0,2,2,2,0,1,1,0,0,1,0,2,2,0,0,2,2,0,1,1,0,1,0,0,2,0,0,0,0,1,0,0,0,1,0,1,2,2,2,2,2,2,1,1,0,0,1,2,2,1,0,0,0,2,2,0,1,0,2,1,0,0,1,1,2,2,1,2
Best fitness found so far: -37.0; distance: 12.727922061357855
Generation: 34; 
d: 15.264337522473747; energy: -37.0; 2,2,2,0,2,2,2,0,0,1,1,2,2,1,1,1,1,2,0,1,0,0,2,0,1,2,0,0,2,2,0,0,2,0,2,2,2,0,0,0,0,2,2,2,0,0,0,1,0,0,0,1,1,0,2,2,1,2,1,1,1,0,0,0,0,1,2,0,0,2,2,1,1,0,0,0,0,1,2,0,0,1,0
Best fitness found so far: -37.0; distance: 12.727922061357855
Generation: 35; 
d: 15.0; energy: -37.0; 0,2,1,1,0,0,0,1,0,0,2,1,2,2,0,0,2,2,2,0,1,0,0,0,0,0,0,0,2,0,0,2,2,1,0,0,2,2,1,1,2,2,1,1,0,0,1,2,1,1,1,0,1,0,0,1,2,1,0,1,1,0,0,0,2,0,2,0,1,2,1,2,1,2,2,1,0,0,1,1,0,0,0
Best fitness found so far: -37.0; distance: 12.727922061357855
Generation: 36; 
d: 14.142135623730951; energy: -36.0; 0,1,1,0,1,1,0,2,0,0,0,2,2,1,0,2,2,1,0,1,0,0,0,0,0,0,0,0,2,2,0,0,2,0,2,2,2,0,0,1,0,0,2,2,0,0,0,0,1,2,2,0,1,0,0,0,0,0,2,1,1,0,0,0,0,1,2,0,0,2,2,1,0,1,2,0,0,1,1,0,1,1,0
Best fitness found so far: -37.0; distance: 12.727922061357855
Generation: 37; 
d: 13.601470508735444; energy: -40.0; 2,2,2,0,2,2,2,0,0,1,1,2,2,1,1,1,1,2,0,1,0,0,2,0,1,2,0,0,2,2,0,0,2,0,2,2,2,0,0,0,0,2,2,2,0,0,0,1,0,0,0,1,1,0,2,2,1,2,1,1,1,0,0,0,0,1,2,0,0,2,2,2,0,0,2,0,0,1,2,0,1,2,2
Best fitness found so far: -40.0; distance: 13.601470508735444
Generation: 38; 
d: 13.416407864998739; energy: -39.0; 0,0,0,0,1,1,1,1,1,2,2,1,2,0,0,0,0,0,1,2,0,0,0,0,0,0,1,0,1,0,2,2,1,2,0,2,0,1,0,0,2,0,0,1,0,0,2,1,2,1,2,2,0,1,0,1,1,0,0,2,2,0,0,0,0,0,1,2,2,1,1,0,0,2,2,2,0,0,0,1,1,2,1
Best fitness found so far: -40.0; distance: 13.601470508735444
Generation: 39; 
d: 12.727922061357855; energy: -37.0; 2,2,0,0,2,2,0,1,0,0,2,1,2,2,0,0,2,2,2,0,1,0,2,0,0,0,1,0,0,1,2,0,2,2,1,0,1,0,0,2,0,0,0,0,1,0,0,2,2,2,2,0,0,0,0,0,0,0,2,1,1,0,0,0,1,0,0,0,1,0,2,0,0,0,0,0,0,1,2,0,0,1,0
Best fitness found so far: -40.0; distance: 13.601470508735444
