#
# There is insufficient memory for the Java Runtime Environment to continue.
# Native memory allocation (mmap) failed to map 2159017984 bytes for committing reserved memory.
# Possible reasons:
#   The system is out of physical RAM or swap space
#   In 32 bit mode, the process size limit was hit
# Possible solutions:
#   Reduce memory load on the system
#   Increase physical memory or swap space
#   Check if swap backing store is full
#   Use 64 bit Java on a 64 bit OS
#   Decrease Java heap size (-Xmx/-Xms)
#   Decrease number of Java threads
#   Decrease Java thread stack sizes (-Xss)
#   Set larger code cache with -XX:ReservedCodeCacheSize=
# This output file may be truncated or incomplete.
#
#  Out of Memory Error (os_linux.cpp:2673), pid=31339, tid=139887992772352
#
# JRE version: Java(TM) SE Runtime Environment (8.0_45-b14) (build 1.8.0_45-b14)
# Java VM: Java HotSpot(TM) 64-Bit Server VM (25.45-b02 mixed mode linux-amd64 compressed oops)
# Failed to write core dump. Core dumps have been disabled. To enable core dumping, try "ulimit -c unlimited" before starting Java again
#

---------------  T H R E A D  ---------------

Current thread (0x00007f3ab83c6000):  VMThread [stack: 0x00007f3a360e1000,0x00007f3a361e2000] [id=31593]

Stack: [0x00007f3a360e1000,0x00007f3a361e2000],  sp=0x00007f3a361e0160,  free space=1020k
Native frames: (J=compiled Java code, j=interpreted, Vv=VM code, C=native code)
V  [libjvm.so+0xaac99a]  VMError::report_and_die()+0x2ba
V  [libjvm.so+0x4f333b]  report_vm_out_of_memory(char const*, int, unsigned long, VMErrorType, char const*)+0x8b
V  [libjvm.so+0x90e7c3]  os::Linux::commit_memory_impl(char*, unsigned long, bool)+0x103
V  [libjvm.so+0x90ed19]  os::pd_commit_memory(char*, unsigned long, unsigned long, bool)+0x29
V  [libjvm.so+0x90867a]  os::commit_memory(char*, unsigned long, unsigned long, bool)+0x2a
V  [libjvm.so+0x97bac3]  PSVirtualSpace::expand_by(unsigned long)+0x53
V  [libjvm.so+0x96c320]  PSOldGen::expand(unsigned long)+0x170
V  [libjvm.so+0x96c52b]  PSOldGen::resize(unsigned long)+0x1cb
V  [libjvm.so+0x974241]  PSParallelCompact::invoke_no_policy(bool)+0x9d1
V  [libjvm.so+0x979bed]  PSScavenge::invoke()+0x1ad
V  [libjvm.so+0x932050]  ParallelScavengeHeap::failed_mem_allocate(unsigned long)+0x70
V  [libjvm.so+0xaae1d7]  VM_ParallelGCFailedAllocation::doit()+0x97
V  [libjvm.so+0xab59c5]  VM_Operation::evaluate()+0x55
V  [libjvm.so+0xab3d9a]  VMThread::evaluate_operation(VM_Operation*)+0xba
V  [libjvm.so+0xab411e]  VMThread::loop()+0x1ce
V  [libjvm.so+0xab4590]  VMThread::run()+0x70
V  [libjvm.so+0x910de8]  java_start(Thread*)+0x108

VM_Operation (0x00007f3a34606120): ParallelGCFailedAllocation, mode: safepoint, requested by thread 0x00007f3ab84a3800


---------------  P R O C E S S  ---------------

Java Threads: ( => current thread )
  0x00007f3ab84a3800 JavaThread "pool-1-thread-1" [_thread_blocked, id=31802, stack(0x00007f3a34507000,0x00007f3a34608000)]
  0x00007f3ab8420800 JavaThread "Service Thread" daemon [_thread_blocked, id=31781, stack(0x00007f3a34816000,0x00007f3a34917000)]
  0x00007f3ab841b800 JavaThread "C1 CompilerThread14" daemon [_thread_blocked, id=31775, stack(0x00007f3a34917000,0x00007f3a34a18000)]
  0x00007f3ab8419800 JavaThread "C1 CompilerThread13" daemon [_thread_blocked, id=31773, stack(0x00007f3a34a18000,0x00007f3a34b19000)]
  0x00007f3ab8417800 JavaThread "C1 CompilerThread12" daemon [_thread_blocked, id=31772, stack(0x00007f3a34b19000,0x00007f3a34c1a000)]
  0x00007f3ab8415800 JavaThread "C1 CompilerThread11" daemon [_thread_blocked, id=31769, stack(0x00007f3a34c1a000,0x00007f3a34d1b000)]
  0x00007f3ab8413800 JavaThread "C1 CompilerThread10" daemon [_thread_blocked, id=31767, stack(0x00007f3a34d1b000,0x00007f3a34e1c000)]
  0x00007f3ab8411800 JavaThread "C2 CompilerThread9" daemon [_thread_blocked, id=31765, stack(0x00007f3a34e1c000,0x00007f3a34f1d000)]
  0x00007f3ab840f800 JavaThread "C2 CompilerThread8" daemon [_thread_blocked, id=31763, stack(0x00007f3a34f1d000,0x00007f3a3501e000)]
  0x00007f3ab840e000 JavaThread "C2 CompilerThread7" daemon [_thread_blocked, id=31760, stack(0x00007f3a3501e000,0x00007f3a3511f000)]
  0x00007f3ab840c000 JavaThread "C2 CompilerThread6" daemon [_thread_blocked, id=31755, stack(0x00007f3a3511f000,0x00007f3a35220000)]
  0x00007f3ab840a000 JavaThread "C2 CompilerThread5" daemon [_thread_blocked, id=31751, stack(0x00007f3a35220000,0x00007f3a35321000)]
  0x00007f3ab8408000 JavaThread "C2 CompilerThread4" daemon [_thread_blocked, id=31747, stack(0x00007f3a35321000,0x00007f3a35422000)]
  0x00007f3ab8406000 JavaThread "C2 CompilerThread3" daemon [_thread_blocked, id=31734, stack(0x00007f3a35422000,0x00007f3a35523000)]
  0x00007f3ab8401800 JavaThread "C2 CompilerThread2" daemon [_thread_blocked, id=31697, stack(0x00007f3a35523000,0x00007f3a35624000)]
  0x00007f3ab8400000 JavaThread "C2 CompilerThread1" daemon [_thread_blocked, id=31678, stack(0x00007f3a35624000,0x00007f3a35725000)]
  0x00007f3ab83fd000 JavaThread "C2 CompilerThread0" daemon [_thread_blocked, id=31665, stack(0x00007f3a35725000,0x00007f3a35826000)]
  0x00007f3ab83fb000 JavaThread "Signal Dispatcher" daemon [_thread_blocked, id=31654, stack(0x00007f3a35826000,0x00007f3a35927000)]
  0x00007f3ab83cd000 JavaThread "Finalizer" daemon [_thread_blocked, id=31616, stack(0x00007f3a35edf000,0x00007f3a35fe0000)]
  0x00007f3ab83cb000 JavaThread "Reference Handler" daemon [_thread_blocked, id=31613, stack(0x00007f3a35fe0000,0x00007f3a360e1000)]
  0x00007f3ab800a800 JavaThread "main" [_thread_blocked, id=31350, stack(0x00007f3ac1577000,0x00007f3ac1678000)]

Other Threads:
=>0x00007f3ab83c6000 VMThread [stack: 0x00007f3a360e1000,0x00007f3a361e2000] [id=31593]
  0x00007f3ab8423000 WatcherThread [stack: 0x00007f3a34715000,0x00007f3a34816000] [id=31798]

VM state:at safepoint (normal execution)

VM Mutex/Monitor currently owned by a thread:  ([mutex/lock_event])
[0x00007f3ab8005ae0] ExpandHeap_lock - owner thread: 0x00007f3ab83c6000
[0x00007f3ab8006160] Threads_lock - owner thread: 0x00007f3ab83c6000
[0x00007f3ab8006660] Heap_lock - owner thread: 0x00007f3ab84a3800

Heap:
 PSYoungGen      total 2208768K, used 30009K [0x00000006f4900000, 0x00000007bdc80000, 0x00000007c0000000)
  eden space 1097728K, 0% used [0x00000006f4900000,0x00000006f4900000,0x0000000737900000)
  from space 1111040K, 2% used [0x0000000737900000,0x000000073964e748,0x000000077b600000)
  to   space 1070080K, 0% used [0x000000077c780000,0x000000077c780000,0x00000007bdc80000)
 ParOldGen       total 2797568K, used 2797076K [0x000000055da00000, 0x0000000608600000, 0x00000006f4900000)
  object space 2797568K, 99% used [0x000000055da00000,0x0000000608585060,0x0000000608600000)
 Metaspace       used 5317K, capacity 5516K, committed 5632K, reserved 1056768K
  class space    used 585K, capacity 668K, committed 768K, reserved 1048576K

Card table byte_map: [0x00007f3abce52000,0x00007f3abe166000] byte_map_base: 0x00007f3aba365000

Marking Bits: (ParMarkBitMap*) 0x00007f3ac0a70760
 Begin Bits: [0x00007f3a6ced0000, 0x00007f3a76768000)
 End Bits:   [0x00007f3a76768000, 0x00007f3a80000000)

Polling page: 0x00007f3ac16b7000

CodeCache: size=245760Kb used=5653Kb max_used=5659Kb free=240106Kb
 bounds [0x00007f3aa9000000, 0x00007f3aa9590000, 0x00007f3ab8000000]
 total_blobs=1109 nmethods=812 adapters=209
 compilation: enabled

Compilation events (10 events):
Event: 5356.562 Thread 0x00007f3ab840f800 nmethod 907 0x00007f3aa9467050 code [0x00007f3aa94671a0, 0x00007f3aa9467338]
Event: 5356.563 Thread 0x00007f3ab840f800  909       4       edu.ufpr.cbio.psp.algorithms.hyperheuristic.IBEAHyperHeuristic::getApplyingHeuristic (146 bytes)
Event: 5356.568 Thread 0x00007f3ab840e000 nmethod 908 0x00007f3aa948a6d0 code [0x00007f3aa948a840, 0x00007f3aa948aab8]
Event: 5356.581 Thread 0x00007f3ab840f800 nmethod 909 0x00007f3aa9584ad0 code [0x00007f3aa9584ca0, 0x00007f3aa95853d8]
Event: 5356.663 Thread 0x00007f3ab8400000  910 %     4       edu.ufpr.cbio.psp.algorithms.hyperheuristic.IBEAHyperHeuristic::execute @ 435 (505 bytes)
Event: 5356.788 Thread 0x00007f3ab8400000 nmethod 910% 0x00007f3aa9586890 code [0x00007f3aa9586c40, 0x00007f3aa9588d50]
Event: 5360.366 Thread 0x00007f3ab8408000  911 %     4       edu.ufpr.cbio.psp.algorithms.hyperheuristic.IBEAHyperHeuristic::calculateFitness @ 70 (172 bytes)
Event: 5360.388 Thread 0x00007f3ab8408000 nmethod 911% 0x00007f3aa9583390 code [0x00007f3aa95835c0, 0x00007f3aa9583e98]
Event: 5360.389 Thread 0x00007f3ab8401800  912       4       edu.ufpr.cbio.psp.algorithms.hyperheuristic.IBEAHyperHeuristic::calculateFitness (172 bytes)
Event: 5360.418 Thread 0x00007f3ab8401800 nmethod 912 0x00007f3aa958b710 code [0x00007f3aa958b940, 0x00007f3aa958c3d8]

GC Heap History (10 events):
Event: 5405.724 GC heap after
Heap after GC invocations=1918 (full 3):
 PSYoungGen      total 2222080K, used 238771K [0x00000006f4900000, 0x00000007c0000000, 0x00000007c0000000)
  eden space 1111040K, 0% used [0x00000006f4900000,0x00000006f4900000,0x0000000738600000)
  from space 1111040K, 21% used [0x0000000738600000,0x0000000746f2ce08,0x000000077c300000)
  to   space 1111040K, 0% used [0x000000077c300000,0x000000077c300000,0x00000007c0000000)
 ParOldGen       total 2797568K, used 1631965K [0x000000055da00000, 0x0000000608600000, 0x00000006f4900000)
  object space 2797568K, 58% used [0x000000055da00000,0x00000005c13b7450,0x0000000608600000)
 Metaspace       used 5317K, capacity 5516K, committed 5632K, reserved 1056768K
  class space    used 585K, capacity 668K, committed 768K, reserved 1048576K
}
Event: 5411.399 GC heap before
{Heap before GC invocations=1919 (full 3):
 PSYoungGen      total 2222080K, used 1349811K [0x00000006f4900000, 0x00000007c0000000, 0x00000007c0000000)
  eden space 1111040K, 100% used [0x00000006f4900000,0x0000000738600000,0x0000000738600000)
  from space 1111040K, 21% used [0x0000000738600000,0x0000000746f2ce08,0x000000077c300000)
  to   space 1111040K, 0% used [0x000000077c300000,0x000000077c300000,0x00000007c0000000)
 ParOldGen       total 2797568K, used 1631965K [0x000000055da00000, 0x0000000608600000, 0x00000006f4900000)
  object space 2797568K, 58% used [0x000000055da00000,0x00000005c13b7450,0x0000000608600000)
 Metaspace       used 5317K, capacity 5516K, committed 5632K, reserved 1056768K
  class space    used 585K, capacity 668K, committed 768K, reserved 1048576K
Event: 5411.916 GC heap after
Heap after GC invocations=1919 (full 3):
 PSYoungGen      total 2200576K, used 241030K [0x00000006f4900000, 0x00000007beb00000, 0x00000007c0000000)
  eden space 1111040K, 0% used [0x00000006f4900000,0x00000006f4900000,0x0000000738600000)
  from space 1089536K, 22% used [0x000000077c300000,0x000000078ae618d0,0x00000007beb00000)
  to   space 1100288K, 0% used [0x0000000738600000,0x0000000738600000,0x000000077b880000)
 ParOldGen       total 2797568K, used 1870939K [0x000000055da00000, 0x0000000608600000, 0x00000006f4900000)
  object space 2797568K, 66% used [0x000000055da00000,0x00000005cfd16fe0,0x0000000608600000)
 Metaspace       used 5317K, capacity 5516K, committed 5632K, reserved 1056768K
  class space    used 585K, capacity 668K, committed 768K, reserved 1048576K
}
Event: 5417.442 GC heap before
{Heap before GC invocations=1920 (full 3):
 PSYoungGen      total 2200576K, used 1352070K [0x00000006f4900000, 0x00000007beb00000, 0x00000007c0000000)
  eden space 1111040K, 100% used [0x00000006f4900000,0x0000000738600000,0x0000000738600000)
  from space 1089536K, 22% used [0x000000077c300000,0x000000078ae618d0,0x00000007beb00000)
  to   space 1100288K, 0% used [0x0000000738600000,0x0000000738600000,0x000000077b880000)
 ParOldGen       total 2797568K, used 1870939K [0x000000055da00000, 0x0000000608600000, 0x00000006f4900000)
  object space 2797568K, 66% used [0x000000055da00000,0x00000005cfd16fe0,0x0000000608600000)
 Metaspace       used 5317K, capacity 5516K, committed 5632K, reserved 1056768K
  class space    used 585K, capacity 668K, committed 768K, reserved 1048576K
Event: 5417.846 GC heap after
Heap after GC invocations=1920 (full 3):
 PSYoungGen      total 1592832K, used 481543K [0x00000006f4900000, 0x00000007bc680000, 0x00000007c0000000)
  eden space 1111040K, 0% used [0x00000006f4900000,0x00000006f4900000,0x0000000738600000)
  from space 481792K, 99% used [0x0000000738600000,0x0000000755c41f28,0x0000000755c80000)
  to   space 1065472K, 0% used [0x000000077b600000,0x000000077b600000,0x00000007bc680000)
 ParOldGen       total 2797568K, used 1870939K [0x000000055da00000, 0x0000000608600000, 0x00000006f4900000)
  object space 2797568K, 66% used [0x000000055da00000,0x00000005cfd16fe0,0x0000000608600000)
 Metaspace       used 5317K, capacity 5516K, committed 5632K, reserved 1056768K
  class space    used 585K, capacity 668K, committed 768K, reserved 1048576K
}
Event: 5423.123 GC heap before
{Heap before GC invocations=1921 (full 3):
 PSYoungGen      total 1592832K, used 1592583K [0x00000006f4900000, 0x00000007bc680000, 0x00000007c0000000)
  eden space 1111040K, 100% used [0x00000006f4900000,0x0000000738600000,0x0000000738600000)
  from space 481792K, 99% used [0x0000000738600000,0x0000000755c41f28,0x0000000755c80000)
  to   space 1065472K, 0% used [0x000000077b600000,0x000000077b600000,0x00000007bc680000)
 ParOldGen       total 2797568K, used 1870939K [0x000000055da00000, 0x0000000608600000, 0x00000006f4900000)
  object space 2797568K, 66% used [0x000000055da00000,0x00000005cfd16fe0,0x0000000608600000)
 Metaspace       used 5317K, capacity 5516K, committed 5632K, reserved 1056768K
  class space    used 585K, capacity 668K, committed 768K, reserved 1048576K
Event: 5423.579 GC heap after
Heap after GC invocations=1921 (full 3):
 PSYoungGen      total 2163200K, used 722185K [0x00000006f4900000, 0x00000007c0000000, 0x00000007c0000000)
  eden space 1097728K, 0% used [0x00000006f4900000,0x00000006f4900000,0x0000000737900000)
  from space 1065472K, 67% used [0x000000077b600000,0x00000007a7742580,0x00000007bc680000)
  to   space 1111040K, 0% used [0x0000000737900000,0x0000000737900000,0x000000077b600000)
 ParOldGen       total 2797568K, used 1870939K [0x000000055da00000, 0x0000000608600000, 0x00000006f4900000)
  object space 2797568K, 66% used [0x000000055da00000,0x00000005cfd16fe0,0x0000000608600000)
 Metaspace       used 5317K, capacity 5516K, committed 5632K, reserved 1056768K
  class space    used 585K, capacity 668K, committed 768K, reserved 1048576K
}
Event: 5426.425 GC heap before
{Heap before GC invocations=1922 (full 3):
 PSYoungGen      total 2163200K, used 1819913K [0x00000006f4900000, 0x00000007c0000000, 0x00000007c0000000)
  eden space 1097728K, 100% used [0x00000006f4900000,0x0000000737900000,0x0000000737900000)
  from space 1065472K, 67% used [0x000000077b600000,0x00000007a7742580,0x00000007bc680000)
  to   space 1111040K, 0% used [0x0000000737900000,0x0000000737900000,0x000000077b600000)
 ParOldGen       total 2797568K, used 1870939K [0x000000055da00000, 0x0000000608600000, 0x00000006f4900000)
  object space 2797568K, 66% used [0x000000055da00000,0x00000005cfd16fe0,0x0000000608600000)
 Metaspace       used 5317K, capacity 5516K, committed 5632K, reserved 1056768K
  class space    used 585K, capacity 668K, committed 768K, reserved 1048576K
Event: 5427.245 GC heap after
Heap after GC invocations=1922 (full 3):
 PSYoungGen      total 2208768K, used 478733K [0x00000006f4900000, 0x00000007bdc80000, 0x00000007c0000000)
  eden space 1097728K, 0% used [0x00000006f4900000,0x00000006f4900000,0x0000000737900000)
  from space 1111040K, 43% used [0x0000000737900000,0x0000000754c83570,0x000000077b600000)
  to   space 1070080K, 0% used [0x000000077c780000,0x000000077c780000,0x00000007bdc80000)
 ParOldGen       total 2797568K, used 2353399K [0x000000055da00000, 0x0000000608600000, 0x00000006f4900000)
  object space 2797568K, 84% used [0x000000055da00000,0x00000005ed43dc90,0x0000000608600000)
 Metaspace       used 5317K, capacity 5516K, committed 5632K, reserved 1056768K
  class space    used 585K, capacity 668K, committed 768K, reserved 1048576K
}
Event: 5427.245 GC heap before
{Heap before GC invocations=1923 (full 4):
 PSYoungGen      total 2208768K, used 478733K [0x00000006f4900000, 0x00000007bdc80000, 0x00000007c0000000)
  eden space 1097728K, 0% used [0x00000006f4900000,0x00000006f4900000,0x0000000737900000)
  from space 1111040K, 43% used [0x0000000737900000,0x0000000754c83570,0x000000077b600000)
  to   space 1070080K, 0% used [0x000000077c780000,0x000000077c780000,0x00000007bdc80000)
 ParOldGen       total 2797568K, used 2353399K [0x000000055da00000, 0x0000000608600000, 0x00000006f4900000)
  object space 2797568K, 84% used [0x000000055da00000,0x00000005ed43dc90,0x0000000608600000)
 Metaspace       used 5317K, capacity 5516K, committed 5632K, reserved 1056768K
  class space    used 585K, capacity 668K, committed 768K, reserved 1048576K

Deoptimization events (10 events):
Event: 1222.089 Thread 0x00007f3ab84a3800 Uncommon trap: reason=unstable_if action=reinterpret pc=0x00007f3aa9436220 method=java.util.HashMap.putVal(ILjava/lang/Object;Ljava/lang/Object;ZZ)Ljava/lang/Object; @ 162
Event: 1382.197 Thread 0x00007f3ab84a3800 Uncommon trap: reason=unstable_if action=reinterpret pc=0x00007f3aa938ebb8 method=java.util.HashMap.putVal(ILjava/lang/Object;Ljava/lang/Object;ZZ)Ljava/lang/Object; @ 206
Event: 1382.198 Thread 0x00007f3ab84a3800 Uncommon trap: reason=unstable_if action=reinterpret pc=0x00007f3aa9398b60 method=java.util.HashMap.putVal(ILjava/lang/Object;Ljava/lang/Object;ZZ)Ljava/lang/Object; @ 206
Event: 1382.198 Thread 0x00007f3ab84a3800 Uncommon trap: reason=unstable_if action=reinterpret pc=0x00007f3aa938ce10 method=java.util.HashMap.putVal(ILjava/lang/Object;Ljava/lang/Object;ZZ)Ljava/lang/Object; @ 206
Event: 1382.198 Thread 0x00007f3ab84a3800 Uncommon trap: reason=unstable_if action=reinterpret pc=0x00007f3aa9397814 method=java.util.HashMap.putVal(ILjava/lang/Object;Ljava/lang/Object;ZZ)Ljava/lang/Object; @ 206
Event: 4127.059 Thread 0x00007f3ab84a3800 Uncommon trap: reason=unstable_if action=reinterpret pc=0x00007f3aa94a58ec method=edu.ufpr.cbio.psp.problem.PSPProblem.evaluate(Lorg/uma/jmetal/core/Solution;)V @ 202
Event: 4129.303 Thread 0x00007f3ab84a3800 Uncommon trap: reason=unstable_if action=reinterpret pc=0x00007f3aa94c4dac method=org.uma.jmetal.util.comparator.DominanceComparator.compare(Lorg/uma/jmetal/core/Solution;Lorg/uma/jmetal/core/Solution;)I @ 85
Event: 4156.847 Thread 0x00007f3ab84a3800 Uncommon trap: reason=predicate action=maybe_recompile pc=0x00007f3aa939e2dc method=java.util.ArrayList.indexOf(Ljava/lang/Object;)I @ 44
Event: 4156.849 Thread 0x00007f3ab84a3800 Uncommon trap: reason=unstable_if action=reinterpret pc=0x00007f3aa944f5a8 method=edu.ufpr.cbio.psp.problem.PSPProblem.evaluate(Lorg/uma/jmetal/core/Solution;)V @ 330
Event: 4157.952 Thread 0x00007f3ab84a3800 Uncommon trap: reason=unstable_if action=reinterpret pc=0x00007f3aa943e0b0 method=java.util.HashMap.resize()[Ljava/util/HashMap$Node; @ 206

Internal exceptions (8 events):
Event: 0.399 Thread 0x00007f3ab800a800 Exception <a 'java/lang/NoSuchMethodError': Method sun.misc.Unsafe.defineClass(Ljava/lang/String;[BII)Ljava/lang/Class; name or signature does not match> (0x00000006f4912a50) thrown at [/RE-WORK/workspace/8-2-build-linux-amd64/jdk8u45/3457/hotspot/src/sha
Event: 0.399 Thread 0x00007f3ab800a800 Exception <a 'java/lang/NoSuchMethodError': Method sun.misc.Unsafe.prefetchRead(Ljava/lang/Object;J)V name or signature does not match> (0x00000006f4912ce0) thrown at [/RE-WORK/workspace/8-2-build-linux-amd64/jdk8u45/3457/hotspot/src/share/vm/prims/jni.cp
Event: 0.866 Thread 0x00007f3ab800a800 Exception <a 'java/security/PrivilegedActionException'> (0x00000006f49d0a70) thrown at [/RE-WORK/workspace/8-2-build-linux-amd64/jdk8u45/3457/hotspot/src/share/vm/prims/jvm.cpp, line 1382]
Event: 0.866 Thread 0x00007f3ab800a800 Exception <a 'java/security/PrivilegedActionException'> (0x00000006f49d0c28) thrown at [/RE-WORK/workspace/8-2-build-linux-amd64/jdk8u45/3457/hotspot/src/share/vm/prims/jvm.cpp, line 1382]
Event: 0.867 Thread 0x00007f3ab800a800 Exception <a 'java/security/PrivilegedActionException'> (0x00000006f49d3158) thrown at [/RE-WORK/workspace/8-2-build-linux-amd64/jdk8u45/3457/hotspot/src/share/vm/prims/jvm.cpp, line 1382]
Event: 0.867 Thread 0x00007f3ab800a800 Exception <a 'java/security/PrivilegedActionException'> (0x00000006f49d3310) thrown at [/RE-WORK/workspace/8-2-build-linux-amd64/jdk8u45/3457/hotspot/src/share/vm/prims/jvm.cpp, line 1382]
Event: 3.653 Thread 0x00007f3ab84a3800 Exception <a 'java/lang/NoSuchFieldError': method resolution failed> (0x00000007006d84a0) thrown at [/RE-WORK/workspace/8-2-build-linux-amd64/jdk8u45/3457/hotspot/src/share/vm/prims/methodHandles.cpp, line 1125]
Event: 3.658 Thread 0x00007f3ab84a3800 Exception <a 'java/lang/NoSuchFieldError': method resolution failed> (0x00000007006e6b30) thrown at [/RE-WORK/workspace/8-2-build-linux-amd64/jdk8u45/3457/hotspot/src/share/vm/prims/methodHandles.cpp, line 1125]

Events (10 events):
Event: 5405.724 Executing VM operation: ParallelGCFailedAllocation done
Event: 5411.399 Executing VM operation: ParallelGCFailedAllocation
Event: 5411.916 Executing VM operation: ParallelGCFailedAllocation done
Event: 5411.922 Executing VM operation: RevokeBias
Event: 5411.923 Executing VM operation: RevokeBias done
Event: 5417.436 Executing VM operation: ParallelGCFailedAllocation
Event: 5417.846 Executing VM operation: ParallelGCFailedAllocation done
Event: 5423.122 Executing VM operation: ParallelGCFailedAllocation
Event: 5423.579 Executing VM operation: ParallelGCFailedAllocation done
Event: 5426.417 Executing VM operation: ParallelGCFailedAllocation


Dynamic libraries:
00400000-00401000 r-xp 00000000 00:2c 13572529                           /home/ppginf/vdfontoura/jdk1.8.0_45/bin/java
00600000-00601000 rw-p 00000000 00:2c 13572529                           /home/ppginf/vdfontoura/jdk1.8.0_45/bin/java
01bef000-01c10000 rw-p 00000000 00:00 0                                  [heap]
55da00000-608600000 rw-p 00000000 00:00 0 
689100000-6f4900000 ---p 00000000 00:00 0 
6f4900000-7bdc80000 rw-p 00000000 00:00 0 
7bdc80000-7c0000000 ---p 00000000 00:00 0 
7c0000000-7c00c0000 rw-p 00000000 00:00 0 
7c00c0000-800000000 ---p 00000000 00:00 0 
7f39d8000000-7f39d8021000 rw-p 00000000 00:00 0 
7f39d8021000-7f39dc000000 ---p 00000000 00:00 0 
7f39dc000000-7f39dc2a1000 rw-p 00000000 00:00 0 
7f39dc2a1000-7f39e0000000 ---p 00000000 00:00 0 
7f39e0000000-7f39e015d000 rw-p 00000000 00:00 0 
7f39e015d000-7f39e4000000 ---p 00000000 00:00 0 
7f39e4000000-7f39e4021000 rw-p 00000000 00:00 0 
7f39e4021000-7f39e8000000 ---p 00000000 00:00 0 
7f39e8000000-7f39e80b5000 rw-p 00000000 00:00 0 
7f39e80b5000-7f39ec000000 ---p 00000000 00:00 0 
7f39ec000000-7f39ec042000 rw-p 00000000 00:00 0 
7f39ec042000-7f39f0000000 ---p 00000000 00:00 0 
7f39f0000000-7f39f0066000 rw-p 00000000 00:00 0 
7f39f0066000-7f39f4000000 ---p 00000000 00:00 0 
7f39f4000000-7f39f4190000 rw-p 00000000 00:00 0 
7f39f4190000-7f39f8000000 ---p 00000000 00:00 0 
7f39f8000000-7f39f827a000 rw-p 00000000 00:00 0 
7f39f827a000-7f39fc000000 ---p 00000000 00:00 0 
7f39fc000000-7f39fc403000 rw-p 00000000 00:00 0 
7f39fc403000-7f3a00000000 ---p 00000000 00:00 0 
7f3a00000000-7f3a00517000 rw-p 00000000 00:00 0 
7f3a00517000-7f3a04000000 ---p 00000000 00:00 0 
7f3a04000000-7f3a043da000 rw-p 00000000 00:00 0 
7f3a043da000-7f3a08000000 ---p 00000000 00:00 0 
7f3a08000000-7f3a084c9000 rw-p 00000000 00:00 0 
7f3a084c9000-7f3a0c000000 ---p 00000000 00:00 0 
7f3a0c000000-7f3a0c264000 rw-p 00000000 00:00 0 
7f3a0c264000-7f3a10000000 ---p 00000000 00:00 0 
7f3a10000000-7f3a10523000 rw-p 00000000 00:00 0 
7f3a10523000-7f3a14000000 ---p 00000000 00:00 0 
7f3a14000000-7f3a1494e000 rw-p 00000000 00:00 0 
7f3a1494e000-7f3a18000000 ---p 00000000 00:00 0 
7f3a18000000-7f3a1855e000 rw-p 00000000 00:00 0 
7f3a1855e000-7f3a1c000000 ---p 00000000 00:00 0 
7f3a1c000000-7f3a1c465000 rw-p 00000000 00:00 0 
7f3a1c465000-7f3a20000000 ---p 00000000 00:00 0 
7f3a20000000-7f3a20021000 rw-p 00000000 00:00 0 
7f3a20021000-7f3a24000000 ---p 00000000 00:00 0 
7f3a24000000-7f3a24021000 rw-p 00000000 00:00 0 
7f3a24021000-7f3a28000000 ---p 00000000 00:00 0 
7f3a28000000-7f3a28289000 rw-p 00000000 00:00 0 
7f3a28289000-7f3a2c000000 ---p 00000000 00:00 0 
7f3a2c000000-7f3a2c021000 rw-p 00000000 00:00 0 
7f3a2c021000-7f3a30000000 ---p 00000000 00:00 0 
7f3a30000000-7f3a30021000 rw-p 00000000 00:00 0 
7f3a30021000-7f3a34000000 ---p 00000000 00:00 0 
7f3a34407000-7f3a34507000 rw-p 00000000 00:00 0 
7f3a34507000-7f3a3450a000 ---p 00000000 00:00 0 
7f3a3450a000-7f3a34608000 rw-p 00000000 00:00 0                          [stack:31802]
7f3a34608000-7f3a34715000 r--s 010c9000 00:2c 16151391                   /home/ppginf/vdfontoura/psp-chapter/psp-2D/target/IBEAHH.jar
7f3a34715000-7f3a34716000 ---p 00000000 00:00 0 
7f3a34716000-7f3a34816000 rw-p 00000000 00:00 0                          [stack:31798]
7f3a34816000-7f3a34819000 ---p 00000000 00:00 0 
7f3a34819000-7f3a34917000 rw-p 00000000 00:00 0                          [stack:31781]
7f3a34917000-7f3a3491a000 ---p 00000000 00:00 0 
7f3a3491a000-7f3a34a18000 rw-p 00000000 00:00 0                          [stack:31775]
7f3a34a18000-7f3a34a1b000 ---p 00000000 00:00 0 
7f3a34a1b000-7f3a34b19000 rw-p 00000000 00:00 0                          [stack:31773]
7f3a34b19000-7f3a34b1c000 ---p 00000000 00:00 0 
7f3a34b1c000-7f3a34c1a000 rw-p 00000000 00:00 0                          [stack:31772]
7f3a34c1a000-7f3a34c1d000 ---p 00000000 00:00 0 
7f3a34c1d000-7f3a34d1b000 rw-p 00000000 00:00 0                          [stack:31769]
7f3a34d1b000-7f3a34d1e000 ---p 00000000 00:00 0 
7f3a34d1e000-7f3a34e1c000 rw-p 00000000 00:00 0                          [stack:31767]
7f3a34e1c000-7f3a34e1f000 ---p 00000000 00:00 0 
7f3a34e1f000-7f3a34f1d000 rw-p 00000000 00:00 0                          [stack:31765]
7f3a34f1d000-7f3a34f20000 ---p 00000000 00:00 0 
7f3a34f20000-7f3a3501e000 rw-p 00000000 00:00 0                          [stack:31763]
7f3a3501e000-7f3a35021000 ---p 00000000 00:00 0 
7f3a35021000-7f3a3511f000 rw-p 00000000 00:00 0                          [stack:31760]
7f3a3511f000-7f3a35122000 ---p 00000000 00:00 0 
7f3a35122000-7f3a35220000 rw-p 00000000 00:00 0                          [stack:31755]
7f3a35220000-7f3a35223000 ---p 00000000 00:00 0 
7f3a35223000-7f3a35321000 rw-p 00000000 00:00 0                          [stack:31751]
7f3a35321000-7f3a35324000 ---p 00000000 00:00 0 
7f3a35324000-7f3a35422000 rw-p 00000000 00:00 0                          [stack:31747]
7f3a35422000-7f3a35425000 ---p 00000000 00:00 0 
7f3a35425000-7f3a35523000 rw-p 00000000 00:00 0                          [stack:31734]
7f3a35523000-7f3a35526000 ---p 00000000 00:00 0 
7f3a35526000-7f3a35624000 rw-p 00000000 00:00 0                          [stack:31697]
7f3a35624000-7f3a35627000 ---p 00000000 00:00 0 
7f3a35627000-7f3a35725000 rw-p 00000000 00:00 0                          [stack:31678]
7f3a35725000-7f3a35728000 ---p 00000000 00:00 0 
7f3a35728000-7f3a35826000 rw-p 00000000 00:00 0                          [stack:31665]
7f3a35826000-7f3a35829000 ---p 00000000 00:00 0 
7f3a35829000-7f3a35927000 rw-p 00000000 00:00 0                          [stack:31654]
7f3a35927000-7f3a35edf000 r--p 00000000 00:15 231                        /usr/lib/locale/locale-archive
7f3a35edf000-7f3a35ee2000 ---p 00000000 00:00 0 
7f3a35ee2000-7f3a35fe0000 rw-p 00000000 00:00 0                          [stack:31616]
7f3a35fe0000-7f3a35fe3000 ---p 00000000 00:00 0 
7f3a35fe3000-7f3a360e1000 rw-p 00000000 00:00 0                          [stack:31613]
7f3a360e1000-7f3a360e2000 ---p 00000000 00:00 0 
7f3a360e2000-7f3a38000000 rw-p 00000000 00:00 0                          [stack:31593]
7f3a38000000-7f3a38021000 rw-p 00000000 00:00 0 
7f3a38021000-7f3a3c000000 ---p 00000000 00:00 0 
7f3a3c000000-7f3a3c021000 rw-p 00000000 00:00 0 
7f3a3c021000-7f3a40000000 ---p 00000000 00:00 0 
7f3a40000000-7f3a40021000 rw-p 00000000 00:00 0 
7f3a40021000-7f3a44000000 ---p 00000000 00:00 0 
7f3a44000000-7f3a44021000 rw-p 00000000 00:00 0 
7f3a44021000-7f3a48000000 ---p 00000000 00:00 0 
7f3a48000000-7f3a48021000 rw-p 00000000 00:00 0 
7f3a48021000-7f3a4c000000 ---p 00000000 00:00 0 
7f3a4c000000-7f3a4c021000 rw-p 00000000 00:00 0 
7f3a4c021000-7f3a50000000 ---p 00000000 00:00 0 
7f3a50000000-7f3a50021000 rw-p 00000000 00:00 0 
7f3a50021000-7f3a54000000 ---p 00000000 00:00 0 
7f3a54000000-7f3a54021000 rw-p 00000000 00:00 0 
7f3a54021000-7f3a58000000 ---p 00000000 00:00 0 
7f3a58000000-7f3a58021000 rw-p 00000000 00:00 0 
7f3a58021000-7f3a5c000000 ---p 00000000 00:00 0 
7f3a5c000000-7f3a5c021000 rw-p 00000000 00:00 0 
7f3a5c021000-7f3a60000000 ---p 00000000 00:00 0 
7f3a60000000-7f3a60021000 rw-p 00000000 00:00 0 
7f3a60021000-7f3a64000000 ---p 00000000 00:00 0 
7f3a64000000-7f3a64021000 rw-p 00000000 00:00 0 
7f3a64021000-7f3a68000000 ---p 00000000 00:00 0 
7f3a68000000-7f3a68021000 rw-p 00000000 00:00 0 
7f3a68021000-7f3a6c000000 ---p 00000000 00:00 0 
7f3a6c0c2000-7f3a80000000 rw-p 00000000 00:00 0 
7f3a80000000-7f3a80021000 rw-p 00000000 00:00 0 
7f3a80021000-7f3a84000000 ---p 00000000 00:00 0 
7f3a84000000-7f3a84021000 rw-p 00000000 00:00 0 
7f3a84021000-7f3a88000000 ---p 00000000 00:00 0 
7f3a88000000-7f3a88021000 rw-p 00000000 00:00 0 
7f3a88021000-7f3a8c000000 ---p 00000000 00:00 0 
7f3a8c000000-7f3a8c021000 rw-p 00000000 00:00 0 
7f3a8c021000-7f3a90000000 ---p 00000000 00:00 0 
7f3a90000000-7f3a90021000 rw-p 00000000 00:00 0 
7f3a90021000-7f3a94000000 ---p 00000000 00:00 0 
7f3a94000000-7f3a94021000 rw-p 00000000 00:00 0 
7f3a94021000-7f3a98000000 ---p 00000000 00:00 0 
7f3a98000000-7f3a98021000 rw-p 00000000 00:00 0 
7f3a98021000-7f3a9c000000 ---p 00000000 00:00 0 
7f3a9c000000-7f3a9c021000 rw-p 00000000 00:00 0 
7f3a9c021000-7f3aa0000000 ---p 00000000 00:00 0 
7f3aa0000000-7f3aa0021000 rw-p 00000000 00:00 0 
7f3aa0021000-7f3aa4000000 ---p 00000000 00:00 0 
7f3aa4023000-7f3aa5c3f000 rw-p 00000000 00:00 0 
7f3aa5c3f000-7f3aa5e18000 r--s 03d09000 00:2c 13572347                   /home/ppginf/vdfontoura/jdk1.8.0_45/jre/lib/rt.jar
7f3aa5e18000-7f3aa62d8000 rw-p 00000000 00:00 0 
7f3aa62d8000-7f3aa6618000 ---p 00000000 00:00 0 
7f3aa6618000-7f3aa79ea000 rw-p 00000000 00:00 0 
7f3aa79ea000-7f3aa79eb000 ---p 00000000 00:00 0 
7f3aa79eb000-7f3aa7aeb000 rw-p 00000000 00:00 0                          [stack:31502]
7f3aa7aeb000-7f3aa7aec000 ---p 00000000 00:00 0 
7f3aa7aec000-7f3aa7bec000 rw-p 00000000 00:00 0                          [stack:31501]
7f3aa7bec000-7f3aa7bed000 ---p 00000000 00:00 0 
7f3aa7bed000-7f3aa7ced000 rw-p 00000000 00:00 0                          [stack:31500]
7f3aa7ced000-7f3aa7cee000 ---p 00000000 00:00 0 
7f3aa7cee000-7f3aa7dee000 rw-p 00000000 00:00 0                          [stack:31499]
7f3aa7dee000-7f3aa7def000 ---p 00000000 00:00 0 
7f3aa7def000-7f3aa7eef000 rw-p 00000000 00:00 0                          [stack:31498]
7f3aa7eef000-7f3aa7ef0000 ---p 00000000 00:00 0 
7f3aa7ef0000-7f3aa7ff0000 rw-p 00000000 00:00 0                          [stack:31497]
7f3aa7ff0000-7f3aa7ff1000 ---p 00000000 00:00 0 
7f3aa7ff1000-7f3aa80f1000 rw-p 00000000 00:00 0                          [stack:31496]
7f3aa80f1000-7f3aa80f2000 ---p 00000000 00:00 0 
7f3aa80f2000-7f3aa81f2000 rw-p 00000000 00:00 0                          [stack:31495]
7f3aa81f2000-7f3aa81f3000 ---p 00000000 00:00 0 
7f3aa81f3000-7f3aa82f3000 rw-p 00000000 00:00 0                          [stack:31492]
7f3aa82f3000-7f3aa82f4000 ---p 00000000 00:00 0 
7f3aa82f4000-7f3aa83f4000 rw-p 00000000 00:00 0                          [stack:31478]
7f3aa83f4000-7f3aa83f5000 ---p 00000000 00:00 0 
7f3aa83f5000-7f3aa84f5000 rw-p 00000000 00:00 0                          [stack:31472]
7f3aa84f5000-7f3aa84f6000 ---p 00000000 00:00 0 
7f3aa84f6000-7f3aa85f6000 rw-p 00000000 00:00 0                          [stack:31466]
7f3aa85f6000-7f3aa85f7000 ---p 00000000 00:00 0 
7f3aa85f7000-7f3aa86f7000 rw-p 00000000 00:00 0                          [stack:31463]
7f3aa86f7000-7f3aa86f8000 ---p 00000000 00:00 0 
7f3aa86f8000-7f3aa87f8000 rw-p 00000000 00:00 0                          [stack:31454]
7f3aa87f8000-7f3aa87f9000 ---p 00000000 00:00 0 
7f3aa87f9000-7f3aa88f9000 rw-p 00000000 00:00 0                          [stack:31449]
7f3aa88f9000-7f3aa88fa000 ---p 00000000 00:00 0 
7f3aa88fa000-7f3aa89fa000 rw-p 00000000 00:00 0                          [stack:31445]
7f3aa89fa000-7f3aa89fb000 ---p 00000000 00:00 0 
7f3aa89fb000-7f3aa8afb000 rw-p 00000000 00:00 0                          [stack:31442]
7f3aa8afb000-7f3aa8afc000 ---p 00000000 00:00 0 
7f3aa8afc000-7f3aa8bfc000 rw-p 00000000 00:00 0                          [stack:31437]
7f3aa8bfc000-7f3aa8bfd000 ---p 00000000 00:00 0 
7f3aa8bfd000-7f3aa8cfd000 rw-p 00000000 00:00 0                          [stack:31433]
7f3aa8cfd000-7f3aa8cfe000 ---p 00000000 00:00 0 
7f3aa8cfe000-7f3aa8dfe000 rw-p 00000000 00:00 0                          [stack:31430]
7f3aa8dfe000-7f3aa8dff000 ---p 00000000 00:00 0 
7f3aa8dff000-7f3aa8eff000 rw-p 00000000 00:00 0                          [stack:31426]
7f3aa8eff000-7f3aa8f00000 ---p 00000000 00:00 0 
7f3aa8f00000-7f3aa9000000 rw-p 00000000 00:00 0                          [stack:31359]
7f3aa9000000-7f3aa9590000 rwxp 00000000 00:00 0 
7f3aa9590000-7f3ab8000000 ---p 00000000 00:00 0 
7f3ab8000000-7f3ab84a5000 rw-p 00000000 00:00 0 
7f3ab84a5000-7f3abc000000 ---p 00000000 00:00 0 
7f3abc023000-7f3abc099000 rw-p 00000000 00:00 0 
7f3abc099000-7f3abc09a000 ---p 00000000 00:00 0 
7f3abc09a000-7f3abc6f0000 rw-p 00000000 00:00 0                          [stack:31357]
7f3abc6f0000-7f3abce52000 ---p 00000000 00:00 0 
7f3abce52000-7f3abd3a8000 rw-p 00000000 00:00 0 
7f3abd3a8000-7f3abdb09000 ---p 00000000 00:00 0 
7f3abdb09000-7f3abe154000 rw-p 00000000 00:00 0 
7f3abe154000-7f3abe165000 ---p 00000000 00:00 0 
7f3abe165000-7f3abe17d000 rw-p 00000000 00:00 0 
7f3abe17d000-7f3abe526000 ---p 00000000 00:00 0 
7f3abe526000-7f3abe540000 r-xp 00000000 00:2c 13572371                   /home/ppginf/vdfontoura/jdk1.8.0_45/jre/lib/amd64/libzip.so
7f3abe540000-7f3abe740000 ---p 0001a000 00:2c 13572371                   /home/ppginf/vdfontoura/jdk1.8.0_45/jre/lib/amd64/libzip.so
7f3abe740000-7f3abe741000 rw-p 0001a000 00:2c 13572371                   /home/ppginf/vdfontoura/jdk1.8.0_45/jre/lib/amd64/libzip.so
7f3abe741000-7f3abe74d000 r-xp 00000000 00:15 181                        /lib/x86_64-linux-gnu/libnss_ldap.so.2
7f3abe74d000-7f3abe94c000 ---p 0000c000 00:15 181                        /lib/x86_64-linux-gnu/libnss_ldap.so.2
7f3abe94c000-7f3abe94d000 r--p 0000b000 00:15 181                        /lib/x86_64-linux-gnu/libnss_ldap.so.2
7f3abe94d000-7f3abe94e000 rw-p 0000c000 00:15 181                        /lib/x86_64-linux-gnu/libnss_ldap.so.2
7f3abe94e000-7f3abe959000 r-xp 00000000 00:15 178                        /lib/x86_64-linux-gnu/libnss_files-2.19.so
7f3abe959000-7f3abeb58000 ---p 0000b000 00:15 178                        /lib/x86_64-linux-gnu/libnss_files-2.19.so
7f3abeb58000-7f3abeb59000 r--p 0000a000 00:15 178                        /lib/x86_64-linux-gnu/libnss_files-2.19.so
7f3abeb59000-7f3abeb5a000 rw-p 0000b000 00:15 178                        /lib/x86_64-linux-gnu/libnss_files-2.19.so
7f3abeb5a000-7f3abeb65000 r-xp 00000000 00:15 176                        /lib/x86_64-linux-gnu/libnss_nis-2.19.so
7f3abeb65000-7f3abed64000 ---p 0000b000 00:15 176                        /lib/x86_64-linux-gnu/libnss_nis-2.19.so
7f3abed64000-7f3abed65000 r--p 0000a000 00:15 176                        /lib/x86_64-linux-gnu/libnss_nis-2.19.so
7f3abed65000-7f3abed66000 rw-p 0000b000 00:15 176                        /lib/x86_64-linux-gnu/libnss_nis-2.19.so
7f3abed66000-7f3abed7d000 r-xp 00000000 00:15 174                        /lib/x86_64-linux-gnu/libnsl-2.19.so
7f3abed7d000-7f3abef7c000 ---p 00017000 00:15 174                        /lib/x86_64-linux-gnu/libnsl-2.19.so
7f3abef7c000-7f3abef7d000 r--p 00016000 00:15 174                        /lib/x86_64-linux-gnu/libnsl-2.19.so
7f3abef7d000-7f3abef7e000 rw-p 00017000 00:15 174                        /lib/x86_64-linux-gnu/libnsl-2.19.so
7f3abef7e000-7f3abef80000 rw-p 00000000 00:00 0 
7f3abef80000-7f3abef89000 r-xp 00000000 00:15 172                        /lib/x86_64-linux-gnu/libnss_compat-2.19.so
7f3abef89000-7f3abf188000 ---p 00009000 00:15 172                        /lib/x86_64-linux-gnu/libnss_compat-2.19.so
7f3abf188000-7f3abf189000 r--p 00008000 00:15 172                        /lib/x86_64-linux-gnu/libnss_compat-2.19.so
7f3abf189000-7f3abf18a000 rw-p 00009000 00:15 172                        /lib/x86_64-linux-gnu/libnss_compat-2.19.so
7f3abf18a000-7f3abf1b4000 r-xp 00000000 00:2c 13572364                   /home/ppginf/vdfontoura/jdk1.8.0_45/jre/lib/amd64/libjava.so
7f3abf1b4000-7f3abf3b4000 ---p 0002a000 00:2c 13572364                   /home/ppginf/vdfontoura/jdk1.8.0_45/jre/lib/amd64/libjava.so
7f3abf3b4000-7f3abf3b6000 rw-p 0002a000 00:2c 13572364                   /home/ppginf/vdfontoura/jdk1.8.0_45/jre/lib/amd64/libjava.so
7f3abf3b6000-7f3abf3c3000 r-xp 00000000 00:2c 13572405                   /home/ppginf/vdfontoura/jdk1.8.0_45/jre/lib/amd64/libverify.so
7f3abf3c3000-7f3abf5c3000 ---p 0000d000 00:2c 13572405                   /home/ppginf/vdfontoura/jdk1.8.0_45/jre/lib/amd64/libverify.so
7f3abf5c3000-7f3abf5c5000 rw-p 0000d000 00:2c 13572405                   /home/ppginf/vdfontoura/jdk1.8.0_45/jre/lib/amd64/libverify.so
7f3abf5c5000-7f3abf5cc000 r-xp 00000000 00:15 44                         /lib/x86_64-linux-gnu/librt-2.19.so
7f3abf5cc000-7f3abf7cb000 ---p 00007000 00:15 44                         /lib/x86_64-linux-gnu/librt-2.19.so
7f3abf7cb000-7f3abf7cc000 r--p 00006000 00:15 44                         /lib/x86_64-linux-gnu/librt-2.19.so
7f3abf7cc000-7f3abf7cd000 rw-p 00007000 00:15 44                         /lib/x86_64-linux-gnu/librt-2.19.so
7f3abf7cd000-7f3abf8d2000 r-xp 00000000 00:15 303                        /lib/x86_64-linux-gnu/libm-2.19.so
7f3abf8d2000-7f3abfad1000 ---p 00105000 00:15 303                        /lib/x86_64-linux-gnu/libm-2.19.so
7f3abfad1000-7f3abfad2000 r--p 00104000 00:15 303                        /lib/x86_64-linux-gnu/libm-2.19.so
7f3abfad2000-7f3abfad3000 rw-p 00105000 00:15 303                        /lib/x86_64-linux-gnu/libm-2.19.so
7f3abfad3000-7f3ac0781000 r-xp 00000000 00:2c 13572410                   /home/ppginf/vdfontoura/jdk1.8.0_45/jre/lib/amd64/server/libjvm.so
7f3ac0781000-7f3ac0980000 ---p 00cae000 00:2c 13572410                   /home/ppginf/vdfontoura/jdk1.8.0_45/jre/lib/amd64/server/libjvm.so
7f3ac0980000-7f3ac0a57000 rw-p 00cad000 00:2c 13572410                   /home/ppginf/vdfontoura/jdk1.8.0_45/jre/lib/amd64/server/libjvm.so
7f3ac0a57000-7f3ac0a9b000 rw-p 00000000 00:00 0 
7f3ac0a9b000-7f3ac0c56000 r-xp 00000000 00:15 46                         /lib/x86_64-linux-gnu/libc-2.19.so
7f3ac0c56000-7f3ac0e55000 ---p 001bb000 00:15 46                         /lib/x86_64-linux-gnu/libc-2.19.so
7f3ac0e55000-7f3ac0e59000 r--p 001ba000 00:15 46                         /lib/x86_64-linux-gnu/libc-2.19.so
7f3ac0e59000-7f3ac0e5b000 rw-p 001be000 00:15 46                         /lib/x86_64-linux-gnu/libc-2.19.so
7f3ac0e5b000-7f3ac0e60000 rw-p 00000000 00:00 0 
7f3ac0e60000-7f3ac0e63000 r-xp 00000000 00:15 52                         /lib/x86_64-linux-gnu/libdl-2.19.so
7f3ac0e63000-7f3ac1062000 ---p 00003000 00:15 52                         /lib/x86_64-linux-gnu/libdl-2.19.so
7f3ac1062000-7f3ac1063000 r--p 00002000 00:15 52                         /lib/x86_64-linux-gnu/libdl-2.19.so
7f3ac1063000-7f3ac1064000 rw-p 00003000 00:15 52                         /lib/x86_64-linux-gnu/libdl-2.19.so
7f3ac1064000-7f3ac1079000 r-xp 00000000 00:2c 13572682                   /home/ppginf/vdfontoura/jdk1.8.0_45/lib/amd64/jli/libjli.so
7f3ac1079000-7f3ac1279000 ---p 00015000 00:2c 13572682                   /home/ppginf/vdfontoura/jdk1.8.0_45/lib/amd64/jli/libjli.so
7f3ac1279000-7f3ac127a000 rw-p 00015000 00:2c 13572682                   /home/ppginf/vdfontoura/jdk1.8.0_45/lib/amd64/jli/libjli.so
7f3ac127a000-7f3ac1293000 r-xp 00000000 00:15 48                         /lib/x86_64-linux-gnu/libpthread-2.19.so
7f3ac1293000-7f3ac1492000 ---p 00019000 00:15 48                         /lib/x86_64-linux-gnu/libpthread-2.19.so
7f3ac1492000-7f3ac1493000 r--p 00018000 00:15 48                         /lib/x86_64-linux-gnu/libpthread-2.19.so
7f3ac1493000-7f3ac1494000 rw-p 00019000 00:15 48                         /lib/x86_64-linux-gnu/libpthread-2.19.so
7f3ac1494000-7f3ac1498000 rw-p 00000000 00:00 0 
7f3ac1498000-7f3ac14bb000 r-xp 00000000 00:15 32                         /lib/x86_64-linux-gnu/ld-2.19.so
7f3ac14cd000-7f3ac1577000 rw-p 00000000 00:00 0 
7f3ac1577000-7f3ac157a000 ---p 00000000 00:00 0 
7f3ac157a000-7f3ac167c000 rw-p 00000000 00:00 0                          [stack:31350]
7f3ac1687000-7f3ac1692000 r--s 00116000 00:2c 13572443                   /home/ppginf/vdfontoura/jdk1.8.0_45/jre/lib/ext/localedata.jar
7f3ac1692000-7f3ac16ae000 r--s 00393000 00:2c 13572445                   /home/ppginf/vdfontoura/jdk1.8.0_45/jre/lib/ext/cldrdata.jar
7f3ac16ae000-7f3ac16b6000 rw-s 00000000 00:17 3705260                    /tmp/hsperfdata_vdfontoura/31339
7f3ac16b6000-7f3ac16b7000 rw-p 00000000 00:00 0 
7f3ac16b7000-7f3ac16b8000 ---p 00000000 00:00 0 
7f3ac16b8000-7f3ac16ba000 rw-p 00000000 00:00 0 
7f3ac16ba000-7f3ac16bb000 r--p 00022000 00:15 32                         /lib/x86_64-linux-gnu/ld-2.19.so
7f3ac16bb000-7f3ac16bc000 rw-p 00023000 00:15 32                         /lib/x86_64-linux-gnu/ld-2.19.so
7f3ac16bc000-7f3ac16bd000 rw-p 00000000 00:00 0 
7fff8118c000-7fff811ad000 rw-p 00000000 00:00 0                          [stack]
7fff811da000-7fff811dc000 r--p 00000000 00:00 0                          [vvar]
7fff811dc000-7fff811de000 r-xp 00000000 00:00 0                          [vdso]
ffffffffff600000-ffffffffff601000 r-xp 00000000 00:00 0                  [vsyscall]

VM Arguments:
java_command: ../../target/IBEAHH.jar 5000 2500000 SinglePointCrossover,IntegerTwoPointsCrossover,MultiPointsCrossover BitFlipMutation,LoopMoveOperator,LocalMoveOperator,SegmentMutation,OppositeMoveOperator 200 1.0 1.0 1 1 ibea-result-config1/result-3 0 0 Random PPPPPPHPHHPPPPPHHHPHHHHHPHHPPPPHHPPHHPHHHHHPHHHHHHHHHHPHHPHHHHHHHPPPPPPPPPPPHHHHHHHPPHPHHHPPPPPPHPH false 20
java_class_path (initial): ../../target/IBEAHH.jar
Launcher Type: SUN_STANDARD

Environment Variables:
JAVA_HOME=/home/ppginf/vdfontoura/jdk1.8.0_45/
PATH=/home/ppginf/vdfontoura/jdk1.8.0_45//bin:/usr/local/sbin:/usr/local/bin:/usr/sbin:/usr/bin:/sbin:/bin:/usr/games:/usr/local/games:.:/home/html/inf/silvia/topicos/ferramentas/poketool/bin:/home/html/inf/silvia/topicos/ferramentas/proteum1.4.1/LINUX/bin:/home/ppginf/vdfontoura/tools/apache-maven-3.3.3/bin
SHELL=/bin/bash

Signal Handlers:
SIGSEGV: [libjvm.so+0xaad1e0], sa_mask[0]=11111111011111111101111111111110, sa_flags=SA_RESTART|SA_SIGINFO
SIGBUS: [libjvm.so+0xaad1e0], sa_mask[0]=11111111011111111101111111111110, sa_flags=SA_RESTART|SA_SIGINFO
SIGFPE: [libjvm.so+0x90b450], sa_mask[0]=11111111011111111101111111111110, sa_flags=SA_RESTART|SA_SIGINFO
SIGPIPE: [libjvm.so+0x90b450], sa_mask[0]=11111111011111111101111111111110, sa_flags=SA_RESTART|SA_SIGINFO
SIGXFSZ: [libjvm.so+0x90b450], sa_mask[0]=11111111011111111101111111111110, sa_flags=SA_RESTART|SA_SIGINFO
SIGILL: [libjvm.so+0x90b450], sa_mask[0]=11111111011111111101111111111110, sa_flags=SA_RESTART|SA_SIGINFO
SIGUSR1: SIG_DFL, sa_mask[0]=00000000000000000000000000000000, sa_flags=none
SIGUSR2: [libjvm.so+0x90ca90], sa_mask[0]=00000000000000000000000000000000, sa_flags=SA_RESTART|SA_SIGINFO
SIGHUP: SIG_IGN, sa_mask[0]=00000000000000000000000000000000, sa_flags=none
SIGINT: SIG_IGN, sa_mask[0]=00000000000000000000000000000000, sa_flags=none
SIGTERM: [libjvm.so+0x90dde0], sa_mask[0]=11111111011111111101111111111110, sa_flags=SA_RESTART|SA_SIGINFO
SIGQUIT: [libjvm.so+0x90dde0], sa_mask[0]=11111111011111111101111111111110, sa_flags=SA_RESTART|SA_SIGINFO


---------------  S Y S T E M  ---------------

OS:DISTRIB_ID=LinuxMint
DISTRIB_RELEASE=17
DISTRIB_CODENAME=qiana
DISTRIB_DESCRIPTION="Linux Mint 17 Qiana"

uname:Linux 4.0.1-kernel+ #2 SMP Wed May 6 16:11:56 BRT 2015 x86_64
libc:glibc 2.19 NPTL 2.19 
rlimit: STACK 8192k, CORE 0k, NPROC 30240, NOFILE 4096, AS 20000000k
load average:30.85 27.70 28.07

/proc/meminfo:
MemTotal:       127909028 kB
MemFree:         2268656 kB
MemAvailable:    2272388 kB
Buffers:               0 kB
Cached:           824820 kB
SwapCached:            0 kB
Active:         124675908 kB
Inactive:         190684 kB
Active(anon):   124630500 kB
Inactive(anon):   152684 kB
Active(file):      45408 kB
Inactive(file):    38000 kB
Unevictable:           0 kB
Mlocked:               0 kB
SwapTotal:             0 kB
SwapFree:              0 kB
Dirty:               200 kB
Writeback:             0 kB
AnonPages:      124042080 kB
Mapped:            36676 kB
Shmem:            741412 kB
Slab:             235608 kB
SReclaimable:      92996 kB
SUnreclaim:       142612 kB
KernelStack:       25936 kB
PageTables:       264228 kB
NFS_Unstable:        196 kB
Bounce:                0 kB
WritebackTmp:          0 kB
CommitLimit:    63954512 kB
Committed_AS:   141103348 kB
VmallocTotal:   34359738367 kB
VmallocUsed:      228956 kB
VmallocChunk:   34359500380 kB
HardwareCorrupted:     0 kB
AnonHugePages:         0 kB
HugePages_Total:       0
HugePages_Free:        0
HugePages_Rsvd:        0
HugePages_Surp:        0
Hugepagesize:       2048 kB
DirectMap4k:      454640 kB
DirectMap2M:    60362752 kB
DirectMap1G:    69206016 kB


CPU:total 32 (1 cores per cpu, 1 threads per core) family 16 model 9 stepping 1, cmov, cx8, fxsr, mmx, sse, sse2, sse3, popcnt, mmxext, 3dnowpref, lzcnt, sse4a, tsc

/proc/cpuinfo:
processor	: 0
vendor_id	: AuthenticAMD
cpu family	: 16
model		: 9
model name	: AMD Opteron(tm) Processor 6136
stepping	: 1
microcode	: 0x1000065
cpu MHz		: 2400.142
cache size	: 512 KB
physical id	: 0
siblings	: 1
core id		: 0
cpu cores	: 1
apicid		: 0
initial apicid	: 0
fpu		: yes
fpu_exception	: yes
cpuid level	: 5
wp		: yes
flags		: fpu vme de pse tsc msr pae mce cx8 apic sep mtrr pge mca cmov pat pse36 clflush mmx fxsr sse sse2 syscall nx mmxext fxsr_opt pdpe1gb lm 3dnowext 3dnow rep_good nopl extd_apicid pni cx16 x2apic popcnt hypervisor lahf_lm cmp_legacy svm cr8_legacy abm sse4a misalignsse 3dnowprefetch osvw npt nrip_save vmmcall
bugs		: tlb_mmatch fxsave_leak
bogomips	: 4800.28
TLB size	: 1024 4K pages
clflush size	: 64
cache_alignment	: 64
address sizes	: 40 bits physical, 48 bits virtual
power management:

processor	: 1
vendor_id	: AuthenticAMD
cpu family	: 16
model		: 9
model name	: AMD Opteron(tm) Processor 6136
stepping	: 1
microcode	: 0x1000065
cpu MHz		: 2400.142
cache size	: 512 KB
physical id	: 1
siblings	: 1
core id		: 0
cpu cores	: 1
apicid		: 1
initial apicid	: 1
fpu		: yes
fpu_exception	: yes
cpuid level	: 5
wp		: yes
flags		: fpu vme de pse tsc msr pae mce cx8 apic sep mtrr pge mca cmov pat pse36 clflush mmx fxsr sse sse2 syscall nx mmxext fxsr_opt pdpe1gb lm 3dnowext 3dnow rep_good nopl extd_apicid pni cx16 x2apic popcnt hypervisor lahf_lm cmp_legacy svm cr8_legacy abm sse4a misalignsse 3dnowprefetch osvw npt nrip_save vmmcall
bugs		: tlb_mmatch fxsave_leak
bogomips	: 4800.28
TLB size	: 1024 4K pages
clflush size	: 64
cache_alignment	: 64
address sizes	: 40 bits physical, 48 bits virtual
power management:

processor	: 2
vendor_id	: AuthenticAMD
cpu family	: 16
model		: 9
model name	: AMD Opteron(tm) Processor 6136
stepping	: 1
microcode	: 0x1000065
cpu MHz		: 2400.142
cache size	: 512 KB
physical id	: 2
siblings	: 1
core id		: 0
cpu cores	: 1
apicid		: 2
initial apicid	: 2
fpu		: yes
fpu_exception	: yes
cpuid level	: 5
wp		: yes
flags		: fpu vme de pse tsc msr pae mce cx8 apic sep mtrr pge mca cmov pat pse36 clflush mmx fxsr sse sse2 syscall nx mmxext fxsr_opt pdpe1gb lm 3dnowext 3dnow rep_good nopl extd_apicid pni cx16 x2apic popcnt hypervisor lahf_lm cmp_legacy svm cr8_legacy abm sse4a misalignsse 3dnowprefetch osvw npt nrip_save vmmcall
bugs		: tlb_mmatch fxsave_leak
bogomips	: 4800.28
TLB size	: 1024 4K pages
clflush size	: 64
cache_alignment	: 64
address sizes	: 40 bits physical, 48 bits virtual
power management:

processor	: 3
vendor_id	: AuthenticAMD
cpu family	: 16
model		: 9
model name	: AMD Opteron(tm) Processor 6136
stepping	: 1
microcode	: 0x1000065
cpu MHz		: 2400.142
cache size	: 512 KB
physical id	: 3
siblings	: 1
core id		: 0
cpu cores	: 1
apicid		: 3
initial apicid	: 3
fpu		: yes
fpu_exception	: yes
cpuid level	: 5
wp		: yes
flags		: fpu vme de pse tsc msr pae mce cx8 apic sep mtrr pge mca cmov pat pse36 clflush mmx fxsr sse sse2 syscall nx mmxext fxsr_opt pdpe1gb lm 3dnowext 3dnow rep_good nopl extd_apicid pni cx16 x2apic popcnt hypervisor lahf_lm cmp_legacy svm cr8_legacy abm sse4a misalignsse 3dnowprefetch osvw npt nrip_save vmmcall
bugs		: tlb_mmatch fxsave_leak
bogomips	: 4800.28
TLB size	: 1024 4K pages
clflush size	: 64
cache_alignment	: 64
address sizes	: 40 bits physical, 48 bits virtual
power management:

processor	: 4
vendor_id	: AuthenticAMD
cpu family	: 16
model		: 9
model name	: AMD Opteron(tm) Processor 6136
stepping	: 1
microcode	: 0x1000065
cpu MHz		: 2400.142
cache size	: 512 KB
physical id	: 4
siblings	: 1
core id		: 0
cpu cores	: 1
apicid		: 4
initial apicid	: 4
fpu		: yes
fpu_exception	: yes
cpuid level	: 5
wp		: yes
flags		: fpu vme de pse tsc msr pae mce cx8 apic sep mtrr pge mca cmov pat pse36 clflush mmx fxsr sse sse2 syscall nx mmxext fxsr_opt pdpe1gb lm 3dnowext 3dnow rep_good nopl extd_apicid pni cx16 x2apic popcnt hypervisor lahf_lm cmp_legacy svm cr8_legacy abm sse4a misalignsse 3dnowprefetch osvw npt nrip_save vmmcall
bugs		: tlb_mmatch fxsave_leak
bogomips	: 4800.28
TLB size	: 1024 4K pages
clflush size	: 64
cache_alignment	: 64
address sizes	: 40 bits physical, 48 bits virtual
power management:

processor	: 5
vendor_id	: AuthenticAMD
cpu family	: 16
model		: 9
model name	: AMD Opteron(tm) Processor 6136
stepping	: 1
microcode	: 0x1000065
cpu MHz		: 2400.142
cache size	: 512 KB
physical id	: 5
siblings	: 1
core id		: 0
cpu cores	: 1
apicid		: 5
initial apicid	: 5
fpu		: yes
fpu_exception	: yes
cpuid level	: 5
wp		: yes
flags		: fpu vme de pse tsc msr pae mce cx8 apic sep mtrr pge mca cmov pat pse36 clflush mmx fxsr sse sse2 syscall nx mmxext fxsr_opt pdpe1gb lm 3dnowext 3dnow rep_good nopl extd_apicid pni cx16 x2apic popcnt hypervisor lahf_lm cmp_legacy svm cr8_legacy abm sse4a misalignsse 3dnowprefetch osvw npt nrip_save vmmcall
bugs		: tlb_mmatch fxsave_leak
bogomips	: 4800.28
TLB size	: 1024 4K pages
clflush size	: 64
cache_alignment	: 64
address sizes	: 40 bits physical, 48 bits virtual
power management:

processor	: 6
vendor_id	: AuthenticAMD
cpu family	: 16
model		: 9
model name	: AMD Opteron(tm) Processor 6136
stepping	: 1
microcode	: 0x1000065
cpu MHz		: 2400.142
cache size	: 512 KB
physical id	: 6
siblings	: 1
core id		: 0
cpu cores	: 1
apicid		: 6
initial apicid	: 6
fpu		: yes
fpu_exception	: yes
cpuid level	: 5
wp		: yes
flags		: fpu vme de pse tsc msr pae mce cx8 apic sep mtrr pge mca cmov pat pse36 clflush mmx fxsr sse sse2 syscall nx mmxext fxsr_opt pdpe1gb lm 3dnowext 3dnow rep_good nopl extd_apicid pni cx16 x2apic popcnt hypervisor lahf_lm cmp_legacy svm cr8_legacy abm sse4a misalignsse 3dnowprefetch osvw npt nrip_save vmmcall
bugs		: tlb_mmatch fxsave_leak
bogomips	: 4800.28
TLB size	: 1024 4K pages
clflush size	: 64
cache_alignment	: 64
address sizes	: 40 bits physical, 48 bits virtual
power management:

processor	: 7
vendor_id	: AuthenticAMD
cpu family	: 16
model		: 9
model name	: AMD Opteron(tm) Processor 6136
stepping	: 1
microcode	: 0x1000065
cpu MHz		: 2400.142
cache size	: 512 KB
physical id	: 7
siblings	: 1
core id		: 0
cpu cores	: 1
apicid		: 7
initial apicid	: 7
fpu		: yes
fpu_exception	: yes
cpuid level	: 5
wp		: yes
flags		: fpu vme de pse tsc msr pae mce cx8 apic sep mtrr pge mca cmov pat pse36 clflush mmx fxsr sse sse2 syscall nx mmxext fxsr_opt pdpe1gb lm 3dnowext 3dnow rep_good nopl extd_apicid pni cx16 x2apic popcnt hypervisor lahf_lm cmp_legacy svm cr8_legacy abm sse4a misalignsse 3dnowprefetch osvw npt nrip_save vmmcall
bugs		: tlb_mmatch fxsave_leak
bogomips	: 4800.28
TLB size	: 1024 4K pages
clflush size	: 64
cache_alignment	: 64
address sizes	: 40 bits physical, 48 bits virtual
power management:

processor	: 8
vendor_id	: AuthenticAMD
cpu family	: 16
model		: 9
model name	: AMD Opteron(tm) Processor 6136
stepping	: 1
microcode	: 0x1000065
cpu MHz		: 2400.142
cache size	: 512 KB
physical id	: 8
siblings	: 1
core id		: 0
cpu cores	: 1
apicid		: 8
initial apicid	: 8
fpu		: yes
fpu_exception	: yes
cpuid level	: 5
wp		: yes
flags		: fpu vme de pse tsc msr pae mce cx8 apic sep mtrr pge mca cmov pat pse36 clflush mmx fxsr sse sse2 syscall nx mmxext fxsr_opt pdpe1gb lm 3dnowext 3dnow rep_good nopl extd_apicid pni cx16 x2apic popcnt hypervisor lahf_lm cmp_legacy svm cr8_legacy abm sse4a misalignsse 3dnowprefetch osvw npt nrip_save vmmcall
bugs		: tlb_mmatch fxsave_leak
bogomips	: 4800.28
TLB size	: 1024 4K pages
clflush size	: 64
cache_alignment	: 64
address sizes	: 40 bits physical, 48 bits virtual
power management:

processor	: 9
vendor_id	: AuthenticAMD
cpu family	: 16
model		: 9
model name	: AMD Opteron(tm) Processor 6136
stepping	: 1
microcode	: 0x1000065
cpu MHz		: 2400.142
cache size	: 512 KB
physical id	: 9
siblings	: 1
core id		: 0
cpu cores	: 1
apicid		: 9
initial apicid	: 9
fpu		: yes
fpu_exception	: yes
cpuid level	: 5
wp		: yes
flags		: fpu vme de pse tsc msr pae mce cx8 apic sep mtrr pge mca cmov pat pse36 clflush mmx fxsr sse sse2 syscall nx mmxext fxsr_opt pdpe1gb lm 3dnowext 3dnow rep_good nopl extd_apicid pni cx16 x2apic popcnt hypervisor lahf_lm cmp_legacy svm cr8_legacy abm sse4a misalignsse 3dnowprefetch osvw npt nrip_save vmmcall
bugs		: tlb_mmatch fxsave_leak
bogomips	: 4800.28
TLB size	: 1024 4K pages
clflush size	: 64
cache_alignment	: 64
address sizes	: 40 bits physical, 48 bits virtual
power management:

processor	: 10
vendor_id	: AuthenticAMD
cpu family	: 16
model		: 9
model name	: AMD Opteron(tm) Processor 6136
stepping	: 1
microcode	: 0x1000065
cpu MHz		: 2400.142
cache size	: 512 KB
physical id	: 10
siblings	: 1
core id		: 0
cpu cores	: 1
apicid		: 10
initial apicid	: 10
fpu		: yes
fpu_exception	: yes
cpuid level	: 5
wp		: yes
flags		: fpu vme de pse tsc msr pae mce cx8 apic sep mtrr pge mca cmov pat pse36 clflush mmx fxsr sse sse2 syscall nx mmxext fxsr_opt pdpe1gb lm 3dnowext 3dnow rep_good nopl extd_apicid pni cx16 x2apic popcnt hypervisor lahf_lm cmp_legacy svm cr8_legacy abm sse4a misalignsse 3dnowprefetch osvw npt nrip_save vmmcall
bugs		: tlb_mmatch fxsave_leak
bogomips	: 4800.28
TLB size	: 1024 4K pages
clflush size	: 64
cache_alignment	: 64
address sizes	: 40 bits physical, 48 bits virtual
power management:

processor	: 11
vendor_id	: AuthenticAMD
cpu family	: 16
model		: 9
model name	: AMD Opteron(tm) Processor 6136
stepping	: 1
microcode	: 0x1000065
cpu MHz		: 2400.142
cache size	: 512 KB
physical id	: 11
siblings	: 1
core id		: 0
cpu cores	: 1
apicid		: 11
initial apicid	: 11
fpu		: yes
fpu_exception	: yes
cpuid level	: 5
wp		: yes
flags		: fpu vme de pse tsc msr pae mce cx8 apic sep mtrr pge mca cmov pat pse36 clflush mmx fxsr sse sse2 syscall nx mmxext fxsr_opt pdpe1gb lm 3dnowext 3dnow rep_good nopl extd_apicid pni cx16 x2apic popcnt hypervisor lahf_lm cmp_legacy svm cr8_legacy abm sse4a misalignsse 3dnowprefetch osvw npt nrip_save vmmcall
bugs		: tlb_mmatch fxsave_leak
bogomips	: 4800.28
TLB size	: 1024 4K pages
clflush size	: 64
cache_alignment	: 64
address sizes	: 40 bits physical, 48 bits virtual
power management:

processor	: 12
vendor_id	: AuthenticAMD
cpu family	: 16
model		: 9
model name	: AMD Opteron(tm) Processor 6136
stepping	: 1
microcode	: 0x1000065
cpu MHz		: 2400.142
cache size	: 512 KB
physical id	: 12
siblings	: 1
core id		: 0
cpu cores	: 1
apicid		: 12
initial apicid	: 12
fpu		: yes
fpu_exception	: yes
cpuid level	: 5
wp		: yes
flags		: fpu vme de pse tsc msr pae mce cx8 apic sep mtrr pge mca cmov pat pse36 clflush mmx fxsr sse sse2 syscall nx mmxext fxsr_opt pdpe1gb lm 3dnowext 3dnow rep_good nopl extd_apicid pni cx16 x2apic popcnt hypervisor lahf_lm cmp_legacy svm cr8_legacy abm sse4a misalignsse 3dnowprefetch osvw npt nrip_save vmmcall
bugs		: tlb_mmatch fxsave_leak
bogomips	: 4800.28
TLB size	: 1024 4K pages
clflush size	: 64
cache_alignment	: 64
address sizes	: 40 bits physical, 48 bits virtual
power management:

processor	: 13
vendor_id	: AuthenticAMD
cpu family	: 16
model		: 9
model name	: AMD Opteron(tm) Processor 6136
stepping	: 1
microcode	: 0x1000065
cpu MHz		: 2400.142
cache size	: 512 KB
physical id	: 13
siblings	: 1
core id		: 0
cpu cores	: 1
apicid		: 13
initial apicid	: 13
fpu		: yes
fpu_exception	: yes
cpuid level	: 5
wp		: yes
flags		: fpu vme de pse tsc msr pae mce cx8 apic sep mtrr pge mca cmov pat pse36 clflush mmx fxsr sse sse2 syscall nx mmxext fxsr_opt pdpe1gb lm 3dnowext 3dnow rep_good nopl extd_apicid pni cx16 x2apic popcnt hypervisor lahf_lm cmp_legacy svm cr8_legacy abm sse4a misalignsse 3dnowprefetch osvw npt nrip_save vmmcall
bugs		: tlb_mmatch fxsave_leak
bogomips	: 4800.28
TLB size	: 1024 4K pages
clflush size	: 64
cache_alignment	: 64
address sizes	: 40 bits physical, 48 bits virtual
power management:

processor	: 14
vendor_id	: AuthenticAMD
cpu family	: 16
model		: 9
model name	: AMD Opteron(tm) Processor 6136
stepping	: 1
microcode	: 0x1000065
cpu MHz		: 2400.142
cache size	: 512 KB
physical id	: 14
siblings	: 1
core id		: 0
cpu cores	: 1
apicid		: 14
initial apicid	: 14
fpu		: yes
fpu_exception	: yes
cpuid level	: 5
wp		: yes
flags		: fpu vme de pse tsc msr pae mce cx8 apic sep mtrr pge mca cmov pat pse36 clflush mmx fxsr sse sse2 syscall nx mmxext fxsr_opt pdpe1gb lm 3dnowext 3dnow rep_good nopl extd_apicid pni cx16 x2apic popcnt hypervisor lahf_lm cmp_legacy svm cr8_legacy abm sse4a misalignsse 3dnowprefetch osvw npt nrip_save vmmcall
bugs		: tlb_mmatch fxsave_leak
bogomips	: 4800.28
TLB size	: 1024 4K pages
clflush size	: 64
cache_alignment	: 64
address sizes	: 40 bits physical, 48 bits virtual
power management:

processor	: 15
vendor_id	: AuthenticAMD
cpu family	: 16
model		: 9
model name	: AMD Opteron(tm) Processor 6136
stepping	: 1
microcode	: 0x1000065
cpu MHz		: 2400.142
cache size	: 512 KB
physical id	: 15
siblings	: 1
core id		: 0
cpu cores	: 1
apicid		: 15
initial apicid	: 15
fpu		: yes
fpu_exception	: yes
cpuid level	: 5
wp		: yes
flags		: fpu vme de pse tsc msr pae mce cx8 apic sep mtrr pge mca cmov pat pse36 clflush mmx fxsr sse sse2 syscall nx mmxext fxsr_opt pdpe1gb lm 3dnowext 3dnow rep_good nopl extd_apicid pni cx16 x2apic popcnt hypervisor lahf_lm cmp_legacy svm cr8_legacy abm sse4a misalignsse 3dnowprefetch osvw npt nrip_save vmmcall
bugs		: tlb_mmatch fxsave_leak
bogomips	: 4800.28
TLB size	: 1024 4K pages
clflush size	: 64
cache_alignment	: 64
address sizes	: 40 bits physical, 48 bits virtual
power management:

processor	: 16
vendor_id	: AuthenticAMD
cpu family	: 16
model		: 9
model name	: AMD Opteron(tm) Processor 6136
stepping	: 1
microcode	: 0x1000065
cpu MHz		: 2400.142
cache size	: 512 KB
physical id	: 16
siblings	: 1
core id		: 0
cpu cores	: 1
apicid		: 16
initial apicid	: 16
fpu		: yes
fpu_exception	: yes
cpuid level	: 5
wp		: yes
flags		: fpu vme de pse tsc msr pae mce cx8 apic sep mtrr pge mca cmov pat pse36 clflush mmx fxsr sse sse2 syscall nx mmxext fxsr_opt pdpe1gb lm 3dnowext 3dnow rep_good nopl extd_apicid pni cx16 x2apic popcnt hypervisor lahf_lm cmp_legacy svm cr8_legacy abm sse4a misalignsse 3dnowprefetch osvw npt nrip_save vmmcall
bugs		: tlb_mmatch fxsave_leak
bogomips	: 4800.28
TLB size	: 1024 4K pages
clflush size	: 64
cache_alignment	: 64
address sizes	: 40 bits physical, 48 bits virtual
power management:

processor	: 17
vendor_id	: AuthenticAMD
cpu family	: 16
model		: 9
model name	: AMD Opteron(tm) Processor 6136
stepping	: 1
microcode	: 0x1000065
cpu MHz		: 2400.142
cache size	: 512 KB
physical id	: 17
siblings	: 1
core id		: 0
cpu cores	: 1
apicid		: 17
initial apicid	: 17
fpu		: yes
fpu_exception	: yes
cpuid level	: 5
wp		: yes
flags		: fpu vme de pse tsc msr pae mce cx8 apic sep mtrr pge mca cmov pat pse36 clflush mmx fxsr sse sse2 syscall nx mmxext fxsr_opt pdpe1gb lm 3dnowext 3dnow rep_good nopl extd_apicid pni cx16 x2apic popcnt hypervisor lahf_lm cmp_legacy svm cr8_legacy abm sse4a misalignsse 3dnowprefetch osvw npt nrip_save vmmcall
bugs		: tlb_mmatch fxsave_leak
bogomips	: 4800.28
TLB size	: 1024 4K pages
clflush size	: 64
cache_alignment	: 64
address sizes	: 40 bits physical, 48 bits virtual
power management:

processor	: 18
vendor_id	: AuthenticAMD
cpu family	: 16
model		: 9
model name	: AMD Opteron(tm) Processor 6136
stepping	: 1
microcode	: 0x1000065
cpu MHz		: 2400.142
cache size	: 512 KB
physical id	: 18
siblings	: 1
core id		: 0
cpu cores	: 1
apicid		: 18
initial apicid	: 18
fpu		: yes
fpu_exception	: yes
cpuid level	: 5
wp		: yes
flags		: fpu vme de pse tsc msr pae mce cx8 apic sep mtrr pge mca cmov pat pse36 clflush mmx fxsr sse sse2 syscall nx mmxext fxsr_opt pdpe1gb lm 3dnowext 3dnow rep_good nopl extd_apicid pni cx16 x2apic popcnt hypervisor lahf_lm cmp_legacy svm cr8_legacy abm sse4a misalignsse 3dnowprefetch osvw npt nrip_save vmmcall
bugs		: tlb_mmatch fxsave_leak
bogomips	: 4800.28
TLB size	: 1024 4K pages
clflush size	: 64
cache_alignment	: 64
address sizes	: 40 bits physical, 48 bits virtual
power management:

processor	: 19
vendor_id	: AuthenticAMD
cpu family	: 16
model		: 9
model name	: AMD Opteron(tm) Processor 6136
stepping	: 1
microcode	: 0x1000065
cpu MHz		: 2400.142
cache size	: 512 KB
physical id	: 19
siblings	: 1
core id		: 0
cpu cores	: 1
apicid		: 19
initial apicid	: 19
fpu		: yes
fpu_exception	: yes
cpuid level	: 5
wp		: yes
flags		: fpu vme de pse tsc msr pae mce cx8 apic sep mtrr pge mca cmov pat pse36 clflush mmx fxsr sse sse2 syscall nx mmxext fxsr_opt pdpe1gb lm 3dnowext 3dnow rep_good nopl extd_apicid pni cx16 x2apic popcnt hypervisor lahf_lm cmp_legacy svm cr8_legacy abm sse4a misalignsse 3dnowprefetch osvw npt nrip_save vmmcall
bugs		: tlb_mmatch fxsave_leak
bogomips	: 4800.28
TLB size	: 1024 4K pages
clflush size	: 64
cache_alignment	: 64
address sizes	: 40 bits physical, 48 bits virtual
power management:

processor	: 20
vendor_id	: AuthenticAMD
cpu family	: 16
model		: 9
model name	: AMD Opteron(tm) Processor 6136
stepping	: 1
microcode	: 0x1000065
cpu MHz		: 2400.142
cache size	: 512 KB
physical id	: 20
siblings	: 1
core id		: 0
cpu cores	: 1
apicid		: 20
initial apicid	: 20
fpu		: yes
fpu_exception	: yes
cpuid level	: 5
wp		: yes
flags		: fpu vme de pse tsc msr pae mce cx8 apic sep mtrr pge mca cmov pat pse36 clflush mmx fxsr sse sse2 syscall nx mmxext fxsr_opt pdpe1gb lm 3dnowext 3dnow rep_good nopl extd_apicid pni cx16 x2apic popcnt hypervisor lahf_lm cmp_legacy svm cr8_legacy abm sse4a misalignsse 3dnowprefetch osvw npt nrip_save vmmcall
bugs		: tlb_mmatch fxsave_leak
bogomips	: 4800.28
TLB size	: 1024 4K pages
clflush size	: 64
cache_alignment	: 64
address sizes	: 40 bits physical, 48 bits virtual
power management:

processor	: 21
vendor_id	: AuthenticAMD
cpu family	: 16
model		: 9
model name	: AMD Opteron(tm) Processor 6136
stepping	: 1
microcode	: 0x1000065
cpu MHz		: 2400.142
cache size	: 512 KB
physical id	: 21
siblings	: 1
core id		: 0
cpu cores	: 1
apicid		: 21
initial apicid	: 21
fpu		: yes
fpu_exception	: yes
cpuid level	: 5
wp		: yes
flags		: fpu vme de pse tsc msr pae mce cx8 apic sep mtrr pge mca cmov pat pse36 clflush mmx fxsr sse sse2 syscall nx mmxext fxsr_opt pdpe1gb lm 3dnowext 3dnow rep_good nopl extd_apicid pni cx16 x2apic popcnt hypervisor lahf_lm cmp_legacy svm cr8_legacy abm sse4a misalignsse 3dnowprefetch osvw npt nrip_save vmmcall
bugs		: tlb_mmatch fxsave_leak
bogomips	: 4800.28
TLB size	: 1024 4K pages
clflush size	: 64
cache_alignment	: 64
address sizes	: 40 bits physical, 48 bits virtual
power management:

processor	: 22
vendor_id	: AuthenticAMD
cpu family	: 16
model		: 9
model name	: AMD Opteron(tm) Processor 6136
stepping	: 1
microcode	: 0x1000065
cpu MHz		: 2400.142
cache size	: 512 KB
physical id	: 22
siblings	: 1
core id		: 0
cpu cores	: 1
apicid		: 22
initial apicid	: 22
fpu		: yes
fpu_exception	: yes
cpuid level	: 5
wp		: yes
flags		: fpu vme de pse tsc msr pae mce cx8 apic sep mtrr pge mca cmov pat pse36 clflush mmx fxsr sse sse2 syscall nx mmxext fxsr_opt pdpe1gb lm 3dnowext 3dnow rep_good nopl extd_apicid pni cx16 x2apic popcnt hypervisor lahf_lm cmp_legacy svm cr8_legacy abm sse4a misalignsse 3dnowprefetch osvw npt nrip_save vmmcall
bugs		: tlb_mmatch fxsave_leak
bogomips	: 4800.28
TLB size	: 1024 4K pages
clflush size	: 64
cache_alignment	: 64
address sizes	: 40 bits physical, 48 bits virtual
power management:

processor	: 23
vendor_id	: AuthenticAMD
cpu family	: 16
model		: 9
model name	: AMD Opteron(tm) Processor 6136
stepping	: 1
microcode	: 0x1000065
cpu MHz		: 2400.142
cache size	: 512 KB
physical id	: 23
siblings	: 1
core id		: 0
cpu cores	: 1
apicid		: 23
initial apicid	: 23
fpu		: yes
fpu_exception	: yes
cpuid level	: 5
wp		: yes
flags		: fpu vme de pse tsc msr pae mce cx8 apic sep mtrr pge mca cmov pat pse36 clflush mmx fxsr sse sse2 syscall nx mmxext fxsr_opt pdpe1gb lm 3dnowext 3dnow rep_good nopl extd_apicid pni cx16 x2apic popcnt hypervisor lahf_lm cmp_legacy svm cr8_legacy abm sse4a misalignsse 3dnowprefetch osvw npt nrip_save vmmcall
bugs		: tlb_mmatch fxsave_leak
bogomips	: 4800.28
TLB size	: 1024 4K pages
clflush size	: 64
cache_alignment	: 64
address sizes	: 40 bits physical, 48 bits virtual
power management:

processor	: 24
vendor_id	: AuthenticAMD
cpu family	: 16
model		: 9
model name	: AMD Opteron(tm) Processor 6136
stepping	: 1
microcode	: 0x1000065
cpu MHz		: 2400.142
cache size	: 512 KB
physical id	: 24
siblings	: 1
core id		: 0
cpu cores	: 1
apicid		: 24
initial apicid	: 24
fpu		: yes
fpu_exception	: yes
cpuid level	: 5
wp		: yes
flags		: fpu vme de pse tsc msr pae mce cx8 apic sep mtrr pge mca cmov pat pse36 clflush mmx fxsr sse sse2 syscall nx mmxext fxsr_opt pdpe1gb lm 3dnowext 3dnow rep_good nopl extd_apicid pni cx16 x2apic popcnt hypervisor lahf_lm cmp_legacy svm cr8_legacy abm sse4a misalignsse 3dnowprefetch osvw npt nrip_save vmmcall
bugs		: tlb_mmatch fxsave_leak
bogomips	: 4800.28
TLB size	: 1024 4K pages
clflush size	: 64
cache_alignment	: 64
address sizes	: 40 bits physical, 48 bits virtual
power management:

processor	: 25
vendor_id	: AuthenticAMD
cpu family	: 16
model		: 9
model name	: AMD Opteron(tm) Processor 6136
stepping	: 1
microcode	: 0x1000065
cpu MHz		: 2400.142
cache size	: 512 KB
physical id	: 25
siblings	: 1
core id		: 0
cpu cores	: 1
apicid		: 25
initial apicid	: 25
fpu		: yes
fpu_exception	: yes
cpuid level	: 5
wp		: yes
flags		: fpu vme de pse tsc msr pae mce cx8 apic sep mtrr pge mca cmov pat pse36 clflush mmx fxsr sse sse2 syscall nx mmxext fxsr_opt pdpe1gb lm 3dnowext 3dnow rep_good nopl extd_apicid pni cx16 x2apic popcnt hypervisor lahf_lm cmp_legacy svm cr8_legacy abm sse4a misalignsse 3dnowprefetch osvw npt nrip_save vmmcall
bugs		: tlb_mmatch fxsave_leak
bogomips	: 4800.28
TLB size	: 1024 4K pages
clflush size	: 64
cache_alignment	: 64
address sizes	: 40 bits physical, 48 bits virtual
power management:

processor	: 26
vendor_id	: AuthenticAMD
cpu family	: 16
model		: 9
model name	: AMD Opteron(tm) Processor 6136
stepping	: 1
microcode	: 0x1000065
cpu MHz		: 2400.142
cache size	: 512 KB
physical id	: 26
siblings	: 1
core id		: 0
cpu cores	: 1
apicid		: 26
initial apicid	: 26
fpu		: yes
fpu_exception	: yes
cpuid level	: 5
wp		: yes
flags		: fpu vme de pse tsc msr pae mce cx8 apic sep mtrr pge mca cmov pat pse36 clflush mmx fxsr sse sse2 syscall nx mmxext fxsr_opt pdpe1gb lm 3dnowext 3dnow rep_good nopl extd_apicid pni cx16 x2apic popcnt hypervisor lahf_lm cmp_legacy svm cr8_legacy abm sse4a misalignsse 3dnowprefetch osvw npt nrip_save vmmcall
bugs		: tlb_mmatch fxsave_leak
bogomips	: 4800.28
TLB size	: 1024 4K pages
clflush size	: 64
cache_alignment	: 64
address sizes	: 40 bits physical, 48 bits virtual
power management:

processor	: 27
vendor_id	: AuthenticAMD
cpu family	: 16
model		: 9
model name	: AMD Opteron(tm) Processor 6136
stepping	: 1
microcode	: 0x1000065
cpu MHz		: 2400.142
cache size	: 512 KB
physical id	: 27
siblings	: 1
core id		: 0
cpu cores	: 1
apicid		: 27
initial apicid	: 27
fpu		: yes
fpu_exception	: yes
cpuid level	: 5
wp		: yes
flags		: fpu vme de pse tsc msr pae mce cx8 apic sep mtrr pge mca cmov pat pse36 clflush mmx fxsr sse sse2 syscall nx mmxext fxsr_opt pdpe1gb lm 3dnowext 3dnow rep_good nopl extd_apicid pni cx16 x2apic popcnt hypervisor lahf_lm cmp_legacy svm cr8_legacy abm sse4a misalignsse 3dnowprefetch osvw npt nrip_save vmmcall
bugs		: tlb_mmatch fxsave_leak
bogomips	: 4800.28
TLB size	: 1024 4K pages
clflush size	: 64
cache_alignment	: 64
address sizes	: 40 bits physical, 48 bits virtual
power management:

processor	: 28
vendor_id	: AuthenticAMD
cpu family	: 16
model		: 9
model name	: AMD Opteron(tm) Processor 6136
stepping	: 1
microcode	: 0x1000065
cpu MHz		: 2400.142
cache size	: 512 KB
physical id	: 28
siblings	: 1
core id		: 0
cpu cores	: 1
apicid		: 28
initial apicid	: 28
fpu		: yes
fpu_exception	: yes
cpuid level	: 5
wp		: yes
flags		: fpu vme de pse tsc msr pae mce cx8 apic sep mtrr pge mca cmov pat pse36 clflush mmx fxsr sse sse2 syscall nx mmxext fxsr_opt pdpe1gb lm 3dnowext 3dnow rep_good nopl extd_apicid pni cx16 x2apic popcnt hypervisor lahf_lm cmp_legacy svm cr8_legacy abm sse4a misalignsse 3dnowprefetch osvw npt nrip_save vmmcall
bugs		: tlb_mmatch fxsave_leak
bogomips	: 4800.28
TLB size	: 1024 4K pages
clflush size	: 64
cache_alignment	: 64
address sizes	: 40 bits physical, 48 bits virtual
power management:

processor	: 29
vendor_id	: AuthenticAMD
cpu family	: 16
model		: 9
model name	: AMD Opteron(tm) Processor 6136
stepping	: 1
microcode	: 0x1000065
cpu MHz		: 2400.142
cache size	: 512 KB
physical id	: 29
siblings	: 1
core id		: 0
cpu cores	: 1
apicid		: 29
initial apicid	: 29
fpu		: yes
fpu_exception	: yes
cpuid level	: 5
wp		: yes
flags		: fpu vme de pse tsc msr pae mce cx8 apic sep mtrr pge mca cmov pat pse36 clflush mmx fxsr sse sse2 syscall nx mmxext fxsr_opt pdpe1gb lm 3dnowext 3dnow rep_good nopl extd_apicid pni cx16 x2apic popcnt hypervisor lahf_lm cmp_legacy svm cr8_legacy abm sse4a misalignsse 3dnowprefetch osvw npt nrip_save vmmcall
bugs		: tlb_mmatch fxsave_leak
bogomips	: 4800.28
TLB size	: 1024 4K pages
clflush size	: 64
cache_alignment	: 64
address sizes	: 40 bits physical, 48 bits virtual
power management:

processor	: 30
vendor_id	: AuthenticAMD
cpu family	: 16
model		: 9
model name	: AMD Opteron(tm) Processor 6136
stepping	: 1
microcode	: 0x1000065
cpu MHz		: 2400.142
cache size	: 512 KB
physical id	: 30
siblings	: 1
core id		: 0
cpu cores	: 1
apicid		: 30
initial apicid	: 30
fpu		: yes
fpu_exception	: yes
cpuid level	: 5
wp		: yes
flags		: fpu vme de pse tsc msr pae mce cx8 apic sep mtrr pge mca cmov pat pse36 clflush mmx fxsr sse sse2 syscall nx mmxext fxsr_opt pdpe1gb lm 3dnowext 3dnow rep_good nopl extd_apicid pni cx16 x2apic popcnt hypervisor lahf_lm cmp_legacy svm cr8_legacy abm sse4a misalignsse 3dnowprefetch osvw npt nrip_save vmmcall
bugs		: tlb_mmatch fxsave_leak
bogomips	: 4800.28
TLB size	: 1024 4K pages
clflush size	: 64
cache_alignment	: 64
address sizes	: 40 bits physical, 48 bits virtual
power management:

processor	: 31
vendor_id	: AuthenticAMD
cpu family	: 16
model		: 9
model name	: AMD Opteron(tm) Processor 6136
stepping	: 1
microcode	: 0x1000065
cpu MHz		: 2400.142
cache size	: 512 KB
physical id	: 31
siblings	: 1
core id		: 0
cpu cores	: 1
apicid		: 31
initial apicid	: 31
fpu		: yes
fpu_exception	: yes
cpuid level	: 5
wp		: yes
flags		: fpu vme de pse tsc msr pae mce cx8 apic sep mtrr pge mca cmov pat pse36 clflush mmx fxsr sse sse2 syscall nx mmxext fxsr_opt pdpe1gb lm 3dnowext 3dnow rep_good nopl extd_apicid pni cx16 x2apic popcnt hypervisor lahf_lm cmp_legacy svm cr8_legacy abm sse4a misalignsse 3dnowprefetch osvw npt nrip_save vmmcall
bugs		: tlb_mmatch fxsave_leak
bogomips	: 4800.28
TLB size	: 1024 4K pages
clflush size	: 64
cache_alignment	: 64
address sizes	: 40 bits physical, 48 bits virtual
power management:



Memory: 4k page, physical 127909028k(2268656k free), swap 0k(0k free)

vm_info: Java HotSpot(TM) 64-Bit Server VM (25.45-b02) for linux-amd64 JRE (1.8.0_45-b14), built on Apr 10 2015 10:07:45 by "java_re" with gcc 4.3.0 20080428 (Red Hat 4.3.0-8)

time: Mon Jan  4 18:01:44 2016
elapsed time: 5439 seconds (0d 1h 30m 39s)

