#
# There is insufficient memory for the Java Runtime Environment to continue.
# Native memory allocation (mmap) failed to map 1386741760 bytes for committing reserved memory.
# Possible reasons:
#   The system is out of physical RAM or swap space
#   In 32 bit mode, the process size limit was hit
# Possible solutions:
#   Reduce memory load on the system
#   Increase physical memory or swap space
#   Check if swap backing store is full
#   Use 64 bit Java on a 64 bit OS
#   Decrease Java heap size (-Xmx/-Xms)
#   Decrease number of Java threads
#   Decrease Java thread stack sizes (-Xss)
#   Set larger code cache with -XX:ReservedCodeCacheSize=
# This output file may be truncated or incomplete.
#
#  Out of Memory Error (os_linux.cpp:2673), pid=31344, tid=140246573860608
#
# JRE version: Java(TM) SE Runtime Environment (8.0_45-b14) (build 1.8.0_45-b14)
# Java VM: Java HotSpot(TM) 64-Bit Server VM (25.45-b02 mixed mode linux-amd64 compressed oops)
# Failed to write core dump. Core dumps have been disabled. To enable core dumping, try "ulimit -c unlimited" before starting Java again
#

---------------  T H R E A D  ---------------

Current thread (0x00007f8e3c3c6000):  VMThread [stack: 0x00007f8db3274000,0x00007f8db3375000] [id=31595]

Stack: [0x00007f8db3274000,0x00007f8db3375000],  sp=0x00007f8db3372fe0,  free space=1019k
Native frames: (J=compiled Java code, j=interpreted, Vv=VM code, C=native code)
V  [libjvm.so+0xaac99a]  VMError::report_and_die()+0x2ba
V  [libjvm.so+0x4f333b]  report_vm_out_of_memory(char const*, int, unsigned long, VMErrorType, char const*)+0x8b
V  [libjvm.so+0x90e7c3]  os::Linux::commit_memory_impl(char*, unsigned long, bool)+0x103
V  [libjvm.so+0x90ed19]  os::pd_commit_memory(char*, unsigned long, unsigned long, bool)+0x29
V  [libjvm.so+0x90867a]  os::commit_memory(char*, unsigned long, unsigned long, bool)+0x2a
V  [libjvm.so+0x97bac3]  PSVirtualSpace::expand_by(unsigned long)+0x53
V  [libjvm.so+0x96c320]  PSOldGen::expand(unsigned long)+0x170
V  [libjvm.so+0x96c52b]  PSOldGen::resize(unsigned long)+0x1cb
V  [libjvm.so+0x974241]  PSParallelCompact::invoke_no_policy(bool)+0x9d1
V  [libjvm.so+0x979bed]  PSScavenge::invoke()+0x1ad
V  [libjvm.so+0x932050]  ParallelScavengeHeap::failed_mem_allocate(unsigned long)+0x70
V  [libjvm.so+0xaae1d7]  VM_ParallelGCFailedAllocation::doit()+0x97
V  [libjvm.so+0xab59c5]  VM_Operation::evaluate()+0x55
V  [libjvm.so+0xab3d9a]  VMThread::evaluate_operation(VM_Operation*)+0xba
V  [libjvm.so+0xab411e]  VMThread::loop()+0x1ce
V  [libjvm.so+0xab4590]  VMThread::run()+0x70
V  [libjvm.so+0x910de8]  java_start(Thread*)+0x108

VM_Operation (0x00007f8db17991a0): ParallelGCFailedAllocation, mode: safepoint, requested by thread 0x00007f8e3c4ab800


---------------  P R O C E S S  ---------------

Java Threads: ( => current thread )
  0x00007f8e3c4ab800 JavaThread "pool-1-thread-1" [_thread_blocked, id=31806, stack(0x00007f8db169a000,0x00007f8db179b000)]
  0x00007f8e3c420800 JavaThread "Service Thread" daemon [_thread_blocked, id=31788, stack(0x00007f8db19a9000,0x00007f8db1aaa000)]
  0x00007f8e3c41b000 JavaThread "C1 CompilerThread14" daemon [_thread_blocked, id=31743, stack(0x00007f8db1aaa000,0x00007f8db1bab000)]
  0x00007f8e3c419000 JavaThread "C1 CompilerThread13" daemon [_thread_blocked, id=31728, stack(0x00007f8db1bab000,0x00007f8db1cac000)]
  0x00007f8e3c417800 JavaThread "C1 CompilerThread12" daemon [_thread_blocked, id=31722, stack(0x00007f8db1cac000,0x00007f8db1dad000)]
  0x00007f8e3c415800 JavaThread "C1 CompilerThread11" daemon [_thread_blocked, id=31717, stack(0x00007f8db1dad000,0x00007f8db1eae000)]
  0x00007f8e3c413800 JavaThread "C1 CompilerThread10" daemon [_thread_blocked, id=31708, stack(0x00007f8db1eae000,0x00007f8db1faf000)]
  0x00007f8e3c411800 JavaThread "C2 CompilerThread9" daemon [_thread_blocked, id=31706, stack(0x00007f8db1faf000,0x00007f8db20b0000)]
  0x00007f8e3c40f800 JavaThread "C2 CompilerThread8" daemon [_thread_blocked, id=31703, stack(0x00007f8db20b0000,0x00007f8db21b1000)]
  0x00007f8e3c40e000 JavaThread "C2 CompilerThread7" daemon [_thread_blocked, id=31699, stack(0x00007f8db21b1000,0x00007f8db22b2000)]
  0x00007f8e3c40c000 JavaThread "C2 CompilerThread6" daemon [_thread_blocked, id=31694, stack(0x00007f8db22b2000,0x00007f8db23b3000)]
  0x00007f8e3c40a000 JavaThread "C2 CompilerThread5" daemon [_thread_blocked, id=31689, stack(0x00007f8db23b3000,0x00007f8db24b4000)]
  0x00007f8e3c408000 JavaThread "C2 CompilerThread4" daemon [_thread_blocked, id=31684, stack(0x00007f8db24b4000,0x00007f8db25b5000)]
  0x00007f8e3c406000 JavaThread "C2 CompilerThread3" daemon [_thread_blocked, id=31681, stack(0x00007f8db25b5000,0x00007f8db26b6000)]
  0x00007f8e3c402000 JavaThread "C2 CompilerThread2" daemon [_thread_blocked, id=31672, stack(0x00007f8db26b6000,0x00007f8db27b7000)]
  0x00007f8e3c400000 JavaThread "C2 CompilerThread1" daemon [_thread_blocked, id=31667, stack(0x00007f8db27b7000,0x00007f8db28b8000)]
  0x00007f8e3c3fd800 JavaThread "C2 CompilerThread0" daemon [_thread_blocked, id=31644, stack(0x00007f8db28b8000,0x00007f8db29b9000)]
  0x00007f8e3c3fb000 JavaThread "Signal Dispatcher" daemon [_thread_blocked, id=31638, stack(0x00007f8db29b9000,0x00007f8db2aba000)]
  0x00007f8e3c3cd000 JavaThread "Finalizer" daemon [_thread_blocked, id=31610, stack(0x00007f8db3072000,0x00007f8db3173000)]
  0x00007f8e3c3cb000 JavaThread "Reference Handler" daemon [_thread_blocked, id=31601, stack(0x00007f8db3173000,0x00007f8db3274000)]
  0x00007f8e3c00a800 JavaThread "main" [_thread_blocked, id=31347, stack(0x00007f8e42677000,0x00007f8e42778000)]

Other Threads:
=>0x00007f8e3c3c6000 VMThread [stack: 0x00007f8db3274000,0x00007f8db3375000] [id=31595]
  0x00007f8e3c423000 WatcherThread [stack: 0x00007f8db18a8000,0x00007f8db19a9000] [id=31794]

VM state:at safepoint (normal execution)

VM Mutex/Monitor currently owned by a thread:  ([mutex/lock_event])
[0x00007f8e3c005ae0] ExpandHeap_lock - owner thread: 0x00007f8e3c3c6000
[0x00007f8e3c006160] Threads_lock - owner thread: 0x00007f8e3c3c6000
[0x00007f8e3c006660] Heap_lock - owner thread: 0x00007f8e3c4ab800

Heap:
 PSYoungGen      total 2131456K, used 171300K [0x00000006f4900000, 0x00000007c0000000, 0x00000007c0000000)
  eden space 1670144K, 0% used [0x00000006f4900000,0x00000006f4900000,0x000000075a800000)
  from space 461312K, 37% used [0x00000007a3d80000,0x00000007ae4c9228,0x00000007c0000000)
  to   space 831488K, 0% used [0x000000075a800000,0x000000075a800000,0x000000078d400000)
 ParOldGen       total 1588224K, used 1588038K [0x000000055da00000, 0x00000005be900000, 0x00000006f4900000)
  object space 1588224K, 99% used [0x000000055da00000,0x00000005be8d1b30,0x00000005be900000)
 Metaspace       used 5285K, capacity 5456K, committed 5632K, reserved 1056768K
  class space    used 585K, capacity 668K, committed 768K, reserved 1048576K

Card table byte_map: [0x00007f8e2aed2000,0x00007f8e2c1e6000] byte_map_base: 0x00007f8e283e5000

Marking Bits: (ParMarkBitMap*) 0x00007f8e41b70760
 Begin Bits: [0x00007f8db8ed0000, 0x00007f8dc2768000)
 End Bits:   [0x00007f8dc2768000, 0x00007f8dcc000000)

Polling page: 0x00007f8e427b7000

CodeCache: size=245760Kb used=5476Kb max_used=5485Kb free=240283Kb
 bounds [0x00007f8e2c5a6000, 0x00007f8e2cb16000, 0x00007f8e3b5a6000]
 total_blobs=1049 nmethods=752 adapters=209
 compilation: enabled

Compilation events (10 events):
Event: 2461.245 Thread 0x00007f8e3c41b000  853 %     3       edu.ufpr.cbio.psp.algorithms.hyperheuristic.IBEAHyperHeuristic::execute @ 230 (505 bytes)
Event: 2461.251 Thread 0x00007f8e3c41b000 nmethod 853% 0x00007f8e2caffad0 code [0x00007f8e2cafffe0, 0x00007f8e2cb02f78]
Event: 2461.284 Thread 0x00007f8e3c408000  854       4       java.util.ArrayList::iterator (10 bytes)
Event: 2461.287 Thread 0x00007f8e3c408000 nmethod 854 0x00007f8e2ca842d0 code [0x00007f8e2ca84420, 0x00007f8e2ca844f8]
Event: 2461.293 Thread 0x00007f8e3c413800  855       3       edu.ufpr.cbio.psp.algorithms.hyperheuristic.IBEAHyperHeuristic::execute (505 bytes)
Event: 2461.299 Thread 0x00007f8e3c413800 nmethod 855 0x00007f8e2cb05150 code [0x00007f8e2cb05660, 0x00007f8e2cb083d8]
Event: 2461.315 Thread 0x00007f8e3c413800  856       3       java.util.HashMap::treeifyBin (110 bytes)
Event: 2461.317 Thread 0x00007f8e3c413800 nmethod 856 0x00007f8e2cadbad0 code [0x00007f8e2cadbca0, 0x00007f8e2cadc428]
Event: 2462.365 Thread 0x00007f8e3c408000  857       4       edu.ufpr.cbio.psp.algorithms.hyperheuristic.IBEAHyperHeuristic::computeIndicatorValuesHD (246 bytes)
Event: 2462.450 Thread 0x00007f8e3c408000 nmethod 857 0x00007f8e2cb0a450 code [0x00007f8e2cb0a740, 0x00007f8e2cb0be38]

GC Heap History (10 events):
Event: 2463.974 GC heap after
Heap after GC invocations=1075 (full 0):
 PSYoungGen      total 2963456K, used 112869K [0x00000006f4900000, 0x00000007c0000000, 0x00000007c0000000)
  eden space 2715136K, 0% used [0x00000006f4900000,0x00000006f4900000,0x000000079a480000)
  from space 248320K, 45% used [0x000000079a480000,0x00000007a12b97e0,0x00000007a9700000)
  to   space 246272K, 0% used [0x00000007b0f80000,0x00000007b0f80000,0x00000007c0000000)
 ParOldGen       total 1332736K, used 775284K [0x000000055da00000, 0x00000005aef80000, 0x00000006f4900000)
  object space 1332736K, 58% used [0x000000055da00000,0x000000058cf1d0a0,0x00000005aef80000)
 Metaspace       used 5285K, capacity 5456K, committed 5632K, reserved 1056768K
  class space    used 585K, capacity 668K, committed 768K, reserved 1048576K
}
Event: 2471.507 GC heap before
{Heap before GC invocations=1076 (full 0):
 PSYoungGen      total 2963456K, used 2828005K [0x00000006f4900000, 0x00000007c0000000, 0x00000007c0000000)
  eden space 2715136K, 100% used [0x00000006f4900000,0x000000079a480000,0x000000079a480000)
  from space 248320K, 45% used [0x000000079a480000,0x00000007a12b97e0,0x00000007a9700000)
  to   space 246272K, 0% used [0x00000007b0f80000,0x00000007b0f80000,0x00000007c0000000)
 ParOldGen       total 1332736K, used 775284K [0x000000055da00000, 0x00000005aef80000, 0x00000006f4900000)
  object space 1332736K, 58% used [0x000000055da00000,0x000000058cf1d0a0,0x00000005aef80000)
 Metaspace       used 5285K, capacity 5456K, committed 5632K, reserved 1056768K
  class space    used 585K, capacity 668K, committed 768K, reserved 1048576K
Event: 2472.521 GC heap after
Heap after GC invocations=1076 (full 0):
 PSYoungGen      total 2656768K, used 246261K [0x00000006f4900000, 0x00000007c0000000, 0x00000007c0000000)
  eden space 2410496K, 0% used [0x00000006f4900000,0x00000006f4900000,0x0000000787b00000)
  from space 246272K, 99% used [0x00000007b0f80000,0x00000007bfffd568,0x00000007c0000000)
  to   space 461312K, 0% used [0x0000000787b00000,0x0000000787b00000,0x00000007a3d80000)
 ParOldGen       total 1332736K, used 1230630K [0x000000055da00000, 0x00000005aef80000, 0x00000006f4900000)
  object space 1332736K, 92% used [0x000000055da00000,0x00000005a8bc98a8,0x00000005aef80000)
 Metaspace       used 5285K, capacity 5456K, committed 5632K, reserved 1056768K
  class space    used 585K, capacity 668K, committed 768K, reserved 1048576K
}
Event: 2472.521 GC heap before
{Heap before GC invocations=1077 (full 1):
 PSYoungGen      total 2656768K, used 246261K [0x00000006f4900000, 0x00000007c0000000, 0x00000007c0000000)
  eden space 2410496K, 0% used [0x00000006f4900000,0x00000006f4900000,0x0000000787b00000)
  from space 246272K, 99% used [0x00000007b0f80000,0x00000007bfffd568,0x00000007c0000000)
  to   space 461312K, 0% used [0x0000000787b00000,0x0000000787b00000,0x00000007a3d80000)
 ParOldGen       total 1332736K, used 1230630K [0x000000055da00000, 0x00000005aef80000, 0x00000006f4900000)
  object space 1332736K, 92% used [0x000000055da00000,0x00000005a8bc98a8,0x00000005aef80000)
 Metaspace       used 5285K, capacity 5456K, committed 5632K, reserved 1056768K
  class space    used 585K, capacity 668K, committed 768K, reserved 1048576K
Event: 2474.330 GC heap after
Heap after GC invocations=1077 (full 1):
 PSYoungGen      total 2656768K, used 0K [0x00000006f4900000, 0x00000007c0000000, 0x00000007c0000000)
  eden space 2410496K, 0% used [0x00000006f4900000,0x00000006f4900000,0x0000000787b00000)
  from space 246272K, 0% used [0x00000007b0f80000,0x00000007b0f80000,0x00000007c0000000)
  to   space 461312K, 0% used [0x0000000787b00000,0x0000000787b00000,0x00000007a3d80000)
 ParOldGen       total 1588224K, used 716223K [0x000000055da00000, 0x00000005be900000, 0x00000006f4900000)
  object space 1588224K, 45% used [0x000000055da00000,0x000000058956fd48,0x00000005be900000)
 Metaspace       used 5285K, capacity 5456K, committed 5632K, reserved 1056768K
  class space    used 585K, capacity 668K, committed 768K, reserved 1048576K
}
Event: 2481.522 GC heap before
{Heap before GC invocations=1078 (full 1):
 PSYoungGen      total 2656768K, used 2410496K [0x00000006f4900000, 0x00000007c0000000, 0x00000007c0000000)
  eden space 2410496K, 100% used [0x00000006f4900000,0x0000000787b00000,0x0000000787b00000)
  from space 246272K, 0% used [0x00000007b0f80000,0x00000007b0f80000,0x00000007c0000000)
  to   space 461312K, 0% used [0x0000000787b00000,0x0000000787b00000,0x00000007a3d80000)
 ParOldGen       total 1588224K, used 716223K [0x000000055da00000, 0x00000005be900000, 0x00000006f4900000)
  object space 1588224K, 45% used [0x000000055da00000,0x000000058956fd48,0x00000005be900000)
 Metaspace       used 5285K, capacity 5456K, committed 5632K, reserved 1056768K
  class space    used 585K, capacity 668K, committed 768K, reserved 1048576K
Event: 2482.124 GC heap after
Heap after GC invocations=1078 (full 1):
 PSYoungGen      total 2871808K, used 461285K [0x00000006f4900000, 0x00000007c0000000, 0x00000007c0000000)
  eden space 2410496K, 0% used [0x00000006f4900000,0x00000006f4900000,0x0000000787b00000)
  from space 461312K, 99% used [0x0000000787b00000,0x00000007a3d79750,0x00000007a3d80000)
  to   space 461312K, 0% used [0x00000007a3d80000,0x00000007a3d80000,0x00000007c0000000)
 ParOldGen       total 1588224K, used 777243K [0x000000055da00000, 0x00000005be900000, 0x00000006f4900000)
  object space 1588224K, 48% used [0x000000055da00000,0x000000058d106fd8,0x00000005be900000)
 Metaspace       used 5285K, capacity 5456K, committed 5632K, reserved 1056768K
  class space    used 585K, capacity 668K, committed 768K, reserved 1048576K
}
Event: 2492.256 GC heap before
{Heap before GC invocations=1079 (full 1):
 PSYoungGen      total 2871808K, used 2871781K [0x00000006f4900000, 0x00000007c0000000, 0x00000007c0000000)
  eden space 2410496K, 100% used [0x00000006f4900000,0x0000000787b00000,0x0000000787b00000)
  from space 461312K, 99% used [0x0000000787b00000,0x00000007a3d79750,0x00000007a3d80000)
  to   space 461312K, 0% used [0x00000007a3d80000,0x00000007a3d80000,0x00000007c0000000)
 ParOldGen       total 1588224K, used 777243K [0x000000055da00000, 0x00000005be900000, 0x00000006f4900000)
  object space 1588224K, 48% used [0x000000055da00000,0x000000058d106fd8,0x00000005be900000)
 Metaspace       used 5285K, capacity 5456K, committed 5632K, reserved 1056768K
  class space    used 585K, capacity 668K, committed 768K, reserved 1048576K
Event: 2493.297 GC heap after
Heap after GC invocations=1079 (full 1):
 PSYoungGen      total 2131456K, used 461288K [0x00000006f4900000, 0x00000007c0000000, 0x00000007c0000000)
  eden space 1670144K, 0% used [0x00000006f4900000,0x00000006f4900000,0x000000075a800000)
  from space 461312K, 99% used [0x00000007a3d80000,0x00000007bfffa2b0,0x00000007c0000000)
  to   space 831488K, 0% used [0x000000075a800000,0x000000075a800000,0x000000078d400000)
 ParOldGen       total 1588224K, used 1300603K [0x000000055da00000, 0x00000005be900000, 0x00000006f4900000)
  object space 1588224K, 81% used [0x000000055da00000,0x00000005ad01ecb0,0x00000005be900000)
 Metaspace       used 5285K, capacity 5456K, committed 5632K, reserved 1056768K
  class space    used 585K, capacity 668K, committed 768K, reserved 1048576K
}
Event: 2493.297 GC heap before
{Heap before GC invocations=1080 (full 2):
 PSYoungGen      total 2131456K, used 461288K [0x00000006f4900000, 0x00000007c0000000, 0x00000007c0000000)
  eden space 1670144K, 0% used [0x00000006f4900000,0x00000006f4900000,0x000000075a800000)
  from space 461312K, 99% used [0x00000007a3d80000,0x00000007bfffa2b0,0x00000007c0000000)
  to   space 831488K, 0% used [0x000000075a800000,0x000000075a800000,0x000000078d400000)
 ParOldGen       total 1588224K, used 1300603K [0x000000055da00000, 0x00000005be900000, 0x00000006f4900000)
  object space 1588224K, 81% used [0x000000055da00000,0x00000005ad01ecb0,0x00000005be900000)
 Metaspace       used 5285K, capacity 5456K, committed 5632K, reserved 1056768K
  class space    used 585K, capacity 668K, committed 768K, reserved 1048576K

Deoptimization events (10 events):
Event: 523.663 Thread 0x00007f8e3c4ab800 Uncommon trap: reason=unstable_if action=reinterpret pc=0x00007f8e2ca118f4 method=java.util.HashMap.putVal(ILjava/lang/Object;Ljava/lang/Object;ZZ)Ljava/lang/Object; @ 94
Event: 523.663 Thread 0x00007f8e3c4ab800 Uncommon trap: reason=unstable_if action=reinterpret pc=0x00007f8e2ca0eee8 method=java.util.HashMap.putVal(ILjava/lang/Object;Ljava/lang/Object;ZZ)Ljava/lang/Object; @ 94
Event: 523.663 Thread 0x00007f8e3c4ab800 Uncommon trap: reason=unstable_if action=reinterpret pc=0x00007f8e2ca10470 method=java.util.HashMap.putVal(ILjava/lang/Object;Ljava/lang/Object;ZZ)Ljava/lang/Object; @ 94
Event: 523.663 Thread 0x00007f8e3c4ab800 Uncommon trap: reason=unstable_if action=reinterpret pc=0x00007f8e2ca0dcb0 method=java.util.HashMap.putVal(ILjava/lang/Object;Ljava/lang/Object;ZZ)Ljava/lang/Object; @ 94
Event: 1109.463 Thread 0x00007f8e3c4ab800 Uncommon trap: reason=unstable_if action=reinterpret pc=0x00007f8e2c95293c method=edu.ufpr.cbio.psp.algorithms.backtrack.initialization.BacktrackInitialization.move(IILjava/lang/String;)Z @ 154
Event: 1666.089 Thread 0x00007f8e3c4ab800 Uncommon trap: reason=unstable_if action=reinterpret pc=0x00007f8e2c8e19b0 method=java.util.HashMap.putVal(ILjava/lang/Object;Ljava/lang/Object;ZZ)Ljava/lang/Object; @ 206
Event: 2419.692 Thread 0x00007f8e3c4ab800 Uncommon trap: reason=unstable_if action=reinterpret pc=0x00007f8e2c9c51f0 method=org.uma.jmetal.util.comparator.DominanceComparator.compare(Lorg/uma/jmetal/core/Solution;Lorg/uma/jmetal/core/Solution;)I @ 85
Event: 2457.749 Thread 0x00007f8e3c4ab800 Uncommon trap: reason=predicate action=maybe_recompile pc=0x00007f8e2c8f8364 method=java.util.ArrayList.indexOf(Ljava/lang/Object;)I @ 44
Event: 2457.749 Thread 0x00007f8e3c4ab800 Uncommon trap: reason=predicate action=maybe_recompile pc=0x00007f8e2c94b45c method=java.util.ArrayList.indexOf(Ljava/lang/Object;)I @ 44
Event: 2457.752 Thread 0x00007f8e3c4ab800 Uncommon trap: reason=unstable_if action=reinterpret pc=0x00007f8e2ca64e10 method=edu.ufpr.cbio.psp.problem.PSPProblem.evaluate(Lorg/uma/jmetal/core/Solution;)V @ 330

Internal exceptions (8 events):
Event: 0.401 Thread 0x00007f8e3c00a800 Exception <a 'java/lang/NoSuchMethodError': Method sun.misc.Unsafe.defineClass(Ljava/lang/String;[BII)Ljava/lang/Class; name or signature does not match> (0x00000006f4912a50) thrown at [/RE-WORK/workspace/8-2-build-linux-amd64/jdk8u45/3457/hotspot/src/sha
Event: 0.401 Thread 0x00007f8e3c00a800 Exception <a 'java/lang/NoSuchMethodError': Method sun.misc.Unsafe.prefetchRead(Ljava/lang/Object;J)V name or signature does not match> (0x00000006f4912ce0) thrown at [/RE-WORK/workspace/8-2-build-linux-amd64/jdk8u45/3457/hotspot/src/share/vm/prims/jni.cp
Event: 0.877 Thread 0x00007f8e3c00a800 Exception <a 'java/security/PrivilegedActionException'> (0x00000006f49d0a70) thrown at [/RE-WORK/workspace/8-2-build-linux-amd64/jdk8u45/3457/hotspot/src/share/vm/prims/jvm.cpp, line 1382]
Event: 0.877 Thread 0x00007f8e3c00a800 Exception <a 'java/security/PrivilegedActionException'> (0x00000006f49d0c28) thrown at [/RE-WORK/workspace/8-2-build-linux-amd64/jdk8u45/3457/hotspot/src/share/vm/prims/jvm.cpp, line 1382]
Event: 0.877 Thread 0x00007f8e3c00a800 Exception <a 'java/security/PrivilegedActionException'> (0x00000006f49d3158) thrown at [/RE-WORK/workspace/8-2-build-linux-amd64/jdk8u45/3457/hotspot/src/share/vm/prims/jvm.cpp, line 1382]
Event: 0.877 Thread 0x00007f8e3c00a800 Exception <a 'java/security/PrivilegedActionException'> (0x00000006f49d3310) thrown at [/RE-WORK/workspace/8-2-build-linux-amd64/jdk8u45/3457/hotspot/src/share/vm/prims/jvm.cpp, line 1382]
Event: 2.825 Thread 0x00007f8e3c4ab800 Exception <a 'java/lang/NoSuchFieldError': method resolution failed> (0x000000070a0cded0) thrown at [/RE-WORK/workspace/8-2-build-linux-amd64/jdk8u45/3457/hotspot/src/share/vm/prims/methodHandles.cpp, line 1125]
Event: 2.835 Thread 0x00007f8e3c4ab800 Exception <a 'java/lang/NoSuchFieldError': method resolution failed> (0x000000070a0dc590) thrown at [/RE-WORK/workspace/8-2-build-linux-amd64/jdk8u45/3457/hotspot/src/share/vm/prims/methodHandles.cpp, line 1125]

Events (10 events):
Event: 2462.365 Thread 0x00007f8e3c4ab800 DEOPT UNPACKING pc=0x00007f8e2c5ecf73 sp=0x00007f8db1799060 mode 0
Event: 2463.767 Executing VM operation: ParallelGCFailedAllocation
Event: 2463.974 Executing VM operation: ParallelGCFailedAllocation done
Event: 2463.980 Executing VM operation: RevokeBias
Event: 2463.984 Executing VM operation: RevokeBias done
Event: 2471.507 Executing VM operation: ParallelGCFailedAllocation
Event: 2474.330 Executing VM operation: ParallelGCFailedAllocation done
Event: 2481.522 Executing VM operation: ParallelGCFailedAllocation
Event: 2482.125 Executing VM operation: ParallelGCFailedAllocation done
Event: 2492.256 Executing VM operation: ParallelGCFailedAllocation


Dynamic libraries:
00400000-00401000 r-xp 00000000 00:2c 13572529                           /home/ppginf/vdfontoura/jdk1.8.0_45/bin/java
00600000-00601000 rw-p 00000000 00:2c 13572529                           /home/ppginf/vdfontoura/jdk1.8.0_45/bin/java
02446000-02467000 rw-p 00000000 00:00 0                                  [heap]
55da00000-5be900000 rw-p 00000000 00:00 0 
611380000-6f4900000 ---p 00000000 00:00 0 
6f4900000-7c0000000 rw-p 00000000 00:00 0 
7c0000000-7c00c0000 rw-p 00000000 00:00 0 
7c00c0000-800000000 ---p 00000000 00:00 0 
7f8d54000000-7f8d542b9000 rw-p 00000000 00:00 0 
7f8d542b9000-7f8d58000000 ---p 00000000 00:00 0 
7f8d5c000000-7f8d5c021000 rw-p 00000000 00:00 0 
7f8d5c021000-7f8d60000000 ---p 00000000 00:00 0 
7f8d60000000-7f8d60021000 rw-p 00000000 00:00 0 
7f8d60021000-7f8d64000000 ---p 00000000 00:00 0 
7f8d64000000-7f8d64130000 rw-p 00000000 00:00 0 
7f8d64130000-7f8d68000000 ---p 00000000 00:00 0 
7f8d68000000-7f8d680f5000 rw-p 00000000 00:00 0 
7f8d680f5000-7f8d6c000000 ---p 00000000 00:00 0 
7f8d6c000000-7f8d6c104000 rw-p 00000000 00:00 0 
7f8d6c104000-7f8d70000000 ---p 00000000 00:00 0 
7f8d70000000-7f8d70061000 rw-p 00000000 00:00 0 
7f8d70061000-7f8d74000000 ---p 00000000 00:00 0 
7f8d74000000-7f8d7450e000 rw-p 00000000 00:00 0 
7f8d7450e000-7f8d78000000 ---p 00000000 00:00 0 
7f8d78000000-7f8d7816d000 rw-p 00000000 00:00 0 
7f8d7816d000-7f8d7c000000 ---p 00000000 00:00 0 
7f8d7c000000-7f8d7c52e000 rw-p 00000000 00:00 0 
7f8d7c52e000-7f8d80000000 ---p 00000000 00:00 0 
7f8d80000000-7f8d80274000 rw-p 00000000 00:00 0 
7f8d80274000-7f8d84000000 ---p 00000000 00:00 0 
7f8d84000000-7f8d84698000 rw-p 00000000 00:00 0 
7f8d84698000-7f8d88000000 ---p 00000000 00:00 0 
7f8d88000000-7f8d881e7000 rw-p 00000000 00:00 0 
7f8d881e7000-7f8d8c000000 ---p 00000000 00:00 0 
7f8d8c000000-7f8d8c8e9000 rw-p 00000000 00:00 0 
7f8d8c8e9000-7f8d90000000 ---p 00000000 00:00 0 
7f8d90000000-7f8d90505000 rw-p 00000000 00:00 0 
7f8d90505000-7f8d94000000 ---p 00000000 00:00 0 
7f8d94000000-7f8d943da000 rw-p 00000000 00:00 0 
7f8d943da000-7f8d98000000 ---p 00000000 00:00 0 
7f8d98000000-7f8d98533000 rw-p 00000000 00:00 0 
7f8d98533000-7f8d9c000000 ---p 00000000 00:00 0 
7f8d9c000000-7f8d9c021000 rw-p 00000000 00:00 0 
7f8d9c021000-7f8da0000000 ---p 00000000 00:00 0 
7f8da0000000-7f8da031e000 rw-p 00000000 00:00 0 
7f8da031e000-7f8da4000000 ---p 00000000 00:00 0 
7f8da4000000-7f8da4021000 rw-p 00000000 00:00 0 
7f8da4021000-7f8da8000000 ---p 00000000 00:00 0 
7f8da8000000-7f8da8021000 rw-p 00000000 00:00 0 
7f8da8021000-7f8dac000000 ---p 00000000 00:00 0 
7f8dac000000-7f8dac289000 rw-p 00000000 00:00 0 
7f8dac289000-7f8db0000000 ---p 00000000 00:00 0 
7f8db159a000-7f8db169a000 rw-p 00000000 00:00 0 
7f8db169a000-7f8db169d000 ---p 00000000 00:00 0 
7f8db169d000-7f8db179b000 rw-p 00000000 00:00 0                          [stack:31806]
7f8db179b000-7f8db18a8000 r--s 010c9000 00:2c 16151391                   /home/ppginf/vdfontoura/psp-chapter/psp-2D/target/IBEAHH.jar
7f8db18a8000-7f8db18a9000 ---p 00000000 00:00 0 
7f8db18a9000-7f8db19a9000 rw-p 00000000 00:00 0                          [stack:31794]
7f8db19a9000-7f8db19ac000 ---p 00000000 00:00 0 
7f8db19ac000-7f8db1aaa000 rw-p 00000000 00:00 0                          [stack:31788]
7f8db1aaa000-7f8db1aad000 ---p 00000000 00:00 0 
7f8db1aad000-7f8db1bab000 rw-p 00000000 00:00 0                          [stack:31743]
7f8db1bab000-7f8db1bae000 ---p 00000000 00:00 0 
7f8db1bae000-7f8db1cac000 rw-p 00000000 00:00 0                          [stack:31728]
7f8db1cac000-7f8db1caf000 ---p 00000000 00:00 0 
7f8db1caf000-7f8db1dad000 rw-p 00000000 00:00 0                          [stack:31722]
7f8db1dad000-7f8db1db0000 ---p 00000000 00:00 0 
7f8db1db0000-7f8db1eae000 rw-p 00000000 00:00 0                          [stack:31717]
7f8db1eae000-7f8db1eb1000 ---p 00000000 00:00 0 
7f8db1eb1000-7f8db1faf000 rw-p 00000000 00:00 0                          [stack:31708]
7f8db1faf000-7f8db1fb2000 ---p 00000000 00:00 0 
7f8db1fb2000-7f8db20b0000 rw-p 00000000 00:00 0                          [stack:31706]
7f8db20b0000-7f8db20b3000 ---p 00000000 00:00 0 
7f8db20b3000-7f8db21b1000 rw-p 00000000 00:00 0                          [stack:31703]
7f8db21b1000-7f8db21b4000 ---p 00000000 00:00 0 
7f8db21b4000-7f8db22b2000 rw-p 00000000 00:00 0                          [stack:31699]
7f8db22b2000-7f8db22b5000 ---p 00000000 00:00 0 
7f8db22b5000-7f8db23b3000 rw-p 00000000 00:00 0                          [stack:31694]
7f8db23b3000-7f8db23b6000 ---p 00000000 00:00 0 
7f8db23b6000-7f8db24b4000 rw-p 00000000 00:00 0                          [stack:31689]
7f8db24b4000-7f8db24b7000 ---p 00000000 00:00 0 
7f8db24b7000-7f8db25b5000 rw-p 00000000 00:00 0                          [stack:31684]
7f8db25b5000-7f8db25b8000 ---p 00000000 00:00 0 
7f8db25b8000-7f8db26b6000 rw-p 00000000 00:00 0                          [stack:31681]
7f8db26b6000-7f8db26b9000 ---p 00000000 00:00 0 
7f8db26b9000-7f8db27b7000 rw-p 00000000 00:00 0                          [stack:31672]
7f8db27b7000-7f8db27ba000 ---p 00000000 00:00 0 
7f8db27ba000-7f8db28b8000 rw-p 00000000 00:00 0                          [stack:31667]
7f8db28b8000-7f8db28bb000 ---p 00000000 00:00 0 
7f8db28bb000-7f8db29b9000 rw-p 00000000 00:00 0                          [stack:31644]
7f8db29b9000-7f8db29bc000 ---p 00000000 00:00 0 
7f8db29bc000-7f8db2aba000 rw-p 00000000 00:00 0                          [stack:31638]
7f8db2aba000-7f8db3072000 r--p 00000000 00:15 231                        /usr/lib/locale/locale-archive
7f8db3072000-7f8db3075000 ---p 00000000 00:00 0 
7f8db3075000-7f8db3173000 rw-p 00000000 00:00 0                          [stack:31610]
7f8db3173000-7f8db3176000 ---p 00000000 00:00 0 
7f8db3176000-7f8db3274000 rw-p 00000000 00:00 0                          [stack:31601]
7f8db3274000-7f8db3275000 ---p 00000000 00:00 0 
7f8db3275000-7f8dcc000000 rw-p 00000000 00:00 0                          [stack:31595]
7f8dcc000000-7f8dcc021000 rw-p 00000000 00:00 0 
7f8dcc021000-7f8dd0000000 ---p 00000000 00:00 0 
7f8dd0000000-7f8dd0021000 rw-p 00000000 00:00 0 
7f8dd0021000-7f8dd4000000 ---p 00000000 00:00 0 
7f8dd4000000-7f8dd4021000 rw-p 00000000 00:00 0 
7f8dd4021000-7f8dd8000000 ---p 00000000 00:00 0 
7f8dd8000000-7f8dd8021000 rw-p 00000000 00:00 0 
7f8dd8021000-7f8ddc000000 ---p 00000000 00:00 0 
7f8ddc000000-7f8ddc021000 rw-p 00000000 00:00 0 
7f8ddc021000-7f8de0000000 ---p 00000000 00:00 0 
7f8de0000000-7f8de0021000 rw-p 00000000 00:00 0 
7f8de0021000-7f8de4000000 ---p 00000000 00:00 0 
7f8de4000000-7f8de4021000 rw-p 00000000 00:00 0 
7f8de4021000-7f8de8000000 ---p 00000000 00:00 0 
7f8de8000000-7f8de8021000 rw-p 00000000 00:00 0 
7f8de8021000-7f8dec000000 ---p 00000000 00:00 0 
7f8dec000000-7f8dec021000 rw-p 00000000 00:00 0 
7f8dec021000-7f8df0000000 ---p 00000000 00:00 0 
7f8df0000000-7f8df0021000 rw-p 00000000 00:00 0 
7f8df0021000-7f8df4000000 ---p 00000000 00:00 0 
7f8df4000000-7f8df4021000 rw-p 00000000 00:00 0 
7f8df4021000-7f8df8000000 ---p 00000000 00:00 0 
7f8df8000000-7f8df8021000 rw-p 00000000 00:00 0 
7f8df8021000-7f8dfc000000 ---p 00000000 00:00 0 
7f8dfc000000-7f8dfc021000 rw-p 00000000 00:00 0 
7f8dfc021000-7f8e00000000 ---p 00000000 00:00 0 
7f8e00000000-7f8e00021000 rw-p 00000000 00:00 0 
7f8e00021000-7f8e04000000 ---p 00000000 00:00 0 
7f8e04000000-7f8e04021000 rw-p 00000000 00:00 0 
7f8e04021000-7f8e08000000 ---p 00000000 00:00 0 
7f8e08000000-7f8e08021000 rw-p 00000000 00:00 0 
7f8e08021000-7f8e0c000000 ---p 00000000 00:00 0 
7f8e0c000000-7f8e0c021000 rw-p 00000000 00:00 0 
7f8e0c021000-7f8e10000000 ---p 00000000 00:00 0 
7f8e10000000-7f8e10021000 rw-p 00000000 00:00 0 
7f8e10021000-7f8e14000000 ---p 00000000 00:00 0 
7f8e14000000-7f8e14021000 rw-p 00000000 00:00 0 
7f8e14021000-7f8e18000000 ---p 00000000 00:00 0 
7f8e18000000-7f8e18021000 rw-p 00000000 00:00 0 
7f8e18021000-7f8e1c000000 ---p 00000000 00:00 0 
7f8e1c000000-7f8e1c021000 rw-p 00000000 00:00 0 
7f8e1c021000-7f8e20000000 ---p 00000000 00:00 0 
7f8e20000000-7f8e20021000 rw-p 00000000 00:00 0 
7f8e20021000-7f8e24000000 ---p 00000000 00:00 0 
7f8e24000000-7f8e24021000 rw-p 00000000 00:00 0 
7f8e24021000-7f8e28000000 ---p 00000000 00:00 0 
7f8e2806b000-7f8e28244000 r--s 03d09000 00:2c 13572347                   /home/ppginf/vdfontoura/jdk1.8.0_45/jre/lib/rt.jar
7f8e28244000-7f8e28704000 rw-p 00000000 00:00 0 
7f8e28704000-7f8e28a44000 ---p 00000000 00:00 0 
7f8e28a44000-7f8e28b03000 rw-p 00000000 00:00 0 
7f8e28b03000-7f8e28b04000 ---p 00000000 00:00 0 
7f8e28b04000-7f8e28c04000 rw-p 00000000 00:00 0                          [stack:31523]
7f8e28c04000-7f8e28c05000 ---p 00000000 00:00 0 
7f8e28c05000-7f8e28d05000 rw-p 00000000 00:00 0                          [stack:31521]
7f8e28d05000-7f8e28d06000 ---p 00000000 00:00 0 
7f8e28d06000-7f8e28e06000 rw-p 00000000 00:00 0                          [stack:31519]
7f8e28e06000-7f8e28e07000 ---p 00000000 00:00 0 
7f8e28e07000-7f8e28f07000 rw-p 00000000 00:00 0                          [stack:31517]
7f8e28f07000-7f8e28f08000 ---p 00000000 00:00 0 
7f8e28f08000-7f8e29008000 rw-p 00000000 00:00 0                          [stack:31515]
7f8e29008000-7f8e29009000 ---p 00000000 00:00 0 
7f8e29009000-7f8e29109000 rw-p 00000000 00:00 0                          [stack:31513]
7f8e29109000-7f8e2910a000 ---p 00000000 00:00 0 
7f8e2910a000-7f8e2920a000 rw-p 00000000 00:00 0                          [stack:31512]
7f8e2920a000-7f8e2920b000 ---p 00000000 00:00 0 
7f8e2920b000-7f8e2930b000 rw-p 00000000 00:00 0                          [stack:31509]
7f8e2930b000-7f8e2930c000 ---p 00000000 00:00 0 
7f8e2930c000-7f8e2940c000 rw-p 00000000 00:00 0                          [stack:31507]
7f8e2940c000-7f8e2940d000 ---p 00000000 00:00 0 
7f8e2940d000-7f8e2950d000 rw-p 00000000 00:00 0                          [stack:31506]
7f8e2950d000-7f8e2950e000 ---p 00000000 00:00 0 
7f8e2950e000-7f8e2960e000 rw-p 00000000 00:00 0                          [stack:31504]
7f8e2960e000-7f8e2960f000 ---p 00000000 00:00 0 
7f8e2960f000-7f8e2970f000 rw-p 00000000 00:00 0                          [stack:31491]
7f8e2970f000-7f8e29710000 ---p 00000000 00:00 0 
7f8e29710000-7f8e29810000 rw-p 00000000 00:00 0                          [stack:31487]
7f8e29810000-7f8e29811000 ---p 00000000 00:00 0 
7f8e29811000-7f8e29911000 rw-p 00000000 00:00 0                          [stack:31484]
7f8e29911000-7f8e29912000 ---p 00000000 00:00 0 
7f8e29912000-7f8e29a12000 rw-p 00000000 00:00 0                          [stack:31482]
7f8e29a12000-7f8e29a13000 ---p 00000000 00:00 0 
7f8e29a13000-7f8e29b13000 rw-p 00000000 00:00 0                          [stack:31474]
7f8e29b13000-7f8e29b14000 ---p 00000000 00:00 0 
7f8e29b14000-7f8e29c14000 rw-p 00000000 00:00 0                          [stack:31468]
7f8e29c14000-7f8e29c15000 ---p 00000000 00:00 0 
7f8e29c15000-7f8e29d15000 rw-p 00000000 00:00 0                          [stack:31461]
7f8e29d15000-7f8e29d16000 ---p 00000000 00:00 0 
7f8e29d16000-7f8e29e16000 rw-p 00000000 00:00 0                          [stack:31457]
7f8e29e16000-7f8e29e17000 ---p 00000000 00:00 0 
7f8e29e17000-7f8e29f17000 rw-p 00000000 00:00 0                          [stack:31439]
7f8e29f17000-7f8e29f18000 ---p 00000000 00:00 0 
7f8e29f18000-7f8e2a018000 rw-p 00000000 00:00 0                          [stack:31434]
7f8e2a018000-7f8e2a019000 ---p 00000000 00:00 0 
7f8e2a019000-7f8e2a119000 rw-p 00000000 00:00 0                          [stack:31431]
7f8e2a119000-7f8e2a11a000 ---p 00000000 00:00 0 
7f8e2a11a000-7f8e2a522000 rw-p 00000000 00:00 0                          [stack:31425]
7f8e2a522000-7f8e2aed2000 ---p 00000000 00:00 0 
7f8e2aed2000-7f8e2b1da000 rw-p 00000000 00:00 0 
7f8e2b1da000-7f8e2bb89000 ---p 00000000 00:00 0 
7f8e2bb89000-7f8e2c1e5000 rw-p 00000000 00:00 0 
7f8e2c1e5000-7f8e2c1fc000 rw-p 00000000 00:00 0 
7f8e2c1fc000-7f8e2c5a6000 ---p 00000000 00:00 0 
7f8e2c5a6000-7f8e2cb16000 rwxp 00000000 00:00 0 
7f8e2cb16000-7f8e3b5a6000 ---p 00000000 00:00 0 
7f8e3b5a6000-7f8e3b5c0000 r-xp 00000000 00:2c 13572371                   /home/ppginf/vdfontoura/jdk1.8.0_45/jre/lib/amd64/libzip.so
7f8e3b5c0000-7f8e3b7c0000 ---p 0001a000 00:2c 13572371                   /home/ppginf/vdfontoura/jdk1.8.0_45/jre/lib/amd64/libzip.so
7f8e3b7c0000-7f8e3b7c1000 rw-p 0001a000 00:2c 13572371                   /home/ppginf/vdfontoura/jdk1.8.0_45/jre/lib/amd64/libzip.so
7f8e3b7c1000-7f8e3b7cd000 r-xp 00000000 00:15 181                        /lib/x86_64-linux-gnu/libnss_ldap.so.2
7f8e3b7cd000-7f8e3b9cc000 ---p 0000c000 00:15 181                        /lib/x86_64-linux-gnu/libnss_ldap.so.2
7f8e3b9cc000-7f8e3b9cd000 r--p 0000b000 00:15 181                        /lib/x86_64-linux-gnu/libnss_ldap.so.2
7f8e3b9cd000-7f8e3b9ce000 rw-p 0000c000 00:15 181                        /lib/x86_64-linux-gnu/libnss_ldap.so.2
7f8e3b9ce000-7f8e3b9d9000 r-xp 00000000 00:15 178                        /lib/x86_64-linux-gnu/libnss_files-2.19.so
7f8e3b9d9000-7f8e3bbd8000 ---p 0000b000 00:15 178                        /lib/x86_64-linux-gnu/libnss_files-2.19.so
7f8e3bbd8000-7f8e3bbd9000 r--p 0000a000 00:15 178                        /lib/x86_64-linux-gnu/libnss_files-2.19.so
7f8e3bbd9000-7f8e3bbda000 rw-p 0000b000 00:15 178                        /lib/x86_64-linux-gnu/libnss_files-2.19.so
7f8e3bbda000-7f8e3bbe5000 r-xp 00000000 00:15 176                        /lib/x86_64-linux-gnu/libnss_nis-2.19.so
7f8e3bbe5000-7f8e3bde4000 ---p 0000b000 00:15 176                        /lib/x86_64-linux-gnu/libnss_nis-2.19.so
7f8e3bde4000-7f8e3bde5000 r--p 0000a000 00:15 176                        /lib/x86_64-linux-gnu/libnss_nis-2.19.so
7f8e3bde5000-7f8e3bde6000 rw-p 0000b000 00:15 176                        /lib/x86_64-linux-gnu/libnss_nis-2.19.so
7f8e3bde6000-7f8e3bdfd000 r-xp 00000000 00:15 174                        /lib/x86_64-linux-gnu/libnsl-2.19.so
7f8e3bdfd000-7f8e3bffc000 ---p 00017000 00:15 174                        /lib/x86_64-linux-gnu/libnsl-2.19.so
7f8e3bffc000-7f8e3bffd000 r--p 00016000 00:15 174                        /lib/x86_64-linux-gnu/libnsl-2.19.so
7f8e3bffd000-7f8e3bffe000 rw-p 00017000 00:15 174                        /lib/x86_64-linux-gnu/libnsl-2.19.so
7f8e3bffe000-7f8e3c000000 rw-p 00000000 00:00 0 
7f8e3c000000-7f8e3c4ad000 rw-p 00000000 00:00 0 
7f8e3c4ad000-7f8e40000000 ---p 00000000 00:00 0 
7f8e4000a000-7f8e40080000 rw-p 00000000 00:00 0 
7f8e40080000-7f8e40089000 r-xp 00000000 00:15 172                        /lib/x86_64-linux-gnu/libnss_compat-2.19.so
7f8e40089000-7f8e40288000 ---p 00009000 00:15 172                        /lib/x86_64-linux-gnu/libnss_compat-2.19.so
7f8e40288000-7f8e40289000 r--p 00008000 00:15 172                        /lib/x86_64-linux-gnu/libnss_compat-2.19.so
7f8e40289000-7f8e4028a000 rw-p 00009000 00:15 172                        /lib/x86_64-linux-gnu/libnss_compat-2.19.so
7f8e4028a000-7f8e402b4000 r-xp 00000000 00:2c 13572364                   /home/ppginf/vdfontoura/jdk1.8.0_45/jre/lib/amd64/libjava.so
7f8e402b4000-7f8e404b4000 ---p 0002a000 00:2c 13572364                   /home/ppginf/vdfontoura/jdk1.8.0_45/jre/lib/amd64/libjava.so
7f8e404b4000-7f8e404b6000 rw-p 0002a000 00:2c 13572364                   /home/ppginf/vdfontoura/jdk1.8.0_45/jre/lib/amd64/libjava.so
7f8e404b6000-7f8e404c3000 r-xp 00000000 00:2c 13572405                   /home/ppginf/vdfontoura/jdk1.8.0_45/jre/lib/amd64/libverify.so
7f8e404c3000-7f8e406c3000 ---p 0000d000 00:2c 13572405                   /home/ppginf/vdfontoura/jdk1.8.0_45/jre/lib/amd64/libverify.so
7f8e406c3000-7f8e406c5000 rw-p 0000d000 00:2c 13572405                   /home/ppginf/vdfontoura/jdk1.8.0_45/jre/lib/amd64/libverify.so
7f8e406c5000-7f8e406cc000 r-xp 00000000 00:15 44                         /lib/x86_64-linux-gnu/librt-2.19.so
7f8e406cc000-7f8e408cb000 ---p 00007000 00:15 44                         /lib/x86_64-linux-gnu/librt-2.19.so
7f8e408cb000-7f8e408cc000 r--p 00006000 00:15 44                         /lib/x86_64-linux-gnu/librt-2.19.so
7f8e408cc000-7f8e408cd000 rw-p 00007000 00:15 44                         /lib/x86_64-linux-gnu/librt-2.19.so
7f8e408cd000-7f8e409d2000 r-xp 00000000 00:15 303                        /lib/x86_64-linux-gnu/libm-2.19.so
7f8e409d2000-7f8e40bd1000 ---p 00105000 00:15 303                        /lib/x86_64-linux-gnu/libm-2.19.so
7f8e40bd1000-7f8e40bd2000 r--p 00104000 00:15 303                        /lib/x86_64-linux-gnu/libm-2.19.so
7f8e40bd2000-7f8e40bd3000 rw-p 00105000 00:15 303                        /lib/x86_64-linux-gnu/libm-2.19.so
7f8e40bd3000-7f8e41881000 r-xp 00000000 00:2c 13572410                   /home/ppginf/vdfontoura/jdk1.8.0_45/jre/lib/amd64/server/libjvm.so
7f8e41881000-7f8e41a80000 ---p 00cae000 00:2c 13572410                   /home/ppginf/vdfontoura/jdk1.8.0_45/jre/lib/amd64/server/libjvm.so
7f8e41a80000-7f8e41b57000 rw-p 00cad000 00:2c 13572410                   /home/ppginf/vdfontoura/jdk1.8.0_45/jre/lib/amd64/server/libjvm.so
7f8e41b57000-7f8e41b9b000 rw-p 00000000 00:00 0 
7f8e41b9b000-7f8e41d56000 r-xp 00000000 00:15 46                         /lib/x86_64-linux-gnu/libc-2.19.so
7f8e41d56000-7f8e41f55000 ---p 001bb000 00:15 46                         /lib/x86_64-linux-gnu/libc-2.19.so
7f8e41f55000-7f8e41f59000 r--p 001ba000 00:15 46                         /lib/x86_64-linux-gnu/libc-2.19.so
7f8e41f59000-7f8e41f5b000 rw-p 001be000 00:15 46                         /lib/x86_64-linux-gnu/libc-2.19.so
7f8e41f5b000-7f8e41f60000 rw-p 00000000 00:00 0 
7f8e41f60000-7f8e41f63000 r-xp 00000000 00:15 52                         /lib/x86_64-linux-gnu/libdl-2.19.so
7f8e41f63000-7f8e42162000 ---p 00003000 00:15 52                         /lib/x86_64-linux-gnu/libdl-2.19.so
7f8e42162000-7f8e42163000 r--p 00002000 00:15 52                         /lib/x86_64-linux-gnu/libdl-2.19.so
7f8e42163000-7f8e42164000 rw-p 00003000 00:15 52                         /lib/x86_64-linux-gnu/libdl-2.19.so
7f8e42164000-7f8e42179000 r-xp 00000000 00:2c 13572682                   /home/ppginf/vdfontoura/jdk1.8.0_45/lib/amd64/jli/libjli.so
7f8e42179000-7f8e42379000 ---p 00015000 00:2c 13572682                   /home/ppginf/vdfontoura/jdk1.8.0_45/lib/amd64/jli/libjli.so
7f8e42379000-7f8e4237a000 rw-p 00015000 00:2c 13572682                   /home/ppginf/vdfontoura/jdk1.8.0_45/lib/amd64/jli/libjli.so
7f8e4237a000-7f8e42393000 r-xp 00000000 00:15 48                         /lib/x86_64-linux-gnu/libpthread-2.19.so
7f8e42393000-7f8e42592000 ---p 00019000 00:15 48                         /lib/x86_64-linux-gnu/libpthread-2.19.so
7f8e42592000-7f8e42593000 r--p 00018000 00:15 48                         /lib/x86_64-linux-gnu/libpthread-2.19.so
7f8e42593000-7f8e42594000 rw-p 00019000 00:15 48                         /lib/x86_64-linux-gnu/libpthread-2.19.so
7f8e42594000-7f8e42598000 rw-p 00000000 00:00 0 
7f8e42598000-7f8e425bb000 r-xp 00000000 00:15 32                         /lib/x86_64-linux-gnu/ld-2.19.so
7f8e425cd000-7f8e42677000 rw-p 00000000 00:00 0 
7f8e42677000-7f8e4267a000 ---p 00000000 00:00 0 
7f8e4267a000-7f8e4277c000 rw-p 00000000 00:00 0                          [stack:31347]
7f8e42787000-7f8e42792000 r--s 00116000 00:2c 13572443                   /home/ppginf/vdfontoura/jdk1.8.0_45/jre/lib/ext/localedata.jar
7f8e42792000-7f8e427ae000 r--s 00393000 00:2c 13572445                   /home/ppginf/vdfontoura/jdk1.8.0_45/jre/lib/ext/cldrdata.jar
7f8e427ae000-7f8e427b6000 rw-s 00000000 00:17 3705747                    /tmp/hsperfdata_vdfontoura/31344
7f8e427b6000-7f8e427b7000 rw-p 00000000 00:00 0 
7f8e427b7000-7f8e427b8000 ---p 00000000 00:00 0 
7f8e427b8000-7f8e427ba000 rw-p 00000000 00:00 0 
7f8e427ba000-7f8e427bb000 r--p 00022000 00:15 32                         /lib/x86_64-linux-gnu/ld-2.19.so
7f8e427bb000-7f8e427bc000 rw-p 00023000 00:15 32                         /lib/x86_64-linux-gnu/ld-2.19.so
7f8e427bc000-7f8e427bd000 rw-p 00000000 00:00 0 
7ffc4d181000-7ffc4d1a2000 rw-p 00000000 00:00 0                          [stack]
7ffc4d1f1000-7ffc4d1f3000 r--p 00000000 00:00 0                          [vvar]
7ffc4d1f3000-7ffc4d1f5000 r-xp 00000000 00:00 0                          [vdso]
ffffffffff600000-ffffffffff601000 r-xp 00000000 00:00 0                  [vsyscall]

VM Arguments:
java_command: ../../target/IBEAHH.jar 5000 2500000 SinglePointCrossover,IntegerTwoPointsCrossover,MultiPointsCrossover BitFlipMutation,LoopMoveOperator,LocalMoveOperator,SegmentMutation,OppositeMoveOperator 200 1.0 1.0 1 1 ibea-result-config1/result-8 0 0 Random PPPPPPHPHHPPPPPHHHPHHHHHPHHPPPPHHPPHHPHHHHHPHHHHHHHHHHPHHPHHHHHHHPPPPPPPPPPPHHHHHHHPPHPHHHPPPPPPHPH false 20
java_class_path (initial): ../../target/IBEAHH.jar
Launcher Type: SUN_STANDARD

Environment Variables:
JAVA_HOME=/home/ppginf/vdfontoura/jdk1.8.0_45/
PATH=/home/ppginf/vdfontoura/jdk1.8.0_45//bin:/usr/local/sbin:/usr/local/bin:/usr/sbin:/usr/bin:/sbin:/bin:/usr/games:/usr/local/games:.:/home/html/inf/silvia/topicos/ferramentas/poketool/bin:/home/html/inf/silvia/topicos/ferramentas/proteum1.4.1/LINUX/bin:/home/ppginf/vdfontoura/tools/apache-maven-3.3.3/bin
SHELL=/bin/bash

Signal Handlers:
SIGSEGV: [libjvm.so+0xaad1e0], sa_mask[0]=11111111011111111101111111111110, sa_flags=SA_RESTART|SA_SIGINFO
SIGBUS: [libjvm.so+0xaad1e0], sa_mask[0]=11111111011111111101111111111110, sa_flags=SA_RESTART|SA_SIGINFO
SIGFPE: [libjvm.so+0x90b450], sa_mask[0]=11111111011111111101111111111110, sa_flags=SA_RESTART|SA_SIGINFO
SIGPIPE: [libjvm.so+0x90b450], sa_mask[0]=11111111011111111101111111111110, sa_flags=SA_RESTART|SA_SIGINFO
SIGXFSZ: [libjvm.so+0x90b450], sa_mask[0]=11111111011111111101111111111110, sa_flags=SA_RESTART|SA_SIGINFO
SIGILL: [libjvm.so+0x90b450], sa_mask[0]=11111111011111111101111111111110, sa_flags=SA_RESTART|SA_SIGINFO
SIGUSR1: SIG_DFL, sa_mask[0]=00000000000000000000000000000000, sa_flags=none
SIGUSR2: [libjvm.so+0x90ca90], sa_mask[0]=00000000000000000000000000000000, sa_flags=SA_RESTART|SA_SIGINFO
SIGHUP: SIG_IGN, sa_mask[0]=00000000000000000000000000000000, sa_flags=none
SIGINT: SIG_IGN, sa_mask[0]=00000000000000000000000000000000, sa_flags=none
SIGTERM: [libjvm.so+0x90dde0], sa_mask[0]=11111111011111111101111111111110, sa_flags=SA_RESTART|SA_SIGINFO
SIGQUIT: [libjvm.so+0x90dde0], sa_mask[0]=11111111011111111101111111111110, sa_flags=SA_RESTART|SA_SIGINFO


---------------  S Y S T E M  ---------------

OS:DISTRIB_ID=LinuxMint
DISTRIB_RELEASE=17
DISTRIB_CODENAME=qiana
DISTRIB_DESCRIPTION="Linux Mint 17 Qiana"

uname:Linux 4.0.1-kernel+ #2 SMP Wed May 6 16:11:56 BRT 2015 x86_64
libc:glibc 2.19 NPTL 2.19 
rlimit: STACK 8192k, CORE 0k, NPROC 30240, NOFILE 4096, AS 20000000k
load average:40.61 34.09 31.82

/proc/meminfo:
MemTotal:       127909028 kB
MemFree:          630936 kB
MemAvailable:     634656 kB
Buffers:               0 kB
Cached:           824416 kB
SwapCached:            0 kB
Active:         126298920 kB
Inactive:         193704 kB
Active(anon):   126256936 kB
Inactive(anon):   152692 kB
Active(file):      41984 kB
Inactive(file):    41012 kB
Unevictable:           0 kB
Mlocked:               0 kB
SwapTotal:             0 kB
SwapFree:              0 kB
Dirty:               336 kB
Writeback:             0 kB
AnonPages:      125668640 kB
Mapped:            36980 kB
Shmem:            741420 kB
Slab:             236476 kB
SReclaimable:      93380 kB
SUnreclaim:       143096 kB
KernelStack:       29040 kB
PageTables:       270964 kB
NFS_Unstable:        224 kB
Bounce:                0 kB
WritebackTmp:          0 kB
CommitLimit:    63954512 kB
Committed_AS:   149236372 kB
VmallocTotal:   34359738367 kB
VmallocUsed:      228956 kB
VmallocChunk:   34359500380 kB
HardwareCorrupted:     0 kB
AnonHugePages:         0 kB
HugePages_Total:       0
HugePages_Free:        0
HugePages_Rsvd:        0
HugePages_Surp:        0
Hugepagesize:       2048 kB
DirectMap4k:      454640 kB
DirectMap2M:    60362752 kB
DirectMap1G:    69206016 kB


CPU:total 32 (1 cores per cpu, 1 threads per core) family 16 model 9 stepping 1, cmov, cx8, fxsr, mmx, sse, sse2, sse3, popcnt, mmxext, 3dnowpref, lzcnt, sse4a, tsc

/proc/cpuinfo:
processor	: 0
vendor_id	: AuthenticAMD
cpu family	: 16
model		: 9
model name	: AMD Opteron(tm) Processor 6136
stepping	: 1
microcode	: 0x1000065
cpu MHz		: 2400.142
cache size	: 512 KB
physical id	: 0
siblings	: 1
core id		: 0
cpu cores	: 1
apicid		: 0
initial apicid	: 0
fpu		: yes
fpu_exception	: yes
cpuid level	: 5
wp		: yes
flags		: fpu vme de pse tsc msr pae mce cx8 apic sep mtrr pge mca cmov pat pse36 clflush mmx fxsr sse sse2 syscall nx mmxext fxsr_opt pdpe1gb lm 3dnowext 3dnow rep_good nopl extd_apicid pni cx16 x2apic popcnt hypervisor lahf_lm cmp_legacy svm cr8_legacy abm sse4a misalignsse 3dnowprefetch osvw npt nrip_save vmmcall
bugs		: tlb_mmatch fxsave_leak
bogomips	: 4800.28
TLB size	: 1024 4K pages
clflush size	: 64
cache_alignment	: 64
address sizes	: 40 bits physical, 48 bits virtual
power management:

processor	: 1
vendor_id	: AuthenticAMD
cpu family	: 16
model		: 9
model name	: AMD Opteron(tm) Processor 6136
stepping	: 1
microcode	: 0x1000065
cpu MHz		: 2400.142
cache size	: 512 KB
physical id	: 1
siblings	: 1
core id		: 0
cpu cores	: 1
apicid		: 1
initial apicid	: 1
fpu		: yes
fpu_exception	: yes
cpuid level	: 5
wp		: yes
flags		: fpu vme de pse tsc msr pae mce cx8 apic sep mtrr pge mca cmov pat pse36 clflush mmx fxsr sse sse2 syscall nx mmxext fxsr_opt pdpe1gb lm 3dnowext 3dnow rep_good nopl extd_apicid pni cx16 x2apic popcnt hypervisor lahf_lm cmp_legacy svm cr8_legacy abm sse4a misalignsse 3dnowprefetch osvw npt nrip_save vmmcall
bugs		: tlb_mmatch fxsave_leak
bogomips	: 4800.28
TLB size	: 1024 4K pages
clflush size	: 64
cache_alignment	: 64
address sizes	: 40 bits physical, 48 bits virtual
power management:

processor	: 2
vendor_id	: AuthenticAMD
cpu family	: 16
model		: 9
model name	: AMD Opteron(tm) Processor 6136
stepping	: 1
microcode	: 0x1000065
cpu MHz		: 2400.142
cache size	: 512 KB
physical id	: 2
siblings	: 1
core id		: 0
cpu cores	: 1
apicid		: 2
initial apicid	: 2
fpu		: yes
fpu_exception	: yes
cpuid level	: 5
wp		: yes
flags		: fpu vme de pse tsc msr pae mce cx8 apic sep mtrr pge mca cmov pat pse36 clflush mmx fxsr sse sse2 syscall nx mmxext fxsr_opt pdpe1gb lm 3dnowext 3dnow rep_good nopl extd_apicid pni cx16 x2apic popcnt hypervisor lahf_lm cmp_legacy svm cr8_legacy abm sse4a misalignsse 3dnowprefetch osvw npt nrip_save vmmcall
bugs		: tlb_mmatch fxsave_leak
bogomips	: 4800.28
TLB size	: 1024 4K pages
clflush size	: 64
cache_alignment	: 64
address sizes	: 40 bits physical, 48 bits virtual
power management:

processor	: 3
vendor_id	: AuthenticAMD
cpu family	: 16
model		: 9
model name	: AMD Opteron(tm) Processor 6136
stepping	: 1
microcode	: 0x1000065
cpu MHz		: 2400.142
cache size	: 512 KB
physical id	: 3
siblings	: 1
core id		: 0
cpu cores	: 1
apicid		: 3
initial apicid	: 3
fpu		: yes
fpu_exception	: yes
cpuid level	: 5
wp		: yes
flags		: fpu vme de pse tsc msr pae mce cx8 apic sep mtrr pge mca cmov pat pse36 clflush mmx fxsr sse sse2 syscall nx mmxext fxsr_opt pdpe1gb lm 3dnowext 3dnow rep_good nopl extd_apicid pni cx16 x2apic popcnt hypervisor lahf_lm cmp_legacy svm cr8_legacy abm sse4a misalignsse 3dnowprefetch osvw npt nrip_save vmmcall
bugs		: tlb_mmatch fxsave_leak
bogomips	: 4800.28
TLB size	: 1024 4K pages
clflush size	: 64
cache_alignment	: 64
address sizes	: 40 bits physical, 48 bits virtual
power management:

processor	: 4
vendor_id	: AuthenticAMD
cpu family	: 16
model		: 9
model name	: AMD Opteron(tm) Processor 6136
stepping	: 1
microcode	: 0x1000065
cpu MHz		: 2400.142
cache size	: 512 KB
physical id	: 4
siblings	: 1
core id		: 0
cpu cores	: 1
apicid		: 4
initial apicid	: 4
fpu		: yes
fpu_exception	: yes
cpuid level	: 5
wp		: yes
flags		: fpu vme de pse tsc msr pae mce cx8 apic sep mtrr pge mca cmov pat pse36 clflush mmx fxsr sse sse2 syscall nx mmxext fxsr_opt pdpe1gb lm 3dnowext 3dnow rep_good nopl extd_apicid pni cx16 x2apic popcnt hypervisor lahf_lm cmp_legacy svm cr8_legacy abm sse4a misalignsse 3dnowprefetch osvw npt nrip_save vmmcall
bugs		: tlb_mmatch fxsave_leak
bogomips	: 4800.28
TLB size	: 1024 4K pages
clflush size	: 64
cache_alignment	: 64
address sizes	: 40 bits physical, 48 bits virtual
power management:

processor	: 5
vendor_id	: AuthenticAMD
cpu family	: 16
model		: 9
model name	: AMD Opteron(tm) Processor 6136
stepping	: 1
microcode	: 0x1000065
cpu MHz		: 2400.142
cache size	: 512 KB
physical id	: 5
siblings	: 1
core id		: 0
cpu cores	: 1
apicid		: 5
initial apicid	: 5
fpu		: yes
fpu_exception	: yes
cpuid level	: 5
wp		: yes
flags		: fpu vme de pse tsc msr pae mce cx8 apic sep mtrr pge mca cmov pat pse36 clflush mmx fxsr sse sse2 syscall nx mmxext fxsr_opt pdpe1gb lm 3dnowext 3dnow rep_good nopl extd_apicid pni cx16 x2apic popcnt hypervisor lahf_lm cmp_legacy svm cr8_legacy abm sse4a misalignsse 3dnowprefetch osvw npt nrip_save vmmcall
bugs		: tlb_mmatch fxsave_leak
bogomips	: 4800.28
TLB size	: 1024 4K pages
clflush size	: 64
cache_alignment	: 64
address sizes	: 40 bits physical, 48 bits virtual
power management:

processor	: 6
vendor_id	: AuthenticAMD
cpu family	: 16
model		: 9
model name	: AMD Opteron(tm) Processor 6136
stepping	: 1
microcode	: 0x1000065
cpu MHz		: 2400.142
cache size	: 512 KB
physical id	: 6
siblings	: 1
core id		: 0
cpu cores	: 1
apicid		: 6
initial apicid	: 6
fpu		: yes
fpu_exception	: yes
cpuid level	: 5
wp		: yes
flags		: fpu vme de pse tsc msr pae mce cx8 apic sep mtrr pge mca cmov pat pse36 clflush mmx fxsr sse sse2 syscall nx mmxext fxsr_opt pdpe1gb lm 3dnowext 3dnow rep_good nopl extd_apicid pni cx16 x2apic popcnt hypervisor lahf_lm cmp_legacy svm cr8_legacy abm sse4a misalignsse 3dnowprefetch osvw npt nrip_save vmmcall
bugs		: tlb_mmatch fxsave_leak
bogomips	: 4800.28
TLB size	: 1024 4K pages
clflush size	: 64
cache_alignment	: 64
address sizes	: 40 bits physical, 48 bits virtual
power management:

processor	: 7
vendor_id	: AuthenticAMD
cpu family	: 16
model		: 9
model name	: AMD Opteron(tm) Processor 6136
stepping	: 1
microcode	: 0x1000065
cpu MHz		: 2400.142
cache size	: 512 KB
physical id	: 7
siblings	: 1
core id		: 0
cpu cores	: 1
apicid		: 7
initial apicid	: 7
fpu		: yes
fpu_exception	: yes
cpuid level	: 5
wp		: yes
flags		: fpu vme de pse tsc msr pae mce cx8 apic sep mtrr pge mca cmov pat pse36 clflush mmx fxsr sse sse2 syscall nx mmxext fxsr_opt pdpe1gb lm 3dnowext 3dnow rep_good nopl extd_apicid pni cx16 x2apic popcnt hypervisor lahf_lm cmp_legacy svm cr8_legacy abm sse4a misalignsse 3dnowprefetch osvw npt nrip_save vmmcall
bugs		: tlb_mmatch fxsave_leak
bogomips	: 4800.28
TLB size	: 1024 4K pages
clflush size	: 64
cache_alignment	: 64
address sizes	: 40 bits physical, 48 bits virtual
power management:

processor	: 8
vendor_id	: AuthenticAMD
cpu family	: 16
model		: 9
model name	: AMD Opteron(tm) Processor 6136
stepping	: 1
microcode	: 0x1000065
cpu MHz		: 2400.142
cache size	: 512 KB
physical id	: 8
siblings	: 1
core id		: 0
cpu cores	: 1
apicid		: 8
initial apicid	: 8
fpu		: yes
fpu_exception	: yes
cpuid level	: 5
wp		: yes
flags		: fpu vme de pse tsc msr pae mce cx8 apic sep mtrr pge mca cmov pat pse36 clflush mmx fxsr sse sse2 syscall nx mmxext fxsr_opt pdpe1gb lm 3dnowext 3dnow rep_good nopl extd_apicid pni cx16 x2apic popcnt hypervisor lahf_lm cmp_legacy svm cr8_legacy abm sse4a misalignsse 3dnowprefetch osvw npt nrip_save vmmcall
bugs		: tlb_mmatch fxsave_leak
bogomips	: 4800.28
TLB size	: 1024 4K pages
clflush size	: 64
cache_alignment	: 64
address sizes	: 40 bits physical, 48 bits virtual
power management:

processor	: 9
vendor_id	: AuthenticAMD
cpu family	: 16
model		: 9
model name	: AMD Opteron(tm) Processor 6136
stepping	: 1
microcode	: 0x1000065
cpu MHz		: 2400.142
cache size	: 512 KB
physical id	: 9
siblings	: 1
core id		: 0
cpu cores	: 1
apicid		: 9
initial apicid	: 9
fpu		: yes
fpu_exception	: yes
cpuid level	: 5
wp		: yes
flags		: fpu vme de pse tsc msr pae mce cx8 apic sep mtrr pge mca cmov pat pse36 clflush mmx fxsr sse sse2 syscall nx mmxext fxsr_opt pdpe1gb lm 3dnowext 3dnow rep_good nopl extd_apicid pni cx16 x2apic popcnt hypervisor lahf_lm cmp_legacy svm cr8_legacy abm sse4a misalignsse 3dnowprefetch osvw npt nrip_save vmmcall
bugs		: tlb_mmatch fxsave_leak
bogomips	: 4800.28
TLB size	: 1024 4K pages
clflush size	: 64
cache_alignment	: 64
address sizes	: 40 bits physical, 48 bits virtual
power management:

processor	: 10
vendor_id	: AuthenticAMD
cpu family	: 16
model		: 9
model name	: AMD Opteron(tm) Processor 6136
stepping	: 1
microcode	: 0x1000065
cpu MHz		: 2400.142
cache size	: 512 KB
physical id	: 10
siblings	: 1
core id		: 0
cpu cores	: 1
apicid		: 10
initial apicid	: 10
fpu		: yes
fpu_exception	: yes
cpuid level	: 5
wp		: yes
flags		: fpu vme de pse tsc msr pae mce cx8 apic sep mtrr pge mca cmov pat pse36 clflush mmx fxsr sse sse2 syscall nx mmxext fxsr_opt pdpe1gb lm 3dnowext 3dnow rep_good nopl extd_apicid pni cx16 x2apic popcnt hypervisor lahf_lm cmp_legacy svm cr8_legacy abm sse4a misalignsse 3dnowprefetch osvw npt nrip_save vmmcall
bugs		: tlb_mmatch fxsave_leak
bogomips	: 4800.28
TLB size	: 1024 4K pages
clflush size	: 64
cache_alignment	: 64
address sizes	: 40 bits physical, 48 bits virtual
power management:

processor	: 11
vendor_id	: AuthenticAMD
cpu family	: 16
model		: 9
model name	: AMD Opteron(tm) Processor 6136
stepping	: 1
microcode	: 0x1000065
cpu MHz		: 2400.142
cache size	: 512 KB
physical id	: 11
siblings	: 1
core id		: 0
cpu cores	: 1
apicid		: 11
initial apicid	: 11
fpu		: yes
fpu_exception	: yes
cpuid level	: 5
wp		: yes
flags		: fpu vme de pse tsc msr pae mce cx8 apic sep mtrr pge mca cmov pat pse36 clflush mmx fxsr sse sse2 syscall nx mmxext fxsr_opt pdpe1gb lm 3dnowext 3dnow rep_good nopl extd_apicid pni cx16 x2apic popcnt hypervisor lahf_lm cmp_legacy svm cr8_legacy abm sse4a misalignsse 3dnowprefetch osvw npt nrip_save vmmcall
bugs		: tlb_mmatch fxsave_leak
bogomips	: 4800.28
TLB size	: 1024 4K pages
clflush size	: 64
cache_alignment	: 64
address sizes	: 40 bits physical, 48 bits virtual
power management:

processor	: 12
vendor_id	: AuthenticAMD
cpu family	: 16
model		: 9
model name	: AMD Opteron(tm) Processor 6136
stepping	: 1
microcode	: 0x1000065
cpu MHz		: 2400.142
cache size	: 512 KB
physical id	: 12
siblings	: 1
core id		: 0
cpu cores	: 1
apicid		: 12
initial apicid	: 12
fpu		: yes
fpu_exception	: yes
cpuid level	: 5
wp		: yes
flags		: fpu vme de pse tsc msr pae mce cx8 apic sep mtrr pge mca cmov pat pse36 clflush mmx fxsr sse sse2 syscall nx mmxext fxsr_opt pdpe1gb lm 3dnowext 3dnow rep_good nopl extd_apicid pni cx16 x2apic popcnt hypervisor lahf_lm cmp_legacy svm cr8_legacy abm sse4a misalignsse 3dnowprefetch osvw npt nrip_save vmmcall
bugs		: tlb_mmatch fxsave_leak
bogomips	: 4800.28
TLB size	: 1024 4K pages
clflush size	: 64
cache_alignment	: 64
address sizes	: 40 bits physical, 48 bits virtual
power management:

processor	: 13
vendor_id	: AuthenticAMD
cpu family	: 16
model		: 9
model name	: AMD Opteron(tm) Processor 6136
stepping	: 1
microcode	: 0x1000065
cpu MHz		: 2400.142
cache size	: 512 KB
physical id	: 13
siblings	: 1
core id		: 0
cpu cores	: 1
apicid		: 13
initial apicid	: 13
fpu		: yes
fpu_exception	: yes
cpuid level	: 5
wp		: yes
flags		: fpu vme de pse tsc msr pae mce cx8 apic sep mtrr pge mca cmov pat pse36 clflush mmx fxsr sse sse2 syscall nx mmxext fxsr_opt pdpe1gb lm 3dnowext 3dnow rep_good nopl extd_apicid pni cx16 x2apic popcnt hypervisor lahf_lm cmp_legacy svm cr8_legacy abm sse4a misalignsse 3dnowprefetch osvw npt nrip_save vmmcall
bugs		: tlb_mmatch fxsave_leak
bogomips	: 4800.28
TLB size	: 1024 4K pages
clflush size	: 64
cache_alignment	: 64
address sizes	: 40 bits physical, 48 bits virtual
power management:

processor	: 14
vendor_id	: AuthenticAMD
cpu family	: 16
model		: 9
model name	: AMD Opteron(tm) Processor 6136
stepping	: 1
microcode	: 0x1000065
cpu MHz		: 2400.142
cache size	: 512 KB
physical id	: 14
siblings	: 1
core id		: 0
cpu cores	: 1
apicid		: 14
initial apicid	: 14
fpu		: yes
fpu_exception	: yes
cpuid level	: 5
wp		: yes
flags		: fpu vme de pse tsc msr pae mce cx8 apic sep mtrr pge mca cmov pat pse36 clflush mmx fxsr sse sse2 syscall nx mmxext fxsr_opt pdpe1gb lm 3dnowext 3dnow rep_good nopl extd_apicid pni cx16 x2apic popcnt hypervisor lahf_lm cmp_legacy svm cr8_legacy abm sse4a misalignsse 3dnowprefetch osvw npt nrip_save vmmcall
bugs		: tlb_mmatch fxsave_leak
bogomips	: 4800.28
TLB size	: 1024 4K pages
clflush size	: 64
cache_alignment	: 64
address sizes	: 40 bits physical, 48 bits virtual
power management:

processor	: 15
vendor_id	: AuthenticAMD
cpu family	: 16
model		: 9
model name	: AMD Opteron(tm) Processor 6136
stepping	: 1
microcode	: 0x1000065
cpu MHz		: 2400.142
cache size	: 512 KB
physical id	: 15
siblings	: 1
core id		: 0
cpu cores	: 1
apicid		: 15
initial apicid	: 15
fpu		: yes
fpu_exception	: yes
cpuid level	: 5
wp		: yes
flags		: fpu vme de pse tsc msr pae mce cx8 apic sep mtrr pge mca cmov pat pse36 clflush mmx fxsr sse sse2 syscall nx mmxext fxsr_opt pdpe1gb lm 3dnowext 3dnow rep_good nopl extd_apicid pni cx16 x2apic popcnt hypervisor lahf_lm cmp_legacy svm cr8_legacy abm sse4a misalignsse 3dnowprefetch osvw npt nrip_save vmmcall
bugs		: tlb_mmatch fxsave_leak
bogomips	: 4800.28
TLB size	: 1024 4K pages
clflush size	: 64
cache_alignment	: 64
address sizes	: 40 bits physical, 48 bits virtual
power management:

processor	: 16
vendor_id	: AuthenticAMD
cpu family	: 16
model		: 9
model name	: AMD Opteron(tm) Processor 6136
stepping	: 1
microcode	: 0x1000065
cpu MHz		: 2400.142
cache size	: 512 KB
physical id	: 16
siblings	: 1
core id		: 0
cpu cores	: 1
apicid		: 16
initial apicid	: 16
fpu		: yes
fpu_exception	: yes
cpuid level	: 5
wp		: yes
flags		: fpu vme de pse tsc msr pae mce cx8 apic sep mtrr pge mca cmov pat pse36 clflush mmx fxsr sse sse2 syscall nx mmxext fxsr_opt pdpe1gb lm 3dnowext 3dnow rep_good nopl extd_apicid pni cx16 x2apic popcnt hypervisor lahf_lm cmp_legacy svm cr8_legacy abm sse4a misalignsse 3dnowprefetch osvw npt nrip_save vmmcall
bugs		: tlb_mmatch fxsave_leak
bogomips	: 4800.28
TLB size	: 1024 4K pages
clflush size	: 64
cache_alignment	: 64
address sizes	: 40 bits physical, 48 bits virtual
power management:

processor	: 17
vendor_id	: AuthenticAMD
cpu family	: 16
model		: 9
model name	: AMD Opteron(tm) Processor 6136
stepping	: 1
microcode	: 0x1000065
cpu MHz		: 2400.142
cache size	: 512 KB
physical id	: 17
siblings	: 1
core id		: 0
cpu cores	: 1
apicid		: 17
initial apicid	: 17
fpu		: yes
fpu_exception	: yes
cpuid level	: 5
wp		: yes
flags		: fpu vme de pse tsc msr pae mce cx8 apic sep mtrr pge mca cmov pat pse36 clflush mmx fxsr sse sse2 syscall nx mmxext fxsr_opt pdpe1gb lm 3dnowext 3dnow rep_good nopl extd_apicid pni cx16 x2apic popcnt hypervisor lahf_lm cmp_legacy svm cr8_legacy abm sse4a misalignsse 3dnowprefetch osvw npt nrip_save vmmcall
bugs		: tlb_mmatch fxsave_leak
bogomips	: 4800.28
TLB size	: 1024 4K pages
clflush size	: 64
cache_alignment	: 64
address sizes	: 40 bits physical, 48 bits virtual
power management:

processor	: 18
vendor_id	: AuthenticAMD
cpu family	: 16
model		: 9
model name	: AMD Opteron(tm) Processor 6136
stepping	: 1
microcode	: 0x1000065
cpu MHz		: 2400.142
cache size	: 512 KB
physical id	: 18
siblings	: 1
core id		: 0
cpu cores	: 1
apicid		: 18
initial apicid	: 18
fpu		: yes
fpu_exception	: yes
cpuid level	: 5
wp		: yes
flags		: fpu vme de pse tsc msr pae mce cx8 apic sep mtrr pge mca cmov pat pse36 clflush mmx fxsr sse sse2 syscall nx mmxext fxsr_opt pdpe1gb lm 3dnowext 3dnow rep_good nopl extd_apicid pni cx16 x2apic popcnt hypervisor lahf_lm cmp_legacy svm cr8_legacy abm sse4a misalignsse 3dnowprefetch osvw npt nrip_save vmmcall
bugs		: tlb_mmatch fxsave_leak
bogomips	: 4800.28
TLB size	: 1024 4K pages
clflush size	: 64
cache_alignment	: 64
address sizes	: 40 bits physical, 48 bits virtual
power management:

processor	: 19
vendor_id	: AuthenticAMD
cpu family	: 16
model		: 9
model name	: AMD Opteron(tm) Processor 6136
stepping	: 1
microcode	: 0x1000065
cpu MHz		: 2400.142
cache size	: 512 KB
physical id	: 19
siblings	: 1
core id		: 0
cpu cores	: 1
apicid		: 19
initial apicid	: 19
fpu		: yes
fpu_exception	: yes
cpuid level	: 5
wp		: yes
flags		: fpu vme de pse tsc msr pae mce cx8 apic sep mtrr pge mca cmov pat pse36 clflush mmx fxsr sse sse2 syscall nx mmxext fxsr_opt pdpe1gb lm 3dnowext 3dnow rep_good nopl extd_apicid pni cx16 x2apic popcnt hypervisor lahf_lm cmp_legacy svm cr8_legacy abm sse4a misalignsse 3dnowprefetch osvw npt nrip_save vmmcall
bugs		: tlb_mmatch fxsave_leak
bogomips	: 4800.28
TLB size	: 1024 4K pages
clflush size	: 64
cache_alignment	: 64
address sizes	: 40 bits physical, 48 bits virtual
power management:

processor	: 20
vendor_id	: AuthenticAMD
cpu family	: 16
model		: 9
model name	: AMD Opteron(tm) Processor 6136
stepping	: 1
microcode	: 0x1000065
cpu MHz		: 2400.142
cache size	: 512 KB
physical id	: 20
siblings	: 1
core id		: 0
cpu cores	: 1
apicid		: 20
initial apicid	: 20
fpu		: yes
fpu_exception	: yes
cpuid level	: 5
wp		: yes
flags		: fpu vme de pse tsc msr pae mce cx8 apic sep mtrr pge mca cmov pat pse36 clflush mmx fxsr sse sse2 syscall nx mmxext fxsr_opt pdpe1gb lm 3dnowext 3dnow rep_good nopl extd_apicid pni cx16 x2apic popcnt hypervisor lahf_lm cmp_legacy svm cr8_legacy abm sse4a misalignsse 3dnowprefetch osvw npt nrip_save vmmcall
bugs		: tlb_mmatch fxsave_leak
bogomips	: 4800.28
TLB size	: 1024 4K pages
clflush size	: 64
cache_alignment	: 64
address sizes	: 40 bits physical, 48 bits virtual
power management:

processor	: 21
vendor_id	: AuthenticAMD
cpu family	: 16
model		: 9
model name	: AMD Opteron(tm) Processor 6136
stepping	: 1
microcode	: 0x1000065
cpu MHz		: 2400.142
cache size	: 512 KB
physical id	: 21
siblings	: 1
core id		: 0
cpu cores	: 1
apicid		: 21
initial apicid	: 21
fpu		: yes
fpu_exception	: yes
cpuid level	: 5
wp		: yes
flags		: fpu vme de pse tsc msr pae mce cx8 apic sep mtrr pge mca cmov pat pse36 clflush mmx fxsr sse sse2 syscall nx mmxext fxsr_opt pdpe1gb lm 3dnowext 3dnow rep_good nopl extd_apicid pni cx16 x2apic popcnt hypervisor lahf_lm cmp_legacy svm cr8_legacy abm sse4a misalignsse 3dnowprefetch osvw npt nrip_save vmmcall
bugs		: tlb_mmatch fxsave_leak
bogomips	: 4800.28
TLB size	: 1024 4K pages
clflush size	: 64
cache_alignment	: 64
address sizes	: 40 bits physical, 48 bits virtual
power management:

processor	: 22
vendor_id	: AuthenticAMD
cpu family	: 16
model		: 9
model name	: AMD Opteron(tm) Processor 6136
stepping	: 1
microcode	: 0x1000065
cpu MHz		: 2400.142
cache size	: 512 KB
physical id	: 22
siblings	: 1
core id		: 0
cpu cores	: 1
apicid		: 22
initial apicid	: 22
fpu		: yes
fpu_exception	: yes
cpuid level	: 5
wp		: yes
flags		: fpu vme de pse tsc msr pae mce cx8 apic sep mtrr pge mca cmov pat pse36 clflush mmx fxsr sse sse2 syscall nx mmxext fxsr_opt pdpe1gb lm 3dnowext 3dnow rep_good nopl extd_apicid pni cx16 x2apic popcnt hypervisor lahf_lm cmp_legacy svm cr8_legacy abm sse4a misalignsse 3dnowprefetch osvw npt nrip_save vmmcall
bugs		: tlb_mmatch fxsave_leak
bogomips	: 4800.28
TLB size	: 1024 4K pages
clflush size	: 64
cache_alignment	: 64
address sizes	: 40 bits physical, 48 bits virtual
power management:

processor	: 23
vendor_id	: AuthenticAMD
cpu family	: 16
model		: 9
model name	: AMD Opteron(tm) Processor 6136
stepping	: 1
microcode	: 0x1000065
cpu MHz		: 2400.142
cache size	: 512 KB
physical id	: 23
siblings	: 1
core id		: 0
cpu cores	: 1
apicid		: 23
initial apicid	: 23
fpu		: yes
fpu_exception	: yes
cpuid level	: 5
wp		: yes
flags		: fpu vme de pse tsc msr pae mce cx8 apic sep mtrr pge mca cmov pat pse36 clflush mmx fxsr sse sse2 syscall nx mmxext fxsr_opt pdpe1gb lm 3dnowext 3dnow rep_good nopl extd_apicid pni cx16 x2apic popcnt hypervisor lahf_lm cmp_legacy svm cr8_legacy abm sse4a misalignsse 3dnowprefetch osvw npt nrip_save vmmcall
bugs		: tlb_mmatch fxsave_leak
bogomips	: 4800.28
TLB size	: 1024 4K pages
clflush size	: 64
cache_alignment	: 64
address sizes	: 40 bits physical, 48 bits virtual
power management:

processor	: 24
vendor_id	: AuthenticAMD
cpu family	: 16
model		: 9
model name	: AMD Opteron(tm) Processor 6136
stepping	: 1
microcode	: 0x1000065
cpu MHz		: 2400.142
cache size	: 512 KB
physical id	: 24
siblings	: 1
core id		: 0
cpu cores	: 1
apicid		: 24
initial apicid	: 24
fpu		: yes
fpu_exception	: yes
cpuid level	: 5
wp		: yes
flags		: fpu vme de pse tsc msr pae mce cx8 apic sep mtrr pge mca cmov pat pse36 clflush mmx fxsr sse sse2 syscall nx mmxext fxsr_opt pdpe1gb lm 3dnowext 3dnow rep_good nopl extd_apicid pni cx16 x2apic popcnt hypervisor lahf_lm cmp_legacy svm cr8_legacy abm sse4a misalignsse 3dnowprefetch osvw npt nrip_save vmmcall
bugs		: tlb_mmatch fxsave_leak
bogomips	: 4800.28
TLB size	: 1024 4K pages
clflush size	: 64
cache_alignment	: 64
address sizes	: 40 bits physical, 48 bits virtual
power management:

processor	: 25
vendor_id	: AuthenticAMD
cpu family	: 16
model		: 9
model name	: AMD Opteron(tm) Processor 6136
stepping	: 1
microcode	: 0x1000065
cpu MHz		: 2400.142
cache size	: 512 KB
physical id	: 25
siblings	: 1
core id		: 0
cpu cores	: 1
apicid		: 25
initial apicid	: 25
fpu		: yes
fpu_exception	: yes
cpuid level	: 5
wp		: yes
flags		: fpu vme de pse tsc msr pae mce cx8 apic sep mtrr pge mca cmov pat pse36 clflush mmx fxsr sse sse2 syscall nx mmxext fxsr_opt pdpe1gb lm 3dnowext 3dnow rep_good nopl extd_apicid pni cx16 x2apic popcnt hypervisor lahf_lm cmp_legacy svm cr8_legacy abm sse4a misalignsse 3dnowprefetch osvw npt nrip_save vmmcall
bugs		: tlb_mmatch fxsave_leak
bogomips	: 4800.28
TLB size	: 1024 4K pages
clflush size	: 64
cache_alignment	: 64
address sizes	: 40 bits physical, 48 bits virtual
power management:

processor	: 26
vendor_id	: AuthenticAMD
cpu family	: 16
model		: 9
model name	: AMD Opteron(tm) Processor 6136
stepping	: 1
microcode	: 0x1000065
cpu MHz		: 2400.142
cache size	: 512 KB
physical id	: 26
siblings	: 1
core id		: 0
cpu cores	: 1
apicid		: 26
initial apicid	: 26
fpu		: yes
fpu_exception	: yes
cpuid level	: 5
wp		: yes
flags		: fpu vme de pse tsc msr pae mce cx8 apic sep mtrr pge mca cmov pat pse36 clflush mmx fxsr sse sse2 syscall nx mmxext fxsr_opt pdpe1gb lm 3dnowext 3dnow rep_good nopl extd_apicid pni cx16 x2apic popcnt hypervisor lahf_lm cmp_legacy svm cr8_legacy abm sse4a misalignsse 3dnowprefetch osvw npt nrip_save vmmcall
bugs		: tlb_mmatch fxsave_leak
bogomips	: 4800.28
TLB size	: 1024 4K pages
clflush size	: 64
cache_alignment	: 64
address sizes	: 40 bits physical, 48 bits virtual
power management:

processor	: 27
vendor_id	: AuthenticAMD
cpu family	: 16
model		: 9
model name	: AMD Opteron(tm) Processor 6136
stepping	: 1
microcode	: 0x1000065
cpu MHz		: 2400.142
cache size	: 512 KB
physical id	: 27
siblings	: 1
core id		: 0
cpu cores	: 1
apicid		: 27
initial apicid	: 27
fpu		: yes
fpu_exception	: yes
cpuid level	: 5
wp		: yes
flags		: fpu vme de pse tsc msr pae mce cx8 apic sep mtrr pge mca cmov pat pse36 clflush mmx fxsr sse sse2 syscall nx mmxext fxsr_opt pdpe1gb lm 3dnowext 3dnow rep_good nopl extd_apicid pni cx16 x2apic popcnt hypervisor lahf_lm cmp_legacy svm cr8_legacy abm sse4a misalignsse 3dnowprefetch osvw npt nrip_save vmmcall
bugs		: tlb_mmatch fxsave_leak
bogomips	: 4800.28
TLB size	: 1024 4K pages
clflush size	: 64
cache_alignment	: 64
address sizes	: 40 bits physical, 48 bits virtual
power management:

processor	: 28
vendor_id	: AuthenticAMD
cpu family	: 16
model		: 9
model name	: AMD Opteron(tm) Processor 6136
stepping	: 1
microcode	: 0x1000065
cpu MHz		: 2400.142
cache size	: 512 KB
physical id	: 28
siblings	: 1
core id		: 0
cpu cores	: 1
apicid		: 28
initial apicid	: 28
fpu		: yes
fpu_exception	: yes
cpuid level	: 5
wp		: yes
flags		: fpu vme de pse tsc msr pae mce cx8 apic sep mtrr pge mca cmov pat pse36 clflush mmx fxsr sse sse2 syscall nx mmxext fxsr_opt pdpe1gb lm 3dnowext 3dnow rep_good nopl extd_apicid pni cx16 x2apic popcnt hypervisor lahf_lm cmp_legacy svm cr8_legacy abm sse4a misalignsse 3dnowprefetch osvw npt nrip_save vmmcall
bugs		: tlb_mmatch fxsave_leak
bogomips	: 4800.28
TLB size	: 1024 4K pages
clflush size	: 64
cache_alignment	: 64
address sizes	: 40 bits physical, 48 bits virtual
power management:

processor	: 29
vendor_id	: AuthenticAMD
cpu family	: 16
model		: 9
model name	: AMD Opteron(tm) Processor 6136
stepping	: 1
microcode	: 0x1000065
cpu MHz		: 2400.142
cache size	: 512 KB
physical id	: 29
siblings	: 1
core id		: 0
cpu cores	: 1
apicid		: 29
initial apicid	: 29
fpu		: yes
fpu_exception	: yes
cpuid level	: 5
wp		: yes
flags		: fpu vme de pse tsc msr pae mce cx8 apic sep mtrr pge mca cmov pat pse36 clflush mmx fxsr sse sse2 syscall nx mmxext fxsr_opt pdpe1gb lm 3dnowext 3dnow rep_good nopl extd_apicid pni cx16 x2apic popcnt hypervisor lahf_lm cmp_legacy svm cr8_legacy abm sse4a misalignsse 3dnowprefetch osvw npt nrip_save vmmcall
bugs		: tlb_mmatch fxsave_leak
bogomips	: 4800.28
TLB size	: 1024 4K pages
clflush size	: 64
cache_alignment	: 64
address sizes	: 40 bits physical, 48 bits virtual
power management:

processor	: 30
vendor_id	: AuthenticAMD
cpu family	: 16
model		: 9
model name	: AMD Opteron(tm) Processor 6136
stepping	: 1
microcode	: 0x1000065
cpu MHz		: 2400.142
cache size	: 512 KB
physical id	: 30
siblings	: 1
core id		: 0
cpu cores	: 1
apicid		: 30
initial apicid	: 30
fpu		: yes
fpu_exception	: yes
cpuid level	: 5
wp		: yes
flags		: fpu vme de pse tsc msr pae mce cx8 apic sep mtrr pge mca cmov pat pse36 clflush mmx fxsr sse sse2 syscall nx mmxext fxsr_opt pdpe1gb lm 3dnowext 3dnow rep_good nopl extd_apicid pni cx16 x2apic popcnt hypervisor lahf_lm cmp_legacy svm cr8_legacy abm sse4a misalignsse 3dnowprefetch osvw npt nrip_save vmmcall
bugs		: tlb_mmatch fxsave_leak
bogomips	: 4800.28
TLB size	: 1024 4K pages
clflush size	: 64
cache_alignment	: 64
address sizes	: 40 bits physical, 48 bits virtual
power management:

processor	: 31
vendor_id	: AuthenticAMD
cpu family	: 16
model		: 9
model name	: AMD Opteron(tm) Processor 6136
stepping	: 1
microcode	: 0x1000065
cpu MHz		: 2400.142
cache size	: 512 KB
physical id	: 31
siblings	: 1
core id		: 0
cpu cores	: 1
apicid		: 31
initial apicid	: 31
fpu		: yes
fpu_exception	: yes
cpuid level	: 5
wp		: yes
flags		: fpu vme de pse tsc msr pae mce cx8 apic sep mtrr pge mca cmov pat pse36 clflush mmx fxsr sse sse2 syscall nx mmxext fxsr_opt pdpe1gb lm 3dnowext 3dnow rep_good nopl extd_apicid pni cx16 x2apic popcnt hypervisor lahf_lm cmp_legacy svm cr8_legacy abm sse4a misalignsse 3dnowprefetch osvw npt nrip_save vmmcall
bugs		: tlb_mmatch fxsave_leak
bogomips	: 4800.28
TLB size	: 1024 4K pages
clflush size	: 64
cache_alignment	: 64
address sizes	: 40 bits physical, 48 bits virtual
power management:



Memory: 4k page, physical 127909028k(630936k free), swap 0k(0k free)

vm_info: Java HotSpot(TM) 64-Bit Server VM (25.45-b02) for linux-amd64 JRE (1.8.0_45-b14), built on Apr 10 2015 10:07:45 by "java_re" with gcc 4.3.0 20080428 (Red Hat 4.3.0-8)

time: Mon Jan  4 17:12:50 2016
elapsed time: 2504 seconds (0d 0h 41m 44s)

