#
# There is insufficient memory for the Java Runtime Environment to continue.
# Native memory allocation (mmap) failed to map 1342177280 bytes for committing reserved memory.
# Possible reasons:
#   The system is out of physical RAM or swap space
#   In 32 bit mode, the process size limit was hit
# Possible solutions:
#   Reduce memory load on the system
#   Increase physical memory or swap space
#   Check if swap backing store is full
#   Use 64 bit Java on a 64 bit OS
#   Decrease Java heap size (-Xmx/-Xms)
#   Decrease number of Java threads
#   Decrease Java thread stack sizes (-Xss)
#   Set larger code cache with -XX:ReservedCodeCacheSize=
# This output file may be truncated or incomplete.
#
#  Out of Memory Error (os_linux.cpp:2673), pid=31341, tid=140534719842048
#
# JRE version: Java(TM) SE Runtime Environment (8.0_45-b14) (build 1.8.0_45-b14)
# Java VM: Java HotSpot(TM) 64-Bit Server VM (25.45-b02 mixed mode linux-amd64 compressed oops)
# Failed to write core dump. Core dumps have been disabled. To enable core dumping, try "ulimit -c unlimited" before starting Java again
#

---------------  T H R E A D  ---------------

Current thread (0x00007fd11c3c6000):  VMThread [stack: 0x00007fd0c9fe0000,0x00007fd0ca0e1000] [id=31590]

Stack: [0x00007fd0c9fe0000,0x00007fd0ca0e1000],  sp=0x00007fd0ca0df260,  free space=1020k
Native frames: (J=compiled Java code, j=interpreted, Vv=VM code, C=native code)
V  [libjvm.so+0xaac99a]  VMError::report_and_die()+0x2ba
V  [libjvm.so+0x4f333b]  report_vm_out_of_memory(char const*, int, unsigned long, VMErrorType, char const*)+0x8b
V  [libjvm.so+0x90e7c3]  os::Linux::commit_memory_impl(char*, unsigned long, bool)+0x103
V  [libjvm.so+0x90ed19]  os::pd_commit_memory(char*, unsigned long, unsigned long, bool)+0x29
V  [libjvm.so+0x90867a]  os::commit_memory(char*, unsigned long, unsigned long, bool)+0x2a
V  [libjvm.so+0x97bac3]  PSVirtualSpace::expand_by(unsigned long)+0x53
V  [libjvm.so+0x96c320]  PSOldGen::expand(unsigned long)+0x170
V  [libjvm.so+0x96c52b]  PSOldGen::resize(unsigned long)+0x1cb
V  [libjvm.so+0x974241]  PSParallelCompact::invoke_no_policy(bool)+0x9d1
V  [libjvm.so+0x979bed]  PSScavenge::invoke()+0x1ad
V  [libjvm.so+0x932050]  ParallelScavengeHeap::failed_mem_allocate(unsigned long)+0x70
V  [libjvm.so+0xaae1d7]  VM_ParallelGCFailedAllocation::doit()+0x97
V  [libjvm.so+0xab59c5]  VM_Operation::evaluate()+0x55
V  [libjvm.so+0xab3d9a]  VMThread::evaluate_operation(VM_Operation*)+0xba
V  [libjvm.so+0xab411e]  VMThread::loop()+0x1ce
V  [libjvm.so+0xab4590]  VMThread::run()+0x70
V  [libjvm.so+0x910de8]  java_start(Thread*)+0x108

VM_Operation (0x00007fd0c8505320): ParallelGCFailedAllocation, mode: safepoint, requested by thread 0x00007fd11c4a2000


---------------  P R O C E S S  ---------------

Java Threads: ( => current thread )
  0x00007fd11c4a2000 JavaThread "pool-1-thread-1" [_thread_blocked, id=31800, stack(0x00007fd0c8406000,0x00007fd0c8507000)]
  0x00007fd11c41f000 JavaThread "Service Thread" daemon [_thread_blocked, id=31786, stack(0x00007fd0c8715000,0x00007fd0c8816000)]
  0x00007fd11c41a000 JavaThread "C1 CompilerThread14" daemon [_thread_blocked, id=31766, stack(0x00007fd0c8816000,0x00007fd0c8917000)]
  0x00007fd11c418000 JavaThread "C1 CompilerThread13" daemon [_thread_blocked, id=31764, stack(0x00007fd0c8917000,0x00007fd0c8a18000)]
  0x00007fd11c416000 JavaThread "C1 CompilerThread12" daemon [_thread_blocked, id=31762, stack(0x00007fd0c8a18000,0x00007fd0c8b19000)]
  0x00007fd11c413800 JavaThread "C1 CompilerThread11" daemon [_thread_blocked, id=31757, stack(0x00007fd0c8b19000,0x00007fd0c8c1a000)]
  0x00007fd11c412000 JavaThread "C1 CompilerThread10" daemon [_thread_blocked, id=31752, stack(0x00007fd0c8c1a000,0x00007fd0c8d1b000)]
  0x00007fd11c40f800 JavaThread "C2 CompilerThread9" daemon [_thread_blocked, id=31748, stack(0x00007fd0c8d1b000,0x00007fd0c8e1c000)]
  0x00007fd11c40e000 JavaThread "C2 CompilerThread8" daemon [_thread_blocked, id=31745, stack(0x00007fd0c8e1c000,0x00007fd0c8f1d000)]
  0x00007fd11c40c000 JavaThread "C2 CompilerThread7" daemon [_thread_blocked, id=31738, stack(0x00007fd0c8f1d000,0x00007fd0c901e000)]
  0x00007fd11c409800 JavaThread "C2 CompilerThread6" daemon [_thread_blocked, id=31735, stack(0x00007fd0c901e000,0x00007fd0c911f000)]
  0x00007fd11c408000 JavaThread "C2 CompilerThread5" daemon [_thread_blocked, id=31731, stack(0x00007fd0c911f000,0x00007fd0c9220000)]
  0x00007fd11c406000 JavaThread "C2 CompilerThread4" daemon [_thread_blocked, id=31725, stack(0x00007fd0c9220000,0x00007fd0c9321000)]
  0x00007fd11c404000 JavaThread "C2 CompilerThread3" daemon [_thread_blocked, id=31721, stack(0x00007fd0c9321000,0x00007fd0c9422000)]
  0x00007fd11c3ff800 JavaThread "C2 CompilerThread2" daemon [_thread_blocked, id=31707, stack(0x00007fd0c9422000,0x00007fd0c9523000)]
  0x00007fd11c3fe000 JavaThread "C2 CompilerThread1" daemon [_thread_blocked, id=31671, stack(0x00007fd0c9523000,0x00007fd0c9624000)]
  0x00007fd11c3fb000 JavaThread "C2 CompilerThread0" daemon [_thread_blocked, id=31657, stack(0x00007fd0c9624000,0x00007fd0c9725000)]
  0x00007fd11c3f9000 JavaThread "Signal Dispatcher" daemon [_thread_blocked, id=31652, stack(0x00007fd0c9725000,0x00007fd0c9826000)]
  0x00007fd11c3cd000 JavaThread "Finalizer" daemon [_thread_blocked, id=31614, stack(0x00007fd0c9dde000,0x00007fd0c9edf000)]
  0x00007fd11c3cb000 JavaThread "Reference Handler" daemon [_thread_blocked, id=31611, stack(0x00007fd0c9edf000,0x00007fd0c9fe0000)]
  0x00007fd11c00a800 JavaThread "main" [_thread_blocked, id=31352, stack(0x00007fd122393000,0x00007fd122494000)]

Other Threads:
=>0x00007fd11c3c6000 VMThread [stack: 0x00007fd0c9fe0000,0x00007fd0ca0e1000] [id=31590]
  0x00007fd11c421800 WatcherThread [stack: 0x00007fd0c8614000,0x00007fd0c8715000] [id=31795]

VM state:at safepoint (normal execution)

VM Mutex/Monitor currently owned by a thread:  ([mutex/lock_event])
[0x00007fd11c005ae0] ExpandHeap_lock - owner thread: 0x00007fd11c3c6000
[0x00007fd11c006160] Threads_lock - owner thread: 0x00007fd11c3c6000
[0x00007fd11c006660] Heap_lock - owner thread: 0x00007fd11c4a2000

Heap:
 PSYoungGen      total 2571776K, used 0K [0x00000006f4900000, 0x00000007c0000000, 0x00000007c0000000)
  eden space 1911808K, 0% used [0x00000006f4900000,0x00000006f4900000,0x0000000769400000)
  from space 659968K, 0% used [0x0000000797b80000,0x0000000797b80000,0x00000007c0000000)
  to   space 710656K, 0% used [0x0000000769400000,0x0000000769400000,0x0000000794a00000)
 ParOldGen       total 1929216K, used 1922354K [0x000000055da00000, 0x00000005d3600000, 0x00000006f4900000)
  object space 1929216K, 99% used [0x000000055da00000,0x00000005d2f4cb28,0x00000005d3600000)
 Metaspace       used 5281K, capacity 5452K, committed 5632K, reserved 1056768K
  class space    used 585K, capacity 668K, committed 768K, reserved 1048576K

Card table byte_map: [0x00007fd10aa9c000,0x00007fd10bdb0000] byte_map_base: 0x00007fd107faf000

Marking Bits: (ParMarkBitMap*) 0x00007fd12188c760
 Begin Bits: [0x00007fd080ed0000, 0x00007fd08a768000)
 End Bits:   [0x00007fd08a768000, 0x00007fd094000000)

Polling page: 0x00007fd1224d3000

CodeCache: size=245760Kb used=5456Kb max_used=5465Kb free=240303Kb
 bounds [0x00007fd10c170000, 0x00007fd10c6d0000, 0x00007fd11b170000]
 total_blobs=1035 nmethods=738 adapters=209
 compilation: enabled

Compilation events (10 events):
Event: 1807.122 Thread 0x00007fd11c408000  830       4       edu.ufpr.cbio.psp.algorithms.hyperheuristic.lowlevelheuristic.LowLevelHeuristic::updateScore (118 bytes)
Event: 1807.136 Thread 0x00007fd11c408000 nmethod 830 0x00007fd10c68e990 code [0x00007fd10c68eb20, 0x00007fd10c68efb8]
Event: 1807.286 Thread 0x00007fd11c413800  831 %     3       edu.ufpr.cbio.psp.algorithms.hyperheuristic.IBEAHyperHeuristic::execute @ 230 (505 bytes)
Event: 1807.293 Thread 0x00007fd11c413800 nmethod 831% 0x00007fd10c6bf290 code [0x00007fd10c6bf7a0, 0x00007fd10c6c2738]
Event: 1807.325 Thread 0x00007fd11c409800  832       4       java.util.ArrayList::iterator (10 bytes)
Event: 1807.328 Thread 0x00007fd11c409800 nmethod 832 0x00007fd10c68afd0 code [0x00007fd10c68b120, 0x00007fd10c68b1f8]
Event: 1807.342 Thread 0x00007fd11c413800  833       3       edu.ufpr.cbio.psp.algorithms.hyperheuristic.IBEAHyperHeuristic::execute (505 bytes)
Event: 1807.348 Thread 0x00007fd11c413800 nmethod 833 0x00007fd10c6c4910 code [0x00007fd10c6c4e20, 0x00007fd10c6c7b98]
Event: 1808.530 Thread 0x00007fd11c3fb000  834       4       edu.ufpr.cbio.psp.algorithms.hyperheuristic.IBEAHyperHeuristic::computeIndicatorValuesHD (246 bytes)
Event: 1808.607 Thread 0x00007fd11c3fb000 nmethod 834 0x00007fd10c6c9c10 code [0x00007fd10c6c9f00, 0x00007fd10c6cb698]

GC Heap History (10 events):
Event: 1816.411 GC heap after
Heap after GC invocations=825 (full 0):
 PSYoungGen      total 3088896K, used 244193K [0x00000006f4900000, 0x00000007c0000000, 0x00000007c0000000)
  eden space 2844672K, 0% used [0x00000006f4900000,0x00000006f4900000,0x00000007a2300000)
  from space 244224K, 99% used [0x00000007a2300000,0x00000007b11784c0,0x00000007b1180000)
  to   space 244224K, 0% used [0x00000007b1180000,0x00000007b1180000,0x00000007c0000000)
 ParOldGen       total 1332736K, used 885214K [0x000000055da00000, 0x00000005aef80000, 0x00000006f4900000)
  object space 1332736K, 66% used [0x000000055da00000,0x0000000593a779e0,0x00000005aef80000)
 Metaspace       used 5281K, capacity 5452K, committed 5632K, reserved 1056768K
  class space    used 585K, capacity 668K, committed 768K, reserved 1048576K
}
Event: 1822.897 GC heap before
{Heap before GC invocations=826 (full 0):
 PSYoungGen      total 3088896K, used 3088865K [0x00000006f4900000, 0x00000007c0000000, 0x00000007c0000000)
  eden space 2844672K, 100% used [0x00000006f4900000,0x00000007a2300000,0x00000007a2300000)
  from space 244224K, 99% used [0x00000007a2300000,0x00000007b11784c0,0x00000007b1180000)
  to   space 244224K, 0% used [0x00000007b1180000,0x00000007b1180000,0x00000007c0000000)
 ParOldGen       total 1332736K, used 885214K [0x000000055da00000, 0x00000005aef80000, 0x00000006f4900000)
  object space 1332736K, 66% used [0x000000055da00000,0x0000000593a779e0,0x00000005aef80000)
 Metaspace       used 5281K, capacity 5452K, committed 5632K, reserved 1056768K
  class space    used 585K, capacity 668K, committed 768K, reserved 1048576K
Event: 1824.899 GC heap after
Heap after GC invocations=826 (full 0):
 PSYoungGen      total 2388480K, used 244192K [0x00000006f4900000, 0x00000007c0000000, 0x00000007c0000000)
  eden space 2144256K, 0% used [0x00000006f4900000,0x00000006f4900000,0x0000000777700000)
  from space 244224K, 99% used [0x00000007b1180000,0x00000007bfff8310,0x00000007c0000000)
  to   space 594432K, 0% used [0x0000000777700000,0x0000000777700000,0x000000079bb80000)
 ParOldGen       total 1513472K, used 1502857K [0x000000055da00000, 0x00000005ba000000, 0x00000006f4900000)
  object space 1513472K, 99% used [0x000000055da00000,0x00000005b95a2630,0x00000005ba000000)
 Metaspace       used 5281K, capacity 5452K, committed 5632K, reserved 1056768K
  class space    used 585K, capacity 668K, committed 768K, reserved 1048576K
}
Event: 1824.899 GC heap before
{Heap before GC invocations=827 (full 1):
 PSYoungGen      total 2388480K, used 244192K [0x00000006f4900000, 0x00000007c0000000, 0x00000007c0000000)
  eden space 2144256K, 0% used [0x00000006f4900000,0x00000006f4900000,0x0000000777700000)
  from space 244224K, 99% used [0x00000007b1180000,0x00000007bfff8310,0x00000007c0000000)
  to   space 594432K, 0% used [0x0000000777700000,0x0000000777700000,0x000000079bb80000)
 ParOldGen       total 1513472K, used 1502857K [0x000000055da00000, 0x00000005ba000000, 0x00000006f4900000)
  object space 1513472K, 99% used [0x000000055da00000,0x00000005b95a2630,0x00000005ba000000)
 Metaspace       used 5281K, capacity 5452K, committed 5632K, reserved 1056768K
  class space    used 585K, capacity 668K, committed 768K, reserved 1048576K
Event: 1827.534 GC heap after
Heap after GC invocations=827 (full 1):
 PSYoungGen      total 2388480K, used 0K [0x00000006f4900000, 0x00000007c0000000, 0x00000007c0000000)
  eden space 2144256K, 0% used [0x00000006f4900000,0x00000006f4900000,0x0000000777700000)
  from space 244224K, 0% used [0x00000007b1180000,0x00000007b1180000,0x00000007c0000000)
  to   space 594432K, 0% used [0x0000000777700000,0x0000000777700000,0x000000079bb80000)
 ParOldGen       total 1929216K, used 994335K [0x000000055da00000, 0x00000005d3600000, 0x00000006f4900000)
  object space 1929216K, 51% used [0x000000055da00000,0x000000059a507c10,0x00000005d3600000)
 Metaspace       used 5281K, capacity 5452K, committed 5632K, reserved 1056768K
  class space    used 585K, capacity 668K, committed 768K, reserved 1048576K
}
Event: 1837.650 GC heap before
{Heap before GC invocations=828 (full 1):
 PSYoungGen      total 2388480K, used 2144256K [0x00000006f4900000, 0x00000007c0000000, 0x00000007c0000000)
  eden space 2144256K, 100% used [0x00000006f4900000,0x0000000777700000,0x0000000777700000)
  from space 244224K, 0% used [0x00000007b1180000,0x00000007b1180000,0x00000007c0000000)
  to   space 594432K, 0% used [0x0000000777700000,0x0000000777700000,0x000000079bb80000)
 ParOldGen       total 1929216K, used 994335K [0x000000055da00000, 0x00000005d3600000, 0x00000006f4900000)
  object space 1929216K, 51% used [0x000000055da00000,0x000000059a507c10,0x00000005d3600000)
 Metaspace       used 5281K, capacity 5452K, committed 5632K, reserved 1056768K
  class space    used 585K, capacity 668K, committed 768K, reserved 1048576K
Event: 1838.223 GC heap after
Heap after GC invocations=828 (full 1):
 PSYoungGen      total 2609152K, used 464810K [0x00000006f4900000, 0x00000007c0000000, 0x00000007c0000000)
  eden space 2144256K, 0% used [0x00000006f4900000,0x00000006f4900000,0x0000000777700000)
  from space 464896K, 99% used [0x0000000777700000,0x0000000793ceaa48,0x0000000793d00000)
  to   space 659968K, 0% used [0x0000000797b80000,0x0000000797b80000,0x00000007c0000000)
 ParOldGen       total 1929216K, used 994335K [0x000000055da00000, 0x00000005d3600000, 0x00000006f4900000)
  object space 1929216K, 51% used [0x000000055da00000,0x000000059a507c10,0x00000005d3600000)
 Metaspace       used 5281K, capacity 5452K, committed 5632K, reserved 1056768K
  class space    used 585K, capacity 668K, committed 768K, reserved 1048576K
}
Event: 1848.864 GC heap before
{Heap before GC invocations=829 (full 1):
 PSYoungGen      total 2609152K, used 2609066K [0x00000006f4900000, 0x00000007c0000000, 0x00000007c0000000)
  eden space 2144256K, 100% used [0x00000006f4900000,0x0000000777700000,0x0000000777700000)
  from space 464896K, 99% used [0x0000000777700000,0x0000000793ceaa48,0x0000000793d00000)
  to   space 659968K, 0% used [0x0000000797b80000,0x0000000797b80000,0x00000007c0000000)
 ParOldGen       total 1929216K, used 994335K [0x000000055da00000, 0x00000005d3600000, 0x00000006f4900000)
  object space 1929216K, 51% used [0x000000055da00000,0x000000059a507c10,0x00000005d3600000)
 Metaspace       used 5281K, capacity 5452K, committed 5632K, reserved 1056768K
  class space    used 585K, capacity 668K, committed 768K, reserved 1048576K
Event: 1849.883 GC heap after
Heap after GC invocations=829 (full 1):
 PSYoungGen      total 2571776K, used 464694K [0x00000006f4900000, 0x00000007c0000000, 0x00000007c0000000)
  eden space 1911808K, 0% used [0x00000006f4900000,0x00000006f4900000,0x0000000769400000)
  from space 659968K, 70% used [0x0000000797b80000,0x00000007b414db18,0x00000007c0000000)
  to   space 710656K, 0% used [0x0000000769400000,0x0000000769400000,0x0000000794a00000)
 ParOldGen       total 1929216K, used 1459881K [0x000000055da00000, 0x00000005d3600000, 0x00000006f4900000)
  object space 1929216K, 75% used [0x000000055da00000,0x00000005b6baa4b0,0x00000005d3600000)
 Metaspace       used 5281K, capacity 5452K, committed 5632K, reserved 1056768K
  class space    used 585K, capacity 668K, committed 768K, reserved 1048576K
}
Event: 1849.883 GC heap before
{Heap before GC invocations=830 (full 2):
 PSYoungGen      total 2571776K, used 464694K [0x00000006f4900000, 0x00000007c0000000, 0x00000007c0000000)
  eden space 1911808K, 0% used [0x00000006f4900000,0x00000006f4900000,0x0000000769400000)
  from space 659968K, 70% used [0x0000000797b80000,0x00000007b414db18,0x00000007c0000000)
  to   space 710656K, 0% used [0x0000000769400000,0x0000000769400000,0x0000000794a00000)
 ParOldGen       total 1929216K, used 1459881K [0x000000055da00000, 0x00000005d3600000, 0x00000006f4900000)
  object space 1929216K, 75% used [0x000000055da00000,0x00000005b6baa4b0,0x00000005d3600000)
 Metaspace       used 5281K, capacity 5452K, committed 5632K, reserved 1056768K
  class space    used 585K, capacity 668K, committed 768K, reserved 1048576K

Deoptimization events (10 events):
Event: 100.987 Thread 0x00007fd11c4a2000 Uncommon trap: reason=unstable_if action=reinterpret pc=0x00007fd10c51d160 method=edu.ufpr.cbio.psp.algorithms.backtrack.initialization.BacktrackInitialization.move(IILjava/lang/String;)Z @ 164
Event: 1280.012 Thread 0x00007fd11c4a2000 Uncommon trap: reason=unstable_if action=reinterpret pc=0x00007fd10c5cd5f4 method=java.util.HashMap.putVal(ILjava/lang/Object;Ljava/lang/Object;ZZ)Ljava/lang/Object; @ 206
Event: 1500.461 Thread 0x00007fd11c4a2000 Uncommon trap: reason=unstable_if action=reinterpret pc=0x00007fd10c5e99f0 method=edu.ufpr.cbio.psp.algorithms.backtrack.initialization.BacktrackInitialization.move(IILjava/lang/String;)Z @ 149
Event: 1770.290 Thread 0x00007fd11c4a2000 Uncommon trap: reason=unstable_if action=reinterpret pc=0x00007fd10c4fe260 method=java.util.HashMap.putVal(ILjava/lang/Object;Ljava/lang/Object;ZZ)Ljava/lang/Object; @ 162
Event: 1770.291 Thread 0x00007fd11c4a2000 Uncommon trap: reason=unstable_if action=reinterpret pc=0x00007fd10c5a04c0 method=java.util.HashMap.putVal(ILjava/lang/Object;Ljava/lang/Object;ZZ)Ljava/lang/Object; @ 162
Event: 1770.415 Thread 0x00007fd11c4a2000 Uncommon trap: reason=unstable_if action=reinterpret pc=0x00007fd10c5a1ca0 method=java.util.HashMap.putVal(ILjava/lang/Object;Ljava/lang/Object;ZZ)Ljava/lang/Object; @ 162
Event: 1773.077 Thread 0x00007fd11c4a2000 Uncommon trap: reason=unstable_if action=reinterpret pc=0x00007fd10c59646c method=org.uma.jmetal.util.comparator.DominanceComparator.compare(Lorg/uma/jmetal/core/Solution;Lorg/uma/jmetal/core/Solution;)I @ 85
Event: 1803.722 Thread 0x00007fd11c4a2000 Uncommon trap: reason=predicate action=maybe_recompile pc=0x00007fd10c5d79f8 method=java.util.ArrayList.indexOf(Ljava/lang/Object;)I @ 44
Event: 1803.722 Thread 0x00007fd11c4a2000 Uncommon trap: reason=predicate action=maybe_recompile pc=0x00007fd10c50eb1c method=java.util.ArrayList.indexOf(Ljava/lang/Object;)I @ 44
Event: 1803.725 Thread 0x00007fd11c4a2000 Uncommon trap: reason=unstable_if action=reinterpret pc=0x00007fd10c507244 method=edu.ufpr.cbio.psp.problem.PSPProblem.evaluate(Lorg/uma/jmetal/core/Solution;)V @ 330

Internal exceptions (8 events):
Event: 0.399 Thread 0x00007fd11c00a800 Exception <a 'java/lang/NoSuchMethodError': Method sun.misc.Unsafe.defineClass(Ljava/lang/String;[BII)Ljava/lang/Class; name or signature does not match> (0x00000006f4912a50) thrown at [/RE-WORK/workspace/8-2-build-linux-amd64/jdk8u45/3457/hotspot/src/sha
Event: 0.399 Thread 0x00007fd11c00a800 Exception <a 'java/lang/NoSuchMethodError': Method sun.misc.Unsafe.prefetchRead(Ljava/lang/Object;J)V name or signature does not match> (0x00000006f4912ce0) thrown at [/RE-WORK/workspace/8-2-build-linux-amd64/jdk8u45/3457/hotspot/src/share/vm/prims/jni.cp
Event: 0.877 Thread 0x00007fd11c00a800 Exception <a 'java/security/PrivilegedActionException'> (0x00000006f49d0b18) thrown at [/RE-WORK/workspace/8-2-build-linux-amd64/jdk8u45/3457/hotspot/src/share/vm/prims/jvm.cpp, line 1382]
Event: 0.877 Thread 0x00007fd11c00a800 Exception <a 'java/security/PrivilegedActionException'> (0x00000006f49d0cd0) thrown at [/RE-WORK/workspace/8-2-build-linux-amd64/jdk8u45/3457/hotspot/src/share/vm/prims/jvm.cpp, line 1382]
Event: 0.878 Thread 0x00007fd11c00a800 Exception <a 'java/security/PrivilegedActionException'> (0x00000006f49d3200) thrown at [/RE-WORK/workspace/8-2-build-linux-amd64/jdk8u45/3457/hotspot/src/share/vm/prims/jvm.cpp, line 1382]
Event: 0.878 Thread 0x00007fd11c00a800 Exception <a 'java/security/PrivilegedActionException'> (0x00000006f49d33b8) thrown at [/RE-WORK/workspace/8-2-build-linux-amd64/jdk8u45/3457/hotspot/src/share/vm/prims/jvm.cpp, line 1382]
Event: 2.308 Thread 0x00007fd11c4a2000 Exception <a 'java/lang/NoSuchFieldError': method resolution failed> (0x0000000701bc5ab0) thrown at [/RE-WORK/workspace/8-2-build-linux-amd64/jdk8u45/3457/hotspot/src/share/vm/prims/methodHandles.cpp, line 1125]
Event: 2.331 Thread 0x00007fd11c4a2000 Exception <a 'java/lang/NoSuchFieldError': method resolution failed> (0x0000000701bd4170) thrown at [/RE-WORK/workspace/8-2-build-linux-amd64/jdk8u45/3457/hotspot/src/share/vm/prims/methodHandles.cpp, line 1125]

Events (10 events):
Event: 1816.412 Executing VM operation: ParallelGCFailedAllocation done
Event: 1822.897 Executing VM operation: ParallelGCFailedAllocation
Event: 1827.535 Executing VM operation: ParallelGCFailedAllocation done
Event: 1827.535 Executing VM operation: RevokeBias
Event: 1827.536 Executing VM operation: RevokeBias done
Event: 1837.650 Executing VM operation: ParallelGCFailedAllocation
Event: 1838.223 Executing VM operation: ParallelGCFailedAllocation done
Event: 1838.229 Executing VM operation: RevokeBias
Event: 1838.229 Executing VM operation: RevokeBias done
Event: 1848.851 Executing VM operation: ParallelGCFailedAllocation


Dynamic libraries:
00400000-00401000 r-xp 00000000 00:2c 13572529                           /home/ppginf/vdfontoura/jdk1.8.0_45/bin/java
00600000-00601000 rw-p 00000000 00:2c 13572529                           /home/ppginf/vdfontoura/jdk1.8.0_45/bin/java
00c17000-00c38000 rw-p 00000000 00:00 0                                  [heap]
55da00000-5d3600000 rw-p 00000000 00:00 0 
623600000-6f4900000 ---p 00000000 00:00 0 
6f4900000-7c0000000 rw-p 00000000 00:00 0 
7c0000000-7c00c0000 rw-p 00000000 00:00 0 
7c00c0000-800000000 ---p 00000000 00:00 0 
7fd024000000-7fd024290000 rw-p 00000000 00:00 0 
7fd024290000-7fd028000000 ---p 00000000 00:00 0 
7fd02c000000-7fd02c021000 rw-p 00000000 00:00 0 
7fd02c021000-7fd030000000 ---p 00000000 00:00 0 
7fd030000000-7fd030021000 rw-p 00000000 00:00 0 
7fd030021000-7fd034000000 ---p 00000000 00:00 0 
7fd034000000-7fd034157000 rw-p 00000000 00:00 0 
7fd034157000-7fd038000000 ---p 00000000 00:00 0 
7fd038000000-7fd0380fc000 rw-p 00000000 00:00 0 
7fd0380fc000-7fd03c000000 ---p 00000000 00:00 0 
7fd03c000000-7fd03c0ee000 rw-p 00000000 00:00 0 
7fd03c0ee000-7fd040000000 ---p 00000000 00:00 0 
7fd040000000-7fd0400f2000 rw-p 00000000 00:00 0 
7fd0400f2000-7fd044000000 ---p 00000000 00:00 0 
7fd044000000-7fd0440e7000 rw-p 00000000 00:00 0 
7fd0440e7000-7fd048000000 ---p 00000000 00:00 0 
7fd048000000-7fd04809b000 rw-p 00000000 00:00 0 
7fd04809b000-7fd04c000000 ---p 00000000 00:00 0 
7fd04c000000-7fd04c0d9000 rw-p 00000000 00:00 0 
7fd04c0d9000-7fd050000000 ---p 00000000 00:00 0 
7fd050000000-7fd0508ab000 rw-p 00000000 00:00 0 
7fd0508ab000-7fd054000000 ---p 00000000 00:00 0 
7fd054000000-7fd0542e9000 rw-p 00000000 00:00 0 
7fd0542e9000-7fd058000000 ---p 00000000 00:00 0 
7fd058000000-7fd05833c000 rw-p 00000000 00:00 0 
7fd05833c000-7fd05c000000 ---p 00000000 00:00 0 
7fd05c000000-7fd05c528000 rw-p 00000000 00:00 0 
7fd05c528000-7fd060000000 ---p 00000000 00:00 0 
7fd060000000-7fd06057b000 rw-p 00000000 00:00 0 
7fd06057b000-7fd064000000 ---p 00000000 00:00 0 
7fd064000000-7fd064361000 rw-p 00000000 00:00 0 
7fd064361000-7fd068000000 ---p 00000000 00:00 0 
7fd068000000-7fd068261000 rw-p 00000000 00:00 0 
7fd068261000-7fd06c000000 ---p 00000000 00:00 0 
7fd06c000000-7fd06c021000 rw-p 00000000 00:00 0 
7fd06c021000-7fd070000000 ---p 00000000 00:00 0 
7fd070000000-7fd07057c000 rw-p 00000000 00:00 0 
7fd07057c000-7fd074000000 ---p 00000000 00:00 0 
7fd074000000-7fd074021000 rw-p 00000000 00:00 0 
7fd074021000-7fd078000000 ---p 00000000 00:00 0 
7fd078000000-7fd078021000 rw-p 00000000 00:00 0 
7fd078021000-7fd07c000000 ---p 00000000 00:00 0 
7fd07c000000-7fd07c289000 rw-p 00000000 00:00 0 
7fd07c289000-7fd080000000 ---p 00000000 00:00 0 
7fd080ed0000-7fd094000000 rw-p 00000000 00:00 0 
7fd094000000-7fd094021000 rw-p 00000000 00:00 0 
7fd094021000-7fd098000000 ---p 00000000 00:00 0 
7fd09c000000-7fd09c021000 rw-p 00000000 00:00 0 
7fd09c021000-7fd0a0000000 ---p 00000000 00:00 0 
7fd0a0000000-7fd0a0021000 rw-p 00000000 00:00 0 
7fd0a0021000-7fd0a4000000 ---p 00000000 00:00 0 
7fd0a4000000-7fd0a4021000 rw-p 00000000 00:00 0 
7fd0a4021000-7fd0a8000000 ---p 00000000 00:00 0 
7fd0a8000000-7fd0a8021000 rw-p 00000000 00:00 0 
7fd0a8021000-7fd0ac000000 ---p 00000000 00:00 0 
7fd0ac000000-7fd0ac021000 rw-p 00000000 00:00 0 
7fd0ac021000-7fd0b0000000 ---p 00000000 00:00 0 
7fd0b4000000-7fd0b4021000 rw-p 00000000 00:00 0 
7fd0b4021000-7fd0b8000000 ---p 00000000 00:00 0 
7fd0bc000000-7fd0bc021000 rw-p 00000000 00:00 0 
7fd0bc021000-7fd0c0000000 ---p 00000000 00:00 0 
7fd0c4000000-7fd0c4021000 rw-p 00000000 00:00 0 
7fd0c4021000-7fd0c8000000 ---p 00000000 00:00 0 
7fd0c8306000-7fd0c8406000 rw-p 00000000 00:00 0 
7fd0c8406000-7fd0c8409000 ---p 00000000 00:00 0 
7fd0c8409000-7fd0c8507000 rw-p 00000000 00:00 0                          [stack:31800]
7fd0c8507000-7fd0c8614000 r--s 010c9000 00:2c 16151391                   /home/ppginf/vdfontoura/psp-chapter/psp-2D/target/IBEAHH.jar
7fd0c8614000-7fd0c8615000 ---p 00000000 00:00 0 
7fd0c8615000-7fd0c8715000 rw-p 00000000 00:00 0                          [stack:31795]
7fd0c8715000-7fd0c8718000 ---p 00000000 00:00 0 
7fd0c8718000-7fd0c8816000 rw-p 00000000 00:00 0                          [stack:31786]
7fd0c8816000-7fd0c8819000 ---p 00000000 00:00 0 
7fd0c8819000-7fd0c8917000 rw-p 00000000 00:00 0                          [stack:31766]
7fd0c8917000-7fd0c891a000 ---p 00000000 00:00 0 
7fd0c891a000-7fd0c8a18000 rw-p 00000000 00:00 0                          [stack:31764]
7fd0c8a18000-7fd0c8a1b000 ---p 00000000 00:00 0 
7fd0c8a1b000-7fd0c8b19000 rw-p 00000000 00:00 0                          [stack:31762]
7fd0c8b19000-7fd0c8b1c000 ---p 00000000 00:00 0 
7fd0c8b1c000-7fd0c8c1a000 rw-p 00000000 00:00 0                          [stack:31757]
7fd0c8c1a000-7fd0c8c1d000 ---p 00000000 00:00 0 
7fd0c8c1d000-7fd0c8d1b000 rw-p 00000000 00:00 0                          [stack:31752]
7fd0c8d1b000-7fd0c8d1e000 ---p 00000000 00:00 0 
7fd0c8d1e000-7fd0c8e1c000 rw-p 00000000 00:00 0                          [stack:31748]
7fd0c8e1c000-7fd0c8e1f000 ---p 00000000 00:00 0 
7fd0c8e1f000-7fd0c8f1d000 rw-p 00000000 00:00 0                          [stack:31745]
7fd0c8f1d000-7fd0c8f20000 ---p 00000000 00:00 0 
7fd0c8f20000-7fd0c901e000 rw-p 00000000 00:00 0                          [stack:31738]
7fd0c901e000-7fd0c9021000 ---p 00000000 00:00 0 
7fd0c9021000-7fd0c911f000 rw-p 00000000 00:00 0                          [stack:31735]
7fd0c911f000-7fd0c9122000 ---p 00000000 00:00 0 
7fd0c9122000-7fd0c9220000 rw-p 00000000 00:00 0                          [stack:31731]
7fd0c9220000-7fd0c9223000 ---p 00000000 00:00 0 
7fd0c9223000-7fd0c9321000 rw-p 00000000 00:00 0                          [stack:31725]
7fd0c9321000-7fd0c9324000 ---p 00000000 00:00 0 
7fd0c9324000-7fd0c9422000 rw-p 00000000 00:00 0                          [stack:31721]
7fd0c9422000-7fd0c9425000 ---p 00000000 00:00 0 
7fd0c9425000-7fd0c9523000 rw-p 00000000 00:00 0                          [stack:31707]
7fd0c9523000-7fd0c9526000 ---p 00000000 00:00 0 
7fd0c9526000-7fd0c9624000 rw-p 00000000 00:00 0                          [stack:31671]
7fd0c9624000-7fd0c9627000 ---p 00000000 00:00 0 
7fd0c9627000-7fd0c9725000 rw-p 00000000 00:00 0                          [stack:31657]
7fd0c9725000-7fd0c9728000 ---p 00000000 00:00 0 
7fd0c9728000-7fd0c9826000 rw-p 00000000 00:00 0                          [stack:31652]
7fd0c9826000-7fd0c9dde000 r--p 00000000 00:15 231                        /usr/lib/locale/locale-archive
7fd0c9dde000-7fd0c9de1000 ---p 00000000 00:00 0 
7fd0c9de1000-7fd0c9edf000 rw-p 00000000 00:00 0                          [stack:31614]
7fd0c9edf000-7fd0c9ee2000 ---p 00000000 00:00 0 
7fd0c9ee2000-7fd0c9fe0000 rw-p 00000000 00:00 0                          [stack:31611]
7fd0c9fe0000-7fd0c9fe1000 ---p 00000000 00:00 0 
7fd0c9fe1000-7fd0cc000000 rw-p 00000000 00:00 0                          [stack:31590]
7fd0cc000000-7fd0cc021000 rw-p 00000000 00:00 0 
7fd0cc021000-7fd0d0000000 ---p 00000000 00:00 0 
7fd0d0000000-7fd0d0021000 rw-p 00000000 00:00 0 
7fd0d0021000-7fd0d4000000 ---p 00000000 00:00 0 
7fd0d4000000-7fd0d4021000 rw-p 00000000 00:00 0 
7fd0d4021000-7fd0d8000000 ---p 00000000 00:00 0 
7fd0d80c9000-7fd0da9ad000 rw-p 00000000 00:00 0 
7fd0da9ad000-7fd0daced000 ---p 00000000 00:00 0 
7fd0daced000-7fd0dc000000 rw-p 00000000 00:00 0 
7fd0dc000000-7fd0dc021000 rw-p 00000000 00:00 0 
7fd0dc021000-7fd0e0000000 ---p 00000000 00:00 0 
7fd0e0000000-7fd0e0021000 rw-p 00000000 00:00 0 
7fd0e0021000-7fd0e4000000 ---p 00000000 00:00 0 
7fd0e4000000-7fd0e4021000 rw-p 00000000 00:00 0 
7fd0e4021000-7fd0e8000000 ---p 00000000 00:00 0 
7fd0e8000000-7fd0e8021000 rw-p 00000000 00:00 0 
7fd0e8021000-7fd0ec000000 ---p 00000000 00:00 0 
7fd0ec000000-7fd0ec021000 rw-p 00000000 00:00 0 
7fd0ec021000-7fd0f0000000 ---p 00000000 00:00 0 
7fd0f0000000-7fd0f0021000 rw-p 00000000 00:00 0 
7fd0f0021000-7fd0f4000000 ---p 00000000 00:00 0 
7fd0f4000000-7fd0f4021000 rw-p 00000000 00:00 0 
7fd0f4021000-7fd0f8000000 ---p 00000000 00:00 0 
7fd0f8000000-7fd0f8021000 rw-p 00000000 00:00 0 
7fd0f8021000-7fd0fc000000 ---p 00000000 00:00 0 
7fd0fc000000-7fd0fc021000 rw-p 00000000 00:00 0 
7fd0fc021000-7fd100000000 ---p 00000000 00:00 0 
7fd100000000-7fd100021000 rw-p 00000000 00:00 0 
7fd100021000-7fd104000000 ---p 00000000 00:00 0 
7fd104000000-7fd104021000 rw-p 00000000 00:00 0 
7fd104021000-7fd108000000 ---p 00000000 00:00 0 
7fd10807a000-7fd10857f000 rw-p 00000000 00:00 0 
7fd10857f000-7fd108758000 r--s 03d09000 00:2c 13572347                   /home/ppginf/vdfontoura/jdk1.8.0_45/jre/lib/rt.jar
7fd108758000-7fd1087ce000 rw-p 00000000 00:00 0 
7fd1087ce000-7fd1087cf000 ---p 00000000 00:00 0 
7fd1087cf000-7fd1088cf000 rw-p 00000000 00:00 0                          [stack:31577]
7fd1088cf000-7fd1088d0000 ---p 00000000 00:00 0 
7fd1088d0000-7fd1089d0000 rw-p 00000000 00:00 0                          [stack:31576]
7fd1089d0000-7fd1089d1000 ---p 00000000 00:00 0 
7fd1089d1000-7fd108ad1000 rw-p 00000000 00:00 0                          [stack:31575]
7fd108ad1000-7fd108ad2000 ---p 00000000 00:00 0 
7fd108ad2000-7fd108bd2000 rw-p 00000000 00:00 0                          [stack:31574]
7fd108bd2000-7fd108bd3000 ---p 00000000 00:00 0 
7fd108bd3000-7fd108cd3000 rw-p 00000000 00:00 0                          [stack:31573]
7fd108cd3000-7fd108cd4000 ---p 00000000 00:00 0 
7fd108cd4000-7fd108dd4000 rw-p 00000000 00:00 0                          [stack:31572]
7fd108dd4000-7fd108dd5000 ---p 00000000 00:00 0 
7fd108dd5000-7fd108ed5000 rw-p 00000000 00:00 0                          [stack:31571]
7fd108ed5000-7fd108ed6000 ---p 00000000 00:00 0 
7fd108ed6000-7fd108fd6000 rw-p 00000000 00:00 0                          [stack:31570]
7fd108fd6000-7fd108fd7000 ---p 00000000 00:00 0 
7fd108fd7000-7fd1090d7000 rw-p 00000000 00:00 0                          [stack:31569]
7fd1090d7000-7fd1090d8000 ---p 00000000 00:00 0 
7fd1090d8000-7fd1091d8000 rw-p 00000000 00:00 0                          [stack:31567]
7fd1091d8000-7fd1091d9000 ---p 00000000 00:00 0 
7fd1091d9000-7fd1092d9000 rw-p 00000000 00:00 0                          [stack:31564]
7fd1092d9000-7fd1092da000 ---p 00000000 00:00 0 
7fd1092da000-7fd1093da000 rw-p 00000000 00:00 0                          [stack:31561]
7fd1093da000-7fd1093db000 ---p 00000000 00:00 0 
7fd1093db000-7fd1094db000 rw-p 00000000 00:00 0                          [stack:31558]
7fd1094db000-7fd1094dc000 ---p 00000000 00:00 0 
7fd1094dc000-7fd1095dc000 rw-p 00000000 00:00 0                          [stack:31556]
7fd1095dc000-7fd1095dd000 ---p 00000000 00:00 0 
7fd1095dd000-7fd1096dd000 rw-p 00000000 00:00 0                          [stack:31554]
7fd1096dd000-7fd1096de000 ---p 00000000 00:00 0 
7fd1096de000-7fd1097de000 rw-p 00000000 00:00 0                          [stack:31552]
7fd1097de000-7fd1097df000 ---p 00000000 00:00 0 
7fd1097df000-7fd1098df000 rw-p 00000000 00:00 0                          [stack:31547]
7fd1098df000-7fd1098e0000 ---p 00000000 00:00 0 
7fd1098e0000-7fd1099e0000 rw-p 00000000 00:00 0                          [stack:31544]
7fd1099e0000-7fd1099e1000 ---p 00000000 00:00 0 
7fd1099e1000-7fd109ae1000 rw-p 00000000 00:00 0                          [stack:31542]
7fd109ae1000-7fd109ae2000 ---p 00000000 00:00 0 
7fd109ae2000-7fd109be2000 rw-p 00000000 00:00 0                          [stack:31540]
7fd109be2000-7fd109be3000 ---p 00000000 00:00 0 
7fd109be3000-7fd109ce3000 rw-p 00000000 00:00 0                          [stack:31538]
7fd109ce3000-7fd109ce4000 ---p 00000000 00:00 0 
7fd109ce4000-7fd10a192000 rw-p 00000000 00:00 0                          [stack:31537]
7fd10a192000-7fd10aa9c000 ---p 00000000 00:00 0 
7fd10aa9c000-7fd10ae4a000 rw-p 00000000 00:00 0 
7fd10ae4a000-7fd10b753000 ---p 00000000 00:00 0 
7fd10b753000-7fd10bdaf000 rw-p 00000000 00:00 0 
7fd10bdaf000-7fd10bdc6000 rw-p 00000000 00:00 0 
7fd10bdc6000-7fd10c170000 ---p 00000000 00:00 0 
7fd10c170000-7fd10c6d0000 rwxp 00000000 00:00 0 
7fd10c6d0000-7fd11b170000 ---p 00000000 00:00 0 
7fd11b170000-7fd11b18a000 r-xp 00000000 00:2c 13572371                   /home/ppginf/vdfontoura/jdk1.8.0_45/jre/lib/amd64/libzip.so
7fd11b18a000-7fd11b38a000 ---p 0001a000 00:2c 13572371                   /home/ppginf/vdfontoura/jdk1.8.0_45/jre/lib/amd64/libzip.so
7fd11b38a000-7fd11b38b000 rw-p 0001a000 00:2c 13572371                   /home/ppginf/vdfontoura/jdk1.8.0_45/jre/lib/amd64/libzip.so
7fd11b38b000-7fd11b397000 r-xp 00000000 00:15 181                        /lib/x86_64-linux-gnu/libnss_ldap.so.2
7fd11b397000-7fd11b596000 ---p 0000c000 00:15 181                        /lib/x86_64-linux-gnu/libnss_ldap.so.2
7fd11b596000-7fd11b597000 r--p 0000b000 00:15 181                        /lib/x86_64-linux-gnu/libnss_ldap.so.2
7fd11b597000-7fd11b598000 rw-p 0000c000 00:15 181                        /lib/x86_64-linux-gnu/libnss_ldap.so.2
7fd11b598000-7fd11b5a3000 r-xp 00000000 00:15 178                        /lib/x86_64-linux-gnu/libnss_files-2.19.so
7fd11b5a3000-7fd11b7a2000 ---p 0000b000 00:15 178                        /lib/x86_64-linux-gnu/libnss_files-2.19.so
7fd11b7a2000-7fd11b7a3000 r--p 0000a000 00:15 178                        /lib/x86_64-linux-gnu/libnss_files-2.19.so
7fd11b7a3000-7fd11b7a4000 rw-p 0000b000 00:15 178                        /lib/x86_64-linux-gnu/libnss_files-2.19.so
7fd11b7a4000-7fd11b7af000 r-xp 00000000 00:15 176                        /lib/x86_64-linux-gnu/libnss_nis-2.19.so
7fd11b7af000-7fd11b9ae000 ---p 0000b000 00:15 176                        /lib/x86_64-linux-gnu/libnss_nis-2.19.so
7fd11b9ae000-7fd11b9af000 r--p 0000a000 00:15 176                        /lib/x86_64-linux-gnu/libnss_nis-2.19.so
7fd11b9af000-7fd11b9b0000 rw-p 0000b000 00:15 176                        /lib/x86_64-linux-gnu/libnss_nis-2.19.so
7fd11b9b0000-7fd11b9c7000 r-xp 00000000 00:15 174                        /lib/x86_64-linux-gnu/libnsl-2.19.so
7fd11b9c7000-7fd11bbc6000 ---p 00017000 00:15 174                        /lib/x86_64-linux-gnu/libnsl-2.19.so
7fd11bbc6000-7fd11bbc7000 r--p 00016000 00:15 174                        /lib/x86_64-linux-gnu/libnsl-2.19.so
7fd11bbc7000-7fd11bbc8000 rw-p 00017000 00:15 174                        /lib/x86_64-linux-gnu/libnsl-2.19.so
7fd11bbc8000-7fd11bbca000 rw-p 00000000 00:00 0 
7fd11bbca000-7fd11bbd3000 r-xp 00000000 00:15 172                        /lib/x86_64-linux-gnu/libnss_compat-2.19.so
7fd11bbd3000-7fd11bdd2000 ---p 00009000 00:15 172                        /lib/x86_64-linux-gnu/libnss_compat-2.19.so
7fd11bdd2000-7fd11bdd3000 r--p 00008000 00:15 172                        /lib/x86_64-linux-gnu/libnss_compat-2.19.so
7fd11bdd3000-7fd11bdd4000 rw-p 00009000 00:15 172                        /lib/x86_64-linux-gnu/libnss_compat-2.19.so
7fd11bdd4000-7fd11bdfe000 r-xp 00000000 00:2c 13572364                   /home/ppginf/vdfontoura/jdk1.8.0_45/jre/lib/amd64/libjava.so
7fd11bdfe000-7fd11bffe000 ---p 0002a000 00:2c 13572364                   /home/ppginf/vdfontoura/jdk1.8.0_45/jre/lib/amd64/libjava.so
7fd11bffe000-7fd11c000000 rw-p 0002a000 00:2c 13572364                   /home/ppginf/vdfontoura/jdk1.8.0_45/jre/lib/amd64/libjava.so
7fd11c000000-7fd11c4a3000 rw-p 00000000 00:00 0 
7fd11c4a3000-7fd120000000 ---p 00000000 00:00 0 
7fd120012000-7fd1200d1000 rw-p 00000000 00:00 0 
7fd1200d1000-7fd1200d2000 ---p 00000000 00:00 0 
7fd1200d2000-7fd1201d2000 rw-p 00000000 00:00 0                          [stack:31535]
7fd1201d2000-7fd1201df000 r-xp 00000000 00:2c 13572405                   /home/ppginf/vdfontoura/jdk1.8.0_45/jre/lib/amd64/libverify.so
7fd1201df000-7fd1203df000 ---p 0000d000 00:2c 13572405                   /home/ppginf/vdfontoura/jdk1.8.0_45/jre/lib/amd64/libverify.so
7fd1203df000-7fd1203e1000 rw-p 0000d000 00:2c 13572405                   /home/ppginf/vdfontoura/jdk1.8.0_45/jre/lib/amd64/libverify.so
7fd1203e1000-7fd1203e8000 r-xp 00000000 00:15 44                         /lib/x86_64-linux-gnu/librt-2.19.so
7fd1203e8000-7fd1205e7000 ---p 00007000 00:15 44                         /lib/x86_64-linux-gnu/librt-2.19.so
7fd1205e7000-7fd1205e8000 r--p 00006000 00:15 44                         /lib/x86_64-linux-gnu/librt-2.19.so
7fd1205e8000-7fd1205e9000 rw-p 00007000 00:15 44                         /lib/x86_64-linux-gnu/librt-2.19.so
7fd1205e9000-7fd1206ee000 r-xp 00000000 00:15 303                        /lib/x86_64-linux-gnu/libm-2.19.so
7fd1206ee000-7fd1208ed000 ---p 00105000 00:15 303                        /lib/x86_64-linux-gnu/libm-2.19.so
7fd1208ed000-7fd1208ee000 r--p 00104000 00:15 303                        /lib/x86_64-linux-gnu/libm-2.19.so
7fd1208ee000-7fd1208ef000 rw-p 00105000 00:15 303                        /lib/x86_64-linux-gnu/libm-2.19.so
7fd1208ef000-7fd12159d000 r-xp 00000000 00:2c 13572410                   /home/ppginf/vdfontoura/jdk1.8.0_45/jre/lib/amd64/server/libjvm.so
7fd12159d000-7fd12179c000 ---p 00cae000 00:2c 13572410                   /home/ppginf/vdfontoura/jdk1.8.0_45/jre/lib/amd64/server/libjvm.so
7fd12179c000-7fd121873000 rw-p 00cad000 00:2c 13572410                   /home/ppginf/vdfontoura/jdk1.8.0_45/jre/lib/amd64/server/libjvm.so
7fd121873000-7fd1218b7000 rw-p 00000000 00:00 0 
7fd1218b7000-7fd121a72000 r-xp 00000000 00:15 46                         /lib/x86_64-linux-gnu/libc-2.19.so
7fd121a72000-7fd121c71000 ---p 001bb000 00:15 46                         /lib/x86_64-linux-gnu/libc-2.19.so
7fd121c71000-7fd121c75000 r--p 001ba000 00:15 46                         /lib/x86_64-linux-gnu/libc-2.19.so
7fd121c75000-7fd121c77000 rw-p 001be000 00:15 46                         /lib/x86_64-linux-gnu/libc-2.19.so
7fd121c77000-7fd121c7c000 rw-p 00000000 00:00 0 
7fd121c7c000-7fd121c7f000 r-xp 00000000 00:15 52                         /lib/x86_64-linux-gnu/libdl-2.19.so
7fd121c7f000-7fd121e7e000 ---p 00003000 00:15 52                         /lib/x86_64-linux-gnu/libdl-2.19.so
7fd121e7e000-7fd121e7f000 r--p 00002000 00:15 52                         /lib/x86_64-linux-gnu/libdl-2.19.so
7fd121e7f000-7fd121e80000 rw-p 00003000 00:15 52                         /lib/x86_64-linux-gnu/libdl-2.19.so
7fd121e80000-7fd121e95000 r-xp 00000000 00:2c 13572682                   /home/ppginf/vdfontoura/jdk1.8.0_45/lib/amd64/jli/libjli.so
7fd121e95000-7fd122095000 ---p 00015000 00:2c 13572682                   /home/ppginf/vdfontoura/jdk1.8.0_45/lib/amd64/jli/libjli.so
7fd122095000-7fd122096000 rw-p 00015000 00:2c 13572682                   /home/ppginf/vdfontoura/jdk1.8.0_45/lib/amd64/jli/libjli.so
7fd122096000-7fd1220af000 r-xp 00000000 00:15 48                         /lib/x86_64-linux-gnu/libpthread-2.19.so
7fd1220af000-7fd1222ae000 ---p 00019000 00:15 48                         /lib/x86_64-linux-gnu/libpthread-2.19.so
7fd1222ae000-7fd1222af000 r--p 00018000 00:15 48                         /lib/x86_64-linux-gnu/libpthread-2.19.so
7fd1222af000-7fd1222b0000 rw-p 00019000 00:15 48                         /lib/x86_64-linux-gnu/libpthread-2.19.so
7fd1222b0000-7fd1222b4000 rw-p 00000000 00:00 0 
7fd1222b4000-7fd1222d7000 r-xp 00000000 00:15 32                         /lib/x86_64-linux-gnu/ld-2.19.so
7fd1222e9000-7fd122393000 rw-p 00000000 00:00 0 
7fd122393000-7fd122396000 ---p 00000000 00:00 0 
7fd122396000-7fd122498000 rw-p 00000000 00:00 0                          [stack:31352]
7fd1224a3000-7fd1224ae000 r--s 00116000 00:2c 13572443                   /home/ppginf/vdfontoura/jdk1.8.0_45/jre/lib/ext/localedata.jar
7fd1224ae000-7fd1224ca000 r--s 00393000 00:2c 13572445                   /home/ppginf/vdfontoura/jdk1.8.0_45/jre/lib/ext/cldrdata.jar
7fd1224ca000-7fd1224d2000 rw-s 00000000 00:17 3705826                    /tmp/hsperfdata_vdfontoura/31341
7fd1224d2000-7fd1224d3000 rw-p 00000000 00:00 0 
7fd1224d3000-7fd1224d4000 ---p 00000000 00:00 0 
7fd1224d4000-7fd1224d6000 rw-p 00000000 00:00 0 
7fd1224d6000-7fd1224d7000 r--p 00022000 00:15 32                         /lib/x86_64-linux-gnu/ld-2.19.so
7fd1224d7000-7fd1224d8000 rw-p 00023000 00:15 32                         /lib/x86_64-linux-gnu/ld-2.19.so
7fd1224d8000-7fd1224d9000 rw-p 00000000 00:00 0 
7fff637ca000-7fff637eb000 rw-p 00000000 00:00 0                          [stack]
7fff637ec000-7fff637ee000 r--p 00000000 00:00 0                          [vvar]
7fff637ee000-7fff637f0000 r-xp 00000000 00:00 0                          [vdso]
ffffffffff600000-ffffffffff601000 r-xp 00000000 00:00 0                  [vsyscall]

VM Arguments:
java_command: ../../target/IBEAHH.jar 5000 2500000 SinglePointCrossover,IntegerTwoPointsCrossover,MultiPointsCrossover BitFlipMutation,LoopMoveOperator,LocalMoveOperator,SegmentMutation,OppositeMoveOperator 200 1.0 1.0 1 1 ibea-result-config1/result-5 0 0 Random PPPPPPHPHHPPPPPHHHPHHHHHPHHPPPPHHPPHHPHHHHHPHHHHHHHHHHPHHPHHHHHHHPPPPPPPPPPPHHHHHHHPPHPHHHPPPPPPHPH false 20
java_class_path (initial): ../../target/IBEAHH.jar
Launcher Type: SUN_STANDARD

Environment Variables:
JAVA_HOME=/home/ppginf/vdfontoura/jdk1.8.0_45/
PATH=/home/ppginf/vdfontoura/jdk1.8.0_45//bin:/usr/local/sbin:/usr/local/bin:/usr/sbin:/usr/bin:/sbin:/bin:/usr/games:/usr/local/games:.:/home/html/inf/silvia/topicos/ferramentas/poketool/bin:/home/html/inf/silvia/topicos/ferramentas/proteum1.4.1/LINUX/bin:/home/ppginf/vdfontoura/tools/apache-maven-3.3.3/bin
SHELL=/bin/bash

Signal Handlers:
SIGSEGV: [libjvm.so+0xaad1e0], sa_mask[0]=11111111011111111101111111111110, sa_flags=SA_RESTART|SA_SIGINFO
SIGBUS: [libjvm.so+0xaad1e0], sa_mask[0]=11111111011111111101111111111110, sa_flags=SA_RESTART|SA_SIGINFO
SIGFPE: [libjvm.so+0x90b450], sa_mask[0]=11111111011111111101111111111110, sa_flags=SA_RESTART|SA_SIGINFO
SIGPIPE: [libjvm.so+0x90b450], sa_mask[0]=11111111011111111101111111111110, sa_flags=SA_RESTART|SA_SIGINFO
SIGXFSZ: [libjvm.so+0x90b450], sa_mask[0]=11111111011111111101111111111110, sa_flags=SA_RESTART|SA_SIGINFO
SIGILL: [libjvm.so+0x90b450], sa_mask[0]=11111111011111111101111111111110, sa_flags=SA_RESTART|SA_SIGINFO
SIGUSR1: SIG_DFL, sa_mask[0]=00000000000000000000000000000000, sa_flags=none
SIGUSR2: [libjvm.so+0x90ca90], sa_mask[0]=00000000000000000000000000000000, sa_flags=SA_RESTART|SA_SIGINFO
SIGHUP: SIG_IGN, sa_mask[0]=00000000000000000000000000000000, sa_flags=none
SIGINT: SIG_IGN, sa_mask[0]=00000000000000000000000000000000, sa_flags=none
SIGTERM: [libjvm.so+0x90dde0], sa_mask[0]=11111111011111111101111111111110, sa_flags=SA_RESTART|SA_SIGINFO
SIGQUIT: [libjvm.so+0x90dde0], sa_mask[0]=11111111011111111101111111111110, sa_flags=SA_RESTART|SA_SIGINFO


---------------  S Y S T E M  ---------------

OS:DISTRIB_ID=LinuxMint
DISTRIB_RELEASE=17
DISTRIB_CODENAME=qiana
DISTRIB_DESCRIPTION="Linux Mint 17 Qiana"

uname:Linux 4.0.1-kernel+ #2 SMP Wed May 6 16:11:56 BRT 2015 x86_64
libc:glibc 2.19 NPTL 2.19 
rlimit: STACK 8192k, CORE 0k, NPROC 30240, NOFILE 4096, AS 20000000k
load average:33.90 32.37 30.46

/proc/meminfo:
MemTotal:       127909028 kB
MemFree:          781720 kB
MemAvailable:     785520 kB
Buffers:               0 kB
Cached:           824264 kB
SwapCached:            0 kB
Active:         126145376 kB
Inactive:         193916 kB
Active(anon):   126103756 kB
Inactive(anon):   152684 kB
Active(file):      41620 kB
Inactive(file):    41232 kB
Unevictable:           0 kB
Mlocked:               0 kB
SwapTotal:             0 kB
SwapFree:              0 kB
Dirty:               316 kB
Writeback:             0 kB
AnonPages:      125515616 kB
Mapped:            36864 kB
Shmem:            741412 kB
Slab:             236832 kB
SReclaimable:      93684 kB
SUnreclaim:       143148 kB
KernelStack:       29744 kB
PageTables:       270956 kB
NFS_Unstable:        292 kB
Bounce:                0 kB
WritebackTmp:          0 kB
CommitLimit:    63954512 kB
Committed_AS:   152192908 kB
VmallocTotal:   34359738367 kB
VmallocUsed:      228956 kB
VmallocChunk:   34359500380 kB
HardwareCorrupted:     0 kB
AnonHugePages:         0 kB
HugePages_Total:       0
HugePages_Free:        0
HugePages_Rsvd:        0
HugePages_Surp:        0
Hugepagesize:       2048 kB
DirectMap4k:      454640 kB
DirectMap2M:    60362752 kB
DirectMap1G:    69206016 kB


CPU:total 32 (1 cores per cpu, 1 threads per core) family 16 model 9 stepping 1, cmov, cx8, fxsr, mmx, sse, sse2, sse3, popcnt, mmxext, 3dnowpref, lzcnt, sse4a, tsc

/proc/cpuinfo:
processor	: 0
vendor_id	: AuthenticAMD
cpu family	: 16
model		: 9
model name	: AMD Opteron(tm) Processor 6136
stepping	: 1
microcode	: 0x1000065
cpu MHz		: 2400.142
cache size	: 512 KB
physical id	: 0
siblings	: 1
core id		: 0
cpu cores	: 1
apicid		: 0
initial apicid	: 0
fpu		: yes
fpu_exception	: yes
cpuid level	: 5
wp		: yes
flags		: fpu vme de pse tsc msr pae mce cx8 apic sep mtrr pge mca cmov pat pse36 clflush mmx fxsr sse sse2 syscall nx mmxext fxsr_opt pdpe1gb lm 3dnowext 3dnow rep_good nopl extd_apicid pni cx16 x2apic popcnt hypervisor lahf_lm cmp_legacy svm cr8_legacy abm sse4a misalignsse 3dnowprefetch osvw npt nrip_save vmmcall
bugs		: tlb_mmatch fxsave_leak
bogomips	: 4800.28
TLB size	: 1024 4K pages
clflush size	: 64
cache_alignment	: 64
address sizes	: 40 bits physical, 48 bits virtual
power management:

processor	: 1
vendor_id	: AuthenticAMD
cpu family	: 16
model		: 9
model name	: AMD Opteron(tm) Processor 6136
stepping	: 1
microcode	: 0x1000065
cpu MHz		: 2400.142
cache size	: 512 KB
physical id	: 1
siblings	: 1
core id		: 0
cpu cores	: 1
apicid		: 1
initial apicid	: 1
fpu		: yes
fpu_exception	: yes
cpuid level	: 5
wp		: yes
flags		: fpu vme de pse tsc msr pae mce cx8 apic sep mtrr pge mca cmov pat pse36 clflush mmx fxsr sse sse2 syscall nx mmxext fxsr_opt pdpe1gb lm 3dnowext 3dnow rep_good nopl extd_apicid pni cx16 x2apic popcnt hypervisor lahf_lm cmp_legacy svm cr8_legacy abm sse4a misalignsse 3dnowprefetch osvw npt nrip_save vmmcall
bugs		: tlb_mmatch fxsave_leak
bogomips	: 4800.28
TLB size	: 1024 4K pages
clflush size	: 64
cache_alignment	: 64
address sizes	: 40 bits physical, 48 bits virtual
power management:

processor	: 2
vendor_id	: AuthenticAMD
cpu family	: 16
model		: 9
model name	: AMD Opteron(tm) Processor 6136
stepping	: 1
microcode	: 0x1000065
cpu MHz		: 2400.142
cache size	: 512 KB
physical id	: 2
siblings	: 1
core id		: 0
cpu cores	: 1
apicid		: 2
initial apicid	: 2
fpu		: yes
fpu_exception	: yes
cpuid level	: 5
wp		: yes
flags		: fpu vme de pse tsc msr pae mce cx8 apic sep mtrr pge mca cmov pat pse36 clflush mmx fxsr sse sse2 syscall nx mmxext fxsr_opt pdpe1gb lm 3dnowext 3dnow rep_good nopl extd_apicid pni cx16 x2apic popcnt hypervisor lahf_lm cmp_legacy svm cr8_legacy abm sse4a misalignsse 3dnowprefetch osvw npt nrip_save vmmcall
bugs		: tlb_mmatch fxsave_leak
bogomips	: 4800.28
TLB size	: 1024 4K pages
clflush size	: 64
cache_alignment	: 64
address sizes	: 40 bits physical, 48 bits virtual
power management:

processor	: 3
vendor_id	: AuthenticAMD
cpu family	: 16
model		: 9
model name	: AMD Opteron(tm) Processor 6136
stepping	: 1
microcode	: 0x1000065
cpu MHz		: 2400.142
cache size	: 512 KB
physical id	: 3
siblings	: 1
core id		: 0
cpu cores	: 1
apicid		: 3
initial apicid	: 3
fpu		: yes
fpu_exception	: yes
cpuid level	: 5
wp		: yes
flags		: fpu vme de pse tsc msr pae mce cx8 apic sep mtrr pge mca cmov pat pse36 clflush mmx fxsr sse sse2 syscall nx mmxext fxsr_opt pdpe1gb lm 3dnowext 3dnow rep_good nopl extd_apicid pni cx16 x2apic popcnt hypervisor lahf_lm cmp_legacy svm cr8_legacy abm sse4a misalignsse 3dnowprefetch osvw npt nrip_save vmmcall
bugs		: tlb_mmatch fxsave_leak
bogomips	: 4800.28
TLB size	: 1024 4K pages
clflush size	: 64
cache_alignment	: 64
address sizes	: 40 bits physical, 48 bits virtual
power management:

processor	: 4
vendor_id	: AuthenticAMD
cpu family	: 16
model		: 9
model name	: AMD Opteron(tm) Processor 6136
stepping	: 1
microcode	: 0x1000065
cpu MHz		: 2400.142
cache size	: 512 KB
physical id	: 4
siblings	: 1
core id		: 0
cpu cores	: 1
apicid		: 4
initial apicid	: 4
fpu		: yes
fpu_exception	: yes
cpuid level	: 5
wp		: yes
flags		: fpu vme de pse tsc msr pae mce cx8 apic sep mtrr pge mca cmov pat pse36 clflush mmx fxsr sse sse2 syscall nx mmxext fxsr_opt pdpe1gb lm 3dnowext 3dnow rep_good nopl extd_apicid pni cx16 x2apic popcnt hypervisor lahf_lm cmp_legacy svm cr8_legacy abm sse4a misalignsse 3dnowprefetch osvw npt nrip_save vmmcall
bugs		: tlb_mmatch fxsave_leak
bogomips	: 4800.28
TLB size	: 1024 4K pages
clflush size	: 64
cache_alignment	: 64
address sizes	: 40 bits physical, 48 bits virtual
power management:

processor	: 5
vendor_id	: AuthenticAMD
cpu family	: 16
model		: 9
model name	: AMD Opteron(tm) Processor 6136
stepping	: 1
microcode	: 0x1000065
cpu MHz		: 2400.142
cache size	: 512 KB
physical id	: 5
siblings	: 1
core id		: 0
cpu cores	: 1
apicid		: 5
initial apicid	: 5
fpu		: yes
fpu_exception	: yes
cpuid level	: 5
wp		: yes
flags		: fpu vme de pse tsc msr pae mce cx8 apic sep mtrr pge mca cmov pat pse36 clflush mmx fxsr sse sse2 syscall nx mmxext fxsr_opt pdpe1gb lm 3dnowext 3dnow rep_good nopl extd_apicid pni cx16 x2apic popcnt hypervisor lahf_lm cmp_legacy svm cr8_legacy abm sse4a misalignsse 3dnowprefetch osvw npt nrip_save vmmcall
bugs		: tlb_mmatch fxsave_leak
bogomips	: 4800.28
TLB size	: 1024 4K pages
clflush size	: 64
cache_alignment	: 64
address sizes	: 40 bits physical, 48 bits virtual
power management:

processor	: 6
vendor_id	: AuthenticAMD
cpu family	: 16
model		: 9
model name	: AMD Opteron(tm) Processor 6136
stepping	: 1
microcode	: 0x1000065
cpu MHz		: 2400.142
cache size	: 512 KB
physical id	: 6
siblings	: 1
core id		: 0
cpu cores	: 1
apicid		: 6
initial apicid	: 6
fpu		: yes
fpu_exception	: yes
cpuid level	: 5
wp		: yes
flags		: fpu vme de pse tsc msr pae mce cx8 apic sep mtrr pge mca cmov pat pse36 clflush mmx fxsr sse sse2 syscall nx mmxext fxsr_opt pdpe1gb lm 3dnowext 3dnow rep_good nopl extd_apicid pni cx16 x2apic popcnt hypervisor lahf_lm cmp_legacy svm cr8_legacy abm sse4a misalignsse 3dnowprefetch osvw npt nrip_save vmmcall
bugs		: tlb_mmatch fxsave_leak
bogomips	: 4800.28
TLB size	: 1024 4K pages
clflush size	: 64
cache_alignment	: 64
address sizes	: 40 bits physical, 48 bits virtual
power management:

processor	: 7
vendor_id	: AuthenticAMD
cpu family	: 16
model		: 9
model name	: AMD Opteron(tm) Processor 6136
stepping	: 1
microcode	: 0x1000065
cpu MHz		: 2400.142
cache size	: 512 KB
physical id	: 7
siblings	: 1
core id		: 0
cpu cores	: 1
apicid		: 7
initial apicid	: 7
fpu		: yes
fpu_exception	: yes
cpuid level	: 5
wp		: yes
flags		: fpu vme de pse tsc msr pae mce cx8 apic sep mtrr pge mca cmov pat pse36 clflush mmx fxsr sse sse2 syscall nx mmxext fxsr_opt pdpe1gb lm 3dnowext 3dnow rep_good nopl extd_apicid pni cx16 x2apic popcnt hypervisor lahf_lm cmp_legacy svm cr8_legacy abm sse4a misalignsse 3dnowprefetch osvw npt nrip_save vmmcall
bugs		: tlb_mmatch fxsave_leak
bogomips	: 4800.28
TLB size	: 1024 4K pages
clflush size	: 64
cache_alignment	: 64
address sizes	: 40 bits physical, 48 bits virtual
power management:

processor	: 8
vendor_id	: AuthenticAMD
cpu family	: 16
model		: 9
model name	: AMD Opteron(tm) Processor 6136
stepping	: 1
microcode	: 0x1000065
cpu MHz		: 2400.142
cache size	: 512 KB
physical id	: 8
siblings	: 1
core id		: 0
cpu cores	: 1
apicid		: 8
initial apicid	: 8
fpu		: yes
fpu_exception	: yes
cpuid level	: 5
wp		: yes
flags		: fpu vme de pse tsc msr pae mce cx8 apic sep mtrr pge mca cmov pat pse36 clflush mmx fxsr sse sse2 syscall nx mmxext fxsr_opt pdpe1gb lm 3dnowext 3dnow rep_good nopl extd_apicid pni cx16 x2apic popcnt hypervisor lahf_lm cmp_legacy svm cr8_legacy abm sse4a misalignsse 3dnowprefetch osvw npt nrip_save vmmcall
bugs		: tlb_mmatch fxsave_leak
bogomips	: 4800.28
TLB size	: 1024 4K pages
clflush size	: 64
cache_alignment	: 64
address sizes	: 40 bits physical, 48 bits virtual
power management:

processor	: 9
vendor_id	: AuthenticAMD
cpu family	: 16
model		: 9
model name	: AMD Opteron(tm) Processor 6136
stepping	: 1
microcode	: 0x1000065
cpu MHz		: 2400.142
cache size	: 512 KB
physical id	: 9
siblings	: 1
core id		: 0
cpu cores	: 1
apicid		: 9
initial apicid	: 9
fpu		: yes
fpu_exception	: yes
cpuid level	: 5
wp		: yes
flags		: fpu vme de pse tsc msr pae mce cx8 apic sep mtrr pge mca cmov pat pse36 clflush mmx fxsr sse sse2 syscall nx mmxext fxsr_opt pdpe1gb lm 3dnowext 3dnow rep_good nopl extd_apicid pni cx16 x2apic popcnt hypervisor lahf_lm cmp_legacy svm cr8_legacy abm sse4a misalignsse 3dnowprefetch osvw npt nrip_save vmmcall
bugs		: tlb_mmatch fxsave_leak
bogomips	: 4800.28
TLB size	: 1024 4K pages
clflush size	: 64
cache_alignment	: 64
address sizes	: 40 bits physical, 48 bits virtual
power management:

processor	: 10
vendor_id	: AuthenticAMD
cpu family	: 16
model		: 9
model name	: AMD Opteron(tm) Processor 6136
stepping	: 1
microcode	: 0x1000065
cpu MHz		: 2400.142
cache size	: 512 KB
physical id	: 10
siblings	: 1
core id		: 0
cpu cores	: 1
apicid		: 10
initial apicid	: 10
fpu		: yes
fpu_exception	: yes
cpuid level	: 5
wp		: yes
flags		: fpu vme de pse tsc msr pae mce cx8 apic sep mtrr pge mca cmov pat pse36 clflush mmx fxsr sse sse2 syscall nx mmxext fxsr_opt pdpe1gb lm 3dnowext 3dnow rep_good nopl extd_apicid pni cx16 x2apic popcnt hypervisor lahf_lm cmp_legacy svm cr8_legacy abm sse4a misalignsse 3dnowprefetch osvw npt nrip_save vmmcall
bugs		: tlb_mmatch fxsave_leak
bogomips	: 4800.28
TLB size	: 1024 4K pages
clflush size	: 64
cache_alignment	: 64
address sizes	: 40 bits physical, 48 bits virtual
power management:

processor	: 11
vendor_id	: AuthenticAMD
cpu family	: 16
model		: 9
model name	: AMD Opteron(tm) Processor 6136
stepping	: 1
microcode	: 0x1000065
cpu MHz		: 2400.142
cache size	: 512 KB
physical id	: 11
siblings	: 1
core id		: 0
cpu cores	: 1
apicid		: 11
initial apicid	: 11
fpu		: yes
fpu_exception	: yes
cpuid level	: 5
wp		: yes
flags		: fpu vme de pse tsc msr pae mce cx8 apic sep mtrr pge mca cmov pat pse36 clflush mmx fxsr sse sse2 syscall nx mmxext fxsr_opt pdpe1gb lm 3dnowext 3dnow rep_good nopl extd_apicid pni cx16 x2apic popcnt hypervisor lahf_lm cmp_legacy svm cr8_legacy abm sse4a misalignsse 3dnowprefetch osvw npt nrip_save vmmcall
bugs		: tlb_mmatch fxsave_leak
bogomips	: 4800.28
TLB size	: 1024 4K pages
clflush size	: 64
cache_alignment	: 64
address sizes	: 40 bits physical, 48 bits virtual
power management:

processor	: 12
vendor_id	: AuthenticAMD
cpu family	: 16
model		: 9
model name	: AMD Opteron(tm) Processor 6136
stepping	: 1
microcode	: 0x1000065
cpu MHz		: 2400.142
cache size	: 512 KB
physical id	: 12
siblings	: 1
core id		: 0
cpu cores	: 1
apicid		: 12
initial apicid	: 12
fpu		: yes
fpu_exception	: yes
cpuid level	: 5
wp		: yes
flags		: fpu vme de pse tsc msr pae mce cx8 apic sep mtrr pge mca cmov pat pse36 clflush mmx fxsr sse sse2 syscall nx mmxext fxsr_opt pdpe1gb lm 3dnowext 3dnow rep_good nopl extd_apicid pni cx16 x2apic popcnt hypervisor lahf_lm cmp_legacy svm cr8_legacy abm sse4a misalignsse 3dnowprefetch osvw npt nrip_save vmmcall
bugs		: tlb_mmatch fxsave_leak
bogomips	: 4800.28
TLB size	: 1024 4K pages
clflush size	: 64
cache_alignment	: 64
address sizes	: 40 bits physical, 48 bits virtual
power management:

processor	: 13
vendor_id	: AuthenticAMD
cpu family	: 16
model		: 9
model name	: AMD Opteron(tm) Processor 6136
stepping	: 1
microcode	: 0x1000065
cpu MHz		: 2400.142
cache size	: 512 KB
physical id	: 13
siblings	: 1
core id		: 0
cpu cores	: 1
apicid		: 13
initial apicid	: 13
fpu		: yes
fpu_exception	: yes
cpuid level	: 5
wp		: yes
flags		: fpu vme de pse tsc msr pae mce cx8 apic sep mtrr pge mca cmov pat pse36 clflush mmx fxsr sse sse2 syscall nx mmxext fxsr_opt pdpe1gb lm 3dnowext 3dnow rep_good nopl extd_apicid pni cx16 x2apic popcnt hypervisor lahf_lm cmp_legacy svm cr8_legacy abm sse4a misalignsse 3dnowprefetch osvw npt nrip_save vmmcall
bugs		: tlb_mmatch fxsave_leak
bogomips	: 4800.28
TLB size	: 1024 4K pages
clflush size	: 64
cache_alignment	: 64
address sizes	: 40 bits physical, 48 bits virtual
power management:

processor	: 14
vendor_id	: AuthenticAMD
cpu family	: 16
model		: 9
model name	: AMD Opteron(tm) Processor 6136
stepping	: 1
microcode	: 0x1000065
cpu MHz		: 2400.142
cache size	: 512 KB
physical id	: 14
siblings	: 1
core id		: 0
cpu cores	: 1
apicid		: 14
initial apicid	: 14
fpu		: yes
fpu_exception	: yes
cpuid level	: 5
wp		: yes
flags		: fpu vme de pse tsc msr pae mce cx8 apic sep mtrr pge mca cmov pat pse36 clflush mmx fxsr sse sse2 syscall nx mmxext fxsr_opt pdpe1gb lm 3dnowext 3dnow rep_good nopl extd_apicid pni cx16 x2apic popcnt hypervisor lahf_lm cmp_legacy svm cr8_legacy abm sse4a misalignsse 3dnowprefetch osvw npt nrip_save vmmcall
bugs		: tlb_mmatch fxsave_leak
bogomips	: 4800.28
TLB size	: 1024 4K pages
clflush size	: 64
cache_alignment	: 64
address sizes	: 40 bits physical, 48 bits virtual
power management:

processor	: 15
vendor_id	: AuthenticAMD
cpu family	: 16
model		: 9
model name	: AMD Opteron(tm) Processor 6136
stepping	: 1
microcode	: 0x1000065
cpu MHz		: 2400.142
cache size	: 512 KB
physical id	: 15
siblings	: 1
core id		: 0
cpu cores	: 1
apicid		: 15
initial apicid	: 15
fpu		: yes
fpu_exception	: yes
cpuid level	: 5
wp		: yes
flags		: fpu vme de pse tsc msr pae mce cx8 apic sep mtrr pge mca cmov pat pse36 clflush mmx fxsr sse sse2 syscall nx mmxext fxsr_opt pdpe1gb lm 3dnowext 3dnow rep_good nopl extd_apicid pni cx16 x2apic popcnt hypervisor lahf_lm cmp_legacy svm cr8_legacy abm sse4a misalignsse 3dnowprefetch osvw npt nrip_save vmmcall
bugs		: tlb_mmatch fxsave_leak
bogomips	: 4800.28
TLB size	: 1024 4K pages
clflush size	: 64
cache_alignment	: 64
address sizes	: 40 bits physical, 48 bits virtual
power management:

processor	: 16
vendor_id	: AuthenticAMD
cpu family	: 16
model		: 9
model name	: AMD Opteron(tm) Processor 6136
stepping	: 1
microcode	: 0x1000065
cpu MHz		: 2400.142
cache size	: 512 KB
physical id	: 16
siblings	: 1
core id		: 0
cpu cores	: 1
apicid		: 16
initial apicid	: 16
fpu		: yes
fpu_exception	: yes
cpuid level	: 5
wp		: yes
flags		: fpu vme de pse tsc msr pae mce cx8 apic sep mtrr pge mca cmov pat pse36 clflush mmx fxsr sse sse2 syscall nx mmxext fxsr_opt pdpe1gb lm 3dnowext 3dnow rep_good nopl extd_apicid pni cx16 x2apic popcnt hypervisor lahf_lm cmp_legacy svm cr8_legacy abm sse4a misalignsse 3dnowprefetch osvw npt nrip_save vmmcall
bugs		: tlb_mmatch fxsave_leak
bogomips	: 4800.28
TLB size	: 1024 4K pages
clflush size	: 64
cache_alignment	: 64
address sizes	: 40 bits physical, 48 bits virtual
power management:

processor	: 17
vendor_id	: AuthenticAMD
cpu family	: 16
model		: 9
model name	: AMD Opteron(tm) Processor 6136
stepping	: 1
microcode	: 0x1000065
cpu MHz		: 2400.142
cache size	: 512 KB
physical id	: 17
siblings	: 1
core id		: 0
cpu cores	: 1
apicid		: 17
initial apicid	: 17
fpu		: yes
fpu_exception	: yes
cpuid level	: 5
wp		: yes
flags		: fpu vme de pse tsc msr pae mce cx8 apic sep mtrr pge mca cmov pat pse36 clflush mmx fxsr sse sse2 syscall nx mmxext fxsr_opt pdpe1gb lm 3dnowext 3dnow rep_good nopl extd_apicid pni cx16 x2apic popcnt hypervisor lahf_lm cmp_legacy svm cr8_legacy abm sse4a misalignsse 3dnowprefetch osvw npt nrip_save vmmcall
bugs		: tlb_mmatch fxsave_leak
bogomips	: 4800.28
TLB size	: 1024 4K pages
clflush size	: 64
cache_alignment	: 64
address sizes	: 40 bits physical, 48 bits virtual
power management:

processor	: 18
vendor_id	: AuthenticAMD
cpu family	: 16
model		: 9
model name	: AMD Opteron(tm) Processor 6136
stepping	: 1
microcode	: 0x1000065
cpu MHz		: 2400.142
cache size	: 512 KB
physical id	: 18
siblings	: 1
core id		: 0
cpu cores	: 1
apicid		: 18
initial apicid	: 18
fpu		: yes
fpu_exception	: yes
cpuid level	: 5
wp		: yes
flags		: fpu vme de pse tsc msr pae mce cx8 apic sep mtrr pge mca cmov pat pse36 clflush mmx fxsr sse sse2 syscall nx mmxext fxsr_opt pdpe1gb lm 3dnowext 3dnow rep_good nopl extd_apicid pni cx16 x2apic popcnt hypervisor lahf_lm cmp_legacy svm cr8_legacy abm sse4a misalignsse 3dnowprefetch osvw npt nrip_save vmmcall
bugs		: tlb_mmatch fxsave_leak
bogomips	: 4800.28
TLB size	: 1024 4K pages
clflush size	: 64
cache_alignment	: 64
address sizes	: 40 bits physical, 48 bits virtual
power management:

processor	: 19
vendor_id	: AuthenticAMD
cpu family	: 16
model		: 9
model name	: AMD Opteron(tm) Processor 6136
stepping	: 1
microcode	: 0x1000065
cpu MHz		: 2400.142
cache size	: 512 KB
physical id	: 19
siblings	: 1
core id		: 0
cpu cores	: 1
apicid		: 19
initial apicid	: 19
fpu		: yes
fpu_exception	: yes
cpuid level	: 5
wp		: yes
flags		: fpu vme de pse tsc msr pae mce cx8 apic sep mtrr pge mca cmov pat pse36 clflush mmx fxsr sse sse2 syscall nx mmxext fxsr_opt pdpe1gb lm 3dnowext 3dnow rep_good nopl extd_apicid pni cx16 x2apic popcnt hypervisor lahf_lm cmp_legacy svm cr8_legacy abm sse4a misalignsse 3dnowprefetch osvw npt nrip_save vmmcall
bugs		: tlb_mmatch fxsave_leak
bogomips	: 4800.28
TLB size	: 1024 4K pages
clflush size	: 64
cache_alignment	: 64
address sizes	: 40 bits physical, 48 bits virtual
power management:

processor	: 20
vendor_id	: AuthenticAMD
cpu family	: 16
model		: 9
model name	: AMD Opteron(tm) Processor 6136
stepping	: 1
microcode	: 0x1000065
cpu MHz		: 2400.142
cache size	: 512 KB
physical id	: 20
siblings	: 1
core id		: 0
cpu cores	: 1
apicid		: 20
initial apicid	: 20
fpu		: yes
fpu_exception	: yes
cpuid level	: 5
wp		: yes
flags		: fpu vme de pse tsc msr pae mce cx8 apic sep mtrr pge mca cmov pat pse36 clflush mmx fxsr sse sse2 syscall nx mmxext fxsr_opt pdpe1gb lm 3dnowext 3dnow rep_good nopl extd_apicid pni cx16 x2apic popcnt hypervisor lahf_lm cmp_legacy svm cr8_legacy abm sse4a misalignsse 3dnowprefetch osvw npt nrip_save vmmcall
bugs		: tlb_mmatch fxsave_leak
bogomips	: 4800.28
TLB size	: 1024 4K pages
clflush size	: 64
cache_alignment	: 64
address sizes	: 40 bits physical, 48 bits virtual
power management:

processor	: 21
vendor_id	: AuthenticAMD
cpu family	: 16
model		: 9
model name	: AMD Opteron(tm) Processor 6136
stepping	: 1
microcode	: 0x1000065
cpu MHz		: 2400.142
cache size	: 512 KB
physical id	: 21
siblings	: 1
core id		: 0
cpu cores	: 1
apicid		: 21
initial apicid	: 21
fpu		: yes
fpu_exception	: yes
cpuid level	: 5
wp		: yes
flags		: fpu vme de pse tsc msr pae mce cx8 apic sep mtrr pge mca cmov pat pse36 clflush mmx fxsr sse sse2 syscall nx mmxext fxsr_opt pdpe1gb lm 3dnowext 3dnow rep_good nopl extd_apicid pni cx16 x2apic popcnt hypervisor lahf_lm cmp_legacy svm cr8_legacy abm sse4a misalignsse 3dnowprefetch osvw npt nrip_save vmmcall
bugs		: tlb_mmatch fxsave_leak
bogomips	: 4800.28
TLB size	: 1024 4K pages
clflush size	: 64
cache_alignment	: 64
address sizes	: 40 bits physical, 48 bits virtual
power management:

processor	: 22
vendor_id	: AuthenticAMD
cpu family	: 16
model		: 9
model name	: AMD Opteron(tm) Processor 6136
stepping	: 1
microcode	: 0x1000065
cpu MHz		: 2400.142
cache size	: 512 KB
physical id	: 22
siblings	: 1
core id		: 0
cpu cores	: 1
apicid		: 22
initial apicid	: 22
fpu		: yes
fpu_exception	: yes
cpuid level	: 5
wp		: yes
flags		: fpu vme de pse tsc msr pae mce cx8 apic sep mtrr pge mca cmov pat pse36 clflush mmx fxsr sse sse2 syscall nx mmxext fxsr_opt pdpe1gb lm 3dnowext 3dnow rep_good nopl extd_apicid pni cx16 x2apic popcnt hypervisor lahf_lm cmp_legacy svm cr8_legacy abm sse4a misalignsse 3dnowprefetch osvw npt nrip_save vmmcall
bugs		: tlb_mmatch fxsave_leak
bogomips	: 4800.28
TLB size	: 1024 4K pages
clflush size	: 64
cache_alignment	: 64
address sizes	: 40 bits physical, 48 bits virtual
power management:

processor	: 23
vendor_id	: AuthenticAMD
cpu family	: 16
model		: 9
model name	: AMD Opteron(tm) Processor 6136
stepping	: 1
microcode	: 0x1000065
cpu MHz		: 2400.142
cache size	: 512 KB
physical id	: 23
siblings	: 1
core id		: 0
cpu cores	: 1
apicid		: 23
initial apicid	: 23
fpu		: yes
fpu_exception	: yes
cpuid level	: 5
wp		: yes
flags		: fpu vme de pse tsc msr pae mce cx8 apic sep mtrr pge mca cmov pat pse36 clflush mmx fxsr sse sse2 syscall nx mmxext fxsr_opt pdpe1gb lm 3dnowext 3dnow rep_good nopl extd_apicid pni cx16 x2apic popcnt hypervisor lahf_lm cmp_legacy svm cr8_legacy abm sse4a misalignsse 3dnowprefetch osvw npt nrip_save vmmcall
bugs		: tlb_mmatch fxsave_leak
bogomips	: 4800.28
TLB size	: 1024 4K pages
clflush size	: 64
cache_alignment	: 64
address sizes	: 40 bits physical, 48 bits virtual
power management:

processor	: 24
vendor_id	: AuthenticAMD
cpu family	: 16
model		: 9
model name	: AMD Opteron(tm) Processor 6136
stepping	: 1
microcode	: 0x1000065
cpu MHz		: 2400.142
cache size	: 512 KB
physical id	: 24
siblings	: 1
core id		: 0
cpu cores	: 1
apicid		: 24
initial apicid	: 24
fpu		: yes
fpu_exception	: yes
cpuid level	: 5
wp		: yes
flags		: fpu vme de pse tsc msr pae mce cx8 apic sep mtrr pge mca cmov pat pse36 clflush mmx fxsr sse sse2 syscall nx mmxext fxsr_opt pdpe1gb lm 3dnowext 3dnow rep_good nopl extd_apicid pni cx16 x2apic popcnt hypervisor lahf_lm cmp_legacy svm cr8_legacy abm sse4a misalignsse 3dnowprefetch osvw npt nrip_save vmmcall
bugs		: tlb_mmatch fxsave_leak
bogomips	: 4800.28
TLB size	: 1024 4K pages
clflush size	: 64
cache_alignment	: 64
address sizes	: 40 bits physical, 48 bits virtual
power management:

processor	: 25
vendor_id	: AuthenticAMD
cpu family	: 16
model		: 9
model name	: AMD Opteron(tm) Processor 6136
stepping	: 1
microcode	: 0x1000065
cpu MHz		: 2400.142
cache size	: 512 KB
physical id	: 25
siblings	: 1
core id		: 0
cpu cores	: 1
apicid		: 25
initial apicid	: 25
fpu		: yes
fpu_exception	: yes
cpuid level	: 5
wp		: yes
flags		: fpu vme de pse tsc msr pae mce cx8 apic sep mtrr pge mca cmov pat pse36 clflush mmx fxsr sse sse2 syscall nx mmxext fxsr_opt pdpe1gb lm 3dnowext 3dnow rep_good nopl extd_apicid pni cx16 x2apic popcnt hypervisor lahf_lm cmp_legacy svm cr8_legacy abm sse4a misalignsse 3dnowprefetch osvw npt nrip_save vmmcall
bugs		: tlb_mmatch fxsave_leak
bogomips	: 4800.28
TLB size	: 1024 4K pages
clflush size	: 64
cache_alignment	: 64
address sizes	: 40 bits physical, 48 bits virtual
power management:

processor	: 26
vendor_id	: AuthenticAMD
cpu family	: 16
model		: 9
model name	: AMD Opteron(tm) Processor 6136
stepping	: 1
microcode	: 0x1000065
cpu MHz		: 2400.142
cache size	: 512 KB
physical id	: 26
siblings	: 1
core id		: 0
cpu cores	: 1
apicid		: 26
initial apicid	: 26
fpu		: yes
fpu_exception	: yes
cpuid level	: 5
wp		: yes
flags		: fpu vme de pse tsc msr pae mce cx8 apic sep mtrr pge mca cmov pat pse36 clflush mmx fxsr sse sse2 syscall nx mmxext fxsr_opt pdpe1gb lm 3dnowext 3dnow rep_good nopl extd_apicid pni cx16 x2apic popcnt hypervisor lahf_lm cmp_legacy svm cr8_legacy abm sse4a misalignsse 3dnowprefetch osvw npt nrip_save vmmcall
bugs		: tlb_mmatch fxsave_leak
bogomips	: 4800.28
TLB size	: 1024 4K pages
clflush size	: 64
cache_alignment	: 64
address sizes	: 40 bits physical, 48 bits virtual
power management:

processor	: 27
vendor_id	: AuthenticAMD
cpu family	: 16
model		: 9
model name	: AMD Opteron(tm) Processor 6136
stepping	: 1
microcode	: 0x1000065
cpu MHz		: 2400.142
cache size	: 512 KB
physical id	: 27
siblings	: 1
core id		: 0
cpu cores	: 1
apicid		: 27
initial apicid	: 27
fpu		: yes
fpu_exception	: yes
cpuid level	: 5
wp		: yes
flags		: fpu vme de pse tsc msr pae mce cx8 apic sep mtrr pge mca cmov pat pse36 clflush mmx fxsr sse sse2 syscall nx mmxext fxsr_opt pdpe1gb lm 3dnowext 3dnow rep_good nopl extd_apicid pni cx16 x2apic popcnt hypervisor lahf_lm cmp_legacy svm cr8_legacy abm sse4a misalignsse 3dnowprefetch osvw npt nrip_save vmmcall
bugs		: tlb_mmatch fxsave_leak
bogomips	: 4800.28
TLB size	: 1024 4K pages
clflush size	: 64
cache_alignment	: 64
address sizes	: 40 bits physical, 48 bits virtual
power management:

processor	: 28
vendor_id	: AuthenticAMD
cpu family	: 16
model		: 9
model name	: AMD Opteron(tm) Processor 6136
stepping	: 1
microcode	: 0x1000065
cpu MHz		: 2400.142
cache size	: 512 KB
physical id	: 28
siblings	: 1
core id		: 0
cpu cores	: 1
apicid		: 28
initial apicid	: 28
fpu		: yes
fpu_exception	: yes
cpuid level	: 5
wp		: yes
flags		: fpu vme de pse tsc msr pae mce cx8 apic sep mtrr pge mca cmov pat pse36 clflush mmx fxsr sse sse2 syscall nx mmxext fxsr_opt pdpe1gb lm 3dnowext 3dnow rep_good nopl extd_apicid pni cx16 x2apic popcnt hypervisor lahf_lm cmp_legacy svm cr8_legacy abm sse4a misalignsse 3dnowprefetch osvw npt nrip_save vmmcall
bugs		: tlb_mmatch fxsave_leak
bogomips	: 4800.28
TLB size	: 1024 4K pages
clflush size	: 64
cache_alignment	: 64
address sizes	: 40 bits physical, 48 bits virtual
power management:

processor	: 29
vendor_id	: AuthenticAMD
cpu family	: 16
model		: 9
model name	: AMD Opteron(tm) Processor 6136
stepping	: 1
microcode	: 0x1000065
cpu MHz		: 2400.142
cache size	: 512 KB
physical id	: 29
siblings	: 1
core id		: 0
cpu cores	: 1
apicid		: 29
initial apicid	: 29
fpu		: yes
fpu_exception	: yes
cpuid level	: 5
wp		: yes
flags		: fpu vme de pse tsc msr pae mce cx8 apic sep mtrr pge mca cmov pat pse36 clflush mmx fxsr sse sse2 syscall nx mmxext fxsr_opt pdpe1gb lm 3dnowext 3dnow rep_good nopl extd_apicid pni cx16 x2apic popcnt hypervisor lahf_lm cmp_legacy svm cr8_legacy abm sse4a misalignsse 3dnowprefetch osvw npt nrip_save vmmcall
bugs		: tlb_mmatch fxsave_leak
bogomips	: 4800.28
TLB size	: 1024 4K pages
clflush size	: 64
cache_alignment	: 64
address sizes	: 40 bits physical, 48 bits virtual
power management:

processor	: 30
vendor_id	: AuthenticAMD
cpu family	: 16
model		: 9
model name	: AMD Opteron(tm) Processor 6136
stepping	: 1
microcode	: 0x1000065
cpu MHz		: 2400.142
cache size	: 512 KB
physical id	: 30
siblings	: 1
core id		: 0
cpu cores	: 1
apicid		: 30
initial apicid	: 30
fpu		: yes
fpu_exception	: yes
cpuid level	: 5
wp		: yes
flags		: fpu vme de pse tsc msr pae mce cx8 apic sep mtrr pge mca cmov pat pse36 clflush mmx fxsr sse sse2 syscall nx mmxext fxsr_opt pdpe1gb lm 3dnowext 3dnow rep_good nopl extd_apicid pni cx16 x2apic popcnt hypervisor lahf_lm cmp_legacy svm cr8_legacy abm sse4a misalignsse 3dnowprefetch osvw npt nrip_save vmmcall
bugs		: tlb_mmatch fxsave_leak
bogomips	: 4800.28
TLB size	: 1024 4K pages
clflush size	: 64
cache_alignment	: 64
address sizes	: 40 bits physical, 48 bits virtual
power management:

processor	: 31
vendor_id	: AuthenticAMD
cpu family	: 16
model		: 9
model name	: AMD Opteron(tm) Processor 6136
stepping	: 1
microcode	: 0x1000065
cpu MHz		: 2400.142
cache size	: 512 KB
physical id	: 31
siblings	: 1
core id		: 0
cpu cores	: 1
apicid		: 31
initial apicid	: 31
fpu		: yes
fpu_exception	: yes
cpuid level	: 5
wp		: yes
flags		: fpu vme de pse tsc msr pae mce cx8 apic sep mtrr pge mca cmov pat pse36 clflush mmx fxsr sse sse2 syscall nx mmxext fxsr_opt pdpe1gb lm 3dnowext 3dnow rep_good nopl extd_apicid pni cx16 x2apic popcnt hypervisor lahf_lm cmp_legacy svm cr8_legacy abm sse4a misalignsse 3dnowprefetch osvw npt nrip_save vmmcall
bugs		: tlb_mmatch fxsave_leak
bogomips	: 4800.28
TLB size	: 1024 4K pages
clflush size	: 64
cache_alignment	: 64
address sizes	: 40 bits physical, 48 bits virtual
power management:



Memory: 4k page, physical 127909028k(781720k free), swap 0k(0k free)

vm_info: Java HotSpot(TM) 64-Bit Server VM (25.45-b02) for linux-amd64 JRE (1.8.0_45-b14), built on Apr 10 2015 10:07:45 by "java_re" with gcc 4.3.0 20080428 (Red Hat 4.3.0-8)

time: Mon Jan  4 17:02:02 2016
elapsed time: 1856 seconds (0d 0h 30m 56s)

