Algorithm configured with: 
Pop: 5000
Aux Pop: 2000
CrP: 1.0
MtP: 1.0
List of crossover: 
SinglePointCrossover
IntegerTwoPointsCrossover
MultiPointsCrossover
List of mutations: 
BitFlipMutation
LoopMoveOperator
LocalMoveOperator
SegmentMutation
OppositeMoveOperator
Execution: 1
Generation: 0; 
d: 20.12461179749811; energy: -13.0; 2,1,1,2,1,0,1,0,2,1,0,1,1,2,2,0,0,1,1,0,0,2,2,1,1,1,2,1,2,2,0,0,1,2,1,0,1,0,0,2,2,1,2,1,0,0,1,2,1,0,2,0,2,0,0,1,1,1
Best fitness found so far: -13.0; distance: 20.12461179749811
Generation: 1; 
d: 12.36931687685298; energy: -21.0; 1,1,1,0,1,0,0,2,1,2,1,2,0,1,2,1,0,2,2,1,2,1,0,0,1,1,1,1,0,1,1,1,0,0,2,2,0,1,2,2,1,1,0,2,2,0,2,0,2,2,0,1,0,2,1,0,0,2
Best fitness found so far: -21.0; distance: 12.36931687685298
Generation: 2; 
d: 12.806248474865697; energy: -27.0; 0,2,1,0,2,2,2,0,1,0,0,1,1,2,1,1,0,1,2,2,2,0,2,2,1,2,1,1,2,0,2,2,2,2,1,0,2,2,2,2,1,1,1,1,0,0,1,1,0,1,1,0,1,0,0,2,2,0
Best fitness found so far: -27.0; distance: 12.806248474865697
Generation: 3; 
d: 14.866068747318506; energy: -24.0; 1,2,2,1,1,0,2,0,2,1,0,1,2,1,0,0,1,1,0,1,2,2,1,0,1,2,0,1,1,0,0,1,2,0,1,0,0,2,0,1,0,2,2,0,1,0,0,0,0,1,0,0,2,2,0,1,2,0
Best fitness found so far: -27.0; distance: 12.806248474865697
Generation: 4; 
d: 12.806248474865697; energy: -24.0; 2,1,2,2,1,2,0,0,2,1,2,0,0,2,0,1,0,1,0,2,2,0,0,2,2,1,2,1,2,2,1,2,1,2,0,2,0,1,0,0,2,1,1,1,2,2,1,1,0,0,2,2,1,2,0,1,2,2
Best fitness found so far: -27.0; distance: 12.806248474865697
Generation: 5; 
d: 11.40175425099138; energy: -26.0; 0,0,1,2,0,2,2,1,2,0,0,2,1,0,1,1,0,0,1,1,1,1,2,2,1,2,2,1,1,0,0,2,0,2,2,1,1,0,0,1,1,1,2,0,0,1,0,0,2,0,1,2,2,0,2,2,0,2
Best fitness found so far: -27.0; distance: 12.806248474865697
Generation: 6; 
d: 12.206555615733702; energy: -26.0; 0,1,0,2,1,1,1,2,1,0,2,2,0,1,2,2,1,1,1,0,1,0,0,2,0,0,2,0,1,2,2,1,1,2,0,0,2,0,1,0,2,2,0,1,0,0,2,2,1,0,0,1,2,2,1,2,0,1
Best fitness found so far: -27.0; distance: 12.806248474865697
