Algorithm configured with: 
Pop: 1000
CrP: 0.9
MtP: 0.01

Crossover: class org.uma.jmetal.operator.crossover.SinglePointCrossover
Mutation: class org.uma.jmetal.operator.mutation.BitFlipMutation
Execution: 1
Generation: 0; 
d: 14.317821063276353; energy: -2.0; 0,1,1,0,0,1,1,1,1,0,2,2,1,0,0,0,2,0,0,1,2,1,1,2,1,2,0,0,2,1,1,2,0,2,0,2,2,0,0,0,2,1,1,2,0,1
Best fitness found so far: -2.0; distance: 14.317821063276353
Generation: 1; 
d: 9.433981132056603; energy: -12.0; 1,1,0,2,2,0,2,2,0,2,2,0,2,2,0,0,1,2,0,0,1,2,2,1,1,2,2,0,2,2,0,2,1,2,2,1,1,1,1,1,1,2,1,2,2,0
Best fitness found so far: -12.0; distance: 9.433981132056603
Generation: 2; 
d: 12.36931687685298; energy: -11.0; 0,2,2,1,2,2,2,0,0,1,1,2,0,2,2,0,1,2,2,0,0,2,1,0,1,1,1,0,0,1,0,0,2,1,0,1,2,0,0,2,0,0,2,0,0,1
Best fitness found so far: -12.0; distance: 9.433981132056603
Generation: 3; 
d: 11.180339887498949; energy: -13.0; 0,2,2,1,2,1,2,1,2,0,1,0,1,1,1,0,0,0,2,0,1,2,1,0,2,0,0,2,1,1,0,0,2,1,0,1,2,0,0,2,0,0,2,0,0,1
Best fitness found so far: -13.0; distance: 11.180339887498949
Generation: 4; 
d: 12.083045973594572; energy: -14.0; 1,1,0,1,1,1,1,1,1,1,0,1,0,0,0,0,0,0,0,1,1,2,1,0,1,1,1,0,0,1,0,0,2,1,0,1,2,0,0,2,0,0,2,0,0,1
Best fitness found so far: -14.0; distance: 12.083045973594572
Generation: 5; 
d: 10.63014581273465; energy: -12.0; 2,2,2,0,2,1,0,0,2,0,1,2,2,1,1,2,1,0,1,0,2,2,0,0,2,2,1,1,2,2,0,2,0,2,2,1,2,1,2,2,1,1,2,0,0,2
Best fitness found so far: -14.0; distance: 12.083045973594572
Generation: 6; 
d: 10.63014581273465; energy: -13.0; 2,2,2,0,2,1,0,0,2,0,1,2,2,1,1,2,1,0,1,0,2,2,0,0,2,2,1,1,2,2,0,2,0,2,2,1,2,1,2,2,1,2,2,0,0,2
Best fitness found so far: -14.0; distance: 12.083045973594572
Generation: 7; 
d: 10.63014581273465; energy: -14.0; 0,0,2,2,2,2,2,0,2,2,1,1,0,0,2,0,1,1,2,2,2,2,2,0,1,1,0,0,0,0,0,1,1,1,1,1,2,0,0,2,0,0,2,0,0,2
Best fitness found so far: -14.0; distance: 12.083045973594572
Generation: 8; 
d: 10.0; energy: -14.0; 0,2,0,0,2,0,0,1,1,2,0,1,1,0,1,0,0,2,0,0,2,1,1,2,0,0,2,2,1,1,1,2,0,2,2,1,2,1,1,0,2,2,1,0,0,1
Best fitness found so far: -14.0; distance: 12.083045973594572
Generation: 9; 
d: 10.63014581273465; energy: -15.0; 2,2,2,0,2,1,0,0,2,0,1,2,2,1,1,2,1,0,1,0,2,2,0,0,2,2,1,1,2,2,0,2,0,2,2,1,2,1,0,2,0,0,2,0,0,2
Best fitness found so far: -15.0; distance: 10.63014581273465
Generation: 10; 
d: 9.219544457292887; energy: -18.0; 1,2,0,0,2,0,0,0,2,2,1,0,1,1,0,0,1,0,2,0,1,0,0,2,2,0,2,2,1,2,2,1,0,2,2,1,0,2,2,2,1,2,0,2,2,1
Best fitness found so far: -18.0; distance: 9.219544457292887
Generation: 11; 
d: 9.486832980505138; energy: -16.0; 1,2,2,1,2,0,0,1,1,2,1,0,1,1,0,0,1,0,2,0,1,0,0,2,2,0,2,2,1,2,2,1,0,2,2,1,0,2,2,2,1,2,0,2,2,1
Best fitness found so far: -18.0; distance: 9.219544457292887
Generation: 12; 
d: 10.04987562112089; energy: -15.0; 2,0,1,2,2,1,0,2,1,1,0,0,0,0,1,0,2,2,0,1,1,2,2,1,0,2,1,0,0,1,0,0,2,1,0,1,2,0,0,2,0,0,2,1,1,0
Best fitness found so far: -18.0; distance: 9.219544457292887
Generation: 13; 
d: 8.94427190999916; energy: -16.0; 2,1,2,1,1,1,0,2,0,2,0,1,0,0,1,0,2,2,0,1,1,2,2,1,0,2,1,0,0,1,0,0,2,1,0,1,2,0,0,2,0,0,2,0,0,1
Best fitness found so far: -18.0; distance: 9.219544457292887
Generation: 14; 
d: 8.94427190999916; energy: -16.0; 2,1,2,1,1,1,0,2,0,2,0,1,0,0,1,0,2,2,0,1,1,2,2,1,0,2,1,0,0,1,0,0,2,1,0,1,2,0,0,2,0,0,1,1,0,0
Best fitness found so far: -18.0; distance: 9.219544457292887
Generation: 15; 
d: 9.219544457292887; energy: -18.0; 1,2,0,0,2,0,0,0,2,2,1,0,1,1,0,0,1,0,2,0,1,0,0,2,2,0,2,2,1,2,2,1,0,2,2,1,0,2,2,2,1,2,0,2,2,1
Best fitness found so far: -18.0; distance: 9.219544457292887
Generation: 16; 
d: 9.219544457292887; energy: -18.0; 2,2,0,0,2,0,0,0,2,2,1,0,1,1,0,0,1,0,2,0,1,0,0,2,2,0,2,2,1,2,2,1,0,2,2,1,0,2,2,2,1,2,0,2,2,1
Best fitness found so far: -18.0; distance: 9.219544457292887
Generation: 17; 
d: 9.219544457292887; energy: -18.0; 2,2,0,0,2,0,0,0,2,2,1,0,1,1,0,0,1,0,2,0,1,0,0,2,2,0,2,2,1,2,2,1,0,2,2,1,0,2,2,2,1,2,0,2,2,1
Best fitness found so far: -18.0; distance: 9.219544457292887
Generation: 18; 
d: 9.219544457292887; energy: -18.0; 1,2,0,0,2,0,0,0,2,2,1,0,1,1,0,0,1,0,2,0,1,0,0,2,2,0,2,2,1,2,2,1,0,2,2,1,0,2,2,2,1,2,0,2,2,2
Best fitness found so far: -18.0; distance: 9.219544457292887
