Algorithm configured with: 
Pop: 1000
CrP: 0.9
MtP: 0.01

Crossover: class org.uma.jmetal.operator.crossover.SinglePointCrossover
Mutation: class org.uma.jmetal.operator.mutation.BitFlipMutation
Execution: 1
Generation: 0; 
d: 100.0; energy: 0.0; 0,1,2,2,1,1,2,1,2,0,2,0,0,1,2,1,0,2,2,1,2,0,1,1,0,0,0,1,1,0,1,0,0,1,2,1,2,0,1,1,0,2,1,0,0,0
Best fitness found so far: 0.0; distance: 100.0
Generation: 1; 
d: 10.63014581273465; energy: -11.0; 1,2,0,2,2,2,1,0,0,0,0,0,0,0,1,0,1,2,0,2,2,1,2,1,1,1,2,0,2,2,0,0,2,0,2,1,1,2,1,1,2,2,1,1,1,0
Best fitness found so far: -11.0; distance: 10.63014581273465
Generation: 2; 
d: 10.770329614269007; energy: -11.0; 0,1,2,1,1,1,1,2,0,2,2,2,2,2,1,0,1,1,0,1,2,2,0,2,2,2,1,1,0,2,1,0,0,1,0,1,2,0,2,0,0,2,1,0,2,1
Best fitness found so far: -11.0; distance: 10.63014581273465
Generation: 3; 
d: 10.63014581273465; energy: -11.0; 1,2,0,0,1,2,0,1,2,1,1,0,0,0,2,2,0,2,0,1,0,0,0,0,0,0,0,2,2,0,0,0,0,0,0,0,2,2,1,2,2,2,0,1,2,2
Best fitness found so far: -11.0; distance: 10.63014581273465
Generation: 4; 
d: 11.704699910719626; energy: -12.0; 1,1,2,2,0,1,0,0,1,1,0,0,0,2,1,2,0,0,2,1,2,2,1,0,1,0,1,2,0,0,1,1,2,2,2,2,2,1,0,0,0,0,0,0,2,2
Best fitness found so far: -12.0; distance: 11.704699910719626
Generation: 5; 
d: 12.041594578792296; energy: -13.0; 2,2,0,0,2,2,0,0,1,1,1,2,0,2,1,1,0,1,1,1,0,0,1,0,1,1,1,0,2,0,0,0,2,2,0,2,1,0,1,1,0,0,0,1,0,0
Best fitness found so far: -13.0; distance: 12.041594578792296
Generation: 6; 
d: 11.704699910719626; energy: -12.0; 1,1,2,2,0,1,0,0,1,1,0,0,0,2,1,2,0,0,2,1,2,2,1,0,1,0,1,2,0,0,1,1,2,2,2,2,2,1,0,0,0,0,0,0,2,2
Best fitness found so far: -13.0; distance: 12.041594578792296
Generation: 7; 
d: 10.295630140987; energy: -12.0; 0,2,0,0,2,2,2,1,0,2,0,1,0,0,0,1,0,0,2,0,2,2,2,0,1,1,1,2,2,1,2,1,2,2,1,0,2,2,1,1,2,2,0,2,0,2
Best fitness found so far: -13.0; distance: 12.041594578792296
Generation: 8; 
d: 11.180339887498949; energy: -13.0; 1,2,0,0,0,1,2,2,1,0,2,2,0,0,1,2,0,0,2,1,2,2,0,0,1,0,1,2,0,0,1,1,2,2,2,2,2,1,0,0,0,0,0,0,2,2
Best fitness found so far: -13.0; distance: 12.041594578792296
Generation: 9; 
d: 10.198039027185569; energy: -14.0; 1,1,2,2,0,1,0,0,1,1,0,1,0,2,1,2,0,0,2,1,2,2,1,0,1,0,1,2,0,0,1,1,2,2,2,1,0,0,1,1,1,0,0,1,0,1
Best fitness found so far: -14.0; distance: 10.198039027185569
Generation: 10; 
d: 10.198039027185569; energy: -14.0; 1,1,2,2,0,1,0,0,1,1,0,1,0,2,1,2,0,0,2,1,2,2,1,0,1,0,1,2,0,0,1,1,2,2,2,1,0,0,1,1,1,0,0,1,0,0
Best fitness found so far: -14.0; distance: 10.198039027185569
Generation: 11; 
d: 10.198039027185569; energy: -14.0; 1,1,2,2,0,1,0,0,1,1,0,1,0,2,1,2,0,0,2,1,2,2,1,0,1,0,1,2,0,0,1,1,2,2,2,1,0,0,1,1,1,0,0,1,2,2
Best fitness found so far: -14.0; distance: 10.198039027185569
Generation: 12; 
d: 9.219544457292887; energy: -14.0; 0,1,2,2,2,1,0,0,1,0,1,1,2,2,1,1,2,1,2,2,2,2,1,0,2,0,1,0,0,2,0,2,2,2,0,1,1,0,1,0,2,0,0,1,0,1
Best fitness found so far: -14.0; distance: 10.198039027185569
Generation: 13; 
d: 11.40175425099138; energy: -15.0; 1,1,2,2,2,0,2,1,1,0,2,2,2,2,2,1,1,1,0,0,1,1,1,0,1,1,1,2,2,1,0,2,2,2,1,0,0,2,2,2,2,2,1,1,0,0
Best fitness found so far: -15.0; distance: 11.40175425099138
Generation: 14; 
d: 10.770329614269007; energy: -14.0; 0,2,2,1,0,0,1,0,1,1,2,1,0,0,1,0,0,1,0,0,1,1,1,0,2,1,1,2,2,1,0,2,2,2,1,0,0,2,2,2,2,2,1,1,0,0
Best fitness found so far: -15.0; distance: 11.40175425099138
Generation: 15; 
d: 8.602325267042627; energy: -14.0; 0,0,0,1,0,0,2,2,2,0,0,0,1,0,0,2,1,0,1,0,0,2,2,1,1,0,1,2,1,0,0,0,0,0,0,0,1,0,0,1,2,1,1,2,2,2
Best fitness found so far: -15.0; distance: 11.40175425099138
Generation: 16; 
d: 8.602325267042627; energy: -15.0; 2,1,2,2,0,1,0,0,1,1,2,0,0,0,1,2,0,0,2,0,0,0,2,2,0,0,2,2,0,2,1,1,2,2,2,1,0,2,1,0,2,2,1,0,2,2
Best fitness found so far: -15.0; distance: 11.40175425099138
Generation: 17; 
d: 10.295630140987; energy: -15.0; 0,0,0,1,1,2,1,2,2,0,0,1,2,1,2,1,1,0,2,2,1,2,0,0,1,0,2,1,0,0,1,1,2,2,0,2,2,1,0,0,0,0,0,0,2,1
Best fitness found so far: -15.0; distance: 11.40175425099138
Generation: 18; 
d: 10.770329614269007; energy: -15.0; 0,1,0,0,2,2,1,0,1,1,2,1,0,0,1,0,0,0,0,0,1,1,1,0,2,1,1,2,2,1,0,2,2,2,1,0,0,2,2,2,2,2,1,1,0,0
Best fitness found so far: -15.0; distance: 11.40175425099138
