Algorithm configured with: 
Pop: 3000
Aux Pop: 200
Crossover: SinglePointCrossover
CrP: 0.9
Mutation: BitFlipMutation
MtP: 0.01
Starting executions...
Execution: 1
Generation: 0; 
d: 100.0; energy: 0.0; 0,2,1,1,2,2,2,2,0,0,1,2,2,2,2,2,2,2,1,1,2,0,0,2,0,1,2,0,2,2,0,0,0,2,0,1,2,1,2,0,0,1,1,2,2,2,0,1,2,2,0,2,0,2,0,2,2,1,0,2,0,2,2,0,0,1,2,2,0,2,1,2,2,0,2,2,0,2,2,2,0,2,1,2,2,0,0,2,2,0,0,1,1,1,2,1,2
Best fitness found so far: 0.0; distance: 100.0
Generation: 1; 
d: 27.018512172212592; energy: -23.0; 0,1,0,0,0,0,0,1,1,1,1,0,1,1,1,1,2,2,1,1,1,1,1,0,2,1,0,1,0,0,2,2,0,0,1,1,1,2,0,0,0,1,1,0,1,2,1,0,1,0,0,0,2,2,0,0,2,1,2,2,1,0,0,0,2,1,0,0,2,2,1,1,0,0,0,1,2,1,1,1,0,2,0,0,1,2,2,2,1,2,0,2,1,1,1,0,0
Best fitness found so far: -23.0; distance: 27.018512172212592
Generation: 2; 
d: 16.55294535724685; energy: -23.0; 0,2,0,1,2,2,0,1,0,0,1,0,2,1,2,1,0,0,1,0,0,1,0,1,0,2,1,0,1,2,0,2,2,0,2,0,2,2,1,1,1,0,0,0,2,0,1,0,0,2,0,1,2,2,1,2,2,1,1,2,1,2,2,2,0,2,2,2,2,0,2,2,1,0,1,2,0,2,2,2,1,2,2,2,1,2,0,1,1,1,0,2,1,0,2,0,2
Best fitness found so far: -23.0; distance: 27.018512172212592
Generation: 3; 
d: 19.697715603592208; energy: -22.0; 2,0,1,1,2,1,0,0,1,1,2,0,2,1,1,1,1,2,2,2,0,0,0,0,2,1,0,1,0,2,0,2,1,2,0,0,0,1,0,0,1,0,0,0,0,2,1,0,0,2,0,1,2,2,1,0,1,1,2,0,2,1,0,1,1,1,0,2,2,1,1,1,2,2,0,2,1,1,1,0,2,0,1,1,2,2,1,2,0,2,0,1,0,0,1,0,2
Best fitness found so far: -23.0; distance: 27.018512172212592
Generation: 4; 
d: 19.6468827043885; energy: -24.0; 2,1,1,1,0,0,0,0,1,1,0,0,1,1,0,1,0,1,2,0,1,2,0,2,2,1,2,0,0,2,2,2,0,2,1,1,2,2,1,0,1,0,0,0,0,1,0,0,2,2,2,0,1,0,0,0,1,2,2,1,0,2,1,1,1,2,0,0,0,2,2,0,2,1,2,1,1,0,2,2,1,0,1,1,0,2,2,0,2,2,0,0,1,0,2,0,0
Best fitness found so far: -24.0; distance: 19.6468827043885
Generation: 5; 
d: 21.18962010041709; energy: -26.0; 2,0,1,1,2,1,0,1,1,1,0,1,0,0,0,1,0,1,1,0,0,1,1,0,1,2,0,1,0,0,0,2,0,0,1,2,2,1,1,2,2,0,0,2,0,2,1,0,0,0,0,0,0,0,1,1,2,2,2,2,2,0,2,2,0,2,1,1,1,0,0,1,0,1,0,0,2,0,0,2,2,0,2,2,2,2,1,2,0,0,1,2,2,1,0,0,0
Best fitness found so far: -26.0; distance: 21.18962010041709
Generation: 6; 
d: 19.79898987322333; energy: -24.0; 0,2,1,2,2,2,1,1,2,1,0,0,2,1,2,1,0,0,1,0,0,1,0,1,0,2,1,0,1,2,0,2,2,0,2,0,2,2,1,1,1,0,0,0,2,0,1,0,0,2,0,1,2,2,1,2,2,1,1,2,1,2,2,2,0,2,2,2,2,0,2,2,1,0,1,2,0,2,2,2,1,2,2,2,1,2,0,0,1,1,1,2,1,0,2,0,2
Best fitness found so far: -26.0; distance: 21.18962010041709
Generation: 7; 
d: 20.8806130178211; energy: -26.0; 2,0,1,1,2,1,0,1,1,1,0,1,0,0,0,1,0,1,1,0,0,1,1,0,1,2,0,1,0,0,0,2,0,0,1,2,2,1,1,2,2,0,0,2,0,2,1,0,0,0,0,0,0,0,1,1,2,2,2,2,2,0,2,2,0,2,1,1,1,0,0,1,0,1,0,0,2,0,0,2,2,0,2,2,2,2,1,2,0,0,2,1,0,0,0,0,2
Best fitness found so far: -26.0; distance: 21.18962010041709
Generation: 8; 
d: 16.1245154965971; energy: -27.0; 1,0,1,1,0,2,0,0,1,0,0,0,1,0,2,1,2,1,1,1,2,1,0,2,2,0,2,0,0,0,0,2,2,1,2,0,0,0,1,0,0,0,2,1,0,1,2,1,2,2,1,0,0,2,2,2,2,2,0,2,2,0,1,0,2,0,0,1,1,1,1,2,2,1,2,1,0,0,2,2,0,1,2,0,2,0,0,1,1,0,2,1,2,0,2,0,0
Best fitness found so far: -27.0; distance: 16.1245154965971
Generation: 9; 
d: 14.866068747318506; energy: -29.0; 0,0,2,1,2,1,2,0,2,0,0,0,1,0,2,2,0,0,1,0,0,1,2,1,2,0,2,2,1,2,2,2,2,0,2,0,2,2,1,1,1,0,0,0,2,0,1,0,0,2,0,1,2,2,1,0,2,1,1,2,1,1,0,1,1,1,0,2,2,1,1,1,2,2,0,2,1,1,1,0,0,0,1,0,0,1,2,0,1,1,1,2,2,0,0,0,0
Best fitness found so far: -29.0; distance: 14.866068747318506
Generation: 10; 
d: 28.160255680657446; energy: -27.0; 0,0,2,1,1,2,0,0,1,2,1,1,2,0,2,2,2,0,1,0,1,2,1,2,2,2,0,1,1,1,0,2,2,1,1,2,2,1,0,1,1,0,0,2,2,2,0,0,0,1,2,2,0,2,2,0,0,1,0,1,2,0,2,2,0,2,1,1,1,0,0,1,0,1,0,0,2,0,0,2,2,0,2,2,2,2,1,2,0,0,1,2,2,1,1,0,0
Best fitness found so far: -29.0; distance: 14.866068747318506
Generation: 11; 
d: 14.866068747318506; energy: -29.0; 0,0,2,1,2,1,2,0,2,0,0,0,1,0,2,2,0,0,1,0,0,1,2,1,2,0,2,2,1,2,2,2,2,0,2,0,2,2,1,1,1,0,0,0,2,0,1,0,0,2,0,1,2,2,1,0,2,1,1,2,1,1,0,1,1,1,0,2,2,1,1,1,2,2,0,2,1,1,1,0,0,0,1,0,0,1,2,2,1,2,0,0,0,1,2,0,0
Best fitness found so far: -29.0; distance: 14.866068747318506
Generation: 12; 
d: 17.4928556845359; energy: -28.0; 1,0,1,1,0,2,0,0,1,0,0,0,1,0,2,1,2,1,1,1,2,1,0,2,2,0,2,0,0,0,0,2,2,1,2,0,0,0,1,0,0,0,2,1,0,1,2,1,2,2,1,0,0,2,2,2,2,2,0,1,1,0,2,2,0,2,0,2,1,2,2,1,2,2,1,0,2,2,1,0,0,0,0,0,1,0,2,1,2,1,1,2,2,2,1,2,0
Best fitness found so far: -29.0; distance: 14.866068747318506
Generation: 13; 
d: 21.095023109728988; energy: -30.0; 2,0,1,1,0,1,0,0,0,1,1,1,1,2,0,2,1,2,2,0,0,2,1,1,0,0,0,2,1,0,2,2,2,1,2,0,0,0,1,0,0,0,1,1,0,1,2,1,2,2,1,0,0,2,2,2,2,2,2,2,2,0,1,0,0,2,2,1,1,1,1,2,2,2,1,2,1,1,1,2,1,0,0,1,0,0,2,1,1,0,1,0,0,0,1,1,0
Best fitness found so far: -30.0; distance: 21.095023109728988
Generation: 14; 
d: 14.866068747318506; energy: -32.0; 0,0,2,1,2,1,2,0,2,0,0,0,1,0,2,2,0,0,1,0,0,1,2,1,2,0,2,2,1,2,2,2,2,0,2,0,2,2,1,1,1,0,0,0,2,0,1,0,0,2,0,1,2,2,1,0,2,1,1,2,1,1,0,1,1,1,0,2,2,1,1,1,2,2,0,2,1,1,1,2,1,1,1,0,0,0,1,0,2,2,1,0,1,0,2,1,2
Best fitness found so far: -32.0; distance: 14.866068747318506
Generation: 15; 
d: 14.866068747318506; energy: -32.0; 0,0,2,1,2,1,2,0,2,0,0,0,1,0,2,2,0,0,1,0,0,1,2,1,2,0,2,2,1,2,2,2,2,0,2,0,2,2,1,1,1,0,0,0,2,0,1,0,0,2,0,1,2,2,1,0,2,1,1,2,1,1,0,1,1,1,0,2,2,1,1,1,2,2,0,2,1,1,1,2,1,1,1,0,0,0,1,0,2,2,1,0,0,0,2,0,0
Best fitness found so far: -32.0; distance: 14.866068747318506
Generation: 16; 
d: 16.278820596099706; energy: -33.0; 0,0,2,1,2,1,2,0,2,0,0,0,1,0,2,2,0,0,1,0,0,1,2,1,2,0,2,2,1,2,2,2,2,0,2,0,2,2,1,1,1,0,0,0,2,0,1,0,0,2,0,1,2,2,1,2,2,1,0,2,2,0,0,0,2,2,1,2,1,1,2,2,1,0,2,0,1,1,2,2,1,1,1,0,0,0,1,0,2,2,1,0,1,0,2,1,2
Best fitness found so far: -33.0; distance: 16.278820596099706
Generation: 17; 
d: 14.866068747318506; energy: -32.0; 0,0,2,1,2,1,2,0,2,0,0,0,1,0,2,2,0,0,1,0,0,1,2,1,2,0,2,2,1,2,2,2,2,0,2,0,2,2,1,1,1,0,0,0,2,0,1,0,0,2,0,1,2,2,1,0,2,1,1,2,1,1,0,1,1,1,0,2,2,1,1,1,2,2,0,2,1,1,1,2,2,1,1,2,0,2,2,1,0,0,0,1,2,0,0,1,1
Best fitness found so far: -33.0; distance: 16.278820596099706
Generation: 18; 
d: 14.866068747318506; energy: -32.0; 0,0,2,1,2,1,2,0,2,0,0,0,1,0,2,2,0,0,1,0,0,1,2,1,2,0,2,2,1,2,2,2,2,0,2,0,2,2,1,1,1,0,0,0,2,0,1,0,0,2,0,1,2,2,1,0,2,1,1,2,1,1,0,1,1,1,0,2,2,1,1,1,2,2,0,2,1,1,1,2,1,1,1,0,0,0,1,0,2,2,1,0,0,0,1,2,2
Best fitness found so far: -33.0; distance: 16.278820596099706
Generation: 19; 
d: 14.317821063276353; energy: -32.0; 0,2,0,1,2,2,0,0,0,0,1,0,2,1,2,1,0,0,1,0,0,1,0,0,0,2,1,0,1,2,0,2,2,0,2,0,2,2,1,1,1,0,0,0,2,0,1,0,0,2,0,1,2,2,1,0,2,1,1,2,1,1,0,1,1,1,0,2,2,1,1,1,2,2,0,2,1,1,1,2,1,1,1,0,0,0,1,0,2,2,1,0,1,0,2,1,2
Best fitness found so far: -33.0; distance: 16.278820596099706
Generation: 20; 
d: 14.317821063276353; energy: -34.0; 1,0,1,0,0,2,0,2,2,1,0,1,0,1,1,0,2,2,1,0,2,1,2,2,2,0,1,0,1,1,1,2,0,0,2,0,0,0,1,2,0,2,0,0,0,0,2,1,1,2,0,0,0,0,1,0,2,2,2,2,2,0,1,0,0,0,2,1,1,2,2,2,0,2,1,2,1,1,0,0,0,1,2,2,1,1,1,0,1,1,1,0,0,0,1,1,0
Best fitness found so far: -34.0; distance: 14.317821063276353
Generation: 21; 
d: 17.204650534085253; energy: -33.0; 0,0,2,1,1,1,2,0,2,0,0,0,1,0,2,2,0,0,1,0,0,1,2,1,2,0,2,2,1,2,2,2,2,0,2,0,2,2,1,1,1,0,0,0,2,0,1,0,0,2,0,1,2,2,1,2,2,1,0,2,2,0,0,0,2,2,1,2,1,1,2,2,1,0,2,0,1,1,2,2,1,1,1,0,0,0,1,0,2,2,1,0,1,0,2,1,2
Best fitness found so far: -34.0; distance: 14.317821063276353
Generation: 22; 
d: 17.204650534085253; energy: -33.0; 0,0,2,1,1,1,2,0,2,0,0,0,1,0,2,2,0,0,1,0,0,1,2,1,2,0,2,2,1,2,2,2,2,0,2,0,2,2,1,1,1,0,0,0,2,0,1,0,0,2,0,1,2,2,1,2,2,1,0,2,2,0,0,0,2,2,1,2,1,1,2,2,1,2,2,0,1,1,2,2,1,1,1,0,0,0,1,0,2,2,1,0,1,0,2,1,2
Best fitness found so far: -34.0; distance: 14.317821063276353
Generation: 23; 
d: 16.278820596099706; energy: -33.0; 0,0,2,1,2,1,2,0,2,0,0,0,1,0,2,2,0,0,1,0,0,1,2,1,2,0,2,2,1,2,2,2,2,0,2,0,2,2,1,1,1,0,0,0,2,0,1,0,0,2,0,1,2,2,1,2,2,1,0,2,2,0,0,0,2,2,1,2,1,1,2,2,1,0,2,0,1,1,2,2,1,1,1,0,0,0,1,0,2,2,1,0,1,0,2,1,2
Best fitness found so far: -34.0; distance: 14.317821063276353
Generation: 24; 
d: 13.92838827718412; energy: -33.0; 0,2,0,1,2,2,0,0,0,0,0,0,2,1,2,1,0,0,1,0,0,1,0,1,0,2,1,0,1,2,0,2,2,0,2,0,2,2,1,1,1,0,0,0,2,0,1,0,0,2,0,1,2,2,1,2,2,1,1,2,1,0,0,0,2,2,1,2,1,1,2,2,1,2,2,0,1,1,2,2,1,1,1,0,0,1,1,0,2,1,1,1,2,1,0,0,0
Best fitness found so far: -34.0; distance: 14.317821063276353
Generation: 25; 
d: 13.92838827718412; energy: -33.0; 0,2,0,1,2,2,0,0,0,0,0,0,2,1,2,1,0,0,1,0,0,1,0,1,0,2,1,0,1,2,0,2,2,0,2,0,2,2,1,1,1,0,0,0,2,0,1,0,0,2,0,1,2,2,1,2,2,1,1,2,1,0,0,0,2,2,1,2,1,1,2,2,1,2,2,0,1,1,2,2,1,1,1,0,0,1,1,0,2,1,1,1,2,1,0,0,0
Best fitness found so far: -34.0; distance: 14.317821063276353
Generation: 26; 
d: 15.231546211727817; energy: -33.0; 2,0,0,1,2,0,0,2,2,0,0,0,2,1,2,1,0,0,1,0,0,1,0,1,0,2,1,0,1,2,0,2,2,0,2,0,2,2,1,1,1,0,0,0,2,0,1,0,0,2,0,1,2,2,1,2,2,1,1,2,1,0,0,0,2,2,1,2,1,1,2,2,1,2,2,0,1,1,2,2,1,1,1,0,0,1,1,0,2,1,1,1,2,1,0,0,0
Best fitness found so far: -34.0; distance: 14.317821063276353
Generation: 27; 
d: 15.231546211727817; energy: -34.0; 2,0,2,1,2,2,1,1,1,2,1,0,2,0,0,2,1,0,1,1,0,1,0,0,0,2,1,0,1,2,0,2,2,0,2,0,2,2,1,1,1,0,0,0,2,0,1,0,0,2,0,1,2,2,1,0,2,1,1,2,1,1,0,1,1,1,0,2,2,1,1,1,2,2,0,2,1,1,1,0,1,1,1,0,0,0,1,0,2,1,1,1,2,1,0,2,1
Best fitness found so far: -34.0; distance: 14.317821063276353
Generation: 28; 
d: 13.92838827718412; energy: -34.0; 0,2,0,1,2,2,0,0,0,0,0,0,2,1,2,1,0,0,1,0,0,1,0,0,0,2,1,0,1,2,0,2,2,0,2,0,2,2,1,1,1,0,0,0,2,0,1,0,0,1,0,1,2,2,1,0,2,1,1,2,1,0,0,0,2,2,1,2,1,1,2,2,1,0,2,0,1,1,2,2,1,1,1,0,2,0,1,2,0,0,1,2,0,0,0,2,0
Best fitness found so far: -34.0; distance: 14.317821063276353
Generation: 29; 
d: 14.7648230602334; energy: -34.0; 0,2,0,1,2,2,0,0,0,0,0,0,2,1,2,1,0,0,1,0,0,1,0,0,0,2,1,0,1,2,2,2,2,0,2,0,2,2,1,1,1,0,0,0,2,2,1,0,0,2,0,1,2,2,1,0,2,1,1,2,1,1,0,1,1,2,1,1,1,0,0,1,1,0,0,0,0,0,0,2,1,1,0,0,2,0,0,1,1,0,2,2,0,0,0,0,0
Best fitness found so far: -34.0; distance: 14.317821063276353
Generation: 30; 
d: 15.620499351813308; energy: -36.0; 1,0,0,1,2,2,0,2,2,1,0,1,0,1,1,0,2,2,2,2,2,0,1,2,1,1,2,2,1,0,0,2,0,1,2,0,0,0,1,0,0,0,1,1,0,1,2,1,2,2,1,0,0,2,2,2,2,2,0,2,2,0,1,0,0,0,2,1,1,1,1,2,2,2,1,2,1,1,1,2,1,1,0,0,2,0,1,0,2,2,2,1,1,1,2,1,1
Best fitness found so far: -36.0; distance: 15.620499351813308
Generation: 31; 
d: 16.55294535724685; energy: -35.0; 0,0,2,1,2,1,2,0,2,0,0,0,1,0,2,2,0,0,1,0,0,1,2,1,2,0,2,2,1,2,2,2,2,0,2,0,2,2,1,1,1,0,0,0,2,0,1,0,0,2,0,1,2,2,1,0,2,1,1,2,1,1,0,1,1,2,1,1,1,0,0,1,1,0,0,0,0,0,0,2,1,1,0,0,2,0,0,1,1,0,2,2,0,0,0,0,0
Best fitness found so far: -36.0; distance: 15.620499351813308
Generation: 32; 
d: 16.1245154965971; energy: -36.0; 1,1,0,1,2,2,0,2,2,1,0,1,0,1,1,0,2,2,2,2,2,0,1,2,1,1,2,2,1,0,0,2,0,1,2,0,0,0,1,0,0,0,1,1,0,1,2,1,2,2,1,0,0,2,2,2,2,2,0,2,2,0,1,0,0,0,2,1,1,1,1,2,2,2,1,2,1,1,1,2,1,1,0,0,2,0,1,0,2,2,2,1,1,1,2,1,1
Best fitness found so far: -36.0; distance: 15.620499351813308
Generation: 33; 
d: 15.620499351813308; energy: -36.0; 1,0,0,1,2,2,0,2,2,1,0,1,0,1,1,0,2,2,2,2,2,0,1,2,1,1,2,2,1,0,0,2,0,1,2,0,0,0,1,0,0,0,1,1,0,1,2,1,2,2,1,0,0,2,2,2,2,2,0,2,2,0,1,0,0,0,2,1,1,1,1,2,2,2,1,2,1,1,1,2,1,1,0,0,2,0,1,0,2,2,2,0,0,0,1,1,0
Best fitness found so far: -36.0; distance: 15.620499351813308
Generation: 34; 
d: 16.401219466856727; energy: -35.0; 1,1,1,2,1,1,2,2,1,2,1,2,1,2,1,1,0,0,1,1,2,2,2,0,0,0,2,1,2,2,0,1,2,2,0,1,1,2,1,1,1,0,0,0,2,0,1,0,0,2,0,1,2,2,1,2,2,1,0,2,2,0,0,0,2,2,1,2,1,1,2,2,1,0,2,0,1,1,2,2,1,1,1,0,0,0,1,0,2,2,1,0,1,0,2,1,2
Best fitness found so far: -36.0; distance: 15.620499351813308
Generation: 35; 
d: 13.92838827718412; energy: -35.0; 0,2,0,1,2,2,0,0,0,0,0,0,2,1,2,1,0,0,1,0,0,1,0,1,0,2,1,0,1,2,0,2,2,0,2,0,2,2,1,1,1,0,0,0,2,0,1,0,0,2,0,1,2,2,1,0,2,1,1,2,1,0,0,0,2,2,1,2,1,1,2,2,1,0,2,0,1,1,2,2,1,1,1,0,0,0,1,0,2,1,1,0,0,2,0,2,0
Best fitness found so far: -36.0; distance: 15.620499351813308
Generation: 36; 
d: 16.278820596099706; energy: -35.0; 0,0,2,1,2,2,2,0,2,2,0,0,1,0,2,2,0,0,1,0,0,1,2,1,2,0,2,2,1,2,2,2,2,0,2,0,2,2,1,1,1,0,0,0,2,0,1,0,0,2,0,1,2,2,1,2,2,1,2,2,2,0,0,0,2,2,1,2,1,1,2,2,1,0,2,0,1,1,2,2,1,1,1,0,0,0,0,1,1,0,0,1,0,1,0,0,1
Best fitness found so far: -36.0; distance: 15.620499351813308
Generation: 37; 
d: 16.1245154965971; energy: -36.0; 1,1,0,1,2,2,0,2,2,1,0,1,0,1,1,0,2,2,2,2,2,0,1,2,1,1,2,2,1,0,0,2,0,1,2,0,0,0,1,0,0,0,1,1,0,1,2,1,2,2,1,0,0,2,2,2,2,2,0,2,2,0,1,0,0,0,2,1,1,1,1,2,2,2,1,2,1,1,1,2,1,1,0,0,2,0,1,0,2,2,2,1,1,1,2,1,1
Best fitness found so far: -36.0; distance: 15.620499351813308
Generation: 38; 
d: 15.811388300841896; energy: -35.0; 0,0,2,1,2,1,2,0,2,0,0,0,1,0,2,2,0,0,1,0,0,1,2,1,2,0,2,2,1,2,0,2,2,0,2,0,2,2,1,1,1,0,0,0,2,0,1,0,0,2,0,1,2,2,1,2,2,1,1,2,1,2,2,2,0,2,2,2,2,1,0,0,1,0,1,1,0,1,0,2,2,0,2,2,2,2,2,2,0,0,2,1,2,2,1,2,2
Best fitness found so far: -36.0; distance: 15.620499351813308
Generation: 39; 
d: 15.652475842498529; energy: -36.0; 2,1,2,2,2,2,2,0,2,2,0,0,1,0,2,2,0,0,1,0,0,1,2,1,2,0,2,2,1,2,2,2,2,0,2,1,2,2,1,1,1,0,0,0,2,0,1,0,0,2,0,1,2,2,1,2,2,1,1,2,1,1,0,1,1,2,1,1,1,0,0,1,1,0,0,0,0,0,0,2,1,1,0,0,2,0,0,1,1,0,2,2,0,0,2,0,0
Best fitness found so far: -36.0; distance: 15.620499351813308
Generation: 40; 
d: 17.029386365926403; energy: -37.0; 0,2,0,1,2,2,0,0,2,2,0,0,1,0,2,2,0,0,1,0,0,1,2,1,2,0,2,2,1,2,2,2,2,0,2,0,2,2,1,1,1,0,0,0,2,2,1,0,0,2,0,1,2,2,1,0,2,1,1,2,1,1,0,1,1,2,1,1,1,0,0,1,1,0,0,0,0,0,0,2,1,1,0,0,2,0,0,1,1,0,1,2,0,0,0,0,0
Best fitness found so far: -37.0; distance: 17.029386365926403
Generation: 41; 
d: 17.4928556845359; energy: -37.0; 0,2,0,1,2,2,0,0,2,2,0,0,1,0,2,2,0,0,1,0,0,1,2,1,2,0,2,2,1,2,2,2,2,0,2,0,2,2,1,1,1,0,0,0,2,2,1,0,0,2,0,1,2,2,1,0,2,1,1,2,1,1,0,1,1,2,1,1,1,0,0,1,1,0,0,0,0,0,0,2,1,1,0,0,2,0,0,1,1,0,2,2,0,0,0,0,0
Best fitness found so far: -37.0; distance: 17.029386365926403
Generation: 42; 
d: 16.401219466856727; energy: -36.0; 0,2,0,1,2,2,0,0,2,2,0,0,1,0,2,2,0,0,1,0,0,1,2,1,2,0,2,2,1,2,2,2,2,0,2,0,2,2,1,1,1,0,0,0,2,0,1,0,0,2,0,1,2,2,1,2,2,1,1,2,1,0,0,0,2,2,1,2,1,1,2,2,1,0,2,0,1,1,2,2,1,1,1,0,0,0,1,0,2,0,1,0,0,0,0,0,0
Best fitness found so far: -37.0; distance: 17.029386365926403
Generation: 43; 
d: 16.1245154965971; energy: -37.0; 0,2,0,1,2,2,0,0,0,0,0,0,2,1,2,1,0,0,1,1,2,2,2,0,0,0,2,1,2,2,0,1,2,2,0,1,1,2,1,1,1,0,0,0,2,0,1,0,0,2,0,1,2,2,1,2,2,1,1,2,1,2,2,2,0,2,2,2,2,1,0,0,1,0,1,1,0,1,0,2,2,0,2,2,2,2,2,2,0,0,2,1,2,2,1,2,2
Best fitness found so far: -37.0; distance: 17.029386365926403
Generation: 44; 
d: 16.64331697709324; energy: -38.0; 2,1,2,2,2,2,2,0,2,2,0,0,1,0,2,2,0,0,1,0,0,2,2,1,2,0,2,2,1,2,2,2,2,0,2,0,2,2,1,1,1,0,0,0,2,0,1,0,0,2,0,1,2,2,1,2,2,1,1,2,1,2,1,2,1,2,0,0,1,0,0,2,0,0,0,0,1,1,0,0,1,1,2,2,2,2,2,2,0,0,2,2,2,2,2,2,1
Best fitness found so far: -38.0; distance: 16.64331697709324
Generation: 45; 
d: 16.64331697709324; energy: -38.0; 2,1,2,2,2,2,2,0,2,2,0,0,1,0,2,2,0,0,1,0,0,2,2,1,2,0,2,2,1,2,2,2,2,0,2,0,2,2,1,1,1,0,0,0,2,0,1,0,0,2,0,1,2,2,1,2,2,1,1,2,1,2,1,2,1,2,0,0,1,0,0,2,0,0,0,0,1,1,0,0,1,1,2,2,2,2,2,2,0,0,2,2,2,2,2,2,1
Best fitness found so far: -38.0; distance: 16.64331697709324
Generation: 46; 
d: 17.88854381999832; energy: -38.0; 0,2,2,2,2,2,2,0,2,2,0,0,1,0,2,2,0,0,1,0,0,2,2,1,2,0,2,2,1,2,2,2,2,0,2,0,2,2,1,1,1,0,0,0,2,0,1,0,0,2,0,1,2,2,1,2,2,1,1,2,1,2,1,2,1,2,0,0,1,0,0,2,0,0,0,0,1,1,0,0,1,1,2,2,2,2,2,2,0,0,2,2,2,2,2,2,1
Best fitness found so far: -38.0; distance: 16.64331697709324
Generation: 47; 
d: 15.811388300841896; energy: -36.0; 1,1,1,2,1,1,2,2,1,0,0,0,1,0,2,2,0,0,1,0,0,1,2,1,2,0,2,2,1,2,2,2,2,0,2,0,2,2,1,1,1,0,0,0,2,0,1,0,0,2,0,1,2,2,1,0,2,1,1,2,1,1,0,1,1,2,1,1,1,0,0,1,1,0,0,0,0,0,0,2,1,1,0,0,2,0,0,0,1,0,2,2,0,0,0,0,0
Best fitness found so far: -38.0; distance: 16.64331697709324
Generation: 48; 
d: 17.029386365926403; energy: -37.0; 0,2,0,1,2,2,0,0,2,2,0,0,1,0,2,2,0,0,1,0,0,1,2,1,2,0,2,2,1,2,2,2,2,0,2,0,2,2,1,1,1,0,0,0,2,2,1,0,0,2,0,1,2,2,1,0,2,1,1,2,1,1,0,1,1,2,1,1,1,0,0,1,1,0,0,0,0,0,0,2,1,1,0,0,2,0,0,1,1,0,1,1,0,0,0,0,0
Best fitness found so far: -38.0; distance: 16.64331697709324
Generation: 49; 
d: 16.64331697709324; energy: -38.0; 2,1,2,2,1,2,2,0,2,2,0,0,1,0,2,2,0,0,1,0,0,2,2,1,2,0,2,2,1,2,2,2,2,0,2,0,2,2,1,1,1,0,0,0,2,0,1,0,0,2,1,1,2,2,1,2,2,1,1,2,1,2,1,2,1,2,0,0,1,0,0,2,0,0,0,0,1,1,0,0,1,1,2,2,2,2,2,2,0,0,2,2,2,2,2,2,1
Best fitness found so far: -38.0; distance: 16.64331697709324
Generation: 50; 
d: 16.64331697709324; energy: -38.0; 2,1,2,2,2,2,2,0,2,2,0,0,1,0,2,2,0,0,1,0,0,2,2,1,2,0,2,2,1,2,2,2,2,0,2,0,2,2,1,1,1,0,0,0,2,0,1,0,0,2,0,1,2,2,1,2,2,1,1,2,1,2,1,2,1,2,0,0,1,0,0,2,0,0,0,0,1,1,0,0,1,1,2,2,2,2,2,2,0,0,2,2,2,2,2,2,1
Best fitness found so far: -38.0; distance: 16.64331697709324
Generation: 51; 
d: 16.64331697709324; energy: -38.0; 2,1,2,2,1,2,2,0,2,2,0,0,1,0,2,2,0,0,1,0,0,2,2,1,2,0,2,2,1,2,2,2,2,0,2,0,2,2,1,1,1,0,0,0,2,0,1,0,0,2,1,1,2,2,1,2,2,1,1,2,1,2,1,2,1,2,0,0,1,0,0,2,0,0,0,0,1,1,0,0,1,1,2,2,2,2,2,2,0,0,2,2,2,2,2,2,1
Best fitness found so far: -38.0; distance: 16.64331697709324
Generation: 52; 
d: 18.867962264113206; energy: -38.0; 0,2,0,1,2,2,0,0,2,2,0,0,1,0,2,2,0,0,1,0,0,1,2,1,2,0,2,2,1,2,2,2,2,0,0,0,2,2,1,1,1,0,0,0,2,0,1,0,0,2,0,0,2,2,1,2,2,1,1,2,1,2,1,2,1,2,0,0,1,0,0,2,0,0,0,0,1,1,0,0,1,1,2,2,2,2,2,2,0,0,2,2,2,2,2,2,1
Best fitness found so far: -38.0; distance: 16.64331697709324
Generation: 53; 
d: 16.64331697709324; energy: -38.0; 2,1,2,2,2,2,2,0,2,2,0,0,1,0,2,2,0,0,1,0,0,1,0,1,2,0,1,2,1,2,0,2,2,0,2,0,2,2,1,1,1,0,0,0,2,0,1,0,0,2,0,0,2,2,1,2,2,1,1,2,1,2,1,2,1,2,0,0,1,0,0,2,0,0,0,0,1,1,0,0,1,1,2,2,2,2,2,2,0,0,2,2,2,2,2,2,1
Best fitness found so far: -38.0; distance: 16.64331697709324
Generation: 54; 
d: 16.64331697709324; energy: -38.0; 2,1,2,2,1,2,0,0,2,2,0,0,1,0,2,2,0,0,1,0,0,2,2,1,2,0,2,2,1,2,2,2,2,0,2,0,2,2,1,1,1,0,0,0,2,0,1,0,0,2,1,1,2,2,1,2,2,1,1,2,1,2,1,2,1,2,0,0,1,0,0,2,0,0,0,0,1,1,0,0,1,1,2,2,2,2,2,2,0,0,2,2,2,2,2,2,1
Best fitness found so far: -38.0; distance: 16.64331697709324
Generation: 55; 
d: 18.867962264113206; energy: -38.0; 0,2,0,1,2,2,0,0,2,2,0,0,1,0,2,2,0,0,1,0,0,1,2,1,2,0,2,2,1,2,2,2,2,0,2,0,2,2,1,1,1,0,0,0,2,0,1,0,0,2,0,1,2,2,1,2,2,1,1,2,1,2,1,2,1,2,0,0,1,0,0,2,0,0,0,0,1,1,0,0,1,1,2,2,2,2,2,2,0,0,2,2,2,2,2,2,1
Best fitness found so far: -38.0; distance: 16.64331697709324
Generation: 56; 
d: 18.867962264113206; energy: -38.0; 0,2,0,1,2,2,0,0,2,2,0,0,1,0,2,2,0,0,1,0,0,1,2,1,2,0,2,2,1,2,2,2,2,0,2,0,2,2,1,1,1,0,0,0,2,0,1,0,0,2,0,1,2,2,1,2,2,1,1,2,1,2,1,2,1,2,0,0,1,0,0,2,0,0,0,0,1,1,0,0,1,1,2,2,2,2,2,2,0,0,2,2,2,2,2,2,1
Best fitness found so far: -38.0; distance: 16.64331697709324
Generation: 57; 
d: 16.64331697709324; energy: -38.0; 2,1,2,2,2,2,2,0,2,2,0,0,1,0,2,2,0,0,1,0,0,1,2,1,2,0,2,2,1,2,2,2,2,0,2,1,2,2,1,1,1,0,0,0,2,0,1,0,0,2,0,0,2,2,1,2,2,1,1,2,1,2,1,2,1,2,0,0,1,0,0,2,0,0,0,0,1,1,0,0,1,1,2,2,2,2,2,2,0,0,2,2,2,2,2,2,1
Best fitness found so far: -38.0; distance: 16.64331697709324
Generation: 58; 
d: 18.35755975068582; energy: -38.0; 0,0,0,1,2,2,0,0,2,2,0,0,1,0,2,2,0,0,1,0,0,1,2,1,2,0,2,2,1,2,2,2,2,0,2,0,2,2,1,2,1,0,0,0,2,2,1,0,0,2,0,1,2,2,1,0,2,1,1,2,1,2,1,2,1,2,0,0,1,0,0,2,0,0,0,0,1,1,0,0,1,1,2,2,2,2,2,2,0,0,2,2,2,2,2,2,1
Best fitness found so far: -38.0; distance: 16.64331697709324
Generation: 59; 
d: 16.64331697709324; energy: -38.0; 2,1,2,2,2,2,2,0,2,2,0,0,1,0,2,2,0,0,1,0,0,1,2,1,2,0,2,2,1,2,2,2,2,0,2,0,2,2,1,1,1,0,0,0,2,0,1,0,0,2,0,1,2,2,1,2,2,1,1,2,1,2,1,2,1,2,0,0,1,0,0,2,0,0,0,0,1,1,0,0,1,1,2,2,2,2,2,2,0,0,2,2,2,2,2,2,1
Best fitness found so far: -38.0; distance: 16.64331697709324
Generation: 60; 
d: 16.64331697709324; energy: -38.0; 2,1,2,2,0,2,2,0,2,2,0,0,1,0,2,2,0,0,1,0,0,1,2,1,2,0,2,2,1,2,2,2,2,0,2,0,2,2,1,1,1,0,0,1,2,0,1,0,0,2,0,0,2,2,1,2,2,1,1,2,1,2,1,2,1,2,0,0,1,0,0,2,0,0,0,0,1,1,0,0,1,1,2,2,2,2,2,2,0,0,2,2,2,2,2,2,1
Best fitness found so far: -38.0; distance: 16.64331697709324
Generation: 61; 
d: 16.64331697709324; energy: -38.0; 2,1,2,2,2,2,2,0,2,2,0,0,1,0,2,2,0,0,1,0,0,2,2,1,2,0,2,2,1,2,2,2,2,0,2,0,2,2,1,1,1,0,0,0,2,0,1,0,0,2,0,1,2,2,1,0,2,1,1,2,1,2,1,2,1,2,0,0,1,0,0,2,0,0,0,0,1,1,0,0,1,1,2,2,2,2,2,2,0,0,2,2,2,2,2,2,1
Best fitness found so far: -38.0; distance: 16.64331697709324
Generation: 62; 
d: 16.64331697709324; energy: -38.0; 2,1,2,2,2,2,2,0,2,2,0,0,1,0,2,2,0,0,1,0,0,2,2,1,2,0,2,2,1,2,0,2,2,0,2,0,2,2,1,1,1,0,0,0,2,0,1,0,0,1,0,1,2,2,1,2,2,1,1,2,1,2,1,2,1,2,0,0,1,0,0,2,0,0,0,0,1,1,0,0,1,1,2,2,2,2,2,2,0,0,2,2,2,2,2,2,1
Best fitness found so far: -38.0; distance: 16.64331697709324
Generation: 63; 
d: 16.64331697709324; energy: -38.0; 2,1,2,2,2,2,2,0,2,2,0,0,1,0,2,2,0,0,1,0,0,1,2,1,2,0,2,2,1,2,2,2,2,0,2,0,2,2,1,1,1,0,0,0,2,0,1,0,0,2,0,1,2,2,1,2,2,1,1,2,1,2,1,2,1,2,0,0,1,0,0,2,0,0,0,0,1,1,0,0,1,1,2,2,2,2,2,2,0,0,2,2,2,2,2,2,1
Best fitness found so far: -38.0; distance: 16.64331697709324
Generation: 64; 
d: 16.64331697709324; energy: -38.0; 2,1,2,2,2,2,2,0,2,2,0,0,1,0,2,2,0,0,1,0,0,1,2,1,2,0,2,2,1,2,2,2,2,0,2,0,2,2,1,1,1,0,0,0,2,0,1,0,0,2,0,1,2,2,1,2,2,1,1,2,1,2,1,2,1,2,0,0,1,0,0,2,0,0,0,0,1,1,0,0,1,1,2,2,2,2,2,2,0,0,2,2,2,2,2,2,1
Best fitness found so far: -38.0; distance: 16.64331697709324
Generation: 65; 
d: 16.64331697709324; energy: -38.0; 2,1,2,2,2,2,2,0,2,2,0,0,1,0,2,2,0,0,1,0,0,2,2,1,2,0,2,2,1,2,2,2,2,0,2,0,2,2,1,1,1,0,0,0,2,0,1,0,0,2,0,1,2,2,1,2,2,1,1,2,1,2,1,2,1,2,0,0,1,0,0,2,0,0,0,0,1,1,0,0,1,1,2,2,2,2,2,2,0,0,2,2,2,2,2,2,1
Best fitness found so far: -38.0; distance: 16.64331697709324
Generation: 66; 
d: 16.64331697709324; energy: -38.0; 2,1,2,2,2,2,2,0,2,2,0,0,1,0,2,2,0,0,1,0,0,1,2,1,2,0,2,2,1,2,2,2,2,0,2,0,2,2,1,1,1,0,0,0,2,2,1,0,0,2,0,1,2,2,1,0,2,1,1,2,1,2,1,2,1,2,0,0,1,0,0,2,0,0,0,0,1,1,0,0,1,1,2,2,2,2,2,2,0,0,2,2,2,2,2,2,1
Best fitness found so far: -38.0; distance: 16.64331697709324
Generation: 67; 
d: 16.64331697709324; energy: -38.0; 2,1,2,2,2,2,2,0,2,2,0,0,1,0,2,2,0,0,1,0,0,1,2,1,2,0,2,2,1,2,0,2,2,0,2,0,2,2,1,1,1,0,0,0,2,0,1,0,0,2,0,1,2,2,1,2,2,1,1,2,1,2,1,2,1,2,0,0,1,0,0,2,0,0,0,0,1,1,0,0,1,1,2,2,2,2,2,2,0,0,2,2,2,2,2,2,1
Best fitness found so far: -38.0; distance: 16.64331697709324
Generation: 68; 
d: 15.811388300841896; energy: -39.0; 0,2,0,1,2,2,0,2,2,1,0,1,0,1,2,1,0,0,1,1,2,2,2,0,0,0,2,1,2,2,0,1,2,2,0,1,1,2,1,1,1,0,0,0,2,0,1,0,0,1,0,1,0,2,1,0,2,1,1,2,1,1,0,1,1,2,1,1,1,0,0,1,1,0,0,0,0,0,0,2,1,1,0,0,2,0,0,1,1,0,1,2,0,0,0,0,0
Best fitness found so far: -39.0; distance: 15.811388300841896
Generation: 69; 
d: 17.029386365926403; energy: -40.0; 0,2,0,1,2,2,0,2,2,1,0,1,0,1,2,1,0,0,1,1,2,2,2,0,0,0,2,0,2,2,1,1,2,2,0,1,1,2,1,1,1,0,0,0,2,0,1,0,0,2,0,1,2,2,1,2,2,1,1,2,1,2,1,2,1,2,0,0,1,0,0,2,0,0,0,0,1,1,0,0,1,1,2,2,2,2,2,2,0,0,2,2,2,2,2,2,1
Best fitness found so far: -40.0; distance: 17.029386365926403
Generation: 70; 
d: 17.029386365926403; energy: -40.0; 0,2,0,1,2,2,0,2,2,1,0,1,0,1,2,1,0,0,1,1,2,2,2,0,0,0,2,1,2,2,0,1,2,2,0,1,1,2,1,1,1,0,0,0,2,0,1,0,0,1,0,1,2,2,1,0,2,1,1,2,1,2,1,2,1,2,0,0,1,0,0,2,0,0,0,0,1,1,0,0,1,1,2,2,2,2,2,2,0,0,2,2,2,2,2,2,1
Best fitness found so far: -40.0; distance: 17.029386365926403
Generation: 71; 
d: 17.029386365926403; energy: -40.0; 0,2,0,1,2,2,0,2,2,2,0,1,0,1,2,1,0,0,1,1,2,2,2,0,0,0,2,1,2,2,1,1,2,2,0,1,1,2,1,1,1,0,0,0,2,0,1,0,0,2,0,1,2,2,1,2,2,1,1,2,1,2,1,2,1,2,0,0,1,0,0,2,0,0,0,0,1,1,0,0,1,1,2,2,2,2,2,2,0,0,2,2,2,2,2,2,1
Best fitness found so far: -40.0; distance: 17.029386365926403
Generation: 72; 
d: 17.029386365926403; energy: -40.0; 0,2,0,1,2,2,0,2,2,1,0,1,0,1,2,1,0,0,1,1,2,2,2,0,0,0,2,1,2,2,0,1,2,2,0,1,1,2,1,1,1,0,0,0,2,0,1,0,0,0,0,1,2,2,1,0,2,1,1,2,1,2,1,2,1,2,0,0,1,0,0,2,0,0,0,0,1,1,0,0,1,1,2,2,2,2,2,1,0,0,2,2,2,2,2,2,1
Best fitness found so far: -40.0; distance: 17.029386365926403
Generation: 73; 
d: 17.029386365926403; energy: -40.0; 2,1,0,1,2,2,0,2,2,1,0,1,0,1,2,1,0,0,1,1,2,2,2,0,0,0,2,1,2,2,0,1,2,2,0,1,1,2,1,1,1,0,0,0,2,0,1,0,0,2,0,1,2,2,1,0,2,1,1,2,1,2,1,2,1,2,0,0,1,0,0,2,0,0,0,0,1,1,0,0,1,1,2,2,2,2,2,2,0,0,2,2,2,2,2,2,1
Best fitness found so far: -40.0; distance: 17.029386365926403
Generation: 74; 
d: 17.029386365926403; energy: -40.0; 0,2,0,1,2,2,0,2,2,0,0,1,0,1,2,1,0,0,1,1,2,2,2,0,0,0,2,1,2,2,1,1,2,2,0,1,1,2,1,1,1,0,0,0,2,0,1,0,0,2,0,0,2,2,1,2,2,1,1,2,1,2,1,2,1,2,0,0,1,0,0,2,0,0,0,0,1,1,1,0,1,1,2,2,2,2,2,2,0,0,2,2,2,2,2,2,1
Best fitness found so far: -40.0; distance: 17.029386365926403
Generation: 75; 
d: 17.029386365926403; energy: -40.0; 2,1,0,1,2,2,2,2,2,1,0,0,0,1,2,1,0,0,1,1,2,2,2,0,0,0,2,1,2,2,0,1,2,2,0,1,1,2,1,1,1,0,0,0,2,0,1,0,0,1,0,1,2,2,1,2,2,1,1,2,1,2,1,2,1,2,0,0,1,0,0,2,0,0,0,0,1,1,0,0,1,1,2,2,2,2,2,2,0,0,2,2,2,2,2,2,1
Best fitness found so far: -40.0; distance: 17.029386365926403
Generation: 76; 
d: 17.029386365926403; energy: -40.0; 2,1,0,1,2,2,0,2,2,1,0,1,0,1,2,1,0,0,1,1,2,2,2,0,0,0,2,1,2,2,0,1,2,2,0,1,1,2,1,1,1,0,0,0,2,0,1,0,0,0,0,1,2,2,1,2,2,1,1,2,1,2,1,2,1,2,0,0,1,0,0,2,0,0,0,0,1,1,0,0,1,1,2,2,2,2,2,2,0,0,2,2,2,2,2,2,1
Best fitness found so far: -40.0; distance: 17.029386365926403
Generation: 77; 
d: 16.401219466856727; energy: -40.0; 2,2,0,1,2,2,0,2,2,1,0,1,0,1,2,1,0,0,1,1,2,2,2,0,0,0,2,0,2,2,1,1,2,2,0,1,1,2,1,1,1,0,0,2,2,0,1,0,0,2,0,1,2,2,1,2,2,1,1,2,1,2,1,2,1,2,0,0,1,0,0,2,0,0,0,0,1,2,0,0,1,1,2,2,2,2,2,2,0,0,2,2,2,2,2,2,1
Best fitness found so far: -40.0; distance: 17.029386365926403
Generation: 78; 
d: 15.231546211727817; energy: -40.0; 1,2,0,1,2,2,0,2,2,1,0,1,0,1,2,1,0,0,1,1,2,2,2,0,0,0,2,1,2,2,2,1,2,2,0,1,1,2,1,1,1,0,0,0,2,0,1,0,0,2,0,1,2,2,1,0,2,1,1,2,1,1,0,1,1,2,1,1,1,0,0,1,1,0,0,0,0,1,2,2,1,2,0,0,0,0,1,0,2,1,1,0,0,0,0,0,0
Best fitness found so far: -40.0; distance: 17.029386365926403
Generation: 79; 
d: 15.0; energy: -40.0; 2,1,0,1,2,2,0,2,2,1,0,1,0,1,2,1,0,0,1,1,2,2,2,0,0,0,2,1,2,2,0,1,2,2,1,1,1,2,1,1,1,0,0,0,2,0,1,0,0,2,0,0,2,2,1,2,2,1,1,2,1,1,0,1,1,2,1,1,1,0,0,1,1,0,0,0,0,1,1,2,1,2,0,0,2,0,0,1,2,1,1,0,0,0,0,0,0
Best fitness found so far: -40.0; distance: 17.029386365926403
Generation: 80; 
d: 14.7648230602334; energy: -41.0; 2,2,0,1,2,2,0,2,2,1,0,1,0,1,2,1,0,0,1,1,2,2,2,0,0,0,2,1,2,2,0,1,2,2,0,1,1,2,1,0,1,0,0,0,2,0,1,0,0,2,0,1,2,2,1,2,2,1,1,2,1,0,0,0,2,2,1,2,1,1,2,2,1,1,1,1,1,1,0,0,1,1,2,2,2,2,1,2,0,0,2,1,2,2,1,1,2
Best fitness found so far: -41.0; distance: 14.7648230602334
Generation: 81; 
d: 15.0; energy: -40.0; 2,1,0,1,2,2,2,2,2,1,0,1,0,1,2,1,0,0,1,1,2,2,0,0,0,0,2,1,2,2,0,1,2,2,0,1,1,2,1,1,1,0,0,0,2,0,1,0,0,2,0,1,2,2,1,0,2,1,1,2,1,1,0,1,1,2,1,1,1,0,0,1,1,0,0,0,1,1,1,2,1,2,0,0,2,0,0,1,0,0,2,2,2,2,2,2,1
Best fitness found so far: -41.0; distance: 14.7648230602334
Generation: 82; 
d: 15.652475842498529; energy: -41.0; 2,1,0,1,2,2,0,2,2,1,0,1,0,1,2,1,0,0,1,1,2,2,2,0,0,0,2,1,2,2,0,1,2,2,0,1,1,2,1,0,1,0,0,0,2,0,1,0,0,2,0,1,2,2,1,2,2,1,1,2,1,0,0,0,2,2,1,2,1,1,2,2,1,1,1,1,1,1,0,0,1,1,2,2,2,2,1,2,0,0,2,1,2,2,1,1,2
Best fitness found so far: -41.0; distance: 14.7648230602334
Generation: 83; 
d: 15.652475842498529; energy: -41.0; 0,2,0,1,2,2,0,2,2,1,0,1,0,1,2,1,0,0,1,1,2,2,2,0,0,0,2,1,2,2,0,1,2,2,0,1,1,2,1,0,1,0,0,0,2,0,1,0,0,2,0,1,2,2,1,2,2,1,1,2,1,0,0,0,2,2,1,2,1,1,2,2,1,1,1,1,1,1,0,0,1,1,2,2,2,2,1,2,0,0,2,1,2,2,1,1,2
Best fitness found so far: -41.0; distance: 14.7648230602334
Generation: 84; 
d: 15.652475842498529; energy: -41.0; 2,1,0,1,2,2,0,2,2,1,0,1,0,1,2,1,0,0,1,1,2,2,2,0,0,0,2,1,2,2,0,1,2,2,0,1,1,2,1,1,1,0,0,0,2,0,1,0,0,2,0,0,2,2,1,0,2,1,1,2,1,0,0,0,2,2,1,2,1,1,2,2,1,1,1,1,1,1,0,0,0,1,2,2,2,2,1,2,2,1,1,1,0,0,0,0,0
Best fitness found so far: -41.0; distance: 14.7648230602334
Generation: 85; 
d: 15.231546211727817; energy: -41.0; 0,1,0,1,2,2,2,2,2,1,0,1,0,1,2,1,0,0,1,1,2,2,2,0,0,0,2,1,2,2,1,1,2,2,0,1,1,2,1,1,1,0,0,0,2,0,1,0,0,2,0,1,2,2,1,2,2,1,1,2,1,0,0,0,2,2,1,2,1,1,2,2,1,1,1,1,1,1,0,0,1,1,2,2,2,2,1,2,0,0,2,1,2,2,1,1,2
Best fitness found so far: -41.0; distance: 14.7648230602334
Generation: 86; 
d: 15.652475842498529; energy: -41.0; 2,1,0,1,2,2,0,2,2,1,0,1,0,1,2,1,0,0,1,1,2,2,2,0,0,0,2,1,2,2,0,1,2,2,0,1,1,2,1,0,1,0,0,0,2,0,1,0,0,2,0,1,2,2,1,2,2,1,1,2,1,0,0,0,2,2,1,2,1,1,2,2,1,1,1,1,1,1,0,0,1,1,2,2,2,2,1,2,0,0,2,1,2,2,1,1,2
Best fitness found so far: -41.0; distance: 14.7648230602334
Generation: 87; 
d: 15.652475842498529; energy: -41.0; 2,1,0,1,2,2,0,2,2,1,0,1,0,1,2,1,0,0,1,1,2,2,2,0,0,0,2,1,2,2,0,1,2,2,0,1,1,2,1,0,1,0,0,0,2,0,1,0,0,2,0,1,2,2,1,2,2,1,1,2,1,0,0,0,2,2,1,2,1,1,2,2,1,1,1,1,1,1,0,0,1,1,2,2,2,2,1,2,0,0,2,1,2,2,1,1,2
Best fitness found so far: -41.0; distance: 14.7648230602334
Generation: 88; 
d: 14.866068747318506; energy: -41.0; 2,0,0,1,2,2,0,2,2,1,0,1,0,1,2,1,0,0,1,1,2,2,2,0,0,0,2,0,2,2,0,1,2,2,0,1,1,2,1,1,1,0,0,0,2,0,1,0,0,1,0,0,2,2,1,0,2,1,1,2,1,0,0,0,2,2,1,2,1,1,2,2,1,1,1,1,1,1,0,0,0,1,2,2,2,2,1,2,2,1,1,1,0,0,0,0,0
Best fitness found so far: -41.0; distance: 14.7648230602334
Generation: 89; 
d: 15.297058540778355; energy: -41.0; 0,2,0,1,1,2,0,2,2,0,0,1,0,1,2,1,0,0,1,1,2,2,2,0,0,0,2,1,2,2,0,1,2,2,0,1,1,2,1,1,1,0,0,0,2,0,1,0,0,0,0,1,2,2,1,0,2,1,1,2,1,0,0,0,2,2,1,2,1,1,2,2,1,1,1,1,1,1,0,0,0,1,2,2,0,2,1,2,2,1,1,1,0,0,0,0,0
Best fitness found so far: -41.0; distance: 14.7648230602334
Generation: 90; 
d: 15.264337522473747; energy: -41.0; 1,2,0,1,2,2,0,2,2,0,0,1,0,1,2,1,0,0,1,1,2,2,2,0,0,0,2,1,2,2,0,1,2,2,0,1,1,2,1,0,1,0,0,0,2,0,1,0,0,2,0,1,2,2,1,2,2,1,1,2,1,0,0,0,2,2,1,2,1,1,2,2,1,1,1,1,1,1,0,0,1,1,2,2,2,2,1,2,0,0,2,1,2,2,1,1,2
Best fitness found so far: -41.0; distance: 14.7648230602334
Generation: 91; 
d: 14.7648230602334; energy: -41.0; 2,2,0,1,2,2,0,2,2,1,0,1,0,1,2,1,0,0,1,1,2,2,2,0,0,0,2,1,2,2,0,1,2,2,1,1,1,2,1,1,1,0,0,0,2,2,1,0,0,2,0,1,2,2,1,1,2,1,1,2,1,2,0,0,2,2,1,2,1,1,2,2,1,1,1,1,1,1,0,0,0,1,2,2,2,2,1,2,2,1,1,1,0,0,0,0,0
Best fitness found so far: -41.0; distance: 14.7648230602334
Generation: 92; 
d: 14.7648230602334; energy: -41.0; 2,2,0,1,2,2,0,2,2,1,0,1,0,1,2,1,0,0,1,1,2,2,2,0,0,0,2,1,2,2,0,1,2,2,0,1,1,2,1,0,1,0,0,0,2,0,1,0,0,2,0,1,2,2,1,0,2,1,1,2,1,0,0,0,2,2,1,2,1,1,2,2,1,1,1,1,1,1,0,0,1,1,2,2,2,2,1,2,0,0,2,1,2,2,1,1,2
Best fitness found so far: -41.0; distance: 14.7648230602334
Generation: 93; 
d: 14.7648230602334; energy: -41.0; 2,2,0,1,2,2,0,2,2,1,0,1,0,1,2,1,0,0,1,1,2,2,2,0,0,0,2,1,2,2,1,1,2,2,2,1,1,2,1,1,1,0,0,0,2,0,1,0,0,1,0,1,2,2,1,1,2,1,1,2,1,0,0,0,2,2,1,2,1,1,2,2,1,1,1,1,1,1,0,0,1,1,2,2,2,2,1,2,0,0,2,1,2,2,1,1,2
Best fitness found so far: -41.0; distance: 14.7648230602334
Generation: 94; 
d: 14.866068747318506; energy: -41.0; 2,0,0,1,2,2,2,2,2,1,0,1,0,1,2,1,0,0,1,1,2,2,2,0,0,0,2,1,2,2,1,1,2,2,0,1,1,2,1,1,1,0,0,0,2,0,1,0,0,1,0,1,2,2,1,0,2,1,1,2,1,2,0,0,2,2,1,2,1,1,2,2,1,1,1,1,1,1,0,0,1,1,2,2,2,2,1,2,2,1,1,1,0,0,0,0,0
Best fitness found so far: -41.0; distance: 14.7648230602334
Generation: 95; 
d: 14.317821063276353; energy: -41.0; 1,0,0,0,2,2,0,2,2,1,0,1,0,1,2,1,0,0,1,1,2,2,2,0,0,0,2,1,2,2,0,1,2,2,0,1,1,2,1,1,1,0,0,0,2,0,1,0,0,1,0,1,2,2,1,1,2,1,1,2,1,0,0,0,2,2,1,2,1,1,2,2,1,1,1,1,1,1,0,0,1,1,2,2,2,2,1,2,0,0,2,1,2,2,1,1,2
Best fitness found so far: -41.0; distance: 14.7648230602334
Generation: 96; 
d: 14.866068747318506; energy: -41.0; 2,0,0,1,2,2,2,2,2,1,0,1,0,1,2,1,0,0,1,1,1,2,2,0,0,0,2,1,2,2,0,1,2,2,0,1,1,2,1,1,1,0,0,2,2,0,1,0,0,2,0,1,2,2,1,2,2,1,1,2,1,0,0,0,2,2,1,2,1,1,2,2,1,1,1,1,1,1,0,0,1,1,2,2,2,2,1,2,0,0,2,1,2,2,1,1,2
Best fitness found so far: -41.0; distance: 14.7648230602334
Generation: 97; 
d: 15.652475842498529; energy: -41.0; 2,1,0,1,2,2,0,2,2,2,0,1,0,1,2,1,0,0,0,1,2,2,2,0,0,0,2,1,2,2,2,1,2,2,0,1,1,2,1,0,1,0,0,0,2,0,1,0,0,2,0,1,2,2,1,2,2,1,1,2,1,0,0,0,2,2,1,2,1,1,2,2,1,1,1,1,1,1,0,0,1,1,2,2,2,2,1,2,0,0,2,1,2,2,1,1,2
Best fitness found so far: -41.0; distance: 14.7648230602334
Generation: 98; 
d: 14.317821063276353; energy: -41.0; 1,0,0,1,2,2,2,2,2,1,0,1,0,1,2,1,0,0,1,1,2,2,2,0,0,0,2,1,2,2,0,1,2,2,0,1,1,2,1,1,1,0,0,0,2,0,1,0,0,0,0,1,2,2,1,0,2,1,1,2,1,0,0,0,2,2,1,2,1,1,2,2,1,1,1,1,0,1,0,0,1,1,2,2,2,2,1,2,2,1,1,1,0,0,0,0,0
Best fitness found so far: -41.0; distance: 14.7648230602334
Generation: 99; 
d: 14.317821063276353; energy: -41.0; 1,0,0,0,2,2,0,2,2,1,0,1,0,1,2,1,0,0,1,1,2,2,2,0,0,0,2,1,2,2,0,1,2,2,0,1,1,2,1,1,1,0,0,0,2,0,1,0,0,0,0,1,2,2,1,2,2,1,1,2,1,0,0,0,2,2,1,2,1,1,2,2,1,1,1,1,1,1,0,0,1,1,2,2,2,2,1,2,2,1,1,1,0,0,0,0,0
Best fitness found so far: -41.0; distance: 14.7648230602334
Generation: 100; 
d: 14.317821063276353; energy: -41.0; 1,0,0,0,2,2,0,2,2,1,0,1,0,1,2,1,0,0,1,1,1,2,0,0,0,0,2,1,2,2,0,1,2,2,0,1,1,2,1,1,1,0,0,0,2,0,1,0,0,1,0,1,2,2,1,1,2,1,1,2,1,0,0,0,2,2,1,2,1,1,2,2,1,1,1,1,1,1,0,0,0,1,2,2,2,2,1,2,0,0,2,1,2,2,1,1,2
Best fitness found so far: -41.0; distance: 14.7648230602334
Generation: 101; 
d: 14.317821063276353; energy: -41.0; 1,0,0,0,2,2,2,2,2,1,0,1,0,1,2,1,0,0,1,1,1,2,0,0,0,0,2,1,2,2,0,1,2,2,0,1,1,2,1,1,1,0,0,0,2,0,1,0,0,1,0,1,2,2,1,0,2,1,1,2,1,0,0,0,2,2,1,2,1,1,2,2,1,1,1,1,1,1,0,0,0,1,2,2,2,2,1,2,2,1,1,1,0,0,0,0,0
Best fitness found so far: -41.0; distance: 14.7648230602334
Generation: 102; 
d: 14.317821063276353; energy: -41.0; 1,0,0,1,2,2,2,2,2,1,0,0,0,1,2,1,0,0,1,1,2,2,2,0,0,0,0,1,2,2,0,1,2,2,0,1,1,2,1,0,1,0,0,0,2,0,1,0,0,0,0,1,2,2,1,0,2,1,1,2,1,0,0,0,2,2,1,2,1,1,2,2,1,1,1,1,0,1,0,0,1,1,2,2,2,2,1,2,2,0,1,1,0,0,0,0,0
Best fitness found so far: -41.0; distance: 14.7648230602334
Generation: 103; 
d: 14.317821063276353; energy: -41.0; 1,0,0,0,2,2,0,2,2,1,0,1,0,1,2,1,0,0,1,1,2,2,0,0,0,0,2,1,2,2,0,1,2,2,0,1,1,2,1,1,1,0,0,0,2,0,1,0,0,1,0,1,2,2,1,0,2,1,1,2,1,0,0,0,2,2,1,2,1,1,2,2,1,1,1,1,0,1,0,0,1,1,2,2,2,2,1,2,0,0,2,1,2,2,1,1,2
Best fitness found so far: -41.0; distance: 14.7648230602334
Generation: 104; 
d: 14.317821063276353; energy: -41.0; 1,0,0,0,2,2,0,2,2,1,0,1,0,1,2,1,0,0,1,1,2,2,2,0,0,0,2,1,2,2,0,1,2,2,0,1,1,2,1,0,1,0,0,0,2,0,1,0,0,2,0,1,2,2,1,2,2,1,1,2,1,0,0,0,2,2,1,2,1,1,2,2,1,1,1,1,1,1,0,0,1,1,2,2,2,2,1,2,0,0,2,1,2,2,2,1,2
Best fitness found so far: -41.0; distance: 14.7648230602334
Generation: 105; 
d: 14.317821063276353; energy: -41.0; 1,0,0,1,2,2,2,2,2,1,0,1,0,1,2,1,0,0,1,1,2,2,2,0,0,0,2,1,2,2,0,1,2,2,0,1,1,2,1,1,1,0,0,0,2,0,1,0,0,2,0,1,2,2,1,2,2,1,1,2,1,0,0,0,2,2,1,2,1,1,2,2,1,1,1,1,1,1,0,0,1,1,2,2,2,2,1,2,0,0,2,1,2,2,1,1,2
Best fitness found so far: -41.0; distance: 14.7648230602334
Generation: 106; 
d: 14.317821063276353; energy: -41.0; 1,0,0,0,2,2,0,2,2,1,0,1,0,1,2,1,0,0,0,1,2,2,2,0,0,0,2,1,2,2,2,1,2,2,0,1,1,2,1,0,1,0,0,0,2,0,1,0,0,2,0,1,2,2,1,0,2,1,1,2,1,0,0,0,2,2,1,2,1,1,2,2,1,1,1,1,1,1,0,0,1,1,2,2,2,2,1,2,0,0,2,1,2,2,1,1,2
Best fitness found so far: -41.0; distance: 14.7648230602334
Generation: 107; 
d: 14.317821063276353; energy: -41.0; 1,0,0,0,2,2,0,2,2,1,0,0,0,1,2,1,0,0,1,1,2,2,2,0,0,0,2,1,2,2,0,1,2,2,0,1,1,2,1,1,1,0,0,0,2,0,1,0,0,2,0,1,2,2,1,2,2,1,1,2,1,0,0,0,2,2,1,2,1,1,2,2,1,1,1,1,1,1,0,0,1,1,2,2,2,2,1,2,0,0,2,1,2,2,1,1,2
Best fitness found so far: -41.0; distance: 14.7648230602334
Generation: 108; 
d: 14.317821063276353; energy: -41.0; 1,0,0,1,2,2,2,2,2,2,0,1,0,1,2,1,0,0,1,1,2,2,2,0,0,0,2,1,2,2,0,1,2,2,0,1,1,2,1,1,1,0,0,0,2,0,1,0,0,1,0,0,2,2,1,0,2,1,1,2,1,0,0,0,2,2,1,2,1,1,2,2,1,1,1,1,1,1,0,0,1,1,2,2,2,2,1,0,2,1,1,1,0,0,0,0,0
Best fitness found so far: -41.0; distance: 14.7648230602334
Generation: 109; 
d: 14.317821063276353; energy: -41.0; 1,0,0,0,2,2,0,2,2,1,0,1,0,1,2,1,0,0,1,1,2,2,2,0,1,0,2,1,2,2,0,1,2,2,0,1,1,2,1,1,1,0,0,0,2,0,1,0,0,0,0,1,2,2,1,0,2,1,1,2,1,0,0,0,2,2,1,2,1,1,2,2,1,1,1,1,1,1,0,0,0,1,2,2,2,2,1,2,2,1,1,1,0,0,0,0,0
Best fitness found so far: -41.0; distance: 14.7648230602334
Generation: 110; 
d: 14.317821063276353; energy: -41.0; 1,0,0,1,2,2,0,2,2,1,0,0,0,1,2,1,0,0,1,1,2,2,2,0,0,0,2,1,2,2,0,1,2,2,0,1,1,2,1,1,1,0,0,0,2,2,1,0,0,2,0,1,2,2,1,2,2,1,1,2,1,0,0,0,2,2,1,2,1,1,2,2,1,1,1,1,1,1,0,0,1,1,2,2,2,2,1,2,0,1,2,1,2,2,1,1,2
Best fitness found so far: -41.0; distance: 14.7648230602334
Generation: 111; 
d: 14.317821063276353; energy: -41.0; 1,0,0,0,2,2,0,2,2,1,0,1,0,1,2,1,0,0,1,1,2,2,2,0,0,0,2,1,2,2,2,1,2,2,1,1,1,2,1,1,1,0,0,0,2,0,1,0,0,2,0,1,2,2,1,2,2,1,1,2,1,0,0,0,2,2,1,2,1,1,2,2,1,1,1,1,1,1,0,0,0,1,2,2,2,2,1,2,2,1,1,1,0,0,0,0,0
Best fitness found so far: -41.0; distance: 14.7648230602334
Generation: 112; 
d: 14.317821063276353; energy: -41.0; 1,0,0,1,2,2,2,2,2,1,0,1,0,1,2,1,0,0,1,1,2,2,2,0,1,0,2,1,2,2,0,1,2,2,1,1,1,2,1,1,1,0,0,0,2,0,1,0,0,2,0,1,2,2,1,1,2,1,1,2,1,0,0,0,2,2,1,2,1,1,2,2,1,1,1,1,1,1,0,0,1,1,2,2,2,2,1,2,0,0,2,1,2,2,1,1,2
Best fitness found so far: -41.0; distance: 14.7648230602334
Generation: 113; 
d: 14.317821063276353; energy: -41.0; 1,0,0,0,2,2,0,2,2,1,0,1,0,1,2,1,0,0,1,1,2,2,2,0,0,0,2,1,2,2,0,1,2,2,0,1,1,2,1,1,1,0,0,0,2,0,1,0,0,2,0,1,2,2,1,0,2,1,1,2,1,0,0,0,2,2,1,2,1,1,2,2,1,1,1,1,1,1,0,0,1,1,2,2,2,2,1,2,0,0,2,1,2,2,1,1,2
Best fitness found so far: -41.0; distance: 14.7648230602334
Generation: 114; 
d: 14.317821063276353; energy: -41.0; 1,0,0,1,2,2,0,2,2,1,0,1,0,0,2,1,0,0,1,1,2,2,2,0,0,0,2,1,2,2,0,1,2,2,0,1,1,2,1,1,1,0,0,0,2,0,1,0,0,1,0,1,2,2,1,1,2,1,1,2,1,0,0,0,2,2,1,2,1,1,2,2,1,1,1,1,1,1,0,0,1,1,2,2,2,2,1,2,0,0,2,1,2,2,1,1,2
Best fitness found so far: -41.0; distance: 14.7648230602334
Generation: 115; 
d: 14.317821063276353; energy: -41.0; 1,0,0,0,2,2,2,2,2,1,0,1,0,1,2,1,0,0,1,1,2,2,0,0,0,0,2,1,2,2,0,1,2,2,0,1,1,2,1,1,1,0,0,1,2,0,1,0,0,2,0,1,2,2,1,1,2,1,1,2,1,0,0,0,2,2,1,2,1,1,2,2,1,1,1,1,1,1,0,0,1,1,2,2,2,2,1,2,0,0,2,1,2,2,1,1,2
Best fitness found so far: -41.0; distance: 14.7648230602334
Generation: 116; 
d: 14.317821063276353; energy: -41.0; 1,0,0,1,2,2,2,2,2,1,0,0,0,1,2,1,0,0,1,1,2,2,2,0,0,0,0,1,2,2,0,1,2,2,1,1,1,2,1,1,1,0,0,0,2,0,1,0,0,2,0,1,2,2,1,2,2,1,1,2,1,0,0,0,2,2,1,2,1,1,2,2,1,1,1,1,0,1,0,0,1,1,2,2,2,2,1,2,2,1,1,1,0,0,0,0,0
Best fitness found so far: -41.0; distance: 14.7648230602334
Generation: 117; 
d: 14.317821063276353; energy: -41.0; 1,0,0,0,2,2,0,2,2,1,0,1,0,1,2,1,0,0,1,1,2,2,2,0,0,0,2,1,2,2,0,1,2,2,0,1,1,2,1,1,1,0,0,0,2,0,1,0,0,2,0,1,2,2,1,2,2,1,1,2,1,0,0,0,2,2,1,2,1,1,2,2,1,1,1,1,0,1,0,0,1,1,2,2,2,2,1,2,2,0,1,1,0,0,0,0,0
Best fitness found so far: -41.0; distance: 14.7648230602334
Generation: 118; 
d: 14.317821063276353; energy: -41.0; 1,0,0,1,2,2,2,2,2,1,0,1,0,0,2,1,0,0,1,1,2,2,2,0,0,0,0,1,2,2,0,1,2,2,0,1,1,2,1,1,1,0,0,1,2,0,1,0,0,1,0,1,2,2,1,1,2,1,1,2,1,0,0,0,2,2,1,2,1,1,2,2,1,1,1,1,1,1,0,0,1,1,2,2,2,2,1,2,0,0,2,1,2,2,1,1,2
Best fitness found so far: -41.0; distance: 14.7648230602334
Generation: 119; 
d: 14.317821063276353; energy: -41.0; 1,0,0,0,2,2,0,2,2,1,0,1,0,1,2,1,0,0,1,0,2,2,2,0,0,0,2,1,2,2,1,1,2,2,0,1,1,2,1,1,1,0,0,0,2,2,1,0,0,1,0,1,2,2,1,0,2,1,1,2,1,0,0,0,2,2,1,2,1,1,2,2,1,1,1,1,1,1,0,0,1,1,2,2,2,2,1,0,1,1,1,2,2,0,2,2,1
Best fitness found so far: -41.0; distance: 14.7648230602334
Generation: 120; 
d: 14.317821063276353; energy: -42.0; 1,0,0,0,2,2,0,2,2,1,0,1,0,1,2,1,0,0,1,1,2,2,2,0,0,0,2,1,2,2,0,1,2,2,0,1,1,2,1,1,1,0,0,0,2,2,1,0,0,2,0,1,2,2,1,2,2,1,1,2,1,0,0,0,2,2,1,2,1,1,2,2,1,1,1,1,1,1,0,0,1,1,2,2,2,2,0,2,0,1,2,1,2,2,2,1,2
Best fitness found so far: -42.0; distance: 14.317821063276353
Generation: 121; 
d: 14.317821063276353; energy: -42.0; 1,0,0,0,2,2,0,2,2,1,0,1,0,1,2,1,0,0,1,1,2,2,2,0,1,0,2,1,2,2,0,1,2,2,0,1,1,2,1,1,1,0,0,0,2,2,1,0,0,2,0,1,2,2,1,2,2,1,1,2,1,0,0,0,2,2,1,2,1,1,2,2,1,1,1,1,1,1,0,0,1,1,2,2,2,2,0,2,0,1,2,1,2,2,2,1,2
Best fitness found so far: -42.0; distance: 14.317821063276353
Generation: 122; 
d: 14.317821063276353; energy: -42.0; 1,0,0,1,2,2,0,2,2,1,0,1,0,1,2,1,0,0,1,1,2,2,2,0,0,0,2,1,2,2,0,1,2,2,0,1,1,2,1,1,1,0,0,0,2,2,1,0,0,2,0,1,2,2,1,2,2,1,1,2,1,0,0,0,2,2,1,2,1,1,2,2,1,1,1,1,1,1,0,0,1,1,2,2,2,2,0,2,0,1,2,1,2,2,2,1,2
Best fitness found so far: -42.0; distance: 14.317821063276353
Generation: 123; 
d: 14.317821063276353; energy: -42.0; 1,0,0,1,2,2,0,2,2,1,0,1,0,1,2,1,0,0,1,1,2,2,2,0,0,0,2,1,2,2,0,1,2,2,0,1,1,2,1,1,1,0,0,0,2,2,1,0,0,2,0,1,2,2,1,2,2,1,1,2,1,0,0,0,2,2,1,2,1,1,2,2,1,1,1,1,1,1,0,0,1,1,2,2,2,2,0,2,0,1,2,1,2,2,2,1,2
Best fitness found so far: -42.0; distance: 14.317821063276353
Generation: 124; 
d: 14.317821063276353; energy: -42.0; 1,0,0,0,2,2,0,2,2,1,0,1,0,1,2,1,0,0,1,1,2,2,2,0,1,0,2,1,2,2,0,1,2,2,0,1,1,2,1,1,1,0,0,0,2,2,1,0,0,2,0,1,2,2,1,2,2,1,1,2,1,0,0,0,2,2,1,2,1,1,2,2,1,1,1,1,1,1,0,0,1,1,2,2,2,2,0,2,0,1,2,1,2,2,2,1,2
Best fitness found so far: -42.0; distance: 14.317821063276353
Generation: 125; 
d: 14.317821063276353; energy: -42.0; 1,0,0,0,2,2,2,2,2,1,0,1,0,1,2,1,0,0,1,1,0,2,2,0,0,0,2,1,2,2,0,1,2,2,0,1,1,2,1,1,1,0,0,0,2,2,1,0,0,2,0,1,2,2,1,2,2,1,1,2,1,0,0,0,2,2,1,2,1,1,2,2,1,1,1,1,1,1,0,0,1,1,2,2,2,2,0,2,0,1,2,1,2,2,2,1,2
Best fitness found so far: -42.0; distance: 14.317821063276353
Generation: 126; 
d: 14.317821063276353; energy: -42.0; 1,0,0,0,2,2,0,2,2,1,0,1,0,1,2,1,0,0,1,1,2,2,2,0,0,0,2,1,2,2,0,1,2,2,0,1,1,2,1,1,1,0,0,0,2,2,1,0,0,2,0,1,2,2,1,2,2,1,1,2,1,0,0,0,2,2,1,2,1,1,2,2,1,1,1,1,1,1,0,0,1,1,2,2,2,2,0,2,0,1,2,1,2,2,2,1,2
Best fitness found so far: -42.0; distance: 14.317821063276353
Generation: 127; 
d: 14.317821063276353; energy: -42.0; 1,0,0,0,2,2,0,2,2,1,0,1,0,1,2,1,0,0,1,1,2,2,2,0,0,0,2,1,2,2,0,1,2,2,0,1,1,2,1,0,1,0,0,0,2,0,1,0,0,2,0,1,2,2,1,2,2,1,1,2,1,0,0,0,2,2,1,2,1,1,2,2,1,1,1,1,1,1,0,0,1,1,2,2,2,2,0,2,0,1,2,1,2,2,2,1,2
Best fitness found so far: -42.0; distance: 14.317821063276353
Generation: 128; 
d: 14.317821063276353; energy: -42.0; 1,0,0,0,2,2,0,2,2,1,0,1,0,1,2,1,0,0,1,1,0,2,2,0,0,0,2,1,2,2,0,1,2,2,0,1,1,2,1,1,1,0,0,0,2,2,1,0,0,2,0,1,2,2,1,2,2,1,1,2,1,0,0,0,2,2,1,2,1,1,2,2,1,1,1,1,1,1,0,0,1,1,2,2,2,2,0,2,0,1,2,1,2,2,2,1,2
Best fitness found so far: -42.0; distance: 14.317821063276353
Generation: 129; 
d: 14.560219778561036; energy: -42.0; 0,2,0,0,2,2,0,2,2,2,0,1,0,0,2,1,0,0,1,1,2,2,2,0,0,0,2,1,2,2,0,1,2,2,0,1,1,2,1,1,1,0,0,0,2,2,1,0,0,2,0,1,2,2,1,2,2,1,1,2,1,0,0,0,2,2,1,2,1,1,2,2,1,1,1,1,1,1,0,0,1,1,2,2,2,2,0,2,0,1,2,1,2,2,2,1,2
Best fitness found so far: -42.0; distance: 14.317821063276353
Generation: 130; 
d: 14.317821063276353; energy: -42.0; 1,0,0,0,2,2,0,2,2,1,0,1,0,1,2,1,0,0,1,1,2,2,2,0,0,0,2,1,2,2,0,1,2,2,0,1,1,2,1,1,1,0,0,0,2,2,1,0,0,2,0,1,2,2,1,2,2,1,1,2,1,0,0,0,2,2,1,2,1,1,2,2,1,1,1,1,1,1,0,0,1,1,2,2,2,2,0,2,0,1,2,1,2,2,1,1,1
Best fitness found so far: -42.0; distance: 14.317821063276353
Generation: 131; 
d: 14.317821063276353; energy: -42.0; 1,0,0,1,2,2,2,2,2,1,0,1,0,1,2,1,0,0,1,1,2,2,2,0,0,0,2,1,2,2,0,1,2,2,2,1,1,2,1,1,1,0,0,0,2,2,1,0,0,2,0,1,2,2,1,2,2,1,1,2,1,0,0,0,2,2,1,2,1,1,2,2,1,1,1,1,1,1,0,0,1,1,2,2,2,2,0,2,0,1,2,1,2,2,2,1,2
Best fitness found so far: -42.0; distance: 14.317821063276353
Generation: 132; 
d: 14.317821063276353; energy: -42.0; 1,0,0,0,2,2,0,2,2,1,0,1,0,1,2,1,0,0,1,1,2,2,2,0,0,0,2,1,2,2,1,1,2,2,0,1,1,2,1,1,1,0,0,0,2,0,1,0,0,2,0,1,2,2,1,1,2,1,1,2,1,0,0,0,2,2,1,2,1,1,2,2,1,1,1,1,1,1,0,0,1,1,2,2,2,2,2,2,0,1,2,1,2,2,2,1,2
Best fitness found so far: -42.0; distance: 14.317821063276353
Generation: 133; 
d: 14.317821063276353; energy: -42.0; 1,0,0,0,2,2,0,2,2,1,0,1,0,1,2,1,0,0,1,1,2,2,2,0,0,0,2,1,2,2,0,1,2,2,0,1,1,2,1,1,1,0,0,0,2,0,1,0,0,2,0,1,2,2,1,2,2,1,1,2,1,0,0,0,2,2,1,2,1,1,2,2,1,1,1,1,1,1,0,0,1,1,2,2,0,2,0,2,0,1,2,1,2,2,2,1,2
Best fitness found so far: -42.0; distance: 14.317821063276353
Generation: 134; 
d: 14.317821063276353; energy: -42.0; 1,0,0,0,2,2,0,2,2,1,0,1,0,1,2,1,0,0,1,1,2,2,2,0,0,0,2,1,2,2,0,1,2,2,0,1,1,2,1,1,1,0,0,0,2,0,1,0,0,2,0,1,2,2,1,2,2,1,1,2,1,0,0,0,2,2,1,2,1,1,2,2,1,1,1,1,1,1,0,0,1,1,2,2,2,2,0,2,0,1,2,1,2,2,2,1,2
Best fitness found so far: -42.0; distance: 14.317821063276353
Generation: 135; 
d: 14.317821063276353; energy: -42.0; 1,0,0,0,2,2,0,2,2,1,0,1,0,1,2,1,0,0,0,1,2,2,2,0,0,0,0,1,2,2,0,1,2,2,0,1,1,2,1,1,1,0,0,0,2,2,1,0,0,0,1,1,2,2,1,2,2,1,1,2,1,0,0,0,2,2,1,2,1,1,2,2,1,1,1,1,1,1,0,0,1,1,2,2,2,2,0,2,0,1,2,1,2,2,2,2,1
Best fitness found so far: -42.0; distance: 14.317821063276353
Generation: 136; 
d: 14.317821063276353; energy: -42.0; 1,0,0,0,2,2,0,2,2,1,0,1,0,1,2,1,0,0,1,1,2,2,2,0,0,0,2,1,2,2,1,1,2,2,0,1,1,2,1,1,1,0,0,0,2,0,1,0,0,2,0,1,2,2,1,1,2,1,1,2,1,0,0,0,2,2,1,2,1,1,2,2,1,1,1,1,1,1,0,0,1,1,2,2,2,2,2,2,0,1,2,1,2,2,2,2,1
Best fitness found so far: -42.0; distance: 14.317821063276353
Generation: 137; 
d: 14.317821063276353; energy: -42.0; 1,0,0,0,2,2,0,2,2,1,0,0,0,1,2,1,0,0,1,1,2,2,2,0,0,0,2,1,2,2,0,1,2,2,0,1,1,2,1,1,1,0,0,0,2,0,1,0,0,2,0,1,2,2,1,2,2,1,1,2,1,0,0,0,2,2,1,2,1,1,2,2,1,1,1,1,1,1,0,0,1,1,2,2,2,2,2,2,0,1,2,1,2,2,2,1,2
Best fitness found so far: -42.0; distance: 14.317821063276353
Generation: 138; 
d: 14.317821063276353; energy: -42.0; 1,0,0,0,2,2,0,2,2,1,0,1,0,1,2,1,0,0,1,1,2,2,2,0,0,0,2,1,2,2,1,1,2,2,0,1,1,2,1,1,1,0,0,2,2,0,1,0,0,2,0,1,2,2,1,0,2,1,1,2,1,0,0,0,2,2,1,2,1,1,2,2,1,1,1,1,1,1,0,0,1,1,2,2,2,2,2,2,0,1,2,1,2,2,2,2,1
Best fitness found so far: -42.0; distance: 14.317821063276353
Generation: 139; 
d: 14.317821063276353; energy: -42.0; 1,0,0,0,2,2,2,2,2,1,0,1,0,1,2,1,0,0,1,1,2,2,2,0,0,0,2,1,2,2,0,1,2,2,0,1,1,2,1,1,1,0,0,0,2,0,1,0,0,1,0,0,2,2,1,2,2,1,1,2,1,0,0,0,2,2,1,2,1,1,2,2,1,1,1,1,1,1,2,0,1,1,2,2,2,2,0,2,0,1,2,1,2,2,2,2,1
Best fitness found so far: -42.0; distance: 14.317821063276353
Generation: 140; 
d: 14.317821063276353; energy: -42.0; 1,0,0,0,2,2,0,2,2,1,0,1,0,1,2,1,0,0,1,1,2,2,2,0,0,0,2,1,2,2,0,1,2,2,0,1,1,2,1,1,1,0,0,0,2,2,1,0,0,2,0,1,2,2,1,2,2,1,1,2,1,0,0,0,2,2,1,2,1,1,2,2,1,1,1,1,1,1,0,0,1,1,2,2,2,2,0,2,0,1,2,1,2,2,2,1,2
Best fitness found so far: -42.0; distance: 14.317821063276353
Generation: 141; 
d: 14.317821063276353; energy: -42.0; 1,0,0,0,2,2,0,2,2,1,0,1,0,1,2,1,0,0,1,1,2,2,2,0,0,0,2,1,2,2,0,1,2,2,0,1,1,2,1,1,1,0,0,0,2,2,1,0,0,2,0,1,2,2,1,2,2,1,1,2,1,0,0,0,2,2,1,2,1,1,2,2,1,1,1,1,1,1,0,0,1,1,2,2,2,2,0,2,0,1,2,1,2,2,2,1,2
Best fitness found so far: -42.0; distance: 14.317821063276353
Generation: 142; 
d: 14.317821063276353; energy: -42.0; 1,0,0,1,2,2,2,2,2,1,0,1,0,1,2,1,0,0,1,1,2,2,2,0,1,0,2,1,2,2,0,1,2,2,1,1,1,2,1,1,1,0,0,0,2,0,1,0,0,2,0,1,2,2,1,2,2,1,1,2,1,0,0,0,2,2,1,2,1,1,2,2,1,1,1,1,1,1,0,0,1,1,2,2,2,2,0,2,0,1,2,1,2,2,2,1,2
Best fitness found so far: -42.0; distance: 14.317821063276353
Generation: 143; 
d: 14.317821063276353; energy: -42.0; 1,0,0,0,2,2,0,2,2,1,0,1,0,1,2,1,0,0,1,1,2,2,2,0,0,0,2,1,2,2,0,1,2,2,0,1,1,2,1,1,1,0,0,0,2,2,1,0,0,2,0,1,2,2,1,2,2,1,1,2,1,0,0,0,2,2,1,2,1,1,2,2,1,1,1,1,1,1,0,0,1,1,2,2,2,2,0,2,0,1,2,1,2,2,2,1,2
Best fitness found so far: -42.0; distance: 14.317821063276353
Generation: 144; 
d: 14.317821063276353; energy: -42.0; 1,0,0,0,2,2,0,2,2,1,0,1,0,1,2,1,0,0,1,1,2,2,2,0,0,0,2,1,2,2,0,1,2,2,0,1,1,2,1,1,1,0,0,2,2,2,1,0,0,1,0,1,2,2,1,0,2,1,1,2,1,0,0,0,2,2,1,2,1,1,2,2,1,1,1,1,1,1,0,0,1,1,2,2,2,2,2,2,0,1,2,1,2,2,2,1,2
Best fitness found so far: -42.0; distance: 14.317821063276353
Generation: 145; 
d: 14.317821063276353; energy: -42.0; 1,0,0,0,2,2,0,2,2,1,0,1,0,1,2,1,0,0,1,1,1,2,2,0,0,0,2,1,2,2,0,1,2,2,0,1,1,2,1,0,1,0,0,0,2,0,1,0,0,2,0,1,2,2,1,2,2,1,1,2,1,0,0,0,2,2,1,2,1,1,2,2,1,1,1,1,1,1,0,0,1,1,2,2,2,2,0,2,0,1,2,1,2,2,2,1,2
Best fitness found so far: -42.0; distance: 14.317821063276353
Generation: 146; 
d: 14.317821063276353; energy: -42.0; 1,0,0,0,2,2,0,2,2,1,0,0,0,1,2,1,0,0,1,1,2,2,2,0,1,0,2,1,2,2,0,1,2,2,0,1,1,2,1,1,1,0,0,0,2,0,1,0,0,2,0,1,2,2,1,2,2,1,1,2,1,0,0,0,2,2,1,2,1,1,2,2,1,1,1,1,1,1,0,0,1,1,2,2,2,2,0,2,0,1,2,1,2,2,2,1,2
Best fitness found so far: -42.0; distance: 14.317821063276353
Generation: 147; 
d: 14.317821063276353; energy: -42.0; 1,0,0,0,2,2,0,2,2,2,0,1,0,1,2,1,0,0,1,1,1,2,2,0,0,0,2,1,2,2,0,1,2,2,0,1,1,2,1,1,1,0,0,0,2,0,1,0,0,2,0,1,2,2,1,2,2,1,1,2,1,0,0,0,2,2,1,2,1,1,2,2,1,1,1,1,1,1,0,0,1,1,2,2,2,2,0,2,0,1,2,1,2,2,2,1,2
Best fitness found so far: -42.0; distance: 14.317821063276353
Generation: 148; 
d: 14.317821063276353; energy: -42.0; 1,0,0,0,2,2,0,2,2,1,0,1,0,1,2,1,0,0,1,1,2,2,0,0,0,0,2,1,2,2,0,1,2,2,0,1,1,2,1,1,1,0,0,0,2,0,1,0,0,2,0,1,2,2,1,2,2,1,1,2,1,0,0,0,2,2,1,2,1,1,2,2,1,1,1,1,0,1,0,0,1,1,2,2,2,2,0,2,0,1,2,1,2,2,1,1,2
Best fitness found so far: -42.0; distance: 14.317821063276353
Generation: 149; 
d: 14.317821063276353; energy: -42.0; 1,0,0,1,2,2,2,2,2,1,0,1,0,1,2,1,0,0,1,1,2,2,2,0,0,0,2,1,2,2,0,1,2,2,0,1,1,2,1,1,1,0,0,0,2,2,1,0,0,2,0,1,2,2,1,0,2,1,1,2,1,0,0,0,2,2,1,2,1,1,2,2,1,1,1,1,1,1,0,0,1,1,2,2,2,2,0,2,0,1,2,1,2,2,2,1,2
Best fitness found so far: -42.0; distance: 14.317821063276353
Generation: 150; 
d: 14.317821063276353; energy: -42.0; 1,0,0,0,2,2,0,2,2,1,0,1,0,1,2,1,0,0,1,1,0,2,2,0,0,0,2,1,2,2,0,1,2,2,0,1,1,2,1,1,1,0,0,0,2,2,1,0,0,2,0,1,2,2,1,2,2,1,1,2,1,0,0,0,2,2,1,2,1,1,2,2,1,1,1,1,1,1,0,0,1,1,2,2,2,2,0,2,0,1,2,1,2,2,2,1,2
Best fitness found so far: -42.0; distance: 14.317821063276353
Generation: 151; 
d: 14.317821063276353; energy: -42.0; 1,0,0,0,2,2,0,2,2,1,0,1,0,1,2,1,0,0,1,1,2,2,2,0,0,0,2,1,2,2,1,1,2,2,0,1,1,2,1,1,1,0,0,0,2,0,1,0,0,2,0,1,2,2,1,2,2,1,1,2,1,0,0,0,2,2,1,2,1,1,2,2,1,1,1,1,1,1,0,0,1,1,2,2,2,2,0,2,0,1,2,1,2,2,2,1,2
Best fitness found so far: -42.0; distance: 14.317821063276353
Generation: 152; 
d: 14.317821063276353; energy: -42.0; 1,0,0,1,2,2,0,2,2,1,0,1,0,1,2,1,0,0,1,1,2,2,2,0,0,0,2,1,2,2,1,1,2,2,0,1,1,2,1,1,1,0,0,0,2,2,1,0,0,2,0,1,2,2,1,2,2,1,1,2,1,0,0,0,2,2,1,2,1,1,2,2,1,1,1,1,1,1,0,0,1,1,2,2,2,2,0,2,0,1,2,1,2,2,2,1,2
Best fitness found so far: -42.0; distance: 14.317821063276353
Generation: 153; 
d: 14.317821063276353; energy: -42.0; 1,0,0,0,2,2,0,2,2,1,0,1,0,1,2,1,0,0,1,1,2,2,2,0,0,0,2,1,2,2,0,1,2,2,0,1,1,2,1,1,1,0,0,0,2,2,1,0,0,2,0,1,2,2,1,2,2,1,1,2,1,0,0,0,2,2,1,2,1,1,2,2,1,1,1,1,1,1,0,0,1,1,2,2,2,2,0,2,0,1,2,1,2,2,2,1,2
Best fitness found so far: -42.0; distance: 14.317821063276353
Generation: 154; 
d: 14.317821063276353; energy: -42.0; 1,0,0,1,2,2,0,2,2,1,0,1,0,1,2,1,0,0,1,1,2,2,2,0,0,0,0,1,2,2,0,1,2,2,0,1,1,2,1,1,1,0,0,0,2,0,1,0,0,1,0,0,2,2,1,0,2,1,1,2,1,0,0,0,2,2,1,2,1,1,2,2,1,1,1,1,1,1,0,0,1,1,2,2,2,2,0,2,0,1,2,1,2,2,1,1,2
Best fitness found so far: -42.0; distance: 14.317821063276353
Generation: 155; 
d: 14.317821063276353; energy: -42.0; 1,0,0,0,2,2,0,2,2,1,0,1,0,1,2,1,0,0,1,1,2,2,2,0,1,0,2,1,2,2,0,1,2,2,0,1,1,2,1,1,1,0,0,0,2,2,1,0,0,2,0,1,2,2,1,2,2,1,1,2,1,0,0,0,2,2,1,2,1,1,2,2,1,1,1,1,1,1,0,0,1,1,2,2,2,2,0,2,0,1,2,1,2,2,2,1,2
Best fitness found so far: -42.0; distance: 14.317821063276353
Generation: 156; 
d: 14.317821063276353; energy: -42.0; 1,0,0,0,2,2,0,2,2,1,0,1,0,1,2,1,0,0,1,1,2,2,2,0,0,0,2,1,2,2,0,1,2,2,0,1,1,2,1,1,1,0,0,0,2,0,1,0,0,2,0,1,2,2,1,2,2,1,1,2,1,0,0,0,2,2,1,2,1,1,2,2,1,1,1,1,1,1,0,0,1,1,2,2,2,2,0,2,0,1,2,1,2,2,2,1,2
Best fitness found so far: -42.0; distance: 14.317821063276353
Generation: 157; 
d: 14.317821063276353; energy: -42.0; 1,0,0,0,2,2,0,2,2,1,0,1,0,1,2,1,0,0,1,0,2,2,2,0,1,0,2,1,2,2,0,1,2,2,0,1,1,2,1,0,1,0,0,0,2,2,1,0,0,2,0,1,2,2,1,2,2,1,1,2,1,0,0,0,2,2,1,2,1,1,2,2,1,1,1,1,2,1,0,0,1,1,2,2,2,2,0,2,0,1,2,1,2,2,2,1,2
Best fitness found so far: -42.0; distance: 14.317821063276353
Generation: 158; 
d: 14.317821063276353; energy: -42.0; 1,0,0,0,2,2,0,2,2,1,0,1,0,1,2,1,0,0,1,1,2,2,2,0,0,0,2,1,2,2,0,1,2,2,0,1,1,2,1,1,1,0,0,0,2,2,1,0,0,2,0,1,2,2,1,2,2,1,1,2,1,0,0,0,2,2,1,2,1,1,2,2,1,1,1,1,1,1,0,0,1,1,2,2,2,2,0,2,0,1,2,1,2,2,2,1,2
Best fitness found so far: -42.0; distance: 14.317821063276353
Generation: 159; 
d: 14.317821063276353; energy: -42.0; 1,0,0,0,2,2,0,2,2,1,0,1,0,1,2,1,0,0,1,1,2,2,2,0,0,0,2,1,2,2,0,1,2,2,0,1,1,2,1,1,1,0,0,1,2,2,1,0,0,2,0,1,2,2,1,2,2,1,1,2,1,0,0,0,2,2,1,2,1,1,2,2,1,1,1,1,1,1,0,0,1,1,2,2,2,2,0,2,0,1,2,1,2,2,2,1,2
Best fitness found so far: -42.0; distance: 14.317821063276353
Generation: 160; 
d: 14.317821063276353; energy: -42.0; 1,0,0,0,2,2,2,2,2,1,0,1,0,1,2,1,0,0,1,1,2,2,2,0,0,0,2,1,2,2,0,1,2,2,1,1,1,2,1,1,1,0,0,2,2,2,1,0,0,1,0,1,2,2,1,0,2,1,1,2,1,0,0,0,2,2,1,2,1,1,2,2,1,1,1,1,1,1,0,0,1,1,2,2,2,2,0,2,0,1,2,1,2,2,2,1,2
Best fitness found so far: -42.0; distance: 14.317821063276353
Generation: 161; 
d: 14.317821063276353; energy: -42.0; 1,0,0,1,2,2,0,2,2,1,0,1,0,1,2,1,0,0,1,1,2,2,2,0,0,0,2,1,2,2,0,1,2,2,0,1,1,2,1,1,1,0,0,0,2,2,1,0,0,2,0,1,2,2,1,2,2,1,1,2,1,0,0,0,2,2,1,2,1,1,2,2,1,1,1,1,1,1,0,0,1,1,2,2,2,2,0,2,0,1,2,1,2,2,2,1,2
Best fitness found so far: -42.0; distance: 14.317821063276353
Generation: 162; 
d: 14.317821063276353; energy: -42.0; 1,0,0,1,2,2,0,2,2,1,0,1,0,1,2,1,0,0,1,1,2,2,2,0,0,0,0,1,2,2,0,1,2,2,0,1,1,2,1,1,1,0,0,0,2,2,1,0,0,2,0,1,2,2,1,2,2,1,1,2,1,0,0,0,2,2,1,2,1,1,2,2,1,1,1,1,1,1,0,0,1,1,2,2,2,2,0,2,0,1,2,1,2,2,2,2,1
Best fitness found so far: -42.0; distance: 14.317821063276353
Generation: 163; 
d: 14.317821063276353; energy: -42.0; 1,0,0,0,2,2,0,2,2,1,0,1,0,1,2,1,0,0,1,1,2,2,2,0,0,0,2,1,2,2,1,1,2,2,2,1,1,2,1,1,1,0,0,0,2,0,1,0,0,2,0,1,2,2,1,2,2,1,1,2,1,0,0,0,2,2,1,2,1,1,2,2,1,1,1,1,1,1,0,0,1,1,2,2,2,2,0,2,0,1,2,1,2,2,2,1,2
Best fitness found so far: -42.0; distance: 14.317821063276353
Generation: 164; 
d: 14.317821063276353; energy: -42.0; 1,0,0,0,2,2,0,2,2,1,0,1,0,0,2,1,0,0,1,1,2,2,2,0,0,0,2,1,2,2,0,1,2,2,0,1,1,2,1,1,1,0,0,1,2,2,1,0,0,2,0,1,2,2,1,2,2,1,1,2,1,0,0,0,2,2,1,2,1,1,2,2,1,1,1,1,1,1,0,0,1,1,2,2,2,2,0,2,0,1,2,1,2,2,2,1,2
Best fitness found so far: -42.0; distance: 14.317821063276353
Generation: 165; 
d: 14.317821063276353; energy: -42.0; 1,0,0,1,2,2,2,2,2,1,0,1,0,1,2,1,0,0,0,1,2,2,2,0,0,0,2,1,2,2,0,1,2,2,2,1,1,2,1,1,1,0,0,0,2,0,1,0,0,1,0,0,2,2,1,0,2,1,1,2,1,0,0,0,2,2,1,2,1,1,2,2,1,1,1,1,1,1,0,0,1,1,2,2,2,2,0,2,0,1,2,1,2,2,2,1,2
Best fitness found so far: -42.0; distance: 14.317821063276353
Generation: 166; 
d: 14.317821063276353; energy: -42.0; 1,0,0,0,2,2,0,2,2,1,0,1,0,1,2,1,0,0,1,1,2,2,2,0,0,0,1,1,2,2,0,1,2,2,1,1,1,2,1,1,1,0,0,0,2,2,1,0,0,2,0,1,2,2,1,2,2,1,1,2,1,0,0,0,2,2,1,2,1,1,2,2,1,1,1,1,1,1,0,0,1,1,2,2,2,2,0,2,0,1,2,1,2,2,2,1,2
Best fitness found so far: -42.0; distance: 14.317821063276353
Generation: 167; 
d: 14.317821063276353; energy: -42.0; 1,0,0,0,2,2,0,2,2,1,0,1,0,1,2,1,0,0,1,1,2,2,2,0,0,0,2,1,2,2,0,1,2,2,0,1,1,2,1,1,1,0,0,0,2,2,1,0,0,2,0,1,2,2,1,2,2,1,1,2,1,0,0,0,2,2,1,2,1,1,2,2,1,1,1,1,1,1,0,0,1,1,2,2,2,2,0,2,0,1,2,1,2,2,2,2,1
Best fitness found so far: -42.0; distance: 14.317821063276353
Generation: 168; 
d: 14.317821063276353; energy: -42.0; 1,0,0,0,2,2,0,2,2,0,0,1,0,1,2,1,0,0,1,1,2,2,2,0,0,0,2,1,2,2,0,1,2,2,2,1,1,2,1,0,1,0,0,0,2,2,1,0,0,2,0,1,2,2,1,2,2,1,1,2,1,0,0,0,2,2,1,2,1,1,2,2,1,1,1,1,1,1,0,0,1,1,2,2,2,2,0,2,0,1,2,1,2,2,2,1,2
Best fitness found so far: -42.0; distance: 14.317821063276353
Generation: 169; 
d: 14.317821063276353; energy: -42.0; 1,0,0,1,2,2,0,2,2,1,0,1,0,1,2,1,0,0,1,1,2,2,2,0,0,0,2,1,2,2,1,1,2,2,0,1,1,2,1,1,1,0,0,0,2,0,1,0,0,1,0,1,2,2,1,2,2,1,1,2,1,0,0,0,2,2,1,2,1,1,2,2,1,1,1,1,1,1,0,0,1,1,2,2,2,2,0,2,0,1,2,1,2,2,2,1,2
Best fitness found so far: -42.0; distance: 14.317821063276353
Generation: 170; 
d: 14.317821063276353; energy: -42.0; 1,0,0,0,2,2,0,2,2,1,0,1,0,1,2,1,0,0,1,1,2,2,2,0,0,0,2,1,2,2,0,1,2,2,0,1,1,2,1,1,1,0,0,0,2,0,1,0,0,2,0,1,2,2,1,2,2,1,1,2,1,0,0,0,2,2,1,2,1,1,2,2,1,1,1,1,1,1,0,0,1,1,2,2,2,2,0,2,0,1,2,1,2,2,2,1,2
Best fitness found so far: -42.0; distance: 14.317821063276353
Generation: 171; 
d: 14.317821063276353; energy: -42.0; 1,0,0,1,2,2,2,2,2,1,0,1,0,1,2,1,0,0,1,1,2,2,2,0,0,0,2,1,2,2,0,1,2,2,0,1,1,2,1,1,1,0,0,0,2,2,1,0,0,2,0,1,2,2,1,2,2,1,1,2,1,0,0,0,2,2,1,2,1,1,2,2,1,1,1,1,1,1,0,0,1,1,2,2,2,2,0,2,0,1,2,1,2,2,2,1,2
Best fitness found so far: -42.0; distance: 14.317821063276353
Generation: 172; 
d: 14.317821063276353; energy: -42.0; 1,0,0,0,2,2,0,2,2,1,0,1,0,1,2,1,0,0,1,1,2,2,2,0,0,0,1,1,2,2,0,1,2,2,0,1,1,2,1,1,1,0,0,1,2,0,1,0,0,1,0,1,2,2,1,2,2,1,1,2,1,0,0,0,2,2,1,2,1,1,2,2,1,1,1,1,1,1,0,0,1,1,2,2,2,2,0,2,0,1,2,1,2,2,2,0,2
Best fitness found so far: -42.0; distance: 14.317821063276353
Generation: 173; 
d: 14.317821063276353; energy: -42.0; 1,0,0,0,2,2,0,2,2,1,0,1,0,1,2,1,0,0,1,1,2,2,2,0,0,0,2,1,2,2,0,1,2,2,0,1,1,2,1,1,1,0,0,0,2,2,1,0,0,2,0,1,2,2,1,2,2,1,1,2,1,0,0,0,2,2,1,2,1,1,2,2,1,1,1,1,1,1,0,0,1,1,2,2,2,2,0,2,0,1,2,1,2,2,1,1,2
Best fitness found so far: -42.0; distance: 14.317821063276353
Generation: 174; 
d: 14.317821063276353; energy: -42.0; 1,0,0,0,2,2,2,2,2,1,0,1,0,1,2,1,0,0,1,1,2,2,2,0,0,0,2,1,2,2,0,1,2,2,0,1,1,2,1,1,1,0,0,0,2,0,1,0,0,2,0,1,2,2,1,2,2,1,1,2,1,0,0,0,2,2,1,2,1,1,2,2,1,1,1,1,1,1,0,0,1,1,2,2,2,2,0,2,0,1,2,1,2,2,2,1,2
Best fitness found so far: -42.0; distance: 14.317821063276353
Generation: 175; 
d: 14.317821063276353; energy: -42.0; 1,0,0,1,2,2,2,2,2,1,0,1,0,1,2,1,0,0,1,1,2,2,2,0,0,0,2,1,2,2,0,1,2,2,0,1,1,2,1,1,1,0,0,0,2,2,1,0,0,2,0,1,2,2,1,2,2,1,1,2,1,0,0,0,2,2,1,2,1,1,2,2,1,1,1,1,1,1,0,0,1,1,2,2,2,2,0,2,0,1,2,1,2,2,2,2,1
Best fitness found so far: -42.0; distance: 14.317821063276353
Generation: 176; 
d: 14.317821063276353; energy: -42.0; 1,0,0,1,2,2,2,2,2,1,0,1,0,0,2,1,0,0,1,1,2,2,2,0,0,0,2,1,2,2,1,1,2,2,0,1,1,2,1,1,1,0,0,0,2,0,1,0,0,2,0,1,2,2,1,2,2,1,1,2,1,0,0,0,2,2,1,2,1,1,2,2,1,1,1,1,0,1,0,0,1,1,2,2,2,2,0,2,0,1,2,1,2,2,1,1,2
Best fitness found so far: -42.0; distance: 14.317821063276353
Generation: 177; 
d: 14.317821063276353; energy: -42.0; 1,0,0,0,2,2,0,2,2,1,0,1,0,1,2,1,0,0,1,1,2,2,2,0,0,0,2,1,2,2,0,1,2,2,0,1,1,2,1,1,1,0,0,0,2,0,1,0,0,1,0,1,2,2,1,2,2,1,1,2,1,0,0,0,2,2,1,2,1,1,2,2,1,1,1,1,1,1,0,0,1,1,2,2,2,2,0,2,0,1,2,1,2,2,2,1,2
Best fitness found so far: -42.0; distance: 14.317821063276353
Generation: 178; 
d: 14.317821063276353; energy: -42.0; 1,0,0,1,2,2,2,2,2,1,0,1,0,1,2,1,0,0,1,1,2,2,2,0,0,0,2,1,2,2,0,1,2,2,0,1,1,2,1,1,1,0,0,0,2,0,1,0,0,1,0,1,2,2,1,2,2,1,1,2,1,0,0,0,2,2,1,2,1,1,2,2,1,1,1,1,1,1,0,0,1,1,2,2,2,2,0,2,0,1,2,1,2,2,1,1,2
Best fitness found so far: -42.0; distance: 14.317821063276353
Generation: 179; 
d: 14.317821063276353; energy: -42.0; 1,0,0,0,2,2,0,2,2,1,0,1,0,1,2,1,0,0,1,1,2,2,2,0,1,0,2,1,2,2,0,1,2,2,1,1,1,2,1,1,1,0,0,0,2,0,1,0,0,0,0,1,2,2,1,1,2,1,1,2,1,0,0,0,2,2,1,2,1,1,2,2,1,1,1,1,1,1,0,0,1,1,2,2,2,2,0,2,0,1,2,1,2,2,2,1,2
Best fitness found so far: -42.0; distance: 14.317821063276353
Generation: 180; 
d: 14.317821063276353; energy: -42.0; 1,0,0,1,2,2,2,2,2,1,0,1,0,0,2,1,0,0,1,1,2,2,2,0,0,0,2,1,2,2,0,1,2,2,0,1,1,2,1,1,1,0,0,0,2,2,1,0,0,2,0,1,2,2,1,2,2,1,1,2,1,0,0,0,2,2,1,2,1,1,2,2,1,1,1,1,1,1,0,0,1,1,2,2,2,2,0,2,0,1,2,1,2,2,2,1,2
Best fitness found so far: -42.0; distance: 14.317821063276353
Generation: 181; 
d: 14.317821063276353; energy: -42.0; 1,0,0,0,2,2,2,2,2,1,0,1,0,1,2,1,0,0,1,1,2,2,2,0,1,0,2,1,2,2,0,1,2,2,0,1,1,2,1,1,1,0,0,0,2,2,1,0,0,2,0,1,2,2,1,2,2,1,1,2,1,0,0,0,2,2,1,2,1,1,2,2,1,1,1,1,1,1,0,0,1,1,2,2,0,2,0,2,0,1,2,1,2,2,2,1,2
Best fitness found so far: -42.0; distance: 14.317821063276353
Generation: 182; 
d: 14.317821063276353; energy: -42.0; 1,0,0,0,2,2,2,2,2,1,0,1,0,1,2,1,0,0,1,1,2,2,2,0,0,0,2,1,2,2,0,1,2,2,2,1,1,2,1,1,1,0,0,0,2,2,1,0,0,2,0,1,2,2,1,2,2,1,1,2,1,0,0,0,2,2,1,2,1,1,2,2,1,1,1,1,1,1,0,0,1,1,2,2,2,2,0,2,0,1,2,1,2,2,2,1,2
Best fitness found so far: -42.0; distance: 14.317821063276353
Generation: 183; 
d: 14.317821063276353; energy: -42.0; 1,0,0,1,2,2,0,2,2,1,0,1,0,1,2,1,0,0,1,1,2,2,2,0,1,0,2,1,2,2,0,1,2,2,0,1,1,2,1,1,1,0,0,0,2,2,1,0,0,2,1,1,2,2,1,2,2,1,1,2,1,0,0,0,2,2,1,2,1,1,2,2,1,1,1,1,1,1,0,0,1,1,2,2,2,2,0,2,0,1,2,1,2,2,2,1,2
Best fitness found so far: -42.0; distance: 14.317821063276353
Generation: 184; 
d: 14.317821063276353; energy: -42.0; 1,0,0,1,2,2,0,2,2,1,0,0,0,1,2,1,0,0,1,1,2,2,2,0,0,0,2,1,2,2,0,1,2,2,0,1,1,2,1,1,1,0,0,2,2,2,1,0,0,2,0,1,1,2,1,2,2,1,1,2,1,0,0,0,2,2,1,2,1,1,2,2,1,1,1,1,1,1,0,0,1,1,2,2,2,2,0,2,0,1,2,1,2,2,2,1,2
Best fitness found so far: -42.0; distance: 14.317821063276353
Generation: 185; 
d: 14.317821063276353; energy: -42.0; 1,0,0,0,2,2,0,2,2,1,0,1,0,1,2,1,0,0,1,1,2,2,2,0,0,0,2,0,2,2,0,1,2,2,1,1,1,2,1,1,1,0,0,0,2,0,1,0,0,0,1,1,2,2,1,2,2,1,1,2,1,0,0,0,2,2,1,2,1,1,2,2,1,1,1,1,1,1,2,0,1,1,2,2,2,2,0,2,0,1,2,1,2,2,2,1,2
Best fitness found so far: -42.0; distance: 14.317821063276353
Generation: 186; 
d: 14.317821063276353; energy: -42.0; 1,0,0,0,2,2,0,2,2,1,0,1,0,1,2,1,0,0,1,1,2,2,2,0,0,0,2,1,2,2,0,1,2,2,0,1,1,2,1,1,1,0,0,0,2,0,1,0,0,1,0,1,2,2,1,2,2,1,1,2,1,0,0,0,2,2,1,2,1,1,2,2,1,1,1,1,1,1,0,0,1,1,2,2,1,2,0,2,0,1,2,1,2,2,1,1,2
Best fitness found so far: -42.0; distance: 14.317821063276353
Generation: 187; 
d: 14.317821063276353; energy: -42.0; 1,0,0,1,2,2,0,2,2,1,0,1,0,1,2,1,0,0,1,1,2,2,2,0,0,0,2,1,2,2,0,1,2,2,0,1,1,2,1,1,1,0,0,0,2,0,1,0,0,2,0,0,2,2,1,2,2,1,1,2,1,0,0,0,2,2,1,2,1,1,2,2,1,1,1,1,1,1,0,0,1,1,2,2,2,2,0,2,0,1,2,1,2,2,2,1,2
Best fitness found so far: -42.0; distance: 14.317821063276353
Generation: 188; 
d: 14.317821063276353; energy: -42.0; 1,0,0,0,2,2,0,2,2,1,0,1,0,1,2,1,0,0,1,1,2,2,2,0,0,0,2,1,2,2,0,1,2,2,0,1,1,2,1,1,1,0,0,0,2,2,1,0,0,2,0,1,2,2,1,2,2,1,1,2,1,0,0,0,2,2,1,2,1,1,2,2,1,1,1,1,1,1,0,0,1,1,2,2,2,2,0,2,0,1,2,1,2,2,2,1,2
Best fitness found so far: -42.0; distance: 14.317821063276353
Generation: 189; 
d: 14.317821063276353; energy: -42.0; 1,0,0,0,2,2,0,2,2,1,0,1,0,1,2,1,0,0,1,1,2,2,2,0,0,0,2,1,2,2,0,1,2,2,0,1,1,2,1,0,1,0,0,0,2,0,1,0,0,2,0,1,2,2,1,2,2,1,1,2,1,0,0,0,2,2,1,2,1,1,2,2,1,1,1,1,1,1,0,0,1,1,2,2,2,2,0,2,0,1,2,1,2,2,2,1,2
Best fitness found so far: -42.0; distance: 14.317821063276353
Generation: 190; 
d: 14.317821063276353; energy: -42.0; 1,0,0,0,2,2,0,2,2,1,0,0,0,1,2,1,0,0,1,0,2,2,2,0,1,0,0,1,2,2,0,1,2,2,0,1,1,2,1,1,1,0,0,0,2,2,1,0,0,2,0,1,1,2,1,2,2,1,1,2,1,0,0,0,2,2,1,2,1,1,2,2,1,1,1,1,1,1,0,0,1,1,2,2,2,2,0,2,0,1,2,1,2,2,2,1,2
Best fitness found so far: -42.0; distance: 14.317821063276353
Generation: 191; 
d: 14.317821063276353; energy: -42.0; 1,0,0,0,2,2,0,2,2,1,0,1,0,1,2,1,0,0,1,0,2,2,2,0,0,0,2,1,2,2,0,1,2,2,1,1,1,2,1,1,1,0,0,0,2,0,1,0,0,2,0,1,2,2,1,2,2,1,1,2,1,0,0,0,2,2,1,2,1,1,2,2,1,1,1,1,1,1,0,0,1,1,2,2,2,2,0,2,0,1,2,1,2,2,2,1,2
Best fitness found so far: -42.0; distance: 14.317821063276353
Generation: 192; 
d: 14.317821063276353; energy: -42.0; 1,0,0,0,2,2,0,2,2,1,0,1,0,1,2,1,0,0,1,1,2,2,2,0,0,0,2,0,2,2,0,1,2,2,0,1,1,2,1,1,1,0,0,0,2,2,1,0,0,2,0,1,2,2,1,2,2,1,1,2,1,0,0,0,2,2,1,2,1,1,2,2,1,1,1,1,1,1,0,0,1,1,2,2,2,2,0,2,0,1,2,1,2,2,2,1,0
Best fitness found so far: -42.0; distance: 14.317821063276353
Generation: 193; 
d: 14.317821063276353; energy: -42.0; 1,0,0,0,2,2,0,2,2,1,0,1,0,1,2,1,0,0,1,1,2,2,2,0,0,0,2,1,2,2,2,1,2,2,0,1,1,2,1,0,1,0,0,0,2,0,1,0,0,2,0,1,2,2,1,1,2,1,1,2,1,0,0,0,2,2,1,2,1,1,2,2,1,1,1,1,1,1,0,0,1,1,2,2,2,2,0,2,0,1,2,1,2,2,2,1,2
Best fitness found so far: -42.0; distance: 14.317821063276353
Generation: 194; 
d: 14.317821063276353; energy: -42.0; 1,0,0,0,2,2,0,2,2,1,0,1,0,1,2,1,0,0,1,1,2,2,2,0,0,0,2,1,2,2,0,1,2,2,1,1,1,2,1,1,1,0,0,0,2,2,1,0,0,2,0,1,2,2,1,2,2,1,1,2,1,0,0,0,2,2,1,2,1,1,2,2,1,1,1,1,1,1,0,0,1,1,2,2,2,2,0,2,0,1,2,1,2,2,2,2,2
Best fitness found so far: -42.0; distance: 14.317821063276353
Generation: 195; 
d: 14.317821063276353; energy: -42.0; 1,0,0,0,2,2,2,2,2,1,0,1,0,1,2,1,0,0,1,1,1,2,2,0,0,0,2,1,2,2,0,1,2,2,1,1,1,2,1,1,1,0,0,0,2,0,1,0,0,2,0,0,2,2,1,2,2,1,1,2,1,0,0,0,2,2,1,2,1,1,2,2,1,1,1,1,0,1,0,0,1,1,2,2,2,2,0,2,0,1,2,1,2,2,2,1,2
Best fitness found so far: -42.0; distance: 14.317821063276353
Generation: 196; 
d: 14.317821063276353; energy: -42.0; 1,0,0,0,2,2,0,2,2,1,0,0,0,1,2,1,0,0,1,0,2,2,0,0,0,0,2,1,2,2,0,1,2,2,1,1,1,2,1,0,1,0,0,0,2,0,1,0,0,1,0,1,2,2,1,2,2,1,1,2,1,0,0,0,2,2,1,2,1,1,2,2,1,1,1,1,1,1,0,0,1,1,2,2,1,2,0,2,0,1,2,1,2,2,2,1,2
Best fitness found so far: -42.0; distance: 14.317821063276353
Generation: 197; 
d: 14.317821063276353; energy: -42.0; 1,0,0,0,2,2,0,2,2,1,0,1,0,1,2,1,0,0,1,1,2,2,2,0,0,0,1,1,2,2,0,1,2,2,0,1,1,2,1,1,1,0,0,0,2,2,1,0,0,2,0,1,2,2,1,2,2,1,1,2,1,0,0,0,2,2,1,2,1,1,2,2,1,1,1,1,1,1,0,0,1,1,2,2,2,2,0,2,0,1,2,1,2,2,2,1,2
Best fitness found so far: -42.0; distance: 14.317821063276353
Generation: 198; 
d: 14.317821063276353; energy: -42.0; 1,0,0,0,2,2,0,2,2,1,0,0,0,0,2,1,0,0,1,1,2,2,2,0,1,0,2,1,2,2,0,1,2,2,0,1,1,2,1,1,1,0,0,0,2,2,1,0,0,0,1,1,2,2,1,2,2,1,1,2,1,0,0,0,2,2,1,2,1,1,2,2,1,1,1,1,1,1,0,0,1,1,2,2,2,2,0,2,0,1,2,1,2,2,0,0,1
Best fitness found so far: -42.0; distance: 14.317821063276353
Generation: 199; 
d: 14.317821063276353; energy: -42.0; 1,0,0,1,2,2,0,2,2,1,0,1,0,1,2,1,0,0,1,1,2,2,2,0,0,0,1,1,2,2,0,1,2,2,2,1,1,2,1,1,1,0,0,0,2,0,1,0,0,2,0,1,2,2,1,2,2,1,1,2,1,0,0,0,2,2,1,2,1,1,2,2,1,1,1,1,1,1,0,0,1,1,2,2,2,2,0,2,0,1,2,1,2,2,2,1,2
Best fitness found so far: -42.0; distance: 14.317821063276353
Generation: 200; 
d: 14.317821063276353; energy: -42.0; 1,0,0,0,2,2,0,2,2,1,0,1,0,1,2,1,0,0,1,1,2,2,2,0,0,0,2,1,2,2,0,1,2,2,0,1,1,2,1,1,1,0,0,0,2,0,1,0,0,1,0,0,2,2,1,0,2,1,1,2,1,0,0,0,2,2,1,2,1,1,2,2,1,1,1,1,1,1,0,0,1,1,2,2,2,2,0,2,0,1,2,1,2,2,2,1,2
Best fitness found so far: -42.0; distance: 14.317821063276353
Generation: 201; 
d: 14.317821063276353; energy: -42.0; 1,0,0,1,2,2,2,2,2,1,0,1,0,1,2,1,0,0,1,1,2,2,2,0,0,0,2,1,2,2,0,1,2,2,0,1,1,2,1,1,1,0,0,0,2,0,1,0,0,2,0,1,2,2,1,1,2,1,1,2,1,0,0,0,2,2,1,2,1,1,2,2,1,1,1,1,1,1,0,0,1,1,2,2,2,2,0,2,0,1,2,1,2,2,2,1,2
Best fitness found so far: -42.0; distance: 14.317821063276353
Generation: 202; 
d: 14.317821063276353; energy: -42.0; 1,0,0,1,2,2,2,2,2,1,0,1,0,1,2,1,0,0,1,1,2,2,2,0,0,0,2,1,2,2,0,1,2,2,0,1,1,2,1,2,1,0,0,0,2,0,1,0,0,2,0,1,2,2,1,2,2,1,1,2,1,0,0,0,2,2,1,2,1,1,2,2,1,1,1,1,1,1,0,0,1,1,2,2,2,2,2,2,0,1,2,1,2,2,2,1,2
Best fitness found so far: -42.0; distance: 14.317821063276353
Generation: 203; 
d: 14.317821063276353; energy: -42.0; 1,0,0,0,2,2,0,2,2,1,0,1,0,1,2,1,0,0,1,1,1,2,2,0,0,0,2,1,2,2,0,1,2,2,2,1,1,2,1,1,1,0,0,0,2,0,1,0,0,1,0,1,2,2,1,1,2,1,1,2,1,0,0,0,2,2,1,2,1,1,2,2,1,1,1,1,1,1,0,0,1,1,2,2,2,2,0,2,0,1,2,1,2,2,2,1,2
Best fitness found so far: -42.0; distance: 14.317821063276353
Generation: 204; 
d: 14.317821063276353; energy: -42.0; 1,0,0,0,2,2,2,2,2,1,0,1,0,1,2,1,0,0,1,1,2,2,2,0,0,0,2,1,2,2,0,1,2,2,0,1,1,2,1,1,1,0,0,0,2,2,1,0,0,0,0,1,2,2,1,1,2,1,1,2,1,0,0,0,2,2,1,2,1,1,2,2,1,1,1,1,1,1,0,0,1,1,2,2,2,2,0,2,0,1,2,1,2,2,2,1,2
Best fitness found so far: -42.0; distance: 14.317821063276353
Generation: 205; 
d: 14.317821063276353; energy: -42.0; 1,0,0,0,2,2,0,2,2,1,0,1,0,1,2,1,0,0,1,1,2,2,0,0,0,0,2,1,2,2,0,1,2,2,2,1,1,2,1,1,1,0,0,0,2,2,1,0,0,2,0,1,2,2,1,2,2,1,1,2,1,0,0,0,2,2,1,2,1,1,2,2,1,1,1,1,1,1,0,0,1,1,2,2,2,2,0,2,0,1,2,1,2,2,2,1,2
Best fitness found so far: -42.0; distance: 14.317821063276353
Generation: 206; 
d: 14.317821063276353; energy: -42.0; 1,0,0,0,2,2,0,2,2,1,0,1,0,1,2,1,0,0,1,1,2,2,2,0,0,0,2,1,2,2,0,1,2,2,0,1,1,2,1,1,1,0,0,0,2,0,1,0,0,2,0,0,2,2,1,0,2,1,1,2,1,0,0,0,2,2,1,2,1,1,2,2,1,1,1,1,1,1,0,0,1,1,2,2,2,2,0,2,0,1,2,1,2,2,2,2,1
Best fitness found so far: -42.0; distance: 14.317821063276353
Generation: 207; 
d: 14.317821063276353; energy: -42.0; 1,0,0,0,2,2,0,2,2,1,0,1,0,1,2,1,0,0,1,1,2,2,2,0,0,0,2,1,2,2,0,1,2,2,0,1,1,2,1,1,1,0,0,0,2,0,1,0,0,2,0,0,2,2,1,0,2,1,1,2,1,0,0,1,2,2,1,2,1,1,2,2,1,1,1,1,1,1,0,0,1,1,2,2,2,2,0,2,0,1,2,1,2,2,2,1,2
Best fitness found so far: -42.0; distance: 14.317821063276353
Generation: 208; 
d: 14.317821063276353; energy: -42.0; 1,0,0,0,2,2,2,2,2,1,0,1,0,1,2,1,0,0,1,1,2,2,2,0,0,0,2,1,2,2,0,1,2,2,0,1,1,2,1,1,1,0,0,0,2,0,1,0,0,2,0,1,2,2,1,2,2,1,1,2,1,0,0,0,2,2,1,2,1,1,2,2,1,1,1,1,1,1,0,0,1,1,2,2,2,2,0,2,0,1,2,1,2,2,2,1,2
Best fitness found so far: -42.0; distance: 14.317821063276353
Generation: 209; 
d: 14.317821063276353; energy: -42.0; 1,0,0,1,2,2,0,2,2,1,0,1,0,1,2,1,0,0,1,1,2,2,2,0,0,0,2,1,2,2,0,1,2,2,0,1,1,2,1,1,1,0,0,0,2,2,1,0,0,2,0,1,2,2,1,2,2,1,1,2,1,0,0,0,2,2,1,2,1,1,2,2,1,1,1,1,1,1,0,0,1,1,2,2,2,2,0,2,0,1,2,1,2,2,2,2,1
Best fitness found so far: -42.0; distance: 14.317821063276353
Generation: 210; 
d: 14.317821063276353; energy: -42.0; 1,0,0,0,2,2,0,2,2,1,0,1,0,1,2,1,0,0,1,1,2,2,2,0,0,0,2,1,2,2,0,1,2,2,0,1,1,2,1,1,1,0,0,0,2,2,1,0,0,2,0,1,2,2,1,2,2,1,1,2,1,0,0,0,2,2,1,2,1,1,2,2,1,1,1,1,1,1,0,0,1,1,2,2,2,2,0,2,0,1,2,1,2,2,2,1,2
Best fitness found so far: -42.0; distance: 14.317821063276353
Generation: 211; 
d: 14.317821063276353; energy: -42.0; 1,0,0,0,2,2,2,2,2,1,0,1,0,1,2,1,0,0,1,1,2,2,2,0,0,0,2,1,2,2,1,1,2,2,0,1,1,2,1,1,1,0,0,0,2,2,1,0,0,2,0,1,2,2,1,2,2,1,1,2,1,0,0,0,2,2,1,0,1,1,2,2,1,1,1,1,1,1,0,0,1,1,2,2,2,2,0,2,0,1,2,1,2,2,1,1,2
Best fitness found so far: -42.0; distance: 14.317821063276353
Generation: 212; 
d: 14.317821063276353; energy: -42.0; 1,0,0,0,2,2,0,2,2,1,0,1,0,1,2,1,0,0,1,1,2,2,2,0,0,0,2,1,2,2,1,1,2,2,0,1,1,2,1,1,1,0,0,0,2,2,1,0,0,2,0,1,2,2,1,2,2,1,1,2,1,0,0,0,2,2,1,2,1,1,2,2,1,1,1,1,1,1,0,0,1,1,2,2,2,2,0,2,0,1,2,1,2,2,2,1,2
Best fitness found so far: -42.0; distance: 14.317821063276353
Generation: 213; 
d: 14.317821063276353; energy: -42.0; 1,0,0,0,2,2,0,2,2,1,0,1,0,1,2,1,0,0,1,1,2,2,2,0,0,0,2,1,2,2,0,1,2,2,0,1,1,2,1,1,1,0,0,0,2,0,1,0,0,2,0,1,2,2,1,2,2,1,1,2,1,0,0,0,2,2,1,2,1,1,2,2,1,1,1,1,1,1,0,0,1,1,2,2,2,2,0,2,0,1,2,1,2,2,2,1,2
Best fitness found so far: -42.0; distance: 14.317821063276353
Generation: 214; 
d: 14.317821063276353; energy: -42.0; 1,0,0,1,2,2,2,2,2,1,0,1,0,1,2,1,0,0,1,1,2,2,2,0,0,0,2,1,2,2,0,1,2,2,2,1,1,2,1,1,1,0,0,0,2,0,1,0,0,1,0,1,2,2,1,2,2,1,1,2,1,0,0,0,2,2,1,2,1,1,2,2,1,1,1,1,1,1,0,0,1,1,2,2,2,2,0,2,0,1,2,1,2,2,2,1,2
Best fitness found so far: -42.0; distance: 14.317821063276353
Generation: 215; 
d: 14.317821063276353; energy: -42.0; 1,0,0,0,2,2,0,2,2,1,0,1,0,1,2,1,0,0,1,1,2,2,2,0,0,0,2,1,2,2,1,1,2,2,0,1,1,2,1,1,1,0,0,0,2,2,1,0,0,2,0,1,2,2,1,2,2,1,1,2,1,0,0,0,2,2,1,2,1,1,2,2,1,1,1,1,0,1,0,0,1,1,2,2,2,2,0,2,0,1,2,1,2,2,1,1,2
Best fitness found so far: -42.0; distance: 14.317821063276353
Generation: 216; 
d: 14.317821063276353; energy: -42.0; 1,0,0,0,2,2,2,2,2,1,0,1,0,1,2,1,0,0,1,1,2,2,2,0,0,0,2,1,2,2,0,1,2,2,0,1,1,2,1,1,1,0,0,0,2,2,1,0,0,2,0,1,2,2,1,2,2,1,1,2,1,0,0,0,2,2,1,2,1,1,2,2,1,1,1,1,1,1,0,0,1,1,2,2,2,2,0,2,0,1,2,1,2,2,2,1,2
Best fitness found so far: -42.0; distance: 14.317821063276353
Generation: 217; 
d: 14.317821063276353; energy: -42.0; 1,0,0,0,2,2,0,2,2,1,0,1,0,1,2,1,0,0,1,1,1,2,2,0,0,0,2,1,2,2,0,1,2,2,1,1,1,2,1,2,1,0,0,1,2,2,1,0,0,2,0,1,2,2,1,2,2,1,1,2,1,0,0,0,2,2,1,2,1,1,2,2,1,1,1,1,1,1,0,0,2,1,2,2,2,2,0,2,0,1,2,1,2,2,2,1,2
Best fitness found so far: -42.0; distance: 14.317821063276353
Generation: 218; 
d: 14.317821063276353; energy: -42.0; 1,0,0,0,2,2,0,2,2,1,0,1,0,1,2,1,0,0,1,1,2,2,2,0,0,0,2,1,2,2,1,1,2,2,0,1,1,2,1,1,1,0,0,0,2,2,1,0,0,2,0,1,2,2,1,2,2,1,1,2,1,0,0,0,2,2,1,2,1,1,2,2,1,1,1,1,1,1,0,0,1,1,2,2,2,2,0,2,0,1,2,1,2,2,2,1,2
Best fitness found so far: -42.0; distance: 14.317821063276353
Generation: 219; 
d: 14.317821063276353; energy: -42.0; 1,0,0,1,2,2,2,2,2,1,0,1,0,1,2,1,0,0,1,1,2,2,2,0,0,0,1,1,2,2,0,1,2,2,2,1,1,2,1,1,1,0,0,0,2,0,1,0,0,1,0,1,0,2,1,2,2,1,1,2,1,0,0,0,2,2,1,2,1,1,2,2,1,1,1,1,1,1,0,0,1,1,2,2,2,2,0,2,0,1,2,1,2,2,2,1,2
Best fitness found so far: -42.0; distance: 14.317821063276353
Generation: 220; 
d: 14.317821063276353; energy: -42.0; 1,0,0,1,2,2,0,2,2,1,0,1,0,1,2,1,0,0,1,1,0,2,2,0,0,0,2,1,2,2,0,1,2,2,0,1,1,2,1,1,1,0,0,0,2,0,1,0,0,2,0,0,2,2,1,0,2,1,1,2,1,0,0,0,2,2,1,2,1,1,2,2,1,1,1,1,1,1,0,0,1,1,2,2,2,2,0,2,0,1,2,1,2,2,2,2,1
Best fitness found so far: -42.0; distance: 14.317821063276353
Generation: 221; 
d: 14.317821063276353; energy: -42.0; 1,0,0,0,2,2,0,2,2,0,0,1,0,1,2,1,0,0,1,1,2,2,2,0,0,0,2,1,2,2,0,1,2,2,1,1,1,2,1,1,1,0,0,0,2,2,1,0,0,2,0,1,2,2,1,2,2,1,1,2,1,0,0,0,2,2,1,2,1,1,2,2,1,1,1,1,1,1,0,0,1,1,2,2,2,2,0,2,0,1,2,1,2,2,2,1,2
Best fitness found so far: -42.0; distance: 14.317821063276353
Generation: 222; 
d: 14.317821063276353; energy: -42.0; 1,0,0,0,2,2,0,2,2,1,0,1,0,1,2,1,0,0,1,1,2,2,2,0,1,0,2,1,2,2,0,1,2,2,0,1,1,2,1,1,1,0,0,0,2,2,1,0,0,2,0,1,2,2,1,2,2,1,1,2,1,0,0,0,2,2,1,2,1,1,2,2,1,1,1,1,1,1,0,0,1,1,2,2,2,2,0,2,0,1,2,1,2,2,2,2,1
Best fitness found so far: -42.0; distance: 14.317821063276353
Generation: 223; 
d: 14.317821063276353; energy: -42.0; 1,0,0,0,2,2,0,2,2,1,0,1,0,1,2,1,0,0,1,1,2,2,2,0,0,0,2,1,2,2,2,1,2,2,0,1,1,2,1,1,1,0,0,0,2,2,1,0,0,2,0,1,2,2,1,2,2,1,1,2,1,0,0,0,2,2,1,2,1,1,2,2,1,1,1,1,1,1,0,0,1,1,2,2,2,2,2,2,0,1,2,1,2,2,2,1,2
Best fitness found so far: -42.0; distance: 14.317821063276353
Generation: 224; 
d: 14.317821063276353; energy: -42.0; 1,0,0,0,2,2,0,2,2,1,0,0,0,1,2,1,0,0,1,1,2,2,2,0,1,0,0,1,2,2,0,1,2,2,0,1,1,2,1,1,1,0,0,0,2,0,1,0,0,0,0,1,2,2,1,2,2,1,1,2,1,0,0,0,2,2,1,2,1,1,2,2,1,1,1,1,0,1,0,0,1,1,2,2,2,2,0,2,0,1,2,1,2,2,2,1,2
Best fitness found so far: -42.0; distance: 14.317821063276353
Generation: 225; 
d: 14.317821063276353; energy: -42.0; 1,0,0,0,2,2,2,2,2,1,0,1,0,1,2,1,0,0,1,1,2,2,2,0,1,0,2,1,2,2,0,1,2,2,0,1,1,2,1,1,1,0,0,2,2,2,1,0,0,2,0,1,1,2,1,2,2,1,1,2,1,0,0,0,2,2,1,2,1,1,2,2,1,1,1,1,1,1,0,0,1,1,2,2,2,2,0,2,0,1,2,1,2,2,0,1,2
Best fitness found so far: -42.0; distance: 14.317821063276353
Generation: 226; 
d: 14.317821063276353; energy: -42.0; 1,0,0,1,2,2,0,2,2,1,0,1,0,1,2,1,0,0,1,1,1,2,2,0,0,0,2,1,2,2,0,1,2,2,1,1,1,2,1,1,1,0,0,0,2,0,1,0,0,2,0,0,2,2,1,2,2,1,1,2,1,0,0,0,2,2,1,2,1,1,2,2,1,1,1,1,1,1,0,0,1,1,2,2,2,2,0,2,0,1,2,1,2,2,2,1,0
Best fitness found so far: -42.0; distance: 14.317821063276353
Generation: 227; 
d: 14.317821063276353; energy: -42.0; 1,0,0,1,2,2,0,2,2,1,0,1,0,1,2,1,0,0,1,1,2,2,2,0,0,0,2,1,2,2,0,1,2,2,0,1,1,2,1,1,1,0,0,0,2,2,1,0,0,2,0,1,2,2,1,2,2,1,1,2,1,0,0,0,2,2,1,2,1,1,2,2,1,1,1,1,1,1,0,0,1,1,2,2,2,2,0,2,0,1,2,1,2,2,2,1,2
Best fitness found so far: -42.0; distance: 14.317821063276353
Generation: 228; 
d: 14.317821063276353; energy: -42.0; 1,0,0,0,2,2,0,2,2,1,0,1,0,1,2,1,0,0,1,1,2,2,2,0,1,0,2,1,2,2,0,1,2,2,0,1,1,2,1,1,1,0,0,0,2,0,1,0,0,1,0,1,2,2,1,0,2,1,1,2,1,0,0,0,2,2,1,2,1,1,2,2,1,1,1,1,1,1,0,0,1,1,2,2,2,2,0,2,0,1,2,1,2,2,2,0,2
Best fitness found so far: -42.0; distance: 14.317821063276353
Generation: 229; 
d: 14.317821063276353; energy: -42.0; 1,0,0,1,2,2,2,2,2,1,0,1,0,1,2,1,0,0,1,1,2,2,2,0,1,0,2,1,2,2,0,1,2,2,0,1,1,2,1,1,1,0,0,0,2,0,1,0,0,2,0,1,2,2,1,2,2,1,1,2,1,0,0,0,2,2,1,2,1,1,2,2,1,1,1,1,1,1,0,0,1,1,2,2,2,2,0,2,0,1,2,1,2,2,2,1,2
Best fitness found so far: -42.0; distance: 14.317821063276353
Generation: 230; 
d: 14.317821063276353; energy: -42.0; 1,0,0,0,2,2,2,2,2,1,0,1,0,1,2,1,0,0,1,1,2,2,2,0,0,0,2,1,2,2,0,1,2,2,0,1,1,2,1,1,1,0,0,0,2,2,1,0,0,2,0,1,2,2,1,2,2,1,1,2,1,0,0,0,2,2,1,2,1,1,2,2,1,1,1,1,1,1,0,0,1,1,2,2,2,2,0,2,0,1,2,1,2,2,1,2,1
Best fitness found so far: -42.0; distance: 14.317821063276353
Generation: 231; 
d: 14.317821063276353; energy: -42.0; 1,0,0,0,2,2,0,2,2,1,0,1,0,1,2,1,0,0,1,1,2,2,2,0,0,0,0,1,2,2,0,1,2,2,0,1,1,2,1,1,1,0,0,0,2,0,1,0,0,2,0,1,2,2,1,2,2,1,1,2,1,0,0,0,2,2,1,2,1,1,2,2,1,1,1,1,1,1,0,0,1,1,2,2,2,2,0,2,0,1,2,1,2,2,2,1,2
Best fitness found so far: -42.0; distance: 14.317821063276353
Generation: 232; 
d: 14.317821063276353; energy: -42.0; 1,0,0,1,2,2,2,2,2,1,0,1,0,1,2,1,0,0,1,1,2,2,2,0,1,0,2,1,2,2,0,1,2,2,0,1,1,2,1,1,1,0,0,0,2,2,1,0,0,2,0,1,2,2,1,2,2,1,1,2,1,0,0,0,2,2,1,2,1,1,2,2,1,1,1,1,1,1,0,0,1,1,2,2,2,2,0,2,0,1,2,1,2,2,2,1,2
Best fitness found so far: -42.0; distance: 14.317821063276353
Generation: 233; 
d: 14.317821063276353; energy: -42.0; 1,0,0,0,2,2,0,2,2,1,0,1,0,1,2,1,0,0,1,1,2,2,2,0,0,0,1,1,2,2,0,1,2,2,0,1,1,2,1,1,1,0,0,0,2,2,1,0,0,2,0,1,2,2,1,2,2,1,1,2,1,0,0,0,2,2,1,2,1,1,2,2,1,1,1,1,1,1,0,0,1,1,2,2,2,2,0,2,0,1,2,1,2,2,2,1,2
Best fitness found so far: -42.0; distance: 14.317821063276353
Generation: 234; 
d: 14.317821063276353; energy: -42.0; 1,0,0,0,2,2,0,2,2,1,0,1,0,1,2,1,0,0,1,1,0,2,2,0,0,0,2,1,2,2,0,1,2,2,0,1,1,2,1,1,1,0,0,0,2,2,1,0,0,2,0,1,2,2,1,2,2,1,1,2,1,0,0,0,2,2,1,2,1,1,2,2,1,1,1,1,1,1,0,0,1,1,2,2,2,2,0,2,0,1,2,1,2,2,2,1,2
Best fitness found so far: -42.0; distance: 14.317821063276353
Generation: 235; 
d: 14.317821063276353; energy: -42.0; 1,0,0,1,2,2,0,2,2,1,0,1,0,1,2,1,0,0,1,1,2,2,2,0,0,0,2,1,2,2,0,1,2,2,0,1,1,2,1,1,1,0,0,0,2,0,1,0,0,2,0,1,2,2,1,2,2,1,1,2,1,0,0,0,2,2,1,2,1,1,2,2,1,1,1,1,0,1,0,0,0,1,2,2,2,2,0,2,0,1,2,1,2,2,2,1,2
Best fitness found so far: -42.0; distance: 14.317821063276353
Generation: 236; 
d: 14.317821063276353; energy: -42.0; 1,0,0,1,2,2,2,2,2,1,0,1,0,1,2,1,0,0,1,1,2,2,2,0,0,0,2,1,2,2,0,1,2,2,1,1,1,2,1,2,1,0,0,0,2,0,1,0,0,1,0,1,2,2,1,0,2,1,1,2,1,0,0,0,2,2,1,2,1,1,2,2,1,1,1,1,1,1,0,0,1,1,2,2,2,2,0,2,0,1,2,1,2,2,2,0,1
Best fitness found so far: -42.0; distance: 14.317821063276353
Generation: 237; 
d: 14.317821063276353; energy: -42.0; 1,0,0,1,2,2,2,2,2,1,0,1,0,1,2,1,0,0,1,1,1,2,2,0,0,0,2,1,2,2,0,1,2,2,1,1,1,2,1,1,1,0,0,0,2,2,1,0,0,2,0,1,2,2,1,2,2,1,1,2,1,0,0,0,2,2,1,2,1,1,2,2,1,1,1,1,1,1,0,0,1,1,2,2,0,2,0,2,0,1,2,1,2,2,2,1,2
Best fitness found so far: -42.0; distance: 14.317821063276353
Generation: 238; 
d: 14.317821063276353; energy: -42.0; 1,0,0,1,2,2,2,2,2,1,0,1,0,1,2,1,0,0,1,1,0,2,2,0,0,0,2,1,2,2,0,1,2,2,0,1,1,2,1,1,1,0,0,0,2,2,1,0,0,2,0,1,1,2,1,2,2,1,1,2,1,0,0,0,2,2,1,2,1,1,2,2,1,1,1,1,1,1,0,0,1,1,2,2,2,2,0,2,0,1,2,1,2,2,1,1,2
Best fitness found so far: -42.0; distance: 14.317821063276353
Generation: 239; 
d: 14.317821063276353; energy: -42.0; 1,0,0,1,2,2,2,2,2,1,0,1,0,1,2,1,0,0,1,1,2,2,2,0,0,0,0,1,2,2,2,1,2,2,0,1,1,2,1,1,1,0,0,1,2,0,1,0,0,2,0,1,1,2,1,0,2,1,1,2,1,0,0,0,2,2,1,2,1,1,2,2,1,1,1,1,1,1,0,0,1,1,2,2,2,2,0,2,0,1,2,1,2,2,2,2,1
Best fitness found so far: -42.0; distance: 14.317821063276353
Generation: 240; 
d: 14.317821063276353; energy: -42.0; 1,0,0,0,2,2,0,2,2,1,0,1,0,1,2,1,0,0,1,1,2,2,2,0,0,0,2,1,2,2,0,1,2,2,0,1,1,2,1,1,1,0,0,1,2,0,1,0,0,1,0,1,2,2,1,2,2,1,1,2,1,0,0,0,2,2,1,2,1,1,2,2,1,1,1,1,1,1,0,0,1,1,2,2,2,2,0,2,0,1,2,1,2,2,2,1,2
Best fitness found so far: -42.0; distance: 14.317821063276353
Generation: 241; 
d: 14.317821063276353; energy: -42.0; 1,0,0,0,2,2,0,2,2,1,0,1,0,1,2,1,0,0,1,1,2,2,2,0,0,0,2,1,2,2,0,1,2,2,1,1,1,2,1,1,1,0,0,0,2,0,1,0,0,1,0,1,2,2,1,2,2,1,1,2,1,0,0,0,2,2,1,2,1,1,2,2,1,1,1,1,1,1,0,0,1,1,2,2,2,2,0,2,0,1,2,1,2,2,2,2,1
Best fitness found so far: -42.0; distance: 14.317821063276353
Generation: 242; 
d: 14.317821063276353; energy: -42.0; 1,0,0,0,2,2,2,2,2,1,0,1,0,1,2,1,0,0,1,1,2,2,2,0,0,0,2,1,2,2,0,1,2,2,0,1,1,2,1,1,1,0,0,0,2,2,1,0,0,2,0,1,2,2,1,2,2,1,1,2,1,0,0,0,2,2,1,2,1,1,2,2,1,1,1,1,1,1,2,0,1,1,2,2,2,2,2,2,0,1,2,1,2,2,1,1,2
Best fitness found so far: -42.0; distance: 14.317821063276353
Generation: 243; 
d: 14.317821063276353; energy: -42.0; 1,0,0,0,2,2,0,2,2,1,0,1,0,1,2,1,0,0,1,1,2,2,2,0,0,0,2,1,2,2,0,1,2,2,0,1,1,2,1,1,1,0,0,0,2,0,1,0,0,1,0,0,2,2,1,0,2,1,1,2,1,0,0,0,2,2,1,2,1,1,2,2,1,1,1,1,1,1,0,0,1,1,2,2,2,2,0,2,0,1,2,1,2,2,2,1,2
Best fitness found so far: -42.0; distance: 14.317821063276353
Generation: 244; 
d: 14.317821063276353; energy: -42.0; 1,0,0,1,2,2,0,2,2,1,0,1,0,1,2,1,0,0,1,0,2,2,2,0,0,0,2,1,2,2,0,1,2,2,0,1,1,2,1,1,1,0,0,0,2,2,1,0,0,2,0,1,2,2,1,2,2,1,1,2,1,0,0,0,2,2,1,2,1,1,2,2,1,1,1,1,1,1,0,0,0,1,2,2,2,2,0,2,0,1,2,1,2,2,2,2,1
Best fitness found so far: -42.0; distance: 14.317821063276353
Generation: 245; 
d: 14.317821063276353; energy: -42.0; 1,0,0,0,2,2,0,2,2,1,0,1,0,1,2,1,0,0,1,1,2,2,2,0,0,0,1,1,2,2,0,1,2,2,0,1,1,2,1,1,1,0,0,0,2,2,1,0,0,1,0,1,2,2,1,2,2,1,1,2,1,0,0,0,2,2,1,2,1,1,2,2,1,1,1,1,1,1,0,0,1,1,2,2,2,2,0,2,0,1,2,1,2,2,2,1,2
Best fitness found so far: -42.0; distance: 14.317821063276353
Generation: 246; 
d: 14.317821063276353; energy: -42.0; 1,0,0,0,2,2,0,2,2,1,0,1,0,1,2,1,0,0,1,1,2,2,2,0,1,0,2,1,2,2,0,1,2,2,2,1,1,2,1,1,1,0,0,2,2,0,1,0,0,2,0,1,2,2,1,0,2,1,1,2,1,0,0,0,2,2,1,2,1,1,2,2,1,1,1,1,1,1,0,0,1,1,2,2,2,2,0,2,0,1,2,1,2,2,2,1,2
Best fitness found so far: -42.0; distance: 14.317821063276353
Generation: 247; 
d: 14.317821063276353; energy: -42.0; 1,0,0,0,2,2,2,2,2,1,0,1,0,1,2,1,0,0,1,1,2,2,2,0,0,0,2,1,2,2,0,1,2,2,0,1,1,2,1,0,1,0,0,0,2,2,1,0,0,2,0,1,2,2,1,2,2,1,1,2,1,0,0,0,2,2,1,2,1,1,2,2,1,1,1,1,1,1,0,0,1,1,2,2,2,2,0,2,0,1,2,1,2,2,2,1,2
Best fitness found so far: -42.0; distance: 14.317821063276353
Generation: 248; 
d: 14.317821063276353; energy: -42.0; 1,0,0,0,2,2,0,2,2,1,0,1,0,1,2,1,0,0,1,1,2,2,2,0,1,0,2,1,2,2,0,1,2,2,0,1,1,2,1,1,1,0,0,0,2,0,1,0,0,1,0,1,2,2,1,2,2,1,1,2,1,0,0,0,2,2,1,2,1,1,2,2,1,1,1,1,1,1,0,0,1,1,2,2,2,2,0,2,0,1,2,1,2,2,1,1,2
Best fitness found so far: -42.0; distance: 14.317821063276353
Generation: 249; 
d: 14.317821063276353; energy: -42.0; 1,0,0,0,2,2,0,2,2,1,0,1,0,1,2,1,0,0,0,1,2,2,2,0,0,0,2,1,2,2,2,1,2,2,0,1,1,2,1,1,1,0,0,0,2,0,1,0,0,1,0,1,2,2,1,2,2,1,1,2,1,0,0,0,2,2,1,2,1,1,2,2,1,1,1,1,1,1,0,0,1,1,2,2,2,2,0,2,0,1,2,1,2,2,2,1,2
Best fitness found so far: -42.0; distance: 14.317821063276353
Generation: 250; 
d: 14.317821063276353; energy: -42.0; 1,0,0,1,2,2,2,2,2,1,0,1,0,1,2,1,0,0,0,1,2,2,2,0,0,0,2,0,2,2,0,1,2,2,0,1,1,2,1,1,1,0,0,0,2,0,1,0,0,2,0,1,2,2,1,2,2,1,1,2,1,0,0,0,2,2,1,2,1,1,2,2,1,1,1,1,1,1,0,0,1,1,2,2,2,2,0,2,0,1,2,1,2,2,2,1,2
Best fitness found so far: -42.0; distance: 14.317821063276353
Generation: 251; 
d: 14.317821063276353; energy: -42.0; 1,0,0,1,2,2,2,2,2,1,0,1,0,1,2,1,0,0,0,1,2,2,2,0,0,0,2,1,2,2,0,1,2,2,0,1,1,2,1,1,1,0,0,0,2,0,1,0,0,2,0,1,2,2,1,2,2,1,1,2,1,0,0,0,2,2,1,2,1,1,2,2,1,1,1,1,1,1,0,0,1,1,2,2,2,2,0,2,0,1,2,1,2,2,1,2,2
Best fitness found so far: -42.0; distance: 14.317821063276353
Generation: 252; 
d: 14.317821063276353; energy: -42.0; 1,0,0,0,2,2,2,2,2,1,0,1,0,1,2,1,0,0,0,1,2,2,2,0,0,0,2,1,2,2,0,1,2,2,0,1,1,2,1,1,1,0,0,0,2,0,1,0,0,2,0,1,2,2,1,2,2,1,1,2,1,0,0,0,2,2,1,2,1,1,2,2,1,1,1,1,1,1,0,0,1,1,2,2,2,2,0,2,0,1,2,1,2,2,2,1,2
Best fitness found so far: -42.0; distance: 14.317821063276353
Generation: 253; 
d: 14.317821063276353; energy: -42.0; 1,0,0,1,2,2,0,2,2,1,0,1,0,1,2,1,0,0,1,1,2,2,2,0,1,0,1,1,2,2,1,1,2,2,0,1,1,2,1,1,1,0,0,0,2,0,1,0,0,1,0,0,2,2,1,0,2,1,1,2,1,0,0,0,2,2,1,2,1,1,2,2,1,1,1,1,1,1,0,0,1,1,2,2,2,2,0,2,0,1,2,1,2,2,2,1,2
Best fitness found so far: -42.0; distance: 14.317821063276353
Generation: 254; 
d: 14.317821063276353; energy: -42.0; 1,0,0,1,2,2,0,2,2,1,0,1,0,1,2,1,0,0,1,1,2,2,2,0,1,0,2,1,2,2,0,1,2,2,0,1,1,2,1,1,1,0,0,0,2,2,1,0,0,2,0,1,2,2,1,2,2,1,1,2,1,0,0,0,2,2,1,2,1,1,2,2,1,1,1,1,1,1,0,0,1,1,2,2,2,2,0,2,0,1,2,1,2,2,2,1,2
Best fitness found so far: -42.0; distance: 14.317821063276353
Generation: 255; 
d: 14.317821063276353; energy: -42.0; 1,0,0,1,2,2,0,2,2,1,0,1,0,1,2,1,0,0,1,1,2,2,2,0,0,0,2,1,2,2,0,1,2,2,0,1,1,2,1,1,1,0,0,0,2,0,1,0,0,2,0,1,2,2,1,0,2,1,1,2,1,0,0,0,2,2,1,2,1,1,2,2,1,1,1,1,1,1,0,0,1,1,2,2,2,2,0,2,0,1,2,1,2,2,2,1,2
Best fitness found so far: -42.0; distance: 14.317821063276353
Generation: 256; 
d: 14.317821063276353; energy: -42.0; 1,0,0,0,2,2,0,2,2,1,0,1,0,1,2,1,0,0,1,1,2,2,2,0,0,0,2,1,2,2,0,1,2,2,0,1,1,2,1,1,1,0,0,0,2,0,1,0,0,2,0,1,2,2,1,2,2,1,1,2,1,0,0,0,2,2,1,2,1,1,2,2,1,1,1,1,1,1,0,0,1,1,2,2,2,2,0,2,0,1,2,1,2,2,2,1,2
Best fitness found so far: -42.0; distance: 14.317821063276353
Generation: 257; 
d: 14.317821063276353; energy: -42.0; 1,0,0,0,2,2,0,2,2,2,0,1,0,1,2,1,0,0,1,1,2,2,2,0,1,0,0,1,2,2,0,1,2,2,0,1,1,2,1,1,1,0,0,1,2,2,1,0,0,2,0,1,2,2,1,2,2,1,1,2,1,0,0,0,2,2,1,2,1,1,2,2,1,1,1,1,1,1,0,0,1,1,2,2,2,2,0,2,0,1,2,1,2,2,2,2,1
Best fitness found so far: -42.0; distance: 14.317821063276353
Generation: 258; 
d: 14.317821063276353; energy: -42.0; 1,0,0,0,2,2,0,2,2,1,0,1,0,1,2,1,0,0,1,1,2,2,2,0,0,0,1,1,2,2,1,1,2,2,0,1,1,2,1,1,1,0,0,0,2,0,1,0,0,1,0,0,2,2,1,0,2,1,1,2,1,0,0,0,2,2,1,2,1,1,2,2,1,1,1,1,1,1,0,0,1,1,2,2,2,2,0,2,0,1,2,1,2,2,1,1,2
Best fitness found so far: -42.0; distance: 14.317821063276353
Generation: 259; 
d: 14.317821063276353; energy: -42.0; 1,0,0,1,2,2,0,2,2,1,0,1,0,1,2,1,0,0,1,1,0,2,2,0,0,0,2,1,2,2,0,1,2,2,0,1,1,2,1,1,1,0,0,0,2,2,1,0,0,2,0,1,2,2,1,2,2,1,1,2,1,0,0,0,2,2,1,2,1,1,2,2,1,1,1,1,1,1,0,0,1,1,2,2,2,2,0,2,0,1,2,1,2,2,2,2,1
Best fitness found so far: -42.0; distance: 14.317821063276353
Generation: 260; 
d: 14.317821063276353; energy: -42.0; 1,0,0,1,2,2,0,2,2,1,0,1,0,1,2,1,0,0,1,1,2,2,2,0,0,0,2,1,2,2,0,1,2,2,0,1,1,2,1,1,1,0,0,0,2,2,1,0,0,2,0,1,2,2,1,2,2,1,1,2,1,0,0,0,2,2,1,2,1,1,2,2,1,1,1,1,1,1,0,0,1,1,2,2,2,2,0,2,0,1,2,1,2,2,2,1,1
Best fitness found so far: -42.0; distance: 14.317821063276353
Generation: 261; 
d: 14.317821063276353; energy: -42.0; 1,0,0,0,2,2,0,2,2,1,0,1,0,1,2,1,0,0,0,1,2,2,2,0,0,0,2,1,2,2,0,1,2,2,0,1,1,2,1,1,1,0,0,0,2,2,1,0,0,2,0,0,2,2,1,2,2,1,1,2,1,0,0,0,2,2,1,2,1,1,2,2,1,1,1,1,1,1,0,0,1,1,2,2,2,2,0,2,0,1,2,1,2,2,1,1,2
Best fitness found so far: -42.0; distance: 14.317821063276353
Generation: 262; 
d: 14.317821063276353; energy: -42.0; 1,0,0,0,2,2,0,2,2,1,0,1,0,1,2,1,0,0,0,1,2,2,2,0,0,0,2,1,2,2,1,1,2,2,2,1,1,2,1,1,1,0,0,0,2,0,1,0,0,2,0,1,2,2,1,0,2,1,1,2,1,0,0,0,2,2,1,2,1,1,2,2,1,1,1,1,1,1,0,0,1,1,2,2,2,2,2,2,0,1,2,1,2,2,2,1,2
Best fitness found so far: -42.0; distance: 14.317821063276353
Generation: 263; 
d: 14.317821063276353; energy: -42.0; 1,0,0,0,2,2,0,2,2,1,0,1,0,1,2,1,0,0,1,1,2,2,2,0,0,0,2,1,2,2,2,1,2,2,0,1,1,2,1,1,1,0,0,0,2,0,1,0,0,2,0,1,2,2,1,2,2,1,1,2,1,0,0,0,2,2,1,2,1,1,2,2,1,1,1,1,1,1,0,0,1,1,2,2,2,2,0,2,0,1,2,1,2,2,2,1,2
Best fitness found so far: -42.0; distance: 14.317821063276353
Generation: 264; 
d: 14.317821063276353; energy: -42.0; 1,0,0,1,2,2,2,2,2,1,0,1,0,1,2,1,0,0,1,1,2,2,2,0,0,0,2,1,2,2,0,1,2,2,0,1,1,2,1,0,1,0,0,0,2,2,1,0,0,2,0,1,2,2,1,2,2,1,1,2,1,0,0,0,2,2,1,2,1,1,2,2,1,1,1,1,1,1,0,0,1,1,2,2,2,2,0,2,0,1,2,1,2,2,2,1,2
Best fitness found so far: -42.0; distance: 14.317821063276353
Generation: 265; 
d: 14.317821063276353; energy: -42.0; 1,0,0,1,2,2,0,2,2,1,0,1,0,1,2,1,0,0,1,1,2,2,2,0,0,0,2,1,2,2,0,1,2,2,0,1,1,2,1,1,1,0,0,2,2,2,1,0,0,1,0,1,2,2,1,0,2,1,1,2,1,0,0,0,2,2,1,2,1,1,2,2,1,1,1,1,1,1,0,0,1,1,2,2,2,2,2,2,0,1,2,1,2,2,2,1,2
Best fitness found so far: -42.0; distance: 14.317821063276353
Generation: 266; 
d: 14.317821063276353; energy: -42.0; 1,0,0,0,2,2,0,2,2,1,0,1,0,1,2,1,0,0,1,1,2,2,2,0,1,0,2,1,2,2,0,1,2,2,0,1,1,2,1,1,1,0,0,0,2,2,1,0,0,2,0,1,2,2,1,2,2,1,1,2,1,0,0,0,2,2,1,2,1,1,2,2,1,1,1,1,1,1,0,0,1,1,2,2,2,2,0,2,0,1,2,1,2,2,2,1,2
Best fitness found so far: -42.0; distance: 14.317821063276353
Generation: 267; 
d: 14.317821063276353; energy: -42.0; 1,0,0,0,2,2,2,2,2,1,0,1,0,1,2,1,0,0,1,1,2,2,2,0,0,0,2,1,2,2,0,1,2,2,0,1,1,2,1,1,1,0,0,0,2,2,1,0,0,2,0,1,2,2,1,2,2,1,1,2,1,0,0,0,2,2,1,2,1,1,2,2,1,1,1,1,1,1,0,0,1,1,2,2,2,2,2,2,0,1,2,1,2,2,1,1,2
Best fitness found so far: -42.0; distance: 14.317821063276353
Generation: 268; 
d: 14.317821063276353; energy: -42.0; 1,0,0,0,2,2,2,2,2,1,0,1,0,1,2,1,0,0,1,1,2,2,2,0,0,0,2,1,2,2,0,1,2,2,0,1,1,2,1,2,1,0,0,1,2,0,1,0,0,0,0,1,2,2,1,0,2,1,1,2,1,0,0,0,2,2,1,2,1,1,2,2,1,1,1,1,1,1,0,0,0,1,2,2,2,2,0,2,0,1,2,1,2,2,2,1,2
Best fitness found so far: -42.0; distance: 14.317821063276353
Generation: 269; 
d: 14.317821063276353; energy: -42.0; 1,0,0,0,2,2,0,2,2,1,0,1,0,1,2,1,0,0,1,1,2,2,2,0,0,0,2,1,2,2,0,1,2,2,0,1,1,2,1,1,1,0,0,0,2,2,1,0,0,2,0,1,2,2,1,2,2,1,1,2,1,0,0,0,2,2,1,2,1,1,2,2,1,1,1,1,1,1,2,0,0,1,2,2,2,2,0,2,0,1,2,1,2,2,2,1,2
Best fitness found so far: -42.0; distance: 14.317821063276353
Generation: 270; 
d: 14.317821063276353; energy: -42.0; 1,0,0,0,2,2,0,2,2,1,0,1,0,1,2,1,0,0,1,1,2,2,2,0,1,0,2,1,2,2,0,1,2,2,0,1,1,2,1,1,1,0,0,0,2,2,1,0,0,2,0,1,2,2,1,2,2,1,1,2,1,0,0,0,2,2,1,2,1,1,2,2,1,1,1,1,1,1,0,0,1,1,2,2,2,2,0,2,0,1,2,1,2,2,2,1,2
Best fitness found so far: -42.0; distance: 14.317821063276353
Generation: 271; 
d: 14.317821063276353; energy: -42.0; 1,0,0,1,2,2,0,2,2,1,0,1,0,1,2,1,0,0,1,1,2,2,2,0,0,0,2,1,2,2,0,1,2,2,0,1,1,2,1,1,1,0,0,0,2,2,1,0,0,2,0,1,2,2,1,2,2,1,1,2,1,0,0,0,2,2,1,2,1,1,2,2,1,1,1,1,1,1,0,0,1,1,2,2,2,2,0,2,0,1,2,1,2,2,1,2,2
Best fitness found so far: -42.0; distance: 14.317821063276353
Generation: 272; 
d: 14.317821063276353; energy: -42.0; 1,0,0,1,2,2,2,2,2,1,0,1,0,1,2,1,0,0,1,1,2,2,2,0,0,0,1,1,2,2,0,1,2,2,0,1,1,2,1,1,1,0,0,0,2,2,1,0,0,2,0,0,2,2,1,2,2,1,1,2,1,0,0,0,2,2,1,2,1,1,2,2,1,1,1,1,1,1,0,0,1,1,2,2,2,2,0,2,0,1,2,1,2,2,2,1,2
Best fitness found so far: -42.0; distance: 14.317821063276353
Generation: 273; 
d: 14.317821063276353; energy: -42.0; 1,0,0,1,2,2,0,2,2,1,0,1,0,1,2,1,0,0,1,1,1,2,2,0,0,0,2,1,2,2,0,1,2,2,1,1,1,2,1,1,1,0,0,0,2,0,1,0,0,2,0,1,2,2,1,2,2,1,1,2,1,0,0,0,2,2,1,2,1,1,2,2,1,1,1,1,1,1,0,0,1,1,2,2,2,2,0,2,0,1,2,1,2,2,2,2,1
Best fitness found so far: -42.0; distance: 14.317821063276353
Generation: 274; 
d: 14.317821063276353; energy: -42.0; 1,0,0,0,2,2,0,2,2,1,0,1,0,1,2,1,0,0,1,1,2,2,2,0,0,0,2,1,2,2,0,1,2,2,0,1,1,2,1,0,1,0,0,0,2,0,1,0,0,2,0,1,2,2,1,2,2,1,1,2,1,0,0,0,2,2,1,2,1,1,2,2,1,1,1,1,1,1,0,0,1,1,2,2,2,2,0,2,0,1,2,1,2,2,2,1,2
Best fitness found so far: -42.0; distance: 14.317821063276353
Generation: 275; 
d: 14.317821063276353; energy: -42.0; 1,0,0,0,2,2,0,2,2,1,0,1,0,1,2,1,0,0,1,1,0,2,2,0,0,0,2,1,2,2,0,1,2,2,0,1,1,2,1,1,1,0,0,0,2,0,1,0,0,1,0,0,2,2,1,2,2,1,1,2,1,0,0,0,2,2,1,2,1,1,2,2,1,1,1,1,1,1,0,0,1,1,2,2,2,2,0,2,0,1,2,1,2,2,2,1,2
Best fitness found so far: -42.0; distance: 14.317821063276353
Generation: 276; 
d: 14.317821063276353; energy: -42.0; 1,0,0,0,2,2,0,2,2,1,0,1,0,1,2,1,0,0,1,1,2,2,2,0,0,0,2,1,2,2,0,1,2,2,0,1,1,2,1,1,1,0,0,0,2,0,1,0,0,2,0,1,0,2,1,2,2,1,1,2,1,0,0,0,2,2,1,2,1,1,2,2,1,1,1,1,1,1,0,0,1,1,2,2,2,2,2,2,0,1,2,1,2,2,2,1,2
Best fitness found so far: -42.0; distance: 14.317821063276353
Generation: 277; 
d: 14.317821063276353; energy: -42.0; 1,0,0,1,2,2,0,2,2,1,0,1,0,1,2,1,0,0,1,1,2,2,2,0,0,0,2,1,2,2,0,1,2,2,0,1,1,2,1,1,1,0,0,0,2,0,1,0,0,2,0,1,2,2,1,2,2,1,1,2,1,0,0,0,2,2,1,2,1,1,2,2,1,1,1,1,1,1,2,0,1,1,2,2,2,2,0,2,0,1,2,1,2,2,2,1,2
Best fitness found so far: -42.0; distance: 14.317821063276353
Generation: 278; 
d: 14.317821063276353; energy: -42.0; 1,0,0,0,2,2,2,2,2,0,0,1,0,1,2,1,0,0,1,1,2,2,2,0,0,0,2,1,2,2,0,1,2,2,0,1,1,2,1,1,1,0,0,0,2,0,1,0,0,2,0,1,2,2,1,2,2,1,1,2,1,0,0,0,2,2,1,2,1,1,2,2,1,1,1,1,1,1,0,0,1,1,2,2,2,2,2,2,0,1,2,1,2,2,2,1,2
Best fitness found so far: -42.0; distance: 14.317821063276353
Generation: 279; 
d: 14.317821063276353; energy: -42.0; 1,0,0,1,2,2,2,2,2,1,0,1,0,1,2,1,0,0,1,1,2,2,2,0,0,0,2,0,2,2,0,1,2,2,2,1,1,2,1,2,1,0,0,0,2,0,1,0,0,1,0,0,2,2,1,2,2,1,1,2,1,0,0,0,2,2,1,2,1,1,2,2,1,1,1,1,1,1,0,0,1,1,2,2,2,2,0,2,0,1,2,1,2,2,2,1,2
Best fitness found so far: -42.0; distance: 14.317821063276353
Generation: 280; 
d: 14.317821063276353; energy: -42.0; 1,0,0,0,2,2,0,2,2,1,0,1,0,1,2,1,0,0,1,1,2,2,2,0,0,0,2,1,2,2,0,1,2,2,0,1,1,2,1,1,1,0,0,0,2,0,1,0,0,2,0,1,2,2,1,2,2,1,1,2,1,0,0,0,2,2,1,2,1,1,2,2,1,1,1,1,1,1,0,0,1,1,2,2,2,2,0,2,0,1,2,1,2,2,2,1,2
Best fitness found so far: -42.0; distance: 14.317821063276353
Generation: 281; 
d: 14.317821063276353; energy: -42.0; 1,0,0,0,2,2,2,2,2,1,0,1,0,1,2,1,0,0,1,1,2,2,2,0,0,0,2,1,2,2,1,1,2,2,2,1,1,2,1,1,1,0,0,0,2,0,1,0,0,1,0,0,2,2,1,2,2,1,1,2,1,0,0,0,2,2,1,2,1,1,2,2,1,1,1,1,1,1,0,0,1,1,2,2,2,2,0,2,0,1,2,1,2,2,2,1,2
Best fitness found so far: -42.0; distance: 14.317821063276353
Generation: 282; 
d: 14.866068747318506; energy: -42.0; 2,0,0,0,2,2,0,2,2,1,0,1,0,1,2,1,0,0,1,1,2,2,2,0,0,0,1,1,2,2,0,1,2,2,2,1,1,2,1,1,1,0,0,0,2,2,1,0,0,2,0,1,2,2,1,2,2,1,1,2,1,0,0,0,2,2,1,2,1,1,2,2,1,1,1,1,1,1,0,0,1,1,2,2,2,2,0,2,0,1,2,1,2,2,2,2,1
Best fitness found so far: -42.0; distance: 14.317821063276353
Generation: 283; 
d: 14.317821063276353; energy: -42.0; 1,0,0,0,2,2,0,2,2,1,0,1,0,1,2,1,0,0,1,1,2,2,2,0,0,0,2,1,2,2,0,1,2,2,0,1,1,2,1,1,1,0,0,0,2,0,1,0,0,2,0,1,2,2,1,1,2,1,1,2,1,0,0,0,2,2,1,2,1,1,2,2,1,1,1,1,1,1,0,0,1,1,2,2,2,2,0,2,0,1,2,1,2,2,1,1,2
Best fitness found so far: -42.0; distance: 14.317821063276353
Generation: 284; 
d: 14.317821063276353; energy: -42.0; 1,0,0,0,2,2,0,2,2,0,0,1,0,1,2,1,0,0,1,1,2,2,2,0,0,0,1,1,2,2,0,1,2,2,2,1,1,2,1,1,1,0,0,0,2,0,1,0,0,2,0,1,2,2,1,2,2,1,1,2,1,0,0,0,2,2,1,2,1,1,2,2,1,1,1,1,1,1,0,0,1,1,2,2,2,2,0,2,0,1,2,1,2,2,0,1,0
Best fitness found so far: -42.0; distance: 14.317821063276353
Generation: 285; 
d: 14.317821063276353; energy: -42.0; 1,0,0,0,2,2,0,2,2,1,0,1,0,1,2,1,0,0,1,1,2,2,2,0,0,0,2,1,2,2,0,1,2,2,0,1,1,2,1,1,1,0,0,0,2,0,1,0,0,2,0,1,2,2,1,2,2,1,1,2,1,0,0,0,2,2,1,2,1,1,2,2,1,1,1,1,1,1,0,0,1,1,2,2,2,2,0,2,0,1,2,1,2,2,2,2,2
Best fitness found so far: -42.0; distance: 14.317821063276353
Generation: 286; 
d: 14.317821063276353; energy: -42.0; 1,0,0,0,2,2,0,2,2,1,0,1,0,1,2,1,0,0,1,1,2,2,2,0,0,0,2,1,2,2,0,1,2,2,2,1,1,2,1,1,1,0,0,0,2,2,1,0,0,2,0,1,2,2,1,2,2,1,1,2,1,0,0,0,2,2,1,2,1,1,2,2,1,1,1,1,1,1,0,0,1,1,2,2,2,2,0,2,0,1,2,1,2,2,2,1,2
Best fitness found so far: -42.0; distance: 14.317821063276353
Generation: 287; 
d: 14.317821063276353; energy: -42.0; 1,0,0,1,2,2,0,2,2,1,0,1,0,1,2,1,0,0,1,1,2,2,2,0,0,0,2,1,2,2,0,1,2,2,0,1,1,2,1,1,1,0,0,0,2,2,1,0,0,2,0,1,2,2,1,2,2,1,1,2,1,0,0,0,2,2,1,2,1,1,2,2,1,1,1,1,0,1,0,0,1,1,2,2,2,2,0,2,0,1,2,1,2,2,1,1,2
Best fitness found so far: -42.0; distance: 14.317821063276353
Generation: 288; 
d: 14.317821063276353; energy: -42.0; 1,0,0,0,2,2,0,2,2,1,0,1,0,0,2,1,0,0,1,1,2,2,2,0,0,0,2,1,2,2,0,1,2,2,0,1,1,2,1,1,1,0,0,0,2,2,1,0,0,2,0,1,2,2,1,2,2,1,1,2,1,0,0,0,2,2,1,2,1,1,2,2,1,1,1,1,1,1,0,0,1,1,2,2,2,2,2,2,0,1,2,1,2,2,2,1,2
Best fitness found so far: -42.0; distance: 14.317821063276353
Generation: 289; 
d: 14.317821063276353; energy: -42.0; 1,0,0,0,2,2,0,2,2,1,0,1,0,1,2,1,0,0,1,1,2,2,2,0,0,0,2,1,2,2,0,1,2,2,0,1,1,2,1,1,1,0,0,0,2,0,1,0,0,2,0,1,2,2,1,2,2,1,1,2,1,0,0,0,2,2,1,2,1,1,2,2,1,1,1,1,1,1,0,0,1,1,2,2,2,2,0,2,0,1,2,1,2,2,2,1,2
Best fitness found so far: -42.0; distance: 14.317821063276353
Generation: 290; 
d: 14.317821063276353; energy: -42.0; 1,0,0,1,2,2,0,2,2,1,0,1,0,1,2,1,0,0,1,1,2,2,2,0,0,0,2,1,2,2,0,1,2,2,0,1,1,2,1,1,1,0,0,0,2,2,1,0,0,2,0,1,2,2,1,2,2,1,1,2,1,0,0,0,2,2,1,2,1,1,2,2,1,1,1,1,1,1,0,0,1,1,2,2,2,2,0,2,0,1,2,1,2,2,2,1,2
Best fitness found so far: -42.0; distance: 14.317821063276353
Generation: 291; 
d: 14.317821063276353; energy: -42.0; 1,0,0,0,2,2,0,2,2,1,0,1,0,1,2,1,0,0,1,1,2,2,2,0,0,0,2,1,2,2,0,1,2,2,0,1,1,2,1,1,1,0,0,0,2,0,1,0,0,2,0,1,2,2,1,1,2,1,1,2,1,0,0,0,2,2,1,2,1,1,2,2,1,1,1,1,1,1,0,0,1,1,2,2,2,2,0,2,0,1,2,1,2,2,2,2,1
Best fitness found so far: -42.0; distance: 14.317821063276353
Generation: 292; 
d: 14.317821063276353; energy: -42.0; 1,0,0,0,2,2,0,2,2,1,0,1,0,1,2,1,0,0,1,1,2,2,2,0,0,0,1,1,2,2,0,1,2,2,0,1,1,2,1,1,1,0,0,0,2,2,1,0,0,1,0,1,2,2,1,2,2,1,1,2,1,0,0,0,2,2,1,2,1,1,2,2,1,1,1,1,1,1,0,0,1,1,2,2,2,2,0,2,0,1,2,1,2,2,2,1,2
Best fitness found so far: -42.0; distance: 14.317821063276353
Generation: 293; 
d: 14.317821063276353; energy: -42.0; 1,0,0,0,2,2,0,2,2,1,0,1,0,1,2,1,0,0,1,1,2,2,2,0,0,0,2,1,2,2,0,1,2,2,0,1,1,2,1,1,1,0,0,0,2,2,1,0,0,2,0,1,2,2,1,2,2,1,1,2,1,0,0,0,2,2,1,2,1,1,2,2,1,1,1,1,1,1,0,0,1,1,2,2,2,2,0,2,0,1,2,1,2,2,2,1,2
Best fitness found so far: -42.0; distance: 14.317821063276353
Generation: 294; 
d: 14.317821063276353; energy: -42.0; 1,0,0,1,2,2,2,2,2,1,0,1,0,1,2,1,0,0,1,1,2,2,2,0,0,0,2,1,2,2,1,1,2,2,0,1,1,2,1,1,1,0,0,0,2,0,1,0,0,2,0,1,2,2,1,2,2,1,1,2,1,2,0,0,2,2,1,2,1,1,2,2,1,1,1,1,1,1,0,0,1,1,2,2,2,2,0,2,0,1,2,1,2,2,2,1,2
Best fitness found so far: -42.0; distance: 14.317821063276353
Generation: 295; 
d: 14.317821063276353; energy: -42.0; 1,0,0,1,2,2,0,2,2,1,0,1,0,1,2,1,0,0,1,1,2,2,2,0,0,0,2,1,2,2,0,1,2,2,0,1,1,2,1,1,1,0,0,0,2,2,1,0,0,2,0,1,2,2,1,2,2,1,1,2,1,0,0,0,2,2,1,2,1,1,2,2,1,1,1,1,1,1,0,0,0,1,2,2,2,2,0,2,0,1,2,1,2,2,2,1,2
Best fitness found so far: -42.0; distance: 14.317821063276353
Generation: 296; 
d: 14.317821063276353; energy: -42.0; 1,0,0,1,2,2,0,2,2,1,0,1,0,1,2,1,0,0,1,1,2,2,2,0,0,0,2,1,2,2,0,1,2,2,0,1,1,2,1,1,1,0,0,0,2,0,1,0,0,2,0,1,2,2,1,2,2,1,1,2,1,0,0,0,2,2,1,2,1,1,2,2,1,1,1,1,1,1,0,0,1,1,2,2,2,2,0,2,0,1,2,1,2,2,2,2,1
Best fitness found so far: -42.0; distance: 14.317821063276353
Generation: 297; 
d: 14.317821063276353; energy: -42.0; 1,0,0,0,2,2,0,2,2,1,0,1,0,1,2,1,0,0,1,1,2,2,2,0,0,0,0,1,2,2,0,1,2,2,0,1,1,2,1,1,1,0,0,1,2,2,1,0,0,2,0,1,2,2,1,0,2,1,1,2,1,0,0,0,2,2,1,2,1,1,2,2,1,1,1,1,1,1,0,0,1,1,2,2,2,2,0,2,0,1,2,1,2,2,2,1,2
Best fitness found so far: -42.0; distance: 14.317821063276353
Generation: 298; 
d: 14.317821063276353; energy: -42.0; 1,0,0,0,2,2,2,2,2,1,0,1,0,1,2,1,0,0,1,1,1,2,2,0,0,0,2,1,2,2,0,1,2,2,0,1,1,2,1,1,1,0,0,0,2,2,1,0,0,1,0,0,2,2,1,0,2,1,1,2,1,0,0,0,2,2,1,2,1,1,2,2,1,1,1,1,1,1,0,0,1,1,2,2,2,2,0,2,0,1,2,1,2,2,2,1,2
Best fitness found so far: -42.0; distance: 14.317821063276353
Generation: 299; 
d: 14.317821063276353; energy: -42.0; 1,0,0,0,2,2,0,2,2,1,0,1,0,1,2,1,0,0,1,1,2,2,2,0,0,0,2,1,2,2,0,1,2,2,0,1,1,2,1,1,1,0,0,0,2,0,1,0,0,0,0,1,2,2,1,1,2,1,1,2,1,0,0,0,2,2,1,2,1,1,2,2,1,1,1,1,1,1,0,0,1,0,2,2,2,2,0,2,0,1,2,1,2,2,2,1,2
Best fitness found so far: -42.0; distance: 14.317821063276353
Generation: 300; 
d: 14.317821063276353; energy: -42.0; 1,0,0,1,2,2,2,2,2,1,0,1,0,1,2,1,0,0,1,1,2,2,2,0,0,0,2,1,2,2,0,1,2,2,2,1,1,2,1,1,1,0,0,0,2,2,1,0,0,2,0,1,2,2,1,2,2,1,1,2,1,0,0,0,2,2,1,2,1,1,2,2,1,1,1,1,1,1,0,0,2,1,2,2,0,2,0,2,0,1,2,1,2,2,2,1,2
Best fitness found so far: -42.0; distance: 14.317821063276353
Generation: 301; 
d: 14.317821063276353; energy: -42.0; 1,0,0,0,2,2,0,2,2,1,0,1,0,1,2,1,0,0,1,1,2,2,2,0,0,0,2,1,2,2,0,1,2,2,0,1,1,2,1,1,1,0,0,0,2,2,1,0,0,2,0,1,2,2,1,2,2,1,1,2,1,0,0,0,2,2,1,2,1,1,2,2,1,1,1,1,1,1,0,0,1,1,2,2,2,2,2,2,0,1,2,1,2,2,2,1,2
Best fitness found so far: -42.0; distance: 14.317821063276353
Generation: 302; 
d: 14.317821063276353; energy: -42.0; 1,0,0,1,2,2,2,2,2,1,0,1,0,1,2,1,0,0,1,1,1,2,2,0,0,0,0,1,2,2,0,1,2,2,0,1,1,2,1,1,1,0,0,0,2,0,1,0,0,1,0,1,2,2,1,2,2,1,1,2,1,0,0,0,2,2,1,2,1,1,2,2,1,1,1,1,1,1,0,0,1,1,2,2,2,2,0,2,0,1,2,1,2,2,2,1,2
Best fitness found so far: -42.0; distance: 14.317821063276353
Generation: 303; 
d: 14.317821063276353; energy: -42.0; 1,0,0,1,2,2,2,2,2,1,0,1,0,1,2,1,0,0,1,1,2,2,2,0,0,0,2,1,2,2,0,1,2,2,0,1,1,2,1,0,1,0,0,0,2,0,1,0,0,2,0,1,2,2,1,1,2,1,1,2,1,0,0,0,2,2,1,2,1,1,2,2,1,1,1,1,1,1,0,0,1,1,2,2,2,2,0,2,0,1,2,1,2,2,2,2,2
Best fitness found so far: -42.0; distance: 14.317821063276353
Generation: 304; 
d: 15.264337522473747; energy: -42.0; 1,2,0,1,2,2,2,2,2,1,0,1,0,1,2,1,0,0,1,1,2,2,2,0,0,0,2,1,2,2,1,1,2,2,0,1,1,2,1,1,1,0,0,2,2,0,1,0,0,2,0,1,2,2,1,0,2,1,1,2,1,0,0,0,2,2,1,2,1,1,2,2,1,1,1,1,1,1,0,0,1,1,2,2,2,2,0,2,0,1,2,1,2,2,2,1,2
Best fitness found so far: -42.0; distance: 14.317821063276353
Generation: 305; 
d: 14.317821063276353; energy: -42.0; 1,0,0,0,2,2,0,2,2,1,0,1,0,1,2,1,0,0,1,1,2,2,2,0,0,0,2,1,2,2,0,1,2,2,0,1,1,2,1,2,1,0,0,0,2,2,1,0,0,2,0,1,2,2,1,2,2,1,1,2,1,0,0,0,2,2,1,2,1,1,2,2,1,1,1,1,1,1,0,0,0,1,2,2,2,2,0,2,0,1,2,1,2,2,2,1,2
Best fitness found so far: -42.0; distance: 14.317821063276353
Generation: 306; 
d: 14.317821063276353; energy: -42.0; 1,0,0,1,2,2,0,2,2,1,0,1,0,1,2,1,0,0,1,1,2,2,2,0,0,0,0,1,2,2,0,1,2,2,0,1,1,2,1,1,1,0,0,0,2,2,1,0,0,2,0,1,2,2,1,2,2,1,1,2,1,0,0,0,2,2,1,2,1,1,2,2,1,1,1,1,1,1,0,0,1,1,2,2,1,2,0,2,0,1,2,1,2,2,2,2,1
Best fitness found so far: -42.0; distance: 14.317821063276353
Generation: 307; 
d: 14.317821063276353; energy: -42.0; 1,0,0,0,2,2,0,2,2,1,0,1,0,1,2,1,0,0,1,1,2,2,0,0,0,0,0,1,2,2,0,1,2,2,0,1,1,2,1,1,1,0,0,0,2,2,1,0,0,0,0,1,2,2,1,2,2,1,1,2,1,0,0,0,2,2,1,2,1,1,2,2,1,1,1,1,1,1,0,0,1,1,2,2,2,2,0,2,0,1,2,1,2,2,2,1,2
Best fitness found so far: -42.0; distance: 14.317821063276353
Generation: 308; 
d: 14.317821063276353; energy: -42.0; 1,0,0,0,2,2,2,2,2,0,0,1,0,1,2,1,0,0,1,1,2,2,2,0,0,0,2,1,2,2,0,1,2,2,1,1,1,2,1,1,1,0,0,0,2,2,1,0,0,2,0,1,2,2,1,2,2,1,1,2,1,0,0,0,2,2,1,2,1,1,2,2,1,1,1,1,1,1,0,0,1,1,2,2,2,2,0,2,0,1,2,1,2,2,2,2,1
Best fitness found so far: -42.0; distance: 14.317821063276353
Generation: 309; 
d: 14.317821063276353; energy: -42.0; 1,0,0,0,2,2,0,2,2,1,0,1,0,1,2,1,0,0,1,1,2,2,2,0,0,0,2,1,2,2,0,1,2,2,0,1,1,2,1,1,1,0,0,0,2,0,1,0,0,1,0,0,2,2,1,0,2,1,1,2,1,0,0,0,2,2,1,2,1,1,2,2,1,1,1,1,1,1,0,0,0,1,2,2,2,2,0,2,0,1,2,1,2,2,2,2,1
Best fitness found so far: -42.0; distance: 14.317821063276353
Generation: 310; 
d: 14.317821063276353; energy: -42.0; 1,0,0,1,2,2,0,2,2,1,0,1,0,1,2,1,0,0,1,1,2,2,2,0,0,0,2,1,2,2,0,1,2,2,0,1,1,2,1,1,1,0,0,0,2,2,1,0,0,2,0,1,2,2,1,2,2,1,1,2,1,0,0,0,2,2,1,2,1,1,2,2,1,1,1,1,1,1,0,0,1,1,2,2,2,2,0,2,0,1,2,1,2,2,2,1,2
Best fitness found so far: -42.0; distance: 14.317821063276353
Generation: 311; 
d: 14.317821063276353; energy: -42.0; 1,0,0,1,2,2,2,2,2,1,0,1,0,1,2,1,0,0,1,1,2,2,2,0,0,0,2,1,2,2,0,1,2,2,1,1,1,2,1,1,1,0,0,0,2,2,1,0,0,2,0,1,2,2,1,2,2,1,1,2,1,0,0,0,2,2,1,2,1,1,2,2,1,1,1,1,1,1,0,0,1,1,2,2,2,2,0,2,0,1,2,1,2,2,2,2,1
Best fitness found so far: -42.0; distance: 14.317821063276353
Generation: 312; 
d: 14.7648230602334; energy: -42.0; 0,0,0,1,2,2,2,2,2,1,0,1,0,1,2,1,0,0,1,0,2,2,2,0,0,0,2,1,2,2,0,1,2,2,0,1,1,2,1,1,1,0,0,0,2,2,1,0,0,2,0,1,2,2,1,2,2,1,1,2,1,0,0,0,2,2,1,2,1,1,2,2,1,1,1,1,1,1,0,0,1,1,2,2,2,2,0,2,0,1,2,1,2,2,2,1,2
Best fitness found so far: -42.0; distance: 14.317821063276353
Generation: 313; 
d: 14.317821063276353; energy: -42.0; 1,0,0,1,2,2,0,2,2,1,0,1,0,1,2,1,0,0,1,1,2,2,2,0,0,0,2,1,2,2,0,1,2,2,2,1,1,2,1,2,1,0,0,0,2,0,1,0,0,2,0,1,2,2,1,2,2,1,1,2,1,0,0,0,2,2,1,2,1,1,2,2,1,1,1,1,1,1,0,0,1,0,2,2,2,2,0,2,0,1,2,1,2,2,2,1,2
Best fitness found so far: -42.0; distance: 14.317821063276353
