Algorithm configured with: 
Pop: 3000
Aux Pop: 200
Crossover: SinglePointCrossover
CrP: 0.9
Mutation: BitFlipMutation
MtP: 0.01
Starting executions...
Execution: 1
Generation: 0; 
d: 100.0; energy: 0.0; 2,2,2,1,1,0,2,0,1,1,0,0,0,2,0,1,2,1,1,1,1,1,2,0,2,0,0,0,2,0,0,1,1,1,2,0,1,0,0,1,1,0,0,1,1,2,0,0,2,1,1,1,1,1,0,1,0,1,1,1,2,2,0,0,2,2,1,1,0,1,2,2,0,2,0,0,1,2,1,1,0,1,1,1,0,2,1,0,2,0,0,1,0,0,2,1,0,2
Best fitness found so far: 0.0; distance: 100.0
Generation: 1; 
d: 17.029386365926403; energy: -24.0; 1,0,0,0,1,0,0,1,2,2,0,2,2,2,2,0,1,1,2,0,1,0,2,2,1,0,1,1,0,0,0,0,1,1,0,0,2,0,1,2,2,0,2,0,2,2,1,1,0,0,1,0,1,2,0,1,1,0,1,0,2,2,0,0,2,2,1,2,2,2,2,2,2,2,2,2,1,2,0,1,2,1,2,0,0,0,1,1,0,0,0,0,1,0,2,0,0,0
Best fitness found so far: -24.0; distance: 17.029386365926403
Generation: 2; 
d: 15.811388300841896; energy: -25.0; 1,0,0,0,1,0,0,1,2,2,0,2,2,2,2,0,1,1,2,0,1,0,2,2,1,0,1,1,0,0,0,0,1,1,0,0,2,0,1,2,2,0,2,0,2,2,1,1,0,0,1,0,1,2,0,1,1,0,1,0,2,2,0,0,2,2,1,2,2,2,2,2,2,2,2,2,1,2,0,1,2,1,2,0,0,0,0,1,0,0,0,0,1,0,2,0,0,0
Best fitness found so far: -25.0; distance: 15.811388300841896
Generation: 3; 
d: 24.73863375370596; energy: -22.0; 1,1,2,1,0,0,1,0,2,1,2,0,0,1,2,2,0,0,2,1,1,0,0,1,1,1,2,2,1,1,0,2,1,2,1,2,1,1,1,2,2,1,1,1,2,0,2,0,0,0,0,0,2,0,1,0,1,2,1,2,0,0,1,0,2,1,2,2,1,0,0,0,1,1,1,0,0,0,0,1,1,2,0,1,2,1,2,2,1,1,2,2,1,2,2,1,0,0
Best fitness found so far: -25.0; distance: 15.811388300841896
Generation: 4; 
d: 20.615528128088304; energy: -24.0; 1,0,1,0,2,0,2,0,0,0,2,1,2,2,2,1,1,1,0,1,1,0,0,1,2,1,2,1,2,1,2,0,1,2,2,0,1,2,0,2,1,2,1,1,2,0,0,0,0,1,1,0,2,2,0,0,2,1,1,0,1,1,0,1,0,0,2,0,1,0,1,0,0,0,0,0,1,1,2,1,0,2,1,2,1,2,0,2,2,0,2,2,1,2,2,0,1,1
Best fitness found so far: -25.0; distance: 15.811388300841896
Generation: 5; 
d: 16.278820596099706; energy: -25.0; 2,0,2,2,2,2,2,1,0,0,2,2,2,2,2,1,0,0,0,0,0,2,0,0,0,0,0,1,2,1,1,1,1,2,2,1,1,2,2,2,1,0,0,0,1,1,0,2,0,0,0,0,1,0,2,1,1,2,0,0,2,0,1,1,0,0,1,1,2,0,2,2,1,0,0,0,0,1,2,1,2,0,2,1,2,2,0,1,1,0,2,1,1,2,0,0,1,1
Best fitness found so far: -25.0; distance: 15.811388300841896
Generation: 6; 
d: 15.231546211727817; energy: -25.0; 2,2,1,1,0,1,2,1,0,0,0,2,0,0,0,1,1,0,1,2,2,1,0,1,2,1,0,2,2,0,1,2,1,1,1,2,2,2,2,2,2,2,2,0,1,2,1,0,0,0,2,2,1,2,2,1,1,1,1,2,1,2,2,2,2,0,2,2,0,1,2,2,0,0,2,0,0,0,2,2,1,0,1,1,1,1,0,0,2,0,2,2,0,2,0,2,0,0
Best fitness found so far: -25.0; distance: 15.811388300841896
Generation: 7; 
d: 16.278820596099706; energy: -28.0; 1,0,1,2,0,0,2,1,1,1,0,0,0,2,1,2,0,1,1,1,1,1,0,1,2,0,2,2,2,0,1,2,0,0,2,0,0,0,2,0,1,2,2,1,2,1,2,2,2,0,1,0,0,2,2,2,0,1,1,1,0,0,0,2,1,1,2,2,0,0,0,0,1,0,0,0,0,0,1,1,1,2,1,1,1,0,0,0,1,1,0,2,2,1,0,1,2,1
Best fitness found so far: -28.0; distance: 16.278820596099706
Generation: 8; 
d: 15.0; energy: -26.0; 0,2,1,2,2,1,0,2,2,0,2,2,2,2,1,0,1,0,1,0,1,0,0,2,0,0,0,0,1,0,2,2,0,2,2,2,2,0,1,0,2,2,0,0,0,2,2,1,1,1,2,1,0,0,0,2,1,2,2,2,0,1,2,1,2,2,0,1,1,1,0,0,2,0,0,0,2,1,1,0,2,1,1,2,2,1,1,0,2,0,1,1,2,2,1,1,0,2
Best fitness found so far: -28.0; distance: 16.278820596099706
Generation: 9; 
d: 16.401219466856727; energy: -28.0; 1,1,2,2,2,0,0,0,1,2,1,2,2,0,2,1,0,1,0,0,0,1,2,0,0,0,1,2,1,0,1,2,1,2,2,1,1,2,2,2,0,1,0,0,0,1,1,0,2,2,1,1,2,1,1,1,2,0,1,1,1,2,0,2,1,2,1,1,2,2,2,0,0,0,1,1,0,0,0,0,2,0,2,2,0,2,0,2,0,2,0,0,2,0,0,0,0,0
Best fitness found so far: -28.0; distance: 16.278820596099706
Generation: 10; 
d: 16.76305461424021; energy: -29.0; 0,1,0,0,1,2,1,0,1,1,0,0,1,2,2,1,0,1,1,1,1,0,0,0,2,0,1,2,0,2,0,0,2,2,0,2,2,0,1,2,2,0,1,1,2,2,1,1,0,2,2,2,1,0,2,1,1,2,0,0,2,0,1,1,0,0,1,1,2,0,2,2,1,0,0,0,0,1,2,1,2,0,2,1,2,2,0,1,1,0,2,2,2,2,2,1,2,0
Best fitness found so far: -29.0; distance: 16.76305461424021
Generation: 11; 
d: 17.4928556845359; energy: -29.0; 0,1,0,0,1,2,1,0,1,1,0,0,1,2,2,1,0,1,1,1,1,0,0,0,2,0,1,2,0,2,0,0,2,2,0,2,2,0,1,2,2,0,1,1,2,2,1,1,0,2,2,2,2,1,0,0,2,2,0,1,1,2,0,2,1,2,1,1,2,2,2,1,0,0,1,1,0,0,0,0,2,0,0,1,0,0,0,0,0,1,1,0,1,1,0,1,1,1
Best fitness found so far: -29.0; distance: 16.76305461424021
Generation: 12; 
d: 15.652475842498529; energy: -29.0; 0,1,2,2,0,2,0,2,0,1,1,0,0,0,0,0,1,1,2,1,2,1,0,2,1,2,2,1,2,0,0,0,0,1,2,0,0,1,0,1,0,2,1,2,0,0,1,0,1,2,1,2,0,2,1,2,2,0,0,0,2,2,1,1,2,0,0,2,1,2,0,0,0,0,0,1,2,1,2,2,0,0,2,2,0,0,2,2,1,0,2,0,0,1,0,2,0,2
Best fitness found so far: -29.0; distance: 16.76305461424021
Generation: 13; 
d: 14.866068747318506; energy: -32.0; 0,1,0,0,0,2,2,0,1,2,1,2,2,0,1,1,1,2,0,0,0,0,0,1,1,2,1,2,2,2,2,0,0,0,1,2,0,0,0,1,2,2,1,2,0,1,0,1,1,2,1,1,1,2,2,2,0,2,2,1,2,0,0,0,1,1,2,2,2,1,1,0,1,1,0,0,0,2,1,2,1,2,1,0,0,0,0,0,0,1,0,2,1,0,0,0,1,0
Best fitness found so far: -32.0; distance: 14.866068747318506
Generation: 14; 
d: 17.204650534085253; energy: -30.0; 0,0,1,1,2,2,1,0,2,0,1,1,1,1,1,2,1,1,2,2,1,1,2,0,1,0,0,1,2,0,0,1,0,0,1,2,2,0,2,0,0,1,0,1,0,0,1,1,0,2,1,2,2,2,0,0,0,1,2,2,1,2,0,0,1,2,2,2,2,2,1,2,2,1,2,2,1,0,2,2,2,2,2,0,0,2,0,0,2,2,2,0,0,0,0,0,0,0
Best fitness found so far: -32.0; distance: 14.866068747318506
Generation: 15; 
d: 15.811388300841896; energy: -33.0; 1,0,1,1,2,2,1,0,0,2,1,2,2,2,1,1,1,2,0,0,0,0,0,1,1,2,1,2,2,2,2,0,0,0,1,2,0,0,0,1,2,2,1,2,0,1,0,1,1,2,1,1,1,2,2,2,0,2,2,1,2,0,0,0,1,1,2,2,2,1,1,0,1,1,0,0,0,2,1,2,1,2,1,0,0,0,0,0,0,1,0,2,1,0,0,0,1,0
Best fitness found so far: -33.0; distance: 15.811388300841896
Generation: 16; 
d: 15.652475842498529; energy: -31.0; 0,1,2,2,0,2,0,2,0,1,1,0,0,0,0,0,1,1,2,1,2,1,0,2,1,2,2,1,2,0,0,1,0,0,1,2,2,0,2,0,0,1,0,1,0,0,1,1,0,2,1,2,2,2,0,0,0,1,2,2,1,2,0,0,1,2,2,2,2,2,1,2,2,1,2,2,1,0,2,2,2,2,2,0,0,2,0,0,2,2,2,0,0,0,0,0,0,0
Best fitness found so far: -33.0; distance: 15.811388300841896
Generation: 17; 
d: 14.422205101855956; energy: -33.0; 0,1,2,2,0,2,0,2,0,1,1,0,0,0,0,0,1,1,2,1,2,1,0,2,1,2,2,1,2,0,1,0,0,1,2,0,0,1,0,1,0,2,1,2,0,0,1,0,1,2,1,0,0,2,1,2,1,2,1,1,0,2,1,1,0,1,2,1,2,2,2,2,1,2,0,2,2,0,0,2,2,1,1,2,0,0,0,0,2,2,0,0,2,0,0,0,0,0
Best fitness found so far: -33.0; distance: 15.811388300841896
Generation: 18; 
d: 19.4164878389476; energy: -32.0; 1,0,1,1,0,1,0,0,1,2,2,2,1,2,2,2,1,0,1,2,1,2,2,2,1,2,1,1,0,2,2,1,1,1,1,2,2,1,1,2,1,2,2,2,2,1,2,2,1,0,0,1,1,2,0,0,2,2,0,1,1,2,0,2,1,2,1,1,2,2,2,1,0,0,1,1,0,0,0,0,2,0,0,1,0,0,0,0,0,1,1,0,1,1,0,1,1,1
Best fitness found so far: -33.0; distance: 15.811388300841896
Generation: 19; 
d: 14.422205101855956; energy: -33.0; 0,1,2,2,0,2,0,2,0,1,1,0,0,0,0,0,1,1,2,1,2,1,0,2,1,2,2,1,2,0,1,0,0,1,2,0,0,1,0,1,0,2,1,2,0,0,1,0,1,2,1,0,0,2,1,2,1,2,1,1,0,2,1,1,0,1,2,1,2,2,2,2,1,2,0,2,2,0,0,2,2,1,1,2,0,0,0,0,2,2,0,0,2,0,0,0,0,0
Best fitness found so far: -33.0; distance: 15.811388300841896
Generation: 20; 
d: 14.422205101855956; energy: -33.0; 0,1,2,2,0,2,0,2,0,1,1,0,0,0,0,0,1,1,2,1,2,1,0,2,1,2,2,1,2,0,1,0,0,1,2,0,0,1,0,1,0,2,1,2,0,0,1,0,1,2,1,0,0,2,1,2,1,2,1,1,0,2,1,1,0,1,2,1,2,2,2,2,1,2,0,2,2,0,0,2,2,1,1,2,0,0,0,0,2,2,0,0,2,0,0,0,0,0
Best fitness found so far: -33.0; distance: 15.811388300841896
Generation: 21; 
d: 15.811388300841896; energy: -33.0; 1,0,1,1,2,2,1,0,0,2,1,2,2,2,1,1,1,2,0,0,0,0,0,1,1,2,1,2,2,2,2,0,0,0,1,2,0,0,0,1,2,2,1,2,0,1,0,1,1,2,1,1,1,2,2,2,0,2,2,1,2,0,0,0,1,1,2,2,2,1,1,0,1,1,0,0,0,2,1,2,1,2,1,0,0,0,0,0,0,1,0,2,1,0,0,0,1,0
Best fitness found so far: -33.0; distance: 15.811388300841896
Generation: 22; 
d: 16.1245154965971; energy: -33.0; 0,1,0,0,2,0,1,2,0,2,2,1,2,1,0,2,1,2,2,2,2,0,2,2,0,2,1,2,1,1,1,1,1,2,2,1,1,2,2,2,1,0,0,0,2,1,0,2,2,0,1,0,1,0,2,1,0,2,0,1,1,0,1,0,0,2,2,0,2,2,2,2,2,2,2,2,1,2,0,1,2,1,2,0,0,0,0,0,0,2,2,2,0,1,1,0,0,1
Best fitness found so far: -33.0; distance: 15.811388300841896
Generation: 23; 
d: 16.64331697709324; energy: -34.0; 0,1,2,2,2,0,0,0,2,1,0,0,0,0,2,0,2,0,0,2,0,0,0,2,2,1,0,2,2,2,2,0,0,0,1,2,0,0,0,1,2,2,1,2,0,1,0,1,1,2,1,1,1,2,2,2,0,2,2,1,2,0,0,0,1,1,2,2,2,1,1,0,1,1,0,0,0,2,1,2,1,2,1,0,0,0,0,0,0,1,0,2,1,0,0,0,1,0
Best fitness found so far: -34.0; distance: 16.64331697709324
Generation: 24; 
d: 13.601470508735444; energy: -35.0; 0,2,2,2,0,2,0,2,0,1,1,0,0,0,0,0,1,1,2,1,2,1,0,2,1,2,2,1,2,0,0,0,0,0,0,0,0,1,1,1,2,2,0,0,1,0,0,1,1,2,1,1,1,2,2,2,0,2,2,1,2,0,0,0,0,1,2,2,2,2,2,2,1,0,0,2,2,2,0,2,0,1,1,0,0,0,0,0,0,1,1,0,1,1,0,1,1,1
Best fitness found so far: -35.0; distance: 13.601470508735444
Generation: 25; 
d: 16.64331697709324; energy: -34.0; 1,0,1,1,0,1,0,0,1,2,2,2,1,2,2,2,1,0,1,2,1,2,2,0,1,2,0,1,1,1,1,1,1,2,2,1,1,2,2,2,1,0,0,0,2,1,0,2,2,0,1,0,1,0,2,1,0,2,0,1,1,0,1,0,0,2,2,0,2,2,2,2,0,2,0,2,2,2,2,1,1,2,0,2,2,1,2,0,1,2,2,0,2,2,1,1,2,2
Best fitness found so far: -35.0; distance: 13.601470508735444
Generation: 26; 
d: 15.652475842498529; energy: -33.0; 2,0,0,0,0,1,1,2,0,1,0,0,1,0,2,1,0,1,1,1,1,0,0,0,2,0,2,0,2,1,1,1,2,0,2,2,1,1,2,1,2,2,0,0,0,0,0,1,1,2,1,1,1,2,2,2,0,2,2,1,2,0,0,0,0,1,2,2,0,1,2,0,2,2,1,2,1,0,0,2,0,0,1,2,1,2,1,2,0,0,1,2,2,1,1,1,2,2
Best fitness found so far: -35.0; distance: 13.601470508735444
Generation: 27; 
d: 15.0; energy: -36.0; 1,0,0,0,2,0,1,2,0,1,1,0,0,0,1,2,2,0,2,0,0,1,1,0,0,2,1,1,0,0,0,1,0,0,0,1,2,0,0,1,0,0,0,0,2,1,0,2,1,0,1,0,1,1,2,0,0,0,0,0,2,0,1,1,0,0,1,1,2,0,2,2,1,0,0,0,0,1,2,1,2,0,0,1,2,2,2,2,1,2,0,1,0,0,0,1,0,0
Best fitness found so far: -36.0; distance: 15.0
Generation: 28; 
d: 15.0; energy: -36.0; 1,0,0,0,2,0,1,2,0,1,1,0,0,0,1,2,2,0,2,0,0,1,1,0,0,2,1,1,0,0,0,1,0,0,0,1,2,0,0,1,0,0,0,0,2,1,0,2,1,0,1,0,1,1,2,0,0,0,0,0,2,0,1,1,0,0,1,1,2,0,2,2,1,0,0,0,0,1,2,1,2,0,0,1,2,2,2,2,1,2,0,1,0,0,0,1,0,0
Best fitness found so far: -36.0; distance: 15.0
Generation: 29; 
d: 15.524174696260024; energy: -35.0; 0,0,2,0,1,0,0,2,2,1,1,0,2,0,2,0,0,1,0,1,0,1,1,2,2,2,2,1,1,1,1,1,1,2,2,1,1,2,2,2,1,0,0,0,2,1,0,2,2,0,1,0,1,0,2,1,0,2,0,1,1,0,1,0,0,2,2,0,2,2,2,2,2,2,2,2,1,2,0,1,2,1,2,0,0,0,0,0,0,1,1,0,1,0,0,0,0,2
Best fitness found so far: -36.0; distance: 15.0
Generation: 30; 
d: 15.0; energy: -36.0; 1,0,0,0,2,0,1,2,0,1,1,0,0,0,1,2,2,0,2,0,0,1,1,0,0,2,1,1,0,0,0,1,0,0,0,1,2,0,0,1,0,0,0,0,2,1,0,2,1,0,1,0,1,1,2,0,0,0,0,0,2,0,1,1,0,0,1,1,2,0,2,2,1,0,0,0,0,1,2,1,2,0,0,1,2,2,2,2,1,2,0,1,0,0,0,1,0,0
Best fitness found so far: -36.0; distance: 15.0
Generation: 31; 
d: 17.204650534085253; energy: -36.0; 1,0,0,0,2,0,1,2,0,1,1,0,0,0,1,2,2,0,2,0,0,1,2,0,0,2,1,1,0,0,0,1,0,0,0,1,2,0,0,1,0,0,0,0,2,1,0,2,1,0,1,0,1,1,2,0,0,1,0,0,2,0,1,1,0,0,1,1,2,0,2,2,1,0,0,0,0,1,2,1,2,0,2,1,2,2,0,1,0,2,1,0,1,0,0,0,0,0
Best fitness found so far: -36.0; distance: 15.0
Generation: 32; 
d: 14.317821063276353; energy: -36.0; 1,0,0,0,2,0,1,2,0,1,1,0,0,0,1,2,2,0,2,0,0,1,2,0,0,2,1,1,0,0,0,1,0,0,0,1,2,0,0,1,0,0,0,0,2,1,0,2,1,0,1,0,1,1,2,0,0,0,0,0,2,0,1,1,0,0,1,1,2,0,2,2,1,1,0,0,1,2,1,2,1,2,1,0,0,0,0,0,0,1,0,2,1,0,0,0,1,0
Best fitness found so far: -36.0; distance: 15.0
Generation: 33; 
d: 15.620499351813308; energy: -35.0; 1,0,0,1,0,2,1,2,2,2,2,0,0,0,0,0,0,1,2,2,0,2,2,2,2,0,0,1,2,0,2,0,0,0,0,1,1,0,2,1,2,2,0,0,0,0,0,1,1,2,1,1,1,2,2,2,0,2,2,1,2,0,0,1,0,1,2,2,0,1,2,0,2,2,1,2,1,0,2,1,1,2,1,1,1,0,0,0,0,2,1,1,0,0,1,0,0,1
Best fitness found so far: -36.0; distance: 15.0
Generation: 34; 
d: 14.317821063276353; energy: -36.0; 1,0,0,0,2,0,1,2,0,1,1,0,0,0,1,2,2,0,2,0,0,1,2,0,0,2,1,1,0,0,0,1,0,0,0,1,2,0,0,1,0,0,0,0,2,1,0,2,1,0,1,0,1,1,2,0,0,0,0,0,2,0,1,1,0,0,1,1,2,0,2,2,1,1,0,0,1,2,1,2,1,2,1,0,0,0,0,0,0,1,0,2,1,0,0,0,0,0
Best fitness found so far: -36.0; distance: 15.0
Generation: 35; 
d: 17.204650534085253; energy: -36.0; 1,0,0,0,2,0,1,2,0,1,1,0,0,0,1,2,2,0,2,0,0,1,0,0,0,2,1,1,0,0,0,1,0,0,0,1,2,0,0,1,0,0,0,0,0,1,0,2,1,0,1,0,1,1,2,0,0,0,0,0,2,0,1,1,0,0,1,1,2,0,2,2,1,0,0,0,0,1,2,1,2,0,2,1,2,2,0,1,0,2,1,0,1,0,0,0,0,0
Best fitness found so far: -36.0; distance: 15.0
