Algorithm configured with: 
Pop: 2500
Aux Pop: 2000
CrP: 1.0
MtP: 1.0
List of crossover: 
SinglePointCrossover
IntegerTwoPointsCrossover
MultiPointsCrossover
List of mutations: 
BitFlipMutation
LoopMoveOperator
LocalMoveOperator
SegmentMutation
OppositeMoveOperator
Execution: 1
Generation: 0; 
d: 10.816653826391969; energy: -4.0; 1,0,2,2,0,0,1,0,2,2,1,0,2,1,0,2,1,0,0,1,1,0,2,2,0,1,0,2,0,2,1,0,0,1,2
Best fitness found so far: -4.0; distance: 10.816653826391969
Generation: 1; 
d: 12.206555615733702; energy: -8.0; 1,1,2,0,1,2,1,0,1,2,1,2,2,0,1,2,1,0,0,0,1,0,1,2,0,1,2,2,0,1,1,0,0,0,2
Best fitness found so far: -8.0; distance: 12.206555615733702
Generation: 2; 
d: 9.848857801796104; energy: -7.0; 2,0,1,2,0,0,2,2,0,1,0,2,0,1,1,1,2,0,0,1,1,0,0,2,1,1,2,2,1,1,1,2,2,1,2
Best fitness found so far: -8.0; distance: 12.206555615733702
Generation: 3; 
d: 10.295630140987; energy: -9.0; 1,2,1,2,0,0,1,0,2,2,0,2,1,1,2,1,2,1,1,2,1,1,0,2,1,0,1,0,0,1,0,2,0,1,0
Best fitness found so far: -9.0; distance: 10.295630140987
Generation: 4; 
d: 11.661903789690601; energy: -9.0; 1,1,2,2,0,0,1,2,0,2,0,0,1,0,2,0,2,1,0,2,1,0,0,0,0,2,2,1,1,1,1,0,0,2,2
Best fitness found so far: -9.0; distance: 10.295630140987
