Algorithm configured with: 
Pop: 2500
Aux Pop: 2000
CrP: 1.0
MtP: 1.0
List of crossover: 
SinglePointCrossover
IntegerTwoPointsCrossover
MultiPointsCrossover
List of mutations: 
BitFlipMutation
LoopMoveOperator
LocalMoveOperator
SegmentMutation
OppositeMoveOperator
Execution: 1
Generation: 0; 
d: 9.899494936611665; energy: -2.0; 2,0,2,1,2,1,0,1,0,1,2,1,2,1,0,2,2,1,0,2,1,2,0,1,0,1,1,2,2,1,0,0,1,1,0
Best fitness found so far: -2.0; distance: 9.899494936611665
Generation: 1; 
d: 8.06225774829855; energy: -8.0; 2,1,2,0,2,0,1,2,0,0,2,0,0,2,0,1,1,0,2,1,0,2,2,1,0,1,0,0,0,0,0,0,0,2,1
Best fitness found so far: -8.0; distance: 8.06225774829855
Generation: 2; 
d: 9.848857801796104; energy: -8.0; 1,2,0,2,2,1,2,0,0,2,1,0,0,2,0,2,1,2,2,1,1,0,0,1,1,1,0,0,1,1,0,1,1,1,1
Best fitness found so far: -8.0; distance: 8.06225774829855
Generation: 3; 
d: 13.038404810405298; energy: -8.0; 0,2,0,2,2,1,2,0,0,2,1,0,0,2,0,2,1,2,2,1,1,0,0,1,1,1,0,0,1,2,2,1,1,1,1
Best fitness found so far: -8.0; distance: 8.06225774829855
Generation: 4; 
d: 9.219544457292887; energy: -9.0; 0,0,1,1,2,2,0,1,2,0,1,2,2,1,1,2,0,1,0,0,2,0,0,1,1,2,0,2,1,2,2,2,0,0,2
Best fitness found so far: -9.0; distance: 9.219544457292887
Generation: 5; 
d: 9.899494936611665; energy: -9.0; 0,0,1,1,1,2,2,0,1,1,1,2,1,2,1,1,2,1,1,2,1,0,0,2,2,1,0,0,1,1,2,1,2,1,2
Best fitness found so far: -9.0; distance: 9.219544457292887
Generation: 6; 
d: 9.055385138137417; energy: -10.0; 2,1,0,1,2,2,0,0,1,2,2,0,2,2,2,1,2,2,2,1,0,0,0,2,1,1,0,0,0,1,2,0,2,0,2
Best fitness found so far: -10.0; distance: 9.055385138137417
Generation: 7; 
d: 9.899494936611665; energy: -10.0; 1,1,0,1,2,2,1,0,0,2,2,1,1,1,1,2,2,1,2,0,1,0,0,1,2,1,0,0,0,0,2,0,0,0,1
Best fitness found so far: -10.0; distance: 9.055385138137417
Generation: 8; 
d: 8.54400374531753; energy: -10.0; 0,1,2,0,2,2,2,0,0,0,1,2,0,0,1,0,1,2,2,1,1,0,0,1,1,1,0,0,1,2,1,2,2,0,0
Best fitness found so far: -10.0; distance: 9.055385138137417
Generation: 9; 
d: 9.848857801796104; energy: -10.0; 0,1,0,1,2,2,2,0,2,1,1,2,2,1,1,1,2,2,2,0,1,0,0,2,2,0,0,1,0,1,2,1,2,0,0
Best fitness found so far: -10.0; distance: 9.055385138137417
Generation: 10; 
d: 7.810249675906654; energy: -11.0; 1,0,0,0,2,2,2,1,1,2,2,0,1,2,2,1,0,2,2,1,1,0,0,2,2,0,0,1,0,1,2,2,2,1,1
Best fitness found so far: -11.0; distance: 7.810249675906654
Generation: 11; 
d: 10.0; energy: -10.0; 1,1,0,1,2,2,0,0,1,2,2,0,2,2,2,1,2,2,2,1,0,0,0,2,1,1,0,0,0,1,2,0,2,0,2
Best fitness found so far: -11.0; distance: 7.810249675906654
Generation: 12; 
d: 9.433981132056603; energy: -11.0; 1,1,1,2,0,0,2,1,1,1,0,0,1,0,1,2,1,2,2,2,1,0,0,1,2,0,0,1,0,0,1,2,2,1,0
Best fitness found so far: -11.0; distance: 7.810249675906654
Generation: 13; 
d: 7.615773105863909; energy: -11.0; 1,1,2,2,1,0,2,2,1,0,0,1,1,0,0,0,0,0,0,2,0,2,2,2,0,2,2,1,2,1,0,0,2,2,0
Best fitness found so far: -11.0; distance: 7.810249675906654
Generation: 14; 
d: 7.280109889280518; energy: -12.0; 0,2,0,1,2,2,1,0,0,2,1,2,2,1,0,2,2,1,2,1,1,0,0,1,1,1,0,0,1,1,2,0,0,1,0
Best fitness found so far: -12.0; distance: 7.280109889280518
Generation: 15; 
d: 9.486832980505138; energy: -11.0; 1,1,0,1,2,2,0,0,1,2,2,0,2,2,2,1,2,2,2,1,0,0,0,2,1,1,0,0,0,0,1,2,2,2,2
Best fitness found so far: -12.0; distance: 7.280109889280518
Generation: 16; 
d: 8.48528137423857; energy: -12.0; 2,1,0,0,2,2,0,1,0,2,2,1,2,1,2,2,2,2,2,2,2,0,0,1,1,1,0,0,1,2,2,0,0,0,0
Best fitness found so far: -12.0; distance: 7.280109889280518
Generation: 17; 
d: 8.246211251235321; energy: -12.0; 2,1,0,1,2,2,0,0,1,2,2,0,2,2,2,1,2,2,2,1,0,0,0,2,1,1,0,0,0,1,2,0,0,1,0
Best fitness found so far: -12.0; distance: 7.280109889280518
Generation: 18; 
d: 8.246211251235321; energy: -12.0; 2,0,1,1,2,2,0,0,1,2,2,0,2,2,2,1,2,2,2,1,1,0,0,2,1,1,0,0,0,1,2,0,0,1,0
Best fitness found so far: -12.0; distance: 7.280109889280518
Generation: 19; 
d: 8.54400374531753; energy: -13.0; 2,1,2,2,2,0,1,2,2,2,0,0,0,1,0,0,0,2,0,0,0,2,2,1,0,1,2,2,1,1,2,2,2,2,1
Best fitness found so far: -13.0; distance: 8.54400374531753
