Algorithm configured with: 
Pop: 3000
Aux Pop: 200
Crossover: SinglePointCrossover
CrP: 0.9
Mutation: BitFlipMutation
MtP: 0.01
Starting executions...
Execution: 1
Generation: 0; 
d: 100.0; energy: 0.0; 2,2,1,2,0,1,0,1,2,0,1,0,2,0,2,0,1,1,2,1,2,1,2,0,2,0,0,2,1,1,0,2,1,1,2,1,2,1,1,0,1,0,1,2,1,1,2,2,1,1,1,0,1,0,0,1,2,2,2,2,2,0,1,1,0,2,0,2,0,0,2,0,1,0,1,2,2,1,2,1,0,0,2,2,1,2,2,2,2,1,2,1,0,2,1,0,0
Best fitness found so far: 0.0; distance: 100.0
Generation: 1; 
d: 17.4928556845359; energy: -24.0; 0,0,0,1,2,2,0,2,0,1,2,1,0,2,2,1,2,2,0,0,0,0,1,2,0,1,0,0,1,2,2,0,2,0,0,2,0,2,1,2,2,0,1,2,1,0,2,0,2,0,0,0,2,0,0,0,1,1,2,0,0,2,1,2,2,1,1,0,2,1,1,2,2,2,2,1,1,1,0,0,2,1,1,2,2,1,2,0,2,0,1,1,2,0,1,1,2
Best fitness found so far: -24.0; distance: 17.4928556845359
Generation: 2; 
d: 21.93171219946131; energy: -25.0; 0,1,0,2,1,2,1,1,0,1,0,1,1,0,2,1,1,2,2,1,1,2,1,1,2,0,2,0,0,0,1,0,1,1,2,0,0,1,0,0,2,2,2,1,2,2,0,0,0,2,2,1,2,2,0,0,2,0,1,2,1,2,2,0,1,1,2,1,2,1,2,0,1,1,0,0,2,2,0,0,0,0,2,1,0,2,2,1,2,0,2,0,2,1,0,0,0
Best fitness found so far: -25.0; distance: 21.93171219946131
Generation: 3; 
d: 19.235384061671343; energy: -23.0; 0,2,0,2,1,1,1,2,2,1,2,2,1,1,2,1,0,0,1,0,0,0,1,2,2,2,0,0,2,1,1,2,1,2,2,1,2,0,2,1,0,2,0,0,0,2,2,2,0,0,2,0,0,2,2,0,2,1,0,1,2,2,0,1,2,2,1,1,2,0,1,0,2,1,1,2,0,0,0,2,2,2,0,0,1,0,0,1,2,2,1,1,1,2,2,2,1
Best fitness found so far: -25.0; distance: 21.93171219946131
Generation: 4; 
d: 21.93171219946131; energy: -24.0; 0,1,0,2,1,2,1,1,0,1,0,1,1,0,2,1,1,2,2,1,1,2,1,1,2,0,2,0,0,0,1,0,1,1,2,0,0,1,0,0,2,2,2,1,2,2,0,0,0,2,2,1,2,2,0,0,2,0,1,2,1,2,2,0,1,1,2,1,2,1,0,0,1,2,0,0,1,1,1,2,1,0,2,2,1,0,2,1,1,2,1,2,0,2,1,1,0
Best fitness found so far: -25.0; distance: 21.93171219946131
Generation: 5; 
d: 16.76305461424021; energy: -31.0; 0,1,0,2,1,2,1,1,0,1,0,1,1,0,2,1,1,2,2,1,1,2,1,1,2,0,2,0,0,0,1,0,1,1,2,0,0,1,0,0,2,2,2,1,2,2,0,0,0,2,2,1,2,2,0,0,0,1,2,0,1,2,0,1,2,2,2,0,1,0,1,0,0,1,1,0,1,0,2,2,0,1,0,0,0,1,2,1,2,0,0,1,0,2,1,0,0
Best fitness found so far: -31.0; distance: 16.76305461424021
Generation: 6; 
d: 16.76305461424021; energy: -31.0; 1,2,2,2,1,2,1,1,0,1,0,1,1,0,2,1,1,2,2,1,1,2,1,1,2,0,2,0,0,0,1,0,1,1,2,0,0,1,0,0,2,2,2,1,2,2,0,0,0,2,2,1,2,2,0,0,0,1,2,0,1,2,0,1,2,2,2,0,1,0,1,0,0,1,1,0,1,0,2,2,0,1,0,0,0,1,2,1,2,0,0,1,0,2,1,0,0
Best fitness found so far: -31.0; distance: 16.76305461424021
Generation: 7; 
d: 16.76305461424021; energy: -29.0; 0,1,0,2,1,2,1,1,0,1,0,1,1,0,2,1,1,2,2,1,1,2,1,1,2,0,2,0,0,0,1,0,1,1,2,0,0,1,0,0,2,2,2,1,2,2,0,0,0,2,2,1,2,2,0,0,0,1,2,0,1,2,0,1,2,2,2,0,1,0,1,0,0,1,1,0,1,0,2,2,0,1,0,0,0,1,2,1,2,0,2,0,0,2,0,1,0
Best fitness found so far: -31.0; distance: 16.76305461424021
