Algorithm configured with: 
Pop: 1000
Aux Pop: 200
CrP: 1.0
MtP: 1.0
List of crossover: 
SinglePointCrossover
IntegerTwoPointsCrossover
MultiPointsCrossover
List of mutations: 
BitFlipMutation
LoopMoveOperator
LocalMoveOperator
SegmentMutation
OppositeMoveOperator
Execution: 1
Generation: 0; 
d: 23.194827009486403; energy: -2.0; 1,2,1,0,0,2,0,2,0,0,1,2,2,0,0,1,2,1,0,1,2,1,0,0,1,1,1,1,1,1,2,1,2,1,2,0,0,1,2,1,2,1,0,1,1,1,1,2,0,1,2,0,0,2,1,1,1,2,0,1,1,1
Best fitness found so far: -2.0; distance: 23.194827009486403
Generation: 1; 
d: 11.661903789690601; energy: -20.0; 2,2,1,2,0,0,1,1,0,0,2,1,2,0,2,2,1,0,0,2,0,2,0,2,2,1,0,2,2,0,1,1,2,2,1,1,0,0,1,2,1,0,0,1,2,1,0,0,2,2,0,1,0,0,2,2,0,0,2,2,1,2
Best fitness found so far: -20.0; distance: 11.661903789690601
Generation: 2; 
d: 13.0; energy: -19.0; 0,0,2,1,0,1,2,2,0,1,2,2,0,0,1,0,0,1,0,2,2,2,1,0,0,1,0,2,2,2,1,1,2,0,1,2,0,0,0,2,1,1,0,0,0,1,1,0,1,2,0,0,2,1,0,2,2,2,0,2,2,1
Best fitness found so far: -20.0; distance: 11.661903789690601
Generation: 3; 
d: 12.649110640673518; energy: -20.0; 0,2,0,1,1,0,1,0,0,1,0,0,2,0,1,2,1,2,2,2,2,1,0,1,2,2,2,0,1,1,0,0,2,2,0,0,0,0,2,1,2,0,1,1,1,0,0,1,2,2,1,0,0,1,1,2,0,1,0,0,0,0
Best fitness found so far: -20.0; distance: 11.661903789690601
Generation: 4; 
d: 11.40175425099138; energy: -22.0; 1,1,0,1,1,2,1,2,2,1,2,1,0,2,0,2,2,0,2,2,1,0,1,2,1,1,0,1,0,2,2,1,2,2,2,2,0,0,0,1,1,2,1,1,1,0,2,2,1,1,2,2,2,0,2,1,0,1,2,2,1,2
Best fitness found so far: -22.0; distance: 11.40175425099138
Generation: 5; 
d: 15.620499351813308; energy: -20.0; 0,0,1,2,1,0,1,2,1,1,1,1,0,0,2,0,0,1,1,1,1,0,1,0,0,2,0,1,2,1,0,0,1,1,1,1,1,0,2,1,2,0,1,1,1,0,1,0,1,2,0,0,2,1,0,2,2,2,0,2,2,1
Best fitness found so far: -22.0; distance: 11.40175425099138
Generation: 6; 
d: 10.816653826391969; energy: -21.0; 2,2,1,2,0,0,1,1,0,0,2,1,2,0,2,2,1,0,0,2,0,2,0,2,2,1,0,2,2,0,1,1,2,2,1,1,0,0,1,2,1,0,0,1,2,1,2,0,2,1,1,2,0,2,2,0,2,2,1,2,1,2
Best fitness found so far: -22.0; distance: 11.40175425099138
Generation: 7; 
d: 10.44030650891055; energy: -22.0; 1,2,1,2,2,0,2,2,0,0,1,1,1,2,1,0,0,0,1,0,0,1,2,2,1,0,0,0,0,2,2,1,0,0,1,0,2,2,2,0,0,0,1,0,0,2,0,0,2,1,0,0,1,0,0,2,1,1,2,2,1,1
Best fitness found so far: -22.0; distance: 11.40175425099138
Generation: 8; 
d: 12.649110640673518; energy: -24.0; 0,2,2,1,0,0,1,1,0,2,0,0,0,0,1,1,2,1,1,0,1,1,0,1,0,0,2,0,2,2,0,0,0,2,0,2,2,2,0,2,1,2,0,1,1,0,0,0,2,0,1,1,1,0,0,0,0,2,0,0,2,0
Best fitness found so far: -24.0; distance: 12.649110640673518
Generation: 9; 
d: 10.816653826391969; energy: -23.0; 1,1,2,2,1,2,0,1,2,2,0,0,1,1,1,0,0,2,1,0,2,2,2,2,0,0,1,0,1,2,1,1,2,2,2,0,2,0,0,1,1,1,0,1,0,1,2,0,2,2,0,0,1,0,2,1,0,0,0,2,2,1
Best fitness found so far: -24.0; distance: 12.649110640673518
Generation: 10; 
d: 11.40175425099138; energy: -25.0; 2,2,1,2,1,1,1,0,0,1,0,0,2,0,1,2,0,0,1,0,0,1,1,1,2,2,2,0,1,1,0,0,2,2,1,2,2,0,0,1,2,0,0,2,1,0,1,1,0,0,0,1,1,2,2,1,1,1,2,2,2,2
Best fitness found so far: -25.0; distance: 11.40175425099138
Generation: 11; 
d: 12.083045973594572; energy: -25.0; 2,2,0,2,2,1,1,2,2,0,2,2,2,0,0,2,1,1,0,0,0,0,2,0,2,2,2,0,1,1,0,0,2,2,0,0,0,0,2,1,2,0,1,1,1,0,0,1,2,2,1,0,0,1,1,2,0,1,0,0,0,0
Best fitness found so far: -25.0; distance: 11.40175425099138
Generation: 12; 
d: 12.083045973594572; energy: -25.0; 2,2,0,2,2,1,1,2,2,0,2,2,2,0,0,2,1,1,0,0,0,0,2,0,2,2,2,0,1,1,0,0,2,2,0,0,0,0,2,1,2,0,1,1,1,0,0,1,2,2,1,0,0,1,1,2,0,1,0,0,0,0
Best fitness found so far: -25.0; distance: 11.40175425099138
Generation: 13; 
d: 14.317821063276353; energy: -25.0; 1,2,2,1,2,0,1,2,0,1,1,1,0,0,0,0,1,1,1,0,1,1,0,1,0,0,2,0,2,2,0,0,0,2,0,2,2,2,0,2,1,0,0,1,2,0,0,0,0,0,1,2,2,1,0,0,1,2,2,0,0,2
Best fitness found so far: -25.0; distance: 11.40175425099138
Generation: 14; 
d: 11.40175425099138; energy: -27.0; 0,0,2,1,0,1,2,0,0,0,0,0,2,1,2,0,0,1,2,1,1,0,0,0,0,1,0,2,1,1,0,0,0,1,1,2,2,0,0,2,2,0,0,2,1,0,1,1,0,0,0,1,1,2,2,1,1,1,0,1,1,1
Best fitness found so far: -27.0; distance: 11.40175425099138
Generation: 15; 
d: 11.180339887498949; energy: -25.0; 1,0,1,0,0,2,0,0,1,0,2,2,1,2,2,2,2,1,0,2,2,2,0,2,2,1,0,2,2,2,0,1,2,2,1,1,0,0,1,2,1,0,0,1,2,1,0,0,2,2,0,1,0,0,2,2,0,2,0,1,0,0
Best fitness found so far: -27.0; distance: 11.40175425099138
Generation: 16; 
d: 10.63014581273465; energy: -28.0; 0,2,0,1,1,0,1,0,0,1,0,0,2,0,1,2,1,2,2,2,2,1,0,1,2,2,2,0,1,1,0,0,2,2,0,0,0,0,2,1,2,0,0,0,2,0,0,2,0,1,1,0,0,1,0,2,1,1,0,1,0,0
Best fitness found so far: -28.0; distance: 10.63014581273465
Generation: 17; 
d: 10.816653826391969; energy: -25.0; 2,1,2,2,0,1,0,0,2,2,0,0,1,2,2,1,0,1,1,0,0,0,2,1,1,0,0,2,2,0,1,1,2,2,1,1,0,0,1,2,1,0,0,1,2,1,0,0,2,2,0,1,0,0,2,2,0,0,0,1,1,2
Best fitness found so far: -28.0; distance: 10.63014581273465
Generation: 18; 
d: 14.560219778561036; energy: -28.0; 1,0,1,0,0,0,1,0,2,2,0,0,1,0,2,0,0,1,2,0,0,2,2,2,0,0,1,0,1,2,0,0,0,2,0,2,2,2,0,2,1,2,0,1,1,0,0,0,2,0,1,1,1,0,0,0,0,2,0,0,2,0
Best fitness found so far: -28.0; distance: 10.63014581273465
Generation: 19; 
d: 12.083045973594572; energy: -25.0; 0,0,1,2,2,1,1,2,2,0,2,2,2,0,0,2,1,1,0,0,0,0,2,0,2,2,2,0,1,1,0,0,2,2,0,0,0,0,2,1,2,0,1,1,1,0,0,1,2,2,1,0,0,1,1,2,0,1,0,0,0,0
Best fitness found so far: -28.0; distance: 10.63014581273465
Generation: 20; 
d: 12.36931687685298; energy: -27.0; 0,0,1,2,2,0,0,0,0,1,1,0,1,0,1,1,0,2,1,1,1,0,1,1,0,0,0,2,2,0,1,1,2,2,1,1,0,0,1,2,1,0,0,1,2,1,0,0,1,2,0,0,1,2,0,0,1,2,0,0,0,0
Best fitness found so far: -28.0; distance: 10.63014581273465
Generation: 21; 
d: 11.180339887498949; energy: -27.0; 2,2,1,2,1,1,1,0,2,2,0,0,1,0,0,2,1,0,0,0,0,2,0,2,2,1,0,0,1,1,0,0,2,2,0,0,1,0,0,1,2,0,0,2,0,0,2,1,0,0,0,1,1,2,2,1,1,1,2,2,2,2
Best fitness found so far: -28.0; distance: 10.63014581273465
Generation: 22; 
d: 12.806248474865697; energy: -27.0; 0,0,1,0,0,2,0,0,1,0,2,2,1,2,2,2,2,1,0,2,2,1,1,0,0,0,0,2,2,0,1,2,1,2,2,0,2,2,0,1,1,2,1,1,1,0,2,2,1,1,2,2,2,0,2,2,1,2,0,0,1,0
Best fitness found so far: -28.0; distance: 10.63014581273465
Generation: 23; 
d: 12.806248474865697; energy: -28.0; 1,1,1,2,2,0,1,0,0,1,0,1,0,0,2,0,0,0,2,0,0,0,2,0,0,1,1,0,2,2,1,1,1,2,0,0,2,0,0,2,2,0,0,2,1,0,1,1,0,0,0,1,1,0,0,0,0,0,0,0,0,2
Best fitness found so far: -28.0; distance: 10.63014581273465
Generation: 24; 
d: 12.083045973594572; energy: -27.0; 2,1,2,2,0,2,0,0,1,0,2,2,1,2,2,2,2,1,0,2,2,1,1,2,1,0,0,2,2,0,1,1,2,2,1,1,0,2,2,2,0,2,2,0,2,0,1,1,2,1,1,2,2,1,0,2,1,1,0,0,0,0
Best fitness found so far: -28.0; distance: 10.63014581273465
Generation: 25; 
d: 10.816653826391969; energy: -28.0; 1,1,2,2,0,1,0,0,2,2,0,0,0,0,1,2,1,0,2,0,0,1,2,0,2,2,2,0,1,1,0,0,2,2,0,0,0,0,2,2,2,0,1,1,1,0,0,1,2,2,2,0,1,2,2,2,0,1,0,2,1,2
Best fitness found so far: -28.0; distance: 10.63014581273465
Generation: 26; 
d: 13.038404810405298; energy: -28.0; 1,1,2,2,1,0,2,2,1,2,1,2,1,0,0,2,0,1,0,2,1,2,0,0,2,2,2,0,1,1,0,0,2,2,0,0,0,1,2,1,2,0,0,0,2,0,0,2,0,1,1,0,0,1,0,2,1,1,0,1,0,0
Best fitness found so far: -28.0; distance: 10.63014581273465
Generation: 27; 
d: 10.0; energy: -29.0; 2,1,2,2,0,2,0,0,1,0,2,2,1,2,2,2,2,1,1,0,2,2,2,2,0,0,1,0,1,1,0,0,2,2,2,0,2,0,0,0,2,0,0,0,2,0,0,0,1,1,0,0,1,0,0,0,0,0,2,2,1,1
Best fitness found so far: -29.0; distance: 10.0
Generation: 28; 
d: 11.661903789690601; energy: -29.0; 0,0,1,2,2,0,0,0,0,1,1,0,1,0,0,0,0,0,0,2,2,1,2,0,1,2,0,0,0,2,0,0,2,2,0,0,2,0,0,1,1,0,0,1,2,1,0,0,0,0,0,0,2,2,1,2,1,1,0,0,0,0
Best fitness found so far: -29.0; distance: 10.0
Generation: 29; 
d: 13.152946437965905; energy: -30.0; 1,1,1,2,0,2,2,2,0,0,0,0,0,0,2,0,0,0,2,0,0,0,2,0,0,1,1,0,2,2,1,1,1,2,1,1,0,0,1,2,1,0,0,1,0,0,0,0,0,1,0,1,0,0,2,2,0,1,2,1,0,0
Best fitness found so far: -30.0; distance: 13.152946437965905
Generation: 30; 
d: 12.041594578792296; energy: -28.0; 2,2,2,2,2,0,0,0,0,1,0,0,0,0,1,1,0,2,1,0,0,0,2,0,0,2,0,1,2,1,0,1,1,0,1,0,0,0,1,2,1,0,0,1,2,1,0,0,0,2,1,0,0,1,2,2,1,2,0,1,1,2
Best fitness found so far: -30.0; distance: 13.152946437965905
Generation: 31; 
d: 11.180339887498949; energy: -29.0; 0,0,1,2,2,0,0,0,0,1,1,0,1,0,0,1,2,0,0,1,0,0,0,0,0,1,0,2,1,1,0,0,0,1,1,2,2,0,0,2,2,0,0,2,1,0,1,1,0,1,1,0,0,0,0,0,0,0,0,0,0,2
Best fitness found so far: -30.0; distance: 13.152946437965905
Generation: 32; 
d: 11.40175425099138; energy: -30.0; 1,1,2,2,1,1,1,0,2,2,2,0,1,0,0,0,0,0,2,0,0,0,2,0,0,1,1,0,2,2,1,1,1,2,0,0,2,0,0,0,2,0,0,2,1,0,1,1,0,0,0,1,1,2,2,2,1,1,2,0,0,0
Best fitness found so far: -30.0; distance: 13.152946437965905
Generation: 33; 
d: 13.416407864998739; energy: -30.0; 0,0,1,2,2,0,0,0,0,1,1,0,1,0,1,1,0,1,2,0,0,1,2,0,0,2,0,0,0,2,1,0,2,2,0,0,2,2,0,0,2,0,0,0,2,0,0,0,1,1,0,0,1,2,0,0,1,2,0,0,0,0
Best fitness found so far: -30.0; distance: 13.152946437965905
Generation: 34; 
d: 13.341664064126334; energy: -29.0; 1,0,1,0,0,0,1,0,2,2,0,0,1,0,2,0,0,1,2,0,0,2,2,2,0,0,1,0,1,1,0,0,2,2,0,2,2,2,0,2,1,2,0,1,1,0,0,0,2,0,1,1,1,0,0,0,0,2,0,0,0,1
Best fitness found so far: -30.0; distance: 13.152946437965905
Generation: 35; 
d: 13.416407864998739; energy: -30.0; 0,0,1,2,2,0,0,0,0,1,1,0,1,0,1,1,0,1,2,0,0,1,2,0,0,2,0,0,0,2,1,0,2,2,0,0,2,2,0,0,2,0,0,0,2,0,0,0,1,1,0,0,1,2,0,0,1,2,0,2,2,0
Best fitness found so far: -30.0; distance: 13.152946437965905
Generation: 36; 
d: 12.806248474865697; energy: -29.0; 0,0,1,2,2,0,0,0,0,1,1,0,1,0,1,1,0,1,2,0,0,0,2,0,0,1,1,0,2,0,1,1,2,2,1,1,0,0,1,2,1,0,0,1,2,1,0,0,2,2,0,1,0,0,2,2,0,0,1,0,0,2
Best fitness found so far: -30.0; distance: 13.152946437965905
Generation: 37; 
d: 11.704699910719626; energy: -32.0; 1,1,1,2,2,0,1,0,0,1,0,1,0,0,2,0,0,0,2,0,0,0,2,0,0,1,1,0,2,2,1,1,1,2,0,0,2,0,0,1,0,1,0,2,2,0,0,2,0,0,1,0,2,2,1,0,0,0,0,0,0,2
Best fitness found so far: -32.0; distance: 11.704699910719626
Generation: 38; 
d: 11.045361017187261; energy: -33.0; 0,0,1,2,2,0,0,0,0,1,1,0,1,0,1,1,0,1,2,0,0,1,2,0,0,2,0,0,0,2,0,0,2,2,0,0,2,0,1,2,1,0,0,1,2,1,0,0,0,1,0,1,0,0,0,2,0,1,1,0,0,1
Best fitness found so far: -33.0; distance: 11.045361017187261
Generation: 39; 
d: 12.806248474865697; energy: -30.0; 1,1,1,2,2,0,1,0,0,1,0,1,0,0,2,0,0,0,2,0,0,0,2,0,0,1,1,0,2,2,1,1,1,2,0,0,2,0,0,2,2,0,0,2,1,0,0,0,1,1,0,0,1,1,1,2,0,0,1,0,2,1
Best fitness found so far: -33.0; distance: 11.045361017187261
Generation: 40; 
d: 13.45362404707371; energy: -31.0; 2,2,0,2,2,0,0,0,0,1,1,0,1,0,1,1,0,1,2,0,0,1,2,0,0,0,2,1,2,0,0,1,2,2,2,0,2,0,0,2,2,0,0,2,1,0,1,1,0,1,1,0,0,1,0,2,1,1,0,1,0,0
Best fitness found so far: -33.0; distance: 11.045361017187261
Generation: 41; 
d: 11.661903789690601; energy: -32.0; 2,2,2,2,2,0,0,0,0,1,0,0,0,0,1,1,0,1,2,0,0,1,2,0,0,0,0,0,0,1,2,2,1,0,2,2,0,1,2,0,0,2,2,1,1,0,2,2,1,1,2,2,2,0,2,2,2,1,1,2,2,2
Best fitness found so far: -33.0; distance: 11.045361017187261
Generation: 42; 
d: 13.416407864998739; energy: -31.0; 0,0,1,2,2,0,0,0,0,1,1,0,1,0,1,1,0,1,2,0,0,1,2,0,0,2,0,0,0,2,1,0,2,2,0,0,2,2,0,0,2,0,0,0,2,0,0,0,1,1,0,0,1,2,0,0,1,2,0,0,1,2
Best fitness found so far: -33.0; distance: 11.045361017187261
Generation: 43; 
d: 12.649110640673518; energy: -32.0; 2,2,2,2,2,0,0,0,0,1,0,0,0,0,1,1,0,1,2,0,0,1,2,0,0,2,0,0,0,0,1,0,0,1,1,2,2,0,0,2,2,0,0,2,1,0,1,1,0,1,1,0,0,1,1,0,1,1,0,2,2,0
Best fitness found so far: -33.0; distance: 11.045361017187261
Generation: 44; 
d: 10.770329614269007; energy: -30.0; 0,1,2,2,2,0,2,2,2,0,2,0,0,1,2,0,0,1,1,0,0,1,1,1,2,2,2,0,1,1,0,0,2,2,0,0,0,0,2,1,2,0,0,1,2,1,0,0,1,2,0,0,1,2,0,2,0,0,0,1,0,2
Best fitness found so far: -33.0; distance: 11.045361017187261
Generation: 45; 
d: 11.313708498984761; energy: -33.0; 0,0,1,2,2,0,0,0,0,1,1,0,1,0,1,1,0,1,2,0,0,1,2,0,0,0,0,1,2,2,1,1,2,2,0,0,2,0,0,1,1,0,0,1,2,0,0,0,1,1,0,0,1,0,1,2,0,1,0,2,2,0
Best fitness found so far: -33.0; distance: 11.045361017187261
Generation: 46; 
d: 11.313708498984761; energy: -33.0; 0,0,1,2,2,0,0,0,0,1,1,0,1,0,1,1,0,1,2,0,0,1,2,0,0,0,0,1,2,2,1,1,2,2,0,0,2,0,0,1,1,0,0,1,2,0,0,0,1,1,0,0,1,0,1,2,0,1,0,2,2,0
Best fitness found so far: -33.0; distance: 11.045361017187261
Generation: 47; 
d: 10.770329614269007; energy: -32.0; 0,1,2,2,2,0,2,2,0,1,0,0,2,0,2,0,0,2,1,0,0,1,1,1,2,2,2,0,1,1,0,0,2,2,0,0,0,0,2,1,2,0,0,1,2,1,0,0,1,2,0,0,1,2,0,2,0,0,0,1,0,2
Best fitness found so far: -33.0; distance: 11.045361017187261
