Algorithm configured with: 
Pop: 2500
Aux Pop: 200
CrP: 1.0
MtP: 1.0
List of crossover: 
SinglePointCrossover
IntegerTwoPointsCrossover
MultiPointsCrossover
List of mutations: 
BitFlipMutation
LoopMoveOperator
LocalMoveOperator
SegmentMutation
OppositeMoveOperator
Execution: 1
Generation: 0; 
d: 22.090722034374522; energy: -5.0; 1,0,2,1,2,0,0,1,1,2,1,2,0,1,1,0,2,0,0,1,0,2,2,0,1,1,2,0,1,2,0,1,1,2,2,0,0,1,0,1,2,0,2,2,0,2,0,1,0,2,1,0,1,2,1,1,0,1,0,1,2,2
Best fitness found so far: -5.0; distance: 22.090722034374522
Generation: 1; 
d: 12.649110640673518; energy: -23.0; 0,0,0,0,1,1,2,1,2,2,2,2,1,1,1,1,0,2,1,1,1,0,1,0,2,0,2,0,2,0,1,1,1,1,1,1,0,1,1,0,0,1,2,1,0,0,1,1,2,0,2,0,0,2,2,1,2,2,2,1,0,2
Best fitness found so far: -23.0; distance: 12.649110640673518
Generation: 2; 
d: 13.038404810405298; energy: -20.0; 0,0,1,1,0,0,2,0,1,1,0,1,0,0,2,0,0,1,2,2,0,2,1,0,0,0,0,1,2,0,2,1,0,1,2,0,2,2,0,2,2,2,0,2,1,1,1,2,0,0,2,2,0,2,2,0,2,0,1,0,0,1
Best fitness found so far: -23.0; distance: 12.649110640673518
Generation: 3; 
d: 12.206555615733702; energy: -23.0; 1,2,1,2,2,2,0,1,2,0,0,2,1,0,2,0,2,0,1,0,0,0,0,0,0,2,1,0,1,2,1,1,0,1,0,1,0,2,1,0,2,0,0,1,2,0,1,1,0,2,0,0,1,0,2,2,0,0,1,1,2,0
Best fitness found so far: -23.0; distance: 12.649110640673518
Generation: 4; 
d: 11.40175425099138; energy: -22.0; 2,1,1,2,2,2,0,1,0,0,0,0,0,0,0,1,2,1,1,1,2,2,2,0,2,0,2,2,2,0,2,1,1,1,1,2,1,1,1,2,2,1,1,1,2,1,2,0,2,1,1,0,2,2,2,2,2,2,0,2,2,0
Best fitness found so far: -23.0; distance: 12.649110640673518
Generation: 5; 
d: 11.40175425099138; energy: -21.0; 2,1,1,2,2,2,0,1,0,0,0,0,0,0,0,1,2,1,1,1,2,2,2,0,2,0,2,2,2,0,2,1,1,1,1,2,1,1,1,2,2,1,1,1,2,1,2,0,2,2,2,0,0,1,2,2,2,2,2,0,0,2
Best fitness found so far: -23.0; distance: 12.649110640673518
Generation: 6; 
d: 11.661903789690601; energy: -22.0; 1,0,0,2,2,1,0,0,2,0,0,2,0,1,1,1,0,0,0,0,0,1,1,0,1,1,1,0,0,0,2,0,2,1,1,0,1,0,1,1,1,2,0,1,0,2,2,1,0,1,0,0,2,2,2,2,0,0,0,0,1,0
Best fitness found so far: -23.0; distance: 12.649110640673518
Generation: 7; 
d: 11.661903789690601; energy: -24.0; 0,0,1,2,1,0,1,2,1,1,0,0,1,1,1,0,0,0,2,0,1,0,0,2,2,1,0,0,0,0,0,0,0,1,1,0,0,0,1,0,0,2,1,0,0,1,0,1,1,0,1,1,0,0,2,1,2,2,0,0,0,2
Best fitness found so far: -24.0; distance: 11.661903789690601
Generation: 8; 
d: 12.206555615733702; energy: -23.0; 1,2,1,2,2,2,0,1,2,0,0,2,1,0,2,0,2,0,1,0,0,0,0,0,0,2,1,0,1,2,1,1,0,1,0,1,0,2,1,0,2,0,0,1,2,0,1,1,0,2,0,0,1,0,2,2,0,0,1,1,2,1
Best fitness found so far: -24.0; distance: 11.661903789690601
Generation: 9; 
d: 12.083045973594572; energy: -24.0; 1,1,2,2,0,2,2,1,0,1,1,0,0,2,0,0,2,0,0,1,0,0,2,1,1,1,0,0,2,0,1,0,2,1,0,1,0,0,0,2,1,2,1,0,0,1,2,0,0,2,0,2,1,1,0,0,1,1,2,0,0,0
Best fitness found so far: -24.0; distance: 11.661903789690601
Generation: 10; 
d: 9.848857801796104; energy: -24.0; 1,2,0,1,1,2,0,1,0,0,0,0,0,0,2,0,0,2,0,0,1,0,0,2,0,1,1,1,0,1,2,0,0,1,2,2,0,1,0,0,1,0,0,0,0,0,1,1,1,2,0,2,0,2,2,1,0,1,2,1,2,2
Best fitness found so far: -24.0; distance: 11.661903789690601
Generation: 11; 
d: 12.206555615733702; energy: -25.0; 1,0,0,0,2,2,2,0,0,0,2,2,0,0,0,1,0,2,1,0,1,1,2,0,1,2,0,1,0,2,2,0,0,0,2,0,0,0,1,0,2,2,1,1,2,0,0,2,1,0,0,2,0,0,2,2,1,0,2,1,2,0
Best fitness found so far: -25.0; distance: 12.206555615733702
