Algorithm configured with: 
Pop: 2500
Aux Pop: 1000
Crossover: SinglePointCrossover
CrP: 0.9
Mutation: BitFlipMutation
MtP: 0.01
Starting executions...
Execution: 1
Generation: 0; 
d: 100.0; energy: 0.0; 1,1,2,2,1,0,0,2,0,0,0,2,0,2,0,2,0,2,0,1,0,0,0,1,2,2,0,1,1,2,2,0,1,2,2,2,2,0,0,1,1,2,0,0,0,2,0,1,2,2,1,1,0,0,1,0,0,2
Best fitness found so far: 0.0; distance: 100.0
Generation: 1; 
d: 11.40175425099138; energy: -24.0; 1,2,1,0,0,0,0,1,0,0,2,2,0,2,2,1,1,1,1,0,2,0,1,1,0,2,1,0,1,1,0,1,0,0,0,0,1,0,2,1,2,1,2,1,0,0,1,2,1,1,2,1,2,2,1,0,1,2
Best fitness found so far: -24.0; distance: 11.40175425099138
Generation: 2; 
d: 11.40175425099138; energy: -24.0; 1,2,1,0,0,0,0,1,0,0,2,2,0,2,2,1,1,1,1,0,2,0,1,1,0,2,1,0,1,1,0,1,0,0,0,0,1,0,2,1,2,1,2,1,0,0,1,2,1,1,2,1,2,2,2,1,1,2
Best fitness found so far: -24.0; distance: 11.40175425099138
Generation: 3; 
d: 9.486832980505138; energy: -25.0; 1,0,1,2,1,2,2,1,0,0,0,0,0,2,1,2,1,2,1,1,1,2,2,1,2,2,0,0,1,0,0,0,0,1,2,2,1,2,2,2,0,2,0,1,2,1,1,2,2,1,1,2,1,2,0,2,2,1
Best fitness found so far: -25.0; distance: 9.486832980505138
Generation: 4; 
d: 16.401219466856727; energy: -24.0; 0,2,1,2,0,1,0,0,2,0,1,0,0,2,2,1,2,2,2,1,1,1,0,0,1,1,2,1,2,2,0,1,1,1,1,2,1,2,2,1,1,1,1,2,0,2,0,0,0,0,2,2,1,0,0,0,0,1
Best fitness found so far: -25.0; distance: 9.486832980505138
Generation: 5; 
d: 11.180339887498949; energy: -25.0; 1,2,1,0,0,0,0,1,0,0,2,2,0,2,2,1,1,1,2,1,2,1,1,0,1,2,1,1,0,0,1,0,2,0,0,0,1,2,2,2,1,2,0,1,1,2,1,1,2,1,2,1,0,2,2,0,0,0
Best fitness found so far: -25.0; distance: 9.486832980505138
