#
# There is insufficient memory for the Java Runtime Environment to continue.
# Native memory allocation (mmap) failed to map 225443840 bytes for committing reserved memory.
# Possible reasons:
#   The system is out of physical RAM or swap space
#   In 32 bit mode, the process size limit was hit
# Possible solutions:
#   Reduce memory load on the system
#   Increase physical memory or swap space
#   Check if swap backing store is full
#   Use 64 bit Java on a 64 bit OS
#   Decrease Java heap size (-Xmx/-Xms)
#   Decrease number of Java threads
#   Decrease Java thread stack sizes (-Xss)
#   Set larger code cache with -XX:ReservedCodeCacheSize=
# This output file may be truncated or incomplete.
#
#  Out of Memory Error (os_linux.cpp:2673), pid=3001, tid=139982546003712
#
# JRE version: Java(TM) SE Runtime Environment (8.0_45-b14) (build 1.8.0_45-b14)
# Java VM: Java HotSpot(TM) 64-Bit Server VM (25.45-b02 mixed mode linux-amd64 compressed oops)
# Failed to write core dump. Core dumps have been disabled. To enable core dumping, try "ulimit -c unlimited" before starting Java again
#

---------------  T H R E A D  ---------------

Current thread (0x00007f50b43c6000):  VMThread [stack: 0x00007f5039dde000,0x00007f5039edf000] [id=3026]

Stack: [0x00007f5039dde000,0x00007f5039edf000],  sp=0x00007f5039edcfe0,  free space=1019k
Native frames: (J=compiled Java code, j=interpreted, Vv=VM code, C=native code)
V  [libjvm.so+0xaac99a]  VMError::report_and_die()+0x2ba
V  [libjvm.so+0x4f333b]  report_vm_out_of_memory(char const*, int, unsigned long, VMErrorType, char const*)+0x8b
V  [libjvm.so+0x90e7c3]  os::Linux::commit_memory_impl(char*, unsigned long, bool)+0x103
V  [libjvm.so+0x90ed19]  os::pd_commit_memory(char*, unsigned long, unsigned long, bool)+0x29
V  [libjvm.so+0x90867a]  os::commit_memory(char*, unsigned long, unsigned long, bool)+0x2a
V  [libjvm.so+0x97bac3]  PSVirtualSpace::expand_by(unsigned long)+0x53
V  [libjvm.so+0x97cec8]  PSYoungGen::resize_generation(unsigned long, unsigned long)+0xf8
V  [libjvm.so+0x97c022]  PSYoungGen::resize(unsigned long, unsigned long)+0x22
V  [libjvm.so+0x9792fb]  PSScavenge::invoke_no_policy()+0xf7b
V  [libjvm.so+0x979a81]  PSScavenge::invoke()+0x41
V  [libjvm.so+0x932050]  ParallelScavengeHeap::failed_mem_allocate(unsigned long)+0x70
V  [libjvm.so+0xaae1d7]  VM_ParallelGCFailedAllocation::doit()+0x97
V  [libjvm.so+0xab59c5]  VM_Operation::evaluate()+0x55
V  [libjvm.so+0xab3d9a]  VMThread::evaluate_operation(VM_Operation*)+0xba
V  [libjvm.so+0xab411e]  VMThread::loop()+0x1ce
V  [libjvm.so+0xab4590]  VMThread::run()+0x70
V  [libjvm.so+0x910de8]  java_start(Thread*)+0x108

VM_Operation (0x00007f5038302270): ParallelGCFailedAllocation, mode: safepoint, requested by thread 0x00007f50b44d6000


---------------  P R O C E S S  ---------------

Java Threads: ( => current thread )
  0x00007f50b44d6000 JavaThread "pool-1-thread-1" [_thread_blocked, id=3047, stack(0x00007f5038203000,0x00007f5038304000)]
  0x00007f50b4431000 JavaThread "Service Thread" daemon [_thread_blocked, id=3045, stack(0x00007f5038513000,0x00007f5038614000)]
  0x00007f50b442c000 JavaThread "C1 CompilerThread14" daemon [_thread_blocked, id=3044, stack(0x00007f5038614000,0x00007f5038715000)]
  0x00007f50b442a000 JavaThread "C1 CompilerThread13" daemon [_thread_blocked, id=3043, stack(0x00007f5038715000,0x00007f5038816000)]
  0x00007f50b4428800 JavaThread "C1 CompilerThread12" daemon [_thread_blocked, id=3042, stack(0x00007f5038816000,0x00007f5038917000)]
  0x00007f50b4426800 JavaThread "C1 CompilerThread11" daemon [_thread_blocked, id=3041, stack(0x00007f5038917000,0x00007f5038a18000)]
  0x00007f50b4424800 JavaThread "C1 CompilerThread10" daemon [_thread_blocked, id=3040, stack(0x00007f5038a18000,0x00007f5038b19000)]
  0x00007f50b4422800 JavaThread "C2 CompilerThread9" daemon [_thread_blocked, id=3039, stack(0x00007f5038b19000,0x00007f5038c1a000)]
  0x00007f50b4420000 JavaThread "C2 CompilerThread8" daemon [_thread_blocked, id=3038, stack(0x00007f5038c1a000,0x00007f5038d1b000)]
  0x00007f50b441e000 JavaThread "C2 CompilerThread7" daemon [_thread_blocked, id=3037, stack(0x00007f5038d1b000,0x00007f5038e1c000)]
  0x00007f50b441c000 JavaThread "C2 CompilerThread6" daemon [_thread_blocked, id=3036, stack(0x00007f5038e1c000,0x00007f5038f1d000)]
  0x00007f50b441a000 JavaThread "C2 CompilerThread5" daemon [_thread_blocked, id=3035, stack(0x00007f5038f1d000,0x00007f503901e000)]
  0x00007f50b440f800 JavaThread "C2 CompilerThread4" daemon [_thread_blocked, id=3034, stack(0x00007f503901e000,0x00007f503911f000)]
  0x00007f50b440d800 JavaThread "C2 CompilerThread3" daemon [_thread_blocked, id=3033, stack(0x00007f503911f000,0x00007f5039220000)]
  0x00007f50b440b800 JavaThread "C2 CompilerThread2" daemon [_thread_blocked, id=3032, stack(0x00007f5039220000,0x00007f5039321000)]
  0x00007f50b4409800 JavaThread "C2 CompilerThread1" daemon [_thread_blocked, id=3031, stack(0x00007f5039321000,0x00007f5039422000)]
  0x00007f50b4406800 JavaThread "C2 CompilerThread0" daemon [_thread_blocked, id=3030, stack(0x00007f5039422000,0x00007f5039523000)]
  0x00007f50b4405000 JavaThread "Signal Dispatcher" daemon [_thread_blocked, id=3029, stack(0x00007f5039523000,0x00007f5039624000)]
  0x00007f50b43cd000 JavaThread "Finalizer" daemon [_thread_blocked, id=3028, stack(0x00007f5039bdc000,0x00007f5039cdd000)]
  0x00007f50b43cb000 JavaThread "Reference Handler" daemon [_thread_blocked, id=3027, stack(0x00007f5039cdd000,0x00007f5039dde000)]
  0x00007f50b400a800 JavaThread "main" [_thread_blocked, id=3002, stack(0x00007f50bd29b000,0x00007f50bd39c000)]

Other Threads:
=>0x00007f50b43c6000 VMThread [stack: 0x00007f5039dde000,0x00007f5039edf000] [id=3026]
  0x00007f50b4433800 WatcherThread [stack: 0x00007f5038412000,0x00007f5038513000] [id=3046]

VM state:at safepoint (normal execution)

VM Mutex/Monitor currently owned by a thread:  ([mutex/lock_event])
[0x00007f50b4005fe0] Threads_lock - owner thread: 0x00007f50b43c6000
[0x00007f50b40064e0] Heap_lock - owner thread: 0x00007f50b44d6000

Heap:
 PSYoungGen      total 1245696K, used 22784K [0x00000006f4900000, 0x0000000748600000, 0x00000007c0000000)
  eden space 1118720K, 0% used [0x00000006f4900000,0x00000006f4900000,0x0000000738d80000)
  from space 126976K, 17% used [0x0000000738d80000,0x000000073a3c0000,0x0000000740980000)
  to   space 126464K, 0% used [0x0000000740980000,0x0000000740980000,0x0000000748500000)
 ParOldGen       total 1332736K, used 754657K [0x000000055da00000, 0x00000005aef80000, 0x00000006f4900000)
  object space 1332736K, 56% used [0x000000055da00000,0x000000058baf8610,0x00000005aef80000)
 Metaspace       used 5211K, capacity 5412K, committed 5504K, reserved 1056768K
  class space    used 567K, capacity 608K, committed 640K, reserved 1048576K

Card table byte_map: [0x00007f50b8b76000,0x00007f50b9e8a000] byte_map_base: 0x00007f50b6089000

Marking Bits: (ParMarkBitMap*) 0x00007f50bc794760
 Begin Bits: [0x00007f508860c000, 0x00007f5091ea4000)
 End Bits:   [0x00007f5091ea4000, 0x00007f509b73c000)

Polling page: 0x00007f50bd3db000

CodeCache: size=245760Kb used=5057Kb max_used=5523Kb free=240702Kb
 bounds [0x00007f50a5000000, 0x00007f50a5570000, 0x00007f50b4000000]
 total_blobs=1066 nmethods=773 adapters=205
 compilation: enabled

Compilation events (10 events):
Event: 14584,752 Thread 0x00007f50b441c000  942       4       java.lang.AbstractStringBuilder::append (40 bytes)
Event: 14584,759 Thread 0x00007f50b441c000 nmethod 942 0x00007f50a549f9d0 code [0x00007f50a549fb40, 0x00007f50a549fef8]
Event: 14891,074 Thread 0x00007f50b4409800  943 %     4       java.io.UnixFileSystem::normalize @ 10 (75 bytes)
Event: 14891,083 Thread 0x00007f50b4409800 nmethod 943% 0x00007f50a54e2d50 code [0x00007f50a54e2ec0, 0x00007f50a54e3218]
Event: 15041,225 Thread 0x00007f50b440d800  944       4       sun.nio.cs.UTF_8$Encoder::encode (359 bytes)
Event: 15041,230 Thread 0x00007f50b440d800 nmethod 944 0x00007f50a54e2850 code [0x00007f50a54e29a0, 0x00007f50a54e2bf8]
Event: 15161,295 Thread 0x00007f50b4406800  945       4       java.lang.String::<init> (62 bytes)
Event: 15161,301 Thread 0x00007f50b4406800 nmethod 945 0x00007f50a53f9f10 code [0x00007f50a53fa060, 0x00007f50a53fa2f8]
Event: 15907,350 Thread 0x00007f50b440b800  946       4       java.lang.StringBuilder::append (8 bytes)
Event: 15907,363 Thread 0x00007f50b440b800 nmethod 946 0x00007f50a53f8ad0 code [0x00007f50a53f8c80, 0x00007f50a53f92d8]

GC Heap History (10 events):
Event: 16354,284 GC heap after
Heap after GC invocations=940 (full 0):
 PSYoungGen      total 890368K, used 47488K [0x00000006f4900000, 0x0000000731d80000, 0x00000007c0000000)
  eden space 787968K, 0% used [0x00000006f4900000,0x00000006f4900000,0x0000000724a80000)
  from space 102400K, 46% used [0x000000072b980000,0x000000072e7e0000,0x0000000731d80000)
  to   space 108032K, 0% used [0x0000000724a80000,0x0000000724a80000,0x000000072b400000)
 ParOldGen       total 1332736K, used 754633K [0x000000055da00000, 0x00000005aef80000, 0x00000006f4900000)
  object space 1332736K, 56% used [0x000000055da00000,0x000000058baf2610,0x00000005aef80000)
 Metaspace       used 5211K, capacity 5412K, committed 5504K, reserved 1056768K
  class space    used 567K, capacity 608K, committed 640K, reserved 1048576K
}
Event: 16368,507 GC heap before
{Heap before GC invocations=941 (full 0):
 PSYoungGen      total 890368K, used 835456K [0x00000006f4900000, 0x0000000731d80000, 0x00000007c0000000)
  eden space 787968K, 100% used [0x00000006f4900000,0x0000000724a80000,0x0000000724a80000)
  from space 102400K, 46% used [0x000000072b980000,0x000000072e7e0000,0x0000000731d80000)
  to   space 108032K, 0% used [0x0000000724a80000,0x0000000724a80000,0x000000072b400000)
 ParOldGen       total 1332736K, used 754633K [0x000000055da00000, 0x00000005aef80000, 0x00000006f4900000)
  object space 1332736K, 56% used [0x000000055da00000,0x000000058baf2610,0x00000005aef80000)
 Metaspace       used 5211K, capacity 5412K, committed 5504K, reserved 1056768K
  class space    used 567K, capacity 608K, committed 640K, reserved 1048576K
Event: 16368,640 GC heap after
Heap after GC invocations=941 (full 0):
 PSYoungGen      total 896000K, used 76032K [0x00000006f4900000, 0x000000073bf80000, 0x00000007c0000000)
  eden space 787968K, 0% used [0x00000006f4900000,0x00000006f4900000,0x0000000724a80000)
  from space 108032K, 70% used [0x0000000724a80000,0x00000007294c0000,0x000000072b400000)
  to   space 112128K, 0% used [0x0000000735200000,0x0000000735200000,0x000000073bf80000)
 ParOldGen       total 1332736K, used 754633K [0x000000055da00000, 0x00000005aef80000, 0x00000006f4900000)
  object space 1332736K, 56% used [0x000000055da00000,0x000000058baf2610,0x00000005aef80000)
 Metaspace       used 5211K, capacity 5412K, committed 5504K, reserved 1056768K
  class space    used 567K, capacity 608K, committed 640K, reserved 1048576K
}
Event: 16381,138 GC heap before
{Heap before GC invocations=942 (full 0):
 PSYoungGen      total 896000K, used 864000K [0x00000006f4900000, 0x000000073bf80000, 0x00000007c0000000)
  eden space 787968K, 100% used [0x00000006f4900000,0x0000000724a80000,0x0000000724a80000)
  from space 108032K, 70% used [0x0000000724a80000,0x00000007294c0000,0x000000072b400000)
  to   space 112128K, 0% used [0x0000000735200000,0x0000000735200000,0x000000073bf80000)
 ParOldGen       total 1332736K, used 754633K [0x000000055da00000, 0x00000005aef80000, 0x00000006f4900000)
  object space 1332736K, 56% used [0x000000055da00000,0x000000058baf2610,0x00000005aef80000)
 Metaspace       used 5211K, capacity 5412K, committed 5504K, reserved 1056768K
  class space    used 567K, capacity 608K, committed 640K, reserved 1048576K
Event: 16381,302 GC heap after
Heap after GC invocations=942 (full 0):
 PSYoungGen      total 1044480K, used 104864K [0x00000006f4900000, 0x000000073d980000, 0x00000007c0000000)
  eden space 932352K, 0% used [0x00000006f4900000,0x00000006f4900000,0x000000072d780000)
  from space 112128K, 93% used [0x0000000735200000,0x000000073b868000,0x000000073bf80000)
  to   space 125440K, 0% used [0x000000072d780000,0x000000072d780000,0x0000000735200000)
 ParOldGen       total 1332736K, used 754633K [0x000000055da00000, 0x00000005aef80000, 0x00000006f4900000)
  object space 1332736K, 56% used [0x000000055da00000,0x000000058baf2610,0x00000005aef80000)
 Metaspace       used 5211K, capacity 5412K, committed 5504K, reserved 1056768K
  class space    used 567K, capacity 608K, committed 640K, reserved 1048576K
}
Event: 16406,033 GC heap before
{Heap before GC invocations=943 (full 0):
 PSYoungGen      total 1044480K, used 1037216K [0x00000006f4900000, 0x000000073d980000, 0x00000007c0000000)
  eden space 932352K, 100% used [0x00000006f4900000,0x000000072d780000,0x000000072d780000)
  from space 112128K, 93% used [0x0000000735200000,0x000000073b868000,0x000000073bf80000)
  to   space 125440K, 0% used [0x000000072d780000,0x000000072d780000,0x0000000735200000)
 ParOldGen       total 1332736K, used 754633K [0x000000055da00000, 0x00000005aef80000, 0x00000006f4900000)
  object space 1332736K, 56% used [0x000000055da00000,0x000000058baf2610,0x00000005aef80000)
 Metaspace       used 5211K, capacity 5412K, committed 5504K, reserved 1056768K
  class space    used 567K, capacity 608K, committed 640K, reserved 1048576K
Event: 16406,093 GC heap after
Heap after GC invocations=943 (full 0):
 PSYoungGen      total 1057792K, used 10336K [0x00000006f4900000, 0x0000000748500000, 0x00000007c0000000)
  eden space 932352K, 0% used [0x00000006f4900000,0x00000006f4900000,0x000000072d780000)
  from space 125440K, 8% used [0x000000072d780000,0x000000072e198000,0x0000000735200000)
  to   space 126464K, 0% used [0x0000000740980000,0x0000000740980000,0x0000000748500000)
 ParOldGen       total 1332736K, used 754633K [0x000000055da00000, 0x00000005aef80000, 0x00000006f4900000)
  object space 1332736K, 56% used [0x000000055da00000,0x000000058baf2610,0x00000005aef80000)
 Metaspace       used 5211K, capacity 5412K, committed 5504K, reserved 1056768K
  class space    used 567K, capacity 608K, committed 640K, reserved 1048576K
}
Event: 16418,859 GC heap before
{Heap before GC invocations=944 (full 0):
 PSYoungGen      total 1057792K, used 942688K [0x00000006f4900000, 0x0000000748500000, 0x00000007c0000000)
  eden space 932352K, 100% used [0x00000006f4900000,0x000000072d780000,0x000000072d780000)
  from space 125440K, 8% used [0x000000072d780000,0x000000072e198000,0x0000000735200000)
  to   space 126464K, 0% used [0x0000000740980000,0x0000000740980000,0x0000000748500000)
 ParOldGen       total 1332736K, used 754633K [0x000000055da00000, 0x00000005aef80000, 0x00000006f4900000)
  object space 1332736K, 56% used [0x000000055da00000,0x000000058baf2610,0x00000005aef80000)
 Metaspace       used 5211K, capacity 5412K, committed 5504K, reserved 1056768K
  class space    used 567K, capacity 608K, committed 640K, reserved 1048576K
Event: 16418,991 GC heap after
Heap after GC invocations=944 (full 0):
 PSYoungGen      total 1245184K, used 73600K [0x00000006f4900000, 0x0000000748600000, 0x00000007c0000000)
  eden space 1118720K, 0% used [0x00000006f4900000,0x00000006f4900000,0x0000000738d80000)
  from space 126464K, 58% used [0x0000000740980000,0x0000000745160000,0x0000000748500000)
  to   space 126976K, 0% used [0x0000000738d80000,0x0000000738d80000,0x0000000740980000)
 ParOldGen       total 1332736K, used 754649K [0x000000055da00000, 0x00000005aef80000, 0x00000006f4900000)
  object space 1332736K, 56% used [0x000000055da00000,0x000000058baf6610,0x00000005aef80000)
 Metaspace       used 5211K, capacity 5412K, committed 5504K, reserved 1056768K
  class space    used 567K, capacity 608K, committed 640K, reserved 1048576K
}
Event: 16447,583 GC heap before
{Heap before GC invocations=945 (full 0):
 PSYoungGen      total 1245184K, used 1192320K [0x00000006f4900000, 0x0000000748600000, 0x00000007c0000000)
  eden space 1118720K, 100% used [0x00000006f4900000,0x0000000738d80000,0x0000000738d80000)
  from space 126464K, 58% used [0x0000000740980000,0x0000000745160000,0x0000000748500000)
  to   space 126976K, 0% used [0x0000000738d80000,0x0000000738d80000,0x0000000740980000)
 ParOldGen       total 1332736K, used 754649K [0x000000055da00000, 0x00000005aef80000, 0x00000006f4900000)
  object space 1332736K, 56% used [0x000000055da00000,0x000000058baf6610,0x00000005aef80000)
 Metaspace       used 5211K, capacity 5412K, committed 5504K, reserved 1056768K
  class space    used 567K, capacity 608K, committed 640K, reserved 1048576K

Deoptimization events (10 events):
Event: 1,822 Thread 0x00007f50b44d6000 Uncommon trap: reason=unstable_if action=reinterpret pc=0x00007f50a542536c method=java.util.HashMap.putVal(ILjava/lang/Object;Ljava/lang/Object;ZZ)Ljava/lang/Object; @ 162
Event: 1,822 Thread 0x00007f50b44d6000 Uncommon trap: reason=unstable_if action=reinterpret pc=0x00007f50a5423598 method=java.util.HashMap.putVal(ILjava/lang/Object;Ljava/lang/Object;ZZ)Ljava/lang/Object; @ 162
Event: 1,822 Thread 0x00007f50b44d6000 Uncommon trap: reason=unstable_if action=reinterpret pc=0x00007f50a5428908 method=java.util.HashMap.putVal(ILjava/lang/Object;Ljava/lang/Object;ZZ)Ljava/lang/Object; @ 162
Event: 1,901 Thread 0x00007f50b44d6000 Uncommon trap: reason=unstable_if action=reinterpret pc=0x00007f50a54c7c60 method=edu.ufpr.cbio.psp.problem.domain.TopologyContact.equals(Ljava/lang/Object;)Z @ 72
Event: 1,901 Thread 0x00007f50b44d6000 Uncommon trap: reason=unstable_if action=reinterpret pc=0x00007f50a5431098 method=java.util.HashMap.putVal(ILjava/lang/Object;Ljava/lang/Object;ZZ)Ljava/lang/Object; @ 94
Event: 7,422 Thread 0x00007f50b44d6000 Uncommon trap: reason=unstable_if action=reinterpret pc=0x00007f50a54cdb84 method=java.util.ArrayList.remove(I)Ljava/lang/Object; @ 31
Event: 7,422 Thread 0x00007f50b44d6000 Uncommon trap: reason=unstable_if action=reinterpret pc=0x00007f50a54fef84 method=java.util.ArrayList.remove(I)Ljava/lang/Object; @ 31
Event: 7,422 Thread 0x00007f50b44d6000 Uncommon trap: reason=unstable_if action=reinterpret pc=0x00007f50a54fd528 method=java.util.ArrayList.remove(I)Ljava/lang/Object; @ 31
Event: 14,632 Thread 0x00007f50b44d6000 Uncommon trap: reason=unstable_if action=reinterpret pc=0x00007f50a54d9bd8 method=java.util.HashMap.putVal(ILjava/lang/Object;Ljava/lang/Object;ZZ)Ljava/lang/Object; @ 206
Event: 7635,159 Thread 0x00007f50b44d6000 Uncommon trap: reason=unstable_if action=reinterpret pc=0x00007f50a5527dd0 method=java.util.Random.nextInt(I)I @ 58

Internal exceptions (8 events):
Event: 0,046 Thread 0x00007f50b400a800 Exception <a 'java/lang/NoSuchMethodError': Method sun.misc.Unsafe.defineClass(Ljava/lang/String;[BII)Ljava/lang/Class; name or signature does not match> (0x00000006f4912a30) thrown at [/RE-WORK/workspace/8-2-build-linux-amd64/jdk8u45/3457/hotspot/src/sha
Event: 0,046 Thread 0x00007f50b400a800 Exception <a 'java/lang/NoSuchMethodError': Method sun.misc.Unsafe.prefetchRead(Ljava/lang/Object;J)V name or signature does not match> (0x00000006f4912cc0) thrown at [/RE-WORK/workspace/8-2-build-linux-amd64/jdk8u45/3457/hotspot/src/share/vm/prims/jni.cp
Event: 0,163 Thread 0x00007f50b400a800 Exception <a 'java/security/PrivilegedActionException'> (0x00000006f4a1e8a8) thrown at [/RE-WORK/workspace/8-2-build-linux-amd64/jdk8u45/3457/hotspot/src/share/vm/prims/jvm.cpp, line 1382]
Event: 0,163 Thread 0x00007f50b400a800 Exception <a 'java/security/PrivilegedActionException'> (0x00000006f4a1ea60) thrown at [/RE-WORK/workspace/8-2-build-linux-amd64/jdk8u45/3457/hotspot/src/share/vm/prims/jvm.cpp, line 1382]
Event: 0,164 Thread 0x00007f50b400a800 Exception <a 'java/security/PrivilegedActionException'> (0x00000006f4a212f8) thrown at [/RE-WORK/workspace/8-2-build-linux-amd64/jdk8u45/3457/hotspot/src/share/vm/prims/jvm.cpp, line 1382]
Event: 0,164 Thread 0x00007f50b400a800 Exception <a 'java/security/PrivilegedActionException'> (0x00000006f4a214b0) thrown at [/RE-WORK/workspace/8-2-build-linux-amd64/jdk8u45/3457/hotspot/src/share/vm/prims/jvm.cpp, line 1382]
Event: 0,335 Thread 0x00007f50b44d6000 Exception <a 'java/lang/NoSuchFieldError': method resolution failed> (0x00000006f67aa7b8) thrown at [/RE-WORK/workspace/8-2-build-linux-amd64/jdk8u45/3457/hotspot/src/share/vm/prims/methodHandles.cpp, line 1125]
Event: 0,341 Thread 0x00007f50b44d6000 Exception <a 'java/lang/NoSuchFieldError': method resolution failed> (0x00000006f67b8ea8) thrown at [/RE-WORK/workspace/8-2-build-linux-amd64/jdk8u45/3457/hotspot/src/share/vm/prims/methodHandles.cpp, line 1125]

Events (10 events):
Event: 16368,641 Executing VM operation: RevokeBias done
Event: 16381,138 Executing VM operation: ParallelGCFailedAllocation
Event: 16381,302 Executing VM operation: ParallelGCFailedAllocation done
Event: 16406,033 Executing VM operation: ParallelGCFailedAllocation
Event: 16406,093 Executing VM operation: ParallelGCFailedAllocation done
Event: 16406,094 Executing VM operation: RevokeBias
Event: 16406,094 Executing VM operation: RevokeBias done
Event: 16418,859 Executing VM operation: ParallelGCFailedAllocation
Event: 16418,991 Executing VM operation: ParallelGCFailedAllocation done
Event: 16447,583 Executing VM operation: ParallelGCFailedAllocation


Dynamic libraries:
00400000-00401000 r-xp 00000000 00:2c 34522951                           /home/ppginf/vdfontoura/jdk1.8.0_45/bin/java
00600000-00601000 rw-p 00000000 00:2c 34522951                           /home/ppginf/vdfontoura/jdk1.8.0_45/bin/java
024e3000-02504000 rw-p 00000000 00:00 0                                  [heap]
55da00000-5aef80000 rw-p 00000000 00:00 0 
5aef80000-6f4900000 ---p 00000000 00:00 0 
6f4900000-748600000 rw-p 00000000 00:00 0 
755d00000-7c0000000 ---p 00000000 00:00 0 
7c0000000-7c00a0000 rw-p 00000000 00:00 0 
7c00a0000-800000000 ---p 00000000 00:00 0 
7f4fd4000000-7f4fd4021000 rw-p 00000000 00:00 0 
7f4fd4021000-7f4fd8000000 ---p 00000000 00:00 0 
7f4fd8000000-7f4fd8079000 rw-p 00000000 00:00 0 
7f4fd8079000-7f4fdc000000 ---p 00000000 00:00 0 
7f4fdc000000-7f4fdc0ba000 rw-p 00000000 00:00 0 
7f4fdc0ba000-7f4fe0000000 ---p 00000000 00:00 0 
7f4fe0000000-7f4fe0021000 rw-p 00000000 00:00 0 
7f4fe0021000-7f4fe4000000 ---p 00000000 00:00 0 
7f4fe4000000-7f4fe4109000 rw-p 00000000 00:00 0 
7f4fe4109000-7f4fe8000000 ---p 00000000 00:00 0 
7f4fe8000000-7f4fe80c6000 rw-p 00000000 00:00 0 
7f4fe80c6000-7f4fec000000 ---p 00000000 00:00 0 
7f4fec000000-7f4fec0b2000 rw-p 00000000 00:00 0 
7f4fec0b2000-7f4ff0000000 ---p 00000000 00:00 0 
7f4ff0000000-7f4ff0148000 rw-p 00000000 00:00 0 
7f4ff0148000-7f4ff4000000 ---p 00000000 00:00 0 
7f4ff4000000-7f4ff4348000 rw-p 00000000 00:00 0 
7f4ff4348000-7f4ff8000000 ---p 00000000 00:00 0 
7f4ff8000000-7f4ff84bc000 rw-p 00000000 00:00 0 
7f4ff84bc000-7f4ffc000000 ---p 00000000 00:00 0 
7f4ffc000000-7f4ffc213000 rw-p 00000000 00:00 0 
7f4ffc213000-7f5000000000 ---p 00000000 00:00 0 
7f5000000000-7f5000246000 rw-p 00000000 00:00 0 
7f5000246000-7f5004000000 ---p 00000000 00:00 0 
7f5004000000-7f500428f000 rw-p 00000000 00:00 0 
7f500428f000-7f5008000000 ---p 00000000 00:00 0 
7f5008000000-7f50082cd000 rw-p 00000000 00:00 0 
7f50082cd000-7f500c000000 ---p 00000000 00:00 0 
7f500c000000-7f500c3e5000 rw-p 00000000 00:00 0 
7f500c3e5000-7f5010000000 ---p 00000000 00:00 0 
7f5010000000-7f50102fc000 rw-p 00000000 00:00 0 
7f50102fc000-7f5014000000 ---p 00000000 00:00 0 
7f5014000000-7f5014381000 rw-p 00000000 00:00 0 
7f5014381000-7f5018000000 ---p 00000000 00:00 0 
7f5018000000-7f501831f000 rw-p 00000000 00:00 0 
7f501831f000-7f501c000000 ---p 00000000 00:00 0 
7f501c000000-7f501c021000 rw-p 00000000 00:00 0 
7f501c021000-7f5020000000 ---p 00000000 00:00 0 
7f5020000000-7f5020021000 rw-p 00000000 00:00 0 
7f5020021000-7f5024000000 ---p 00000000 00:00 0 
7f5024000000-7f502428c000 rw-p 00000000 00:00 0 
7f502428c000-7f5028000000 ---p 00000000 00:00 0 
7f5028000000-7f5028021000 rw-p 00000000 00:00 0 
7f5028021000-7f502c000000 ---p 00000000 00:00 0 
7f502c000000-7f502c021000 rw-p 00000000 00:00 0 
7f502c021000-7f5030000000 ---p 00000000 00:00 0 
7f5030000000-7f5030021000 rw-p 00000000 00:00 0 
7f5030021000-7f5034000000 ---p 00000000 00:00 0 
7f5034000000-7f5034021000 rw-p 00000000 00:00 0 
7f5034021000-7f5038000000 ---p 00000000 00:00 0 
7f5038103000-7f5038203000 rw-p 00000000 00:00 0 
7f5038203000-7f5038206000 ---p 00000000 00:00 0 
7f5038206000-7f5038304000 rw-p 00000000 00:00 0                          [stack:3047]
7f5038304000-7f5038412000 r--s 010cb000 00:2c 45958872                   /home/ppginf/vdfontoura/psp-chapter-cbic/psp-2D/cbic_approach/target/IBEA.jar
7f5038412000-7f5038413000 ---p 00000000 00:00 0 
7f5038413000-7f5038513000 rw-p 00000000 00:00 0                          [stack:3046]
7f5038513000-7f5038516000 ---p 00000000 00:00 0 
7f5038516000-7f5038614000 rw-p 00000000 00:00 0                          [stack:3045]
7f5038614000-7f5038617000 ---p 00000000 00:00 0 
7f5038617000-7f5038715000 rw-p 00000000 00:00 0                          [stack:3044]
7f5038715000-7f5038718000 ---p 00000000 00:00 0 
7f5038718000-7f5038816000 rw-p 00000000 00:00 0                          [stack:3043]
7f5038816000-7f5038819000 ---p 00000000 00:00 0 
7f5038819000-7f5038917000 rw-p 00000000 00:00 0                          [stack:3042]
7f5038917000-7f503891a000 ---p 00000000 00:00 0 
7f503891a000-7f5038a18000 rw-p 00000000 00:00 0                          [stack:3041]
7f5038a18000-7f5038a1b000 ---p 00000000 00:00 0 
7f5038a1b000-7f5038b19000 rw-p 00000000 00:00 0                          [stack:3040]
7f5038b19000-7f5038b1c000 ---p 00000000 00:00 0 
7f5038b1c000-7f5038c1a000 rw-p 00000000 00:00 0                          [stack:3039]
7f5038c1a000-7f5038c1d000 ---p 00000000 00:00 0 
7f5038c1d000-7f5038d1b000 rw-p 00000000 00:00 0                          [stack:3038]
7f5038d1b000-7f5038d1e000 ---p 00000000 00:00 0 
7f5038d1e000-7f5038e1c000 rw-p 00000000 00:00 0                          [stack:3037]
7f5038e1c000-7f5038e1f000 ---p 00000000 00:00 0 
7f5038e1f000-7f5038f1d000 rw-p 00000000 00:00 0                          [stack:3036]
7f5038f1d000-7f5038f20000 ---p 00000000 00:00 0 
7f5038f20000-7f503901e000 rw-p 00000000 00:00 0                          [stack:3035]
7f503901e000-7f5039021000 ---p 00000000 00:00 0 
7f5039021000-7f503911f000 rw-p 00000000 00:00 0                          [stack:3034]
7f503911f000-7f5039122000 ---p 00000000 00:00 0 
7f5039122000-7f5039220000 rw-p 00000000 00:00 0                          [stack:3033]
7f5039220000-7f5039223000 ---p 00000000 00:00 0 
7f5039223000-7f5039321000 rw-p 00000000 00:00 0                          [stack:3032]
7f5039321000-7f5039324000 ---p 00000000 00:00 0 
7f5039324000-7f5039422000 rw-p 00000000 00:00 0                          [stack:3031]
7f5039422000-7f5039425000 ---p 00000000 00:00 0 
7f5039425000-7f5039523000 rw-p 00000000 00:00 0                          [stack:3030]
7f5039523000-7f5039526000 ---p 00000000 00:00 0 
7f5039526000-7f5039624000 rw-p 00000000 00:00 0                          [stack:3029]
7f5039624000-7f5039bdc000 r--p 00000000 00:15 231                        /usr/lib/locale/locale-archive
7f5039bdc000-7f5039bdf000 ---p 00000000 00:00 0 
7f5039bdf000-7f5039cdd000 rw-p 00000000 00:00 0                          [stack:3028]
7f5039cdd000-7f5039ce0000 ---p 00000000 00:00 0 
7f5039ce0000-7f5039dde000 rw-p 00000000 00:00 0                          [stack:3027]
7f5039dde000-7f5039ddf000 ---p 00000000 00:00 0 
7f5039ddf000-7f503c000000 rw-p 00000000 00:00 0                          [stack:3026]
7f503c000000-7f503c021000 rw-p 00000000 00:00 0 
7f503c021000-7f5040000000 ---p 00000000 00:00 0 
7f5040000000-7f5040021000 rw-p 00000000 00:00 0 
7f5040021000-7f5044000000 ---p 00000000 00:00 0 
7f5044000000-7f5044021000 rw-p 00000000 00:00 0 
7f5044021000-7f5048000000 ---p 00000000 00:00 0 
7f5048000000-7f5048021000 rw-p 00000000 00:00 0 
7f5048021000-7f504c000000 ---p 00000000 00:00 0 
7f504c000000-7f504c021000 rw-p 00000000 00:00 0 
7f504c021000-7f5050000000 ---p 00000000 00:00 0 
7f5050000000-7f5050021000 rw-p 00000000 00:00 0 
7f5050021000-7f5054000000 ---p 00000000 00:00 0 
7f5054000000-7f5054021000 rw-p 00000000 00:00 0 
7f5054021000-7f5058000000 ---p 00000000 00:00 0 
7f5058000000-7f5058021000 rw-p 00000000 00:00 0 
7f5058021000-7f505c000000 ---p 00000000 00:00 0 
7f505c000000-7f505c021000 rw-p 00000000 00:00 0 
7f505c021000-7f5060000000 ---p 00000000 00:00 0 
7f5060000000-7f5060021000 rw-p 00000000 00:00 0 
7f5060021000-7f5064000000 ---p 00000000 00:00 0 
7f5064000000-7f5064021000 rw-p 00000000 00:00 0 
7f5064021000-7f5068000000 ---p 00000000 00:00 0 
7f5068000000-7f5068021000 rw-p 00000000 00:00 0 
7f5068021000-7f506c000000 ---p 00000000 00:00 0 
7f506c000000-7f506c021000 rw-p 00000000 00:00 0 
7f506c021000-7f5070000000 ---p 00000000 00:00 0 
7f5070000000-7f5070021000 rw-p 00000000 00:00 0 
7f5070021000-7f5074000000 ---p 00000000 00:00 0 
7f5074000000-7f5074021000 rw-p 00000000 00:00 0 
7f5074021000-7f5078000000 ---p 00000000 00:00 0 
7f5078000000-7f5078021000 rw-p 00000000 00:00 0 
7f5078021000-7f507c000000 ---p 00000000 00:00 0 
7f507c000000-7f507c021000 rw-p 00000000 00:00 0 
7f507c021000-7f5080000000 ---p 00000000 00:00 0 
7f5080000000-7f5080021000 rw-p 00000000 00:00 0 
7f5080021000-7f5084000000 ---p 00000000 00:00 0 
7f5084000000-7f5084021000 rw-p 00000000 00:00 0 
7f5084021000-7f5088000000 ---p 00000000 00:00 0 
7f5088006000-7f509b73c000 rw-p 00000000 00:00 0 
7f509b7f8000-7f509c000000 rw-p 00000000 00:00 0 
7f509c000000-7f509c021000 rw-p 00000000 00:00 0 
7f509c021000-7f50a0000000 ---p 00000000 00:00 0 
7f50a0002000-7f50a191b000 rw-p 00000000 00:00 0 
7f50a191b000-7f50a1af4000 r--s 03d09000 00:2c 34523101                   /home/ppginf/vdfontoura/jdk1.8.0_45/jre/lib/rt.jar
7f50a1af4000-7f50a202a000 rw-p 00000000 00:00 0 
7f50a202a000-7f50a236a000 ---p 00000000 00:00 0 
7f50a236a000-7f50a373c000 rw-p 00000000 00:00 0 
7f50a373c000-7f50a373d000 ---p 00000000 00:00 0 
7f50a373d000-7f50a383d000 rw-p 00000000 00:00 0                          [stack:3025]
7f50a383d000-7f50a383e000 ---p 00000000 00:00 0 
7f50a383e000-7f50a393e000 rw-p 00000000 00:00 0                          [stack:3024]
7f50a393e000-7f50a393f000 ---p 00000000 00:00 0 
7f50a393f000-7f50a3a3f000 rw-p 00000000 00:00 0                          [stack:3023]
7f50a3a3f000-7f50a3a40000 ---p 00000000 00:00 0 
7f50a3a40000-7f50a3b40000 rw-p 00000000 00:00 0                          [stack:3022]
7f50a3b40000-7f50a3b41000 ---p 00000000 00:00 0 
7f50a3b41000-7f50a3c41000 rw-p 00000000 00:00 0                          [stack:3021]
7f50a3c41000-7f50a3c42000 ---p 00000000 00:00 0 
7f50a3c42000-7f50a3d42000 rw-p 00000000 00:00 0                          [stack:3020]
7f50a3d42000-7f50a3d43000 ---p 00000000 00:00 0 
7f50a3d43000-7f50a3e43000 rw-p 00000000 00:00 0                          [stack:3019]
7f50a3e43000-7f50a3e44000 ---p 00000000 00:00 0 
7f50a3e44000-7f50a3f44000 rw-p 00000000 00:00 0                          [stack:3018]
7f50a3f44000-7f50a3f45000 ---p 00000000 00:00 0 
7f50a3f45000-7f50a4045000 rw-p 00000000 00:00 0                          [stack:3017]
7f50a4045000-7f50a4046000 ---p 00000000 00:00 0 
7f50a4046000-7f50a4146000 rw-p 00000000 00:00 0                          [stack:3016]
7f50a4146000-7f50a4147000 ---p 00000000 00:00 0 
7f50a4147000-7f50a4247000 rw-p 00000000 00:00 0                          [stack:3015]
7f50a4247000-7f50a4248000 ---p 00000000 00:00 0 
7f50a4248000-7f50a45d3000 rw-p 00000000 00:00 0                          [stack:3014]
7f50a45d3000-7f50a5000000 ---p 00000000 00:00 0 
7f50a5000000-7f50a5570000 rwxp 00000000 00:00 0 
7f50a5570000-7f50b4000000 ---p 00000000 00:00 0 
7f50b4000000-7f50b475c000 rw-p 00000000 00:00 0 
7f50b475c000-7f50b8000000 ---p 00000000 00:00 0 
7f50b8049000-7f50b806b000 r--p 00000000 00:15 7914                       /usr/share/locale-langpack/pt_BR/LC_MESSAGES/libc.mo
7f50b806b000-7f50b806c000 ---p 00000000 00:00 0 
7f50b806c000-7f50b816c000 rw-p 00000000 00:00 0                          [stack:3013]
7f50b816c000-7f50b816d000 ---p 00000000 00:00 0 
7f50b816d000-7f50b826d000 rw-p 00000000 00:00 0                          [stack:3012]
7f50b826d000-7f50b826e000 ---p 00000000 00:00 0 
7f50b826e000-7f50b836e000 rw-p 00000000 00:00 0                          [stack:3011]
7f50b836e000-7f50b836f000 ---p 00000000 00:00 0 
7f50b836f000-7f50b846f000 rw-p 00000000 00:00 0                          [stack:3010]
7f50b846f000-7f50b8470000 ---p 00000000 00:00 0 
7f50b8470000-7f50b8570000 rw-p 00000000 00:00 0                          [stack:3009]
7f50b8570000-7f50b8571000 ---p 00000000 00:00 0 
7f50b8571000-7f50b8671000 rw-p 00000000 00:00 0                          [stack:3008]
7f50b8671000-7f50b8672000 ---p 00000000 00:00 0 
7f50b8672000-7f50b8772000 rw-p 00000000 00:00 0                          [stack:3007]
7f50b8772000-7f50b8773000 ---p 00000000 00:00 0 
7f50b8773000-7f50b8873000 rw-p 00000000 00:00 0                          [stack:3006]
7f50b8873000-7f50b8874000 ---p 00000000 00:00 0 
7f50b8874000-7f50b8974000 rw-p 00000000 00:00 0                          [stack:3005]
7f50b8974000-7f50b8975000 ---p 00000000 00:00 0 
7f50b8975000-7f50b8a75000 rw-p 00000000 00:00 0                          [stack:3004]
7f50b8a75000-7f50b8a76000 ---p 00000000 00:00 0 
7f50b8a76000-7f50b8e01000 rw-p 00000000 00:00 0                          [stack:3003]
7f50b8e01000-7f50b982d000 ---p 00000000 00:00 0 
7f50b982d000-7f50b9acc000 rw-p 00000000 00:00 0 
7f50b9acc000-7f50b9e89000 ---p 00000000 00:00 0 
7f50b9e89000-7f50b9ea0000 rw-p 00000000 00:00 0 
7f50b9ea0000-7f50ba24a000 ---p 00000000 00:00 0 
7f50ba24a000-7f50ba264000 r-xp 00000000 00:2c 34523211                   /home/ppginf/vdfontoura/jdk1.8.0_45/jre/lib/amd64/libzip.so
7f50ba264000-7f50ba464000 ---p 0001a000 00:2c 34523211                   /home/ppginf/vdfontoura/jdk1.8.0_45/jre/lib/amd64/libzip.so
7f50ba464000-7f50ba465000 rw-p 0001a000 00:2c 34523211                   /home/ppginf/vdfontoura/jdk1.8.0_45/jre/lib/amd64/libzip.so
7f50ba465000-7f50ba471000 r-xp 00000000 00:15 181                        /lib/x86_64-linux-gnu/libnss_ldap.so.2
7f50ba471000-7f50ba670000 ---p 0000c000 00:15 181                        /lib/x86_64-linux-gnu/libnss_ldap.so.2
7f50ba670000-7f50ba671000 r--p 0000b000 00:15 181                        /lib/x86_64-linux-gnu/libnss_ldap.so.2
7f50ba671000-7f50ba672000 rw-p 0000c000 00:15 181                        /lib/x86_64-linux-gnu/libnss_ldap.so.2
7f50ba672000-7f50ba67d000 r-xp 00000000 00:15 178                        /lib/x86_64-linux-gnu/libnss_files-2.19.so
7f50ba67d000-7f50ba87c000 ---p 0000b000 00:15 178                        /lib/x86_64-linux-gnu/libnss_files-2.19.so
7f50ba87c000-7f50ba87d000 r--p 0000a000 00:15 178                        /lib/x86_64-linux-gnu/libnss_files-2.19.so
7f50ba87d000-7f50ba87e000 rw-p 0000b000 00:15 178                        /lib/x86_64-linux-gnu/libnss_files-2.19.so
7f50ba87e000-7f50ba889000 r-xp 00000000 00:15 176                        /lib/x86_64-linux-gnu/libnss_nis-2.19.so
7f50ba889000-7f50baa88000 ---p 0000b000 00:15 176                        /lib/x86_64-linux-gnu/libnss_nis-2.19.so
7f50baa88000-7f50baa89000 r--p 0000a000 00:15 176                        /lib/x86_64-linux-gnu/libnss_nis-2.19.so
7f50baa89000-7f50baa8a000 rw-p 0000b000 00:15 176                        /lib/x86_64-linux-gnu/libnss_nis-2.19.so
7f50baa8a000-7f50baaa1000 r-xp 00000000 00:15 174                        /lib/x86_64-linux-gnu/libnsl-2.19.so
7f50baaa1000-7f50baca0000 ---p 00017000 00:15 174                        /lib/x86_64-linux-gnu/libnsl-2.19.so
7f50baca0000-7f50baca1000 r--p 00016000 00:15 174                        /lib/x86_64-linux-gnu/libnsl-2.19.so
7f50baca1000-7f50baca2000 rw-p 00017000 00:15 174                        /lib/x86_64-linux-gnu/libnsl-2.19.so
7f50baca2000-7f50baca4000 rw-p 00000000 00:00 0 
7f50baca4000-7f50bacad000 r-xp 00000000 00:15 172                        /lib/x86_64-linux-gnu/libnss_compat-2.19.so
7f50bacad000-7f50baeac000 ---p 00009000 00:15 172                        /lib/x86_64-linux-gnu/libnss_compat-2.19.so
7f50baeac000-7f50baead000 r--p 00008000 00:15 172                        /lib/x86_64-linux-gnu/libnss_compat-2.19.so
7f50baead000-7f50baeae000 rw-p 00009000 00:15 172                        /lib/x86_64-linux-gnu/libnss_compat-2.19.so
7f50baeae000-7f50baed8000 r-xp 00000000 00:2c 34523126                   /home/ppginf/vdfontoura/jdk1.8.0_45/jre/lib/amd64/libjava.so
7f50baed8000-7f50bb0d8000 ---p 0002a000 00:2c 34523126                   /home/ppginf/vdfontoura/jdk1.8.0_45/jre/lib/amd64/libjava.so
7f50bb0d8000-7f50bb0da000 rw-p 0002a000 00:2c 34523126                   /home/ppginf/vdfontoura/jdk1.8.0_45/jre/lib/amd64/libjava.so
7f50bb0da000-7f50bb0e7000 r-xp 00000000 00:2c 34523210                   /home/ppginf/vdfontoura/jdk1.8.0_45/jre/lib/amd64/libverify.so
7f50bb0e7000-7f50bb2e7000 ---p 0000d000 00:2c 34523210                   /home/ppginf/vdfontoura/jdk1.8.0_45/jre/lib/amd64/libverify.so
7f50bb2e7000-7f50bb2e9000 rw-p 0000d000 00:2c 34523210                   /home/ppginf/vdfontoura/jdk1.8.0_45/jre/lib/amd64/libverify.so
7f50bb2e9000-7f50bb2f0000 r-xp 00000000 00:15 44                         /lib/x86_64-linux-gnu/librt-2.19.so
7f50bb2f0000-7f50bb4ef000 ---p 00007000 00:15 44                         /lib/x86_64-linux-gnu/librt-2.19.so
7f50bb4ef000-7f50bb4f0000 r--p 00006000 00:15 44                         /lib/x86_64-linux-gnu/librt-2.19.so
7f50bb4f0000-7f50bb4f1000 rw-p 00007000 00:15 44                         /lib/x86_64-linux-gnu/librt-2.19.so
7f50bb4f1000-7f50bb5f6000 r-xp 00000000 00:15 306                        /lib/x86_64-linux-gnu/libm-2.19.so
7f50bb5f6000-7f50bb7f5000 ---p 00105000 00:15 306                        /lib/x86_64-linux-gnu/libm-2.19.so
7f50bb7f5000-7f50bb7f6000 r--p 00104000 00:15 306                        /lib/x86_64-linux-gnu/libm-2.19.so
7f50bb7f6000-7f50bb7f7000 rw-p 00105000 00:15 306                        /lib/x86_64-linux-gnu/libm-2.19.so
7f50bb7f7000-7f50bc4a5000 r-xp 00000000 00:2c 34523214                   /home/ppginf/vdfontoura/jdk1.8.0_45/jre/lib/amd64/server/libjvm.so
7f50bc4a5000-7f50bc6a4000 ---p 00cae000 00:2c 34523214                   /home/ppginf/vdfontoura/jdk1.8.0_45/jre/lib/amd64/server/libjvm.so
7f50bc6a4000-7f50bc77b000 rw-p 00cad000 00:2c 34523214                   /home/ppginf/vdfontoura/jdk1.8.0_45/jre/lib/amd64/server/libjvm.so
7f50bc77b000-7f50bc7bf000 rw-p 00000000 00:00 0 
7f50bc7bf000-7f50bc97a000 r-xp 00000000 00:15 46                         /lib/x86_64-linux-gnu/libc-2.19.so
7f50bc97a000-7f50bcb79000 ---p 001bb000 00:15 46                         /lib/x86_64-linux-gnu/libc-2.19.so
7f50bcb79000-7f50bcb7d000 r--p 001ba000 00:15 46                         /lib/x86_64-linux-gnu/libc-2.19.so
7f50bcb7d000-7f50bcb7f000 rw-p 001be000 00:15 46                         /lib/x86_64-linux-gnu/libc-2.19.so
7f50bcb7f000-7f50bcb84000 rw-p 00000000 00:00 0 
7f50bcb84000-7f50bcb87000 r-xp 00000000 00:15 52                         /lib/x86_64-linux-gnu/libdl-2.19.so
7f50bcb87000-7f50bcd86000 ---p 00003000 00:15 52                         /lib/x86_64-linux-gnu/libdl-2.19.so
7f50bcd86000-7f50bcd87000 r--p 00002000 00:15 52                         /lib/x86_64-linux-gnu/libdl-2.19.so
7f50bcd87000-7f50bcd88000 rw-p 00003000 00:15 52                         /lib/x86_64-linux-gnu/libdl-2.19.so
7f50bcd88000-7f50bcd9d000 r-xp 00000000 00:2c 34523376                   /home/ppginf/vdfontoura/jdk1.8.0_45/lib/amd64/jli/libjli.so
7f50bcd9d000-7f50bcf9d000 ---p 00015000 00:2c 34523376                   /home/ppginf/vdfontoura/jdk1.8.0_45/lib/amd64/jli/libjli.so
7f50bcf9d000-7f50bcf9e000 rw-p 00015000 00:2c 34523376                   /home/ppginf/vdfontoura/jdk1.8.0_45/lib/amd64/jli/libjli.so
7f50bcf9e000-7f50bcfb7000 r-xp 00000000 00:15 48                         /lib/x86_64-linux-gnu/libpthread-2.19.so
7f50bcfb7000-7f50bd1b6000 ---p 00019000 00:15 48                         /lib/x86_64-linux-gnu/libpthread-2.19.so
7f50bd1b6000-7f50bd1b7000 r--p 00018000 00:15 48                         /lib/x86_64-linux-gnu/libpthread-2.19.so
7f50bd1b7000-7f50bd1b8000 rw-p 00019000 00:15 48                         /lib/x86_64-linux-gnu/libpthread-2.19.so
7f50bd1b8000-7f50bd1bc000 rw-p 00000000 00:00 0 
7f50bd1bc000-7f50bd1df000 r-xp 00000000 00:15 32                         /lib/x86_64-linux-gnu/ld-2.19.so
7f50bd1f1000-7f50bd29b000 rw-p 00000000 00:00 0 
7f50bd29b000-7f50bd29e000 ---p 00000000 00:00 0 
7f50bd29e000-7f50bd3a0000 rw-p 00000000 00:00 0                          [stack:3002]
7f50bd3a4000-7f50bd3ab000 r--s 00000000 00:15 245                        /usr/lib/x86_64-linux-gnu/gconv/gconv-modules.cache
7f50bd3ab000-7f50bd3b6000 r--s 00116000 00:2c 34523300                   /home/ppginf/vdfontoura/jdk1.8.0_45/jre/lib/ext/localedata.jar
7f50bd3b6000-7f50bd3d2000 r--s 00393000 00:2c 34523297                   /home/ppginf/vdfontoura/jdk1.8.0_45/jre/lib/ext/cldrdata.jar
7f50bd3d2000-7f50bd3da000 rw-s 00000000 00:1a 50590                      /tmp/hsperfdata_vdfontoura/3001
7f50bd3da000-7f50bd3db000 rw-p 00000000 00:00 0 
7f50bd3db000-7f50bd3dc000 ---p 00000000 00:00 0 
7f50bd3dc000-7f50bd3de000 rw-p 00000000 00:00 0 
7f50bd3de000-7f50bd3df000 r--p 00022000 00:15 32                         /lib/x86_64-linux-gnu/ld-2.19.so
7f50bd3df000-7f50bd3e0000 rw-p 00023000 00:15 32                         /lib/x86_64-linux-gnu/ld-2.19.so
7f50bd3e0000-7f50bd3e1000 rw-p 00000000 00:00 0 
7fffd1373000-7fffd1394000 rw-p 00000000 00:00 0                          [stack]
7fffd13bf000-7fffd13c1000 r--p 00000000 00:00 0                          [vvar]
7fffd13c1000-7fffd13c3000 r-xp 00000000 00:00 0                          [vdso]
ffffffffff600000-ffffffffff601000 r-xp 00000000 00:00 0                  [vsyscall]

VM Arguments:
java_command: ../../target/IBEA.jar 1000 2500000 SinglePointCrossover BitFlipMutation 200 0.9 0.01 1 1 ibea-result/result-10 HHPHPHPHPHHHHPHPPPHPPPHPPPPHPPPHPPPHPHHHHPHPHPHPHH
java_class_path (initial): ../../target/IBEA.jar
Launcher Type: SUN_STANDARD

Environment Variables:
JAVA_HOME=/home/ppginf/vdfontoura/jdk1.8.0_45/
PATH=/home/ppginf/vdfontoura/jdk1.8.0_45//bin:/usr/local/sbin:/usr/local/bin:/usr/sbin:/usr/bin:/sbin:/bin:/usr/games:/usr/local/games:.:/home/html/inf/silvia/topicos/ferramentas/poketool/bin:/home/html/inf/silvia/topicos/ferramentas/proteum1.4.1/LINUX/bin:/home/ppginf/vdfontoura/tools/apache-maven-3.3.3/bin
SHELL=/bin/bash

Signal Handlers:
SIGSEGV: [libjvm.so+0xaad1e0], sa_mask[0]=11111111011111111101111111111110, sa_flags=SA_RESTART|SA_SIGINFO
SIGBUS: [libjvm.so+0xaad1e0], sa_mask[0]=11111111011111111101111111111110, sa_flags=SA_RESTART|SA_SIGINFO
SIGFPE: [libjvm.so+0x90b450], sa_mask[0]=11111111011111111101111111111110, sa_flags=SA_RESTART|SA_SIGINFO
SIGPIPE: [libjvm.so+0x90b450], sa_mask[0]=11111111011111111101111111111110, sa_flags=SA_RESTART|SA_SIGINFO
SIGXFSZ: [libjvm.so+0x90b450], sa_mask[0]=11111111011111111101111111111110, sa_flags=SA_RESTART|SA_SIGINFO
SIGILL: [libjvm.so+0x90b450], sa_mask[0]=11111111011111111101111111111110, sa_flags=SA_RESTART|SA_SIGINFO
SIGUSR1: SIG_DFL, sa_mask[0]=00000000000000000000000000000000, sa_flags=none
SIGUSR2: [libjvm.so+0x90ca90], sa_mask[0]=00000000000000000000000000000000, sa_flags=SA_RESTART|SA_SIGINFO
SIGHUP: SIG_IGN, sa_mask[0]=00000000000000000000000000000000, sa_flags=none
SIGINT: SIG_IGN, sa_mask[0]=00000000000000000000000000000000, sa_flags=none
SIGTERM: [libjvm.so+0x90dde0], sa_mask[0]=11111111011111111101111111111110, sa_flags=SA_RESTART|SA_SIGINFO
SIGQUIT: [libjvm.so+0x90dde0], sa_mask[0]=11111111011111111101111111111110, sa_flags=SA_RESTART|SA_SIGINFO


---------------  S Y S T E M  ---------------

OS:DISTRIB_ID=LinuxMint
DISTRIB_RELEASE=17
DISTRIB_CODENAME=qiana
DISTRIB_DESCRIPTION="Linux Mint 17 Qiana"

uname:Linux 4.0.1-kernel+ #2 SMP Wed May 6 16:11:56 BRT 2015 x86_64
libc:glibc 2.19 NPTL 2.19 
rlimit: STACK 8192k, CORE 0k, NPROC 30240, NOFILE 4096, AS 20000000k
load average:28,03 29,17 29,86

/proc/meminfo:
MemTotal:       127909028 kB
MemFree:          610032 kB
MemAvailable:     577688 kB
Buffers:               0 kB
Cached:            67404 kB
SwapCached:            0 kB
Active:         126617352 kB
Inactive:          36784 kB
Active(anon):   126591836 kB
Inactive(anon):    12708 kB
Active(file):      25516 kB
Inactive(file):    24076 kB
Unevictable:           0 kB
Mlocked:               0 kB
SwapTotal:             0 kB
SwapFree:              0 kB
Dirty:                36 kB
Writeback:             0 kB
AnonPages:      126587648 kB
Mapped:            41916 kB
Shmem:             17656 kB
Slab:             110912 kB
SReclaimable:      54660 kB
SUnreclaim:        56252 kB
KernelStack:       27072 kB
PageTables:       266156 kB
NFS_Unstable:         16 kB
Bounce:                0 kB
WritebackTmp:          0 kB
CommitLimit:    63954512 kB
Committed_AS:   143809440 kB
VmallocTotal:   34359738367 kB
VmallocUsed:      220020 kB
VmallocChunk:   34359512556 kB
HardwareCorrupted:     0 kB
AnonHugePages:         0 kB
HugePages_Total:       0
HugePages_Free:        0
HugePages_Rsvd:        0
HugePages_Surp:        0
Hugepagesize:       2048 kB
DirectMap4k:       90096 kB
DirectMap2M:     4104192 kB
DirectMap1G:    125829120 kB


CPU:total 32 (1 cores per cpu, 1 threads per core) family 16 model 9 stepping 1, cmov, cx8, fxsr, mmx, sse, sse2, sse3, popcnt, mmxext, 3dnowpref, lzcnt, sse4a, tsc

/proc/cpuinfo:
processor	: 0
vendor_id	: AuthenticAMD
cpu family	: 16
model		: 9
model name	: AMD Opteron(tm) Processor 6136
stepping	: 1
microcode	: 0x1000065
cpu MHz		: 2400.142
cache size	: 512 KB
physical id	: 0
siblings	: 1
core id		: 0
cpu cores	: 1
apicid		: 0
initial apicid	: 0
fpu		: yes
fpu_exception	: yes
cpuid level	: 5
wp		: yes
flags		: fpu vme de pse tsc msr pae mce cx8 apic sep mtrr pge mca cmov pat pse36 clflush mmx fxsr sse sse2 syscall nx mmxext fxsr_opt pdpe1gb lm 3dnowext 3dnow rep_good nopl extd_apicid pni cx16 x2apic popcnt hypervisor lahf_lm cmp_legacy svm cr8_legacy abm sse4a misalignsse 3dnowprefetch osvw npt nrip_save vmmcall
bugs		: tlb_mmatch fxsave_leak
bogomips	: 4800.28
TLB size	: 1024 4K pages
clflush size	: 64
cache_alignment	: 64
address sizes	: 40 bits physical, 48 bits virtual
power management:

processor	: 1
vendor_id	: AuthenticAMD
cpu family	: 16
model		: 9
model name	: AMD Opteron(tm) Processor 6136
stepping	: 1
microcode	: 0x1000065
cpu MHz		: 2400.142
cache size	: 512 KB
physical id	: 1
siblings	: 1
core id		: 0
cpu cores	: 1
apicid		: 1
initial apicid	: 1
fpu		: yes
fpu_exception	: yes
cpuid level	: 5
wp		: yes
flags		: fpu vme de pse tsc msr pae mce cx8 apic sep mtrr pge mca cmov pat pse36 clflush mmx fxsr sse sse2 syscall nx mmxext fxsr_opt pdpe1gb lm 3dnowext 3dnow rep_good nopl extd_apicid pni cx16 x2apic popcnt hypervisor lahf_lm cmp_legacy svm cr8_legacy abm sse4a misalignsse 3dnowprefetch osvw npt nrip_save vmmcall
bugs		: tlb_mmatch fxsave_leak
bogomips	: 4800.28
TLB size	: 1024 4K pages
clflush size	: 64
cache_alignment	: 64
address sizes	: 40 bits physical, 48 bits virtual
power management:

processor	: 2
vendor_id	: AuthenticAMD
cpu family	: 16
model		: 9
model name	: AMD Opteron(tm) Processor 6136
stepping	: 1
microcode	: 0x1000065
cpu MHz		: 2400.142
cache size	: 512 KB
physical id	: 2
siblings	: 1
core id		: 0
cpu cores	: 1
apicid		: 2
initial apicid	: 2
fpu		: yes
fpu_exception	: yes
cpuid level	: 5
wp		: yes
flags		: fpu vme de pse tsc msr pae mce cx8 apic sep mtrr pge mca cmov pat pse36 clflush mmx fxsr sse sse2 syscall nx mmxext fxsr_opt pdpe1gb lm 3dnowext 3dnow rep_good nopl extd_apicid pni cx16 x2apic popcnt hypervisor lahf_lm cmp_legacy svm cr8_legacy abm sse4a misalignsse 3dnowprefetch osvw npt nrip_save vmmcall
bugs		: tlb_mmatch fxsave_leak
bogomips	: 4800.28
TLB size	: 1024 4K pages
clflush size	: 64
cache_alignment	: 64
address sizes	: 40 bits physical, 48 bits virtual
power management:

processor	: 3
vendor_id	: AuthenticAMD
cpu family	: 16
model		: 9
model name	: AMD Opteron(tm) Processor 6136
stepping	: 1
microcode	: 0x1000065
cpu MHz		: 2400.142
cache size	: 512 KB
physical id	: 3
siblings	: 1
core id		: 0
cpu cores	: 1
apicid		: 3
initial apicid	: 3
fpu		: yes
fpu_exception	: yes
cpuid level	: 5
wp		: yes
flags		: fpu vme de pse tsc msr pae mce cx8 apic sep mtrr pge mca cmov pat pse36 clflush mmx fxsr sse sse2 syscall nx mmxext fxsr_opt pdpe1gb lm 3dnowext 3dnow rep_good nopl extd_apicid pni cx16 x2apic popcnt hypervisor lahf_lm cmp_legacy svm cr8_legacy abm sse4a misalignsse 3dnowprefetch osvw npt nrip_save vmmcall
bugs		: tlb_mmatch fxsave_leak
bogomips	: 4800.28
TLB size	: 1024 4K pages
clflush size	: 64
cache_alignment	: 64
address sizes	: 40 bits physical, 48 bits virtual
power management:

processor	: 4
vendor_id	: AuthenticAMD
cpu family	: 16
model		: 9
model name	: AMD Opteron(tm) Processor 6136
stepping	: 1
microcode	: 0x1000065
cpu MHz		: 2400.142
cache size	: 512 KB
physical id	: 4
siblings	: 1
core id		: 0
cpu cores	: 1
apicid		: 4
initial apicid	: 4
fpu		: yes
fpu_exception	: yes
cpuid level	: 5
wp		: yes
flags		: fpu vme de pse tsc msr pae mce cx8 apic sep mtrr pge mca cmov pat pse36 clflush mmx fxsr sse sse2 syscall nx mmxext fxsr_opt pdpe1gb lm 3dnowext 3dnow rep_good nopl extd_apicid pni cx16 x2apic popcnt hypervisor lahf_lm cmp_legacy svm cr8_legacy abm sse4a misalignsse 3dnowprefetch osvw npt nrip_save vmmcall
bugs		: tlb_mmatch fxsave_leak
bogomips	: 4800.28
TLB size	: 1024 4K pages
clflush size	: 64
cache_alignment	: 64
address sizes	: 40 bits physical, 48 bits virtual
power management:

processor	: 5
vendor_id	: AuthenticAMD
cpu family	: 16
model		: 9
model name	: AMD Opteron(tm) Processor 6136
stepping	: 1
microcode	: 0x1000065
cpu MHz		: 2400.142
cache size	: 512 KB
physical id	: 5
siblings	: 1
core id		: 0
cpu cores	: 1
apicid		: 5
initial apicid	: 5
fpu		: yes
fpu_exception	: yes
cpuid level	: 5
wp		: yes
flags		: fpu vme de pse tsc msr pae mce cx8 apic sep mtrr pge mca cmov pat pse36 clflush mmx fxsr sse sse2 syscall nx mmxext fxsr_opt pdpe1gb lm 3dnowext 3dnow rep_good nopl extd_apicid pni cx16 x2apic popcnt hypervisor lahf_lm cmp_legacy svm cr8_legacy abm sse4a misalignsse 3dnowprefetch osvw npt nrip_save vmmcall
bugs		: tlb_mmatch fxsave_leak
bogomips	: 4800.28
TLB size	: 1024 4K pages
clflush size	: 64
cache_alignment	: 64
address sizes	: 40 bits physical, 48 bits virtual
power management:

processor	: 6
vendor_id	: AuthenticAMD
cpu family	: 16
model		: 9
model name	: AMD Opteron(tm) Processor 6136
stepping	: 1
microcode	: 0x1000065
cpu MHz		: 2400.142
cache size	: 512 KB
physical id	: 6
siblings	: 1
core id		: 0
cpu cores	: 1
apicid		: 6
initial apicid	: 6
fpu		: yes
fpu_exception	: yes
cpuid level	: 5
wp		: yes
flags		: fpu vme de pse tsc msr pae mce cx8 apic sep mtrr pge mca cmov pat pse36 clflush mmx fxsr sse sse2 syscall nx mmxext fxsr_opt pdpe1gb lm 3dnowext 3dnow rep_good nopl extd_apicid pni cx16 x2apic popcnt hypervisor lahf_lm cmp_legacy svm cr8_legacy abm sse4a misalignsse 3dnowprefetch osvw npt nrip_save vmmcall
bugs		: tlb_mmatch fxsave_leak
bogomips	: 4800.28
TLB size	: 1024 4K pages
clflush size	: 64
cache_alignment	: 64
address sizes	: 40 bits physical, 48 bits virtual
power management:

processor	: 7
vendor_id	: AuthenticAMD
cpu family	: 16
model		: 9
model name	: AMD Opteron(tm) Processor 6136
stepping	: 1
microcode	: 0x1000065
cpu MHz		: 2400.142
cache size	: 512 KB
physical id	: 7
siblings	: 1
core id		: 0
cpu cores	: 1
apicid		: 7
initial apicid	: 7
fpu		: yes
fpu_exception	: yes
cpuid level	: 5
wp		: yes
flags		: fpu vme de pse tsc msr pae mce cx8 apic sep mtrr pge mca cmov pat pse36 clflush mmx fxsr sse sse2 syscall nx mmxext fxsr_opt pdpe1gb lm 3dnowext 3dnow rep_good nopl extd_apicid pni cx16 x2apic popcnt hypervisor lahf_lm cmp_legacy svm cr8_legacy abm sse4a misalignsse 3dnowprefetch osvw npt nrip_save vmmcall
bugs		: tlb_mmatch fxsave_leak
bogomips	: 4800.28
TLB size	: 1024 4K pages
clflush size	: 64
cache_alignment	: 64
address sizes	: 40 bits physical, 48 bits virtual
power management:

processor	: 8
vendor_id	: AuthenticAMD
cpu family	: 16
model		: 9
model name	: AMD Opteron(tm) Processor 6136
stepping	: 1
microcode	: 0x1000065
cpu MHz		: 2400.142
cache size	: 512 KB
physical id	: 8
siblings	: 1
core id		: 0
cpu cores	: 1
apicid		: 8
initial apicid	: 8
fpu		: yes
fpu_exception	: yes
cpuid level	: 5
wp		: yes
flags		: fpu vme de pse tsc msr pae mce cx8 apic sep mtrr pge mca cmov pat pse36 clflush mmx fxsr sse sse2 syscall nx mmxext fxsr_opt pdpe1gb lm 3dnowext 3dnow rep_good nopl extd_apicid pni cx16 x2apic popcnt hypervisor lahf_lm cmp_legacy svm cr8_legacy abm sse4a misalignsse 3dnowprefetch osvw npt nrip_save vmmcall
bugs		: tlb_mmatch fxsave_leak
bogomips	: 4800.28
TLB size	: 1024 4K pages
clflush size	: 64
cache_alignment	: 64
address sizes	: 40 bits physical, 48 bits virtual
power management:

processor	: 9
vendor_id	: AuthenticAMD
cpu family	: 16
model		: 9
model name	: AMD Opteron(tm) Processor 6136
stepping	: 1
microcode	: 0x1000065
cpu MHz		: 2400.142
cache size	: 512 KB
physical id	: 9
siblings	: 1
core id		: 0
cpu cores	: 1
apicid		: 9
initial apicid	: 9
fpu		: yes
fpu_exception	: yes
cpuid level	: 5
wp		: yes
flags		: fpu vme de pse tsc msr pae mce cx8 apic sep mtrr pge mca cmov pat pse36 clflush mmx fxsr sse sse2 syscall nx mmxext fxsr_opt pdpe1gb lm 3dnowext 3dnow rep_good nopl extd_apicid pni cx16 x2apic popcnt hypervisor lahf_lm cmp_legacy svm cr8_legacy abm sse4a misalignsse 3dnowprefetch osvw npt nrip_save vmmcall
bugs		: tlb_mmatch fxsave_leak
bogomips	: 4800.28
TLB size	: 1024 4K pages
clflush size	: 64
cache_alignment	: 64
address sizes	: 40 bits physical, 48 bits virtual
power management:

processor	: 10
vendor_id	: AuthenticAMD
cpu family	: 16
model		: 9
model name	: AMD Opteron(tm) Processor 6136
stepping	: 1
microcode	: 0x1000065
cpu MHz		: 2400.142
cache size	: 512 KB
physical id	: 10
siblings	: 1
core id		: 0
cpu cores	: 1
apicid		: 10
initial apicid	: 10
fpu		: yes
fpu_exception	: yes
cpuid level	: 5
wp		: yes
flags		: fpu vme de pse tsc msr pae mce cx8 apic sep mtrr pge mca cmov pat pse36 clflush mmx fxsr sse sse2 syscall nx mmxext fxsr_opt pdpe1gb lm 3dnowext 3dnow rep_good nopl extd_apicid pni cx16 x2apic popcnt hypervisor lahf_lm cmp_legacy svm cr8_legacy abm sse4a misalignsse 3dnowprefetch osvw npt nrip_save vmmcall
bugs		: tlb_mmatch fxsave_leak
bogomips	: 4800.28
TLB size	: 1024 4K pages
clflush size	: 64
cache_alignment	: 64
address sizes	: 40 bits physical, 48 bits virtual
power management:

processor	: 11
vendor_id	: AuthenticAMD
cpu family	: 16
model		: 9
model name	: AMD Opteron(tm) Processor 6136
stepping	: 1
microcode	: 0x1000065
cpu MHz		: 2400.142
cache size	: 512 KB
physical id	: 11
siblings	: 1
core id		: 0
cpu cores	: 1
apicid		: 11
initial apicid	: 11
fpu		: yes
fpu_exception	: yes
cpuid level	: 5
wp		: yes
flags		: fpu vme de pse tsc msr pae mce cx8 apic sep mtrr pge mca cmov pat pse36 clflush mmx fxsr sse sse2 syscall nx mmxext fxsr_opt pdpe1gb lm 3dnowext 3dnow rep_good nopl extd_apicid pni cx16 x2apic popcnt hypervisor lahf_lm cmp_legacy svm cr8_legacy abm sse4a misalignsse 3dnowprefetch osvw npt nrip_save vmmcall
bugs		: tlb_mmatch fxsave_leak
bogomips	: 4800.28
TLB size	: 1024 4K pages
clflush size	: 64
cache_alignment	: 64
address sizes	: 40 bits physical, 48 bits virtual
power management:

processor	: 12
vendor_id	: AuthenticAMD
cpu family	: 16
model		: 9
model name	: AMD Opteron(tm) Processor 6136
stepping	: 1
microcode	: 0x1000065
cpu MHz		: 2400.142
cache size	: 512 KB
physical id	: 12
siblings	: 1
core id		: 0
cpu cores	: 1
apicid		: 12
initial apicid	: 12
fpu		: yes
fpu_exception	: yes
cpuid level	: 5
wp		: yes
flags		: fpu vme de pse tsc msr pae mce cx8 apic sep mtrr pge mca cmov pat pse36 clflush mmx fxsr sse sse2 syscall nx mmxext fxsr_opt pdpe1gb lm 3dnowext 3dnow rep_good nopl extd_apicid pni cx16 x2apic popcnt hypervisor lahf_lm cmp_legacy svm cr8_legacy abm sse4a misalignsse 3dnowprefetch osvw npt nrip_save vmmcall
bugs		: tlb_mmatch fxsave_leak
bogomips	: 4800.28
TLB size	: 1024 4K pages
clflush size	: 64
cache_alignment	: 64
address sizes	: 40 bits physical, 48 bits virtual
power management:

processor	: 13
vendor_id	: AuthenticAMD
cpu family	: 16
model		: 9
model name	: AMD Opteron(tm) Processor 6136
stepping	: 1
microcode	: 0x1000065
cpu MHz		: 2400.142
cache size	: 512 KB
physical id	: 13
siblings	: 1
core id		: 0
cpu cores	: 1
apicid		: 13
initial apicid	: 13
fpu		: yes
fpu_exception	: yes
cpuid level	: 5
wp		: yes
flags		: fpu vme de pse tsc msr pae mce cx8 apic sep mtrr pge mca cmov pat pse36 clflush mmx fxsr sse sse2 syscall nx mmxext fxsr_opt pdpe1gb lm 3dnowext 3dnow rep_good nopl extd_apicid pni cx16 x2apic popcnt hypervisor lahf_lm cmp_legacy svm cr8_legacy abm sse4a misalignsse 3dnowprefetch osvw npt nrip_save vmmcall
bugs		: tlb_mmatch fxsave_leak
bogomips	: 4800.28
TLB size	: 1024 4K pages
clflush size	: 64
cache_alignment	: 64
address sizes	: 40 bits physical, 48 bits virtual
power management:

processor	: 14
vendor_id	: AuthenticAMD
cpu family	: 16
model		: 9
model name	: AMD Opteron(tm) Processor 6136
stepping	: 1
microcode	: 0x1000065
cpu MHz		: 2400.142
cache size	: 512 KB
physical id	: 14
siblings	: 1
core id		: 0
cpu cores	: 1
apicid		: 14
initial apicid	: 14
fpu		: yes
fpu_exception	: yes
cpuid level	: 5
wp		: yes
flags		: fpu vme de pse tsc msr pae mce cx8 apic sep mtrr pge mca cmov pat pse36 clflush mmx fxsr sse sse2 syscall nx mmxext fxsr_opt pdpe1gb lm 3dnowext 3dnow rep_good nopl extd_apicid pni cx16 x2apic popcnt hypervisor lahf_lm cmp_legacy svm cr8_legacy abm sse4a misalignsse 3dnowprefetch osvw npt nrip_save vmmcall
bugs		: tlb_mmatch fxsave_leak
bogomips	: 4800.28
TLB size	: 1024 4K pages
clflush size	: 64
cache_alignment	: 64
address sizes	: 40 bits physical, 48 bits virtual
power management:

processor	: 15
vendor_id	: AuthenticAMD
cpu family	: 16
model		: 9
model name	: AMD Opteron(tm) Processor 6136
stepping	: 1
microcode	: 0x1000065
cpu MHz		: 2400.142
cache size	: 512 KB
physical id	: 15
siblings	: 1
core id		: 0
cpu cores	: 1
apicid		: 15
initial apicid	: 15
fpu		: yes
fpu_exception	: yes
cpuid level	: 5
wp		: yes
flags		: fpu vme de pse tsc msr pae mce cx8 apic sep mtrr pge mca cmov pat pse36 clflush mmx fxsr sse sse2 syscall nx mmxext fxsr_opt pdpe1gb lm 3dnowext 3dnow rep_good nopl extd_apicid pni cx16 x2apic popcnt hypervisor lahf_lm cmp_legacy svm cr8_legacy abm sse4a misalignsse 3dnowprefetch osvw npt nrip_save vmmcall
bugs		: tlb_mmatch fxsave_leak
bogomips	: 4800.28
TLB size	: 1024 4K pages
clflush size	: 64
cache_alignment	: 64
address sizes	: 40 bits physical, 48 bits virtual
power management:

processor	: 16
vendor_id	: AuthenticAMD
cpu family	: 16
model		: 9
model name	: AMD Opteron(tm) Processor 6136
stepping	: 1
microcode	: 0x1000065
cpu MHz		: 2400.142
cache size	: 512 KB
physical id	: 16
siblings	: 1
core id		: 0
cpu cores	: 1
apicid		: 16
initial apicid	: 16
fpu		: yes
fpu_exception	: yes
cpuid level	: 5
wp		: yes
flags		: fpu vme de pse tsc msr pae mce cx8 apic sep mtrr pge mca cmov pat pse36 clflush mmx fxsr sse sse2 syscall nx mmxext fxsr_opt pdpe1gb lm 3dnowext 3dnow rep_good nopl extd_apicid pni cx16 x2apic popcnt hypervisor lahf_lm cmp_legacy svm cr8_legacy abm sse4a misalignsse 3dnowprefetch osvw npt nrip_save vmmcall
bugs		: tlb_mmatch fxsave_leak
bogomips	: 4800.28
TLB size	: 1024 4K pages
clflush size	: 64
cache_alignment	: 64
address sizes	: 40 bits physical, 48 bits virtual
power management:

processor	: 17
vendor_id	: AuthenticAMD
cpu family	: 16
model		: 9
model name	: AMD Opteron(tm) Processor 6136
stepping	: 1
microcode	: 0x1000065
cpu MHz		: 2400.142
cache size	: 512 KB
physical id	: 17
siblings	: 1
core id		: 0
cpu cores	: 1
apicid		: 17
initial apicid	: 17
fpu		: yes
fpu_exception	: yes
cpuid level	: 5
wp		: yes
flags		: fpu vme de pse tsc msr pae mce cx8 apic sep mtrr pge mca cmov pat pse36 clflush mmx fxsr sse sse2 syscall nx mmxext fxsr_opt pdpe1gb lm 3dnowext 3dnow rep_good nopl extd_apicid pni cx16 x2apic popcnt hypervisor lahf_lm cmp_legacy svm cr8_legacy abm sse4a misalignsse 3dnowprefetch osvw npt nrip_save vmmcall
bugs		: tlb_mmatch fxsave_leak
bogomips	: 4800.28
TLB size	: 1024 4K pages
clflush size	: 64
cache_alignment	: 64
address sizes	: 40 bits physical, 48 bits virtual
power management:

processor	: 18
vendor_id	: AuthenticAMD
cpu family	: 16
model		: 9
model name	: AMD Opteron(tm) Processor 6136
stepping	: 1
microcode	: 0x1000065
cpu MHz		: 2400.142
cache size	: 512 KB
physical id	: 18
siblings	: 1
core id		: 0
cpu cores	: 1
apicid		: 18
initial apicid	: 18
fpu		: yes
fpu_exception	: yes
cpuid level	: 5
wp		: yes
flags		: fpu vme de pse tsc msr pae mce cx8 apic sep mtrr pge mca cmov pat pse36 clflush mmx fxsr sse sse2 syscall nx mmxext fxsr_opt pdpe1gb lm 3dnowext 3dnow rep_good nopl extd_apicid pni cx16 x2apic popcnt hypervisor lahf_lm cmp_legacy svm cr8_legacy abm sse4a misalignsse 3dnowprefetch osvw npt nrip_save vmmcall
bugs		: tlb_mmatch fxsave_leak
bogomips	: 4800.28
TLB size	: 1024 4K pages
clflush size	: 64
cache_alignment	: 64
address sizes	: 40 bits physical, 48 bits virtual
power management:

processor	: 19
vendor_id	: AuthenticAMD
cpu family	: 16
model		: 9
model name	: AMD Opteron(tm) Processor 6136
stepping	: 1
microcode	: 0x1000065
cpu MHz		: 2400.142
cache size	: 512 KB
physical id	: 19
siblings	: 1
core id		: 0
cpu cores	: 1
apicid		: 19
initial apicid	: 19
fpu		: yes
fpu_exception	: yes
cpuid level	: 5
wp		: yes
flags		: fpu vme de pse tsc msr pae mce cx8 apic sep mtrr pge mca cmov pat pse36 clflush mmx fxsr sse sse2 syscall nx mmxext fxsr_opt pdpe1gb lm 3dnowext 3dnow rep_good nopl extd_apicid pni cx16 x2apic popcnt hypervisor lahf_lm cmp_legacy svm cr8_legacy abm sse4a misalignsse 3dnowprefetch osvw npt nrip_save vmmcall
bugs		: tlb_mmatch fxsave_leak
bogomips	: 4800.28
TLB size	: 1024 4K pages
clflush size	: 64
cache_alignment	: 64
address sizes	: 40 bits physical, 48 bits virtual
power management:

processor	: 20
vendor_id	: AuthenticAMD
cpu family	: 16
model		: 9
model name	: AMD Opteron(tm) Processor 6136
stepping	: 1
microcode	: 0x1000065
cpu MHz		: 2400.142
cache size	: 512 KB
physical id	: 20
siblings	: 1
core id		: 0
cpu cores	: 1
apicid		: 20
initial apicid	: 20
fpu		: yes
fpu_exception	: yes
cpuid level	: 5
wp		: yes
flags		: fpu vme de pse tsc msr pae mce cx8 apic sep mtrr pge mca cmov pat pse36 clflush mmx fxsr sse sse2 syscall nx mmxext fxsr_opt pdpe1gb lm 3dnowext 3dnow rep_good nopl extd_apicid pni cx16 x2apic popcnt hypervisor lahf_lm cmp_legacy svm cr8_legacy abm sse4a misalignsse 3dnowprefetch osvw npt nrip_save vmmcall
bugs		: tlb_mmatch fxsave_leak
bogomips	: 4800.28
TLB size	: 1024 4K pages
clflush size	: 64
cache_alignment	: 64
address sizes	: 40 bits physical, 48 bits virtual
power management:

processor	: 21
vendor_id	: AuthenticAMD
cpu family	: 16
model		: 9
model name	: AMD Opteron(tm) Processor 6136
stepping	: 1
microcode	: 0x1000065
cpu MHz		: 2400.142
cache size	: 512 KB
physical id	: 21
siblings	: 1
core id		: 0
cpu cores	: 1
apicid		: 21
initial apicid	: 21
fpu		: yes
fpu_exception	: yes
cpuid level	: 5
wp		: yes
flags		: fpu vme de pse tsc msr pae mce cx8 apic sep mtrr pge mca cmov pat pse36 clflush mmx fxsr sse sse2 syscall nx mmxext fxsr_opt pdpe1gb lm 3dnowext 3dnow rep_good nopl extd_apicid pni cx16 x2apic popcnt hypervisor lahf_lm cmp_legacy svm cr8_legacy abm sse4a misalignsse 3dnowprefetch osvw npt nrip_save vmmcall
bugs		: tlb_mmatch fxsave_leak
bogomips	: 4800.28
TLB size	: 1024 4K pages
clflush size	: 64
cache_alignment	: 64
address sizes	: 40 bits physical, 48 bits virtual
power management:

processor	: 22
vendor_id	: AuthenticAMD
cpu family	: 16
model		: 9
model name	: AMD Opteron(tm) Processor 6136
stepping	: 1
microcode	: 0x1000065
cpu MHz		: 2400.142
cache size	: 512 KB
physical id	: 22
siblings	: 1
core id		: 0
cpu cores	: 1
apicid		: 22
initial apicid	: 22
fpu		: yes
fpu_exception	: yes
cpuid level	: 5
wp		: yes
flags		: fpu vme de pse tsc msr pae mce cx8 apic sep mtrr pge mca cmov pat pse36 clflush mmx fxsr sse sse2 syscall nx mmxext fxsr_opt pdpe1gb lm 3dnowext 3dnow rep_good nopl extd_apicid pni cx16 x2apic popcnt hypervisor lahf_lm cmp_legacy svm cr8_legacy abm sse4a misalignsse 3dnowprefetch osvw npt nrip_save vmmcall
bugs		: tlb_mmatch fxsave_leak
bogomips	: 4800.28
TLB size	: 1024 4K pages
clflush size	: 64
cache_alignment	: 64
address sizes	: 40 bits physical, 48 bits virtual
power management:

processor	: 23
vendor_id	: AuthenticAMD
cpu family	: 16
model		: 9
model name	: AMD Opteron(tm) Processor 6136
stepping	: 1
microcode	: 0x1000065
cpu MHz		: 2400.142
cache size	: 512 KB
physical id	: 23
siblings	: 1
core id		: 0
cpu cores	: 1
apicid		: 23
initial apicid	: 23
fpu		: yes
fpu_exception	: yes
cpuid level	: 5
wp		: yes
flags		: fpu vme de pse tsc msr pae mce cx8 apic sep mtrr pge mca cmov pat pse36 clflush mmx fxsr sse sse2 syscall nx mmxext fxsr_opt pdpe1gb lm 3dnowext 3dnow rep_good nopl extd_apicid pni cx16 x2apic popcnt hypervisor lahf_lm cmp_legacy svm cr8_legacy abm sse4a misalignsse 3dnowprefetch osvw npt nrip_save vmmcall
bugs		: tlb_mmatch fxsave_leak
bogomips	: 4800.28
TLB size	: 1024 4K pages
clflush size	: 64
cache_alignment	: 64
address sizes	: 40 bits physical, 48 bits virtual
power management:

processor	: 24
vendor_id	: AuthenticAMD
cpu family	: 16
model		: 9
model name	: AMD Opteron(tm) Processor 6136
stepping	: 1
microcode	: 0x1000065
cpu MHz		: 2400.142
cache size	: 512 KB
physical id	: 24
siblings	: 1
core id		: 0
cpu cores	: 1
apicid		: 24
initial apicid	: 24
fpu		: yes
fpu_exception	: yes
cpuid level	: 5
wp		: yes
flags		: fpu vme de pse tsc msr pae mce cx8 apic sep mtrr pge mca cmov pat pse36 clflush mmx fxsr sse sse2 syscall nx mmxext fxsr_opt pdpe1gb lm 3dnowext 3dnow rep_good nopl extd_apicid pni cx16 x2apic popcnt hypervisor lahf_lm cmp_legacy svm cr8_legacy abm sse4a misalignsse 3dnowprefetch osvw npt nrip_save vmmcall
bugs		: tlb_mmatch fxsave_leak
bogomips	: 4800.28
TLB size	: 1024 4K pages
clflush size	: 64
cache_alignment	: 64
address sizes	: 40 bits physical, 48 bits virtual
power management:

processor	: 25
vendor_id	: AuthenticAMD
cpu family	: 16
model		: 9
model name	: AMD Opteron(tm) Processor 6136
stepping	: 1
microcode	: 0x1000065
cpu MHz		: 2400.142
cache size	: 512 KB
physical id	: 25
siblings	: 1
core id		: 0
cpu cores	: 1
apicid		: 25
initial apicid	: 25
fpu		: yes
fpu_exception	: yes
cpuid level	: 5
wp		: yes
flags		: fpu vme de pse tsc msr pae mce cx8 apic sep mtrr pge mca cmov pat pse36 clflush mmx fxsr sse sse2 syscall nx mmxext fxsr_opt pdpe1gb lm 3dnowext 3dnow rep_good nopl extd_apicid pni cx16 x2apic popcnt hypervisor lahf_lm cmp_legacy svm cr8_legacy abm sse4a misalignsse 3dnowprefetch osvw npt nrip_save vmmcall
bugs		: tlb_mmatch fxsave_leak
bogomips	: 4800.28
TLB size	: 1024 4K pages
clflush size	: 64
cache_alignment	: 64
address sizes	: 40 bits physical, 48 bits virtual
power management:

processor	: 26
vendor_id	: AuthenticAMD
cpu family	: 16
model		: 9
model name	: AMD Opteron(tm) Processor 6136
stepping	: 1
microcode	: 0x1000065
cpu MHz		: 2400.142
cache size	: 512 KB
physical id	: 26
siblings	: 1
core id		: 0
cpu cores	: 1
apicid		: 26
initial apicid	: 26
fpu		: yes
fpu_exception	: yes
cpuid level	: 5
wp		: yes
flags		: fpu vme de pse tsc msr pae mce cx8 apic sep mtrr pge mca cmov pat pse36 clflush mmx fxsr sse sse2 syscall nx mmxext fxsr_opt pdpe1gb lm 3dnowext 3dnow rep_good nopl extd_apicid pni cx16 x2apic popcnt hypervisor lahf_lm cmp_legacy svm cr8_legacy abm sse4a misalignsse 3dnowprefetch osvw npt nrip_save vmmcall
bugs		: tlb_mmatch fxsave_leak
bogomips	: 4800.28
TLB size	: 1024 4K pages
clflush size	: 64
cache_alignment	: 64
address sizes	: 40 bits physical, 48 bits virtual
power management:

processor	: 27
vendor_id	: AuthenticAMD
cpu family	: 16
model		: 9
model name	: AMD Opteron(tm) Processor 6136
stepping	: 1
microcode	: 0x1000065
cpu MHz		: 2400.142
cache size	: 512 KB
physical id	: 27
siblings	: 1
core id		: 0
cpu cores	: 1
apicid		: 27
initial apicid	: 27
fpu		: yes
fpu_exception	: yes
cpuid level	: 5
wp		: yes
flags		: fpu vme de pse tsc msr pae mce cx8 apic sep mtrr pge mca cmov pat pse36 clflush mmx fxsr sse sse2 syscall nx mmxext fxsr_opt pdpe1gb lm 3dnowext 3dnow rep_good nopl extd_apicid pni cx16 x2apic popcnt hypervisor lahf_lm cmp_legacy svm cr8_legacy abm sse4a misalignsse 3dnowprefetch osvw npt nrip_save vmmcall
bugs		: tlb_mmatch fxsave_leak
bogomips	: 4800.28
TLB size	: 1024 4K pages
clflush size	: 64
cache_alignment	: 64
address sizes	: 40 bits physical, 48 bits virtual
power management:

processor	: 28
vendor_id	: AuthenticAMD
cpu family	: 16
model		: 9
model name	: AMD Opteron(tm) Processor 6136
stepping	: 1
microcode	: 0x1000065
cpu MHz		: 2400.142
cache size	: 512 KB
physical id	: 28
siblings	: 1
core id		: 0
cpu cores	: 1
apicid		: 28
initial apicid	: 28
fpu		: yes
fpu_exception	: yes
cpuid level	: 5
wp		: yes
flags		: fpu vme de pse tsc msr pae mce cx8 apic sep mtrr pge mca cmov pat pse36 clflush mmx fxsr sse sse2 syscall nx mmxext fxsr_opt pdpe1gb lm 3dnowext 3dnow rep_good nopl extd_apicid pni cx16 x2apic popcnt hypervisor lahf_lm cmp_legacy svm cr8_legacy abm sse4a misalignsse 3dnowprefetch osvw npt nrip_save vmmcall
bugs		: tlb_mmatch fxsave_leak
bogomips	: 4800.28
TLB size	: 1024 4K pages
clflush size	: 64
cache_alignment	: 64
address sizes	: 40 bits physical, 48 bits virtual
power management:

processor	: 29
vendor_id	: AuthenticAMD
cpu family	: 16
model		: 9
model name	: AMD Opteron(tm) Processor 6136
stepping	: 1
microcode	: 0x1000065
cpu MHz		: 2400.142
cache size	: 512 KB
physical id	: 29
siblings	: 1
core id		: 0
cpu cores	: 1
apicid		: 29
initial apicid	: 29
fpu		: yes
fpu_exception	: yes
cpuid level	: 5
wp		: yes
flags		: fpu vme de pse tsc msr pae mce cx8 apic sep mtrr pge mca cmov pat pse36 clflush mmx fxsr sse sse2 syscall nx mmxext fxsr_opt pdpe1gb lm 3dnowext 3dnow rep_good nopl extd_apicid pni cx16 x2apic popcnt hypervisor lahf_lm cmp_legacy svm cr8_legacy abm sse4a misalignsse 3dnowprefetch osvw npt nrip_save vmmcall
bugs		: tlb_mmatch fxsave_leak
bogomips	: 4800.28
TLB size	: 1024 4K pages
clflush size	: 64
cache_alignment	: 64
address sizes	: 40 bits physical, 48 bits virtual
power management:

processor	: 30
vendor_id	: AuthenticAMD
cpu family	: 16
model		: 9
model name	: AMD Opteron(tm) Processor 6136
stepping	: 1
microcode	: 0x1000065
cpu MHz		: 2400.142
cache size	: 512 KB
physical id	: 30
siblings	: 1
core id		: 0
cpu cores	: 1
apicid		: 30
initial apicid	: 30
fpu		: yes
fpu_exception	: yes
cpuid level	: 5
wp		: yes
flags		: fpu vme de pse tsc msr pae mce cx8 apic sep mtrr pge mca cmov pat pse36 clflush mmx fxsr sse sse2 syscall nx mmxext fxsr_opt pdpe1gb lm 3dnowext 3dnow rep_good nopl extd_apicid pni cx16 x2apic popcnt hypervisor lahf_lm cmp_legacy svm cr8_legacy abm sse4a misalignsse 3dnowprefetch osvw npt nrip_save vmmcall
bugs		: tlb_mmatch fxsave_leak
bogomips	: 4800.28
TLB size	: 1024 4K pages
clflush size	: 64
cache_alignment	: 64
address sizes	: 40 bits physical, 48 bits virtual
power management:

processor	: 31
vendor_id	: AuthenticAMD
cpu family	: 16
model		: 9
model name	: AMD Opteron(tm) Processor 6136
stepping	: 1
microcode	: 0x1000065
cpu MHz		: 2400.142
cache size	: 512 KB
physical id	: 31
siblings	: 1
core id		: 0
cpu cores	: 1
apicid		: 31
initial apicid	: 31
fpu		: yes
fpu_exception	: yes
cpuid level	: 5
wp		: yes
flags		: fpu vme de pse tsc msr pae mce cx8 apic sep mtrr pge mca cmov pat pse36 clflush mmx fxsr sse sse2 syscall nx mmxext fxsr_opt pdpe1gb lm 3dnowext 3dnow rep_good nopl extd_apicid pni cx16 x2apic popcnt hypervisor lahf_lm cmp_legacy svm cr8_legacy abm sse4a misalignsse 3dnowprefetch osvw npt nrip_save vmmcall
bugs		: tlb_mmatch fxsave_leak
bogomips	: 4800.28
TLB size	: 1024 4K pages
clflush size	: 64
cache_alignment	: 64
address sizes	: 40 bits physical, 48 bits virtual
power management:



Memory: 4k page, physical 127909028k(610032k free), swap 0k(0k free)

vm_info: Java HotSpot(TM) 64-Bit Server VM (25.45-b02) for linux-amd64 JRE (1.8.0_45-b14), built on Apr 10 2015 10:07:45 by "java_re" with gcc 4.3.0 20080428 (Red Hat 4.3.0-8)

time: Sun Jan 17 16:26:22 2016
elapsed time: 16447 seconds (0d 4h 34m 7s)

