#
# There is insufficient memory for the Java Runtime Environment to continue.
# Native memory allocation (mmap) failed to map 2077753344 bytes for committing reserved memory.
# Possible reasons:
#   The system is out of physical RAM or swap space
#   In 32 bit mode, the process size limit was hit
# Possible solutions:
#   Reduce memory load on the system
#   Increase physical memory or swap space
#   Check if swap backing store is full
#   Use 64 bit Java on a 64 bit OS
#   Decrease Java heap size (-Xmx/-Xms)
#   Decrease number of Java threads
#   Decrease Java thread stack sizes (-Xss)
#   Set larger code cache with -XX:ReservedCodeCacheSize=
# This output file may be truncated or incomplete.
#
#  Out of Memory Error (os_linux.cpp:2673), pid=31343, tid=140149366802176
#
# JRE version: Java(TM) SE Runtime Environment (8.0_45-b14) (build 1.8.0_45-b14)
# Java VM: Java HotSpot(TM) 64-Bit Server VM (25.45-b02 mixed mode linux-amd64 compressed oops)
# Failed to write core dump. Core dumps have been disabled. To enable core dumping, try "ulimit -c unlimited" before starting Java again
#

---------------  T H R E A D  ---------------

Current thread (0x00007f77983c6000):  VMThread [stack: 0x00007f7711294000,0x00007f7711395000] [id=31594]

Stack: [0x00007f7711294000,0x00007f7711395000],  sp=0x00007f7711393360,  free space=1020k
Native frames: (J=compiled Java code, j=interpreted, Vv=VM code, C=native code)
V  [libjvm.so+0xaac99a]  VMError::report_and_die()+0x2ba
V  [libjvm.so+0x4f333b]  report_vm_out_of_memory(char const*, int, unsigned long, VMErrorType, char const*)+0x8b
V  [libjvm.so+0x90e7c3]  os::Linux::commit_memory_impl(char*, unsigned long, bool)+0x103
V  [libjvm.so+0x90ed19]  os::pd_commit_memory(char*, unsigned long, unsigned long, bool)+0x29
V  [libjvm.so+0x90867a]  os::commit_memory(char*, unsigned long, unsigned long, bool)+0x2a
V  [libjvm.so+0x97bac3]  PSVirtualSpace::expand_by(unsigned long)+0x53
V  [libjvm.so+0x96c320]  PSOldGen::expand(unsigned long)+0x170
V  [libjvm.so+0x96c52b]  PSOldGen::resize(unsigned long)+0x1cb
V  [libjvm.so+0x974241]  PSParallelCompact::invoke_no_policy(bool)+0x9d1
V  [libjvm.so+0x979bed]  PSScavenge::invoke()+0x1ad
V  [libjvm.so+0x932050]  ParallelScavengeHeap::failed_mem_allocate(unsigned long)+0x70
V  [libjvm.so+0xaae1d7]  VM_ParallelGCFailedAllocation::doit()+0x97
V  [libjvm.so+0xab59c5]  VM_Operation::evaluate()+0x55
V  [libjvm.so+0xab3d9a]  VMThread::evaluate_operation(VM_Operation*)+0xba
V  [libjvm.so+0xab411e]  VMThread::loop()+0x1ce
V  [libjvm.so+0xab4590]  VMThread::run()+0x70
V  [libjvm.so+0x910de8]  java_start(Thread*)+0x108

VM_Operation (0x00007f76db6e92e0): ParallelGCFailedAllocation, mode: safepoint, requested by thread 0x00007f77984a4000


---------------  P R O C E S S  ---------------

Java Threads: ( => current thread )
  0x00007f77984a4000 JavaThread "pool-1-thread-1" [_thread_blocked, id=31807, stack(0x00007f76db5ea000,0x00007f76db6eb000)]
  0x00007f7798421000 JavaThread "Service Thread" daemon [_thread_blocked, id=31779, stack(0x00007f76db8f9000,0x00007f76db9fa000)]
  0x00007f779841c000 JavaThread "C1 CompilerThread14" daemon [_thread_blocked, id=31778, stack(0x00007f76db9fa000,0x00007f76dbafb000)]
  0x00007f779841a000 JavaThread "C1 CompilerThread13" daemon [_thread_blocked, id=31777, stack(0x00007f76dbafb000,0x00007f76dbbfc000)]
  0x00007f7798418000 JavaThread "C1 CompilerThread12" daemon [_thread_blocked, id=31776, stack(0x00007f76dbbfc000,0x00007f76dbcfd000)]
  0x00007f7798416000 JavaThread "C1 CompilerThread11" daemon [_thread_blocked, id=31774, stack(0x00007f76dbcfd000,0x00007f76dbdfe000)]
  0x00007f7798414000 JavaThread "C1 CompilerThread10" daemon [_thread_blocked, id=31771, stack(0x00007f76dbdfe000,0x00007f76dbeff000)]
  0x00007f7798412000 JavaThread "C2 CompilerThread9" daemon [_thread_blocked, id=31770, stack(0x00007f76dbeff000,0x00007f76dc000000)]
  0x00007f7798410000 JavaThread "C2 CompilerThread8" daemon [_thread_blocked, id=31768, stack(0x00007f77100d0000,0x00007f77101d1000)]
  0x00007f779840e800 JavaThread "C2 CompilerThread7" daemon [_thread_blocked, id=31761, stack(0x00007f77101d1000,0x00007f77102d2000)]
  0x00007f779840c800 JavaThread "C2 CompilerThread6" daemon [_thread_blocked, id=31753, stack(0x00007f77102d2000,0x00007f77103d3000)]
  0x00007f779840a800 JavaThread "C2 CompilerThread5" daemon [_thread_blocked, id=31750, stack(0x00007f77103d3000,0x00007f77104d4000)]
  0x00007f7798408800 JavaThread "C2 CompilerThread4" daemon [_thread_blocked, id=31744, stack(0x00007f77104d4000,0x00007f77105d5000)]
  0x00007f7798406800 JavaThread "C2 CompilerThread3" daemon [_thread_blocked, id=31718, stack(0x00007f77105d5000,0x00007f77106d6000)]
  0x00007f7798402000 JavaThread "C2 CompilerThread2" daemon [_thread_blocked, id=31700, stack(0x00007f77106d6000,0x00007f77107d7000)]
  0x00007f7798400000 JavaThread "C2 CompilerThread1" daemon [_thread_blocked, id=31693, stack(0x00007f77107d7000,0x00007f77108d8000)]
  0x00007f77983fd800 JavaThread "C2 CompilerThread0" daemon [_thread_blocked, id=31685, stack(0x00007f77108d8000,0x00007f77109d9000)]
  0x00007f77983fb000 JavaThread "Signal Dispatcher" daemon [_thread_blocked, id=31676, stack(0x00007f77109d9000,0x00007f7710ada000)]
  0x00007f77983cd000 JavaThread "Finalizer" daemon [_thread_blocked, id=31612, stack(0x00007f7711092000,0x00007f7711193000)]
  0x00007f77983cb000 JavaThread "Reference Handler" daemon [_thread_blocked, id=31600, stack(0x00007f7711193000,0x00007f7711294000)]
  0x00007f779800a800 JavaThread "main" [_thread_blocked, id=31349, stack(0x00007f77a067d000,0x00007f77a077e000)]

Other Threads:
=>0x00007f77983c6000 VMThread [stack: 0x00007f7711294000,0x00007f7711395000] [id=31594]
  0x00007f7798423800 WatcherThread [stack: 0x00007f76db7f8000,0x00007f76db8f9000] [id=31792]

VM state:at safepoint (normal execution)

VM Mutex/Monitor currently owned by a thread:  ([mutex/lock_event])
[0x00007f7798005ae0] ExpandHeap_lock - owner thread: 0x00007f77983c6000
[0x00007f7798006160] Threads_lock - owner thread: 0x00007f77983c6000
[0x00007f7798006660] Heap_lock - owner thread: 0x00007f77984a4000

Heap:
 PSYoungGen      total 2179072K, used 104311K [0x00000006f4900000, 0x00000007b7200000, 0x00000007c0000000)
  eden space 1227776K, 0% used [0x00000006f4900000,0x00000006f4900000,0x000000073f800000)
  from space 951296K, 10% used [0x000000077d100000,0x00000007836ddc68,0x00000007b7200000)
  to   space 979968K, 0% used [0x000000073f800000,0x000000073f800000,0x000000077b500000)
 ParOldGen       total 2479104K, used 2479077K [0x000000055da00000, 0x00000005f4f00000, 0x00000006f4900000)
  object space 2479104K, 99% used [0x000000055da00000,0x00000005f4ef9588,0x00000005f4f00000)
 Metaspace       used 5289K, capacity 5448K, committed 5632K, reserved 1056768K
  class space    used 585K, capacity 668K, committed 768K, reserved 1048576K

Card table byte_map: [0x00007f7787cec000,0x00007f7789000000] byte_map_base: 0x00007f77851ff000

Marking Bits: (ParMarkBitMap*) 0x00007f779fb76760
 Begin Bits: [0x00007f7714ed0000, 0x00007f771e768000)
 End Bits:   [0x00007f771e768000, 0x00007f7728000000)

Polling page: 0x00007f77a07bd000

CodeCache: size=245760Kb used=5808Kb max_used=5812Kb free=239951Kb
 bounds [0x00007f7789000000, 0x00007f77895c0000, 0x00007f7798000000]
 total_blobs=1105 nmethods=808 adapters=209
 compilation: enabled

Compilation events (10 events):
Event: 3612.425 Thread 0x00007f7798406800  897 %     4       edu.ufpr.cbio.psp.algorithms.hyperheuristic.IBEAHyperHeuristic::execute @ 435 (505 bytes)
Event: 3612.631 Thread 0x00007f7798406800 nmethod 897% 0x00007f77895ad210 code [0x00007f77895ad5c0, 0x00007f77895af6f0]
Event: 3613.254 Thread 0x00007f77983fd800  898       4       org.uma.jmetal.core.Operator::solutionTypeIsValid (54 bytes)
Event: 3613.261 Thread 0x00007f77983fd800 nmethod 898 0x00007f77893ac250 code [0x00007f77893ac3c0, 0x00007f77893ac638]
Event: 3618.498 Thread 0x00007f779840e800  899 %     4       edu.ufpr.cbio.psp.algorithms.hyperheuristic.IBEAHyperHeuristic::calculateFitness @ 70 (172 bytes)
Event: 3618.519 Thread 0x00007f779840e800 nmethod 899% 0x00007f778938fb90 code [0x00007f778938fdc0, 0x00007f7789390698]
Event: 3635.952 Thread 0x00007f779841c000  900       3       java.io.OutputStream::<init> (5 bytes)
Event: 3635.953 Thread 0x00007f779841c000 nmethod 900 0x00007f77893abe50 code [0x00007f77893abfc0, 0x00007f77893ac170]
Event: 3635.956 Thread 0x00007f779841c000  901       1       java.nio.charset.CharsetEncoder::charset (5 bytes)
Event: 3635.956 Thread 0x00007f779841c000 nmethod 901 0x00007f77895685d0 code [0x00007f7789568720, 0x00007f7789568830]

GC Heap History (10 events):
Event: 3660.835 GC heap after
Heap after GC invocations=1143 (full 3):
 PSYoungGen      total 2222080K, used 481691K [0x00000006f4900000, 0x00000007c0000000, 0x00000007c0000000)
  eden space 1111040K, 0% used [0x00000006f4900000,0x00000006f4900000,0x0000000738600000)
  from space 1111040K, 43% used [0x000000077c300000,0x0000000799966e58,0x00000007c0000000)
  to   space 1111040K, 0% used [0x0000000738600000,0x0000000738600000,0x000000077c300000)
 ParOldGen       total 2479104K, used 1141782K [0x000000055da00000, 0x00000005f4f00000, 0x00000006f4900000)
  object space 2479104K, 46% used [0x000000055da00000,0x00000005a35058e8,0x00000005f4f00000)
 Metaspace       used 5289K, capacity 5448K, committed 5632K, reserved 1056768K
  class space    used 585K, capacity 668K, committed 768K, reserved 1048576K
}
Event: 3667.086 GC heap before
{Heap before GC invocations=1144 (full 3):
 PSYoungGen      total 2222080K, used 1592731K [0x00000006f4900000, 0x00000007c0000000, 0x00000007c0000000)
  eden space 1111040K, 100% used [0x00000006f4900000,0x0000000738600000,0x0000000738600000)
  from space 1111040K, 43% used [0x000000077c300000,0x0000000799966e58,0x00000007c0000000)
  to   space 1111040K, 0% used [0x0000000738600000,0x0000000738600000,0x000000077c300000)
 ParOldGen       total 2479104K, used 1141782K [0x000000055da00000, 0x00000005f4f00000, 0x00000006f4900000)
  object space 2479104K, 46% used [0x000000055da00000,0x00000005a35058e8,0x00000005f4f00000)
 Metaspace       used 5289K, capacity 5448K, committed 5632K, reserved 1056768K
  class space    used 585K, capacity 668K, committed 768K, reserved 1048576K
Event: 3667.533 GC heap after
Heap after GC invocations=1144 (full 3):
 PSYoungGen      total 2222080K, used 722281K [0x00000006f4900000, 0x00000007c0000000, 0x00000007c0000000)
  eden space 1111040K, 0% used [0x00000006f4900000,0x00000006f4900000,0x0000000738600000)
  from space 1111040K, 65% used [0x0000000738600000,0x000000076475a580,0x000000077c300000)
  to   space 1111040K, 0% used [0x000000077c300000,0x000000077c300000,0x00000007c0000000)
 ParOldGen       total 2479104K, used 1141782K [0x000000055da00000, 0x00000005f4f00000, 0x00000006f4900000)
  object space 2479104K, 46% used [0x000000055da00000,0x00000005a35058e8,0x00000005f4f00000)
 Metaspace       used 5289K, capacity 5448K, committed 5632K, reserved 1056768K
  class space    used 585K, capacity 668K, committed 768K, reserved 1048576K
}
Event: 3672.632 GC heap before
{Heap before GC invocations=1145 (full 3):
 PSYoungGen      total 2222080K, used 1833321K [0x00000006f4900000, 0x00000007c0000000, 0x00000007c0000000)
  eden space 1111040K, 100% used [0x00000006f4900000,0x0000000738600000,0x0000000738600000)
  from space 1111040K, 65% used [0x0000000738600000,0x000000076475a580,0x000000077c300000)
  to   space 1111040K, 0% used [0x000000077c300000,0x000000077c300000,0x00000007c0000000)
 ParOldGen       total 2479104K, used 1141782K [0x000000055da00000, 0x00000005f4f00000, 0x00000006f4900000)
  object space 2479104K, 46% used [0x000000055da00000,0x00000005a35058e8,0x00000005f4f00000)
 Metaspace       used 5289K, capacity 5448K, committed 5632K, reserved 1056768K
  class space    used 585K, capacity 668K, committed 768K, reserved 1048576K
Event: 3673.504 GC heap after
Heap after GC invocations=1145 (full 3):
 PSYoungGen      total 2156544K, used 481639K [0x00000006f4900000, 0x00000007bc000000, 0x00000007c0000000)
  eden space 1111040K, 0% used [0x00000006f4900000,0x00000006f4900000,0x0000000738600000)
  from space 1045504K, 46% used [0x000000077c300000,0x0000000799959f28,0x00000007bc000000)
  to   space 1078272K, 0% used [0x0000000738600000,0x0000000738600000,0x000000077a300000)
 ParOldGen       total 2479104K, used 1624209K [0x000000055da00000, 0x00000005f4f00000, 0x00000006f4900000)
  object space 2479104K, 65% used [0x000000055da00000,0x00000005c0c24598,0x00000005f4f00000)
 Metaspace       used 5289K, capacity 5448K, committed 5632K, reserved 1056768K
  class space    used 585K, capacity 668K, committed 768K, reserved 1048576K
}
Event: 3678.310 GC heap before
{Heap before GC invocations=1146 (full 3):
 PSYoungGen      total 2156544K, used 1592679K [0x00000006f4900000, 0x00000007bc000000, 0x00000007c0000000)
  eden space 1111040K, 100% used [0x00000006f4900000,0x0000000738600000,0x0000000738600000)
  from space 1045504K, 46% used [0x000000077c300000,0x0000000799959f28,0x00000007bc000000)
  to   space 1078272K, 0% used [0x0000000738600000,0x0000000738600000,0x000000077a300000)
 ParOldGen       total 2479104K, used 1624209K [0x000000055da00000, 0x00000005f4f00000, 0x00000006f4900000)
  object space 2479104K, 65% used [0x000000055da00000,0x00000005c0c24598,0x00000005f4f00000)
 Metaspace       used 5289K, capacity 5448K, committed 5632K, reserved 1056768K
  class space    used 585K, capacity 668K, committed 768K, reserved 1048576K
Event: 3678.924 GC heap after
Heap after GC invocations=1146 (full 3):
 PSYoungGen      total 2189312K, used 481555K [0x00000006f4900000, 0x00000007bbc00000, 0x00000007c0000000)
  eden space 1111040K, 0% used [0x00000006f4900000,0x00000006f4900000,0x0000000738600000)
  from space 1078272K, 44% used [0x0000000738600000,0x0000000755c44dd0,0x000000077a300000)
  to   space 1027072K, 0% used [0x000000077d100000,0x000000077d100000,0x00000007bbc00000)
 ParOldGen       total 2479104K, used 1865503K [0x000000055da00000, 0x00000005f4f00000, 0x00000006f4900000)
  object space 2479104K, 75% used [0x000000055da00000,0x00000005cf7c7e68,0x00000005f4f00000)
 Metaspace       used 5289K, capacity 5448K, committed 5632K, reserved 1056768K
  class space    used 585K, capacity 668K, committed 768K, reserved 1048576K
}
Event: 3683.639 GC heap before
{Heap before GC invocations=1147 (full 3):
 PSYoungGen      total 2189312K, used 1592595K [0x00000006f4900000, 0x00000007bbc00000, 0x00000007c0000000)
  eden space 1111040K, 100% used [0x00000006f4900000,0x0000000738600000,0x0000000738600000)
  from space 1078272K, 44% used [0x0000000738600000,0x0000000755c44dd0,0x000000077a300000)
  to   space 1027072K, 0% used [0x000000077d100000,0x000000077d100000,0x00000007bbc00000)
 ParOldGen       total 2479104K, used 1865503K [0x000000055da00000, 0x00000005f4f00000, 0x00000006f4900000)
  object space 2479104K, 75% used [0x000000055da00000,0x00000005cf7c7e68,0x00000005f4f00000)
 Metaspace       used 5289K, capacity 5448K, committed 5632K, reserved 1056768K
  class space    used 585K, capacity 668K, committed 768K, reserved 1048576K
Event: 3684.292 GC heap after
Heap after GC invocations=1147 (full 3):
 PSYoungGen      total 2179072K, used 481603K [0x00000006f4900000, 0x00000007b7200000, 0x00000007c0000000)
  eden space 1227776K, 0% used [0x00000006f4900000,0x00000006f4900000,0x000000073f800000)
  from space 951296K, 50% used [0x000000077d100000,0x000000079a750cb0,0x00000007b7200000)
  to   space 979968K, 0% used [0x000000073f800000,0x000000073f800000,0x000000077b500000)
 ParOldGen       total 2479104K, used 2106777K [0x000000055da00000, 0x00000005f4f00000, 0x00000006f4900000)
  object space 2479104K, 84% used [0x000000055da00000,0x00000005de3664c0,0x00000005f4f00000)
 Metaspace       used 5289K, capacity 5448K, committed 5632K, reserved 1056768K
  class space    used 585K, capacity 668K, committed 768K, reserved 1048576K
}
Event: 3684.292 GC heap before
{Heap before GC invocations=1148 (full 4):
 PSYoungGen      total 2179072K, used 481603K [0x00000006f4900000, 0x00000007b7200000, 0x00000007c0000000)
  eden space 1227776K, 0% used [0x00000006f4900000,0x00000006f4900000,0x000000073f800000)
  from space 951296K, 50% used [0x000000077d100000,0x000000079a750cb0,0x00000007b7200000)
  to   space 979968K, 0% used [0x000000073f800000,0x000000073f800000,0x000000077b500000)
 ParOldGen       total 2479104K, used 2106777K [0x000000055da00000, 0x00000005f4f00000, 0x00000006f4900000)
  object space 2479104K, 84% used [0x000000055da00000,0x00000005de3664c0,0x00000005f4f00000)
 Metaspace       used 5289K, capacity 5448K, committed 5632K, reserved 1056768K
  class space    used 585K, capacity 668K, committed 768K, reserved 1048576K

Deoptimization events (10 events):
Event: 2320.674 Thread 0x00007f77984a4000 Uncommon trap: reason=unstable_if action=reinterpret pc=0x00007f77894d188c method=java.util.HashMap.putVal(ILjava/lang/Object;Ljava/lang/Object;ZZ)Ljava/lang/Object; @ 94
Event: 2320.675 Thread 0x00007f77984a4000 Uncommon trap: reason=unstable_if action=reinterpret pc=0x00007f778949c444 method=java.util.HashMap.putVal(ILjava/lang/Object;Ljava/lang/Object;ZZ)Ljava/lang/Object; @ 94
Event: 2320.675 Thread 0x00007f77984a4000 Uncommon trap: reason=unstable_if action=reinterpret pc=0x00007f778943a314 method=java.util.HashMap.putVal(ILjava/lang/Object;Ljava/lang/Object;ZZ)Ljava/lang/Object; @ 94
Event: 2320.675 Thread 0x00007f77984a4000 Uncommon trap: reason=unstable_if action=reinterpret pc=0x00007f7789499694 method=java.util.HashMap.putVal(ILjava/lang/Object;Ljava/lang/Object;ZZ)Ljava/lang/Object; @ 94
Event: 2320.741 Thread 0x00007f77984a4000 Uncommon trap: reason=unstable_if action=reinterpret pc=0x00007f77894b9f9c method=java.util.HashMap.putVal(ILjava/lang/Object;Ljava/lang/Object;ZZ)Ljava/lang/Object; @ 162
Event: 2358.113 Thread 0x00007f77984a4000 Uncommon trap: reason=predicate action=maybe_recompile pc=0x00007f7789358a78 method=java.util.ArrayList.indexOf(Ljava/lang/Object;)I @ 44
Event: 2358.113 Thread 0x00007f77984a4000 Uncommon trap: reason=predicate action=maybe_recompile pc=0x00007f77893a0edc method=java.util.ArrayList.indexOf(Ljava/lang/Object;)I @ 44
Event: 2358.115 Thread 0x00007f77984a4000 Uncommon trap: reason=unstable_if action=reinterpret pc=0x00007f77894e79ac method=edu.ufpr.cbio.psp.problem.PSPProblem.evaluate(Lorg/uma/jmetal/core/Solution;)V @ 330
Event: 2362.205 Thread 0x00007f77984a4000 Uncommon trap: reason=unstable_if action=reinterpret pc=0x00007f7789500814 method=edu.ufpr.cbio.psp.algorithms.hyperheuristic.IBEAHyperHeuristic.computeIndicatorValuesHD(Lorg/uma/jmetal/core/SolutionSet;[D[D)V @ 196
Event: 2432.180 Thread 0x00007f77984a4000 Uncommon trap: reason=unstable_if action=reinterpret pc=0x00007f77895aae90 method=edu.ufpr.cbio.psp.algorithms.hyperheuristic.IBEAHyperHeuristic.computeIndicatorValuesHD(Lorg/uma/jmetal/core/SolutionSet;[D[D)V @ 27

Internal exceptions (8 events):
Event: 0.407 Thread 0x00007f779800a800 Exception <a 'java/lang/NoSuchMethodError': Method sun.misc.Unsafe.defineClass(Ljava/lang/String;[BII)Ljava/lang/Class; name or signature does not match> (0x00000006f4912a50) thrown at [/RE-WORK/workspace/8-2-build-linux-amd64/jdk8u45/3457/hotspot/src/sha
Event: 0.407 Thread 0x00007f779800a800 Exception <a 'java/lang/NoSuchMethodError': Method sun.misc.Unsafe.prefetchRead(Ljava/lang/Object;J)V name or signature does not match> (0x00000006f4912ce0) thrown at [/RE-WORK/workspace/8-2-build-linux-amd64/jdk8u45/3457/hotspot/src/share/vm/prims/jni.cp
Event: 0.861 Thread 0x00007f779800a800 Exception <a 'java/security/PrivilegedActionException'> (0x00000006f49d0a70) thrown at [/RE-WORK/workspace/8-2-build-linux-amd64/jdk8u45/3457/hotspot/src/share/vm/prims/jvm.cpp, line 1382]
Event: 0.861 Thread 0x00007f779800a800 Exception <a 'java/security/PrivilegedActionException'> (0x00000006f49d0c28) thrown at [/RE-WORK/workspace/8-2-build-linux-amd64/jdk8u45/3457/hotspot/src/share/vm/prims/jvm.cpp, line 1382]
Event: 0.863 Thread 0x00007f779800a800 Exception <a 'java/security/PrivilegedActionException'> (0x00000006f49d3158) thrown at [/RE-WORK/workspace/8-2-build-linux-amd64/jdk8u45/3457/hotspot/src/share/vm/prims/jvm.cpp, line 1382]
Event: 0.863 Thread 0x00007f779800a800 Exception <a 'java/security/PrivilegedActionException'> (0x00000006f49d3310) thrown at [/RE-WORK/workspace/8-2-build-linux-amd64/jdk8u45/3457/hotspot/src/share/vm/prims/jvm.cpp, line 1382]
Event: 2.150 Thread 0x00007f77984a4000 Exception <a 'java/lang/NoSuchFieldError': method resolution failed> (0x00000006fe36a0d8) thrown at [/RE-WORK/workspace/8-2-build-linux-amd64/jdk8u45/3457/hotspot/src/share/vm/prims/methodHandles.cpp, line 1125]
Event: 2.159 Thread 0x00007f77984a4000 Exception <a 'java/lang/NoSuchFieldError': method resolution failed> (0x00000006fe378798) thrown at [/RE-WORK/workspace/8-2-build-linux-amd64/jdk8u45/3457/hotspot/src/share/vm/prims/methodHandles.cpp, line 1125]

Events (10 events):
Event: 3660.836 Executing VM operation: ParallelGCFailedAllocation done
Event: 3667.086 Executing VM operation: ParallelGCFailedAllocation
Event: 3667.533 Executing VM operation: ParallelGCFailedAllocation done
Event: 3667.534 Executing VM operation: RevokeBias
Event: 3667.534 Executing VM operation: RevokeBias done
Event: 3672.632 Executing VM operation: ParallelGCFailedAllocation
Event: 3673.505 Executing VM operation: ParallelGCFailedAllocation done
Event: 3678.310 Executing VM operation: ParallelGCFailedAllocation
Event: 3678.924 Executing VM operation: ParallelGCFailedAllocation done
Event: 3683.639 Executing VM operation: ParallelGCFailedAllocation


Dynamic libraries:
00400000-00401000 r-xp 00000000 00:2c 13572529                           /home/ppginf/vdfontoura/jdk1.8.0_45/bin/java
00600000-00601000 rw-p 00000000 00:2c 13572529                           /home/ppginf/vdfontoura/jdk1.8.0_45/bin/java
00a7f000-00aa0000 rw-p 00000000 00:00 0                                  [heap]
55da00000-5f4f00000 rw-p 00000000 00:00 0 
670c80000-6f4900000 ---p 00000000 00:00 0 
6f4900000-7b7200000 rw-p 00000000 00:00 0 
7b7200000-7c0000000 ---p 00000000 00:00 0 
7c0000000-7c00c0000 rw-p 00000000 00:00 0 
7c00c0000-800000000 ---p 00000000 00:00 0 
7f76b4000000-7f76b4021000 rw-p 00000000 00:00 0 
7f76b4021000-7f76b8000000 ---p 00000000 00:00 0 
7f76b8000000-7f76b8290000 rw-p 00000000 00:00 0 
7f76b8290000-7f76bc000000 ---p 00000000 00:00 0 
7f76bc000000-7f76bc10b000 rw-p 00000000 00:00 0 
7f76bc10b000-7f76c0000000 ---p 00000000 00:00 0 
7f76c0000000-7f76c0021000 rw-p 00000000 00:00 0 
7f76c0021000-7f76c4000000 ---p 00000000 00:00 0 
7f76c4000000-7f76c40dc000 rw-p 00000000 00:00 0 
7f76c40dc000-7f76c8000000 ---p 00000000 00:00 0 
7f76c8000000-7f76c8157000 rw-p 00000000 00:00 0 
7f76c8157000-7f76cc000000 ---p 00000000 00:00 0 
7f76cc000000-7f76cc167000 rw-p 00000000 00:00 0 
7f76cc167000-7f76d0000000 ---p 00000000 00:00 0 
7f76d0000000-7f76d00ae000 rw-p 00000000 00:00 0 
7f76d00ae000-7f76d4000000 ---p 00000000 00:00 0 
7f76d4000000-7f76d44bc000 rw-p 00000000 00:00 0 
7f76d44bc000-7f76d8000000 ---p 00000000 00:00 0 
7f76db4ea000-7f76db5ea000 rw-p 00000000 00:00 0 
7f76db5ea000-7f76db5ed000 ---p 00000000 00:00 0 
7f76db5ed000-7f76db6eb000 rw-p 00000000 00:00 0                          [stack:31807]
7f76db6eb000-7f76db7f8000 r--s 010c9000 00:2c 16151391                   /home/ppginf/vdfontoura/psp-chapter/psp-2D/target/IBEAHH.jar
7f76db7f8000-7f76db7f9000 ---p 00000000 00:00 0 
7f76db7f9000-7f76db8f9000 rw-p 00000000 00:00 0                          [stack:31792]
7f76db8f9000-7f76db8fc000 ---p 00000000 00:00 0 
7f76db8fc000-7f76db9fa000 rw-p 00000000 00:00 0                          [stack:31779]
7f76db9fa000-7f76db9fd000 ---p 00000000 00:00 0 
7f76db9fd000-7f76dbafb000 rw-p 00000000 00:00 0                          [stack:31778]
7f76dbafb000-7f76dbafe000 ---p 00000000 00:00 0 
7f76dbafe000-7f76dbbfc000 rw-p 00000000 00:00 0                          [stack:31777]
7f76dbbfc000-7f76dbbff000 ---p 00000000 00:00 0 
7f76dbbff000-7f76dbcfd000 rw-p 00000000 00:00 0                          [stack:31776]
7f76dbcfd000-7f76dbd00000 ---p 00000000 00:00 0 
7f76dbd00000-7f76dbdfe000 rw-p 00000000 00:00 0                          [stack:31774]
7f76dbdfe000-7f76dbe01000 ---p 00000000 00:00 0 
7f76dbe01000-7f76dbeff000 rw-p 00000000 00:00 0                          [stack:31771]
7f76dbeff000-7f76dbf02000 ---p 00000000 00:00 0 
7f76dbf02000-7f76dc000000 rw-p 00000000 00:00 0                          [stack:31770]
7f76dc000000-7f76dc8b6000 rw-p 00000000 00:00 0 
7f76dc8b6000-7f76e0000000 ---p 00000000 00:00 0 
7f76e0000000-7f76e0533000 rw-p 00000000 00:00 0 
7f76e0533000-7f76e4000000 ---p 00000000 00:00 0 
7f76e4000000-7f76e43fe000 rw-p 00000000 00:00 0 
7f76e43fe000-7f76e8000000 ---p 00000000 00:00 0 
7f76e8000000-7f76e80da000 rw-p 00000000 00:00 0 
7f76e80da000-7f76ec000000 ---p 00000000 00:00 0 
7f76ec000000-7f76ec6e7000 rw-p 00000000 00:00 0 
7f76ec6e7000-7f76f0000000 ---p 00000000 00:00 0 
7f76f0000000-7f76f02c3000 rw-p 00000000 00:00 0 
7f76f02c3000-7f76f4000000 ---p 00000000 00:00 0 
7f76f4000000-7f76f47d1000 rw-p 00000000 00:00 0 
7f76f47d1000-7f76f8000000 ---p 00000000 00:00 0 
7f76f8000000-7f76f8284000 rw-p 00000000 00:00 0 
7f76f8284000-7f76fc000000 ---p 00000000 00:00 0 
7f76fc000000-7f76fc021000 rw-p 00000000 00:00 0 
7f76fc021000-7f7700000000 ---p 00000000 00:00 0 
7f7700000000-7f7700339000 rw-p 00000000 00:00 0 
7f7700339000-7f7704000000 ---p 00000000 00:00 0 
7f7704000000-7f7704021000 rw-p 00000000 00:00 0 
7f7704021000-7f7708000000 ---p 00000000 00:00 0 
7f7708000000-7f7708021000 rw-p 00000000 00:00 0 
7f7708021000-7f770c000000 ---p 00000000 00:00 0 
7f770c000000-7f770c289000 rw-p 00000000 00:00 0 
7f770c289000-7f7710000000 ---p 00000000 00:00 0 
7f77100d0000-7f77100d3000 ---p 00000000 00:00 0 
7f77100d3000-7f77101d1000 rw-p 00000000 00:00 0                          [stack:31768]
7f77101d1000-7f77101d4000 ---p 00000000 00:00 0 
7f77101d4000-7f77102d2000 rw-p 00000000 00:00 0                          [stack:31761]
7f77102d2000-7f77102d5000 ---p 00000000 00:00 0 
7f77102d5000-7f77103d3000 rw-p 00000000 00:00 0                          [stack:31753]
7f77103d3000-7f77103d6000 ---p 00000000 00:00 0 
7f77103d6000-7f77104d4000 rw-p 00000000 00:00 0                          [stack:31750]
7f77104d4000-7f77104d7000 ---p 00000000 00:00 0 
7f77104d7000-7f77105d5000 rw-p 00000000 00:00 0                          [stack:31744]
7f77105d5000-7f77105d8000 ---p 00000000 00:00 0 
7f77105d8000-7f77106d6000 rw-p 00000000 00:00 0                          [stack:31718]
7f77106d6000-7f77106d9000 ---p 00000000 00:00 0 
7f77106d9000-7f77107d7000 rw-p 00000000 00:00 0                          [stack:31700]
7f77107d7000-7f77107da000 ---p 00000000 00:00 0 
7f77107da000-7f77108d8000 rw-p 00000000 00:00 0                          [stack:31693]
7f77108d8000-7f77108db000 ---p 00000000 00:00 0 
7f77108db000-7f77109d9000 rw-p 00000000 00:00 0                          [stack:31685]
7f77109d9000-7f77109dc000 ---p 00000000 00:00 0 
7f77109dc000-7f7710ada000 rw-p 00000000 00:00 0                          [stack:31676]
7f7710ada000-7f7711092000 r--p 00000000 00:15 231                        /usr/lib/locale/locale-archive
7f7711092000-7f7711095000 ---p 00000000 00:00 0 
7f7711095000-7f7711193000 rw-p 00000000 00:00 0                          [stack:31612]
7f7711193000-7f7711196000 ---p 00000000 00:00 0 
7f7711196000-7f7711294000 rw-p 00000000 00:00 0                          [stack:31600]
7f7711294000-7f7711295000 ---p 00000000 00:00 0 
7f7711295000-7f7728000000 rw-p 00000000 00:00 0                          [stack:31594]
7f7728000000-7f7728021000 rw-p 00000000 00:00 0 
7f7728021000-7f772c000000 ---p 00000000 00:00 0 
7f772c000000-7f772c021000 rw-p 00000000 00:00 0 
7f772c021000-7f7730000000 ---p 00000000 00:00 0 
7f7730000000-7f7730021000 rw-p 00000000 00:00 0 
7f7730021000-7f7734000000 ---p 00000000 00:00 0 
7f7734000000-7f7734021000 rw-p 00000000 00:00 0 
7f7734021000-7f7738000000 ---p 00000000 00:00 0 
7f7738000000-7f7738021000 rw-p 00000000 00:00 0 
7f7738021000-7f773c000000 ---p 00000000 00:00 0 
7f773c000000-7f773c021000 rw-p 00000000 00:00 0 
7f773c021000-7f7740000000 ---p 00000000 00:00 0 
7f7740000000-7f7740021000 rw-p 00000000 00:00 0 
7f7740021000-7f7744000000 ---p 00000000 00:00 0 
7f7744000000-7f7744021000 rw-p 00000000 00:00 0 
7f7744021000-7f7748000000 ---p 00000000 00:00 0 
7f7748000000-7f7748021000 rw-p 00000000 00:00 0 
7f7748021000-7f774c000000 ---p 00000000 00:00 0 
7f774c000000-7f774c021000 rw-p 00000000 00:00 0 
7f774c021000-7f7750000000 ---p 00000000 00:00 0 
7f7750000000-7f7750021000 rw-p 00000000 00:00 0 
7f7750021000-7f7754000000 ---p 00000000 00:00 0 
7f7754000000-7f7754021000 rw-p 00000000 00:00 0 
7f7754021000-7f7758000000 ---p 00000000 00:00 0 
7f7758000000-7f7758021000 rw-p 00000000 00:00 0 
7f7758021000-7f775c000000 ---p 00000000 00:00 0 
7f775c000000-7f775c021000 rw-p 00000000 00:00 0 
7f775c021000-7f7760000000 ---p 00000000 00:00 0 
7f7760000000-7f7760021000 rw-p 00000000 00:00 0 
7f7760021000-7f7764000000 ---p 00000000 00:00 0 
7f7764000000-7f7764021000 rw-p 00000000 00:00 0 
7f7764021000-7f7768000000 ---p 00000000 00:00 0 
7f7768000000-7f7768021000 rw-p 00000000 00:00 0 
7f7768021000-7f776c000000 ---p 00000000 00:00 0 
7f776c000000-7f776c021000 rw-p 00000000 00:00 0 
7f776c021000-7f7770000000 ---p 00000000 00:00 0 
7f7770000000-7f7770021000 rw-p 00000000 00:00 0 
7f7770021000-7f7774000000 ---p 00000000 00:00 0 
7f7774000000-7f7774021000 rw-p 00000000 00:00 0 
7f7774021000-7f7778000000 ---p 00000000 00:00 0 
7f7778000000-7f7778021000 rw-p 00000000 00:00 0 
7f7778021000-7f777c000000 ---p 00000000 00:00 0 
7f777c000000-7f777c021000 rw-p 00000000 00:00 0 
7f777c021000-7f7780000000 ---p 00000000 00:00 0 
7f7780000000-7f7780021000 rw-p 00000000 00:00 0 
7f7780021000-7f7784000000 ---p 00000000 00:00 0 
7f7784022000-7f7784d2f000 rw-p 00000000 00:00 0 
7f7784d2f000-7f7784f08000 r--s 03d09000 00:2c 13572347                   /home/ppginf/vdfontoura/jdk1.8.0_45/jre/lib/rt.jar
7f7784f08000-7f77853c8000 rw-p 00000000 00:00 0 
7f77853c8000-7f7785708000 ---p 00000000 00:00 0 
7f7785708000-7f7786ada000 rw-p 00000000 00:00 0 
7f7786ada000-7f7786adb000 ---p 00000000 00:00 0 
7f7786adb000-7f7786bdb000 rw-p 00000000 00:00 0                          [stack:31450]
7f7786bdb000-7f7786bdc000 ---p 00000000 00:00 0 
7f7786bdc000-7f7786cdc000 rw-p 00000000 00:00 0                          [stack:31447]
7f7786cdc000-7f7786cdd000 ---p 00000000 00:00 0 
7f7786cdd000-7f7786ddd000 rw-p 00000000 00:00 0                          [stack:31441]
7f7786ddd000-7f7786dde000 ---p 00000000 00:00 0 
7f7786dde000-7f7786ede000 rw-p 00000000 00:00 0                          [stack:31435]
7f7786ede000-7f7786edf000 ---p 00000000 00:00 0 
7f7786edf000-7f7786fdf000 rw-p 00000000 00:00 0                          [stack:31429]
7f7786fdf000-7f7786fe0000 ---p 00000000 00:00 0 
7f7786fe0000-7f77870e0000 rw-p 00000000 00:00 0                          [stack:31428]
7f77870e0000-7f77870e1000 ---p 00000000 00:00 0 
7f77870e1000-7f77871e1000 rw-p 00000000 00:00 0                          [stack:31424]
7f77871e1000-7f77871e2000 ---p 00000000 00:00 0 
7f77871e2000-7f77872e2000 rw-p 00000000 00:00 0                          [stack:31407]
7f77872e2000-7f77872e3000 ---p 00000000 00:00 0 
7f77872e3000-7f77873e3000 rw-p 00000000 00:00 0                          [stack:31404]
7f77873e3000-7f77873e4000 ---p 00000000 00:00 0 
7f77873e4000-7f77874e4000 rw-p 00000000 00:00 0                          [stack:31401]
7f77874e4000-7f77874e5000 ---p 00000000 00:00 0 
7f77874e5000-7f77875e5000 rw-p 00000000 00:00 0                          [stack:31399]
7f77875e5000-7f77875e6000 ---p 00000000 00:00 0 
7f77875e6000-7f77876e6000 rw-p 00000000 00:00 0                          [stack:31397]
7f77876e6000-7f77876e7000 ---p 00000000 00:00 0 
7f77876e7000-7f77877e7000 rw-p 00000000 00:00 0                          [stack:31395]
7f77877e7000-7f77877e8000 ---p 00000000 00:00 0 
7f77877e8000-7f77878e8000 rw-p 00000000 00:00 0                          [stack:31393]
7f77878e8000-7f77878e9000 ---p 00000000 00:00 0 
7f77878e9000-7f77879e9000 rw-p 00000000 00:00 0                          [stack:31391]
7f77879e9000-7f77879ea000 ---p 00000000 00:00 0 
7f77879ea000-7f7787aea000 rw-p 00000000 00:00 0                          [stack:31389]
7f7787aea000-7f7787aeb000 ---p 00000000 00:00 0 
7f7787aeb000-7f7787beb000 rw-p 00000000 00:00 0                          [stack:31386]
7f7787beb000-7f7787bec000 ---p 00000000 00:00 0 
7f7787bec000-7f77881a7000 rw-p 00000000 00:00 0                          [stack:31384]
7f77881a7000-7f77889a3000 ---p 00000000 00:00 0 
7f77889a3000-7f7788fb8000 rw-p 00000000 00:00 0 
7f7788fb8000-7f7788fff000 ---p 00000000 00:00 0 
7f7788fff000-7f7789000000 rw-p 00000000 00:00 0 
7f7789000000-7f77895c0000 rwxp 00000000 00:00 0 
7f77895c0000-7f7798000000 ---p 00000000 00:00 0 
7f7798000000-7f77984a5000 rw-p 00000000 00:00 0 
7f77984a5000-7f779c000000 ---p 00000000 00:00 0 
7f779c039000-7f779c0af000 rw-p 00000000 00:00 0 
7f779c0af000-7f779c0b0000 ---p 00000000 00:00 0 
7f779c0b0000-7f779c1b0000 rw-p 00000000 00:00 0                          [stack:31382]
7f779c1b0000-7f779c1b1000 ---p 00000000 00:00 0 
7f779c1b1000-7f779c2b1000 rw-p 00000000 00:00 0                          [stack:31379]
7f779c2b1000-7f779c2b2000 ---p 00000000 00:00 0 
7f779c2b2000-7f779c3b2000 rw-p 00000000 00:00 0                          [stack:31377]
7f779c3b2000-7f779c3b3000 ---p 00000000 00:00 0 
7f779c3b3000-7f779c4b3000 rw-p 00000000 00:00 0                          [stack:31375]
7f779c4b3000-7f779c4b4000 ---p 00000000 00:00 0 
7f779c4b4000-7f779ca6f000 rw-p 00000000 00:00 0                          [stack:31371]
7f779ca6f000-7f779d26c000 ---p 00000000 00:00 0 
7f779d26c000-7f779d283000 rw-p 00000000 00:00 0 
7f779d283000-7f779d62c000 ---p 00000000 00:00 0 
7f779d62c000-7f779d646000 r-xp 00000000 00:2c 13572371                   /home/ppginf/vdfontoura/jdk1.8.0_45/jre/lib/amd64/libzip.so
7f779d646000-7f779d846000 ---p 0001a000 00:2c 13572371                   /home/ppginf/vdfontoura/jdk1.8.0_45/jre/lib/amd64/libzip.so
7f779d846000-7f779d847000 rw-p 0001a000 00:2c 13572371                   /home/ppginf/vdfontoura/jdk1.8.0_45/jre/lib/amd64/libzip.so
7f779d847000-7f779d853000 r-xp 00000000 00:15 181                        /lib/x86_64-linux-gnu/libnss_ldap.so.2
7f779d853000-7f779da52000 ---p 0000c000 00:15 181                        /lib/x86_64-linux-gnu/libnss_ldap.so.2
7f779da52000-7f779da53000 r--p 0000b000 00:15 181                        /lib/x86_64-linux-gnu/libnss_ldap.so.2
7f779da53000-7f779da54000 rw-p 0000c000 00:15 181                        /lib/x86_64-linux-gnu/libnss_ldap.so.2
7f779da54000-7f779da5f000 r-xp 00000000 00:15 178                        /lib/x86_64-linux-gnu/libnss_files-2.19.so
7f779da5f000-7f779dc5e000 ---p 0000b000 00:15 178                        /lib/x86_64-linux-gnu/libnss_files-2.19.so
7f779dc5e000-7f779dc5f000 r--p 0000a000 00:15 178                        /lib/x86_64-linux-gnu/libnss_files-2.19.so
7f779dc5f000-7f779dc60000 rw-p 0000b000 00:15 178                        /lib/x86_64-linux-gnu/libnss_files-2.19.so
7f779dc60000-7f779dc6b000 r-xp 00000000 00:15 176                        /lib/x86_64-linux-gnu/libnss_nis-2.19.so
7f779dc6b000-7f779de6a000 ---p 0000b000 00:15 176                        /lib/x86_64-linux-gnu/libnss_nis-2.19.so
7f779de6a000-7f779de6b000 r--p 0000a000 00:15 176                        /lib/x86_64-linux-gnu/libnss_nis-2.19.so
7f779de6b000-7f779de6c000 rw-p 0000b000 00:15 176                        /lib/x86_64-linux-gnu/libnss_nis-2.19.so
7f779de6c000-7f779de83000 r-xp 00000000 00:15 174                        /lib/x86_64-linux-gnu/libnsl-2.19.so
7f779de83000-7f779e082000 ---p 00017000 00:15 174                        /lib/x86_64-linux-gnu/libnsl-2.19.so
7f779e082000-7f779e083000 r--p 00016000 00:15 174                        /lib/x86_64-linux-gnu/libnsl-2.19.so
7f779e083000-7f779e084000 rw-p 00017000 00:15 174                        /lib/x86_64-linux-gnu/libnsl-2.19.so
7f779e084000-7f779e086000 rw-p 00000000 00:00 0 
7f779e086000-7f779e08f000 r-xp 00000000 00:15 172                        /lib/x86_64-linux-gnu/libnss_compat-2.19.so
7f779e08f000-7f779e28e000 ---p 00009000 00:15 172                        /lib/x86_64-linux-gnu/libnss_compat-2.19.so
7f779e28e000-7f779e28f000 r--p 00008000 00:15 172                        /lib/x86_64-linux-gnu/libnss_compat-2.19.so
7f779e28f000-7f779e290000 rw-p 00009000 00:15 172                        /lib/x86_64-linux-gnu/libnss_compat-2.19.so
7f779e290000-7f779e2ba000 r-xp 00000000 00:2c 13572364                   /home/ppginf/vdfontoura/jdk1.8.0_45/jre/lib/amd64/libjava.so
7f779e2ba000-7f779e4ba000 ---p 0002a000 00:2c 13572364                   /home/ppginf/vdfontoura/jdk1.8.0_45/jre/lib/amd64/libjava.so
7f779e4ba000-7f779e4bc000 rw-p 0002a000 00:2c 13572364                   /home/ppginf/vdfontoura/jdk1.8.0_45/jre/lib/amd64/libjava.so
7f779e4bc000-7f779e4c9000 r-xp 00000000 00:2c 13572405                   /home/ppginf/vdfontoura/jdk1.8.0_45/jre/lib/amd64/libverify.so
7f779e4c9000-7f779e6c9000 ---p 0000d000 00:2c 13572405                   /home/ppginf/vdfontoura/jdk1.8.0_45/jre/lib/amd64/libverify.so
7f779e6c9000-7f779e6cb000 rw-p 0000d000 00:2c 13572405                   /home/ppginf/vdfontoura/jdk1.8.0_45/jre/lib/amd64/libverify.so
7f779e6cb000-7f779e6d2000 r-xp 00000000 00:15 44                         /lib/x86_64-linux-gnu/librt-2.19.so
7f779e6d2000-7f779e8d1000 ---p 00007000 00:15 44                         /lib/x86_64-linux-gnu/librt-2.19.so
7f779e8d1000-7f779e8d2000 r--p 00006000 00:15 44                         /lib/x86_64-linux-gnu/librt-2.19.so
7f779e8d2000-7f779e8d3000 rw-p 00007000 00:15 44                         /lib/x86_64-linux-gnu/librt-2.19.so
7f779e8d3000-7f779e9d8000 r-xp 00000000 00:15 303                        /lib/x86_64-linux-gnu/libm-2.19.so
7f779e9d8000-7f779ebd7000 ---p 00105000 00:15 303                        /lib/x86_64-linux-gnu/libm-2.19.so
7f779ebd7000-7f779ebd8000 r--p 00104000 00:15 303                        /lib/x86_64-linux-gnu/libm-2.19.so
7f779ebd8000-7f779ebd9000 rw-p 00105000 00:15 303                        /lib/x86_64-linux-gnu/libm-2.19.so
7f779ebd9000-7f779f887000 r-xp 00000000 00:2c 13572410                   /home/ppginf/vdfontoura/jdk1.8.0_45/jre/lib/amd64/server/libjvm.so
7f779f887000-7f779fa86000 ---p 00cae000 00:2c 13572410                   /home/ppginf/vdfontoura/jdk1.8.0_45/jre/lib/amd64/server/libjvm.so
7f779fa86000-7f779fb5d000 rw-p 00cad000 00:2c 13572410                   /home/ppginf/vdfontoura/jdk1.8.0_45/jre/lib/amd64/server/libjvm.so
7f779fb5d000-7f779fba1000 rw-p 00000000 00:00 0 
7f779fba1000-7f779fd5c000 r-xp 00000000 00:15 46                         /lib/x86_64-linux-gnu/libc-2.19.so
7f779fd5c000-7f779ff5b000 ---p 001bb000 00:15 46                         /lib/x86_64-linux-gnu/libc-2.19.so
7f779ff5b000-7f779ff5f000 r--p 001ba000 00:15 46                         /lib/x86_64-linux-gnu/libc-2.19.so
7f779ff5f000-7f779ff61000 rw-p 001be000 00:15 46                         /lib/x86_64-linux-gnu/libc-2.19.so
7f779ff61000-7f779ff66000 rw-p 00000000 00:00 0 
7f779ff66000-7f779ff69000 r-xp 00000000 00:15 52                         /lib/x86_64-linux-gnu/libdl-2.19.so
7f779ff69000-7f77a0168000 ---p 00003000 00:15 52                         /lib/x86_64-linux-gnu/libdl-2.19.so
7f77a0168000-7f77a0169000 r--p 00002000 00:15 52                         /lib/x86_64-linux-gnu/libdl-2.19.so
7f77a0169000-7f77a016a000 rw-p 00003000 00:15 52                         /lib/x86_64-linux-gnu/libdl-2.19.so
7f77a016a000-7f77a017f000 r-xp 00000000 00:2c 13572682                   /home/ppginf/vdfontoura/jdk1.8.0_45/lib/amd64/jli/libjli.so
7f77a017f000-7f77a037f000 ---p 00015000 00:2c 13572682                   /home/ppginf/vdfontoura/jdk1.8.0_45/lib/amd64/jli/libjli.so
7f77a037f000-7f77a0380000 rw-p 00015000 00:2c 13572682                   /home/ppginf/vdfontoura/jdk1.8.0_45/lib/amd64/jli/libjli.so
7f77a0380000-7f77a0399000 r-xp 00000000 00:15 48                         /lib/x86_64-linux-gnu/libpthread-2.19.so
7f77a0399000-7f77a0598000 ---p 00019000 00:15 48                         /lib/x86_64-linux-gnu/libpthread-2.19.so
7f77a0598000-7f77a0599000 r--p 00018000 00:15 48                         /lib/x86_64-linux-gnu/libpthread-2.19.so
7f77a0599000-7f77a059a000 rw-p 00019000 00:15 48                         /lib/x86_64-linux-gnu/libpthread-2.19.so
7f77a059a000-7f77a059e000 rw-p 00000000 00:00 0 
7f77a059e000-7f77a05c1000 r-xp 00000000 00:15 32                         /lib/x86_64-linux-gnu/ld-2.19.so
7f77a05d3000-7f77a067d000 rw-p 00000000 00:00 0 
7f77a067d000-7f77a0680000 ---p 00000000 00:00 0 
7f77a0680000-7f77a0782000 rw-p 00000000 00:00 0                          [stack:31349]
7f77a078d000-7f77a0798000 r--s 00116000 00:2c 13572443                   /home/ppginf/vdfontoura/jdk1.8.0_45/jre/lib/ext/localedata.jar
7f77a0798000-7f77a07b4000 r--s 00393000 00:2c 13572445                   /home/ppginf/vdfontoura/jdk1.8.0_45/jre/lib/ext/cldrdata.jar
7f77a07b4000-7f77a07bc000 rw-s 00000000 00:17 3705519                    /tmp/hsperfdata_vdfontoura/31343
7f77a07bc000-7f77a07bd000 rw-p 00000000 00:00 0 
7f77a07bd000-7f77a07be000 ---p 00000000 00:00 0 
7f77a07be000-7f77a07c0000 rw-p 00000000 00:00 0 
7f77a07c0000-7f77a07c1000 r--p 00022000 00:15 32                         /lib/x86_64-linux-gnu/ld-2.19.so
7f77a07c1000-7f77a07c2000 rw-p 00023000 00:15 32                         /lib/x86_64-linux-gnu/ld-2.19.so
7f77a07c2000-7f77a07c3000 rw-p 00000000 00:00 0 
7fff9dff6000-7fff9e017000 rw-p 00000000 00:00 0                          [stack]
7fff9e114000-7fff9e116000 r--p 00000000 00:00 0                          [vvar]
7fff9e116000-7fff9e118000 r-xp 00000000 00:00 0                          [vdso]
ffffffffff600000-ffffffffff601000 r-xp 00000000 00:00 0                  [vsyscall]

VM Arguments:
java_command: ../../target/IBEAHH.jar 5000 2500000 SinglePointCrossover,IntegerTwoPointsCrossover,MultiPointsCrossover BitFlipMutation,LoopMoveOperator,LocalMoveOperator,SegmentMutation,OppositeMoveOperator 200 1.0 1.0 1 1 ibea-result-config1/result-7 0 0 Random PPPPPPHPHHPPPPPHHHPHHHHHPHHPPPPHHPPHHPHHHHHPHHHHHHHHHHPHHPHHHHHHHPPPPPPPPPPPHHHHHHHPPHPHHHPPPPPPHPH false 20
java_class_path (initial): ../../target/IBEAHH.jar
Launcher Type: SUN_STANDARD

Environment Variables:
JAVA_HOME=/home/ppginf/vdfontoura/jdk1.8.0_45/
PATH=/home/ppginf/vdfontoura/jdk1.8.0_45//bin:/usr/local/sbin:/usr/local/bin:/usr/sbin:/usr/bin:/sbin:/bin:/usr/games:/usr/local/games:.:/home/html/inf/silvia/topicos/ferramentas/poketool/bin:/home/html/inf/silvia/topicos/ferramentas/proteum1.4.1/LINUX/bin:/home/ppginf/vdfontoura/tools/apache-maven-3.3.3/bin
SHELL=/bin/bash

Signal Handlers:
SIGSEGV: [libjvm.so+0xaad1e0], sa_mask[0]=11111111011111111101111111111110, sa_flags=SA_RESTART|SA_SIGINFO
SIGBUS: [libjvm.so+0xaad1e0], sa_mask[0]=11111111011111111101111111111110, sa_flags=SA_RESTART|SA_SIGINFO
SIGFPE: [libjvm.so+0x90b450], sa_mask[0]=11111111011111111101111111111110, sa_flags=SA_RESTART|SA_SIGINFO
SIGPIPE: [libjvm.so+0x90b450], sa_mask[0]=11111111011111111101111111111110, sa_flags=SA_RESTART|SA_SIGINFO
SIGXFSZ: [libjvm.so+0x90b450], sa_mask[0]=11111111011111111101111111111110, sa_flags=SA_RESTART|SA_SIGINFO
SIGILL: [libjvm.so+0x90b450], sa_mask[0]=11111111011111111101111111111110, sa_flags=SA_RESTART|SA_SIGINFO
SIGUSR1: SIG_DFL, sa_mask[0]=00000000000000000000000000000000, sa_flags=none
SIGUSR2: [libjvm.so+0x90ca90], sa_mask[0]=00000000000000000000000000000000, sa_flags=SA_RESTART|SA_SIGINFO
SIGHUP: SIG_IGN, sa_mask[0]=00000000000000000000000000000000, sa_flags=none
SIGINT: SIG_IGN, sa_mask[0]=00000000000000000000000000000000, sa_flags=none
SIGTERM: [libjvm.so+0x90dde0], sa_mask[0]=11111111011111111101111111111110, sa_flags=SA_RESTART|SA_SIGINFO
SIGQUIT: [libjvm.so+0x90dde0], sa_mask[0]=11111111011111111101111111111110, sa_flags=SA_RESTART|SA_SIGINFO


---------------  S Y S T E M  ---------------

OS:DISTRIB_ID=LinuxMint
DISTRIB_RELEASE=17
DISTRIB_CODENAME=qiana
DISTRIB_DESCRIPTION="Linux Mint 17 Qiana"

uname:Linux 4.0.1-kernel+ #2 SMP Wed May 6 16:11:56 BRT 2015 x86_64
libc:glibc 2.19 NPTL 2.19 
rlimit: STACK 8192k, CORE 0k, NPROC 30240, NOFILE 4096, AS 20000000k
load average:34.63 31.51 31.06

/proc/meminfo:
MemTotal:       127909028 kB
MemFree:          796488 kB
MemAvailable:     800112 kB
Buffers:               0 kB
Cached:           824572 kB
SwapCached:            0 kB
Active:         126140588 kB
Inactive:         190740 kB
Active(anon):   126095484 kB
Inactive(anon):   152684 kB
Active(file):      45104 kB
Inactive(file):    38056 kB
Unevictable:           0 kB
Mlocked:               0 kB
SwapTotal:             0 kB
SwapFree:              0 kB
Dirty:               208 kB
Writeback:             0 kB
AnonPages:      125507432 kB
Mapped:            36756 kB
Shmem:            741412 kB
Slab:             235980 kB
SReclaimable:      93028 kB
SUnreclaim:       142952 kB
KernelStack:       27472 kB
PageTables:       268488 kB
NFS_Unstable:        228 kB
Bounce:                0 kB
WritebackTmp:          0 kB
CommitLimit:    63954512 kB
Committed_AS:   146990340 kB
VmallocTotal:   34359738367 kB
VmallocUsed:      228956 kB
VmallocChunk:   34359500380 kB
HardwareCorrupted:     0 kB
AnonHugePages:         0 kB
HugePages_Total:       0
HugePages_Free:        0
HugePages_Rsvd:        0
HugePages_Surp:        0
Hugepagesize:       2048 kB
DirectMap4k:      454640 kB
DirectMap2M:    60362752 kB
DirectMap1G:    69206016 kB


CPU:total 32 (1 cores per cpu, 1 threads per core) family 16 model 9 stepping 1, cmov, cx8, fxsr, mmx, sse, sse2, sse3, popcnt, mmxext, 3dnowpref, lzcnt, sse4a, tsc

/proc/cpuinfo:
processor	: 0
vendor_id	: AuthenticAMD
cpu family	: 16
model		: 9
model name	: AMD Opteron(tm) Processor 6136
stepping	: 1
microcode	: 0x1000065
cpu MHz		: 2400.142
cache size	: 512 KB
physical id	: 0
siblings	: 1
core id		: 0
cpu cores	: 1
apicid		: 0
initial apicid	: 0
fpu		: yes
fpu_exception	: yes
cpuid level	: 5
wp		: yes
flags		: fpu vme de pse tsc msr pae mce cx8 apic sep mtrr pge mca cmov pat pse36 clflush mmx fxsr sse sse2 syscall nx mmxext fxsr_opt pdpe1gb lm 3dnowext 3dnow rep_good nopl extd_apicid pni cx16 x2apic popcnt hypervisor lahf_lm cmp_legacy svm cr8_legacy abm sse4a misalignsse 3dnowprefetch osvw npt nrip_save vmmcall
bugs		: tlb_mmatch fxsave_leak
bogomips	: 4800.28
TLB size	: 1024 4K pages
clflush size	: 64
cache_alignment	: 64
address sizes	: 40 bits physical, 48 bits virtual
power management:

processor	: 1
vendor_id	: AuthenticAMD
cpu family	: 16
model		: 9
model name	: AMD Opteron(tm) Processor 6136
stepping	: 1
microcode	: 0x1000065
cpu MHz		: 2400.142
cache size	: 512 KB
physical id	: 1
siblings	: 1
core id		: 0
cpu cores	: 1
apicid		: 1
initial apicid	: 1
fpu		: yes
fpu_exception	: yes
cpuid level	: 5
wp		: yes
flags		: fpu vme de pse tsc msr pae mce cx8 apic sep mtrr pge mca cmov pat pse36 clflush mmx fxsr sse sse2 syscall nx mmxext fxsr_opt pdpe1gb lm 3dnowext 3dnow rep_good nopl extd_apicid pni cx16 x2apic popcnt hypervisor lahf_lm cmp_legacy svm cr8_legacy abm sse4a misalignsse 3dnowprefetch osvw npt nrip_save vmmcall
bugs		: tlb_mmatch fxsave_leak
bogomips	: 4800.28
TLB size	: 1024 4K pages
clflush size	: 64
cache_alignment	: 64
address sizes	: 40 bits physical, 48 bits virtual
power management:

processor	: 2
vendor_id	: AuthenticAMD
cpu family	: 16
model		: 9
model name	: AMD Opteron(tm) Processor 6136
stepping	: 1
microcode	: 0x1000065
cpu MHz		: 2400.142
cache size	: 512 KB
physical id	: 2
siblings	: 1
core id		: 0
cpu cores	: 1
apicid		: 2
initial apicid	: 2
fpu		: yes
fpu_exception	: yes
cpuid level	: 5
wp		: yes
flags		: fpu vme de pse tsc msr pae mce cx8 apic sep mtrr pge mca cmov pat pse36 clflush mmx fxsr sse sse2 syscall nx mmxext fxsr_opt pdpe1gb lm 3dnowext 3dnow rep_good nopl extd_apicid pni cx16 x2apic popcnt hypervisor lahf_lm cmp_legacy svm cr8_legacy abm sse4a misalignsse 3dnowprefetch osvw npt nrip_save vmmcall
bugs		: tlb_mmatch fxsave_leak
bogomips	: 4800.28
TLB size	: 1024 4K pages
clflush size	: 64
cache_alignment	: 64
address sizes	: 40 bits physical, 48 bits virtual
power management:

processor	: 3
vendor_id	: AuthenticAMD
cpu family	: 16
model		: 9
model name	: AMD Opteron(tm) Processor 6136
stepping	: 1
microcode	: 0x1000065
cpu MHz		: 2400.142
cache size	: 512 KB
physical id	: 3
siblings	: 1
core id		: 0
cpu cores	: 1
apicid		: 3
initial apicid	: 3
fpu		: yes
fpu_exception	: yes
cpuid level	: 5
wp		: yes
flags		: fpu vme de pse tsc msr pae mce cx8 apic sep mtrr pge mca cmov pat pse36 clflush mmx fxsr sse sse2 syscall nx mmxext fxsr_opt pdpe1gb lm 3dnowext 3dnow rep_good nopl extd_apicid pni cx16 x2apic popcnt hypervisor lahf_lm cmp_legacy svm cr8_legacy abm sse4a misalignsse 3dnowprefetch osvw npt nrip_save vmmcall
bugs		: tlb_mmatch fxsave_leak
bogomips	: 4800.28
TLB size	: 1024 4K pages
clflush size	: 64
cache_alignment	: 64
address sizes	: 40 bits physical, 48 bits virtual
power management:

processor	: 4
vendor_id	: AuthenticAMD
cpu family	: 16
model		: 9
model name	: AMD Opteron(tm) Processor 6136
stepping	: 1
microcode	: 0x1000065
cpu MHz		: 2400.142
cache size	: 512 KB
physical id	: 4
siblings	: 1
core id		: 0
cpu cores	: 1
apicid		: 4
initial apicid	: 4
fpu		: yes
fpu_exception	: yes
cpuid level	: 5
wp		: yes
flags		: fpu vme de pse tsc msr pae mce cx8 apic sep mtrr pge mca cmov pat pse36 clflush mmx fxsr sse sse2 syscall nx mmxext fxsr_opt pdpe1gb lm 3dnowext 3dnow rep_good nopl extd_apicid pni cx16 x2apic popcnt hypervisor lahf_lm cmp_legacy svm cr8_legacy abm sse4a misalignsse 3dnowprefetch osvw npt nrip_save vmmcall
bugs		: tlb_mmatch fxsave_leak
bogomips	: 4800.28
TLB size	: 1024 4K pages
clflush size	: 64
cache_alignment	: 64
address sizes	: 40 bits physical, 48 bits virtual
power management:

processor	: 5
vendor_id	: AuthenticAMD
cpu family	: 16
model		: 9
model name	: AMD Opteron(tm) Processor 6136
stepping	: 1
microcode	: 0x1000065
cpu MHz		: 2400.142
cache size	: 512 KB
physical id	: 5
siblings	: 1
core id		: 0
cpu cores	: 1
apicid		: 5
initial apicid	: 5
fpu		: yes
fpu_exception	: yes
cpuid level	: 5
wp		: yes
flags		: fpu vme de pse tsc msr pae mce cx8 apic sep mtrr pge mca cmov pat pse36 clflush mmx fxsr sse sse2 syscall nx mmxext fxsr_opt pdpe1gb lm 3dnowext 3dnow rep_good nopl extd_apicid pni cx16 x2apic popcnt hypervisor lahf_lm cmp_legacy svm cr8_legacy abm sse4a misalignsse 3dnowprefetch osvw npt nrip_save vmmcall
bugs		: tlb_mmatch fxsave_leak
bogomips	: 4800.28
TLB size	: 1024 4K pages
clflush size	: 64
cache_alignment	: 64
address sizes	: 40 bits physical, 48 bits virtual
power management:

processor	: 6
vendor_id	: AuthenticAMD
cpu family	: 16
model		: 9
model name	: AMD Opteron(tm) Processor 6136
stepping	: 1
microcode	: 0x1000065
cpu MHz		: 2400.142
cache size	: 512 KB
physical id	: 6
siblings	: 1
core id		: 0
cpu cores	: 1
apicid		: 6
initial apicid	: 6
fpu		: yes
fpu_exception	: yes
cpuid level	: 5
wp		: yes
flags		: fpu vme de pse tsc msr pae mce cx8 apic sep mtrr pge mca cmov pat pse36 clflush mmx fxsr sse sse2 syscall nx mmxext fxsr_opt pdpe1gb lm 3dnowext 3dnow rep_good nopl extd_apicid pni cx16 x2apic popcnt hypervisor lahf_lm cmp_legacy svm cr8_legacy abm sse4a misalignsse 3dnowprefetch osvw npt nrip_save vmmcall
bugs		: tlb_mmatch fxsave_leak
bogomips	: 4800.28
TLB size	: 1024 4K pages
clflush size	: 64
cache_alignment	: 64
address sizes	: 40 bits physical, 48 bits virtual
power management:

processor	: 7
vendor_id	: AuthenticAMD
cpu family	: 16
model		: 9
model name	: AMD Opteron(tm) Processor 6136
stepping	: 1
microcode	: 0x1000065
cpu MHz		: 2400.142
cache size	: 512 KB
physical id	: 7
siblings	: 1
core id		: 0
cpu cores	: 1
apicid		: 7
initial apicid	: 7
fpu		: yes
fpu_exception	: yes
cpuid level	: 5
wp		: yes
flags		: fpu vme de pse tsc msr pae mce cx8 apic sep mtrr pge mca cmov pat pse36 clflush mmx fxsr sse sse2 syscall nx mmxext fxsr_opt pdpe1gb lm 3dnowext 3dnow rep_good nopl extd_apicid pni cx16 x2apic popcnt hypervisor lahf_lm cmp_legacy svm cr8_legacy abm sse4a misalignsse 3dnowprefetch osvw npt nrip_save vmmcall
bugs		: tlb_mmatch fxsave_leak
bogomips	: 4800.28
TLB size	: 1024 4K pages
clflush size	: 64
cache_alignment	: 64
address sizes	: 40 bits physical, 48 bits virtual
power management:

processor	: 8
vendor_id	: AuthenticAMD
cpu family	: 16
model		: 9
model name	: AMD Opteron(tm) Processor 6136
stepping	: 1
microcode	: 0x1000065
cpu MHz		: 2400.142
cache size	: 512 KB
physical id	: 8
siblings	: 1
core id		: 0
cpu cores	: 1
apicid		: 8
initial apicid	: 8
fpu		: yes
fpu_exception	: yes
cpuid level	: 5
wp		: yes
flags		: fpu vme de pse tsc msr pae mce cx8 apic sep mtrr pge mca cmov pat pse36 clflush mmx fxsr sse sse2 syscall nx mmxext fxsr_opt pdpe1gb lm 3dnowext 3dnow rep_good nopl extd_apicid pni cx16 x2apic popcnt hypervisor lahf_lm cmp_legacy svm cr8_legacy abm sse4a misalignsse 3dnowprefetch osvw npt nrip_save vmmcall
bugs		: tlb_mmatch fxsave_leak
bogomips	: 4800.28
TLB size	: 1024 4K pages
clflush size	: 64
cache_alignment	: 64
address sizes	: 40 bits physical, 48 bits virtual
power management:

processor	: 9
vendor_id	: AuthenticAMD
cpu family	: 16
model		: 9
model name	: AMD Opteron(tm) Processor 6136
stepping	: 1
microcode	: 0x1000065
cpu MHz		: 2400.142
cache size	: 512 KB
physical id	: 9
siblings	: 1
core id		: 0
cpu cores	: 1
apicid		: 9
initial apicid	: 9
fpu		: yes
fpu_exception	: yes
cpuid level	: 5
wp		: yes
flags		: fpu vme de pse tsc msr pae mce cx8 apic sep mtrr pge mca cmov pat pse36 clflush mmx fxsr sse sse2 syscall nx mmxext fxsr_opt pdpe1gb lm 3dnowext 3dnow rep_good nopl extd_apicid pni cx16 x2apic popcnt hypervisor lahf_lm cmp_legacy svm cr8_legacy abm sse4a misalignsse 3dnowprefetch osvw npt nrip_save vmmcall
bugs		: tlb_mmatch fxsave_leak
bogomips	: 4800.28
TLB size	: 1024 4K pages
clflush size	: 64
cache_alignment	: 64
address sizes	: 40 bits physical, 48 bits virtual
power management:

processor	: 10
vendor_id	: AuthenticAMD
cpu family	: 16
model		: 9
model name	: AMD Opteron(tm) Processor 6136
stepping	: 1
microcode	: 0x1000065
cpu MHz		: 2400.142
cache size	: 512 KB
physical id	: 10
siblings	: 1
core id		: 0
cpu cores	: 1
apicid		: 10
initial apicid	: 10
fpu		: yes
fpu_exception	: yes
cpuid level	: 5
wp		: yes
flags		: fpu vme de pse tsc msr pae mce cx8 apic sep mtrr pge mca cmov pat pse36 clflush mmx fxsr sse sse2 syscall nx mmxext fxsr_opt pdpe1gb lm 3dnowext 3dnow rep_good nopl extd_apicid pni cx16 x2apic popcnt hypervisor lahf_lm cmp_legacy svm cr8_legacy abm sse4a misalignsse 3dnowprefetch osvw npt nrip_save vmmcall
bugs		: tlb_mmatch fxsave_leak
bogomips	: 4800.28
TLB size	: 1024 4K pages
clflush size	: 64
cache_alignment	: 64
address sizes	: 40 bits physical, 48 bits virtual
power management:

processor	: 11
vendor_id	: AuthenticAMD
cpu family	: 16
model		: 9
model name	: AMD Opteron(tm) Processor 6136
stepping	: 1
microcode	: 0x1000065
cpu MHz		: 2400.142
cache size	: 512 KB
physical id	: 11
siblings	: 1
core id		: 0
cpu cores	: 1
apicid		: 11
initial apicid	: 11
fpu		: yes
fpu_exception	: yes
cpuid level	: 5
wp		: yes
flags		: fpu vme de pse tsc msr pae mce cx8 apic sep mtrr pge mca cmov pat pse36 clflush mmx fxsr sse sse2 syscall nx mmxext fxsr_opt pdpe1gb lm 3dnowext 3dnow rep_good nopl extd_apicid pni cx16 x2apic popcnt hypervisor lahf_lm cmp_legacy svm cr8_legacy abm sse4a misalignsse 3dnowprefetch osvw npt nrip_save vmmcall
bugs		: tlb_mmatch fxsave_leak
bogomips	: 4800.28
TLB size	: 1024 4K pages
clflush size	: 64
cache_alignment	: 64
address sizes	: 40 bits physical, 48 bits virtual
power management:

processor	: 12
vendor_id	: AuthenticAMD
cpu family	: 16
model		: 9
model name	: AMD Opteron(tm) Processor 6136
stepping	: 1
microcode	: 0x1000065
cpu MHz		: 2400.142
cache size	: 512 KB
physical id	: 12
siblings	: 1
core id		: 0
cpu cores	: 1
apicid		: 12
initial apicid	: 12
fpu		: yes
fpu_exception	: yes
cpuid level	: 5
wp		: yes
flags		: fpu vme de pse tsc msr pae mce cx8 apic sep mtrr pge mca cmov pat pse36 clflush mmx fxsr sse sse2 syscall nx mmxext fxsr_opt pdpe1gb lm 3dnowext 3dnow rep_good nopl extd_apicid pni cx16 x2apic popcnt hypervisor lahf_lm cmp_legacy svm cr8_legacy abm sse4a misalignsse 3dnowprefetch osvw npt nrip_save vmmcall
bugs		: tlb_mmatch fxsave_leak
bogomips	: 4800.28
TLB size	: 1024 4K pages
clflush size	: 64
cache_alignment	: 64
address sizes	: 40 bits physical, 48 bits virtual
power management:

processor	: 13
vendor_id	: AuthenticAMD
cpu family	: 16
model		: 9
model name	: AMD Opteron(tm) Processor 6136
stepping	: 1
microcode	: 0x1000065
cpu MHz		: 2400.142
cache size	: 512 KB
physical id	: 13
siblings	: 1
core id		: 0
cpu cores	: 1
apicid		: 13
initial apicid	: 13
fpu		: yes
fpu_exception	: yes
cpuid level	: 5
wp		: yes
flags		: fpu vme de pse tsc msr pae mce cx8 apic sep mtrr pge mca cmov pat pse36 clflush mmx fxsr sse sse2 syscall nx mmxext fxsr_opt pdpe1gb lm 3dnowext 3dnow rep_good nopl extd_apicid pni cx16 x2apic popcnt hypervisor lahf_lm cmp_legacy svm cr8_legacy abm sse4a misalignsse 3dnowprefetch osvw npt nrip_save vmmcall
bugs		: tlb_mmatch fxsave_leak
bogomips	: 4800.28
TLB size	: 1024 4K pages
clflush size	: 64
cache_alignment	: 64
address sizes	: 40 bits physical, 48 bits virtual
power management:

processor	: 14
vendor_id	: AuthenticAMD
cpu family	: 16
model		: 9
model name	: AMD Opteron(tm) Processor 6136
stepping	: 1
microcode	: 0x1000065
cpu MHz		: 2400.142
cache size	: 512 KB
physical id	: 14
siblings	: 1
core id		: 0
cpu cores	: 1
apicid		: 14
initial apicid	: 14
fpu		: yes
fpu_exception	: yes
cpuid level	: 5
wp		: yes
flags		: fpu vme de pse tsc msr pae mce cx8 apic sep mtrr pge mca cmov pat pse36 clflush mmx fxsr sse sse2 syscall nx mmxext fxsr_opt pdpe1gb lm 3dnowext 3dnow rep_good nopl extd_apicid pni cx16 x2apic popcnt hypervisor lahf_lm cmp_legacy svm cr8_legacy abm sse4a misalignsse 3dnowprefetch osvw npt nrip_save vmmcall
bugs		: tlb_mmatch fxsave_leak
bogomips	: 4800.28
TLB size	: 1024 4K pages
clflush size	: 64
cache_alignment	: 64
address sizes	: 40 bits physical, 48 bits virtual
power management:

processor	: 15
vendor_id	: AuthenticAMD
cpu family	: 16
model		: 9
model name	: AMD Opteron(tm) Processor 6136
stepping	: 1
microcode	: 0x1000065
cpu MHz		: 2400.142
cache size	: 512 KB
physical id	: 15
siblings	: 1
core id		: 0
cpu cores	: 1
apicid		: 15
initial apicid	: 15
fpu		: yes
fpu_exception	: yes
cpuid level	: 5
wp		: yes
flags		: fpu vme de pse tsc msr pae mce cx8 apic sep mtrr pge mca cmov pat pse36 clflush mmx fxsr sse sse2 syscall nx mmxext fxsr_opt pdpe1gb lm 3dnowext 3dnow rep_good nopl extd_apicid pni cx16 x2apic popcnt hypervisor lahf_lm cmp_legacy svm cr8_legacy abm sse4a misalignsse 3dnowprefetch osvw npt nrip_save vmmcall
bugs		: tlb_mmatch fxsave_leak
bogomips	: 4800.28
TLB size	: 1024 4K pages
clflush size	: 64
cache_alignment	: 64
address sizes	: 40 bits physical, 48 bits virtual
power management:

processor	: 16
vendor_id	: AuthenticAMD
cpu family	: 16
model		: 9
model name	: AMD Opteron(tm) Processor 6136
stepping	: 1
microcode	: 0x1000065
cpu MHz		: 2400.142
cache size	: 512 KB
physical id	: 16
siblings	: 1
core id		: 0
cpu cores	: 1
apicid		: 16
initial apicid	: 16
fpu		: yes
fpu_exception	: yes
cpuid level	: 5
wp		: yes
flags		: fpu vme de pse tsc msr pae mce cx8 apic sep mtrr pge mca cmov pat pse36 clflush mmx fxsr sse sse2 syscall nx mmxext fxsr_opt pdpe1gb lm 3dnowext 3dnow rep_good nopl extd_apicid pni cx16 x2apic popcnt hypervisor lahf_lm cmp_legacy svm cr8_legacy abm sse4a misalignsse 3dnowprefetch osvw npt nrip_save vmmcall
bugs		: tlb_mmatch fxsave_leak
bogomips	: 4800.28
TLB size	: 1024 4K pages
clflush size	: 64
cache_alignment	: 64
address sizes	: 40 bits physical, 48 bits virtual
power management:

processor	: 17
vendor_id	: AuthenticAMD
cpu family	: 16
model		: 9
model name	: AMD Opteron(tm) Processor 6136
stepping	: 1
microcode	: 0x1000065
cpu MHz		: 2400.142
cache size	: 512 KB
physical id	: 17
siblings	: 1
core id		: 0
cpu cores	: 1
apicid		: 17
initial apicid	: 17
fpu		: yes
fpu_exception	: yes
cpuid level	: 5
wp		: yes
flags		: fpu vme de pse tsc msr pae mce cx8 apic sep mtrr pge mca cmov pat pse36 clflush mmx fxsr sse sse2 syscall nx mmxext fxsr_opt pdpe1gb lm 3dnowext 3dnow rep_good nopl extd_apicid pni cx16 x2apic popcnt hypervisor lahf_lm cmp_legacy svm cr8_legacy abm sse4a misalignsse 3dnowprefetch osvw npt nrip_save vmmcall
bugs		: tlb_mmatch fxsave_leak
bogomips	: 4800.28
TLB size	: 1024 4K pages
clflush size	: 64
cache_alignment	: 64
address sizes	: 40 bits physical, 48 bits virtual
power management:

processor	: 18
vendor_id	: AuthenticAMD
cpu family	: 16
model		: 9
model name	: AMD Opteron(tm) Processor 6136
stepping	: 1
microcode	: 0x1000065
cpu MHz		: 2400.142
cache size	: 512 KB
physical id	: 18
siblings	: 1
core id		: 0
cpu cores	: 1
apicid		: 18
initial apicid	: 18
fpu		: yes
fpu_exception	: yes
cpuid level	: 5
wp		: yes
flags		: fpu vme de pse tsc msr pae mce cx8 apic sep mtrr pge mca cmov pat pse36 clflush mmx fxsr sse sse2 syscall nx mmxext fxsr_opt pdpe1gb lm 3dnowext 3dnow rep_good nopl extd_apicid pni cx16 x2apic popcnt hypervisor lahf_lm cmp_legacy svm cr8_legacy abm sse4a misalignsse 3dnowprefetch osvw npt nrip_save vmmcall
bugs		: tlb_mmatch fxsave_leak
bogomips	: 4800.28
TLB size	: 1024 4K pages
clflush size	: 64
cache_alignment	: 64
address sizes	: 40 bits physical, 48 bits virtual
power management:

processor	: 19
vendor_id	: AuthenticAMD
cpu family	: 16
model		: 9
model name	: AMD Opteron(tm) Processor 6136
stepping	: 1
microcode	: 0x1000065
cpu MHz		: 2400.142
cache size	: 512 KB
physical id	: 19
siblings	: 1
core id		: 0
cpu cores	: 1
apicid		: 19
initial apicid	: 19
fpu		: yes
fpu_exception	: yes
cpuid level	: 5
wp		: yes
flags		: fpu vme de pse tsc msr pae mce cx8 apic sep mtrr pge mca cmov pat pse36 clflush mmx fxsr sse sse2 syscall nx mmxext fxsr_opt pdpe1gb lm 3dnowext 3dnow rep_good nopl extd_apicid pni cx16 x2apic popcnt hypervisor lahf_lm cmp_legacy svm cr8_legacy abm sse4a misalignsse 3dnowprefetch osvw npt nrip_save vmmcall
bugs		: tlb_mmatch fxsave_leak
bogomips	: 4800.28
TLB size	: 1024 4K pages
clflush size	: 64
cache_alignment	: 64
address sizes	: 40 bits physical, 48 bits virtual
power management:

processor	: 20
vendor_id	: AuthenticAMD
cpu family	: 16
model		: 9
model name	: AMD Opteron(tm) Processor 6136
stepping	: 1
microcode	: 0x1000065
cpu MHz		: 2400.142
cache size	: 512 KB
physical id	: 20
siblings	: 1
core id		: 0
cpu cores	: 1
apicid		: 20
initial apicid	: 20
fpu		: yes
fpu_exception	: yes
cpuid level	: 5
wp		: yes
flags		: fpu vme de pse tsc msr pae mce cx8 apic sep mtrr pge mca cmov pat pse36 clflush mmx fxsr sse sse2 syscall nx mmxext fxsr_opt pdpe1gb lm 3dnowext 3dnow rep_good nopl extd_apicid pni cx16 x2apic popcnt hypervisor lahf_lm cmp_legacy svm cr8_legacy abm sse4a misalignsse 3dnowprefetch osvw npt nrip_save vmmcall
bugs		: tlb_mmatch fxsave_leak
bogomips	: 4800.28
TLB size	: 1024 4K pages
clflush size	: 64
cache_alignment	: 64
address sizes	: 40 bits physical, 48 bits virtual
power management:

processor	: 21
vendor_id	: AuthenticAMD
cpu family	: 16
model		: 9
model name	: AMD Opteron(tm) Processor 6136
stepping	: 1
microcode	: 0x1000065
cpu MHz		: 2400.142
cache size	: 512 KB
physical id	: 21
siblings	: 1
core id		: 0
cpu cores	: 1
apicid		: 21
initial apicid	: 21
fpu		: yes
fpu_exception	: yes
cpuid level	: 5
wp		: yes
flags		: fpu vme de pse tsc msr pae mce cx8 apic sep mtrr pge mca cmov pat pse36 clflush mmx fxsr sse sse2 syscall nx mmxext fxsr_opt pdpe1gb lm 3dnowext 3dnow rep_good nopl extd_apicid pni cx16 x2apic popcnt hypervisor lahf_lm cmp_legacy svm cr8_legacy abm sse4a misalignsse 3dnowprefetch osvw npt nrip_save vmmcall
bugs		: tlb_mmatch fxsave_leak
bogomips	: 4800.28
TLB size	: 1024 4K pages
clflush size	: 64
cache_alignment	: 64
address sizes	: 40 bits physical, 48 bits virtual
power management:

processor	: 22
vendor_id	: AuthenticAMD
cpu family	: 16
model		: 9
model name	: AMD Opteron(tm) Processor 6136
stepping	: 1
microcode	: 0x1000065
cpu MHz		: 2400.142
cache size	: 512 KB
physical id	: 22
siblings	: 1
core id		: 0
cpu cores	: 1
apicid		: 22
initial apicid	: 22
fpu		: yes
fpu_exception	: yes
cpuid level	: 5
wp		: yes
flags		: fpu vme de pse tsc msr pae mce cx8 apic sep mtrr pge mca cmov pat pse36 clflush mmx fxsr sse sse2 syscall nx mmxext fxsr_opt pdpe1gb lm 3dnowext 3dnow rep_good nopl extd_apicid pni cx16 x2apic popcnt hypervisor lahf_lm cmp_legacy svm cr8_legacy abm sse4a misalignsse 3dnowprefetch osvw npt nrip_save vmmcall
bugs		: tlb_mmatch fxsave_leak
bogomips	: 4800.28
TLB size	: 1024 4K pages
clflush size	: 64
cache_alignment	: 64
address sizes	: 40 bits physical, 48 bits virtual
power management:

processor	: 23
vendor_id	: AuthenticAMD
cpu family	: 16
model		: 9
model name	: AMD Opteron(tm) Processor 6136
stepping	: 1
microcode	: 0x1000065
cpu MHz		: 2400.142
cache size	: 512 KB
physical id	: 23
siblings	: 1
core id		: 0
cpu cores	: 1
apicid		: 23
initial apicid	: 23
fpu		: yes
fpu_exception	: yes
cpuid level	: 5
wp		: yes
flags		: fpu vme de pse tsc msr pae mce cx8 apic sep mtrr pge mca cmov pat pse36 clflush mmx fxsr sse sse2 syscall nx mmxext fxsr_opt pdpe1gb lm 3dnowext 3dnow rep_good nopl extd_apicid pni cx16 x2apic popcnt hypervisor lahf_lm cmp_legacy svm cr8_legacy abm sse4a misalignsse 3dnowprefetch osvw npt nrip_save vmmcall
bugs		: tlb_mmatch fxsave_leak
bogomips	: 4800.28
TLB size	: 1024 4K pages
clflush size	: 64
cache_alignment	: 64
address sizes	: 40 bits physical, 48 bits virtual
power management:

processor	: 24
vendor_id	: AuthenticAMD
cpu family	: 16
model		: 9
model name	: AMD Opteron(tm) Processor 6136
stepping	: 1
microcode	: 0x1000065
cpu MHz		: 2400.142
cache size	: 512 KB
physical id	: 24
siblings	: 1
core id		: 0
cpu cores	: 1
apicid		: 24
initial apicid	: 24
fpu		: yes
fpu_exception	: yes
cpuid level	: 5
wp		: yes
flags		: fpu vme de pse tsc msr pae mce cx8 apic sep mtrr pge mca cmov pat pse36 clflush mmx fxsr sse sse2 syscall nx mmxext fxsr_opt pdpe1gb lm 3dnowext 3dnow rep_good nopl extd_apicid pni cx16 x2apic popcnt hypervisor lahf_lm cmp_legacy svm cr8_legacy abm sse4a misalignsse 3dnowprefetch osvw npt nrip_save vmmcall
bugs		: tlb_mmatch fxsave_leak
bogomips	: 4800.28
TLB size	: 1024 4K pages
clflush size	: 64
cache_alignment	: 64
address sizes	: 40 bits physical, 48 bits virtual
power management:

processor	: 25
vendor_id	: AuthenticAMD
cpu family	: 16
model		: 9
model name	: AMD Opteron(tm) Processor 6136
stepping	: 1
microcode	: 0x1000065
cpu MHz		: 2400.142
cache size	: 512 KB
physical id	: 25
siblings	: 1
core id		: 0
cpu cores	: 1
apicid		: 25
initial apicid	: 25
fpu		: yes
fpu_exception	: yes
cpuid level	: 5
wp		: yes
flags		: fpu vme de pse tsc msr pae mce cx8 apic sep mtrr pge mca cmov pat pse36 clflush mmx fxsr sse sse2 syscall nx mmxext fxsr_opt pdpe1gb lm 3dnowext 3dnow rep_good nopl extd_apicid pni cx16 x2apic popcnt hypervisor lahf_lm cmp_legacy svm cr8_legacy abm sse4a misalignsse 3dnowprefetch osvw npt nrip_save vmmcall
bugs		: tlb_mmatch fxsave_leak
bogomips	: 4800.28
TLB size	: 1024 4K pages
clflush size	: 64
cache_alignment	: 64
address sizes	: 40 bits physical, 48 bits virtual
power management:

processor	: 26
vendor_id	: AuthenticAMD
cpu family	: 16
model		: 9
model name	: AMD Opteron(tm) Processor 6136
stepping	: 1
microcode	: 0x1000065
cpu MHz		: 2400.142
cache size	: 512 KB
physical id	: 26
siblings	: 1
core id		: 0
cpu cores	: 1
apicid		: 26
initial apicid	: 26
fpu		: yes
fpu_exception	: yes
cpuid level	: 5
wp		: yes
flags		: fpu vme de pse tsc msr pae mce cx8 apic sep mtrr pge mca cmov pat pse36 clflush mmx fxsr sse sse2 syscall nx mmxext fxsr_opt pdpe1gb lm 3dnowext 3dnow rep_good nopl extd_apicid pni cx16 x2apic popcnt hypervisor lahf_lm cmp_legacy svm cr8_legacy abm sse4a misalignsse 3dnowprefetch osvw npt nrip_save vmmcall
bugs		: tlb_mmatch fxsave_leak
bogomips	: 4800.28
TLB size	: 1024 4K pages
clflush size	: 64
cache_alignment	: 64
address sizes	: 40 bits physical, 48 bits virtual
power management:

processor	: 27
vendor_id	: AuthenticAMD
cpu family	: 16
model		: 9
model name	: AMD Opteron(tm) Processor 6136
stepping	: 1
microcode	: 0x1000065
cpu MHz		: 2400.142
cache size	: 512 KB
physical id	: 27
siblings	: 1
core id		: 0
cpu cores	: 1
apicid		: 27
initial apicid	: 27
fpu		: yes
fpu_exception	: yes
cpuid level	: 5
wp		: yes
flags		: fpu vme de pse tsc msr pae mce cx8 apic sep mtrr pge mca cmov pat pse36 clflush mmx fxsr sse sse2 syscall nx mmxext fxsr_opt pdpe1gb lm 3dnowext 3dnow rep_good nopl extd_apicid pni cx16 x2apic popcnt hypervisor lahf_lm cmp_legacy svm cr8_legacy abm sse4a misalignsse 3dnowprefetch osvw npt nrip_save vmmcall
bugs		: tlb_mmatch fxsave_leak
bogomips	: 4800.28
TLB size	: 1024 4K pages
clflush size	: 64
cache_alignment	: 64
address sizes	: 40 bits physical, 48 bits virtual
power management:

processor	: 28
vendor_id	: AuthenticAMD
cpu family	: 16
model		: 9
model name	: AMD Opteron(tm) Processor 6136
stepping	: 1
microcode	: 0x1000065
cpu MHz		: 2400.142
cache size	: 512 KB
physical id	: 28
siblings	: 1
core id		: 0
cpu cores	: 1
apicid		: 28
initial apicid	: 28
fpu		: yes
fpu_exception	: yes
cpuid level	: 5
wp		: yes
flags		: fpu vme de pse tsc msr pae mce cx8 apic sep mtrr pge mca cmov pat pse36 clflush mmx fxsr sse sse2 syscall nx mmxext fxsr_opt pdpe1gb lm 3dnowext 3dnow rep_good nopl extd_apicid pni cx16 x2apic popcnt hypervisor lahf_lm cmp_legacy svm cr8_legacy abm sse4a misalignsse 3dnowprefetch osvw npt nrip_save vmmcall
bugs		: tlb_mmatch fxsave_leak
bogomips	: 4800.28
TLB size	: 1024 4K pages
clflush size	: 64
cache_alignment	: 64
address sizes	: 40 bits physical, 48 bits virtual
power management:

processor	: 29
vendor_id	: AuthenticAMD
cpu family	: 16
model		: 9
model name	: AMD Opteron(tm) Processor 6136
stepping	: 1
microcode	: 0x1000065
cpu MHz		: 2400.142
cache size	: 512 KB
physical id	: 29
siblings	: 1
core id		: 0
cpu cores	: 1
apicid		: 29
initial apicid	: 29
fpu		: yes
fpu_exception	: yes
cpuid level	: 5
wp		: yes
flags		: fpu vme de pse tsc msr pae mce cx8 apic sep mtrr pge mca cmov pat pse36 clflush mmx fxsr sse sse2 syscall nx mmxext fxsr_opt pdpe1gb lm 3dnowext 3dnow rep_good nopl extd_apicid pni cx16 x2apic popcnt hypervisor lahf_lm cmp_legacy svm cr8_legacy abm sse4a misalignsse 3dnowprefetch osvw npt nrip_save vmmcall
bugs		: tlb_mmatch fxsave_leak
bogomips	: 4800.28
TLB size	: 1024 4K pages
clflush size	: 64
cache_alignment	: 64
address sizes	: 40 bits physical, 48 bits virtual
power management:

processor	: 30
vendor_id	: AuthenticAMD
cpu family	: 16
model		: 9
model name	: AMD Opteron(tm) Processor 6136
stepping	: 1
microcode	: 0x1000065
cpu MHz		: 2400.142
cache size	: 512 KB
physical id	: 30
siblings	: 1
core id		: 0
cpu cores	: 1
apicid		: 30
initial apicid	: 30
fpu		: yes
fpu_exception	: yes
cpuid level	: 5
wp		: yes
flags		: fpu vme de pse tsc msr pae mce cx8 apic sep mtrr pge mca cmov pat pse36 clflush mmx fxsr sse sse2 syscall nx mmxext fxsr_opt pdpe1gb lm 3dnowext 3dnow rep_good nopl extd_apicid pni cx16 x2apic popcnt hypervisor lahf_lm cmp_legacy svm cr8_legacy abm sse4a misalignsse 3dnowprefetch osvw npt nrip_save vmmcall
bugs		: tlb_mmatch fxsave_leak
bogomips	: 4800.28
TLB size	: 1024 4K pages
clflush size	: 64
cache_alignment	: 64
address sizes	: 40 bits physical, 48 bits virtual
power management:

processor	: 31
vendor_id	: AuthenticAMD
cpu family	: 16
model		: 9
model name	: AMD Opteron(tm) Processor 6136
stepping	: 1
microcode	: 0x1000065
cpu MHz		: 2400.142
cache size	: 512 KB
physical id	: 31
siblings	: 1
core id		: 0
cpu cores	: 1
apicid		: 31
initial apicid	: 31
fpu		: yes
fpu_exception	: yes
cpuid level	: 5
wp		: yes
flags		: fpu vme de pse tsc msr pae mce cx8 apic sep mtrr pge mca cmov pat pse36 clflush mmx fxsr sse sse2 syscall nx mmxext fxsr_opt pdpe1gb lm 3dnowext 3dnow rep_good nopl extd_apicid pni cx16 x2apic popcnt hypervisor lahf_lm cmp_legacy svm cr8_legacy abm sse4a misalignsse 3dnowprefetch osvw npt nrip_save vmmcall
bugs		: tlb_mmatch fxsave_leak
bogomips	: 4800.28
TLB size	: 1024 4K pages
clflush size	: 64
cache_alignment	: 64
address sizes	: 40 bits physical, 48 bits virtual
power management:



Memory: 4k page, physical 127909028k(796488k free), swap 0k(0k free)

vm_info: Java HotSpot(TM) 64-Bit Server VM (25.45-b02) for linux-amd64 JRE (1.8.0_45-b14), built on Apr 10 2015 10:07:45 by "java_re" with gcc 4.3.0 20080428 (Red Hat 4.3.0-8)

time: Mon Jan  4 17:32:42 2016
elapsed time: 3697 seconds (0d 1h 1m 37s)

