Algorithm configured with: 
Pop: 3000
Aux Pop: 2000
Crossover: SinglePointCrossover
CrP: 0.9
Mutation: BitFlipMutation
MtP: 0.01
Starting executions...
Execution: 1
Generation: 0; 
d: 100.0; energy: 0.0; 0,1,1,1,0,1,1,1,0,2,1,1,1,1,0,1,0,0,2,0,2,0,2,0,2,2,1,0,1,0,0,1,0,1,0,0,1,1,0,1,0,0,0,0,2,0,1,1,1,2,2,0,0,1,1,0,0,0,2,2,0,1,2,2,1,1,0,2,2,0,2,1,0,1,2,2,0,1,0,1,0,0,1
Best fitness found so far: 0.0; distance: 100.0
Generation: 1; 
d: 14.560219778561036; energy: -27.0; 0,0,1,1,2,1,1,0,2,0,0,0,0,0,2,0,0,0,2,0,1,0,1,0,1,2,2,1,1,0,0,0,0,0,1,0,0,1,0,1,0,0,2,1,2,1,1,0,1,0,1,0,2,0,0,0,0,0,2,1,2,2,1,0,2,0,2,0,0,1,0,1,2,1,0,1,0,0,1,2,1,0,2
Best fitness found so far: -27.0; distance: 14.560219778561036
Generation: 2; 
d: 16.76305461424021; energy: -31.0; 0,0,0,2,1,0,1,2,2,1,1,2,2,0,0,0,1,2,2,1,2,0,0,0,0,0,1,2,0,2,0,0,1,0,1,0,2,2,1,2,2,2,2,1,0,2,2,0,0,0,1,0,2,2,1,2,0,0,2,2,1,2,1,0,0,2,0,2,2,0,2,0,0,1,0,2,2,1,0,1,0,2,0
Best fitness found so far: -31.0; distance: 16.76305461424021
Generation: 3; 
d: 17.46424919657298; energy: -28.0; 2,1,2,2,1,2,1,2,2,2,2,1,2,1,1,2,0,1,0,0,2,0,2,2,1,2,0,1,1,1,2,1,0,0,0,1,0,1,0,1,1,2,1,1,1,2,1,0,0,1,1,0,1,1,2,2,1,1,0,0,0,2,2,1,2,0,0,0,2,2,0,1,2,0,2,0,2,1,2,1,0,1,0
Best fitness found so far: -31.0; distance: 16.76305461424021
Generation: 4; 
d: 16.278820596099706; energy: -31.0; 0,0,0,2,1,0,1,2,2,1,1,2,2,0,0,0,1,2,2,1,2,0,0,0,0,0,1,2,0,2,0,0,1,0,1,0,2,2,1,2,2,2,2,1,0,2,2,0,0,0,1,0,2,2,1,2,0,0,2,2,1,2,1,0,0,2,0,2,2,0,2,0,0,1,0,2,2,1,0,1,2,2,0
Best fitness found so far: -31.0; distance: 16.76305461424021
Generation: 5; 
d: 16.278820596099706; energy: -32.0; 0,0,0,2,1,0,1,2,2,1,1,2,2,0,0,0,1,2,2,1,2,0,0,0,0,0,1,2,0,2,0,0,1,0,1,0,2,2,1,2,2,2,2,1,0,2,2,0,0,0,1,0,2,2,1,2,0,0,2,2,1,2,1,0,0,2,0,2,0,2,2,2,0,2,2,2,0,2,1,0,0,2,0
Best fitness found so far: -32.0; distance: 16.278820596099706
Generation: 6; 
d: 15.264337522473747; energy: -33.0; 1,1,0,0,0,0,1,0,0,0,2,1,0,0,0,2,0,2,0,2,2,0,0,0,0,1,1,0,0,0,1,1,2,0,0,2,2,1,2,1,2,1,2,2,2,2,2,1,0,2,0,1,0,0,2,0,1,2,2,1,0,0,0,1,2,2,0,0,1,0,1,0,0,1,0,1,0,0,1,0,1,0,2
Best fitness found so far: -33.0; distance: 15.264337522473747
Generation: 7; 
d: 13.45362404707371; energy: -35.0; 0,1,2,0,2,0,1,0,1,0,1,0,0,1,0,1,1,2,0,1,2,2,1,1,2,0,1,0,2,0,0,1,2,2,2,2,2,1,2,2,2,2,2,1,0,2,1,2,2,2,2,1,2,0,0,1,0,0,1,0,0,2,0,0,2,2,0,1,1,0,0,0,1,0,1,2,0,0,0,2,1,2,1
Best fitness found so far: -35.0; distance: 13.45362404707371
Generation: 8; 
d: 18.027756377319946; energy: -34.0; 0,1,2,2,0,2,2,1,1,1,0,0,0,2,2,0,2,2,2,1,2,1,1,1,2,1,2,1,1,2,2,2,0,0,1,2,2,2,1,1,0,1,2,2,2,2,2,1,0,2,0,1,0,0,2,0,1,2,2,1,0,0,0,1,2,2,0,0,1,0,1,0,0,1,0,1,0,0,1,0,1,0,2
Best fitness found so far: -35.0; distance: 13.45362404707371
Generation: 9; 
d: 16.278820596099706; energy: -33.0; 2,2,2,2,1,0,1,0,2,2,0,0,1,0,0,1,2,0,0,1,2,0,0,2,0,0,1,1,0,2,0,0,1,0,0,0,2,2,1,2,2,2,2,1,0,2,2,0,0,0,1,0,2,2,1,2,1,1,0,1,2,2,1,0,2,0,2,0,0,1,0,1,2,1,0,1,0,0,1,2,1,0,0
Best fitness found so far: -35.0; distance: 13.45362404707371
Generation: 10; 
d: 14.560219778561036; energy: -33.0; 0,1,1,0,2,1,0,0,1,1,0,0,2,1,2,1,2,0,0,2,0,0,1,1,2,0,2,0,0,0,1,0,0,0,0,0,1,0,0,2,1,2,0,0,2,2,1,1,2,2,2,1,1,0,0,0,0,2,2,1,0,0,0,1,2,2,0,0,1,0,1,1,0,1,0,1,0,0,1,0,1,0,2
Best fitness found so far: -35.0; distance: 13.45362404707371
Generation: 11; 
d: 16.278820596099706; energy: -34.0; 0,1,2,2,0,2,2,1,1,1,0,0,0,2,2,0,2,2,2,1,2,1,1,1,2,1,2,1,1,2,2,2,0,0,2,2,2,2,1,1,0,1,2,2,2,2,2,1,0,2,0,1,0,0,2,0,1,2,2,1,0,0,0,1,2,2,0,0,1,0,1,0,0,1,0,1,0,0,1,0,1,0,2
Best fitness found so far: -35.0; distance: 13.45362404707371
Generation: 12; 
d: 15.620499351813308; energy: -34.0; 1,2,2,1,2,0,0,2,0,1,1,1,2,2,0,0,0,2,2,1,2,0,0,0,0,0,2,2,0,0,0,0,0,0,2,2,0,0,0,0,2,0,0,2,1,2,2,1,0,2,2,0,0,1,0,1,2,0,1,1,2,1,0,2,0,0,0,0,0,0,0,0,1,0,2,0,2,1,1,0,1,1,1
Best fitness found so far: -35.0; distance: 13.45362404707371
Generation: 13; 
d: 12.806248474865697; energy: -36.0; 1,1,0,1,2,1,0,1,0,0,0,2,1,2,0,0,0,1,1,1,1,1,2,0,1,0,1,0,1,1,2,1,2,2,2,2,0,0,1,1,1,1,0,0,1,0,0,2,2,2,0,0,2,0,0,0,1,2,2,1,0,0,0,1,2,2,0,0,1,0,1,0,0,1,0,1,0,0,1,0,1,0,2
Best fitness found so far: -36.0; distance: 12.806248474865697
Generation: 14; 
d: 17.4928556845359; energy: -37.0; 2,2,2,0,0,0,0,2,2,1,1,2,2,0,0,0,1,2,2,1,2,0,0,0,0,0,1,1,0,2,0,0,1,0,1,0,2,2,1,2,2,2,2,1,0,2,2,0,0,0,1,0,2,2,1,2,0,2,2,2,0,0,0,1,0,0,2,1,2,1,2,1,0,2,2,2,2,1,1,0,0,2,2
Best fitness found so far: -37.0; distance: 17.4928556845359
Generation: 15; 
d: 17.029386365926403; energy: -37.0; 2,0,1,1,0,0,0,0,1,1,2,0,0,1,0,0,1,0,1,1,2,1,2,2,2,0,0,0,1,1,1,2,1,2,2,2,1,1,2,2,2,2,2,2,2,0,0,1,0,0,1,0,1,2,0,2,0,0,2,1,2,2,0,2,2,0,2,0,1,1,0,0,1,2,2,2,0,1,0,0,0,0,0
Best fitness found so far: -37.0; distance: 17.4928556845359
Generation: 16; 
d: 14.7648230602334; energy: -38.0; 0,0,0,0,2,1,0,1,0,0,0,2,1,2,0,0,0,1,1,1,1,1,2,0,1,0,0,0,1,1,2,1,2,2,2,2,0,0,1,0,0,1,0,0,1,1,0,1,0,0,1,0,2,0,0,2,1,0,2,0,1,2,1,0,0,0,2,2,0,0,2,0,0,1,2,2,2,0,1,0,1,0,0
Best fitness found so far: -38.0; distance: 14.7648230602334
Generation: 17; 
d: 13.601470508735444; energy: -37.0; 1,2,2,1,2,0,0,2,0,1,1,1,2,2,0,0,0,2,2,1,2,2,0,0,0,0,2,2,2,0,0,0,0,0,2,2,0,0,0,0,2,0,0,2,1,2,2,1,0,2,2,0,0,1,0,0,1,0,2,0,1,1,1,0,1,2,2,2,0,0,2,0,0,2,0,0,1,0,0,2,0,0,2
Best fitness found so far: -38.0; distance: 14.7648230602334
Generation: 18; 
d: 17.4928556845359; energy: -37.0; 2,2,2,0,0,0,0,2,2,1,1,2,2,0,0,0,1,2,2,1,2,0,0,0,0,0,1,1,0,2,0,0,1,0,1,0,2,2,1,2,2,2,2,1,0,2,2,0,0,0,1,0,2,2,1,2,0,2,2,2,0,0,0,1,0,0,2,1,2,1,2,1,0,2,2,2,2,1,1,0,0,2,2
Best fitness found so far: -38.0; distance: 14.7648230602334
Generation: 19; 
d: 14.212670403551895; energy: -37.0; 2,2,1,1,0,0,0,0,0,0,2,1,0,0,1,1,2,2,0,2,0,2,1,1,1,2,1,1,2,1,1,1,1,1,0,2,2,0,2,0,0,1,0,1,2,2,2,1,0,2,0,1,1,0,0,0,2,2,0,0,1,1,2,2,0,0,2,0,0,2,2,2,0,2,2,2,0,2,1,0,0,0,1
Best fitness found so far: -38.0; distance: 14.7648230602334
Generation: 20; 
d: 12.727922061357855; energy: -39.0; 1,1,0,2,0,1,0,1,1,0,0,2,1,2,2,0,2,2,2,0,0,0,1,0,0,1,2,1,0,0,2,2,2,0,2,2,2,0,1,0,2,1,0,0,1,1,1,0,1,1,1,0,1,2,2,1,1,2,1,0,0,0,1,0,1,2,1,2,2,2,2,2,1,1,0,2,2,1,0,2,2,1,0
Best fitness found so far: -39.0; distance: 12.727922061357855
