Algorithm configured with: 
Pop: 5000
Aux Pop: 2000
CrP: 1.0
MtP: 1.0
List of crossover: 
SinglePointCrossover
IntegerTwoPointsCrossover
MultiPointsCrossover
List of mutations: 
BitFlipMutation
LoopMoveOperator
LocalMoveOperator
SegmentMutation
OppositeMoveOperator
Execution: 1
Generation: 0; 
d: 17.69180601295413; energy: -11.0; 0,2,0,2,0,1,1,2,1,0,2,0,0,2,2,1,2,0,1,0,0,2,1,1,2,2,1,0,0,1,2,0,2,1,2,2,0,0,2,2,1,0,1,1,0,0,2,2,1,2,1,1,1,1,2,0,0,2
Best fitness found so far: -11.0; distance: 17.69180601295413
Generation: 1; 
d: 11.40175425099138; energy: -24.0; 0,2,2,1,0,0,1,1,2,2,1,0,1,1,2,2,1,0,2,1,1,1,2,0,0,2,2,1,0,2,2,1,0,0,2,2,1,2,0,0,2,1,1,0,2,1,2,1,0,0,2,2,1,2,1,1,1,2
Best fitness found so far: -24.0; distance: 11.40175425099138
