Algorithm configured with: 
Pop: 3000
Aux Pop: 200
Crossover: SinglePointCrossover
CrP: 0.9
Mutation: BitFlipMutation
MtP: 0.01
Starting executions...
Execution: 1
Generation: 0; 
d: 100.0; energy: 0.0; 0,2,2,0,2,0,2,2,2,2,1,1,2,2,0,2,1,0,2,1,2,2,2,2,0,1,2,1,2,0,2,1,2,1,0,0,1,2,0,0,2,0,1,1,0,2,0,2,1,1,1,1,1,0,2,2,0,0,2,2,2,1,1,2,0,0,0,2,0,2,1,2,0,0,0,1,2,0,1,2,1,1,2,1,2,0,1,1,2,0,0,0,0,1,0,1,0,1
Best fitness found so far: 0.0; distance: 100.0
Generation: 1; 
d: 20.518284528683193; energy: -24.0; 0,0,0,0,1,1,1,2,0,1,2,0,2,2,2,0,2,2,1,2,2,2,2,2,1,0,2,0,0,0,1,1,0,1,0,2,0,0,2,1,2,0,0,1,2,2,0,0,1,0,2,2,2,0,1,1,0,1,1,1,0,1,1,0,0,2,2,1,2,1,1,1,0,2,2,2,0,2,2,2,2,1,1,2,2,0,0,1,0,0,2,0,0,2,0,0,0,2
Best fitness found so far: -24.0; distance: 20.518284528683193
Generation: 2; 
d: 17.26267650163207; energy: -24.0; 0,1,1,2,1,0,0,2,2,2,2,2,1,2,2,0,0,0,0,0,2,2,0,1,2,2,2,2,0,0,1,2,0,1,1,2,2,2,2,2,2,0,1,0,1,2,0,1,2,1,0,1,0,0,2,1,0,0,0,0,0,2,1,2,1,1,2,0,2,1,1,0,2,0,0,2,0,2,0,0,1,0,1,0,1,1,1,2,0,0,2,2,1,1,2,0,1,0
Best fitness found so far: -24.0; distance: 20.518284528683193
Generation: 3; 
d: 20.223748416156685; energy: -26.0; 0,1,1,1,1,2,1,1,2,1,1,2,2,1,2,0,2,0,2,0,2,2,1,1,0,1,2,2,0,0,2,2,0,1,1,2,2,2,2,2,2,0,1,0,1,2,0,1,2,1,0,1,0,0,2,1,0,0,0,0,0,2,1,2,1,1,2,0,2,1,1,0,2,0,0,2,0,2,0,0,1,0,1,0,1,1,1,2,0,0,2,2,1,1,2,0,1,0
Best fitness found so far: -26.0; distance: 20.223748416156685
Generation: 4; 
d: 19.72308292331602; energy: -24.0; 0,0,0,0,1,1,1,2,0,1,2,0,2,2,2,0,2,2,1,2,2,2,2,0,1,0,2,0,0,0,1,1,0,1,0,2,0,0,2,1,2,0,0,1,2,2,0,0,1,0,2,2,2,0,1,1,0,1,1,1,0,1,1,0,0,2,2,1,2,1,1,1,0,2,2,2,0,0,2,2,1,0,2,2,1,1,1,1,0,2,2,2,0,2,2,2,1,0
Best fitness found so far: -26.0; distance: 20.223748416156685
Generation: 5; 
d: 15.811388300841896; energy: -26.0; 0,2,1,0,1,0,0,1,2,1,0,1,0,0,1,2,2,2,2,1,0,2,2,0,1,2,1,1,0,0,0,1,1,0,1,2,1,1,2,0,2,1,1,2,2,0,0,2,2,2,0,1,1,0,0,0,1,2,0,0,2,1,1,0,1,1,0,0,0,1,0,0,1,0,0,2,1,2,1,0,0,1,2,1,0,1,1,2,1,0,0,0,0,2,2,0,2,1
Best fitness found so far: -26.0; distance: 20.223748416156685
Generation: 6; 
d: 13.341664064126334; energy: -27.0; 2,0,0,1,0,2,1,0,1,1,0,0,0,0,0,0,0,0,2,0,2,2,2,0,0,2,1,2,1,1,2,0,2,1,2,1,1,1,0,1,2,2,2,2,1,0,0,1,0,0,2,2,1,0,0,1,1,0,1,0,2,1,0,2,2,1,2,0,0,1,0,0,2,0,0,1,0,0,0,0,0,1,0,0,1,0,1,0,1,0,0,2,1,2,1,2,0,1
Best fitness found so far: -27.0; distance: 13.341664064126334
Generation: 7; 
d: 19.72308292331602; energy: -27.0; 1,2,0,1,1,0,2,0,0,2,1,2,2,0,2,2,0,2,2,2,1,1,0,1,1,2,1,0,1,2,0,0,1,0,1,1,1,0,0,2,2,2,1,0,2,1,2,1,1,1,2,1,1,2,0,2,0,2,0,0,0,0,1,0,0,1,2,2,0,2,0,0,1,2,2,1,0,0,2,2,1,2,1,2,0,1,0,0,0,2,1,1,0,0,0,0,2,0
Best fitness found so far: -27.0; distance: 13.341664064126334
Generation: 8; 
d: 17.88854381999832; energy: -27.0; 2,1,1,1,0,0,1,1,2,1,1,0,0,0,2,1,2,2,2,1,1,0,2,2,1,0,0,1,2,2,2,2,2,1,2,1,1,2,0,1,1,2,2,2,2,1,0,0,0,2,0,1,2,0,1,2,1,1,0,0,1,1,1,2,1,2,2,1,1,2,0,1,2,0,0,2,0,2,2,1,0,0,1,1,0,1,0,0,1,1,2,0,1,1,0,1,1,0
Best fitness found so far: -27.0; distance: 13.341664064126334
