Algorithm configured with: 
Pop: 1000
Aux Pop: 200
CrP: 1.0
MtP: 1.0
List of crossover: 
SinglePointCrossover
IntegerTwoPointsCrossover
MultiPointsCrossover
List of mutations: 
BitFlipMutation
LoopMoveOperator
LocalMoveOperator
SegmentMutation
OppositeMoveOperator
Execution: 1
Generation: 0; 
d: 100.0; energy: 0.0; 0,0,2,2,1,2,0,0,1,0,2,2,0,0,1,1,1,1,1,0,0,1,1,2,2,1,0,0,2,2,0,2,1,2,0,2,2,0,1,1,1,0,0,1,1,2,2,2,0,1,1,0,1,0,1,2,0,2,2,1,0,1
Best fitness found so far: 0.0; distance: 100.0
Generation: 1; 
d: 10.816653826391969; energy: -21.0; 0,0,1,1,2,2,2,0,2,1,2,2,1,0,2,0,1,0,1,0,2,0,0,2,0,0,2,0,2,0,0,2,2,2,2,0,0,1,0,0,1,1,1,1,2,1,0,0,1,0,0,2,1,0,1,0,1,2,1,2,1,2
Best fitness found so far: -21.0; distance: 10.816653826391969
Generation: 2; 
d: 10.816653826391969; energy: -21.0; 0,0,1,1,2,2,2,0,2,1,2,2,1,0,2,0,1,0,1,0,2,0,0,2,0,0,2,0,2,0,0,2,2,2,2,0,0,1,0,0,1,1,1,1,2,1,0,0,1,0,0,2,1,0,1,0,1,2,1,2,1,2
Best fitness found so far: -21.0; distance: 10.816653826391969
Generation: 3; 
d: 11.40175425099138; energy: -20.0; 1,1,0,0,2,0,2,2,1,2,0,1,1,2,2,2,1,1,1,0,0,0,1,0,0,1,1,0,1,1,2,0,1,2,0,0,1,2,1,0,0,1,1,2,0,1,1,2,0,1,0,0,1,1,1,0,1,2,0,2,2,0
Best fitness found so far: -21.0; distance: 10.816653826391969
Generation: 4; 
d: 13.45362404707371; energy: -19.0; 1,0,0,1,2,2,2,0,2,2,0,0,2,0,1,0,0,1,0,2,2,0,0,1,1,2,1,0,0,0,0,0,1,0,1,2,1,2,2,2,2,1,1,0,1,1,0,2,2,1,2,1,1,1,1,0,0,0,0,2,0,2
Best fitness found so far: -21.0; distance: 10.816653826391969
Generation: 5; 
d: 12.529964086141668; energy: -23.0; 2,2,2,2,1,1,0,1,1,0,2,0,1,1,1,0,1,2,2,0,0,1,2,2,2,2,1,0,2,1,0,0,0,0,0,0,1,2,0,0,0,1,1,2,2,0,0,0,0,2,1,2,0,2,1,1,2,0,2,1,2,2
Best fitness found so far: -23.0; distance: 12.529964086141668
Generation: 6; 
d: 10.295630140987; energy: -23.0; 1,1,1,2,2,1,2,2,2,2,2,1,2,1,2,0,2,0,1,2,2,1,0,1,0,1,2,1,2,2,1,0,1,2,0,2,1,2,0,2,2,2,1,2,2,1,2,1,1,1,2,1,1,1,0,0,2,2,1,2,1,0
Best fitness found so far: -23.0; distance: 12.529964086141668
Generation: 7; 
d: 10.816653826391969; energy: -24.0; 0,1,1,1,0,1,2,0,2,2,1,0,0,0,1,0,1,2,2,0,1,0,0,2,1,2,1,0,2,1,0,0,0,0,0,1,2,2,2,1,0,1,1,0,0,1,1,0,0,0,0,0,1,1,0,0,1,1,1,1,1,0
Best fitness found so far: -24.0; distance: 10.816653826391969
Generation: 8; 
d: 10.198039027185569; energy: -23.0; 2,2,0,0,1,0,0,0,0,1,2,0,1,1,0,0,1,1,1,0,0,2,2,0,0,1,2,2,0,1,2,1,0,1,2,2,0,2,0,2,2,1,1,0,1,1,1,2,1,2,2,0,1,2,2,2,2,2,2,0,2,1
Best fitness found so far: -24.0; distance: 10.816653826391969
Generation: 9; 
d: 11.40175425099138; energy: -24.0; 0,0,0,0,2,0,2,2,1,2,0,1,1,2,2,2,1,1,1,0,0,0,1,0,0,1,1,0,1,1,2,0,1,2,0,0,1,2,1,0,0,1,1,2,0,1,1,2,0,1,0,0,1,1,1,0,0,2,1,2,1,1
Best fitness found so far: -24.0; distance: 10.816653826391969
Generation: 10; 
d: 12.083045973594572; energy: -25.0; 1,0,1,0,0,2,2,1,2,1,0,1,0,0,2,1,1,1,1,0,0,0,1,0,0,1,1,0,1,1,2,0,1,2,0,0,1,2,1,0,0,2,0,0,1,0,0,2,1,2,1,0,0,2,1,2,1,0,0,0,0,1
Best fitness found so far: -25.0; distance: 12.083045973594572
