Algorithm configured with: 
Pop: 3000
Aux Pop: 200
Crossover: SinglePointCrossover
CrP: 0.9
Mutation: BitFlipMutation
MtP: 0.01
Starting executions...
Execution: 1
Generation: 0; 
d: 100.0; energy: 0.0; 2,1,1,0,0,1,0,1,0,2,0,1,1,1,2,0,2,2,2,1,1,0,1,1,0,0,1,0,0,2,1,1,1,0,0,0,1,2,2,0,1,2,2,0,0,2,2,1,1,0,1,1,0,2,1,0,0,0,0,0,0,1,0,0,0,1,0,1,0,1,0,1,2,2,2,2,2,0,2,0,0,2,2,2,1,2,1,2,2,1,0,1,1,1,0,1,0,0
Best fitness found so far: 0.0; distance: 100.0
Generation: 1; 
d: 18.24828759089466; energy: -22.0; 1,2,2,1,1,1,2,0,0,2,1,0,1,1,0,0,1,2,0,1,2,2,1,2,2,0,1,2,1,1,0,0,1,0,0,0,0,2,0,0,2,1,0,1,1,1,1,2,2,0,0,0,2,1,0,1,0,0,1,0,2,0,0,1,2,2,1,2,2,2,0,0,0,0,2,0,2,1,0,2,0,0,0,2,2,0,0,1,1,2,1,0,0,0,2,1,0,0
Best fitness found so far: -22.0; distance: 18.24828759089466
Generation: 2; 
d: 18.24828759089466; energy: -22.0; 1,2,2,1,1,1,2,0,0,2,1,0,1,1,0,0,1,2,0,1,2,2,1,2,2,0,1,2,1,1,0,0,1,0,0,0,0,2,0,0,2,1,0,1,1,1,1,2,2,0,0,0,2,1,0,1,0,0,1,0,2,0,0,1,2,2,1,2,2,2,0,0,0,0,2,0,2,1,0,2,0,0,0,2,2,0,0,1,1,2,1,0,0,0,2,1,0,0
Best fitness found so far: -22.0; distance: 18.24828759089466
Generation: 3; 
d: 21.37755832643195; energy: -22.0; 0,2,1,0,1,2,2,2,2,1,0,1,2,2,1,1,2,2,2,0,2,0,0,2,2,2,0,2,0,1,0,2,0,1,1,2,2,0,0,0,1,2,1,0,0,0,1,1,1,0,1,2,0,2,0,2,0,2,1,1,2,0,1,0,0,2,2,2,0,1,0,2,0,2,1,0,2,2,1,1,2,0,0,2,2,2,2,1,1,1,2,1,1,1,2,0,2,0
Best fitness found so far: -22.0; distance: 18.24828759089466
Generation: 4; 
d: 18.384776310850235; energy: -25.0; 1,1,1,2,0,0,0,0,1,0,0,2,2,2,1,1,2,1,2,2,1,1,2,2,0,1,2,1,2,2,0,2,0,0,2,2,2,1,2,1,2,1,0,1,0,0,0,2,2,0,1,2,1,2,1,2,0,2,2,0,0,2,2,1,1,1,2,2,1,0,1,0,0,2,0,2,2,1,0,2,2,2,2,0,1,0,0,2,2,0,2,1,2,1,2,0,1,1
Best fitness found so far: -25.0; distance: 18.384776310850235
Generation: 5; 
d: 17.4928556845359; energy: -24.0; 1,2,2,1,1,1,2,0,0,2,1,0,1,1,0,0,1,2,0,1,2,2,1,2,2,0,1,2,1,1,0,0,1,0,0,0,0,2,0,0,2,1,2,1,2,1,0,2,0,2,0,1,2,0,1,1,2,1,1,0,0,2,2,2,0,0,1,0,1,2,0,2,0,1,2,0,2,2,2,2,1,2,2,2,1,0,2,2,2,1,0,2,2,1,2,0,2,1
Best fitness found so far: -25.0; distance: 18.384776310850235
Generation: 6; 
d: 14.866068747318506; energy: -26.0; 1,0,0,2,1,2,2,1,0,0,0,1,1,2,0,0,0,1,1,2,2,2,1,2,2,1,1,1,1,0,1,0,0,2,2,2,0,0,0,2,0,0,1,0,2,2,1,2,2,2,1,0,0,0,1,1,0,2,1,2,2,0,0,1,0,2,1,1,2,2,1,2,2,1,1,0,0,0,0,0,0,2,1,1,0,0,1,1,2,0,0,1,0,2,1,0,2,1
Best fitness found so far: -26.0; distance: 14.866068747318506
Generation: 7; 
d: 16.64331697709324; energy: -26.0; 0,0,1,0,0,2,1,2,2,2,1,2,2,0,1,0,1,2,0,0,2,0,0,1,0,0,1,0,1,2,1,0,2,1,0,2,2,2,1,0,1,2,2,1,0,1,2,1,0,2,2,0,1,2,1,1,0,0,2,2,2,2,0,2,2,2,2,1,2,2,1,0,2,2,0,1,0,2,0,2,0,2,0,0,1,0,2,0,1,2,1,1,1,2,2,0,2,2
Best fitness found so far: -26.0; distance: 14.866068747318506
Generation: 8; 
d: 15.811388300841896; energy: -27.0; 1,2,2,1,1,1,2,0,0,2,1,0,1,1,0,0,1,2,0,1,2,2,1,2,2,0,1,2,1,1,0,0,1,0,0,0,0,2,0,2,0,0,0,0,1,2,0,0,1,1,2,1,0,1,1,0,2,0,1,2,0,1,2,2,2,0,1,0,0,2,0,2,2,0,2,2,1,0,0,0,1,0,1,0,2,1,2,2,0,1,2,0,1,2,0,0,1,1
Best fitness found so far: -27.0; distance: 15.811388300841896
Generation: 9; 
d: 14.422205101855956; energy: -28.0; 1,0,0,2,1,2,2,1,0,0,0,1,1,2,0,0,0,1,1,2,2,2,1,2,2,1,1,1,1,0,1,0,0,2,2,2,0,0,0,2,0,0,1,0,2,2,1,2,2,2,1,0,0,0,1,1,0,2,1,2,1,0,0,1,0,2,1,1,2,2,1,2,2,1,1,0,0,0,0,0,0,2,1,1,0,0,1,1,2,0,0,1,0,2,1,0,2,1
Best fitness found so far: -28.0; distance: 14.422205101855956
Generation: 10; 
d: 14.866068747318506; energy: -28.0; 2,2,1,2,0,1,1,1,1,1,2,2,1,2,2,2,0,1,0,0,2,1,2,0,1,1,1,1,0,2,0,0,1,0,1,2,1,1,0,2,2,0,2,2,2,2,2,1,1,0,1,0,0,2,0,0,1,1,0,0,1,1,1,0,1,1,1,0,2,1,0,2,1,2,1,1,1,1,1,0,0,1,0,1,2,0,2,1,1,2,1,0,0,2,1,1,1,0
Best fitness found so far: -28.0; distance: 14.422205101855956
Generation: 11; 
d: 18.439088914585774; energy: -29.0; 2,0,2,2,0,1,0,1,1,1,0,0,2,0,2,1,0,0,1,0,0,1,2,0,0,2,2,1,1,2,1,1,2,0,0,2,2,1,0,1,0,0,1,0,0,1,2,0,2,0,1,2,1,0,0,0,2,0,2,0,2,1,2,0,2,1,2,2,2,1,0,0,0,0,0,0,0,2,0,0,0,2,0,1,0,0,1,1,0,1,2,2,1,2,2,2,1,1
Best fitness found so far: -29.0; distance: 18.439088914585774
Generation: 12; 
d: 19.697715603592208; energy: -31.0; 1,1,0,2,1,2,2,0,2,1,0,0,0,2,0,0,1,2,0,1,2,2,1,2,2,0,1,2,1,1,0,0,1,0,0,0,0,2,0,1,2,1,1,1,0,0,2,2,0,0,2,2,1,2,1,2,2,2,2,1,2,2,2,0,0,0,0,2,0,0,2,2,0,1,0,0,0,0,1,1,2,0,2,0,0,0,2,2,1,1,0,2,0,0,1,0,2,1
Best fitness found so far: -31.0; distance: 19.697715603592208
Generation: 13; 
d: 13.601470508735444; energy: -30.0; 0,0,2,1,1,2,2,2,0,1,2,0,2,1,0,2,2,1,2,1,0,2,2,0,2,1,0,2,0,0,1,0,2,0,0,0,1,1,0,2,0,0,1,0,2,2,1,2,2,2,1,0,0,0,1,1,0,2,1,2,2,2,0,1,0,2,1,1,2,2,1,1,2,1,1,0,0,0,1,1,0,1,0,1,0,0,1,0,0,2,1,1,1,1,0,1,2,1
Best fitness found so far: -31.0; distance: 19.697715603592208
Generation: 14; 
d: 17.46424919657298; energy: -30.0; 1,1,1,2,0,0,0,0,1,0,0,0,0,0,2,2,0,2,1,1,2,2,1,2,2,1,1,1,1,0,1,0,0,2,2,2,0,0,0,2,0,0,1,0,2,2,1,2,2,2,1,0,0,0,1,1,0,2,1,0,2,1,2,0,2,1,2,2,2,1,0,0,0,0,0,0,0,2,0,0,0,2,0,1,0,0,1,1,0,1,2,2,1,2,2,2,2,2
Best fitness found so far: -31.0; distance: 19.697715603592208
Generation: 15; 
d: 15.811388300841896; energy: -32.0; 2,2,1,1,2,2,2,2,2,1,0,0,0,0,2,2,2,1,0,0,0,2,2,2,2,0,0,0,2,1,2,1,2,0,2,1,2,2,0,0,2,2,1,0,0,2,2,0,0,0,0,0,2,2,0,1,2,1,1,2,2,2,0,1,2,2,1,0,1,0,0,1,0,2,1,1,2,2,0,2,2,2,1,1,0,0,2,2,1,0,1,2,1,0,0,2,2,2
Best fitness found so far: -32.0; distance: 15.811388300841896
Generation: 16; 
d: 21.095023109728988; energy: -32.0; 1,1,0,2,1,2,2,0,2,1,0,0,0,2,0,0,1,2,0,1,2,2,1,0,0,1,2,1,2,0,0,1,1,2,2,1,1,1,1,1,0,0,1,1,1,0,0,1,2,2,1,2,2,2,1,0,1,1,0,0,0,2,1,1,2,2,2,0,2,0,2,0,0,1,0,2,0,0,0,2,0,1,1,2,2,1,0,0,0,1,1,0,0,1,2,0,2,0
Best fitness found so far: -32.0; distance: 15.811388300841896
Generation: 17; 
d: 20.396078054371138; energy: -31.0; 1,2,2,1,1,1,2,0,0,2,1,0,1,1,0,0,1,0,0,1,2,2,1,2,2,0,1,2,1,1,0,0,1,0,0,0,0,2,0,0,2,1,2,1,2,1,0,1,2,1,1,2,1,0,0,0,2,0,2,0,2,1,2,0,2,1,2,2,2,1,0,0,0,0,0,0,0,2,0,0,0,2,0,1,0,0,1,0,2,1,1,1,2,2,1,1,1,0
Best fitness found so far: -32.0; distance: 15.811388300841896
Generation: 18; 
d: 18.24828759089466; energy: -34.0; 1,2,2,0,2,0,0,2,0,2,0,0,1,0,0,2,0,1,1,2,2,2,1,2,2,1,1,1,1,0,1,0,0,2,2,2,0,0,0,2,0,0,1,0,2,1,0,1,2,1,1,2,1,0,0,0,2,0,2,0,2,1,2,0,2,1,2,2,2,1,0,0,0,0,0,0,0,2,0,0,0,2,0,1,0,0,1,0,2,1,1,1,2,2,1,1,1,0
Best fitness found so far: -34.0; distance: 18.24828759089466
Generation: 19; 
d: 17.26267650163207; energy: -33.0; 1,2,2,0,2,0,0,2,0,2,0,0,1,0,0,2,0,1,1,2,2,2,1,2,2,1,1,1,1,0,1,0,0,2,2,2,0,0,0,2,0,0,1,0,2,2,2,0,0,0,0,0,2,1,1,2,1,2,0,0,0,2,1,1,2,2,1,0,0,0,2,1,1,0,2,0,1,0,0,2,0,0,0,2,2,0,0,1,0,0,2,0,2,1,1,1,1,2
Best fitness found so far: -34.0; distance: 18.24828759089466
Generation: 20; 
d: 15.033296378372908; energy: -33.0; 1,2,2,0,2,0,0,2,0,2,0,0,1,0,0,2,0,1,1,2,2,2,1,2,2,1,1,1,1,0,1,0,0,2,2,2,0,0,0,2,0,0,1,0,2,2,2,0,0,0,0,0,2,1,1,2,1,2,0,0,0,2,1,1,2,2,1,0,0,0,2,1,1,0,2,0,1,0,0,2,0,0,0,2,2,0,0,1,0,0,2,2,1,1,2,2,2,1
Best fitness found so far: -34.0; distance: 18.24828759089466
Generation: 21; 
d: 17.46424919657298; energy: -33.0; 1,2,2,0,2,0,0,2,0,2,0,0,1,0,0,2,0,1,1,2,2,2,1,2,2,1,1,1,1,0,1,0,0,2,2,2,0,0,0,2,0,0,1,0,2,2,2,0,0,0,0,0,2,1,1,2,1,2,0,0,0,2,1,1,2,2,1,0,0,0,2,1,1,0,2,0,1,0,0,2,0,0,0,2,0,0,0,0,2,1,0,2,0,2,0,1,2,1
Best fitness found so far: -34.0; distance: 18.24828759089466
Generation: 22; 
d: 20.615528128088304; energy: -33.0; 0,2,1,2,0,1,1,1,1,1,2,2,1,2,2,2,2,2,0,0,0,0,0,2,1,1,1,0,0,0,2,1,0,0,2,2,1,0,0,1,1,0,0,0,1,2,2,1,0,2,1,1,0,0,0,2,0,0,2,2,1,0,0,2,2,2,0,0,1,2,2,1,0,0,0,0,2,1,2,2,0,0,1,0,1,1,0,1,1,2,1,1,0,0,0,0,0,0
Best fitness found so far: -34.0; distance: 18.24828759089466
Generation: 23; 
d: 14.560219778561036; energy: -34.0; 1,2,2,0,2,0,0,2,0,2,0,0,1,0,0,2,0,1,1,2,2,2,1,2,2,1,1,1,1,0,1,0,0,2,2,2,0,0,0,2,0,0,1,0,2,2,2,0,0,0,0,0,2,1,1,2,1,2,0,0,0,2,1,1,2,2,1,0,0,0,2,2,2,1,1,0,0,0,0,0,0,2,1,1,0,0,1,1,2,0,0,1,0,2,1,0,2,1
Best fitness found so far: -34.0; distance: 18.24828759089466
Generation: 24; 
d: 16.278820596099706; energy: -35.0; 1,2,2,0,2,0,0,2,0,2,0,0,1,0,0,2,0,1,1,2,2,2,1,2,2,1,1,1,1,0,1,0,0,2,2,0,0,0,0,2,0,0,1,0,2,2,2,0,0,0,0,0,2,1,0,0,2,0,2,0,2,1,2,0,2,1,2,2,2,1,0,0,0,0,0,0,0,2,0,0,0,2,0,1,0,0,1,1,0,1,2,1,1,2,2,1,1,1
Best fitness found so far: -35.0; distance: 16.278820596099706
Generation: 25; 
d: 17.88854381999832; energy: -34.0; 1,2,2,0,2,0,0,2,0,2,0,0,1,0,0,2,0,1,1,2,2,2,1,2,2,1,1,1,1,0,1,0,0,2,2,2,0,0,0,2,0,0,1,0,2,1,0,1,2,1,1,2,2,0,0,0,2,0,2,0,2,1,2,0,2,1,2,2,2,1,0,0,0,0,0,0,0,2,0,0,0,2,0,1,0,0,1,0,2,1,1,1,2,2,1,1,1,0
Best fitness found so far: -35.0; distance: 16.278820596099706
Generation: 26; 
d: 13.92838827718412; energy: -35.0; 1,2,2,0,2,0,0,2,0,2,0,0,1,0,0,2,0,1,1,2,2,2,1,2,2,1,1,1,1,0,1,0,0,2,2,2,0,0,0,2,0,0,1,0,2,2,2,0,0,0,0,0,2,1,1,2,1,2,0,0,0,2,1,1,2,2,1,0,0,0,2,1,1,0,2,0,1,0,0,2,0,0,0,2,2,0,0,0,0,0,1,2,0,2,2,1,1,1
Best fitness found so far: -35.0; distance: 16.278820596099706
