Algorithm configured with: 
Pop: 3000
Aux Pop: 200
Crossover: SinglePointCrossover
CrP: 0.9
Mutation: BitFlipMutation
MtP: 0.01
Starting executions...
Execution: 1
Generation: 0; 
d: 100.0; energy: 0.0; 2,0,1,0,0,2,1,1,0,1,2,1,2,0,0,0,2,1,1,0,1,0,0,0,1,0,2,2,1,1,2,0,0,2,0,2,1,1,1,0,2,2,2,2,2,2,0,2,2,2,2,1,1,1,2,2,2,0,0,0,2,0,2,2,0,2,2,1,1,2,2,1,2,1,0,1,2,1,2,0,2,1,1,0,2,0,0,2,2,0,2,0,2,1,2,0,0,1
Best fitness found so far: 0.0; distance: 100.0
Generation: 1; 
d: 26.076809620810597; energy: -22.0; 1,2,2,1,1,0,2,0,0,2,0,1,1,0,0,1,1,0,2,1,2,0,0,0,0,2,1,1,2,1,0,2,1,2,1,1,2,2,0,0,1,1,2,0,0,1,0,2,0,1,2,2,2,0,2,1,2,2,2,0,0,2,0,1,2,2,1,0,0,0,0,1,2,0,0,0,0,0,1,1,1,2,2,0,0,2,1,1,2,1,0,1,2,2,0,2,2,2
Best fitness found so far: -22.0; distance: 26.076809620810597
Generation: 2; 
d: 15.811388300841896; energy: -22.0; 2,1,1,0,0,2,0,0,0,0,2,2,1,2,1,0,2,1,1,0,0,2,2,0,1,2,0,0,0,1,1,0,0,0,0,0,0,0,2,2,0,0,1,1,2,1,2,2,2,0,2,0,0,0,0,1,1,2,0,2,2,2,1,1,1,2,2,1,2,1,2,2,1,1,0,0,1,0,1,2,0,1,2,1,1,2,0,2,2,1,2,0,2,0,2,0,0,2
Best fitness found so far: -22.0; distance: 26.076809620810597
Generation: 3; 
d: 22.02271554554524; energy: -23.0; 2,1,0,0,0,1,0,2,2,2,0,2,2,2,0,1,0,1,2,1,0,0,0,0,1,2,1,0,2,0,2,0,1,0,2,0,0,1,1,2,2,1,1,1,1,0,0,0,1,0,2,0,2,0,0,0,2,2,1,1,2,0,2,0,1,1,2,2,0,2,2,2,1,0,0,0,0,2,0,0,1,0,1,2,2,2,1,1,1,0,1,1,2,2,0,2,2,0
Best fitness found so far: -23.0; distance: 22.02271554554524
Generation: 4; 
d: 19.4164878389476; energy: -26.0; 0,1,2,1,0,1,0,0,2,0,2,2,0,1,2,0,1,2,1,1,2,2,1,0,0,2,0,2,1,2,1,0,1,1,2,1,2,0,1,1,0,0,0,0,0,0,0,1,0,2,1,1,0,2,1,1,2,0,2,2,1,0,0,0,2,2,1,2,0,2,1,1,1,1,0,1,0,1,1,1,0,2,0,1,1,0,1,1,0,2,2,0,0,1,0,0,0,0
Best fitness found so far: -26.0; distance: 19.4164878389476
Generation: 5; 
d: 22.135943621178654; energy: -25.0; 2,0,2,0,0,2,0,0,0,1,0,0,2,2,0,1,1,0,1,0,0,1,2,0,0,1,1,1,0,2,0,1,0,2,1,0,2,2,2,1,0,0,1,0,1,2,1,2,1,0,2,1,0,0,2,0,0,2,1,0,2,0,1,1,0,2,1,0,2,0,2,0,0,0,1,0,1,2,0,1,1,1,2,0,1,0,2,0,2,2,0,1,1,2,2,2,2,2
Best fitness found so far: -26.0; distance: 19.4164878389476
Generation: 6; 
d: 22.360679774997898; energy: -27.0; 2,2,1,2,2,0,1,2,0,0,2,0,1,2,0,1,1,0,0,0,0,0,1,0,0,2,2,1,0,0,0,2,1,2,2,2,2,2,1,1,0,1,0,0,2,0,0,0,2,1,2,1,2,1,2,0,1,0,2,0,1,2,1,2,2,1,2,1,2,0,2,2,1,0,0,0,0,0,2,2,0,1,0,1,0,2,0,0,0,0,2,2,1,1,2,2,2,2
Best fitness found so far: -27.0; distance: 22.360679774997898
Generation: 7; 
d: 21.470910553583888; energy: -28.0; 2,2,1,2,2,0,1,2,0,0,2,0,1,2,0,1,1,0,0,0,0,0,1,0,0,2,2,1,2,0,0,2,1,2,2,2,2,2,1,1,0,1,0,0,2,0,0,0,2,1,2,1,2,1,2,0,1,0,2,0,1,2,1,2,2,1,2,1,2,0,2,2,1,0,0,0,0,0,2,2,0,1,0,1,0,2,0,0,0,0,2,2,1,1,2,2,0,2
Best fitness found so far: -28.0; distance: 21.470910553583888
Generation: 8; 
d: 21.213203435596427; energy: -26.0; 2,1,1,2,1,0,0,2,2,1,0,0,0,0,0,2,0,1,1,0,2,2,0,2,2,1,2,1,2,1,2,2,2,1,2,2,0,2,1,2,2,2,2,2,0,1,0,0,0,2,1,1,0,2,1,1,2,0,2,2,1,0,0,0,2,2,1,2,0,1,1,1,1,1,0,1,0,0,1,1,0,2,0,1,1,0,1,1,0,2,2,0,0,2,2,1,2,1
Best fitness found so far: -28.0; distance: 21.470910553583888
Generation: 9; 
d: 14.560219778561036; energy: -29.0; 1,2,2,1,1,0,2,0,0,2,0,1,1,0,0,1,1,0,2,1,2,0,0,0,0,2,1,1,2,1,0,2,1,2,1,1,2,2,0,0,1,1,2,0,0,1,0,2,0,1,2,2,2,1,2,1,2,2,2,0,0,2,0,1,2,2,1,0,0,0,2,2,2,2,0,1,1,2,2,1,2,0,1,1,0,1,0,0,0,0,0,0,2,1,0,0,1,2
Best fitness found so far: -29.0; distance: 14.560219778561036
Generation: 10; 
d: 14.560219778561036; energy: -28.0; 0,1,0,0,0,2,0,2,2,2,0,1,0,2,0,0,1,0,0,1,2,0,0,0,0,2,1,1,2,1,0,2,1,2,1,1,2,2,0,0,1,1,2,0,0,1,0,2,0,1,2,2,2,1,2,1,2,2,2,0,0,2,0,1,2,2,1,0,0,0,2,2,2,2,0,1,1,2,2,1,2,0,1,1,0,1,0,0,0,0,0,0,2,1,0,0,1,2
Best fitness found so far: -29.0; distance: 14.560219778561036
Generation: 11; 
d: 14.560219778561036; energy: -30.0; 2,1,2,1,1,0,2,0,0,2,0,1,1,0,0,1,1,0,2,1,2,0,0,0,0,2,1,1,2,1,0,2,1,2,1,1,2,2,0,0,1,1,2,0,0,1,0,2,0,1,2,2,2,1,2,1,2,2,2,0,0,2,0,1,2,2,1,0,0,0,2,2,2,2,0,1,1,2,2,1,2,0,1,2,0,1,0,0,0,0,0,0,2,1,0,0,1,2
Best fitness found so far: -30.0; distance: 14.560219778561036
Generation: 12; 
d: 15.264337522473747; energy: -31.0; 2,1,0,1,2,2,1,1,0,0,0,2,1,2,2,2,2,1,2,1,1,2,2,2,1,1,1,1,1,0,0,0,1,1,1,0,1,0,1,2,1,2,2,2,0,0,2,2,1,2,2,0,2,1,1,0,2,1,1,2,2,2,2,0,0,1,0,1,2,1,1,0,1,2,2,1,0,1,2,2,2,1,2,1,2,2,2,2,0,2,1,0,2,1,1,0,2,0
Best fitness found so far: -31.0; distance: 15.264337522473747
Generation: 13; 
d: 15.264337522473747; energy: -31.0; 2,1,0,1,2,2,1,1,0,0,0,2,1,2,2,2,2,1,2,1,1,2,2,2,1,1,1,1,1,0,0,0,1,1,1,0,1,0,1,2,1,2,2,2,0,0,2,2,1,2,2,0,2,1,1,0,2,1,1,2,2,2,2,0,0,1,0,1,2,1,1,0,1,2,2,1,0,1,2,2,2,1,2,1,2,2,2,2,0,2,1,0,2,1,1,0,2,0
Best fitness found so far: -31.0; distance: 15.264337522473747
Generation: 14; 
d: 14.142135623730951; energy: -31.0; 1,0,2,2,0,2,1,2,2,2,2,2,0,2,1,2,2,2,1,2,2,0,0,2,2,2,0,0,1,1,0,0,0,1,0,1,1,1,0,2,1,0,1,1,2,2,2,2,0,0,0,0,1,1,1,1,0,1,1,0,0,1,2,1,2,2,0,2,0,0,1,0,2,2,0,0,0,0,0,0,1,2,1,1,2,0,2,2,0,0,0,2,0,0,0,0,1,0
Best fitness found so far: -31.0; distance: 15.264337522473747
Generation: 15; 
d: 14.866068747318506; energy: -31.0; 2,1,1,0,0,2,0,0,0,0,2,2,1,2,1,0,2,1,1,0,0,2,2,0,1,2,0,0,0,1,1,0,0,0,0,2,0,0,2,2,0,0,1,1,2,1,2,2,2,0,2,0,2,1,0,1,2,0,1,2,1,0,0,0,2,2,1,2,0,1,1,1,1,1,0,1,0,0,1,1,2,2,2,0,0,2,0,2,2,1,1,0,2,0,0,0,0,0
Best fitness found so far: -31.0; distance: 15.264337522473747
Generation: 16; 
d: 15.297058540778355; energy: -31.0; 2,1,2,2,0,0,0,1,1,0,1,1,0,0,1,0,0,1,0,2,2,1,1,1,2,1,0,0,2,1,0,2,0,0,0,0,2,2,0,2,1,0,1,1,2,2,2,2,0,0,0,0,1,1,1,1,0,1,1,0,0,1,2,1,2,2,1,0,1,1,0,1,1,2,2,2,1,1,0,0,0,2,1,0,0,2,1,1,1,2,1,2,2,1,0,0,1,2
Best fitness found so far: -31.0; distance: 15.264337522473747
Generation: 17; 
d: 16.1245154965971; energy: -32.0; 0,0,2,1,1,2,1,1,1,1,2,2,0,2,2,2,1,1,0,0,1,0,0,1,0,0,2,1,0,0,1,0,0,1,2,0,0,0,1,0,2,2,1,0,2,0,0,0,0,0,1,1,2,0,2,2,1,2,2,1,1,2,2,0,1,1,0,1,2,1,2,2,2,1,2,1,1,2,1,1,2,1,0,0,2,1,2,2,0,1,1,0,1,0,0,2,1,0
Best fitness found so far: -32.0; distance: 16.1245154965971
Generation: 18; 
d: 15.297058540778355; energy: -34.0; 0,1,2,2,1,1,2,1,1,0,1,1,0,1,2,0,0,0,0,0,2,0,0,0,0,2,1,1,2,1,0,2,1,2,1,1,2,2,0,0,1,1,2,0,0,1,0,2,0,1,2,2,2,1,2,1,2,2,2,0,0,2,0,1,2,1,1,2,2,0,2,1,1,0,0,1,1,2,2,1,2,0,2,0,0,2,0,0,0,2,1,1,1,0,2,1,0,1
Best fitness found so far: -34.0; distance: 15.297058540778355
Generation: 19; 
d: 14.317821063276353; energy: -36.0; 0,0,2,1,1,2,1,1,1,1,2,2,0,2,2,2,1,1,0,0,1,0,0,1,0,0,2,1,0,0,1,0,0,1,2,0,0,0,1,0,2,2,1,0,2,0,0,0,0,0,1,1,2,0,2,2,1,2,2,1,1,2,2,0,1,1,0,2,2,1,2,2,2,1,2,1,0,1,0,0,1,2,1,0,0,1,0,1,2,1,0,2,0,0,0,0,1,0
Best fitness found so far: -36.0; distance: 14.317821063276353
Generation: 20; 
d: 16.401219466856727; energy: -32.0; 2,1,2,1,1,0,2,0,0,2,0,1,1,0,0,1,1,0,2,1,2,0,0,0,0,2,0,1,2,1,0,2,1,2,1,1,2,2,0,0,1,1,2,0,0,1,0,2,0,1,2,2,2,1,2,1,2,2,2,0,0,2,0,1,2,2,1,0,0,0,2,2,2,2,1,0,1,2,2,0,2,2,1,1,1,2,1,1,0,1,2,0,1,0,0,2,0,0
Best fitness found so far: -36.0; distance: 14.317821063276353
Generation: 21; 
d: 14.317821063276353; energy: -36.0; 0,0,2,1,1,2,1,1,1,1,2,2,0,2,2,2,1,1,0,0,1,0,0,1,0,0,2,1,0,0,1,0,0,1,2,0,0,0,1,0,2,2,1,0,2,0,0,0,0,0,1,1,2,0,2,2,1,2,2,1,1,2,2,0,1,1,0,2,2,1,2,2,2,1,2,1,0,1,0,0,1,2,1,0,0,1,0,1,2,1,0,2,0,0,0,0,1,0
Best fitness found so far: -36.0; distance: 14.317821063276353
Generation: 22; 
d: 14.317821063276353; energy: -36.0; 0,0,2,1,1,2,1,1,1,1,2,2,0,2,2,2,1,1,0,0,1,0,0,1,0,0,2,1,0,0,1,0,0,1,2,0,0,0,1,0,2,2,1,0,2,0,0,0,0,0,1,1,2,0,2,2,1,2,2,1,1,2,2,0,1,1,0,2,2,1,2,2,2,1,2,1,0,1,0,0,1,2,1,0,0,1,0,1,2,1,0,2,0,0,0,0,1,0
Best fitness found so far: -36.0; distance: 14.317821063276353
Generation: 23; 
d: 18.439088914585774; energy: -34.0; 2,1,1,2,1,0,0,2,2,1,2,2,1,2,1,0,2,1,1,0,0,2,2,0,1,2,0,0,0,1,1,0,0,0,0,0,0,0,2,2,0,0,1,2,1,2,2,1,0,1,1,0,0,2,1,0,1,1,2,2,1,0,0,0,2,0,0,1,2,1,2,2,2,1,2,1,1,2,1,1,2,1,0,0,1,0,0,1,0,0,1,0,1,1,0,0,0,0
Best fitness found so far: -36.0; distance: 14.317821063276353
Generation: 24; 
d: 14.317821063276353; energy: -36.0; 0,0,2,1,1,2,1,1,1,1,2,2,0,2,2,2,1,1,0,0,1,0,0,1,0,0,2,1,0,0,1,0,0,1,2,0,0,0,1,0,2,2,1,0,2,0,0,0,0,0,1,1,2,0,2,2,1,2,2,1,1,2,2,0,1,1,0,2,2,1,2,2,2,1,2,1,0,1,0,0,1,2,1,0,0,1,0,1,2,1,0,2,0,0,0,0,1,1
Best fitness found so far: -36.0; distance: 14.317821063276353
Generation: 25; 
d: 16.15549442140351; energy: -37.0; 0,0,2,1,1,2,1,1,1,1,2,2,0,2,2,2,1,1,0,0,1,0,0,1,0,0,2,1,0,0,1,0,0,1,2,0,0,0,1,0,2,2,1,0,2,0,0,0,0,0,1,1,2,0,2,2,1,0,1,2,2,1,0,1,1,2,0,0,0,2,0,0,2,2,1,2,1,1,0,2,1,0,1,1,0,0,1,1,2,2,2,0,0,1,0,0,0,0
Best fitness found so far: -37.0; distance: 16.15549442140351
Generation: 26; 
d: 14.317821063276353; energy: -36.0; 0,0,2,1,1,2,1,1,1,1,2,2,0,2,2,2,1,1,0,0,1,0,0,1,0,0,2,1,0,0,1,0,0,1,2,0,0,0,1,0,2,2,1,0,2,0,0,0,0,0,1,1,2,0,2,2,1,2,2,1,1,2,2,0,1,1,0,2,2,1,2,2,2,1,2,1,0,1,0,0,1,2,1,0,0,1,0,1,2,1,0,2,0,0,0,0,1,0
Best fitness found so far: -37.0; distance: 16.15549442140351
Generation: 27; 
d: 14.317821063276353; energy: -36.0; 0,0,2,1,1,2,1,1,1,1,2,2,0,2,2,2,1,1,0,0,1,0,0,1,0,0,2,1,0,0,1,0,0,1,2,0,0,0,1,0,2,2,1,0,2,0,0,0,0,0,1,1,2,0,2,2,1,2,2,1,1,2,2,0,1,1,0,2,2,1,2,2,2,1,2,1,0,1,0,0,1,2,1,0,0,1,0,1,2,1,0,2,0,0,0,0,1,1
Best fitness found so far: -37.0; distance: 16.15549442140351
Generation: 28; 
d: 14.317821063276353; energy: -36.0; 0,0,2,1,1,2,1,1,1,1,2,2,0,2,2,2,1,1,0,0,1,0,0,1,0,0,1,1,0,0,1,0,0,1,2,0,0,0,1,0,2,2,1,0,2,0,0,0,0,0,1,1,2,0,2,2,1,2,2,1,1,2,2,0,1,1,0,2,2,1,2,2,1,1,2,1,0,1,0,0,1,2,1,0,0,1,0,1,2,1,0,2,0,0,0,0,1,0
Best fitness found so far: -37.0; distance: 16.15549442140351
Generation: 29; 
d: 15.620499351813308; energy: -37.0; 0,0,2,1,1,2,1,1,1,1,2,2,0,2,2,2,1,1,0,0,1,0,0,1,0,0,2,1,0,0,1,0,0,1,2,0,0,0,1,0,2,2,1,0,2,0,0,0,0,0,1,1,2,0,2,2,1,2,2,2,1,2,2,1,1,1,1,2,2,0,2,1,1,0,0,1,0,0,1,1,2,2,2,0,0,2,0,2,0,1,1,1,0,0,1,0,2,0
Best fitness found so far: -37.0; distance: 16.15549442140351
Generation: 30; 
d: 16.15549442140351; energy: -37.0; 0,0,2,1,1,2,1,1,1,1,2,2,0,2,2,2,1,1,0,0,1,0,0,1,0,0,2,1,0,0,1,0,0,1,2,0,0,0,1,0,2,2,1,0,2,0,0,0,0,0,1,1,2,0,2,2,1,0,1,2,2,1,0,1,1,2,0,0,0,2,0,0,2,2,1,2,1,1,0,2,1,0,1,1,0,0,1,1,2,2,2,0,0,1,0,0,0,0
Best fitness found so far: -37.0; distance: 16.15549442140351
Generation: 31; 
d: 14.317821063276353; energy: -37.0; 0,0,2,1,1,2,1,1,1,1,2,2,0,2,2,2,1,1,0,0,1,0,0,1,2,0,0,1,0,0,1,0,0,1,2,0,0,0,1,0,2,2,1,0,2,0,0,0,0,0,1,1,2,0,2,2,1,2,2,1,1,2,2,0,1,1,0,2,2,1,2,2,2,1,2,1,0,1,0,0,1,2,1,0,0,1,0,1,2,1,0,2,0,0,0,0,1,0
Best fitness found so far: -37.0; distance: 16.15549442140351
Generation: 32; 
d: 16.1245154965971; energy: -37.0; 0,0,2,0,1,2,1,1,1,1,2,2,0,2,2,2,1,1,0,0,1,0,0,2,0,0,2,1,0,0,1,0,0,1,2,0,0,0,1,0,2,2,1,0,2,0,0,0,0,0,1,1,2,0,2,2,1,0,1,2,2,1,0,1,1,2,0,0,0,2,0,0,2,2,1,2,1,1,0,2,1,0,1,1,0,0,1,1,2,2,2,0,0,1,0,0,0,0
Best fitness found so far: -37.0; distance: 16.15549442140351
Generation: 33; 
d: 15.652475842498529; energy: -38.0; 0,0,2,1,0,2,1,1,1,1,2,2,0,2,2,2,1,1,0,0,1,0,0,1,0,0,2,1,0,0,1,0,0,1,2,0,0,0,1,0,2,2,1,0,2,0,0,0,0,0,1,1,2,0,2,2,1,2,2,1,1,2,2,0,1,1,1,2,2,0,2,1,1,0,0,1,1,2,2,1,2,0,2,0,0,2,0,0,0,0,0,0,1,0,0,2,0,0
Best fitness found so far: -38.0; distance: 15.652475842498529
Generation: 34; 
d: 14.317821063276353; energy: -38.0; 0,0,2,1,1,2,1,1,1,1,2,2,0,2,2,2,1,1,0,0,1,0,0,1,0,0,2,1,0,0,1,0,0,1,2,0,0,0,1,0,2,2,1,0,2,0,0,0,0,0,1,1,2,0,2,2,1,2,2,1,1,2,2,0,1,1,0,2,2,1,2,2,2,1,2,1,0,1,0,0,1,2,1,0,0,1,0,0,0,2,1,1,0,0,1,0,0,0
Best fitness found so far: -38.0; distance: 15.652475842498529
Generation: 35; 
d: 14.035668847618199; energy: -38.0; 0,1,0,1,0,2,1,1,1,1,2,2,0,2,2,2,1,1,0,0,1,0,0,1,0,0,2,1,0,0,1,0,0,1,2,0,0,0,1,0,2,2,1,0,2,0,0,0,0,0,1,1,2,0,2,2,1,2,2,1,1,2,2,0,1,1,0,2,2,1,2,2,2,1,2,1,0,1,0,0,1,2,1,0,0,1,0,0,0,2,1,1,0,0,1,0,0,0
Best fitness found so far: -38.0; distance: 15.652475842498529
