Algorithm configured with: 
Pop: 3000
Aux Pop: 2000
CrP: 1.0
MtP: 1.0
List of crossover: 
SinglePointCrossover
IntegerTwoPointsCrossover
MultiPointsCrossover
List of mutations: 
BitFlipMutation
LoopMoveOperator
LocalMoveOperator
SegmentMutation
OppositeMoveOperator
Execution: 1
Generation: 0; 
d: 24.331050121192877; energy: -22.0; 1,1,2,1,0,0,1,1,1,0,0,2,1,2,0,0,2,1,0,0,2,1,2,0,0,2,0,0,1,1,2,1,2,2,0,0,1,1,1,1,0,0,2,1,1,2,1,2,1,0,1,1,2,0,1,1,1,2,2,0,0,2,0,1,0,0,2,1,2,1,2,0,1,1,0,2,0,1,2,2,1,1,2
Best fitness found so far: -22.0; distance: 24.331050121192877
Generation: 1; 
d: 14.7648230602334; energy: -28.0; 0,1,2,0,0,0,2,1,1,1,2,2,2,0,2,0,0,1,2,1,1,0,1,0,1,2,2,2,1,1,0,1,1,0,0,0,2,0,0,1,2,0,1,2,2,1,1,1,0,0,1,0,0,0,2,0,0,2,2,0,0,0,1,2,2,2,0,1,0,1,1,0,2,2,1,2,0,0,0,1,2,2,1
Best fitness found so far: -28.0; distance: 14.7648230602334
Generation: 2; 
d: 16.55294535724685; energy: -28.0; 0,2,0,1,0,0,2,1,1,0,2,1,2,1,0,1,1,1,1,2,0,2,0,1,0,1,1,1,1,1,2,0,0,1,2,2,1,0,0,0,0,1,0,0,1,2,2,0,0,0,0,0,0,2,1,0,0,0,0,1,0,1,0,1,1,0,2,2,1,1,2,2,2,1,0,2,2,0,1,1,1,2,1
Best fitness found so far: -28.0; distance: 14.7648230602334
