#
# There is insufficient memory for the Java Runtime Environment to continue.
# Native memory allocation (mmap) failed to map 1160249344 bytes for committing reserved memory.
# Possible reasons:
#   The system is out of physical RAM or swap space
#   In 32 bit mode, the process size limit was hit
# Possible solutions:
#   Reduce memory load on the system
#   Increase physical memory or swap space
#   Check if swap backing store is full
#   Use 64 bit Java on a 64 bit OS
#   Decrease Java heap size (-Xmx/-Xms)
#   Decrease number of Java threads
#   Decrease Java thread stack sizes (-Xss)
#   Set larger code cache with -XX:ReservedCodeCacheSize=
# This output file may be truncated or incomplete.
#
#  Out of Memory Error (os_linux.cpp:2673), pid=35906, tid=140368253277952
#
# JRE version: Java(TM) SE Runtime Environment (8.0_45-b14) (build 1.8.0_45-b14)
# Java VM: Java HotSpot(TM) 64-Bit Server VM (25.45-b02 mixed mode linux-amd64 compressed oops)
# Failed to write core dump. Core dumps have been disabled. To enable core dumping, try "ulimit -c unlimited" before starting Java again
#

---------------  T H R E A D  ---------------

Current thread (0x00007faa78470800):  VMThread [stack: 0x00007faa07cfd000,0x00007faa07dfe000] [id=36185]

Stack: [0x00007faa07cfd000,0x00007faa07dfe000],  sp=0x00007faa07dfbfe0,  free space=1019k
Native frames: (J=compiled Java code, j=interpreted, Vv=VM code, C=native code)
V  [libjvm.so+0xaac99a]  VMError::report_and_die()+0x2ba
V  [libjvm.so+0x4f333b]  report_vm_out_of_memory(char const*, int, unsigned long, VMErrorType, char const*)+0x8b
V  [libjvm.so+0x90e7c3]  os::Linux::commit_memory_impl(char*, unsigned long, bool)+0x103
V  [libjvm.so+0x90ed19]  os::pd_commit_memory(char*, unsigned long, unsigned long, bool)+0x29
V  [libjvm.so+0x90867a]  os::commit_memory(char*, unsigned long, unsigned long, bool)+0x2a
V  [libjvm.so+0x97bac3]  PSVirtualSpace::expand_by(unsigned long)+0x53
V  [libjvm.so+0x97cec8]  PSYoungGen::resize_generation(unsigned long, unsigned long)+0xf8
V  [libjvm.so+0x97c022]  PSYoungGen::resize(unsigned long, unsigned long)+0x22
V  [libjvm.so+0x9792fb]  PSScavenge::invoke_no_policy()+0xf7b
V  [libjvm.so+0x979a81]  PSScavenge::invoke()+0x41
V  [libjvm.so+0x932050]  ParallelScavengeHeap::failed_mem_allocate(unsigned long)+0x70
V  [libjvm.so+0xaae1d7]  VM_ParallelGCFailedAllocation::doit()+0x97
V  [libjvm.so+0xab59c5]  VM_Operation::evaluate()+0x55
V  [libjvm.so+0xab3d9a]  VMThread::evaluate_operation(VM_Operation*)+0xba
V  [libjvm.so+0xab411e]  VMThread::loop()+0x1ce
V  [libjvm.so+0xab4590]  VMThread::run()+0x70
V  [libjvm.so+0x910de8]  java_start(Thread*)+0x108

VM_Operation (0x00007faa062221e0): ParallelGCFailedAllocation, mode: safepoint, requested by thread 0x00007faa785c3800


---------------  P R O C E S S  ---------------

Java Threads: ( => current thread )
  0x00007faa785c3800 JavaThread "pool-1-thread-1" [_thread_blocked, id=36419, stack(0x00007faa06123000,0x00007faa06224000)]
  0x00007faa784da800 JavaThread "Service Thread" daemon [_thread_blocked, id=36363, stack(0x00007faa06432000,0x00007faa06533000)]
  0x00007faa784d5000 JavaThread "C1 CompilerThread14" daemon [_thread_blocked, id=36361, stack(0x00007faa06533000,0x00007faa06634000)]
  0x00007faa784d3800 JavaThread "C1 CompilerThread13" daemon [_thread_blocked, id=36360, stack(0x00007faa06634000,0x00007faa06735000)]
  0x00007faa784d1000 JavaThread "C1 CompilerThread12" daemon [_thread_blocked, id=36359, stack(0x00007faa06735000,0x00007faa06836000)]
  0x00007faa784cf000 JavaThread "C1 CompilerThread11" daemon [_thread_blocked, id=36358, stack(0x00007faa06836000,0x00007faa06937000)]
  0x00007faa784cd000 JavaThread "C1 CompilerThread10" daemon [_thread_blocked, id=36357, stack(0x00007faa06937000,0x00007faa06a38000)]
  0x00007faa784ca800 JavaThread "C2 CompilerThread9" daemon [_thread_blocked, id=36355, stack(0x00007faa06a38000,0x00007faa06b39000)]
  0x00007faa784c8800 JavaThread "C2 CompilerThread8" daemon [_thread_blocked, id=36353, stack(0x00007faa06b39000,0x00007faa06c3a000)]
  0x00007faa784c6800 JavaThread "C2 CompilerThread7" daemon [_thread_blocked, id=36351, stack(0x00007faa06c3a000,0x00007faa06d3b000)]
  0x00007faa784c4800 JavaThread "C2 CompilerThread6" daemon [_thread_blocked, id=36349, stack(0x00007faa06d3b000,0x00007faa06e3c000)]
  0x00007faa784c2800 JavaThread "C2 CompilerThread5" daemon [_thread_blocked, id=36347, stack(0x00007faa06e3c000,0x00007faa06f3d000)]
  0x00007faa784b8000 JavaThread "C2 CompilerThread4" daemon [_thread_blocked, id=36343, stack(0x00007faa06f3d000,0x00007faa0703e000)]
  0x00007faa784b6000 JavaThread "C2 CompilerThread3" daemon [_thread_blocked, id=36339, stack(0x00007faa0703e000,0x00007faa0713f000)]
  0x00007faa784b4000 JavaThread "C2 CompilerThread2" daemon [_thread_blocked, id=36337, stack(0x00007faa0713f000,0x00007faa07240000)]
  0x00007faa784b2000 JavaThread "C2 CompilerThread1" daemon [_thread_blocked, id=36334, stack(0x00007faa07240000,0x00007faa07341000)]
  0x00007faa784af000 JavaThread "C2 CompilerThread0" daemon [_thread_blocked, id=36331, stack(0x00007faa07341000,0x00007faa07442000)]
  0x00007faa784ad800 JavaThread "Signal Dispatcher" daemon [_thread_blocked, id=36323, stack(0x00007faa07442000,0x00007faa07543000)]
  0x00007faa78477800 JavaThread "Finalizer" daemon [_thread_blocked, id=36220, stack(0x00007faa07afb000,0x00007faa07bfc000)]
  0x00007faa78475800 JavaThread "Reference Handler" daemon [_thread_blocked, id=36216, stack(0x00007faa07bfc000,0x00007faa07cfd000)]
  0x00007faa7800a800 JavaThread "main" [_thread_blocked, id=35917, stack(0x00007faa7f739000,0x00007faa7f83a000)]

Other Threads:
=>0x00007faa78470800 VMThread [stack: 0x00007faa07cfd000,0x00007faa07dfe000] [id=36185]
  0x00007faa784dd000 WatcherThread [stack: 0x00007faa06331000,0x00007faa06432000] [id=36372]

VM state:at safepoint (normal execution)

VM Mutex/Monitor currently owned by a thread:  ([mutex/lock_event])
[0x00007faa78006130] Threads_lock - owner thread: 0x00007faa78470800
[0x00007faa78006630] Heap_lock - owner thread: 0x00007faa785c3800

Heap:
 PSYoungGen      total 4097536K, used 1888K [0x0000000670980000, 0x0000000770c00000, 0x00000007c0000000)
  eden space 4093440K, 0% used [0x0000000670980000,0x0000000670980000,0x000000076a700000)
  from space 4096K, 46% used [0x000000076a700000,0x000000076a8d8000,0x000000076ab00000)
  to   space 4608K, 0% used [0x000000076ab00000,0x000000076ab00000,0x000000076af80000)
 ParOldGen       total 688128K, used 7964K [0x00000003d1c00000, 0x00000003fbc00000, 0x0000000670980000)
  object space 688128K, 1% used [0x00000003d1c00000,0x00000003d23c7080,0x00000003fbc00000)
 Metaspace       used 5379K, capacity 5588K, committed 5888K, reserved 1056768K
  class space    used 588K, capacity 672K, committed 768K, reserved 1048576K

Card table byte_map: [0x00007faa6708d000,0x00007faa69000000] byte_map_base: 0x00007faa651ff000

Marking Bits: (ParMarkBitMap*) 0x00007faa7ec32760
 Begin Bits: [0x00007fa9b08e0000, 0x00007fa9c0470000)
 End Bits:   [0x00007fa9c0470000, 0x00007fa9d0000000)

Polling page: 0x00007faa7f879000

CodeCache: size=245760Kb used=6574Kb max_used=6586Kb free=239185Kb
 bounds [0x00007faa69000000, 0x00007faa69680000, 0x00007faa78000000]
 total_blobs=1285 nmethods=984 adapters=211
 compilation: enabled

Compilation events (10 events):
Event: 50,366 Thread 0x00007faa784d1000  980       3       edu.ufpr.cbio.psp.algorithms.hyperheuristic.NSGAIIHyperHeuristicTemplate::addLastRankedSolutions (55 bytes)
Event: 50,367 Thread 0x00007faa784d1000 nmethod 980 0x00007faa6965fd90 code [0x00007faa6965ff80, 0x00007faa696606f8]
Event: 50,791 Thread 0x00007faa784c8800  981 %     4       java.util.ArrayList::clear @ 12 (39 bytes)
Event: 50,791 Thread 0x00007faa784b4000  982       4       java.util.TimSort::gallopLeft (335 bytes)
Event: 50,794 Thread 0x00007faa784c8800 nmethod 981% 0x00007faa69642f50 code [0x00007faa696430a0, 0x00007faa69643258]
Event: 50,814 Thread 0x00007faa784b4000 nmethod 982 0x00007faa69672b50 code [0x00007faa69672da0, 0x00007faa69673c58]
Event: 54,205 Thread 0x00007faa784c6800  983       4       java.util.ArrayList::clear (39 bytes)
Event: 54,209 Thread 0x00007faa784c6800 nmethod 983 0x00007faa69669690 code [0x00007faa696697e0, 0x00007faa69669938]
Event: 55,364 Thread 0x00007faa784cf000  984       3       org.uma.jmetal.core.SolutionSet::sort (22 bytes)
Event: 55,364 Thread 0x00007faa784cf000 nmethod 984 0x00007faa69668f50 code [0x00007faa696690e0, 0x00007faa696694f8]

GC Heap History (10 events):
Event: 48,692 GC heap after
Heap after GC invocations=20 (full 0):
 PSYoungGen      total 2343936K, used 1984K [0x0000000670980000, 0x000000076b500000, 0x00000007c0000000)
  eden space 2341888K, 0% used [0x0000000670980000,0x0000000670980000,0x00000006ff880000)
  from space 2048K, 96% used [0x000000076b300000,0x000000076b4f0000,0x000000076b500000)
  to   space 5120K, 0% used [0x000000076ab00000,0x000000076ab00000,0x000000076b000000)
 ParOldGen       total 688128K, used 7660K [0x00000003d1c00000, 0x00000003fbc00000, 0x0000000670980000)
  object space 688128K, 1% used [0x00000003d1c00000,0x00000003d237b080,0x00000003fbc00000)
 Metaspace       used 5378K, capacity 5588K, committed 5888K, reserved 1056768K
  class space    used 588K, capacity 672K, committed 768K, reserved 1048576K
}
Event: 50,669 GC heap before
{Heap before GC invocations=21 (full 0):
 PSYoungGen      total 2343936K, used 2343872K [0x0000000670980000, 0x000000076b500000, 0x00000007c0000000)
  eden space 2341888K, 100% used [0x0000000670980000,0x00000006ff880000,0x00000006ff880000)
  from space 2048K, 96% used [0x000000076b300000,0x000000076b4f0000,0x000000076b500000)
  to   space 5120K, 0% used [0x000000076ab00000,0x000000076ab00000,0x000000076b000000)
 ParOldGen       total 688128K, used 7660K [0x00000003d1c00000, 0x00000003fbc00000, 0x0000000670980000)
  object space 688128K, 1% used [0x00000003d1c00000,0x00000003d237b080,0x00000003fbc00000)
 Metaspace       used 5379K, capacity 5588K, committed 5888K, reserved 1056768K
  class space    used 588K, capacity 672K, committed 768K, reserved 1048576K
Event: 50,706 GC heap after
Heap after GC invocations=21 (full 0):
 PSYoungGen      total 2238464K, used 1920K [0x0000000670980000, 0x000000076b380000, 0x00000007c0000000)
  eden space 2236416K, 0% used [0x0000000670980000,0x0000000670980000,0x00000006f9180000)
  from space 2048K, 93% used [0x000000076ab00000,0x000000076ace0000,0x000000076ad00000)
  to   space 4608K, 0% used [0x000000076af00000,0x000000076af00000,0x000000076b380000)
 ParOldGen       total 688128K, used 7700K [0x00000003d1c00000, 0x00000003fbc00000, 0x0000000670980000)
  object space 688128K, 1% used [0x00000003d1c00000,0x00000003d2385080,0x00000003fbc00000)
 Metaspace       used 5379K, capacity 5588K, committed 5888K, reserved 1056768K
  class space    used 588K, capacity 672K, committed 768K, reserved 1048576K
}
Event: 52,517 GC heap before
{Heap before GC invocations=22 (full 0):
 PSYoungGen      total 2238464K, used 2238336K [0x0000000670980000, 0x000000076b380000, 0x00000007c0000000)
  eden space 2236416K, 100% used [0x0000000670980000,0x00000006f9180000,0x00000006f9180000)
  from space 2048K, 93% used [0x000000076ab00000,0x000000076ace0000,0x000000076ad00000)
  to   space 4608K, 0% used [0x000000076af00000,0x000000076af00000,0x000000076b380000)
 ParOldGen       total 688128K, used 7700K [0x00000003d1c00000, 0x00000003fbc00000, 0x0000000670980000)
  object space 688128K, 1% used [0x00000003d1c00000,0x00000003d2385080,0x00000003fbc00000)
 Metaspace       used 5379K, capacity 5588K, committed 5888K, reserved 1056768K
  class space    used 588K, capacity 672K, committed 768K, reserved 1048576K
Event: 52,529 GC heap after
Heap after GC invocations=22 (full 0):
 PSYoungGen      total 2138624K, used 1984K [0x0000000670980000, 0x000000076b100000, 0x00000007c0000000)
  eden space 2136576K, 0% used [0x0000000670980000,0x0000000670980000,0x00000006f3000000)
  from space 2048K, 96% used [0x000000076af00000,0x000000076b0f0000,0x000000076b100000)
  to   space 4608K, 0% used [0x000000076a800000,0x000000076a800000,0x000000076ac80000)
 ParOldGen       total 688128K, used 7764K [0x00000003d1c00000, 0x00000003fbc00000, 0x0000000670980000)
  object space 688128K, 1% used [0x00000003d1c00000,0x00000003d2395080,0x00000003fbc00000)
 Metaspace       used 5379K, capacity 5588K, committed 5888K, reserved 1056768K
  class space    used 588K, capacity 672K, committed 768K, reserved 1048576K
}
Event: 54,286 GC heap before
{Heap before GC invocations=23 (full 0):
 PSYoungGen      total 2138624K, used 2138560K [0x0000000670980000, 0x000000076b100000, 0x00000007c0000000)
  eden space 2136576K, 100% used [0x0000000670980000,0x00000006f3000000,0x00000006f3000000)
  from space 2048K, 96% used [0x000000076af00000,0x000000076b0f0000,0x000000076b100000)
  to   space 4608K, 0% used [0x000000076a800000,0x000000076a800000,0x000000076ac80000)
 ParOldGen       total 688128K, used 7764K [0x00000003d1c00000, 0x00000003fbc00000, 0x0000000670980000)
  object space 688128K, 1% used [0x00000003d1c00000,0x00000003d2395080,0x00000003fbc00000)
 Metaspace       used 5379K, capacity 5588K, committed 5888K, reserved 1056768K
  class space    used 588K, capacity 672K, committed 768K, reserved 1048576K
Event: 54,337 GC heap after
Heap after GC invocations=23 (full 0):
 PSYoungGen      total 2993152K, used 1184K [0x0000000670980000, 0x000000076af80000, 0x00000007c0000000)
  eden space 2991616K, 0% used [0x0000000670980000,0x0000000670980000,0x0000000727300000)
  from space 1536K, 77% used [0x000000076a800000,0x000000076a928000,0x000000076a980000)
  to   space 4608K, 0% used [0x000000076ab00000,0x000000076ab00000,0x000000076af80000)
 ParOldGen       total 688128K, used 7828K [0x00000003d1c00000, 0x00000003fbc00000, 0x0000000670980000)
  object space 688128K, 1% used [0x00000003d1c00000,0x00000003d23a5080,0x00000003fbc00000)
 Metaspace       used 5379K, capacity 5588K, committed 5888K, reserved 1056768K
  class space    used 588K, capacity 672K, committed 768K, reserved 1048576K
}
Event: 56,851 GC heap before
{Heap before GC invocations=24 (full 0):
 PSYoungGen      total 2993152K, used 2992800K [0x0000000670980000, 0x000000076af80000, 0x00000007c0000000)
  eden space 2991616K, 100% used [0x0000000670980000,0x0000000727300000,0x0000000727300000)
  from space 1536K, 77% used [0x000000076a800000,0x000000076a928000,0x000000076a980000)
  to   space 4608K, 0% used [0x000000076ab00000,0x000000076ab00000,0x000000076af80000)
 ParOldGen       total 688128K, used 7828K [0x00000003d1c00000, 0x00000003fbc00000, 0x0000000670980000)
  object space 688128K, 1% used [0x00000003d1c00000,0x00000003d23a5080,0x00000003fbc00000)
 Metaspace       used 5379K, capacity 5588K, committed 5888K, reserved 1056768K
  class space    used 588K, capacity 672K, committed 768K, reserved 1048576K
Event: 56,872 GC heap after
Heap after GC invocations=24 (full 0):
 PSYoungGen      total 4098048K, used 2016K [0x0000000670980000, 0x0000000770c00000, 0x00000007c0000000)
  eden space 4093440K, 0% used [0x0000000670980000,0x0000000670980000,0x000000076a700000)
  from space 4608K, 43% used [0x000000076ab00000,0x000000076acf8000,0x000000076af80000)
  to   space 4096K, 0% used [0x000000076a700000,0x000000076a700000,0x000000076ab00000)
 ParOldGen       total 688128K, used 7884K [0x00000003d1c00000, 0x00000003fbc00000, 0x0000000670980000)
  object space 688128K, 1% used [0x00000003d1c00000,0x00000003d23b3080,0x00000003fbc00000)
 Metaspace       used 5379K, capacity 5588K, committed 5888K, reserved 1056768K
  class space    used 588K, capacity 672K, committed 768K, reserved 1048576K
}
Event: 60,572 GC heap before
{Heap before GC invocations=25 (full 0):
 PSYoungGen      total 4098048K, used 4095456K [0x0000000670980000, 0x0000000770c00000, 0x00000007c0000000)
  eden space 4093440K, 100% used [0x0000000670980000,0x000000076a700000,0x000000076a700000)
  from space 4608K, 43% used [0x000000076ab00000,0x000000076acf8000,0x000000076af80000)
  to   space 4096K, 0% used [0x000000076a700000,0x000000076a700000,0x000000076ab00000)
 ParOldGen       total 688128K, used 7884K [0x00000003d1c00000, 0x00000003fbc00000, 0x0000000670980000)
  object space 688128K, 1% used [0x00000003d1c00000,0x00000003d23b3080,0x00000003fbc00000)
 Metaspace       used 5379K, capacity 5588K, committed 5888K, reserved 1056768K
  class space    used 588K, capacity 672K, committed 768K, reserved 1048576K

Deoptimization events (10 events):
Event: 2,291 Thread 0x00007faa785c3800 Uncommon trap: reason=unstable_if action=reinterpret pc=0x00007faa694440b8 method=java.util.HashMap.putVal(ILjava/lang/Object;Ljava/lang/Object;ZZ)Ljava/lang/Object; @ 162
Event: 2,457 Thread 0x00007faa785c3800 Uncommon trap: reason=predicate action=maybe_recompile pc=0x00007faa69466838 method=java.util.ArrayList.indexOf(Ljava/lang/Object;)I @ 44
Event: 2,457 Thread 0x00007faa785c3800 Uncommon trap: reason=predicate action=maybe_recompile pc=0x00007faa693ab89c method=java.util.ArrayList.indexOf(Ljava/lang/Object;)I @ 44
Event: 2,465 Thread 0x00007faa785c3800 Uncommon trap: reason=unstable_if action=reinterpret pc=0x00007faa694d0848 method=java.util.HashMap.putVal(ILjava/lang/Object;Ljava/lang/Object;ZZ)Ljava/lang/Object; @ 162
Event: 2,465 Thread 0x00007faa785c3800 Uncommon trap: reason=unstable_if action=reinterpret pc=0x00007faa694d6064 method=java.util.HashMap.putVal(ILjava/lang/Object;Ljava/lang/Object;ZZ)Ljava/lang/Object; @ 162
Event: 2,654 Thread 0x00007faa785c3800 Uncommon trap: reason=unstable_if action=reinterpret pc=0x00007faa694d1ca0 method=java.util.HashMap.putVal(ILjava/lang/Object;Ljava/lang/Object;ZZ)Ljava/lang/Object; @ 162
Event: 3,108 Thread 0x00007faa785c3800 Uncommon trap: reason=unreached action=reinterpret pc=0x00007faa6953c684 method=org.uma.jmetal.util.Ranking.<init>(Lorg/uma/jmetal/core/SolutionSet;)V @ 360
Event: 3,949 Thread 0x00007faa785c3800 Uncommon trap: reason=unstable_if action=reinterpret pc=0x00007faa695836f0 method=org.uma.jmetal.util.Ranking.<init>(Lorg/uma/jmetal/core/SolutionSet;)V @ 124
Event: 4,475 Thread 0x00007faa785c3800 Uncommon trap: reason=unstable_if action=reinterpret pc=0x00007faa6959266c method=org.uma.jmetal.util.Ranking.<init>(Lorg/uma/jmetal/core/SolutionSet;)V @ 124
Event: 4,559 Thread 0x00007faa785c3800 Uncommon trap: reason=unstable_if action=reinterpret pc=0x00007faa69589744 method=edu.ufpr.cbio.psp.problem.PSPProblem.evaluate(Lorg/uma/jmetal/core/Solution;)V @ 305

Internal exceptions (8 events):
Event: 0,049 Thread 0x00007faa7800a800 Exception <a 'java/lang/NoSuchMethodError': Method sun.misc.Unsafe.defineClass(Ljava/lang/String;[BII)Ljava/lang/Class; name or signature does not match> (0x0000000670992a30) thrown at [/RE-WORK/workspace/8-2-build-linux-amd64/jdk8u45/3457/hotspot/src/sha
Event: 0,049 Thread 0x00007faa7800a800 Exception <a 'java/lang/NoSuchMethodError': Method sun.misc.Unsafe.prefetchRead(Ljava/lang/Object;J)V name or signature does not match> (0x0000000670992cc0) thrown at [/RE-WORK/workspace/8-2-build-linux-amd64/jdk8u45/3457/hotspot/src/share/vm/prims/jni.cp
Event: 0,168 Thread 0x00007faa7800a800 Exception <a 'java/security/PrivilegedActionException'> (0x0000000670a53cc8) thrown at [/RE-WORK/workspace/8-2-build-linux-amd64/jdk8u45/3457/hotspot/src/share/vm/prims/jvm.cpp, line 1382]
Event: 0,168 Thread 0x00007faa7800a800 Exception <a 'java/security/PrivilegedActionException'> (0x0000000670a53e80) thrown at [/RE-WORK/workspace/8-2-build-linux-amd64/jdk8u45/3457/hotspot/src/share/vm/prims/jvm.cpp, line 1382]
Event: 0,168 Thread 0x00007faa7800a800 Exception <a 'java/security/PrivilegedActionException'> (0x0000000670a56718) thrown at [/RE-WORK/workspace/8-2-build-linux-amd64/jdk8u45/3457/hotspot/src/share/vm/prims/jvm.cpp, line 1382]
Event: 0,168 Thread 0x00007faa7800a800 Exception <a 'java/security/PrivilegedActionException'> (0x0000000670a568d0) thrown at [/RE-WORK/workspace/8-2-build-linux-amd64/jdk8u45/3457/hotspot/src/share/vm/prims/jvm.cpp, line 1382]
Event: 0,429 Thread 0x00007faa785c3800 Exception <a 'java/lang/NoSuchFieldError': method resolution failed> (0x000000067300cf08) thrown at [/RE-WORK/workspace/8-2-build-linux-amd64/jdk8u45/3457/hotspot/src/share/vm/prims/methodHandles.cpp, line 1125]
Event: 0,445 Thread 0x00007faa785c3800 Exception <a 'java/lang/NoSuchFieldError': method resolution failed> (0x000000067301b758) thrown at [/RE-WORK/workspace/8-2-build-linux-amd64/jdk8u45/3457/hotspot/src/share/vm/prims/methodHandles.cpp, line 1125]

Events (10 events):
Event: 50,706 Executing VM operation: ParallelGCFailedAllocation done
Event: 52,517 Executing VM operation: ParallelGCFailedAllocation
Event: 52,529 Executing VM operation: ParallelGCFailedAllocation done
Event: 54,205 Thread 0x00007faa785c3800 DEOPT PACKING pc=0x00007faa69643b75 sp=0x00007faa06222460
Event: 54,205 Thread 0x00007faa785c3800 DEOPT UNPACKING pc=0x00007faa69047633 sp=0x00007faa062221a8 mode 0
Event: 54,286 Executing VM operation: ParallelGCFailedAllocation
Event: 54,337 Executing VM operation: ParallelGCFailedAllocation done
Event: 56,851 Executing VM operation: ParallelGCFailedAllocation
Event: 56,872 Executing VM operation: ParallelGCFailedAllocation done
Event: 60,572 Executing VM operation: ParallelGCFailedAllocation


Dynamic libraries:
00400000-00401000 r-xp 00000000 00:2b 13572529                           /home/ppginf/vdfontoura/jdk1.8.0_45/bin/java
00600000-00601000 rw-p 00000000 00:2b 13572529                           /home/ppginf/vdfontoura/jdk1.8.0_45/bin/java
0222b000-0224c000 rw-p 00000000 00:00 0                                  [heap]
3d1c00000-3fbc00000 rw-p 00000000 00:00 0 
3fbc00000-670980000 ---p 00000000 00:00 0 
670980000-770c00000 rw-p 00000000 00:00 0 
7b5e80000-7c0000000 ---p 00000000 00:00 0 
7c0000000-7c00c0000 rw-p 00000000 00:00 0 
7c00c0000-800000000 ---p 00000000 00:00 0 
7fa95c000000-7fa95c021000 rw-p 00000000 00:00 0 
7fa95c021000-7fa960000000 ---p 00000000 00:00 0 
7fa960000000-7fa960291000 rw-p 00000000 00:00 0 
7fa960291000-7fa964000000 ---p 00000000 00:00 0 
7fa964000000-7fa96409f000 rw-p 00000000 00:00 0 
7fa96409f000-7fa968000000 ---p 00000000 00:00 0 
7fa968000000-7fa968021000 rw-p 00000000 00:00 0 
7fa968021000-7fa96c000000 ---p 00000000 00:00 0 
7fa96c000000-7fa96c05f000 rw-p 00000000 00:00 0 
7fa96c05f000-7fa970000000 ---p 00000000 00:00 0 
7fa970000000-7fa970190000 rw-p 00000000 00:00 0 
7fa970190000-7fa974000000 ---p 00000000 00:00 0 
7fa974000000-7fa97408b000 rw-p 00000000 00:00 0 
7fa97408b000-7fa978000000 ---p 00000000 00:00 0 
7fa978000000-7fa978083000 rw-p 00000000 00:00 0 
7fa978083000-7fa97c000000 ---p 00000000 00:00 0 
7fa97c000000-7fa97c2c3000 rw-p 00000000 00:00 0 
7fa97c2c3000-7fa980000000 ---p 00000000 00:00 0 
7fa980000000-7fa9804cb000 rw-p 00000000 00:00 0 
7fa9804cb000-7fa984000000 ---p 00000000 00:00 0 
7fa984000000-7fa9843f5000 rw-p 00000000 00:00 0 
7fa9843f5000-7fa988000000 ---p 00000000 00:00 0 
7fa988000000-7fa9885d6000 rw-p 00000000 00:00 0 
7fa9885d6000-7fa98c000000 ---p 00000000 00:00 0 
7fa98c000000-7fa98c37c000 rw-p 00000000 00:00 0 
7fa98c37c000-7fa990000000 ---p 00000000 00:00 0 
7fa990000000-7fa99042b000 rw-p 00000000 00:00 0 
7fa99042b000-7fa994000000 ---p 00000000 00:00 0 
7fa994000000-7fa9946a5000 rw-p 00000000 00:00 0 
7fa9946a5000-7fa998000000 ---p 00000000 00:00 0 
7fa998000000-7fa99859d000 rw-p 00000000 00:00 0 
7fa99859d000-7fa99c000000 ---p 00000000 00:00 0 
7fa99c000000-7fa99c380000 rw-p 00000000 00:00 0 
7fa99c380000-7fa9a0000000 ---p 00000000 00:00 0 
7fa9a0000000-7fa9a04df000 rw-p 00000000 00:00 0 
7fa9a04df000-7fa9a4000000 ---p 00000000 00:00 0 
7fa9a4000000-7fa9a4021000 rw-p 00000000 00:00 0 
7fa9a4021000-7fa9a8000000 ---p 00000000 00:00 0 
7fa9a8000000-7fa9a8021000 rw-p 00000000 00:00 0 
7fa9a8021000-7fa9ac000000 ---p 00000000 00:00 0 
7fa9ac000000-7fa9ac021000 rw-p 00000000 00:00 0 
7fa9ac021000-7fa9b0000000 ---p 00000000 00:00 0 
7fa9b08e0000-7fa9d0000000 rw-p 00000000 00:00 0 
7fa9d0000000-7fa9d0021000 rw-p 00000000 00:00 0 
7fa9d0021000-7fa9d4000000 ---p 00000000 00:00 0 
7fa9d4000000-7fa9d428c000 rw-p 00000000 00:00 0 
7fa9d428c000-7fa9d8000000 ---p 00000000 00:00 0 
7fa9d8000000-7fa9d8021000 rw-p 00000000 00:00 0 
7fa9d8021000-7fa9dc000000 ---p 00000000 00:00 0 
7fa9e0000000-7fa9e0021000 rw-p 00000000 00:00 0 
7fa9e0021000-7fa9e4000000 ---p 00000000 00:00 0 
7fa9e8000000-7fa9e8021000 rw-p 00000000 00:00 0 
7fa9e8021000-7fa9ec000000 ---p 00000000 00:00 0 
7fa9f0000000-7fa9f0021000 rw-p 00000000 00:00 0 
7fa9f0021000-7fa9f4000000 ---p 00000000 00:00 0 
7fa9f8000000-7fa9f8021000 rw-p 00000000 00:00 0 
7fa9f8021000-7fa9fc000000 ---p 00000000 00:00 0 
7faa00000000-7faa00021000 rw-p 00000000 00:00 0 
7faa00021000-7faa04000000 ---p 00000000 00:00 0 
7faa06023000-7faa06123000 rw-p 00000000 00:00 0 
7faa06123000-7faa06126000 ---p 00000000 00:00 0 
7faa06126000-7faa06224000 rw-p 00000000 00:00 0                          [stack:36419]
7faa06224000-7faa06331000 r--s 010c9000 00:2b 16151392                   /home/ppginf/vdfontoura/psp-chapter/psp-2D/target/NSGAIIHH.jar
7faa06331000-7faa06332000 ---p 00000000 00:00 0 
7faa06332000-7faa06432000 rw-p 00000000 00:00 0                          [stack:36372]
7faa06432000-7faa06435000 ---p 00000000 00:00 0 
7faa06435000-7faa06533000 rw-p 00000000 00:00 0                          [stack:36363]
7faa06533000-7faa06536000 ---p 00000000 00:00 0 
7faa06536000-7faa06634000 rw-p 00000000 00:00 0                          [stack:36361]
7faa06634000-7faa06637000 ---p 00000000 00:00 0 
7faa06637000-7faa06735000 rw-p 00000000 00:00 0                          [stack:36360]
7faa06735000-7faa06738000 ---p 00000000 00:00 0 
7faa06738000-7faa06836000 rw-p 00000000 00:00 0                          [stack:36359]
7faa06836000-7faa06839000 ---p 00000000 00:00 0 
7faa06839000-7faa06937000 rw-p 00000000 00:00 0                          [stack:36358]
7faa06937000-7faa0693a000 ---p 00000000 00:00 0 
7faa0693a000-7faa06a38000 rw-p 00000000 00:00 0                          [stack:36357]
7faa06a38000-7faa06a3b000 ---p 00000000 00:00 0 
7faa06a3b000-7faa06b39000 rw-p 00000000 00:00 0                          [stack:36355]
7faa06b39000-7faa06b3c000 ---p 00000000 00:00 0 
7faa06b3c000-7faa06c3a000 rw-p 00000000 00:00 0                          [stack:36353]
7faa06c3a000-7faa06c3d000 ---p 00000000 00:00 0 
7faa06c3d000-7faa06d3b000 rw-p 00000000 00:00 0                          [stack:36351]
7faa06d3b000-7faa06d3e000 ---p 00000000 00:00 0 
7faa06d3e000-7faa06e3c000 rw-p 00000000 00:00 0                          [stack:36349]
7faa06e3c000-7faa06e3f000 ---p 00000000 00:00 0 
7faa06e3f000-7faa06f3d000 rw-p 00000000 00:00 0                          [stack:36347]
7faa06f3d000-7faa06f40000 ---p 00000000 00:00 0 
7faa06f40000-7faa0703e000 rw-p 00000000 00:00 0                          [stack:36343]
7faa0703e000-7faa07041000 ---p 00000000 00:00 0 
7faa07041000-7faa0713f000 rw-p 00000000 00:00 0                          [stack:36339]
7faa0713f000-7faa07142000 ---p 00000000 00:00 0 
7faa07142000-7faa07240000 rw-p 00000000 00:00 0                          [stack:36337]
7faa07240000-7faa07243000 ---p 00000000 00:00 0 
7faa07243000-7faa07341000 rw-p 00000000 00:00 0                          [stack:36334]
7faa07341000-7faa07344000 ---p 00000000 00:00 0 
7faa07344000-7faa07442000 rw-p 00000000 00:00 0                          [stack:36331]
7faa07442000-7faa07445000 ---p 00000000 00:00 0 
7faa07445000-7faa07543000 rw-p 00000000 00:00 0                          [stack:36323]
7faa07543000-7faa07afb000 r--p 00000000 00:14 231                        /usr/lib/locale/locale-archive
7faa07afb000-7faa07afe000 ---p 00000000 00:00 0 
7faa07afe000-7faa07bfc000 rw-p 00000000 00:00 0                          [stack:36220]
7faa07bfc000-7faa07bff000 ---p 00000000 00:00 0 
7faa07bff000-7faa07cfd000 rw-p 00000000 00:00 0                          [stack:36216]
7faa07cfd000-7faa07cfe000 ---p 00000000 00:00 0 
7faa07cfe000-7faa08000000 rw-p 00000000 00:00 0                          [stack:36185]
7faa08000000-7faa08021000 rw-p 00000000 00:00 0 
7faa08021000-7faa0c000000 ---p 00000000 00:00 0 
7faa0c0c1000-7faa10000000 rw-p 00000000 00:00 0 
7faa10000000-7faa10021000 rw-p 00000000 00:00 0 
7faa10021000-7faa14000000 ---p 00000000 00:00 0 
7faa14000000-7faa14021000 rw-p 00000000 00:00 0 
7faa14021000-7faa18000000 ---p 00000000 00:00 0 
7faa18000000-7faa18021000 rw-p 00000000 00:00 0 
7faa18021000-7faa1c000000 ---p 00000000 00:00 0 
7faa1c09f000-7faa1d6b5000 rw-p 00000000 00:00 0 
7faa1d6b5000-7faa1d88e000 r--s 03d09000 00:2b 13572347                   /home/ppginf/vdfontoura/jdk1.8.0_45/jre/lib/rt.jar
7faa1d88e000-7faa1dd8e000 rw-p 00000000 00:00 0 
7faa1dd8e000-7faa1e08e000 ---p 00000000 00:00 0 
7faa1e08e000-7faa20000000 rw-p 00000000 00:00 0 
7faa20000000-7faa20021000 rw-p 00000000 00:00 0 
7faa20021000-7faa24000000 ---p 00000000 00:00 0 
7faa24000000-7faa24021000 rw-p 00000000 00:00 0 
7faa24021000-7faa28000000 ---p 00000000 00:00 0 
7faa28000000-7faa28021000 rw-p 00000000 00:00 0 
7faa28021000-7faa2c000000 ---p 00000000 00:00 0 
7faa2c000000-7faa2c021000 rw-p 00000000 00:00 0 
7faa2c021000-7faa30000000 ---p 00000000 00:00 0 
7faa30000000-7faa30021000 rw-p 00000000 00:00 0 
7faa30021000-7faa34000000 ---p 00000000 00:00 0 
7faa34000000-7faa34021000 rw-p 00000000 00:00 0 
7faa34021000-7faa38000000 ---p 00000000 00:00 0 
7faa38000000-7faa38021000 rw-p 00000000 00:00 0 
7faa38021000-7faa3c000000 ---p 00000000 00:00 0 
7faa3c000000-7faa3c021000 rw-p 00000000 00:00 0 
7faa3c021000-7faa40000000 ---p 00000000 00:00 0 
7faa40000000-7faa40021000 rw-p 00000000 00:00 0 
7faa40021000-7faa44000000 ---p 00000000 00:00 0 
7faa44000000-7faa44021000 rw-p 00000000 00:00 0 
7faa44021000-7faa48000000 ---p 00000000 00:00 0 
7faa48000000-7faa48021000 rw-p 00000000 00:00 0 
7faa48021000-7faa4c000000 ---p 00000000 00:00 0 
7faa4c000000-7faa4c021000 rw-p 00000000 00:00 0 
7faa4c021000-7faa50000000 ---p 00000000 00:00 0 
7faa50000000-7faa50021000 rw-p 00000000 00:00 0 
7faa50021000-7faa54000000 ---p 00000000 00:00 0 
7faa54000000-7faa54021000 rw-p 00000000 00:00 0 
7faa54021000-7faa58000000 ---p 00000000 00:00 0 
7faa58000000-7faa58021000 rw-p 00000000 00:00 0 
7faa58021000-7faa5c000000 ---p 00000000 00:00 0 
7faa5c000000-7faa5c021000 rw-p 00000000 00:00 0 
7faa5c021000-7faa60000000 ---p 00000000 00:00 0 
7faa60000000-7faa60021000 rw-p 00000000 00:00 0 
7faa60021000-7faa64000000 ---p 00000000 00:00 0 
7faa640cc000-7faa6427d000 rw-p 00000000 00:00 0 
7faa6427d000-7faa6427e000 ---p 00000000 00:00 0 
7faa6427e000-7faa6437e000 rw-p 00000000 00:00 0                          [stack:36082]
7faa6437e000-7faa6437f000 ---p 00000000 00:00 0 
7faa6437f000-7faa6447f000 rw-p 00000000 00:00 0                          [stack:36079]
7faa6447f000-7faa64480000 ---p 00000000 00:00 0 
7faa64480000-7faa64580000 rw-p 00000000 00:00 0                          [stack:36076]
7faa64580000-7faa64581000 ---p 00000000 00:00 0 
7faa64581000-7faa64681000 rw-p 00000000 00:00 0                          [stack:36073]
7faa64681000-7faa64682000 ---p 00000000 00:00 0 
7faa64682000-7faa64782000 rw-p 00000000 00:00 0                          [stack:36070]
7faa64782000-7faa64783000 ---p 00000000 00:00 0 
7faa64783000-7faa64883000 rw-p 00000000 00:00 0                          [stack:36067]
7faa64883000-7faa64884000 ---p 00000000 00:00 0 
7faa64884000-7faa64984000 rw-p 00000000 00:00 0                          [stack:36064]
7faa64984000-7faa64985000 ---p 00000000 00:00 0 
7faa64985000-7faa64a85000 rw-p 00000000 00:00 0                          [stack:36061]
7faa64a85000-7faa64a86000 ---p 00000000 00:00 0 
7faa64a86000-7faa64b86000 rw-p 00000000 00:00 0                          [stack:36059]
7faa64b86000-7faa64b87000 ---p 00000000 00:00 0 
7faa64b87000-7faa64c87000 rw-p 00000000 00:00 0                          [stack:36056]
7faa64c87000-7faa64c88000 ---p 00000000 00:00 0 
7faa64c88000-7faa64d88000 rw-p 00000000 00:00 0                          [stack:36054]
7faa64d88000-7faa64d89000 ---p 00000000 00:00 0 
7faa64d89000-7faa64e89000 rw-p 00000000 00:00 0                          [stack:36053]
7faa64e89000-7faa64e8a000 ---p 00000000 00:00 0 
7faa64e8a000-7faa64f8a000 rw-p 00000000 00:00 0                          [stack:36051]
7faa64f8a000-7faa64f8b000 ---p 00000000 00:00 0 
7faa64f8b000-7faa6508b000 rw-p 00000000 00:00 0                          [stack:36048]
7faa6508b000-7faa6508c000 ---p 00000000 00:00 0 
7faa6508c000-7faa6518c000 rw-p 00000000 00:00 0                          [stack:36045]
7faa6518c000-7faa6518d000 ---p 00000000 00:00 0 
7faa6518d000-7faa6528d000 rw-p 00000000 00:00 0                          [stack:36042]
7faa6528d000-7faa6528e000 ---p 00000000 00:00 0 
7faa6528e000-7faa6538e000 rw-p 00000000 00:00 0                          [stack:36040]
7faa6538e000-7faa6538f000 ---p 00000000 00:00 0 
7faa6538f000-7faa6548f000 rw-p 00000000 00:00 0                          [stack:36038]
7faa6548f000-7faa65490000 ---p 00000000 00:00 0 
7faa65490000-7faa65590000 rw-p 00000000 00:00 0                          [stack:36035]
7faa65590000-7faa65591000 ---p 00000000 00:00 0 
7faa65591000-7faa65691000 rw-p 00000000 00:00 0                          [stack:36033]
7faa65691000-7faa65692000 ---p 00000000 00:00 0 
7faa65692000-7faa65792000 rw-p 00000000 00:00 0                          [stack:36031]
7faa65792000-7faa65793000 ---p 00000000 00:00 0 
7faa65793000-7faa65893000 rw-p 00000000 00:00 0                          [stack:36029]
7faa65893000-7faa65894000 ---p 00000000 00:00 0 
7faa65894000-7faa65994000 rw-p 00000000 00:00 0                          [stack:36027]
7faa65994000-7faa65995000 ---p 00000000 00:00 0 
7faa65995000-7faa65a95000 rw-p 00000000 00:00 0                          [stack:36025]
7faa65a95000-7faa65a96000 ---p 00000000 00:00 0 
7faa65a96000-7faa65ce6000 rw-p 00000000 00:00 0                          [stack:36022]
7faa65ce6000-7faa6708d000 ---p 00000000 00:00 0 
7faa6708d000-7faa671dd000 rw-p 00000000 00:00 0 
7faa671dd000-7faa68583000 ---p 00000000 00:00 0 
7faa68583000-7faa68d85000 rw-p 00000000 00:00 0 
7faa68d85000-7faa68fff000 ---p 00000000 00:00 0 
7faa68fff000-7faa69000000 rw-p 00000000 00:00 0 
7faa69000000-7faa69680000 rwxp 00000000 00:00 0 
7faa69680000-7faa78000000 ---p 00000000 00:00 0 
7faa78000000-7faa785c5000 rw-p 00000000 00:00 0 
7faa785c5000-7faa7c000000 ---p 00000000 00:00 0 
7faa7c003000-7faa7c025000 r--p 00000000 00:14 7823                       /usr/share/locale-langpack/pt_BR/LC_MESSAGES/libc.mo
7faa7c025000-7faa7c026000 ---p 00000000 00:00 0 
7faa7c026000-7faa7c126000 rw-p 00000000 00:00 0                          [stack:36020]
7faa7c126000-7faa7c127000 ---p 00000000 00:00 0 
7faa7c127000-7faa7c227000 rw-p 00000000 00:00 0                          [stack:36018]
7faa7c227000-7faa7c228000 ---p 00000000 00:00 0 
7faa7c228000-7faa7c342000 rw-p 00000000 00:00 0                          [stack:36016]
7faa7c342000-7faa7c6e8000 ---p 00000000 00:00 0 
7faa7c6e8000-7faa7c702000 r-xp 00000000 00:2b 13572371                   /home/ppginf/vdfontoura/jdk1.8.0_45/jre/lib/amd64/libzip.so
7faa7c702000-7faa7c902000 ---p 0001a000 00:2b 13572371                   /home/ppginf/vdfontoura/jdk1.8.0_45/jre/lib/amd64/libzip.so
7faa7c902000-7faa7c903000 rw-p 0001a000 00:2b 13572371                   /home/ppginf/vdfontoura/jdk1.8.0_45/jre/lib/amd64/libzip.so
7faa7c903000-7faa7c90f000 r-xp 00000000 00:14 181                        /lib/x86_64-linux-gnu/libnss_ldap.so.2
7faa7c90f000-7faa7cb0e000 ---p 0000c000 00:14 181                        /lib/x86_64-linux-gnu/libnss_ldap.so.2
7faa7cb0e000-7faa7cb0f000 r--p 0000b000 00:14 181                        /lib/x86_64-linux-gnu/libnss_ldap.so.2
7faa7cb0f000-7faa7cb10000 rw-p 0000c000 00:14 181                        /lib/x86_64-linux-gnu/libnss_ldap.so.2
7faa7cb10000-7faa7cb1b000 r-xp 00000000 00:14 178                        /lib/x86_64-linux-gnu/libnss_files-2.19.so
7faa7cb1b000-7faa7cd1a000 ---p 0000b000 00:14 178                        /lib/x86_64-linux-gnu/libnss_files-2.19.so
7faa7cd1a000-7faa7cd1b000 r--p 0000a000 00:14 178                        /lib/x86_64-linux-gnu/libnss_files-2.19.so
7faa7cd1b000-7faa7cd1c000 rw-p 0000b000 00:14 178                        /lib/x86_64-linux-gnu/libnss_files-2.19.so
7faa7cd1c000-7faa7cd27000 r-xp 00000000 00:14 176                        /lib/x86_64-linux-gnu/libnss_nis-2.19.so
7faa7cd27000-7faa7cf26000 ---p 0000b000 00:14 176                        /lib/x86_64-linux-gnu/libnss_nis-2.19.so
7faa7cf26000-7faa7cf27000 r--p 0000a000 00:14 176                        /lib/x86_64-linux-gnu/libnss_nis-2.19.so
7faa7cf27000-7faa7cf28000 rw-p 0000b000 00:14 176                        /lib/x86_64-linux-gnu/libnss_nis-2.19.so
7faa7cf28000-7faa7cf3f000 r-xp 00000000 00:14 174                        /lib/x86_64-linux-gnu/libnsl-2.19.so
7faa7cf3f000-7faa7d13e000 ---p 00017000 00:14 174                        /lib/x86_64-linux-gnu/libnsl-2.19.so
7faa7d13e000-7faa7d13f000 r--p 00016000 00:14 174                        /lib/x86_64-linux-gnu/libnsl-2.19.so
7faa7d13f000-7faa7d140000 rw-p 00017000 00:14 174                        /lib/x86_64-linux-gnu/libnsl-2.19.so
7faa7d140000-7faa7d142000 rw-p 00000000 00:00 0 
7faa7d142000-7faa7d14b000 r-xp 00000000 00:14 172                        /lib/x86_64-linux-gnu/libnss_compat-2.19.so
7faa7d14b000-7faa7d34a000 ---p 00009000 00:14 172                        /lib/x86_64-linux-gnu/libnss_compat-2.19.so
7faa7d34a000-7faa7d34b000 r--p 00008000 00:14 172                        /lib/x86_64-linux-gnu/libnss_compat-2.19.so
7faa7d34b000-7faa7d34c000 rw-p 00009000 00:14 172                        /lib/x86_64-linux-gnu/libnss_compat-2.19.so
7faa7d34c000-7faa7d376000 r-xp 00000000 00:2b 13572364                   /home/ppginf/vdfontoura/jdk1.8.0_45/jre/lib/amd64/libjava.so
7faa7d376000-7faa7d576000 ---p 0002a000 00:2b 13572364                   /home/ppginf/vdfontoura/jdk1.8.0_45/jre/lib/amd64/libjava.so
7faa7d576000-7faa7d578000 rw-p 0002a000 00:2b 13572364                   /home/ppginf/vdfontoura/jdk1.8.0_45/jre/lib/amd64/libjava.so
7faa7d578000-7faa7d585000 r-xp 00000000 00:2b 13572405                   /home/ppginf/vdfontoura/jdk1.8.0_45/jre/lib/amd64/libverify.so
7faa7d585000-7faa7d785000 ---p 0000d000 00:2b 13572405                   /home/ppginf/vdfontoura/jdk1.8.0_45/jre/lib/amd64/libverify.so
7faa7d785000-7faa7d787000 rw-p 0000d000 00:2b 13572405                   /home/ppginf/vdfontoura/jdk1.8.0_45/jre/lib/amd64/libverify.so
7faa7d787000-7faa7d78e000 r-xp 00000000 00:14 44                         /lib/x86_64-linux-gnu/librt-2.19.so
7faa7d78e000-7faa7d98d000 ---p 00007000 00:14 44                         /lib/x86_64-linux-gnu/librt-2.19.so
7faa7d98d000-7faa7d98e000 r--p 00006000 00:14 44                         /lib/x86_64-linux-gnu/librt-2.19.so
7faa7d98e000-7faa7d98f000 rw-p 00007000 00:14 44                         /lib/x86_64-linux-gnu/librt-2.19.so
7faa7d98f000-7faa7da94000 r-xp 00000000 00:14 275                        /lib/x86_64-linux-gnu/libm-2.19.so
7faa7da94000-7faa7dc93000 ---p 00105000 00:14 275                        /lib/x86_64-linux-gnu/libm-2.19.so
7faa7dc93000-7faa7dc94000 r--p 00104000 00:14 275                        /lib/x86_64-linux-gnu/libm-2.19.so
7faa7dc94000-7faa7dc95000 rw-p 00105000 00:14 275                        /lib/x86_64-linux-gnu/libm-2.19.so
7faa7dc95000-7faa7e943000 r-xp 00000000 00:2b 13572410                   /home/ppginf/vdfontoura/jdk1.8.0_45/jre/lib/amd64/server/libjvm.so
7faa7e943000-7faa7eb42000 ---p 00cae000 00:2b 13572410                   /home/ppginf/vdfontoura/jdk1.8.0_45/jre/lib/amd64/server/libjvm.so
7faa7eb42000-7faa7ec19000 rw-p 00cad000 00:2b 13572410                   /home/ppginf/vdfontoura/jdk1.8.0_45/jre/lib/amd64/server/libjvm.so
7faa7ec19000-7faa7ec5d000 rw-p 00000000 00:00 0 
7faa7ec5d000-7faa7ee18000 r-xp 00000000 00:14 46                         /lib/x86_64-linux-gnu/libc-2.19.so
7faa7ee18000-7faa7f017000 ---p 001bb000 00:14 46                         /lib/x86_64-linux-gnu/libc-2.19.so
7faa7f017000-7faa7f01b000 r--p 001ba000 00:14 46                         /lib/x86_64-linux-gnu/libc-2.19.so
7faa7f01b000-7faa7f01d000 rw-p 001be000 00:14 46                         /lib/x86_64-linux-gnu/libc-2.19.so
7faa7f01d000-7faa7f022000 rw-p 00000000 00:00 0 
7faa7f022000-7faa7f025000 r-xp 00000000 00:14 52                         /lib/x86_64-linux-gnu/libdl-2.19.so
7faa7f025000-7faa7f224000 ---p 00003000 00:14 52                         /lib/x86_64-linux-gnu/libdl-2.19.so
7faa7f224000-7faa7f225000 r--p 00002000 00:14 52                         /lib/x86_64-linux-gnu/libdl-2.19.so
7faa7f225000-7faa7f226000 rw-p 00003000 00:14 52                         /lib/x86_64-linux-gnu/libdl-2.19.so
7faa7f226000-7faa7f23b000 r-xp 00000000 00:2b 13572682                   /home/ppginf/vdfontoura/jdk1.8.0_45/lib/amd64/jli/libjli.so
7faa7f23b000-7faa7f43b000 ---p 00015000 00:2b 13572682                   /home/ppginf/vdfontoura/jdk1.8.0_45/lib/amd64/jli/libjli.so
7faa7f43b000-7faa7f43c000 rw-p 00015000 00:2b 13572682                   /home/ppginf/vdfontoura/jdk1.8.0_45/lib/amd64/jli/libjli.so
7faa7f43c000-7faa7f455000 r-xp 00000000 00:14 48                         /lib/x86_64-linux-gnu/libpthread-2.19.so
7faa7f455000-7faa7f654000 ---p 00019000 00:14 48                         /lib/x86_64-linux-gnu/libpthread-2.19.so
7faa7f654000-7faa7f655000 r--p 00018000 00:14 48                         /lib/x86_64-linux-gnu/libpthread-2.19.so
7faa7f655000-7faa7f656000 rw-p 00019000 00:14 48                         /lib/x86_64-linux-gnu/libpthread-2.19.so
7faa7f656000-7faa7f65a000 rw-p 00000000 00:00 0 
7faa7f65a000-7faa7f67d000 r-xp 00000000 00:14 32                         /lib/x86_64-linux-gnu/ld-2.19.so
7faa7f68f000-7faa7f739000 rw-p 00000000 00:00 0 
7faa7f739000-7faa7f73c000 ---p 00000000 00:00 0 
7faa7f73c000-7faa7f83e000 rw-p 00000000 00:00 0                          [stack:35917]
7faa7f842000-7faa7f849000 r--s 00000000 00:14 245                        /usr/lib/x86_64-linux-gnu/gconv/gconv-modules.cache
7faa7f849000-7faa7f854000 r--s 00116000 00:2b 13572443                   /home/ppginf/vdfontoura/jdk1.8.0_45/jre/lib/ext/localedata.jar
7faa7f854000-7faa7f870000 r--s 00393000 00:2b 13572445                   /home/ppginf/vdfontoura/jdk1.8.0_45/jre/lib/ext/cldrdata.jar
7faa7f870000-7faa7f878000 rw-s 00000000 00:16 11284363                   /tmp/hsperfdata_vdfontoura/35906
7faa7f878000-7faa7f879000 rw-p 00000000 00:00 0 
7faa7f879000-7faa7f87a000 ---p 00000000 00:00 0 
7faa7f87a000-7faa7f87c000 rw-p 00000000 00:00 0 
7faa7f87c000-7faa7f87d000 r--p 00022000 00:14 32                         /lib/x86_64-linux-gnu/ld-2.19.so
7faa7f87d000-7faa7f87e000 rw-p 00023000 00:14 32                         /lib/x86_64-linux-gnu/ld-2.19.so
7faa7f87e000-7faa7f87f000 rw-p 00000000 00:00 0 
7ffd36eb4000-7ffd36ed5000 rw-p 00000000 00:00 0                          [stack]
7ffd36f79000-7ffd36f7b000 r--p 00000000 00:00 0                          [vvar]
7ffd36f7b000-7ffd36f7d000 r-xp 00000000 00:00 0                          [vdso]
ffffffffff600000-ffffffffff601000 r-xp 00000000 00:00 0                  [vsyscall]

VM Arguments:
java_command: ../../target/NSGAIIHH.jar 1000 2500000 SinglePointCrossover,IntegerTwoPointsCrossover,MultiPointsCrossover BitFlipMutation,LoopMoveOperator,LocalMoveOperator,SegmentMutation,OppositeMoveOperator 1.0 1.0 1 1 nsgaii-result/result-6 0 0 Random HHHHHHHHHHHHPHPHPPHHPPHHPPHPPHHPPHHPPHPPHHPPHHPPHPHPHHHHHHHHHHHH false 20
java_class_path (initial): ../../target/NSGAIIHH.jar
Launcher Type: SUN_STANDARD

Environment Variables:
JAVA_HOME=/home/ppginf/vdfontoura/jdk1.8.0_45/
PATH=/home/ppginf/vdfontoura/jdk1.8.0_45//bin:/usr/local/sbin:/usr/local/bin:/usr/sbin:/usr/bin:/sbin:/bin:/usr/games:/usr/local/games:.:/home/html/inf/silvia/topicos/ferramentas/poketool/bin:/home/html/inf/silvia/topicos/ferramentas/proteum1.4.1/LINUX/bin:/home/ppginf/vdfontoura/tools/apache-maven-3.3.3/bin
SHELL=/bin/bash

Signal Handlers:
SIGSEGV: [libjvm.so+0xaad1e0], sa_mask[0]=11111111011111111101111111111110, sa_flags=SA_RESTART|SA_SIGINFO
SIGBUS: [libjvm.so+0xaad1e0], sa_mask[0]=11111111011111111101111111111110, sa_flags=SA_RESTART|SA_SIGINFO
SIGFPE: [libjvm.so+0x90b450], sa_mask[0]=11111111011111111101111111111110, sa_flags=SA_RESTART|SA_SIGINFO
SIGPIPE: [libjvm.so+0x90b450], sa_mask[0]=11111111011111111101111111111110, sa_flags=SA_RESTART|SA_SIGINFO
SIGXFSZ: [libjvm.so+0x90b450], sa_mask[0]=11111111011111111101111111111110, sa_flags=SA_RESTART|SA_SIGINFO
SIGILL: [libjvm.so+0x90b450], sa_mask[0]=11111111011111111101111111111110, sa_flags=SA_RESTART|SA_SIGINFO
SIGUSR1: SIG_DFL, sa_mask[0]=00000000000000000000000000000000, sa_flags=none
SIGUSR2: [libjvm.so+0x90ca90], sa_mask[0]=00000000000000000000000000000000, sa_flags=SA_RESTART|SA_SIGINFO
SIGHUP: SIG_IGN, sa_mask[0]=00000000000000000000000000000000, sa_flags=none
SIGINT: SIG_IGN, sa_mask[0]=00000000000000000000000000000000, sa_flags=none
SIGTERM: [libjvm.so+0x90dde0], sa_mask[0]=11111111011111111101111111111110, sa_flags=SA_RESTART|SA_SIGINFO
SIGQUIT: [libjvm.so+0x90dde0], sa_mask[0]=11111111011111111101111111111110, sa_flags=SA_RESTART|SA_SIGINFO


---------------  S Y S T E M  ---------------

OS:DISTRIB_ID=LinuxMint
DISTRIB_RELEASE=17
DISTRIB_CODENAME=qiana
DISTRIB_DESCRIPTION="Linux Mint 17 Qiana"

uname:Linux 4.0.1-kernel+ #2 SMP Wed May 6 16:11:56 BRT 2015 x86_64
libc:glibc 2.19 NPTL 2.19 
rlimit: STACK 8192k, CORE 0k, NPROC 257486, NOFILE 4096, AS infinity
load average:15,30 7,36 5,63

/proc/meminfo:
MemTotal:       65941760 kB
MemFree:          707748 kB
MemAvailable:     685840 kB
Buffers:               0 kB
Cached:           192560 kB
SwapCached:            0 kB
Active:         64412044 kB
Inactive:         109040 kB
Active(anon):   64401436 kB
Inactive(anon):    12640 kB
Active(file):      10608 kB
Inactive(file):    96400 kB
Unevictable:           0 kB
Mlocked:               0 kB
SwapTotal:             0 kB
SwapFree:              0 kB
Dirty:               492 kB
Writeback:             0 kB
AnonPages:      64328892 kB
Mapped:            30112 kB
Shmem:             85508 kB
Slab:             225488 kB
SReclaimable:      74432 kB
SUnreclaim:       151056 kB
KernelStack:       21408 kB
PageTables:       142948 kB
NFS_Unstable:        132 kB
Bounce:                0 kB
WritebackTmp:          0 kB
CommitLimit:    32970880 kB
Committed_AS:   92146192 kB
VmallocTotal:   34359738367 kB
VmallocUsed:      482256 kB
VmallocChunk:   34325709820 kB
HardwareCorrupted:     0 kB
AnonHugePages:         0 kB
HugePages_Total:       0
HugePages_Free:        0
HugePages_Rsvd:        0
HugePages_Surp:        0
Hugepagesize:       2048 kB
DirectMap4k:    64465548 kB
DirectMap2M:     2609152 kB
DirectMap1G:     2097152 kB


CPU:total 40 (10 cores per cpu, 2 threads per core) family 6 model 62 stepping 4, cmov, cx8, fxsr, mmx, sse, sse2, sse3, ssse3, sse4.1, sse4.2, popcnt, avx, aes, clmul, erms, ht, tsc, tscinvbit

/proc/cpuinfo:
processor	: 0
vendor_id	: GenuineIntel
cpu family	: 6
model		: 62
model name	: Intel(R) Xeon(R) CPU E5-2680 v2 @ 2.80GHz
stepping	: 4
microcode	: 0x415
cpu MHz		: 3099.906
cache size	: 25600 KB
physical id	: 0
siblings	: 20
core id		: 0
cpu cores	: 10
apicid		: 0
initial apicid	: 0
fpu		: yes
fpu_exception	: yes
cpuid level	: 13
wp		: yes
flags		: fpu vme de pse tsc msr pae mce cx8 apic sep mtrr pge mca cmov pat pse36 clflush dts acpi mmx fxsr sse sse2 ss ht tm pbe syscall nx pdpe1gb rdtscp lm constant_tsc arch_perfmon pebs bts rep_good nopl xtopology nonstop_tsc aperfmperf eagerfpu pni pclmulqdq dtes64 monitor ds_cpl vmx smx est tm2 ssse3 cx16 xtpr pdcm pcid dca sse4_1 sse4_2 x2apic popcnt tsc_deadline_timer aes xsave avx f16c rdrand lahf_lm ida arat epb pln pts dtherm tpr_shadow vnmi flexpriority ept vpid fsgsbase smep erms xsaveopt
bugs		:
bogomips	: 5600.11
clflush size	: 64
cache_alignment	: 64
address sizes	: 46 bits physical, 48 bits virtual
power management:

processor	: 1
vendor_id	: GenuineIntel
cpu family	: 6
model		: 62
model name	: Intel(R) Xeon(R) CPU E5-2680 v2 @ 2.80GHz
stepping	: 4
microcode	: 0x415
cpu MHz		: 3099.906
cache size	: 25600 KB
physical id	: 0
siblings	: 20
core id		: 1
cpu cores	: 10
apicid		: 2
initial apicid	: 2
fpu		: yes
fpu_exception	: yes
cpuid level	: 13
wp		: yes
flags		: fpu vme de pse tsc msr pae mce cx8 apic sep mtrr pge mca cmov pat pse36 clflush dts acpi mmx fxsr sse sse2 ss ht tm pbe syscall nx pdpe1gb rdtscp lm constant_tsc arch_perfmon pebs bts rep_good nopl xtopology nonstop_tsc aperfmperf eagerfpu pni pclmulqdq dtes64 monitor ds_cpl vmx smx est tm2 ssse3 cx16 xtpr pdcm pcid dca sse4_1 sse4_2 x2apic popcnt tsc_deadline_timer aes xsave avx f16c rdrand lahf_lm ida arat epb pln pts dtherm tpr_shadow vnmi flexpriority ept vpid fsgsbase smep erms xsaveopt
bugs		:
bogomips	: 5600.11
clflush size	: 64
cache_alignment	: 64
address sizes	: 46 bits physical, 48 bits virtual
power management:

processor	: 2
vendor_id	: GenuineIntel
cpu family	: 6
model		: 62
model name	: Intel(R) Xeon(R) CPU E5-2680 v2 @ 2.80GHz
stepping	: 4
microcode	: 0x415
cpu MHz		: 3099.906
cache size	: 25600 KB
physical id	: 0
siblings	: 20
core id		: 2
cpu cores	: 10
apicid		: 4
initial apicid	: 4
fpu		: yes
fpu_exception	: yes
cpuid level	: 13
wp		: yes
flags		: fpu vme de pse tsc msr pae mce cx8 apic sep mtrr pge mca cmov pat pse36 clflush dts acpi mmx fxsr sse sse2 ss ht tm pbe syscall nx pdpe1gb rdtscp lm constant_tsc arch_perfmon pebs bts rep_good nopl xtopology nonstop_tsc aperfmperf eagerfpu pni pclmulqdq dtes64 monitor ds_cpl vmx smx est tm2 ssse3 cx16 xtpr pdcm pcid dca sse4_1 sse4_2 x2apic popcnt tsc_deadline_timer aes xsave avx f16c rdrand lahf_lm ida arat epb pln pts dtherm tpr_shadow vnmi flexpriority ept vpid fsgsbase smep erms xsaveopt
bugs		:
bogomips	: 5600.11
clflush size	: 64
cache_alignment	: 64
address sizes	: 46 bits physical, 48 bits virtual
power management:

processor	: 3
vendor_id	: GenuineIntel
cpu family	: 6
model		: 62
model name	: Intel(R) Xeon(R) CPU E5-2680 v2 @ 2.80GHz
stepping	: 4
microcode	: 0x415
cpu MHz		: 3099.906
cache size	: 25600 KB
physical id	: 0
siblings	: 20
core id		: 3
cpu cores	: 10
apicid		: 6
initial apicid	: 6
fpu		: yes
fpu_exception	: yes
cpuid level	: 13
wp		: yes
flags		: fpu vme de pse tsc msr pae mce cx8 apic sep mtrr pge mca cmov pat pse36 clflush dts acpi mmx fxsr sse sse2 ss ht tm pbe syscall nx pdpe1gb rdtscp lm constant_tsc arch_perfmon pebs bts rep_good nopl xtopology nonstop_tsc aperfmperf eagerfpu pni pclmulqdq dtes64 monitor ds_cpl vmx smx est tm2 ssse3 cx16 xtpr pdcm pcid dca sse4_1 sse4_2 x2apic popcnt tsc_deadline_timer aes xsave avx f16c rdrand lahf_lm ida arat epb pln pts dtherm tpr_shadow vnmi flexpriority ept vpid fsgsbase smep erms xsaveopt
bugs		:
bogomips	: 5600.11
clflush size	: 64
cache_alignment	: 64
address sizes	: 46 bits physical, 48 bits virtual
power management:

processor	: 4
vendor_id	: GenuineIntel
cpu family	: 6
model		: 62
model name	: Intel(R) Xeon(R) CPU E5-2680 v2 @ 2.80GHz
stepping	: 4
microcode	: 0x415
cpu MHz		: 3099.906
cache size	: 25600 KB
physical id	: 0
siblings	: 20
core id		: 4
cpu cores	: 10
apicid		: 8
initial apicid	: 8
fpu		: yes
fpu_exception	: yes
cpuid level	: 13
wp		: yes
flags		: fpu vme de pse tsc msr pae mce cx8 apic sep mtrr pge mca cmov pat pse36 clflush dts acpi mmx fxsr sse sse2 ss ht tm pbe syscall nx pdpe1gb rdtscp lm constant_tsc arch_perfmon pebs bts rep_good nopl xtopology nonstop_tsc aperfmperf eagerfpu pni pclmulqdq dtes64 monitor ds_cpl vmx smx est tm2 ssse3 cx16 xtpr pdcm pcid dca sse4_1 sse4_2 x2apic popcnt tsc_deadline_timer aes xsave avx f16c rdrand lahf_lm ida arat epb pln pts dtherm tpr_shadow vnmi flexpriority ept vpid fsgsbase smep erms xsaveopt
bugs		:
bogomips	: 5600.11
clflush size	: 64
cache_alignment	: 64
address sizes	: 46 bits physical, 48 bits virtual
power management:

processor	: 5
vendor_id	: GenuineIntel
cpu family	: 6
model		: 62
model name	: Intel(R) Xeon(R) CPU E5-2680 v2 @ 2.80GHz
stepping	: 4
microcode	: 0x415
cpu MHz		: 3099.906
cache size	: 25600 KB
physical id	: 0
siblings	: 20
core id		: 8
cpu cores	: 10
apicid		: 16
initial apicid	: 16
fpu		: yes
fpu_exception	: yes
cpuid level	: 13
wp		: yes
flags		: fpu vme de pse tsc msr pae mce cx8 apic sep mtrr pge mca cmov pat pse36 clflush dts acpi mmx fxsr sse sse2 ss ht tm pbe syscall nx pdpe1gb rdtscp lm constant_tsc arch_perfmon pebs bts rep_good nopl xtopology nonstop_tsc aperfmperf eagerfpu pni pclmulqdq dtes64 monitor ds_cpl vmx smx est tm2 ssse3 cx16 xtpr pdcm pcid dca sse4_1 sse4_2 x2apic popcnt tsc_deadline_timer aes xsave avx f16c rdrand lahf_lm ida arat epb pln pts dtherm tpr_shadow vnmi flexpriority ept vpid fsgsbase smep erms xsaveopt
bugs		:
bogomips	: 5600.11
clflush size	: 64
cache_alignment	: 64
address sizes	: 46 bits physical, 48 bits virtual
power management:

processor	: 6
vendor_id	: GenuineIntel
cpu family	: 6
model		: 62
model name	: Intel(R) Xeon(R) CPU E5-2680 v2 @ 2.80GHz
stepping	: 4
microcode	: 0x415
cpu MHz		: 3099.906
cache size	: 25600 KB
physical id	: 0
siblings	: 20
core id		: 9
cpu cores	: 10
apicid		: 18
initial apicid	: 18
fpu		: yes
fpu_exception	: yes
cpuid level	: 13
wp		: yes
flags		: fpu vme de pse tsc msr pae mce cx8 apic sep mtrr pge mca cmov pat pse36 clflush dts acpi mmx fxsr sse sse2 ss ht tm pbe syscall nx pdpe1gb rdtscp lm constant_tsc arch_perfmon pebs bts rep_good nopl xtopology nonstop_tsc aperfmperf eagerfpu pni pclmulqdq dtes64 monitor ds_cpl vmx smx est tm2 ssse3 cx16 xtpr pdcm pcid dca sse4_1 sse4_2 x2apic popcnt tsc_deadline_timer aes xsave avx f16c rdrand lahf_lm ida arat epb pln pts dtherm tpr_shadow vnmi flexpriority ept vpid fsgsbase smep erms xsaveopt
bugs		:
bogomips	: 5600.11
clflush size	: 64
cache_alignment	: 64
address sizes	: 46 bits physical, 48 bits virtual
power management:

processor	: 7
vendor_id	: GenuineIntel
cpu family	: 6
model		: 62
model name	: Intel(R) Xeon(R) CPU E5-2680 v2 @ 2.80GHz
stepping	: 4
microcode	: 0x415
cpu MHz		: 3099.906
cache size	: 25600 KB
physical id	: 0
siblings	: 20
core id		: 10
cpu cores	: 10
apicid		: 20
initial apicid	: 20
fpu		: yes
fpu_exception	: yes
cpuid level	: 13
wp		: yes
flags		: fpu vme de pse tsc msr pae mce cx8 apic sep mtrr pge mca cmov pat pse36 clflush dts acpi mmx fxsr sse sse2 ss ht tm pbe syscall nx pdpe1gb rdtscp lm constant_tsc arch_perfmon pebs bts rep_good nopl xtopology nonstop_tsc aperfmperf eagerfpu pni pclmulqdq dtes64 monitor ds_cpl vmx smx est tm2 ssse3 cx16 xtpr pdcm pcid dca sse4_1 sse4_2 x2apic popcnt tsc_deadline_timer aes xsave avx f16c rdrand lahf_lm ida arat epb pln pts dtherm tpr_shadow vnmi flexpriority ept vpid fsgsbase smep erms xsaveopt
bugs		:
bogomips	: 5600.11
clflush size	: 64
cache_alignment	: 64
address sizes	: 46 bits physical, 48 bits virtual
power management:

processor	: 8
vendor_id	: GenuineIntel
cpu family	: 6
model		: 62
model name	: Intel(R) Xeon(R) CPU E5-2680 v2 @ 2.80GHz
stepping	: 4
microcode	: 0x415
cpu MHz		: 3099.906
cache size	: 25600 KB
physical id	: 0
siblings	: 20
core id		: 11
cpu cores	: 10
apicid		: 22
initial apicid	: 22
fpu		: yes
fpu_exception	: yes
cpuid level	: 13
wp		: yes
flags		: fpu vme de pse tsc msr pae mce cx8 apic sep mtrr pge mca cmov pat pse36 clflush dts acpi mmx fxsr sse sse2 ss ht tm pbe syscall nx pdpe1gb rdtscp lm constant_tsc arch_perfmon pebs bts rep_good nopl xtopology nonstop_tsc aperfmperf eagerfpu pni pclmulqdq dtes64 monitor ds_cpl vmx smx est tm2 ssse3 cx16 xtpr pdcm pcid dca sse4_1 sse4_2 x2apic popcnt tsc_deadline_timer aes xsave avx f16c rdrand lahf_lm ida arat epb pln pts dtherm tpr_shadow vnmi flexpriority ept vpid fsgsbase smep erms xsaveopt
bugs		:
bogomips	: 5600.11
clflush size	: 64
cache_alignment	: 64
address sizes	: 46 bits physical, 48 bits virtual
power management:

processor	: 9
vendor_id	: GenuineIntel
cpu family	: 6
model		: 62
model name	: Intel(R) Xeon(R) CPU E5-2680 v2 @ 2.80GHz
stepping	: 4
microcode	: 0x415
cpu MHz		: 3099.906
cache size	: 25600 KB
physical id	: 0
siblings	: 20
core id		: 12
cpu cores	: 10
apicid		: 24
initial apicid	: 24
fpu		: yes
fpu_exception	: yes
cpuid level	: 13
wp		: yes
flags		: fpu vme de pse tsc msr pae mce cx8 apic sep mtrr pge mca cmov pat pse36 clflush dts acpi mmx fxsr sse sse2 ss ht tm pbe syscall nx pdpe1gb rdtscp lm constant_tsc arch_perfmon pebs bts rep_good nopl xtopology nonstop_tsc aperfmperf eagerfpu pni pclmulqdq dtes64 monitor ds_cpl vmx smx est tm2 ssse3 cx16 xtpr pdcm pcid dca sse4_1 sse4_2 x2apic popcnt tsc_deadline_timer aes xsave avx f16c rdrand lahf_lm ida arat epb pln pts dtherm tpr_shadow vnmi flexpriority ept vpid fsgsbase smep erms xsaveopt
bugs		:
bogomips	: 5600.11
clflush size	: 64
cache_alignment	: 64
address sizes	: 46 bits physical, 48 bits virtual
power management:

processor	: 10
vendor_id	: GenuineIntel
cpu family	: 6
model		: 62
model name	: Intel(R) Xeon(R) CPU E5-2680 v2 @ 2.80GHz
stepping	: 4
microcode	: 0x415
cpu MHz		: 3100.015
cache size	: 25600 KB
physical id	: 1
siblings	: 20
core id		: 0
cpu cores	: 10
apicid		: 32
initial apicid	: 32
fpu		: yes
fpu_exception	: yes
cpuid level	: 13
wp		: yes
flags		: fpu vme de pse tsc msr pae mce cx8 apic sep mtrr pge mca cmov pat pse36 clflush dts acpi mmx fxsr sse sse2 ss ht tm pbe syscall nx pdpe1gb rdtscp lm constant_tsc arch_perfmon pebs bts rep_good nopl xtopology nonstop_tsc aperfmperf eagerfpu pni pclmulqdq dtes64 monitor ds_cpl vmx smx est tm2 ssse3 cx16 xtpr pdcm pcid dca sse4_1 sse4_2 x2apic popcnt tsc_deadline_timer aes xsave avx f16c rdrand lahf_lm ida arat epb pln pts dtherm tpr_shadow vnmi flexpriority ept vpid fsgsbase smep erms xsaveopt
bugs		:
bogomips	: 5601.80
clflush size	: 64
cache_alignment	: 64
address sizes	: 46 bits physical, 48 bits virtual
power management:

processor	: 11
vendor_id	: GenuineIntel
cpu family	: 6
model		: 62
model name	: Intel(R) Xeon(R) CPU E5-2680 v2 @ 2.80GHz
stepping	: 4
microcode	: 0x415
cpu MHz		: 3099.906
cache size	: 25600 KB
physical id	: 1
siblings	: 20
core id		: 1
cpu cores	: 10
apicid		: 34
initial apicid	: 34
fpu		: yes
fpu_exception	: yes
cpuid level	: 13
wp		: yes
flags		: fpu vme de pse tsc msr pae mce cx8 apic sep mtrr pge mca cmov pat pse36 clflush dts acpi mmx fxsr sse sse2 ss ht tm pbe syscall nx pdpe1gb rdtscp lm constant_tsc arch_perfmon pebs bts rep_good nopl xtopology nonstop_tsc aperfmperf eagerfpu pni pclmulqdq dtes64 monitor ds_cpl vmx smx est tm2 ssse3 cx16 xtpr pdcm pcid dca sse4_1 sse4_2 x2apic popcnt tsc_deadline_timer aes xsave avx f16c rdrand lahf_lm ida arat epb pln pts dtherm tpr_shadow vnmi flexpriority ept vpid fsgsbase smep erms xsaveopt
bugs		:
bogomips	: 5601.80
clflush size	: 64
cache_alignment	: 64
address sizes	: 46 bits physical, 48 bits virtual
power management:

processor	: 12
vendor_id	: GenuineIntel
cpu family	: 6
model		: 62
model name	: Intel(R) Xeon(R) CPU E5-2680 v2 @ 2.80GHz
stepping	: 4
microcode	: 0x415
cpu MHz		: 3099.906
cache size	: 25600 KB
physical id	: 1
siblings	: 20
core id		: 2
cpu cores	: 10
apicid		: 36
initial apicid	: 36
fpu		: yes
fpu_exception	: yes
cpuid level	: 13
wp		: yes
flags		: fpu vme de pse tsc msr pae mce cx8 apic sep mtrr pge mca cmov pat pse36 clflush dts acpi mmx fxsr sse sse2 ss ht tm pbe syscall nx pdpe1gb rdtscp lm constant_tsc arch_perfmon pebs bts rep_good nopl xtopology nonstop_tsc aperfmperf eagerfpu pni pclmulqdq dtes64 monitor ds_cpl vmx smx est tm2 ssse3 cx16 xtpr pdcm pcid dca sse4_1 sse4_2 x2apic popcnt tsc_deadline_timer aes xsave avx f16c rdrand lahf_lm ida arat epb pln pts dtherm tpr_shadow vnmi flexpriority ept vpid fsgsbase smep erms xsaveopt
bugs		:
bogomips	: 5601.80
clflush size	: 64
cache_alignment	: 64
address sizes	: 46 bits physical, 48 bits virtual
power management:

processor	: 13
vendor_id	: GenuineIntel
cpu family	: 6
model		: 62
model name	: Intel(R) Xeon(R) CPU E5-2680 v2 @ 2.80GHz
stepping	: 4
microcode	: 0x415
cpu MHz		: 3099.906
cache size	: 25600 KB
physical id	: 1
siblings	: 20
core id		: 3
cpu cores	: 10
apicid		: 38
initial apicid	: 38
fpu		: yes
fpu_exception	: yes
cpuid level	: 13
wp		: yes
flags		: fpu vme de pse tsc msr pae mce cx8 apic sep mtrr pge mca cmov pat pse36 clflush dts acpi mmx fxsr sse sse2 ss ht tm pbe syscall nx pdpe1gb rdtscp lm constant_tsc arch_perfmon pebs bts rep_good nopl xtopology nonstop_tsc aperfmperf eagerfpu pni pclmulqdq dtes64 monitor ds_cpl vmx smx est tm2 ssse3 cx16 xtpr pdcm pcid dca sse4_1 sse4_2 x2apic popcnt tsc_deadline_timer aes xsave avx f16c rdrand lahf_lm ida arat epb pln pts dtherm tpr_shadow vnmi flexpriority ept vpid fsgsbase smep erms xsaveopt
bugs		:
bogomips	: 5601.80
clflush size	: 64
cache_alignment	: 64
address sizes	: 46 bits physical, 48 bits virtual
power management:

processor	: 14
vendor_id	: GenuineIntel
cpu family	: 6
model		: 62
model name	: Intel(R) Xeon(R) CPU E5-2680 v2 @ 2.80GHz
stepping	: 4
microcode	: 0x415
cpu MHz		: 3099.906
cache size	: 25600 KB
physical id	: 1
siblings	: 20
core id		: 4
cpu cores	: 10
apicid		: 40
initial apicid	: 40
fpu		: yes
fpu_exception	: yes
cpuid level	: 13
wp		: yes
flags		: fpu vme de pse tsc msr pae mce cx8 apic sep mtrr pge mca cmov pat pse36 clflush dts acpi mmx fxsr sse sse2 ss ht tm pbe syscall nx pdpe1gb rdtscp lm constant_tsc arch_perfmon pebs bts rep_good nopl xtopology nonstop_tsc aperfmperf eagerfpu pni pclmulqdq dtes64 monitor ds_cpl vmx smx est tm2 ssse3 cx16 xtpr pdcm pcid dca sse4_1 sse4_2 x2apic popcnt tsc_deadline_timer aes xsave avx f16c rdrand lahf_lm ida arat epb pln pts dtherm tpr_shadow vnmi flexpriority ept vpid fsgsbase smep erms xsaveopt
bugs		:
bogomips	: 5601.80
clflush size	: 64
cache_alignment	: 64
address sizes	: 46 bits physical, 48 bits virtual
power management:

processor	: 15
vendor_id	: GenuineIntel
cpu family	: 6
model		: 62
model name	: Intel(R) Xeon(R) CPU E5-2680 v2 @ 2.80GHz
stepping	: 4
microcode	: 0x415
cpu MHz		: 3099.906
cache size	: 25600 KB
physical id	: 1
siblings	: 20
core id		: 8
cpu cores	: 10
apicid		: 48
initial apicid	: 48
fpu		: yes
fpu_exception	: yes
cpuid level	: 13
wp		: yes
flags		: fpu vme de pse tsc msr pae mce cx8 apic sep mtrr pge mca cmov pat pse36 clflush dts acpi mmx fxsr sse sse2 ss ht tm pbe syscall nx pdpe1gb rdtscp lm constant_tsc arch_perfmon pebs bts rep_good nopl xtopology nonstop_tsc aperfmperf eagerfpu pni pclmulqdq dtes64 monitor ds_cpl vmx smx est tm2 ssse3 cx16 xtpr pdcm pcid dca sse4_1 sse4_2 x2apic popcnt tsc_deadline_timer aes xsave avx f16c rdrand lahf_lm ida arat epb pln pts dtherm tpr_shadow vnmi flexpriority ept vpid fsgsbase smep erms xsaveopt
bugs		:
bogomips	: 5601.80
clflush size	: 64
cache_alignment	: 64
address sizes	: 46 bits physical, 48 bits virtual
power management:

processor	: 16
vendor_id	: GenuineIntel
cpu family	: 6
model		: 62
model name	: Intel(R) Xeon(R) CPU E5-2680 v2 @ 2.80GHz
stepping	: 4
microcode	: 0x415
cpu MHz		: 3099.906
cache size	: 25600 KB
physical id	: 1
siblings	: 20
core id		: 9
cpu cores	: 10
apicid		: 50
initial apicid	: 50
fpu		: yes
fpu_exception	: yes
cpuid level	: 13
wp		: yes
flags		: fpu vme de pse tsc msr pae mce cx8 apic sep mtrr pge mca cmov pat pse36 clflush dts acpi mmx fxsr sse sse2 ss ht tm pbe syscall nx pdpe1gb rdtscp lm constant_tsc arch_perfmon pebs bts rep_good nopl xtopology nonstop_tsc aperfmperf eagerfpu pni pclmulqdq dtes64 monitor ds_cpl vmx smx est tm2 ssse3 cx16 xtpr pdcm pcid dca sse4_1 sse4_2 x2apic popcnt tsc_deadline_timer aes xsave avx f16c rdrand lahf_lm ida arat epb pln pts dtherm tpr_shadow vnmi flexpriority ept vpid fsgsbase smep erms xsaveopt
bugs		:
bogomips	: 5601.80
clflush size	: 64
cache_alignment	: 64
address sizes	: 46 bits physical, 48 bits virtual
power management:

processor	: 17
vendor_id	: GenuineIntel
cpu family	: 6
model		: 62
model name	: Intel(R) Xeon(R) CPU E5-2680 v2 @ 2.80GHz
stepping	: 4
microcode	: 0x415
cpu MHz		: 3099.906
cache size	: 25600 KB
physical id	: 1
siblings	: 20
core id		: 10
cpu cores	: 10
apicid		: 52
initial apicid	: 52
fpu		: yes
fpu_exception	: yes
cpuid level	: 13
wp		: yes
flags		: fpu vme de pse tsc msr pae mce cx8 apic sep mtrr pge mca cmov pat pse36 clflush dts acpi mmx fxsr sse sse2 ss ht tm pbe syscall nx pdpe1gb rdtscp lm constant_tsc arch_perfmon pebs bts rep_good nopl xtopology nonstop_tsc aperfmperf eagerfpu pni pclmulqdq dtes64 monitor ds_cpl vmx smx est tm2 ssse3 cx16 xtpr pdcm pcid dca sse4_1 sse4_2 x2apic popcnt tsc_deadline_timer aes xsave avx f16c rdrand lahf_lm ida arat epb pln pts dtherm tpr_shadow vnmi flexpriority ept vpid fsgsbase smep erms xsaveopt
bugs		:
bogomips	: 5601.80
clflush size	: 64
cache_alignment	: 64
address sizes	: 46 bits physical, 48 bits virtual
power management:

processor	: 18
vendor_id	: GenuineIntel
cpu family	: 6
model		: 62
model name	: Intel(R) Xeon(R) CPU E5-2680 v2 @ 2.80GHz
stepping	: 4
microcode	: 0x415
cpu MHz		: 3099.906
cache size	: 25600 KB
physical id	: 1
siblings	: 20
core id		: 11
cpu cores	: 10
apicid		: 54
initial apicid	: 54
fpu		: yes
fpu_exception	: yes
cpuid level	: 13
wp		: yes
flags		: fpu vme de pse tsc msr pae mce cx8 apic sep mtrr pge mca cmov pat pse36 clflush dts acpi mmx fxsr sse sse2 ss ht tm pbe syscall nx pdpe1gb rdtscp lm constant_tsc arch_perfmon pebs bts rep_good nopl xtopology nonstop_tsc aperfmperf eagerfpu pni pclmulqdq dtes64 monitor ds_cpl vmx smx est tm2 ssse3 cx16 xtpr pdcm pcid dca sse4_1 sse4_2 x2apic popcnt tsc_deadline_timer aes xsave avx f16c rdrand lahf_lm ida arat epb pln pts dtherm tpr_shadow vnmi flexpriority ept vpid fsgsbase smep erms xsaveopt
bugs		:
bogomips	: 5601.80
clflush size	: 64
cache_alignment	: 64
address sizes	: 46 bits physical, 48 bits virtual
power management:

processor	: 19
vendor_id	: GenuineIntel
cpu family	: 6
model		: 62
model name	: Intel(R) Xeon(R) CPU E5-2680 v2 @ 2.80GHz
stepping	: 4
microcode	: 0x415
cpu MHz		: 3099.906
cache size	: 25600 KB
physical id	: 1
siblings	: 20
core id		: 12
cpu cores	: 10
apicid		: 56
initial apicid	: 56
fpu		: yes
fpu_exception	: yes
cpuid level	: 13
wp		: yes
flags		: fpu vme de pse tsc msr pae mce cx8 apic sep mtrr pge mca cmov pat pse36 clflush dts acpi mmx fxsr sse sse2 ss ht tm pbe syscall nx pdpe1gb rdtscp lm constant_tsc arch_perfmon pebs bts rep_good nopl xtopology nonstop_tsc aperfmperf eagerfpu pni pclmulqdq dtes64 monitor ds_cpl vmx smx est tm2 ssse3 cx16 xtpr pdcm pcid dca sse4_1 sse4_2 x2apic popcnt tsc_deadline_timer aes xsave avx f16c rdrand lahf_lm ida arat epb pln pts dtherm tpr_shadow vnmi flexpriority ept vpid fsgsbase smep erms xsaveopt
bugs		:
bogomips	: 5601.80
clflush size	: 64
cache_alignment	: 64
address sizes	: 46 bits physical, 48 bits virtual
power management:

processor	: 20
vendor_id	: GenuineIntel
cpu family	: 6
model		: 62
model name	: Intel(R) Xeon(R) CPU E5-2680 v2 @ 2.80GHz
stepping	: 4
microcode	: 0x415
cpu MHz		: 3099.906
cache size	: 25600 KB
physical id	: 0
siblings	: 20
core id		: 0
cpu cores	: 10
apicid		: 1
initial apicid	: 1
fpu		: yes
fpu_exception	: yes
cpuid level	: 13
wp		: yes
flags		: fpu vme de pse tsc msr pae mce cx8 apic sep mtrr pge mca cmov pat pse36 clflush dts acpi mmx fxsr sse sse2 ss ht tm pbe syscall nx pdpe1gb rdtscp lm constant_tsc arch_perfmon pebs bts rep_good nopl xtopology nonstop_tsc aperfmperf eagerfpu pni pclmulqdq dtes64 monitor ds_cpl vmx smx est tm2 ssse3 cx16 xtpr pdcm pcid dca sse4_1 sse4_2 x2apic popcnt tsc_deadline_timer aes xsave avx f16c rdrand lahf_lm ida arat epb pln pts dtherm tpr_shadow vnmi flexpriority ept vpid fsgsbase smep erms xsaveopt
bugs		:
bogomips	: 5600.11
clflush size	: 64
cache_alignment	: 64
address sizes	: 46 bits physical, 48 bits virtual
power management:

processor	: 21
vendor_id	: GenuineIntel
cpu family	: 6
model		: 62
model name	: Intel(R) Xeon(R) CPU E5-2680 v2 @ 2.80GHz
stepping	: 4
microcode	: 0x415
cpu MHz		: 3099.906
cache size	: 25600 KB
physical id	: 0
siblings	: 20
core id		: 1
cpu cores	: 10
apicid		: 3
initial apicid	: 3
fpu		: yes
fpu_exception	: yes
cpuid level	: 13
wp		: yes
flags		: fpu vme de pse tsc msr pae mce cx8 apic sep mtrr pge mca cmov pat pse36 clflush dts acpi mmx fxsr sse sse2 ss ht tm pbe syscall nx pdpe1gb rdtscp lm constant_tsc arch_perfmon pebs bts rep_good nopl xtopology nonstop_tsc aperfmperf eagerfpu pni pclmulqdq dtes64 monitor ds_cpl vmx smx est tm2 ssse3 cx16 xtpr pdcm pcid dca sse4_1 sse4_2 x2apic popcnt tsc_deadline_timer aes xsave avx f16c rdrand lahf_lm ida arat epb pln pts dtherm tpr_shadow vnmi flexpriority ept vpid fsgsbase smep erms xsaveopt
bugs		:
bogomips	: 5600.11
clflush size	: 64
cache_alignment	: 64
address sizes	: 46 bits physical, 48 bits virtual
power management:

processor	: 22
vendor_id	: GenuineIntel
cpu family	: 6
model		: 62
model name	: Intel(R) Xeon(R) CPU E5-2680 v2 @ 2.80GHz
stepping	: 4
microcode	: 0x415
cpu MHz		: 3100.015
cache size	: 25600 KB
physical id	: 0
siblings	: 20
core id		: 2
cpu cores	: 10
apicid		: 5
initial apicid	: 5
fpu		: yes
fpu_exception	: yes
cpuid level	: 13
wp		: yes
flags		: fpu vme de pse tsc msr pae mce cx8 apic sep mtrr pge mca cmov pat pse36 clflush dts acpi mmx fxsr sse sse2 ss ht tm pbe syscall nx pdpe1gb rdtscp lm constant_tsc arch_perfmon pebs bts rep_good nopl xtopology nonstop_tsc aperfmperf eagerfpu pni pclmulqdq dtes64 monitor ds_cpl vmx smx est tm2 ssse3 cx16 xtpr pdcm pcid dca sse4_1 sse4_2 x2apic popcnt tsc_deadline_timer aes xsave avx f16c rdrand lahf_lm ida arat epb pln pts dtherm tpr_shadow vnmi flexpriority ept vpid fsgsbase smep erms xsaveopt
bugs		:
bogomips	: 5600.11
clflush size	: 64
cache_alignment	: 64
address sizes	: 46 bits physical, 48 bits virtual
power management:

processor	: 23
vendor_id	: GenuineIntel
cpu family	: 6
model		: 62
model name	: Intel(R) Xeon(R) CPU E5-2680 v2 @ 2.80GHz
stepping	: 4
microcode	: 0x415
cpu MHz		: 3099.906
cache size	: 25600 KB
physical id	: 0
siblings	: 20
core id		: 3
cpu cores	: 10
apicid		: 7
initial apicid	: 7
fpu		: yes
fpu_exception	: yes
cpuid level	: 13
wp		: yes
flags		: fpu vme de pse tsc msr pae mce cx8 apic sep mtrr pge mca cmov pat pse36 clflush dts acpi mmx fxsr sse sse2 ss ht tm pbe syscall nx pdpe1gb rdtscp lm constant_tsc arch_perfmon pebs bts rep_good nopl xtopology nonstop_tsc aperfmperf eagerfpu pni pclmulqdq dtes64 monitor ds_cpl vmx smx est tm2 ssse3 cx16 xtpr pdcm pcid dca sse4_1 sse4_2 x2apic popcnt tsc_deadline_timer aes xsave avx f16c rdrand lahf_lm ida arat epb pln pts dtherm tpr_shadow vnmi flexpriority ept vpid fsgsbase smep erms xsaveopt
bugs		:
bogomips	: 5600.11
clflush size	: 64
cache_alignment	: 64
address sizes	: 46 bits physical, 48 bits virtual
power management:

processor	: 24
vendor_id	: GenuineIntel
cpu family	: 6
model		: 62
model name	: Intel(R) Xeon(R) CPU E5-2680 v2 @ 2.80GHz
stepping	: 4
microcode	: 0x415
cpu MHz		: 3099.906
cache size	: 25600 KB
physical id	: 0
siblings	: 20
core id		: 4
cpu cores	: 10
apicid		: 9
initial apicid	: 9
fpu		: yes
fpu_exception	: yes
cpuid level	: 13
wp		: yes
flags		: fpu vme de pse tsc msr pae mce cx8 apic sep mtrr pge mca cmov pat pse36 clflush dts acpi mmx fxsr sse sse2 ss ht tm pbe syscall nx pdpe1gb rdtscp lm constant_tsc arch_perfmon pebs bts rep_good nopl xtopology nonstop_tsc aperfmperf eagerfpu pni pclmulqdq dtes64 monitor ds_cpl vmx smx est tm2 ssse3 cx16 xtpr pdcm pcid dca sse4_1 sse4_2 x2apic popcnt tsc_deadline_timer aes xsave avx f16c rdrand lahf_lm ida arat epb pln pts dtherm tpr_shadow vnmi flexpriority ept vpid fsgsbase smep erms xsaveopt
bugs		:
bogomips	: 5600.11
clflush size	: 64
cache_alignment	: 64
address sizes	: 46 bits physical, 48 bits virtual
power management:

processor	: 25
vendor_id	: GenuineIntel
cpu family	: 6
model		: 62
model name	: Intel(R) Xeon(R) CPU E5-2680 v2 @ 2.80GHz
stepping	: 4
microcode	: 0x415
cpu MHz		: 3099.906
cache size	: 25600 KB
physical id	: 0
siblings	: 20
core id		: 8
cpu cores	: 10
apicid		: 17
initial apicid	: 17
fpu		: yes
fpu_exception	: yes
cpuid level	: 13
wp		: yes
flags		: fpu vme de pse tsc msr pae mce cx8 apic sep mtrr pge mca cmov pat pse36 clflush dts acpi mmx fxsr sse sse2 ss ht tm pbe syscall nx pdpe1gb rdtscp lm constant_tsc arch_perfmon pebs bts rep_good nopl xtopology nonstop_tsc aperfmperf eagerfpu pni pclmulqdq dtes64 monitor ds_cpl vmx smx est tm2 ssse3 cx16 xtpr pdcm pcid dca sse4_1 sse4_2 x2apic popcnt tsc_deadline_timer aes xsave avx f16c rdrand lahf_lm ida arat epb pln pts dtherm tpr_shadow vnmi flexpriority ept vpid fsgsbase smep erms xsaveopt
bugs		:
bogomips	: 5600.11
clflush size	: 64
cache_alignment	: 64
address sizes	: 46 bits physical, 48 bits virtual
power management:

processor	: 26
vendor_id	: GenuineIntel
cpu family	: 6
model		: 62
model name	: Intel(R) Xeon(R) CPU E5-2680 v2 @ 2.80GHz
stepping	: 4
microcode	: 0x415
cpu MHz		: 3099.906
cache size	: 25600 KB
physical id	: 0
siblings	: 20
core id		: 9
cpu cores	: 10
apicid		: 19
initial apicid	: 19
fpu		: yes
fpu_exception	: yes
cpuid level	: 13
wp		: yes
flags		: fpu vme de pse tsc msr pae mce cx8 apic sep mtrr pge mca cmov pat pse36 clflush dts acpi mmx fxsr sse sse2 ss ht tm pbe syscall nx pdpe1gb rdtscp lm constant_tsc arch_perfmon pebs bts rep_good nopl xtopology nonstop_tsc aperfmperf eagerfpu pni pclmulqdq dtes64 monitor ds_cpl vmx smx est tm2 ssse3 cx16 xtpr pdcm pcid dca sse4_1 sse4_2 x2apic popcnt tsc_deadline_timer aes xsave avx f16c rdrand lahf_lm ida arat epb pln pts dtherm tpr_shadow vnmi flexpriority ept vpid fsgsbase smep erms xsaveopt
bugs		:
bogomips	: 5600.11
clflush size	: 64
cache_alignment	: 64
address sizes	: 46 bits physical, 48 bits virtual
power management:

processor	: 27
vendor_id	: GenuineIntel
cpu family	: 6
model		: 62
model name	: Intel(R) Xeon(R) CPU E5-2680 v2 @ 2.80GHz
stepping	: 4
microcode	: 0x415
cpu MHz		: 3100.015
cache size	: 25600 KB
physical id	: 0
siblings	: 20
core id		: 10
cpu cores	: 10
apicid		: 21
initial apicid	: 21
fpu		: yes
fpu_exception	: yes
cpuid level	: 13
wp		: yes
flags		: fpu vme de pse tsc msr pae mce cx8 apic sep mtrr pge mca cmov pat pse36 clflush dts acpi mmx fxsr sse sse2 ss ht tm pbe syscall nx pdpe1gb rdtscp lm constant_tsc arch_perfmon pebs bts rep_good nopl xtopology nonstop_tsc aperfmperf eagerfpu pni pclmulqdq dtes64 monitor ds_cpl vmx smx est tm2 ssse3 cx16 xtpr pdcm pcid dca sse4_1 sse4_2 x2apic popcnt tsc_deadline_timer aes xsave avx f16c rdrand lahf_lm ida arat epb pln pts dtherm tpr_shadow vnmi flexpriority ept vpid fsgsbase smep erms xsaveopt
bugs		:
bogomips	: 5600.11
clflush size	: 64
cache_alignment	: 64
address sizes	: 46 bits physical, 48 bits virtual
power management:

processor	: 28
vendor_id	: GenuineIntel
cpu family	: 6
model		: 62
model name	: Intel(R) Xeon(R) CPU E5-2680 v2 @ 2.80GHz
stepping	: 4
microcode	: 0x415
cpu MHz		: 3099.906
cache size	: 25600 KB
physical id	: 0
siblings	: 20
core id		: 11
cpu cores	: 10
apicid		: 23
initial apicid	: 23
fpu		: yes
fpu_exception	: yes
cpuid level	: 13
wp		: yes
flags		: fpu vme de pse tsc msr pae mce cx8 apic sep mtrr pge mca cmov pat pse36 clflush dts acpi mmx fxsr sse sse2 ss ht tm pbe syscall nx pdpe1gb rdtscp lm constant_tsc arch_perfmon pebs bts rep_good nopl xtopology nonstop_tsc aperfmperf eagerfpu pni pclmulqdq dtes64 monitor ds_cpl vmx smx est tm2 ssse3 cx16 xtpr pdcm pcid dca sse4_1 sse4_2 x2apic popcnt tsc_deadline_timer aes xsave avx f16c rdrand lahf_lm ida arat epb pln pts dtherm tpr_shadow vnmi flexpriority ept vpid fsgsbase smep erms xsaveopt
bugs		:
bogomips	: 5600.11
clflush size	: 64
cache_alignment	: 64
address sizes	: 46 bits physical, 48 bits virtual
power management:

processor	: 29
vendor_id	: GenuineIntel
cpu family	: 6
model		: 62
model name	: Intel(R) Xeon(R) CPU E5-2680 v2 @ 2.80GHz
stepping	: 4
microcode	: 0x415
cpu MHz		: 3099.906
cache size	: 25600 KB
physical id	: 0
siblings	: 20
core id		: 12
cpu cores	: 10
apicid		: 25
initial apicid	: 25
fpu		: yes
fpu_exception	: yes
cpuid level	: 13
wp		: yes
flags		: fpu vme de pse tsc msr pae mce cx8 apic sep mtrr pge mca cmov pat pse36 clflush dts acpi mmx fxsr sse sse2 ss ht tm pbe syscall nx pdpe1gb rdtscp lm constant_tsc arch_perfmon pebs bts rep_good nopl xtopology nonstop_tsc aperfmperf eagerfpu pni pclmulqdq dtes64 monitor ds_cpl vmx smx est tm2 ssse3 cx16 xtpr pdcm pcid dca sse4_1 sse4_2 x2apic popcnt tsc_deadline_timer aes xsave avx f16c rdrand lahf_lm ida arat epb pln pts dtherm tpr_shadow vnmi flexpriority ept vpid fsgsbase smep erms xsaveopt
bugs		:
bogomips	: 5600.11
clflush size	: 64
cache_alignment	: 64
address sizes	: 46 bits physical, 48 bits virtual
power management:

processor	: 30
vendor_id	: GenuineIntel
cpu family	: 6
model		: 62
model name	: Intel(R) Xeon(R) CPU E5-2680 v2 @ 2.80GHz
stepping	: 4
microcode	: 0x415
cpu MHz		: 3099.906
cache size	: 25600 KB
physical id	: 1
siblings	: 20
core id		: 0
cpu cores	: 10
apicid		: 33
initial apicid	: 33
fpu		: yes
fpu_exception	: yes
cpuid level	: 13
wp		: yes
flags		: fpu vme de pse tsc msr pae mce cx8 apic sep mtrr pge mca cmov pat pse36 clflush dts acpi mmx fxsr sse sse2 ss ht tm pbe syscall nx pdpe1gb rdtscp lm constant_tsc arch_perfmon pebs bts rep_good nopl xtopology nonstop_tsc aperfmperf eagerfpu pni pclmulqdq dtes64 monitor ds_cpl vmx smx est tm2 ssse3 cx16 xtpr pdcm pcid dca sse4_1 sse4_2 x2apic popcnt tsc_deadline_timer aes xsave avx f16c rdrand lahf_lm ida arat epb pln pts dtherm tpr_shadow vnmi flexpriority ept vpid fsgsbase smep erms xsaveopt
bugs		:
bogomips	: 5601.80
clflush size	: 64
cache_alignment	: 64
address sizes	: 46 bits physical, 48 bits virtual
power management:

processor	: 31
vendor_id	: GenuineIntel
cpu family	: 6
model		: 62
model name	: Intel(R) Xeon(R) CPU E5-2680 v2 @ 2.80GHz
stepping	: 4
microcode	: 0x415
cpu MHz		: 3099.906
cache size	: 25600 KB
physical id	: 1
siblings	: 20
core id		: 1
cpu cores	: 10
apicid		: 35
initial apicid	: 35
fpu		: yes
fpu_exception	: yes
cpuid level	: 13
wp		: yes
flags		: fpu vme de pse tsc msr pae mce cx8 apic sep mtrr pge mca cmov pat pse36 clflush dts acpi mmx fxsr sse sse2 ss ht tm pbe syscall nx pdpe1gb rdtscp lm constant_tsc arch_perfmon pebs bts rep_good nopl xtopology nonstop_tsc aperfmperf eagerfpu pni pclmulqdq dtes64 monitor ds_cpl vmx smx est tm2 ssse3 cx16 xtpr pdcm pcid dca sse4_1 sse4_2 x2apic popcnt tsc_deadline_timer aes xsave avx f16c rdrand lahf_lm ida arat epb pln pts dtherm tpr_shadow vnmi flexpriority ept vpid fsgsbase smep erms xsaveopt
bugs		:
bogomips	: 5601.80
clflush size	: 64
cache_alignment	: 64
address sizes	: 46 bits physical, 48 bits virtual
power management:

processor	: 32
vendor_id	: GenuineIntel
cpu family	: 6
model		: 62
model name	: Intel(R) Xeon(R) CPU E5-2680 v2 @ 2.80GHz
stepping	: 4
microcode	: 0x415
cpu MHz		: 3100.015
cache size	: 25600 KB
physical id	: 1
siblings	: 20
core id		: 2
cpu cores	: 10
apicid		: 37
initial apicid	: 37
fpu		: yes
fpu_exception	: yes
cpuid level	: 13
wp		: yes
flags		: fpu vme de pse tsc msr pae mce cx8 apic sep mtrr pge mca cmov pat pse36 clflush dts acpi mmx fxsr sse sse2 ss ht tm pbe syscall nx pdpe1gb rdtscp lm constant_tsc arch_perfmon pebs bts rep_good nopl xtopology nonstop_tsc aperfmperf eagerfpu pni pclmulqdq dtes64 monitor ds_cpl vmx smx est tm2 ssse3 cx16 xtpr pdcm pcid dca sse4_1 sse4_2 x2apic popcnt tsc_deadline_timer aes xsave avx f16c rdrand lahf_lm ida arat epb pln pts dtherm tpr_shadow vnmi flexpriority ept vpid fsgsbase smep erms xsaveopt
bugs		:
bogomips	: 5601.80
clflush size	: 64
cache_alignment	: 64
address sizes	: 46 bits physical, 48 bits virtual
power management:

processor	: 33
vendor_id	: GenuineIntel
cpu family	: 6
model		: 62
model name	: Intel(R) Xeon(R) CPU E5-2680 v2 @ 2.80GHz
stepping	: 4
microcode	: 0x415
cpu MHz		: 3099.906
cache size	: 25600 KB
physical id	: 1
siblings	: 20
core id		: 3
cpu cores	: 10
apicid		: 39
initial apicid	: 39
fpu		: yes
fpu_exception	: yes
cpuid level	: 13
wp		: yes
flags		: fpu vme de pse tsc msr pae mce cx8 apic sep mtrr pge mca cmov pat pse36 clflush dts acpi mmx fxsr sse sse2 ss ht tm pbe syscall nx pdpe1gb rdtscp lm constant_tsc arch_perfmon pebs bts rep_good nopl xtopology nonstop_tsc aperfmperf eagerfpu pni pclmulqdq dtes64 monitor ds_cpl vmx smx est tm2 ssse3 cx16 xtpr pdcm pcid dca sse4_1 sse4_2 x2apic popcnt tsc_deadline_timer aes xsave avx f16c rdrand lahf_lm ida arat epb pln pts dtherm tpr_shadow vnmi flexpriority ept vpid fsgsbase smep erms xsaveopt
bugs		:
bogomips	: 5601.80
clflush size	: 64
cache_alignment	: 64
address sizes	: 46 bits physical, 48 bits virtual
power management:

processor	: 34
vendor_id	: GenuineIntel
cpu family	: 6
model		: 62
model name	: Intel(R) Xeon(R) CPU E5-2680 v2 @ 2.80GHz
stepping	: 4
microcode	: 0x415
cpu MHz		: 3099.906
cache size	: 25600 KB
physical id	: 1
siblings	: 20
core id		: 4
cpu cores	: 10
apicid		: 41
initial apicid	: 41
fpu		: yes
fpu_exception	: yes
cpuid level	: 13
wp		: yes
flags		: fpu vme de pse tsc msr pae mce cx8 apic sep mtrr pge mca cmov pat pse36 clflush dts acpi mmx fxsr sse sse2 ss ht tm pbe syscall nx pdpe1gb rdtscp lm constant_tsc arch_perfmon pebs bts rep_good nopl xtopology nonstop_tsc aperfmperf eagerfpu pni pclmulqdq dtes64 monitor ds_cpl vmx smx est tm2 ssse3 cx16 xtpr pdcm pcid dca sse4_1 sse4_2 x2apic popcnt tsc_deadline_timer aes xsave avx f16c rdrand lahf_lm ida arat epb pln pts dtherm tpr_shadow vnmi flexpriority ept vpid fsgsbase smep erms xsaveopt
bugs		:
bogomips	: 5601.80
clflush size	: 64
cache_alignment	: 64
address sizes	: 46 bits physical, 48 bits virtual
power management:

processor	: 35
vendor_id	: GenuineIntel
cpu family	: 6
model		: 62
model name	: Intel(R) Xeon(R) CPU E5-2680 v2 @ 2.80GHz
stepping	: 4
microcode	: 0x415
cpu MHz		: 3099.906
cache size	: 25600 KB
physical id	: 1
siblings	: 20
core id		: 8
cpu cores	: 10
apicid		: 49
initial apicid	: 49
fpu		: yes
fpu_exception	: yes
cpuid level	: 13
wp		: yes
flags		: fpu vme de pse tsc msr pae mce cx8 apic sep mtrr pge mca cmov pat pse36 clflush dts acpi mmx fxsr sse sse2 ss ht tm pbe syscall nx pdpe1gb rdtscp lm constant_tsc arch_perfmon pebs bts rep_good nopl xtopology nonstop_tsc aperfmperf eagerfpu pni pclmulqdq dtes64 monitor ds_cpl vmx smx est tm2 ssse3 cx16 xtpr pdcm pcid dca sse4_1 sse4_2 x2apic popcnt tsc_deadline_timer aes xsave avx f16c rdrand lahf_lm ida arat epb pln pts dtherm tpr_shadow vnmi flexpriority ept vpid fsgsbase smep erms xsaveopt
bugs		:
bogomips	: 5601.80
clflush size	: 64
cache_alignment	: 64
address sizes	: 46 bits physical, 48 bits virtual
power management:

processor	: 36
vendor_id	: GenuineIntel
cpu family	: 6
model		: 62
model name	: Intel(R) Xeon(R) CPU E5-2680 v2 @ 2.80GHz
stepping	: 4
microcode	: 0x415
cpu MHz		: 3099.906
cache size	: 25600 KB
physical id	: 1
siblings	: 20
core id		: 9
cpu cores	: 10
apicid		: 51
initial apicid	: 51
fpu		: yes
fpu_exception	: yes
cpuid level	: 13
wp		: yes
flags		: fpu vme de pse tsc msr pae mce cx8 apic sep mtrr pge mca cmov pat pse36 clflush dts acpi mmx fxsr sse sse2 ss ht tm pbe syscall nx pdpe1gb rdtscp lm constant_tsc arch_perfmon pebs bts rep_good nopl xtopology nonstop_tsc aperfmperf eagerfpu pni pclmulqdq dtes64 monitor ds_cpl vmx smx est tm2 ssse3 cx16 xtpr pdcm pcid dca sse4_1 sse4_2 x2apic popcnt tsc_deadline_timer aes xsave avx f16c rdrand lahf_lm ida arat epb pln pts dtherm tpr_shadow vnmi flexpriority ept vpid fsgsbase smep erms xsaveopt
bugs		:
bogomips	: 5601.80
clflush size	: 64
cache_alignment	: 64
address sizes	: 46 bits physical, 48 bits virtual
power management:

processor	: 37
vendor_id	: GenuineIntel
cpu family	: 6
model		: 62
model name	: Intel(R) Xeon(R) CPU E5-2680 v2 @ 2.80GHz
stepping	: 4
microcode	: 0x415
cpu MHz		: 3099.906
cache size	: 25600 KB
physical id	: 1
siblings	: 20
core id		: 10
cpu cores	: 10
apicid		: 53
initial apicid	: 53
fpu		: yes
fpu_exception	: yes
cpuid level	: 13
wp		: yes
flags		: fpu vme de pse tsc msr pae mce cx8 apic sep mtrr pge mca cmov pat pse36 clflush dts acpi mmx fxsr sse sse2 ss ht tm pbe syscall nx pdpe1gb rdtscp lm constant_tsc arch_perfmon pebs bts rep_good nopl xtopology nonstop_tsc aperfmperf eagerfpu pni pclmulqdq dtes64 monitor ds_cpl vmx smx est tm2 ssse3 cx16 xtpr pdcm pcid dca sse4_1 sse4_2 x2apic popcnt tsc_deadline_timer aes xsave avx f16c rdrand lahf_lm ida arat epb pln pts dtherm tpr_shadow vnmi flexpriority ept vpid fsgsbase smep erms xsaveopt
bugs		:
bogomips	: 5601.80
clflush size	: 64
cache_alignment	: 64
address sizes	: 46 bits physical, 48 bits virtual
power management:

processor	: 38
vendor_id	: GenuineIntel
cpu family	: 6
model		: 62
model name	: Intel(R) Xeon(R) CPU E5-2680 v2 @ 2.80GHz
stepping	: 4
microcode	: 0x415
cpu MHz		: 3099.906
cache size	: 25600 KB
physical id	: 1
siblings	: 20
core id		: 11
cpu cores	: 10
apicid		: 55
initial apicid	: 55
fpu		: yes
fpu_exception	: yes
cpuid level	: 13
wp		: yes
flags		: fpu vme de pse tsc msr pae mce cx8 apic sep mtrr pge mca cmov pat pse36 clflush dts acpi mmx fxsr sse sse2 ss ht tm pbe syscall nx pdpe1gb rdtscp lm constant_tsc arch_perfmon pebs bts rep_good nopl xtopology nonstop_tsc aperfmperf eagerfpu pni pclmulqdq dtes64 monitor ds_cpl vmx smx est tm2 ssse3 cx16 xtpr pdcm pcid dca sse4_1 sse4_2 x2apic popcnt tsc_deadline_timer aes xsave avx f16c rdrand lahf_lm ida arat epb pln pts dtherm tpr_shadow vnmi flexpriority ept vpid fsgsbase smep erms xsaveopt
bugs		:
bogomips	: 5601.80
clflush size	: 64
cache_alignment	: 64
address sizes	: 46 bits physical, 48 bits virtual
power management:

processor	: 39
vendor_id	: GenuineIntel
cpu family	: 6
model		: 62
model name	: Intel(R) Xeon(R) CPU E5-2680 v2 @ 2.80GHz
stepping	: 4
microcode	: 0x415
cpu MHz		: 3100.015
cache size	: 25600 KB
physical id	: 1
siblings	: 20
core id		: 12
cpu cores	: 10
apicid		: 57
initial apicid	: 57
fpu		: yes
fpu_exception	: yes
cpuid level	: 13
wp		: yes
flags		: fpu vme de pse tsc msr pae mce cx8 apic sep mtrr pge mca cmov pat pse36 clflush dts acpi mmx fxsr sse sse2 ss ht tm pbe syscall nx pdpe1gb rdtscp lm constant_tsc arch_perfmon pebs bts rep_good nopl xtopology nonstop_tsc aperfmperf eagerfpu pni pclmulqdq dtes64 monitor ds_cpl vmx smx est tm2 ssse3 cx16 xtpr pdcm pcid dca sse4_1 sse4_2 x2apic popcnt tsc_deadline_timer aes xsave avx f16c rdrand lahf_lm ida arat epb pln pts dtherm tpr_shadow vnmi flexpriority ept vpid fsgsbase smep erms xsaveopt
bugs		:
bogomips	: 5601.80
clflush size	: 64
cache_alignment	: 64
address sizes	: 46 bits physical, 48 bits virtual
power management:



Memory: 4k page, physical 65941760k(707748k free), swap 0k(0k free)

vm_info: Java HotSpot(TM) 64-Bit Server VM (25.45-b02) for linux-amd64 JRE (1.8.0_45-b14), built on Apr 10 2015 10:07:45 by "java_re" with gcc 4.3.0 20080428 (Red Hat 4.3.0-8)

time: Mon Dec 21 01:37:46 2015
elapsed time: 60 seconds (0d 0h 1m 0s)

