#
# There is insufficient memory for the Java Runtime Environment to continue.
# Native memory allocation (mmap) failed to map 1416626176 bytes for committing reserved memory.
# Possible reasons:
#   The system is out of physical RAM or swap space
#   In 32 bit mode, the process size limit was hit
# Possible solutions:
#   Reduce memory load on the system
#   Increase physical memory or swap space
#   Check if swap backing store is full
#   Use 64 bit Java on a 64 bit OS
#   Decrease Java heap size (-Xmx/-Xms)
#   Decrease number of Java threads
#   Decrease Java thread stack sizes (-Xss)
#   Set larger code cache with -XX:ReservedCodeCacheSize=
# This output file may be truncated or incomplete.
#
#  Out of Memory Error (os_linux.cpp:2673), pid=24994, tid=139741979674368
#
# JRE version: Java(TM) SE Runtime Environment (8.0_45-b14) (build 1.8.0_45-b14)
# Java VM: Java HotSpot(TM) 64-Bit Server VM (25.45-b02 mixed mode linux-amd64 compressed oops)
# Failed to write core dump. Core dumps have been disabled. To enable core dumping, try "ulimit -c unlimited" before starting Java again
#

---------------  T H R E A D  ---------------

Current thread (0x00007f187831c000):  VMThread [stack: 0x00007f1836ff0000,0x00007f18370f1000] [id=25191]

Stack: [0x00007f1836ff0000,0x00007f18370f1000],  sp=0x00007f18370ef2e0,  free space=1020k
Native frames: (J=compiled Java code, j=interpreted, Vv=VM code, C=native code)
V  [libjvm.so+0xaac99a]  VMError::report_and_die()+0x2ba
V  [libjvm.so+0x4f333b]  report_vm_out_of_memory(char const*, int, unsigned long, VMErrorType, char const*)+0x8b
V  [libjvm.so+0x90e7c3]  os::Linux::commit_memory_impl(char*, unsigned long, bool)+0x103
V  [libjvm.so+0x90ed19]  os::pd_commit_memory(char*, unsigned long, unsigned long, bool)+0x29
V  [libjvm.so+0x90867a]  os::commit_memory(char*, unsigned long, unsigned long, bool)+0x2a
V  [libjvm.so+0x97bac3]  PSVirtualSpace::expand_by(unsigned long)+0x53
V  [libjvm.so+0x97cec8]  PSYoungGen::resize_generation(unsigned long, unsigned long)+0xf8
V  [libjvm.so+0x97c022]  PSYoungGen::resize(unsigned long, unsigned long)+0x22
V  [libjvm.so+0x9792fb]  PSScavenge::invoke_no_policy()+0xf7b
V  [libjvm.so+0x979a81]  PSScavenge::invoke()+0x41
V  [libjvm.so+0x932050]  ParallelScavengeHeap::failed_mem_allocate(unsigned long)+0x70
V  [libjvm.so+0xaae1d7]  VM_ParallelGCFailedAllocation::doit()+0x97
V  [libjvm.so+0xab59c5]  VM_Operation::evaluate()+0x55
V  [libjvm.so+0xab3d9a]  VMThread::evaluate_operation(VM_Operation*)+0xba
V  [libjvm.so+0xab411e]  VMThread::loop()+0x1ce
V  [libjvm.so+0xab4590]  VMThread::run()+0x70
V  [libjvm.so+0x910de8]  java_start(Thread*)+0x108

VM_Operation (0x00007f1835818020): ParallelGCFailedAllocation, mode: safepoint, requested by thread 0x00007f1878432000


---------------  P R O C E S S  ---------------

Java Threads: ( => current thread )
  0x00007f1878432000 JavaThread "pool-1-thread-1" [_thread_blocked, id=25372, stack(0x00007f1835719000,0x00007f183581a000)]
  0x00007f1878378800 JavaThread "Service Thread" daemon [_thread_blocked, id=25363, stack(0x00007f1835a28000,0x00007f1835b29000)]
  0x00007f1878373000 JavaThread "C1 CompilerThread11" daemon [_thread_blocked, id=25341, stack(0x00007f1835b29000,0x00007f1835c2a000)]
  0x00007f1878371800 JavaThread "C1 CompilerThread10" daemon [_thread_blocked, id=25338, stack(0x00007f1835c2a000,0x00007f1835d2b000)]
  0x00007f187836f800 JavaThread "C1 CompilerThread9" daemon [_thread_blocked, id=25336, stack(0x00007f1835d2b000,0x00007f1835e2c000)]
  0x00007f187836d800 JavaThread "C1 CompilerThread8" daemon [_thread_blocked, id=25333, stack(0x00007f1835e2c000,0x00007f1835f2d000)]
  0x00007f187836b800 JavaThread "C2 CompilerThread7" daemon [_thread_blocked, id=25332, stack(0x00007f1835f2d000,0x00007f183602e000)]
  0x00007f1878369800 JavaThread "C2 CompilerThread6" daemon [_thread_blocked, id=25331, stack(0x00007f183602e000,0x00007f183612f000)]
  0x00007f1878368000 JavaThread "C2 CompilerThread5" daemon [_thread_blocked, id=25330, stack(0x00007f183612f000,0x00007f1836230000)]
  0x00007f1878365800 JavaThread "C2 CompilerThread4" daemon [_thread_blocked, id=25279, stack(0x00007f1836230000,0x00007f1836331000)]
  0x00007f1878363800 JavaThread "C2 CompilerThread3" daemon [_thread_blocked, id=25266, stack(0x00007f1836331000,0x00007f1836432000)]
  0x00007f1878361800 JavaThread "C2 CompilerThread2" daemon [_thread_blocked, id=25260, stack(0x00007f1836432000,0x00007f1836533000)]
  0x00007f187835f800 JavaThread "C2 CompilerThread1" daemon [_thread_blocked, id=25255, stack(0x00007f1836533000,0x00007f1836634000)]
  0x00007f187835c800 JavaThread "C2 CompilerThread0" daemon [_thread_blocked, id=25250, stack(0x00007f1836634000,0x00007f1836735000)]
  0x00007f187835b800 JavaThread "Signal Dispatcher" daemon [_thread_blocked, id=25225, stack(0x00007f1836735000,0x00007f1836836000)]
  0x00007f1878323000 JavaThread "Finalizer" daemon [_thread_blocked, id=25219, stack(0x00007f1836dee000,0x00007f1836eef000)]
  0x00007f1878321000 JavaThread "Reference Handler" daemon [_thread_blocked, id=25209, stack(0x00007f1836eef000,0x00007f1836ff0000)]
  0x00007f187800a800 JavaThread "main" [_thread_blocked, id=25008, stack(0x00007f187eb97000,0x00007f187ec98000)]

Other Threads:
=>0x00007f187831c000 VMThread [stack: 0x00007f1836ff0000,0x00007f18370f1000] [id=25191]
  0x00007f187837b000 WatcherThread [stack: 0x00007f1835927000,0x00007f1835a28000] [id=25367]

VM state:at safepoint (normal execution)

VM Mutex/Monitor currently owned by a thread:  ([mutex/lock_event])
[0x00007f1878006120] Threads_lock - owner thread: 0x00007f187831c000
[0x00007f1878006620] Heap_lock - owner thread: 0x00007f1878432000

Heap:
 PSYoungGen      total 2524672K, used 37920K [0x00000006c4780000, 0x0000000769280000, 0x00000007c0000000)
  eden space 2376192K, 0% used [0x00000006c4780000,0x00000006c4780000,0x0000000755800000)
  from space 148480K, 25% used [0x0000000755800000,0x0000000757d08000,0x000000075e900000)
  to   space 123392K, 0% used [0x000000075e900000,0x000000075e900000,0x0000000766180000)
 ParOldGen       total 516096K, used 195352K [0x00000004cd600000, 0x00000004ece00000, 0x00000006c4780000)
  object space 516096K, 37% used [0x00000004cd600000,0x00000004d94c63e8,0x00000004ece00000)
 Metaspace       used 5260K, capacity 5476K, committed 5632K, reserved 1056768K
  class space    used 582K, capacity 672K, committed 768K, reserved 1048576K

Card table byte_map: [0x00007f1866e76000,0x00007f186860c000] byte_map_base: 0x00007f186480b000

Marking Bits: (ParMarkBitMap*) 0x00007f187e090760
 Begin Bits: [0x00007f17f06b0000, 0x00007f17fc358000)
 End Bits:   [0x00007f17fc358000, 0x00007f1808000000)

Polling page: 0x00007f187ecd7000

CodeCache: size=245760Kb used=5376Kb max_used=5376Kb free=240383Kb
 bounds [0x00007f18689cc000, 0x00007f1868f1c000, 0x00007f18779cc000]
 total_blobs=1130 nmethods=833 adapters=209
 compilation: enabled

Compilation events (10 events):
Event: 39,847 Thread 0x00007f187836d800 nmethod 829 0x00007f1868e983d0 code [0x00007f1868e98540, 0x00007f1868e98848]
Event: 39,847 Thread 0x00007f187836d800  830       3       java.io.BufferedWriter::ensureOpen (18 bytes)
Event: 39,847 Thread 0x00007f187836d800 nmethod 830 0x00007f1868e97f50 code [0x00007f1868e980c0, 0x00007f1868e98308]
Event: 39,848 Thread 0x00007f1878373000 nmethod 827 0x00007f1868e97810 code [0x00007f1868e979a0, 0x00007f1868e97d58]
Event: 40,114 Thread 0x00007f187836d800  831 %     3       edu.ufpr.cbio.psp.algorithms.hyperheuristic.IBEAHyperHeuristic::calculateFitness @ 70 (172 bytes)
Event: 40,115 Thread 0x00007f187836d800 nmethod 831% 0x00007f1868ebdcd0 code [0x00007f1868ebdf00, 0x00007f1868ebece8]
Event: 46,274 Thread 0x00007f1878371800  832 %     3       edu.ufpr.cbio.psp.algorithms.hyperheuristic.IBEAHyperHeuristic::calculateFitness @ 58 (172 bytes)
Event: 46,278 Thread 0x00007f1878371800 nmethod 832% 0x00007f1868ea7210 code [0x00007f1868ea7440, 0x00007f1868ea8228]
Event: 52,573 Thread 0x00007f187836f800  833       3       sun.nio.cs.UTF_8$Encoder::encodeArrayLoop (489 bytes)
Event: 52,587 Thread 0x00007f187836f800 nmethod 833 0x00007f1868f0cdd0 code [0x00007f1868f0d320, 0x00007f1868f107c8]

GC Heap History (10 events):
Event: 2,857 GC heap after
Heap after GC invocations=6 (full 0):
 PSYoungGen      total 771072K, used 1520K [0x00000006c4780000, 0x00000006f4780000, 0x00000007c0000000)
  eden space 769536K, 0% used [0x00000006c4780000,0x00000006c4780000,0x00000006f3700000)
  from space 1536K, 98% used [0x00000006f3d00000,0x00000006f3e7c010,0x00000006f3e80000)
  to   space 6144K, 0% used [0x00000006f3700000,0x00000006f3700000,0x00000006f3d00000)
 ParOldGen       total 516096K, used 8050K [0x00000004cd600000, 0x00000004ece00000, 0x00000006c4780000)
  object space 516096K, 1% used [0x00000004cd600000,0x00000004cdddc988,0x00000004ece00000)
 Metaspace       used 5172K, capacity 5412K, committed 5632K, reserved 1056768K
  class space    used 580K, capacity 672K, committed 768K, reserved 1048576K
}
Event: 4,324 GC heap before
{Heap before GC invocations=7 (full 0):
 PSYoungGen      total 771072K, used 771056K [0x00000006c4780000, 0x00000006f4780000, 0x00000007c0000000)
  eden space 769536K, 100% used [0x00000006c4780000,0x00000006f3700000,0x00000006f3700000)
  from space 1536K, 98% used [0x00000006f3d00000,0x00000006f3e7c010,0x00000006f3e80000)
  to   space 6144K, 0% used [0x00000006f3700000,0x00000006f3700000,0x00000006f3d00000)
 ParOldGen       total 516096K, used 8050K [0x00000004cd600000, 0x00000004ece00000, 0x00000006c4780000)
  object space 516096K, 1% used [0x00000004cd600000,0x00000004cdddc988,0x00000004ece00000)
 Metaspace       used 5244K, capacity 5476K, committed 5632K, reserved 1056768K
  class space    used 582K, capacity 672K, committed 768K, reserved 1048576K
Event: 4,639 GC heap after
Heap after GC invocations=7 (full 0):
 PSYoungGen      total 775680K, used 6144K [0x00000006c4780000, 0x0000000729180000, 0x00000007c0000000)
  eden space 769536K, 0% used [0x00000006c4780000,0x00000006c4780000,0x00000006f3700000)
  from space 6144K, 100% used [0x00000006f3700000,0x00000006f3d00000,0x00000006f3d00000)
  to   space 54784K, 0% used [0x0000000725c00000,0x0000000725c00000,0x0000000729180000)
 ParOldGen       total 516096K, used 102407K [0x00000004cd600000, 0x00000004ece00000, 0x00000006c4780000)
  object space 516096K, 19% used [0x00000004cd600000,0x00000004d3a01cd8,0x00000004ece00000)
 Metaspace       used 5244K, capacity 5476K, committed 5632K, reserved 1056768K
  class space    used 582K, capacity 672K, committed 768K, reserved 1048576K
}
Event: 9,441 GC heap before
{Heap before GC invocations=8 (full 0):
 PSYoungGen      total 775680K, used 775680K [0x00000006c4780000, 0x0000000729180000, 0x00000007c0000000)
  eden space 769536K, 100% used [0x00000006c4780000,0x00000006f3700000,0x00000006f3700000)
  from space 6144K, 100% used [0x00000006f3700000,0x00000006f3d00000,0x00000006f3d00000)
  to   space 54784K, 0% used [0x0000000725c00000,0x0000000725c00000,0x0000000729180000)
 ParOldGen       total 516096K, used 102407K [0x00000004cd600000, 0x00000004ece00000, 0x00000006c4780000)
  object space 516096K, 19% used [0x00000004cd600000,0x00000004d3a01cd8,0x00000004ece00000)
 Metaspace       used 5248K, capacity 5476K, committed 5632K, reserved 1056768K
  class space    used 582K, capacity 672K, committed 768K, reserved 1048576K
Event: 9,544 GC heap after
Heap after GC invocations=8 (full 0):
 PSYoungGen      total 1555456K, used 54784K [0x00000006c4780000, 0x000000072dc80000, 0x00000007c0000000)
  eden space 1500672K, 0% used [0x00000006c4780000,0x00000006c4780000,0x0000000720100000)
  from space 54784K, 100% used [0x0000000725c00000,0x0000000729180000,0x0000000729180000)
  to   space 93184K, 0% used [0x0000000720100000,0x0000000720100000,0x0000000725c00000)
 ParOldGen       total 516096K, used 161578K [0x00000004cd600000, 0x00000004ece00000, 0x00000006c4780000)
  object space 516096K, 31% used [0x00000004cd600000,0x00000004d73caa78,0x00000004ece00000)
 Metaspace       used 5248K, capacity 5476K, committed 5632K, reserved 1056768K
  class space    used 582K, capacity 672K, committed 768K, reserved 1048576K
}
Event: 18,806 GC heap before
{Heap before GC invocations=9 (full 0):
 PSYoungGen      total 1555456K, used 1555456K [0x00000006c4780000, 0x000000072dc80000, 0x00000007c0000000)
  eden space 1500672K, 100% used [0x00000006c4780000,0x0000000720100000,0x0000000720100000)
  from space 54784K, 100% used [0x0000000725c00000,0x0000000729180000,0x0000000729180000)
  to   space 93184K, 0% used [0x0000000720100000,0x0000000720100000,0x0000000725c00000)
 ParOldGen       total 516096K, used 161578K [0x00000004cd600000, 0x00000004ece00000, 0x00000006c4780000)
  object space 516096K, 31% used [0x00000004cd600000,0x00000004d73caa78,0x00000004ece00000)
 Metaspace       used 5252K, capacity 5476K, committed 5632K, reserved 1056768K
  class space    used 582K, capacity 672K, committed 768K, reserved 1048576K
Event: 18,883 GC heap after
Heap after GC invocations=9 (full 0):
 PSYoungGen      total 1593856K, used 93184K [0x00000006c4780000, 0x0000000766180000, 0x00000007c0000000)
  eden space 1500672K, 0% used [0x00000006c4780000,0x00000006c4780000,0x0000000720100000)
  from space 93184K, 100% used [0x0000000720100000,0x0000000725c00000,0x0000000725c00000)
  to   space 123392K, 0% used [0x000000075e900000,0x000000075e900000,0x0000000766180000)
 ParOldGen       total 516096K, used 189182K [0x00000004cd600000, 0x00000004ece00000, 0x00000006c4780000)
  object space 516096K, 36% used [0x00000004cd600000,0x00000004d8ebfa08,0x00000004ece00000)
 Metaspace       used 5252K, capacity 5476K, committed 5632K, reserved 1056768K
  class space    used 582K, capacity 672K, committed 768K, reserved 1048576K
}
Event: 30,404 GC heap before
{Heap before GC invocations=10 (full 0):
 PSYoungGen      total 1593856K, used 1593856K [0x00000006c4780000, 0x0000000766180000, 0x00000007c0000000)
  eden space 1500672K, 100% used [0x00000006c4780000,0x0000000720100000,0x0000000720100000)
  from space 93184K, 100% used [0x0000000720100000,0x0000000725c00000,0x0000000725c00000)
  to   space 123392K, 0% used [0x000000075e900000,0x000000075e900000,0x0000000766180000)
 ParOldGen       total 516096K, used 189182K [0x00000004cd600000, 0x00000004ece00000, 0x00000006c4780000)
  object space 516096K, 36% used [0x00000004cd600000,0x00000004d8ebfa08,0x00000004ece00000)
 Metaspace       used 5253K, capacity 5476K, committed 5632K, reserved 1056768K
  class space    used 582K, capacity 672K, committed 768K, reserved 1048576K
Event: 30,590 GC heap after
Heap after GC invocations=10 (full 0):
 PSYoungGen      total 2499584K, used 123392K [0x00000006c4780000, 0x0000000769280000, 0x00000007c0000000)
  eden space 2376192K, 0% used [0x00000006c4780000,0x00000006c4780000,0x0000000755800000)
  from space 123392K, 100% used [0x000000075e900000,0x0000000766180000,0x0000000766180000)
  to   space 148480K, 0% used [0x0000000755800000,0x0000000755800000,0x000000075e900000)
 ParOldGen       total 516096K, used 194640K [0x00000004cd600000, 0x00000004ece00000, 0x00000006c4780000)
  object space 516096K, 37% used [0x00000004cd600000,0x00000004d94143e8,0x00000004ece00000)
 Metaspace       used 5253K, capacity 5476K, committed 5632K, reserved 1056768K
  class space    used 582K, capacity 672K, committed 768K, reserved 1048576K
}
Event: 52,925 GC heap before
{Heap before GC invocations=11 (full 0):
 PSYoungGen      total 2499584K, used 2499584K [0x00000006c4780000, 0x0000000769280000, 0x00000007c0000000)
  eden space 2376192K, 100% used [0x00000006c4780000,0x0000000755800000,0x0000000755800000)
  from space 123392K, 100% used [0x000000075e900000,0x0000000766180000,0x0000000766180000)
  to   space 148480K, 0% used [0x0000000755800000,0x0000000755800000,0x000000075e900000)
 ParOldGen       total 516096K, used 194640K [0x00000004cd600000, 0x00000004ece00000, 0x00000006c4780000)
  object space 516096K, 37% used [0x00000004cd600000,0x00000004d94143e8,0x00000004ece00000)
 Metaspace       used 5260K, capacity 5476K, committed 5632K, reserved 1056768K
  class space    used 582K, capacity 672K, committed 768K, reserved 1048576K

Deoptimization events (10 events):
Event: 1,281 Thread 0x00007f1878432000 Uncommon trap: reason=bimorphic action=maybe_recompile pc=0x00007f1868d710b8 method=java.util.HashMap.putVal(ILjava/lang/Object;Ljava/lang/Object;ZZ)Ljava/lang/Object; @ 203
Event: 1,281 Thread 0x00007f1878432000 Uncommon trap: reason=bimorphic action=maybe_recompile pc=0x00007f1868d6c2c4 method=java.util.HashMap.putVal(ILjava/lang/Object;Ljava/lang/Object;ZZ)Ljava/lang/Object; @ 203
Event: 1,499 Thread 0x00007f1878432000 Uncommon trap: reason=unstable_if action=reinterpret pc=0x00007f1868dbc818 method=edu.ufpr.cbio.psp.algorithms.backtrack.initialization.BacktrackInitialization.move(IILjava/lang/String;)Z @ 154
Event: 1,833 Thread 0x00007f1878432000 Uncommon trap: reason=unstable_if action=reinterpret pc=0x00007f1868db7ce8 method=java.util.HashMap.putVal(ILjava/lang/Object;Ljava/lang/Object;ZZ)Ljava/lang/Object; @ 94
Event: 3,261 Thread 0x00007f1878432000 Uncommon trap: reason=predicate action=maybe_recompile pc=0x00007f1868d95a38 method=java.util.ArrayList.indexOf(Ljava/lang/Object;)I @ 44
Event: 3,261 Thread 0x00007f1878432000 Uncommon trap: reason=predicate action=maybe_recompile pc=0x00007f1868ce781c method=java.util.ArrayList.indexOf(Ljava/lang/Object;)I @ 44
Event: 9,578 Thread 0x00007f1878432000 Uncommon trap: reason=unstable_if action=reinterpret pc=0x00007f1868e8d168 method=edu.ufpr.cbio.psp.algorithms.hyperheuristic.IBEAHyperHeuristic.computeIndicatorValuesHD(Lorg/uma/jmetal/core/SolutionSet;[D[D)V @ 27
Event: 13,340 Thread 0x00007f1878432000 Uncommon trap: reason=unstable_if action=reinterpret pc=0x00007f1868e2775c method=edu.ufpr.cbio.psp.algorithms.hyperheuristic.IBEAHyperHeuristic.computeIndicatorValuesHD(Lorg/uma/jmetal/core/SolutionSet;[D[D)V @ 196
Event: 18,097 Thread 0x00007f1878432000 Uncommon trap: reason=unstable_if action=reinterpret pc=0x00007f1868e75cc4 method=edu.ufpr.cbio.psp.problem.PSPProblem.evaluate(Lorg/uma/jmetal/core/Solution;)V @ 305
Event: 33,652 Thread 0x00007f1878432000 Uncommon trap: reason=unstable_if action=reinterpret pc=0x00007f1868da1c58 method=java.util.HashMap.putVal(ILjava/lang/Object;Ljava/lang/Object;ZZ)Ljava/lang/Object; @ 162

Internal exceptions (8 events):
Event: 0,139 Thread 0x00007f187800a800 Exception <a 'java/lang/NoSuchMethodError': Method sun.misc.Unsafe.defineClass(Ljava/lang/String;[BII)Ljava/lang/Class; name or signature does not match> (0x00000006c4792a30) thrown at [/RE-WORK/workspace/8-2-build-linux-amd64/jdk8u45/3457/hotspot/src/sha
Event: 0,139 Thread 0x00007f187800a800 Exception <a 'java/lang/NoSuchMethodError': Method sun.misc.Unsafe.prefetchRead(Ljava/lang/Object;J)V name or signature does not match> (0x00000006c4792cc0) thrown at [/RE-WORK/workspace/8-2-build-linux-amd64/jdk8u45/3457/hotspot/src/share/vm/prims/jni.cp
Event: 0,339 Thread 0x00007f187800a800 Exception <a 'java/security/PrivilegedActionException'> (0x00000006c4853960) thrown at [/RE-WORK/workspace/8-2-build-linux-amd64/jdk8u45/3457/hotspot/src/share/vm/prims/jvm.cpp, line 1382]
Event: 0,339 Thread 0x00007f187800a800 Exception <a 'java/security/PrivilegedActionException'> (0x00000006c4853b18) thrown at [/RE-WORK/workspace/8-2-build-linux-amd64/jdk8u45/3457/hotspot/src/share/vm/prims/jvm.cpp, line 1382]
Event: 0,340 Thread 0x00007f187800a800 Exception <a 'java/security/PrivilegedActionException'> (0x00000006c48563b0) thrown at [/RE-WORK/workspace/8-2-build-linux-amd64/jdk8u45/3457/hotspot/src/share/vm/prims/jvm.cpp, line 1382]
Event: 0,340 Thread 0x00007f187800a800 Exception <a 'java/security/PrivilegedActionException'> (0x00000006c4856568) thrown at [/RE-WORK/workspace/8-2-build-linux-amd64/jdk8u45/3457/hotspot/src/share/vm/prims/jvm.cpp, line 1382]
Event: 0,683 Thread 0x00007f1878432000 Exception <a 'java/lang/NoSuchFieldError': method resolution failed> (0x00000006c66a26d0) thrown at [/RE-WORK/workspace/8-2-build-linux-amd64/jdk8u45/3457/hotspot/src/share/vm/prims/methodHandles.cpp, line 1125]
Event: 0,694 Thread 0x00007f1878432000 Exception <a 'java/lang/NoSuchFieldError': method resolution failed> (0x00000006c66b0d90) thrown at [/RE-WORK/workspace/8-2-build-linux-amd64/jdk8u45/3457/hotspot/src/share/vm/prims/methodHandles.cpp, line 1125]

Events (10 events):
Event: 30,404 Executing VM operation: ParallelGCFailedAllocation
Event: 30,590 Executing VM operation: ParallelGCFailedAllocation done
Event: 33,652 Thread 0x00007f1878432000 Uncommon trap: trap_request=0xffffff65 fr.pc=0x00007f1868da1c58
Event: 33,652 Thread 0x00007f1878432000 DEOPT PACKING pc=0x00007f1868da1c58 sp=0x00007f18358181a0
Event: 33,652 Thread 0x00007f1878432000 DEOPT UNPACKING pc=0x00007f18689d1229 sp=0x00007f18358180d0 mode 2
Event: 33,822 Thread 0x00007f1878432000 DEOPT PACKING pc=0x00007f1868ee5d7b sp=0x00007f1835818350
Event: 33,822 Thread 0x00007f1878432000 DEOPT UNPACKING pc=0x00007f1868a13233 sp=0x00007f1835818160 mode 0
Event: 39,966 Thread 0x00007f1878432000 DEOPT PACKING pc=0x00007f1868ee5d7b sp=0x00007f1835818350
Event: 39,966 Thread 0x00007f1878432000 DEOPT UNPACKING pc=0x00007f1868a13233 sp=0x00007f1835818160 mode 0
Event: 52,925 Executing VM operation: ParallelGCFailedAllocation


Dynamic libraries:
00400000-00401000 r-xp 00000000 00:2b 13572529                           /home/ppginf/vdfontoura/jdk1.8.0_45/bin/java
00600000-00601000 rw-p 00000000 00:2b 13572529                           /home/ppginf/vdfontoura/jdk1.8.0_45/bin/java
0141b000-0143c000 rw-p 00000000 00:00 0                                  [heap]
4cd600000-4ece00000 rw-p 00000000 00:00 0 
4ece00000-6c4780000 ---p 00000000 00:00 0 
6c4780000-769280000 rw-p 00000000 00:00 0 
7bd980000-7c0000000 ---p 00000000 00:00 0 
7c0000000-7c00c0000 rw-p 00000000 00:00 0 
7c00c0000-800000000 ---p 00000000 00:00 0 
7f17a4000000-7f17a4021000 rw-p 00000000 00:00 0 
7f17a4021000-7f17a8000000 ---p 00000000 00:00 0 
7f17a8000000-7f17a8290000 rw-p 00000000 00:00 0 
7f17a8290000-7f17ac000000 ---p 00000000 00:00 0 
7f17ac000000-7f17ac06e000 rw-p 00000000 00:00 0 
7f17ac06e000-7f17b0000000 ---p 00000000 00:00 0 
7f17b0000000-7f17b0021000 rw-p 00000000 00:00 0 
7f17b0021000-7f17b4000000 ---p 00000000 00:00 0 
7f17b4000000-7f17b40f3000 rw-p 00000000 00:00 0 
7f17b40f3000-7f17b8000000 ---p 00000000 00:00 0 
7f17b8000000-7f17b809c000 rw-p 00000000 00:00 0 
7f17b809c000-7f17bc000000 ---p 00000000 00:00 0 
7f17bc000000-7f17bc6c6000 rw-p 00000000 00:00 0 
7f17bc6c6000-7f17c0000000 ---p 00000000 00:00 0 
7f17c0000000-7f17c017c000 rw-p 00000000 00:00 0 
7f17c017c000-7f17c4000000 ---p 00000000 00:00 0 
7f17c4000000-7f17c460a000 rw-p 00000000 00:00 0 
7f17c460a000-7f17c8000000 ---p 00000000 00:00 0 
7f17c8000000-7f17c84cf000 rw-p 00000000 00:00 0 
7f17c84cf000-7f17cc000000 ---p 00000000 00:00 0 
7f17cc000000-7f17cca81000 rw-p 00000000 00:00 0 
7f17cca81000-7f17d0000000 ---p 00000000 00:00 0 
7f17d0000000-7f17d0599000 rw-p 00000000 00:00 0 
7f17d0599000-7f17d4000000 ---p 00000000 00:00 0 
7f17d4000000-7f17d459a000 rw-p 00000000 00:00 0 
7f17d459a000-7f17d8000000 ---p 00000000 00:00 0 
7f17d8000000-7f17d84ad000 rw-p 00000000 00:00 0 
7f17d84ad000-7f17dc000000 ---p 00000000 00:00 0 
7f17dc000000-7f17dc021000 rw-p 00000000 00:00 0 
7f17dc021000-7f17e0000000 ---p 00000000 00:00 0 
7f17e0000000-7f17e0317000 rw-p 00000000 00:00 0 
7f17e0317000-7f17e4000000 ---p 00000000 00:00 0 
7f17e4000000-7f17e4021000 rw-p 00000000 00:00 0 
7f17e4021000-7f17e8000000 ---p 00000000 00:00 0 
7f17e8000000-7f17e8021000 rw-p 00000000 00:00 0 
7f17e8021000-7f17ec000000 ---p 00000000 00:00 0 
7f17ec000000-7f17ec28c000 rw-p 00000000 00:00 0 
7f17ec28c000-7f17f0000000 ---p 00000000 00:00 0 
7f17f06b0000-7f1808000000 rw-p 00000000 00:00 0 
7f1808000000-7f1808021000 rw-p 00000000 00:00 0 
7f1808021000-7f180c000000 ---p 00000000 00:00 0 
7f1810000000-7f1810021000 rw-p 00000000 00:00 0 
7f1810021000-7f1814000000 ---p 00000000 00:00 0 
7f1818000000-7f1818021000 rw-p 00000000 00:00 0 
7f1818021000-7f181c000000 ---p 00000000 00:00 0 
7f181c000000-7f181c021000 rw-p 00000000 00:00 0 
7f181c021000-7f1820000000 ---p 00000000 00:00 0 
7f1820000000-7f1820021000 rw-p 00000000 00:00 0 
7f1820021000-7f1824000000 ---p 00000000 00:00 0 
7f1824000000-7f1824021000 rw-p 00000000 00:00 0 
7f1824021000-7f1828000000 ---p 00000000 00:00 0 
7f1828000000-7f1828021000 rw-p 00000000 00:00 0 
7f1828021000-7f182c000000 ---p 00000000 00:00 0 
7f1830000000-7f1830021000 rw-p 00000000 00:00 0 
7f1830021000-7f1834000000 ---p 00000000 00:00 0 
7f1835619000-7f1835719000 rw-p 00000000 00:00 0 
7f1835719000-7f183571c000 ---p 00000000 00:00 0 
7f183571c000-7f183581a000 rw-p 00000000 00:00 0                          [stack:25372]
7f183581a000-7f1835927000 r--s 010c9000 00:2b 16151391                   /home/ppginf/vdfontoura/psp-chapter/psp-2D/target/IBEAHH.jar
7f1835927000-7f1835928000 ---p 00000000 00:00 0 
7f1835928000-7f1835a28000 rw-p 00000000 00:00 0                          [stack:25367]
7f1835a28000-7f1835a2b000 ---p 00000000 00:00 0 
7f1835a2b000-7f1835b29000 rw-p 00000000 00:00 0                          [stack:25363]
7f1835b29000-7f1835b2c000 ---p 00000000 00:00 0 
7f1835b2c000-7f1835c2a000 rw-p 00000000 00:00 0                          [stack:25341]
7f1835c2a000-7f1835c2d000 ---p 00000000 00:00 0 
7f1835c2d000-7f1835d2b000 rw-p 00000000 00:00 0                          [stack:25338]
7f1835d2b000-7f1835d2e000 ---p 00000000 00:00 0 
7f1835d2e000-7f1835e2c000 rw-p 00000000 00:00 0                          [stack:25336]
7f1835e2c000-7f1835e2f000 ---p 00000000 00:00 0 
7f1835e2f000-7f1835f2d000 rw-p 00000000 00:00 0                          [stack:25333]
7f1835f2d000-7f1835f30000 ---p 00000000 00:00 0 
7f1835f30000-7f183602e000 rw-p 00000000 00:00 0                          [stack:25332]
7f183602e000-7f1836031000 ---p 00000000 00:00 0 
7f1836031000-7f183612f000 rw-p 00000000 00:00 0                          [stack:25331]
7f183612f000-7f1836132000 ---p 00000000 00:00 0 
7f1836132000-7f1836230000 rw-p 00000000 00:00 0                          [stack:25330]
7f1836230000-7f1836233000 ---p 00000000 00:00 0 
7f1836233000-7f1836331000 rw-p 00000000 00:00 0                          [stack:25279]
7f1836331000-7f1836334000 ---p 00000000 00:00 0 
7f1836334000-7f1836432000 rw-p 00000000 00:00 0                          [stack:25266]
7f1836432000-7f1836435000 ---p 00000000 00:00 0 
7f1836435000-7f1836533000 rw-p 00000000 00:00 0                          [stack:25260]
7f1836533000-7f1836536000 ---p 00000000 00:00 0 
7f1836536000-7f1836634000 rw-p 00000000 00:00 0                          [stack:25255]
7f1836634000-7f1836637000 ---p 00000000 00:00 0 
7f1836637000-7f1836735000 rw-p 00000000 00:00 0                          [stack:25250]
7f1836735000-7f1836738000 ---p 00000000 00:00 0 
7f1836738000-7f1836836000 rw-p 00000000 00:00 0                          [stack:25225]
7f1836836000-7f1836dee000 r--p 00000000 00:14 231                        /usr/lib/locale/locale-archive
7f1836dee000-7f1836df1000 ---p 00000000 00:00 0 
7f1836df1000-7f1836eef000 rw-p 00000000 00:00 0                          [stack:25219]
7f1836eef000-7f1836ef2000 ---p 00000000 00:00 0 
7f1836ef2000-7f1836ff0000 rw-p 00000000 00:00 0                          [stack:25209]
7f1836ff0000-7f1836ff1000 ---p 00000000 00:00 0 
7f1836ff1000-7f1838000000 rw-p 00000000 00:00 0                          [stack:25191]
7f1838000000-7f1838021000 rw-p 00000000 00:00 0 
7f1838021000-7f183c000000 ---p 00000000 00:00 0 
7f183c043000-7f1840000000 rw-p 00000000 00:00 0 
7f1840000000-7f1840021000 rw-p 00000000 00:00 0 
7f1840021000-7f1844000000 ---p 00000000 00:00 0 
7f1844000000-7f1844021000 rw-p 00000000 00:00 0 
7f1844021000-7f1848000000 ---p 00000000 00:00 0 
7f1848000000-7f1848021000 rw-p 00000000 00:00 0 
7f1848021000-7f184c000000 ---p 00000000 00:00 0 
7f184c000000-7f184c021000 rw-p 00000000 00:00 0 
7f184c021000-7f1850000000 ---p 00000000 00:00 0 
7f1850000000-7f1850021000 rw-p 00000000 00:00 0 
7f1850021000-7f1854000000 ---p 00000000 00:00 0 
7f1854000000-7f1854021000 rw-p 00000000 00:00 0 
7f1854021000-7f1858000000 ---p 00000000 00:00 0 
7f1858000000-7f1858021000 rw-p 00000000 00:00 0 
7f1858021000-7f185c000000 ---p 00000000 00:00 0 
7f185c000000-7f185c021000 rw-p 00000000 00:00 0 
7f185c021000-7f1860000000 ---p 00000000 00:00 0 
7f1860000000-7f1860021000 rw-p 00000000 00:00 0 
7f1860021000-7f1864000000 ---p 00000000 00:00 0 
7f18640c3000-7f18640e5000 r--p 00000000 00:14 9529                       /usr/share/locale-langpack/pt_BR/LC_MESSAGES/libc.mo
7f18640e5000-7f18642e7000 rw-p 00000000 00:00 0 
7f18642e7000-7f18644c0000 r--s 03d09000 00:2b 13572347                   /home/ppginf/vdfontoura/jdk1.8.0_45/jre/lib/rt.jar
7f18644c0000-7f1864980000 rw-p 00000000 00:00 0 
7f1864980000-7f1864cc0000 ---p 00000000 00:00 0 
7f1864cc0000-7f1864dac000 rw-p 00000000 00:00 0 
7f1864dac000-7f1864dad000 ---p 00000000 00:00 0 
7f1864dad000-7f1864ead000 rw-p 00000000 00:00 0                          [stack:25174]
7f1864ead000-7f1864eae000 ---p 00000000 00:00 0 
7f1864eae000-7f1864fae000 rw-p 00000000 00:00 0                          [stack:25172]
7f1864fae000-7f1864faf000 ---p 00000000 00:00 0 
7f1864faf000-7f18650af000 rw-p 00000000 00:00 0                          [stack:25171]
7f18650af000-7f18650b0000 ---p 00000000 00:00 0 
7f18650b0000-7f18651b0000 rw-p 00000000 00:00 0                          [stack:25165]
7f18651b0000-7f18651b1000 ---p 00000000 00:00 0 
7f18651b1000-7f18652b1000 rw-p 00000000 00:00 0                          [stack:25162]
7f18652b1000-7f18652b2000 ---p 00000000 00:00 0 
7f18652b2000-7f18653b2000 rw-p 00000000 00:00 0                          [stack:25160]
7f18653b2000-7f18653b3000 ---p 00000000 00:00 0 
7f18653b3000-7f18654b3000 rw-p 00000000 00:00 0                          [stack:25158]
7f18654b3000-7f18654b4000 ---p 00000000 00:00 0 
7f18654b4000-7f18655b4000 rw-p 00000000 00:00 0                          [stack:25156]
7f18655b4000-7f18655b5000 ---p 00000000 00:00 0 
7f18655b5000-7f18656b5000 rw-p 00000000 00:00 0                          [stack:25155]
7f18656b5000-7f18656b6000 ---p 00000000 00:00 0 
7f18656b6000-7f18657b6000 rw-p 00000000 00:00 0                          [stack:25153]
7f18657b6000-7f18657b7000 ---p 00000000 00:00 0 
7f18657b7000-7f18658b7000 rw-p 00000000 00:00 0                          [stack:25151]
7f18658b7000-7f18658b8000 ---p 00000000 00:00 0 
7f18658b8000-7f18659b8000 rw-p 00000000 00:00 0                          [stack:25150]
7f18659b8000-7f18659b9000 ---p 00000000 00:00 0 
7f18659b9000-7f1865ab9000 rw-p 00000000 00:00 0                          [stack:25148]
7f1865ab9000-7f1865aba000 ---p 00000000 00:00 0 
7f1865aba000-7f1865bba000 rw-p 00000000 00:00 0                          [stack:25146]
7f1865bba000-7f1865bbb000 ---p 00000000 00:00 0 
7f1865bbb000-7f1865cbb000 rw-p 00000000 00:00 0                          [stack:25144]
7f1865cbb000-7f1865cbc000 ---p 00000000 00:00 0 
7f1865cbc000-7f1865dbc000 rw-p 00000000 00:00 0                          [stack:25142]
7f1865dbc000-7f1865dbd000 ---p 00000000 00:00 0 
7f1865dbd000-7f1865fb9000 rw-p 00000000 00:00 0                          [stack:25141]
7f1865fb9000-7f1866e76000 ---p 00000000 00:00 0 
7f1866e76000-7f1866f72000 rw-p 00000000 00:00 0 
7f1866f72000-7f1867e2e000 ---p 00000000 00:00 0 
7f1867e2e000-7f1868355000 rw-p 00000000 00:00 0 
7f1868355000-7f186860b000 ---p 00000000 00:00 0 
7f186860b000-7f1868622000 rw-p 00000000 00:00 0 
7f1868622000-7f18689cc000 ---p 00000000 00:00 0 
7f18689cc000-7f1868f1c000 rwxp 00000000 00:00 0 
7f1868f1c000-7f18779cc000 ---p 00000000 00:00 0 
7f18779cc000-7f18779e6000 r-xp 00000000 00:2b 13572371                   /home/ppginf/vdfontoura/jdk1.8.0_45/jre/lib/amd64/libzip.so
7f18779e6000-7f1877be6000 ---p 0001a000 00:2b 13572371                   /home/ppginf/vdfontoura/jdk1.8.0_45/jre/lib/amd64/libzip.so
7f1877be6000-7f1877be7000 rw-p 0001a000 00:2b 13572371                   /home/ppginf/vdfontoura/jdk1.8.0_45/jre/lib/amd64/libzip.so
7f1877be7000-7f1877bf3000 r-xp 00000000 00:14 181                        /lib/x86_64-linux-gnu/libnss_ldap.so.2
7f1877bf3000-7f1877df2000 ---p 0000c000 00:14 181                        /lib/x86_64-linux-gnu/libnss_ldap.so.2
7f1877df2000-7f1877df3000 r--p 0000b000 00:14 181                        /lib/x86_64-linux-gnu/libnss_ldap.so.2
7f1877df3000-7f1877df4000 rw-p 0000c000 00:14 181                        /lib/x86_64-linux-gnu/libnss_ldap.so.2
7f1877df4000-7f1877dff000 r-xp 00000000 00:14 178                        /lib/x86_64-linux-gnu/libnss_files-2.19.so
7f1877dff000-7f1877ffe000 ---p 0000b000 00:14 178                        /lib/x86_64-linux-gnu/libnss_files-2.19.so
7f1877ffe000-7f1877fff000 r--p 0000a000 00:14 178                        /lib/x86_64-linux-gnu/libnss_files-2.19.so
7f1877fff000-7f1878000000 rw-p 0000b000 00:14 178                        /lib/x86_64-linux-gnu/libnss_files-2.19.so
7f1878000000-7f1878433000 rw-p 00000000 00:00 0 
7f1878433000-7f187c000000 ---p 00000000 00:00 0 
7f187c003000-7f187c079000 rw-p 00000000 00:00 0 
7f187c079000-7f187c07a000 ---p 00000000 00:00 0 
7f187c07a000-7f187c17a000 rw-p 00000000 00:00 0                          [stack:25140]
7f187c17a000-7f187c185000 r-xp 00000000 00:14 176                        /lib/x86_64-linux-gnu/libnss_nis-2.19.so
7f187c185000-7f187c384000 ---p 0000b000 00:14 176                        /lib/x86_64-linux-gnu/libnss_nis-2.19.so
7f187c384000-7f187c385000 r--p 0000a000 00:14 176                        /lib/x86_64-linux-gnu/libnss_nis-2.19.so
7f187c385000-7f187c386000 rw-p 0000b000 00:14 176                        /lib/x86_64-linux-gnu/libnss_nis-2.19.so
7f187c386000-7f187c39d000 r-xp 00000000 00:14 174                        /lib/x86_64-linux-gnu/libnsl-2.19.so
7f187c39d000-7f187c59c000 ---p 00017000 00:14 174                        /lib/x86_64-linux-gnu/libnsl-2.19.so
7f187c59c000-7f187c59d000 r--p 00016000 00:14 174                        /lib/x86_64-linux-gnu/libnsl-2.19.so
7f187c59d000-7f187c59e000 rw-p 00017000 00:14 174                        /lib/x86_64-linux-gnu/libnsl-2.19.so
7f187c59e000-7f187c5a0000 rw-p 00000000 00:00 0 
7f187c5a0000-7f187c5a9000 r-xp 00000000 00:14 172                        /lib/x86_64-linux-gnu/libnss_compat-2.19.so
7f187c5a9000-7f187c7a8000 ---p 00009000 00:14 172                        /lib/x86_64-linux-gnu/libnss_compat-2.19.so
7f187c7a8000-7f187c7a9000 r--p 00008000 00:14 172                        /lib/x86_64-linux-gnu/libnss_compat-2.19.so
7f187c7a9000-7f187c7aa000 rw-p 00009000 00:14 172                        /lib/x86_64-linux-gnu/libnss_compat-2.19.so
7f187c7aa000-7f187c7d4000 r-xp 00000000 00:2b 13572364                   /home/ppginf/vdfontoura/jdk1.8.0_45/jre/lib/amd64/libjava.so
7f187c7d4000-7f187c9d4000 ---p 0002a000 00:2b 13572364                   /home/ppginf/vdfontoura/jdk1.8.0_45/jre/lib/amd64/libjava.so
7f187c9d4000-7f187c9d6000 rw-p 0002a000 00:2b 13572364                   /home/ppginf/vdfontoura/jdk1.8.0_45/jre/lib/amd64/libjava.so
7f187c9d6000-7f187c9e3000 r-xp 00000000 00:2b 13572405                   /home/ppginf/vdfontoura/jdk1.8.0_45/jre/lib/amd64/libverify.so
7f187c9e3000-7f187cbe3000 ---p 0000d000 00:2b 13572405                   /home/ppginf/vdfontoura/jdk1.8.0_45/jre/lib/amd64/libverify.so
7f187cbe3000-7f187cbe5000 rw-p 0000d000 00:2b 13572405                   /home/ppginf/vdfontoura/jdk1.8.0_45/jre/lib/amd64/libverify.so
7f187cbe5000-7f187cbec000 r-xp 00000000 00:14 44                         /lib/x86_64-linux-gnu/librt-2.19.so
7f187cbec000-7f187cdeb000 ---p 00007000 00:14 44                         /lib/x86_64-linux-gnu/librt-2.19.so
7f187cdeb000-7f187cdec000 r--p 00006000 00:14 44                         /lib/x86_64-linux-gnu/librt-2.19.so
7f187cdec000-7f187cded000 rw-p 00007000 00:14 44                         /lib/x86_64-linux-gnu/librt-2.19.so
7f187cded000-7f187cef2000 r-xp 00000000 00:14 269                        /lib/x86_64-linux-gnu/libm-2.19.so
7f187cef2000-7f187d0f1000 ---p 00105000 00:14 269                        /lib/x86_64-linux-gnu/libm-2.19.so
7f187d0f1000-7f187d0f2000 r--p 00104000 00:14 269                        /lib/x86_64-linux-gnu/libm-2.19.so
7f187d0f2000-7f187d0f3000 rw-p 00105000 00:14 269                        /lib/x86_64-linux-gnu/libm-2.19.so
7f187d0f3000-7f187dda1000 r-xp 00000000 00:2b 13572410                   /home/ppginf/vdfontoura/jdk1.8.0_45/jre/lib/amd64/server/libjvm.so
7f187dda1000-7f187dfa0000 ---p 00cae000 00:2b 13572410                   /home/ppginf/vdfontoura/jdk1.8.0_45/jre/lib/amd64/server/libjvm.so
7f187dfa0000-7f187e077000 rw-p 00cad000 00:2b 13572410                   /home/ppginf/vdfontoura/jdk1.8.0_45/jre/lib/amd64/server/libjvm.so
7f187e077000-7f187e0bb000 rw-p 00000000 00:00 0 
7f187e0bb000-7f187e276000 r-xp 00000000 00:14 46                         /lib/x86_64-linux-gnu/libc-2.19.so
7f187e276000-7f187e475000 ---p 001bb000 00:14 46                         /lib/x86_64-linux-gnu/libc-2.19.so
7f187e475000-7f187e479000 r--p 001ba000 00:14 46                         /lib/x86_64-linux-gnu/libc-2.19.so
7f187e479000-7f187e47b000 rw-p 001be000 00:14 46                         /lib/x86_64-linux-gnu/libc-2.19.so
7f187e47b000-7f187e480000 rw-p 00000000 00:00 0 
7f187e480000-7f187e483000 r-xp 00000000 00:14 52                         /lib/x86_64-linux-gnu/libdl-2.19.so
7f187e483000-7f187e682000 ---p 00003000 00:14 52                         /lib/x86_64-linux-gnu/libdl-2.19.so
7f187e682000-7f187e683000 r--p 00002000 00:14 52                         /lib/x86_64-linux-gnu/libdl-2.19.so
7f187e683000-7f187e684000 rw-p 00003000 00:14 52                         /lib/x86_64-linux-gnu/libdl-2.19.so
7f187e684000-7f187e699000 r-xp 00000000 00:2b 13572682                   /home/ppginf/vdfontoura/jdk1.8.0_45/lib/amd64/jli/libjli.so
7f187e699000-7f187e899000 ---p 00015000 00:2b 13572682                   /home/ppginf/vdfontoura/jdk1.8.0_45/lib/amd64/jli/libjli.so
7f187e899000-7f187e89a000 rw-p 00015000 00:2b 13572682                   /home/ppginf/vdfontoura/jdk1.8.0_45/lib/amd64/jli/libjli.so
7f187e89a000-7f187e8b3000 r-xp 00000000 00:14 48                         /lib/x86_64-linux-gnu/libpthread-2.19.so
7f187e8b3000-7f187eab2000 ---p 00019000 00:14 48                         /lib/x86_64-linux-gnu/libpthread-2.19.so
7f187eab2000-7f187eab3000 r--p 00018000 00:14 48                         /lib/x86_64-linux-gnu/libpthread-2.19.so
7f187eab3000-7f187eab4000 rw-p 00019000 00:14 48                         /lib/x86_64-linux-gnu/libpthread-2.19.so
7f187eab4000-7f187eab8000 rw-p 00000000 00:00 0 
7f187eab8000-7f187eadb000 r-xp 00000000 00:14 32                         /lib/x86_64-linux-gnu/ld-2.19.so
7f187eaed000-7f187eb97000 rw-p 00000000 00:00 0 
7f187eb97000-7f187eb9a000 ---p 00000000 00:00 0 
7f187eb9a000-7f187ec9c000 rw-p 00000000 00:00 0                          [stack:25008]
7f187eca0000-7f187eca7000 r--s 00000000 00:14 245                        /usr/lib/x86_64-linux-gnu/gconv/gconv-modules.cache
7f187eca7000-7f187ecb2000 r--s 00116000 00:2b 13572443                   /home/ppginf/vdfontoura/jdk1.8.0_45/jre/lib/ext/localedata.jar
7f187ecb2000-7f187ecce000 r--s 00393000 00:2b 13572445                   /home/ppginf/vdfontoura/jdk1.8.0_45/jre/lib/ext/cldrdata.jar
7f187ecce000-7f187ecd6000 rw-s 00000000 00:16 22035877                   /tmp/hsperfdata_vdfontoura/24994
7f187ecd6000-7f187ecd7000 rw-p 00000000 00:00 0 
7f187ecd7000-7f187ecd8000 ---p 00000000 00:00 0 
7f187ecd8000-7f187ecda000 rw-p 00000000 00:00 0 
7f187ecda000-7f187ecdb000 r--p 00022000 00:14 32                         /lib/x86_64-linux-gnu/ld-2.19.so
7f187ecdb000-7f187ecdc000 rw-p 00023000 00:14 32                         /lib/x86_64-linux-gnu/ld-2.19.so
7f187ecdc000-7f187ecdd000 rw-p 00000000 00:00 0 
7fff4e316000-7fff4e337000 rw-p 00000000 00:00 0                          [stack]
7fff4e3d3000-7fff4e3d5000 r--p 00000000 00:00 0                          [vvar]
7fff4e3d5000-7fff4e3d7000 r-xp 00000000 00:00 0                          [vdso]
ffffffffff600000-ffffffffff601000 r-xp 00000000 00:00 0                  [vsyscall]

VM Arguments:
java_command: ../../target/IBEAHH.jar 1000 2500000 SinglePointCrossover,IntegerTwoPointsCrossover,MultiPointsCrossover BitFlipMutation,LoopMoveOperator,LocalMoveOperator,SegmentMutation,OppositeMoveOperator 200 1.0 1.0 1 1 ibea-result-new/result-5 0 0 Random HHHHHHHHHHHHPHPHPPHHPPHHPPHPPHHPPHHPPHPPHHPPHHPPHPHPHHHHHHHHHHHH false 20
java_class_path (initial): ../../target/IBEAHH.jar
Launcher Type: SUN_STANDARD

Environment Variables:
JAVA_HOME=/home/ppginf/vdfontoura/jdk1.8.0_45/
PATH=/home/ppginf/vdfontoura/jdk1.8.0_45//bin:/usr/local/sbin:/usr/local/bin:/usr/sbin:/usr/bin:/sbin:/bin:/usr/games:/usr/local/games:.:/home/html/inf/silvia/topicos/ferramentas/poketool/bin:/home/html/inf/silvia/topicos/ferramentas/proteum1.4.1/LINUX/bin:/home/ppginf/vdfontoura/tools/apache-maven-3.3.3/bin
SHELL=/bin/bash

Signal Handlers:
SIGSEGV: [libjvm.so+0xaad1e0], sa_mask[0]=11111111011111111101111111111110, sa_flags=SA_RESTART|SA_SIGINFO
SIGBUS: [libjvm.so+0xaad1e0], sa_mask[0]=11111111011111111101111111111110, sa_flags=SA_RESTART|SA_SIGINFO
SIGFPE: [libjvm.so+0x90b450], sa_mask[0]=11111111011111111101111111111110, sa_flags=SA_RESTART|SA_SIGINFO
SIGPIPE: [libjvm.so+0x90b450], sa_mask[0]=11111111011111111101111111111110, sa_flags=SA_RESTART|SA_SIGINFO
SIGXFSZ: [libjvm.so+0x90b450], sa_mask[0]=11111111011111111101111111111110, sa_flags=SA_RESTART|SA_SIGINFO
SIGILL: [libjvm.so+0x90b450], sa_mask[0]=11111111011111111101111111111110, sa_flags=SA_RESTART|SA_SIGINFO
SIGUSR1: SIG_DFL, sa_mask[0]=00000000000000000000000000000000, sa_flags=none
SIGUSR2: [libjvm.so+0x90ca90], sa_mask[0]=00000000000000000000000000000000, sa_flags=SA_RESTART|SA_SIGINFO
SIGHUP: SIG_IGN, sa_mask[0]=00000000000000000000000000000000, sa_flags=none
SIGINT: SIG_IGN, sa_mask[0]=00000000000000000000000000000000, sa_flags=none
SIGTERM: [libjvm.so+0x90dde0], sa_mask[0]=11111111011111111101111111111110, sa_flags=SA_RESTART|SA_SIGINFO
SIGQUIT: [libjvm.so+0x90dde0], sa_mask[0]=11111111011111111101111111111110, sa_flags=SA_RESTART|SA_SIGINFO


---------------  S Y S T E M  ---------------

OS:DISTRIB_ID=LinuxMint
DISTRIB_RELEASE=17
DISTRIB_CODENAME=qiana
DISTRIB_DESCRIPTION="Linux Mint 17 Qiana"

uname:Linux 4.0.1-kernel+ #2 SMP Wed May 6 16:11:56 BRT 2015 x86_64
libc:glibc 2.19 NPTL 2.19 
rlimit: STACK 8192k, CORE 0k, NPROC 193083, NOFILE 4096, AS infinity
load average:16,08 7,69 4,49

/proc/meminfo:
MemTotal:       49454532 kB
MemFree:          728640 kB
MemAvailable:     674348 kB
Buffers:               0 kB
Cached:           134832 kB
SwapCached:            0 kB
Active:         48226684 kB
Inactive:          90072 kB
Active(anon):   48199060 kB
Inactive(anon):    43708 kB
Active(file):      27624 kB
Inactive(file):    46364 kB
Unevictable:           0 kB
Mlocked:               0 kB
SwapTotal:             0 kB
SwapFree:              0 kB
Dirty:               736 kB
Writeback:             0 kB
AnonPages:      48182188 kB
Mapped:            34552 kB
Shmem:             60844 kB
Slab:             109832 kB
SReclaimable:      42676 kB
SUnreclaim:        67156 kB
KernelStack:       19360 kB
PageTables:       111760 kB
NFS_Unstable:         84 kB
Bounce:                0 kB
WritebackTmp:          0 kB
CommitLimit:    24727264 kB
Committed_AS:   85829172 kB
VmallocTotal:   34359738367 kB
VmallocUsed:      377924 kB
VmallocChunk:   34333782976 kB
HardwareCorrupted:     0 kB
AnonHugePages:         0 kB
HugePages_Total:       0
HugePages_Free:        0
HugePages_Rsvd:        0
HugePages_Surp:        0
Hugepagesize:       2048 kB
DirectMap4k:      359808 kB
DirectMap2M:    16408576 kB
DirectMap1G:    35651584 kB


CPU:total 24 (6 cores per cpu, 2 threads per core) family 6 model 44 stepping 2, cmov, cx8, fxsr, mmx, sse, sse2, sse3, ssse3, sse4.1, sse4.2, popcnt, aes, clmul, ht, tsc, tscinvbit, tscinv

/proc/cpuinfo:
processor	: 0
vendor_id	: GenuineIntel
cpu family	: 6
model		: 44
model name	: Intel(R) Xeon(R) CPU           X5660  @ 2.80GHz
stepping	: 2
microcode	: 0x13
cpu MHz		: 2801.000
cache size	: 12288 KB
physical id	: 0
siblings	: 12
core id		: 0
cpu cores	: 6
apicid		: 0
initial apicid	: 0
fpu		: yes
fpu_exception	: yes
cpuid level	: 11
wp		: yes
flags		: fpu vme de pse tsc msr pae mce cx8 apic sep mtrr pge mca cmov pat pse36 clflush dts acpi mmx fxsr sse sse2 ss ht tm pbe syscall nx pdpe1gb rdtscp lm constant_tsc arch_perfmon pebs bts rep_good nopl xtopology nonstop_tsc aperfmperf pni pclmulqdq dtes64 monitor ds_cpl vmx smx est tm2 ssse3 cx16 xtpr pdcm pcid dca sse4_1 sse4_2 popcnt aes lahf_lm ida arat epb dtherm tpr_shadow vnmi flexpriority ept vpid
bugs		:
bogomips	: 5600.19
clflush size	: 64
cache_alignment	: 64
address sizes	: 40 bits physical, 48 bits virtual
power management:

processor	: 1
vendor_id	: GenuineIntel
cpu family	: 6
model		: 44
model name	: Intel(R) Xeon(R) CPU           X5660  @ 2.80GHz
stepping	: 2
microcode	: 0x13
cpu MHz		: 2801.000
cache size	: 12288 KB
physical id	: 0
siblings	: 12
core id		: 1
cpu cores	: 6
apicid		: 2
initial apicid	: 2
fpu		: yes
fpu_exception	: yes
cpuid level	: 11
wp		: yes
flags		: fpu vme de pse tsc msr pae mce cx8 apic sep mtrr pge mca cmov pat pse36 clflush dts acpi mmx fxsr sse sse2 ss ht tm pbe syscall nx pdpe1gb rdtscp lm constant_tsc arch_perfmon pebs bts rep_good nopl xtopology nonstop_tsc aperfmperf pni pclmulqdq dtes64 monitor ds_cpl vmx smx est tm2 ssse3 cx16 xtpr pdcm pcid dca sse4_1 sse4_2 popcnt aes lahf_lm ida arat epb dtherm tpr_shadow vnmi flexpriority ept vpid
bugs		:
bogomips	: 5600.19
clflush size	: 64
cache_alignment	: 64
address sizes	: 40 bits physical, 48 bits virtual
power management:

processor	: 2
vendor_id	: GenuineIntel
cpu family	: 6
model		: 44
model name	: Intel(R) Xeon(R) CPU           X5660  @ 2.80GHz
stepping	: 2
microcode	: 0x13
cpu MHz		: 2801.000
cache size	: 12288 KB
physical id	: 0
siblings	: 12
core id		: 2
cpu cores	: 6
apicid		: 4
initial apicid	: 4
fpu		: yes
fpu_exception	: yes
cpuid level	: 11
wp		: yes
flags		: fpu vme de pse tsc msr pae mce cx8 apic sep mtrr pge mca cmov pat pse36 clflush dts acpi mmx fxsr sse sse2 ss ht tm pbe syscall nx pdpe1gb rdtscp lm constant_tsc arch_perfmon pebs bts rep_good nopl xtopology nonstop_tsc aperfmperf pni pclmulqdq dtes64 monitor ds_cpl vmx smx est tm2 ssse3 cx16 xtpr pdcm pcid dca sse4_1 sse4_2 popcnt aes lahf_lm ida arat epb dtherm tpr_shadow vnmi flexpriority ept vpid
bugs		:
bogomips	: 5600.19
clflush size	: 64
cache_alignment	: 64
address sizes	: 40 bits physical, 48 bits virtual
power management:

processor	: 3
vendor_id	: GenuineIntel
cpu family	: 6
model		: 44
model name	: Intel(R) Xeon(R) CPU           X5660  @ 2.80GHz
stepping	: 2
microcode	: 0x13
cpu MHz		: 2801.000
cache size	: 12288 KB
physical id	: 0
siblings	: 12
core id		: 8
cpu cores	: 6
apicid		: 16
initial apicid	: 16
fpu		: yes
fpu_exception	: yes
cpuid level	: 11
wp		: yes
flags		: fpu vme de pse tsc msr pae mce cx8 apic sep mtrr pge mca cmov pat pse36 clflush dts acpi mmx fxsr sse sse2 ss ht tm pbe syscall nx pdpe1gb rdtscp lm constant_tsc arch_perfmon pebs bts rep_good nopl xtopology nonstop_tsc aperfmperf pni pclmulqdq dtes64 monitor ds_cpl vmx smx est tm2 ssse3 cx16 xtpr pdcm pcid dca sse4_1 sse4_2 popcnt aes lahf_lm ida arat epb dtherm tpr_shadow vnmi flexpriority ept vpid
bugs		:
bogomips	: 5600.19
clflush size	: 64
cache_alignment	: 64
address sizes	: 40 bits physical, 48 bits virtual
power management:

processor	: 4
vendor_id	: GenuineIntel
cpu family	: 6
model		: 44
model name	: Intel(R) Xeon(R) CPU           X5660  @ 2.80GHz
stepping	: 2
microcode	: 0x13
cpu MHz		: 2801.000
cache size	: 12288 KB
physical id	: 0
siblings	: 12
core id		: 9
cpu cores	: 6
apicid		: 18
initial apicid	: 18
fpu		: yes
fpu_exception	: yes
cpuid level	: 11
wp		: yes
flags		: fpu vme de pse tsc msr pae mce cx8 apic sep mtrr pge mca cmov pat pse36 clflush dts acpi mmx fxsr sse sse2 ss ht tm pbe syscall nx pdpe1gb rdtscp lm constant_tsc arch_perfmon pebs bts rep_good nopl xtopology nonstop_tsc aperfmperf pni pclmulqdq dtes64 monitor ds_cpl vmx smx est tm2 ssse3 cx16 xtpr pdcm pcid dca sse4_1 sse4_2 popcnt aes lahf_lm ida arat epb dtherm tpr_shadow vnmi flexpriority ept vpid
bugs		:
bogomips	: 5600.19
clflush size	: 64
cache_alignment	: 64
address sizes	: 40 bits physical, 48 bits virtual
power management:

processor	: 5
vendor_id	: GenuineIntel
cpu family	: 6
model		: 44
model name	: Intel(R) Xeon(R) CPU           X5660  @ 2.80GHz
stepping	: 2
microcode	: 0x13
cpu MHz		: 2801.000
cache size	: 12288 KB
physical id	: 0
siblings	: 12
core id		: 10
cpu cores	: 6
apicid		: 20
initial apicid	: 20
fpu		: yes
fpu_exception	: yes
cpuid level	: 11
wp		: yes
flags		: fpu vme de pse tsc msr pae mce cx8 apic sep mtrr pge mca cmov pat pse36 clflush dts acpi mmx fxsr sse sse2 ss ht tm pbe syscall nx pdpe1gb rdtscp lm constant_tsc arch_perfmon pebs bts rep_good nopl xtopology nonstop_tsc aperfmperf pni pclmulqdq dtes64 monitor ds_cpl vmx smx est tm2 ssse3 cx16 xtpr pdcm pcid dca sse4_1 sse4_2 popcnt aes lahf_lm ida arat epb dtherm tpr_shadow vnmi flexpriority ept vpid
bugs		:
bogomips	: 5600.19
clflush size	: 64
cache_alignment	: 64
address sizes	: 40 bits physical, 48 bits virtual
power management:

processor	: 6
vendor_id	: GenuineIntel
cpu family	: 6
model		: 44
model name	: Intel(R) Xeon(R) CPU           X5660  @ 2.80GHz
stepping	: 2
microcode	: 0x13
cpu MHz		: 2801.000
cache size	: 12288 KB
physical id	: 1
siblings	: 12
core id		: 0
cpu cores	: 6
apicid		: 32
initial apicid	: 32
fpu		: yes
fpu_exception	: yes
cpuid level	: 11
wp		: yes
flags		: fpu vme de pse tsc msr pae mce cx8 apic sep mtrr pge mca cmov pat pse36 clflush dts acpi mmx fxsr sse sse2 ss ht tm pbe syscall nx pdpe1gb rdtscp lm constant_tsc arch_perfmon pebs bts rep_good nopl xtopology nonstop_tsc aperfmperf pni pclmulqdq dtes64 monitor ds_cpl vmx smx est tm2 ssse3 cx16 xtpr pdcm pcid dca sse4_1 sse4_2 popcnt aes lahf_lm ida arat epb dtherm tpr_shadow vnmi flexpriority ept vpid
bugs		:
bogomips	: 5600.21
clflush size	: 64
cache_alignment	: 64
address sizes	: 40 bits physical, 48 bits virtual
power management:

processor	: 7
vendor_id	: GenuineIntel
cpu family	: 6
model		: 44
model name	: Intel(R) Xeon(R) CPU           X5660  @ 2.80GHz
stepping	: 2
microcode	: 0x13
cpu MHz		: 2801.000
cache size	: 12288 KB
physical id	: 1
siblings	: 12
core id		: 1
cpu cores	: 6
apicid		: 34
initial apicid	: 34
fpu		: yes
fpu_exception	: yes
cpuid level	: 11
wp		: yes
flags		: fpu vme de pse tsc msr pae mce cx8 apic sep mtrr pge mca cmov pat pse36 clflush dts acpi mmx fxsr sse sse2 ss ht tm pbe syscall nx pdpe1gb rdtscp lm constant_tsc arch_perfmon pebs bts rep_good nopl xtopology nonstop_tsc aperfmperf pni pclmulqdq dtes64 monitor ds_cpl vmx smx est tm2 ssse3 cx16 xtpr pdcm pcid dca sse4_1 sse4_2 popcnt aes lahf_lm ida arat epb dtherm tpr_shadow vnmi flexpriority ept vpid
bugs		:
bogomips	: 5600.21
clflush size	: 64
cache_alignment	: 64
address sizes	: 40 bits physical, 48 bits virtual
power management:

processor	: 8
vendor_id	: GenuineIntel
cpu family	: 6
model		: 44
model name	: Intel(R) Xeon(R) CPU           X5660  @ 2.80GHz
stepping	: 2
microcode	: 0x13
cpu MHz		: 2801.000
cache size	: 12288 KB
physical id	: 1
siblings	: 12
core id		: 2
cpu cores	: 6
apicid		: 36
initial apicid	: 36
fpu		: yes
fpu_exception	: yes
cpuid level	: 11
wp		: yes
flags		: fpu vme de pse tsc msr pae mce cx8 apic sep mtrr pge mca cmov pat pse36 clflush dts acpi mmx fxsr sse sse2 ss ht tm pbe syscall nx pdpe1gb rdtscp lm constant_tsc arch_perfmon pebs bts rep_good nopl xtopology nonstop_tsc aperfmperf pni pclmulqdq dtes64 monitor ds_cpl vmx smx est tm2 ssse3 cx16 xtpr pdcm pcid dca sse4_1 sse4_2 popcnt aes lahf_lm ida arat epb dtherm tpr_shadow vnmi flexpriority ept vpid
bugs		:
bogomips	: 5600.21
clflush size	: 64
cache_alignment	: 64
address sizes	: 40 bits physical, 48 bits virtual
power management:

processor	: 9
vendor_id	: GenuineIntel
cpu family	: 6
model		: 44
model name	: Intel(R) Xeon(R) CPU           X5660  @ 2.80GHz
stepping	: 2
microcode	: 0x13
cpu MHz		: 2801.000
cache size	: 12288 KB
physical id	: 1
siblings	: 12
core id		: 8
cpu cores	: 6
apicid		: 48
initial apicid	: 48
fpu		: yes
fpu_exception	: yes
cpuid level	: 11
wp		: yes
flags		: fpu vme de pse tsc msr pae mce cx8 apic sep mtrr pge mca cmov pat pse36 clflush dts acpi mmx fxsr sse sse2 ss ht tm pbe syscall nx pdpe1gb rdtscp lm constant_tsc arch_perfmon pebs bts rep_good nopl xtopology nonstop_tsc aperfmperf pni pclmulqdq dtes64 monitor ds_cpl vmx smx est tm2 ssse3 cx16 xtpr pdcm pcid dca sse4_1 sse4_2 popcnt aes lahf_lm ida arat epb dtherm tpr_shadow vnmi flexpriority ept vpid
bugs		:
bogomips	: 5600.21
clflush size	: 64
cache_alignment	: 64
address sizes	: 40 bits physical, 48 bits virtual
power management:

processor	: 10
vendor_id	: GenuineIntel
cpu family	: 6
model		: 44
model name	: Intel(R) Xeon(R) CPU           X5660  @ 2.80GHz
stepping	: 2
microcode	: 0x13
cpu MHz		: 2801.000
cache size	: 12288 KB
physical id	: 1
siblings	: 12
core id		: 9
cpu cores	: 6
apicid		: 50
initial apicid	: 50
fpu		: yes
fpu_exception	: yes
cpuid level	: 11
wp		: yes
flags		: fpu vme de pse tsc msr pae mce cx8 apic sep mtrr pge mca cmov pat pse36 clflush dts acpi mmx fxsr sse sse2 ss ht tm pbe syscall nx pdpe1gb rdtscp lm constant_tsc arch_perfmon pebs bts rep_good nopl xtopology nonstop_tsc aperfmperf pni pclmulqdq dtes64 monitor ds_cpl vmx smx est tm2 ssse3 cx16 xtpr pdcm pcid dca sse4_1 sse4_2 popcnt aes lahf_lm ida arat epb dtherm tpr_shadow vnmi flexpriority ept vpid
bugs		:
bogomips	: 5600.21
clflush size	: 64
cache_alignment	: 64
address sizes	: 40 bits physical, 48 bits virtual
power management:

processor	: 11
vendor_id	: GenuineIntel
cpu family	: 6
model		: 44
model name	: Intel(R) Xeon(R) CPU           X5660  @ 2.80GHz
stepping	: 2
microcode	: 0x13
cpu MHz		: 2801.000
cache size	: 12288 KB
physical id	: 1
siblings	: 12
core id		: 10
cpu cores	: 6
apicid		: 52
initial apicid	: 52
fpu		: yes
fpu_exception	: yes
cpuid level	: 11
wp		: yes
flags		: fpu vme de pse tsc msr pae mce cx8 apic sep mtrr pge mca cmov pat pse36 clflush dts acpi mmx fxsr sse sse2 ss ht tm pbe syscall nx pdpe1gb rdtscp lm constant_tsc arch_perfmon pebs bts rep_good nopl xtopology nonstop_tsc aperfmperf pni pclmulqdq dtes64 monitor ds_cpl vmx smx est tm2 ssse3 cx16 xtpr pdcm pcid dca sse4_1 sse4_2 popcnt aes lahf_lm ida arat epb dtherm tpr_shadow vnmi flexpriority ept vpid
bugs		:
bogomips	: 5600.21
clflush size	: 64
cache_alignment	: 64
address sizes	: 40 bits physical, 48 bits virtual
power management:

processor	: 12
vendor_id	: GenuineIntel
cpu family	: 6
model		: 44
model name	: Intel(R) Xeon(R) CPU           X5660  @ 2.80GHz
stepping	: 2
microcode	: 0x13
cpu MHz		: 1600.000
cache size	: 12288 KB
physical id	: 0
siblings	: 12
core id		: 0
cpu cores	: 6
apicid		: 1
initial apicid	: 1
fpu		: yes
fpu_exception	: yes
cpuid level	: 11
wp		: yes
flags		: fpu vme de pse tsc msr pae mce cx8 apic sep mtrr pge mca cmov pat pse36 clflush dts acpi mmx fxsr sse sse2 ss ht tm pbe syscall nx pdpe1gb rdtscp lm constant_tsc arch_perfmon pebs bts rep_good nopl xtopology nonstop_tsc aperfmperf pni pclmulqdq dtes64 monitor ds_cpl vmx smx est tm2 ssse3 cx16 xtpr pdcm pcid dca sse4_1 sse4_2 popcnt aes lahf_lm ida arat epb dtherm tpr_shadow vnmi flexpriority ept vpid
bugs		:
bogomips	: 5600.19
clflush size	: 64
cache_alignment	: 64
address sizes	: 40 bits physical, 48 bits virtual
power management:

processor	: 13
vendor_id	: GenuineIntel
cpu family	: 6
model		: 44
model name	: Intel(R) Xeon(R) CPU           X5660  @ 2.80GHz
stepping	: 2
microcode	: 0x13
cpu MHz		: 2801.000
cache size	: 12288 KB
physical id	: 0
siblings	: 12
core id		: 1
cpu cores	: 6
apicid		: 3
initial apicid	: 3
fpu		: yes
fpu_exception	: yes
cpuid level	: 11
wp		: yes
flags		: fpu vme de pse tsc msr pae mce cx8 apic sep mtrr pge mca cmov pat pse36 clflush dts acpi mmx fxsr sse sse2 ss ht tm pbe syscall nx pdpe1gb rdtscp lm constant_tsc arch_perfmon pebs bts rep_good nopl xtopology nonstop_tsc aperfmperf pni pclmulqdq dtes64 monitor ds_cpl vmx smx est tm2 ssse3 cx16 xtpr pdcm pcid dca sse4_1 sse4_2 popcnt aes lahf_lm ida arat epb dtherm tpr_shadow vnmi flexpriority ept vpid
bugs		:
bogomips	: 5600.19
clflush size	: 64
cache_alignment	: 64
address sizes	: 40 bits physical, 48 bits virtual
power management:

processor	: 14
vendor_id	: GenuineIntel
cpu family	: 6
model		: 44
model name	: Intel(R) Xeon(R) CPU           X5660  @ 2.80GHz
stepping	: 2
microcode	: 0x13
cpu MHz		: 2801.000
cache size	: 12288 KB
physical id	: 0
siblings	: 12
core id		: 2
cpu cores	: 6
apicid		: 5
initial apicid	: 5
fpu		: yes
fpu_exception	: yes
cpuid level	: 11
wp		: yes
flags		: fpu vme de pse tsc msr pae mce cx8 apic sep mtrr pge mca cmov pat pse36 clflush dts acpi mmx fxsr sse sse2 ss ht tm pbe syscall nx pdpe1gb rdtscp lm constant_tsc arch_perfmon pebs bts rep_good nopl xtopology nonstop_tsc aperfmperf pni pclmulqdq dtes64 monitor ds_cpl vmx smx est tm2 ssse3 cx16 xtpr pdcm pcid dca sse4_1 sse4_2 popcnt aes lahf_lm ida arat epb dtherm tpr_shadow vnmi flexpriority ept vpid
bugs		:
bogomips	: 5600.19
clflush size	: 64
cache_alignment	: 64
address sizes	: 40 bits physical, 48 bits virtual
power management:

processor	: 15
vendor_id	: GenuineIntel
cpu family	: 6
model		: 44
model name	: Intel(R) Xeon(R) CPU           X5660  @ 2.80GHz
stepping	: 2
microcode	: 0x13
cpu MHz		: 2801.000
cache size	: 12288 KB
physical id	: 0
siblings	: 12
core id		: 8
cpu cores	: 6
apicid		: 17
initial apicid	: 17
fpu		: yes
fpu_exception	: yes
cpuid level	: 11
wp		: yes
flags		: fpu vme de pse tsc msr pae mce cx8 apic sep mtrr pge mca cmov pat pse36 clflush dts acpi mmx fxsr sse sse2 ss ht tm pbe syscall nx pdpe1gb rdtscp lm constant_tsc arch_perfmon pebs bts rep_good nopl xtopology nonstop_tsc aperfmperf pni pclmulqdq dtes64 monitor ds_cpl vmx smx est tm2 ssse3 cx16 xtpr pdcm pcid dca sse4_1 sse4_2 popcnt aes lahf_lm ida arat epb dtherm tpr_shadow vnmi flexpriority ept vpid
bugs		:
bogomips	: 5600.19
clflush size	: 64
cache_alignment	: 64
address sizes	: 40 bits physical, 48 bits virtual
power management:

processor	: 16
vendor_id	: GenuineIntel
cpu family	: 6
model		: 44
model name	: Intel(R) Xeon(R) CPU           X5660  @ 2.80GHz
stepping	: 2
microcode	: 0x13
cpu MHz		: 2801.000
cache size	: 12288 KB
physical id	: 0
siblings	: 12
core id		: 9
cpu cores	: 6
apicid		: 19
initial apicid	: 19
fpu		: yes
fpu_exception	: yes
cpuid level	: 11
wp		: yes
flags		: fpu vme de pse tsc msr pae mce cx8 apic sep mtrr pge mca cmov pat pse36 clflush dts acpi mmx fxsr sse sse2 ss ht tm pbe syscall nx pdpe1gb rdtscp lm constant_tsc arch_perfmon pebs bts rep_good nopl xtopology nonstop_tsc aperfmperf pni pclmulqdq dtes64 monitor ds_cpl vmx smx est tm2 ssse3 cx16 xtpr pdcm pcid dca sse4_1 sse4_2 popcnt aes lahf_lm ida arat epb dtherm tpr_shadow vnmi flexpriority ept vpid
bugs		:
bogomips	: 5600.19
clflush size	: 64
cache_alignment	: 64
address sizes	: 40 bits physical, 48 bits virtual
power management:

processor	: 17
vendor_id	: GenuineIntel
cpu family	: 6
model		: 44
model name	: Intel(R) Xeon(R) CPU           X5660  @ 2.80GHz
stepping	: 2
microcode	: 0x13
cpu MHz		: 2801.000
cache size	: 12288 KB
physical id	: 0
siblings	: 12
core id		: 10
cpu cores	: 6
apicid		: 21
initial apicid	: 21
fpu		: yes
fpu_exception	: yes
cpuid level	: 11
wp		: yes
flags		: fpu vme de pse tsc msr pae mce cx8 apic sep mtrr pge mca cmov pat pse36 clflush dts acpi mmx fxsr sse sse2 ss ht tm pbe syscall nx pdpe1gb rdtscp lm constant_tsc arch_perfmon pebs bts rep_good nopl xtopology nonstop_tsc aperfmperf pni pclmulqdq dtes64 monitor ds_cpl vmx smx est tm2 ssse3 cx16 xtpr pdcm pcid dca sse4_1 sse4_2 popcnt aes lahf_lm ida arat epb dtherm tpr_shadow vnmi flexpriority ept vpid
bugs		:
bogomips	: 5600.19
clflush size	: 64
cache_alignment	: 64
address sizes	: 40 bits physical, 48 bits virtual
power management:

processor	: 18
vendor_id	: GenuineIntel
cpu family	: 6
model		: 44
model name	: Intel(R) Xeon(R) CPU           X5660  @ 2.80GHz
stepping	: 2
microcode	: 0x13
cpu MHz		: 2801.000
cache size	: 12288 KB
physical id	: 1
siblings	: 12
core id		: 0
cpu cores	: 6
apicid		: 33
initial apicid	: 33
fpu		: yes
fpu_exception	: yes
cpuid level	: 11
wp		: yes
flags		: fpu vme de pse tsc msr pae mce cx8 apic sep mtrr pge mca cmov pat pse36 clflush dts acpi mmx fxsr sse sse2 ss ht tm pbe syscall nx pdpe1gb rdtscp lm constant_tsc arch_perfmon pebs bts rep_good nopl xtopology nonstop_tsc aperfmperf pni pclmulqdq dtes64 monitor ds_cpl vmx smx est tm2 ssse3 cx16 xtpr pdcm pcid dca sse4_1 sse4_2 popcnt aes lahf_lm ida arat epb dtherm tpr_shadow vnmi flexpriority ept vpid
bugs		:
bogomips	: 5600.21
clflush size	: 64
cache_alignment	: 64
address sizes	: 40 bits physical, 48 bits virtual
power management:

processor	: 19
vendor_id	: GenuineIntel
cpu family	: 6
model		: 44
model name	: Intel(R) Xeon(R) CPU           X5660  @ 2.80GHz
stepping	: 2
microcode	: 0x13
cpu MHz		: 2801.000
cache size	: 12288 KB
physical id	: 1
siblings	: 12
core id		: 1
cpu cores	: 6
apicid		: 35
initial apicid	: 35
fpu		: yes
fpu_exception	: yes
cpuid level	: 11
wp		: yes
flags		: fpu vme de pse tsc msr pae mce cx8 apic sep mtrr pge mca cmov pat pse36 clflush dts acpi mmx fxsr sse sse2 ss ht tm pbe syscall nx pdpe1gb rdtscp lm constant_tsc arch_perfmon pebs bts rep_good nopl xtopology nonstop_tsc aperfmperf pni pclmulqdq dtes64 monitor ds_cpl vmx smx est tm2 ssse3 cx16 xtpr pdcm pcid dca sse4_1 sse4_2 popcnt aes lahf_lm ida arat epb dtherm tpr_shadow vnmi flexpriority ept vpid
bugs		:
bogomips	: 5600.21
clflush size	: 64
cache_alignment	: 64
address sizes	: 40 bits physical, 48 bits virtual
power management:

processor	: 20
vendor_id	: GenuineIntel
cpu family	: 6
model		: 44
model name	: Intel(R) Xeon(R) CPU           X5660  @ 2.80GHz
stepping	: 2
microcode	: 0x13
cpu MHz		: 2801.000
cache size	: 12288 KB
physical id	: 1
siblings	: 12
core id		: 2
cpu cores	: 6
apicid		: 37
initial apicid	: 37
fpu		: yes
fpu_exception	: yes
cpuid level	: 11
wp		: yes
flags		: fpu vme de pse tsc msr pae mce cx8 apic sep mtrr pge mca cmov pat pse36 clflush dts acpi mmx fxsr sse sse2 ss ht tm pbe syscall nx pdpe1gb rdtscp lm constant_tsc arch_perfmon pebs bts rep_good nopl xtopology nonstop_tsc aperfmperf pni pclmulqdq dtes64 monitor ds_cpl vmx smx est tm2 ssse3 cx16 xtpr pdcm pcid dca sse4_1 sse4_2 popcnt aes lahf_lm ida arat epb dtherm tpr_shadow vnmi flexpriority ept vpid
bugs		:
bogomips	: 5600.21
clflush size	: 64
cache_alignment	: 64
address sizes	: 40 bits physical, 48 bits virtual
power management:

processor	: 21
vendor_id	: GenuineIntel
cpu family	: 6
model		: 44
model name	: Intel(R) Xeon(R) CPU           X5660  @ 2.80GHz
stepping	: 2
microcode	: 0x13
cpu MHz		: 2801.000
cache size	: 12288 KB
physical id	: 1
siblings	: 12
core id		: 8
cpu cores	: 6
apicid		: 49
initial apicid	: 49
fpu		: yes
fpu_exception	: yes
cpuid level	: 11
wp		: yes
flags		: fpu vme de pse tsc msr pae mce cx8 apic sep mtrr pge mca cmov pat pse36 clflush dts acpi mmx fxsr sse sse2 ss ht tm pbe syscall nx pdpe1gb rdtscp lm constant_tsc arch_perfmon pebs bts rep_good nopl xtopology nonstop_tsc aperfmperf pni pclmulqdq dtes64 monitor ds_cpl vmx smx est tm2 ssse3 cx16 xtpr pdcm pcid dca sse4_1 sse4_2 popcnt aes lahf_lm ida arat epb dtherm tpr_shadow vnmi flexpriority ept vpid
bugs		:
bogomips	: 5600.21
clflush size	: 64
cache_alignment	: 64
address sizes	: 40 bits physical, 48 bits virtual
power management:

processor	: 22
vendor_id	: GenuineIntel
cpu family	: 6
model		: 44
model name	: Intel(R) Xeon(R) CPU           X5660  @ 2.80GHz
stepping	: 2
microcode	: 0x13
cpu MHz		: 2801.000
cache size	: 12288 KB
physical id	: 1
siblings	: 12
core id		: 9
cpu cores	: 6
apicid		: 51
initial apicid	: 51
fpu		: yes
fpu_exception	: yes
cpuid level	: 11
wp		: yes
flags		: fpu vme de pse tsc msr pae mce cx8 apic sep mtrr pge mca cmov pat pse36 clflush dts acpi mmx fxsr sse sse2 ss ht tm pbe syscall nx pdpe1gb rdtscp lm constant_tsc arch_perfmon pebs bts rep_good nopl xtopology nonstop_tsc aperfmperf pni pclmulqdq dtes64 monitor ds_cpl vmx smx est tm2 ssse3 cx16 xtpr pdcm pcid dca sse4_1 sse4_2 popcnt aes lahf_lm ida arat epb dtherm tpr_shadow vnmi flexpriority ept vpid
bugs		:
bogomips	: 5600.21
clflush size	: 64
cache_alignment	: 64
address sizes	: 40 bits physical, 48 bits virtual
power management:

processor	: 23
vendor_id	: GenuineIntel
cpu family	: 6
model		: 44
model name	: Intel(R) Xeon(R) CPU           X5660  @ 2.80GHz
stepping	: 2
microcode	: 0x13
cpu MHz		: 2801.000
cache size	: 12288 KB
physical id	: 1
siblings	: 12
core id		: 10
cpu cores	: 6
apicid		: 53
initial apicid	: 53
fpu		: yes
fpu_exception	: yes
cpuid level	: 11
wp		: yes
flags		: fpu vme de pse tsc msr pae mce cx8 apic sep mtrr pge mca cmov pat pse36 clflush dts acpi mmx fxsr sse sse2 ss ht tm pbe syscall nx pdpe1gb rdtscp lm constant_tsc arch_perfmon pebs bts rep_good nopl xtopology nonstop_tsc aperfmperf pni pclmulqdq dtes64 monitor ds_cpl vmx smx est tm2 ssse3 cx16 xtpr pdcm pcid dca sse4_1 sse4_2 popcnt aes lahf_lm ida arat epb dtherm tpr_shadow vnmi flexpriority ept vpid
bugs		:
bogomips	: 5600.21
clflush size	: 64
cache_alignment	: 64
address sizes	: 40 bits physical, 48 bits virtual
power management:



Memory: 4k page, physical 49454532k(727276k free), swap 0k(0k free)

vm_info: Java HotSpot(TM) 64-Bit Server VM (25.45-b02) for linux-amd64 JRE (1.8.0_45-b14), built on Apr 10 2015 10:07:45 by "java_re" with gcc 4.3.0 20080428 (Red Hat 4.3.0-8)

time: Mon Dec 21 01:58:40 2015
elapsed time: 53 seconds (0d 0h 0m 53s)

