#
# There is insufficient memory for the Java Runtime Environment to continue.
# Native memory allocation (mmap) failed to map 1800404992 bytes for committing reserved memory.
# Possible reasons:
#   The system is out of physical RAM or swap space
#   In 32 bit mode, the process size limit was hit
# Possible solutions:
#   Reduce memory load on the system
#   Increase physical memory or swap space
#   Check if swap backing store is full
#   Use 64 bit Java on a 64 bit OS
#   Decrease Java heap size (-Xmx/-Xms)
#   Decrease number of Java threads
#   Decrease Java thread stack sizes (-Xss)
#   Set larger code cache with -XX:ReservedCodeCacheSize=
# This output file may be truncated or incomplete.
#
#  Out of Memory Error (os_linux.cpp:2673), pid=35904, tid=140167340656384
#
# JRE version: Java(TM) SE Runtime Environment (8.0_45-b14) (build 1.8.0_45-b14)
# Java VM: Java HotSpot(TM) 64-Bit Server VM (25.45-b02 mixed mode linux-amd64 compressed oops)
# Failed to write core dump. Core dumps have been disabled. To enable core dumping, try "ulimit -c unlimited" before starting Java again
#

---------------  T H R E A D  ---------------

Current thread (0x00007f7b8c470800):  VMThread [stack: 0x00007f7b407c8000,0x00007f7b408c9000] [id=36215]

Stack: [0x00007f7b407c8000,0x00007f7b408c9000],  sp=0x00007f7b408c70e0,  free space=1020k
Native frames: (J=compiled Java code, j=interpreted, Vv=VM code, C=native code)
V  [libjvm.so+0xaac99a]  VMError::report_and_die()+0x2ba
V  [libjvm.so+0x4f333b]  report_vm_out_of_memory(char const*, int, unsigned long, VMErrorType, char const*)+0x8b
V  [libjvm.so+0x90e7c3]  os::Linux::commit_memory_impl(char*, unsigned long, bool)+0x103
V  [libjvm.so+0x90ed19]  os::pd_commit_memory(char*, unsigned long, unsigned long, bool)+0x29
V  [libjvm.so+0x90867a]  os::commit_memory(char*, unsigned long, unsigned long, bool)+0x2a
V  [libjvm.so+0x97bac3]  PSVirtualSpace::expand_by(unsigned long)+0x53
V  [libjvm.so+0x97cec8]  PSYoungGen::resize_generation(unsigned long, unsigned long)+0xf8
V  [libjvm.so+0x97c022]  PSYoungGen::resize(unsigned long, unsigned long)+0x22
V  [libjvm.so+0x9792fb]  PSScavenge::invoke_no_policy()+0xf7b
V  [libjvm.so+0x979a81]  PSScavenge::invoke()+0x41
V  [libjvm.so+0x932050]  ParallelScavengeHeap::failed_mem_allocate(unsigned long)+0x70
V  [libjvm.so+0xaae1d7]  VM_ParallelGCFailedAllocation::doit()+0x97
V  [libjvm.so+0xab59c5]  VM_Operation::evaluate()+0x55
V  [libjvm.so+0xab3d9a]  VMThread::evaluate_operation(VM_Operation*)+0xba
V  [libjvm.so+0xab411e]  VMThread::loop()+0x1ce
V  [libjvm.so+0xab4590]  VMThread::run()+0x70
V  [libjvm.so+0x910de8]  java_start(Thread*)+0x108

VM_Operation (0x00007f7b3acdf470): ParallelGCFailedAllocation, mode: safepoint, requested by thread 0x00007f7b8c5ad000


---------------  P R O C E S S  ---------------

Java Threads: ( => current thread )
  0x00007f7b8c5ad000 JavaThread "pool-1-thread-1" [_thread_blocked, id=36412, stack(0x00007f7b3abe0000,0x00007f7b3ace1000)]
  0x00007f7b8c4db800 JavaThread "Service Thread" daemon [_thread_blocked, id=36295, stack(0x00007f7b3aeef000,0x00007f7b3aff0000)]
  0x00007f7b8c4d6800 JavaThread "C1 CompilerThread14" daemon [_thread_blocked, id=36271, stack(0x00007f7b3aff0000,0x00007f7b3b0f1000)]
  0x00007f7b8c4d4800 JavaThread "C1 CompilerThread13" daemon [_thread_blocked, id=36270, stack(0x00007f7b3b0f1000,0x00007f7b3b1f2000)]
  0x00007f7b8c4d2800 JavaThread "C1 CompilerThread12" daemon [_thread_blocked, id=36269, stack(0x00007f7b3b1f2000,0x00007f7b3b2f3000)]
  0x00007f7b8c4d0800 JavaThread "C1 CompilerThread11" daemon [_thread_blocked, id=36268, stack(0x00007f7b3b2f3000,0x00007f7b3b3f4000)]
  0x00007f7b8c4ce800 JavaThread "C1 CompilerThread10" daemon [_thread_blocked, id=36267, stack(0x00007f7b3b3f4000,0x00007f7b3b4f5000)]
  0x00007f7b8c4cc800 JavaThread "C2 CompilerThread9" daemon [_thread_blocked, id=36266, stack(0x00007f7b3b4f5000,0x00007f7b3b5f6000)]
  0x00007f7b8c4ca800 JavaThread "C2 CompilerThread8" daemon [_thread_blocked, id=36265, stack(0x00007f7b3b5f6000,0x00007f7b3b6f7000)]
  0x00007f7b8c4c8800 JavaThread "C2 CompilerThread7" daemon [_thread_blocked, id=36264, stack(0x00007f7b3b6f7000,0x00007f7b3b7f8000)]
  0x00007f7b8c4c6800 JavaThread "C2 CompilerThread6" daemon [_thread_blocked, id=36263, stack(0x00007f7b3b7f8000,0x00007f7b3b8f9000)]
  0x00007f7b8c4c4800 JavaThread "C2 CompilerThread5" daemon [_thread_blocked, id=36262, stack(0x00007f7b3b8f9000,0x00007f7b3b9fa000)]
  0x00007f7b8c4ba000 JavaThread "C2 CompilerThread4" daemon [_thread_blocked, id=36261, stack(0x00007f7b3b9fa000,0x00007f7b3bafb000)]
  0x00007f7b8c4b8000 JavaThread "C2 CompilerThread3" daemon [_thread_blocked, id=36260, stack(0x00007f7b3bafb000,0x00007f7b3bbfc000)]
  0x00007f7b8c4b6000 JavaThread "C2 CompilerThread2" daemon [_thread_blocked, id=36259, stack(0x00007f7b3bbfc000,0x00007f7b3bcfd000)]
  0x00007f7b8c4b4000 JavaThread "C2 CompilerThread1" daemon [_thread_blocked, id=36258, stack(0x00007f7b3bcfd000,0x00007f7b3bdfe000)]
  0x00007f7b8c4b1000 JavaThread "C2 CompilerThread0" daemon [_thread_blocked, id=36257, stack(0x00007f7b3bdfe000,0x00007f7b3beff000)]
  0x00007f7b8c4af800 JavaThread "Signal Dispatcher" daemon [_thread_blocked, id=36256, stack(0x00007f7b3beff000,0x00007f7b3c000000)]
  0x00007f7b8c477800 JavaThread "Finalizer" daemon [_thread_blocked, id=36225, stack(0x00007f7b405c6000,0x00007f7b406c7000)]
  0x00007f7b8c475800 JavaThread "Reference Handler" daemon [_thread_blocked, id=36224, stack(0x00007f7b406c7000,0x00007f7b407c8000)]
  0x00007f7b8c00a800 JavaThread "main" [_thread_blocked, id=35913, stack(0x00007f7b9418f000,0x00007f7b94290000)]

Other Threads:
=>0x00007f7b8c470800 VMThread [stack: 0x00007f7b407c8000,0x00007f7b408c9000] [id=36215]
  0x00007f7b8c4de000 WatcherThread [stack: 0x00007f7b3adee000,0x00007f7b3aeef000] [id=36298]

VM state:at safepoint (normal execution)

VM Mutex/Monitor currently owned by a thread:  ([mutex/lock_event])
[0x00007f7b8c006130] Threads_lock - owner thread: 0x00007f7b8c470800
[0x00007f7b8c006630] Heap_lock - owner thread: 0x00007f7b8c5ad000

Heap:
 PSYoungGen      total 3134464K, used 22528K [0x0000000670980000, 0x0000000739400000, 0x00000007c0000000)
  eden space 3111936K, 0% used [0x0000000670980000,0x0000000670980000,0x000000072e880000)
  from space 22528K, 100% used [0x0000000737e00000,0x0000000739400000,0x0000000739400000)
  to   space 2048K, 0% used [0x0000000737c00000,0x0000000737c00000,0x0000000737e00000)
 ParOldGen       total 688128K, used 80947K [0x00000003d1c00000, 0x00000003fbc00000, 0x0000000670980000)
  object space 688128K, 11% used [0x00000003d1c00000,0x00000003d6b0cf48,0x00000003fbc00000)
 Metaspace       used 5361K, capacity 5588K, committed 5888K, reserved 1056768K
  class space    used 588K, capacity 672K, committed 768K, reserved 1048576K

Card table byte_map: [0x00007f7b7b08d000,0x00007f7b7d000000] byte_map_base: 0x00007f7b791ff000

Marking Bits: (ParMarkBitMap*) 0x00007f7b93688760
 Begin Bits: [0x00007f7aa48e0000, 0x00007f7ab4470000)
 End Bits:   [0x00007f7ab4470000, 0x00007f7ac4000000)

Polling page: 0x00007f7b942cf000

CodeCache: size=245760Kb used=6440Kb max_used=6448Kb free=239319Kb
 bounds [0x00007f7b7d000000, 0x00007f7b7d660000, 0x00007f7b8c000000]
 total_blobs=1241 nmethods=940 adapters=211
 compilation: enabled

Compilation events (10 events):
Event: 21,705 Thread 0x00007f7b8c4c4800  936       4       edu.ufpr.cbio.psp.problem.custom.operators.recent.MultiPointsCrossover::execute (158 bytes)
Event: 21,714 Thread 0x00007f7b8c4c4800 nmethod 936 0x00007f7b7d64e310 code [0x00007f7b7d64e480, 0x00007f7b7d64e7c8]
Event: 21,714 Thread 0x00007f7b8c4c4800  937       4       edu.ufpr.cbio.psp.problem.custom.operators.IntegerTwoPointsCrossover::execute (158 bytes)
Event: 21,722 Thread 0x00007f7b8c4c4800 nmethod 937 0x00007f7b7d64eb50 code [0x00007f7b7d64ecc0, 0x00007f7b7d64f008]
Event: 21,835 Thread 0x00007f7b8c4c8800  938       4       org.uma.jmetal.operator.crossover.SinglePointCrossover::execute (157 bytes)
Event: 21,845 Thread 0x00007f7b8c4c8800 nmethod 938 0x00007f7b7d64c450 code [0x00007f7b7d64c5e0, 0x00007f7b7d64c9a8]
Event: 22,661 Thread 0x00007f7b8c4d6800  939       3       java.io.BufferedWriter::newLine (9 bytes)
Event: 22,662 Thread 0x00007f7b8c4d6800 nmethod 939 0x00007f7b7d64bdd0 code [0x00007f7b7d64bf60, 0x00007f7b7d64c2c8]
Event: 22,840 Thread 0x00007f7b8c4d2800  940       3       java.util.TimSort::mergeAt (358 bytes)
Event: 22,841 Thread 0x00007f7b8c4d2800 nmethod 940 0x00007f7b7d64d710 code [0x00007f7b7d64d8e0, 0x00007f7b7d64deb8]

GC Heap History (10 events):
Event: 9,474 GC heap after
Heap after GC invocations=9 (full 0):
 PSYoungGen      total 1973760K, used 3584K [0x0000000670980000, 0x00000006eec00000, 0x00000007c0000000)
  eden space 1970176K, 0% used [0x0000000670980000,0x0000000670980000,0x00000006e8d80000)
  from space 3584K, 100% used [0x00000006ee680000,0x00000006eea00000,0x00000006eea00000)
  to   space 2048K, 0% used [0x00000006eea00000,0x00000006eea00000,0x00000006eec00000)
 ParOldGen       total 688128K, used 3352K [0x00000003d1c00000, 0x00000003fbc00000, 0x0000000670980000)
  object space 688128K, 0% used [0x00000003d1c00000,0x00000003d1f463d8,0x00000003fbc00000)
 Metaspace       used 5314K, capacity 5524K, committed 5632K, reserved 1056768K
  class space    used 588K, capacity 672K, committed 768K, reserved 1048576K
}
Event: 12,221 GC heap before
{Heap before GC invocations=10 (full 0):
 PSYoungGen      total 1973760K, used 1973760K [0x0000000670980000, 0x00000006eec00000, 0x00000007c0000000)
  eden space 1970176K, 100% used [0x0000000670980000,0x00000006e8d80000,0x00000006e8d80000)
  from space 3584K, 100% used [0x00000006ee680000,0x00000006eea00000,0x00000006eea00000)
  to   space 2048K, 0% used [0x00000006eea00000,0x00000006eea00000,0x00000006eec00000)
 ParOldGen       total 688128K, used 3352K [0x00000003d1c00000, 0x00000003fbc00000, 0x0000000670980000)
  object space 688128K, 0% used [0x00000003d1c00000,0x00000003d1f463d8,0x00000003fbc00000)
 Metaspace       used 5317K, capacity 5524K, committed 5632K, reserved 1056768K
  class space    used 588K, capacity 672K, committed 768K, reserved 1048576K
Event: 12,303 GC heap after
Heap after GC invocations=10 (full 0):
 PSYoungGen      total 2041344K, used 2048K [0x0000000670980000, 0x0000000734200000, 0x00000007c0000000)
  eden space 2039296K, 0% used [0x0000000670980000,0x0000000670980000,0x00000006ed100000)
  from space 2048K, 100% used [0x00000006eea00000,0x00000006eec00000,0x00000006eec00000)
  to   space 25600K, 0% used [0x00000006ed100000,0x00000006ed100000,0x00000006eea00000)
 ParOldGen       total 688128K, used 58747K [0x00000003d1c00000, 0x00000003fbc00000, 0x0000000670980000)
  object space 688128K, 8% used [0x00000003d1c00000,0x00000003d555ef48,0x00000003fbc00000)
 Metaspace       used 5317K, capacity 5524K, committed 5632K, reserved 1056768K
  class space    used 588K, capacity 672K, committed 768K, reserved 1048576K
}
Event: 14,412 GC heap before
{Heap before GC invocations=11 (full 0):
 PSYoungGen      total 2041344K, used 2041344K [0x0000000670980000, 0x0000000734200000, 0x00000007c0000000)
  eden space 2039296K, 100% used [0x0000000670980000,0x00000006ed100000,0x00000006ed100000)
  from space 2048K, 100% used [0x00000006eea00000,0x00000006eec00000,0x00000006eec00000)
  to   space 25600K, 0% used [0x00000006ed100000,0x00000006ed100000,0x00000006eea00000)
 ParOldGen       total 688128K, used 58747K [0x00000003d1c00000, 0x00000003fbc00000, 0x0000000670980000)
  object space 688128K, 8% used [0x00000003d1c00000,0x00000003d555ef48,0x00000003fbc00000)
 Metaspace       used 5338K, capacity 5588K, committed 5888K, reserved 1056768K
  class space    used 588K, capacity 672K, committed 768K, reserved 1048576K
Event: 14,430 GC heap after
Heap after GC invocations=11 (full 0):
 PSYoungGen      total 2064896K, used 6176K [0x0000000670980000, 0x000000073ab00000, 0x00000007c0000000)
  eden space 2039296K, 0% used [0x0000000670980000,0x0000000670980000,0x00000006ed100000)
  from space 25600K, 24% used [0x00000006ed100000,0x00000006ed708000,0x00000006eea00000)
  to   space 24064K, 0% used [0x0000000739380000,0x0000000739380000,0x000000073ab00000)
 ParOldGen       total 688128K, used 60507K [0x00000003d1c00000, 0x00000003fbc00000, 0x0000000670980000)
  object space 688128K, 8% used [0x00000003d1c00000,0x00000003d5716f48,0x00000003fbc00000)
 Metaspace       used 5338K, capacity 5588K, committed 5888K, reserved 1056768K
  class space    used 588K, capacity 672K, committed 768K, reserved 1048576K
}
Event: 16,932 GC heap before
{Heap before GC invocations=12 (full 0):
 PSYoungGen      total 2064896K, used 2045472K [0x0000000670980000, 0x000000073ab00000, 0x00000007c0000000)
  eden space 2039296K, 100% used [0x0000000670980000,0x00000006ed100000,0x00000006ed100000)
  from space 25600K, 24% used [0x00000006ed100000,0x00000006ed708000,0x00000006eea00000)
  to   space 24064K, 0% used [0x0000000739380000,0x0000000739380000,0x000000073ab00000)
 ParOldGen       total 688128K, used 60507K [0x00000003d1c00000, 0x00000003fbc00000, 0x0000000670980000)
  object space 688128K, 8% used [0x00000003d1c00000,0x00000003d5716f48,0x00000003fbc00000)
 Metaspace       used 5342K, capacity 5588K, committed 5888K, reserved 1056768K
  class space    used 588K, capacity 672K, committed 768K, reserved 1048576K
Event: 16,949 GC heap after
Heap after GC invocations=12 (full 0):
 PSYoungGen      total 3286016K, used 960K [0x0000000670980000, 0x000000073aa00000, 0x00000007c0000000)
  eden space 3262976K, 0% used [0x0000000670980000,0x0000000670980000,0x0000000737c00000)
  from space 23040K, 4% used [0x0000000739380000,0x0000000739470000,0x000000073aa00000)
  to   space 23552K, 0% used [0x0000000737c00000,0x0000000737c00000,0x0000000739300000)
 ParOldGen       total 688128K, used 64667K [0x00000003d1c00000, 0x00000003fbc00000, 0x0000000670980000)
  object space 688128K, 9% used [0x00000003d1c00000,0x00000003d5b26f48,0x00000003fbc00000)
 Metaspace       used 5342K, capacity 5588K, committed 5888K, reserved 1056768K
  class space    used 588K, capacity 672K, committed 768K, reserved 1048576K
}
Event: 21,213 GC heap before
{Heap before GC invocations=13 (full 0):
 PSYoungGen      total 3286016K, used 3263936K [0x0000000670980000, 0x000000073aa00000, 0x00000007c0000000)
  eden space 3262976K, 100% used [0x0000000670980000,0x0000000737c00000,0x0000000737c00000)
  from space 23040K, 4% used [0x0000000739380000,0x0000000739470000,0x000000073aa00000)
  to   space 23552K, 0% used [0x0000000737c00000,0x0000000737c00000,0x0000000739300000)
 ParOldGen       total 688128K, used 64667K [0x00000003d1c00000, 0x00000003fbc00000, 0x0000000670980000)
  object space 688128K, 9% used [0x00000003d1c00000,0x00000003d5b26f48,0x00000003fbc00000)
 Metaspace       used 5356K, capacity 5588K, committed 5888K, reserved 1056768K
  class space    used 588K, capacity 672K, committed 768K, reserved 1048576K
Event: 21,221 GC heap after
Heap after GC invocations=13 (full 0):
 PSYoungGen      total 3113984K, used 1792K [0x0000000670980000, 0x0000000739400000, 0x00000007c0000000)
  eden space 3111936K, 0% used [0x0000000670980000,0x0000000670980000,0x000000072e880000)
  from space 2048K, 87% used [0x0000000737c00000,0x0000000737dc0000,0x0000000737e00000)
  to   space 22528K, 0% used [0x0000000737e00000,0x0000000737e00000,0x0000000739400000)
 ParOldGen       total 688128K, used 65027K [0x00000003d1c00000, 0x00000003fbc00000, 0x0000000670980000)
  object space 688128K, 9% used [0x00000003d1c00000,0x00000003d5b80f48,0x00000003fbc00000)
 Metaspace       used 5356K, capacity 5588K, committed 5888K, reserved 1056768K
  class space    used 588K, capacity 672K, committed 768K, reserved 1048576K
}
Event: 25,037 GC heap before
{Heap before GC invocations=14 (full 0):
 PSYoungGen      total 3113984K, used 3113728K [0x0000000670980000, 0x0000000739400000, 0x00000007c0000000)
  eden space 3111936K, 100% used [0x0000000670980000,0x000000072e880000,0x000000072e880000)
  from space 2048K, 87% used [0x0000000737c00000,0x0000000737dc0000,0x0000000737e00000)
  to   space 22528K, 0% used [0x0000000737e00000,0x0000000737e00000,0x0000000739400000)
 ParOldGen       total 688128K, used 65027K [0x00000003d1c00000, 0x00000003fbc00000, 0x0000000670980000)
  object space 688128K, 9% used [0x00000003d1c00000,0x00000003d5b80f48,0x00000003fbc00000)
 Metaspace       used 5361K, capacity 5588K, committed 5888K, reserved 1056768K
  class space    used 588K, capacity 672K, committed 768K, reserved 1048576K

Deoptimization events (10 events):
Event: 1,652 Thread 0x00007f7b8c5ad000 Uncommon trap: reason=unstable_if action=reinterpret pc=0x00007f7b7d49cc50 method=edu.ufpr.cbio.psp.algorithms.backtrack.initialization.BacktrackInitialization.move(IILjava/lang/String;)Z @ 149
Event: 1,920 Thread 0x00007f7b8c5ad000 Uncommon trap: reason=unstable_if action=reinterpret pc=0x00007f7b7d4b19a4 method=edu.ufpr.cbio.psp.algorithms.backtrack.initialization.BacktrackInitialization.move(IILjava/lang/String;)Z @ 174
Event: 2,555 Thread 0x00007f7b8c5ad000 Uncommon trap: reason=unstable_if action=reinterpret pc=0x00007f7b7d4ddc84 method=edu.ufpr.cbio.psp.problem.PSPProblem.evaluate(Lorg/uma/jmetal/core/Solution;)V @ 202
Event: 2,577 Thread 0x00007f7b8c5ad000 Uncommon trap: reason=predicate action=maybe_recompile pc=0x00007f7b7d462ff8 method=java.util.ArrayList.indexOf(Ljava/lang/Object;)I @ 44
Event: 2,577 Thread 0x00007f7b8c5ad000 Uncommon trap: reason=predicate action=maybe_recompile pc=0x00007f7b7d3a5f9c method=java.util.ArrayList.indexOf(Ljava/lang/Object;)I @ 44
Event: 3,220 Thread 0x00007f7b8c5ad000 Uncommon trap: reason=unstable_if action=reinterpret pc=0x00007f7b7d543198 method=org.uma.jmetal.util.Ranking.<init>(Lorg/uma/jmetal/core/SolutionSet;)V @ 124
Event: 3,477 Thread 0x00007f7b8c5ad000 Uncommon trap: reason=unstable_if action=reinterpret pc=0x00007f7b7d481794 method=java.util.HashMap.putVal(ILjava/lang/Object;Ljava/lang/Object;ZZ)Ljava/lang/Object; @ 162
Event: 3,479 Thread 0x00007f7b8c5ad000 Uncommon trap: reason=unstable_if action=reinterpret pc=0x00007f7b7d4c5a30 method=java.util.HashMap.putVal(ILjava/lang/Object;Ljava/lang/Object;ZZ)Ljava/lang/Object; @ 162
Event: 4,167 Thread 0x00007f7b8c5ad000 Uncommon trap: reason=unstable_if action=reinterpret pc=0x00007f7b7d59c5e4 method=org.uma.jmetal.util.Ranking.<init>(Lorg/uma/jmetal/core/SolutionSet;)V @ 333
Event: 4,809 Thread 0x00007f7b8c5ad000 Uncommon trap: reason=unstable_if action=reinterpret pc=0x00007f7b7d5a595c method=org.uma.jmetal.util.Ranking.<init>(Lorg/uma/jmetal/core/SolutionSet;)V @ 333

Internal exceptions (8 events):
Event: 0,047 Thread 0x00007f7b8c00a800 Exception <a 'java/lang/NoSuchMethodError': Method sun.misc.Unsafe.defineClass(Ljava/lang/String;[BII)Ljava/lang/Class; name or signature does not match> (0x0000000670992a30) thrown at [/RE-WORK/workspace/8-2-build-linux-amd64/jdk8u45/3457/hotspot/src/sha
Event: 0,047 Thread 0x00007f7b8c00a800 Exception <a 'java/lang/NoSuchMethodError': Method sun.misc.Unsafe.prefetchRead(Ljava/lang/Object;J)V name or signature does not match> (0x0000000670992cc0) thrown at [/RE-WORK/workspace/8-2-build-linux-amd64/jdk8u45/3457/hotspot/src/share/vm/prims/jni.cp
Event: 0,137 Thread 0x00007f7b8c00a800 Exception <a 'java/security/PrivilegedActionException'> (0x0000000670a53cc8) thrown at [/RE-WORK/workspace/8-2-build-linux-amd64/jdk8u45/3457/hotspot/src/share/vm/prims/jvm.cpp, line 1382]
Event: 0,137 Thread 0x00007f7b8c00a800 Exception <a 'java/security/PrivilegedActionException'> (0x0000000670a53e80) thrown at [/RE-WORK/workspace/8-2-build-linux-amd64/jdk8u45/3457/hotspot/src/share/vm/prims/jvm.cpp, line 1382]
Event: 0,138 Thread 0x00007f7b8c00a800 Exception <a 'java/security/PrivilegedActionException'> (0x0000000670a56718) thrown at [/RE-WORK/workspace/8-2-build-linux-amd64/jdk8u45/3457/hotspot/src/share/vm/prims/jvm.cpp, line 1382]
Event: 0,138 Thread 0x00007f7b8c00a800 Exception <a 'java/security/PrivilegedActionException'> (0x0000000670a568d0) thrown at [/RE-WORK/workspace/8-2-build-linux-amd64/jdk8u45/3457/hotspot/src/share/vm/prims/jvm.cpp, line 1382]
Event: 0,418 Thread 0x00007f7b8c5ad000 Exception <a 'java/lang/NoSuchFieldError': method resolution failed> (0x0000000672af97c0) thrown at [/RE-WORK/workspace/8-2-build-linux-amd64/jdk8u45/3457/hotspot/src/share/vm/prims/methodHandles.cpp, line 1125]
Event: 0,452 Thread 0x00007f7b8c5ad000 Exception <a 'java/lang/NoSuchFieldError': method resolution failed> (0x0000000672b08010) thrown at [/RE-WORK/workspace/8-2-build-linux-amd64/jdk8u45/3457/hotspot/src/share/vm/prims/methodHandles.cpp, line 1125]

Events (10 events):
Event: 11,240 Thread 0x00007f7b8c5ad000 DEOPT UNPACKING pc=0x00007f7b7d047633 sp=0x00007f7b3acdf418 mode 0
Event: 12,221 Executing VM operation: ParallelGCFailedAllocation
Event: 12,303 Executing VM operation: ParallelGCFailedAllocation done
Event: 14,412 Executing VM operation: ParallelGCFailedAllocation
Event: 14,430 Executing VM operation: ParallelGCFailedAllocation done
Event: 16,932 Executing VM operation: ParallelGCFailedAllocation
Event: 16,949 Executing VM operation: ParallelGCFailedAllocation done
Event: 21,213 Executing VM operation: ParallelGCFailedAllocation
Event: 21,221 Executing VM operation: ParallelGCFailedAllocation done
Event: 25,036 Executing VM operation: ParallelGCFailedAllocation


Dynamic libraries:
00400000-00401000 r-xp 00000000 00:2b 13572529                           /home/ppginf/vdfontoura/jdk1.8.0_45/bin/java
00600000-00601000 rw-p 00000000 00:2b 13572529                           /home/ppginf/vdfontoura/jdk1.8.0_45/bin/java
00cc2000-00ce3000 rw-p 00000000 00:00 0                                  [heap]
3d1c00000-3fbc00000 rw-p 00000000 00:00 0 
3fbc00000-670980000 ---p 00000000 00:00 0 
670980000-739400000 rw-p 00000000 00:00 0 
7a4900000-7c0000000 ---p 00000000 00:00 0 
7c0000000-7c00c0000 rw-p 00000000 00:00 0 
7c00c0000-800000000 ---p 00000000 00:00 0 
7f7a50000000-7f7a50021000 rw-p 00000000 00:00 0 
7f7a50021000-7f7a54000000 ---p 00000000 00:00 0 
7f7a54000000-7f7a54291000 rw-p 00000000 00:00 0 
7f7a54291000-7f7a58000000 ---p 00000000 00:00 0 
7f7a58000000-7f7a58126000 rw-p 00000000 00:00 0 
7f7a58126000-7f7a5c000000 ---p 00000000 00:00 0 
7f7a5c000000-7f7a5c021000 rw-p 00000000 00:00 0 
7f7a5c021000-7f7a60000000 ---p 00000000 00:00 0 
7f7a60000000-7f7a60095000 rw-p 00000000 00:00 0 
7f7a60095000-7f7a64000000 ---p 00000000 00:00 0 
7f7a64000000-7f7a6405e000 rw-p 00000000 00:00 0 
7f7a6405e000-7f7a68000000 ---p 00000000 00:00 0 
7f7a68000000-7f7a68036000 rw-p 00000000 00:00 0 
7f7a68036000-7f7a6c000000 ---p 00000000 00:00 0 
7f7a6c000000-7f7a6c062000 rw-p 00000000 00:00 0 
7f7a6c062000-7f7a70000000 ---p 00000000 00:00 0 
7f7a70000000-7f7a703e2000 rw-p 00000000 00:00 0 
7f7a703e2000-7f7a74000000 ---p 00000000 00:00 0 
7f7a74000000-7f7a74420000 rw-p 00000000 00:00 0 
7f7a74420000-7f7a78000000 ---p 00000000 00:00 0 
7f7a78000000-7f7a78468000 rw-p 00000000 00:00 0 
7f7a78468000-7f7a7c000000 ---p 00000000 00:00 0 
7f7a7c000000-7f7a7c367000 rw-p 00000000 00:00 0 
7f7a7c367000-7f7a80000000 ---p 00000000 00:00 0 
7f7a80000000-7f7a80774000 rw-p 00000000 00:00 0 
7f7a80774000-7f7a84000000 ---p 00000000 00:00 0 
7f7a84000000-7f7a845bf000 rw-p 00000000 00:00 0 
7f7a845bf000-7f7a88000000 ---p 00000000 00:00 0 
7f7a88000000-7f7a881e7000 rw-p 00000000 00:00 0 
7f7a881e7000-7f7a8c000000 ---p 00000000 00:00 0 
7f7a8c000000-7f7a8c2d0000 rw-p 00000000 00:00 0 
7f7a8c2d0000-7f7a90000000 ---p 00000000 00:00 0 
7f7a90000000-7f7a903d3000 rw-p 00000000 00:00 0 
7f7a903d3000-7f7a94000000 ---p 00000000 00:00 0 
7f7a94000000-7f7a9457a000 rw-p 00000000 00:00 0 
7f7a9457a000-7f7a98000000 ---p 00000000 00:00 0 
7f7a98000000-7f7a98021000 rw-p 00000000 00:00 0 
7f7a98021000-7f7a9c000000 ---p 00000000 00:00 0 
7f7a9c000000-7f7a9c021000 rw-p 00000000 00:00 0 
7f7a9c021000-7f7aa0000000 ---p 00000000 00:00 0 
7f7aa0000000-7f7aa0021000 rw-p 00000000 00:00 0 
7f7aa0021000-7f7aa4000000 ---p 00000000 00:00 0 
7f7aa48e0000-7f7ac4000000 rw-p 00000000 00:00 0 
7f7ac4000000-7f7ac4021000 rw-p 00000000 00:00 0 
7f7ac4021000-7f7ac8000000 ---p 00000000 00:00 0 
7f7ac8000000-7f7ac828c000 rw-p 00000000 00:00 0 
7f7ac828c000-7f7acc000000 ---p 00000000 00:00 0 
7f7acc000000-7f7acc021000 rw-p 00000000 00:00 0 
7f7acc021000-7f7ad0000000 ---p 00000000 00:00 0 
7f7ad4000000-7f7ad4021000 rw-p 00000000 00:00 0 
7f7ad4021000-7f7ad8000000 ---p 00000000 00:00 0 
7f7adc000000-7f7adc021000 rw-p 00000000 00:00 0 
7f7adc021000-7f7ae0000000 ---p 00000000 00:00 0 
7f7ae4000000-7f7ae4021000 rw-p 00000000 00:00 0 
7f7ae4021000-7f7ae8000000 ---p 00000000 00:00 0 
7f7aec000000-7f7aec021000 rw-p 00000000 00:00 0 
7f7aec021000-7f7af0000000 ---p 00000000 00:00 0 
7f7af4000000-7f7af4021000 rw-p 00000000 00:00 0 
7f7af4021000-7f7af8000000 ---p 00000000 00:00 0 
7f7afc000000-7f7afc021000 rw-p 00000000 00:00 0 
7f7afc021000-7f7b00000000 ---p 00000000 00:00 0 
7f7b04000000-7f7b04021000 rw-p 00000000 00:00 0 
7f7b04021000-7f7b08000000 ---p 00000000 00:00 0 
7f7b0c000000-7f7b0c021000 rw-p 00000000 00:00 0 
7f7b0c021000-7f7b10000000 ---p 00000000 00:00 0 
7f7b14000000-7f7b14021000 rw-p 00000000 00:00 0 
7f7b14021000-7f7b18000000 ---p 00000000 00:00 0 
7f7b1c000000-7f7b1c021000 rw-p 00000000 00:00 0 
7f7b1c021000-7f7b20000000 ---p 00000000 00:00 0 
7f7b24000000-7f7b24021000 rw-p 00000000 00:00 0 
7f7b24021000-7f7b28000000 ---p 00000000 00:00 0 
7f7b2c000000-7f7b2c021000 rw-p 00000000 00:00 0 
7f7b2c021000-7f7b30000000 ---p 00000000 00:00 0 
7f7b34000000-7f7b34021000 rw-p 00000000 00:00 0 
7f7b34021000-7f7b38000000 ---p 00000000 00:00 0 
7f7b3aae0000-7f7b3abe0000 rw-p 00000000 00:00 0 
7f7b3abe0000-7f7b3abe3000 ---p 00000000 00:00 0 
7f7b3abe3000-7f7b3ace1000 rw-p 00000000 00:00 0                          [stack:36412]
7f7b3ace1000-7f7b3adee000 r--s 010c9000 00:2b 16151392                   /home/ppginf/vdfontoura/psp-chapter/psp-2D/target/NSGAIIHH.jar
7f7b3adee000-7f7b3adef000 ---p 00000000 00:00 0 
7f7b3adef000-7f7b3aeef000 rw-p 00000000 00:00 0                          [stack:36298]
7f7b3aeef000-7f7b3aef2000 ---p 00000000 00:00 0 
7f7b3aef2000-7f7b3aff0000 rw-p 00000000 00:00 0                          [stack:36295]
7f7b3aff0000-7f7b3aff3000 ---p 00000000 00:00 0 
7f7b3aff3000-7f7b3b0f1000 rw-p 00000000 00:00 0                          [stack:36271]
7f7b3b0f1000-7f7b3b0f4000 ---p 00000000 00:00 0 
7f7b3b0f4000-7f7b3b1f2000 rw-p 00000000 00:00 0                          [stack:36270]
7f7b3b1f2000-7f7b3b1f5000 ---p 00000000 00:00 0 
7f7b3b1f5000-7f7b3b2f3000 rw-p 00000000 00:00 0                          [stack:36269]
7f7b3b2f3000-7f7b3b2f6000 ---p 00000000 00:00 0 
7f7b3b2f6000-7f7b3b3f4000 rw-p 00000000 00:00 0                          [stack:36268]
7f7b3b3f4000-7f7b3b3f7000 ---p 00000000 00:00 0 
7f7b3b3f7000-7f7b3b4f5000 rw-p 00000000 00:00 0                          [stack:36267]
7f7b3b4f5000-7f7b3b4f8000 ---p 00000000 00:00 0 
7f7b3b4f8000-7f7b3b5f6000 rw-p 00000000 00:00 0                          [stack:36266]
7f7b3b5f6000-7f7b3b5f9000 ---p 00000000 00:00 0 
7f7b3b5f9000-7f7b3b6f7000 rw-p 00000000 00:00 0                          [stack:36265]
7f7b3b6f7000-7f7b3b6fa000 ---p 00000000 00:00 0 
7f7b3b6fa000-7f7b3b7f8000 rw-p 00000000 00:00 0                          [stack:36264]
7f7b3b7f8000-7f7b3b7fb000 ---p 00000000 00:00 0 
7f7b3b7fb000-7f7b3b8f9000 rw-p 00000000 00:00 0                          [stack:36263]
7f7b3b8f9000-7f7b3b8fc000 ---p 00000000 00:00 0 
7f7b3b8fc000-7f7b3b9fa000 rw-p 00000000 00:00 0                          [stack:36262]
7f7b3b9fa000-7f7b3b9fd000 ---p 00000000 00:00 0 
7f7b3b9fd000-7f7b3bafb000 rw-p 00000000 00:00 0                          [stack:36261]
7f7b3bafb000-7f7b3bafe000 ---p 00000000 00:00 0 
7f7b3bafe000-7f7b3bbfc000 rw-p 00000000 00:00 0                          [stack:36260]
7f7b3bbfc000-7f7b3bbff000 ---p 00000000 00:00 0 
7f7b3bbff000-7f7b3bcfd000 rw-p 00000000 00:00 0                          [stack:36259]
7f7b3bcfd000-7f7b3bd00000 ---p 00000000 00:00 0 
7f7b3bd00000-7f7b3bdfe000 rw-p 00000000 00:00 0                          [stack:36258]
7f7b3bdfe000-7f7b3be01000 ---p 00000000 00:00 0 
7f7b3be01000-7f7b3beff000 rw-p 00000000 00:00 0                          [stack:36257]
7f7b3beff000-7f7b3bf02000 ---p 00000000 00:00 0 
7f7b3bf02000-7f7b3c000000 rw-p 00000000 00:00 0                          [stack:36256]
7f7b3c000000-7f7b3c021000 rw-p 00000000 00:00 0 
7f7b3c021000-7f7b40000000 ---p 00000000 00:00 0 
7f7b4000e000-7f7b405c6000 r--p 00000000 00:14 231                        /usr/lib/locale/locale-archive
7f7b405c6000-7f7b405c9000 ---p 00000000 00:00 0 
7f7b405c9000-7f7b406c7000 rw-p 00000000 00:00 0                          [stack:36225]
7f7b406c7000-7f7b406ca000 ---p 00000000 00:00 0 
7f7b406ca000-7f7b407c8000 rw-p 00000000 00:00 0                          [stack:36224]
7f7b407c8000-7f7b407c9000 ---p 00000000 00:00 0 
7f7b407c9000-7f7b44000000 rw-p 00000000 00:00 0                          [stack:36215]
7f7b44000000-7f7b44021000 rw-p 00000000 00:00 0 
7f7b44021000-7f7b48000000 ---p 00000000 00:00 0 
7f7b4806e000-7f7b4c000000 rw-p 00000000 00:00 0 
7f7b4c000000-7f7b4c021000 rw-p 00000000 00:00 0 
7f7b4c021000-7f7b50000000 ---p 00000000 00:00 0 
7f7b50000000-7f7b50021000 rw-p 00000000 00:00 0 
7f7b50021000-7f7b54000000 ---p 00000000 00:00 0 
7f7b54000000-7f7b54021000 rw-p 00000000 00:00 0 
7f7b54021000-7f7b58000000 ---p 00000000 00:00 0 
7f7b58000000-7f7b58021000 rw-p 00000000 00:00 0 
7f7b58021000-7f7b5c000000 ---p 00000000 00:00 0 
7f7b5c000000-7f7b5c021000 rw-p 00000000 00:00 0 
7f7b5c021000-7f7b60000000 ---p 00000000 00:00 0 
7f7b60000000-7f7b60021000 rw-p 00000000 00:00 0 
7f7b60021000-7f7b64000000 ---p 00000000 00:00 0 
7f7b64000000-7f7b64021000 rw-p 00000000 00:00 0 
7f7b64021000-7f7b68000000 ---p 00000000 00:00 0 
7f7b68000000-7f7b68021000 rw-p 00000000 00:00 0 
7f7b68021000-7f7b6c000000 ---p 00000000 00:00 0 
7f7b6c000000-7f7b6c021000 rw-p 00000000 00:00 0 
7f7b6c021000-7f7b70000000 ---p 00000000 00:00 0 
7f7b70000000-7f7b70021000 rw-p 00000000 00:00 0 
7f7b70021000-7f7b74000000 ---p 00000000 00:00 0 
7f7b74000000-7f7b74021000 rw-p 00000000 00:00 0 
7f7b74021000-7f7b78000000 ---p 00000000 00:00 0 
7f7b780fd000-7f7b782d6000 r--s 03d09000 00:2b 13572347                   /home/ppginf/vdfontoura/jdk1.8.0_45/jre/lib/rt.jar
7f7b782d6000-7f7b7884c000 rw-p 00000000 00:00 0 
7f7b7884c000-7f7b78b4c000 ---p 00000000 00:00 0 
7f7b78b4c000-7f7b78c87000 rw-p 00000000 00:00 0 
7f7b78c87000-7f7b78c88000 ---p 00000000 00:00 0 
7f7b78c88000-7f7b78d88000 rw-p 00000000 00:00 0                          [stack:36184]
7f7b78d88000-7f7b78d89000 ---p 00000000 00:00 0 
7f7b78d89000-7f7b78e89000 rw-p 00000000 00:00 0                          [stack:36183]
7f7b78e89000-7f7b78e8a000 ---p 00000000 00:00 0 
7f7b78e8a000-7f7b78f8a000 rw-p 00000000 00:00 0                          [stack:36182]
7f7b78f8a000-7f7b78f8b000 ---p 00000000 00:00 0 
7f7b78f8b000-7f7b7908b000 rw-p 00000000 00:00 0                          [stack:36181]
7f7b7908b000-7f7b7908c000 ---p 00000000 00:00 0 
7f7b7908c000-7f7b7918c000 rw-p 00000000 00:00 0                          [stack:36180]
7f7b7918c000-7f7b7918d000 ---p 00000000 00:00 0 
7f7b7918d000-7f7b7928d000 rw-p 00000000 00:00 0                          [stack:36179]
7f7b7928d000-7f7b7928e000 ---p 00000000 00:00 0 
7f7b7928e000-7f7b7938e000 rw-p 00000000 00:00 0                          [stack:36178]
7f7b7938e000-7f7b7938f000 ---p 00000000 00:00 0 
7f7b7938f000-7f7b7948f000 rw-p 00000000 00:00 0                          [stack:36177]
7f7b7948f000-7f7b79490000 ---p 00000000 00:00 0 
7f7b79490000-7f7b79590000 rw-p 00000000 00:00 0                          [stack:36176]
7f7b79590000-7f7b79591000 ---p 00000000 00:00 0 
7f7b79591000-7f7b79691000 rw-p 00000000 00:00 0                          [stack:36175]
7f7b79691000-7f7b79692000 ---p 00000000 00:00 0 
7f7b79692000-7f7b79792000 rw-p 00000000 00:00 0                          [stack:36174]
7f7b79792000-7f7b79793000 ---p 00000000 00:00 0 
7f7b79793000-7f7b79893000 rw-p 00000000 00:00 0                          [stack:36173]
7f7b79893000-7f7b79894000 ---p 00000000 00:00 0 
7f7b79894000-7f7b79994000 rw-p 00000000 00:00 0                          [stack:36172]
7f7b79994000-7f7b79995000 ---p 00000000 00:00 0 
7f7b79995000-7f7b79a95000 rw-p 00000000 00:00 0                          [stack:36171]
7f7b79a95000-7f7b79a96000 ---p 00000000 00:00 0 
7f7b79a96000-7f7b79ce6000 rw-p 00000000 00:00 0                          [stack:36170]
7f7b79ce6000-7f7b7b08d000 ---p 00000000 00:00 0 
7f7b7b08d000-7f7b7b1dd000 rw-p 00000000 00:00 0 
7f7b7b1dd000-7f7b7c583000 ---p 00000000 00:00 0 
7f7b7c583000-7f7b7cbc9000 rw-p 00000000 00:00 0 
7f7b7cbc9000-7f7b7cfff000 ---p 00000000 00:00 0 
7f7b7cfff000-7f7b7d000000 rw-p 00000000 00:00 0 
7f7b7d000000-7f7b7d660000 rwxp 00000000 00:00 0 
7f7b7d660000-7f7b8c000000 ---p 00000000 00:00 0 
7f7b8c000000-7f7b8c5af000 rw-p 00000000 00:00 0 
7f7b8c5af000-7f7b90000000 ---p 00000000 00:00 0 
7f7b9004f000-7f7b90071000 r--p 00000000 00:14 7823                       /usr/share/locale-langpack/pt_BR/LC_MESSAGES/libc.mo
7f7b90071000-7f7b90072000 ---p 00000000 00:00 0 
7f7b90072000-7f7b90172000 rw-p 00000000 00:00 0                          [stack:36169]
7f7b90172000-7f7b90173000 ---p 00000000 00:00 0 
7f7b90173000-7f7b90273000 rw-p 00000000 00:00 0                          [stack:36168]
7f7b90273000-7f7b90274000 ---p 00000000 00:00 0 
7f7b90274000-7f7b90374000 rw-p 00000000 00:00 0                          [stack:36167]
7f7b90374000-7f7b90375000 ---p 00000000 00:00 0 
7f7b90375000-7f7b90475000 rw-p 00000000 00:00 0                          [stack:36166]
7f7b90475000-7f7b90476000 ---p 00000000 00:00 0 
7f7b90476000-7f7b90576000 rw-p 00000000 00:00 0                          [stack:36165]
7f7b90576000-7f7b90577000 ---p 00000000 00:00 0 
7f7b90577000-7f7b90677000 rw-p 00000000 00:00 0                          [stack:36164]
7f7b90677000-7f7b90678000 ---p 00000000 00:00 0 
7f7b90678000-7f7b90778000 rw-p 00000000 00:00 0                          [stack:36163]
7f7b90778000-7f7b90779000 ---p 00000000 00:00 0 
7f7b90779000-7f7b90879000 rw-p 00000000 00:00 0                          [stack:36162]
7f7b90879000-7f7b9087a000 ---p 00000000 00:00 0 
7f7b9087a000-7f7b9097a000 rw-p 00000000 00:00 0                          [stack:36160]
7f7b9097a000-7f7b9097b000 ---p 00000000 00:00 0 
7f7b9097b000-7f7b90a7b000 rw-p 00000000 00:00 0                          [stack:36158]
7f7b90a7b000-7f7b90a7c000 ---p 00000000 00:00 0 
7f7b90a7c000-7f7b90b7c000 rw-p 00000000 00:00 0                          [stack:36157]
7f7b90b7c000-7f7b90b7d000 ---p 00000000 00:00 0 
7f7b90b7d000-7f7b90c7d000 rw-p 00000000 00:00 0                          [stack:36155]
7f7b90c7d000-7f7b90c7e000 ---p 00000000 00:00 0 
7f7b90c7e000-7f7b90d98000 rw-p 00000000 00:00 0                          [stack:36152]
7f7b90d98000-7f7b9113e000 ---p 00000000 00:00 0 
7f7b9113e000-7f7b91158000 r-xp 00000000 00:2b 13572371                   /home/ppginf/vdfontoura/jdk1.8.0_45/jre/lib/amd64/libzip.so
7f7b91158000-7f7b91358000 ---p 0001a000 00:2b 13572371                   /home/ppginf/vdfontoura/jdk1.8.0_45/jre/lib/amd64/libzip.so
7f7b91358000-7f7b91359000 rw-p 0001a000 00:2b 13572371                   /home/ppginf/vdfontoura/jdk1.8.0_45/jre/lib/amd64/libzip.so
7f7b91359000-7f7b91365000 r-xp 00000000 00:14 181                        /lib/x86_64-linux-gnu/libnss_ldap.so.2
7f7b91365000-7f7b91564000 ---p 0000c000 00:14 181                        /lib/x86_64-linux-gnu/libnss_ldap.so.2
7f7b91564000-7f7b91565000 r--p 0000b000 00:14 181                        /lib/x86_64-linux-gnu/libnss_ldap.so.2
7f7b91565000-7f7b91566000 rw-p 0000c000 00:14 181                        /lib/x86_64-linux-gnu/libnss_ldap.so.2
7f7b91566000-7f7b91571000 r-xp 00000000 00:14 178                        /lib/x86_64-linux-gnu/libnss_files-2.19.so
7f7b91571000-7f7b91770000 ---p 0000b000 00:14 178                        /lib/x86_64-linux-gnu/libnss_files-2.19.so
7f7b91770000-7f7b91771000 r--p 0000a000 00:14 178                        /lib/x86_64-linux-gnu/libnss_files-2.19.so
7f7b91771000-7f7b91772000 rw-p 0000b000 00:14 178                        /lib/x86_64-linux-gnu/libnss_files-2.19.so
7f7b91772000-7f7b9177d000 r-xp 00000000 00:14 176                        /lib/x86_64-linux-gnu/libnss_nis-2.19.so
7f7b9177d000-7f7b9197c000 ---p 0000b000 00:14 176                        /lib/x86_64-linux-gnu/libnss_nis-2.19.so
7f7b9197c000-7f7b9197d000 r--p 0000a000 00:14 176                        /lib/x86_64-linux-gnu/libnss_nis-2.19.so
7f7b9197d000-7f7b9197e000 rw-p 0000b000 00:14 176                        /lib/x86_64-linux-gnu/libnss_nis-2.19.so
7f7b9197e000-7f7b91995000 r-xp 00000000 00:14 174                        /lib/x86_64-linux-gnu/libnsl-2.19.so
7f7b91995000-7f7b91b94000 ---p 00017000 00:14 174                        /lib/x86_64-linux-gnu/libnsl-2.19.so
7f7b91b94000-7f7b91b95000 r--p 00016000 00:14 174                        /lib/x86_64-linux-gnu/libnsl-2.19.so
7f7b91b95000-7f7b91b96000 rw-p 00017000 00:14 174                        /lib/x86_64-linux-gnu/libnsl-2.19.so
7f7b91b96000-7f7b91b98000 rw-p 00000000 00:00 0 
7f7b91b98000-7f7b91ba1000 r-xp 00000000 00:14 172                        /lib/x86_64-linux-gnu/libnss_compat-2.19.so
7f7b91ba1000-7f7b91da0000 ---p 00009000 00:14 172                        /lib/x86_64-linux-gnu/libnss_compat-2.19.so
7f7b91da0000-7f7b91da1000 r--p 00008000 00:14 172                        /lib/x86_64-linux-gnu/libnss_compat-2.19.so
7f7b91da1000-7f7b91da2000 rw-p 00009000 00:14 172                        /lib/x86_64-linux-gnu/libnss_compat-2.19.so
7f7b91da2000-7f7b91dcc000 r-xp 00000000 00:2b 13572364                   /home/ppginf/vdfontoura/jdk1.8.0_45/jre/lib/amd64/libjava.so
7f7b91dcc000-7f7b91fcc000 ---p 0002a000 00:2b 13572364                   /home/ppginf/vdfontoura/jdk1.8.0_45/jre/lib/amd64/libjava.so
7f7b91fcc000-7f7b91fce000 rw-p 0002a000 00:2b 13572364                   /home/ppginf/vdfontoura/jdk1.8.0_45/jre/lib/amd64/libjava.so
7f7b91fce000-7f7b91fdb000 r-xp 00000000 00:2b 13572405                   /home/ppginf/vdfontoura/jdk1.8.0_45/jre/lib/amd64/libverify.so
7f7b91fdb000-7f7b921db000 ---p 0000d000 00:2b 13572405                   /home/ppginf/vdfontoura/jdk1.8.0_45/jre/lib/amd64/libverify.so
7f7b921db000-7f7b921dd000 rw-p 0000d000 00:2b 13572405                   /home/ppginf/vdfontoura/jdk1.8.0_45/jre/lib/amd64/libverify.so
7f7b921dd000-7f7b921e4000 r-xp 00000000 00:14 44                         /lib/x86_64-linux-gnu/librt-2.19.so
7f7b921e4000-7f7b923e3000 ---p 00007000 00:14 44                         /lib/x86_64-linux-gnu/librt-2.19.so
7f7b923e3000-7f7b923e4000 r--p 00006000 00:14 44                         /lib/x86_64-linux-gnu/librt-2.19.so
7f7b923e4000-7f7b923e5000 rw-p 00007000 00:14 44                         /lib/x86_64-linux-gnu/librt-2.19.so
7f7b923e5000-7f7b924ea000 r-xp 00000000 00:14 275                        /lib/x86_64-linux-gnu/libm-2.19.so
7f7b924ea000-7f7b926e9000 ---p 00105000 00:14 275                        /lib/x86_64-linux-gnu/libm-2.19.so
7f7b926e9000-7f7b926ea000 r--p 00104000 00:14 275                        /lib/x86_64-linux-gnu/libm-2.19.so
7f7b926ea000-7f7b926eb000 rw-p 00105000 00:14 275                        /lib/x86_64-linux-gnu/libm-2.19.so
7f7b926eb000-7f7b93399000 r-xp 00000000 00:2b 13572410                   /home/ppginf/vdfontoura/jdk1.8.0_45/jre/lib/amd64/server/libjvm.so
7f7b93399000-7f7b93598000 ---p 00cae000 00:2b 13572410                   /home/ppginf/vdfontoura/jdk1.8.0_45/jre/lib/amd64/server/libjvm.so
7f7b93598000-7f7b9366f000 rw-p 00cad000 00:2b 13572410                   /home/ppginf/vdfontoura/jdk1.8.0_45/jre/lib/amd64/server/libjvm.so
7f7b9366f000-7f7b936b3000 rw-p 00000000 00:00 0 
7f7b936b3000-7f7b9386e000 r-xp 00000000 00:14 46                         /lib/x86_64-linux-gnu/libc-2.19.so
7f7b9386e000-7f7b93a6d000 ---p 001bb000 00:14 46                         /lib/x86_64-linux-gnu/libc-2.19.so
7f7b93a6d000-7f7b93a71000 r--p 001ba000 00:14 46                         /lib/x86_64-linux-gnu/libc-2.19.so
7f7b93a71000-7f7b93a73000 rw-p 001be000 00:14 46                         /lib/x86_64-linux-gnu/libc-2.19.so
7f7b93a73000-7f7b93a78000 rw-p 00000000 00:00 0 
7f7b93a78000-7f7b93a7b000 r-xp 00000000 00:14 52                         /lib/x86_64-linux-gnu/libdl-2.19.so
7f7b93a7b000-7f7b93c7a000 ---p 00003000 00:14 52                         /lib/x86_64-linux-gnu/libdl-2.19.so
7f7b93c7a000-7f7b93c7b000 r--p 00002000 00:14 52                         /lib/x86_64-linux-gnu/libdl-2.19.so
7f7b93c7b000-7f7b93c7c000 rw-p 00003000 00:14 52                         /lib/x86_64-linux-gnu/libdl-2.19.so
7f7b93c7c000-7f7b93c91000 r-xp 00000000 00:2b 13572682                   /home/ppginf/vdfontoura/jdk1.8.0_45/lib/amd64/jli/libjli.so
7f7b93c91000-7f7b93e91000 ---p 00015000 00:2b 13572682                   /home/ppginf/vdfontoura/jdk1.8.0_45/lib/amd64/jli/libjli.so
7f7b93e91000-7f7b93e92000 rw-p 00015000 00:2b 13572682                   /home/ppginf/vdfontoura/jdk1.8.0_45/lib/amd64/jli/libjli.so
7f7b93e92000-7f7b93eab000 r-xp 00000000 00:14 48                         /lib/x86_64-linux-gnu/libpthread-2.19.so
7f7b93eab000-7f7b940aa000 ---p 00019000 00:14 48                         /lib/x86_64-linux-gnu/libpthread-2.19.so
7f7b940aa000-7f7b940ab000 r--p 00018000 00:14 48                         /lib/x86_64-linux-gnu/libpthread-2.19.so
7f7b940ab000-7f7b940ac000 rw-p 00019000 00:14 48                         /lib/x86_64-linux-gnu/libpthread-2.19.so
7f7b940ac000-7f7b940b0000 rw-p 00000000 00:00 0 
7f7b940b0000-7f7b940d3000 r-xp 00000000 00:14 32                         /lib/x86_64-linux-gnu/ld-2.19.so
7f7b940e5000-7f7b9418f000 rw-p 00000000 00:00 0 
7f7b9418f000-7f7b94192000 ---p 00000000 00:00 0 
7f7b94192000-7f7b94294000 rw-p 00000000 00:00 0                          [stack:35913]
7f7b94298000-7f7b9429f000 r--s 00000000 00:14 245                        /usr/lib/x86_64-linux-gnu/gconv/gconv-modules.cache
7f7b9429f000-7f7b942aa000 r--s 00116000 00:2b 13572443                   /home/ppginf/vdfontoura/jdk1.8.0_45/jre/lib/ext/localedata.jar
7f7b942aa000-7f7b942c6000 r--s 00393000 00:2b 13572445                   /home/ppginf/vdfontoura/jdk1.8.0_45/jre/lib/ext/cldrdata.jar
7f7b942c6000-7f7b942ce000 rw-s 00000000 00:16 11284391                   /tmp/hsperfdata_vdfontoura/35904
7f7b942ce000-7f7b942cf000 rw-p 00000000 00:00 0 
7f7b942cf000-7f7b942d0000 ---p 00000000 00:00 0 
7f7b942d0000-7f7b942d2000 rw-p 00000000 00:00 0 
7f7b942d2000-7f7b942d3000 r--p 00022000 00:14 32                         /lib/x86_64-linux-gnu/ld-2.19.so
7f7b942d3000-7f7b942d4000 rw-p 00023000 00:14 32                         /lib/x86_64-linux-gnu/ld-2.19.so
7f7b942d4000-7f7b942d5000 rw-p 00000000 00:00 0 
7ffc9ffaa000-7ffc9ffcb000 rw-p 00000000 00:00 0                          [stack]
7ffc9fff4000-7ffc9fff6000 r--p 00000000 00:00 0                          [vvar]
7ffc9fff6000-7ffc9fff8000 r-xp 00000000 00:00 0                          [vdso]
ffffffffff600000-ffffffffff601000 r-xp 00000000 00:00 0                  [vsyscall]

VM Arguments:
java_command: ../../target/NSGAIIHH.jar 1000 2500000 SinglePointCrossover,IntegerTwoPointsCrossover,MultiPointsCrossover BitFlipMutation,LoopMoveOperator,LocalMoveOperator,SegmentMutation,OppositeMoveOperator 1.0 1.0 1 1 nsgaii-result/result-4 0 0 Random HHHHHHHHHHHHPHPHPPHHPPHHPPHPPHHPPHHPPHPPHHPPHHPPHPHPHHHHHHHHHHHH false 20
java_class_path (initial): ../../target/NSGAIIHH.jar
Launcher Type: SUN_STANDARD

Environment Variables:
JAVA_HOME=/home/ppginf/vdfontoura/jdk1.8.0_45/
PATH=/home/ppginf/vdfontoura/jdk1.8.0_45//bin:/usr/local/sbin:/usr/local/bin:/usr/sbin:/usr/bin:/sbin:/bin:/usr/games:/usr/local/games:.:/home/html/inf/silvia/topicos/ferramentas/poketool/bin:/home/html/inf/silvia/topicos/ferramentas/proteum1.4.1/LINUX/bin:/home/ppginf/vdfontoura/tools/apache-maven-3.3.3/bin
SHELL=/bin/bash

Signal Handlers:
SIGSEGV: [libjvm.so+0xaad1e0], sa_mask[0]=11111111011111111101111111111110, sa_flags=SA_RESTART|SA_SIGINFO
SIGBUS: [libjvm.so+0xaad1e0], sa_mask[0]=11111111011111111101111111111110, sa_flags=SA_RESTART|SA_SIGINFO
SIGFPE: [libjvm.so+0x90b450], sa_mask[0]=11111111011111111101111111111110, sa_flags=SA_RESTART|SA_SIGINFO
SIGPIPE: [libjvm.so+0x90b450], sa_mask[0]=11111111011111111101111111111110, sa_flags=SA_RESTART|SA_SIGINFO
SIGXFSZ: [libjvm.so+0x90b450], sa_mask[0]=11111111011111111101111111111110, sa_flags=SA_RESTART|SA_SIGINFO
SIGILL: [libjvm.so+0x90b450], sa_mask[0]=11111111011111111101111111111110, sa_flags=SA_RESTART|SA_SIGINFO
SIGUSR1: SIG_DFL, sa_mask[0]=00000000000000000000000000000000, sa_flags=none
SIGUSR2: [libjvm.so+0x90ca90], sa_mask[0]=00000000000000000000000000000000, sa_flags=SA_RESTART|SA_SIGINFO
SIGHUP: SIG_IGN, sa_mask[0]=00000000000000000000000000000000, sa_flags=none
SIGINT: SIG_IGN, sa_mask[0]=00000000000000000000000000000000, sa_flags=none
SIGTERM: [libjvm.so+0x90dde0], sa_mask[0]=11111111011111111101111111111110, sa_flags=SA_RESTART|SA_SIGINFO
SIGQUIT: [libjvm.so+0x90dde0], sa_mask[0]=11111111011111111101111111111110, sa_flags=SA_RESTART|SA_SIGINFO


---------------  S Y S T E M  ---------------

OS:DISTRIB_ID=LinuxMint
DISTRIB_RELEASE=17
DISTRIB_CODENAME=qiana
DISTRIB_DESCRIPTION="Linux Mint 17 Qiana"

uname:Linux 4.0.1-kernel+ #2 SMP Wed May 6 16:11:56 BRT 2015 x86_64
libc:glibc 2.19 NPTL 2.19 
rlimit: STACK 8192k, CORE 0k, NPROC 257486, NOFILE 4096, AS infinity
load average:13,37 6,06 5,16

/proc/meminfo:
MemTotal:       65941760 kB
MemFree:          269124 kB
MemAvailable:     648696 kB
Buffers:               0 kB
Cached:           292960 kB
SwapCached:            0 kB
Active:         64353708 kB
Inactive:          60240 kB
Active(anon):   64193900 kB
Inactive(anon):    12640 kB
Active(file):     159808 kB
Inactive(file):    47600 kB
Unevictable:           0 kB
Mlocked:               0 kB
SwapTotal:             0 kB
SwapFree:              0 kB
Dirty:               456 kB
Writeback:             0 kB
AnonPages:      64122028 kB
Mapped:            30724 kB
Shmem:             85508 kB
Slab:             775576 kB
SReclaimable:     501124 kB
SUnreclaim:       274452 kB
KernelStack:       24656 kB
PageTables:       144944 kB
NFS_Unstable:        200 kB
Bounce:                0 kB
WritebackTmp:          0 kB
CommitLimit:    32970880 kB
Committed_AS:   110554860 kB
VmallocTotal:   34359738367 kB
VmallocUsed:      392132 kB
VmallocChunk:   34325782036 kB
HardwareCorrupted:     0 kB
AnonHugePages:         0 kB
HugePages_Total:       0
HugePages_Free:        0
HugePages_Rsvd:        0
HugePages_Surp:        0
Hugepagesize:       2048 kB
DirectMap4k:    64465548 kB
DirectMap2M:     2609152 kB
DirectMap1G:     2097152 kB


CPU:total 40 (10 cores per cpu, 2 threads per core) family 6 model 62 stepping 4, cmov, cx8, fxsr, mmx, sse, sse2, sse3, ssse3, sse4.1, sse4.2, popcnt, avx, aes, clmul, erms, ht, tsc, tscinvbit

/proc/cpuinfo:
processor	: 0
vendor_id	: GenuineIntel
cpu family	: 6
model		: 62
model name	: Intel(R) Xeon(R) CPU E5-2680 v2 @ 2.80GHz
stepping	: 4
microcode	: 0x415
cpu MHz		: 3099.906
cache size	: 25600 KB
physical id	: 0
siblings	: 20
core id		: 0
cpu cores	: 10
apicid		: 0
initial apicid	: 0
fpu		: yes
fpu_exception	: yes
cpuid level	: 13
wp		: yes
flags		: fpu vme de pse tsc msr pae mce cx8 apic sep mtrr pge mca cmov pat pse36 clflush dts acpi mmx fxsr sse sse2 ss ht tm pbe syscall nx pdpe1gb rdtscp lm constant_tsc arch_perfmon pebs bts rep_good nopl xtopology nonstop_tsc aperfmperf eagerfpu pni pclmulqdq dtes64 monitor ds_cpl vmx smx est tm2 ssse3 cx16 xtpr pdcm pcid dca sse4_1 sse4_2 x2apic popcnt tsc_deadline_timer aes xsave avx f16c rdrand lahf_lm ida arat epb pln pts dtherm tpr_shadow vnmi flexpriority ept vpid fsgsbase smep erms xsaveopt
bugs		:
bogomips	: 5600.11
clflush size	: 64
cache_alignment	: 64
address sizes	: 46 bits physical, 48 bits virtual
power management:

processor	: 1
vendor_id	: GenuineIntel
cpu family	: 6
model		: 62
model name	: Intel(R) Xeon(R) CPU E5-2680 v2 @ 2.80GHz
stepping	: 4
microcode	: 0x415
cpu MHz		: 3099.906
cache size	: 25600 KB
physical id	: 0
siblings	: 20
core id		: 1
cpu cores	: 10
apicid		: 2
initial apicid	: 2
fpu		: yes
fpu_exception	: yes
cpuid level	: 13
wp		: yes
flags		: fpu vme de pse tsc msr pae mce cx8 apic sep mtrr pge mca cmov pat pse36 clflush dts acpi mmx fxsr sse sse2 ss ht tm pbe syscall nx pdpe1gb rdtscp lm constant_tsc arch_perfmon pebs bts rep_good nopl xtopology nonstop_tsc aperfmperf eagerfpu pni pclmulqdq dtes64 monitor ds_cpl vmx smx est tm2 ssse3 cx16 xtpr pdcm pcid dca sse4_1 sse4_2 x2apic popcnt tsc_deadline_timer aes xsave avx f16c rdrand lahf_lm ida arat epb pln pts dtherm tpr_shadow vnmi flexpriority ept vpid fsgsbase smep erms xsaveopt
bugs		:
bogomips	: 5600.11
clflush size	: 64
cache_alignment	: 64
address sizes	: 46 bits physical, 48 bits virtual
power management:

processor	: 2
vendor_id	: GenuineIntel
cpu family	: 6
model		: 62
model name	: Intel(R) Xeon(R) CPU E5-2680 v2 @ 2.80GHz
stepping	: 4
microcode	: 0x415
cpu MHz		: 3099.906
cache size	: 25600 KB
physical id	: 0
siblings	: 20
core id		: 2
cpu cores	: 10
apicid		: 4
initial apicid	: 4
fpu		: yes
fpu_exception	: yes
cpuid level	: 13
wp		: yes
flags		: fpu vme de pse tsc msr pae mce cx8 apic sep mtrr pge mca cmov pat pse36 clflush dts acpi mmx fxsr sse sse2 ss ht tm pbe syscall nx pdpe1gb rdtscp lm constant_tsc arch_perfmon pebs bts rep_good nopl xtopology nonstop_tsc aperfmperf eagerfpu pni pclmulqdq dtes64 monitor ds_cpl vmx smx est tm2 ssse3 cx16 xtpr pdcm pcid dca sse4_1 sse4_2 x2apic popcnt tsc_deadline_timer aes xsave avx f16c rdrand lahf_lm ida arat epb pln pts dtherm tpr_shadow vnmi flexpriority ept vpid fsgsbase smep erms xsaveopt
bugs		:
bogomips	: 5600.11
clflush size	: 64
cache_alignment	: 64
address sizes	: 46 bits physical, 48 bits virtual
power management:

processor	: 3
vendor_id	: GenuineIntel
cpu family	: 6
model		: 62
model name	: Intel(R) Xeon(R) CPU E5-2680 v2 @ 2.80GHz
stepping	: 4
microcode	: 0x415
cpu MHz		: 3099.906
cache size	: 25600 KB
physical id	: 0
siblings	: 20
core id		: 3
cpu cores	: 10
apicid		: 6
initial apicid	: 6
fpu		: yes
fpu_exception	: yes
cpuid level	: 13
wp		: yes
flags		: fpu vme de pse tsc msr pae mce cx8 apic sep mtrr pge mca cmov pat pse36 clflush dts acpi mmx fxsr sse sse2 ss ht tm pbe syscall nx pdpe1gb rdtscp lm constant_tsc arch_perfmon pebs bts rep_good nopl xtopology nonstop_tsc aperfmperf eagerfpu pni pclmulqdq dtes64 monitor ds_cpl vmx smx est tm2 ssse3 cx16 xtpr pdcm pcid dca sse4_1 sse4_2 x2apic popcnt tsc_deadline_timer aes xsave avx f16c rdrand lahf_lm ida arat epb pln pts dtherm tpr_shadow vnmi flexpriority ept vpid fsgsbase smep erms xsaveopt
bugs		:
bogomips	: 5600.11
clflush size	: 64
cache_alignment	: 64
address sizes	: 46 bits physical, 48 bits virtual
power management:

processor	: 4
vendor_id	: GenuineIntel
cpu family	: 6
model		: 62
model name	: Intel(R) Xeon(R) CPU E5-2680 v2 @ 2.80GHz
stepping	: 4
microcode	: 0x415
cpu MHz		: 3099.906
cache size	: 25600 KB
physical id	: 0
siblings	: 20
core id		: 4
cpu cores	: 10
apicid		: 8
initial apicid	: 8
fpu		: yes
fpu_exception	: yes
cpuid level	: 13
wp		: yes
flags		: fpu vme de pse tsc msr pae mce cx8 apic sep mtrr pge mca cmov pat pse36 clflush dts acpi mmx fxsr sse sse2 ss ht tm pbe syscall nx pdpe1gb rdtscp lm constant_tsc arch_perfmon pebs bts rep_good nopl xtopology nonstop_tsc aperfmperf eagerfpu pni pclmulqdq dtes64 monitor ds_cpl vmx smx est tm2 ssse3 cx16 xtpr pdcm pcid dca sse4_1 sse4_2 x2apic popcnt tsc_deadline_timer aes xsave avx f16c rdrand lahf_lm ida arat epb pln pts dtherm tpr_shadow vnmi flexpriority ept vpid fsgsbase smep erms xsaveopt
bugs		:
bogomips	: 5600.11
clflush size	: 64
cache_alignment	: 64
address sizes	: 46 bits physical, 48 bits virtual
power management:

processor	: 5
vendor_id	: GenuineIntel
cpu family	: 6
model		: 62
model name	: Intel(R) Xeon(R) CPU E5-2680 v2 @ 2.80GHz
stepping	: 4
microcode	: 0x415
cpu MHz		: 3099.906
cache size	: 25600 KB
physical id	: 0
siblings	: 20
core id		: 8
cpu cores	: 10
apicid		: 16
initial apicid	: 16
fpu		: yes
fpu_exception	: yes
cpuid level	: 13
wp		: yes
flags		: fpu vme de pse tsc msr pae mce cx8 apic sep mtrr pge mca cmov pat pse36 clflush dts acpi mmx fxsr sse sse2 ss ht tm pbe syscall nx pdpe1gb rdtscp lm constant_tsc arch_perfmon pebs bts rep_good nopl xtopology nonstop_tsc aperfmperf eagerfpu pni pclmulqdq dtes64 monitor ds_cpl vmx smx est tm2 ssse3 cx16 xtpr pdcm pcid dca sse4_1 sse4_2 x2apic popcnt tsc_deadline_timer aes xsave avx f16c rdrand lahf_lm ida arat epb pln pts dtherm tpr_shadow vnmi flexpriority ept vpid fsgsbase smep erms xsaveopt
bugs		:
bogomips	: 5600.11
clflush size	: 64
cache_alignment	: 64
address sizes	: 46 bits physical, 48 bits virtual
power management:

processor	: 6
vendor_id	: GenuineIntel
cpu family	: 6
model		: 62
model name	: Intel(R) Xeon(R) CPU E5-2680 v2 @ 2.80GHz
stepping	: 4
microcode	: 0x415
cpu MHz		: 3099.906
cache size	: 25600 KB
physical id	: 0
siblings	: 20
core id		: 9
cpu cores	: 10
apicid		: 18
initial apicid	: 18
fpu		: yes
fpu_exception	: yes
cpuid level	: 13
wp		: yes
flags		: fpu vme de pse tsc msr pae mce cx8 apic sep mtrr pge mca cmov pat pse36 clflush dts acpi mmx fxsr sse sse2 ss ht tm pbe syscall nx pdpe1gb rdtscp lm constant_tsc arch_perfmon pebs bts rep_good nopl xtopology nonstop_tsc aperfmperf eagerfpu pni pclmulqdq dtes64 monitor ds_cpl vmx smx est tm2 ssse3 cx16 xtpr pdcm pcid dca sse4_1 sse4_2 x2apic popcnt tsc_deadline_timer aes xsave avx f16c rdrand lahf_lm ida arat epb pln pts dtherm tpr_shadow vnmi flexpriority ept vpid fsgsbase smep erms xsaveopt
bugs		:
bogomips	: 5600.11
clflush size	: 64
cache_alignment	: 64
address sizes	: 46 bits physical, 48 bits virtual
power management:

processor	: 7
vendor_id	: GenuineIntel
cpu family	: 6
model		: 62
model name	: Intel(R) Xeon(R) CPU E5-2680 v2 @ 2.80GHz
stepping	: 4
microcode	: 0x415
cpu MHz		: 3099.906
cache size	: 25600 KB
physical id	: 0
siblings	: 20
core id		: 10
cpu cores	: 10
apicid		: 20
initial apicid	: 20
fpu		: yes
fpu_exception	: yes
cpuid level	: 13
wp		: yes
flags		: fpu vme de pse tsc msr pae mce cx8 apic sep mtrr pge mca cmov pat pse36 clflush dts acpi mmx fxsr sse sse2 ss ht tm pbe syscall nx pdpe1gb rdtscp lm constant_tsc arch_perfmon pebs bts rep_good nopl xtopology nonstop_tsc aperfmperf eagerfpu pni pclmulqdq dtes64 monitor ds_cpl vmx smx est tm2 ssse3 cx16 xtpr pdcm pcid dca sse4_1 sse4_2 x2apic popcnt tsc_deadline_timer aes xsave avx f16c rdrand lahf_lm ida arat epb pln pts dtherm tpr_shadow vnmi flexpriority ept vpid fsgsbase smep erms xsaveopt
bugs		:
bogomips	: 5600.11
clflush size	: 64
cache_alignment	: 64
address sizes	: 46 bits physical, 48 bits virtual
power management:

processor	: 8
vendor_id	: GenuineIntel
cpu family	: 6
model		: 62
model name	: Intel(R) Xeon(R) CPU E5-2680 v2 @ 2.80GHz
stepping	: 4
microcode	: 0x415
cpu MHz		: 3099.906
cache size	: 25600 KB
physical id	: 0
siblings	: 20
core id		: 11
cpu cores	: 10
apicid		: 22
initial apicid	: 22
fpu		: yes
fpu_exception	: yes
cpuid level	: 13
wp		: yes
flags		: fpu vme de pse tsc msr pae mce cx8 apic sep mtrr pge mca cmov pat pse36 clflush dts acpi mmx fxsr sse sse2 ss ht tm pbe syscall nx pdpe1gb rdtscp lm constant_tsc arch_perfmon pebs bts rep_good nopl xtopology nonstop_tsc aperfmperf eagerfpu pni pclmulqdq dtes64 monitor ds_cpl vmx smx est tm2 ssse3 cx16 xtpr pdcm pcid dca sse4_1 sse4_2 x2apic popcnt tsc_deadline_timer aes xsave avx f16c rdrand lahf_lm ida arat epb pln pts dtherm tpr_shadow vnmi flexpriority ept vpid fsgsbase smep erms xsaveopt
bugs		:
bogomips	: 5600.11
clflush size	: 64
cache_alignment	: 64
address sizes	: 46 bits physical, 48 bits virtual
power management:

processor	: 9
vendor_id	: GenuineIntel
cpu family	: 6
model		: 62
model name	: Intel(R) Xeon(R) CPU E5-2680 v2 @ 2.80GHz
stepping	: 4
microcode	: 0x415
cpu MHz		: 3099.906
cache size	: 25600 KB
physical id	: 0
siblings	: 20
core id		: 12
cpu cores	: 10
apicid		: 24
initial apicid	: 24
fpu		: yes
fpu_exception	: yes
cpuid level	: 13
wp		: yes
flags		: fpu vme de pse tsc msr pae mce cx8 apic sep mtrr pge mca cmov pat pse36 clflush dts acpi mmx fxsr sse sse2 ss ht tm pbe syscall nx pdpe1gb rdtscp lm constant_tsc arch_perfmon pebs bts rep_good nopl xtopology nonstop_tsc aperfmperf eagerfpu pni pclmulqdq dtes64 monitor ds_cpl vmx smx est tm2 ssse3 cx16 xtpr pdcm pcid dca sse4_1 sse4_2 x2apic popcnt tsc_deadline_timer aes xsave avx f16c rdrand lahf_lm ida arat epb pln pts dtherm tpr_shadow vnmi flexpriority ept vpid fsgsbase smep erms xsaveopt
bugs		:
bogomips	: 5600.11
clflush size	: 64
cache_alignment	: 64
address sizes	: 46 bits physical, 48 bits virtual
power management:

processor	: 10
vendor_id	: GenuineIntel
cpu family	: 6
model		: 62
model name	: Intel(R) Xeon(R) CPU E5-2680 v2 @ 2.80GHz
stepping	: 4
microcode	: 0x415
cpu MHz		: 3099.906
cache size	: 25600 KB
physical id	: 1
siblings	: 20
core id		: 0
cpu cores	: 10
apicid		: 32
initial apicid	: 32
fpu		: yes
fpu_exception	: yes
cpuid level	: 13
wp		: yes
flags		: fpu vme de pse tsc msr pae mce cx8 apic sep mtrr pge mca cmov pat pse36 clflush dts acpi mmx fxsr sse sse2 ss ht tm pbe syscall nx pdpe1gb rdtscp lm constant_tsc arch_perfmon pebs bts rep_good nopl xtopology nonstop_tsc aperfmperf eagerfpu pni pclmulqdq dtes64 monitor ds_cpl vmx smx est tm2 ssse3 cx16 xtpr pdcm pcid dca sse4_1 sse4_2 x2apic popcnt tsc_deadline_timer aes xsave avx f16c rdrand lahf_lm ida arat epb pln pts dtherm tpr_shadow vnmi flexpriority ept vpid fsgsbase smep erms xsaveopt
bugs		:
bogomips	: 5601.80
clflush size	: 64
cache_alignment	: 64
address sizes	: 46 bits physical, 48 bits virtual
power management:

processor	: 11
vendor_id	: GenuineIntel
cpu family	: 6
model		: 62
model name	: Intel(R) Xeon(R) CPU E5-2680 v2 @ 2.80GHz
stepping	: 4
microcode	: 0x415
cpu MHz		: 3099.906
cache size	: 25600 KB
physical id	: 1
siblings	: 20
core id		: 1
cpu cores	: 10
apicid		: 34
initial apicid	: 34
fpu		: yes
fpu_exception	: yes
cpuid level	: 13
wp		: yes
flags		: fpu vme de pse tsc msr pae mce cx8 apic sep mtrr pge mca cmov pat pse36 clflush dts acpi mmx fxsr sse sse2 ss ht tm pbe syscall nx pdpe1gb rdtscp lm constant_tsc arch_perfmon pebs bts rep_good nopl xtopology nonstop_tsc aperfmperf eagerfpu pni pclmulqdq dtes64 monitor ds_cpl vmx smx est tm2 ssse3 cx16 xtpr pdcm pcid dca sse4_1 sse4_2 x2apic popcnt tsc_deadline_timer aes xsave avx f16c rdrand lahf_lm ida arat epb pln pts dtherm tpr_shadow vnmi flexpriority ept vpid fsgsbase smep erms xsaveopt
bugs		:
bogomips	: 5601.80
clflush size	: 64
cache_alignment	: 64
address sizes	: 46 bits physical, 48 bits virtual
power management:

processor	: 12
vendor_id	: GenuineIntel
cpu family	: 6
model		: 62
model name	: Intel(R) Xeon(R) CPU E5-2680 v2 @ 2.80GHz
stepping	: 4
microcode	: 0x415
cpu MHz		: 3099.906
cache size	: 25600 KB
physical id	: 1
siblings	: 20
core id		: 2
cpu cores	: 10
apicid		: 36
initial apicid	: 36
fpu		: yes
fpu_exception	: yes
cpuid level	: 13
wp		: yes
flags		: fpu vme de pse tsc msr pae mce cx8 apic sep mtrr pge mca cmov pat pse36 clflush dts acpi mmx fxsr sse sse2 ss ht tm pbe syscall nx pdpe1gb rdtscp lm constant_tsc arch_perfmon pebs bts rep_good nopl xtopology nonstop_tsc aperfmperf eagerfpu pni pclmulqdq dtes64 monitor ds_cpl vmx smx est tm2 ssse3 cx16 xtpr pdcm pcid dca sse4_1 sse4_2 x2apic popcnt tsc_deadline_timer aes xsave avx f16c rdrand lahf_lm ida arat epb pln pts dtherm tpr_shadow vnmi flexpriority ept vpid fsgsbase smep erms xsaveopt
bugs		:
bogomips	: 5601.80
clflush size	: 64
cache_alignment	: 64
address sizes	: 46 bits physical, 48 bits virtual
power management:

processor	: 13
vendor_id	: GenuineIntel
cpu family	: 6
model		: 62
model name	: Intel(R) Xeon(R) CPU E5-2680 v2 @ 2.80GHz
stepping	: 4
microcode	: 0x415
cpu MHz		: 3099.906
cache size	: 25600 KB
physical id	: 1
siblings	: 20
core id		: 3
cpu cores	: 10
apicid		: 38
initial apicid	: 38
fpu		: yes
fpu_exception	: yes
cpuid level	: 13
wp		: yes
flags		: fpu vme de pse tsc msr pae mce cx8 apic sep mtrr pge mca cmov pat pse36 clflush dts acpi mmx fxsr sse sse2 ss ht tm pbe syscall nx pdpe1gb rdtscp lm constant_tsc arch_perfmon pebs bts rep_good nopl xtopology nonstop_tsc aperfmperf eagerfpu pni pclmulqdq dtes64 monitor ds_cpl vmx smx est tm2 ssse3 cx16 xtpr pdcm pcid dca sse4_1 sse4_2 x2apic popcnt tsc_deadline_timer aes xsave avx f16c rdrand lahf_lm ida arat epb pln pts dtherm tpr_shadow vnmi flexpriority ept vpid fsgsbase smep erms xsaveopt
bugs		:
bogomips	: 5601.80
clflush size	: 64
cache_alignment	: 64
address sizes	: 46 bits physical, 48 bits virtual
power management:

processor	: 14
vendor_id	: GenuineIntel
cpu family	: 6
model		: 62
model name	: Intel(R) Xeon(R) CPU E5-2680 v2 @ 2.80GHz
stepping	: 4
microcode	: 0x415
cpu MHz		: 3099.906
cache size	: 25600 KB
physical id	: 1
siblings	: 20
core id		: 4
cpu cores	: 10
apicid		: 40
initial apicid	: 40
fpu		: yes
fpu_exception	: yes
cpuid level	: 13
wp		: yes
flags		: fpu vme de pse tsc msr pae mce cx8 apic sep mtrr pge mca cmov pat pse36 clflush dts acpi mmx fxsr sse sse2 ss ht tm pbe syscall nx pdpe1gb rdtscp lm constant_tsc arch_perfmon pebs bts rep_good nopl xtopology nonstop_tsc aperfmperf eagerfpu pni pclmulqdq dtes64 monitor ds_cpl vmx smx est tm2 ssse3 cx16 xtpr pdcm pcid dca sse4_1 sse4_2 x2apic popcnt tsc_deadline_timer aes xsave avx f16c rdrand lahf_lm ida arat epb pln pts dtherm tpr_shadow vnmi flexpriority ept vpid fsgsbase smep erms xsaveopt
bugs		:
bogomips	: 5601.80
clflush size	: 64
cache_alignment	: 64
address sizes	: 46 bits physical, 48 bits virtual
power management:

processor	: 15
vendor_id	: GenuineIntel
cpu family	: 6
model		: 62
model name	: Intel(R) Xeon(R) CPU E5-2680 v2 @ 2.80GHz
stepping	: 4
microcode	: 0x415
cpu MHz		: 3099.906
cache size	: 25600 KB
physical id	: 1
siblings	: 20
core id		: 8
cpu cores	: 10
apicid		: 48
initial apicid	: 48
fpu		: yes
fpu_exception	: yes
cpuid level	: 13
wp		: yes
flags		: fpu vme de pse tsc msr pae mce cx8 apic sep mtrr pge mca cmov pat pse36 clflush dts acpi mmx fxsr sse sse2 ss ht tm pbe syscall nx pdpe1gb rdtscp lm constant_tsc arch_perfmon pebs bts rep_good nopl xtopology nonstop_tsc aperfmperf eagerfpu pni pclmulqdq dtes64 monitor ds_cpl vmx smx est tm2 ssse3 cx16 xtpr pdcm pcid dca sse4_1 sse4_2 x2apic popcnt tsc_deadline_timer aes xsave avx f16c rdrand lahf_lm ida arat epb pln pts dtherm tpr_shadow vnmi flexpriority ept vpid fsgsbase smep erms xsaveopt
bugs		:
bogomips	: 5601.80
clflush size	: 64
cache_alignment	: 64
address sizes	: 46 bits physical, 48 bits virtual
power management:

processor	: 16
vendor_id	: GenuineIntel
cpu family	: 6
model		: 62
model name	: Intel(R) Xeon(R) CPU E5-2680 v2 @ 2.80GHz
stepping	: 4
microcode	: 0x415
cpu MHz		: 3099.906
cache size	: 25600 KB
physical id	: 1
siblings	: 20
core id		: 9
cpu cores	: 10
apicid		: 50
initial apicid	: 50
fpu		: yes
fpu_exception	: yes
cpuid level	: 13
wp		: yes
flags		: fpu vme de pse tsc msr pae mce cx8 apic sep mtrr pge mca cmov pat pse36 clflush dts acpi mmx fxsr sse sse2 ss ht tm pbe syscall nx pdpe1gb rdtscp lm constant_tsc arch_perfmon pebs bts rep_good nopl xtopology nonstop_tsc aperfmperf eagerfpu pni pclmulqdq dtes64 monitor ds_cpl vmx smx est tm2 ssse3 cx16 xtpr pdcm pcid dca sse4_1 sse4_2 x2apic popcnt tsc_deadline_timer aes xsave avx f16c rdrand lahf_lm ida arat epb pln pts dtherm tpr_shadow vnmi flexpriority ept vpid fsgsbase smep erms xsaveopt
bugs		:
bogomips	: 5601.80
clflush size	: 64
cache_alignment	: 64
address sizes	: 46 bits physical, 48 bits virtual
power management:

processor	: 17
vendor_id	: GenuineIntel
cpu family	: 6
model		: 62
model name	: Intel(R) Xeon(R) CPU E5-2680 v2 @ 2.80GHz
stepping	: 4
microcode	: 0x415
cpu MHz		: 3099.906
cache size	: 25600 KB
physical id	: 1
siblings	: 20
core id		: 10
cpu cores	: 10
apicid		: 52
initial apicid	: 52
fpu		: yes
fpu_exception	: yes
cpuid level	: 13
wp		: yes
flags		: fpu vme de pse tsc msr pae mce cx8 apic sep mtrr pge mca cmov pat pse36 clflush dts acpi mmx fxsr sse sse2 ss ht tm pbe syscall nx pdpe1gb rdtscp lm constant_tsc arch_perfmon pebs bts rep_good nopl xtopology nonstop_tsc aperfmperf eagerfpu pni pclmulqdq dtes64 monitor ds_cpl vmx smx est tm2 ssse3 cx16 xtpr pdcm pcid dca sse4_1 sse4_2 x2apic popcnt tsc_deadline_timer aes xsave avx f16c rdrand lahf_lm ida arat epb pln pts dtherm tpr_shadow vnmi flexpriority ept vpid fsgsbase smep erms xsaveopt
bugs		:
bogomips	: 5601.80
clflush size	: 64
cache_alignment	: 64
address sizes	: 46 bits physical, 48 bits virtual
power management:

processor	: 18
vendor_id	: GenuineIntel
cpu family	: 6
model		: 62
model name	: Intel(R) Xeon(R) CPU E5-2680 v2 @ 2.80GHz
stepping	: 4
microcode	: 0x415
cpu MHz		: 3099.906
cache size	: 25600 KB
physical id	: 1
siblings	: 20
core id		: 11
cpu cores	: 10
apicid		: 54
initial apicid	: 54
fpu		: yes
fpu_exception	: yes
cpuid level	: 13
wp		: yes
flags		: fpu vme de pse tsc msr pae mce cx8 apic sep mtrr pge mca cmov pat pse36 clflush dts acpi mmx fxsr sse sse2 ss ht tm pbe syscall nx pdpe1gb rdtscp lm constant_tsc arch_perfmon pebs bts rep_good nopl xtopology nonstop_tsc aperfmperf eagerfpu pni pclmulqdq dtes64 monitor ds_cpl vmx smx est tm2 ssse3 cx16 xtpr pdcm pcid dca sse4_1 sse4_2 x2apic popcnt tsc_deadline_timer aes xsave avx f16c rdrand lahf_lm ida arat epb pln pts dtherm tpr_shadow vnmi flexpriority ept vpid fsgsbase smep erms xsaveopt
bugs		:
bogomips	: 5601.80
clflush size	: 64
cache_alignment	: 64
address sizes	: 46 bits physical, 48 bits virtual
power management:

processor	: 19
vendor_id	: GenuineIntel
cpu family	: 6
model		: 62
model name	: Intel(R) Xeon(R) CPU E5-2680 v2 @ 2.80GHz
stepping	: 4
microcode	: 0x415
cpu MHz		: 3099.906
cache size	: 25600 KB
physical id	: 1
siblings	: 20
core id		: 12
cpu cores	: 10
apicid		: 56
initial apicid	: 56
fpu		: yes
fpu_exception	: yes
cpuid level	: 13
wp		: yes
flags		: fpu vme de pse tsc msr pae mce cx8 apic sep mtrr pge mca cmov pat pse36 clflush dts acpi mmx fxsr sse sse2 ss ht tm pbe syscall nx pdpe1gb rdtscp lm constant_tsc arch_perfmon pebs bts rep_good nopl xtopology nonstop_tsc aperfmperf eagerfpu pni pclmulqdq dtes64 monitor ds_cpl vmx smx est tm2 ssse3 cx16 xtpr pdcm pcid dca sse4_1 sse4_2 x2apic popcnt tsc_deadline_timer aes xsave avx f16c rdrand lahf_lm ida arat epb pln pts dtherm tpr_shadow vnmi flexpriority ept vpid fsgsbase smep erms xsaveopt
bugs		:
bogomips	: 5601.80
clflush size	: 64
cache_alignment	: 64
address sizes	: 46 bits physical, 48 bits virtual
power management:

processor	: 20
vendor_id	: GenuineIntel
cpu family	: 6
model		: 62
model name	: Intel(R) Xeon(R) CPU E5-2680 v2 @ 2.80GHz
stepping	: 4
microcode	: 0x415
cpu MHz		: 3099.906
cache size	: 25600 KB
physical id	: 0
siblings	: 20
core id		: 0
cpu cores	: 10
apicid		: 1
initial apicid	: 1
fpu		: yes
fpu_exception	: yes
cpuid level	: 13
wp		: yes
flags		: fpu vme de pse tsc msr pae mce cx8 apic sep mtrr pge mca cmov pat pse36 clflush dts acpi mmx fxsr sse sse2 ss ht tm pbe syscall nx pdpe1gb rdtscp lm constant_tsc arch_perfmon pebs bts rep_good nopl xtopology nonstop_tsc aperfmperf eagerfpu pni pclmulqdq dtes64 monitor ds_cpl vmx smx est tm2 ssse3 cx16 xtpr pdcm pcid dca sse4_1 sse4_2 x2apic popcnt tsc_deadline_timer aes xsave avx f16c rdrand lahf_lm ida arat epb pln pts dtherm tpr_shadow vnmi flexpriority ept vpid fsgsbase smep erms xsaveopt
bugs		:
bogomips	: 5600.11
clflush size	: 64
cache_alignment	: 64
address sizes	: 46 bits physical, 48 bits virtual
power management:

processor	: 21
vendor_id	: GenuineIntel
cpu family	: 6
model		: 62
model name	: Intel(R) Xeon(R) CPU E5-2680 v2 @ 2.80GHz
stepping	: 4
microcode	: 0x415
cpu MHz		: 3099.906
cache size	: 25600 KB
physical id	: 0
siblings	: 20
core id		: 1
cpu cores	: 10
apicid		: 3
initial apicid	: 3
fpu		: yes
fpu_exception	: yes
cpuid level	: 13
wp		: yes
flags		: fpu vme de pse tsc msr pae mce cx8 apic sep mtrr pge mca cmov pat pse36 clflush dts acpi mmx fxsr sse sse2 ss ht tm pbe syscall nx pdpe1gb rdtscp lm constant_tsc arch_perfmon pebs bts rep_good nopl xtopology nonstop_tsc aperfmperf eagerfpu pni pclmulqdq dtes64 monitor ds_cpl vmx smx est tm2 ssse3 cx16 xtpr pdcm pcid dca sse4_1 sse4_2 x2apic popcnt tsc_deadline_timer aes xsave avx f16c rdrand lahf_lm ida arat epb pln pts dtherm tpr_shadow vnmi flexpriority ept vpid fsgsbase smep erms xsaveopt
bugs		:
bogomips	: 5600.11
clflush size	: 64
cache_alignment	: 64
address sizes	: 46 bits physical, 48 bits virtual
power management:

processor	: 22
vendor_id	: GenuineIntel
cpu family	: 6
model		: 62
model name	: Intel(R) Xeon(R) CPU E5-2680 v2 @ 2.80GHz
stepping	: 4
microcode	: 0x415
cpu MHz		: 3099.906
cache size	: 25600 KB
physical id	: 0
siblings	: 20
core id		: 2
cpu cores	: 10
apicid		: 5
initial apicid	: 5
fpu		: yes
fpu_exception	: yes
cpuid level	: 13
wp		: yes
flags		: fpu vme de pse tsc msr pae mce cx8 apic sep mtrr pge mca cmov pat pse36 clflush dts acpi mmx fxsr sse sse2 ss ht tm pbe syscall nx pdpe1gb rdtscp lm constant_tsc arch_perfmon pebs bts rep_good nopl xtopology nonstop_tsc aperfmperf eagerfpu pni pclmulqdq dtes64 monitor ds_cpl vmx smx est tm2 ssse3 cx16 xtpr pdcm pcid dca sse4_1 sse4_2 x2apic popcnt tsc_deadline_timer aes xsave avx f16c rdrand lahf_lm ida arat epb pln pts dtherm tpr_shadow vnmi flexpriority ept vpid fsgsbase smep erms xsaveopt
bugs		:
bogomips	: 5600.11
clflush size	: 64
cache_alignment	: 64
address sizes	: 46 bits physical, 48 bits virtual
power management:

processor	: 23
vendor_id	: GenuineIntel
cpu family	: 6
model		: 62
model name	: Intel(R) Xeon(R) CPU E5-2680 v2 @ 2.80GHz
stepping	: 4
microcode	: 0x415
cpu MHz		: 3099.906
cache size	: 25600 KB
physical id	: 0
siblings	: 20
core id		: 3
cpu cores	: 10
apicid		: 7
initial apicid	: 7
fpu		: yes
fpu_exception	: yes
cpuid level	: 13
wp		: yes
flags		: fpu vme de pse tsc msr pae mce cx8 apic sep mtrr pge mca cmov pat pse36 clflush dts acpi mmx fxsr sse sse2 ss ht tm pbe syscall nx pdpe1gb rdtscp lm constant_tsc arch_perfmon pebs bts rep_good nopl xtopology nonstop_tsc aperfmperf eagerfpu pni pclmulqdq dtes64 monitor ds_cpl vmx smx est tm2 ssse3 cx16 xtpr pdcm pcid dca sse4_1 sse4_2 x2apic popcnt tsc_deadline_timer aes xsave avx f16c rdrand lahf_lm ida arat epb pln pts dtherm tpr_shadow vnmi flexpriority ept vpid fsgsbase smep erms xsaveopt
bugs		:
bogomips	: 5600.11
clflush size	: 64
cache_alignment	: 64
address sizes	: 46 bits physical, 48 bits virtual
power management:

processor	: 24
vendor_id	: GenuineIntel
cpu family	: 6
model		: 62
model name	: Intel(R) Xeon(R) CPU E5-2680 v2 @ 2.80GHz
stepping	: 4
microcode	: 0x415
cpu MHz		: 3099.906
cache size	: 25600 KB
physical id	: 0
siblings	: 20
core id		: 4
cpu cores	: 10
apicid		: 9
initial apicid	: 9
fpu		: yes
fpu_exception	: yes
cpuid level	: 13
wp		: yes
flags		: fpu vme de pse tsc msr pae mce cx8 apic sep mtrr pge mca cmov pat pse36 clflush dts acpi mmx fxsr sse sse2 ss ht tm pbe syscall nx pdpe1gb rdtscp lm constant_tsc arch_perfmon pebs bts rep_good nopl xtopology nonstop_tsc aperfmperf eagerfpu pni pclmulqdq dtes64 monitor ds_cpl vmx smx est tm2 ssse3 cx16 xtpr pdcm pcid dca sse4_1 sse4_2 x2apic popcnt tsc_deadline_timer aes xsave avx f16c rdrand lahf_lm ida arat epb pln pts dtherm tpr_shadow vnmi flexpriority ept vpid fsgsbase smep erms xsaveopt
bugs		:
bogomips	: 5600.11
clflush size	: 64
cache_alignment	: 64
address sizes	: 46 bits physical, 48 bits virtual
power management:

processor	: 25
vendor_id	: GenuineIntel
cpu family	: 6
model		: 62
model name	: Intel(R) Xeon(R) CPU E5-2680 v2 @ 2.80GHz
stepping	: 4
microcode	: 0x415
cpu MHz		: 3099.906
cache size	: 25600 KB
physical id	: 0
siblings	: 20
core id		: 8
cpu cores	: 10
apicid		: 17
initial apicid	: 17
fpu		: yes
fpu_exception	: yes
cpuid level	: 13
wp		: yes
flags		: fpu vme de pse tsc msr pae mce cx8 apic sep mtrr pge mca cmov pat pse36 clflush dts acpi mmx fxsr sse sse2 ss ht tm pbe syscall nx pdpe1gb rdtscp lm constant_tsc arch_perfmon pebs bts rep_good nopl xtopology nonstop_tsc aperfmperf eagerfpu pni pclmulqdq dtes64 monitor ds_cpl vmx smx est tm2 ssse3 cx16 xtpr pdcm pcid dca sse4_1 sse4_2 x2apic popcnt tsc_deadline_timer aes xsave avx f16c rdrand lahf_lm ida arat epb pln pts dtherm tpr_shadow vnmi flexpriority ept vpid fsgsbase smep erms xsaveopt
bugs		:
bogomips	: 5600.11
clflush size	: 64
cache_alignment	: 64
address sizes	: 46 bits physical, 48 bits virtual
power management:

processor	: 26
vendor_id	: GenuineIntel
cpu family	: 6
model		: 62
model name	: Intel(R) Xeon(R) CPU E5-2680 v2 @ 2.80GHz
stepping	: 4
microcode	: 0x415
cpu MHz		: 3099.906
cache size	: 25600 KB
physical id	: 0
siblings	: 20
core id		: 9
cpu cores	: 10
apicid		: 19
initial apicid	: 19
fpu		: yes
fpu_exception	: yes
cpuid level	: 13
wp		: yes
flags		: fpu vme de pse tsc msr pae mce cx8 apic sep mtrr pge mca cmov pat pse36 clflush dts acpi mmx fxsr sse sse2 ss ht tm pbe syscall nx pdpe1gb rdtscp lm constant_tsc arch_perfmon pebs bts rep_good nopl xtopology nonstop_tsc aperfmperf eagerfpu pni pclmulqdq dtes64 monitor ds_cpl vmx smx est tm2 ssse3 cx16 xtpr pdcm pcid dca sse4_1 sse4_2 x2apic popcnt tsc_deadline_timer aes xsave avx f16c rdrand lahf_lm ida arat epb pln pts dtherm tpr_shadow vnmi flexpriority ept vpid fsgsbase smep erms xsaveopt
bugs		:
bogomips	: 5600.11
clflush size	: 64
cache_alignment	: 64
address sizes	: 46 bits physical, 48 bits virtual
power management:

processor	: 27
vendor_id	: GenuineIntel
cpu family	: 6
model		: 62
model name	: Intel(R) Xeon(R) CPU E5-2680 v2 @ 2.80GHz
stepping	: 4
microcode	: 0x415
cpu MHz		: 3100.015
cache size	: 25600 KB
physical id	: 0
siblings	: 20
core id		: 10
cpu cores	: 10
apicid		: 21
initial apicid	: 21
fpu		: yes
fpu_exception	: yes
cpuid level	: 13
wp		: yes
flags		: fpu vme de pse tsc msr pae mce cx8 apic sep mtrr pge mca cmov pat pse36 clflush dts acpi mmx fxsr sse sse2 ss ht tm pbe syscall nx pdpe1gb rdtscp lm constant_tsc arch_perfmon pebs bts rep_good nopl xtopology nonstop_tsc aperfmperf eagerfpu pni pclmulqdq dtes64 monitor ds_cpl vmx smx est tm2 ssse3 cx16 xtpr pdcm pcid dca sse4_1 sse4_2 x2apic popcnt tsc_deadline_timer aes xsave avx f16c rdrand lahf_lm ida arat epb pln pts dtherm tpr_shadow vnmi flexpriority ept vpid fsgsbase smep erms xsaveopt
bugs		:
bogomips	: 5600.11
clflush size	: 64
cache_alignment	: 64
address sizes	: 46 bits physical, 48 bits virtual
power management:

processor	: 28
vendor_id	: GenuineIntel
cpu family	: 6
model		: 62
model name	: Intel(R) Xeon(R) CPU E5-2680 v2 @ 2.80GHz
stepping	: 4
microcode	: 0x415
cpu MHz		: 3099.906
cache size	: 25600 KB
physical id	: 0
siblings	: 20
core id		: 11
cpu cores	: 10
apicid		: 23
initial apicid	: 23
fpu		: yes
fpu_exception	: yes
cpuid level	: 13
wp		: yes
flags		: fpu vme de pse tsc msr pae mce cx8 apic sep mtrr pge mca cmov pat pse36 clflush dts acpi mmx fxsr sse sse2 ss ht tm pbe syscall nx pdpe1gb rdtscp lm constant_tsc arch_perfmon pebs bts rep_good nopl xtopology nonstop_tsc aperfmperf eagerfpu pni pclmulqdq dtes64 monitor ds_cpl vmx smx est tm2 ssse3 cx16 xtpr pdcm pcid dca sse4_1 sse4_2 x2apic popcnt tsc_deadline_timer aes xsave avx f16c rdrand lahf_lm ida arat epb pln pts dtherm tpr_shadow vnmi flexpriority ept vpid fsgsbase smep erms xsaveopt
bugs		:
bogomips	: 5600.11
clflush size	: 64
cache_alignment	: 64
address sizes	: 46 bits physical, 48 bits virtual
power management:

processor	: 29
vendor_id	: GenuineIntel
cpu family	: 6
model		: 62
model name	: Intel(R) Xeon(R) CPU E5-2680 v2 @ 2.80GHz
stepping	: 4
microcode	: 0x415
cpu MHz		: 3100.562
cache size	: 25600 KB
physical id	: 0
siblings	: 20
core id		: 12
cpu cores	: 10
apicid		: 25
initial apicid	: 25
fpu		: yes
fpu_exception	: yes
cpuid level	: 13
wp		: yes
flags		: fpu vme de pse tsc msr pae mce cx8 apic sep mtrr pge mca cmov pat pse36 clflush dts acpi mmx fxsr sse sse2 ss ht tm pbe syscall nx pdpe1gb rdtscp lm constant_tsc arch_perfmon pebs bts rep_good nopl xtopology nonstop_tsc aperfmperf eagerfpu pni pclmulqdq dtes64 monitor ds_cpl vmx smx est tm2 ssse3 cx16 xtpr pdcm pcid dca sse4_1 sse4_2 x2apic popcnt tsc_deadline_timer aes xsave avx f16c rdrand lahf_lm ida arat epb pln pts dtherm tpr_shadow vnmi flexpriority ept vpid fsgsbase smep erms xsaveopt
bugs		:
bogomips	: 5600.11
clflush size	: 64
cache_alignment	: 64
address sizes	: 46 bits physical, 48 bits virtual
power management:

processor	: 30
vendor_id	: GenuineIntel
cpu family	: 6
model		: 62
model name	: Intel(R) Xeon(R) CPU E5-2680 v2 @ 2.80GHz
stepping	: 4
microcode	: 0x415
cpu MHz		: 3099.906
cache size	: 25600 KB
physical id	: 1
siblings	: 20
core id		: 0
cpu cores	: 10
apicid		: 33
initial apicid	: 33
fpu		: yes
fpu_exception	: yes
cpuid level	: 13
wp		: yes
flags		: fpu vme de pse tsc msr pae mce cx8 apic sep mtrr pge mca cmov pat pse36 clflush dts acpi mmx fxsr sse sse2 ss ht tm pbe syscall nx pdpe1gb rdtscp lm constant_tsc arch_perfmon pebs bts rep_good nopl xtopology nonstop_tsc aperfmperf eagerfpu pni pclmulqdq dtes64 monitor ds_cpl vmx smx est tm2 ssse3 cx16 xtpr pdcm pcid dca sse4_1 sse4_2 x2apic popcnt tsc_deadline_timer aes xsave avx f16c rdrand lahf_lm ida arat epb pln pts dtherm tpr_shadow vnmi flexpriority ept vpid fsgsbase smep erms xsaveopt
bugs		:
bogomips	: 5601.80
clflush size	: 64
cache_alignment	: 64
address sizes	: 46 bits physical, 48 bits virtual
power management:

processor	: 31
vendor_id	: GenuineIntel
cpu family	: 6
model		: 62
model name	: Intel(R) Xeon(R) CPU E5-2680 v2 @ 2.80GHz
stepping	: 4
microcode	: 0x415
cpu MHz		: 3099.906
cache size	: 25600 KB
physical id	: 1
siblings	: 20
core id		: 1
cpu cores	: 10
apicid		: 35
initial apicid	: 35
fpu		: yes
fpu_exception	: yes
cpuid level	: 13
wp		: yes
flags		: fpu vme de pse tsc msr pae mce cx8 apic sep mtrr pge mca cmov pat pse36 clflush dts acpi mmx fxsr sse sse2 ss ht tm pbe syscall nx pdpe1gb rdtscp lm constant_tsc arch_perfmon pebs bts rep_good nopl xtopology nonstop_tsc aperfmperf eagerfpu pni pclmulqdq dtes64 monitor ds_cpl vmx smx est tm2 ssse3 cx16 xtpr pdcm pcid dca sse4_1 sse4_2 x2apic popcnt tsc_deadline_timer aes xsave avx f16c rdrand lahf_lm ida arat epb pln pts dtherm tpr_shadow vnmi flexpriority ept vpid fsgsbase smep erms xsaveopt
bugs		:
bogomips	: 5601.80
clflush size	: 64
cache_alignment	: 64
address sizes	: 46 bits physical, 48 bits virtual
power management:

processor	: 32
vendor_id	: GenuineIntel
cpu family	: 6
model		: 62
model name	: Intel(R) Xeon(R) CPU E5-2680 v2 @ 2.80GHz
stepping	: 4
microcode	: 0x415
cpu MHz		: 3100.015
cache size	: 25600 KB
physical id	: 1
siblings	: 20
core id		: 2
cpu cores	: 10
apicid		: 37
initial apicid	: 37
fpu		: yes
fpu_exception	: yes
cpuid level	: 13
wp		: yes
flags		: fpu vme de pse tsc msr pae mce cx8 apic sep mtrr pge mca cmov pat pse36 clflush dts acpi mmx fxsr sse sse2 ss ht tm pbe syscall nx pdpe1gb rdtscp lm constant_tsc arch_perfmon pebs bts rep_good nopl xtopology nonstop_tsc aperfmperf eagerfpu pni pclmulqdq dtes64 monitor ds_cpl vmx smx est tm2 ssse3 cx16 xtpr pdcm pcid dca sse4_1 sse4_2 x2apic popcnt tsc_deadline_timer aes xsave avx f16c rdrand lahf_lm ida arat epb pln pts dtherm tpr_shadow vnmi flexpriority ept vpid fsgsbase smep erms xsaveopt
bugs		:
bogomips	: 5601.80
clflush size	: 64
cache_alignment	: 64
address sizes	: 46 bits physical, 48 bits virtual
power management:

processor	: 33
vendor_id	: GenuineIntel
cpu family	: 6
model		: 62
model name	: Intel(R) Xeon(R) CPU E5-2680 v2 @ 2.80GHz
stepping	: 4
microcode	: 0x415
cpu MHz		: 3099.906
cache size	: 25600 KB
physical id	: 1
siblings	: 20
core id		: 3
cpu cores	: 10
apicid		: 39
initial apicid	: 39
fpu		: yes
fpu_exception	: yes
cpuid level	: 13
wp		: yes
flags		: fpu vme de pse tsc msr pae mce cx8 apic sep mtrr pge mca cmov pat pse36 clflush dts acpi mmx fxsr sse sse2 ss ht tm pbe syscall nx pdpe1gb rdtscp lm constant_tsc arch_perfmon pebs bts rep_good nopl xtopology nonstop_tsc aperfmperf eagerfpu pni pclmulqdq dtes64 monitor ds_cpl vmx smx est tm2 ssse3 cx16 xtpr pdcm pcid dca sse4_1 sse4_2 x2apic popcnt tsc_deadline_timer aes xsave avx f16c rdrand lahf_lm ida arat epb pln pts dtherm tpr_shadow vnmi flexpriority ept vpid fsgsbase smep erms xsaveopt
bugs		:
bogomips	: 5601.80
clflush size	: 64
cache_alignment	: 64
address sizes	: 46 bits physical, 48 bits virtual
power management:

processor	: 34
vendor_id	: GenuineIntel
cpu family	: 6
model		: 62
model name	: Intel(R) Xeon(R) CPU E5-2680 v2 @ 2.80GHz
stepping	: 4
microcode	: 0x415
cpu MHz		: 3099.906
cache size	: 25600 KB
physical id	: 1
siblings	: 20
core id		: 4
cpu cores	: 10
apicid		: 41
initial apicid	: 41
fpu		: yes
fpu_exception	: yes
cpuid level	: 13
wp		: yes
flags		: fpu vme de pse tsc msr pae mce cx8 apic sep mtrr pge mca cmov pat pse36 clflush dts acpi mmx fxsr sse sse2 ss ht tm pbe syscall nx pdpe1gb rdtscp lm constant_tsc arch_perfmon pebs bts rep_good nopl xtopology nonstop_tsc aperfmperf eagerfpu pni pclmulqdq dtes64 monitor ds_cpl vmx smx est tm2 ssse3 cx16 xtpr pdcm pcid dca sse4_1 sse4_2 x2apic popcnt tsc_deadline_timer aes xsave avx f16c rdrand lahf_lm ida arat epb pln pts dtherm tpr_shadow vnmi flexpriority ept vpid fsgsbase smep erms xsaveopt
bugs		:
bogomips	: 5601.80
clflush size	: 64
cache_alignment	: 64
address sizes	: 46 bits physical, 48 bits virtual
power management:

processor	: 35
vendor_id	: GenuineIntel
cpu family	: 6
model		: 62
model name	: Intel(R) Xeon(R) CPU E5-2680 v2 @ 2.80GHz
stepping	: 4
microcode	: 0x415
cpu MHz		: 3099.906
cache size	: 25600 KB
physical id	: 1
siblings	: 20
core id		: 8
cpu cores	: 10
apicid		: 49
initial apicid	: 49
fpu		: yes
fpu_exception	: yes
cpuid level	: 13
wp		: yes
flags		: fpu vme de pse tsc msr pae mce cx8 apic sep mtrr pge mca cmov pat pse36 clflush dts acpi mmx fxsr sse sse2 ss ht tm pbe syscall nx pdpe1gb rdtscp lm constant_tsc arch_perfmon pebs bts rep_good nopl xtopology nonstop_tsc aperfmperf eagerfpu pni pclmulqdq dtes64 monitor ds_cpl vmx smx est tm2 ssse3 cx16 xtpr pdcm pcid dca sse4_1 sse4_2 x2apic popcnt tsc_deadline_timer aes xsave avx f16c rdrand lahf_lm ida arat epb pln pts dtherm tpr_shadow vnmi flexpriority ept vpid fsgsbase smep erms xsaveopt
bugs		:
bogomips	: 5601.80
clflush size	: 64
cache_alignment	: 64
address sizes	: 46 bits physical, 48 bits virtual
power management:

processor	: 36
vendor_id	: GenuineIntel
cpu family	: 6
model		: 62
model name	: Intel(R) Xeon(R) CPU E5-2680 v2 @ 2.80GHz
stepping	: 4
microcode	: 0x415
cpu MHz		: 3099.906
cache size	: 25600 KB
physical id	: 1
siblings	: 20
core id		: 9
cpu cores	: 10
apicid		: 51
initial apicid	: 51
fpu		: yes
fpu_exception	: yes
cpuid level	: 13
wp		: yes
flags		: fpu vme de pse tsc msr pae mce cx8 apic sep mtrr pge mca cmov pat pse36 clflush dts acpi mmx fxsr sse sse2 ss ht tm pbe syscall nx pdpe1gb rdtscp lm constant_tsc arch_perfmon pebs bts rep_good nopl xtopology nonstop_tsc aperfmperf eagerfpu pni pclmulqdq dtes64 monitor ds_cpl vmx smx est tm2 ssse3 cx16 xtpr pdcm pcid dca sse4_1 sse4_2 x2apic popcnt tsc_deadline_timer aes xsave avx f16c rdrand lahf_lm ida arat epb pln pts dtherm tpr_shadow vnmi flexpriority ept vpid fsgsbase smep erms xsaveopt
bugs		:
bogomips	: 5601.80
clflush size	: 64
cache_alignment	: 64
address sizes	: 46 bits physical, 48 bits virtual
power management:

processor	: 37
vendor_id	: GenuineIntel
cpu family	: 6
model		: 62
model name	: Intel(R) Xeon(R) CPU E5-2680 v2 @ 2.80GHz
stepping	: 4
microcode	: 0x415
cpu MHz		: 3100.015
cache size	: 25600 KB
physical id	: 1
siblings	: 20
core id		: 10
cpu cores	: 10
apicid		: 53
initial apicid	: 53
fpu		: yes
fpu_exception	: yes
cpuid level	: 13
wp		: yes
flags		: fpu vme de pse tsc msr pae mce cx8 apic sep mtrr pge mca cmov pat pse36 clflush dts acpi mmx fxsr sse sse2 ss ht tm pbe syscall nx pdpe1gb rdtscp lm constant_tsc arch_perfmon pebs bts rep_good nopl xtopology nonstop_tsc aperfmperf eagerfpu pni pclmulqdq dtes64 monitor ds_cpl vmx smx est tm2 ssse3 cx16 xtpr pdcm pcid dca sse4_1 sse4_2 x2apic popcnt tsc_deadline_timer aes xsave avx f16c rdrand lahf_lm ida arat epb pln pts dtherm tpr_shadow vnmi flexpriority ept vpid fsgsbase smep erms xsaveopt
bugs		:
bogomips	: 5601.80
clflush size	: 64
cache_alignment	: 64
address sizes	: 46 bits physical, 48 bits virtual
power management:

processor	: 38
vendor_id	: GenuineIntel
cpu family	: 6
model		: 62
model name	: Intel(R) Xeon(R) CPU E5-2680 v2 @ 2.80GHz
stepping	: 4
microcode	: 0x415
cpu MHz		: 3099.906
cache size	: 25600 KB
physical id	: 1
siblings	: 20
core id		: 11
cpu cores	: 10
apicid		: 55
initial apicid	: 55
fpu		: yes
fpu_exception	: yes
cpuid level	: 13
wp		: yes
flags		: fpu vme de pse tsc msr pae mce cx8 apic sep mtrr pge mca cmov pat pse36 clflush dts acpi mmx fxsr sse sse2 ss ht tm pbe syscall nx pdpe1gb rdtscp lm constant_tsc arch_perfmon pebs bts rep_good nopl xtopology nonstop_tsc aperfmperf eagerfpu pni pclmulqdq dtes64 monitor ds_cpl vmx smx est tm2 ssse3 cx16 xtpr pdcm pcid dca sse4_1 sse4_2 x2apic popcnt tsc_deadline_timer aes xsave avx f16c rdrand lahf_lm ida arat epb pln pts dtherm tpr_shadow vnmi flexpriority ept vpid fsgsbase smep erms xsaveopt
bugs		:
bogomips	: 5601.80
clflush size	: 64
cache_alignment	: 64
address sizes	: 46 bits physical, 48 bits virtual
power management:

processor	: 39
vendor_id	: GenuineIntel
cpu family	: 6
model		: 62
model name	: Intel(R) Xeon(R) CPU E5-2680 v2 @ 2.80GHz
stepping	: 4
microcode	: 0x415
cpu MHz		: 3099.906
cache size	: 25600 KB
physical id	: 1
siblings	: 20
core id		: 12
cpu cores	: 10
apicid		: 57
initial apicid	: 57
fpu		: yes
fpu_exception	: yes
cpuid level	: 13
wp		: yes
flags		: fpu vme de pse tsc msr pae mce cx8 apic sep mtrr pge mca cmov pat pse36 clflush dts acpi mmx fxsr sse sse2 ss ht tm pbe syscall nx pdpe1gb rdtscp lm constant_tsc arch_perfmon pebs bts rep_good nopl xtopology nonstop_tsc aperfmperf eagerfpu pni pclmulqdq dtes64 monitor ds_cpl vmx smx est tm2 ssse3 cx16 xtpr pdcm pcid dca sse4_1 sse4_2 x2apic popcnt tsc_deadline_timer aes xsave avx f16c rdrand lahf_lm ida arat epb pln pts dtherm tpr_shadow vnmi flexpriority ept vpid fsgsbase smep erms xsaveopt
bugs		:
bogomips	: 5601.80
clflush size	: 64
cache_alignment	: 64
address sizes	: 46 bits physical, 48 bits virtual
power management:



Memory: 4k page, physical 65941760k(267636k free), swap 0k(0k free)

vm_info: Java HotSpot(TM) 64-Bit Server VM (25.45-b02) for linux-amd64 JRE (1.8.0_45-b14), built on Apr 10 2015 10:07:45 by "java_re" with gcc 4.3.0 20080428 (Red Hat 4.3.0-8)

time: Mon Dec 21 01:37:10 2015
elapsed time: 25 seconds (0d 0h 0m 25s)

