#
# There is insufficient memory for the Java Runtime Environment to continue.
# Native memory allocation (mmap) failed to map 2018508800 bytes for committing reserved memory.
# Possible reasons:
#   The system is out of physical RAM or swap space
#   In 32 bit mode, the process size limit was hit
# Possible solutions:
#   Reduce memory load on the system
#   Increase physical memory or swap space
#   Check if swap backing store is full
#   Use 64 bit Java on a 64 bit OS
#   Decrease Java heap size (-Xmx/-Xms)
#   Decrease number of Java threads
#   Decrease Java thread stack sizes (-Xss)
#   Set larger code cache with -XX:ReservedCodeCacheSize=
# This output file may be truncated or incomplete.
#
#  Out of Memory Error (os_linux.cpp:2673), pid=35905, tid=140127450883840
#
# JRE version: Java(TM) SE Runtime Environment (8.0_45-b14) (build 1.8.0_45-b14)
# Java VM: Java HotSpot(TM) 64-Bit Server VM (25.45-b02 mixed mode linux-amd64 compressed oops)
# Failed to write core dump. Core dumps have been disabled. To enable core dumping, try "ulimit -c unlimited" before starting Java again
#

---------------  T H R E A D  ---------------

Current thread (0x00007f7280470800):  VMThread [stack: 0x00007f71f6dee000,0x00007f71f6eef000] [id=36187]

Stack: [0x00007f71f6dee000,0x00007f71f6eef000],  sp=0x00007f71f6eed060,  free space=1020k
Native frames: (J=compiled Java code, j=interpreted, Vv=VM code, C=native code)
V  [libjvm.so+0xaac99a]  VMError::report_and_die()+0x2ba
V  [libjvm.so+0x4f333b]  report_vm_out_of_memory(char const*, int, unsigned long, VMErrorType, char const*)+0x8b
V  [libjvm.so+0x90e7c3]  os::Linux::commit_memory_impl(char*, unsigned long, bool)+0x103
V  [libjvm.so+0x90ed19]  os::pd_commit_memory(char*, unsigned long, unsigned long, bool)+0x29
V  [libjvm.so+0x90867a]  os::commit_memory(char*, unsigned long, unsigned long, bool)+0x2a
V  [libjvm.so+0x97bac3]  PSVirtualSpace::expand_by(unsigned long)+0x53
V  [libjvm.so+0x97cec8]  PSYoungGen::resize_generation(unsigned long, unsigned long)+0xf8
V  [libjvm.so+0x97c022]  PSYoungGen::resize(unsigned long, unsigned long)+0x22
V  [libjvm.so+0x9792fb]  PSScavenge::invoke_no_policy()+0xf7b
V  [libjvm.so+0x979a81]  PSScavenge::invoke()+0x41
V  [libjvm.so+0x932050]  ParallelScavengeHeap::failed_mem_allocate(unsigned long)+0x70
V  [libjvm.so+0xaae1d7]  VM_ParallelGCFailedAllocation::doit()+0x97
V  [libjvm.so+0xab59c5]  VM_Operation::evaluate()+0x55
V  [libjvm.so+0xab3d9a]  VMThread::evaluate_operation(VM_Operation*)+0xba
V  [libjvm.so+0xab411e]  VMThread::loop()+0x1ce
V  [libjvm.so+0xab4590]  VMThread::run()+0x70
V  [libjvm.so+0x910de8]  java_start(Thread*)+0x108

VM_Operation (0x00007f71f53132c0): ParallelGCFailedAllocation, mode: safepoint, requested by thread 0x00007f72805a6000


---------------  P R O C E S S  ---------------

Java Threads: ( => current thread )
  0x00007f72805a6000 JavaThread "pool-1-thread-1" [_thread_blocked, id=36413, stack(0x00007f71f5214000,0x00007f71f5315000)]
  0x00007f72804dc800 JavaThread "Service Thread" daemon [_thread_blocked, id=36299, stack(0x00007f71f5523000,0x00007f71f5624000)]
  0x00007f72804d7000 JavaThread "C1 CompilerThread14" daemon [_thread_blocked, id=36297, stack(0x00007f71f5624000,0x00007f71f5725000)]
  0x00007f72804d5000 JavaThread "C1 CompilerThread13" daemon [_thread_blocked, id=36296, stack(0x00007f71f5725000,0x00007f71f5826000)]
  0x00007f72804d3000 JavaThread "C1 CompilerThread12" daemon [_thread_blocked, id=36294, stack(0x00007f71f5826000,0x00007f71f5927000)]
  0x00007f72804d0800 JavaThread "C1 CompilerThread11" daemon [_thread_blocked, id=36293, stack(0x00007f71f5927000,0x00007f71f5a28000)]
  0x00007f72804cf000 JavaThread "C1 CompilerThread10" daemon [_thread_blocked, id=36291, stack(0x00007f71f5a28000,0x00007f71f5b29000)]
  0x00007f72804cc800 JavaThread "C2 CompilerThread9" daemon [_thread_blocked, id=36289, stack(0x00007f71f5b29000,0x00007f71f5c2a000)]
  0x00007f72804ca800 JavaThread "C2 CompilerThread8" daemon [_thread_blocked, id=36287, stack(0x00007f71f5c2a000,0x00007f71f5d2b000)]
  0x00007f72804c8800 JavaThread "C2 CompilerThread7" daemon [_thread_blocked, id=36285, stack(0x00007f71f5d2b000,0x00007f71f5e2c000)]
  0x00007f72804c6800 JavaThread "C2 CompilerThread6" daemon [_thread_blocked, id=36283, stack(0x00007f71f5e2c000,0x00007f71f5f2d000)]
  0x00007f72804c4800 JavaThread "C2 CompilerThread5" daemon [_thread_blocked, id=36281, stack(0x00007f71f5f2d000,0x00007f71f602e000)]
  0x00007f72804ba000 JavaThread "C2 CompilerThread4" daemon [_thread_blocked, id=36279, stack(0x00007f71f602e000,0x00007f71f612f000)]
  0x00007f72804b8000 JavaThread "C2 CompilerThread3" daemon [_thread_blocked, id=36276, stack(0x00007f71f612f000,0x00007f71f6230000)]
  0x00007f72804b6000 JavaThread "C2 CompilerThread2" daemon [_thread_blocked, id=36275, stack(0x00007f71f6230000,0x00007f71f6331000)]
  0x00007f72804b4000 JavaThread "C2 CompilerThread1" daemon [_thread_blocked, id=36273, stack(0x00007f71f6331000,0x00007f71f6432000)]
  0x00007f72804b1000 JavaThread "C2 CompilerThread0" daemon [_thread_blocked, id=36239, stack(0x00007f71f6432000,0x00007f71f6533000)]
  0x00007f72804af800 JavaThread "Signal Dispatcher" daemon [_thread_blocked, id=36233, stack(0x00007f71f6533000,0x00007f71f6634000)]
  0x00007f7280477800 JavaThread "Finalizer" daemon [_thread_blocked, id=36211, stack(0x00007f71f6bec000,0x00007f71f6ced000)]
  0x00007f7280475800 JavaThread "Reference Handler" daemon [_thread_blocked, id=36209, stack(0x00007f71f6ced000,0x00007f71f6dee000)]
  0x00007f728000a800 JavaThread "main" [_thread_blocked, id=35919, stack(0x00007f7286770000,0x00007f7286871000)]

Other Threads:
=>0x00007f7280470800 VMThread [stack: 0x00007f71f6dee000,0x00007f71f6eef000] [id=36187]
  0x00007f72804df000 WatcherThread [stack: 0x00007f71f5422000,0x00007f71f5523000] [id=36300]

VM state:at safepoint (normal execution)

VM Mutex/Monitor currently owned by a thread:  ([mutex/lock_event])
[0x00007f7280006130] Threads_lock - owner thread: 0x00007f7280470800
[0x00007f7280006630] Heap_lock - owner thread: 0x00007f72805a6000

Heap:
 PSYoungGen      total 3298304K, used 2496K [0x0000000670980000, 0x000000073a980000, 0x00000007c0000000)
  eden space 3287040K, 0% used [0x0000000670980000,0x0000000670980000,0x0000000739380000)
  from space 11264K, 22% used [0x0000000739380000,0x00000007395f0000,0x0000000739e80000)
  to   space 11264K, 0% used [0x0000000739e80000,0x0000000739e80000,0x000000073a980000)
 ParOldGen       total 688128K, used 20116K [0x00000003d1c00000, 0x00000003fbc00000, 0x0000000670980000)
  object space 688128K, 2% used [0x00000003d1c00000,0x00000003d2fa5080,0x00000003fbc00000)
 Metaspace       used 5343K, capacity 5588K, committed 5888K, reserved 1056768K
  class space    used 588K, capacity 672K, committed 768K, reserved 1048576K

Card table byte_map: [0x00007f726e273000,0x00007f72701e6000] byte_map_base: 0x00007f726c3e5000

Marking Bits: (ParMarkBitMap*) 0x00007f7285c69760
 Begin Bits: [0x00007f71d08e0000, 0x00007f71e0470000)
 End Bits:   [0x00007f71e0470000, 0x00007f71f0000000)

Polling page: 0x00007f72868b0000

CodeCache: size=245760Kb used=6284Kb max_used=6295Kb free=239475Kb
 bounds [0x00007f72705a6000, 0x00007f7270bd6000, 0x00007f727f5a6000]
 total_blobs=1214 nmethods=913 adapters=211
 compilation: enabled

Compilation events (10 events):
Event: 13,686 Thread 0x00007f72804d3000 nmethod 909 0x00007f7270bbda50 code [0x00007f7270bbdbc0, 0x00007f7270bbdd68]
Event: 13,688 Thread 0x00007f72804d5000 nmethod 904 0x00007f7270bc9050 code [0x00007f7270bc92c0, 0x00007f7270bca168]
Event: 14,476 Thread 0x00007f72804d3000  910       3       java.util.TimSort::gallopRight (335 bytes)
Event: 14,477 Thread 0x00007f72804d3000 nmethod 910 0x00007f7270bca9d0 code [0x00007f7270bcabe0, 0x00007f7270bcb6d8]
Event: 14,645 Thread 0x00007f72804d3000  911       3       java.lang.ThreadLocal$ThreadLocalMap::getEntry (42 bytes)
Event: 14,645 Thread 0x00007f72804d3000 nmethod 911 0x00007f7270bbd490 code [0x00007f7270bbd600, 0x00007f7270bbd908]
Event: 15,104 Thread 0x00007f72804d3000  913       3       java.util.TimSort::gallopLeft (335 bytes)
Event: 15,105 Thread 0x00007f72804b8000  912       4       org.uma.jmetal.util.comparator.CrowdingComparator::compare (13 bytes)
Event: 15,106 Thread 0x00007f72804d3000 nmethod 913 0x00007f7270bcbb90 code [0x00007f7270bcbda0, 0x00007f7270bcc878]
Event: 15,107 Thread 0x00007f72804b8000 nmethod 912 0x00007f7270bbcfd0 code [0x00007f7270bbd140, 0x00007f7270bbd298]

GC Heap History (10 events):
Event: 3,664 GC heap after
Heap after GC invocations=6 (full 0):
 PSYoungGen      total 1033728K, used 2544K [0x0000000670980000, 0x00000006b0080000, 0x00000007c0000000)
  eden space 1031168K, 0% used [0x0000000670980000,0x0000000670980000,0x00000006af880000)
  from space 2560K, 99% used [0x00000006afc00000,0x00000006afe7c010,0x00000006afe80000)
  to   space 3584K, 0% used [0x00000006af880000,0x00000006af880000,0x00000006afc00000)
 ParOldGen       total 688128K, used 1104K [0x00000003d1c00000, 0x00000003fbc00000, 0x0000000670980000)
  object space 688128K, 0% used [0x00000003d1c00000,0x00000003d1d14000,0x00000003fbc00000)
 Metaspace       used 5285K, capacity 5524K, committed 5632K, reserved 1056768K
  class space    used 588K, capacity 672K, committed 768K, reserved 1048576K
}
Event: 5,212 GC heap before
{Heap before GC invocations=7 (full 0):
 PSYoungGen      total 1033728K, used 1033712K [0x0000000670980000, 0x00000006b0080000, 0x00000007c0000000)
  eden space 1031168K, 100% used [0x0000000670980000,0x00000006af880000,0x00000006af880000)
  from space 2560K, 99% used [0x00000006afc00000,0x00000006afe7c010,0x00000006afe80000)
  to   space 3584K, 0% used [0x00000006af880000,0x00000006af880000,0x00000006afc00000)
 ParOldGen       total 688128K, used 1104K [0x00000003d1c00000, 0x00000003fbc00000, 0x0000000670980000)
  object space 688128K, 0% used [0x00000003d1c00000,0x00000003d1d14000,0x00000003fbc00000)
 Metaspace       used 5300K, capacity 5524K, committed 5632K, reserved 1056768K
  class space    used 588K, capacity 672K, committed 768K, reserved 1048576K
Event: 5,224 GC heap after
Heap after GC invocations=7 (full 0):
 PSYoungGen      total 1034752K, used 3072K [0x0000000670980000, 0x00000006eef80000, 0x00000007c0000000)
  eden space 1031168K, 0% used [0x0000000670980000,0x0000000670980000,0x00000006af880000)
  from space 3584K, 85% used [0x00000006af880000,0x00000006afb80000,0x00000006afc00000)
  to   space 4096K, 0% used [0x00000006eeb80000,0x00000006eeb80000,0x00000006eef80000)
 ParOldGen       total 688128K, used 2052K [0x00000003d1c00000, 0x00000003fbc00000, 0x0000000670980000)
  object space 688128K, 0% used [0x00000003d1c00000,0x00000003d1e01080,0x00000003fbc00000)
 Metaspace       used 5300K, capacity 5524K, committed 5632K, reserved 1056768K
  class space    used 588K, capacity 672K, committed 768K, reserved 1048576K
}
Event: 6,783 GC heap before
{Heap before GC invocations=8 (full 0):
 PSYoungGen      total 1034752K, used 1034240K [0x0000000670980000, 0x00000006eef80000, 0x00000007c0000000)
  eden space 1031168K, 100% used [0x0000000670980000,0x00000006af880000,0x00000006af880000)
  from space 3584K, 85% used [0x00000006af880000,0x00000006afb80000,0x00000006afc00000)
  to   space 4096K, 0% used [0x00000006eeb80000,0x00000006eeb80000,0x00000006eef80000)
 ParOldGen       total 688128K, used 2052K [0x00000003d1c00000, 0x00000003fbc00000, 0x0000000670980000)
  object space 688128K, 0% used [0x00000003d1c00000,0x00000003d1e01080,0x00000003fbc00000)
 Metaspace       used 5309K, capacity 5524K, committed 5632K, reserved 1056768K
  class space    used 588K, capacity 672K, committed 768K, reserved 1048576K
Event: 6,845 GC heap after
Heap after GC invocations=8 (full 0):
 PSYoungGen      total 2058240K, used 4096K [0x0000000670980000, 0x00000006eff80000, 0x00000007c0000000)
  eden space 2054144K, 0% used [0x0000000670980000,0x0000000670980000,0x00000006edf80000)
  from space 4096K, 100% used [0x00000006eeb80000,0x00000006eef80000,0x00000006eef80000)
  to   space 12288K, 0% used [0x00000006edf80000,0x00000006edf80000,0x00000006eeb80000)
 ParOldGen       total 688128K, used 18972K [0x00000003d1c00000, 0x00000003fbc00000, 0x0000000670980000)
  object space 688128K, 2% used [0x00000003d1c00000,0x00000003d2e87080,0x00000003fbc00000)
 Metaspace       used 5309K, capacity 5524K, committed 5632K, reserved 1056768K
  class space    used 588K, capacity 672K, committed 768K, reserved 1048576K
}
Event: 9,980 GC heap before
{Heap before GC invocations=9 (full 0):
 PSYoungGen      total 2058240K, used 2058240K [0x0000000670980000, 0x00000006eff80000, 0x00000007c0000000)
  eden space 2054144K, 100% used [0x0000000670980000,0x00000006edf80000,0x00000006edf80000)
  from space 4096K, 100% used [0x00000006eeb80000,0x00000006eef80000,0x00000006eef80000)
  to   space 12288K, 0% used [0x00000006edf80000,0x00000006edf80000,0x00000006eeb80000)
 ParOldGen       total 688128K, used 18972K [0x00000003d1c00000, 0x00000003fbc00000, 0x0000000670980000)
  object space 688128K, 2% used [0x00000003d1c00000,0x00000003d2e87080,0x00000003fbc00000)
 Metaspace       used 5316K, capacity 5524K, committed 5632K, reserved 1056768K
  class space    used 588K, capacity 672K, committed 768K, reserved 1048576K
Event: 9,990 GC heap after
Heap after GC invocations=9 (full 0):
 PSYoungGen      total 2066432K, used 3712K [0x0000000670980000, 0x000000073a980000, 0x00000007c0000000)
  eden space 2054144K, 0% used [0x0000000670980000,0x0000000670980000,0x00000006edf80000)
  from space 12288K, 30% used [0x00000006edf80000,0x00000006ee320000,0x00000006eeb80000)
  to   space 11264K, 0% used [0x0000000739e80000,0x0000000739e80000,0x000000073a980000)
 ParOldGen       total 688128K, used 19044K [0x00000003d1c00000, 0x00000003fbc00000, 0x0000000670980000)
  object space 688128K, 2% used [0x00000003d1c00000,0x00000003d2e99080,0x00000003fbc00000)
 Metaspace       used 5316K, capacity 5524K, committed 5632K, reserved 1056768K
  class space    used 588K, capacity 672K, committed 768K, reserved 1048576K
}
Event: 12,605 GC heap before
{Heap before GC invocations=10 (full 0):
 PSYoungGen      total 2066432K, used 2057856K [0x0000000670980000, 0x000000073a980000, 0x00000007c0000000)
  eden space 2054144K, 100% used [0x0000000670980000,0x00000006edf80000,0x00000006edf80000)
  from space 12288K, 30% used [0x00000006edf80000,0x00000006ee320000,0x00000006eeb80000)
  to   space 11264K, 0% used [0x0000000739e80000,0x0000000739e80000,0x000000073a980000)
 ParOldGen       total 688128K, used 19044K [0x00000003d1c00000, 0x00000003fbc00000, 0x0000000670980000)
  object space 688128K, 2% used [0x00000003d1c00000,0x00000003d2e99080,0x00000003fbc00000)
 Metaspace       used 5320K, capacity 5524K, committed 5632K, reserved 1056768K
  class space    used 588K, capacity 672K, committed 768K, reserved 1048576K
Event: 12,612 GC heap after
Heap after GC invocations=10 (full 0):
 PSYoungGen      total 3298304K, used 2080K [0x0000000670980000, 0x000000073a980000, 0x00000007c0000000)
  eden space 3287040K, 0% used [0x0000000670980000,0x0000000670980000,0x0000000739380000)
  from space 11264K, 18% used [0x0000000739e80000,0x000000073a088000,0x000000073a980000)
  to   space 11264K, 0% used [0x0000000739380000,0x0000000739380000,0x0000000739e80000)
 ParOldGen       total 688128K, used 19388K [0x00000003d1c00000, 0x00000003fbc00000, 0x0000000670980000)
  object space 688128K, 2% used [0x00000003d1c00000,0x00000003d2eef080,0x00000003fbc00000)
 Metaspace       used 5320K, capacity 5524K, committed 5632K, reserved 1056768K
  class space    used 588K, capacity 672K, committed 768K, reserved 1048576K
}
Event: 17,198 GC heap before
{Heap before GC invocations=11 (full 0):
 PSYoungGen      total 3298304K, used 3289120K [0x0000000670980000, 0x000000073a980000, 0x00000007c0000000)
  eden space 3287040K, 100% used [0x0000000670980000,0x0000000739380000,0x0000000739380000)
  from space 11264K, 18% used [0x0000000739e80000,0x000000073a088000,0x000000073a980000)
  to   space 11264K, 0% used [0x0000000739380000,0x0000000739380000,0x0000000739e80000)
 ParOldGen       total 688128K, used 19388K [0x00000003d1c00000, 0x00000003fbc00000, 0x0000000670980000)
  object space 688128K, 2% used [0x00000003d1c00000,0x00000003d2eef080,0x00000003fbc00000)
 Metaspace       used 5343K, capacity 5588K, committed 5888K, reserved 1056768K
  class space    used 588K, capacity 672K, committed 768K, reserved 1048576K

Deoptimization events (10 events):
Event: 2,204 Thread 0x00007f72805a6000 Uncommon trap: reason=unstable_if action=reinterpret pc=0x00007f7270a5ef4c method=java.util.HashMap.putVal(ILjava/lang/Object;Ljava/lang/Object;ZZ)Ljava/lang/Object; @ 94
Event: 2,236 Thread 0x00007f72805a6000 Uncommon trap: reason=predicate action=maybe_recompile pc=0x00007f72709cec38 method=java.util.ArrayList.indexOf(Ljava/lang/Object;)I @ 44
Event: 2,236 Thread 0x00007f72805a6000 Uncommon trap: reason=predicate action=maybe_recompile pc=0x00007f727095325c method=java.util.ArrayList.indexOf(Ljava/lang/Object;)I @ 44
Event: 2,612 Thread 0x00007f72805a6000 Uncommon trap: reason=unstable_if action=reinterpret pc=0x00007f7270a6e4e0 method=java.util.HashMap.putVal(ILjava/lang/Object;Ljava/lang/Object;ZZ)Ljava/lang/Object; @ 206
Event: 3,296 Thread 0x00007f72805a6000 Uncommon trap: reason=unreached action=reinterpret pc=0x00007f7270ae1fdc method=org.uma.jmetal.util.Ranking.<init>(Lorg/uma/jmetal/core/SolutionSet;)V @ 360
Event: 4,151 Thread 0x00007f72805a6000 Uncommon trap: reason=unstable_if action=reinterpret pc=0x00007f7270b12554 method=org.uma.jmetal.util.Ranking.<init>(Lorg/uma/jmetal/core/SolutionSet;)V @ 124
Event: 4,787 Thread 0x00007f72805a6000 Uncommon trap: reason=unstable_if action=reinterpret pc=0x00007f7270b16bec method=org.uma.jmetal.util.Ranking.<init>(Lorg/uma/jmetal/core/SolutionSet;)V @ 124
Event: 5,670 Thread 0x00007f72805a6000 Uncommon trap: reason=unstable_if action=reinterpret pc=0x00007f7270b352c0 method=org.uma.jmetal.util.Ranking.<init>(Lorg/uma/jmetal/core/SolutionSet;)V @ 333
Event: 6,306 Thread 0x00007f72805a6000 Uncommon trap: reason=unstable_if action=reinterpret pc=0x00007f7270b3e3e8 method=org.uma.jmetal.util.Ranking.<init>(Lorg/uma/jmetal/core/SolutionSet;)V @ 333
Event: 8,294 Thread 0x00007f72805a6000 Uncommon trap: reason=unstable_if action=reinterpret pc=0x00007f7270ba318c method=java.util.LinkedList$ListItr.<init>(Ljava/util/LinkedList;I)V @ 26

Internal exceptions (8 events):
Event: 0,044 Thread 0x00007f728000a800 Exception <a 'java/lang/NoSuchMethodError': Method sun.misc.Unsafe.defineClass(Ljava/lang/String;[BII)Ljava/lang/Class; name or signature does not match> (0x0000000670992a30) thrown at [/RE-WORK/workspace/8-2-build-linux-amd64/jdk8u45/3457/hotspot/src/sha
Event: 0,044 Thread 0x00007f728000a800 Exception <a 'java/lang/NoSuchMethodError': Method sun.misc.Unsafe.prefetchRead(Ljava/lang/Object;J)V name or signature does not match> (0x0000000670992cc0) thrown at [/RE-WORK/workspace/8-2-build-linux-amd64/jdk8u45/3457/hotspot/src/share/vm/prims/jni.cp
Event: 0,137 Thread 0x00007f728000a800 Exception <a 'java/security/PrivilegedActionException'> (0x0000000670a53cc8) thrown at [/RE-WORK/workspace/8-2-build-linux-amd64/jdk8u45/3457/hotspot/src/share/vm/prims/jvm.cpp, line 1382]
Event: 0,137 Thread 0x00007f728000a800 Exception <a 'java/security/PrivilegedActionException'> (0x0000000670a53e80) thrown at [/RE-WORK/workspace/8-2-build-linux-amd64/jdk8u45/3457/hotspot/src/share/vm/prims/jvm.cpp, line 1382]
Event: 0,138 Thread 0x00007f728000a800 Exception <a 'java/security/PrivilegedActionException'> (0x0000000670a56718) thrown at [/RE-WORK/workspace/8-2-build-linux-amd64/jdk8u45/3457/hotspot/src/share/vm/prims/jvm.cpp, line 1382]
Event: 0,138 Thread 0x00007f728000a800 Exception <a 'java/security/PrivilegedActionException'> (0x0000000670a568d0) thrown at [/RE-WORK/workspace/8-2-build-linux-amd64/jdk8u45/3457/hotspot/src/share/vm/prims/jvm.cpp, line 1382]
Event: 0,396 Thread 0x00007f72805a6000 Exception <a 'java/lang/NoSuchFieldError': method resolution failed> (0x0000000672fe23e0) thrown at [/RE-WORK/workspace/8-2-build-linux-amd64/jdk8u45/3457/hotspot/src/share/vm/prims/methodHandles.cpp, line 1125]
Event: 0,403 Thread 0x00007f72805a6000 Exception <a 'java/lang/NoSuchFieldError': method resolution failed> (0x0000000672ff0c30) thrown at [/RE-WORK/workspace/8-2-build-linux-amd64/jdk8u45/3457/hotspot/src/share/vm/prims/methodHandles.cpp, line 1125]

Events (10 events):
Event: 10,138 Thread 0x00007f72805a6000 DEOPT UNPACKING pc=0x00007f72705ed633 sp=0x00007f71f5313340 mode 0
Event: 10,746 Thread 0x00007f72805a6000 DEOPT PACKING pc=0x00007f7270bb4c92 sp=0x00007f71f5313530
Event: 10,746 Thread 0x00007f72805a6000 DEOPT UNPACKING pc=0x00007f72705ed633 sp=0x00007f71f5313340 mode 0
Event: 11,302 Thread 0x00007f72805a6000 DEOPT PACKING pc=0x00007f7270bb4c92 sp=0x00007f71f5313530
Event: 11,302 Thread 0x00007f72805a6000 DEOPT UNPACKING pc=0x00007f72705ed633 sp=0x00007f71f5313340 mode 0
Event: 11,589 Thread 0x00007f72805a6000 DEOPT PACKING pc=0x00007f7270b9dd0b sp=0x00007f71f5313680
Event: 11,589 Thread 0x00007f72805a6000 DEOPT UNPACKING pc=0x00007f72705ed633 sp=0x00007f71f5313498 mode 0
Event: 12,605 Executing VM operation: ParallelGCFailedAllocation
Event: 12,612 Executing VM operation: ParallelGCFailedAllocation done
Event: 17,198 Executing VM operation: ParallelGCFailedAllocation


Dynamic libraries:
00400000-00401000 r-xp 00000000 00:2b 13572529                           /home/ppginf/vdfontoura/jdk1.8.0_45/bin/java
00600000-00601000 rw-p 00000000 00:2b 13572529                           /home/ppginf/vdfontoura/jdk1.8.0_45/bin/java
0210e000-0212f000 rw-p 00000000 00:00 0                                  [heap]
3d1c00000-3fbc00000 rw-p 00000000 00:00 0 
3fbc00000-670980000 ---p 00000000 00:00 0 
670980000-73a980000 rw-p 00000000 00:00 0 
7b2e80000-7c0000000 ---p 00000000 00:00 0 
7c0000000-7c00c0000 rw-p 00000000 00:00 0 
7c00c0000-800000000 ---p 00000000 00:00 0 
7f7174000000-7f7174291000 rw-p 00000000 00:00 0 
7f7174291000-7f7178000000 ---p 00000000 00:00 0 
7f717c000000-7f717c021000 rw-p 00000000 00:00 0 
7f717c021000-7f7180000000 ---p 00000000 00:00 0 
7f7180000000-7f7180021000 rw-p 00000000 00:00 0 
7f7180021000-7f7184000000 ---p 00000000 00:00 0 
7f7184000000-7f71840ce000 rw-p 00000000 00:00 0 
7f71840ce000-7f7188000000 ---p 00000000 00:00 0 
7f7188000000-7f718805a000 rw-p 00000000 00:00 0 
7f718805a000-7f718c000000 ---p 00000000 00:00 0 
7f718c000000-7f718c05a000 rw-p 00000000 00:00 0 
7f718c05a000-7f7190000000 ---p 00000000 00:00 0 
7f7190000000-7f71900f2000 rw-p 00000000 00:00 0 
7f71900f2000-7f7194000000 ---p 00000000 00:00 0 
7f7194000000-7f7194394000 rw-p 00000000 00:00 0 
7f7194394000-7f7198000000 ---p 00000000 00:00 0 
7f7198000000-7f719807f000 rw-p 00000000 00:00 0 
7f719807f000-7f719c000000 ---p 00000000 00:00 0 
7f719c000000-7f719c17c000 rw-p 00000000 00:00 0 
7f719c17c000-7f71a0000000 ---p 00000000 00:00 0 
7f71a0000000-7f71a04f2000 rw-p 00000000 00:00 0 
7f71a04f2000-7f71a4000000 ---p 00000000 00:00 0 
7f71a4000000-7f71a42dd000 rw-p 00000000 00:00 0 
7f71a42dd000-7f71a8000000 ---p 00000000 00:00 0 
7f71a8000000-7f71a82f2000 rw-p 00000000 00:00 0 
7f71a82f2000-7f71ac000000 ---p 00000000 00:00 0 
7f71ac000000-7f71ac8a0000 rw-p 00000000 00:00 0 
7f71ac8a0000-7f71b0000000 ---p 00000000 00:00 0 
7f71b0000000-7f71b0515000 rw-p 00000000 00:00 0 
7f71b0515000-7f71b4000000 ---p 00000000 00:00 0 
7f71b4000000-7f71b4589000 rw-p 00000000 00:00 0 
7f71b4589000-7f71b8000000 ---p 00000000 00:00 0 
7f71b8000000-7f71b8522000 rw-p 00000000 00:00 0 
7f71b8522000-7f71bc000000 ---p 00000000 00:00 0 
7f71bc000000-7f71bc021000 rw-p 00000000 00:00 0 
7f71bc021000-7f71c0000000 ---p 00000000 00:00 0 
7f71c0000000-7f71c0353000 rw-p 00000000 00:00 0 
7f71c0353000-7f71c4000000 ---p 00000000 00:00 0 
7f71c4000000-7f71c4021000 rw-p 00000000 00:00 0 
7f71c4021000-7f71c8000000 ---p 00000000 00:00 0 
7f71c8000000-7f71c8021000 rw-p 00000000 00:00 0 
7f71c8021000-7f71cc000000 ---p 00000000 00:00 0 
7f71cc000000-7f71cc28c000 rw-p 00000000 00:00 0 
7f71cc28c000-7f71d0000000 ---p 00000000 00:00 0 
7f71d08e0000-7f71f0000000 rw-p 00000000 00:00 0 
7f71f0000000-7f71f0021000 rw-p 00000000 00:00 0 
7f71f0021000-7f71f4000000 ---p 00000000 00:00 0 
7f71f5114000-7f71f5214000 rw-p 00000000 00:00 0 
7f71f5214000-7f71f5217000 ---p 00000000 00:00 0 
7f71f5217000-7f71f5315000 rw-p 00000000 00:00 0                          [stack:36413]
7f71f5315000-7f71f5422000 r--s 010c9000 00:2b 16151392                   /home/ppginf/vdfontoura/psp-chapter/psp-2D/target/NSGAIIHH.jar
7f71f5422000-7f71f5423000 ---p 00000000 00:00 0 
7f71f5423000-7f71f5523000 rw-p 00000000 00:00 0                          [stack:36300]
7f71f5523000-7f71f5526000 ---p 00000000 00:00 0 
7f71f5526000-7f71f5624000 rw-p 00000000 00:00 0                          [stack:36299]
7f71f5624000-7f71f5627000 ---p 00000000 00:00 0 
7f71f5627000-7f71f5725000 rw-p 00000000 00:00 0                          [stack:36297]
7f71f5725000-7f71f5728000 ---p 00000000 00:00 0 
7f71f5728000-7f71f5826000 rw-p 00000000 00:00 0                          [stack:36296]
7f71f5826000-7f71f5829000 ---p 00000000 00:00 0 
7f71f5829000-7f71f5927000 rw-p 00000000 00:00 0                          [stack:36294]
7f71f5927000-7f71f592a000 ---p 00000000 00:00 0 
7f71f592a000-7f71f5a28000 rw-p 00000000 00:00 0                          [stack:36293]
7f71f5a28000-7f71f5a2b000 ---p 00000000 00:00 0 
7f71f5a2b000-7f71f5b29000 rw-p 00000000 00:00 0                          [stack:36291]
7f71f5b29000-7f71f5b2c000 ---p 00000000 00:00 0 
7f71f5b2c000-7f71f5c2a000 rw-p 00000000 00:00 0                          [stack:36289]
7f71f5c2a000-7f71f5c2d000 ---p 00000000 00:00 0 
7f71f5c2d000-7f71f5d2b000 rw-p 00000000 00:00 0                          [stack:36287]
7f71f5d2b000-7f71f5d2e000 ---p 00000000 00:00 0 
7f71f5d2e000-7f71f5e2c000 rw-p 00000000 00:00 0                          [stack:36285]
7f71f5e2c000-7f71f5e2f000 ---p 00000000 00:00 0 
7f71f5e2f000-7f71f5f2d000 rw-p 00000000 00:00 0                          [stack:36283]
7f71f5f2d000-7f71f5f30000 ---p 00000000 00:00 0 
7f71f5f30000-7f71f602e000 rw-p 00000000 00:00 0                          [stack:36281]
7f71f602e000-7f71f6031000 ---p 00000000 00:00 0 
7f71f6031000-7f71f612f000 rw-p 00000000 00:00 0                          [stack:36279]
7f71f612f000-7f71f6132000 ---p 00000000 00:00 0 
7f71f6132000-7f71f6230000 rw-p 00000000 00:00 0                          [stack:36276]
7f71f6230000-7f71f6233000 ---p 00000000 00:00 0 
7f71f6233000-7f71f6331000 rw-p 00000000 00:00 0                          [stack:36275]
7f71f6331000-7f71f6334000 ---p 00000000 00:00 0 
7f71f6334000-7f71f6432000 rw-p 00000000 00:00 0                          [stack:36273]
7f71f6432000-7f71f6435000 ---p 00000000 00:00 0 
7f71f6435000-7f71f6533000 rw-p 00000000 00:00 0                          [stack:36239]
7f71f6533000-7f71f6536000 ---p 00000000 00:00 0 
7f71f6536000-7f71f6634000 rw-p 00000000 00:00 0                          [stack:36233]
7f71f6634000-7f71f6bec000 r--p 00000000 00:14 231                        /usr/lib/locale/locale-archive
7f71f6bec000-7f71f6bef000 ---p 00000000 00:00 0 
7f71f6bef000-7f71f6ced000 rw-p 00000000 00:00 0                          [stack:36211]
7f71f6ced000-7f71f6cf0000 ---p 00000000 00:00 0 
7f71f6cf0000-7f71f6dee000 rw-p 00000000 00:00 0                          [stack:36209]
7f71f6dee000-7f71f6def000 ---p 00000000 00:00 0 
7f71f6def000-7f71f8000000 rw-p 00000000 00:00 0                          [stack:36187]
7f71f8000000-7f71f8021000 rw-p 00000000 00:00 0 
7f71f8021000-7f71fc000000 ---p 00000000 00:00 0 
7f71fc0c1000-7f7200000000 rw-p 00000000 00:00 0 
7f7200000000-7f7200021000 rw-p 00000000 00:00 0 
7f7200021000-7f7204000000 ---p 00000000 00:00 0 
7f7204000000-7f7204021000 rw-p 00000000 00:00 0 
7f7204021000-7f7208000000 ---p 00000000 00:00 0 
7f7208000000-7f7208021000 rw-p 00000000 00:00 0 
7f7208021000-7f720c000000 ---p 00000000 00:00 0 
7f720c000000-7f720c021000 rw-p 00000000 00:00 0 
7f720c021000-7f7210000000 ---p 00000000 00:00 0 
7f7210000000-7f7210021000 rw-p 00000000 00:00 0 
7f7210021000-7f7214000000 ---p 00000000 00:00 0 
7f7214000000-7f7214021000 rw-p 00000000 00:00 0 
7f7214021000-7f7218000000 ---p 00000000 00:00 0 
7f7218000000-7f7218021000 rw-p 00000000 00:00 0 
7f7218021000-7f721c000000 ---p 00000000 00:00 0 
7f721c000000-7f721c021000 rw-p 00000000 00:00 0 
7f721c021000-7f7220000000 ---p 00000000 00:00 0 
7f7220000000-7f7220021000 rw-p 00000000 00:00 0 
7f7220021000-7f7224000000 ---p 00000000 00:00 0 
7f7224000000-7f7224021000 rw-p 00000000 00:00 0 
7f7224021000-7f7228000000 ---p 00000000 00:00 0 
7f7228000000-7f7228021000 rw-p 00000000 00:00 0 
7f7228021000-7f722c000000 ---p 00000000 00:00 0 
7f722c000000-7f722c021000 rw-p 00000000 00:00 0 
7f722c021000-7f7230000000 ---p 00000000 00:00 0 
7f7230000000-7f7230021000 rw-p 00000000 00:00 0 
7f7230021000-7f7234000000 ---p 00000000 00:00 0 
7f7234000000-7f7234021000 rw-p 00000000 00:00 0 
7f7234021000-7f7238000000 ---p 00000000 00:00 0 
7f7238000000-7f7238021000 rw-p 00000000 00:00 0 
7f7238021000-7f723c000000 ---p 00000000 00:00 0 
7f723c000000-7f723c021000 rw-p 00000000 00:00 0 
7f723c021000-7f7240000000 ---p 00000000 00:00 0 
7f7240000000-7f7240021000 rw-p 00000000 00:00 0 
7f7240021000-7f7244000000 ---p 00000000 00:00 0 
7f7244000000-7f7244021000 rw-p 00000000 00:00 0 
7f7244021000-7f7248000000 ---p 00000000 00:00 0 
7f7248000000-7f7248021000 rw-p 00000000 00:00 0 
7f7248021000-7f724c000000 ---p 00000000 00:00 0 
7f724c000000-7f724c021000 rw-p 00000000 00:00 0 
7f724c021000-7f7250000000 ---p 00000000 00:00 0 
7f7250000000-7f7250021000 rw-p 00000000 00:00 0 
7f7250021000-7f7254000000 ---p 00000000 00:00 0 
7f7254000000-7f7254021000 rw-p 00000000 00:00 0 
7f7254021000-7f7258000000 ---p 00000000 00:00 0 
7f7258000000-7f7258021000 rw-p 00000000 00:00 0 
7f7258021000-7f725c000000 ---p 00000000 00:00 0 
7f725c000000-7f725c021000 rw-p 00000000 00:00 0 
7f725c021000-7f7260000000 ---p 00000000 00:00 0 
7f7260000000-7f7260021000 rw-p 00000000 00:00 0 
7f7260021000-7f7264000000 ---p 00000000 00:00 0 
7f7264000000-7f7264021000 rw-p 00000000 00:00 0 
7f7264021000-7f7268000000 ---p 00000000 00:00 0 
7f72680b2000-7f72680d4000 r--p 00000000 00:14 7823                       /usr/share/locale-langpack/pt_BR/LC_MESSAGES/libc.mo
7f72680d4000-7f72687db000 rw-p 00000000 00:00 0 
7f72687db000-7f72689b4000 r--s 03d09000 00:2b 13572347                   /home/ppginf/vdfontoura/jdk1.8.0_45/jre/lib/rt.jar
7f72689b4000-7f7268eb4000 rw-p 00000000 00:00 0 
7f7268eb4000-7f72691b4000 ---p 00000000 00:00 0 
7f72691b4000-7f726b261000 rw-p 00000000 00:00 0 
7f726b261000-7f726b262000 ---p 00000000 00:00 0 
7f726b262000-7f726b362000 rw-p 00000000 00:00 0                          [stack:36006]
7f726b362000-7f726b363000 ---p 00000000 00:00 0 
7f726b363000-7f726b463000 rw-p 00000000 00:00 0                          [stack:36004]
7f726b463000-7f726b464000 ---p 00000000 00:00 0 
7f726b464000-7f726b564000 rw-p 00000000 00:00 0                          [stack:36002]
7f726b564000-7f726b565000 ---p 00000000 00:00 0 
7f726b565000-7f726b665000 rw-p 00000000 00:00 0                          [stack:35998]
7f726b665000-7f726b666000 ---p 00000000 00:00 0 
7f726b666000-7f726b766000 rw-p 00000000 00:00 0                          [stack:35993]
7f726b766000-7f726b767000 ---p 00000000 00:00 0 
7f726b767000-7f726b867000 rw-p 00000000 00:00 0                          [stack:35990]
7f726b867000-7f726b868000 ---p 00000000 00:00 0 
7f726b868000-7f726b968000 rw-p 00000000 00:00 0                          [stack:35985]
7f726b968000-7f726b969000 ---p 00000000 00:00 0 
7f726b969000-7f726ba69000 rw-p 00000000 00:00 0                          [stack:35982]
7f726ba69000-7f726ba6a000 ---p 00000000 00:00 0 
7f726ba6a000-7f726bb6a000 rw-p 00000000 00:00 0                          [stack:35979]
7f726bb6a000-7f726bb6b000 ---p 00000000 00:00 0 
7f726bb6b000-7f726bc6b000 rw-p 00000000 00:00 0                          [stack:35975]
7f726bc6b000-7f726bc6c000 ---p 00000000 00:00 0 
7f726bc6c000-7f726bd6c000 rw-p 00000000 00:00 0                          [stack:35971]
7f726bd6c000-7f726bd6d000 ---p 00000000 00:00 0 
7f726bd6d000-7f726be6d000 rw-p 00000000 00:00 0                          [stack:35968]
7f726be6d000-7f726be6e000 ---p 00000000 00:00 0 
7f726be6e000-7f726bf6e000 rw-p 00000000 00:00 0                          [stack:35966]
7f726bf6e000-7f726bf6f000 ---p 00000000 00:00 0 
7f726bf6f000-7f726c06f000 rw-p 00000000 00:00 0                          [stack:35963]
7f726c06f000-7f726c070000 ---p 00000000 00:00 0 
7f726c070000-7f726c170000 rw-p 00000000 00:00 0                          [stack:35958]
7f726c170000-7f726c171000 ---p 00000000 00:00 0 
7f726c171000-7f726c271000 rw-p 00000000 00:00 0                          [stack:35955]
7f726c271000-7f726c272000 ---p 00000000 00:00 0 
7f726c272000-7f726c372000 rw-p 00000000 00:00 0                          [stack:35953]
7f726c372000-7f726c373000 ---p 00000000 00:00 0 
7f726c373000-7f726c473000 rw-p 00000000 00:00 0                          [stack:35950]
7f726c473000-7f726c474000 ---p 00000000 00:00 0 
7f726c474000-7f726c574000 rw-p 00000000 00:00 0                          [stack:35949]
7f726c574000-7f726c575000 ---p 00000000 00:00 0 
7f726c575000-7f726c675000 rw-p 00000000 00:00 0                          [stack:35946]
7f726c675000-7f726c676000 ---p 00000000 00:00 0 
7f726c676000-7f726c776000 rw-p 00000000 00:00 0                          [stack:35943]
7f726c776000-7f726c777000 ---p 00000000 00:00 0 
7f726c777000-7f726c877000 rw-p 00000000 00:00 0                          [stack:35940]
7f726c877000-7f726c878000 ---p 00000000 00:00 0 
7f726c878000-7f726c978000 rw-p 00000000 00:00 0                          [stack:35938]
7f726c978000-7f726c979000 ---p 00000000 00:00 0 
7f726c979000-7f726ca79000 rw-p 00000000 00:00 0                          [stack:35936]
7f726ca79000-7f726ca7a000 ---p 00000000 00:00 0 
7f726ca7a000-7f726cb7a000 rw-p 00000000 00:00 0                          [stack:35933]
7f726cb7a000-7f726cb7b000 ---p 00000000 00:00 0 
7f726cb7b000-7f726cc7b000 rw-p 00000000 00:00 0                          [stack:35930]
7f726cc7b000-7f726cc7c000 ---p 00000000 00:00 0 
7f726cc7c000-7f726cecc000 rw-p 00000000 00:00 0                          [stack:35926]
7f726cecc000-7f726e273000 ---p 00000000 00:00 0 
7f726e273000-7f726e3c3000 rw-p 00000000 00:00 0 
7f726e3c3000-7f726f769000 ---p 00000000 00:00 0 
7f726f769000-7f726fdba000 rw-p 00000000 00:00 0 
7f726fdba000-7f72701e5000 ---p 00000000 00:00 0 
7f72701e5000-7f72701ff000 rw-p 00000000 00:00 0 
7f72701ff000-7f72705a6000 ---p 00000000 00:00 0 
7f72705a6000-7f7270bd6000 rwxp 00000000 00:00 0 
7f7270bd6000-7f727f5a6000 ---p 00000000 00:00 0 
7f727f5a6000-7f727f5c0000 r-xp 00000000 00:2b 13572371                   /home/ppginf/vdfontoura/jdk1.8.0_45/jre/lib/amd64/libzip.so
7f727f5c0000-7f727f7c0000 ---p 0001a000 00:2b 13572371                   /home/ppginf/vdfontoura/jdk1.8.0_45/jre/lib/amd64/libzip.so
7f727f7c0000-7f727f7c1000 rw-p 0001a000 00:2b 13572371                   /home/ppginf/vdfontoura/jdk1.8.0_45/jre/lib/amd64/libzip.so
7f727f7c1000-7f727f7cd000 r-xp 00000000 00:14 181                        /lib/x86_64-linux-gnu/libnss_ldap.so.2
7f727f7cd000-7f727f9cc000 ---p 0000c000 00:14 181                        /lib/x86_64-linux-gnu/libnss_ldap.so.2
7f727f9cc000-7f727f9cd000 r--p 0000b000 00:14 181                        /lib/x86_64-linux-gnu/libnss_ldap.so.2
7f727f9cd000-7f727f9ce000 rw-p 0000c000 00:14 181                        /lib/x86_64-linux-gnu/libnss_ldap.so.2
7f727f9ce000-7f727f9d9000 r-xp 00000000 00:14 178                        /lib/x86_64-linux-gnu/libnss_files-2.19.so
7f727f9d9000-7f727fbd8000 ---p 0000b000 00:14 178                        /lib/x86_64-linux-gnu/libnss_files-2.19.so
7f727fbd8000-7f727fbd9000 r--p 0000a000 00:14 178                        /lib/x86_64-linux-gnu/libnss_files-2.19.so
7f727fbd9000-7f727fbda000 rw-p 0000b000 00:14 178                        /lib/x86_64-linux-gnu/libnss_files-2.19.so
7f727fbda000-7f727fbe5000 r-xp 00000000 00:14 176                        /lib/x86_64-linux-gnu/libnss_nis-2.19.so
7f727fbe5000-7f727fde4000 ---p 0000b000 00:14 176                        /lib/x86_64-linux-gnu/libnss_nis-2.19.so
7f727fde4000-7f727fde5000 r--p 0000a000 00:14 176                        /lib/x86_64-linux-gnu/libnss_nis-2.19.so
7f727fde5000-7f727fde6000 rw-p 0000b000 00:14 176                        /lib/x86_64-linux-gnu/libnss_nis-2.19.so
7f727fde6000-7f727fdfd000 r-xp 00000000 00:14 174                        /lib/x86_64-linux-gnu/libnsl-2.19.so
7f727fdfd000-7f727fffc000 ---p 00017000 00:14 174                        /lib/x86_64-linux-gnu/libnsl-2.19.so
7f727fffc000-7f727fffd000 r--p 00016000 00:14 174                        /lib/x86_64-linux-gnu/libnsl-2.19.so
7f727fffd000-7f727fffe000 rw-p 00017000 00:14 174                        /lib/x86_64-linux-gnu/libnsl-2.19.so
7f727fffe000-7f7280000000 rw-p 00000000 00:00 0 
7f7280000000-7f72805a7000 rw-p 00000000 00:00 0 
7f72805a7000-7f7284000000 ---p 00000000 00:00 0 
7f7284002000-7f7284078000 rw-p 00000000 00:00 0 
7f7284078000-7f7284079000 ---p 00000000 00:00 0 
7f7284079000-7f7284179000 rw-p 00000000 00:00 0                          [stack:35923]
7f7284179000-7f7284182000 r-xp 00000000 00:14 172                        /lib/x86_64-linux-gnu/libnss_compat-2.19.so
7f7284182000-7f7284381000 ---p 00009000 00:14 172                        /lib/x86_64-linux-gnu/libnss_compat-2.19.so
7f7284381000-7f7284382000 r--p 00008000 00:14 172                        /lib/x86_64-linux-gnu/libnss_compat-2.19.so
7f7284382000-7f7284383000 rw-p 00009000 00:14 172                        /lib/x86_64-linux-gnu/libnss_compat-2.19.so
7f7284383000-7f72843ad000 r-xp 00000000 00:2b 13572364                   /home/ppginf/vdfontoura/jdk1.8.0_45/jre/lib/amd64/libjava.so
7f72843ad000-7f72845ad000 ---p 0002a000 00:2b 13572364                   /home/ppginf/vdfontoura/jdk1.8.0_45/jre/lib/amd64/libjava.so
7f72845ad000-7f72845af000 rw-p 0002a000 00:2b 13572364                   /home/ppginf/vdfontoura/jdk1.8.0_45/jre/lib/amd64/libjava.so
7f72845af000-7f72845bc000 r-xp 00000000 00:2b 13572405                   /home/ppginf/vdfontoura/jdk1.8.0_45/jre/lib/amd64/libverify.so
7f72845bc000-7f72847bc000 ---p 0000d000 00:2b 13572405                   /home/ppginf/vdfontoura/jdk1.8.0_45/jre/lib/amd64/libverify.so
7f72847bc000-7f72847be000 rw-p 0000d000 00:2b 13572405                   /home/ppginf/vdfontoura/jdk1.8.0_45/jre/lib/amd64/libverify.so
7f72847be000-7f72847c5000 r-xp 00000000 00:14 44                         /lib/x86_64-linux-gnu/librt-2.19.so
7f72847c5000-7f72849c4000 ---p 00007000 00:14 44                         /lib/x86_64-linux-gnu/librt-2.19.so
7f72849c4000-7f72849c5000 r--p 00006000 00:14 44                         /lib/x86_64-linux-gnu/librt-2.19.so
7f72849c5000-7f72849c6000 rw-p 00007000 00:14 44                         /lib/x86_64-linux-gnu/librt-2.19.so
7f72849c6000-7f7284acb000 r-xp 00000000 00:14 275                        /lib/x86_64-linux-gnu/libm-2.19.so
7f7284acb000-7f7284cca000 ---p 00105000 00:14 275                        /lib/x86_64-linux-gnu/libm-2.19.so
7f7284cca000-7f7284ccb000 r--p 00104000 00:14 275                        /lib/x86_64-linux-gnu/libm-2.19.so
7f7284ccb000-7f7284ccc000 rw-p 00105000 00:14 275                        /lib/x86_64-linux-gnu/libm-2.19.so
7f7284ccc000-7f728597a000 r-xp 00000000 00:2b 13572410                   /home/ppginf/vdfontoura/jdk1.8.0_45/jre/lib/amd64/server/libjvm.so
7f728597a000-7f7285b79000 ---p 00cae000 00:2b 13572410                   /home/ppginf/vdfontoura/jdk1.8.0_45/jre/lib/amd64/server/libjvm.so
7f7285b79000-7f7285c50000 rw-p 00cad000 00:2b 13572410                   /home/ppginf/vdfontoura/jdk1.8.0_45/jre/lib/amd64/server/libjvm.so
7f7285c50000-7f7285c94000 rw-p 00000000 00:00 0 
7f7285c94000-7f7285e4f000 r-xp 00000000 00:14 46                         /lib/x86_64-linux-gnu/libc-2.19.so
7f7285e4f000-7f728604e000 ---p 001bb000 00:14 46                         /lib/x86_64-linux-gnu/libc-2.19.so
7f728604e000-7f7286052000 r--p 001ba000 00:14 46                         /lib/x86_64-linux-gnu/libc-2.19.so
7f7286052000-7f7286054000 rw-p 001be000 00:14 46                         /lib/x86_64-linux-gnu/libc-2.19.so
7f7286054000-7f7286059000 rw-p 00000000 00:00 0 
7f7286059000-7f728605c000 r-xp 00000000 00:14 52                         /lib/x86_64-linux-gnu/libdl-2.19.so
7f728605c000-7f728625b000 ---p 00003000 00:14 52                         /lib/x86_64-linux-gnu/libdl-2.19.so
7f728625b000-7f728625c000 r--p 00002000 00:14 52                         /lib/x86_64-linux-gnu/libdl-2.19.so
7f728625c000-7f728625d000 rw-p 00003000 00:14 52                         /lib/x86_64-linux-gnu/libdl-2.19.so
7f728625d000-7f7286272000 r-xp 00000000 00:2b 13572682                   /home/ppginf/vdfontoura/jdk1.8.0_45/lib/amd64/jli/libjli.so
7f7286272000-7f7286472000 ---p 00015000 00:2b 13572682                   /home/ppginf/vdfontoura/jdk1.8.0_45/lib/amd64/jli/libjli.so
7f7286472000-7f7286473000 rw-p 00015000 00:2b 13572682                   /home/ppginf/vdfontoura/jdk1.8.0_45/lib/amd64/jli/libjli.so
7f7286473000-7f728648c000 r-xp 00000000 00:14 48                         /lib/x86_64-linux-gnu/libpthread-2.19.so
7f728648c000-7f728668b000 ---p 00019000 00:14 48                         /lib/x86_64-linux-gnu/libpthread-2.19.so
7f728668b000-7f728668c000 r--p 00018000 00:14 48                         /lib/x86_64-linux-gnu/libpthread-2.19.so
7f728668c000-7f728668d000 rw-p 00019000 00:14 48                         /lib/x86_64-linux-gnu/libpthread-2.19.so
7f728668d000-7f7286691000 rw-p 00000000 00:00 0 
7f7286691000-7f72866b4000 r-xp 00000000 00:14 32                         /lib/x86_64-linux-gnu/ld-2.19.so
7f72866c6000-7f7286770000 rw-p 00000000 00:00 0 
7f7286770000-7f7286773000 ---p 00000000 00:00 0 
7f7286773000-7f7286875000 rw-p 00000000 00:00 0                          [stack:35919]
7f7286879000-7f7286880000 r--s 00000000 00:14 245                        /usr/lib/x86_64-linux-gnu/gconv/gconv-modules.cache
7f7286880000-7f728688b000 r--s 00116000 00:2b 13572443                   /home/ppginf/vdfontoura/jdk1.8.0_45/jre/lib/ext/localedata.jar
7f728688b000-7f72868a7000 r--s 00393000 00:2b 13572445                   /home/ppginf/vdfontoura/jdk1.8.0_45/jre/lib/ext/cldrdata.jar
7f72868a7000-7f72868af000 rw-s 00000000 00:16 11284345                   /tmp/hsperfdata_vdfontoura/35905
7f72868af000-7f72868b0000 rw-p 00000000 00:00 0 
7f72868b0000-7f72868b1000 ---p 00000000 00:00 0 
7f72868b1000-7f72868b3000 rw-p 00000000 00:00 0 
7f72868b3000-7f72868b4000 r--p 00022000 00:14 32                         /lib/x86_64-linux-gnu/ld-2.19.so
7f72868b4000-7f72868b5000 rw-p 00023000 00:14 32                         /lib/x86_64-linux-gnu/ld-2.19.so
7f72868b5000-7f72868b6000 rw-p 00000000 00:00 0 
7fff4f495000-7fff4f4b6000 rw-p 00000000 00:00 0                          [stack]
7fff4f4d7000-7fff4f4d9000 r--p 00000000 00:00 0                          [vvar]
7fff4f4d9000-7fff4f4db000 r-xp 00000000 00:00 0                          [vdso]
ffffffffff600000-ffffffffff601000 r-xp 00000000 00:00 0                  [vsyscall]

VM Arguments:
java_command: ../../target/NSGAIIHH.jar 1000 2500000 SinglePointCrossover,IntegerTwoPointsCrossover,MultiPointsCrossover BitFlipMutation,LoopMoveOperator,LocalMoveOperator,SegmentMutation,OppositeMoveOperator 1.0 1.0 1 1 nsgaii-result/result-5 0 0 Random HHHHHHHHHHHHPHPHPPHHPPHHPPHPPHHPPHHPPHPPHHPPHHPPHPHPHHHHHHHHHHHH false 20
java_class_path (initial): ../../target/NSGAIIHH.jar
Launcher Type: SUN_STANDARD

Environment Variables:
JAVA_HOME=/home/ppginf/vdfontoura/jdk1.8.0_45/
PATH=/home/ppginf/vdfontoura/jdk1.8.0_45//bin:/usr/local/sbin:/usr/local/bin:/usr/sbin:/usr/bin:/sbin:/bin:/usr/games:/usr/local/games:.:/home/html/inf/silvia/topicos/ferramentas/poketool/bin:/home/html/inf/silvia/topicos/ferramentas/proteum1.4.1/LINUX/bin:/home/ppginf/vdfontoura/tools/apache-maven-3.3.3/bin
SHELL=/bin/bash

Signal Handlers:
SIGSEGV: [libjvm.so+0xaad1e0], sa_mask[0]=11111111011111111101111111111110, sa_flags=SA_RESTART|SA_SIGINFO
SIGBUS: [libjvm.so+0xaad1e0], sa_mask[0]=11111111011111111101111111111110, sa_flags=SA_RESTART|SA_SIGINFO
SIGFPE: [libjvm.so+0x90b450], sa_mask[0]=11111111011111111101111111111110, sa_flags=SA_RESTART|SA_SIGINFO
SIGPIPE: [libjvm.so+0x90b450], sa_mask[0]=11111111011111111101111111111110, sa_flags=SA_RESTART|SA_SIGINFO
SIGXFSZ: [libjvm.so+0x90b450], sa_mask[0]=11111111011111111101111111111110, sa_flags=SA_RESTART|SA_SIGINFO
SIGILL: [libjvm.so+0x90b450], sa_mask[0]=11111111011111111101111111111110, sa_flags=SA_RESTART|SA_SIGINFO
SIGUSR1: SIG_DFL, sa_mask[0]=00000000000000000000000000000000, sa_flags=none
SIGUSR2: [libjvm.so+0x90ca90], sa_mask[0]=00000000000000000000000000000000, sa_flags=SA_RESTART|SA_SIGINFO
SIGHUP: SIG_IGN, sa_mask[0]=00000000000000000000000000000000, sa_flags=none
SIGINT: SIG_IGN, sa_mask[0]=00000000000000000000000000000000, sa_flags=none
SIGTERM: [libjvm.so+0x90dde0], sa_mask[0]=11111111011111111101111111111110, sa_flags=SA_RESTART|SA_SIGINFO
SIGQUIT: [libjvm.so+0x90dde0], sa_mask[0]=11111111011111111101111111111110, sa_flags=SA_RESTART|SA_SIGINFO


---------------  S Y S T E M  ---------------

OS:DISTRIB_ID=LinuxMint
DISTRIB_RELEASE=17
DISTRIB_CODENAME=qiana
DISTRIB_DESCRIPTION="Linux Mint 17 Qiana"

uname:Linux 4.0.1-kernel+ #2 SMP Wed May 6 16:11:56 BRT 2015 x86_64
libc:glibc 2.19 NPTL 2.19 
rlimit: STACK 8192k, CORE 0k, NPROC 257486, NOFILE 4096, AS infinity
load average:11,90 5,53 4,98

/proc/meminfo:
MemTotal:       65941760 kB
MemFree:         1458216 kB
MemAvailable:    1840536 kB
Buffers:               0 kB
Cached:           289100 kB
SwapCached:            0 kB
Active:         63181356 kB
Inactive:          58672 kB
Active(anon):   63023876 kB
Inactive(anon):    12640 kB
Active(file):     157480 kB
Inactive(file):    46032 kB
Unevictable:           0 kB
Mlocked:               0 kB
SwapTotal:             0 kB
SwapFree:              0 kB
Dirty:               544 kB
Writeback:             0 kB
AnonPages:      62951516 kB
Mapped:            29948 kB
Shmem:             85508 kB
Slab:             780676 kB
SReclaimable:     505820 kB
SUnreclaim:       274856 kB
KernelStack:       25488 kB
PageTables:       143544 kB
NFS_Unstable:          0 kB
Bounce:                0 kB
WritebackTmp:          0 kB
CommitLimit:    32970880 kB
Committed_AS:   110890496 kB
VmallocTotal:   34359738367 kB
VmallocUsed:      392132 kB
VmallocChunk:   34325782036 kB
HardwareCorrupted:     0 kB
AnonHugePages:         0 kB
HugePages_Total:       0
HugePages_Free:        0
HugePages_Rsvd:        0
HugePages_Surp:        0
Hugepagesize:       2048 kB
DirectMap4k:    64465548 kB
DirectMap2M:     2609152 kB
DirectMap1G:     2097152 kB


CPU:total 40 (10 cores per cpu, 2 threads per core) family 6 model 62 stepping 4, cmov, cx8, fxsr, mmx, sse, sse2, sse3, ssse3, sse4.1, sse4.2, popcnt, avx, aes, clmul, erms, ht, tsc, tscinvbit

/proc/cpuinfo:
processor	: 0
vendor_id	: GenuineIntel
cpu family	: 6
model		: 62
model name	: Intel(R) Xeon(R) CPU E5-2680 v2 @ 2.80GHz
stepping	: 4
microcode	: 0x415
cpu MHz		: 3099.906
cache size	: 25600 KB
physical id	: 0
siblings	: 20
core id		: 0
cpu cores	: 10
apicid		: 0
initial apicid	: 0
fpu		: yes
fpu_exception	: yes
cpuid level	: 13
wp		: yes
flags		: fpu vme de pse tsc msr pae mce cx8 apic sep mtrr pge mca cmov pat pse36 clflush dts acpi mmx fxsr sse sse2 ss ht tm pbe syscall nx pdpe1gb rdtscp lm constant_tsc arch_perfmon pebs bts rep_good nopl xtopology nonstop_tsc aperfmperf eagerfpu pni pclmulqdq dtes64 monitor ds_cpl vmx smx est tm2 ssse3 cx16 xtpr pdcm pcid dca sse4_1 sse4_2 x2apic popcnt tsc_deadline_timer aes xsave avx f16c rdrand lahf_lm ida arat epb pln pts dtherm tpr_shadow vnmi flexpriority ept vpid fsgsbase smep erms xsaveopt
bugs		:
bogomips	: 5600.11
clflush size	: 64
cache_alignment	: 64
address sizes	: 46 bits physical, 48 bits virtual
power management:

processor	: 1
vendor_id	: GenuineIntel
cpu family	: 6
model		: 62
model name	: Intel(R) Xeon(R) CPU E5-2680 v2 @ 2.80GHz
stepping	: 4
microcode	: 0x415
cpu MHz		: 3099.906
cache size	: 25600 KB
physical id	: 0
siblings	: 20
core id		: 1
cpu cores	: 10
apicid		: 2
initial apicid	: 2
fpu		: yes
fpu_exception	: yes
cpuid level	: 13
wp		: yes
flags		: fpu vme de pse tsc msr pae mce cx8 apic sep mtrr pge mca cmov pat pse36 clflush dts acpi mmx fxsr sse sse2 ss ht tm pbe syscall nx pdpe1gb rdtscp lm constant_tsc arch_perfmon pebs bts rep_good nopl xtopology nonstop_tsc aperfmperf eagerfpu pni pclmulqdq dtes64 monitor ds_cpl vmx smx est tm2 ssse3 cx16 xtpr pdcm pcid dca sse4_1 sse4_2 x2apic popcnt tsc_deadline_timer aes xsave avx f16c rdrand lahf_lm ida arat epb pln pts dtherm tpr_shadow vnmi flexpriority ept vpid fsgsbase smep erms xsaveopt
bugs		:
bogomips	: 5600.11
clflush size	: 64
cache_alignment	: 64
address sizes	: 46 bits physical, 48 bits virtual
power management:

processor	: 2
vendor_id	: GenuineIntel
cpu family	: 6
model		: 62
model name	: Intel(R) Xeon(R) CPU E5-2680 v2 @ 2.80GHz
stepping	: 4
microcode	: 0x415
cpu MHz		: 3099.906
cache size	: 25600 KB
physical id	: 0
siblings	: 20
core id		: 2
cpu cores	: 10
apicid		: 4
initial apicid	: 4
fpu		: yes
fpu_exception	: yes
cpuid level	: 13
wp		: yes
flags		: fpu vme de pse tsc msr pae mce cx8 apic sep mtrr pge mca cmov pat pse36 clflush dts acpi mmx fxsr sse sse2 ss ht tm pbe syscall nx pdpe1gb rdtscp lm constant_tsc arch_perfmon pebs bts rep_good nopl xtopology nonstop_tsc aperfmperf eagerfpu pni pclmulqdq dtes64 monitor ds_cpl vmx smx est tm2 ssse3 cx16 xtpr pdcm pcid dca sse4_1 sse4_2 x2apic popcnt tsc_deadline_timer aes xsave avx f16c rdrand lahf_lm ida arat epb pln pts dtherm tpr_shadow vnmi flexpriority ept vpid fsgsbase smep erms xsaveopt
bugs		:
bogomips	: 5600.11
clflush size	: 64
cache_alignment	: 64
address sizes	: 46 bits physical, 48 bits virtual
power management:

processor	: 3
vendor_id	: GenuineIntel
cpu family	: 6
model		: 62
model name	: Intel(R) Xeon(R) CPU E5-2680 v2 @ 2.80GHz
stepping	: 4
microcode	: 0x415
cpu MHz		: 3099.906
cache size	: 25600 KB
physical id	: 0
siblings	: 20
core id		: 3
cpu cores	: 10
apicid		: 6
initial apicid	: 6
fpu		: yes
fpu_exception	: yes
cpuid level	: 13
wp		: yes
flags		: fpu vme de pse tsc msr pae mce cx8 apic sep mtrr pge mca cmov pat pse36 clflush dts acpi mmx fxsr sse sse2 ss ht tm pbe syscall nx pdpe1gb rdtscp lm constant_tsc arch_perfmon pebs bts rep_good nopl xtopology nonstop_tsc aperfmperf eagerfpu pni pclmulqdq dtes64 monitor ds_cpl vmx smx est tm2 ssse3 cx16 xtpr pdcm pcid dca sse4_1 sse4_2 x2apic popcnt tsc_deadline_timer aes xsave avx f16c rdrand lahf_lm ida arat epb pln pts dtherm tpr_shadow vnmi flexpriority ept vpid fsgsbase smep erms xsaveopt
bugs		:
bogomips	: 5600.11
clflush size	: 64
cache_alignment	: 64
address sizes	: 46 bits physical, 48 bits virtual
power management:

processor	: 4
vendor_id	: GenuineIntel
cpu family	: 6
model		: 62
model name	: Intel(R) Xeon(R) CPU E5-2680 v2 @ 2.80GHz
stepping	: 4
microcode	: 0x415
cpu MHz		: 3099.906
cache size	: 25600 KB
physical id	: 0
siblings	: 20
core id		: 4
cpu cores	: 10
apicid		: 8
initial apicid	: 8
fpu		: yes
fpu_exception	: yes
cpuid level	: 13
wp		: yes
flags		: fpu vme de pse tsc msr pae mce cx8 apic sep mtrr pge mca cmov pat pse36 clflush dts acpi mmx fxsr sse sse2 ss ht tm pbe syscall nx pdpe1gb rdtscp lm constant_tsc arch_perfmon pebs bts rep_good nopl xtopology nonstop_tsc aperfmperf eagerfpu pni pclmulqdq dtes64 monitor ds_cpl vmx smx est tm2 ssse3 cx16 xtpr pdcm pcid dca sse4_1 sse4_2 x2apic popcnt tsc_deadline_timer aes xsave avx f16c rdrand lahf_lm ida arat epb pln pts dtherm tpr_shadow vnmi flexpriority ept vpid fsgsbase smep erms xsaveopt
bugs		:
bogomips	: 5600.11
clflush size	: 64
cache_alignment	: 64
address sizes	: 46 bits physical, 48 bits virtual
power management:

processor	: 5
vendor_id	: GenuineIntel
cpu family	: 6
model		: 62
model name	: Intel(R) Xeon(R) CPU E5-2680 v2 @ 2.80GHz
stepping	: 4
microcode	: 0x415
cpu MHz		: 3099.906
cache size	: 25600 KB
physical id	: 0
siblings	: 20
core id		: 8
cpu cores	: 10
apicid		: 16
initial apicid	: 16
fpu		: yes
fpu_exception	: yes
cpuid level	: 13
wp		: yes
flags		: fpu vme de pse tsc msr pae mce cx8 apic sep mtrr pge mca cmov pat pse36 clflush dts acpi mmx fxsr sse sse2 ss ht tm pbe syscall nx pdpe1gb rdtscp lm constant_tsc arch_perfmon pebs bts rep_good nopl xtopology nonstop_tsc aperfmperf eagerfpu pni pclmulqdq dtes64 monitor ds_cpl vmx smx est tm2 ssse3 cx16 xtpr pdcm pcid dca sse4_1 sse4_2 x2apic popcnt tsc_deadline_timer aes xsave avx f16c rdrand lahf_lm ida arat epb pln pts dtherm tpr_shadow vnmi flexpriority ept vpid fsgsbase smep erms xsaveopt
bugs		:
bogomips	: 5600.11
clflush size	: 64
cache_alignment	: 64
address sizes	: 46 bits physical, 48 bits virtual
power management:

processor	: 6
vendor_id	: GenuineIntel
cpu family	: 6
model		: 62
model name	: Intel(R) Xeon(R) CPU E5-2680 v2 @ 2.80GHz
stepping	: 4
microcode	: 0x415
cpu MHz		: 3099.906
cache size	: 25600 KB
physical id	: 0
siblings	: 20
core id		: 9
cpu cores	: 10
apicid		: 18
initial apicid	: 18
fpu		: yes
fpu_exception	: yes
cpuid level	: 13
wp		: yes
flags		: fpu vme de pse tsc msr pae mce cx8 apic sep mtrr pge mca cmov pat pse36 clflush dts acpi mmx fxsr sse sse2 ss ht tm pbe syscall nx pdpe1gb rdtscp lm constant_tsc arch_perfmon pebs bts rep_good nopl xtopology nonstop_tsc aperfmperf eagerfpu pni pclmulqdq dtes64 monitor ds_cpl vmx smx est tm2 ssse3 cx16 xtpr pdcm pcid dca sse4_1 sse4_2 x2apic popcnt tsc_deadline_timer aes xsave avx f16c rdrand lahf_lm ida arat epb pln pts dtherm tpr_shadow vnmi flexpriority ept vpid fsgsbase smep erms xsaveopt
bugs		:
bogomips	: 5600.11
clflush size	: 64
cache_alignment	: 64
address sizes	: 46 bits physical, 48 bits virtual
power management:

processor	: 7
vendor_id	: GenuineIntel
cpu family	: 6
model		: 62
model name	: Intel(R) Xeon(R) CPU E5-2680 v2 @ 2.80GHz
stepping	: 4
microcode	: 0x415
cpu MHz		: 3099.906
cache size	: 25600 KB
physical id	: 0
siblings	: 20
core id		: 10
cpu cores	: 10
apicid		: 20
initial apicid	: 20
fpu		: yes
fpu_exception	: yes
cpuid level	: 13
wp		: yes
flags		: fpu vme de pse tsc msr pae mce cx8 apic sep mtrr pge mca cmov pat pse36 clflush dts acpi mmx fxsr sse sse2 ss ht tm pbe syscall nx pdpe1gb rdtscp lm constant_tsc arch_perfmon pebs bts rep_good nopl xtopology nonstop_tsc aperfmperf eagerfpu pni pclmulqdq dtes64 monitor ds_cpl vmx smx est tm2 ssse3 cx16 xtpr pdcm pcid dca sse4_1 sse4_2 x2apic popcnt tsc_deadline_timer aes xsave avx f16c rdrand lahf_lm ida arat epb pln pts dtherm tpr_shadow vnmi flexpriority ept vpid fsgsbase smep erms xsaveopt
bugs		:
bogomips	: 5600.11
clflush size	: 64
cache_alignment	: 64
address sizes	: 46 bits physical, 48 bits virtual
power management:

processor	: 8
vendor_id	: GenuineIntel
cpu family	: 6
model		: 62
model name	: Intel(R) Xeon(R) CPU E5-2680 v2 @ 2.80GHz
stepping	: 4
microcode	: 0x415
cpu MHz		: 3099.906
cache size	: 25600 KB
physical id	: 0
siblings	: 20
core id		: 11
cpu cores	: 10
apicid		: 22
initial apicid	: 22
fpu		: yes
fpu_exception	: yes
cpuid level	: 13
wp		: yes
flags		: fpu vme de pse tsc msr pae mce cx8 apic sep mtrr pge mca cmov pat pse36 clflush dts acpi mmx fxsr sse sse2 ss ht tm pbe syscall nx pdpe1gb rdtscp lm constant_tsc arch_perfmon pebs bts rep_good nopl xtopology nonstop_tsc aperfmperf eagerfpu pni pclmulqdq dtes64 monitor ds_cpl vmx smx est tm2 ssse3 cx16 xtpr pdcm pcid dca sse4_1 sse4_2 x2apic popcnt tsc_deadline_timer aes xsave avx f16c rdrand lahf_lm ida arat epb pln pts dtherm tpr_shadow vnmi flexpriority ept vpid fsgsbase smep erms xsaveopt
bugs		:
bogomips	: 5600.11
clflush size	: 64
cache_alignment	: 64
address sizes	: 46 bits physical, 48 bits virtual
power management:

processor	: 9
vendor_id	: GenuineIntel
cpu family	: 6
model		: 62
model name	: Intel(R) Xeon(R) CPU E5-2680 v2 @ 2.80GHz
stepping	: 4
microcode	: 0x415
cpu MHz		: 3099.906
cache size	: 25600 KB
physical id	: 0
siblings	: 20
core id		: 12
cpu cores	: 10
apicid		: 24
initial apicid	: 24
fpu		: yes
fpu_exception	: yes
cpuid level	: 13
wp		: yes
flags		: fpu vme de pse tsc msr pae mce cx8 apic sep mtrr pge mca cmov pat pse36 clflush dts acpi mmx fxsr sse sse2 ss ht tm pbe syscall nx pdpe1gb rdtscp lm constant_tsc arch_perfmon pebs bts rep_good nopl xtopology nonstop_tsc aperfmperf eagerfpu pni pclmulqdq dtes64 monitor ds_cpl vmx smx est tm2 ssse3 cx16 xtpr pdcm pcid dca sse4_1 sse4_2 x2apic popcnt tsc_deadline_timer aes xsave avx f16c rdrand lahf_lm ida arat epb pln pts dtherm tpr_shadow vnmi flexpriority ept vpid fsgsbase smep erms xsaveopt
bugs		:
bogomips	: 5600.11
clflush size	: 64
cache_alignment	: 64
address sizes	: 46 bits physical, 48 bits virtual
power management:

processor	: 10
vendor_id	: GenuineIntel
cpu family	: 6
model		: 62
model name	: Intel(R) Xeon(R) CPU E5-2680 v2 @ 2.80GHz
stepping	: 4
microcode	: 0x415
cpu MHz		: 3099.906
cache size	: 25600 KB
physical id	: 1
siblings	: 20
core id		: 0
cpu cores	: 10
apicid		: 32
initial apicid	: 32
fpu		: yes
fpu_exception	: yes
cpuid level	: 13
wp		: yes
flags		: fpu vme de pse tsc msr pae mce cx8 apic sep mtrr pge mca cmov pat pse36 clflush dts acpi mmx fxsr sse sse2 ss ht tm pbe syscall nx pdpe1gb rdtscp lm constant_tsc arch_perfmon pebs bts rep_good nopl xtopology nonstop_tsc aperfmperf eagerfpu pni pclmulqdq dtes64 monitor ds_cpl vmx smx est tm2 ssse3 cx16 xtpr pdcm pcid dca sse4_1 sse4_2 x2apic popcnt tsc_deadline_timer aes xsave avx f16c rdrand lahf_lm ida arat epb pln pts dtherm tpr_shadow vnmi flexpriority ept vpid fsgsbase smep erms xsaveopt
bugs		:
bogomips	: 5601.80
clflush size	: 64
cache_alignment	: 64
address sizes	: 46 bits physical, 48 bits virtual
power management:

processor	: 11
vendor_id	: GenuineIntel
cpu family	: 6
model		: 62
model name	: Intel(R) Xeon(R) CPU E5-2680 v2 @ 2.80GHz
stepping	: 4
microcode	: 0x415
cpu MHz		: 3099.906
cache size	: 25600 KB
physical id	: 1
siblings	: 20
core id		: 1
cpu cores	: 10
apicid		: 34
initial apicid	: 34
fpu		: yes
fpu_exception	: yes
cpuid level	: 13
wp		: yes
flags		: fpu vme de pse tsc msr pae mce cx8 apic sep mtrr pge mca cmov pat pse36 clflush dts acpi mmx fxsr sse sse2 ss ht tm pbe syscall nx pdpe1gb rdtscp lm constant_tsc arch_perfmon pebs bts rep_good nopl xtopology nonstop_tsc aperfmperf eagerfpu pni pclmulqdq dtes64 monitor ds_cpl vmx smx est tm2 ssse3 cx16 xtpr pdcm pcid dca sse4_1 sse4_2 x2apic popcnt tsc_deadline_timer aes xsave avx f16c rdrand lahf_lm ida arat epb pln pts dtherm tpr_shadow vnmi flexpriority ept vpid fsgsbase smep erms xsaveopt
bugs		:
bogomips	: 5601.80
clflush size	: 64
cache_alignment	: 64
address sizes	: 46 bits physical, 48 bits virtual
power management:

processor	: 12
vendor_id	: GenuineIntel
cpu family	: 6
model		: 62
model name	: Intel(R) Xeon(R) CPU E5-2680 v2 @ 2.80GHz
stepping	: 4
microcode	: 0x415
cpu MHz		: 3100.125
cache size	: 25600 KB
physical id	: 1
siblings	: 20
core id		: 2
cpu cores	: 10
apicid		: 36
initial apicid	: 36
fpu		: yes
fpu_exception	: yes
cpuid level	: 13
wp		: yes
flags		: fpu vme de pse tsc msr pae mce cx8 apic sep mtrr pge mca cmov pat pse36 clflush dts acpi mmx fxsr sse sse2 ss ht tm pbe syscall nx pdpe1gb rdtscp lm constant_tsc arch_perfmon pebs bts rep_good nopl xtopology nonstop_tsc aperfmperf eagerfpu pni pclmulqdq dtes64 monitor ds_cpl vmx smx est tm2 ssse3 cx16 xtpr pdcm pcid dca sse4_1 sse4_2 x2apic popcnt tsc_deadline_timer aes xsave avx f16c rdrand lahf_lm ida arat epb pln pts dtherm tpr_shadow vnmi flexpriority ept vpid fsgsbase smep erms xsaveopt
bugs		:
bogomips	: 5601.80
clflush size	: 64
cache_alignment	: 64
address sizes	: 46 bits physical, 48 bits virtual
power management:

processor	: 13
vendor_id	: GenuineIntel
cpu family	: 6
model		: 62
model name	: Intel(R) Xeon(R) CPU E5-2680 v2 @ 2.80GHz
stepping	: 4
microcode	: 0x415
cpu MHz		: 3099.906
cache size	: 25600 KB
physical id	: 1
siblings	: 20
core id		: 3
cpu cores	: 10
apicid		: 38
initial apicid	: 38
fpu		: yes
fpu_exception	: yes
cpuid level	: 13
wp		: yes
flags		: fpu vme de pse tsc msr pae mce cx8 apic sep mtrr pge mca cmov pat pse36 clflush dts acpi mmx fxsr sse sse2 ss ht tm pbe syscall nx pdpe1gb rdtscp lm constant_tsc arch_perfmon pebs bts rep_good nopl xtopology nonstop_tsc aperfmperf eagerfpu pni pclmulqdq dtes64 monitor ds_cpl vmx smx est tm2 ssse3 cx16 xtpr pdcm pcid dca sse4_1 sse4_2 x2apic popcnt tsc_deadline_timer aes xsave avx f16c rdrand lahf_lm ida arat epb pln pts dtherm tpr_shadow vnmi flexpriority ept vpid fsgsbase smep erms xsaveopt
bugs		:
bogomips	: 5601.80
clflush size	: 64
cache_alignment	: 64
address sizes	: 46 bits physical, 48 bits virtual
power management:

processor	: 14
vendor_id	: GenuineIntel
cpu family	: 6
model		: 62
model name	: Intel(R) Xeon(R) CPU E5-2680 v2 @ 2.80GHz
stepping	: 4
microcode	: 0x415
cpu MHz		: 3099.906
cache size	: 25600 KB
physical id	: 1
siblings	: 20
core id		: 4
cpu cores	: 10
apicid		: 40
initial apicid	: 40
fpu		: yes
fpu_exception	: yes
cpuid level	: 13
wp		: yes
flags		: fpu vme de pse tsc msr pae mce cx8 apic sep mtrr pge mca cmov pat pse36 clflush dts acpi mmx fxsr sse sse2 ss ht tm pbe syscall nx pdpe1gb rdtscp lm constant_tsc arch_perfmon pebs bts rep_good nopl xtopology nonstop_tsc aperfmperf eagerfpu pni pclmulqdq dtes64 monitor ds_cpl vmx smx est tm2 ssse3 cx16 xtpr pdcm pcid dca sse4_1 sse4_2 x2apic popcnt tsc_deadline_timer aes xsave avx f16c rdrand lahf_lm ida arat epb pln pts dtherm tpr_shadow vnmi flexpriority ept vpid fsgsbase smep erms xsaveopt
bugs		:
bogomips	: 5601.80
clflush size	: 64
cache_alignment	: 64
address sizes	: 46 bits physical, 48 bits virtual
power management:

processor	: 15
vendor_id	: GenuineIntel
cpu family	: 6
model		: 62
model name	: Intel(R) Xeon(R) CPU E5-2680 v2 @ 2.80GHz
stepping	: 4
microcode	: 0x415
cpu MHz		: 3099.906
cache size	: 25600 KB
physical id	: 1
siblings	: 20
core id		: 8
cpu cores	: 10
apicid		: 48
initial apicid	: 48
fpu		: yes
fpu_exception	: yes
cpuid level	: 13
wp		: yes
flags		: fpu vme de pse tsc msr pae mce cx8 apic sep mtrr pge mca cmov pat pse36 clflush dts acpi mmx fxsr sse sse2 ss ht tm pbe syscall nx pdpe1gb rdtscp lm constant_tsc arch_perfmon pebs bts rep_good nopl xtopology nonstop_tsc aperfmperf eagerfpu pni pclmulqdq dtes64 monitor ds_cpl vmx smx est tm2 ssse3 cx16 xtpr pdcm pcid dca sse4_1 sse4_2 x2apic popcnt tsc_deadline_timer aes xsave avx f16c rdrand lahf_lm ida arat epb pln pts dtherm tpr_shadow vnmi flexpriority ept vpid fsgsbase smep erms xsaveopt
bugs		:
bogomips	: 5601.80
clflush size	: 64
cache_alignment	: 64
address sizes	: 46 bits physical, 48 bits virtual
power management:

processor	: 16
vendor_id	: GenuineIntel
cpu family	: 6
model		: 62
model name	: Intel(R) Xeon(R) CPU E5-2680 v2 @ 2.80GHz
stepping	: 4
microcode	: 0x415
cpu MHz		: 3099.906
cache size	: 25600 KB
physical id	: 1
siblings	: 20
core id		: 9
cpu cores	: 10
apicid		: 50
initial apicid	: 50
fpu		: yes
fpu_exception	: yes
cpuid level	: 13
wp		: yes
flags		: fpu vme de pse tsc msr pae mce cx8 apic sep mtrr pge mca cmov pat pse36 clflush dts acpi mmx fxsr sse sse2 ss ht tm pbe syscall nx pdpe1gb rdtscp lm constant_tsc arch_perfmon pebs bts rep_good nopl xtopology nonstop_tsc aperfmperf eagerfpu pni pclmulqdq dtes64 monitor ds_cpl vmx smx est tm2 ssse3 cx16 xtpr pdcm pcid dca sse4_1 sse4_2 x2apic popcnt tsc_deadline_timer aes xsave avx f16c rdrand lahf_lm ida arat epb pln pts dtherm tpr_shadow vnmi flexpriority ept vpid fsgsbase smep erms xsaveopt
bugs		:
bogomips	: 5601.80
clflush size	: 64
cache_alignment	: 64
address sizes	: 46 bits physical, 48 bits virtual
power management:

processor	: 17
vendor_id	: GenuineIntel
cpu family	: 6
model		: 62
model name	: Intel(R) Xeon(R) CPU E5-2680 v2 @ 2.80GHz
stepping	: 4
microcode	: 0x415
cpu MHz		: 3099.906
cache size	: 25600 KB
physical id	: 1
siblings	: 20
core id		: 10
cpu cores	: 10
apicid		: 52
initial apicid	: 52
fpu		: yes
fpu_exception	: yes
cpuid level	: 13
wp		: yes
flags		: fpu vme de pse tsc msr pae mce cx8 apic sep mtrr pge mca cmov pat pse36 clflush dts acpi mmx fxsr sse sse2 ss ht tm pbe syscall nx pdpe1gb rdtscp lm constant_tsc arch_perfmon pebs bts rep_good nopl xtopology nonstop_tsc aperfmperf eagerfpu pni pclmulqdq dtes64 monitor ds_cpl vmx smx est tm2 ssse3 cx16 xtpr pdcm pcid dca sse4_1 sse4_2 x2apic popcnt tsc_deadline_timer aes xsave avx f16c rdrand lahf_lm ida arat epb pln pts dtherm tpr_shadow vnmi flexpriority ept vpid fsgsbase smep erms xsaveopt
bugs		:
bogomips	: 5601.80
clflush size	: 64
cache_alignment	: 64
address sizes	: 46 bits physical, 48 bits virtual
power management:

processor	: 18
vendor_id	: GenuineIntel
cpu family	: 6
model		: 62
model name	: Intel(R) Xeon(R) CPU E5-2680 v2 @ 2.80GHz
stepping	: 4
microcode	: 0x415
cpu MHz		: 3099.906
cache size	: 25600 KB
physical id	: 1
siblings	: 20
core id		: 11
cpu cores	: 10
apicid		: 54
initial apicid	: 54
fpu		: yes
fpu_exception	: yes
cpuid level	: 13
wp		: yes
flags		: fpu vme de pse tsc msr pae mce cx8 apic sep mtrr pge mca cmov pat pse36 clflush dts acpi mmx fxsr sse sse2 ss ht tm pbe syscall nx pdpe1gb rdtscp lm constant_tsc arch_perfmon pebs bts rep_good nopl xtopology nonstop_tsc aperfmperf eagerfpu pni pclmulqdq dtes64 monitor ds_cpl vmx smx est tm2 ssse3 cx16 xtpr pdcm pcid dca sse4_1 sse4_2 x2apic popcnt tsc_deadline_timer aes xsave avx f16c rdrand lahf_lm ida arat epb pln pts dtherm tpr_shadow vnmi flexpriority ept vpid fsgsbase smep erms xsaveopt
bugs		:
bogomips	: 5601.80
clflush size	: 64
cache_alignment	: 64
address sizes	: 46 bits physical, 48 bits virtual
power management:

processor	: 19
vendor_id	: GenuineIntel
cpu family	: 6
model		: 62
model name	: Intel(R) Xeon(R) CPU E5-2680 v2 @ 2.80GHz
stepping	: 4
microcode	: 0x415
cpu MHz		: 3099.906
cache size	: 25600 KB
physical id	: 1
siblings	: 20
core id		: 12
cpu cores	: 10
apicid		: 56
initial apicid	: 56
fpu		: yes
fpu_exception	: yes
cpuid level	: 13
wp		: yes
flags		: fpu vme de pse tsc msr pae mce cx8 apic sep mtrr pge mca cmov pat pse36 clflush dts acpi mmx fxsr sse sse2 ss ht tm pbe syscall nx pdpe1gb rdtscp lm constant_tsc arch_perfmon pebs bts rep_good nopl xtopology nonstop_tsc aperfmperf eagerfpu pni pclmulqdq dtes64 monitor ds_cpl vmx smx est tm2 ssse3 cx16 xtpr pdcm pcid dca sse4_1 sse4_2 x2apic popcnt tsc_deadline_timer aes xsave avx f16c rdrand lahf_lm ida arat epb pln pts dtherm tpr_shadow vnmi flexpriority ept vpid fsgsbase smep erms xsaveopt
bugs		:
bogomips	: 5601.80
clflush size	: 64
cache_alignment	: 64
address sizes	: 46 bits physical, 48 bits virtual
power management:

processor	: 20
vendor_id	: GenuineIntel
cpu family	: 6
model		: 62
model name	: Intel(R) Xeon(R) CPU E5-2680 v2 @ 2.80GHz
stepping	: 4
microcode	: 0x415
cpu MHz		: 3099.906
cache size	: 25600 KB
physical id	: 0
siblings	: 20
core id		: 0
cpu cores	: 10
apicid		: 1
initial apicid	: 1
fpu		: yes
fpu_exception	: yes
cpuid level	: 13
wp		: yes
flags		: fpu vme de pse tsc msr pae mce cx8 apic sep mtrr pge mca cmov pat pse36 clflush dts acpi mmx fxsr sse sse2 ss ht tm pbe syscall nx pdpe1gb rdtscp lm constant_tsc arch_perfmon pebs bts rep_good nopl xtopology nonstop_tsc aperfmperf eagerfpu pni pclmulqdq dtes64 monitor ds_cpl vmx smx est tm2 ssse3 cx16 xtpr pdcm pcid dca sse4_1 sse4_2 x2apic popcnt tsc_deadline_timer aes xsave avx f16c rdrand lahf_lm ida arat epb pln pts dtherm tpr_shadow vnmi flexpriority ept vpid fsgsbase smep erms xsaveopt
bugs		:
bogomips	: 5600.11
clflush size	: 64
cache_alignment	: 64
address sizes	: 46 bits physical, 48 bits virtual
power management:

processor	: 21
vendor_id	: GenuineIntel
cpu family	: 6
model		: 62
model name	: Intel(R) Xeon(R) CPU E5-2680 v2 @ 2.80GHz
stepping	: 4
microcode	: 0x415
cpu MHz		: 3099.906
cache size	: 25600 KB
physical id	: 0
siblings	: 20
core id		: 1
cpu cores	: 10
apicid		: 3
initial apicid	: 3
fpu		: yes
fpu_exception	: yes
cpuid level	: 13
wp		: yes
flags		: fpu vme de pse tsc msr pae mce cx8 apic sep mtrr pge mca cmov pat pse36 clflush dts acpi mmx fxsr sse sse2 ss ht tm pbe syscall nx pdpe1gb rdtscp lm constant_tsc arch_perfmon pebs bts rep_good nopl xtopology nonstop_tsc aperfmperf eagerfpu pni pclmulqdq dtes64 monitor ds_cpl vmx smx est tm2 ssse3 cx16 xtpr pdcm pcid dca sse4_1 sse4_2 x2apic popcnt tsc_deadline_timer aes xsave avx f16c rdrand lahf_lm ida arat epb pln pts dtherm tpr_shadow vnmi flexpriority ept vpid fsgsbase smep erms xsaveopt
bugs		:
bogomips	: 5600.11
clflush size	: 64
cache_alignment	: 64
address sizes	: 46 bits physical, 48 bits virtual
power management:

processor	: 22
vendor_id	: GenuineIntel
cpu family	: 6
model		: 62
model name	: Intel(R) Xeon(R) CPU E5-2680 v2 @ 2.80GHz
stepping	: 4
microcode	: 0x415
cpu MHz		: 3099.906
cache size	: 25600 KB
physical id	: 0
siblings	: 20
core id		: 2
cpu cores	: 10
apicid		: 5
initial apicid	: 5
fpu		: yes
fpu_exception	: yes
cpuid level	: 13
wp		: yes
flags		: fpu vme de pse tsc msr pae mce cx8 apic sep mtrr pge mca cmov pat pse36 clflush dts acpi mmx fxsr sse sse2 ss ht tm pbe syscall nx pdpe1gb rdtscp lm constant_tsc arch_perfmon pebs bts rep_good nopl xtopology nonstop_tsc aperfmperf eagerfpu pni pclmulqdq dtes64 monitor ds_cpl vmx smx est tm2 ssse3 cx16 xtpr pdcm pcid dca sse4_1 sse4_2 x2apic popcnt tsc_deadline_timer aes xsave avx f16c rdrand lahf_lm ida arat epb pln pts dtherm tpr_shadow vnmi flexpriority ept vpid fsgsbase smep erms xsaveopt
bugs		:
bogomips	: 5600.11
clflush size	: 64
cache_alignment	: 64
address sizes	: 46 bits physical, 48 bits virtual
power management:

processor	: 23
vendor_id	: GenuineIntel
cpu family	: 6
model		: 62
model name	: Intel(R) Xeon(R) CPU E5-2680 v2 @ 2.80GHz
stepping	: 4
microcode	: 0x415
cpu MHz		: 3099.906
cache size	: 25600 KB
physical id	: 0
siblings	: 20
core id		: 3
cpu cores	: 10
apicid		: 7
initial apicid	: 7
fpu		: yes
fpu_exception	: yes
cpuid level	: 13
wp		: yes
flags		: fpu vme de pse tsc msr pae mce cx8 apic sep mtrr pge mca cmov pat pse36 clflush dts acpi mmx fxsr sse sse2 ss ht tm pbe syscall nx pdpe1gb rdtscp lm constant_tsc arch_perfmon pebs bts rep_good nopl xtopology nonstop_tsc aperfmperf eagerfpu pni pclmulqdq dtes64 monitor ds_cpl vmx smx est tm2 ssse3 cx16 xtpr pdcm pcid dca sse4_1 sse4_2 x2apic popcnt tsc_deadline_timer aes xsave avx f16c rdrand lahf_lm ida arat epb pln pts dtherm tpr_shadow vnmi flexpriority ept vpid fsgsbase smep erms xsaveopt
bugs		:
bogomips	: 5600.11
clflush size	: 64
cache_alignment	: 64
address sizes	: 46 bits physical, 48 bits virtual
power management:

processor	: 24
vendor_id	: GenuineIntel
cpu family	: 6
model		: 62
model name	: Intel(R) Xeon(R) CPU E5-2680 v2 @ 2.80GHz
stepping	: 4
microcode	: 0x415
cpu MHz		: 3099.906
cache size	: 25600 KB
physical id	: 0
siblings	: 20
core id		: 4
cpu cores	: 10
apicid		: 9
initial apicid	: 9
fpu		: yes
fpu_exception	: yes
cpuid level	: 13
wp		: yes
flags		: fpu vme de pse tsc msr pae mce cx8 apic sep mtrr pge mca cmov pat pse36 clflush dts acpi mmx fxsr sse sse2 ss ht tm pbe syscall nx pdpe1gb rdtscp lm constant_tsc arch_perfmon pebs bts rep_good nopl xtopology nonstop_tsc aperfmperf eagerfpu pni pclmulqdq dtes64 monitor ds_cpl vmx smx est tm2 ssse3 cx16 xtpr pdcm pcid dca sse4_1 sse4_2 x2apic popcnt tsc_deadline_timer aes xsave avx f16c rdrand lahf_lm ida arat epb pln pts dtherm tpr_shadow vnmi flexpriority ept vpid fsgsbase smep erms xsaveopt
bugs		:
bogomips	: 5600.11
clflush size	: 64
cache_alignment	: 64
address sizes	: 46 bits physical, 48 bits virtual
power management:

processor	: 25
vendor_id	: GenuineIntel
cpu family	: 6
model		: 62
model name	: Intel(R) Xeon(R) CPU E5-2680 v2 @ 2.80GHz
stepping	: 4
microcode	: 0x415
cpu MHz		: 3099.906
cache size	: 25600 KB
physical id	: 0
siblings	: 20
core id		: 8
cpu cores	: 10
apicid		: 17
initial apicid	: 17
fpu		: yes
fpu_exception	: yes
cpuid level	: 13
wp		: yes
flags		: fpu vme de pse tsc msr pae mce cx8 apic sep mtrr pge mca cmov pat pse36 clflush dts acpi mmx fxsr sse sse2 ss ht tm pbe syscall nx pdpe1gb rdtscp lm constant_tsc arch_perfmon pebs bts rep_good nopl xtopology nonstop_tsc aperfmperf eagerfpu pni pclmulqdq dtes64 monitor ds_cpl vmx smx est tm2 ssse3 cx16 xtpr pdcm pcid dca sse4_1 sse4_2 x2apic popcnt tsc_deadline_timer aes xsave avx f16c rdrand lahf_lm ida arat epb pln pts dtherm tpr_shadow vnmi flexpriority ept vpid fsgsbase smep erms xsaveopt
bugs		:
bogomips	: 5600.11
clflush size	: 64
cache_alignment	: 64
address sizes	: 46 bits physical, 48 bits virtual
power management:

processor	: 26
vendor_id	: GenuineIntel
cpu family	: 6
model		: 62
model name	: Intel(R) Xeon(R) CPU E5-2680 v2 @ 2.80GHz
stepping	: 4
microcode	: 0x415
cpu MHz		: 3099.906
cache size	: 25600 KB
physical id	: 0
siblings	: 20
core id		: 9
cpu cores	: 10
apicid		: 19
initial apicid	: 19
fpu		: yes
fpu_exception	: yes
cpuid level	: 13
wp		: yes
flags		: fpu vme de pse tsc msr pae mce cx8 apic sep mtrr pge mca cmov pat pse36 clflush dts acpi mmx fxsr sse sse2 ss ht tm pbe syscall nx pdpe1gb rdtscp lm constant_tsc arch_perfmon pebs bts rep_good nopl xtopology nonstop_tsc aperfmperf eagerfpu pni pclmulqdq dtes64 monitor ds_cpl vmx smx est tm2 ssse3 cx16 xtpr pdcm pcid dca sse4_1 sse4_2 x2apic popcnt tsc_deadline_timer aes xsave avx f16c rdrand lahf_lm ida arat epb pln pts dtherm tpr_shadow vnmi flexpriority ept vpid fsgsbase smep erms xsaveopt
bugs		:
bogomips	: 5600.11
clflush size	: 64
cache_alignment	: 64
address sizes	: 46 bits physical, 48 bits virtual
power management:

processor	: 27
vendor_id	: GenuineIntel
cpu family	: 6
model		: 62
model name	: Intel(R) Xeon(R) CPU E5-2680 v2 @ 2.80GHz
stepping	: 4
microcode	: 0x415
cpu MHz		: 3099.906
cache size	: 25600 KB
physical id	: 0
siblings	: 20
core id		: 10
cpu cores	: 10
apicid		: 21
initial apicid	: 21
fpu		: yes
fpu_exception	: yes
cpuid level	: 13
wp		: yes
flags		: fpu vme de pse tsc msr pae mce cx8 apic sep mtrr pge mca cmov pat pse36 clflush dts acpi mmx fxsr sse sse2 ss ht tm pbe syscall nx pdpe1gb rdtscp lm constant_tsc arch_perfmon pebs bts rep_good nopl xtopology nonstop_tsc aperfmperf eagerfpu pni pclmulqdq dtes64 monitor ds_cpl vmx smx est tm2 ssse3 cx16 xtpr pdcm pcid dca sse4_1 sse4_2 x2apic popcnt tsc_deadline_timer aes xsave avx f16c rdrand lahf_lm ida arat epb pln pts dtherm tpr_shadow vnmi flexpriority ept vpid fsgsbase smep erms xsaveopt
bugs		:
bogomips	: 5600.11
clflush size	: 64
cache_alignment	: 64
address sizes	: 46 bits physical, 48 bits virtual
power management:

processor	: 28
vendor_id	: GenuineIntel
cpu family	: 6
model		: 62
model name	: Intel(R) Xeon(R) CPU E5-2680 v2 @ 2.80GHz
stepping	: 4
microcode	: 0x415
cpu MHz		: 3099.906
cache size	: 25600 KB
physical id	: 0
siblings	: 20
core id		: 11
cpu cores	: 10
apicid		: 23
initial apicid	: 23
fpu		: yes
fpu_exception	: yes
cpuid level	: 13
wp		: yes
flags		: fpu vme de pse tsc msr pae mce cx8 apic sep mtrr pge mca cmov pat pse36 clflush dts acpi mmx fxsr sse sse2 ss ht tm pbe syscall nx pdpe1gb rdtscp lm constant_tsc arch_perfmon pebs bts rep_good nopl xtopology nonstop_tsc aperfmperf eagerfpu pni pclmulqdq dtes64 monitor ds_cpl vmx smx est tm2 ssse3 cx16 xtpr pdcm pcid dca sse4_1 sse4_2 x2apic popcnt tsc_deadline_timer aes xsave avx f16c rdrand lahf_lm ida arat epb pln pts dtherm tpr_shadow vnmi flexpriority ept vpid fsgsbase smep erms xsaveopt
bugs		:
bogomips	: 5600.11
clflush size	: 64
cache_alignment	: 64
address sizes	: 46 bits physical, 48 bits virtual
power management:

processor	: 29
vendor_id	: GenuineIntel
cpu family	: 6
model		: 62
model name	: Intel(R) Xeon(R) CPU E5-2680 v2 @ 2.80GHz
stepping	: 4
microcode	: 0x415
cpu MHz		: 3099.906
cache size	: 25600 KB
physical id	: 0
siblings	: 20
core id		: 12
cpu cores	: 10
apicid		: 25
initial apicid	: 25
fpu		: yes
fpu_exception	: yes
cpuid level	: 13
wp		: yes
flags		: fpu vme de pse tsc msr pae mce cx8 apic sep mtrr pge mca cmov pat pse36 clflush dts acpi mmx fxsr sse sse2 ss ht tm pbe syscall nx pdpe1gb rdtscp lm constant_tsc arch_perfmon pebs bts rep_good nopl xtopology nonstop_tsc aperfmperf eagerfpu pni pclmulqdq dtes64 monitor ds_cpl vmx smx est tm2 ssse3 cx16 xtpr pdcm pcid dca sse4_1 sse4_2 x2apic popcnt tsc_deadline_timer aes xsave avx f16c rdrand lahf_lm ida arat epb pln pts dtherm tpr_shadow vnmi flexpriority ept vpid fsgsbase smep erms xsaveopt
bugs		:
bogomips	: 5600.11
clflush size	: 64
cache_alignment	: 64
address sizes	: 46 bits physical, 48 bits virtual
power management:

processor	: 30
vendor_id	: GenuineIntel
cpu family	: 6
model		: 62
model name	: Intel(R) Xeon(R) CPU E5-2680 v2 @ 2.80GHz
stepping	: 4
microcode	: 0x415
cpu MHz		: 3099.906
cache size	: 25600 KB
physical id	: 1
siblings	: 20
core id		: 0
cpu cores	: 10
apicid		: 33
initial apicid	: 33
fpu		: yes
fpu_exception	: yes
cpuid level	: 13
wp		: yes
flags		: fpu vme de pse tsc msr pae mce cx8 apic sep mtrr pge mca cmov pat pse36 clflush dts acpi mmx fxsr sse sse2 ss ht tm pbe syscall nx pdpe1gb rdtscp lm constant_tsc arch_perfmon pebs bts rep_good nopl xtopology nonstop_tsc aperfmperf eagerfpu pni pclmulqdq dtes64 monitor ds_cpl vmx smx est tm2 ssse3 cx16 xtpr pdcm pcid dca sse4_1 sse4_2 x2apic popcnt tsc_deadline_timer aes xsave avx f16c rdrand lahf_lm ida arat epb pln pts dtherm tpr_shadow vnmi flexpriority ept vpid fsgsbase smep erms xsaveopt
bugs		:
bogomips	: 5601.80
clflush size	: 64
cache_alignment	: 64
address sizes	: 46 bits physical, 48 bits virtual
power management:

processor	: 31
vendor_id	: GenuineIntel
cpu family	: 6
model		: 62
model name	: Intel(R) Xeon(R) CPU E5-2680 v2 @ 2.80GHz
stepping	: 4
microcode	: 0x415
cpu MHz		: 3099.906
cache size	: 25600 KB
physical id	: 1
siblings	: 20
core id		: 1
cpu cores	: 10
apicid		: 35
initial apicid	: 35
fpu		: yes
fpu_exception	: yes
cpuid level	: 13
wp		: yes
flags		: fpu vme de pse tsc msr pae mce cx8 apic sep mtrr pge mca cmov pat pse36 clflush dts acpi mmx fxsr sse sse2 ss ht tm pbe syscall nx pdpe1gb rdtscp lm constant_tsc arch_perfmon pebs bts rep_good nopl xtopology nonstop_tsc aperfmperf eagerfpu pni pclmulqdq dtes64 monitor ds_cpl vmx smx est tm2 ssse3 cx16 xtpr pdcm pcid dca sse4_1 sse4_2 x2apic popcnt tsc_deadline_timer aes xsave avx f16c rdrand lahf_lm ida arat epb pln pts dtherm tpr_shadow vnmi flexpriority ept vpid fsgsbase smep erms xsaveopt
bugs		:
bogomips	: 5601.80
clflush size	: 64
cache_alignment	: 64
address sizes	: 46 bits physical, 48 bits virtual
power management:

processor	: 32
vendor_id	: GenuineIntel
cpu family	: 6
model		: 62
model name	: Intel(R) Xeon(R) CPU E5-2680 v2 @ 2.80GHz
stepping	: 4
microcode	: 0x415
cpu MHz		: 3100.015
cache size	: 25600 KB
physical id	: 1
siblings	: 20
core id		: 2
cpu cores	: 10
apicid		: 37
initial apicid	: 37
fpu		: yes
fpu_exception	: yes
cpuid level	: 13
wp		: yes
flags		: fpu vme de pse tsc msr pae mce cx8 apic sep mtrr pge mca cmov pat pse36 clflush dts acpi mmx fxsr sse sse2 ss ht tm pbe syscall nx pdpe1gb rdtscp lm constant_tsc arch_perfmon pebs bts rep_good nopl xtopology nonstop_tsc aperfmperf eagerfpu pni pclmulqdq dtes64 monitor ds_cpl vmx smx est tm2 ssse3 cx16 xtpr pdcm pcid dca sse4_1 sse4_2 x2apic popcnt tsc_deadline_timer aes xsave avx f16c rdrand lahf_lm ida arat epb pln pts dtherm tpr_shadow vnmi flexpriority ept vpid fsgsbase smep erms xsaveopt
bugs		:
bogomips	: 5601.80
clflush size	: 64
cache_alignment	: 64
address sizes	: 46 bits physical, 48 bits virtual
power management:

processor	: 33
vendor_id	: GenuineIntel
cpu family	: 6
model		: 62
model name	: Intel(R) Xeon(R) CPU E5-2680 v2 @ 2.80GHz
stepping	: 4
microcode	: 0x415
cpu MHz		: 3099.906
cache size	: 25600 KB
physical id	: 1
siblings	: 20
core id		: 3
cpu cores	: 10
apicid		: 39
initial apicid	: 39
fpu		: yes
fpu_exception	: yes
cpuid level	: 13
wp		: yes
flags		: fpu vme de pse tsc msr pae mce cx8 apic sep mtrr pge mca cmov pat pse36 clflush dts acpi mmx fxsr sse sse2 ss ht tm pbe syscall nx pdpe1gb rdtscp lm constant_tsc arch_perfmon pebs bts rep_good nopl xtopology nonstop_tsc aperfmperf eagerfpu pni pclmulqdq dtes64 monitor ds_cpl vmx smx est tm2 ssse3 cx16 xtpr pdcm pcid dca sse4_1 sse4_2 x2apic popcnt tsc_deadline_timer aes xsave avx f16c rdrand lahf_lm ida arat epb pln pts dtherm tpr_shadow vnmi flexpriority ept vpid fsgsbase smep erms xsaveopt
bugs		:
bogomips	: 5601.80
clflush size	: 64
cache_alignment	: 64
address sizes	: 46 bits physical, 48 bits virtual
power management:

processor	: 34
vendor_id	: GenuineIntel
cpu family	: 6
model		: 62
model name	: Intel(R) Xeon(R) CPU E5-2680 v2 @ 2.80GHz
stepping	: 4
microcode	: 0x415
cpu MHz		: 3099.906
cache size	: 25600 KB
physical id	: 1
siblings	: 20
core id		: 4
cpu cores	: 10
apicid		: 41
initial apicid	: 41
fpu		: yes
fpu_exception	: yes
cpuid level	: 13
wp		: yes
flags		: fpu vme de pse tsc msr pae mce cx8 apic sep mtrr pge mca cmov pat pse36 clflush dts acpi mmx fxsr sse sse2 ss ht tm pbe syscall nx pdpe1gb rdtscp lm constant_tsc arch_perfmon pebs bts rep_good nopl xtopology nonstop_tsc aperfmperf eagerfpu pni pclmulqdq dtes64 monitor ds_cpl vmx smx est tm2 ssse3 cx16 xtpr pdcm pcid dca sse4_1 sse4_2 x2apic popcnt tsc_deadline_timer aes xsave avx f16c rdrand lahf_lm ida arat epb pln pts dtherm tpr_shadow vnmi flexpriority ept vpid fsgsbase smep erms xsaveopt
bugs		:
bogomips	: 5601.80
clflush size	: 64
cache_alignment	: 64
address sizes	: 46 bits physical, 48 bits virtual
power management:

processor	: 35
vendor_id	: GenuineIntel
cpu family	: 6
model		: 62
model name	: Intel(R) Xeon(R) CPU E5-2680 v2 @ 2.80GHz
stepping	: 4
microcode	: 0x415
cpu MHz		: 3099.906
cache size	: 25600 KB
physical id	: 1
siblings	: 20
core id		: 8
cpu cores	: 10
apicid		: 49
initial apicid	: 49
fpu		: yes
fpu_exception	: yes
cpuid level	: 13
wp		: yes
flags		: fpu vme de pse tsc msr pae mce cx8 apic sep mtrr pge mca cmov pat pse36 clflush dts acpi mmx fxsr sse sse2 ss ht tm pbe syscall nx pdpe1gb rdtscp lm constant_tsc arch_perfmon pebs bts rep_good nopl xtopology nonstop_tsc aperfmperf eagerfpu pni pclmulqdq dtes64 monitor ds_cpl vmx smx est tm2 ssse3 cx16 xtpr pdcm pcid dca sse4_1 sse4_2 x2apic popcnt tsc_deadline_timer aes xsave avx f16c rdrand lahf_lm ida arat epb pln pts dtherm tpr_shadow vnmi flexpriority ept vpid fsgsbase smep erms xsaveopt
bugs		:
bogomips	: 5601.80
clflush size	: 64
cache_alignment	: 64
address sizes	: 46 bits physical, 48 bits virtual
power management:

processor	: 36
vendor_id	: GenuineIntel
cpu family	: 6
model		: 62
model name	: Intel(R) Xeon(R) CPU E5-2680 v2 @ 2.80GHz
stepping	: 4
microcode	: 0x415
cpu MHz		: 3099.906
cache size	: 25600 KB
physical id	: 1
siblings	: 20
core id		: 9
cpu cores	: 10
apicid		: 51
initial apicid	: 51
fpu		: yes
fpu_exception	: yes
cpuid level	: 13
wp		: yes
flags		: fpu vme de pse tsc msr pae mce cx8 apic sep mtrr pge mca cmov pat pse36 clflush dts acpi mmx fxsr sse sse2 ss ht tm pbe syscall nx pdpe1gb rdtscp lm constant_tsc arch_perfmon pebs bts rep_good nopl xtopology nonstop_tsc aperfmperf eagerfpu pni pclmulqdq dtes64 monitor ds_cpl vmx smx est tm2 ssse3 cx16 xtpr pdcm pcid dca sse4_1 sse4_2 x2apic popcnt tsc_deadline_timer aes xsave avx f16c rdrand lahf_lm ida arat epb pln pts dtherm tpr_shadow vnmi flexpriority ept vpid fsgsbase smep erms xsaveopt
bugs		:
bogomips	: 5601.80
clflush size	: 64
cache_alignment	: 64
address sizes	: 46 bits physical, 48 bits virtual
power management:

processor	: 37
vendor_id	: GenuineIntel
cpu family	: 6
model		: 62
model name	: Intel(R) Xeon(R) CPU E5-2680 v2 @ 2.80GHz
stepping	: 4
microcode	: 0x415
cpu MHz		: 3099.906
cache size	: 25600 KB
physical id	: 1
siblings	: 20
core id		: 10
cpu cores	: 10
apicid		: 53
initial apicid	: 53
fpu		: yes
fpu_exception	: yes
cpuid level	: 13
wp		: yes
flags		: fpu vme de pse tsc msr pae mce cx8 apic sep mtrr pge mca cmov pat pse36 clflush dts acpi mmx fxsr sse sse2 ss ht tm pbe syscall nx pdpe1gb rdtscp lm constant_tsc arch_perfmon pebs bts rep_good nopl xtopology nonstop_tsc aperfmperf eagerfpu pni pclmulqdq dtes64 monitor ds_cpl vmx smx est tm2 ssse3 cx16 xtpr pdcm pcid dca sse4_1 sse4_2 x2apic popcnt tsc_deadline_timer aes xsave avx f16c rdrand lahf_lm ida arat epb pln pts dtherm tpr_shadow vnmi flexpriority ept vpid fsgsbase smep erms xsaveopt
bugs		:
bogomips	: 5601.80
clflush size	: 64
cache_alignment	: 64
address sizes	: 46 bits physical, 48 bits virtual
power management:

processor	: 38
vendor_id	: GenuineIntel
cpu family	: 6
model		: 62
model name	: Intel(R) Xeon(R) CPU E5-2680 v2 @ 2.80GHz
stepping	: 4
microcode	: 0x415
cpu MHz		: 3099.906
cache size	: 25600 KB
physical id	: 1
siblings	: 20
core id		: 11
cpu cores	: 10
apicid		: 55
initial apicid	: 55
fpu		: yes
fpu_exception	: yes
cpuid level	: 13
wp		: yes
flags		: fpu vme de pse tsc msr pae mce cx8 apic sep mtrr pge mca cmov pat pse36 clflush dts acpi mmx fxsr sse sse2 ss ht tm pbe syscall nx pdpe1gb rdtscp lm constant_tsc arch_perfmon pebs bts rep_good nopl xtopology nonstop_tsc aperfmperf eagerfpu pni pclmulqdq dtes64 monitor ds_cpl vmx smx est tm2 ssse3 cx16 xtpr pdcm pcid dca sse4_1 sse4_2 x2apic popcnt tsc_deadline_timer aes xsave avx f16c rdrand lahf_lm ida arat epb pln pts dtherm tpr_shadow vnmi flexpriority ept vpid fsgsbase smep erms xsaveopt
bugs		:
bogomips	: 5601.80
clflush size	: 64
cache_alignment	: 64
address sizes	: 46 bits physical, 48 bits virtual
power management:

processor	: 39
vendor_id	: GenuineIntel
cpu family	: 6
model		: 62
model name	: Intel(R) Xeon(R) CPU E5-2680 v2 @ 2.80GHz
stepping	: 4
microcode	: 0x415
cpu MHz		: 3099.906
cache size	: 25600 KB
physical id	: 1
siblings	: 20
core id		: 12
cpu cores	: 10
apicid		: 57
initial apicid	: 57
fpu		: yes
fpu_exception	: yes
cpuid level	: 13
wp		: yes
flags		: fpu vme de pse tsc msr pae mce cx8 apic sep mtrr pge mca cmov pat pse36 clflush dts acpi mmx fxsr sse sse2 ss ht tm pbe syscall nx pdpe1gb rdtscp lm constant_tsc arch_perfmon pebs bts rep_good nopl xtopology nonstop_tsc aperfmperf eagerfpu pni pclmulqdq dtes64 monitor ds_cpl vmx smx est tm2 ssse3 cx16 xtpr pdcm pcid dca sse4_1 sse4_2 x2apic popcnt tsc_deadline_timer aes xsave avx f16c rdrand lahf_lm ida arat epb pln pts dtherm tpr_shadow vnmi flexpriority ept vpid fsgsbase smep erms xsaveopt
bugs		:
bogomips	: 5601.80
clflush size	: 64
cache_alignment	: 64
address sizes	: 46 bits physical, 48 bits virtual
power management:



Memory: 4k page, physical 65941760k(1458216k free), swap 0k(0k free)

vm_info: Java HotSpot(TM) 64-Bit Server VM (25.45-b02) for linux-amd64 JRE (1.8.0_45-b14), built on Apr 10 2015 10:07:45 by "java_re" with gcc 4.3.0 20080428 (Red Hat 4.3.0-8)

time: Mon Dec 21 01:37:02 2015
elapsed time: 17 seconds (0d 0h 0m 17s)

