Algorithm configured with: 
Pop: 1000
CrP: 1.0
MtP: 1.0
List of crossover: 
SinglePointCrossover
IntegerTwoPointsCrossover
MultiPointsCrossover
List of mutations: 
BitFlipMutation
LoopMoveOperator
LocalMoveOperator
SegmentMutation
OppositeMoveOperator
Execution: 1
Generation: 0; 
d: 20.248456731316587; energy: -12.0; 1,1,0,1,1,2,2,0,2,2,2,0,2,1,1,1,1,2,1,0,2,2,0,2,1,0,2,1,1,0,2,2,0,2,0,0,2,2,0,0,0,0,1,2,2,1,1,1,2,1,1,2,0,1,1,0,0,2,1,0,2,2,1,1,0,2,1,2,1,2,1,1,0,0,2,1,1,0,0,2,2,1,2,0,0,2,2,1,2,0,2,1,0,0,2,0,0
Best fitness found so far: -12.0; distance: 20.248456731316587
Generation: 1; 
d: 22.80350850198276; energy: -23.0; 2,2,0,1,2,2,2,2,2,1,2,0,2,0,2,2,2,1,2,0,0,0,1,2,1,1,1,0,2,2,2,2,1,2,0,0,0,2,2,1,1,2,0,0,2,2,1,2,1,2,1,1,0,0,2,0,0,0,2,1,2,2,2,0,1,1,1,0,0,0,1,1,0,1,1,2,0,1,1,0,0,2,2,1,0,0,2,1,2,1,0,2,2,0,0,1,2
Best fitness found so far: -23.0; distance: 22.80350850198276
Generation: 2; 
d: 16.1245154965971; energy: -24.0; 0,1,1,2,2,0,1,0,2,2,2,0,0,1,2,0,0,2,2,0,2,1,2,2,1,0,1,0,0,1,0,1,1,0,2,0,1,2,1,0,0,0,2,2,0,0,1,0,2,2,0,0,0,0,1,0,0,2,1,0,0,1,1,2,2,1,1,1,1,2,2,2,0,2,2,1,1,2,2,2,1,1,1,2,2,2,1,1,2,0,0,2,0,0,0,2,2
Best fitness found so far: -24.0; distance: 16.1245154965971
Generation: 3; 
d: 16.1245154965971; energy: -24.0; 0,1,1,2,2,0,1,0,2,2,2,0,0,1,2,0,0,2,2,0,2,1,2,2,1,0,1,0,0,1,0,1,1,0,2,0,1,2,1,0,0,0,2,2,0,0,1,0,2,2,0,0,0,0,1,0,0,2,1,0,0,1,1,2,2,1,1,1,1,2,2,2,0,2,2,1,1,2,2,2,1,1,1,2,2,2,1,1,2,0,0,2,0,0,0,2,2
Best fitness found so far: -24.0; distance: 16.1245154965971
Generation: 4; 
d: 17.11724276862369; energy: -24.0; 0,1,2,1,0,2,2,0,1,1,0,0,0,2,1,0,2,1,0,1,1,1,2,2,1,2,1,2,1,1,0,2,0,0,1,0,0,0,1,0,0,2,0,2,2,1,0,1,0,1,0,1,2,1,1,2,1,2,2,2,0,1,2,2,2,1,2,2,2,0,2,0,2,1,1,1,2,2,1,2,2,1,2,1,2,0,1,2,2,2,1,0,0,1,0,2,0
Best fitness found so far: -24.0; distance: 16.1245154965971
Generation: 5; 
d: 17.11724276862369; energy: -24.0; 0,1,2,1,0,2,2,0,1,1,0,0,0,2,1,0,2,1,0,1,1,1,2,2,1,2,1,2,1,1,0,2,0,0,1,0,0,0,1,0,0,2,0,2,2,1,0,1,0,1,0,1,2,1,1,2,1,2,2,2,0,1,2,2,2,1,2,2,2,0,2,0,2,1,1,1,2,2,1,2,2,1,2,1,2,0,1,2,2,2,1,0,0,1,0,2,0
Best fitness found so far: -24.0; distance: 16.1245154965971
Generation: 6; 
d: 21.840329667841555; energy: -23.0; 2,2,0,1,2,2,2,2,2,1,2,0,2,0,2,2,2,1,2,0,0,0,1,2,1,1,1,0,2,2,2,2,1,2,0,0,0,2,2,1,1,2,0,0,2,2,1,2,1,2,1,1,0,0,2,0,0,0,2,1,2,2,2,0,1,1,1,0,0,0,1,1,0,1,1,2,0,1,1,0,0,2,2,1,0,0,2,1,2,1,0,2,2,0,0,2,2
Best fitness found so far: -24.0; distance: 16.1245154965971
Generation: 7; 
d: 17.69180601295413; energy: -22.0; 0,0,0,2,1,2,0,0,1,2,2,2,1,1,1,2,1,0,0,1,1,2,0,1,2,1,0,1,1,1,0,1,1,0,2,0,1,2,1,2,1,2,1,2,1,2,1,0,2,2,1,0,0,0,1,0,0,2,1,0,0,0,1,0,1,2,0,1,1,2,2,2,0,2,2,1,1,2,2,2,1,1,1,0,0,0,2,0,1,1,0,0,0,2,1,2,0
Best fitness found so far: -24.0; distance: 16.1245154965971
Generation: 8; 
d: 22.825424421026653; energy: -24.0; 2,1,0,2,1,1,2,2,0,0,1,1,0,1,0,2,0,1,1,0,1,1,2,2,0,1,2,2,1,0,2,0,2,1,0,2,2,1,2,1,2,1,0,1,2,1,0,1,0,0,2,2,1,0,1,2,0,0,1,0,1,2,2,1,0,2,1,1,2,1,0,1,1,2,2,1,0,0,0,2,0,2,2,0,0,2,2,1,0,1,1,2,0,1,0,0,0
Best fitness found so far: -24.0; distance: 16.1245154965971
Generation: 9; 
d: 22.825424421026653; energy: -24.0; 2,1,0,2,1,1,2,2,0,0,1,1,0,1,0,2,0,1,1,0,1,1,2,2,0,1,2,2,1,0,2,0,2,1,0,2,2,1,2,1,2,1,0,1,2,1,0,1,0,0,2,2,1,0,1,2,0,0,1,0,1,2,2,1,0,2,1,1,2,1,0,1,1,2,2,1,0,0,0,2,0,2,2,0,0,2,2,1,0,1,1,2,0,1,0,0,0
Best fitness found so far: -24.0; distance: 16.1245154965971
Generation: 10; 
d: 23.706539182259394; energy: -24.0; 0,1,1,2,2,2,2,2,0,1,0,2,2,2,2,2,1,1,2,0,2,1,2,2,0,2,0,0,0,0,2,2,0,1,0,1,0,1,0,1,0,0,2,0,2,2,1,1,1,0,0,0,0,0,2,2,2,0,0,0,0,2,2,2,2,1,1,0,0,2,1,2,0,1,2,0,0,2,2,0,2,1,1,0,1,2,2,1,1,1,0,0,0,1,2,2,1
Best fitness found so far: -24.0; distance: 16.1245154965971
Generation: 11; 
d: 23.706539182259394; energy: -24.0; 0,1,1,2,2,2,2,2,0,1,0,2,2,2,2,2,1,1,2,0,2,1,2,2,0,2,0,0,0,0,2,2,0,1,0,1,0,1,0,1,0,0,2,0,2,2,1,1,1,0,0,0,0,0,2,2,2,0,0,0,0,2,2,2,2,1,1,0,0,2,1,2,0,1,2,0,0,2,2,0,2,1,1,0,1,2,2,1,1,1,0,0,0,1,2,2,1
Best fitness found so far: -24.0; distance: 16.1245154965971
Generation: 12; 
d: 19.235384061671343; energy: -24.0; 0,1,2,1,0,2,2,0,1,1,0,0,0,2,1,0,2,1,0,1,1,1,2,2,1,2,1,2,1,1,0,2,0,0,1,0,0,0,1,0,0,2,0,2,2,1,0,1,0,1,0,1,2,1,1,2,1,2,2,2,0,1,2,2,2,1,2,2,2,0,2,0,2,1,1,1,2,2,1,2,2,1,2,1,2,1,1,0,2,2,1,0,2,1,1,0,2
Best fitness found so far: -24.0; distance: 16.1245154965971
Generation: 13; 
d: 19.235384061671343; energy: -24.0; 0,1,2,1,0,2,2,0,1,1,0,0,0,2,1,0,2,1,0,1,1,1,2,2,1,2,1,2,1,1,0,2,0,0,1,0,0,0,1,0,0,2,0,2,2,1,0,1,0,1,0,1,2,1,1,2,1,2,2,2,0,1,2,2,2,1,2,2,2,0,2,0,2,1,1,1,2,2,1,2,2,1,2,1,2,1,1,0,2,2,1,0,2,1,1,0,2
Best fitness found so far: -24.0; distance: 16.1245154965971
Generation: 14; 
d: 15.652475842498529; energy: -26.0; 2,0,0,1,2,1,0,2,1,1,0,2,2,1,2,0,1,2,2,1,0,0,2,0,0,2,2,0,1,2,2,1,0,1,0,1,0,2,0,1,1,2,0,1,2,1,0,0,1,2,0,2,2,2,2,0,0,0,2,2,1,2,0,1,1,0,2,2,0,1,0,1,0,1,1,2,2,0,0,1,2,2,1,0,0,1,2,2,1,0,0,1,2,0,1,2,0
Best fitness found so far: -26.0; distance: 15.652475842498529
Generation: 15; 
d: 15.652475842498529; energy: -26.0; 2,0,0,1,2,1,0,2,1,1,0,2,2,1,2,0,1,2,2,1,0,0,2,0,0,2,2,0,1,2,2,1,0,1,0,1,0,2,0,1,1,2,0,1,2,1,0,0,1,2,0,2,2,2,2,0,0,0,2,2,1,2,0,1,1,0,2,2,0,1,0,1,0,1,1,2,2,0,0,1,2,2,1,0,0,1,2,2,1,0,0,1,2,0,1,2,0
Best fitness found so far: -26.0; distance: 15.652475842498529
Generation: 16; 
d: 18.439088914585774; energy: -26.0; 2,2,0,1,2,2,2,2,2,1,2,0,2,0,2,2,2,1,2,0,0,0,1,2,1,1,1,0,2,2,2,2,1,2,0,0,0,2,2,1,1,2,0,0,2,2,1,2,1,2,1,1,0,0,2,0,0,0,2,1,2,2,2,0,1,1,1,0,0,0,1,1,0,1,1,2,0,2,0,0,2,0,1,2,2,1,0,2,1,2,0,0,2,0,0,2,1
Best fitness found so far: -26.0; distance: 15.652475842498529
Generation: 17; 
d: 18.439088914585774; energy: -26.0; 2,2,0,1,2,2,2,2,2,1,2,0,2,0,2,2,2,1,2,0,0,0,1,2,1,1,1,0,2,2,2,2,1,2,0,0,0,2,2,1,1,2,0,0,2,2,1,2,1,2,1,1,0,0,2,0,0,0,2,1,2,2,2,0,1,1,1,0,0,0,1,1,0,1,1,2,0,2,0,0,2,0,1,2,2,1,0,2,1,2,0,0,2,0,0,2,1
Best fitness found so far: -26.0; distance: 15.652475842498529
Generation: 18; 
d: 22.090722034374522; energy: -24.0; 0,0,0,2,1,2,0,0,1,2,2,2,1,1,1,2,1,0,0,1,2,0,1,0,0,2,2,1,2,1,1,2,1,1,0,0,2,1,0,2,1,0,2,2,1,2,2,2,0,0,2,1,2,2,2,2,1,1,2,2,2,0,0,2,0,0,1,2,0,2,2,2,0,0,1,1,1,0,0,1,2,2,0,1,1,0,2,0,2,0,2,2,1,0,0,2,2
Best fitness found so far: -26.0; distance: 15.652475842498529
Generation: 19; 
d: 19.4164878389476; energy: -24.0; 0,1,1,0,1,2,0,0,2,2,2,0,2,0,0,1,0,2,2,0,2,2,0,1,2,1,2,2,0,1,0,1,0,2,0,2,0,0,2,1,2,2,0,0,2,1,0,1,0,0,2,2,1,0,1,2,0,0,1,0,1,2,2,1,0,2,1,1,1,0,2,0,2,2,2,1,0,0,0,2,0,2,2,0,0,2,2,1,0,1,1,2,0,1,0,0,0
Best fitness found so far: -26.0; distance: 15.652475842498529
Generation: 20; 
d: 23.53720459187964; energy: -24.0; 1,0,1,1,0,0,2,2,2,1,2,0,2,0,2,2,2,1,2,0,0,0,1,2,1,1,1,0,2,2,2,2,1,2,0,0,0,2,2,1,1,2,0,0,2,2,1,2,1,2,1,1,0,0,2,0,0,0,2,1,2,2,2,0,1,1,1,0,0,0,1,1,0,1,1,2,0,1,1,0,0,2,2,1,0,0,2,1,2,1,0,2,2,0,0,1,2
Best fitness found so far: -26.0; distance: 15.652475842498529
Generation: 21; 
d: 15.231546211727817; energy: -24.0; 2,0,1,2,1,2,2,1,1,2,2,0,0,1,2,0,0,2,2,0,2,1,2,2,1,0,1,0,0,1,0,1,1,0,2,0,1,2,1,0,0,0,2,2,0,0,1,0,2,2,0,0,0,0,1,0,0,2,1,0,0,1,1,2,2,1,1,1,1,2,2,2,0,2,2,1,1,2,2,2,1,1,1,2,2,2,1,1,2,0,0,2,0,0,0,0,0
Best fitness found so far: -26.0; distance: 15.652475842498529
Generation: 22; 
d: 14.422205101855956; energy: -25.0; 0,0,2,1,2,1,0,0,1,2,0,2,0,0,1,2,0,0,1,2,2,1,0,2,2,1,2,2,1,1,0,1,0,2,1,0,0,0,0,2,0,1,2,2,1,1,0,1,0,0,2,2,1,0,1,2,0,0,1,0,1,2,2,1,0,2,1,0,0,0,0,2,2,2,0,2,0,1,0,0,1,2,0,1,2,2,1,0,1,2,1,0,1,1,1,2,1
Best fitness found so far: -26.0; distance: 15.652475842498529
Generation: 23; 
d: 14.422205101855956; energy: -25.0; 0,0,2,1,2,1,0,0,1,2,0,2,0,0,1,2,0,0,1,2,2,1,0,2,2,1,2,2,1,1,0,1,0,2,1,0,0,0,0,2,0,1,2,2,1,1,0,1,0,0,2,2,1,0,1,2,0,0,1,0,1,2,2,1,0,2,1,0,0,0,0,2,2,2,0,2,0,1,0,0,1,2,0,1,2,2,1,0,1,2,1,0,1,1,1,2,1
Best fitness found so far: -26.0; distance: 15.652475842498529
Generation: 24; 
d: 16.1245154965971; energy: -24.0; 0,1,1,2,2,0,1,0,2,2,2,0,0,1,2,0,0,2,2,0,2,1,2,2,1,0,1,0,0,1,0,1,1,0,2,0,1,2,1,0,0,0,2,2,0,0,1,0,2,2,0,0,0,0,1,0,0,2,1,0,0,1,1,2,2,1,1,1,1,2,2,2,0,2,2,1,1,2,2,2,1,1,1,2,2,2,1,1,2,0,0,2,0,0,0,2,2
Best fitness found so far: -26.0; distance: 15.652475842498529
Generation: 25; 
d: 20.8806130178211; energy: -24.0; 0,0,0,2,1,2,0,0,1,2,2,2,1,1,1,2,1,0,0,1,2,0,1,0,0,2,2,1,2,1,1,2,1,1,0,0,2,1,0,2,1,0,2,2,1,2,2,2,0,0,2,1,2,2,2,2,1,1,2,2,2,0,0,2,0,0,1,2,0,2,2,2,0,0,1,1,1,0,0,1,2,2,0,1,1,0,2,0,2,0,2,0,0,2,0,2,2
Best fitness found so far: -26.0; distance: 15.652475842498529
Generation: 26; 
d: 18.110770276274835; energy: -25.0; 0,0,1,1,2,1,0,0,1,1,0,0,0,2,1,0,2,1,0,1,1,1,2,2,1,2,1,2,1,1,0,2,0,0,1,0,0,0,1,0,0,2,0,2,2,1,0,1,0,1,0,1,2,1,1,2,1,2,2,2,0,1,2,2,2,1,2,2,2,0,2,0,2,1,1,1,2,2,1,2,2,1,2,1,2,1,1,0,2,2,1,0,1,1,1,2,1
Best fitness found so far: -26.0; distance: 15.652475842498529
Generation: 27; 
d: 15.524174696260024; energy: -25.0; 0,1,1,2,2,0,1,0,2,2,2,0,0,1,2,0,0,2,2,0,2,1,2,2,1,0,1,0,0,1,0,1,1,0,2,0,1,2,1,0,0,0,2,2,0,0,1,0,2,2,0,0,0,0,1,0,0,2,1,0,0,1,1,2,2,1,1,1,1,2,2,2,0,2,2,1,1,2,2,2,0,1,0,0,1,0,2,0,2,1,0,1,0,2,0,2,1
Best fitness found so far: -26.0; distance: 15.652475842498529
Generation: 28; 
d: 15.524174696260024; energy: -25.0; 0,1,1,2,2,0,1,0,2,2,2,0,0,1,2,0,0,2,2,0,2,1,2,2,1,0,1,0,0,1,0,1,1,0,2,0,1,2,1,0,0,0,2,2,0,0,1,0,2,2,0,0,0,0,1,0,0,2,1,0,0,1,1,2,2,1,1,1,1,2,2,2,0,2,2,1,1,2,2,2,0,1,0,0,1,0,2,0,2,1,0,1,0,2,0,2,1
Best fitness found so far: -26.0; distance: 15.652475842498529
Generation: 29; 
d: 24.20743687382041; energy: -25.0; 0,2,1,0,0,0,0,1,0,1,1,1,1,2,0,2,0,1,2,0,0,2,0,0,1,2,2,0,2,2,0,0,2,2,1,1,1,1,2,2,0,0,0,2,2,0,2,2,0,0,1,1,0,0,2,0,0,0,2,1,2,2,0,1,2,1,0,0,0,2,2,2,0,0,1,0,2,2,0,1,2,1,2,2,0,1,0,2,2,0,0,1,1,0,1,0,0
Best fitness found so far: -26.0; distance: 15.652475842498529
Generation: 30; 
d: 18.439088914585774; energy: -27.0; 0,1,2,2,0,0,2,1,2,0,0,1,2,2,1,0,1,0,0,2,1,1,2,2,1,2,1,2,1,1,0,2,0,0,1,0,0,0,1,0,0,2,0,2,2,1,0,1,0,1,0,1,2,1,1,2,1,2,2,2,0,1,2,2,2,1,2,2,2,0,2,0,2,1,1,1,2,2,1,2,2,1,2,1,2,1,1,0,2,2,1,0,2,1,1,0,2
Best fitness found so far: -27.0; distance: 18.439088914585774
Generation: 31; 
d: 18.439088914585774; energy: -27.0; 0,1,2,2,0,0,2,1,2,0,0,1,2,2,1,0,1,0,0,2,1,1,2,2,1,2,1,2,1,1,0,2,0,0,1,0,0,0,1,0,0,2,0,2,2,1,0,1,0,1,0,1,2,1,1,2,1,2,2,2,0,1,2,2,2,1,2,2,2,0,2,0,2,1,1,1,2,2,1,2,2,1,2,1,2,1,1,0,2,2,1,0,2,1,1,0,2
Best fitness found so far: -27.0; distance: 18.439088914585774
Generation: 32; 
d: 25.553864678361276; energy: -25.0; 0,2,1,0,0,0,0,1,0,1,1,1,1,2,0,2,0,1,2,0,0,2,0,0,1,2,2,0,2,2,0,0,2,2,1,1,1,1,2,2,0,0,0,2,2,0,2,2,0,0,1,1,0,0,2,0,0,0,2,1,2,0,1,2,1,0,2,0,2,2,2,0,2,0,0,1,1,2,2,1,2,0,0,0,1,0,0,0,2,2,1,1,2,2,0,0,0
Best fitness found so far: -27.0; distance: 18.439088914585774
Generation: 33; 
d: 13.45362404707371; energy: -29.0; 1,1,2,0,0,2,0,0,0,1,0,2,1,1,2,0,2,2,0,2,2,1,2,2,1,2,1,2,1,1,0,2,0,0,1,0,0,0,1,0,0,2,0,2,2,1,0,1,0,1,0,1,2,1,1,2,1,2,2,2,0,1,2,2,2,1,2,2,2,0,2,0,2,1,1,1,2,2,1,2,2,1,2,1,2,1,1,0,2,2,1,0,0,1,0,0,2
Best fitness found so far: -29.0; distance: 13.45362404707371
Generation: 34; 
d: 13.45362404707371; energy: -29.0; 1,1,2,0,0,2,0,0,0,1,0,2,1,1,2,0,2,2,0,2,2,1,2,2,1,2,1,2,1,1,0,2,0,0,1,0,0,0,1,0,0,2,0,2,2,1,0,1,0,1,0,1,2,1,1,2,1,2,2,2,0,1,2,2,2,1,2,2,2,0,2,0,2,1,1,1,2,2,1,2,2,1,2,1,2,1,1,0,2,2,1,0,0,1,0,0,2
Best fitness found so far: -29.0; distance: 13.45362404707371
Generation: 35; 
d: 22.02271554554524; energy: -26.0; 2,1,0,2,1,1,2,2,0,0,1,1,0,1,0,2,0,1,1,0,1,1,2,2,0,1,2,2,1,0,2,0,2,1,0,2,2,1,2,1,2,1,0,1,2,1,0,1,0,0,2,2,1,0,1,2,0,0,1,0,1,2,2,1,0,2,1,1,2,1,0,1,1,2,2,1,0,0,0,2,0,2,1,0,0,1,2,1,2,2,1,0,0,0,0,1,0
Best fitness found so far: -29.0; distance: 13.45362404707371
Generation: 36; 
d: 22.02271554554524; energy: -26.0; 2,1,0,2,1,1,2,2,0,0,1,1,0,1,0,2,0,1,1,0,1,1,2,2,0,1,2,2,1,0,2,0,2,1,0,2,2,1,2,1,2,1,0,1,2,1,0,1,0,0,2,2,1,0,1,2,0,0,1,0,1,2,2,1,0,2,1,1,2,1,0,1,1,2,2,1,0,0,0,2,0,2,1,0,0,1,2,1,2,2,1,0,0,0,0,1,0
Best fitness found so far: -29.0; distance: 13.45362404707371
Generation: 37; 
d: 19.72308292331602; energy: -26.0; 2,1,0,2,1,1,2,2,0,0,1,0,2,2,1,1,2,0,1,1,0,1,2,2,1,0,0,1,2,0,0,1,1,2,1,1,0,0,0,0,2,0,2,0,1,2,0,2,2,1,2,0,0,2,1,2,0,0,0,2,0,0,1,1,2,2,1,0,0,0,2,2,1,1,2,1,1,2,0,0,2,0,0,1,1,2,2,1,1,0,2,2,0,2,1,2,0
Best fitness found so far: -29.0; distance: 13.45362404707371
Generation: 38; 
d: 15.620499351813308; energy: -29.0; 1,1,2,0,0,2,0,0,0,1,0,2,1,1,2,0,2,2,0,2,2,1,2,2,1,2,1,2,1,1,0,2,0,0,1,0,0,0,1,0,0,2,0,2,2,1,0,1,0,1,0,1,2,1,1,2,1,2,2,2,0,1,2,2,2,1,2,2,2,0,2,0,2,1,1,1,2,2,1,2,2,1,2,1,2,1,1,0,2,2,1,0,2,0,2,2,1
Best fitness found so far: -29.0; distance: 13.45362404707371
Generation: 39; 
d: 15.620499351813308; energy: -29.0; 1,1,2,0,0,2,0,0,0,1,0,2,1,1,2,0,2,2,0,2,2,1,2,2,1,2,1,2,1,1,0,2,0,0,1,0,0,0,1,0,0,2,0,2,2,1,0,1,0,1,0,1,2,1,1,2,1,2,2,2,0,1,2,2,2,1,2,2,2,0,2,0,2,1,1,1,2,2,1,2,2,1,2,1,2,1,1,0,2,2,1,0,2,0,2,2,1
Best fitness found so far: -29.0; distance: 13.45362404707371
Generation: 40; 
d: 15.0; energy: -29.0; 1,1,0,2,2,1,2,1,1,1,0,0,1,1,2,2,2,0,0,0,2,2,1,2,1,1,1,2,1,2,2,1,0,0,1,2,0,0,2,2,2,2,2,2,2,2,2,0,2,2,1,0,0,0,1,0,0,2,1,0,0,0,2,0,0,1,2,1,2,2,2,0,2,1,1,1,2,2,1,2,2,1,2,1,2,1,0,1,0,1,1,2,1,2,1,1,2
Best fitness found so far: -29.0; distance: 13.45362404707371
Generation: 41; 
d: 15.0; energy: -29.0; 1,1,0,2,2,1,2,1,1,1,0,0,1,1,2,2,2,0,0,0,2,2,1,2,1,1,1,2,1,2,2,1,0,0,1,2,0,0,2,2,2,2,2,2,2,2,2,0,2,2,1,0,0,0,1,0,0,2,1,0,0,0,2,0,0,1,2,1,2,2,2,0,2,1,1,1,2,2,1,2,2,1,2,1,2,1,0,1,0,1,1,2,1,2,1,1,2
Best fitness found so far: -29.0; distance: 13.45362404707371
Generation: 42; 
d: 16.15549442140351; energy: -27.0; 2,2,1,0,2,1,2,2,0,0,2,1,2,0,2,2,2,1,2,0,0,0,1,2,1,1,1,0,2,2,2,2,1,2,0,0,0,2,2,1,1,2,0,0,2,2,1,2,1,2,1,1,0,0,2,0,0,0,2,1,2,2,2,0,1,1,1,0,0,0,1,1,0,1,1,2,0,2,0,0,2,0,1,2,2,1,0,2,1,2,0,0,2,0,0,2,1
Best fitness found so far: -29.0; distance: 13.45362404707371
Generation: 43; 
d: 13.601470508735444; energy: -29.0; 1,1,2,0,0,2,0,0,0,1,0,2,1,1,2,0,2,2,0,2,2,1,2,2,1,2,1,2,1,1,0,2,0,0,1,0,0,0,1,0,0,2,0,2,2,1,0,1,0,1,0,1,2,1,1,2,1,2,2,2,0,1,2,2,2,1,2,2,2,0,2,0,2,1,1,1,2,2,1,2,2,1,2,1,2,0,1,0,1,0,2,2,0,2,1,2,2
Best fitness found so far: -29.0; distance: 13.45362404707371
Generation: 44; 
d: 13.601470508735444; energy: -29.0; 1,1,2,0,0,2,0,0,0,1,0,2,1,1,2,0,2,2,0,2,2,1,2,2,1,2,1,2,1,1,0,2,0,0,1,0,0,0,1,0,0,2,0,2,2,1,0,1,0,1,0,1,2,1,1,2,1,2,2,2,0,1,2,2,2,1,2,2,2,0,2,0,2,1,1,1,2,2,1,2,2,1,2,1,2,0,1,0,1,0,2,2,0,2,1,2,2
Best fitness found so far: -29.0; distance: 13.45362404707371
Generation: 45; 
d: 14.866068747318506; energy: -28.0; 1,1,0,2,2,1,2,1,1,1,0,0,1,1,2,2,2,0,0,0,2,2,1,2,1,1,1,2,1,2,2,1,0,0,1,2,0,0,2,2,2,2,2,2,2,2,2,0,2,2,1,0,0,0,1,0,0,2,1,0,0,0,2,1,0,2,2,1,0,1,1,1,0,2,0,0,2,2,0,0,2,2,0,0,1,1,1,0,2,0,1,2,0,1,0,2,0
Best fitness found so far: -29.0; distance: 13.45362404707371
Generation: 46; 
d: 14.7648230602334; energy: -27.0; 1,0,0,2,0,2,1,2,2,0,1,0,0,2,0,1,2,2,1,0,2,2,0,2,1,2,1,2,1,1,0,2,0,0,1,0,0,0,1,0,0,2,0,2,2,1,0,1,0,1,0,1,2,1,1,2,1,2,2,2,0,1,2,2,2,1,2,2,2,0,2,0,2,1,1,1,2,2,1,2,2,0,1,2,2,1,2,1,1,2,2,0,0,0,0,2,0
Best fitness found so far: -29.0; distance: 13.45362404707371
Generation: 47; 
d: 14.7648230602334; energy: -27.0; 1,0,0,2,0,2,1,2,2,0,1,0,0,2,0,1,2,2,1,0,2,2,0,2,1,2,1,2,1,1,0,2,0,0,1,0,0,0,1,0,0,2,0,2,2,1,0,1,0,1,0,1,2,1,1,2,1,2,2,2,0,1,2,2,2,1,2,2,2,0,2,0,2,1,1,1,2,2,1,2,2,0,1,2,2,1,2,1,1,2,2,0,0,0,0,2,0
Best fitness found so far: -29.0; distance: 13.45362404707371
Generation: 48; 
d: 14.7648230602334; energy: -27.0; 1,0,0,2,2,2,1,2,2,0,1,0,0,2,0,1,2,2,1,0,2,2,0,2,1,2,1,2,1,1,0,2,0,0,1,0,0,0,1,0,0,2,0,2,2,1,0,1,0,1,0,1,2,1,1,2,1,2,2,2,0,1,2,2,2,1,2,2,2,0,2,0,2,1,1,1,2,2,1,2,2,0,1,2,2,1,2,1,1,2,2,0,0,0,0,2,0
Best fitness found so far: -29.0; distance: 13.45362404707371
Generation: 49; 
d: 14.7648230602334; energy: -27.0; 1,0,0,2,2,2,1,2,2,0,1,0,0,2,0,1,2,2,1,0,2,2,0,2,1,2,1,2,1,1,0,2,0,0,1,0,0,0,1,0,0,2,0,2,2,1,0,1,0,1,0,1,2,1,1,2,1,2,2,2,0,1,2,2,2,1,2,2,2,0,2,0,2,1,1,1,2,2,1,2,2,0,1,2,2,1,2,1,1,2,2,0,0,0,0,2,0
Best fitness found so far: -29.0; distance: 13.45362404707371
Generation: 50; 
d: 15.620499351813308; energy: -29.0; 1,1,0,2,2,1,2,1,1,1,0,0,1,1,2,2,2,0,0,0,2,2,1,2,1,1,1,2,1,2,2,1,0,0,1,2,0,0,2,2,2,2,2,2,2,2,2,0,2,2,1,0,0,0,1,0,0,2,1,0,0,0,1,1,2,0,1,0,1,2,2,0,2,0,0,1,1,2,2,1,2,0,0,0,1,0,0,1,0,1,1,2,1,2,1,2,1
Best fitness found so far: -29.0; distance: 13.45362404707371
Generation: 51; 
d: 15.620499351813308; energy: -29.0; 1,1,0,2,2,1,2,1,1,1,0,0,1,1,2,2,2,0,0,0,2,2,1,2,1,1,1,2,1,2,2,1,0,0,1,2,0,0,2,2,2,2,2,2,2,2,2,0,2,2,1,0,0,0,1,0,0,2,1,0,0,0,1,1,2,0,1,0,1,2,2,0,2,0,0,1,1,2,2,1,2,0,0,0,1,0,0,1,0,1,1,2,1,2,1,2,1
Best fitness found so far: -29.0; distance: 13.45362404707371
Generation: 52; 
d: 19.697715603592208; energy: -31.0; 2,0,1,2,1,2,1,2,0,1,0,0,0,2,1,0,0,2,2,0,2,1,2,2,1,0,1,0,0,1,0,2,0,0,1,0,0,0,1,0,0,2,0,2,2,1,2,0,0,0,2,2,1,0,1,2,0,0,1,0,0,1,1,2,2,1,1,1,1,2,2,2,0,2,2,1,1,2,2,2,0,1,0,0,1,0,2,0,2,2,1,1,1,1,0,2,0
Best fitness found so far: -31.0; distance: 19.697715603592208
Generation: 53; 
d: 19.697715603592208; energy: -31.0; 2,0,1,2,1,2,1,2,0,1,0,0,0,2,1,0,0,2,2,0,2,1,2,2,1,0,1,0,0,1,0,2,0,0,1,0,0,0,1,0,0,2,0,2,2,1,2,0,0,0,2,2,1,0,1,2,0,0,1,0,0,1,1,2,2,1,1,1,1,2,2,2,0,2,2,1,1,2,2,2,0,1,0,0,1,0,2,0,2,2,1,1,1,1,0,2,0
Best fitness found so far: -31.0; distance: 19.697715603592208
Generation: 54; 
d: 15.524174696260024; energy: -27.0; 1,1,2,0,0,2,0,0,0,1,0,2,1,1,2,0,2,2,0,2,2,1,2,2,1,2,1,2,1,1,0,2,0,0,1,0,0,0,1,0,0,2,0,2,2,1,0,1,0,1,0,1,2,1,1,2,1,2,2,2,0,0,1,1,2,0,1,1,1,2,2,2,0,2,2,1,1,2,2,2,1,1,1,0,0,0,0,1,0,1,0,2,2,2,0,1,0
Best fitness found so far: -31.0; distance: 19.697715603592208
Generation: 55; 
d: 21.02379604162864; energy: -31.0; 1,0,1,2,1,2,2,1,1,2,2,0,0,2,1,0,0,2,2,0,2,1,2,2,1,0,1,0,0,1,0,2,0,0,1,0,0,0,1,0,0,2,0,2,2,1,2,0,0,0,2,2,1,0,1,2,0,0,1,0,0,1,1,2,2,1,1,1,1,2,2,2,0,2,2,1,1,2,2,2,0,1,0,0,1,0,2,0,2,2,1,1,1,1,0,2,0
Best fitness found so far: -31.0; distance: 19.697715603592208
Generation: 56; 
d: 21.02379604162864; energy: -31.0; 1,0,1,2,1,2,2,1,1,2,2,0,0,2,1,0,0,2,2,0,2,1,2,2,1,0,1,0,0,1,0,2,0,0,1,0,0,0,1,0,0,2,0,2,2,1,2,0,0,0,2,2,1,0,1,2,0,0,1,0,0,1,1,2,2,1,1,1,1,2,2,2,0,2,2,1,1,2,2,2,0,1,0,0,1,0,2,0,2,2,1,1,1,1,0,2,0
Best fitness found so far: -31.0; distance: 19.697715603592208
Generation: 57; 
d: 18.788294228055936; energy: -30.0; 0,1,1,2,2,0,1,0,2,2,2,0,0,1,2,0,0,2,2,0,2,1,2,2,1,0,1,2,0,1,0,0,2,0,2,2,0,0,1,0,0,0,0,2,1,1,1,0,2,2,0,0,0,0,1,0,0,2,1,0,0,1,1,2,2,1,1,1,1,2,2,2,0,2,2,1,1,2,2,2,0,1,0,0,1,0,2,0,2,2,1,1,0,0,2,2,1
Best fitness found so far: -31.0; distance: 19.697715603592208
Generation: 58; 
d: 13.601470508735444; energy: -29.0; 1,1,2,0,0,2,0,0,0,1,0,2,1,1,2,0,2,2,0,2,2,1,2,2,1,2,1,2,1,1,0,2,0,0,1,0,0,0,1,0,0,2,0,2,2,1,0,1,0,1,0,1,2,1,1,2,1,2,2,2,0,1,2,2,2,1,2,2,2,0,2,0,2,1,1,1,2,2,1,2,2,1,2,1,2,0,1,0,1,0,2,2,0,2,1,2,2
Best fitness found so far: -31.0; distance: 19.697715603592208
Generation: 59; 
d: 15.620499351813308; energy: -29.0; 1,1,2,0,0,2,0,0,0,1,0,2,1,1,2,0,2,2,0,2,2,1,2,2,1,2,1,2,1,1,0,2,0,0,1,0,0,0,1,0,0,2,0,2,2,1,0,1,0,1,0,1,2,1,1,2,1,2,2,2,0,1,2,2,2,1,2,2,2,0,2,0,2,1,1,1,2,2,1,2,2,1,2,1,2,1,1,0,2,2,1,0,2,0,2,2,1
Best fitness found so far: -31.0; distance: 19.697715603592208
Generation: 60; 
d: 15.620499351813308; energy: -29.0; 1,1,2,0,0,2,0,0,0,1,0,2,1,1,2,0,2,2,0,2,2,1,2,2,1,2,1,2,1,1,0,2,0,0,1,0,0,0,1,0,0,2,0,2,2,1,0,1,0,1,0,1,2,1,1,2,1,2,2,2,0,1,2,2,2,1,2,2,2,0,2,0,2,1,1,1,2,2,1,2,2,1,1,0,0,0,2,1,2,2,1,0,2,0,2,2,1
Best fitness found so far: -31.0; distance: 19.697715603592208
Generation: 61; 
d: 15.620499351813308; energy: -29.0; 1,1,2,0,0,2,0,0,0,1,0,2,1,1,2,0,2,2,0,2,2,1,2,2,1,2,1,2,1,1,0,2,0,0,1,0,0,0,1,0,0,2,0,2,2,1,0,1,0,1,0,1,2,1,1,2,1,2,2,2,0,1,2,2,2,1,2,2,2,0,2,0,2,1,1,1,2,2,1,2,2,1,1,0,0,0,2,1,2,2,1,0,2,0,2,2,1
Best fitness found so far: -31.0; distance: 19.697715603592208
Generation: 62; 
d: 14.422205101855956; energy: -30.0; 1,1,2,0,0,2,0,0,0,1,0,2,1,1,2,0,2,2,0,2,2,1,2,2,1,2,1,2,1,1,0,2,0,0,1,0,0,0,1,0,0,2,0,2,2,1,0,1,0,1,0,1,2,1,1,2,1,2,2,2,0,1,2,2,2,1,2,2,2,0,2,0,2,1,1,1,2,2,1,2,2,1,2,1,2,1,2,0,0,1,1,0,0,1,0,2,1
Best fitness found so far: -31.0; distance: 19.697715603592208
Generation: 63; 
d: 14.422205101855956; energy: -30.0; 1,1,2,0,0,2,0,0,0,1,0,2,1,1,2,0,2,2,0,2,2,1,2,2,1,2,1,2,1,1,0,2,0,0,1,0,0,0,1,0,0,2,0,2,2,1,0,1,0,1,0,1,2,1,1,2,1,2,2,2,0,1,2,2,2,1,2,2,2,0,2,0,2,1,1,1,2,2,1,2,2,1,2,1,2,1,2,0,0,1,1,0,0,1,0,2,1
Best fitness found so far: -31.0; distance: 19.697715603592208
Generation: 64; 
d: 19.235384061671343; energy: -31.0; 2,0,2,2,1,2,2,1,1,2,2,0,0,2,1,0,0,2,2,0,2,1,2,2,1,0,1,0,0,1,0,2,0,0,1,0,0,0,1,0,0,2,0,2,2,1,2,0,0,0,2,2,1,0,1,2,0,0,1,0,0,1,1,2,2,1,1,1,1,2,2,2,0,2,2,1,1,2,2,2,0,1,0,0,1,0,2,0,2,2,1,1,1,1,0,2,0
Best fitness found so far: -31.0; distance: 19.697715603592208
Generation: 65; 
d: 19.235384061671343; energy: -31.0; 2,0,2,2,1,2,2,1,1,2,2,0,0,2,1,0,0,2,2,0,2,1,2,2,1,0,1,0,0,1,0,2,0,0,1,0,0,0,1,0,0,2,0,2,2,1,2,0,0,0,2,2,1,0,1,2,0,0,1,0,0,1,1,2,2,1,1,1,1,2,2,2,0,2,2,1,1,2,2,2,0,1,0,0,1,0,2,0,2,2,1,1,1,1,0,2,0
Best fitness found so far: -31.0; distance: 19.697715603592208
Generation: 66; 
d: 18.973665961010276; energy: -30.0; 0,1,0,2,1,2,2,0,2,2,0,0,1,0,1,1,0,2,1,1,2,2,1,0,0,1,2,2,0,1,0,0,2,0,2,2,0,0,1,0,0,2,0,2,2,1,0,1,0,1,0,1,2,1,1,2,1,2,2,2,0,0,1,1,2,0,1,1,2,0,2,2,1,2,0,1,2,2,0,2,2,1,2,0,0,2,2,1,2,0,2,1,0,0,1,0,0
Best fitness found so far: -31.0; distance: 19.697715603592208
Generation: 67; 
d: 18.973665961010276; energy: -30.0; 0,1,0,2,1,2,2,0,2,2,0,0,1,0,1,1,0,2,1,1,2,2,1,0,0,1,2,2,0,1,0,0,2,0,2,2,0,0,1,0,0,2,0,2,2,1,0,1,0,1,0,1,2,1,1,2,1,2,2,2,0,0,1,1,2,0,1,1,2,0,2,2,1,2,0,1,2,2,0,2,2,1,2,0,0,2,2,1,2,0,2,1,0,0,1,0,0
Best fitness found so far: -31.0; distance: 19.697715603592208
Generation: 68; 
d: 15.620499351813308; energy: -29.0; 1,1,2,0,0,2,0,0,0,1,0,2,1,1,2,0,2,2,0,2,2,1,2,2,1,2,1,2,1,1,0,2,0,0,1,0,0,0,1,0,0,2,0,2,2,1,0,1,0,1,0,1,2,1,1,2,1,2,2,2,0,1,2,2,2,1,2,2,2,0,2,0,2,1,1,1,2,2,1,2,2,1,2,1,0,2,2,1,0,2,1,1,0,2,1,2,0
Best fitness found so far: -31.0; distance: 19.697715603592208
Generation: 69; 
d: 19.697715603592208; energy: -29.0; 1,1,0,2,2,1,1,1,1,1,0,0,1,0,1,1,0,2,1,0,2,2,1,2,1,1,1,2,1,2,2,1,0,0,1,2,0,0,2,2,2,2,2,2,2,2,2,0,2,2,1,0,0,0,1,0,0,2,1,0,0,0,1,1,2,0,1,0,1,2,2,0,2,0,0,1,1,2,2,1,2,0,0,0,1,0,0,2,1,0,2,2,1,1,2,2,0
Best fitness found so far: -31.0; distance: 19.697715603592208
Generation: 70; 
d: 19.697715603592208; energy: -29.0; 1,1,0,2,2,1,1,1,1,1,0,0,1,0,1,1,0,2,1,0,2,2,1,2,1,1,1,2,1,2,2,1,0,0,1,2,0,0,2,2,2,2,2,2,2,2,2,0,2,2,1,0,0,0,1,0,0,2,1,0,0,0,1,1,2,0,1,0,1,2,2,0,2,0,0,1,1,2,2,1,2,0,0,0,1,0,0,2,1,0,2,2,1,1,2,2,0
Best fitness found so far: -31.0; distance: 19.697715603592208
Generation: 71; 
d: 16.15549442140351; energy: -27.0; 2,0,0,2,2,2,2,2,0,1,0,0,0,2,1,0,0,2,2,0,2,1,2,2,1,0,1,0,0,1,0,1,0,2,0,2,0,0,2,1,2,2,0,0,2,1,0,1,0,0,2,2,1,0,1,2,0,0,1,0,1,2,2,2,2,1,1,1,1,2,2,2,0,2,2,1,1,2,2,2,0,1,0,0,1,0,2,0,2,2,1,1,1,1,0,2,1
Best fitness found so far: -31.0; distance: 19.697715603592208
Generation: 72; 
d: 20.615528128088304; energy: -31.0; 2,0,1,2,1,2,1,1,1,2,0,0,0,2,1,0,0,2,2,0,2,1,2,2,1,0,1,0,0,1,0,2,0,0,1,0,0,0,1,0,0,1,2,0,0,0,1,0,0,0,2,2,1,0,1,2,0,0,1,0,0,1,1,2,2,1,1,1,1,2,2,2,0,2,2,1,1,2,2,2,0,1,0,0,1,0,2,0,0,2,0,0,1,1,0,2,0
Best fitness found so far: -31.0; distance: 19.697715603592208
Generation: 73; 
d: 20.615528128088304; energy: -31.0; 2,0,1,2,1,2,1,1,1,2,0,0,0,2,1,0,0,2,2,0,2,1,2,2,1,0,1,0,0,1,0,2,0,0,1,0,0,0,1,0,0,1,2,0,0,0,1,0,0,0,2,2,1,0,1,2,0,0,1,0,0,1,1,2,2,1,1,1,1,2,2,2,0,2,2,1,1,2,2,2,0,1,0,0,1,0,2,0,0,2,0,0,1,1,0,2,0
Best fitness found so far: -31.0; distance: 19.697715603592208
Generation: 74; 
d: 15.811388300841896; energy: -30.0; 1,1,0,2,2,1,2,1,1,1,0,0,1,1,2,2,2,0,0,0,2,2,1,2,1,1,1,2,1,2,2,1,0,0,1,2,0,0,2,2,2,2,2,2,2,2,2,0,2,2,1,0,0,0,1,0,0,2,1,0,0,0,2,0,0,1,2,1,2,2,2,0,2,1,1,1,2,2,1,2,1,1,1,0,0,0,2,1,0,1,1,0,0,1,0,2,1
Best fitness found so far: -31.0; distance: 19.697715603592208
Generation: 75; 
d: 18.110770276274835; energy: -30.0; 2,2,0,2,2,0,1,0,2,2,2,0,0,1,2,0,0,2,2,0,2,1,2,2,1,0,1,2,0,1,0,0,2,0,2,2,0,0,1,0,0,0,0,2,1,1,1,0,2,2,0,0,0,0,1,0,0,2,1,0,0,1,1,2,2,1,1,1,1,2,2,2,0,2,2,1,1,2,2,2,0,1,0,0,1,0,2,0,1,0,0,1,2,0,1,2,0
Best fitness found so far: -31.0; distance: 19.697715603592208
Generation: 76; 
d: 15.811388300841896; energy: -30.0; 0,1,0,0,2,1,1,1,1,2,0,0,0,2,1,0,0,2,2,0,2,1,2,2,1,0,1,0,0,1,0,2,0,0,1,0,0,0,1,0,0,1,2,0,0,0,1,0,0,0,2,2,1,0,1,2,0,0,1,0,0,1,1,2,2,1,1,1,1,2,2,2,0,2,2,1,1,2,2,2,0,1,0,0,1,0,2,0,0,2,0,0,1,1,0,2,0
Best fitness found so far: -31.0; distance: 19.697715603592208
Generation: 77; 
d: 15.811388300841896; energy: -30.0; 0,1,0,0,2,1,1,1,1,2,0,0,0,2,1,0,0,2,2,0,2,1,2,2,1,0,1,0,0,1,0,2,0,0,1,0,0,0,1,0,0,1,2,0,0,0,1,0,0,0,2,2,1,0,1,2,0,0,1,0,0,1,1,2,2,1,1,1,1,2,2,2,0,2,2,1,1,2,2,2,0,1,0,0,1,0,2,0,0,2,0,0,1,1,0,2,0
Best fitness found so far: -31.0; distance: 19.697715603592208
Generation: 78; 
d: 19.313207915827967; energy: -30.0; 2,0,1,2,1,2,1,2,0,1,0,0,0,2,1,0,0,2,2,0,2,1,2,2,1,0,1,0,0,1,0,2,0,0,1,0,0,0,1,0,0,1,2,0,0,0,1,0,0,0,2,2,1,0,1,2,0,0,1,0,0,1,1,2,2,1,1,1,1,2,2,2,0,2,2,1,1,2,2,2,0,1,0,0,1,0,2,0,0,2,0,0,1,1,0,2,0
Best fitness found so far: -31.0; distance: 19.697715603592208
Generation: 79; 
d: 18.788294228055936; energy: -31.0; 1,1,0,2,2,1,2,1,1,1,0,0,1,1,2,2,2,0,0,0,2,2,1,2,1,1,1,2,1,2,2,1,0,0,1,2,0,0,2,2,2,2,2,2,2,2,2,0,2,2,1,0,0,0,1,0,0,2,1,0,0,0,2,0,0,1,2,1,2,2,2,0,2,1,1,1,1,2,2,1,2,0,0,0,1,0,0,1,0,1,1,2,1,2,1,1,2
Best fitness found so far: -31.0; distance: 19.697715603592208
Generation: 80; 
d: 18.788294228055936; energy: -31.0; 1,1,0,2,2,1,2,1,1,1,0,0,1,1,2,2,2,0,0,0,2,2,1,2,1,1,1,2,1,2,2,1,0,0,1,2,0,0,2,2,2,2,2,2,2,2,2,0,2,2,1,0,0,0,1,0,0,2,1,0,0,0,2,0,0,1,2,1,2,2,2,0,2,1,1,1,1,2,2,1,2,0,0,0,1,0,0,1,0,1,1,2,1,2,1,1,2
Best fitness found so far: -31.0; distance: 19.697715603592208
Generation: 81; 
d: 19.924858845171276; energy: -31.0; 2,0,1,2,1,1,2,1,1,1,0,0,1,1,2,2,2,0,0,0,2,2,1,2,1,1,1,2,1,2,2,1,0,0,1,2,0,0,2,2,2,2,2,2,2,2,2,0,2,2,1,0,0,0,1,0,0,2,1,0,0,0,2,0,0,1,2,1,2,2,2,0,2,1,1,1,1,2,2,1,2,0,0,0,1,0,0,1,0,1,1,2,1,2,1,1,2
Best fitness found so far: -31.0; distance: 19.697715603592208
Generation: 82; 
d: 16.15549442140351; energy: -30.0; 1,0,0,1,2,1,0,2,1,1,0,0,1,1,2,2,2,0,0,0,2,2,1,2,1,1,1,2,1,2,2,1,0,0,1,2,0,0,2,2,2,2,2,2,2,2,2,0,2,2,1,0,0,0,1,0,0,2,1,0,0,0,2,0,0,1,2,1,2,2,2,0,2,1,1,1,2,2,1,2,2,1,1,2,2,2,1,1,0,1,1,0,0,0,0,2,2
Best fitness found so far: -31.0; distance: 19.697715603592208
Generation: 83; 
d: 16.15549442140351; energy: -30.0; 1,0,0,1,2,1,0,2,1,1,0,0,1,1,2,2,2,0,0,0,2,2,1,2,1,1,1,2,1,2,2,1,0,0,1,2,0,0,2,2,2,2,2,2,2,2,2,0,2,2,1,0,0,0,1,0,0,2,1,0,0,0,2,0,0,1,2,1,2,2,2,0,2,1,1,1,2,2,1,2,2,1,1,2,2,2,1,1,0,1,1,0,0,0,0,2,2
Best fitness found so far: -31.0; distance: 19.697715603592208
Generation: 84; 
d: 18.027756377319946; energy: -31.0; 1,2,2,2,0,2,0,2,1,1,0,0,1,1,2,2,2,0,0,0,2,2,1,2,1,2,1,2,1,1,0,2,0,0,1,0,0,0,1,0,0,2,0,2,2,1,0,1,0,1,0,1,2,1,1,2,1,2,2,2,0,1,2,2,2,1,2,2,2,0,2,1,2,0,2,0,0,1,2,2,0,1,0,0,1,0,1,2,1,0,2,2,1,1,2,2,0
Best fitness found so far: -31.0; distance: 19.697715603592208
Generation: 85; 
d: 18.027756377319946; energy: -31.0; 1,2,2,2,0,2,0,2,1,1,0,0,1,1,2,2,2,0,0,0,2,2,1,2,1,2,1,2,1,1,0,2,0,0,1,0,0,0,1,0,0,2,0,2,2,1,0,1,0,1,0,1,2,1,1,2,1,2,2,2,0,1,2,2,2,1,2,2,2,0,2,1,2,0,2,0,0,1,2,2,0,1,0,0,1,0,1,2,1,0,2,2,1,1,2,2,0
Best fitness found so far: -31.0; distance: 19.697715603592208
Generation: 86; 
d: 13.601470508735444; energy: -30.0; 1,1,2,0,0,2,0,0,0,1,0,2,1,1,2,0,2,2,0,2,2,1,2,2,1,2,1,2,1,1,0,2,0,0,1,0,0,0,1,0,0,2,0,2,2,1,0,1,0,1,0,1,2,1,1,2,1,2,2,2,0,1,2,2,2,1,2,2,2,0,2,0,2,1,1,1,2,2,1,2,2,1,2,1,2,0,1,0,1,0,2,0,0,1,0,0,2
Best fitness found so far: -31.0; distance: 19.697715603592208
Generation: 87; 
d: 14.866068747318506; energy: -30.0; 0,1,1,2,2,0,1,0,2,2,2,0,0,1,2,0,0,2,2,0,2,1,2,2,1,0,1,0,0,1,0,1,1,0,2,0,1,2,1,0,0,0,2,2,0,0,1,0,2,2,0,0,0,0,1,0,0,2,1,0,0,1,1,2,2,1,1,1,1,2,2,2,0,2,2,1,1,2,2,2,0,2,0,0,1,0,0,0,2,1,0,1,0,0,0,2,2
Best fitness found so far: -31.0; distance: 19.697715603592208
Generation: 88; 
d: 18.867962264113206; energy: -31.0; 2,0,2,2,1,2,2,1,1,2,2,0,0,2,1,0,0,2,2,0,2,1,2,2,1,0,1,0,0,1,0,2,0,0,1,0,0,0,1,0,0,2,0,2,2,1,2,0,0,0,2,2,1,0,1,2,0,0,1,0,0,1,1,2,2,1,1,1,1,2,2,2,0,2,2,1,1,2,2,2,0,1,0,0,1,0,2,0,2,2,1,1,1,1,0,2,1
Best fitness found so far: -31.0; distance: 19.697715603592208
Generation: 89; 
d: 18.867962264113206; energy: -31.0; 2,0,2,2,1,2,2,1,1,2,2,0,0,2,1,0,0,2,2,0,2,1,2,2,1,0,1,0,0,1,0,2,0,0,1,0,0,0,1,0,0,2,0,2,2,1,2,0,0,0,2,2,1,0,1,2,0,0,1,0,0,1,1,2,2,1,1,1,1,2,2,2,0,2,2,1,1,2,2,2,0,1,0,0,1,0,2,0,2,2,1,1,1,1,0,2,1
Best fitness found so far: -31.0; distance: 19.697715603592208
Generation: 90; 
d: 15.620499351813308; energy: -29.0; 1,1,2,0,0,2,0,0,0,1,0,2,1,1,2,0,2,2,0,2,2,1,2,2,1,2,1,2,1,1,0,2,0,0,1,0,0,0,1,0,0,2,0,2,2,1,0,1,0,1,1,1,2,1,1,2,1,2,2,2,0,1,2,2,2,1,2,2,2,0,2,0,2,1,1,1,2,2,1,2,2,1,2,1,2,0,1,2,2,1,0,2,0,1,1,0,2
Best fitness found so far: -31.0; distance: 19.697715603592208
Generation: 91; 
d: 14.422205101855956; energy: -30.0; 1,1,2,0,0,2,0,0,0,1,0,2,1,1,2,0,2,2,0,2,2,1,2,2,1,2,1,2,1,1,0,2,0,0,1,0,0,0,1,0,0,2,0,2,2,1,0,1,0,1,0,1,2,1,1,2,1,2,2,2,0,1,2,2,2,1,2,2,2,0,2,0,2,1,1,1,2,2,1,2,2,1,1,0,0,0,2,0,0,1,1,0,0,1,0,2,1
Best fitness found so far: -31.0; distance: 19.697715603592208
Generation: 92; 
d: 16.492422502470642; energy: -31.0; 2,0,2,2,1,2,2,1,1,2,2,0,0,2,1,0,0,2,2,0,2,1,2,2,1,0,1,0,0,1,0,2,0,0,1,0,0,0,1,0,0,2,0,2,2,1,2,0,0,0,2,2,1,0,1,2,0,0,1,0,0,1,1,2,2,1,1,1,1,2,2,2,0,2,2,1,1,2,2,2,0,1,0,0,1,0,2,0,1,0,2,2,0,2,1,2,2
Best fitness found so far: -31.0; distance: 19.697715603592208
Generation: 93; 
d: 16.492422502470642; energy: -31.0; 2,0,2,2,1,2,2,1,1,2,2,0,0,2,1,0,0,2,2,0,2,1,2,2,1,0,1,0,0,1,0,2,0,0,1,0,0,0,1,0,0,2,0,2,2,1,2,0,0,0,2,2,1,0,1,2,0,0,1,0,0,1,1,2,2,1,1,1,1,2,2,2,0,2,2,1,1,2,2,2,0,1,0,0,1,0,2,0,1,0,2,2,0,2,1,2,2
Best fitness found so far: -31.0; distance: 19.697715603592208
Generation: 94; 
d: 14.422205101855956; energy: -30.0; 1,1,2,0,0,2,0,0,0,1,0,2,1,1,2,0,2,2,0,2,2,1,2,2,1,2,1,2,1,1,0,2,0,0,1,0,0,0,1,0,0,2,0,2,2,1,0,1,0,1,0,1,2,1,1,2,1,2,2,2,0,1,2,2,2,1,2,2,2,0,2,0,2,1,1,1,2,2,1,2,2,1,1,0,0,0,2,0,0,1,1,0,0,1,0,2,1
Best fitness found so far: -31.0; distance: 19.697715603592208
Generation: 95; 
d: 19.849433241279208; energy: -33.0; 0,1,2,1,2,2,0,2,1,2,0,0,1,0,1,0,0,2,2,0,2,1,2,2,1,0,1,0,0,1,0,2,0,0,1,0,0,0,1,0,0,2,0,2,2,1,2,0,0,0,2,2,1,0,1,2,0,0,1,0,0,1,1,2,2,1,1,1,1,2,2,2,0,2,2,1,1,2,2,2,0,1,0,0,1,0,2,0,2,2,1,1,1,1,0,2,0
Best fitness found so far: -33.0; distance: 19.849433241279208
Generation: 96; 
d: 19.849433241279208; energy: -33.0; 0,1,2,1,2,2,0,2,1,2,0,0,1,0,1,0,0,2,2,0,2,1,2,2,1,0,1,0,0,1,0,2,0,0,1,0,0,0,1,0,0,2,0,2,2,1,2,0,0,0,2,2,1,0,1,2,0,0,1,0,0,1,1,2,2,1,1,1,1,2,2,2,0,2,2,1,1,2,2,2,0,1,0,0,1,0,2,0,2,2,1,1,1,1,0,2,0
Best fitness found so far: -33.0; distance: 19.849433241279208
Generation: 97; 
d: 15.231546211727817; energy: -31.0; 1,1,2,0,0,2,0,0,0,1,0,2,1,1,2,0,2,2,0,2,2,1,2,2,1,2,1,2,1,2,2,1,0,0,1,2,0,0,2,2,2,2,2,2,2,2,2,0,2,2,1,0,0,0,1,0,0,2,1,0,0,0,2,0,0,1,2,1,2,2,2,0,2,1,1,1,2,2,1,2,2,1,1,2,2,2,1,1,0,1,1,0,0,0,0,2,2
Best fitness found so far: -33.0; distance: 19.849433241279208
Generation: 98; 
d: 14.212670403551895; energy: -30.0; 1,1,2,0,0,2,0,0,0,1,0,2,1,1,2,0,2,2,0,2,2,1,2,2,1,2,1,2,1,1,0,2,0,0,1,0,0,0,1,0,0,2,0,2,2,1,0,1,0,1,0,1,2,1,1,2,1,2,2,2,0,1,2,2,2,1,2,2,2,0,2,0,2,1,1,1,2,2,1,2,2,1,2,1,2,1,1,0,2,2,0,2,0,0,0,0,2
Best fitness found so far: -33.0; distance: 19.849433241279208
