Algorithm configured with: 
Pop: 1000
CrP: 0.9
MtP: 0.01

Crossover: class org.uma.jmetal.operator.crossover.SinglePointCrossover
Mutation: class org.uma.jmetal.operator.mutation.BitFlipMutation
Execution: 1
Generation: 0; 
d: 100.0; energy: 0.0; 0,0,2,2,1,1,0,1,2,0,1,2,1,0,1,2,2,2,0,2,0,1,1,0,1,2,2,0,2,1,2,2,2,0,1,2,1,1,2,1,1,2,0,2,2,0
Best fitness found so far: 0.0; distance: 100.0
Generation: 1; 
d: 12.806248474865697; energy: -11.0; 1,0,1,2,0,1,1,0,0,0,1,0,2,1,1,1,0,2,2,2,0,0,1,2,2,2,0,0,1,0,0,1,0,1,1,1,1,0,1,0,1,1,0,0,0,0
Best fitness found so far: -11.0; distance: 12.806248474865697
Generation: 2; 
d: 9.848857801796104; energy: -12.0; 1,0,2,2,0,2,1,2,2,1,2,0,1,0,0,1,1,1,1,1,0,0,1,0,0,0,0,0,2,1,2,0,1,2,2,2,2,1,1,2,0,1,0,2,1,2
Best fitness found so far: -12.0; distance: 9.848857801796104
Generation: 3; 
d: 9.055385138137417; energy: -11.0; 1,2,2,0,0,1,0,0,0,0,1,1,2,0,2,2,2,2,1,2,2,2,2,1,1,0,1,0,2,0,0,0,2,0,0,1,2,0,1,1,1,0,2,0,0,1
Best fitness found so far: -12.0; distance: 9.848857801796104
Generation: 4; 
d: 9.219544457292887; energy: -11.0; 0,0,2,2,0,2,1,2,2,1,0,0,1,0,0,1,1,1,1,1,0,0,1,0,0,0,0,0,2,1,2,2,0,1,1,1,2,2,1,1,1,1,2,1,2,0
Best fitness found so far: -12.0; distance: 9.848857801796104
Generation: 5; 
d: 13.0; energy: -13.0; 2,0,2,2,1,2,2,0,2,1,1,0,1,1,0,1,1,0,0,1,2,0,2,0,1,0,1,1,2,1,2,1,1,2,1,1,2,0,0,1,0,1,1,1,2,0
Best fitness found so far: -13.0; distance: 13.0
Generation: 6; 
d: 12.206555615733702; energy: -13.0; 1,2,2,1,0,0,2,2,0,2,2,2,1,2,2,1,2,0,2,2,1,0,0,2,0,0,1,2,2,1,2,2,1,0,0,2,2,0,0,0,1,0,0,1,1,0
Best fitness found so far: -13.0; distance: 13.0
Generation: 7; 
d: 10.0; energy: -13.0; 1,1,2,2,0,0,0,1,0,0,0,2,0,0,1,2,2,2,0,2,0,0,0,1,1,0,0,2,2,1,2,2,1,2,2,1,2,0,1,2,2,1,1,2,0,0
Best fitness found so far: -13.0; distance: 13.0
Generation: 8; 
d: 10.0; energy: -13.0; 1,1,2,2,0,0,0,1,0,0,0,2,0,0,1,2,2,2,0,2,0,0,0,1,1,0,0,2,2,1,2,2,1,2,2,1,2,0,1,2,2,1,1,2,0,2
Best fitness found so far: -13.0; distance: 13.0
Generation: 9; 
d: 9.219544457292887; energy: -14.0; 0,0,0,0,0,0,0,1,1,2,0,0,0,2,0,1,0,0,1,2,1,2,0,0,2,0,1,1,1,1,0,1,1,0,2,1,0,2,2,0,2,0,0,1,2,2
Best fitness found so far: -14.0; distance: 9.219544457292887
Generation: 10; 
d: 10.63014581273465; energy: -14.0; 1,2,1,2,2,1,0,1,0,1,0,0,2,1,0,0,1,0,2,1,0,0,0,0,1,2,2,1,2,2,2,1,1,0,1,2,1,2,2,1,1,2,1,0,2,2
Best fitness found so far: -14.0; distance: 9.219544457292887
Generation: 11; 
d: 12.206555615733702; energy: -14.0; 1,0,2,2,0,2,1,2,2,1,0,0,1,0,0,1,1,1,2,2,1,0,1,1,1,1,0,0,1,0,0,2,2,1,2,1,2,0,0,2,0,0,0,0,2,2
Best fitness found so far: -14.0; distance: 9.219544457292887
Generation: 12; 
d: 9.433981132056603; energy: -14.0; 1,2,1,1,0,0,2,2,0,2,2,2,1,2,2,1,2,0,2,2,0,2,2,1,1,0,1,0,2,0,0,0,2,0,0,1,1,0,1,1,0,1,2,0,0,1
Best fitness found so far: -14.0; distance: 9.219544457292887
