Algorithm configured with: 
Pop: 2500
Aux Pop: 2000
CrP: 1.0
MtP: 1.0
List of crossover: 
SinglePointCrossover
IntegerTwoPointsCrossover
MultiPointsCrossover
List of mutations: 
BitFlipMutation
LoopMoveOperator
LocalMoveOperator
SegmentMutation
OppositeMoveOperator
Execution: 1
Generation: 0; 
d: 18.384776310850235; energy: -6.0; 1,1,2,2,1,0,1,1,2,0,2,2,0,0,1,1,0,2,1,1,2,1,2,1,0,0,1,1,0,1,2,0,0,2,0,2,1,2,0,0,2,2,0,2,2,1,0,0,2,1,2,0,0,1,2,0,1,0
Best fitness found so far: -6.0; distance: 18.384776310850235
Generation: 1; 
d: 11.661903789690601; energy: -23.0; 1,1,1,2,1,2,0,2,1,0,0,1,1,0,2,0,2,0,0,2,1,0,1,1,1,1,2,2,1,1,1,1,1,2,1,0,0,1,2,1,1,1,2,2,0,2,2,0,0,1,2,0,0,2,0,2,2,1
Best fitness found so far: -23.0; distance: 11.661903789690601
Generation: 2; 
d: 10.63014581273465; energy: -25.0; 1,2,2,1,0,0,1,1,1,2,0,2,0,0,1,0,2,1,0,0,2,2,1,2,1,0,0,2,1,2,1,1,0,2,2,1,2,1,0,0,1,2,0,1,2,2,1,0,0,2,2,1,2,1,1,0,0,1
Best fitness found so far: -25.0; distance: 10.63014581273465
Generation: 3; 
d: 10.816653826391969; energy: -24.0; 2,0,1,0,0,2,0,2,1,0,0,2,2,1,2,1,1,1,2,2,0,0,1,2,1,1,2,0,2,0,0,0,0,0,2,2,2,0,0,0,1,1,2,0,1,2,2,1,1,2,1,1,0,0,1,0,1,0
Best fitness found so far: -25.0; distance: 10.63014581273465
Generation: 4; 
d: 11.661903789690601; energy: -24.0; 0,0,2,2,2,0,2,1,2,2,1,2,1,2,0,2,1,2,2,1,0,0,0,2,2,0,1,0,0,1,0,0,2,2,2,0,2,1,1,2,0,0,2,0,0,1,0,1,1,0,2,0,0,2,2,0,1,2
Best fitness found so far: -25.0; distance: 10.63014581273465
Generation: 5; 
d: 13.038404810405298; energy: -25.0; 2,0,1,2,0,1,1,0,2,2,1,0,2,0,0,2,0,0,1,2,2,1,1,0,2,1,0,0,1,1,0,2,1,2,0,0,1,1,0,1,1,1,0,2,1,2,2,0,2,0,2,0,0,2,2,0,1,0
Best fitness found so far: -25.0; distance: 10.63014581273465
