Algorithm configured with: 
Pop: 1000
CrP: 1.0
MtP: 1.0
List of crossover: 
SinglePointCrossover
IntegerTwoPointsCrossover
MultiPointsCrossover
List of mutations: 
BitFlipMutation
LoopMoveOperator
LocalMoveOperator
SegmentMutation
OppositeMoveOperator
Execution: 1
Generation: 0; 
d: 16.76305461424021; energy: -6.0; 0,2,1,1,2,0,1,2,1,1,0,1,1,0,2,1,2,1,2,0,2,0,0,2,0,2,2,1,0,1,2,2,1,1,1,0,2,2,0,0,1,0,2,0,0,2,2,0,1,1,2,0,1,0,2,1,2,1,0,0,1,1
Best fitness found so far: -6.0; distance: 16.76305461424021
Generation: 1; 
d: 15.652475842498529; energy: -19.0; 1,2,2,1,0,0,1,2,2,0,1,0,2,1,0,1,1,0,1,2,2,1,0,2,2,1,1,1,1,0,2,0,2,1,0,0,1,2,2,0,2,0,2,2,1,1,0,0,1,1,2,2,1,1,0,1,1,0,0,1,2,1
Best fitness found so far: -19.0; distance: 15.652475842498529
Generation: 2; 
d: 10.63014581273465; energy: -19.0; 1,1,0,1,1,0,2,1,0,0,2,0,0,1,0,2,0,1,1,0,1,0,2,0,0,1,1,2,2,0,0,0,1,1,0,0,2,1,2,2,0,0,0,1,1,1,1,1,0,1,1,0,2,0,0,2,2,0,0,1,1,1
Best fitness found so far: -19.0; distance: 15.652475842498529
Generation: 3; 
d: 10.63014581273465; energy: -19.0; 1,1,0,1,1,0,2,1,0,0,2,0,0,1,0,2,0,1,1,0,1,0,2,0,0,1,1,2,2,0,0,0,1,1,0,0,2,1,2,2,0,0,0,1,1,1,1,1,0,1,1,0,2,0,0,2,2,0,0,1,1,1
Best fitness found so far: -19.0; distance: 15.652475842498529
Generation: 4; 
d: 13.45362404707371; energy: -22.0; 1,2,0,1,1,2,1,1,0,0,2,2,1,1,1,2,2,1,1,1,1,2,0,2,2,2,1,2,2,2,0,2,0,1,2,2,2,2,2,0,2,2,1,0,1,2,2,2,2,2,2,2,1,1,1,1,1,1,2,2,2,0
Best fitness found so far: -22.0; distance: 13.45362404707371
Generation: 5; 
d: 13.45362404707371; energy: -22.0; 1,2,0,1,1,2,1,1,0,0,2,2,1,1,1,2,2,1,1,1,1,2,0,2,2,2,1,2,2,2,0,2,0,1,2,2,2,2,2,0,2,2,1,0,1,2,2,2,2,2,2,2,1,1,1,1,1,1,2,2,2,0
Best fitness found so far: -22.0; distance: 13.45362404707371
Generation: 6; 
d: 15.264337522473747; energy: -20.0; 1,0,0,0,2,0,0,0,2,2,2,2,1,2,0,2,2,1,2,2,2,0,2,1,2,2,1,1,1,1,1,2,1,2,1,0,2,0,1,2,2,0,0,0,2,1,0,1,0,0,2,2,2,0,1,0,1,2,2,0,1,1
Best fitness found so far: -22.0; distance: 13.45362404707371
Generation: 7; 
d: 15.264337522473747; energy: -20.0; 1,0,0,0,2,0,0,0,2,2,2,2,1,2,0,2,2,1,2,2,2,0,2,1,2,2,1,1,1,1,1,2,1,2,1,0,2,0,1,2,2,0,0,0,2,1,0,1,0,0,2,2,2,0,1,0,1,2,2,0,1,1
Best fitness found so far: -22.0; distance: 13.45362404707371
Generation: 8; 
d: 14.317821063276353; energy: -24.0; 1,0,1,1,0,0,0,0,2,2,0,1,0,0,2,0,0,1,0,0,0,1,0,0,0,1,1,0,0,1,2,1,2,1,1,1,1,0,1,1,0,2,2,2,1,1,0,0,0,0,0,0,0,0,0,0,2,1,0,2,0,1
Best fitness found so far: -24.0; distance: 14.317821063276353
Generation: 9; 
d: 14.317821063276353; energy: -24.0; 1,0,1,1,0,0,0,0,2,2,0,1,0,0,2,0,0,1,0,0,0,1,0,0,0,1,1,0,0,1,2,1,2,1,1,1,1,0,1,1,0,2,2,2,1,1,0,0,0,0,0,0,0,0,0,0,2,1,0,2,0,1
Best fitness found so far: -24.0; distance: 14.317821063276353
Generation: 10; 
d: 11.313708498984761; energy: -21.0; 1,2,1,1,2,2,1,2,0,1,2,0,1,1,0,0,1,2,2,1,1,2,0,2,2,0,2,2,0,0,0,2,2,1,2,2,1,2,1,1,0,2,2,0,0,0,2,2,1,1,2,1,0,2,0,2,2,0,1,2,2,1
Best fitness found so far: -24.0; distance: 14.317821063276353
Generation: 11; 
d: 11.661903789690601; energy: -21.0; 1,1,0,2,0,2,1,0,0,2,2,1,1,1,1,0,1,0,0,1,0,0,2,2,1,1,1,0,0,2,2,1,1,0,1,1,2,0,0,1,0,1,1,2,0,1,0,2,1,1,0,0,1,2,2,0,2,2,0,0,0,1
Best fitness found so far: -24.0; distance: 14.317821063276353
Generation: 12; 
d: 12.649110640673518; energy: -22.0; 2,2,1,1,0,0,0,0,0,1,2,2,0,1,2,2,1,1,2,2,2,2,1,2,1,1,0,0,0,2,1,2,2,2,0,2,1,0,0,2,1,0,0,1,2,0,1,0,2,1,0,1,2,2,1,0,0,0,0,0,1,1
Best fitness found so far: -24.0; distance: 14.317821063276353
Generation: 13; 
d: 12.649110640673518; energy: -22.0; 2,2,1,1,0,0,0,0,0,1,2,2,0,1,2,2,1,1,2,2,2,2,1,2,1,1,0,0,0,2,1,2,2,2,0,2,1,0,0,2,1,0,0,1,2,0,1,0,2,1,0,1,2,2,1,0,0,0,0,0,1,1
Best fitness found so far: -24.0; distance: 14.317821063276353
Generation: 14; 
d: 12.041594578792296; energy: -22.0; 0,2,2,2,1,2,2,1,1,0,1,1,1,0,1,2,0,2,1,2,2,0,2,0,1,1,0,2,0,1,1,0,1,1,1,0,2,1,2,0,0,0,0,0,0,0,2,2,0,2,0,1,0,0,2,2,1,0,0,1,0,1
Best fitness found so far: -24.0; distance: 14.317821063276353
Generation: 15; 
d: 13.45362404707371; energy: -22.0; 2,1,0,0,2,2,1,2,2,2,2,1,2,1,2,0,0,1,1,2,0,0,2,2,1,1,2,0,1,1,0,0,0,1,2,2,0,1,1,0,2,1,1,0,2,0,0,2,2,1,0,0,0,0,1,0,1,0,0,0,0,0
Best fitness found so far: -24.0; distance: 14.317821063276353
Generation: 16; 
d: 13.45362404707371; energy: -22.0; 2,1,0,0,2,2,1,2,2,2,2,1,2,1,2,0,0,1,1,2,0,0,2,2,1,1,2,0,1,1,0,0,0,1,2,2,0,1,1,0,2,1,1,0,2,0,0,2,2,1,0,0,0,0,1,0,1,0,0,0,0,0
Best fitness found so far: -24.0; distance: 14.317821063276353
Generation: 17; 
d: 14.7648230602334; energy: -22.0; 2,2,2,1,0,0,1,2,2,0,1,0,2,1,0,1,1,0,1,2,2,1,0,2,2,1,1,1,1,0,2,0,2,1,0,0,1,2,2,2,0,1,1,2,1,1,2,1,2,2,0,1,1,0,1,2,2,1,0,0,0,2
Best fitness found so far: -24.0; distance: 14.317821063276353
Generation: 18; 
d: 11.704699910719626; energy: -24.0; 1,0,1,1,0,2,0,0,1,0,1,2,1,2,0,2,2,1,2,2,1,2,1,2,0,0,2,2,0,1,0,0,2,1,0,0,2,1,1,1,1,0,0,2,2,0,0,2,0,0,1,1,2,1,2,2,2,1,1,0,0,1
Best fitness found so far: -24.0; distance: 14.317821063276353
Generation: 19; 
d: 11.704699910719626; energy: -24.0; 1,0,1,1,0,2,0,0,1,0,1,2,1,2,0,2,2,1,2,2,1,2,1,2,0,0,2,2,0,1,0,0,2,1,0,0,2,1,1,1,1,0,0,2,2,0,0,2,0,0,1,1,2,1,2,2,2,1,1,0,0,1
Best fitness found so far: -24.0; distance: 14.317821063276353
Generation: 20; 
d: 11.180339887498949; energy: -23.0; 1,2,0,0,0,0,0,0,2,1,1,1,0,0,0,1,0,2,0,0,0,1,0,0,2,1,1,2,2,0,0,0,1,0,2,2,1,0,0,1,0,0,0,1,1,1,2,0,0,1,1,0,2,0,0,2,2,0,0,1,1,1
Best fitness found so far: -24.0; distance: 14.317821063276353
Generation: 21; 
d: 11.40175425099138; energy: -23.0; 2,1,2,2,2,2,1,2,2,1,0,0,0,0,1,1,2,1,2,2,2,0,1,2,0,0,2,0,2,1,0,0,0,1,0,2,2,1,1,2,1,1,1,0,0,0,0,1,1,1,1,1,1,0,0,0,1,0,0,1,1,0
Best fitness found so far: -24.0; distance: 14.317821063276353
Generation: 22; 
d: 11.40175425099138; energy: -23.0; 2,1,2,2,2,2,1,2,2,1,0,0,0,0,1,1,2,1,2,2,2,0,1,2,0,0,2,0,2,1,0,0,0,1,0,2,2,1,1,2,1,1,1,0,0,0,0,1,1,1,1,1,1,0,0,0,1,0,0,1,1,0
Best fitness found so far: -24.0; distance: 14.317821063276353
Generation: 23; 
d: 12.806248474865697; energy: -23.0; 1,0,1,1,0,2,0,0,1,0,1,2,1,2,0,2,2,1,2,2,2,1,0,0,0,2,1,0,2,0,0,2,2,1,0,0,1,1,0,2,2,2,1,1,2,1,0,0,1,2,0,0,2,0,0,1,0,0,1,1,2,2
Best fitness found so far: -24.0; distance: 14.317821063276353
Generation: 24; 
d: 13.92838827718412; energy: -22.0; 0,0,2,0,1,0,0,0,0,0,1,2,0,0,2,0,0,0,0,2,2,1,1,2,1,0,1,1,2,2,0,0,0,1,1,0,1,0,0,0,0,2,1,0,0,0,2,2,2,0,2,2,1,2,0,2,1,0,1,0,0,2
Best fitness found so far: -24.0; distance: 14.317821063276353
Generation: 25; 
d: 13.601470508735444; energy: -23.0; 1,0,1,1,0,0,0,0,2,2,0,1,0,0,2,0,0,1,0,0,0,1,0,0,0,1,1,0,0,1,2,1,2,1,1,2,1,2,1,2,1,1,1,0,0,2,2,1,2,1,2,2,0,0,2,2,0,0,0,0,2,2
Best fitness found so far: -24.0; distance: 14.317821063276353
Generation: 26; 
d: 13.601470508735444; energy: -23.0; 1,0,1,1,0,0,0,0,2,2,0,1,0,0,2,0,0,1,0,0,0,1,0,0,0,1,1,0,0,1,2,1,2,1,1,2,1,2,1,2,1,1,1,0,0,2,2,1,2,1,2,2,0,0,2,2,0,0,0,0,2,2
Best fitness found so far: -24.0; distance: 14.317821063276353
Generation: 27; 
d: 11.40175425099138; energy: -23.0; 2,1,2,2,2,2,1,2,2,1,0,0,0,0,1,1,2,1,2,2,2,0,1,2,0,0,2,0,2,1,0,0,1,1,0,2,2,1,1,2,1,1,1,0,0,0,0,1,1,1,1,1,1,0,0,0,1,0,0,1,1,0
Best fitness found so far: -24.0; distance: 14.317821063276353
Generation: 28; 
d: 11.180339887498949; energy: -23.0; 2,2,0,1,2,0,0,1,0,0,0,2,0,2,2,2,2,2,1,2,1,1,1,2,0,0,2,2,2,2,2,2,0,0,2,0,2,2,1,1,0,2,1,1,1,2,2,0,2,2,0,2,0,1,0,2,2,1,2,0,2,2
Best fitness found so far: -24.0; distance: 14.317821063276353
Generation: 29; 
d: 11.180339887498949; energy: -23.0; 2,2,0,1,2,0,0,1,0,0,0,2,0,2,2,2,2,2,1,2,1,1,1,2,0,0,2,2,2,2,2,2,0,0,2,0,2,2,1,1,0,2,1,1,1,2,2,0,2,2,0,2,0,1,0,2,2,1,2,0,2,2
Best fitness found so far: -24.0; distance: 14.317821063276353
Generation: 30; 
d: 11.40175425099138; energy: -23.0; 2,1,2,2,2,2,1,2,2,1,0,0,0,0,1,1,2,1,2,2,2,0,1,2,0,0,2,0,2,1,0,0,0,1,0,2,2,1,1,2,1,1,1,0,0,0,0,1,1,1,1,1,1,0,0,0,1,0,0,1,1,2
Best fitness found so far: -24.0; distance: 14.317821063276353
Generation: 31; 
d: 14.560219778561036; energy: -25.0; 1,0,1,1,0,0,0,0,2,2,0,1,0,0,2,0,0,1,0,0,0,1,0,0,0,1,1,0,0,2,1,0,1,1,2,1,0,2,2,0,2,2,2,2,1,1,0,0,0,2,0,0,1,1,2,1,2,1,1,2,2,1
Best fitness found so far: -25.0; distance: 14.560219778561036
Generation: 32; 
d: 14.560219778561036; energy: -25.0; 1,0,1,1,0,0,0,0,2,2,0,1,0,0,2,0,0,1,0,0,0,1,0,0,0,1,1,0,0,2,1,0,1,1,2,1,0,2,2,0,2,2,2,2,1,1,0,0,0,2,0,0,1,1,2,1,2,1,1,2,2,1
Best fitness found so far: -25.0; distance: 14.560219778561036
Generation: 33; 
d: 12.083045973594572; energy: -25.0; 0,1,0,2,2,1,2,1,0,0,1,1,0,0,2,2,1,2,1,2,2,0,0,2,2,1,2,1,0,2,2,2,2,2,1,1,2,1,2,0,2,0,2,1,0,1,2,1,2,0,2,2,0,2,0,2,2,0,2,0,0,1
Best fitness found so far: -25.0; distance: 14.560219778561036
Generation: 34; 
d: 11.40175425099138; energy: -25.0; 1,1,2,0,2,2,1,2,0,1,1,2,0,1,1,0,0,1,2,1,0,0,2,2,0,2,1,0,2,0,0,2,1,1,0,0,1,1,0,1,0,2,2,0,1,1,0,0,0,0,0,2,0,2,2,0,0,1,0,0,0,0
Best fitness found so far: -25.0; distance: 14.560219778561036
Generation: 35; 
d: 11.40175425099138; energy: -25.0; 1,1,2,0,2,2,1,2,0,1,1,2,0,1,1,0,0,1,2,1,0,0,2,2,0,2,1,0,2,0,0,2,1,1,0,0,1,1,0,1,0,2,2,0,1,1,0,0,0,0,0,2,0,2,2,0,0,1,0,0,0,0
Best fitness found so far: -25.0; distance: 14.560219778561036
Generation: 36; 
d: 10.816653826391969; energy: -23.0; 2,1,2,2,2,2,1,2,2,1,0,0,0,0,1,1,2,1,2,2,2,0,1,1,0,0,1,1,1,1,0,0,0,1,1,0,1,0,0,0,2,1,0,0,1,0,0,1,0,0,2,2,2,0,0,0,1,1,2,0,0,1
Best fitness found so far: -25.0; distance: 14.560219778561036
Generation: 37; 
d: 11.661903789690601; energy: -23.0; 0,1,2,2,1,1,1,2,2,1,0,2,0,2,2,0,0,1,1,2,2,1,0,1,0,2,1,2,2,1,2,0,2,2,0,1,2,0,1,1,0,2,2,0,0,0,2,2,1,1,2,1,0,2,0,2,2,0,1,2,1,2
Best fitness found so far: -25.0; distance: 14.560219778561036
Generation: 38; 
d: 10.0; energy: -23.0; 1,0,2,2,2,2,1,1,0,2,0,0,2,0,1,0,0,1,1,2,1,0,1,0,1,2,2,1,0,0,0,1,0,1,2,2,2,0,1,1,2,0,0,1,0,0,0,1,1,1,1,2,2,2,1,1,2,1,2,2,2,1
Best fitness found so far: -25.0; distance: 14.560219778561036
Generation: 39; 
d: 13.45362404707371; energy: -23.0; 1,0,1,1,0,0,0,0,2,2,0,1,0,0,2,0,0,1,2,2,0,1,0,0,0,1,1,1,2,2,2,1,0,1,2,1,0,2,2,1,2,0,2,1,1,2,2,0,1,0,2,2,1,2,0,0,2,2,1,2,0,0
Best fitness found so far: -25.0; distance: 14.560219778561036
Generation: 40; 
d: 17.204650534085253; energy: -24.0; 1,0,1,1,0,0,0,0,2,2,0,1,0,0,2,0,0,1,0,0,0,1,0,0,0,1,1,0,0,2,1,0,1,1,2,1,0,2,2,0,0,2,2,1,0,0,2,2,0,0,1,0,1,2,2,1,0,0,1,0,2,2
Best fitness found so far: -25.0; distance: 14.560219778561036
Generation: 41; 
d: 17.204650534085253; energy: -24.0; 1,0,1,1,0,0,0,0,2,2,0,1,0,0,2,0,0,1,0,0,0,1,0,0,0,1,1,0,0,2,1,0,1,1,2,1,0,2,2,0,0,2,2,1,0,0,2,2,0,0,1,0,1,2,2,1,0,0,1,0,2,2
Best fitness found so far: -25.0; distance: 14.560219778561036
Generation: 42; 
d: 10.295630140987; energy: -24.0; 1,2,1,1,2,2,1,2,0,1,2,0,1,1,0,0,1,2,2,1,1,2,0,2,2,0,2,2,0,1,2,2,1,1,0,0,2,2,0,2,2,0,2,1,2,1,2,1,0,2,0,2,1,1,1,0,0,1,0,0,2,1
Best fitness found so far: -25.0; distance: 14.560219778561036
Generation: 43; 
d: 10.295630140987; energy: -24.0; 1,2,1,1,2,2,1,2,0,1,2,0,1,1,0,0,1,2,2,1,1,2,0,2,2,0,2,2,0,1,2,2,1,1,0,0,2,2,0,2,2,0,2,1,2,1,2,1,0,2,0,2,1,1,1,0,0,1,0,0,2,1
Best fitness found so far: -25.0; distance: 14.560219778561036
Generation: 44; 
d: 11.40175425099138; energy: -24.0; 0,2,2,1,1,2,0,0,0,1,2,2,0,0,1,0,1,1,1,0,0,1,1,0,1,1,0,1,2,0,1,2,0,0,2,0,0,1,0,2,2,0,2,2,1,1,0,1,0,2,0,0,2,2,1,2,0,0,1,0,2,0
Best fitness found so far: -25.0; distance: 14.560219778561036
Generation: 45; 
d: 11.40175425099138; energy: -24.0; 0,2,2,1,1,2,0,0,0,1,2,2,0,0,1,0,1,1,1,0,0,1,1,0,1,1,0,1,2,0,1,2,0,0,2,0,0,1,0,2,2,0,2,2,1,1,0,1,0,2,0,0,2,2,1,2,0,0,1,0,2,0
Best fitness found so far: -25.0; distance: 14.560219778561036
Generation: 46; 
d: 16.97056274847714; energy: -26.0; 1,0,1,1,0,0,0,0,0,1,0,0,0,0,2,0,0,1,0,0,0,1,0,0,0,1,1,0,0,2,1,0,1,1,2,1,0,2,2,0,1,1,0,1,0,2,2,0,2,1,1,2,2,1,1,1,0,0,0,2,0,1
Best fitness found so far: -26.0; distance: 16.97056274847714
Generation: 47; 
d: 16.97056274847714; energy: -26.0; 1,0,1,1,0,0,0,0,0,1,0,0,0,0,2,0,0,1,0,0,0,1,0,0,0,1,1,0,0,2,1,0,1,1,2,1,0,2,2,0,1,1,0,1,0,2,2,0,2,1,1,2,2,1,1,1,0,0,0,2,0,1
Best fitness found so far: -26.0; distance: 16.97056274847714
Generation: 48; 
d: 14.317821063276353; energy: -24.0; 1,0,1,1,0,0,0,0,2,2,0,1,0,0,2,0,0,1,0,0,0,1,0,0,0,1,1,0,0,1,2,1,2,1,1,1,1,0,1,1,0,2,2,2,1,1,0,0,0,0,0,0,0,0,0,0,2,1,0,1,1,1
Best fitness found so far: -26.0; distance: 16.97056274847714
Generation: 49; 
d: 19.235384061671343; energy: -24.0; 1,0,1,1,0,0,0,0,2,2,0,1,0,0,2,0,0,1,0,0,0,1,0,0,0,1,1,0,0,1,2,1,2,1,1,1,1,0,1,1,0,2,2,2,1,0,2,2,0,0,1,2,1,1,2,2,1,1,0,0,0,0
Best fitness found so far: -26.0; distance: 16.97056274847714
Generation: 50; 
d: 12.083045973594572; energy: -25.0; 1,0,1,1,0,0,0,0,2,2,0,1,0,0,2,0,0,1,0,0,0,1,0,0,0,1,1,0,0,2,2,0,1,0,0,2,0,2,1,2,2,0,0,1,0,1,2,1,2,2,1,1,2,1,1,0,2,1,0,2,2,1
Best fitness found so far: -26.0; distance: 16.97056274847714
Generation: 51; 
d: 10.816653826391969; energy: -25.0; 0,2,2,2,0,1,1,0,0,0,1,0,0,0,1,1,0,0,1,1,0,0,0,0,1,0,1,0,0,0,0,0,0,0,2,2,2,2,2,1,2,1,0,2,1,2,1,1,1,1,2,1,2,2,1,1,0,2,1,0,0,1
Best fitness found so far: -26.0; distance: 16.97056274847714
Generation: 52; 
d: 9.848857801796104; energy: -27.0; 0,0,1,0,1,0,1,1,0,1,2,0,1,2,1,2,2,2,0,0,2,1,2,2,1,0,1,0,1,1,2,2,0,1,2,1,1,2,2,1,0,1,2,1,0,1,1,2,2,0,2,2,0,2,0,2,2,0,1,2,2,1
Best fitness found so far: -27.0; distance: 9.848857801796104
Generation: 53; 
d: 9.848857801796104; energy: -27.0; 0,0,1,0,1,0,1,1,0,1,2,0,1,2,1,2,2,2,0,0,2,1,2,2,1,0,1,0,1,1,2,2,0,1,2,1,1,2,2,1,0,1,2,1,0,1,1,2,2,0,2,2,0,2,0,2,2,0,1,2,2,1
Best fitness found so far: -27.0; distance: 9.848857801796104
Generation: 54; 
d: 16.15549442140351; energy: -24.0; 1,0,1,1,0,0,0,0,2,2,0,1,0,0,2,0,0,1,0,0,0,1,0,0,0,1,1,0,0,2,2,0,1,0,0,2,0,2,1,2,1,1,1,0,0,0,2,1,2,2,0,2,1,1,2,2,1,2,0,1,0,1
Best fitness found so far: -27.0; distance: 9.848857801796104
Generation: 55; 
d: 13.0; energy: -24.0; 2,1,2,2,2,2,1,2,2,1,0,0,0,0,1,1,2,1,2,2,2,0,1,2,0,0,2,0,2,1,0,0,0,1,0,0,0,1,0,1,0,2,0,1,2,0,0,0,0,0,0,0,2,0,0,2,2,0,0,0,0,0
Best fitness found so far: -27.0; distance: 9.848857801796104
Generation: 56; 
d: 11.704699910719626; energy: -29.0; 1,0,1,2,0,0,0,0,1,2,2,1,0,0,2,0,0,1,0,0,0,1,0,0,1,0,0,1,2,2,0,0,1,1,0,0,1,0,1,1,0,2,2,0,1,1,2,0,1,2,2,0,2,2,1,1,2,0,1,0,0,1
Best fitness found so far: -29.0; distance: 11.704699910719626
Generation: 57; 
d: 11.704699910719626; energy: -29.0; 1,0,1,2,0,0,0,0,1,2,2,1,0,0,2,0,0,1,0,0,0,1,0,0,1,0,0,1,2,2,0,0,1,1,0,0,1,0,1,1,0,2,2,0,1,1,2,0,1,2,2,0,2,2,1,1,2,0,1,0,0,1
Best fitness found so far: -29.0; distance: 11.704699910719626
Generation: 58; 
d: 13.0; energy: -24.0; 2,1,2,2,2,2,1,2,2,1,0,0,0,0,1,1,2,1,2,2,2,0,1,2,0,0,2,0,2,1,0,0,0,1,0,2,2,1,0,1,0,2,0,1,2,0,0,0,0,0,0,0,2,0,0,2,2,0,0,0,0,0
Best fitness found so far: -29.0; distance: 11.704699910719626
Generation: 59; 
d: 13.0; energy: -24.0; 2,1,2,2,2,2,1,2,2,1,0,0,0,0,1,1,2,1,2,2,2,0,1,2,0,0,2,0,2,1,0,0,0,1,0,2,2,1,0,1,0,2,0,1,2,0,0,0,0,0,0,0,2,0,0,2,2,0,0,0,0,0
Best fitness found so far: -29.0; distance: 11.704699910719626
Generation: 60; 
d: 10.63014581273465; energy: -25.0; 1,0,1,1,0,0,0,0,2,2,0,1,0,0,2,0,0,1,0,0,0,1,0,0,0,0,2,0,2,1,0,0,0,1,0,2,0,2,2,0,2,2,2,2,1,1,0,0,0,2,0,0,1,1,2,1,2,1,1,2,2,1
Best fitness found so far: -29.0; distance: 11.704699910719626
Generation: 61; 
d: 10.63014581273465; energy: -25.0; 1,0,1,1,0,0,0,0,2,2,0,1,0,0,2,0,0,1,0,0,0,1,0,0,0,0,2,0,2,1,0,0,0,1,0,2,0,2,2,0,2,2,2,2,1,1,0,0,0,2,0,0,1,1,2,1,2,1,1,2,2,1
Best fitness found so far: -29.0; distance: 11.704699910719626
Generation: 62; 
d: 13.0; energy: -29.0; 1,0,1,1,0,0,0,2,1,0,1,0,0,0,2,0,0,0,2,0,0,1,1,1,1,2,0,0,1,0,1,2,2,0,2,2,2,0,2,0,2,1,0,0,1,0,0,1,0,2,0,1,0,0,1,0,0,1,0,0,2,2
Best fitness found so far: -29.0; distance: 11.704699910719626
Generation: 63; 
d: 13.0; energy: -29.0; 1,0,1,1,0,0,0,2,1,0,1,0,0,0,2,0,0,0,2,0,0,1,1,1,1,2,0,0,1,0,1,2,2,0,2,2,2,0,2,0,2,1,0,0,1,0,0,1,0,2,0,1,0,0,1,0,0,1,0,0,2,2
Best fitness found so far: -29.0; distance: 11.704699910719626
Generation: 64; 
d: 13.0; energy: -29.0; 1,0,1,1,0,0,0,2,1,0,1,0,0,0,2,0,0,0,2,0,0,1,1,1,1,2,0,0,1,0,1,2,2,0,2,2,2,0,2,0,2,1,0,0,1,0,0,1,0,2,0,1,0,0,1,0,0,2,0,0,1,1
Best fitness found so far: -29.0; distance: 11.704699910719626
Generation: 65; 
d: 13.0; energy: -29.0; 1,0,1,1,0,0,0,2,1,0,1,0,0,0,2,0,0,0,2,0,0,1,1,1,1,2,0,0,1,0,1,2,2,0,2,2,2,0,2,0,2,1,0,0,1,0,0,1,0,2,0,1,0,0,1,0,0,2,0,0,1,1
Best fitness found so far: -29.0; distance: 11.704699910719626
Generation: 66; 
d: 10.63014581273465; energy: -27.0; 1,0,1,1,0,0,0,2,1,0,1,0,0,0,2,0,0,0,2,0,0,2,1,0,0,0,0,0,0,0,0,0,0,1,1,1,2,2,1,0,2,1,0,0,1,0,0,2,1,0,1,1,0,0,2,1,2,2,1,2,0,0
Best fitness found so far: -29.0; distance: 11.704699910719626
Generation: 67; 
d: 10.63014581273465; energy: -27.0; 1,0,1,1,0,0,0,2,1,0,1,0,0,0,2,0,0,0,2,0,0,2,1,0,0,0,0,0,0,0,0,0,0,1,1,1,2,2,1,0,2,1,0,0,1,0,0,2,1,0,1,1,0,0,2,1,2,2,1,2,0,0
Best fitness found so far: -29.0; distance: 11.704699910719626
Generation: 68; 
d: 11.40175425099138; energy: -26.0; 1,0,1,1,0,0,0,0,2,2,0,1,0,0,2,0,0,1,2,2,0,0,1,0,0,2,2,0,0,0,0,0,1,1,0,0,2,1,2,1,1,1,0,0,1,2,2,0,0,2,0,0,1,1,2,1,2,1,1,2,2,1
Best fitness found so far: -29.0; distance: 11.704699910719626
Generation: 69; 
d: 13.0; energy: -26.0; 1,0,1,1,0,0,0,2,1,0,1,0,0,0,2,0,0,0,2,0,0,1,1,1,1,2,0,0,1,0,1,2,2,0,2,2,2,0,2,0,2,1,0,0,1,0,0,1,0,2,0,1,0,1,2,2,2,1,1,0,0,1
Best fitness found so far: -29.0; distance: 11.704699910719626
Generation: 70; 
d: 13.0; energy: -26.0; 1,0,1,1,0,0,0,2,1,0,1,0,0,0,2,0,0,0,2,0,0,1,1,1,1,2,0,0,1,0,1,2,2,0,2,2,2,0,2,0,2,1,0,0,1,0,0,1,0,2,0,1,0,1,2,2,2,1,1,0,0,1
Best fitness found so far: -29.0; distance: 11.704699910719626
Generation: 71; 
d: 11.180339887498949; energy: -26.0; 1,0,1,1,0,0,0,0,2,2,0,1,0,0,2,0,0,1,0,0,0,1,0,0,0,0,2,0,2,1,0,0,0,1,0,2,0,2,1,2,1,0,0,0,0,0,2,2,1,1,0,0,1,1,2,1,2,2,2,0,0,0
Best fitness found so far: -29.0; distance: 11.704699910719626
Generation: 72; 
d: 13.0; energy: -27.0; 1,0,1,1,0,0,0,2,1,0,1,0,0,0,2,0,0,0,2,0,0,1,1,1,1,2,0,0,1,0,1,2,2,0,2,2,2,0,2,0,2,1,0,0,1,0,0,1,0,2,0,1,0,0,1,0,0,0,0,1,1,2
Best fitness found so far: -29.0; distance: 11.704699910719626
Generation: 73; 
d: 13.0; energy: -27.0; 1,0,1,1,0,0,0,2,1,0,1,0,0,0,2,0,0,0,2,0,0,1,1,1,1,2,0,0,1,0,1,2,2,0,2,2,2,0,2,0,2,1,0,0,1,0,0,1,0,2,0,1,0,0,1,0,0,0,0,1,1,2
Best fitness found so far: -29.0; distance: 11.704699910719626
Generation: 74; 
d: 13.0; energy: -27.0; 1,0,1,1,0,0,0,2,1,0,1,0,0,0,2,0,0,0,2,0,0,1,1,1,1,2,0,0,1,0,1,2,2,0,2,2,2,0,2,0,2,1,0,0,1,0,0,1,0,2,0,1,0,0,0,2,0,0,0,1,0,1
Best fitness found so far: -29.0; distance: 11.704699910719626
Generation: 75; 
d: 13.0; energy: -27.0; 1,0,1,1,0,0,0,2,1,0,1,0,0,0,2,0,0,0,2,0,0,1,1,1,1,2,0,0,1,0,1,2,2,0,2,2,2,0,2,0,2,1,0,0,1,0,0,1,0,2,0,1,0,0,0,2,0,0,0,1,0,1
Best fitness found so far: -29.0; distance: 11.704699910719626
Generation: 76; 
d: 13.0; energy: -29.0; 1,0,1,1,0,0,0,2,1,0,1,0,0,0,2,0,0,0,2,0,0,1,1,1,1,2,0,0,1,0,1,2,2,0,2,2,2,0,2,0,2,1,0,0,1,0,0,1,0,2,0,1,0,0,1,0,1,1,0,1,0,0
Best fitness found so far: -29.0; distance: 11.704699910719626
Generation: 77; 
d: 13.0; energy: -29.0; 1,0,1,1,0,0,0,2,1,0,1,0,0,0,2,0,0,0,2,0,0,1,1,1,1,2,0,0,1,0,1,2,2,0,2,2,2,0,2,0,2,1,0,0,1,0,0,1,0,2,0,1,0,0,1,0,1,1,0,1,0,0
Best fitness found so far: -29.0; distance: 11.704699910719626
Generation: 78; 
d: 13.341664064126334; energy: -27.0; 1,0,1,1,0,0,0,0,2,2,0,1,0,0,2,0,0,1,0,0,0,1,0,0,0,1,1,0,0,1,2,1,2,1,1,1,1,2,0,2,2,2,1,1,1,0,0,1,1,1,2,2,0,0,2,2,0,0,0,0,2,2
Best fitness found so far: -29.0; distance: 11.704699910719626
Generation: 79; 
d: 13.341664064126334; energy: -27.0; 1,0,1,1,0,0,0,0,2,2,0,1,0,0,2,0,0,1,0,0,0,1,0,0,0,1,1,0,0,1,2,1,2,1,1,1,1,2,0,2,2,2,1,1,1,0,0,1,1,1,2,2,0,0,2,2,0,0,0,0,2,2
Best fitness found so far: -29.0; distance: 11.704699910719626
Generation: 80; 
d: 10.295630140987; energy: -29.0; 1,0,1,1,0,0,0,0,2,2,0,1,0,0,2,0,0,1,0,0,0,1,0,0,0,1,1,0,0,2,2,0,1,0,0,2,2,1,1,2,1,0,0,0,2,1,0,1,0,0,2,2,2,0,0,0,2,2,1,1,2,2
Best fitness found so far: -29.0; distance: 11.704699910719626
Generation: 81; 
d: 10.295630140987; energy: -29.0; 1,0,1,1,0,0,0,0,2,2,0,1,0,0,2,0,0,1,0,0,0,1,0,0,0,1,1,0,0,2,2,0,1,0,0,2,2,1,1,2,1,0,0,0,2,1,0,1,0,0,2,2,2,0,0,0,2,2,1,1,2,2
Best fitness found so far: -29.0; distance: 11.704699910719626
Generation: 82; 
d: 12.36931687685298; energy: -28.0; 1,0,1,1,0,0,0,0,2,2,0,1,0,0,2,0,0,1,0,0,0,1,0,0,0,1,1,0,0,1,2,1,2,1,1,1,1,2,0,2,2,1,0,0,2,1,0,1,0,0,2,2,0,0,1,0,2,2,1,1,2,2
Best fitness found so far: -29.0; distance: 11.704699910719626
Generation: 83; 
d: 12.36931687685298; energy: -28.0; 1,0,1,1,0,0,0,0,2,2,0,1,0,0,2,0,0,1,0,0,0,1,0,0,0,1,1,0,0,1,2,1,2,1,1,1,1,2,0,2,2,1,0,0,2,1,0,1,0,0,2,2,0,0,1,0,2,2,1,1,2,2
Best fitness found so far: -29.0; distance: 11.704699910719626
Generation: 84; 
d: 13.038404810405298; energy: -28.0; 1,0,1,1,0,0,0,2,1,0,1,0,0,0,2,0,0,0,2,0,0,2,1,0,0,0,0,0,0,0,0,0,0,1,1,2,2,2,0,1,2,2,1,2,0,2,2,0,2,0,2,2,1,2,1,1,2,0,2,2,0,1
Best fitness found so far: -29.0; distance: 11.704699910719626
Generation: 85; 
d: 13.038404810405298; energy: -28.0; 1,0,1,1,0,0,0,2,1,0,1,0,0,0,2,0,0,0,2,0,0,2,1,0,0,0,0,0,0,0,0,0,0,1,1,2,2,2,0,1,2,2,1,2,0,2,2,0,2,0,2,2,1,2,1,1,2,0,2,2,0,1
Best fitness found so far: -29.0; distance: 11.704699910719626
Generation: 86; 
d: 13.0; energy: -29.0; 1,0,1,1,0,0,0,2,1,0,1,0,0,0,2,0,0,0,2,0,0,1,1,1,1,2,0,0,1,0,1,2,2,0,2,2,2,0,2,0,2,1,0,0,1,0,0,1,0,2,0,1,0,0,0,1,1,0,1,0,0,1
Best fitness found so far: -29.0; distance: 11.704699910719626
Generation: 87; 
d: 13.0; energy: -29.0; 1,0,1,1,0,0,0,2,1,0,1,0,0,0,2,0,0,0,2,0,0,1,1,1,1,2,0,0,1,0,1,2,2,0,2,2,2,0,2,0,2,1,0,0,1,0,0,1,0,2,0,1,0,0,0,1,1,0,1,0,0,1
Best fitness found so far: -29.0; distance: 11.704699910719626
Generation: 88; 
d: 12.206555615733702; energy: -29.0; 1,0,1,1,0,0,0,0,2,2,0,1,0,0,2,0,0,1,0,0,0,1,0,0,0,1,1,0,0,2,2,0,1,0,0,2,2,1,2,2,2,0,0,0,2,1,0,1,0,0,2,1,0,0,2,0,1,0,0,0,0,2
Best fitness found so far: -29.0; distance: 11.704699910719626
Generation: 89; 
d: 12.206555615733702; energy: -29.0; 1,0,1,1,0,0,0,0,2,2,0,1,0,0,2,0,0,1,0,0,0,1,0,0,0,1,1,0,0,2,2,0,1,0,0,2,2,1,2,2,2,0,0,0,2,1,0,1,0,0,2,1,0,0,2,0,1,0,0,0,0,2
Best fitness found so far: -29.0; distance: 11.704699910719626
Generation: 90; 
d: 10.63014581273465; energy: -27.0; 1,0,1,1,0,0,0,0,2,2,0,1,0,0,2,0,0,1,0,0,0,1,0,0,0,0,2,0,2,1,0,0,0,1,0,2,2,2,2,0,2,2,2,2,1,1,0,0,0,2,0,0,1,1,2,1,2,0,1,2,2,1
Best fitness found so far: -29.0; distance: 11.704699910719626
Generation: 91; 
d: 10.63014581273465; energy: -27.0; 1,0,1,1,0,0,0,0,2,2,0,1,0,0,2,0,0,1,0,0,0,1,0,0,0,0,2,0,2,1,0,0,0,1,0,2,2,2,2,0,2,2,2,2,1,1,0,0,0,2,0,0,1,1,2,1,2,0,1,2,2,1
Best fitness found so far: -29.0; distance: 11.704699910719626
Generation: 92; 
d: 13.0; energy: -29.0; 1,0,1,1,0,0,0,2,1,0,1,0,0,0,2,0,0,0,2,0,0,1,1,1,1,2,0,0,1,0,1,2,2,0,2,2,2,0,2,0,2,1,0,0,1,0,0,1,0,2,0,1,0,0,1,1,2,0,1,2,1,0
Best fitness found so far: -29.0; distance: 11.704699910719626
Generation: 93; 
d: 13.0; energy: -29.0; 1,0,1,1,0,0,0,2,1,0,1,0,0,0,2,0,0,0,2,0,0,1,1,1,1,2,0,0,1,0,1,2,2,0,2,2,2,0,2,0,2,1,0,0,1,0,0,1,0,2,0,1,0,0,1,1,2,0,1,2,1,0
Best fitness found so far: -29.0; distance: 11.704699910719626
Generation: 94; 
d: 10.63014581273465; energy: -27.0; 1,0,1,1,0,0,0,0,2,2,0,1,0,0,2,0,0,1,0,0,0,1,0,0,0,0,2,0,2,1,0,0,0,1,0,2,2,2,2,0,2,2,2,2,1,1,0,0,0,2,0,0,1,1,2,1,2,0,1,2,2,1
Best fitness found so far: -29.0; distance: 11.704699910719626
Generation: 95; 
d: 10.295630140987; energy: -27.0; 1,0,1,1,0,0,0,0,2,2,0,1,0,0,2,0,0,1,0,0,0,1,0,0,0,1,1,0,0,0,1,2,2,2,2,0,0,0,0,2,1,0,0,0,2,1,0,1,0,0,2,1,0,0,1,2,2,0,2,1,2,1
Best fitness found so far: -29.0; distance: 11.704699910719626
Generation: 96; 
d: 10.295630140987; energy: -29.0; 1,0,1,1,0,0,0,0,2,2,0,1,0,0,2,0,0,1,0,0,0,1,0,0,0,1,1,0,0,2,2,0,1,0,0,2,2,1,1,2,1,0,0,0,2,1,0,1,0,0,2,2,2,0,0,0,2,2,1,1,2,2
Best fitness found so far: -29.0; distance: 11.704699910719626
Generation: 97; 
d: 10.295630140987; energy: -29.0; 1,0,1,1,0,0,0,0,2,2,0,1,0,0,2,0,0,1,0,0,0,1,0,0,0,1,1,0,0,2,2,0,1,0,0,2,2,1,1,2,1,0,0,0,2,1,0,1,0,0,2,2,2,0,0,0,2,2,1,1,2,2
Best fitness found so far: -29.0; distance: 11.704699910719626
Generation: 98; 
d: 11.180339887498949; energy: -30.0; 1,0,1,1,0,0,0,0,2,2,0,1,0,0,2,0,0,1,0,0,0,1,0,0,0,1,1,0,0,2,2,0,1,0,0,2,2,1,1,1,1,0,0,2,2,0,0,2,0,0,1,1,2,0,2,2,2,0,1,0,0,1
Best fitness found so far: -30.0; distance: 11.180339887498949
Generation: 99; 
d: 11.180339887498949; energy: -30.0; 1,0,1,1,0,0,0,0,2,2,0,1,0,0,2,0,0,1,0,0,0,1,0,0,0,1,1,0,0,2,2,0,1,0,0,2,2,1,1,1,1,0,0,2,2,0,0,2,0,0,1,1,2,0,2,2,2,0,1,0,0,1
Best fitness found so far: -30.0; distance: 11.180339887498949
Generation: 100; 
d: 9.848857801796104; energy: -29.0; 1,0,1,1,0,0,0,0,2,2,0,1,0,0,2,0,0,1,0,0,0,1,0,0,0,0,2,0,2,1,0,0,0,1,0,2,2,1,1,2,1,0,0,0,2,1,0,1,0,0,2,2,2,0,2,1,2,0,1,2,2,1
Best fitness found so far: -30.0; distance: 11.180339887498949
Generation: 101; 
d: 11.704699910719626; energy: -29.0; 1,0,1,2,0,0,0,0,1,2,2,1,0,0,2,0,0,1,0,0,0,1,0,0,1,0,0,1,2,2,0,0,1,1,0,0,1,0,1,1,0,2,2,0,1,1,2,0,1,2,2,0,2,2,1,1,0,2,0,0,2,2
Best fitness found so far: -30.0; distance: 11.180339887498949
Generation: 102; 
d: 13.0; energy: -29.0; 1,0,1,1,0,0,0,2,1,0,1,0,0,0,2,0,0,0,2,0,0,1,1,1,1,2,0,0,1,0,1,2,2,0,2,2,2,0,2,0,2,1,0,0,1,1,0,0,0,2,0,1,0,0,1,1,2,0,1,2,1,0
Best fitness found so far: -30.0; distance: 11.180339887498949
Generation: 103; 
d: 11.661903789690601; energy: -29.0; 1,0,1,1,0,0,0,0,2,2,0,1,0,0,2,0,0,1,0,0,0,1,0,0,0,1,1,0,0,2,0,0,0,1,0,2,2,1,1,2,1,0,0,0,2,0,0,1,0,0,1,2,2,1,1,1,0,0,0,0,0,0
Best fitness found so far: -30.0; distance: 11.180339887498949
Generation: 104; 
d: 11.661903789690601; energy: -29.0; 1,0,1,1,0,0,0,0,2,2,0,1,0,0,2,0,0,1,0,0,0,1,0,0,0,1,1,0,0,2,0,0,0,1,0,2,2,1,1,2,1,0,0,0,2,0,0,1,0,0,1,2,2,1,1,1,0,0,0,0,0,0
Best fitness found so far: -30.0; distance: 11.180339887498949
Generation: 105; 
d: 10.63014581273465; energy: -30.0; 1,0,1,1,0,0,0,0,2,2,0,1,0,0,2,0,0,1,0,0,0,1,0,0,0,1,1,0,0,2,2,0,1,0,0,2,2,1,1,2,1,0,0,0,2,1,0,1,0,0,2,2,2,0,1,1,2,2,1,1,0,0
Best fitness found so far: -30.0; distance: 11.180339887498949
Generation: 106; 
d: 10.63014581273465; energy: -30.0; 1,0,1,1,0,0,0,0,2,2,0,1,0,0,2,0,0,1,0,0,0,1,0,0,0,1,1,0,0,2,2,0,1,0,0,2,2,1,1,2,1,0,0,0,2,1,0,1,0,0,2,2,2,0,1,1,2,2,1,1,0,0
Best fitness found so far: -30.0; distance: 11.180339887498949
Generation: 107; 
d: 9.848857801796104; energy: -30.0; 1,0,1,1,0,0,0,0,2,2,0,1,0,0,2,0,0,1,0,0,0,1,0,0,0,0,2,0,2,1,0,0,0,1,0,2,2,1,1,2,1,0,0,0,2,1,0,1,0,0,0,0,0,0,0,2,2,0,0,1,0,1
Best fitness found so far: -30.0; distance: 11.180339887498949
Generation: 108; 
d: 9.848857801796104; energy: -30.0; 1,0,1,1,0,0,0,0,2,2,0,1,0,0,2,0,0,1,0,0,0,1,0,0,0,0,2,0,2,1,0,0,0,1,0,2,2,1,1,2,1,0,0,0,2,1,0,1,0,0,0,0,0,0,0,2,2,0,0,1,0,1
Best fitness found so far: -30.0; distance: 11.180339887498949
Generation: 109; 
d: 10.295630140987; energy: -29.0; 1,0,1,1,0,0,0,0,2,2,0,1,0,0,2,0,0,1,0,0,0,1,0,0,0,1,2,0,2,1,0,0,0,0,0,2,2,1,1,2,1,0,0,0,2,1,0,1,0,0,2,2,0,0,1,0,2,2,1,1,0,1
Best fitness found so far: -30.0; distance: 11.180339887498949
Generation: 110; 
d: 9.848857801796104; energy: -30.0; 1,0,1,1,0,0,0,0,2,2,0,1,0,0,2,0,0,1,0,0,0,1,0,0,0,0,2,0,2,1,0,0,1,1,0,2,2,1,1,2,1,0,0,0,2,1,0,1,0,0,0,1,0,0,1,0,2,2,1,1,2,2
Best fitness found so far: -30.0; distance: 11.180339887498949
Generation: 111; 
d: 9.848857801796104; energy: -30.0; 1,0,1,1,0,0,0,0,2,2,0,1,0,0,2,0,0,1,0,0,0,1,0,0,0,0,2,0,2,1,0,0,1,1,0,2,2,1,1,2,1,0,0,0,2,1,0,1,0,0,0,1,0,0,1,0,2,2,1,1,2,2
Best fitness found so far: -30.0; distance: 11.180339887498949
Generation: 112; 
d: 10.295630140987; energy: -29.0; 1,0,1,1,0,0,0,0,2,2,0,1,0,0,2,0,0,1,0,0,0,1,0,0,0,0,2,0,2,1,0,0,0,1,0,2,2,1,1,2,1,0,0,0,2,1,0,1,0,0,2,2,0,0,1,0,2,2,1,1,0,1
Best fitness found so far: -30.0; distance: 11.180339887498949
Generation: 113; 
d: 10.295630140987; energy: -29.0; 1,0,1,1,0,0,0,0,2,2,0,1,0,0,2,0,0,1,0,0,0,1,0,0,0,1,2,0,2,1,0,0,0,1,0,2,2,1,1,2,1,0,0,0,2,1,0,1,0,0,2,2,0,0,1,0,2,2,1,1,0,1
Best fitness found so far: -30.0; distance: 11.180339887498949
Generation: 114; 
d: 9.848857801796104; energy: -30.0; 1,0,1,1,0,0,0,0,2,2,0,1,0,0,2,0,0,1,0,0,0,1,0,0,0,0,2,0,2,1,0,0,0,1,0,2,2,1,1,2,1,0,0,0,2,1,0,1,0,0,2,2,2,0,0,0,1,2,1,0,0,1
Best fitness found so far: -30.0; distance: 11.180339887498949
Generation: 115; 
d: 9.848857801796104; energy: -30.0; 1,0,1,1,0,0,0,0,2,2,0,1,0,0,2,0,0,1,0,0,0,1,0,0,0,0,2,0,2,1,0,0,0,1,0,2,2,1,1,2,1,0,0,0,2,1,0,1,0,0,2,2,2,0,2,0,0,2,1,0,0,1
Best fitness found so far: -30.0; distance: 11.180339887498949
Generation: 116; 
d: 9.848857801796104; energy: -30.0; 1,0,1,1,0,0,0,0,2,2,0,1,0,0,2,0,0,1,0,0,0,1,0,0,0,0,2,0,2,1,0,0,0,1,0,2,2,1,1,2,1,0,0,0,2,1,0,1,0,0,2,2,2,0,2,0,0,2,1,0,0,1
Best fitness found so far: -30.0; distance: 11.180339887498949
Generation: 117; 
d: 11.313708498984761; energy: -30.0; 1,0,1,1,0,0,0,0,2,2,0,0,0,0,2,0,0,1,0,0,0,1,0,0,0,1,1,0,0,2,0,0,0,1,0,2,2,1,1,2,1,0,0,0,2,1,0,1,0,0,0,1,0,2,2,1,2,1,0,0,2,2
Best fitness found so far: -30.0; distance: 11.180339887498949
Generation: 118; 
d: 11.313708498984761; energy: -30.0; 1,0,1,1,0,0,0,0,2,2,0,0,0,0,2,0,0,1,0,0,0,1,0,0,0,1,1,0,0,2,0,0,0,1,0,2,2,1,1,2,1,0,0,0,2,1,0,1,0,0,0,1,0,2,2,1,2,1,0,0,2,2
Best fitness found so far: -30.0; distance: 11.180339887498949
Generation: 119; 
d: 9.848857801796104; energy: -30.0; 1,0,1,1,0,0,0,0,2,2,0,1,0,0,2,0,0,1,0,0,0,1,0,0,0,0,2,0,2,1,0,0,0,1,0,2,2,1,1,2,1,0,0,0,2,1,0,1,0,0,2,1,0,2,2,1,2,1,0,0,2,2
Best fitness found so far: -30.0; distance: 11.180339887498949
Generation: 120; 
d: 9.848857801796104; energy: -30.0; 1,0,1,1,0,0,0,0,2,2,0,1,0,0,2,0,0,1,0,0,0,1,0,0,0,0,2,0,2,1,0,0,0,1,0,2,2,1,1,2,1,0,0,0,2,1,0,1,0,0,2,1,0,2,2,1,2,1,0,0,2,2
Best fitness found so far: -30.0; distance: 11.180339887498949
Generation: 121; 
d: 9.848857801796104; energy: -30.0; 1,0,1,1,0,0,0,0,2,2,0,1,0,0,2,0,0,1,1,0,0,1,0,0,0,0,2,0,2,1,0,0,0,1,0,2,2,1,1,2,1,0,0,0,2,1,0,1,0,0,2,2,1,0,0,0,1,0,0,0,2,1
Best fitness found so far: -30.0; distance: 11.180339887498949
Generation: 122; 
d: 9.848857801796104; energy: -30.0; 1,0,1,1,0,0,0,0,2,2,0,1,0,0,2,0,0,1,1,0,0,1,0,0,0,0,2,0,2,1,0,0,0,1,0,2,2,1,1,2,1,0,0,0,2,1,0,1,0,0,2,2,1,0,0,0,1,0,0,0,2,1
Best fitness found so far: -30.0; distance: 11.180339887498949
Generation: 123; 
d: 9.848857801796104; energy: -30.0; 1,0,1,1,0,0,0,0,2,2,0,1,0,0,2,0,0,1,0,0,0,1,0,0,0,1,2,0,2,1,0,0,0,0,0,2,2,1,1,2,1,0,0,0,2,1,0,1,0,0,2,2,2,0,1,0,2,2,1,0,2,2
Best fitness found so far: -30.0; distance: 11.180339887498949
Generation: 124; 
d: 9.848857801796104; energy: -30.0; 1,0,1,1,0,0,0,0,2,2,0,1,0,0,2,0,0,1,0,0,0,1,0,0,0,1,2,0,2,1,0,0,0,0,0,2,2,1,1,2,1,0,0,0,2,1,0,1,0,0,2,2,2,0,1,0,2,2,1,0,2,2
Best fitness found so far: -30.0; distance: 11.180339887498949
Generation: 125; 
d: 9.848857801796104; energy: -30.0; 1,0,1,1,0,0,0,0,2,2,0,1,0,0,2,0,0,1,0,0,0,1,0,0,0,1,2,0,2,1,0,0,0,1,0,2,2,1,1,2,1,0,0,0,2,1,0,1,0,0,2,2,0,0,1,0,2,2,1,0,2,2
Best fitness found so far: -30.0; distance: 11.180339887498949
Generation: 126; 
d: 9.848857801796104; energy: -30.0; 1,0,1,1,0,0,0,0,2,2,0,1,0,0,2,0,0,1,0,0,0,1,0,0,0,1,2,0,2,1,0,0,0,1,0,2,2,1,1,2,1,0,0,0,2,1,0,1,0,0,2,2,0,0,1,0,2,2,1,0,2,2
Best fitness found so far: -30.0; distance: 11.180339887498949
Generation: 127; 
d: 9.848857801796104; energy: -30.0; 1,0,1,1,0,0,0,0,2,2,0,1,0,0,2,0,0,1,0,0,0,1,0,0,0,0,2,0,2,1,0,0,0,1,0,2,2,1,1,2,1,0,0,0,2,1,0,1,0,0,2,2,0,0,1,0,2,2,1,0,0,0
Best fitness found so far: -30.0; distance: 11.180339887498949
Generation: 128; 
d: 9.848857801796104; energy: -30.0; 1,0,1,1,0,0,0,0,2,2,0,1,0,0,2,0,0,1,0,0,0,1,0,0,0,0,2,0,2,1,0,0,0,1,0,2,2,1,1,2,1,0,0,0,2,1,0,1,0,0,2,2,0,0,1,0,2,2,1,0,0,0
Best fitness found so far: -30.0; distance: 11.180339887498949
Generation: 129; 
d: 9.848857801796104; energy: -30.0; 1,0,1,1,0,0,0,0,2,2,0,1,0,0,2,0,0,1,0,0,0,0,0,0,0,1,2,0,2,1,0,0,0,1,0,2,2,1,1,2,1,0,0,0,2,1,0,1,0,0,2,2,2,0,2,0,0,2,1,0,0,1
Best fitness found so far: -30.0; distance: 11.180339887498949
Generation: 130; 
d: 9.848857801796104; energy: -30.0; 1,0,1,1,0,0,0,0,2,2,0,1,0,0,2,0,0,1,0,0,0,0,0,0,0,1,2,0,2,1,0,0,0,1,0,2,2,1,1,2,1,0,0,0,2,1,0,1,0,0,2,2,2,0,2,0,0,2,1,0,0,1
Best fitness found so far: -30.0; distance: 11.180339887498949
Generation: 131; 
d: 9.848857801796104; energy: -30.0; 1,0,1,1,0,0,0,0,2,2,0,1,0,0,2,0,0,1,0,0,0,1,0,0,0,1,2,0,2,1,0,0,0,1,0,2,2,1,1,2,1,0,0,0,2,1,0,1,0,0,2,2,1,0,0,0,1,0,0,0,2,1
Best fitness found so far: -30.0; distance: 11.180339887498949
Generation: 132; 
d: 9.848857801796104; energy: -30.0; 1,0,1,1,0,0,0,0,2,2,0,1,0,0,2,0,0,1,0,0,0,1,0,0,0,1,2,0,2,1,0,0,0,1,0,2,2,1,1,2,1,0,0,0,2,1,0,1,0,0,2,2,1,0,0,0,1,0,0,0,2,1
Best fitness found so far: -30.0; distance: 11.180339887498949
Generation: 133; 
d: 9.848857801796104; energy: -30.0; 1,0,1,1,0,0,0,0,2,2,0,1,0,0,2,0,0,1,0,0,0,1,0,0,0,1,2,0,2,1,0,0,0,1,0,2,2,1,1,2,1,0,0,0,2,1,0,1,0,0,2,1,0,0,1,0,2,2,1,1,2,2
Best fitness found so far: -30.0; distance: 11.180339887498949
Generation: 134; 
d: 9.848857801796104; energy: -30.0; 1,0,1,1,0,0,0,0,2,2,0,1,0,0,2,0,0,1,0,0,0,1,0,0,0,1,2,0,2,1,0,0,0,1,0,2,2,1,1,2,1,0,0,0,2,1,0,1,0,0,2,1,0,0,1,0,2,2,1,1,2,2
Best fitness found so far: -30.0; distance: 11.180339887498949
Generation: 135; 
d: 9.848857801796104; energy: -30.0; 1,0,1,1,0,0,0,0,2,2,0,1,0,0,2,0,0,1,0,0,0,1,0,0,0,0,2,0,2,1,0,0,0,1,0,2,2,1,1,2,1,0,0,0,2,1,0,1,0,0,0,1,0,2,2,1,2,1,0,0,0,0
Best fitness found so far: -30.0; distance: 11.180339887498949
Generation: 136; 
d: 10.770329614269007; energy: -31.0; 1,0,1,1,0,0,0,0,2,2,0,1,0,0,2,0,0,1,1,0,0,1,0,0,0,0,2,0,2,1,0,0,1,2,1,1,1,0,1,2,1,0,0,0,2,1,0,1,0,0,2,2,1,0,0,0,1,0,0,0,2,1
Best fitness found so far: -31.0; distance: 10.770329614269007
Generation: 137; 
d: 10.770329614269007; energy: -31.0; 1,0,1,1,0,0,0,0,2,2,0,1,0,0,2,0,0,1,1,0,0,1,0,0,0,0,2,0,2,1,0,0,1,2,1,1,1,0,1,2,1,0,0,0,2,1,0,1,0,0,2,2,1,0,0,0,1,0,0,0,2,1
Best fitness found so far: -31.0; distance: 10.770329614269007
Generation: 138; 
d: 10.770329614269007; energy: -31.0; 1,0,1,1,0,0,0,0,2,2,0,1,0,0,2,0,0,1,0,0,0,1,0,0,0,1,2,0,2,1,0,0,1,2,1,1,1,0,1,2,1,0,0,0,2,1,0,1,0,0,2,2,1,0,0,1,2,1,1,2,2,1
Best fitness found so far: -31.0; distance: 10.770329614269007
Generation: 139; 
d: 10.770329614269007; energy: -31.0; 1,0,1,1,0,0,0,0,2,2,0,1,0,0,2,0,0,1,0,0,0,1,0,0,0,1,2,0,2,1,0,0,1,2,1,1,1,0,1,2,1,0,0,0,2,1,0,1,0,0,2,2,1,0,0,1,2,1,1,2,2,1
Best fitness found so far: -31.0; distance: 10.770329614269007
Generation: 140; 
d: 10.770329614269007; energy: -31.0; 1,0,1,1,0,0,0,0,2,2,0,1,0,0,2,0,0,1,1,0,0,1,0,0,0,0,2,0,2,1,0,0,1,2,1,1,1,0,1,2,1,0,0,0,2,1,0,1,0,0,2,2,1,0,0,0,1,0,0,0,2,1
Best fitness found so far: -31.0; distance: 10.770329614269007
Generation: 141; 
d: 10.770329614269007; energy: -31.0; 1,0,1,1,0,0,0,0,2,2,0,1,0,0,2,0,0,1,1,0,0,1,0,0,0,0,2,0,2,1,0,0,1,2,1,1,1,0,1,2,1,0,0,0,2,1,0,1,0,0,0,0,0,1,2,1,0,0,0,0,2,1
Best fitness found so far: -31.0; distance: 10.770329614269007
Generation: 142; 
d: 10.770329614269007; energy: -31.0; 1,0,1,1,0,0,0,0,2,2,0,1,0,0,2,0,0,1,1,0,0,1,0,0,0,0,2,0,2,1,0,0,1,2,1,1,1,0,1,2,1,0,0,0,2,1,0,1,0,0,0,0,0,1,2,1,0,0,0,0,2,1
Best fitness found so far: -31.0; distance: 10.770329614269007
Generation: 143; 
d: 10.770329614269007; energy: -31.0; 1,0,1,1,0,0,0,0,2,2,0,1,0,0,2,0,0,1,0,0,0,1,0,0,0,0,2,0,2,1,0,0,1,2,1,1,1,0,1,2,1,0,0,0,2,1,0,1,0,0,2,2,1,0,0,1,2,1,1,2,2,1
Best fitness found so far: -31.0; distance: 10.770329614269007
Generation: 144; 
d: 10.770329614269007; energy: -31.0; 1,0,1,1,0,0,0,0,2,2,0,1,0,0,2,0,0,1,0,0,0,1,0,0,0,0,2,0,2,1,0,0,1,2,1,1,1,0,1,2,1,0,0,0,2,1,0,1,0,0,2,2,1,0,0,1,2,1,1,2,2,1
Best fitness found so far: -31.0; distance: 10.770329614269007
Generation: 145; 
d: 10.770329614269007; energy: -31.0; 1,0,1,1,0,0,0,0,2,2,0,1,0,0,2,0,0,1,0,0,0,1,0,0,0,0,2,0,2,1,0,0,1,2,1,1,1,0,1,2,1,0,0,0,2,1,0,1,0,0,2,2,1,0,0,1,2,1,1,2,2,1
Best fitness found so far: -31.0; distance: 10.770329614269007
Generation: 146; 
d: 10.770329614269007; energy: -31.0; 1,0,1,1,0,0,0,0,2,2,0,1,0,0,2,0,0,1,0,0,0,1,0,0,0,0,2,0,2,1,0,0,1,2,1,1,1,0,1,2,1,0,0,0,2,1,0,1,0,0,2,2,1,0,0,1,2,1,1,2,2,1
Best fitness found so far: -31.0; distance: 10.770329614269007
Generation: 147; 
d: 10.770329614269007; energy: -31.0; 1,0,1,1,0,0,0,0,2,2,0,1,0,0,2,0,0,1,0,0,0,1,0,0,0,0,2,0,2,1,0,0,1,2,1,1,1,0,1,2,1,0,0,0,2,1,0,1,0,0,0,0,0,1,2,1,0,0,0,0,2,1
Best fitness found so far: -31.0; distance: 10.770329614269007
Generation: 148; 
d: 10.770329614269007; energy: -31.0; 1,0,1,1,0,0,0,0,2,2,0,1,0,0,2,0,0,1,0,0,0,1,0,0,0,0,2,0,2,1,0,0,1,2,1,1,1,0,1,2,1,0,0,0,2,1,0,1,0,0,0,0,0,1,2,1,0,0,0,0,2,1
Best fitness found so far: -31.0; distance: 10.770329614269007
Generation: 149; 
d: 10.770329614269007; energy: -31.0; 1,0,1,1,0,0,0,0,2,2,0,1,0,0,2,0,0,1,0,0,0,1,0,0,0,0,2,0,2,1,0,0,1,2,1,1,1,0,1,2,1,0,0,0,2,1,0,1,0,0,0,0,0,1,2,1,0,0,0,0,2,1
Best fitness found so far: -31.0; distance: 10.770329614269007
Generation: 150; 
d: 10.770329614269007; energy: -31.0; 1,0,1,1,0,0,0,0,2,2,0,1,0,0,2,0,0,1,0,0,0,1,0,0,0,0,2,0,2,1,0,0,1,2,1,1,1,0,1,2,1,0,0,0,2,1,0,1,0,0,2,2,1,0,0,1,2,1,1,2,2,1
Best fitness found so far: -31.0; distance: 10.770329614269007
Generation: 151; 
d: 10.770329614269007; energy: -31.0; 1,0,1,1,0,0,0,0,2,2,0,1,0,0,2,0,0,1,0,0,0,1,0,0,0,0,2,0,2,1,0,0,1,2,1,1,1,0,1,2,1,0,0,0,2,1,0,1,0,0,2,2,1,0,0,1,2,1,1,2,2,1
Best fitness found so far: -31.0; distance: 10.770329614269007
Generation: 152; 
d: 10.770329614269007; energy: -31.0; 1,0,1,1,0,0,0,0,2,2,0,1,0,0,2,0,0,1,1,0,0,1,0,0,0,0,2,0,2,1,0,0,1,2,1,1,1,0,1,2,1,0,0,0,2,1,0,1,0,0,0,0,0,1,2,1,0,0,0,0,2,1
Best fitness found so far: -31.0; distance: 10.770329614269007
Generation: 153; 
d: 10.770329614269007; energy: -31.0; 1,0,1,1,0,0,0,0,2,2,0,1,0,0,2,0,0,1,1,0,0,1,0,0,0,0,2,0,2,1,0,0,1,2,1,1,1,0,1,2,1,0,0,0,2,1,0,1,0,0,0,0,0,1,2,1,0,0,0,0,2,1
Best fitness found so far: -31.0; distance: 10.770329614269007
Generation: 154; 
d: 10.770329614269007; energy: -32.0; 1,0,1,1,0,0,0,0,2,2,0,1,0,0,2,0,0,1,0,0,0,2,2,2,1,2,0,0,2,1,0,0,0,1,0,2,2,1,1,2,1,0,0,0,2,1,0,1,0,0,0,1,0,2,2,1,2,1,0,0,2,2
Best fitness found so far: -32.0; distance: 10.770329614269007
Generation: 155; 
d: 10.770329614269007; energy: -32.0; 1,0,1,1,0,0,0,0,2,2,0,1,0,0,2,0,0,1,0,0,0,2,2,2,1,2,0,0,2,1,0,0,0,1,0,2,2,1,1,2,1,0,0,0,2,1,0,1,0,0,0,1,0,2,2,1,2,1,0,0,2,2
Best fitness found so far: -32.0; distance: 10.770329614269007
Generation: 156; 
d: 9.848857801796104; energy: -30.0; 1,0,1,1,0,0,0,0,2,2,0,1,0,0,2,0,0,1,0,0,0,1,0,0,0,0,2,0,2,1,0,0,0,0,0,2,2,1,1,2,1,0,0,0,2,1,0,1,0,0,0,1,0,0,1,0,2,2,1,0,2,2
Best fitness found so far: -32.0; distance: 10.770329614269007
Generation: 157; 
d: 9.848857801796104; energy: -30.0; 1,0,1,1,0,0,0,0,2,2,0,1,0,0,2,0,0,1,0,0,0,1,0,0,0,0,2,0,2,1,0,0,0,1,0,2,2,1,1,2,1,0,0,0,2,1,0,1,0,0,2,2,1,0,0,0,1,0,0,0,2,1
Best fitness found so far: -32.0; distance: 10.770329614269007
Generation: 158; 
d: 9.848857801796104; energy: -30.0; 1,0,1,1,0,0,0,0,2,2,0,1,0,0,2,0,0,1,0,0,0,1,0,0,0,0,2,0,2,1,0,0,0,1,0,2,2,1,1,2,1,0,0,0,2,1,0,1,0,0,2,2,1,0,0,0,1,0,0,0,2,1
Best fitness found so far: -32.0; distance: 10.770329614269007
Generation: 159; 
d: 9.848857801796104; energy: -30.0; 1,0,1,1,0,0,0,0,2,2,0,1,0,0,2,0,0,1,0,0,0,1,0,0,0,0,2,0,2,1,0,0,0,1,0,2,2,1,1,2,1,0,0,0,2,1,0,1,0,0,2,2,2,0,0,0,1,2,1,0,0,1
Best fitness found so far: -32.0; distance: 10.770329614269007
Generation: 160; 
d: 9.848857801796104; energy: -30.0; 1,0,1,1,0,0,0,0,2,2,0,1,0,0,2,0,0,1,0,0,0,1,0,0,0,0,2,0,2,1,0,0,0,1,0,2,2,1,1,2,1,0,0,0,2,1,0,1,0,0,2,2,2,0,0,0,1,2,1,0,0,1
Best fitness found so far: -32.0; distance: 10.770329614269007
Generation: 161; 
d: 9.848857801796104; energy: -30.0; 1,0,1,1,0,0,0,0,2,2,0,1,0,0,2,0,0,1,0,0,0,1,0,0,0,0,2,0,2,1,0,0,1,1,0,2,2,1,1,2,1,0,0,0,2,1,0,1,0,0,2,2,2,0,1,0,2,2,1,0,0,0
Best fitness found so far: -32.0; distance: 10.770329614269007
Generation: 162; 
d: 10.770329614269007; energy: -32.0; 1,0,1,1,0,0,0,0,2,2,0,1,0,0,2,0,0,1,0,0,0,2,2,2,1,2,0,0,2,1,0,0,0,1,0,2,2,1,1,2,1,0,0,0,2,1,0,1,0,0,0,1,0,2,2,1,2,1,0,0,2,2
Best fitness found so far: -32.0; distance: 10.770329614269007
Generation: 163; 
d: 10.770329614269007; energy: -32.0; 1,0,1,1,0,0,0,0,2,2,0,1,0,0,2,0,0,1,0,0,0,2,2,2,1,2,0,0,2,1,0,0,0,1,0,2,2,1,1,2,1,0,0,0,2,1,0,1,0,0,0,1,0,2,2,1,2,1,0,0,2,2
Best fitness found so far: -32.0; distance: 10.770329614269007
Generation: 164; 
d: 10.770329614269007; energy: -32.0; 1,0,1,1,0,0,0,0,2,2,0,1,0,0,2,0,0,1,0,0,0,2,2,2,1,2,0,0,2,1,0,0,0,1,0,2,2,1,1,2,1,0,0,0,2,1,0,1,0,0,0,1,0,2,2,1,2,1,0,0,2,2
Best fitness found so far: -32.0; distance: 10.770329614269007
Generation: 165; 
d: 10.770329614269007; energy: -32.0; 1,0,1,1,0,0,0,0,2,2,0,1,0,0,2,0,0,1,0,0,0,2,2,2,1,2,0,0,2,1,0,0,0,1,0,2,2,1,1,2,1,0,0,0,2,1,0,1,0,0,0,1,0,2,2,1,2,1,0,0,2,2
Best fitness found so far: -32.0; distance: 10.770329614269007
Generation: 166; 
d: 12.36931687685298; energy: -31.0; 1,0,1,1,0,0,0,0,2,2,0,1,0,0,2,0,0,1,0,0,0,1,0,0,1,1,1,1,1,1,0,0,0,1,0,2,2,1,1,2,1,0,0,0,2,1,0,1,0,0,2,2,0,0,1,0,2,1,1,0,0,0
Best fitness found so far: -32.0; distance: 10.770329614269007
Generation: 167; 
d: 12.36931687685298; energy: -31.0; 1,0,1,1,0,0,0,0,2,2,0,1,0,0,2,0,0,1,0,0,0,1,0,0,1,1,1,1,1,1,0,0,0,1,0,2,2,1,1,2,1,0,0,0,2,1,0,1,0,0,2,2,0,0,1,0,2,1,1,0,0,0
Best fitness found so far: -32.0; distance: 10.770329614269007
Generation: 168; 
d: 10.770329614269007; energy: -32.0; 1,0,1,1,0,0,0,0,2,2,0,1,0,0,2,0,0,1,0,0,0,2,2,2,1,2,0,0,2,1,0,0,0,1,0,2,2,1,1,2,1,0,0,0,2,1,0,1,0,0,0,1,0,2,2,1,2,1,0,0,2,2
Best fitness found so far: -32.0; distance: 10.770329614269007
Generation: 169; 
d: 10.770329614269007; energy: -32.0; 1,0,1,1,0,0,0,0,2,2,0,1,0,0,2,0,0,1,0,0,0,2,2,2,1,2,0,0,2,1,0,0,0,1,0,2,2,1,1,2,1,0,0,0,2,1,0,1,0,0,0,1,0,2,2,1,2,1,0,0,2,2
Best fitness found so far: -32.0; distance: 10.770329614269007
Generation: 170; 
d: 10.770329614269007; energy: -32.0; 1,0,1,1,0,0,0,0,2,2,0,1,0,0,2,0,0,1,0,0,0,2,2,2,1,2,0,0,2,1,0,0,0,1,0,2,2,1,1,2,1,0,0,0,2,1,0,1,0,0,0,1,0,2,2,1,2,1,0,0,2,2
Best fitness found so far: -32.0; distance: 10.770329614269007
Generation: 171; 
d: 10.770329614269007; energy: -32.0; 1,0,1,1,0,0,0,0,2,2,0,1,0,0,2,0,0,1,0,0,0,2,2,2,1,2,0,0,2,1,0,0,0,1,0,2,2,1,1,2,1,0,0,0,2,1,0,1,0,0,0,1,0,2,2,1,2,1,0,0,2,2
Best fitness found so far: -32.0; distance: 10.770329614269007
Generation: 172; 
d: 10.770329614269007; energy: -32.0; 1,0,1,1,0,0,0,0,2,2,0,1,0,0,2,0,0,1,0,0,0,2,2,2,1,2,0,0,2,1,0,0,0,1,0,2,2,1,1,2,1,0,0,0,2,1,0,1,0,0,0,1,0,2,2,1,2,1,0,0,2,2
Best fitness found so far: -32.0; distance: 10.770329614269007
Generation: 173; 
d: 10.770329614269007; energy: -32.0; 1,0,1,1,0,0,0,0,2,2,0,1,0,0,2,0,0,1,0,0,0,2,2,2,1,2,0,0,2,1,0,0,0,1,0,2,2,1,1,2,1,0,0,0,2,1,0,1,0,0,0,1,0,2,2,1,2,1,0,0,2,2
Best fitness found so far: -32.0; distance: 10.770329614269007
Generation: 174; 
d: 10.770329614269007; energy: -32.0; 1,0,1,1,0,0,0,0,2,2,0,1,0,0,2,0,0,1,0,0,0,2,2,2,1,2,0,0,2,1,0,0,0,1,0,2,2,1,1,2,1,0,0,0,2,1,0,1,0,0,0,1,0,2,2,1,2,1,0,0,2,2
Best fitness found so far: -32.0; distance: 10.770329614269007
Generation: 175; 
d: 10.770329614269007; energy: -32.0; 1,0,1,1,0,0,0,0,2,2,0,1,0,0,2,0,0,1,0,0,0,2,2,2,1,2,0,0,2,1,0,0,0,1,0,2,2,1,1,2,1,0,0,0,2,1,0,1,0,0,0,1,0,2,2,1,2,1,0,0,2,2
Best fitness found so far: -32.0; distance: 10.770329614269007
Generation: 176; 
d: 10.770329614269007; energy: -32.0; 1,0,1,1,0,0,0,0,2,2,0,1,0,0,2,0,0,1,0,0,0,2,2,2,1,2,0,0,2,1,0,0,0,1,0,2,2,1,1,2,1,0,0,0,2,1,0,1,0,0,0,1,0,0,1,1,2,1,0,0,2,2
Best fitness found so far: -32.0; distance: 10.770329614269007
Generation: 177; 
d: 10.770329614269007; energy: -32.0; 1,0,1,1,0,0,0,0,2,2,0,1,0,0,2,0,0,1,0,0,0,2,2,2,1,2,0,0,2,1,0,0,0,1,0,2,2,1,1,2,1,0,0,0,2,1,0,1,0,0,0,1,0,0,1,1,2,1,0,0,2,2
Best fitness found so far: -32.0; distance: 10.770329614269007
Generation: 178; 
d: 10.770329614269007; energy: -32.0; 1,0,1,1,0,0,0,0,2,2,0,1,0,0,2,0,0,1,0,0,0,2,2,2,1,2,0,0,2,1,0,0,0,1,0,2,2,1,1,2,1,0,0,0,2,1,0,1,0,0,0,1,0,2,2,1,2,1,0,0,2,2
Best fitness found so far: -32.0; distance: 10.770329614269007
Generation: 179; 
d: 10.770329614269007; energy: -32.0; 1,0,1,1,0,0,0,0,2,2,0,1,0,0,2,0,0,1,0,0,0,2,2,2,1,2,0,0,2,1,0,0,0,1,0,2,2,1,1,2,1,0,0,0,2,1,0,1,0,0,0,1,0,2,2,1,2,1,0,0,2,2
Best fitness found so far: -32.0; distance: 10.770329614269007
Generation: 180; 
d: 10.770329614269007; energy: -32.0; 1,0,1,1,0,0,0,0,2,2,0,1,0,0,2,0,0,1,0,0,0,2,2,2,1,2,0,0,2,1,0,0,0,1,0,2,2,1,1,2,1,0,0,0,2,1,0,1,0,0,0,1,0,0,1,1,2,1,0,0,2,2
Best fitness found so far: -32.0; distance: 10.770329614269007
Generation: 181; 
d: 10.770329614269007; energy: -32.0; 1,0,1,1,0,0,0,0,2,2,0,1,0,0,2,0,0,1,0,0,0,2,2,2,1,2,0,0,2,1,0,0,0,1,0,2,2,1,1,2,1,0,0,0,2,1,0,1,0,0,0,1,0,2,2,1,2,1,0,0,2,2
Best fitness found so far: -32.0; distance: 10.770329614269007
Generation: 182; 
d: 10.770329614269007; energy: -32.0; 1,0,1,1,0,0,0,0,2,2,0,1,0,0,2,0,0,1,0,0,0,2,2,2,1,2,0,0,2,1,0,0,0,1,0,2,2,1,1,2,1,0,0,0,2,1,0,1,0,0,0,1,0,2,2,1,2,1,0,0,2,2
Best fitness found so far: -32.0; distance: 10.770329614269007
Generation: 183; 
d: 10.770329614269007; energy: -32.0; 1,0,1,1,0,0,0,0,2,2,0,1,0,0,2,0,0,1,0,0,0,2,2,2,1,2,0,0,2,1,0,0,0,1,0,2,2,1,1,2,1,0,0,0,2,1,0,1,0,0,0,1,0,2,2,1,2,1,0,0,2,2
Best fitness found so far: -32.0; distance: 10.770329614269007
Generation: 184; 
d: 10.770329614269007; energy: -32.0; 1,0,1,1,0,0,0,0,2,2,0,1,0,0,2,0,0,1,0,0,0,2,2,2,1,2,0,0,2,1,0,0,0,1,0,2,2,1,1,2,1,0,0,0,2,1,0,1,0,0,0,1,0,2,2,1,2,1,0,0,2,2
Best fitness found so far: -32.0; distance: 10.770329614269007
Generation: 185; 
d: 10.770329614269007; energy: -32.0; 1,0,1,1,0,0,0,0,2,2,0,1,0,0,2,0,0,1,0,0,0,2,2,2,1,2,0,0,2,1,0,0,0,1,0,2,2,1,1,2,1,0,0,0,2,1,0,1,0,0,0,1,0,2,2,1,2,1,0,0,2,2
Best fitness found so far: -32.0; distance: 10.770329614269007
Generation: 186; 
d: 10.770329614269007; energy: -32.0; 1,0,1,1,0,0,0,0,2,2,0,1,0,0,2,0,0,1,0,0,0,2,2,2,1,2,0,0,2,1,0,0,0,1,0,2,2,1,1,2,1,0,0,0,2,1,0,1,0,0,0,1,0,2,2,1,2,1,0,0,2,2
Best fitness found so far: -32.0; distance: 10.770329614269007
Generation: 187; 
d: 10.770329614269007; energy: -32.0; 1,0,1,1,0,0,0,0,2,2,0,1,0,0,2,0,0,1,0,0,0,2,2,2,1,2,0,0,2,1,0,0,0,1,0,2,2,1,1,2,1,0,0,0,2,1,0,1,0,0,0,1,0,2,2,1,2,1,0,0,2,2
Best fitness found so far: -32.0; distance: 10.770329614269007
Generation: 188; 
d: 10.770329614269007; energy: -32.0; 1,0,1,1,0,0,0,0,2,2,0,1,0,0,2,0,0,1,0,0,0,2,2,2,1,2,0,0,2,1,0,0,0,1,0,2,2,1,1,2,1,0,0,0,2,1,0,1,0,0,0,1,0,2,2,1,2,1,0,0,2,2
Best fitness found so far: -32.0; distance: 10.770329614269007
Generation: 189; 
d: 10.770329614269007; energy: -32.0; 1,0,1,1,0,0,0,0,2,2,0,1,0,0,2,0,0,1,0,0,0,2,2,2,1,2,0,0,2,1,0,0,0,1,0,2,2,1,1,2,1,0,0,0,2,1,0,1,0,0,0,1,0,0,2,1,2,1,0,0,2,2
Best fitness found so far: -32.0; distance: 10.770329614269007
Generation: 190; 
d: 10.770329614269007; energy: -32.0; 1,0,1,1,0,0,0,0,2,2,0,1,0,0,2,0,0,1,0,0,0,2,2,2,1,2,0,0,2,1,0,0,0,1,0,2,2,1,1,2,1,0,0,0,2,1,0,1,0,0,0,1,0,0,2,1,2,1,0,0,2,2
Best fitness found so far: -32.0; distance: 10.770329614269007
Generation: 191; 
d: 10.770329614269007; energy: -32.0; 1,0,1,1,0,0,0,0,2,2,0,1,0,0,2,0,0,1,0,0,0,2,2,2,1,2,0,0,2,1,0,0,1,1,0,2,2,1,1,2,1,0,0,0,2,1,0,1,0,0,0,1,0,2,2,1,2,1,0,0,2,2
Best fitness found so far: -32.0; distance: 10.770329614269007
Generation: 192; 
d: 10.770329614269007; energy: -32.0; 1,0,1,1,0,0,0,0,2,2,0,1,0,0,2,0,0,1,0,0,0,2,2,2,1,2,0,0,2,1,0,0,0,1,0,2,2,1,1,2,1,0,0,0,2,1,0,1,0,0,0,1,0,2,2,1,2,1,0,0,2,2
Best fitness found so far: -32.0; distance: 10.770329614269007
Generation: 193; 
d: 10.770329614269007; energy: -32.0; 1,0,1,1,0,0,0,0,2,2,0,1,0,0,2,0,0,1,0,0,0,2,2,2,1,2,0,0,2,1,0,0,0,1,0,2,2,1,1,2,1,0,0,0,2,1,0,1,0,0,0,1,0,2,2,1,2,1,0,0,2,2
Best fitness found so far: -32.0; distance: 10.770329614269007
Generation: 194; 
d: 10.770329614269007; energy: -32.0; 1,0,1,1,0,0,0,0,2,2,0,1,0,0,2,0,0,1,0,0,0,2,2,2,1,2,0,0,2,1,0,0,0,1,0,2,2,1,1,2,1,0,0,0,2,1,0,1,0,0,0,1,0,2,2,1,2,1,0,0,2,2
Best fitness found so far: -32.0; distance: 10.770329614269007
Generation: 195; 
d: 10.770329614269007; energy: -32.0; 1,0,1,1,0,0,0,0,2,2,0,1,0,0,2,0,0,1,0,0,0,2,2,2,1,2,0,0,2,1,0,0,0,1,0,2,2,1,1,2,1,0,0,0,2,1,0,1,0,0,0,1,0,2,2,1,2,1,0,0,2,2
Best fitness found so far: -32.0; distance: 10.770329614269007
Generation: 196; 
d: 9.848857801796104; energy: -31.0; 1,0,1,1,0,0,1,0,2,2,0,1,0,0,2,0,0,1,0,0,0,1,0,0,0,1,2,0,2,1,0,0,0,1,0,2,2,1,1,2,1,0,0,0,2,1,0,1,0,2,0,1,2,0,0,1,1,2,0,1,2,2
Best fitness found so far: -32.0; distance: 10.770329614269007
Generation: 197; 
d: 9.848857801796104; energy: -31.0; 1,0,1,1,0,0,0,0,2,2,0,1,0,0,2,0,0,1,0,0,0,1,0,0,0,1,2,0,2,1,0,0,0,0,0,2,2,1,1,2,1,0,0,0,2,1,0,1,0,2,0,1,2,0,0,1,1,2,0,1,2,2
Best fitness found so far: -32.0; distance: 10.770329614269007
Generation: 198; 
d: 10.770329614269007; energy: -32.0; 1,0,1,1,0,0,0,0,2,2,0,1,0,0,2,0,0,1,0,0,0,2,2,2,1,2,0,0,2,1,0,0,0,1,0,2,2,1,1,2,1,0,0,0,2,1,0,1,0,0,0,1,0,2,2,1,2,1,0,0,2,2
Best fitness found so far: -32.0; distance: 10.770329614269007
Generation: 199; 
d: 10.770329614269007; energy: -32.0; 1,0,1,1,0,0,0,0,2,2,0,1,0,0,2,0,0,1,0,0,0,2,2,2,1,2,0,0,2,1,0,0,0,1,0,2,2,1,1,2,1,0,0,0,2,1,0,1,0,0,0,1,0,2,2,1,2,1,0,0,2,2
Best fitness found so far: -32.0; distance: 10.770329614269007
Generation: 200; 
d: 10.770329614269007; energy: -32.0; 1,0,1,1,0,0,0,0,2,2,0,1,0,0,2,0,0,1,0,0,0,2,2,2,1,2,0,0,2,1,0,0,0,1,0,2,2,1,1,2,1,0,0,0,2,1,0,1,0,0,0,1,0,2,2,1,2,1,0,0,2,2
Best fitness found so far: -32.0; distance: 10.770329614269007
Generation: 201; 
d: 10.770329614269007; energy: -32.0; 1,0,1,1,0,0,1,2,2,2,0,1,0,0,2,0,0,1,0,0,0,2,2,2,1,2,0,0,2,1,0,0,0,1,0,2,2,1,1,2,1,0,0,0,2,1,0,1,0,0,0,1,0,2,2,1,2,1,0,0,2,2
Best fitness found so far: -32.0; distance: 10.770329614269007
Generation: 202; 
d: 10.770329614269007; energy: -32.0; 1,0,1,1,0,0,0,0,2,2,0,1,0,0,2,0,0,1,0,0,0,2,2,2,1,2,0,0,2,1,0,0,0,1,0,2,2,1,1,2,1,0,0,0,2,1,0,1,0,0,0,1,0,2,2,1,2,1,0,0,2,2
Best fitness found so far: -32.0; distance: 10.770329614269007
Generation: 203; 
d: 10.770329614269007; energy: -32.0; 1,0,1,1,0,0,0,0,2,2,0,1,0,0,2,0,0,1,0,0,0,2,2,2,1,2,0,0,2,1,0,0,0,1,0,2,2,1,1,2,1,0,0,0,2,1,0,1,0,0,0,1,0,2,2,1,2,1,0,0,2,2
Best fitness found so far: -32.0; distance: 10.770329614269007
Generation: 204; 
d: 10.770329614269007; energy: -32.0; 1,0,1,1,0,0,0,0,2,2,0,1,0,0,2,0,0,1,0,0,0,2,2,2,1,2,0,0,2,1,0,0,0,1,0,2,2,1,1,2,1,0,0,0,2,1,0,1,0,0,0,1,0,2,2,1,2,1,1,0,2,2
Best fitness found so far: -32.0; distance: 10.770329614269007
Generation: 205; 
d: 10.770329614269007; energy: -32.0; 1,0,1,1,0,0,0,0,2,2,0,1,0,0,2,0,0,1,0,0,0,2,2,2,1,2,0,0,2,1,0,0,0,1,0,2,2,1,1,2,1,0,0,0,2,1,0,1,0,0,0,1,0,2,2,1,2,1,1,0,2,2
Best fitness found so far: -32.0; distance: 10.770329614269007
Generation: 206; 
d: 10.770329614269007; energy: -32.0; 1,0,1,1,0,0,0,0,2,2,0,1,0,0,2,0,0,1,0,0,0,2,2,2,1,2,0,0,2,1,0,0,0,1,0,2,2,1,1,2,1,0,0,0,2,1,0,1,0,0,0,1,0,2,2,1,2,1,0,0,2,2
Best fitness found so far: -32.0; distance: 10.770329614269007
Generation: 207; 
d: 10.770329614269007; energy: -32.0; 1,0,1,1,0,0,0,0,2,2,0,1,0,0,2,0,0,1,0,0,0,2,2,2,1,2,0,0,2,1,0,0,0,1,0,2,2,1,1,2,1,0,0,0,2,1,0,1,0,0,0,1,0,2,2,1,2,1,0,0,2,2
Best fitness found so far: -32.0; distance: 10.770329614269007
Generation: 208; 
d: 10.770329614269007; energy: -32.0; 1,0,1,1,0,0,0,0,2,2,0,1,0,0,2,0,0,1,0,0,0,2,2,2,1,2,0,0,2,1,0,0,0,1,0,2,2,1,1,2,1,0,0,0,2,1,0,1,0,0,0,1,0,2,2,1,2,1,0,0,2,2
Best fitness found so far: -32.0; distance: 10.770329614269007
Generation: 209; 
d: 10.770329614269007; energy: -32.0; 1,0,1,1,0,0,0,0,2,2,0,1,0,0,2,0,0,1,0,0,0,2,2,2,1,2,0,0,2,1,0,0,0,1,0,0,2,1,1,2,1,0,0,0,2,1,0,1,0,0,0,1,0,2,2,1,2,1,0,0,2,2
Best fitness found so far: -32.0; distance: 10.770329614269007
Generation: 210; 
d: 10.770329614269007; energy: -32.0; 1,0,1,1,0,0,0,0,2,2,0,1,0,0,2,0,0,1,0,0,0,2,2,2,1,2,0,0,2,1,0,0,0,1,0,0,2,1,1,2,1,0,0,0,2,1,0,1,0,0,0,1,0,2,2,1,2,1,0,0,2,2
Best fitness found so far: -32.0; distance: 10.770329614269007
Generation: 211; 
d: 10.770329614269007; energy: -32.0; 1,0,1,1,0,0,0,0,2,2,0,1,0,0,2,0,0,1,0,0,0,2,2,2,1,2,0,0,2,1,0,0,0,1,0,2,2,1,1,2,1,0,0,0,2,1,0,1,0,0,0,1,0,2,2,1,2,1,0,0,2,2
Best fitness found so far: -32.0; distance: 10.770329614269007
Generation: 212; 
d: 10.770329614269007; energy: -32.0; 1,0,1,1,0,0,0,0,2,2,0,1,0,0,2,0,0,1,0,0,0,2,2,2,1,2,0,0,2,1,0,0,0,1,0,2,2,1,1,2,1,0,0,0,2,1,0,1,0,0,0,1,0,2,2,1,2,1,0,0,2,2
Best fitness found so far: -32.0; distance: 10.770329614269007
Generation: 213; 
d: 10.770329614269007; energy: -32.0; 1,0,1,1,0,0,0,0,2,2,0,1,0,0,2,0,0,1,0,0,0,2,2,2,1,2,0,0,2,1,0,0,0,1,0,2,2,1,1,2,1,0,0,0,2,1,0,1,0,0,0,1,0,2,2,1,2,1,0,0,2,2
Best fitness found so far: -32.0; distance: 10.770329614269007
Generation: 214; 
d: 10.770329614269007; energy: -32.0; 1,0,1,1,0,0,0,0,2,2,0,1,0,0,2,0,0,1,0,0,0,2,2,2,1,2,0,0,2,1,0,0,0,1,0,2,2,1,1,2,1,0,0,0,2,1,0,1,0,0,0,1,0,2,2,1,2,1,0,0,2,2
Best fitness found so far: -32.0; distance: 10.770329614269007
Generation: 215; 
d: 10.770329614269007; energy: -32.0; 1,0,1,1,0,0,0,0,2,2,0,1,0,0,2,0,0,1,0,0,0,2,2,2,1,2,0,0,2,1,0,0,0,1,0,2,2,1,1,2,1,0,0,0,2,1,0,1,0,0,0,1,0,2,2,1,2,1,0,0,2,2
Best fitness found so far: -32.0; distance: 10.770329614269007
Generation: 216; 
d: 10.770329614269007; energy: -32.0; 1,0,1,1,0,0,0,0,2,2,0,1,0,0,2,0,0,1,0,0,0,2,2,2,1,2,0,0,2,1,0,0,0,1,0,2,2,1,1,2,1,0,0,0,2,1,0,1,0,0,0,1,0,2,2,1,2,1,0,0,2,2
Best fitness found so far: -32.0; distance: 10.770329614269007
Generation: 217; 
d: 10.770329614269007; energy: -32.0; 1,0,1,1,0,0,0,0,2,2,0,1,0,0,2,0,0,1,0,0,0,2,2,2,1,2,0,0,2,1,0,0,0,1,0,2,2,1,1,2,1,0,0,0,2,1,0,1,0,0,0,1,0,2,2,1,2,1,0,1,0,0
Best fitness found so far: -32.0; distance: 10.770329614269007
Generation: 218; 
d: 10.770329614269007; energy: -32.0; 1,0,1,1,0,0,0,0,2,2,0,1,0,0,2,0,0,1,0,0,0,2,2,2,1,2,0,0,2,1,0,0,0,1,0,2,2,1,1,2,1,0,0,0,2,1,0,1,0,0,0,1,0,2,2,1,2,1,0,1,0,0
Best fitness found so far: -32.0; distance: 10.770329614269007
Generation: 219; 
d: 10.770329614269007; energy: -32.0; 1,0,1,1,0,0,0,0,2,2,0,1,0,0,2,0,0,1,0,0,0,2,2,2,1,2,0,0,2,1,0,0,0,1,0,2,2,1,1,2,1,0,0,0,2,1,0,1,0,0,0,1,0,2,2,1,2,1,0,0,2,2
Best fitness found so far: -32.0; distance: 10.770329614269007
Generation: 220; 
d: 10.770329614269007; energy: -32.0; 1,0,1,1,0,0,0,0,2,2,0,1,0,0,2,0,0,1,0,0,0,2,2,2,1,2,0,0,2,1,0,0,0,1,0,2,2,1,1,2,1,0,0,0,2,1,0,1,0,0,0,1,0,2,2,1,2,1,0,0,2,2
Best fitness found so far: -32.0; distance: 10.770329614269007
Generation: 221; 
d: 10.770329614269007; energy: -32.0; 1,0,1,1,0,0,0,0,2,2,0,1,0,0,2,0,0,1,0,0,0,2,2,2,1,2,0,0,2,1,0,0,0,1,0,2,2,1,1,2,1,0,0,0,2,1,0,1,0,0,0,1,0,2,2,1,2,1,0,0,2,2
Best fitness found so far: -32.0; distance: 10.770329614269007
Generation: 222; 
d: 10.770329614269007; energy: -32.0; 1,0,1,1,0,0,0,0,2,2,0,1,0,0,2,0,0,1,0,0,0,2,2,2,1,2,0,0,2,1,0,0,0,1,0,2,2,1,1,2,1,0,0,0,2,1,0,1,0,0,0,1,0,2,2,1,2,1,0,0,2,2
Best fitness found so far: -32.0; distance: 10.770329614269007
Generation: 223; 
d: 10.770329614269007; energy: -32.0; 1,0,1,1,0,0,0,0,2,2,0,1,0,0,2,0,0,1,0,0,0,2,2,2,1,2,0,0,2,1,0,0,0,1,0,2,2,1,1,2,1,0,0,0,2,1,0,1,0,0,0,1,0,2,2,1,2,1,0,0,2,2
Best fitness found so far: -32.0; distance: 10.770329614269007
Generation: 224; 
d: 10.770329614269007; energy: -32.0; 1,0,1,1,0,0,0,0,2,2,0,1,0,0,2,0,0,1,0,0,0,2,2,2,1,2,0,0,2,1,0,0,0,1,0,2,2,1,1,2,1,0,0,0,2,1,0,1,0,0,0,1,0,2,2,1,2,1,0,0,2,2
Best fitness found so far: -32.0; distance: 10.770329614269007
Generation: 225; 
d: 10.770329614269007; energy: -32.0; 1,0,1,1,0,0,0,0,2,2,0,1,0,0,2,0,0,1,0,0,0,2,2,2,1,2,0,0,2,1,0,0,0,1,0,2,2,1,1,2,1,0,0,0,2,1,0,1,0,0,0,1,0,0,1,1,2,1,0,0,0,2
Best fitness found so far: -32.0; distance: 10.770329614269007
Generation: 226; 
d: 10.770329614269007; energy: -32.0; 1,0,1,1,0,0,0,0,2,2,0,1,0,0,2,0,0,1,0,0,0,2,2,2,1,2,0,0,2,1,0,0,0,1,0,2,2,1,1,2,1,0,0,0,2,1,0,1,0,0,0,1,0,0,1,1,2,1,0,0,0,2
Best fitness found so far: -32.0; distance: 10.770329614269007
Generation: 227; 
d: 10.770329614269007; energy: -32.0; 1,0,1,1,0,0,0,0,2,2,0,1,0,0,2,0,0,1,0,0,0,2,2,2,1,2,0,0,2,1,0,0,0,1,0,0,2,1,1,2,1,0,0,0,2,1,0,1,0,0,2,1,0,2,2,1,2,1,0,0,2,2
Best fitness found so far: -32.0; distance: 10.770329614269007
Generation: 228; 
d: 10.770329614269007; energy: -32.0; 1,0,1,1,0,0,0,0,2,2,0,1,0,0,2,0,0,1,0,0,0,2,2,2,1,2,0,0,2,1,0,0,0,1,0,2,2,1,1,2,1,0,0,0,2,1,0,1,0,0,0,1,0,2,2,1,2,1,0,0,2,2
Best fitness found so far: -32.0; distance: 10.770329614269007
Generation: 229; 
d: 10.770329614269007; energy: -32.0; 1,0,1,1,0,0,0,0,2,2,0,1,0,0,2,0,0,1,0,0,0,2,2,2,1,2,0,0,2,1,0,0,0,1,0,2,2,1,1,2,1,0,0,0,2,1,0,1,0,0,0,1,0,2,2,1,2,1,0,0,2,2
Best fitness found so far: -32.0; distance: 10.770329614269007
Generation: 230; 
d: 10.770329614269007; energy: -32.0; 1,0,1,1,0,0,0,0,2,2,0,1,0,0,2,0,0,1,0,0,0,2,2,2,1,2,0,0,2,1,0,0,0,1,0,2,2,1,1,2,1,0,0,0,2,1,0,1,0,0,0,1,0,2,2,1,2,1,0,0,2,2
Best fitness found so far: -32.0; distance: 10.770329614269007
Generation: 231; 
d: 10.770329614269007; energy: -32.0; 1,0,1,1,0,0,0,0,2,2,0,1,0,0,2,0,0,1,0,0,0,2,2,2,1,2,0,0,2,1,0,0,0,1,0,2,2,1,1,2,1,0,0,0,2,1,0,1,0,0,0,1,0,0,1,1,2,1,0,0,2,2
Best fitness found so far: -32.0; distance: 10.770329614269007
Generation: 232; 
d: 10.770329614269007; energy: -32.0; 1,0,1,1,0,0,0,0,2,2,0,1,0,0,2,0,0,1,0,0,0,2,2,2,1,2,0,0,2,1,0,0,0,1,0,2,2,1,1,2,1,0,0,0,2,1,0,1,0,0,0,1,0,0,1,1,2,1,0,0,2,2
Best fitness found so far: -32.0; distance: 10.770329614269007
Generation: 233; 
d: 10.770329614269007; energy: -32.0; 1,0,1,1,0,0,0,0,2,2,0,1,0,0,2,0,0,1,0,0,0,2,2,2,1,2,0,0,2,1,0,0,0,1,0,2,2,1,1,2,1,0,0,0,2,1,0,1,0,0,0,1,0,2,2,1,2,1,0,0,2,2
Best fitness found so far: -32.0; distance: 10.770329614269007
Generation: 234; 
d: 10.770329614269007; energy: -32.0; 1,0,1,1,0,0,0,0,2,2,0,1,0,0,2,0,0,1,0,0,0,2,2,2,1,2,0,0,2,1,0,0,0,1,0,2,2,1,1,2,1,0,0,0,2,1,0,1,0,0,0,1,0,2,2,1,2,1,0,0,2,2
Best fitness found so far: -32.0; distance: 10.770329614269007
Generation: 235; 
d: 10.770329614269007; energy: -32.0; 1,0,1,1,0,0,0,0,2,2,0,1,0,0,2,0,0,1,0,0,0,2,2,2,1,2,0,0,2,1,0,0,0,1,0,2,2,1,1,2,1,0,0,0,2,1,0,1,0,0,0,1,0,2,2,1,2,1,0,0,2,2
Best fitness found so far: -32.0; distance: 10.770329614269007
Generation: 236; 
d: 10.770329614269007; energy: -32.0; 1,0,1,1,0,0,0,0,2,2,0,1,0,0,2,0,0,1,0,0,0,2,2,2,1,2,0,0,2,1,0,0,0,1,0,2,2,1,1,2,1,0,0,0,2,1,0,1,0,0,0,1,0,2,2,1,2,1,0,0,2,2
Best fitness found so far: -32.0; distance: 10.770329614269007
Generation: 237; 
d: 10.770329614269007; energy: -32.0; 1,0,1,1,0,0,0,0,2,2,0,1,0,0,2,0,0,1,0,0,0,2,2,2,1,2,0,0,2,1,0,0,0,1,0,2,2,1,1,2,1,0,0,0,2,1,0,1,0,0,0,1,0,2,2,1,2,1,0,0,2,2
Best fitness found so far: -32.0; distance: 10.770329614269007
Generation: 238; 
d: 10.770329614269007; energy: -32.0; 1,0,1,1,0,0,0,0,2,2,0,1,0,0,2,0,0,1,0,0,0,2,2,2,1,2,0,0,2,1,0,0,0,1,0,2,2,1,1,2,1,0,0,0,2,1,0,1,0,0,0,1,0,2,2,1,2,1,0,0,2,2
Best fitness found so far: -32.0; distance: 10.770329614269007
Generation: 239; 
d: 10.770329614269007; energy: -32.0; 1,0,1,1,0,0,0,0,2,2,0,1,0,0,2,0,0,1,0,0,0,2,2,2,1,2,0,0,2,1,0,0,0,1,0,2,2,1,1,2,1,0,0,0,2,1,0,1,0,0,0,1,0,2,2,1,2,1,0,0,2,2
Best fitness found so far: -32.0; distance: 10.770329614269007
Generation: 240; 
d: 10.770329614269007; energy: -32.0; 1,0,1,1,0,0,0,0,2,2,0,1,0,0,2,0,0,1,0,0,0,2,2,2,1,2,0,0,2,1,0,0,0,1,0,2,2,1,1,2,1,0,0,0,2,1,0,1,0,0,0,1,0,2,2,1,2,1,0,0,2,2
Best fitness found so far: -32.0; distance: 10.770329614269007
Generation: 241; 
d: 10.770329614269007; energy: -32.0; 1,0,1,1,0,0,0,0,2,2,0,1,0,0,2,0,0,1,0,0,0,2,2,2,1,2,0,0,2,1,0,0,0,1,0,2,2,1,1,2,1,0,0,0,2,1,0,1,0,0,0,1,0,2,2,1,2,1,0,0,2,2
Best fitness found so far: -32.0; distance: 10.770329614269007
Generation: 242; 
d: 10.770329614269007; energy: -32.0; 1,0,1,1,0,0,0,0,2,2,0,1,0,0,2,0,0,1,0,0,0,2,2,2,1,2,0,0,2,1,0,0,0,1,0,2,2,1,1,2,1,0,0,0,2,1,0,1,0,0,0,1,0,2,2,1,2,1,0,0,2,2
Best fitness found so far: -32.0; distance: 10.770329614269007
Generation: 243; 
d: 10.770329614269007; energy: -32.0; 1,0,1,1,0,0,0,0,2,2,0,1,0,0,2,0,0,1,0,0,0,2,2,2,1,2,0,0,2,1,0,0,0,1,0,2,2,1,1,2,1,0,0,0,2,1,0,1,0,0,0,1,0,2,2,1,2,1,0,0,2,2
Best fitness found so far: -32.0; distance: 10.770329614269007
Generation: 244; 
d: 9.848857801796104; energy: -31.0; 1,0,1,1,0,0,0,0,2,2,0,1,0,0,2,0,0,1,0,0,0,1,0,0,0,1,2,0,2,1,0,0,0,0,0,2,2,1,1,2,1,0,0,0,2,1,0,1,0,2,0,1,2,0,0,1,1,2,0,1,2,2
Best fitness found so far: -32.0; distance: 10.770329614269007
Generation: 245; 
d: 10.770329614269007; energy: -32.0; 1,0,1,1,0,0,0,0,2,2,0,1,0,0,2,0,0,1,0,0,0,2,2,2,1,2,0,0,2,1,0,0,0,1,0,2,2,1,1,2,1,0,0,0,2,1,0,1,0,0,0,1,0,2,2,1,2,1,0,0,2,2
Best fitness found so far: -32.0; distance: 10.770329614269007
Generation: 246; 
d: 10.770329614269007; energy: -32.0; 1,0,1,1,0,0,0,0,2,2,0,1,0,0,2,0,0,1,0,0,0,2,2,2,1,2,0,0,2,1,0,0,0,1,0,2,2,1,1,2,1,0,0,0,2,1,0,1,0,0,0,1,0,2,2,1,2,1,0,0,2,2
Best fitness found so far: -32.0; distance: 10.770329614269007
Generation: 247; 
d: 10.770329614269007; energy: -32.0; 1,0,1,1,0,0,0,0,2,2,0,1,0,0,2,0,0,1,0,0,0,2,2,2,1,2,0,0,2,1,0,0,0,1,0,2,2,1,1,2,1,0,0,0,2,1,0,1,0,0,0,1,0,2,2,1,2,1,0,0,2,2
Best fitness found so far: -32.0; distance: 10.770329614269007
Generation: 248; 
d: 10.770329614269007; energy: -32.0; 1,0,1,1,0,0,0,0,2,2,0,1,0,0,2,0,0,1,0,0,0,2,2,2,1,2,0,0,2,1,0,0,0,1,0,2,2,1,1,2,1,0,0,0,2,1,0,1,0,0,0,1,0,2,2,1,2,1,0,0,2,2
Best fitness found so far: -32.0; distance: 10.770329614269007
Generation: 249; 
d: 10.770329614269007; energy: -32.0; 1,0,1,1,0,0,0,0,2,2,0,1,0,0,2,0,0,1,0,0,0,2,2,2,1,2,0,0,2,1,0,0,1,1,0,2,2,1,1,2,1,0,0,0,2,1,0,1,0,0,0,1,0,2,2,1,2,1,0,0,2,2
Best fitness found so far: -32.0; distance: 10.770329614269007
Generation: 250; 
d: 10.770329614269007; energy: -32.0; 1,0,1,1,0,0,0,0,2,2,0,1,0,0,2,0,0,1,0,0,0,2,2,2,1,2,0,0,2,1,0,0,1,1,0,2,2,1,1,2,1,0,0,0,2,1,0,1,0,0,0,1,0,2,2,1,2,1,0,0,2,2
Best fitness found so far: -32.0; distance: 10.770329614269007
Generation: 251; 
d: 10.770329614269007; energy: -32.0; 1,0,1,1,0,0,0,0,2,2,0,1,0,0,2,0,0,1,0,0,0,2,2,2,1,2,0,0,2,1,0,0,0,1,0,2,2,1,1,2,1,0,0,0,2,1,0,1,0,0,0,1,0,2,2,1,2,1,0,0,2,2
Best fitness found so far: -32.0; distance: 10.770329614269007
Generation: 252; 
d: 10.770329614269007; energy: -32.0; 1,0,1,1,0,0,0,0,2,2,0,1,0,0,2,0,0,1,0,0,0,2,2,2,1,2,0,0,2,1,0,0,0,1,0,2,2,1,1,2,1,0,0,0,2,1,0,1,0,0,0,1,0,2,2,1,2,1,0,0,2,2
Best fitness found so far: -32.0; distance: 10.770329614269007
Generation: 253; 
d: 10.770329614269007; energy: -32.0; 1,0,1,1,0,0,0,0,2,2,0,1,0,0,2,0,0,1,0,0,0,2,2,2,1,2,0,0,2,1,0,0,0,1,0,2,2,1,1,2,1,0,0,0,2,1,0,1,0,0,0,1,0,2,2,1,2,1,0,0,2,2
Best fitness found so far: -32.0; distance: 10.770329614269007
