Algorithm configured with: 
Pop: 1000
CrP: 0.9
MtP: 0.01

Crossover: class org.uma.jmetal.operator.crossover.SinglePointCrossover
Mutation: class org.uma.jmetal.operator.mutation.BitFlipMutation
Execution: 1
Generation: 0; 
d: 100.0; energy: 0.0; 0,2,0,2,2,2,0,2,1,1,0,2,1,2,0,1,0,1,1,0,0,1,0,2,1,1,1,0,0,2,1,1,0,1,1,1,2,0,0,1,0,2,1,2,2,1,0,1,2,0,1,0,0,2,1,1,2,0,0,2,0,2,0,1,1,0,1,2,1,1,2,1,0,2,0,1,1,1,2,0,1,2,2
Best fitness found so far: 0.0; distance: 100.0
Generation: 1; 
d: 13.601470508735444; energy: -27.0; 0,2,1,1,0,2,2,2,0,1,2,2,2,2,2,2,2,0,2,1,0,0,2,0,1,2,1,1,0,1,0,0,0,2,1,2,2,0,1,0,0,0,0,2,2,2,0,0,2,2,1,2,1,2,0,1,1,1,2,0,0,1,0,0,1,2,0,2,2,2,2,0,0,0,0,1,2,0,2,0,0,2,0
Best fitness found so far: -27.0; distance: 13.601470508735444
Generation: 2; 
d: 21.2602916254693; energy: -29.0; 1,1,1,0,1,1,1,1,1,1,0,0,0,0,2,1,1,2,2,1,2,2,1,0,0,1,2,0,0,2,0,0,2,0,1,2,1,2,1,0,1,2,0,2,0,0,0,1,0,2,0,0,1,2,1,2,1,2,0,1,2,0,0,1,0,0,1,2,0,1,1,2,0,1,0,2,2,2,1,2,0,2,2
Best fitness found so far: -29.0; distance: 21.2602916254693
Generation: 3; 
d: 13.341664064126334; energy: -28.0; 0,0,1,1,0,2,2,2,0,1,2,2,2,2,2,2,2,0,2,1,0,0,2,0,1,2,1,1,0,1,0,0,0,2,1,2,2,0,1,0,0,0,0,2,2,2,0,0,2,2,1,2,1,2,0,1,1,1,2,0,0,1,0,0,1,2,0,2,2,2,2,0,0,0,0,1,2,0,2,0,0,2,0
Best fitness found so far: -29.0; distance: 21.2602916254693
Generation: 4; 
d: 16.1245154965971; energy: -30.0; 0,2,1,2,0,2,2,2,0,1,2,2,2,2,2,2,1,0,2,1,0,0,2,0,1,2,1,1,0,1,0,0,0,2,1,2,2,0,1,0,0,0,0,2,2,2,0,0,2,2,1,1,1,2,0,1,1,1,2,0,0,1,0,0,1,2,0,2,2,2,2,0,0,0,0,1,2,0,2,0,0,2,0
Best fitness found so far: -30.0; distance: 16.1245154965971
Generation: 5; 
d: 14.317821063276353; energy: -29.0; 1,1,2,2,2,2,2,1,2,2,0,0,1,2,1,2,2,0,2,0,2,0,1,1,0,2,0,0,1,0,1,0,0,0,1,1,1,1,2,1,0,1,2,2,0,2,2,1,2,0,2,1,0,2,0,2,0,1,1,2,2,2,0,1,2,2,2,2,2,2,2,1,0,0,0,0,0,0,1,0,0,2,2
Best fitness found so far: -30.0; distance: 16.1245154965971
Generation: 6; 
d: 18.027756377319946; energy: -32.0; 1,1,1,1,1,1,1,0,1,0,0,2,0,2,2,1,1,2,2,1,2,0,0,0,1,0,1,2,1,0,0,0,0,2,0,0,2,2,1,1,1,0,0,2,2,0,0,1,0,0,1,2,2,0,2,2,1,1,1,2,1,0,0,2,1,2,1,1,0,1,1,2,1,0,2,2,2,0,0,0,0,1,0
Best fitness found so far: -32.0; distance: 18.027756377319946
Generation: 7; 
d: 12.206555615733702; energy: -29.0; 1,1,1,1,1,1,1,2,1,2,1,2,1,0,2,2,1,2,1,2,1,0,1,0,0,2,2,2,1,0,0,2,1,1,2,2,0,2,1,0,1,1,0,1,0,2,1,1,0,0,2,1,2,0,1,0,1,0,1,1,0,2,0,2,2,2,2,2,2,0,2,0,1,1,0,0,1,0,2,0,0,2,1
Best fitness found so far: -32.0; distance: 18.027756377319946
Generation: 8; 
d: 13.92838827718412; energy: -34.0; 0,2,1,1,2,2,1,2,1,2,2,0,1,2,1,2,2,0,2,0,2,0,1,1,0,2,0,0,1,0,1,0,0,0,1,1,1,1,2,1,0,1,2,2,0,2,2,1,2,0,2,1,0,2,0,2,0,1,1,2,2,2,0,1,2,2,2,2,2,2,2,1,0,0,0,0,0,0,1,0,0,2,2
Best fitness found so far: -34.0; distance: 13.92838827718412
Generation: 9; 
d: 17.26267650163207; energy: -31.0; 2,2,0,0,2,1,0,2,1,1,1,2,2,2,2,2,2,0,2,1,0,0,2,0,1,2,1,1,0,1,0,0,0,2,1,2,2,0,1,0,0,0,0,2,2,2,0,0,2,2,1,2,1,2,0,1,1,1,2,0,0,1,0,0,1,2,0,2,2,2,2,0,0,0,0,1,2,0,2,0,0,2,0
Best fitness found so far: -34.0; distance: 13.92838827718412
Generation: 10; 
d: 15.231546211727817; energy: -35.0; 0,2,1,1,2,2,1,2,1,2,2,0,1,2,1,2,2,0,2,0,2,0,1,1,0,2,0,0,1,0,1,0,0,0,1,1,1,1,2,1,0,1,2,2,0,2,2,1,2,0,2,1,2,2,0,2,0,1,1,2,2,2,0,1,2,2,2,2,2,0,2,1,0,0,0,0,0,0,1,0,0,2,2
Best fitness found so far: -35.0; distance: 15.231546211727817
Generation: 11; 
d: 13.416407864998739; energy: -33.0; 1,1,1,1,1,1,1,0,1,0,0,2,0,2,2,1,1,2,2,1,2,0,0,0,1,0,1,2,1,0,0,0,0,2,0,0,2,2,1,1,1,0,0,2,0,0,0,2,2,2,0,2,0,1,0,0,1,0,2,2,0,0,0,0,1,0,0,2,0,2,2,2,1,0,1,1,0,2,0,0,1,1,2
Best fitness found so far: -35.0; distance: 15.231546211727817
Generation: 12; 
d: 13.416407864998739; energy: -33.0; 1,1,1,1,1,1,1,0,1,0,0,2,0,2,2,1,1,2,2,1,2,0,0,0,1,0,1,2,1,0,0,0,0,2,0,0,2,2,1,1,1,0,0,2,0,0,0,2,2,2,0,2,0,1,0,0,1,0,2,2,0,0,0,0,1,0,0,2,0,2,2,2,1,0,1,1,0,2,0,0,1,1,2
Best fitness found so far: -35.0; distance: 15.231546211727817
Generation: 13; 
d: 13.416407864998739; energy: -33.0; 1,1,1,1,1,1,1,0,1,0,0,2,0,2,2,1,1,2,2,0,2,0,0,0,1,0,1,2,1,0,0,0,0,2,0,0,2,2,1,1,1,0,0,2,0,0,0,2,2,2,0,2,0,1,0,0,1,0,2,2,0,0,0,0,1,0,0,2,0,2,2,2,1,0,1,1,0,1,2,0,0,1,0
Best fitness found so far: -35.0; distance: 15.231546211727817
Generation: 14; 
d: 15.132745950421556; energy: -34.0; 1,0,0,0,2,1,0,2,1,1,1,2,2,2,2,2,2,0,2,1,0,0,2,0,1,2,1,1,0,1,0,0,0,2,1,2,2,0,1,0,0,0,0,2,2,1,0,0,2,2,1,2,1,0,0,1,1,0,2,0,0,1,0,0,0,1,0,1,1,2,1,0,0,1,1,1,1,2,2,0,1,0,1
Best fitness found so far: -35.0; distance: 15.231546211727817
Generation: 15; 
d: 13.341664064126334; energy: -36.0; 0,1,2,2,2,0,1,1,0,0,1,2,2,1,0,0,2,0,2,1,0,0,2,0,1,2,1,1,0,1,0,0,2,2,1,2,2,0,1,0,0,0,0,2,2,2,0,0,2,2,1,2,1,0,0,1,1,1,2,0,0,1,0,0,1,2,0,2,2,2,2,0,0,0,0,1,2,0,2,0,0,2,0
Best fitness found so far: -36.0; distance: 13.341664064126334
Generation: 16; 
d: 13.341664064126334; energy: -36.0; 0,1,2,2,2,0,1,1,0,0,1,2,2,1,0,0,2,0,2,1,0,0,2,0,1,2,1,1,0,1,0,0,2,2,1,2,2,0,1,0,0,0,0,2,2,2,0,0,2,2,1,2,1,0,0,1,1,1,2,0,0,1,0,0,1,2,0,2,2,2,2,0,0,0,0,1,2,0,2,0,0,2,1
Best fitness found so far: -36.0; distance: 13.341664064126334
Generation: 17; 
d: 14.142135623730951; energy: -36.0; 2,2,2,2,1,2,0,1,2,0,0,2,2,2,2,2,2,0,2,1,0,0,0,0,1,2,1,1,0,1,0,0,0,2,1,2,2,0,1,0,0,0,0,2,2,2,0,0,2,2,1,2,1,2,0,1,1,1,2,0,0,1,0,1,1,2,0,2,2,2,2,0,0,0,0,1,2,0,2,0,0,2,0
Best fitness found so far: -36.0; distance: 13.341664064126334
Generation: 18; 
d: 13.038404810405298; energy: -36.0; 1,0,2,1,0,0,1,0,0,1,2,2,2,1,2,2,2,0,2,1,0,0,2,0,1,2,1,1,0,1,0,0,0,2,1,2,2,0,1,0,0,0,0,2,2,2,0,0,2,2,1,2,1,2,0,1,1,1,2,0,0,1,0,0,1,2,2,2,0,2,2,0,0,0,1,1,1,0,0,2,1,2,1
Best fitness found so far: -36.0; distance: 13.341664064126334
Generation: 19; 
d: 13.341664064126334; energy: -36.0; 0,1,2,2,2,0,1,1,0,0,1,2,2,1,0,0,2,0,2,1,0,0,2,0,1,2,1,1,0,1,0,0,2,2,1,2,2,0,1,0,0,0,0,2,2,2,0,0,2,2,1,2,1,0,0,1,1,1,2,0,0,1,0,0,1,2,0,2,2,2,2,0,0,0,0,1,2,0,2,0,0,2,0
Best fitness found so far: -36.0; distance: 13.341664064126334
Generation: 20; 
d: 13.341664064126334; energy: -36.0; 0,1,2,2,2,0,1,1,0,0,1,2,2,1,0,0,2,0,2,1,0,0,2,0,1,2,1,1,0,1,0,0,2,2,1,2,2,0,1,0,0,0,0,2,2,2,0,0,2,2,1,2,1,0,0,1,1,1,2,0,0,1,0,0,1,2,0,2,2,2,2,0,0,0,0,1,2,0,2,0,0,2,0
Best fitness found so far: -36.0; distance: 13.341664064126334
