Algorithm configured with: 
Pop: 5000
Aux Pop: 200
CrP: 1.0
MtP: 1.0
List of crossover: 
SinglePointCrossover
IntegerTwoPointsCrossover
MultiPointsCrossover
List of mutations: 
BitFlipMutation
LoopMoveOperator
LocalMoveOperator
SegmentMutation
OppositeMoveOperator
Execution: 1
Generation: 0; 
d: 17.72004514666935; energy: -15.0; 2,2,0,0,1,2,0,1,2,2,1,0,0,1,2,0,0,1,1,1,1,0,1,2,1,2,0,2,2,1,0,2,0,0,1,2,2,0,1,0,2,1,1,0,2,0,1,1,0,2,0,0,1,0,2,2,0,2,2,0,0,2,2,1,0,1,0,0,2,2,1,2,0,2,1,1,1,0,2,2,1,0,2,1,0,1,2,2,0,2,1,0,2,0,0,1,0
Best fitness found so far: -15.0; distance: 17.72004514666935
Generation: 1; 
d: 16.278820596099706; energy: -24.0; 1,1,2,2,1,0,0,1,1,1,0,1,1,0,1,1,2,1,2,2,0,1,1,0,0,2,2,0,0,2,2,1,0,1,0,1,2,2,0,1,2,1,2,2,0,0,2,0,0,1,1,1,0,1,2,0,0,2,1,0,0,2,2,0,1,2,0,1,0,2,1,2,1,1,1,1,2,2,1,0,0,1,2,0,0,1,1,1,0,1,1,2,2,0,2,1,0
Best fitness found so far: -24.0; distance: 16.278820596099706
