Algorithm configured with: 
Pop: 1000
CrP: 1.0
MtP: 1.0
List of crossover: 
SinglePointCrossover
IntegerTwoPointsCrossover
MultiPointsCrossover
List of mutations: 
BitFlipMutation
LoopMoveOperator
LocalMoveOperator
SegmentMutation
OppositeMoveOperator
Execution: 1
Generation: 0; 
d: 30.0; energy: -10.0; 1,1,1,0,0,1,2,2,1,1,2,1,1,2,1,0,1,1,0,2,1,0,1,0,0,2,2,1,0,2,1,2,2,0,0,2,0,0,1,1,2,2,1,1,1,0,2,0,1,1,1,2,2,0,1,0,0,2,2,0,2,0,2,0,0,2,1,1,1,2,1,2,0,2,2,0,1,0,0,2,1,0,0,2,2,0,2,2,1,1,0,2,2,0,0,1,2
Best fitness found so far: -10.0; distance: 30.0
Generation: 1; 
d: 15.556349186104045; energy: -25.0; 1,0,1,0,2,0,2,0,1,2,1,1,2,2,1,2,2,2,1,1,1,2,0,2,2,0,0,2,2,1,1,2,1,1,1,2,1,1,0,0,0,0,0,0,0,2,2,1,1,2,0,2,2,2,2,1,0,1,1,1,0,2,1,2,0,1,1,1,1,0,0,0,1,0,2,0,0,0,0,0,1,1,1,0,2,0,1,0,2,0,2,0,2,2,1,2,2
Best fitness found so far: -25.0; distance: 15.556349186104045
Generation: 2; 
d: 18.439088914585774; energy: -22.0; 0,0,1,1,1,2,1,0,2,1,1,0,0,1,1,2,0,1,0,0,0,0,1,2,2,1,0,0,1,0,0,1,1,1,2,1,1,1,2,1,0,1,0,2,0,2,1,1,0,1,0,0,0,0,1,0,1,2,0,1,1,0,0,2,2,0,2,2,1,0,2,0,0,2,0,2,1,0,2,2,1,1,2,0,2,2,2,1,2,1,0,1,0,1,1,0,0
Best fitness found so far: -25.0; distance: 15.556349186104045
Generation: 3; 
d: 18.439088914585774; energy: -22.0; 0,0,1,1,1,2,1,0,2,1,1,0,0,1,1,2,0,1,0,0,0,0,1,2,2,1,0,0,1,0,0,1,1,1,2,1,1,1,2,1,0,1,0,2,0,2,1,1,0,1,0,0,0,0,1,0,1,2,0,1,1,0,0,2,2,0,2,2,1,0,2,0,0,2,0,2,1,0,2,2,1,1,2,0,2,2,2,1,2,1,0,1,0,1,1,0,0
Best fitness found so far: -25.0; distance: 15.556349186104045
Generation: 4; 
d: 18.027756377319946; energy: -23.0; 2,2,2,1,0,2,2,1,1,1,0,0,1,2,0,0,0,1,0,0,1,1,0,1,2,1,2,2,2,1,2,2,1,2,1,0,1,1,2,2,2,1,2,1,2,2,1,2,1,2,0,2,1,1,0,0,1,1,2,2,2,1,2,2,1,2,2,1,0,1,2,2,1,0,0,1,1,0,2,0,0,0,0,1,2,0,0,1,1,0,2,2,0,2,2,0,2
Best fitness found so far: -25.0; distance: 15.556349186104045
Generation: 5; 
d: 18.027756377319946; energy: -23.0; 2,2,2,1,0,2,2,1,1,1,0,0,1,2,0,0,0,1,0,0,1,1,0,1,2,1,2,2,2,1,2,2,1,2,1,0,1,1,2,2,2,1,2,1,2,2,1,2,1,2,0,2,1,1,0,0,1,1,2,2,2,1,2,2,1,2,2,1,0,1,2,2,1,0,0,1,1,0,2,0,0,0,0,1,2,0,0,1,1,0,2,2,0,2,2,0,2
Best fitness found so far: -25.0; distance: 15.556349186104045
Generation: 6; 
d: 17.26267650163207; energy: -23.0; 1,0,1,2,2,0,1,2,0,0,1,1,0,2,2,2,1,2,2,1,2,0,1,0,0,2,2,0,2,0,2,2,1,2,0,1,1,1,0,0,2,0,1,2,1,0,0,1,2,2,0,1,2,2,1,2,2,0,2,2,0,0,1,2,2,1,0,1,1,1,1,2,1,1,1,2,1,2,0,0,2,2,0,1,1,0,0,1,1,0,1,2,1,0,0,2,2
Best fitness found so far: -25.0; distance: 15.556349186104045
Generation: 7; 
d: 17.26267650163207; energy: -23.0; 1,0,1,2,2,0,1,2,0,0,1,1,0,2,2,2,1,2,2,1,2,0,1,0,0,2,2,0,2,0,2,2,1,2,0,1,1,1,0,0,2,0,1,2,1,0,0,1,2,2,0,1,2,2,1,2,2,0,2,2,0,0,1,2,2,1,0,1,1,1,1,2,1,1,1,2,1,2,0,0,2,2,0,1,1,0,0,1,1,0,1,2,1,0,0,2,2
Best fitness found so far: -25.0; distance: 15.556349186104045
Generation: 8; 
d: 21.18962010041709; energy: -23.0; 2,2,2,2,0,2,1,2,1,2,1,1,2,0,2,2,0,0,1,0,2,1,0,0,0,1,1,2,0,1,1,2,0,1,0,0,2,0,2,2,2,2,2,2,1,2,1,0,0,2,1,1,1,1,2,2,1,1,0,0,0,2,2,0,1,1,2,1,0,0,2,0,0,0,0,0,1,2,1,2,0,1,0,0,0,0,1,1,2,2,2,1,0,0,1,2,0
Best fitness found so far: -25.0; distance: 15.556349186104045
Generation: 9; 
d: 21.18962010041709; energy: -23.0; 2,2,2,2,0,2,1,2,1,2,1,1,2,0,2,2,0,0,1,0,2,1,0,0,0,1,1,2,0,1,1,2,0,1,0,0,2,0,2,2,2,2,2,2,1,2,1,0,0,2,1,1,1,1,2,2,1,1,0,0,0,2,2,0,1,1,2,1,0,0,2,0,0,0,0,0,1,2,1,2,0,1,0,0,0,0,1,1,2,2,2,1,0,0,1,2,0
Best fitness found so far: -25.0; distance: 15.556349186104045
Generation: 10; 
d: 21.633307652783937; energy: -22.0; 2,0,1,2,0,0,2,2,1,0,0,2,2,0,0,2,2,0,0,0,2,2,2,1,0,2,1,0,2,1,1,2,2,1,2,0,1,2,2,1,1,1,1,1,1,1,2,1,2,2,0,0,0,0,0,1,0,1,0,1,0,1,2,0,2,2,2,1,2,2,0,0,1,0,2,2,1,1,1,1,0,0,0,0,2,0,0,0,0,2,0,0,0,0,0,2,1
Best fitness found so far: -25.0; distance: 15.556349186104045
Generation: 11; 
d: 15.0; energy: -21.0; 0,2,2,0,0,2,1,2,1,1,2,1,0,0,0,0,0,1,0,0,1,1,0,0,0,2,1,2,0,2,2,2,1,0,0,1,2,0,0,2,0,0,1,0,1,2,0,1,1,1,1,2,1,0,1,0,0,1,2,2,0,0,0,0,0,2,0,2,0,1,1,2,2,1,2,2,0,0,2,1,1,2,0,1,2,1,2,2,2,1,0,1,0,2,1,2,2
Best fitness found so far: -25.0; distance: 15.556349186104045
Generation: 12; 
d: 17.029386365926403; energy: -25.0; 0,1,1,0,2,2,2,0,1,0,1,2,2,2,0,0,0,2,1,2,2,1,1,1,0,2,0,2,2,2,2,1,1,1,0,2,2,1,2,2,2,0,1,2,1,2,0,2,0,1,0,0,2,2,0,0,0,2,1,2,2,2,1,1,1,0,2,1,2,2,1,2,0,0,2,2,0,2,0,2,2,2,0,1,1,0,0,0,1,0,0,2,2,2,2,1,1
Best fitness found so far: -25.0; distance: 15.556349186104045
Generation: 13; 
d: 17.029386365926403; energy: -25.0; 0,1,1,0,2,2,2,0,1,0,1,2,2,2,0,0,0,2,1,2,2,1,1,1,0,2,0,2,2,2,2,1,1,1,0,2,2,1,2,2,2,0,1,2,1,2,0,2,0,1,0,0,2,2,0,0,0,2,1,2,2,2,1,1,1,0,2,1,2,2,1,2,0,0,2,2,0,2,0,2,2,2,0,1,1,0,0,0,1,0,0,2,2,2,2,1,1
Best fitness found so far: -25.0; distance: 15.556349186104045
Generation: 14; 
d: 19.1049731745428; energy: -25.0; 1,1,2,0,1,1,2,2,0,1,2,2,1,1,0,0,0,2,1,1,0,2,2,1,2,0,1,1,0,2,1,0,0,1,0,0,1,0,0,1,2,0,0,0,2,1,0,2,1,0,0,1,0,0,2,0,0,1,1,0,1,2,2,1,0,1,0,0,0,2,0,1,0,1,0,0,1,1,2,1,2,1,2,0,1,0,0,0,2,2,1,0,1,0,2,0,2
Best fitness found so far: -25.0; distance: 15.556349186104045
Generation: 15; 
d: 17.69180601295413; energy: -25.0; 2,1,1,0,2,2,2,0,1,0,1,2,2,2,0,0,0,2,1,2,2,1,1,1,0,2,0,2,2,2,2,1,1,1,0,2,2,1,2,2,2,0,1,2,1,2,0,2,0,1,0,0,2,2,0,0,0,2,1,2,2,2,1,1,1,0,2,1,2,2,1,2,0,0,2,2,0,2,0,2,2,2,0,1,1,0,0,0,1,0,0,2,2,2,2,1,1
Best fitness found so far: -25.0; distance: 15.556349186104045
Generation: 16; 
d: 17.69180601295413; energy: -25.0; 2,1,1,0,2,2,2,0,1,0,1,2,2,2,0,0,0,2,1,2,2,1,1,1,0,2,0,2,2,2,2,1,1,1,0,2,2,1,2,2,2,0,1,2,1,2,0,2,0,1,0,0,2,2,0,0,0,2,1,2,2,2,1,1,1,0,2,1,2,2,1,2,0,0,2,2,0,2,0,2,2,2,0,1,1,0,0,0,1,0,0,2,2,2,2,1,1
Best fitness found so far: -25.0; distance: 15.556349186104045
Generation: 17; 
d: 17.204650534085253; energy: -25.0; 2,1,2,0,1,1,0,0,1,0,0,2,2,1,1,2,1,0,1,0,1,2,2,0,1,2,2,2,0,0,2,2,0,0,1,2,0,0,1,0,2,1,2,2,0,2,1,1,0,1,1,0,0,1,1,2,1,0,1,0,0,2,2,0,2,2,1,1,0,0,2,1,0,2,0,1,0,2,1,1,2,1,2,0,2,0,1,2,1,0,0,0,0,0,0,0,2
Best fitness found so far: -25.0; distance: 15.556349186104045
Generation: 18; 
d: 17.204650534085253; energy: -25.0; 2,1,2,0,1,1,0,0,1,0,0,2,2,1,1,2,1,0,1,0,1,2,2,0,1,2,2,2,0,0,2,2,0,0,1,2,0,0,1,0,2,1,2,2,0,2,1,1,0,1,1,0,0,1,1,2,1,0,1,0,0,2,2,0,2,2,1,1,0,0,2,1,0,2,0,1,0,2,1,1,2,1,2,0,2,0,1,2,1,0,0,0,0,0,0,0,2
Best fitness found so far: -25.0; distance: 15.556349186104045
Generation: 19; 
d: 19.849433241279208; energy: -24.0; 0,1,1,2,0,0,0,0,2,1,2,2,1,1,1,0,0,1,0,2,0,0,2,1,2,2,0,0,2,1,1,2,2,0,2,1,2,0,0,2,2,1,2,1,0,0,2,0,1,1,1,1,0,0,2,0,2,1,2,0,2,1,2,0,1,2,1,1,0,0,2,0,0,0,0,0,1,2,1,2,0,1,0,0,0,0,1,2,0,2,1,0,0,1,1,0,2
Best fitness found so far: -25.0; distance: 15.556349186104045
Generation: 20; 
d: 16.1245154965971; energy: -25.0; 2,2,0,0,2,0,2,0,1,2,1,1,2,2,1,2,2,2,1,1,1,2,0,2,2,0,0,2,2,1,1,2,1,1,1,2,1,1,0,0,0,0,0,0,0,2,2,1,1,2,0,2,2,2,2,1,0,1,1,1,0,2,1,2,0,1,1,1,1,0,0,0,1,0,2,0,0,0,0,0,1,1,1,0,2,0,1,0,2,0,0,2,0,2,0,1,0
Best fitness found so far: -25.0; distance: 15.556349186104045
Generation: 21; 
d: 16.1245154965971; energy: -25.0; 2,2,0,0,2,0,2,0,1,2,1,1,2,2,1,2,2,2,1,1,1,2,0,2,2,0,0,2,2,1,1,2,1,1,1,2,1,1,0,0,0,0,0,0,0,2,2,1,1,2,0,2,2,2,2,1,0,1,1,1,0,2,1,2,0,1,1,1,1,0,0,0,1,0,2,0,0,0,0,0,1,1,1,0,2,0,1,0,2,0,0,2,0,2,0,1,0
Best fitness found so far: -25.0; distance: 15.556349186104045
Generation: 22; 
d: 16.55294535724685; energy: -27.0; 2,2,1,0,2,2,2,0,1,0,1,2,2,2,0,0,0,2,1,0,1,2,0,1,2,1,2,2,2,1,2,2,1,2,1,0,1,1,2,2,2,1,2,1,2,2,1,2,1,1,0,2,0,0,2,0,0,1,1,1,2,2,1,1,0,0,1,2,1,0,0,1,0,0,2,2,0,0,1,0,2,1,2,1,0,0,2,1,2,1,1,2,1,2,1,0,2
Best fitness found so far: -27.0; distance: 16.55294535724685
Generation: 23; 
d: 16.55294535724685; energy: -27.0; 2,2,1,0,2,2,2,0,1,0,1,2,2,2,0,0,0,2,1,0,1,2,0,1,2,1,2,2,2,1,2,2,1,2,1,0,1,1,2,2,2,1,2,1,2,2,1,2,1,1,0,2,0,0,2,0,0,1,1,1,2,2,1,1,0,0,1,2,1,0,0,1,0,0,2,2,0,0,1,0,2,1,2,1,0,0,2,1,2,1,1,2,1,2,1,0,2
Best fitness found so far: -27.0; distance: 16.55294535724685
Generation: 24; 
d: 17.88854381999832; energy: -24.0; 1,0,1,0,2,0,2,0,1,2,1,1,2,2,1,2,2,2,1,1,1,2,1,1,2,0,2,1,1,0,0,1,0,0,0,0,1,0,1,1,1,2,1,1,2,2,2,1,1,2,0,2,2,2,2,1,0,1,1,1,0,2,1,2,0,1,1,1,1,0,0,0,1,0,2,0,0,0,0,0,1,1,1,0,2,2,0,1,1,0,1,1,0,0,2,1,1
Best fitness found so far: -27.0; distance: 16.55294535724685
Generation: 25; 
d: 19.6468827043885; energy: -26.0; 0,1,2,1,0,0,2,0,1,0,2,0,2,2,1,1,2,0,2,2,0,1,0,0,2,0,1,2,2,1,1,2,0,0,2,0,1,0,0,2,2,0,0,2,2,1,1,0,0,2,1,1,1,1,2,2,1,1,0,0,0,2,2,0,1,1,2,1,0,0,2,0,0,0,0,0,1,2,1,2,0,1,0,0,0,0,1,1,2,2,2,1,0,0,1,2,0
Best fitness found so far: -27.0; distance: 16.55294535724685
Generation: 26; 
d: 19.6468827043885; energy: -26.0; 0,1,2,1,0,0,2,0,1,0,2,0,2,2,1,1,2,0,2,2,0,1,0,0,2,0,1,2,2,1,1,2,0,0,2,0,1,0,0,2,2,0,0,2,2,1,1,0,0,2,1,1,1,1,2,2,1,1,0,0,0,2,2,0,1,1,2,1,0,0,2,0,0,0,0,0,1,2,1,2,0,1,0,0,0,0,1,1,2,2,2,1,0,0,1,2,0
Best fitness found so far: -27.0; distance: 16.55294535724685
Generation: 27; 
d: 20.808652046684813; energy: -26.0; 0,0,1,0,1,1,2,0,0,2,1,2,2,0,2,2,1,1,2,2,2,2,1,1,1,2,2,0,0,2,2,0,0,0,2,0,1,1,0,2,2,0,2,2,0,2,2,1,0,0,1,2,0,0,1,2,0,0,1,0,1,2,2,2,0,1,2,1,1,1,0,0,0,2,0,0,1,1,1,2,0,2,2,1,2,1,2,2,0,1,1,0,2,1,0,1,1
Best fitness found so far: -27.0; distance: 16.55294535724685
Generation: 28; 
d: 22.67156809750927; energy: -26.0; 2,0,1,0,1,1,2,0,0,2,1,2,2,0,2,2,1,1,2,2,2,2,1,1,1,2,2,0,0,2,2,0,0,0,2,0,1,1,0,2,2,0,2,2,0,2,2,1,0,0,1,2,0,0,1,2,0,0,1,0,1,2,2,2,0,1,2,1,1,1,0,0,0,2,0,0,1,1,1,2,0,2,2,1,2,1,2,2,0,1,1,2,1,1,0,0,0
Best fitness found so far: -27.0; distance: 16.55294535724685
Generation: 29; 
d: 22.67156809750927; energy: -26.0; 2,0,1,0,1,1,2,0,0,2,1,2,2,0,2,2,1,1,2,2,2,2,1,1,1,2,2,0,0,2,2,0,0,0,2,0,1,1,0,2,2,0,2,2,0,2,2,1,0,0,1,2,0,0,1,2,0,0,1,0,1,2,2,2,0,1,2,1,1,1,0,0,0,2,0,0,1,1,1,2,0,2,2,1,2,1,2,2,0,1,1,2,1,1,0,0,0
Best fitness found so far: -27.0; distance: 16.55294535724685
Generation: 30; 
d: 18.027756377319946; energy: -28.0; 2,1,1,0,2,2,2,0,1,0,1,2,2,2,0,0,0,2,1,2,2,1,1,1,0,2,0,2,2,2,2,1,1,1,0,2,2,1,2,2,2,0,1,2,1,2,0,2,0,1,0,0,2,2,0,0,0,1,1,1,2,2,1,1,0,0,1,2,1,0,0,1,0,0,2,2,0,0,1,0,2,1,2,1,0,0,2,1,2,2,0,2,0,1,2,0,1
Best fitness found so far: -28.0; distance: 18.027756377319946
Generation: 31; 
d: 18.027756377319946; energy: -28.0; 2,1,1,0,2,2,2,0,1,0,1,2,2,2,0,0,0,2,1,2,2,1,1,1,0,2,0,2,2,2,2,1,1,1,0,2,2,1,2,2,2,0,1,2,1,2,0,2,0,1,0,0,2,2,0,0,0,1,1,1,2,2,1,1,0,0,1,2,1,0,0,1,0,0,2,2,0,0,1,0,2,1,2,1,0,0,2,1,2,2,0,2,0,1,2,0,1
Best fitness found so far: -28.0; distance: 18.027756377319946
Generation: 32; 
d: 20.12461179749811; energy: -27.0; 1,2,2,0,0,2,1,2,1,1,0,0,2,2,1,2,2,0,1,2,0,0,0,1,0,2,0,2,2,2,2,1,1,1,0,0,0,1,2,2,2,0,1,2,1,2,0,2,2,1,0,2,0,0,2,0,0,1,1,1,2,2,1,1,0,0,1,2,1,0,0,1,0,0,2,2,0,0,1,0,2,1,2,1,0,0,2,1,2,2,0,2,0,1,2,0,1
Best fitness found so far: -28.0; distance: 18.027756377319946
Generation: 33; 
d: 20.12461179749811; energy: -27.0; 1,2,2,0,0,2,1,2,1,1,0,0,2,2,1,2,2,0,1,2,0,0,0,1,0,2,0,2,2,2,2,1,1,1,0,0,0,1,2,2,2,0,1,2,1,2,0,2,2,1,0,2,0,0,2,0,0,1,1,1,2,2,1,1,0,0,1,2,1,0,0,1,0,0,2,2,0,0,1,0,2,1,2,1,0,0,2,1,2,2,0,2,0,1,2,0,1
Best fitness found so far: -28.0; distance: 18.027756377319946
Generation: 34; 
d: 15.620499351813308; energy: -26.0; 2,0,1,0,2,0,2,0,1,2,1,1,2,2,1,2,2,2,1,1,1,2,0,2,2,0,0,2,2,1,1,2,1,1,1,2,1,1,0,0,0,0,0,0,0,2,2,1,1,2,0,2,2,2,2,1,0,1,1,1,0,2,1,2,0,1,1,1,1,0,0,0,1,0,2,0,0,0,0,0,1,1,1,0,2,0,1,1,0,0,1,1,2,2,1,1,0
Best fitness found so far: -28.0; distance: 18.027756377319946
Generation: 35; 
d: 15.620499351813308; energy: -26.0; 2,0,1,0,2,0,2,0,1,2,1,1,2,2,1,2,2,2,1,1,1,2,0,2,2,0,0,2,2,1,1,2,1,1,1,2,1,1,0,0,0,0,0,0,0,2,2,1,1,2,0,2,2,2,2,1,0,1,1,1,0,2,1,2,0,1,1,1,1,0,0,0,1,0,2,0,0,0,0,0,1,1,1,0,2,0,1,1,0,0,1,1,2,2,1,1,0
Best fitness found so far: -28.0; distance: 18.027756377319946
Generation: 36; 
d: 17.204650534085253; energy: -29.0; 1,0,0,0,2,0,0,1,0,0,2,2,2,2,1,1,1,2,2,0,0,0,2,2,2,2,2,2,2,1,2,1,1,1,0,0,0,1,2,2,2,0,1,2,1,2,0,2,2,1,0,2,0,0,2,0,0,1,1,1,2,2,1,1,0,0,1,2,1,0,0,1,0,0,2,2,0,0,1,0,2,1,2,1,0,0,2,1,2,2,0,2,0,1,2,0,1
Best fitness found so far: -29.0; distance: 17.204650534085253
Generation: 37; 
d: 17.204650534085253; energy: -29.0; 1,0,0,0,2,0,0,1,0,0,2,2,2,2,1,1,1,2,2,0,0,0,2,2,2,2,2,2,2,1,2,1,1,1,0,0,0,1,2,2,2,0,1,2,1,2,0,2,2,1,0,2,0,0,2,0,0,1,1,1,2,2,1,1,0,0,1,2,1,0,0,1,0,0,2,2,0,0,1,0,2,1,2,1,0,0,2,1,2,2,0,2,0,1,2,0,1
Best fitness found so far: -29.0; distance: 17.204650534085253
Generation: 38; 
d: 16.55294535724685; energy: -27.0; 2,2,1,0,2,2,2,0,1,0,1,2,2,2,0,0,0,2,1,0,1,2,0,1,2,1,2,2,2,1,2,2,1,2,1,0,1,1,2,2,2,1,2,1,2,2,1,2,1,1,0,2,0,0,2,0,0,1,1,1,2,2,1,1,0,0,1,2,1,0,0,1,0,0,2,2,0,0,1,0,2,1,2,1,0,0,2,1,2,1,1,2,1,2,1,0,2
Best fitness found so far: -29.0; distance: 17.204650534085253
Generation: 39; 
d: 16.55294535724685; energy: -27.0; 2,2,1,0,2,2,2,0,1,0,1,2,2,2,0,0,0,2,1,0,1,2,0,1,2,1,2,2,2,1,2,2,1,2,1,0,1,1,2,2,2,1,2,1,2,2,1,2,1,1,0,2,0,0,2,0,0,1,1,1,2,2,1,1,0,0,1,2,1,0,0,1,0,0,2,2,0,0,1,0,2,1,2,1,0,0,2,1,2,1,1,2,1,2,1,0,2
Best fitness found so far: -29.0; distance: 17.204650534085253
Generation: 40; 
d: 21.93171219946131; energy: -25.0; 1,0,1,0,2,0,2,0,1,2,1,2,0,2,0,1,1,1,2,1,2,0,0,1,0,2,1,1,1,0,1,2,0,2,0,0,1,1,0,1,0,2,0,1,2,2,1,1,0,2,0,0,1,1,1,0,0,2,1,1,0,0,1,2,2,0,0,2,2,0,2,2,0,2,1,1,1,2,1,2,1,2,0,2,0,1,2,1,1,0,2,2,1,1,2,2,2
Best fitness found so far: -29.0; distance: 17.204650534085253
Generation: 41; 
d: 17.204650534085253; energy: -25.0; 2,1,2,0,1,1,0,0,1,0,0,2,2,1,1,2,1,0,1,0,1,2,2,0,1,2,2,2,0,0,2,2,0,0,1,2,0,0,1,0,2,1,2,2,0,2,1,1,0,1,1,0,0,1,1,2,1,0,1,0,0,2,2,0,2,2,1,1,0,0,2,1,0,2,0,1,0,2,1,1,2,1,2,0,2,0,1,2,1,0,0,0,0,0,0,0,2
Best fitness found so far: -29.0; distance: 17.204650534085253
Generation: 42; 
d: 17.08800749063506; energy: -28.0; 2,0,2,2,1,1,1,2,2,0,2,0,0,1,1,0,1,0,1,0,2,1,2,0,1,2,1,1,2,2,1,1,1,1,0,0,2,0,2,2,2,2,2,2,1,2,1,0,0,2,1,1,1,1,2,2,1,1,0,0,0,2,2,0,1,1,2,1,0,0,2,0,0,0,0,0,1,2,1,2,0,1,0,0,0,0,1,1,2,2,2,1,0,0,1,2,0
Best fitness found so far: -29.0; distance: 17.204650534085253
Generation: 43; 
d: 17.08800749063506; energy: -28.0; 2,0,2,2,1,1,1,2,2,0,2,0,0,1,1,0,1,0,1,0,2,1,2,0,1,2,1,1,2,2,1,1,1,1,0,0,2,0,2,2,2,2,2,2,1,2,1,0,0,2,1,1,1,1,2,2,1,1,0,0,0,2,2,0,1,1,2,1,0,0,2,0,0,0,0,0,1,2,1,2,0,1,0,0,0,0,1,1,2,2,2,1,0,0,1,2,0
Best fitness found so far: -29.0; distance: 17.204650534085253
Generation: 44; 
d: 17.804493814764857; energy: -28.0; 0,1,1,0,2,2,2,0,1,0,1,2,2,2,0,0,0,2,1,2,2,1,1,1,0,2,0,2,2,2,2,1,1,1,0,2,2,1,2,2,2,0,1,2,1,2,0,2,0,2,0,1,2,2,1,2,2,0,2,2,0,0,1,2,2,1,0,1,1,2,1,2,2,2,2,0,0,0,2,2,1,0,0,1,1,0,1,2,0,2,2,0,2,2,1,2,0
Best fitness found so far: -29.0; distance: 17.204650534085253
Generation: 45; 
d: 17.804493814764857; energy: -28.0; 0,1,1,0,2,2,2,0,1,0,1,2,2,2,0,0,0,2,1,2,2,1,1,1,0,2,0,2,2,2,2,1,1,1,0,2,2,1,2,2,2,0,1,2,1,2,0,2,0,2,0,1,2,2,1,2,2,0,2,2,0,0,1,2,2,1,0,1,1,2,1,2,2,2,2,0,0,0,2,2,1,0,0,1,1,0,1,2,0,2,2,0,2,2,1,2,0
Best fitness found so far: -29.0; distance: 17.204650534085253
Generation: 46; 
d: 17.204650534085253; energy: -29.0; 1,0,0,0,2,0,0,1,0,0,2,2,2,2,1,1,1,2,2,0,0,0,2,2,2,2,2,2,2,1,2,1,0,2,0,0,0,1,2,2,2,0,1,2,1,2,0,2,2,1,0,2,0,0,2,0,0,1,1,1,2,2,1,1,0,0,1,2,1,0,0,1,0,0,2,2,0,0,1,0,2,1,2,1,0,0,2,1,2,2,0,2,0,1,2,0,1
Best fitness found so far: -29.0; distance: 17.204650534085253
Generation: 47; 
d: 17.204650534085253; energy: -29.0; 1,0,0,0,2,0,0,1,0,0,2,2,2,2,1,1,1,2,2,0,0,0,2,2,2,2,2,2,2,1,2,1,0,2,0,0,0,1,2,2,2,0,1,2,1,2,0,2,2,1,0,2,0,0,2,0,0,1,1,1,2,2,1,1,0,0,1,2,1,0,0,1,0,0,2,2,0,0,1,0,2,1,2,1,0,0,2,1,2,2,0,2,0,1,2,0,1
Best fitness found so far: -29.0; distance: 17.204650534085253
Generation: 48; 
d: 20.615528128088304; energy: -28.0; 2,1,2,0,1,1,0,0,1,0,0,2,2,1,1,2,1,0,1,0,1,2,2,0,1,2,2,2,0,0,2,2,0,0,1,2,0,0,1,0,2,1,2,2,0,2,1,1,0,1,1,0,0,1,1,2,1,0,1,1,2,2,1,1,0,0,1,2,1,0,2,1,0,0,2,2,2,0,2,1,1,0,0,0,2,0,0,0,0,2,2,2,0,2,0,1,0
Best fitness found so far: -29.0; distance: 17.204650534085253
Generation: 49; 
d: 17.204650534085253; energy: -29.0; 1,0,0,0,2,0,0,1,0,0,2,2,2,2,1,1,1,2,2,0,0,0,2,2,2,2,2,2,2,1,2,1,1,1,0,0,0,1,2,2,2,0,1,2,1,2,0,2,2,1,0,2,0,0,2,0,0,1,1,1,2,2,1,1,0,0,1,2,1,0,0,1,0,0,2,2,0,0,1,0,2,1,2,1,0,0,2,1,2,2,0,2,0,1,2,0,1
Best fitness found so far: -29.0; distance: 17.204650534085253
Generation: 50; 
d: 17.204650534085253; energy: -29.0; 1,0,0,0,2,0,0,1,0,0,2,2,2,2,1,1,1,2,2,0,0,0,2,2,2,2,2,2,2,1,2,1,1,1,0,0,0,1,2,2,2,0,1,2,1,2,0,2,2,1,0,2,0,0,2,0,0,1,1,1,2,2,1,1,0,0,1,2,1,0,0,1,0,0,2,2,0,0,1,0,2,1,2,1,0,0,2,1,2,2,0,2,0,1,2,0,1
Best fitness found so far: -29.0; distance: 17.204650534085253
Generation: 51; 
d: 14.7648230602334; energy: -29.0; 0,1,2,1,0,0,2,0,1,0,2,0,2,2,1,1,2,0,2,2,0,1,0,0,2,0,1,2,2,1,1,2,0,0,2,0,1,0,0,2,2,0,0,2,0,2,0,2,2,0,0,2,0,0,2,1,0,0,1,2,2,1,0,2,1,0,2,2,2,1,0,0,0,0,0,0,1,2,1,2,0,1,0,0,0,0,1,1,0,1,1,1,0,0,1,1,0
Best fitness found so far: -29.0; distance: 17.204650534085253
Generation: 52; 
d: 15.297058540778355; energy: -30.0; 0,0,1,1,0,2,0,0,1,1,0,0,0,0,1,2,1,1,2,1,0,0,1,2,2,1,2,2,1,1,2,1,1,1,2,2,1,1,1,0,0,1,2,1,0,0,1,2,1,0,2,2,0,0,1,1,0,0,2,2,1,2,0,2,1,0,1,0,1,0,2,2,0,0,1,2,0,0,2,1,1,0,0,0,2,0,0,0,0,2,2,2,0,2,0,1,0
Best fitness found so far: -30.0; distance: 15.297058540778355
Generation: 53; 
d: 15.297058540778355; energy: -30.0; 0,0,1,1,0,2,0,0,1,1,0,0,0,0,1,2,1,1,2,1,0,0,1,2,2,1,2,2,1,1,2,1,1,1,2,2,1,1,1,0,0,1,2,1,0,0,1,2,1,0,2,2,0,0,1,1,0,0,2,2,1,2,0,2,1,0,1,0,1,0,2,2,0,0,1,2,0,0,2,1,1,0,0,0,2,0,0,0,0,2,2,2,0,2,0,1,0
Best fitness found so far: -30.0; distance: 15.297058540778355
Generation: 54; 
d: 16.15549442140351; energy: -29.0; 0,0,1,1,0,2,0,0,1,1,0,0,0,0,1,2,1,1,2,1,0,0,1,2,2,1,2,2,1,1,2,1,1,1,2,2,1,1,1,0,0,1,2,1,0,0,1,2,1,0,2,2,0,0,1,1,0,0,2,2,1,2,0,2,1,0,1,0,1,0,2,2,0,0,1,2,0,0,2,1,1,2,0,0,1,0,0,2,2,0,2,0,2,2,1,0,0
Best fitness found so far: -30.0; distance: 15.297058540778355
Generation: 55; 
d: 17.204650534085253; energy: -29.0; 2,1,2,0,1,1,0,0,1,0,0,2,2,1,1,2,1,0,1,0,1,2,2,0,1,2,2,2,0,0,2,2,0,0,1,2,0,0,1,0,2,1,2,2,0,2,1,1,0,1,1,0,0,1,1,2,1,0,1,0,0,2,2,0,2,2,1,1,0,2,0,1,0,2,0,0,2,0,0,2,2,1,1,1,2,2,1,2,1,1,1,0,0,1,1,2,1
Best fitness found so far: -30.0; distance: 15.297058540778355
Generation: 56; 
d: 15.524174696260024; energy: -30.0; 0,0,1,1,0,2,0,0,1,1,0,0,0,0,1,2,1,1,2,1,0,0,1,2,2,1,2,2,1,1,2,1,1,1,2,2,1,1,1,0,0,1,2,1,0,0,1,2,1,0,2,2,0,0,1,1,0,0,2,2,1,2,0,2,1,0,1,0,1,0,2,2,0,0,1,2,0,0,2,1,1,0,0,0,2,0,0,0,0,2,2,2,0,1,2,2,1
Best fitness found so far: -30.0; distance: 15.297058540778355
Generation: 57; 
d: 15.524174696260024; energy: -30.0; 0,0,1,1,0,2,0,0,1,1,0,0,0,0,1,2,1,1,2,1,0,0,1,2,2,1,2,2,1,1,2,1,1,1,2,2,1,1,1,0,0,1,2,1,0,0,1,2,1,0,2,2,0,0,1,1,0,0,2,2,1,2,0,2,1,0,1,0,1,0,2,2,0,0,1,2,0,0,2,1,1,0,0,0,2,0,0,0,0,2,2,2,0,1,2,2,1
Best fitness found so far: -30.0; distance: 15.297058540778355
Generation: 58; 
d: 16.55294535724685; energy: -31.0; 1,0,0,0,2,0,0,1,0,0,2,2,2,2,1,1,1,2,2,0,0,0,2,2,2,2,2,2,2,1,2,1,1,1,0,0,0,1,0,0,0,0,0,0,0,2,2,1,2,1,0,2,0,0,2,0,0,1,1,1,2,2,1,1,0,0,1,2,1,0,0,1,0,0,2,2,0,0,1,0,2,1,2,1,0,0,2,1,2,2,0,2,0,1,2,0,1
Best fitness found so far: -31.0; distance: 16.55294535724685
Generation: 59; 
d: 16.55294535724685; energy: -31.0; 1,0,0,0,2,0,0,1,0,0,2,2,2,2,1,1,1,2,2,0,0,0,2,2,2,2,2,2,2,1,2,1,1,1,0,0,0,1,0,0,0,0,0,0,0,2,2,1,2,1,0,2,0,0,2,0,0,1,1,1,2,2,1,1,0,0,1,2,1,0,0,1,0,0,2,2,0,0,1,0,2,1,2,1,0,0,2,1,2,2,0,2,0,1,2,0,1
Best fitness found so far: -31.0; distance: 16.55294535724685
Generation: 60; 
d: 14.7648230602334; energy: -29.0; 0,1,2,1,0,0,2,0,1,0,2,0,2,2,1,1,2,0,2,2,0,1,0,0,2,0,1,2,2,1,1,2,0,0,2,0,1,0,0,2,2,0,0,2,0,2,0,2,2,0,0,2,0,0,2,1,0,0,1,2,2,1,0,2,1,0,2,2,2,1,0,0,0,0,0,0,1,2,1,2,0,1,0,0,0,0,1,1,0,1,1,1,0,0,1,2,0
Best fitness found so far: -31.0; distance: 16.55294535724685
Generation: 61; 
d: 16.55294535724685; energy: -33.0; 1,0,0,0,2,0,0,1,0,0,2,2,2,2,1,1,1,2,2,0,0,0,2,2,2,2,2,2,2,1,2,1,1,1,0,0,0,1,0,0,0,0,0,0,0,2,2,1,2,1,0,2,0,0,2,0,0,1,1,1,2,2,1,1,0,0,1,2,1,0,0,1,0,0,2,2,0,0,1,0,2,1,2,1,0,0,2,1,2,1,1,2,1,2,1,0,2
Best fitness found so far: -33.0; distance: 16.55294535724685
Generation: 62; 
d: 16.55294535724685; energy: -33.0; 1,0,0,0,2,0,0,1,0,0,2,2,2,2,1,1,1,2,2,0,0,0,2,2,2,2,2,2,2,1,2,1,1,1,0,0,0,1,0,0,0,0,0,0,0,2,2,1,2,1,0,2,0,0,2,0,0,1,1,1,2,2,1,1,0,0,1,2,1,0,0,1,0,0,2,2,0,0,1,0,2,1,2,1,0,0,2,1,2,1,1,2,1,2,1,0,2
Best fitness found so far: -33.0; distance: 16.55294535724685
Generation: 63; 
d: 17.69180601295413; energy: -28.0; 0,0,2,2,0,2,2,1,0,0,0,2,0,0,1,2,1,1,2,1,0,0,1,2,2,1,2,2,1,1,2,1,1,1,2,2,1,1,1,0,0,1,2,1,1,1,2,1,0,2,2,1,1,2,2,0,0,1,1,0,0,1,2,1,2,2,0,2,1,0,2,0,0,1,2,2,0,0,1,0,2,1,2,2,0,1,2,2,0,1,0,1,0,2,0,0,2
Best fitness found so far: -33.0; distance: 16.55294535724685
Generation: 64; 
d: 16.1245154965971; energy: -30.0; 1,0,0,0,2,0,0,1,0,0,2,2,2,2,1,1,1,2,2,0,0,0,2,2,2,2,2,2,2,1,2,1,1,1,0,0,0,1,2,2,2,0,1,2,1,2,0,2,2,1,0,2,0,0,2,0,0,1,1,1,2,2,1,1,0,0,1,2,1,0,0,1,0,0,2,2,0,0,1,0,2,1,2,1,0,0,2,1,2,2,0,2,0,2,1,2,1
Best fitness found so far: -33.0; distance: 16.55294535724685
Generation: 65; 
d: 16.1245154965971; energy: -30.0; 1,0,0,0,2,0,0,1,0,0,2,2,2,2,1,1,1,2,2,0,0,0,2,2,2,2,2,2,2,1,2,1,1,1,0,0,0,1,2,2,2,0,1,2,1,2,0,2,2,1,0,2,0,0,2,0,0,1,1,1,2,2,1,1,0,0,1,2,1,0,0,1,0,0,2,2,0,0,1,0,2,1,2,1,0,0,2,1,2,2,0,2,0,2,1,2,1
Best fitness found so far: -33.0; distance: 16.55294535724685
Generation: 66; 
d: 17.204650534085253; energy: -29.0; 1,0,0,0,2,0,0,1,0,0,2,2,2,2,1,1,1,2,2,0,0,0,2,2,2,2,2,2,2,1,2,1,0,2,0,0,0,1,2,2,2,0,1,2,1,2,0,2,2,1,0,2,0,0,2,0,0,1,1,1,2,2,1,1,0,0,1,2,1,0,0,1,0,0,2,2,0,0,1,0,2,1,2,1,0,0,2,1,2,2,0,2,0,1,2,0,1
Best fitness found so far: -33.0; distance: 16.55294535724685
Generation: 67; 
d: 16.278820596099706; energy: -29.0; 1,0,1,0,2,0,2,0,1,2,1,1,2,2,1,2,2,2,2,1,0,0,1,2,2,0,0,0,0,1,2,2,2,2,1,2,0,0,1,0,0,2,1,0,0,0,0,0,1,1,2,2,1,2,0,0,1,0,2,2,1,2,0,2,1,0,1,0,0,2,2,0,0,1,2,0,0,0,2,2,1,0,0,1,1,0,1,2,0,2,2,0,2,2,1,2,1
Best fitness found so far: -33.0; distance: 16.55294535724685
Generation: 68; 
d: 16.278820596099706; energy: -29.0; 1,0,1,0,2,0,2,0,1,2,1,1,2,2,1,2,2,2,2,1,0,0,1,2,2,0,0,0,0,1,2,2,2,2,1,2,0,0,1,0,0,2,1,0,0,0,0,0,1,1,2,2,1,2,0,0,1,0,2,2,1,2,0,2,1,0,1,0,0,2,2,0,0,1,2,0,0,0,2,2,1,0,0,1,1,0,1,2,0,2,2,0,2,2,1,2,1
Best fitness found so far: -33.0; distance: 16.55294535724685
Generation: 69; 
d: 16.97056274847714; energy: -29.0; 2,2,1,0,2,2,2,0,1,0,1,2,2,2,0,0,0,2,1,0,1,2,0,1,2,1,2,2,2,1,2,2,1,2,1,0,1,1,2,2,2,1,2,1,2,2,0,2,0,1,0,0,2,2,0,0,0,2,1,2,2,2,1,1,0,0,1,2,1,0,0,1,0,0,2,2,0,0,1,0,2,1,2,1,0,0,2,1,2,1,1,2,1,2,1,0,2
Best fitness found so far: -33.0; distance: 16.55294535724685
Generation: 70; 
d: 15.0; energy: -29.0; 1,1,1,2,0,0,1,2,1,2,1,2,0,2,0,1,1,1,2,1,2,0,0,1,0,2,1,1,1,1,2,1,2,1,2,1,1,0,1,1,2,1,1,1,2,2,1,1,0,2,0,0,0,2,1,2,0,0,2,0,0,1,2,0,1,1,2,0,0,2,0,0,0,1,2,2,0,0,2,2,1,0,0,1,1,0,1,1,1,1,1,1,0,0,2,0,1
Best fitness found so far: -33.0; distance: 16.55294535724685
Generation: 71; 
d: 15.0; energy: -29.0; 1,1,1,2,0,0,1,2,1,2,1,2,0,2,0,1,1,1,2,1,2,0,0,1,0,2,1,1,1,1,2,1,2,1,2,1,1,0,1,1,2,1,1,1,2,2,1,1,0,2,0,0,0,2,1,2,0,0,2,0,0,1,2,0,1,1,2,0,0,2,0,0,0,1,2,2,0,0,2,2,1,0,0,1,1,0,1,1,1,1,1,1,0,0,2,0,1
Best fitness found so far: -33.0; distance: 16.55294535724685
Generation: 72; 
d: 14.7648230602334; energy: -30.0; 0,0,2,2,0,2,2,1,0,0,0,2,0,0,1,2,1,1,2,1,0,0,1,2,2,1,2,2,1,1,2,1,1,1,2,2,1,1,1,0,0,1,2,1,0,0,1,2,1,0,2,2,0,0,1,1,0,0,2,2,1,2,0,2,1,0,1,0,0,1,0,0,1,0,0,0,0,0,0,0,2,2,1,0,0,0,0,1,1,1,0,0,2,1,0,0,1
Best fitness found so far: -33.0; distance: 16.55294535724685
Generation: 73; 
d: 14.7648230602334; energy: -30.0; 0,0,2,2,0,2,2,1,0,0,0,2,0,0,1,2,1,1,2,1,0,0,1,2,2,1,2,2,1,1,2,1,1,1,2,2,1,1,1,0,0,1,2,1,0,0,1,2,1,0,2,2,0,0,1,1,0,0,2,2,1,2,0,2,1,0,1,0,0,1,0,0,1,0,0,0,0,0,0,0,2,2,1,0,0,0,0,1,1,1,0,0,2,1,0,0,1
Best fitness found so far: -33.0; distance: 16.55294535724685
Generation: 74; 
d: 16.1245154965971; energy: -30.0; 1,0,0,0,2,0,0,1,0,0,2,2,2,2,1,1,1,2,2,0,0,0,2,2,2,2,2,2,2,1,2,1,0,2,0,0,0,1,2,2,2,0,1,2,1,2,0,2,2,1,0,2,0,0,2,0,0,1,1,1,2,2,1,1,0,0,1,2,1,0,0,1,0,0,2,2,0,0,1,0,2,1,2,1,0,0,2,1,2,2,0,2,0,2,1,2,1
Best fitness found so far: -33.0; distance: 16.55294535724685
Generation: 75; 
d: 16.1245154965971; energy: -30.0; 1,0,0,0,2,0,0,1,0,0,2,2,2,2,1,1,1,2,2,0,0,0,2,2,2,2,2,2,2,1,2,1,0,2,0,0,0,1,2,2,2,0,1,2,1,2,0,2,2,1,0,2,0,0,2,0,0,1,1,1,2,2,1,1,0,0,1,2,1,0,0,1,0,0,2,2,0,0,1,0,2,1,2,1,0,0,2,1,2,2,0,2,0,2,1,2,1
Best fitness found so far: -33.0; distance: 16.55294535724685
Generation: 76; 
d: 16.76305461424021; energy: -30.0; 0,1,0,0,2,0,0,1,0,0,2,2,2,2,1,1,1,2,2,0,0,0,2,2,2,2,2,2,2,1,2,1,1,1,0,0,0,1,0,0,0,0,0,0,0,2,2,1,2,1,0,2,0,0,2,0,0,1,1,1,2,2,1,1,0,0,1,2,1,0,0,1,0,0,2,2,0,0,1,0,2,1,2,1,0,0,2,1,2,2,0,2,0,1,2,0,1
Best fitness found so far: -33.0; distance: 16.55294535724685
Generation: 77; 
d: 16.1245154965971; energy: -30.0; 1,0,0,0,2,0,0,1,0,0,2,2,2,2,1,1,1,2,2,0,0,0,2,2,2,2,2,2,2,1,2,1,1,1,0,0,0,1,2,2,2,0,1,2,1,2,0,2,2,1,0,2,0,0,2,0,0,1,1,1,2,2,1,1,0,0,1,2,1,0,0,1,0,0,2,2,0,0,1,0,2,1,2,1,0,0,2,1,2,2,0,2,0,2,1,2,1
Best fitness found so far: -33.0; distance: 16.55294535724685
Generation: 78; 
d: 16.55294535724685; energy: -31.0; 1,0,0,0,2,0,0,1,0,0,2,2,2,2,1,1,1,2,2,0,0,0,2,2,2,2,2,2,2,1,2,1,1,1,0,0,0,1,0,0,0,0,0,0,0,2,2,1,2,1,0,2,0,0,2,0,0,1,1,1,2,2,1,1,0,0,1,2,1,0,0,1,0,0,2,2,0,0,1,0,2,1,2,1,0,0,2,1,2,2,0,2,0,1,2,0,1
Best fitness found so far: -33.0; distance: 16.55294535724685
Generation: 79; 
d: 16.55294535724685; energy: -31.0; 1,0,0,0,2,0,0,1,0,0,2,2,2,2,1,1,1,2,2,0,0,0,2,2,2,2,2,2,2,1,2,1,1,1,0,0,0,1,0,0,0,0,0,0,0,2,2,1,2,1,0,2,0,0,2,0,0,1,1,1,2,2,1,1,0,0,1,2,1,0,0,1,0,0,2,2,0,0,1,0,2,1,2,1,0,0,2,1,2,2,0,2,0,1,2,0,1
Best fitness found so far: -33.0; distance: 16.55294535724685
Generation: 80; 
d: 14.422205101855956; energy: -29.0; 0,1,2,1,0,0,2,0,1,0,2,0,2,2,1,1,2,0,2,2,0,1,0,0,2,0,1,2,2,1,1,2,0,0,2,0,1,0,0,2,2,0,0,2,2,1,0,2,2,0,0,2,0,0,2,1,0,0,1,2,2,1,0,2,1,0,2,2,2,1,0,0,0,0,0,0,1,2,1,2,0,1,0,0,0,0,1,1,0,1,1,1,0,0,1,1,0
Best fitness found so far: -33.0; distance: 16.55294535724685
Generation: 81; 
d: 17.88854381999832; energy: -29.0; 1,0,0,0,2,0,0,1,0,0,2,2,2,2,1,1,1,2,2,0,0,0,2,2,2,2,2,2,2,1,2,1,1,1,0,0,0,1,2,2,2,0,1,2,1,2,0,2,2,1,0,2,0,0,2,0,0,1,1,1,2,2,1,1,0,0,1,2,1,0,0,1,0,0,2,2,0,0,1,0,2,1,2,1,0,0,2,1,2,2,0,2,0,2,1,1,1
Best fitness found so far: -33.0; distance: 16.55294535724685
Generation: 82; 
d: 18.788294228055936; energy: -32.0; 0,1,2,0,2,2,0,1,0,0,2,2,2,2,1,1,1,2,2,0,0,0,2,2,2,2,2,2,2,1,2,1,1,1,0,0,0,1,0,0,0,0,0,0,0,2,2,1,2,1,0,2,0,0,2,0,0,1,1,1,2,2,1,1,0,0,1,2,1,0,0,1,0,0,2,2,0,0,1,0,2,1,2,1,0,0,2,1,2,1,1,2,1,2,1,0,2
Best fitness found so far: -33.0; distance: 16.55294535724685
Generation: 83; 
d: 18.788294228055936; energy: -32.0; 0,1,2,0,2,2,0,1,0,0,2,2,2,2,1,1,1,2,2,0,0,0,2,2,2,2,2,2,2,1,2,1,1,1,0,0,0,1,0,0,0,0,0,0,0,2,2,1,2,1,0,2,0,0,2,0,0,1,1,1,2,2,1,1,0,0,1,2,1,0,0,1,0,0,2,2,0,0,1,0,2,1,2,1,0,0,2,1,2,1,1,2,1,2,1,0,2
Best fitness found so far: -33.0; distance: 16.55294535724685
Generation: 84; 
d: 15.297058540778355; energy: -33.0; 2,1,1,2,0,0,0,0,2,1,2,2,1,1,1,0,0,1,0,2,0,0,2,1,2,2,0,0,2,1,1,2,2,0,2,1,2,0,0,2,2,0,1,2,1,2,0,2,2,1,0,2,0,0,2,0,0,1,1,1,2,2,1,1,0,0,1,2,1,0,0,1,0,0,2,2,0,0,1,0,0,2,2,2,1,2,1,2,2,0,1,1,0,0,2,0,1
Best fitness found so far: -33.0; distance: 16.55294535724685
Generation: 85; 
d: 15.297058540778355; energy: -33.0; 2,1,1,2,0,0,0,0,2,1,2,2,1,1,1,0,0,1,0,2,0,0,2,1,2,2,0,0,2,1,1,2,2,0,2,1,2,0,0,2,2,0,1,2,1,2,0,2,2,1,0,2,0,0,2,0,0,1,1,1,2,2,1,1,0,0,1,2,1,0,0,1,0,0,2,2,0,0,1,0,0,2,2,2,1,2,1,2,2,0,1,1,0,0,2,0,1
Best fitness found so far: -33.0; distance: 16.55294535724685
Generation: 86; 
d: 23.021728866442675; energy: -30.0; 2,1,2,0,1,1,0,0,1,0,0,2,2,1,1,2,1,0,1,0,1,2,2,0,1,2,2,2,0,0,2,2,0,0,1,2,0,0,1,0,2,1,2,2,0,2,1,1,0,1,2,2,0,0,1,1,0,0,2,2,1,2,0,2,1,0,1,0,0,2,2,0,0,1,2,2,0,0,1,0,2,1,2,2,0,1,2,2,0,1,0,1,0,2,0,0,2
Best fitness found so far: -33.0; distance: 16.55294535724685
Generation: 87; 
d: 15.811388300841896; energy: -30.0; 1,1,0,0,0,1,2,1,1,1,0,0,0,0,1,2,1,1,2,1,0,0,1,2,2,1,2,2,1,1,2,1,1,1,2,2,1,1,1,0,0,1,2,1,0,0,1,2,1,0,2,2,0,0,1,1,0,0,2,2,1,2,0,2,1,0,1,0,1,0,2,2,0,0,1,2,0,0,2,1,1,0,0,0,2,0,0,0,0,2,2,2,0,2,0,2,0
Best fitness found so far: -33.0; distance: 16.55294535724685
Generation: 88; 
d: 15.132745950421556; energy: -29.0; 1,2,2,1,0,0,2,0,1,0,2,0,2,2,1,1,2,0,2,2,0,1,0,0,2,0,1,2,2,1,1,2,0,0,2,0,1,0,0,2,2,0,0,2,0,2,0,2,2,0,0,2,0,0,2,1,0,0,1,2,2,1,0,2,1,0,2,0,0,0,1,0,2,2,0,0,1,2,2,0,0,1,2,2,0,0,1,1,0,1,0,1,2,2,2,2,1
Best fitness found so far: -33.0; distance: 16.55294535724685
Generation: 89; 
d: 13.601470508735444; energy: -30.0; 1,2,2,1,0,0,2,0,1,0,2,0,2,2,1,1,2,0,2,2,0,1,0,0,2,0,1,2,2,1,1,2,0,0,2,0,1,0,0,2,2,0,0,2,0,2,0,2,2,0,0,2,0,0,2,1,0,0,1,2,2,1,0,2,1,0,2,0,0,0,1,0,2,2,0,0,1,2,2,0,0,1,2,2,0,0,1,1,1,2,1,2,0,2,2,2,1
Best fitness found so far: -33.0; distance: 16.55294535724685
Generation: 90; 
d: 15.620499351813308; energy: -31.0; 0,0,2,2,0,2,2,1,0,0,0,2,0,0,1,2,1,1,2,1,0,0,1,2,2,1,2,2,1,1,2,1,1,1,2,2,1,1,1,0,0,1,2,1,0,0,1,2,1,0,2,2,0,0,1,1,0,0,2,2,1,2,0,2,1,0,1,0,0,1,0,0,1,0,0,0,0,0,0,0,2,2,1,0,0,0,0,1,1,0,1,2,1,2,1,2,0
Best fitness found so far: -33.0; distance: 16.55294535724685
Generation: 91; 
d: 15.620499351813308; energy: -31.0; 0,0,2,2,0,2,2,1,0,0,0,2,0,0,1,2,1,1,2,1,0,0,1,2,2,1,2,2,1,1,2,1,1,1,2,2,1,1,1,0,0,1,2,1,0,0,1,2,1,0,2,2,0,0,1,1,0,0,2,2,1,2,0,2,1,0,1,0,0,1,0,0,1,0,0,0,0,0,0,0,2,2,1,0,0,0,0,1,1,0,1,2,1,2,1,2,0
Best fitness found so far: -33.0; distance: 16.55294535724685
Generation: 92; 
d: 18.35755975068582; energy: -32.0; 2,0,1,1,2,2,2,1,0,0,2,2,2,2,1,1,1,2,2,0,0,0,2,2,2,2,2,2,2,1,2,1,1,1,0,0,0,1,0,0,0,0,0,0,0,2,2,1,2,1,0,2,0,0,2,0,0,1,1,1,2,2,1,1,0,0,1,2,1,0,0,1,0,0,2,2,0,0,1,0,2,1,2,1,0,0,2,1,2,1,1,2,1,2,1,0,2
Best fitness found so far: -33.0; distance: 16.55294535724685
Generation: 93; 
d: 18.35755975068582; energy: -32.0; 2,0,1,1,2,2,2,1,0,0,2,2,2,2,1,1,1,2,2,0,0,0,2,2,2,2,2,2,2,1,2,1,1,1,0,0,0,1,0,0,0,0,0,0,0,2,2,1,2,1,0,2,0,0,2,0,0,1,1,1,2,2,1,1,0,0,1,2,1,0,0,1,0,0,2,2,0,0,1,0,2,1,2,1,0,0,2,1,2,1,1,2,1,2,1,0,2
Best fitness found so far: -33.0; distance: 16.55294535724685
Generation: 94; 
d: 16.55294535724685; energy: -33.0; 1,0,0,0,2,0,0,1,0,0,2,2,2,2,1,1,1,2,2,0,0,0,2,2,2,2,2,2,2,1,2,1,1,1,0,0,0,1,0,0,0,0,0,0,0,2,2,1,2,1,0,2,0,0,2,0,0,1,1,1,2,2,1,1,0,0,1,2,1,0,0,1,0,0,2,2,0,0,1,0,2,1,2,1,0,0,2,1,2,1,1,2,1,2,1,0,2
Best fitness found so far: -33.0; distance: 16.55294535724685
Generation: 95; 
d: 16.55294535724685; energy: -33.0; 1,0,0,0,2,0,0,1,0,0,2,2,2,2,1,1,1,2,2,0,0,0,2,2,2,2,2,2,2,1,2,1,1,1,0,0,0,1,0,0,0,0,0,0,0,2,2,1,2,1,0,2,0,0,2,0,0,1,1,1,2,2,1,1,0,0,1,2,1,0,0,1,0,0,2,2,0,0,1,0,2,1,2,1,0,0,2,1,2,1,1,2,1,2,1,0,2
Best fitness found so far: -33.0; distance: 16.55294535724685
Generation: 96; 
d: 13.341664064126334; energy: -31.0; 0,0,1,2,0,2,0,0,1,0,2,0,2,2,1,1,2,0,2,2,0,1,0,0,2,0,1,2,2,1,1,2,0,0,2,0,1,0,0,2,2,0,0,2,0,2,0,2,2,0,0,2,0,0,2,1,0,0,1,2,2,1,0,2,1,0,2,0,0,0,1,0,2,2,0,0,1,2,2,0,0,1,2,2,0,0,1,1,1,2,1,2,0,2,2,2,1
Best fitness found so far: -33.0; distance: 16.55294535724685
Generation: 97; 
d: 13.341664064126334; energy: -31.0; 0,0,1,2,0,2,0,0,1,0,2,0,2,2,1,1,2,0,2,2,0,1,0,0,2,0,1,2,2,1,1,2,0,0,2,0,1,0,0,2,2,0,0,2,0,2,0,2,2,0,0,2,0,0,2,1,0,0,1,2,2,1,0,2,1,0,2,0,0,0,1,0,2,2,0,0,1,2,2,0,0,1,2,2,0,0,1,1,1,2,1,2,0,2,2,2,1
Best fitness found so far: -33.0; distance: 16.55294535724685
Generation: 98; 
d: 15.620499351813308; energy: -31.0; 0,0,2,2,0,2,2,1,0,0,0,2,0,0,1,2,1,1,2,1,0,0,1,2,2,1,2,2,1,1,2,1,1,1,2,2,1,1,1,0,0,1,2,1,0,0,1,2,1,0,2,2,0,0,1,1,0,0,2,2,1,2,0,2,1,0,1,0,0,2,0,0,1,0,0,0,0,0,0,0,2,2,1,0,0,0,0,1,1,0,1,2,1,2,1,2,0
Best fitness found so far: -33.0; distance: 16.55294535724685
Generation: 99; 
d: 15.620499351813308; energy: -31.0; 0,0,2,2,0,2,2,1,0,0,0,2,0,0,1,2,1,1,2,1,0,0,1,2,2,1,2,2,1,1,2,1,1,1,2,2,1,1,1,0,0,1,2,1,0,0,1,2,1,0,2,2,0,0,1,1,0,0,2,2,1,2,0,2,1,0,1,0,0,2,0,0,1,0,0,0,0,0,0,0,2,2,1,0,0,0,0,1,1,0,1,2,1,2,1,2,0
Best fitness found so far: -33.0; distance: 16.55294535724685
Generation: 100; 
d: 15.620499351813308; energy: -31.0; 0,0,2,2,0,2,2,1,0,0,0,2,0,0,1,2,1,1,2,1,0,0,1,2,2,1,2,2,1,1,2,1,1,1,2,2,1,1,1,0,0,1,2,1,0,0,1,2,1,0,2,2,0,0,1,1,0,0,2,2,1,2,0,2,1,0,1,0,0,2,0,0,1,0,0,0,0,0,0,0,2,2,1,0,0,0,0,1,1,0,1,2,1,2,1,2,1
Best fitness found so far: -33.0; distance: 16.55294535724685
Generation: 101; 
d: 15.620499351813308; energy: -31.0; 0,0,2,2,0,2,2,1,0,0,0,2,0,0,1,2,1,1,2,1,0,0,1,2,2,1,2,2,1,1,2,1,1,1,2,2,1,1,1,0,0,1,2,1,0,0,1,2,1,0,2,2,0,0,1,1,0,0,2,2,1,2,0,2,1,0,1,0,0,2,0,0,1,0,0,0,0,0,0,0,2,2,1,0,0,0,0,1,1,0,1,2,1,2,1,2,1
Best fitness found so far: -33.0; distance: 16.55294535724685
Generation: 102; 
d: 17.08800749063506; energy: -30.0; 2,0,2,2,1,2,1,1,0,0,2,2,2,2,1,1,1,2,2,0,0,0,2,2,2,2,2,2,2,1,2,1,1,1,0,0,0,1,0,0,0,0,0,0,0,2,2,1,2,1,0,2,0,0,2,0,0,1,1,1,2,2,1,1,0,0,1,2,1,0,0,1,0,0,2,2,0,0,1,0,2,1,2,1,0,0,2,1,2,2,0,2,0,1,2,0,1
Best fitness found so far: -33.0; distance: 16.55294535724685
Generation: 103; 
d: 13.601470508735444; energy: -30.0; 0,1,2,1,0,0,2,0,1,0,2,0,2,2,1,1,2,0,2,2,0,1,0,0,2,0,1,2,2,1,1,2,0,0,2,0,1,0,0,2,2,0,0,2,0,2,0,2,2,0,0,2,0,0,2,1,0,0,1,2,2,1,0,2,1,0,2,0,0,0,1,0,2,2,0,0,1,2,2,0,0,1,2,2,0,0,1,1,1,2,1,2,0,2,2,2,1
Best fitness found so far: -33.0; distance: 16.55294535724685
Generation: 104; 
d: 13.341664064126334; energy: -31.0; 0,0,1,2,0,2,0,0,1,0,2,0,2,2,1,1,2,0,2,2,0,1,0,0,2,0,1,2,2,1,1,2,0,0,2,0,1,0,0,2,2,0,0,2,0,2,0,2,2,0,0,2,0,0,2,1,0,0,1,2,2,1,0,2,1,0,2,0,0,0,1,0,2,2,0,0,1,2,2,0,0,1,2,2,0,0,1,1,0,1,2,2,2,2,1,1,1
Best fitness found so far: -33.0; distance: 16.55294535724685
Generation: 105; 
d: 17.029386365926403; energy: -31.0; 1,0,0,0,2,0,0,1,0,0,2,2,2,2,1,1,1,2,2,0,0,0,2,2,2,2,2,2,2,1,2,1,1,1,0,0,0,1,0,0,0,0,0,0,0,2,2,1,2,1,0,2,0,0,2,0,0,1,1,1,2,2,1,1,0,0,1,2,1,0,0,1,0,0,2,2,0,0,1,0,2,1,0,0,0,0,1,1,0,1,1,1,2,0,2,0,1
Best fitness found so far: -33.0; distance: 16.55294535724685
Generation: 106; 
d: 17.029386365926403; energy: -31.0; 1,0,0,0,2,0,0,1,0,0,2,2,2,2,1,1,1,2,2,0,0,0,2,2,2,2,2,2,2,1,2,1,1,1,0,0,0,1,0,0,0,0,0,0,0,2,2,1,2,1,0,2,0,0,2,0,0,1,1,1,2,2,1,1,0,0,1,2,1,0,0,1,0,0,2,2,0,0,1,0,2,1,0,0,0,0,1,1,0,1,1,1,2,0,2,0,1
Best fitness found so far: -33.0; distance: 16.55294535724685
Generation: 107; 
d: 12.806248474865697; energy: -31.0; 2,2,1,0,2,0,0,1,1,0,2,0,2,2,1,1,2,0,2,2,0,1,0,0,2,0,1,2,2,1,1,2,0,0,2,0,1,0,0,2,2,0,0,2,0,2,0,2,2,0,0,2,0,0,2,1,0,0,1,2,2,1,0,2,1,0,2,0,0,0,1,0,2,2,0,0,1,2,2,0,0,1,2,2,0,0,1,1,2,1,1,2,1,2,0,1,2
Best fitness found so far: -33.0; distance: 16.55294535724685
Generation: 108; 
d: 15.620499351813308; energy: -31.0; 0,0,2,2,0,2,2,1,0,0,0,2,0,0,1,2,1,1,2,1,0,0,1,2,2,1,2,2,1,1,2,1,1,1,2,2,1,1,1,0,0,1,2,1,0,0,1,2,1,0,2,2,0,0,1,1,0,0,2,2,1,2,0,2,1,0,1,0,0,2,0,0,1,0,1,1,1,2,2,1,2,2,1,0,0,0,0,1,1,0,1,2,1,2,1,2,0
Best fitness found so far: -33.0; distance: 16.55294535724685
Generation: 109; 
d: 13.601470508735444; energy: -32.0; 2,2,1,2,2,2,0,0,1,0,2,0,2,2,1,1,2,0,2,2,0,1,0,0,2,0,1,2,2,1,1,2,0,0,2,0,1,0,0,2,2,0,0,2,0,2,0,2,2,0,0,2,0,0,2,1,0,0,1,2,2,1,0,2,1,0,2,0,0,0,1,0,2,2,0,0,1,2,2,0,0,0,0,0,2,0,0,0,1,2,1,2,0,2,2,2,1
Best fitness found so far: -33.0; distance: 16.55294535724685
Generation: 110; 
d: 13.601470508735444; energy: -32.0; 2,2,1,2,2,2,0,0,1,0,2,0,2,2,1,1,2,0,2,2,0,1,0,0,2,0,1,2,2,1,1,2,0,0,2,0,1,0,0,2,2,0,0,2,0,2,0,2,2,0,0,2,0,0,2,1,0,0,1,2,2,1,0,2,1,0,2,0,0,0,1,0,2,2,0,0,1,2,2,0,0,0,0,0,2,0,0,0,1,2,1,2,0,2,2,2,1
Best fitness found so far: -33.0; distance: 16.55294535724685
Generation: 111; 
d: 15.652475842498529; energy: -31.0; 1,0,0,0,2,0,0,1,0,0,2,2,2,2,1,1,1,2,2,0,0,0,2,2,2,2,2,2,2,1,2,1,1,1,0,0,0,1,0,0,0,0,0,0,0,2,2,1,2,1,0,2,0,0,2,0,0,1,1,1,2,2,1,1,0,0,1,2,0,0,1,0,2,2,0,0,1,2,2,0,0,0,0,0,2,0,0,1,1,2,0,1,2,2,2,2,0
Best fitness found so far: -33.0; distance: 16.55294535724685
Generation: 112; 
d: 16.15549442140351; energy: -31.0; 1,0,0,0,2,2,0,0,1,0,2,0,2,2,1,1,2,0,2,2,0,1,0,0,2,0,1,2,2,1,1,2,0,0,2,0,1,0,0,2,2,0,0,2,2,1,0,2,2,0,0,2,0,0,2,1,0,0,1,2,2,1,0,2,1,0,2,0,0,1,0,0,0,0,0,0,1,2,2,0,0,0,0,0,2,0,0,0,0,2,2,2,0,1,2,0,2
Best fitness found so far: -33.0; distance: 16.55294535724685
Generation: 113; 
d: 16.15549442140351; energy: -31.0; 1,0,0,0,2,2,0,0,1,0,2,0,2,2,1,1,2,0,2,2,0,1,0,0,2,0,1,2,2,1,1,2,0,0,2,0,1,0,0,2,2,0,0,2,2,1,0,2,2,0,0,2,0,0,2,1,0,0,1,2,2,1,0,2,1,0,2,0,0,1,0,0,0,0,0,0,1,2,2,0,0,0,0,0,2,0,0,0,0,2,2,2,0,1,2,0,2
Best fitness found so far: -33.0; distance: 16.55294535724685
