Algorithm configured with: 
Pop: 100
CrP: 1.0
MtP: 1.0
List of crossover: 
SinglePointCrossover
IntegerTwoPointsCrossover
MultiPointsCrossover
List of mutations: 
BitFlipMutation
LoopMoveOperator
LocalMoveOperator
SegmentMutation
OppositeMoveOperator
Execution: 1
Generation: 0; 
d: 11.180339887498949; energy: -1.0; 1,1,0,0,1,2,2,1,0,1,2,1,2,0,1,1,0,2,1,0,0,2
Best fitness found so far: -1.0; distance: 11.180339887498949
Generation: 1; 
d: 7.211102550927978; energy: -4.0; 2,0,0,1,1,0,1,0,2,1,2,1,0,1,0,0,0,0,1,0,0,0
Best fitness found so far: -4.0; distance: 7.211102550927978
Generation: 2; 
d: 8.06225774829855; energy: -6.0; 1,0,0,0,0,0,0,2,0,0,2,2,2,2,2,0,1,2,2,2,2,2
Best fitness found so far: -6.0; distance: 8.06225774829855
Generation: 3; 
d: 7.280109889280518; energy: -4.0; 1,0,0,0,0,0,1,0,1,1,1,0,0,2,2,0,1,2,2,1,1,1
Best fitness found so far: -6.0; distance: 8.06225774829855
Generation: 4; 
d: 6.4031242374328485; energy: -5.0; 1,0,0,0,0,0,1,0,1,1,1,0,0,2,2,2,2,2,0,2,2,1
Best fitness found so far: -6.0; distance: 8.06225774829855
Generation: 5; 
d: 8.246211251235321; energy: -6.0; 1,0,0,0,0,0,0,2,0,0,2,2,2,2,2,0,2,2,2,2,1,1
Best fitness found so far: -6.0; distance: 8.06225774829855
Generation: 6; 
d: 8.246211251235321; energy: -6.0; 1,0,0,0,0,0,0,2,0,0,2,2,2,2,2,0,2,2,2,2,1,1
Best fitness found so far: -6.0; distance: 8.06225774829855
Generation: 7; 
d: 8.06225774829855; energy: -5.0; 1,0,0,0,0,0,1,0,1,1,1,0,0,2,2,2,2,2,2,0,2,0
Best fitness found so far: -6.0; distance: 8.06225774829855
Generation: 8; 
d: 7.0710678118654755; energy: -6.0; 1,0,0,0,0,0,0,0,1,1,1,1,1,2,2,0,1,2,1,2,2,1
Best fitness found so far: -6.0; distance: 8.06225774829855
Generation: 9; 
d: 7.810249675906654; energy: -6.0; 2,0,0,0,0,0,0,2,0,0,2,2,2,2,2,0,1,2,2,2,2,2
Best fitness found so far: -6.0; distance: 8.06225774829855
Generation: 10; 
d: 5.830951894845301; energy: -7.0; 2,0,0,1,2,2,1,0,0,0,0,0,2,0,0,2,0,2,2,2,0,0
Best fitness found so far: -7.0; distance: 5.830951894845301
Generation: 11; 
d: 5.830951894845301; energy: -7.0; 2,0,0,1,2,2,1,0,0,0,0,0,2,0,0,2,0,2,2,2,0,0
Best fitness found so far: -7.0; distance: 5.830951894845301
Generation: 12; 
d: 5.830951894845301; energy: -7.0; 2,0,0,1,2,2,1,0,0,0,0,0,2,0,0,2,0,2,2,2,0,0
Best fitness found so far: -7.0; distance: 5.830951894845301
Generation: 13; 
d: 5.830951894845301; energy: -7.0; 2,0,0,1,2,2,1,0,0,0,0,0,2,0,0,2,0,2,2,2,0,0
Best fitness found so far: -7.0; distance: 5.830951894845301
Generation: 14; 
d: 6.708203932499369; energy: -8.0; 1,0,0,1,0,0,0,0,1,1,2,1,0,2,2,2,2,2,0,2,2,1
Best fitness found so far: -8.0; distance: 6.708203932499369
Generation: 15; 
d: 6.708203932499369; energy: -8.0; 1,0,0,1,0,0,0,0,1,1,2,1,0,2,2,2,2,2,0,2,2,1
Best fitness found so far: -8.0; distance: 6.708203932499369
Generation: 16; 
d: 8.246211251235321; energy: -6.0; 1,0,0,0,0,0,0,2,0,0,2,2,2,2,2,0,2,2,2,2,1,1
Best fitness found so far: -8.0; distance: 6.708203932499369
Generation: 17; 
d: 5.830951894845301; energy: -7.0; 2,0,0,1,2,2,1,0,0,0,0,0,2,0,0,2,0,2,2,2,0,0
Best fitness found so far: -8.0; distance: 6.708203932499369
Generation: 18; 
d: 5.830951894845301; energy: -7.0; 2,0,0,1,2,2,1,0,0,0,0,0,2,0,0,2,0,2,2,2,0,0
Best fitness found so far: -8.0; distance: 6.708203932499369
Generation: 19; 
d: 6.324555320336759; energy: -7.0; 2,0,0,2,2,2,0,0,2,1,0,0,2,0,0,2,0,2,2,2,0,0
Best fitness found so far: -8.0; distance: 6.708203932499369
Generation: 20; 
d: 6.708203932499369; energy: -8.0; 1,0,0,0,0,0,0,0,1,1,2,1,0,2,2,2,2,2,0,2,2,1
Best fitness found so far: -8.0; distance: 6.708203932499369
Generation: 21; 
d: 6.708203932499369; energy: -8.0; 1,0,0,0,0,0,0,0,1,1,2,1,0,2,2,2,2,2,0,2,2,1
Best fitness found so far: -8.0; distance: 6.708203932499369
Generation: 22; 
d: 6.708203932499369; energy: -8.0; 1,0,0,0,0,0,0,0,1,1,2,1,0,2,2,2,2,2,0,2,2,0
Best fitness found so far: -8.0; distance: 6.708203932499369
Generation: 23; 
d: 6.708203932499369; energy: -8.0; 1,0,0,0,0,0,0,0,1,1,2,1,0,2,2,2,2,2,0,2,2,0
Best fitness found so far: -8.0; distance: 6.708203932499369
Generation: 24; 
d: 6.708203932499369; energy: -8.0; 1,0,0,0,0,0,0,0,1,1,2,1,0,2,2,2,2,2,0,2,2,0
Best fitness found so far: -8.0; distance: 6.708203932499369
Generation: 25; 
d: 6.708203932499369; energy: -8.0; 1,0,0,0,0,0,0,0,1,1,2,1,0,2,2,2,2,2,0,2,2,0
Best fitness found so far: -8.0; distance: 6.708203932499369
Generation: 26; 
d: 5.830951894845301; energy: -7.0; 2,0,0,1,2,2,1,0,0,0,0,0,2,0,0,2,0,2,2,2,0,0
Best fitness found so far: -8.0; distance: 6.708203932499369
Generation: 27; 
d: 7.615773105863909; energy: -7.0; 2,0,0,0,0,0,1,0,0,1,2,1,0,2,2,2,2,2,0,2,2,1
Best fitness found so far: -8.0; distance: 6.708203932499369
Generation: 28; 
d: 5.830951894845301; energy: -7.0; 1,1,0,2,0,0,1,0,1,1,2,1,0,2,2,2,2,2,0,2,2,0
Best fitness found so far: -8.0; distance: 6.708203932499369
Generation: 29; 
d: 6.708203932499369; energy: -8.0; 1,0,0,0,0,0,0,0,1,1,2,1,0,2,2,2,2,2,0,2,2,0
Best fitness found so far: -8.0; distance: 6.708203932499369
Generation: 30; 
d: 6.708203932499369; energy: -8.0; 1,0,0,0,0,0,0,0,1,1,2,1,0,2,2,2,2,2,0,2,2,0
Best fitness found so far: -8.0; distance: 6.708203932499369
Generation: 31; 
d: 5.830951894845301; energy: -7.0; 2,0,0,1,2,2,1,0,0,0,0,0,2,0,0,2,0,2,2,2,0,0
Best fitness found so far: -8.0; distance: 6.708203932499369
Generation: 32; 
d: 6.708203932499369; energy: -8.0; 1,0,0,0,0,0,0,0,1,1,2,1,0,2,2,2,2,2,0,2,2,0
Best fitness found so far: -8.0; distance: 6.708203932499369
Generation: 33; 
d: 6.708203932499369; energy: -8.0; 1,0,0,0,0,0,0,0,1,1,2,1,0,2,2,2,2,2,0,2,2,0
Best fitness found so far: -8.0; distance: 6.708203932499369
Generation: 34; 
d: 6.708203932499369; energy: -8.0; 1,0,0,0,0,0,0,0,1,1,2,1,0,2,2,2,2,2,0,2,2,1
Best fitness found so far: -8.0; distance: 6.708203932499369
Generation: 35; 
d: 6.708203932499369; energy: -8.0; 1,0,0,0,0,0,0,0,1,1,2,1,0,2,2,2,2,2,0,2,2,1
Best fitness found so far: -8.0; distance: 6.708203932499369
Generation: 36; 
d: 7.615773105863909; energy: -7.0; 2,0,0,0,0,0,0,0,1,1,2,1,0,2,2,2,2,2,0,2,2,0
Best fitness found so far: -8.0; distance: 6.708203932499369
Generation: 37; 
d: 5.830951894845301; energy: -7.0; 2,0,0,1,2,2,1,0,0,0,0,0,2,0,0,2,0,2,2,2,0,0
Best fitness found so far: -8.0; distance: 6.708203932499369
Generation: 38; 
d: 6.708203932499369; energy: -8.0; 1,0,0,0,0,0,0,0,1,1,2,1,0,2,2,2,2,2,0,2,2,1
Best fitness found so far: -8.0; distance: 6.708203932499369
Generation: 39; 
d: 6.708203932499369; energy: -8.0; 1,0,0,0,0,0,0,0,1,1,2,1,0,2,2,2,2,2,0,2,2,1
Best fitness found so far: -8.0; distance: 6.708203932499369
Generation: 40; 
d: 7.615773105863909; energy: -7.0; 2,0,0,0,0,0,0,0,1,1,2,1,0,2,2,2,2,2,0,2,2,1
Best fitness found so far: -8.0; distance: 6.708203932499369
Generation: 41; 
d: 5.830951894845301; energy: -7.0; 2,0,0,1,2,2,1,0,0,0,0,0,2,0,0,2,0,2,2,2,0,0
Best fitness found so far: -8.0; distance: 6.708203932499369
Generation: 42; 
d: 5.830951894845301; energy: -7.0; 2,0,0,1,2,2,1,0,0,0,0,0,2,0,0,2,0,2,2,2,0,0
Best fitness found so far: -8.0; distance: 6.708203932499369
Generation: 43; 
d: 6.708203932499369; energy: -8.0; 1,0,0,0,0,0,0,0,1,1,2,1,0,2,2,2,2,2,0,2,2,0
Best fitness found so far: -8.0; distance: 6.708203932499369
Generation: 44; 
d: 6.708203932499369; energy: -8.0; 1,0,0,0,0,0,0,0,1,1,2,1,0,2,2,2,2,2,0,2,2,0
Best fitness found so far: -8.0; distance: 6.708203932499369
Generation: 45; 
d: 8.06225774829855; energy: -8.0; 2,0,0,1,2,2,1,0,0,1,2,1,0,2,2,2,2,2,0,2,2,1
Best fitness found so far: -8.0; distance: 6.708203932499369
Generation: 46; 
d: 8.06225774829855; energy: -8.0; 2,0,0,1,2,2,1,0,0,1,2,1,0,2,2,2,2,2,0,2,2,1
Best fitness found so far: -8.0; distance: 6.708203932499369
Generation: 47; 
d: 6.708203932499369; energy: -8.0; 1,0,0,1,0,0,0,0,1,1,2,1,0,2,2,2,2,2,0,2,2,1
Best fitness found so far: -8.0; distance: 6.708203932499369
Generation: 48; 
d: 8.06225774829855; energy: -8.0; 2,0,0,1,2,2,1,0,0,1,2,1,0,2,2,2,2,2,0,2,2,1
Best fitness found so far: -8.0; distance: 6.708203932499369
Generation: 49; 
d: 8.06225774829855; energy: -8.0; 2,0,0,1,2,2,1,0,0,1,2,1,0,2,2,2,2,2,0,2,2,1
Best fitness found so far: -8.0; distance: 6.708203932499369
Generation: 50; 
d: 6.708203932499369; energy: -8.0; 1,0,0,1,0,0,0,0,1,1,2,1,0,2,2,2,2,2,0,2,2,0
Best fitness found so far: -8.0; distance: 6.708203932499369
Generation: 51; 
d: 6.708203932499369; energy: -8.0; 1,0,0,1,0,0,0,0,1,1,2,1,0,2,2,2,2,2,0,2,2,0
Best fitness found so far: -8.0; distance: 6.708203932499369
Generation: 52; 
d: 8.06225774829855; energy: -8.0; 2,0,0,1,2,2,1,0,0,1,2,1,0,2,2,2,2,2,0,2,2,1
Best fitness found so far: -8.0; distance: 6.708203932499369
Generation: 53; 
d: 8.06225774829855; energy: -8.0; 2,0,0,1,2,2,1,0,0,1,2,1,0,2,2,2,2,2,0,2,2,1
Best fitness found so far: -8.0; distance: 6.708203932499369
Generation: 54; 
d: 8.06225774829855; energy: -8.0; 2,0,0,1,2,2,1,0,0,0,2,1,0,2,2,2,2,2,0,2,2,0
Best fitness found so far: -8.0; distance: 6.708203932499369
Generation: 55; 
d: 8.06225774829855; energy: -8.0; 2,0,0,1,2,2,1,0,0,0,2,1,0,2,2,2,2,2,0,2,2,0
Best fitness found so far: -8.0; distance: 6.708203932499369
Generation: 56; 
d: 6.708203932499369; energy: -8.0; 1,0,0,0,0,0,0,0,1,1,2,1,0,2,2,2,2,2,0,2,2,0
Best fitness found so far: -8.0; distance: 6.708203932499369
Generation: 57; 
d: 6.708203932499369; energy: -8.0; 1,0,0,0,0,0,0,0,1,1,2,1,0,2,2,2,2,2,0,2,2,0
Best fitness found so far: -8.0; distance: 6.708203932499369
Generation: 58; 
d: 6.708203932499369; energy: -8.0; 1,0,0,1,0,0,0,0,1,1,2,1,0,2,2,2,2,2,0,2,2,0
Best fitness found so far: -8.0; distance: 6.708203932499369
Generation: 59; 
d: 6.708203932499369; energy: -8.0; 1,0,0,1,0,0,0,0,1,1,2,1,0,2,2,2,2,2,0,2,2,0
Best fitness found so far: -8.0; distance: 6.708203932499369
Generation: 60; 
d: 6.708203932499369; energy: -8.0; 1,0,0,0,0,0,0,0,1,1,2,1,0,2,2,2,2,2,0,2,2,0
Best fitness found so far: -8.0; distance: 6.708203932499369
Generation: 61; 
d: 6.708203932499369; energy: -8.0; 1,0,0,0,0,0,0,0,1,1,2,1,0,2,2,2,2,2,0,2,2,0
Best fitness found so far: -8.0; distance: 6.708203932499369
Generation: 62; 
d: 6.708203932499369; energy: -8.0; 1,0,0,0,0,0,0,0,1,1,2,1,0,2,2,2,2,2,0,2,2,0
Best fitness found so far: -8.0; distance: 6.708203932499369
Generation: 63; 
d: 6.708203932499369; energy: -8.0; 1,0,0,1,0,0,0,0,1,1,2,1,0,2,2,2,2,2,0,2,2,1
Best fitness found so far: -8.0; distance: 6.708203932499369
Generation: 64; 
d: 6.708203932499369; energy: -8.0; 1,0,0,0,0,0,0,0,1,1,2,1,0,2,2,2,2,2,0,2,2,1
Best fitness found so far: -8.0; distance: 6.708203932499369
Generation: 65; 
d: 6.708203932499369; energy: -8.0; 1,0,0,0,0,0,0,0,1,1,2,1,0,2,2,2,2,2,0,2,2,1
Best fitness found so far: -8.0; distance: 6.708203932499369
Generation: 66; 
d: 6.708203932499369; energy: -8.0; 1,0,0,0,0,0,0,0,1,1,2,1,0,2,2,2,2,2,0,2,2,1
Best fitness found so far: -8.0; distance: 6.708203932499369
Generation: 67; 
d: 6.708203932499369; energy: -8.0; 1,0,0,0,0,0,0,0,1,1,2,1,0,2,2,2,2,2,0,2,2,1
Best fitness found so far: -8.0; distance: 6.708203932499369
Generation: 68; 
d: 6.708203932499369; energy: -8.0; 1,0,0,0,0,0,0,0,1,1,2,1,0,2,2,2,2,2,2,2,2,1
Best fitness found so far: -8.0; distance: 6.708203932499369
Generation: 69; 
d: 6.708203932499369; energy: -8.0; 1,0,0,0,0,0,0,0,1,1,2,1,0,2,2,2,2,2,2,2,2,1
Best fitness found so far: -8.0; distance: 6.708203932499369
Generation: 70; 
d: 6.708203932499369; energy: -8.0; 1,0,0,1,0,0,0,0,1,1,2,1,0,2,2,2,2,2,0,2,2,1
Best fitness found so far: -8.0; distance: 6.708203932499369
Generation: 71; 
d: 6.708203932499369; energy: -8.0; 1,0,0,1,0,0,0,0,1,1,2,1,0,2,2,2,2,2,0,2,2,1
Best fitness found so far: -8.0; distance: 6.708203932499369
Generation: 72; 
d: 6.708203932499369; energy: -8.0; 1,0,0,1,0,0,0,0,1,1,2,1,0,2,2,2,2,2,0,2,2,1
Best fitness found so far: -8.0; distance: 6.708203932499369
Generation: 73; 
d: 8.06225774829855; energy: -8.0; 2,0,0,1,2,2,1,0,0,0,2,1,0,2,2,2,2,2,0,2,2,1
Best fitness found so far: -8.0; distance: 6.708203932499369
Generation: 74; 
d: 8.06225774829855; energy: -8.0; 2,0,0,1,2,2,1,0,0,0,2,1,0,2,2,2,2,2,0,2,2,1
Best fitness found so far: -8.0; distance: 6.708203932499369
Generation: 75; 
d: 6.708203932499369; energy: -8.0; 1,0,0,0,0,0,0,0,1,1,2,1,0,2,2,2,2,2,0,2,2,0
Best fitness found so far: -8.0; distance: 6.708203932499369
Generation: 76; 
d: 6.708203932499369; energy: -8.0; 1,0,0,0,0,0,0,0,1,1,2,1,0,2,2,2,2,2,0,2,2,1
Best fitness found so far: -8.0; distance: 6.708203932499369
Generation: 77; 
d: 6.708203932499369; energy: -8.0; 1,0,0,0,0,0,0,0,1,1,2,1,0,2,2,2,2,2,0,2,2,1
Best fitness found so far: -8.0; distance: 6.708203932499369
Generation: 78; 
d: 8.06225774829855; energy: -8.0; 2,0,0,1,2,2,1,0,0,0,2,1,0,2,2,2,2,2,0,2,2,1
Best fitness found so far: -8.0; distance: 6.708203932499369
Generation: 79; 
d: 8.06225774829855; energy: -8.0; 2,0,0,1,2,2,1,0,0,0,2,1,0,2,2,2,2,2,0,2,2,1
Best fitness found so far: -8.0; distance: 6.708203932499369
Generation: 80; 
d: 6.708203932499369; energy: -8.0; 1,0,0,0,0,0,0,0,1,1,2,1,0,2,2,2,2,2,0,2,2,0
Best fitness found so far: -8.0; distance: 6.708203932499369
Generation: 81; 
d: 6.708203932499369; energy: -8.0; 1,0,0,0,0,0,0,0,1,1,2,1,0,2,2,2,2,2,0,2,2,0
Best fitness found so far: -8.0; distance: 6.708203932499369
Generation: 82; 
d: 6.708203932499369; energy: -8.0; 1,0,0,0,0,0,0,0,1,1,2,1,0,2,2,2,2,2,0,2,2,0
Best fitness found so far: -8.0; distance: 6.708203932499369
Generation: 83; 
d: 6.708203932499369; energy: -8.0; 1,0,0,0,0,0,0,0,1,1,2,1,0,2,2,2,2,2,0,2,2,0
Best fitness found so far: -8.0; distance: 6.708203932499369
Generation: 84; 
d: 6.708203932499369; energy: -8.0; 1,0,0,0,0,0,0,0,1,1,2,1,0,2,2,2,2,2,0,2,2,0
Best fitness found so far: -8.0; distance: 6.708203932499369
Generation: 85; 
d: 6.708203932499369; energy: -8.0; 1,0,0,0,0,0,0,0,1,1,2,1,0,2,2,2,2,2,0,2,2,0
Best fitness found so far: -8.0; distance: 6.708203932499369
Generation: 86; 
d: 6.708203932499369; energy: -8.0; 1,0,0,0,0,0,0,0,1,1,2,1,0,2,2,2,2,2,0,2,2,0
Best fitness found so far: -8.0; distance: 6.708203932499369
Generation: 87; 
d: 8.06225774829855; energy: -8.0; 2,0,0,1,2,2,1,0,0,0,2,1,0,2,2,2,2,2,0,2,2,1
Best fitness found so far: -8.0; distance: 6.708203932499369
Generation: 88; 
d: 8.06225774829855; energy: -8.0; 2,0,0,1,2,2,1,0,0,0,2,1,0,2,2,2,2,2,0,2,2,1
Best fitness found so far: -8.0; distance: 6.708203932499369
Generation: 89; 
d: 6.708203932499369; energy: -8.0; 1,0,0,0,0,0,0,0,1,1,2,1,0,2,2,2,2,2,0,2,2,0
Best fitness found so far: -8.0; distance: 6.708203932499369
Generation: 90; 
d: 6.708203932499369; energy: -8.0; 1,0,0,0,0,0,0,0,1,1,2,1,0,2,2,2,2,2,0,2,2,0
Best fitness found so far: -8.0; distance: 6.708203932499369
Generation: 91; 
d: 7.280109889280518; energy: -8.0; 1,0,0,1,2,2,1,0,0,1,2,1,0,2,2,2,2,2,0,2,2,0
Best fitness found so far: -8.0; distance: 6.708203932499369
Generation: 92; 
d: 6.708203932499369; energy: -8.0; 1,0,0,0,0,0,0,0,1,1,2,1,0,2,2,2,2,2,0,2,2,0
Best fitness found so far: -8.0; distance: 6.708203932499369
Generation: 93; 
d: 6.708203932499369; energy: -8.0; 1,0,0,0,0,0,0,0,1,1,2,1,0,2,2,2,2,2,0,2,2,0
Best fitness found so far: -8.0; distance: 6.708203932499369
Generation: 94; 
d: 6.708203932499369; energy: -8.0; 1,0,0,0,0,0,0,0,1,1,2,1,0,2,2,2,2,2,0,2,2,0
Best fitness found so far: -8.0; distance: 6.708203932499369
Generation: 95; 
d: 6.708203932499369; energy: -8.0; 1,0,0,1,0,0,0,0,1,1,2,1,0,2,2,2,2,2,0,2,2,1
Best fitness found so far: -8.0; distance: 6.708203932499369
Generation: 96; 
d: 6.708203932499369; energy: -8.0; 1,0,0,1,0,0,0,0,1,1,2,1,0,2,2,2,2,2,0,2,2,1
Best fitness found so far: -8.0; distance: 6.708203932499369
Generation: 97; 
d: 6.708203932499369; energy: -8.0; 1,0,0,0,0,0,0,0,1,1,2,1,0,2,2,2,2,2,0,2,2,0
Best fitness found so far: -8.0; distance: 6.708203932499369
Generation: 98; 
d: 6.708203932499369; energy: -8.0; 1,0,0,0,0,0,0,0,1,1,2,1,0,2,2,2,2,2,0,2,2,0
Best fitness found so far: -8.0; distance: 6.708203932499369
Generation: 99; 
d: 7.280109889280518; energy: -8.0; 1,0,0,1,2,2,1,0,0,0,2,1,0,2,2,2,2,2,2,2,2,1
Best fitness found so far: -8.0; distance: 6.708203932499369
Generation: 100; 
d: 7.280109889280518; energy: -8.0; 1,0,0,1,2,2,1,0,0,0,2,1,0,2,2,2,2,2,2,2,2,1
Best fitness found so far: -8.0; distance: 6.708203932499369
Generation: 101; 
d: 6.708203932499369; energy: -8.0; 1,0,0,1,0,0,0,0,1,1,2,1,0,2,2,2,2,2,0,2,2,0
Best fitness found so far: -8.0; distance: 6.708203932499369
Generation: 102; 
d: 6.708203932499369; energy: -8.0; 1,0,0,1,0,0,1,0,1,1,2,1,0,2,2,2,2,2,0,2,2,0
Best fitness found so far: -8.0; distance: 6.708203932499369
Generation: 103; 
d: 6.708203932499369; energy: -8.0; 1,0,0,1,0,0,1,0,1,1,2,1,0,2,2,2,2,2,0,2,2,0
Best fitness found so far: -8.0; distance: 6.708203932499369
Generation: 104; 
d: 6.708203932499369; energy: -8.0; 1,0,0,1,0,0,1,0,1,1,2,1,0,2,2,2,2,2,0,2,2,0
Best fitness found so far: -8.0; distance: 6.708203932499369
Generation: 105; 
d: 6.708203932499369; energy: -8.0; 1,0,0,1,0,0,0,0,1,1,2,1,0,2,2,2,2,2,0,2,2,0
Best fitness found so far: -8.0; distance: 6.708203932499369
Generation: 106; 
d: 6.708203932499369; energy: -8.0; 1,0,0,1,0,0,0,0,1,1,2,1,0,2,2,2,2,2,0,2,2,0
Best fitness found so far: -8.0; distance: 6.708203932499369
Generation: 107; 
d: 7.280109889280518; energy: -8.0; 1,0,0,1,2,2,1,0,0,1,2,1,0,2,2,2,2,2,0,2,2,1
Best fitness found so far: -8.0; distance: 6.708203932499369
Generation: 108; 
d: 6.708203932499369; energy: -8.0; 1,0,0,0,0,0,0,0,1,1,2,1,0,2,2,2,2,2,0,2,2,1
Best fitness found so far: -8.0; distance: 6.708203932499369
Generation: 109; 
d: 6.708203932499369; energy: -8.0; 1,0,0,1,0,0,0,0,1,1,2,1,0,2,2,2,2,2,0,2,2,1
Best fitness found so far: -8.0; distance: 6.708203932499369
Generation: 110; 
d: 6.708203932499369; energy: -8.0; 1,0,0,1,0,0,0,0,1,1,2,1,0,2,2,2,2,2,0,2,2,1
Best fitness found so far: -8.0; distance: 6.708203932499369
Generation: 111; 
d: 8.06225774829855; energy: -8.0; 2,0,0,1,2,2,1,0,0,0,2,1,0,2,2,2,2,2,0,2,2,0
Best fitness found so far: -8.0; distance: 6.708203932499369
Generation: 112; 
d: 8.06225774829855; energy: -8.0; 2,0,0,1,2,2,1,0,0,0,2,1,0,2,2,2,2,2,0,2,2,0
Best fitness found so far: -8.0; distance: 6.708203932499369
Generation: 113; 
d: 6.708203932499369; energy: -8.0; 1,0,0,0,0,0,0,0,1,1,2,1,0,2,2,2,2,2,0,2,2,0
Best fitness found so far: -8.0; distance: 6.708203932499369
Generation: 114; 
d: 6.708203932499369; energy: -8.0; 1,0,0,0,0,0,0,0,1,1,2,1,0,2,2,2,2,2,0,2,2,0
Best fitness found so far: -8.0; distance: 6.708203932499369
Generation: 115; 
d: 6.708203932499369; energy: -8.0; 1,0,0,0,0,0,0,0,1,1,2,1,0,2,2,2,2,2,0,2,2,0
Best fitness found so far: -8.0; distance: 6.708203932499369
Generation: 116; 
d: 6.708203932499369; energy: -8.0; 1,0,0,0,0,0,0,0,1,1,2,1,0,2,2,2,2,2,0,2,2,0
Best fitness found so far: -8.0; distance: 6.708203932499369
Generation: 117; 
d: 6.708203932499369; energy: -8.0; 1,0,0,0,0,0,0,0,1,1,2,1,0,2,2,2,2,2,0,2,2,0
Best fitness found so far: -8.0; distance: 6.708203932499369
Generation: 118; 
d: 6.708203932499369; energy: -8.0; 1,0,0,0,0,0,0,0,1,1,2,1,0,2,2,2,2,2,0,2,2,0
Best fitness found so far: -8.0; distance: 6.708203932499369
Generation: 119; 
d: 6.708203932499369; energy: -8.0; 1,0,0,0,0,0,0,0,1,1,2,1,0,2,2,2,2,2,0,2,2,0
Best fitness found so far: -8.0; distance: 6.708203932499369
Generation: 120; 
d: 6.708203932499369; energy: -8.0; 1,0,0,0,0,0,0,0,1,1,2,1,0,2,2,2,2,2,0,2,2,0
Best fitness found so far: -8.0; distance: 6.708203932499369
Generation: 121; 
d: 6.708203932499369; energy: -8.0; 1,0,0,0,0,0,0,0,1,1,2,1,0,2,2,2,2,2,0,2,2,0
Best fitness found so far: -8.0; distance: 6.708203932499369
Generation: 122; 
d: 6.708203932499369; energy: -8.0; 1,0,0,0,0,0,0,0,1,1,2,1,0,2,2,2,2,2,0,2,2,0
Best fitness found so far: -8.0; distance: 6.708203932499369
Generation: 123; 
d: 6.708203932499369; energy: -8.0; 1,0,0,0,0,0,0,0,1,1,2,1,0,2,2,2,2,2,0,2,2,0
Best fitness found so far: -8.0; distance: 6.708203932499369
Generation: 124; 
d: 6.708203932499369; energy: -8.0; 1,0,0,0,0,0,0,0,1,1,2,1,0,2,2,2,2,2,0,2,2,0
Best fitness found so far: -8.0; distance: 6.708203932499369
Generation: 125; 
d: 6.708203932499369; energy: -8.0; 1,0,0,0,0,0,0,0,1,1,2,1,0,2,2,2,2,2,2,2,2,1
Best fitness found so far: -8.0; distance: 6.708203932499369
Generation: 126; 
d: 6.708203932499369; energy: -8.0; 1,0,0,0,0,0,0,0,1,1,2,1,0,2,2,2,2,2,2,2,2,1
Best fitness found so far: -8.0; distance: 6.708203932499369
Generation: 127; 
d: 6.708203932499369; energy: -8.0; 1,0,0,0,0,0,0,0,1,1,2,1,0,2,2,2,2,2,0,2,2,1
Best fitness found so far: -8.0; distance: 6.708203932499369
Generation: 128; 
d: 6.708203932499369; energy: -8.0; 1,0,0,0,0,0,0,0,1,1,2,1,0,2,2,2,2,2,0,2,2,1
Best fitness found so far: -8.0; distance: 6.708203932499369
Generation: 129; 
d: 6.708203932499369; energy: -8.0; 1,0,0,0,0,0,0,0,1,1,2,1,0,2,2,2,2,2,0,2,2,0
Best fitness found so far: -8.0; distance: 6.708203932499369
Generation: 130; 
d: 6.708203932499369; energy: -8.0; 1,0,0,0,0,0,0,0,1,1,2,1,0,2,2,2,2,2,0,2,2,0
Best fitness found so far: -8.0; distance: 6.708203932499369
Generation: 131; 
d: 6.708203932499369; energy: -8.0; 1,0,0,0,0,0,0,0,1,1,2,1,0,2,2,2,2,2,2,2,2,1
Best fitness found so far: -8.0; distance: 6.708203932499369
Generation: 132; 
d: 6.708203932499369; energy: -8.0; 1,0,0,0,0,0,0,0,1,1,2,1,0,2,2,2,2,2,2,2,2,1
Best fitness found so far: -8.0; distance: 6.708203932499369
Generation: 133; 
d: 6.708203932499369; energy: -8.0; 1,0,0,1,0,0,0,0,1,1,2,1,0,2,2,2,2,2,0,2,2,0
Best fitness found so far: -8.0; distance: 6.708203932499369
Generation: 134; 
d: 6.708203932499369; energy: -8.0; 1,0,0,1,0,0,0,0,1,1,2,1,0,2,2,2,2,2,0,2,2,0
Best fitness found so far: -8.0; distance: 6.708203932499369
Generation: 135; 
d: 6.708203932499369; energy: -8.0; 1,0,0,0,0,0,0,0,1,1,2,1,0,2,2,2,2,2,0,2,2,0
Best fitness found so far: -8.0; distance: 6.708203932499369
Generation: 136; 
d: 6.708203932499369; energy: -8.0; 1,0,0,0,0,0,0,0,1,1,2,1,0,2,2,2,2,2,0,2,2,0
Best fitness found so far: -8.0; distance: 6.708203932499369
Generation: 137; 
d: 6.708203932499369; energy: -8.0; 1,0,0,0,0,0,0,0,1,1,2,1,0,2,2,2,2,2,0,2,2,0
Best fitness found so far: -8.0; distance: 6.708203932499369
Generation: 138; 
d: 6.708203932499369; energy: -8.0; 1,0,0,0,0,0,0,0,1,1,2,1,0,2,2,2,2,2,0,2,2,0
Best fitness found so far: -8.0; distance: 6.708203932499369
Generation: 139; 
d: 6.708203932499369; energy: -8.0; 1,0,0,0,0,0,0,0,1,1,2,1,0,2,2,2,2,2,2,2,2,1
Best fitness found so far: -8.0; distance: 6.708203932499369
Generation: 140; 
d: 6.708203932499369; energy: -8.0; 1,0,0,0,0,0,0,0,1,1,2,1,0,2,2,2,2,2,2,2,2,1
Best fitness found so far: -8.0; distance: 6.708203932499369
Generation: 141; 
d: 6.708203932499369; energy: -8.0; 1,0,0,0,0,0,0,0,1,1,2,1,0,2,2,2,2,2,0,2,2,1
Best fitness found so far: -8.0; distance: 6.708203932499369
Generation: 142; 
d: 6.708203932499369; energy: -8.0; 1,0,0,0,0,0,0,0,1,1,2,1,0,2,2,2,2,2,0,2,2,1
Best fitness found so far: -8.0; distance: 6.708203932499369
Generation: 143; 
d: 6.708203932499369; energy: -8.0; 1,0,0,0,0,0,0,0,1,1,2,1,0,2,2,2,2,2,0,2,2,0
Best fitness found so far: -8.0; distance: 6.708203932499369
Generation: 144; 
d: 6.708203932499369; energy: -8.0; 1,0,0,0,0,0,0,0,1,1,2,1,0,2,2,2,2,2,0,2,2,0
Best fitness found so far: -8.0; distance: 6.708203932499369
Generation: 145; 
d: 6.708203932499369; energy: -8.0; 1,0,0,0,0,0,0,0,1,1,2,1,0,2,2,2,2,2,0,2,2,1
Best fitness found so far: -8.0; distance: 6.708203932499369
Generation: 146; 
d: 6.708203932499369; energy: -8.0; 1,0,0,0,0,0,0,0,1,1,2,1,0,2,2,2,2,2,0,2,2,1
Best fitness found so far: -8.0; distance: 6.708203932499369
Generation: 147; 
d: 6.708203932499369; energy: -8.0; 1,0,0,1,0,0,0,0,1,1,2,1,0,2,2,2,2,2,0,2,2,1
Best fitness found so far: -8.0; distance: 6.708203932499369
Generation: 148; 
d: 6.708203932499369; energy: -8.0; 1,0,0,1,0,0,0,0,1,1,2,1,0,2,2,2,2,2,0,2,2,1
Best fitness found so far: -8.0; distance: 6.708203932499369
Generation: 149; 
d: 6.708203932499369; energy: -8.0; 1,0,0,0,0,0,0,0,1,1,2,1,0,2,2,2,2,2,0,2,2,0
Best fitness found so far: -8.0; distance: 6.708203932499369
Generation: 150; 
d: 6.708203932499369; energy: -8.0; 1,0,0,0,0,0,0,0,1,1,2,1,0,2,2,2,2,2,0,2,2,0
Best fitness found so far: -8.0; distance: 6.708203932499369
Generation: 151; 
d: 6.708203932499369; energy: -8.0; 1,0,0,0,0,0,0,0,1,1,2,1,0,2,2,2,2,2,0,2,2,1
Best fitness found so far: -8.0; distance: 6.708203932499369
Generation: 152; 
d: 6.708203932499369; energy: -8.0; 1,0,0,0,0,0,0,0,1,1,2,1,0,2,2,2,2,2,0,2,2,1
Best fitness found so far: -8.0; distance: 6.708203932499369
Generation: 153; 
d: 6.708203932499369; energy: -8.0; 1,0,0,1,0,0,0,0,1,1,2,1,0,2,2,2,2,2,0,2,2,1
Best fitness found so far: -8.0; distance: 6.708203932499369
Generation: 154; 
d: 6.708203932499369; energy: -8.0; 1,0,0,1,0,0,0,0,1,1,2,1,0,2,2,2,2,2,0,2,2,1
Best fitness found so far: -8.0; distance: 6.708203932499369
Generation: 155; 
d: 6.708203932499369; energy: -8.0; 1,0,0,0,0,0,0,0,1,1,2,1,0,2,2,2,2,2,0,2,2,0
Best fitness found so far: -8.0; distance: 6.708203932499369
Generation: 156; 
d: 6.708203932499369; energy: -8.0; 1,0,0,0,0,0,0,0,1,1,2,1,0,2,2,2,2,2,0,2,2,0
Best fitness found so far: -8.0; distance: 6.708203932499369
Generation: 157; 
d: 6.708203932499369; energy: -8.0; 1,0,0,0,0,0,0,0,1,1,2,1,0,2,2,2,2,2,0,2,2,1
Best fitness found so far: -8.0; distance: 6.708203932499369
Generation: 158; 
d: 6.708203932499369; energy: -8.0; 1,0,0,0,0,0,0,0,1,1,2,1,0,2,2,2,2,2,0,2,2,1
Best fitness found so far: -8.0; distance: 6.708203932499369
Generation: 159; 
d: 6.708203932499369; energy: -8.0; 1,0,0,0,0,0,0,0,1,1,2,1,0,2,2,2,2,2,0,2,2,0
Best fitness found so far: -8.0; distance: 6.708203932499369
Generation: 160; 
d: 6.708203932499369; energy: -8.0; 1,0,0,0,0,0,0,0,1,1,2,1,0,2,2,2,2,2,0,2,2,0
Best fitness found so far: -8.0; distance: 6.708203932499369
Generation: 161; 
d: 6.708203932499369; energy: -8.0; 1,0,0,1,0,0,0,0,1,1,2,1,0,2,2,2,2,2,0,2,2,0
Best fitness found so far: -8.0; distance: 6.708203932499369
Generation: 162; 
d: 6.708203932499369; energy: -8.0; 1,0,0,1,0,0,0,0,1,1,2,1,0,2,2,2,2,2,0,2,2,0
Best fitness found so far: -8.0; distance: 6.708203932499369
Generation: 163; 
d: 6.708203932499369; energy: -8.0; 1,0,0,0,0,0,0,0,1,1,2,1,0,2,2,2,2,2,0,2,2,0
Best fitness found so far: -8.0; distance: 6.708203932499369
Generation: 164; 
d: 6.708203932499369; energy: -8.0; 1,0,0,0,0,0,0,0,1,1,2,1,0,2,2,2,2,2,0,2,2,0
Best fitness found so far: -8.0; distance: 6.708203932499369
Generation: 165; 
d: 6.708203932499369; energy: -8.0; 1,0,0,0,0,0,0,0,1,1,2,1,0,2,2,2,2,2,2,2,2,1
Best fitness found so far: -8.0; distance: 6.708203932499369
Generation: 166; 
d: 6.708203932499369; energy: -8.0; 1,0,0,0,0,0,0,0,1,1,2,1,0,2,2,2,2,2,2,2,2,1
Best fitness found so far: -8.0; distance: 6.708203932499369
Generation: 167; 
d: 6.708203932499369; energy: -8.0; 1,0,0,0,0,0,0,0,1,1,2,1,0,2,2,2,2,2,0,2,2,1
Best fitness found so far: -8.0; distance: 6.708203932499369
Generation: 168; 
d: 6.708203932499369; energy: -8.0; 1,0,0,0,0,0,0,0,1,1,2,1,0,2,2,2,2,2,0,2,2,1
Best fitness found so far: -8.0; distance: 6.708203932499369
Generation: 169; 
d: 6.708203932499369; energy: -8.0; 1,0,0,1,0,0,1,0,1,1,2,1,0,2,2,2,2,2,0,2,2,0
Best fitness found so far: -8.0; distance: 6.708203932499369
Generation: 170; 
d: 6.708203932499369; energy: -8.0; 1,0,0,1,0,0,1,0,1,1,2,1,0,2,2,2,2,2,0,2,2,0
Best fitness found so far: -8.0; distance: 6.708203932499369
Generation: 171; 
d: 6.708203932499369; energy: -8.0; 1,0,0,0,0,0,0,0,1,1,2,1,0,2,2,2,2,2,0,2,2,0
Best fitness found so far: -8.0; distance: 6.708203932499369
Generation: 172; 
d: 6.708203932499369; energy: -8.0; 1,0,0,0,0,0,0,0,1,1,2,1,0,2,2,2,2,2,0,2,2,0
Best fitness found so far: -8.0; distance: 6.708203932499369
Generation: 173; 
d: 6.708203932499369; energy: -8.0; 1,0,0,0,0,0,0,0,1,1,2,1,0,2,2,2,2,2,0,2,2,1
Best fitness found so far: -8.0; distance: 6.708203932499369
Generation: 174; 
d: 6.708203932499369; energy: -8.0; 1,0,0,0,0,0,0,0,1,1,2,1,0,2,2,2,2,2,0,2,2,1
Best fitness found so far: -8.0; distance: 6.708203932499369
Generation: 175; 
d: 6.708203932499369; energy: -8.0; 1,0,0,0,0,0,0,0,1,1,2,1,0,2,2,2,2,2,2,2,2,1
Best fitness found so far: -8.0; distance: 6.708203932499369
Generation: 176; 
d: 6.708203932499369; energy: -8.0; 1,0,0,0,0,0,0,0,1,1,2,1,0,2,2,2,2,2,2,2,2,1
Best fitness found so far: -8.0; distance: 6.708203932499369
Generation: 177; 
d: 6.708203932499369; energy: -8.0; 1,0,0,0,0,0,0,0,1,1,2,1,0,2,2,2,2,2,0,2,2,0
Best fitness found so far: -8.0; distance: 6.708203932499369
Generation: 178; 
d: 6.708203932499369; energy: -8.0; 1,0,0,0,0,0,0,0,1,1,2,1,0,2,2,2,2,2,0,2,2,0
Best fitness found so far: -8.0; distance: 6.708203932499369
Generation: 179; 
d: 6.708203932499369; energy: -8.0; 1,0,0,1,0,0,0,0,1,1,2,1,0,2,2,2,2,2,0,2,2,0
Best fitness found so far: -8.0; distance: 6.708203932499369
Generation: 180; 
d: 6.708203932499369; energy: -8.0; 1,0,0,1,0,0,0,0,1,1,2,1,0,2,2,2,2,2,0,2,2,0
Best fitness found so far: -8.0; distance: 6.708203932499369
Generation: 181; 
d: 6.708203932499369; energy: -8.0; 1,0,0,0,0,0,0,0,1,1,2,1,0,2,2,2,2,2,0,2,2,0
Best fitness found so far: -8.0; distance: 6.708203932499369
Generation: 182; 
d: 6.708203932499369; energy: -8.0; 1,0,0,0,0,0,0,0,1,1,2,1,0,2,2,2,2,2,0,2,2,0
Best fitness found so far: -8.0; distance: 6.708203932499369
Generation: 183; 
d: 6.708203932499369; energy: -8.0; 1,0,0,1,0,0,0,0,1,1,2,1,0,2,2,2,2,2,0,2,2,0
Best fitness found so far: -8.0; distance: 6.708203932499369
Generation: 184; 
d: 6.708203932499369; energy: -8.0; 1,0,0,1,0,0,0,0,1,1,2,1,0,2,2,2,2,2,0,2,2,0
Best fitness found so far: -8.0; distance: 6.708203932499369
Generation: 185; 
d: 6.708203932499369; energy: -8.0; 1,0,0,0,0,0,1,0,1,1,2,1,0,2,2,2,2,2,0,2,2,1
Best fitness found so far: -8.0; distance: 6.708203932499369
Generation: 186; 
d: 6.708203932499369; energy: -8.0; 1,0,0,0,0,0,1,0,1,1,2,1,0,2,2,2,2,2,0,2,2,1
Best fitness found so far: -8.0; distance: 6.708203932499369
Generation: 187; 
d: 6.708203932499369; energy: -8.0; 1,0,0,0,0,0,0,0,1,1,2,1,0,2,2,2,2,2,0,2,2,1
Best fitness found so far: -8.0; distance: 6.708203932499369
Generation: 188; 
d: 6.708203932499369; energy: -8.0; 1,0,0,0,0,0,0,0,1,1,2,1,0,2,2,2,2,2,0,2,2,1
Best fitness found so far: -8.0; distance: 6.708203932499369
Generation: 189; 
d: 6.708203932499369; energy: -8.0; 1,0,0,0,0,0,0,0,1,1,2,1,0,2,2,2,2,2,0,2,2,1
Best fitness found so far: -8.0; distance: 6.708203932499369
Generation: 190; 
d: 6.708203932499369; energy: -8.0; 1,0,0,0,0,0,0,0,1,1,2,1,0,2,2,2,2,2,0,2,2,1
Best fitness found so far: -8.0; distance: 6.708203932499369
Generation: 191; 
d: 6.708203932499369; energy: -8.0; 1,0,0,0,0,0,0,0,1,1,2,1,0,2,2,2,2,2,0,2,2,0
Best fitness found so far: -8.0; distance: 6.708203932499369
Generation: 192; 
d: 6.708203932499369; energy: -8.0; 1,0,0,0,0,0,0,0,1,1,2,1,0,2,2,2,2,2,0,2,2,0
Best fitness found so far: -8.0; distance: 6.708203932499369
Generation: 193; 
d: 6.708203932499369; energy: -8.0; 1,0,0,0,0,0,0,0,1,1,2,1,0,2,2,2,2,2,0,2,2,1
Best fitness found so far: -8.0; distance: 6.708203932499369
Generation: 194; 
d: 6.708203932499369; energy: -8.0; 1,0,0,1,0,0,0,0,1,1,2,1,0,2,2,2,2,2,0,2,2,1
Best fitness found so far: -8.0; distance: 6.708203932499369
Generation: 195; 
d: 6.708203932499369; energy: -8.0; 1,0,0,1,0,0,0,0,1,1,2,1,0,2,2,2,2,2,2,2,2,1
Best fitness found so far: -8.0; distance: 6.708203932499369
Generation: 196; 
d: 6.708203932499369; energy: -8.0; 1,0,0,1,0,0,0,0,1,1,2,1,0,2,2,2,2,2,2,2,2,1
Best fitness found so far: -8.0; distance: 6.708203932499369
Generation: 197; 
d: 6.708203932499369; energy: -8.0; 1,0,0,0,0,0,0,0,1,1,2,1,0,2,2,2,2,2,0,2,2,0
Best fitness found so far: -8.0; distance: 6.708203932499369
Generation: 198; 
d: 6.708203932499369; energy: -8.0; 1,0,0,0,0,0,0,0,1,1,2,1,0,2,2,2,2,2,0,2,2,0
Best fitness found so far: -8.0; distance: 6.708203932499369
Generation: 199; 
d: 6.708203932499369; energy: -8.0; 1,0,0,1,0,0,0,0,1,1,2,1,0,2,2,2,2,2,0,2,2,0
Best fitness found so far: -8.0; distance: 6.708203932499369
Generation: 200; 
d: 6.708203932499369; energy: -8.0; 1,0,0,1,0,0,0,0,1,1,2,1,0,2,2,2,2,2,0,2,2,0
Best fitness found so far: -8.0; distance: 6.708203932499369
Generation: 201; 
d: 6.708203932499369; energy: -8.0; 1,0,0,0,0,0,1,0,1,1,2,1,0,2,2,2,2,2,0,2,2,0
Best fitness found so far: -8.0; distance: 6.708203932499369
Generation: 202; 
d: 6.708203932499369; energy: -8.0; 1,0,0,0,0,0,1,0,1,1,2,1,0,2,2,2,2,2,0,2,2,0
Best fitness found so far: -8.0; distance: 6.708203932499369
Generation: 203; 
d: 6.708203932499369; energy: -8.0; 1,0,0,0,0,0,0,0,1,1,2,1,0,2,2,2,2,2,0,2,2,0
Best fitness found so far: -8.0; distance: 6.708203932499369
Generation: 204; 
d: 6.708203932499369; energy: -8.0; 1,0,0,0,0,0,0,0,1,1,2,1,0,2,2,2,2,2,0,2,2,0
Best fitness found so far: -8.0; distance: 6.708203932499369
Generation: 205; 
d: 6.708203932499369; energy: -8.0; 1,0,0,0,0,0,0,0,1,1,2,1,0,2,2,2,2,2,0,2,2,0
Best fitness found so far: -8.0; distance: 6.708203932499369
Generation: 206; 
d: 6.708203932499369; energy: -8.0; 1,0,0,0,0,0,0,0,1,1,2,1,0,2,2,2,2,2,0,2,2,0
Best fitness found so far: -8.0; distance: 6.708203932499369
Generation: 207; 
d: 6.708203932499369; energy: -8.0; 1,0,0,0,0,0,0,0,1,1,2,1,0,2,2,2,2,2,2,2,2,1
Best fitness found so far: -8.0; distance: 6.708203932499369
Generation: 208; 
d: 6.708203932499369; energy: -8.0; 1,0,0,0,0,0,0,0,1,1,2,1,0,2,2,2,2,2,2,2,2,1
Best fitness found so far: -8.0; distance: 6.708203932499369
Generation: 209; 
d: 6.708203932499369; energy: -8.0; 1,0,0,0,0,0,0,0,1,1,2,1,0,2,2,2,2,2,0,2,2,1
Best fitness found so far: -8.0; distance: 6.708203932499369
Generation: 210; 
d: 6.708203932499369; energy: -8.0; 1,0,0,0,0,0,0,0,1,1,2,1,0,2,2,2,2,2,0,2,2,1
Best fitness found so far: -8.0; distance: 6.708203932499369
Generation: 211; 
d: 6.708203932499369; energy: -8.0; 1,0,0,0,0,0,0,0,1,1,2,1,0,2,2,2,2,2,0,2,2,1
Best fitness found so far: -8.0; distance: 6.708203932499369
Generation: 212; 
d: 6.708203932499369; energy: -8.0; 1,0,0,0,0,0,0,0,1,1,2,1,0,2,2,2,2,2,0,2,2,1
Best fitness found so far: -8.0; distance: 6.708203932499369
Generation: 213; 
d: 6.708203932499369; energy: -8.0; 1,0,0,1,0,0,1,0,1,1,2,1,0,2,2,2,2,2,0,2,2,0
Best fitness found so far: -8.0; distance: 6.708203932499369
Generation: 214; 
d: 6.708203932499369; energy: -8.0; 1,0,0,1,0,0,1,0,1,1,2,1,0,2,2,2,2,2,0,2,2,0
Best fitness found so far: -8.0; distance: 6.708203932499369
Generation: 215; 
d: 6.708203932499369; energy: -8.0; 1,0,0,0,0,0,0,0,1,1,2,1,0,2,2,2,2,2,0,2,2,1
Best fitness found so far: -8.0; distance: 6.708203932499369
Generation: 216; 
d: 6.708203932499369; energy: -8.0; 1,0,0,0,0,0,0,0,1,1,2,1,0,2,2,2,2,2,0,2,2,1
Best fitness found so far: -8.0; distance: 6.708203932499369
Generation: 217; 
d: 6.708203932499369; energy: -8.0; 1,0,0,0,0,0,0,0,1,1,2,1,0,2,2,2,2,2,0,2,2,1
Best fitness found so far: -8.0; distance: 6.708203932499369
Generation: 218; 
d: 6.708203932499369; energy: -8.0; 1,0,0,0,0,0,0,0,1,1,2,1,0,2,2,2,2,2,0,2,2,1
Best fitness found so far: -8.0; distance: 6.708203932499369
Generation: 219; 
d: 6.708203932499369; energy: -8.0; 1,0,0,0,0,0,0,0,1,1,2,1,0,2,2,2,2,2,0,2,2,0
Best fitness found so far: -8.0; distance: 6.708203932499369
Generation: 220; 
d: 6.708203932499369; energy: -8.0; 1,0,0,0,0,0,0,0,1,1,2,1,0,2,2,2,2,2,0,2,2,0
Best fitness found so far: -8.0; distance: 6.708203932499369
Generation: 221; 
d: 6.708203932499369; energy: -8.0; 1,0,0,0,0,0,0,0,1,1,2,1,0,2,2,2,2,2,0,2,2,1
Best fitness found so far: -8.0; distance: 6.708203932499369
Generation: 222; 
d: 6.708203932499369; energy: -8.0; 1,0,0,0,0,0,0,0,1,1,2,1,0,2,2,2,2,2,0,2,2,1
Best fitness found so far: -8.0; distance: 6.708203932499369
Generation: 223; 
d: 6.708203932499369; energy: -8.0; 1,0,0,0,0,0,0,0,1,1,2,1,0,2,2,2,2,2,0,2,2,0
Best fitness found so far: -8.0; distance: 6.708203932499369
Generation: 224; 
d: 6.708203932499369; energy: -8.0; 1,0,0,0,0,0,0,0,1,1,2,1,0,2,2,2,2,2,0,2,2,0
Best fitness found so far: -8.0; distance: 6.708203932499369
Generation: 225; 
d: 6.708203932499369; energy: -8.0; 1,0,0,0,0,0,0,0,1,1,2,1,0,2,2,2,2,2,0,2,2,1
Best fitness found so far: -8.0; distance: 6.708203932499369
Generation: 226; 
d: 6.708203932499369; energy: -8.0; 1,0,0,0,0,0,0,0,1,1,2,1,0,2,2,2,2,2,0,2,2,1
Best fitness found so far: -8.0; distance: 6.708203932499369
Generation: 227; 
d: 6.708203932499369; energy: -8.0; 1,0,0,0,0,0,0,0,1,1,2,1,0,2,2,2,2,2,0,2,2,0
Best fitness found so far: -8.0; distance: 6.708203932499369
Generation: 228; 
d: 6.708203932499369; energy: -8.0; 1,0,0,0,0,0,0,0,1,1,2,1,0,2,2,2,2,2,0,2,2,0
Best fitness found so far: -8.0; distance: 6.708203932499369
Generation: 229; 
d: 6.708203932499369; energy: -8.0; 1,0,0,0,0,0,0,0,1,1,2,1,0,2,2,2,2,2,0,2,2,0
Best fitness found so far: -8.0; distance: 6.708203932499369
Generation: 230; 
d: 6.708203932499369; energy: -8.0; 1,0,0,0,0,0,0,0,1,1,2,1,0,2,2,2,2,2,0,2,2,0
Best fitness found so far: -8.0; distance: 6.708203932499369
Generation: 231; 
d: 6.708203932499369; energy: -8.0; 1,0,0,1,0,0,0,0,1,1,2,1,0,2,2,2,2,2,0,2,2,0
Best fitness found so far: -8.0; distance: 6.708203932499369
Generation: 232; 
d: 6.708203932499369; energy: -8.0; 1,0,0,1,0,0,0,0,1,1,2,1,0,2,2,2,2,2,0,2,2,0
Best fitness found so far: -8.0; distance: 6.708203932499369
Generation: 233; 
d: 6.708203932499369; energy: -8.0; 1,0,0,0,0,0,0,0,1,1,2,1,0,2,2,2,2,2,0,2,2,0
Best fitness found so far: -8.0; distance: 6.708203932499369
Generation: 234; 
d: 6.708203932499369; energy: -8.0; 1,0,0,0,0,0,0,0,1,1,2,1,0,2,2,2,2,2,0,2,2,0
Best fitness found so far: -8.0; distance: 6.708203932499369
Generation: 235; 
d: 6.708203932499369; energy: -8.0; 1,0,0,0,0,0,0,0,1,1,2,1,0,2,2,2,2,2,0,2,2,0
Best fitness found so far: -8.0; distance: 6.708203932499369
Generation: 236; 
d: 6.708203932499369; energy: -8.0; 1,0,0,0,0,0,0,0,1,1,2,1,0,2,2,2,2,2,0,2,2,0
Best fitness found so far: -8.0; distance: 6.708203932499369
Generation: 237; 
d: 6.708203932499369; energy: -8.0; 1,0,0,1,0,0,0,0,1,1,2,1,0,2,2,2,2,2,0,2,2,1
Best fitness found so far: -8.0; distance: 6.708203932499369
Generation: 238; 
d: 6.708203932499369; energy: -8.0; 1,0,0,1,0,0,0,0,1,1,2,1,0,2,2,2,2,2,0,2,2,1
Best fitness found so far: -8.0; distance: 6.708203932499369
Generation: 239; 
d: 6.708203932499369; energy: -8.0; 1,0,0,1,0,0,0,0,1,1,2,1,0,2,2,2,2,2,0,2,2,0
Best fitness found so far: -8.0; distance: 6.708203932499369
Generation: 240; 
d: 6.708203932499369; energy: -8.0; 1,0,0,1,0,0,0,0,1,1,2,1,0,2,2,2,2,2,0,2,2,0
Best fitness found so far: -8.0; distance: 6.708203932499369
Generation: 241; 
d: 6.708203932499369; energy: -8.0; 1,0,0,1,0,0,0,0,1,1,2,1,0,2,2,2,2,2,0,2,2,0
Best fitness found so far: -8.0; distance: 6.708203932499369
Generation: 242; 
d: 6.708203932499369; energy: -8.0; 1,0,0,1,0,0,0,0,1,1,2,1,0,2,2,2,2,2,0,2,2,0
Best fitness found so far: -8.0; distance: 6.708203932499369
Generation: 243; 
d: 6.708203932499369; energy: -8.0; 1,0,0,0,0,0,0,0,1,1,2,1,0,2,2,2,2,2,0,2,2,1
Best fitness found so far: -8.0; distance: 6.708203932499369
Generation: 244; 
d: 6.708203932499369; energy: -8.0; 1,0,0,0,0,0,0,0,1,1,2,1,0,2,2,2,2,2,0,2,2,1
Best fitness found so far: -8.0; distance: 6.708203932499369
Generation: 245; 
d: 6.708203932499369; energy: -8.0; 1,0,0,0,0,0,0,0,1,1,2,1,0,2,2,2,2,2,0,2,2,0
Best fitness found so far: -8.0; distance: 6.708203932499369
Generation: 246; 
d: 6.708203932499369; energy: -8.0; 1,0,0,0,0,0,0,0,1,1,2,1,0,2,2,2,2,2,0,2,2,0
Best fitness found so far: -8.0; distance: 6.708203932499369
Generation: 247; 
d: 6.708203932499369; energy: -8.0; 1,0,0,0,0,0,0,0,1,1,2,1,0,2,2,2,2,2,0,2,2,0
Best fitness found so far: -8.0; distance: 6.708203932499369
Generation: 248; 
d: 6.708203932499369; energy: -8.0; 1,0,0,0,0,0,0,0,1,1,2,1,0,2,2,2,2,2,0,2,2,0
Best fitness found so far: -8.0; distance: 6.708203932499369
Generation: 249; 
d: 6.708203932499369; energy: -8.0; 1,0,0,0,0,0,0,0,1,1,2,1,0,2,2,2,2,2,0,2,2,0
Best fitness found so far: -8.0; distance: 6.708203932499369
Generation: 250; 
d: 6.708203932499369; energy: -8.0; 1,0,0,0,0,0,0,0,1,1,2,1,0,2,2,2,2,2,0,2,2,0
Best fitness found so far: -8.0; distance: 6.708203932499369
Generation: 251; 
d: 6.708203932499369; energy: -8.0; 1,0,0,0,0,0,0,0,1,1,2,1,0,2,2,2,2,2,0,2,2,0
Best fitness found so far: -8.0; distance: 6.708203932499369
Generation: 252; 
d: 6.708203932499369; energy: -8.0; 1,0,0,0,0,0,0,0,1,1,2,1,0,2,2,2,2,2,0,2,2,0
Best fitness found so far: -8.0; distance: 6.708203932499369
Generation: 253; 
d: 6.708203932499369; energy: -8.0; 1,0,0,0,0,0,0,0,1,1,2,1,0,2,2,2,2,2,0,2,2,0
Best fitness found so far: -8.0; distance: 6.708203932499369
Generation: 254; 
d: 6.708203932499369; energy: -8.0; 1,0,0,0,0,0,0,0,1,1,2,1,0,2,2,2,2,2,0,2,2,0
Best fitness found so far: -8.0; distance: 6.708203932499369
Generation: 255; 
d: 6.708203932499369; energy: -8.0; 1,0,0,1,0,0,0,0,1,1,2,1,0,2,2,2,2,2,0,2,2,0
Best fitness found so far: -8.0; distance: 6.708203932499369
Generation: 256; 
d: 6.708203932499369; energy: -8.0; 1,0,0,1,0,0,0,0,1,1,2,1,0,2,2,2,2,2,0,2,2,0
Best fitness found so far: -8.0; distance: 6.708203932499369
Generation: 257; 
d: 6.708203932499369; energy: -8.0; 1,0,0,0,0,0,0,0,1,1,2,1,0,2,2,2,2,2,0,2,2,0
Best fitness found so far: -8.0; distance: 6.708203932499369
Generation: 258; 
d: 6.708203932499369; energy: -8.0; 1,0,0,0,0,0,0,0,1,1,2,1,0,2,2,2,2,2,0,2,2,0
Best fitness found so far: -8.0; distance: 6.708203932499369
Generation: 259; 
d: 6.708203932499369; energy: -8.0; 1,0,0,0,0,0,0,0,1,1,2,1,0,2,2,2,2,2,0,2,2,0
Best fitness found so far: -8.0; distance: 6.708203932499369
Generation: 260; 
d: 6.708203932499369; energy: -8.0; 1,0,0,0,0,0,0,0,1,1,2,1,0,2,2,2,2,2,0,2,2,0
Best fitness found so far: -8.0; distance: 6.708203932499369
Generation: 261; 
d: 6.708203932499369; energy: -8.0; 1,0,0,1,0,0,0,0,1,1,2,1,0,2,2,2,2,2,0,2,2,1
Best fitness found so far: -8.0; distance: 6.708203932499369
Generation: 262; 
d: 6.708203932499369; energy: -8.0; 1,0,0,1,0,0,0,0,1,1,2,1,0,2,2,2,2,2,0,2,2,1
Best fitness found so far: -8.0; distance: 6.708203932499369
Generation: 263; 
d: 6.708203932499369; energy: -8.0; 1,0,0,0,0,0,0,0,1,1,2,1,0,2,2,2,2,2,0,2,2,0
Best fitness found so far: -8.0; distance: 6.708203932499369
Generation: 264; 
d: 6.708203932499369; energy: -8.0; 1,0,0,0,0,0,0,0,1,1,2,1,0,2,2,2,2,2,0,2,2,0
Best fitness found so far: -8.0; distance: 6.708203932499369
Generation: 265; 
d: 6.708203932499369; energy: -8.0; 1,0,0,0,0,0,0,0,1,1,2,1,0,2,2,2,2,2,0,2,2,0
Best fitness found so far: -8.0; distance: 6.708203932499369
Generation: 266; 
d: 6.708203932499369; energy: -8.0; 1,0,0,0,0,0,0,0,1,1,2,1,0,2,2,2,2,2,0,2,2,0
Best fitness found so far: -8.0; distance: 6.708203932499369
Generation: 267; 
d: 6.708203932499369; energy: -8.0; 1,0,0,0,0,0,0,0,1,1,2,1,0,2,2,2,2,2,0,2,2,0
Best fitness found so far: -8.0; distance: 6.708203932499369
Generation: 268; 
d: 6.708203932499369; energy: -8.0; 1,0,0,0,0,0,0,0,1,1,2,1,0,2,2,2,2,2,0,2,2,0
Best fitness found so far: -8.0; distance: 6.708203932499369
Generation: 269; 
d: 6.708203932499369; energy: -8.0; 1,0,0,0,0,0,0,0,1,1,2,1,0,2,2,2,2,2,0,2,2,0
Best fitness found so far: -8.0; distance: 6.708203932499369
Generation: 270; 
d: 6.708203932499369; energy: -8.0; 1,0,0,0,0,0,0,0,1,1,2,1,0,2,2,2,2,2,0,2,2,0
Best fitness found so far: -8.0; distance: 6.708203932499369
Generation: 271; 
d: 6.708203932499369; energy: -8.0; 1,0,0,1,0,0,0,0,1,1,2,1,0,2,2,2,2,2,0,2,2,0
Best fitness found so far: -8.0; distance: 6.708203932499369
Generation: 272; 
d: 6.708203932499369; energy: -8.0; 1,0,0,1,0,0,0,0,1,1,2,1,0,2,2,2,2,2,0,2,2,0
Best fitness found so far: -8.0; distance: 6.708203932499369
Generation: 273; 
d: 6.708203932499369; energy: -8.0; 1,0,0,0,0,0,0,0,1,1,2,1,0,2,2,2,2,2,0,2,2,1
Best fitness found so far: -8.0; distance: 6.708203932499369
Generation: 274; 
d: 6.708203932499369; energy: -8.0; 1,0,0,0,0,0,0,0,1,1,2,1,0,2,2,2,2,2,0,2,2,1
Best fitness found so far: -8.0; distance: 6.708203932499369
Generation: 275; 
d: 6.708203932499369; energy: -8.0; 1,0,0,0,0,0,0,0,1,1,2,1,0,2,2,2,2,2,2,2,2,1
Best fitness found so far: -8.0; distance: 6.708203932499369
Generation: 276; 
d: 6.708203932499369; energy: -8.0; 1,0,0,0,0,0,0,0,1,1,2,1,0,2,2,2,2,2,2,2,2,1
Best fitness found so far: -8.0; distance: 6.708203932499369
Generation: 277; 
d: 6.708203932499369; energy: -8.0; 1,0,0,0,0,0,0,0,1,1,2,1,0,2,2,2,2,2,0,2,2,1
Best fitness found so far: -8.0; distance: 6.708203932499369
Generation: 278; 
d: 6.708203932499369; energy: -8.0; 1,0,0,0,0,0,0,0,1,1,2,1,0,2,2,2,2,2,0,2,2,1
Best fitness found so far: -8.0; distance: 6.708203932499369
Generation: 279; 
d: 6.708203932499369; energy: -8.0; 1,0,0,1,0,0,0,0,1,1,2,1,0,2,2,2,2,2,0,2,2,0
Best fitness found so far: -8.0; distance: 6.708203932499369
Generation: 280; 
d: 6.708203932499369; energy: -8.0; 1,0,0,1,0,0,0,0,1,1,2,1,0,2,2,2,2,2,0,2,2,0
Best fitness found so far: -8.0; distance: 6.708203932499369
Generation: 281; 
d: 6.708203932499369; energy: -8.0; 1,0,0,0,0,0,0,0,1,1,2,1,0,2,2,2,2,2,0,2,2,1
Best fitness found so far: -8.0; distance: 6.708203932499369
Generation: 282; 
d: 6.708203932499369; energy: -8.0; 1,0,0,0,0,0,0,0,1,1,2,1,0,2,2,2,2,2,0,2,2,1
Best fitness found so far: -8.0; distance: 6.708203932499369
Generation: 283; 
d: 6.708203932499369; energy: -8.0; 1,0,0,0,0,0,0,0,1,1,2,1,0,2,2,2,2,2,0,2,2,1
Best fitness found so far: -8.0; distance: 6.708203932499369
Generation: 284; 
d: 6.708203932499369; energy: -8.0; 1,0,0,0,0,0,0,0,1,1,2,1,0,2,2,2,2,2,0,2,2,1
Best fitness found so far: -8.0; distance: 6.708203932499369
Generation: 285; 
d: 6.708203932499369; energy: -8.0; 1,0,0,1,0,0,0,0,1,1,2,1,0,2,2,2,2,2,0,2,2,0
Best fitness found so far: -8.0; distance: 6.708203932499369
Generation: 286; 
d: 6.708203932499369; energy: -8.0; 1,0,0,1,0,0,0,0,1,1,2,1,0,2,2,2,2,2,0,2,2,0
Best fitness found so far: -8.0; distance: 6.708203932499369
Generation: 287; 
d: 6.708203932499369; energy: -8.0; 1,0,0,0,0,0,0,0,1,1,2,1,0,2,2,2,2,2,0,2,2,0
Best fitness found so far: -8.0; distance: 6.708203932499369
Generation: 288; 
d: 6.708203932499369; energy: -8.0; 1,0,0,0,0,0,0,0,1,1,2,1,0,2,2,2,2,2,0,2,2,0
Best fitness found so far: -8.0; distance: 6.708203932499369
Generation: 289; 
d: 6.708203932499369; energy: -8.0; 1,0,0,0,0,0,0,0,1,1,2,1,0,2,2,2,2,2,0,2,2,0
Best fitness found so far: -8.0; distance: 6.708203932499369
Generation: 290; 
d: 6.708203932499369; energy: -8.0; 1,0,0,0,0,0,0,0,1,1,2,1,0,2,2,2,2,2,0,2,2,0
Best fitness found so far: -8.0; distance: 6.708203932499369
Generation: 291; 
d: 6.708203932499369; energy: -8.0; 1,0,0,0,0,0,0,0,1,1,2,1,0,2,2,2,2,2,0,2,2,1
Best fitness found so far: -8.0; distance: 6.708203932499369
Generation: 292; 
d: 6.708203932499369; energy: -8.0; 1,0,0,0,0,0,0,0,1,1,2,1,0,2,2,2,2,2,0,2,2,1
Best fitness found so far: -8.0; distance: 6.708203932499369
Generation: 293; 
d: 6.708203932499369; energy: -8.0; 1,0,0,0,0,0,0,0,1,1,2,1,0,2,2,2,2,2,0,2,2,1
Best fitness found so far: -8.0; distance: 6.708203932499369
Generation: 294; 
d: 6.708203932499369; energy: -8.0; 1,0,0,0,0,0,0,0,1,1,2,1,0,2,2,2,2,2,0,2,2,1
Best fitness found so far: -8.0; distance: 6.708203932499369
Generation: 295; 
d: 6.708203932499369; energy: -8.0; 1,0,0,0,0,0,0,0,1,1,2,1,0,2,2,2,2,2,0,2,2,1
Best fitness found so far: -8.0; distance: 6.708203932499369
Generation: 296; 
d: 6.708203932499369; energy: -8.0; 1,0,0,0,0,0,0,0,1,1,2,1,0,2,2,2,2,2,0,2,2,1
Best fitness found so far: -8.0; distance: 6.708203932499369
Generation: 297; 
d: 6.708203932499369; energy: -8.0; 1,0,0,0,0,0,0,0,1,1,2,1,0,2,2,2,2,2,2,2,2,1
Best fitness found so far: -8.0; distance: 6.708203932499369
Generation: 298; 
d: 6.708203932499369; energy: -8.0; 1,0,0,1,0,0,0,0,1,1,2,1,0,2,2,2,2,2,0,2,2,0
Best fitness found so far: -8.0; distance: 6.708203932499369
Generation: 299; 
d: 6.708203932499369; energy: -8.0; 1,0,0,0,0,0,0,0,1,1,2,1,0,2,2,2,2,2,2,2,2,1
Best fitness found so far: -8.0; distance: 6.708203932499369
Generation: 300; 
d: 6.708203932499369; energy: -8.0; 1,0,0,0,0,0,0,0,1,1,2,1,0,2,2,2,2,2,2,2,2,1
Best fitness found so far: -8.0; distance: 6.708203932499369
Generation: 301; 
d: 6.708203932499369; energy: -8.0; 1,0,0,0,0,0,0,0,1,1,2,1,0,2,2,2,2,2,0,2,2,1
Best fitness found so far: -8.0; distance: 6.708203932499369
Generation: 302; 
d: 6.708203932499369; energy: -8.0; 1,0,0,0,0,0,0,0,1,1,2,1,0,2,2,2,2,2,0,2,2,1
Best fitness found so far: -8.0; distance: 6.708203932499369
Generation: 303; 
d: 6.708203932499369; energy: -8.0; 1,0,0,0,0,0,0,0,1,1,2,1,0,2,2,2,2,2,0,2,2,1
Best fitness found so far: -8.0; distance: 6.708203932499369
Generation: 304; 
d: 6.708203932499369; energy: -8.0; 1,0,0,0,0,0,0,0,1,1,2,1,0,2,2,2,2,2,0,2,2,1
Best fitness found so far: -8.0; distance: 6.708203932499369
Generation: 305; 
d: 6.708203932499369; energy: -8.0; 1,0,0,0,0,0,0,0,1,1,2,1,0,2,2,2,2,2,0,2,2,0
Best fitness found so far: -8.0; distance: 6.708203932499369
Generation: 306; 
d: 6.708203932499369; energy: -8.0; 1,0,0,0,0,0,0,0,1,1,2,1,0,2,2,2,2,2,0,2,2,0
Best fitness found so far: -8.0; distance: 6.708203932499369
Generation: 307; 
d: 6.708203932499369; energy: -8.0; 1,0,0,0,0,0,0,0,1,1,2,1,0,2,2,2,2,2,2,2,2,1
Best fitness found so far: -8.0; distance: 6.708203932499369
Generation: 308; 
d: 6.708203932499369; energy: -8.0; 1,0,0,0,0,0,0,0,1,1,2,1,0,2,2,2,2,2,2,2,2,1
Best fitness found so far: -8.0; distance: 6.708203932499369
Generation: 309; 
d: 6.708203932499369; energy: -8.0; 1,0,0,1,0,0,0,0,1,1,2,1,0,2,2,2,2,2,0,2,2,0
Best fitness found so far: -8.0; distance: 6.708203932499369
Generation: 310; 
d: 6.708203932499369; energy: -8.0; 1,0,0,1,0,0,0,0,1,1,2,1,0,2,2,2,2,2,0,2,2,0
Best fitness found so far: -8.0; distance: 6.708203932499369
Generation: 311; 
d: 6.708203932499369; energy: -8.0; 1,0,0,0,0,0,0,0,1,1,2,1,0,2,2,2,2,2,0,2,2,0
Best fitness found so far: -8.0; distance: 6.708203932499369
Generation: 312; 
d: 6.708203932499369; energy: -8.0; 1,0,0,0,0,0,0,0,1,1,2,1,0,2,2,2,2,2,0,2,2,0
Best fitness found so far: -8.0; distance: 6.708203932499369
Generation: 313; 
d: 6.708203932499369; energy: -8.0; 1,0,0,1,0,0,0,0,1,1,2,1,0,2,2,2,2,2,0,2,2,0
Best fitness found so far: -8.0; distance: 6.708203932499369
Generation: 314; 
d: 6.708203932499369; energy: -8.0; 1,0,0,1,0,0,0,0,1,1,2,1,0,2,2,2,2,2,0,2,2,0
Best fitness found so far: -8.0; distance: 6.708203932499369
Generation: 315; 
d: 6.708203932499369; energy: -8.0; 1,0,0,0,0,0,0,0,1,1,2,1,0,2,2,2,2,2,0,2,2,1
Best fitness found so far: -8.0; distance: 6.708203932499369
Generation: 316; 
d: 6.708203932499369; energy: -8.0; 1,0,0,0,0,0,0,0,1,1,2,1,0,2,2,2,2,2,0,2,2,1
Best fitness found so far: -8.0; distance: 6.708203932499369
Generation: 317; 
d: 6.708203932499369; energy: -8.0; 1,0,0,1,0,0,0,0,1,1,2,1,0,2,2,2,2,2,0,2,2,0
Best fitness found so far: -8.0; distance: 6.708203932499369
Generation: 318; 
d: 6.708203932499369; energy: -8.0; 1,0,0,0,0,0,0,0,1,1,2,1,0,2,2,2,2,2,0,2,2,0
Best fitness found so far: -8.0; distance: 6.708203932499369
Generation: 319; 
d: 6.708203932499369; energy: -8.0; 1,0,0,0,0,0,0,0,1,1,2,1,0,2,2,2,2,2,0,2,2,0
Best fitness found so far: -8.0; distance: 6.708203932499369
Generation: 320; 
d: 6.708203932499369; energy: -8.0; 1,0,0,0,0,0,0,0,1,1,2,1,0,2,2,2,2,2,0,2,2,0
Best fitness found so far: -8.0; distance: 6.708203932499369
Generation: 321; 
d: 6.708203932499369; energy: -8.0; 1,0,0,0,0,0,0,0,1,1,2,1,0,2,2,2,2,2,0,2,2,0
Best fitness found so far: -8.0; distance: 6.708203932499369
Generation: 322; 
d: 6.708203932499369; energy: -8.0; 1,0,0,0,0,0,0,0,1,1,2,1,0,2,2,2,2,2,0,2,2,0
Best fitness found so far: -8.0; distance: 6.708203932499369
Generation: 323; 
d: 6.708203932499369; energy: -8.0; 1,0,0,0,0,0,0,0,1,1,2,1,0,2,2,2,2,2,0,2,2,1
Best fitness found so far: -8.0; distance: 6.708203932499369
Generation: 324; 
d: 6.708203932499369; energy: -8.0; 1,0,0,0,0,0,0,0,1,1,2,1,0,2,2,2,2,2,0,2,2,1
Best fitness found so far: -8.0; distance: 6.708203932499369
Generation: 325; 
d: 6.708203932499369; energy: -8.0; 1,0,0,0,0,0,0,0,1,1,2,1,0,2,2,2,2,2,0,2,2,1
Best fitness found so far: -8.0; distance: 6.708203932499369
Generation: 326; 
d: 6.708203932499369; energy: -8.0; 1,0,0,0,0,0,0,0,1,1,2,1,0,2,2,2,2,2,0,2,2,1
Best fitness found so far: -8.0; distance: 6.708203932499369
Generation: 327; 
d: 6.708203932499369; energy: -8.0; 1,0,0,0,0,0,0,0,1,1,2,1,0,2,2,2,2,2,0,2,2,0
Best fitness found so far: -8.0; distance: 6.708203932499369
Generation: 328; 
d: 6.708203932499369; energy: -8.0; 1,0,0,0,0,0,0,0,1,1,2,1,0,2,2,2,2,2,0,2,2,0
Best fitness found so far: -8.0; distance: 6.708203932499369
Generation: 329; 
d: 6.708203932499369; energy: -8.0; 1,0,0,0,0,0,0,0,1,1,2,1,0,2,2,2,2,2,0,2,2,1
Best fitness found so far: -8.0; distance: 6.708203932499369
Generation: 330; 
d: 6.708203932499369; energy: -8.0; 1,0,0,0,0,0,0,0,1,1,2,1,0,2,2,2,2,2,0,2,2,1
Best fitness found so far: -8.0; distance: 6.708203932499369
Generation: 331; 
d: 6.708203932499369; energy: -8.0; 1,0,0,0,0,0,0,0,1,1,2,1,0,2,2,2,2,2,0,2,2,1
Best fitness found so far: -8.0; distance: 6.708203932499369
Generation: 332; 
d: 6.708203932499369; energy: -8.0; 1,0,0,0,0,0,0,0,1,1,2,1,0,2,2,2,2,2,0,2,2,1
Best fitness found so far: -8.0; distance: 6.708203932499369
Generation: 333; 
d: 6.708203932499369; energy: -8.0; 1,0,0,0,0,0,0,0,1,1,2,1,0,2,2,2,2,2,2,2,2,1
Best fitness found so far: -8.0; distance: 6.708203932499369
Generation: 334; 
d: 6.708203932499369; energy: -8.0; 1,0,0,0,0,0,0,0,1,1,2,1,0,2,2,2,2,2,2,2,2,1
Best fitness found so far: -8.0; distance: 6.708203932499369
Generation: 335; 
d: 6.708203932499369; energy: -8.0; 1,0,0,0,0,0,0,0,1,1,2,1,0,2,2,2,2,2,0,2,2,1
Best fitness found so far: -8.0; distance: 6.708203932499369
Generation: 336; 
d: 6.708203932499369; energy: -8.0; 1,0,0,0,0,0,0,0,1,1,2,1,0,2,2,2,2,2,0,2,2,1
Best fitness found so far: -8.0; distance: 6.708203932499369
Generation: 337; 
d: 6.708203932499369; energy: -8.0; 1,0,0,0,0,0,0,0,1,1,2,1,0,2,2,2,2,2,0,2,2,1
Best fitness found so far: -8.0; distance: 6.708203932499369
Generation: 338; 
d: 6.708203932499369; energy: -8.0; 1,0,0,0,0,0,0,0,1,1,2,1,0,2,2,2,2,2,0,2,2,1
Best fitness found so far: -8.0; distance: 6.708203932499369
Generation: 339; 
d: 6.708203932499369; energy: -8.0; 1,0,0,0,0,0,0,0,1,1,2,1,0,2,2,2,2,2,0,2,2,1
Best fitness found so far: -8.0; distance: 6.708203932499369
Generation: 340; 
d: 6.708203932499369; energy: -8.0; 1,0,0,0,0,0,0,0,1,1,2,1,0,2,2,2,2,2,0,2,2,1
Best fitness found so far: -8.0; distance: 6.708203932499369
Generation: 341; 
d: 6.708203932499369; energy: -8.0; 1,0,0,0,0,0,0,0,1,1,2,1,0,2,2,2,2,2,0,2,2,0
Best fitness found so far: -8.0; distance: 6.708203932499369
Generation: 342; 
d: 6.708203932499369; energy: -8.0; 1,0,0,0,0,0,0,0,1,1,2,1,0,2,2,2,2,2,0,2,2,0
Best fitness found so far: -8.0; distance: 6.708203932499369
Generation: 343; 
d: 6.708203932499369; energy: -8.0; 1,0,0,0,0,0,0,0,1,1,2,1,0,2,2,2,2,2,0,2,2,1
Best fitness found so far: -8.0; distance: 6.708203932499369
Generation: 344; 
d: 6.708203932499369; energy: -8.0; 1,0,0,0,0,0,0,0,1,1,2,1,0,2,2,2,2,2,0,2,2,1
Best fitness found so far: -8.0; distance: 6.708203932499369
Generation: 345; 
d: 6.708203932499369; energy: -8.0; 1,0,0,0,0,0,0,0,1,1,2,1,0,2,2,2,2,2,0,2,2,0
Best fitness found so far: -8.0; distance: 6.708203932499369
Generation: 346; 
d: 6.708203932499369; energy: -8.0; 1,0,0,0,0,0,0,0,1,1,2,1,0,2,2,2,2,2,0,2,2,0
Best fitness found so far: -8.0; distance: 6.708203932499369
Generation: 347; 
d: 6.708203932499369; energy: -8.0; 1,0,0,0,0,0,0,0,1,1,2,1,0,2,2,2,2,2,0,2,2,1
Best fitness found so far: -8.0; distance: 6.708203932499369
Generation: 348; 
d: 6.708203932499369; energy: -8.0; 1,0,0,0,0,0,0,0,1,1,2,1,0,2,2,2,2,2,0,2,2,1
Best fitness found so far: -8.0; distance: 6.708203932499369
Generation: 349; 
d: 6.708203932499369; energy: -8.0; 1,0,0,0,0,0,0,0,1,1,2,1,0,2,2,2,2,2,0,2,2,0
Best fitness found so far: -8.0; distance: 6.708203932499369
Generation: 350; 
d: 6.708203932499369; energy: -8.0; 1,0,0,0,0,0,0,0,1,1,2,1,0,2,2,2,2,2,0,2,2,0
Best fitness found so far: -8.0; distance: 6.708203932499369
Generation: 351; 
d: 6.708203932499369; energy: -8.0; 1,0,0,1,0,0,0,0,1,1,2,1,0,2,2,2,2,2,0,2,2,0
Best fitness found so far: -8.0; distance: 6.708203932499369
Generation: 352; 
d: 6.708203932499369; energy: -8.0; 1,0,0,1,0,0,0,0,1,1,2,1,0,2,2,2,2,2,0,2,2,0
Best fitness found so far: -8.0; distance: 6.708203932499369
Generation: 353; 
d: 6.708203932499369; energy: -8.0; 1,0,0,0,0,0,0,0,1,1,2,1,0,2,2,2,2,2,0,2,2,0
Best fitness found so far: -8.0; distance: 6.708203932499369
Generation: 354; 
d: 6.708203932499369; energy: -8.0; 1,0,0,0,0,0,0,0,1,1,2,1,0,2,2,2,2,2,0,2,2,0
Best fitness found so far: -8.0; distance: 6.708203932499369
Generation: 355; 
d: 6.708203932499369; energy: -8.0; 1,0,0,0,0,0,0,0,1,1,2,1,0,2,2,2,2,2,0,2,2,1
Best fitness found so far: -8.0; distance: 6.708203932499369
Generation: 356; 
d: 6.708203932499369; energy: -8.0; 1,0,0,0,0,0,0,0,1,1,2,1,0,2,2,2,2,2,0,2,2,1
Best fitness found so far: -8.0; distance: 6.708203932499369
Generation: 357; 
d: 6.708203932499369; energy: -8.0; 1,0,0,0,0,0,0,0,1,1,2,1,0,2,2,2,2,2,0,2,2,0
Best fitness found so far: -8.0; distance: 6.708203932499369
Generation: 358; 
d: 6.708203932499369; energy: -8.0; 1,0,0,0,0,0,0,0,1,1,2,1,0,2,2,2,2,2,0,2,2,0
Best fitness found so far: -8.0; distance: 6.708203932499369
Generation: 359; 
d: 6.708203932499369; energy: -8.0; 1,0,0,0,0,0,0,0,1,1,2,1,0,2,2,2,2,2,0,2,2,1
Best fitness found so far: -8.0; distance: 6.708203932499369
Generation: 360; 
d: 6.708203932499369; energy: -8.0; 1,0,0,0,0,0,0,0,1,1,2,1,0,2,2,2,2,2,0,2,2,1
Best fitness found so far: -8.0; distance: 6.708203932499369
Generation: 361; 
d: 6.708203932499369; energy: -8.0; 1,0,0,0,0,0,0,0,1,1,2,1,0,2,2,2,2,2,0,2,2,0
Best fitness found so far: -8.0; distance: 6.708203932499369
Generation: 362; 
d: 6.708203932499369; energy: -8.0; 1,0,0,0,0,0,0,0,1,1,2,1,0,2,2,2,2,2,0,2,2,0
Best fitness found so far: -8.0; distance: 6.708203932499369
Generation: 363; 
d: 6.708203932499369; energy: -8.0; 1,0,0,1,0,0,0,0,1,1,2,1,0,2,2,2,2,2,0,2,2,1
Best fitness found so far: -8.0; distance: 6.708203932499369
Generation: 364; 
d: 6.708203932499369; energy: -8.0; 1,0,0,1,0,0,0,0,1,1,2,1,0,2,2,2,2,2,0,2,2,1
Best fitness found so far: -8.0; distance: 6.708203932499369
Generation: 365; 
d: 6.708203932499369; energy: -8.0; 1,0,0,0,0,0,0,0,1,1,2,1,0,2,2,2,2,2,0,2,2,0
Best fitness found so far: -8.0; distance: 6.708203932499369
Generation: 366; 
d: 6.708203932499369; energy: -8.0; 1,0,0,0,0,0,0,0,1,1,2,1,0,2,2,2,2,2,0,2,2,0
Best fitness found so far: -8.0; distance: 6.708203932499369
Generation: 367; 
d: 6.708203932499369; energy: -8.0; 1,0,0,0,0,0,0,0,1,1,2,1,0,2,2,2,2,2,0,2,2,1
Best fitness found so far: -8.0; distance: 6.708203932499369
Generation: 368; 
d: 6.708203932499369; energy: -8.0; 1,0,0,0,0,0,0,0,1,1,2,1,0,2,2,2,2,2,0,2,2,1
Best fitness found so far: -8.0; distance: 6.708203932499369
Generation: 369; 
d: 6.708203932499369; energy: -8.0; 1,0,0,0,0,0,0,0,1,1,2,1,0,2,2,2,2,2,0,2,2,0
Best fitness found so far: -8.0; distance: 6.708203932499369
Generation: 370; 
d: 6.708203932499369; energy: -8.0; 1,0,0,0,0,0,0,0,1,1,2,1,0,2,2,2,2,2,0,2,2,0
Best fitness found so far: -8.0; distance: 6.708203932499369
Generation: 371; 
d: 6.708203932499369; energy: -8.0; 1,0,0,0,0,0,0,0,1,1,2,1,0,2,2,2,2,2,0,2,2,1
Best fitness found so far: -8.0; distance: 6.708203932499369
Generation: 372; 
d: 6.708203932499369; energy: -8.0; 1,0,0,0,0,0,0,0,1,1,2,1,0,2,2,2,2,2,0,2,2,1
Best fitness found so far: -8.0; distance: 6.708203932499369
Generation: 373; 
d: 6.708203932499369; energy: -8.0; 1,0,0,0,0,0,0,0,1,1,2,1,0,2,2,2,2,2,0,2,2,0
Best fitness found so far: -8.0; distance: 6.708203932499369
Generation: 374; 
d: 6.708203932499369; energy: -8.0; 1,0,0,0,0,0,0,0,1,1,2,1,0,2,2,2,2,2,0,2,2,0
Best fitness found so far: -8.0; distance: 6.708203932499369
Generation: 375; 
d: 6.708203932499369; energy: -8.0; 1,0,0,0,0,0,0,0,1,1,2,1,0,2,2,2,2,2,0,2,2,1
Best fitness found so far: -8.0; distance: 6.708203932499369
Generation: 376; 
d: 6.708203932499369; energy: -8.0; 1,0,0,0,0,0,0,0,1,1,2,1,0,2,2,2,2,2,0,2,2,1
Best fitness found so far: -8.0; distance: 6.708203932499369
Generation: 377; 
d: 6.708203932499369; energy: -8.0; 1,0,0,0,0,0,0,0,1,1,2,1,0,2,2,2,2,2,0,2,2,0
Best fitness found so far: -8.0; distance: 6.708203932499369
Generation: 378; 
d: 6.708203932499369; energy: -8.0; 1,0,0,0,0,0,0,0,1,1,2,1,0,2,2,2,2,2,0,2,2,0
Best fitness found so far: -8.0; distance: 6.708203932499369
Generation: 379; 
d: 6.708203932499369; energy: -8.0; 1,0,0,0,0,0,0,0,1,1,2,1,0,2,2,2,2,2,0,2,2,1
Best fitness found so far: -8.0; distance: 6.708203932499369
Generation: 380; 
d: 6.708203932499369; energy: -8.0; 1,0,0,0,0,0,0,0,1,1,2,1,0,2,2,2,2,2,0,2,2,1
Best fitness found so far: -8.0; distance: 6.708203932499369
Generation: 381; 
d: 6.708203932499369; energy: -8.0; 1,0,0,0,0,0,0,0,1,1,2,1,0,2,2,2,2,2,0,2,2,1
Best fitness found so far: -8.0; distance: 6.708203932499369
Generation: 382; 
d: 6.708203932499369; energy: -8.0; 1,0,0,0,0,0,0,0,1,1,2,1,0,2,2,2,2,2,0,2,2,1
Best fitness found so far: -8.0; distance: 6.708203932499369
Generation: 383; 
d: 6.708203932499369; energy: -8.0; 1,0,0,0,0,0,0,0,1,1,2,1,0,2,2,2,2,2,0,2,2,1
Best fitness found so far: -8.0; distance: 6.708203932499369
Generation: 384; 
d: 6.708203932499369; energy: -8.0; 1,0,0,0,0,0,0,0,1,1,2,1,0,2,2,2,2,2,0,2,2,1
Best fitness found so far: -8.0; distance: 6.708203932499369
Generation: 385; 
d: 6.708203932499369; energy: -8.0; 1,0,0,0,0,0,0,0,1,1,2,1,0,2,2,2,2,2,0,2,2,1
Best fitness found so far: -8.0; distance: 6.708203932499369
Generation: 386; 
d: 6.708203932499369; energy: -8.0; 1,0,0,0,0,0,0,0,1,1,2,1,0,2,2,2,2,2,0,2,2,1
Best fitness found so far: -8.0; distance: 6.708203932499369
Generation: 387; 
d: 6.708203932499369; energy: -8.0; 1,0,0,0,0,0,0,0,1,1,2,1,0,2,2,2,2,2,0,2,2,1
Best fitness found so far: -8.0; distance: 6.708203932499369
Generation: 388; 
d: 6.708203932499369; energy: -8.0; 1,0,0,0,0,0,0,0,1,1,2,1,0,2,2,2,2,2,0,2,2,1
Best fitness found so far: -8.0; distance: 6.708203932499369
Generation: 389; 
d: 6.708203932499369; energy: -8.0; 1,0,0,0,0,0,0,0,1,1,2,1,0,2,2,2,2,2,0,2,2,1
Best fitness found so far: -8.0; distance: 6.708203932499369
Generation: 390; 
d: 6.708203932499369; energy: -8.0; 1,0,0,0,0,0,0,0,1,1,2,1,0,2,2,2,2,2,0,2,2,1
Best fitness found so far: -8.0; distance: 6.708203932499369
Generation: 391; 
d: 6.708203932499369; energy: -8.0; 1,0,0,1,0,0,0,0,1,1,2,1,0,2,2,2,2,2,0,2,2,0
Best fitness found so far: -8.0; distance: 6.708203932499369
Generation: 392; 
d: 6.708203932499369; energy: -8.0; 1,0,0,1,0,0,0,0,1,1,2,1,0,2,2,2,2,2,0,2,2,0
Best fitness found so far: -8.0; distance: 6.708203932499369
Generation: 393; 
d: 6.708203932499369; energy: -8.0; 1,0,0,0,0,0,0,0,1,1,2,1,0,2,2,2,2,2,0,2,2,1
Best fitness found so far: -8.0; distance: 6.708203932499369
Generation: 394; 
d: 6.708203932499369; energy: -8.0; 1,0,0,0,0,0,0,0,1,1,2,1,0,2,2,2,2,2,0,2,2,1
Best fitness found so far: -8.0; distance: 6.708203932499369
Generation: 395; 
d: 6.708203932499369; energy: -8.0; 1,0,0,0,0,0,0,0,1,1,2,1,0,2,2,2,2,2,0,2,2,1
Best fitness found so far: -8.0; distance: 6.708203932499369
Generation: 396; 
d: 6.708203932499369; energy: -8.0; 1,0,0,0,0,0,0,0,1,1,2,1,0,2,2,2,2,2,0,2,2,1
Best fitness found so far: -8.0; distance: 6.708203932499369
Generation: 397; 
d: 6.708203932499369; energy: -8.0; 1,0,0,0,0,0,0,0,1,1,2,1,0,2,2,2,2,2,0,2,2,1
Best fitness found so far: -8.0; distance: 6.708203932499369
Generation: 398; 
d: 6.708203932499369; energy: -8.0; 1,0,0,0,0,0,0,0,1,1,2,1,0,2,2,2,2,2,0,2,2,1
Best fitness found so far: -8.0; distance: 6.708203932499369
Generation: 399; 
d: 6.708203932499369; energy: -8.0; 1,0,0,0,0,0,0,0,1,1,2,1,0,2,2,2,2,2,0,2,2,1
Best fitness found so far: -8.0; distance: 6.708203932499369
Generation: 400; 
d: 6.708203932499369; energy: -8.0; 1,0,0,0,0,0,0,0,1,1,2,1,0,2,2,2,2,2,0,2,2,1
Best fitness found so far: -8.0; distance: 6.708203932499369
Generation: 401; 
d: 6.708203932499369; energy: -8.0; 1,0,0,0,0,0,0,0,1,1,2,1,0,2,2,2,2,2,0,2,2,0
Best fitness found so far: -8.0; distance: 6.708203932499369
Generation: 402; 
d: 6.708203932499369; energy: -8.0; 1,0,0,0,0,0,0,0,1,1,2,1,0,2,2,2,2,2,0,2,2,0
Best fitness found so far: -8.0; distance: 6.708203932499369
Generation: 403; 
d: 6.708203932499369; energy: -8.0; 1,0,0,0,0,0,0,0,1,1,2,1,0,2,2,2,2,2,0,2,2,1
Best fitness found so far: -8.0; distance: 6.708203932499369
Generation: 404; 
d: 6.708203932499369; energy: -8.0; 1,0,0,0,0,0,0,0,1,1,2,1,0,2,2,2,2,2,0,2,2,1
Best fitness found so far: -8.0; distance: 6.708203932499369
Generation: 405; 
d: 6.708203932499369; energy: -8.0; 1,0,0,0,0,0,0,0,1,1,2,1,0,2,2,2,2,2,0,2,2,1
Best fitness found so far: -8.0; distance: 6.708203932499369
Generation: 406; 
d: 6.708203932499369; energy: -8.0; 1,0,0,0,0,0,0,0,1,1,2,1,0,2,2,2,2,2,0,2,2,0
Best fitness found so far: -8.0; distance: 6.708203932499369
Generation: 407; 
d: 8.06225774829855; energy: -8.0; 1,2,2,2,2,2,1,0,1,1,2,1,0,2,2,2,2,2,0,2,2,1
Best fitness found so far: -8.0; distance: 6.708203932499369
Generation: 408; 
d: 8.06225774829855; energy: -8.0; 1,2,2,2,2,2,1,0,1,1,2,1,0,2,2,2,2,2,0,2,2,1
Best fitness found so far: -8.0; distance: 6.708203932499369
Generation: 409; 
d: 6.708203932499369; energy: -8.0; 1,0,0,0,0,0,0,0,1,1,2,1,0,2,2,2,2,2,0,2,2,1
Best fitness found so far: -8.0; distance: 6.708203932499369
Generation: 410; 
d: 6.708203932499369; energy: -8.0; 1,0,0,0,0,0,0,0,1,1,2,1,0,2,2,2,2,2,0,2,2,1
Best fitness found so far: -8.0; distance: 6.708203932499369
Generation: 411; 
d: 6.708203932499369; energy: -8.0; 1,0,0,0,0,0,0,0,1,1,2,1,0,2,2,2,2,2,0,2,2,0
Best fitness found so far: -8.0; distance: 6.708203932499369
Generation: 412; 
d: 6.708203932499369; energy: -8.0; 1,0,0,0,0,0,0,0,1,1,2,1,0,2,2,2,2,2,0,2,2,0
Best fitness found so far: -8.0; distance: 6.708203932499369
Generation: 413; 
d: 6.708203932499369; energy: -8.0; 1,0,0,0,0,0,0,0,1,1,2,1,0,2,2,2,2,2,0,2,2,1
Best fitness found so far: -8.0; distance: 6.708203932499369
Generation: 414; 
d: 6.708203932499369; energy: -8.0; 1,0,0,0,0,0,0,0,1,1,2,1,0,2,2,2,2,2,0,2,2,1
Best fitness found so far: -8.0; distance: 6.708203932499369
Generation: 415; 
d: 6.708203932499369; energy: -8.0; 1,0,0,0,0,0,0,0,1,1,2,1,0,2,2,2,2,2,0,2,2,0
Best fitness found so far: -8.0; distance: 6.708203932499369
Generation: 416; 
d: 6.708203932499369; energy: -8.0; 1,0,0,0,0,0,0,0,1,1,2,1,0,2,2,2,2,2,0,2,2,0
Best fitness found so far: -8.0; distance: 6.708203932499369
Generation: 417; 
d: 6.708203932499369; energy: -8.0; 1,0,0,0,0,0,0,0,1,1,2,1,0,2,2,2,2,2,0,2,2,1
Best fitness found so far: -8.0; distance: 6.708203932499369
Generation: 418; 
d: 6.708203932499369; energy: -8.0; 1,0,0,0,0,0,0,0,1,1,2,1,0,2,2,2,2,2,0,2,2,1
Best fitness found so far: -8.0; distance: 6.708203932499369
Generation: 419; 
d: 6.708203932499369; energy: -8.0; 1,0,0,0,0,0,0,0,1,1,2,1,0,2,2,2,2,2,0,2,2,0
Best fitness found so far: -8.0; distance: 6.708203932499369
Generation: 420; 
d: 6.708203932499369; energy: -8.0; 1,0,0,0,0,0,0,0,1,1,2,1,0,2,2,2,2,2,0,2,2,0
Best fitness found so far: -8.0; distance: 6.708203932499369
Generation: 421; 
d: 6.708203932499369; energy: -8.0; 1,0,0,0,0,0,0,0,1,1,2,1,0,2,2,2,2,2,0,2,2,1
Best fitness found so far: -8.0; distance: 6.708203932499369
Generation: 422; 
d: 6.708203932499369; energy: -8.0; 1,0,0,0,0,0,0,0,1,1,2,1,0,2,2,2,2,2,0,2,2,1
Best fitness found so far: -8.0; distance: 6.708203932499369
Generation: 423; 
d: 6.708203932499369; energy: -8.0; 1,0,0,1,0,0,0,0,1,1,2,1,0,2,2,2,2,2,0,2,2,1
Best fitness found so far: -8.0; distance: 6.708203932499369
Generation: 424; 
d: 6.708203932499369; energy: -8.0; 1,0,0,1,0,0,0,0,1,1,2,1,0,2,2,2,2,2,0,2,2,1
Best fitness found so far: -8.0; distance: 6.708203932499369
Generation: 425; 
d: 6.708203932499369; energy: -8.0; 1,0,0,0,0,0,0,0,1,1,2,1,0,2,2,2,2,2,0,2,2,1
Best fitness found so far: -8.0; distance: 6.708203932499369
Generation: 426; 
d: 6.708203932499369; energy: -8.0; 1,0,0,0,0,0,0,0,1,1,2,1,0,2,2,2,2,2,0,2,2,1
Best fitness found so far: -8.0; distance: 6.708203932499369
Generation: 427; 
d: 6.708203932499369; energy: -8.0; 1,0,0,0,0,0,0,0,1,1,2,1,0,2,2,2,2,2,0,2,2,0
Best fitness found so far: -8.0; distance: 6.708203932499369
Generation: 428; 
d: 6.708203932499369; energy: -8.0; 1,0,0,0,0,0,0,0,1,1,2,1,0,2,2,2,2,2,0,2,2,0
Best fitness found so far: -8.0; distance: 6.708203932499369
Generation: 429; 
d: 6.708203932499369; energy: -8.0; 1,0,0,0,0,0,0,0,1,1,2,1,0,2,2,2,2,2,0,2,2,1
Best fitness found so far: -8.0; distance: 6.708203932499369
Generation: 430; 
d: 6.708203932499369; energy: -8.0; 1,0,0,0,0,0,0,0,1,1,2,1,0,2,2,2,2,2,0,2,2,1
Best fitness found so far: -8.0; distance: 6.708203932499369
Generation: 431; 
d: 6.708203932499369; energy: -8.0; 1,0,0,0,0,0,0,0,1,1,2,1,0,2,2,2,2,2,0,2,2,1
Best fitness found so far: -8.0; distance: 6.708203932499369
Generation: 432; 
d: 6.708203932499369; energy: -8.0; 1,0,0,0,0,0,0,0,1,1,2,1,0,2,2,2,2,2,0,2,2,1
Best fitness found so far: -8.0; distance: 6.708203932499369
Generation: 433; 
d: 6.708203932499369; energy: -8.0; 1,0,0,0,0,0,0,0,1,1,2,1,0,2,2,2,2,2,0,2,2,1
Best fitness found so far: -8.0; distance: 6.708203932499369
Generation: 434; 
d: 6.708203932499369; energy: -8.0; 1,0,0,0,0,0,0,0,1,1,2,1,0,2,2,2,2,2,0,2,2,1
Best fitness found so far: -8.0; distance: 6.708203932499369
Generation: 435; 
d: 6.708203932499369; energy: -8.0; 1,0,0,0,0,0,0,0,1,1,2,1,0,2,2,2,2,2,0,2,2,0
Best fitness found so far: -8.0; distance: 6.708203932499369
Generation: 436; 
d: 6.708203932499369; energy: -8.0; 1,0,0,0,0,0,0,0,1,1,2,1,0,2,2,2,2,2,0,2,2,0
Best fitness found so far: -8.0; distance: 6.708203932499369
Generation: 437; 
d: 6.708203932499369; energy: -8.0; 1,0,0,0,0,0,0,0,1,1,2,1,0,2,2,2,2,2,0,2,2,1
Best fitness found so far: -8.0; distance: 6.708203932499369
Generation: 438; 
d: 6.708203932499369; energy: -8.0; 1,0,0,0,0,0,0,0,1,1,2,1,0,2,2,2,2,2,0,2,2,1
Best fitness found so far: -8.0; distance: 6.708203932499369
Generation: 439; 
d: 6.708203932499369; energy: -8.0; 1,0,0,0,0,0,0,0,1,1,2,1,0,2,2,2,2,2,0,2,2,1
Best fitness found so far: -8.0; distance: 6.708203932499369
Generation: 440; 
d: 6.708203932499369; energy: -8.0; 1,0,0,0,0,0,0,0,1,1,2,1,0,2,2,2,2,2,0,2,2,1
Best fitness found so far: -8.0; distance: 6.708203932499369
Generation: 441; 
d: 6.708203932499369; energy: -8.0; 1,0,0,0,0,0,0,0,1,1,2,1,0,2,2,2,2,2,0,2,2,1
Best fitness found so far: -8.0; distance: 6.708203932499369
Generation: 442; 
d: 6.708203932499369; energy: -8.0; 1,0,0,0,0,0,0,0,1,1,2,1,0,2,2,2,2,2,0,2,2,1
Best fitness found so far: -8.0; distance: 6.708203932499369
Generation: 443; 
d: 6.708203932499369; energy: -8.0; 1,0,0,0,0,0,0,0,1,1,2,1,0,2,2,2,2,2,0,2,2,0
Best fitness found so far: -8.0; distance: 6.708203932499369
Generation: 444; 
d: 6.708203932499369; energy: -8.0; 1,0,0,0,0,0,0,0,1,1,2,1,0,2,2,2,2,2,0,2,2,0
Best fitness found so far: -8.0; distance: 6.708203932499369
Generation: 445; 
d: 6.708203932499369; energy: -8.0; 1,0,0,0,0,0,0,0,1,1,2,1,0,2,2,2,2,2,0,2,2,1
Best fitness found so far: -8.0; distance: 6.708203932499369
Generation: 446; 
d: 6.708203932499369; energy: -8.0; 1,0,0,0,0,0,0,0,1,1,2,1,0,2,2,2,2,2,0,2,2,1
Best fitness found so far: -8.0; distance: 6.708203932499369
Generation: 447; 
d: 6.708203932499369; energy: -8.0; 1,0,0,0,0,0,0,0,1,1,2,1,0,2,2,2,2,2,0,2,2,0
Best fitness found so far: -8.0; distance: 6.708203932499369
Generation: 448; 
d: 6.708203932499369; energy: -8.0; 1,0,0,0,0,0,0,0,1,1,2,1,0,2,2,2,2,2,0,2,2,0
Best fitness found so far: -8.0; distance: 6.708203932499369
Generation: 449; 
d: 6.708203932499369; energy: -8.0; 1,0,0,0,0,0,0,0,1,1,2,1,0,2,2,2,2,2,0,2,2,1
Best fitness found so far: -8.0; distance: 6.708203932499369
Generation: 450; 
d: 6.708203932499369; energy: -8.0; 1,0,0,0,0,0,0,0,1,1,2,1,0,2,2,2,2,2,0,2,2,1
Best fitness found so far: -8.0; distance: 6.708203932499369
Generation: 451; 
d: 6.708203932499369; energy: -8.0; 1,0,0,1,0,0,0,0,1,1,2,1,0,2,2,2,2,2,0,2,2,1
Best fitness found so far: -8.0; distance: 6.708203932499369
Generation: 452; 
d: 6.708203932499369; energy: -8.0; 1,0,0,1,0,0,0,0,1,1,2,1,0,2,2,2,2,2,0,2,2,1
Best fitness found so far: -8.0; distance: 6.708203932499369
Generation: 453; 
d: 6.708203932499369; energy: -8.0; 1,0,0,0,0,0,0,0,1,1,2,1,0,2,2,2,2,2,0,2,2,1
Best fitness found so far: -8.0; distance: 6.708203932499369
Generation: 454; 
d: 6.708203932499369; energy: -8.0; 1,0,0,0,0,0,0,0,1,1,2,1,0,2,2,2,2,2,0,2,2,1
Best fitness found so far: -8.0; distance: 6.708203932499369
Generation: 455; 
d: 6.708203932499369; energy: -8.0; 1,0,0,0,0,0,0,0,1,1,2,1,0,2,2,2,2,2,0,2,2,1
Best fitness found so far: -8.0; distance: 6.708203932499369
Generation: 456; 
d: 6.708203932499369; energy: -8.0; 1,0,0,0,0,0,0,0,1,1,2,1,0,2,2,2,2,2,0,2,2,1
Best fitness found so far: -8.0; distance: 6.708203932499369
Generation: 457; 
d: 6.708203932499369; energy: -8.0; 1,0,0,0,0,0,0,0,1,1,2,1,0,2,2,2,2,2,0,2,2,0
Best fitness found so far: -8.0; distance: 6.708203932499369
Generation: 458; 
d: 6.708203932499369; energy: -8.0; 1,0,0,0,0,0,0,0,1,1,2,1,0,2,2,2,2,2,0,2,2,0
Best fitness found so far: -8.0; distance: 6.708203932499369
Generation: 459; 
d: 6.708203932499369; energy: -8.0; 1,0,0,0,0,0,0,0,1,1,2,1,0,2,2,2,2,2,0,2,2,1
Best fitness found so far: -8.0; distance: 6.708203932499369
Generation: 460; 
d: 6.708203932499369; energy: -8.0; 1,0,0,0,0,0,0,0,1,1,2,1,0,2,2,2,2,2,0,2,2,1
Best fitness found so far: -8.0; distance: 6.708203932499369
Generation: 461; 
d: 6.708203932499369; energy: -8.0; 1,0,0,0,0,0,0,0,1,1,2,1,0,2,2,2,2,2,0,2,2,1
Best fitness found so far: -8.0; distance: 6.708203932499369
Generation: 462; 
d: 6.708203932499369; energy: -8.0; 1,0,0,0,0,0,0,0,1,1,2,1,0,2,2,2,2,2,0,2,2,1
Best fitness found so far: -8.0; distance: 6.708203932499369
Generation: 463; 
d: 6.708203932499369; energy: -8.0; 1,0,0,0,0,0,0,0,1,1,2,1,0,2,2,2,2,2,0,2,2,0
Best fitness found so far: -8.0; distance: 6.708203932499369
Generation: 464; 
d: 6.708203932499369; energy: -8.0; 1,0,0,0,0,0,0,0,1,1,2,1,0,2,2,2,2,2,0,2,2,0
Best fitness found so far: -8.0; distance: 6.708203932499369
Generation: 465; 
d: 6.708203932499369; energy: -8.0; 1,0,0,0,0,0,0,0,1,1,2,1,0,2,2,2,2,2,0,2,2,1
Best fitness found so far: -8.0; distance: 6.708203932499369
Generation: 466; 
d: 6.708203932499369; energy: -8.0; 1,0,0,0,0,0,0,0,1,1,2,1,0,2,2,2,2,2,0,2,2,1
Best fitness found so far: -8.0; distance: 6.708203932499369
Generation: 467; 
d: 6.708203932499369; energy: -8.0; 1,0,0,1,0,0,0,0,1,1,2,1,0,2,2,2,2,2,0,2,2,1
Best fitness found so far: -8.0; distance: 6.708203932499369
Generation: 468; 
d: 6.708203932499369; energy: -8.0; 1,0,0,1,0,0,0,0,1,1,2,1,0,2,2,2,2,2,0,2,2,1
Best fitness found so far: -8.0; distance: 6.708203932499369
Generation: 469; 
d: 6.708203932499369; energy: -8.0; 1,0,0,0,0,0,0,0,1,1,2,1,0,2,2,2,2,2,0,2,2,1
Best fitness found so far: -8.0; distance: 6.708203932499369
Generation: 470; 
d: 6.708203932499369; energy: -8.0; 1,0,0,0,0,0,0,0,1,1,2,1,0,2,2,2,2,2,0,2,2,1
Best fitness found so far: -8.0; distance: 6.708203932499369
Generation: 471; 
d: 6.708203932499369; energy: -8.0; 1,0,0,0,0,0,0,0,1,1,2,1,0,2,2,2,2,2,0,2,2,0
Best fitness found so far: -8.0; distance: 6.708203932499369
Generation: 472; 
d: 6.708203932499369; energy: -8.0; 1,0,0,0,0,0,0,0,1,1,2,1,0,2,2,2,2,2,0,2,2,0
Best fitness found so far: -8.0; distance: 6.708203932499369
Generation: 473; 
d: 6.708203932499369; energy: -8.0; 1,0,0,0,0,0,0,0,1,1,2,1,0,2,2,2,2,2,0,2,2,1
Best fitness found so far: -8.0; distance: 6.708203932499369
Generation: 474; 
d: 6.708203932499369; energy: -8.0; 1,0,0,0,0,0,0,0,1,1,2,1,0,2,2,2,2,2,0,2,2,1
Best fitness found so far: -8.0; distance: 6.708203932499369
Generation: 475; 
d: 6.708203932499369; energy: -8.0; 1,0,0,0,0,0,0,0,1,1,2,1,0,2,2,2,2,2,0,2,2,0
Best fitness found so far: -8.0; distance: 6.708203932499369
Generation: 476; 
d: 6.708203932499369; energy: -8.0; 1,0,0,0,0,0,0,0,1,1,2,1,0,2,2,2,2,2,0,2,2,0
Best fitness found so far: -8.0; distance: 6.708203932499369
Generation: 477; 
d: 6.708203932499369; energy: -8.0; 1,0,0,0,0,0,0,0,1,1,2,1,0,2,2,2,2,2,0,2,2,0
Best fitness found so far: -8.0; distance: 6.708203932499369
Generation: 478; 
d: 6.708203932499369; energy: -8.0; 1,0,0,0,0,0,0,0,1,1,2,1,0,2,2,2,2,2,0,2,2,0
Best fitness found so far: -8.0; distance: 6.708203932499369
Generation: 479; 
d: 6.708203932499369; energy: -8.0; 1,0,0,0,0,0,0,0,1,1,2,1,0,2,2,2,2,2,0,2,2,0
Best fitness found so far: -8.0; distance: 6.708203932499369
Generation: 480; 
d: 6.708203932499369; energy: -8.0; 1,0,0,0,0,0,0,0,1,1,2,1,0,2,2,2,2,2,0,2,2,0
Best fitness found so far: -8.0; distance: 6.708203932499369
Generation: 481; 
d: 6.708203932499369; energy: -8.0; 1,0,0,0,0,0,0,0,1,1,2,1,0,2,2,2,2,2,0,2,2,1
Best fitness found so far: -8.0; distance: 6.708203932499369
Generation: 482; 
d: 6.708203932499369; energy: -8.0; 1,0,0,0,0,0,0,0,1,1,2,1,0,2,2,2,2,2,0,2,2,1
Best fitness found so far: -8.0; distance: 6.708203932499369
Generation: 483; 
d: 6.708203932499369; energy: -8.0; 1,0,0,0,0,0,0,0,1,1,2,1,0,2,2,2,2,2,0,2,2,0
Best fitness found so far: -8.0; distance: 6.708203932499369
Generation: 484; 
d: 6.708203932499369; energy: -8.0; 1,0,0,0,0,0,0,0,1,1,2,1,0,2,2,2,2,2,0,2,2,0
Best fitness found so far: -8.0; distance: 6.708203932499369
Generation: 485; 
d: 6.708203932499369; energy: -8.0; 1,0,0,0,0,0,0,0,1,1,2,1,0,2,2,2,2,2,0,2,2,1
Best fitness found so far: -8.0; distance: 6.708203932499369
Generation: 486; 
d: 6.708203932499369; energy: -8.0; 1,0,0,0,0,0,0,0,1,1,2,1,0,2,2,2,2,2,0,2,2,1
Best fitness found so far: -8.0; distance: 6.708203932499369
Generation: 487; 
d: 6.708203932499369; energy: -8.0; 1,0,0,0,0,0,0,0,1,1,2,1,0,2,2,2,2,2,0,2,2,1
Best fitness found so far: -8.0; distance: 6.708203932499369
Generation: 488; 
d: 6.708203932499369; energy: -8.0; 1,0,0,0,0,0,0,0,1,1,2,1,0,2,2,2,2,2,0,2,2,1
Best fitness found so far: -8.0; distance: 6.708203932499369
Generation: 489; 
d: 6.708203932499369; energy: -8.0; 1,0,0,0,0,0,0,0,1,1,2,1,0,2,2,2,2,2,0,2,2,1
Best fitness found so far: -8.0; distance: 6.708203932499369
Generation: 490; 
d: 6.708203932499369; energy: -8.0; 1,0,0,0,0,0,0,0,1,1,2,1,0,2,2,2,2,2,0,2,2,1
Best fitness found so far: -8.0; distance: 6.708203932499369
Generation: 491; 
d: 6.708203932499369; energy: -8.0; 1,0,0,0,0,0,0,0,1,1,2,1,0,2,2,2,2,2,0,2,2,0
Best fitness found so far: -8.0; distance: 6.708203932499369
Generation: 492; 
d: 6.708203932499369; energy: -8.0; 1,0,0,0,0,0,0,0,1,1,2,1,0,2,2,2,2,2,0,2,2,0
Best fitness found so far: -8.0; distance: 6.708203932499369
Generation: 493; 
d: 6.708203932499369; energy: -8.0; 1,0,0,0,0,0,0,0,1,1,2,1,0,2,2,2,2,2,0,2,2,1
Best fitness found so far: -8.0; distance: 6.708203932499369
Generation: 494; 
d: 6.708203932499369; energy: -8.0; 1,0,0,0,0,0,0,0,1,1,2,1,0,2,2,2,2,2,0,2,2,1
Best fitness found so far: -8.0; distance: 6.708203932499369
Generation: 495; 
d: 8.06225774829855; energy: -8.0; 1,2,2,2,2,2,0,0,1,1,2,1,0,2,2,2,2,2,0,2,2,0
Best fitness found so far: -8.0; distance: 6.708203932499369
Generation: 496; 
d: 8.06225774829855; energy: -8.0; 1,2,2,2,2,2,0,0,1,1,2,1,0,2,2,2,2,2,0,2,2,0
Best fitness found so far: -8.0; distance: 6.708203932499369
Generation: 497; 
d: 6.708203932499369; energy: -8.0; 1,0,0,0,0,0,0,0,1,1,2,1,0,2,2,2,2,2,0,2,2,0
Best fitness found so far: -8.0; distance: 6.708203932499369
Generation: 498; 
d: 6.708203932499369; energy: -8.0; 1,0,0,0,0,0,0,0,1,1,2,1,0,2,2,2,2,2,0,2,2,0
Best fitness found so far: -8.0; distance: 6.708203932499369
Generation: 499; 
d: 6.708203932499369; energy: -8.0; 1,0,0,0,0,0,0,0,1,1,2,1,0,2,2,2,2,2,0,2,2,0
Best fitness found so far: -8.0; distance: 6.708203932499369

End of execution for problem edu.ufpr.cbio.psp.problem.PSPProblem.
Total time (seconds): 3
Writing results.
