Algorithm configured with: 
Pop: 3000
Aux Pop: 200
Crossover: SinglePointCrossover
CrP: 0.9
Mutation: BitFlipMutation
MtP: 0.01
Starting executions...
Execution: 1
Generation: 0; 
d: 100.0; energy: 0.0; 2,0,1,0,2,2,0,0,2,2,2,2,2,0,0,0,2,1,0,2,1,2,0,2,1,2,1,2,1,1,1,1,1,1,0,2,1,1,1,1,0,2,0,2,0,2,0,2,2,2,0,0,0,2,1,1,2,2,0,1,2,2,0,2,0,2,0,0,0,0,2,1,0,1,1,1,1,0,0,1,1,2,0,2,2,2,1,2,0,2,0,0,0,1,1,0,2,0
Best fitness found so far: 0.0; distance: 100.0
Generation: 1; 
d: 16.278820596099706; energy: -25.0; 2,1,1,1,2,2,0,2,2,0,0,2,0,0,0,2,0,2,2,2,1,2,2,1,0,0,0,0,2,0,2,1,0,1,0,0,0,2,1,2,2,0,1,2,1,0,2,0,0,0,1,2,1,1,1,0,0,1,1,1,0,1,2,0,0,0,0,1,0,2,2,1,2,1,0,0,0,2,2,2,2,2,0,1,1,2,0,1,0,2,2,0,0,0,0,2,2,0
Best fitness found so far: -25.0; distance: 16.278820596099706
Generation: 2; 
d: 16.278820596099706; energy: -25.0; 2,1,1,1,2,2,0,2,2,0,0,2,0,0,0,2,0,2,2,2,1,2,2,1,0,0,0,0,2,0,2,1,0,1,0,0,0,2,1,2,2,0,1,2,1,0,2,0,0,0,1,2,1,1,1,0,0,1,1,0,0,1,2,0,0,0,0,1,0,2,2,1,2,1,0,0,0,2,2,2,2,2,0,1,1,2,0,1,0,2,2,0,0,0,0,2,2,0
Best fitness found so far: -25.0; distance: 16.278820596099706
Generation: 3; 
d: 20.8806130178211; energy: -25.0; 1,1,2,0,2,2,0,0,2,2,0,0,1,0,2,0,0,0,2,1,1,2,2,0,2,2,2,2,0,0,1,2,1,0,1,2,2,2,2,2,0,1,2,0,1,0,0,0,0,0,0,2,0,0,1,0,0,2,2,1,0,0,2,2,2,0,0,1,1,2,0,0,0,2,2,2,2,1,1,1,1,2,1,2,2,2,1,0,1,0,2,0,0,0,2,2,1,0
Best fitness found so far: -25.0; distance: 16.278820596099706
