Algorithm configured with: 
Pop: 5000
Aux Pop: 200
CrP: 1.0
MtP: 1.0
List of crossover: 
SinglePointCrossover
IntegerTwoPointsCrossover
MultiPointsCrossover
List of mutations: 
BitFlipMutation
LoopMoveOperator
LocalMoveOperator
SegmentMutation
OppositeMoveOperator
Execution: 1
Generation: 0; 
d: 26.0; energy: -12.0; 0,0,2,2,0,2,2,0,2,2,0,0,2,0,1,0,1,1,1,1,2,0,0,2,1,2,0,1,1,1,0,1,1,0,2,1,2,2,0,1,2,1,0,0,1,2,2,0,1,2,2,1,0,0,1,2,1,2,2,0,1,1,0,2,1,0,0,2,0,2,0,0,1,1,2,2,1,1,1,0,1,1,2,0,0,2,0,2,0,0,2,2,1,1,2,0,2
Best fitness found so far: -12.0; distance: 26.0
Generation: 1; 
d: 24.186773244895647; energy: -24.0; 1,1,0,2,0,2,2,0,1,1,0,1,2,1,1,2,0,1,1,1,0,2,2,1,2,1,1,0,0,1,1,2,0,0,1,2,1,1,2,2,1,0,1,0,0,2,1,1,0,0,2,1,1,0,1,0,2,1,2,2,0,2,1,1,0,0,2,0,1,2,0,2,0,2,2,1,0,0,2,0,1,2,2,1,1,2,0,1,0,2,2,1,1,2,1,0,2
Best fitness found so far: -24.0; distance: 24.186773244895647
Generation: 2; 
d: 17.69180601295413; energy: -23.0; 1,1,1,0,2,2,2,2,1,0,0,2,0,2,2,0,2,1,0,2,0,1,0,2,2,1,0,1,0,0,2,1,2,0,0,1,2,0,1,0,2,2,1,1,2,0,0,0,0,2,0,2,0,2,2,2,2,0,1,2,2,1,0,2,1,0,1,1,0,0,1,0,0,0,0,0,1,2,2,2,2,2,1,1,0,0,0,1,1,0,0,1,1,0,0,1,0
Best fitness found so far: -24.0; distance: 24.186773244895647
Generation: 3; 
d: 18.24828759089466; energy: -26.0; 2,0,1,0,0,1,0,0,0,2,1,2,2,1,1,1,1,2,0,1,2,2,2,0,1,2,2,0,0,1,0,1,1,0,1,0,0,1,0,2,0,1,1,2,2,1,2,1,1,2,2,2,2,1,1,0,0,1,0,0,2,0,0,0,0,1,1,2,2,0,1,0,1,0,1,1,2,0,2,0,1,1,2,1,1,1,1,2,0,2,2,1,1,1,1,1,1
Best fitness found so far: -26.0; distance: 18.24828759089466
Generation: 4; 
d: 19.697715603592208; energy: -24.0; 2,1,1,2,1,1,1,2,1,1,2,1,1,0,1,0,1,1,2,2,1,0,2,2,0,2,1,1,1,0,0,1,2,0,2,2,0,0,1,0,1,2,2,1,0,2,2,1,1,0,2,1,2,0,2,2,0,0,1,0,2,1,2,2,0,0,2,0,2,0,0,1,0,2,2,0,1,0,2,2,1,2,0,0,1,0,1,1,1,1,0,1,2,2,0,2,2
Best fitness found so far: -26.0; distance: 18.24828759089466
Generation: 5; 
d: 18.867962264113206; energy: -25.0; 1,2,1,1,0,0,0,0,2,1,1,2,2,1,0,2,2,2,2,2,0,2,0,0,2,2,0,0,1,1,2,0,1,0,2,1,0,0,1,0,1,0,2,1,2,2,2,0,1,1,1,2,1,2,1,2,0,1,0,1,0,1,1,2,0,1,1,2,1,1,2,0,1,0,2,0,1,2,1,2,2,2,1,0,2,1,1,2,0,2,1,1,0,2,1,2,1
Best fitness found so far: -26.0; distance: 18.24828759089466
Generation: 6; 
d: 17.029386365926403; energy: -25.0; 2,0,0,1,1,1,0,2,1,0,1,2,0,0,2,2,1,0,1,2,1,1,0,1,2,1,0,1,0,0,0,2,2,0,2,0,0,2,0,2,1,1,2,2,0,0,1,2,0,2,0,2,0,1,1,0,0,0,2,2,2,2,0,1,1,2,0,0,1,1,1,1,0,2,1,0,1,1,1,1,0,2,0,0,1,2,0,0,2,1,1,2,0,1,1,2,0
Best fitness found so far: -26.0; distance: 18.24828759089466
Generation: 7; 
d: 16.401219466856727; energy: -26.0; 1,2,1,1,0,0,0,0,2,1,1,2,2,1,0,2,2,2,2,2,0,2,0,0,2,2,0,0,1,1,2,0,1,0,2,1,0,0,1,0,1,0,2,1,2,2,2,0,1,2,2,1,0,0,2,0,0,2,0,2,2,2,0,0,1,2,2,1,1,1,2,2,0,0,1,0,2,0,0,2,1,2,0,0,2,1,0,1,1,0,2,1,1,0,0,2,0
Best fitness found so far: -26.0; distance: 18.24828759089466
Generation: 8; 
d: 17.204650534085253; energy: -29.0; 0,1,0,0,1,1,0,0,2,1,2,1,0,1,2,1,2,2,0,2,1,1,0,0,0,0,2,1,2,0,1,0,2,2,2,2,1,2,2,1,1,1,0,0,0,1,2,2,2,2,1,2,2,2,1,2,2,2,1,2,0,0,2,2,0,0,1,0,2,2,1,1,2,1,2,0,0,1,1,2,2,0,2,2,0,0,2,0,0,2,0,0,2,1,0,1,1
Best fitness found so far: -29.0; distance: 17.204650534085253
Generation: 9; 
d: 18.027756377319946; energy: -29.0; 1,0,0,1,1,0,2,2,1,2,0,1,1,1,1,1,1,0,0,1,0,0,1,2,0,1,0,1,2,1,2,2,0,0,2,2,2,1,2,0,1,0,0,2,2,1,2,1,2,0,0,0,0,0,0,1,0,1,0,1,0,0,1,2,1,2,0,0,0,2,2,2,1,2,1,1,2,1,1,1,0,1,1,0,0,0,0,2,1,1,0,1,2,0,0,0,0
Best fitness found so far: -29.0; distance: 17.204650534085253
Generation: 10; 
d: 18.24828759089466; energy: -28.0; 2,2,2,0,0,1,2,0,0,2,2,1,1,2,2,0,2,2,1,2,2,0,2,1,2,1,1,2,2,1,1,0,2,1,2,0,2,0,1,1,1,2,1,2,2,1,0,0,2,0,1,1,0,0,0,2,0,1,2,1,1,2,0,1,0,0,0,0,0,0,1,0,0,1,0,1,0,0,0,0,1,0,2,1,2,2,0,0,1,2,1,1,0,2,1,1,2
Best fitness found so far: -29.0; distance: 17.204650534085253
Generation: 11; 
d: 14.560219778561036; energy: -28.0; 1,2,1,1,0,0,0,0,2,1,1,2,2,1,0,2,2,2,2,2,0,2,0,0,2,2,0,0,1,1,2,0,1,0,2,1,0,0,1,0,1,0,2,1,2,2,2,0,1,2,2,1,0,0,2,0,0,2,0,1,1,2,2,0,2,0,1,0,2,2,1,1,0,0,1,0,2,0,0,2,1,2,0,0,2,1,0,1,1,0,2,1,1,0,0,2,0
Best fitness found so far: -29.0; distance: 17.204650534085253
Generation: 12; 
d: 17.029386365926403; energy: -30.0; 2,2,2,0,0,1,2,0,0,2,2,1,1,2,2,0,2,2,1,2,2,0,2,1,2,1,1,2,2,1,1,0,2,1,2,0,2,0,1,1,1,2,1,2,2,1,0,0,2,0,1,1,0,0,0,2,0,1,2,1,1,2,0,1,0,0,0,0,0,0,1,0,0,1,0,1,0,0,0,0,1,0,2,1,2,2,1,2,0,0,1,0,2,0,2,2,1
Best fitness found so far: -30.0; distance: 17.029386365926403
Generation: 13; 
d: 24.20743687382041; energy: -30.0; 1,0,0,1,1,0,2,2,1,2,0,1,1,1,1,1,1,0,0,1,0,0,1,2,0,1,0,1,2,1,2,2,0,0,2,2,2,1,2,0,1,0,0,2,2,1,2,1,2,0,0,0,0,0,0,1,0,1,0,1,0,0,1,2,1,2,0,2,2,0,1,0,2,1,2,2,0,0,1,2,0,0,1,0,2,2,0,2,1,0,2,1,1,0,1,2,0
Best fitness found so far: -30.0; distance: 17.029386365926403
Generation: 14; 
d: 14.866068747318506; energy: -31.0; 0,0,2,2,1,1,0,1,0,2,2,2,1,2,0,2,2,0,0,1,0,0,2,2,1,0,0,1,1,1,1,1,1,0,2,0,0,1,0,2,1,2,2,0,2,0,0,1,2,2,1,2,1,2,2,1,1,1,1,2,1,2,2,0,0,2,1,1,0,1,0,0,2,1,1,1,0,0,2,2,2,0,0,1,1,0,0,1,2,2,1,0,0,2,2,1,2
Best fitness found so far: -31.0; distance: 14.866068747318506
Generation: 15; 
d: 18.027756377319946; energy: -29.0; 2,2,0,2,0,0,1,0,2,2,0,2,2,1,1,1,0,0,0,1,1,0,2,2,1,2,0,0,0,1,1,1,0,1,2,2,0,1,1,0,0,0,1,0,0,2,2,0,0,1,0,0,1,0,0,1,2,2,1,0,2,2,1,0,2,1,2,2,0,1,1,0,2,2,1,0,1,2,2,0,1,2,2,2,1,1,2,1,1,2,0,2,2,0,1,2,0
Best fitness found so far: -31.0; distance: 14.866068747318506
Generation: 16; 
d: 15.811388300841896; energy: -29.0; 0,2,2,2,2,2,0,0,1,1,0,0,1,2,1,1,1,0,0,1,0,0,1,2,0,1,0,1,2,1,2,2,0,0,2,2,2,1,2,0,1,0,0,2,2,1,2,1,2,0,0,0,0,0,0,1,0,1,0,1,0,0,0,0,1,0,0,1,2,0,2,2,2,2,1,1,1,1,1,2,2,1,0,0,1,2,2,0,1,0,0,2,1,2,1,1,2
Best fitness found so far: -31.0; distance: 14.866068747318506
Generation: 17; 
d: 14.866068747318506; energy: -31.0; 2,0,2,2,1,1,0,1,0,2,2,2,1,2,0,2,2,0,0,1,0,0,2,2,1,0,0,1,1,1,1,1,1,0,2,0,0,1,0,2,1,2,2,0,2,0,0,1,2,2,1,2,1,2,2,1,1,1,1,2,1,2,2,0,0,2,1,1,0,1,0,0,2,1,1,1,0,0,2,2,2,0,0,1,1,0,0,1,2,2,1,0,0,2,2,0,1
Best fitness found so far: -31.0; distance: 14.866068747318506
Generation: 18; 
d: 14.317821063276353; energy: -29.0; 0,1,1,1,0,1,1,1,1,0,1,0,0,2,0,1,2,0,1,2,1,2,0,0,2,2,0,0,1,1,2,0,1,1,1,1,0,0,1,0,1,0,2,1,2,2,2,0,1,2,2,1,0,0,2,0,0,1,2,0,1,2,2,1,0,0,1,0,1,0,2,0,1,1,0,0,1,1,2,0,0,2,0,0,2,2,0,1,2,1,2,0,1,1,0,0,2
Best fitness found so far: -31.0; distance: 14.866068747318506
Generation: 19; 
d: 14.866068747318506; energy: -31.0; 1,0,1,0,2,2,1,0,0,2,2,2,1,2,0,2,2,0,0,1,0,0,2,2,1,0,0,1,1,1,1,1,1,0,2,0,0,1,0,2,1,2,2,0,2,0,0,1,2,2,1,2,1,2,2,1,1,1,1,2,1,2,2,0,0,2,1,1,0,1,0,0,2,1,1,1,0,0,2,2,2,0,0,1,1,0,0,1,2,2,1,0,0,2,2,0,1
Best fitness found so far: -31.0; distance: 14.866068747318506
Generation: 20; 
d: 16.401219466856727; energy: -30.0; 2,1,0,1,0,2,0,0,2,1,2,1,2,0,2,2,2,0,0,1,0,0,2,2,1,0,0,1,1,1,1,1,1,0,2,0,0,1,0,2,1,2,2,0,2,0,0,1,2,2,1,2,1,2,2,1,1,1,1,2,1,2,2,0,0,2,1,1,0,1,0,0,2,1,1,1,0,0,2,2,2,0,0,1,1,0,0,1,2,2,1,0,0,2,2,0,1
Best fitness found so far: -31.0; distance: 14.866068747318506
Generation: 21; 
d: 18.027756377319946; energy: -32.0; 1,2,2,2,2,2,0,0,1,1,0,0,1,2,1,1,1,0,0,1,0,0,1,2,0,1,0,1,2,1,2,2,0,0,2,2,2,1,2,0,1,0,0,2,2,1,2,1,2,0,0,0,0,0,0,1,0,1,0,1,0,0,1,0,2,1,2,0,1,2,1,0,0,2,0,0,2,2,0,2,1,1,1,2,2,1,1,0,2,0,1,2,1,2,1,2,1
Best fitness found so far: -32.0; distance: 18.027756377319946
Generation: 22; 
d: 17.0; energy: -31.0; 0,1,0,0,1,1,0,0,2,1,2,1,0,1,2,1,2,2,0,2,1,1,0,0,0,0,2,1,2,0,1,0,2,2,2,2,1,2,2,1,1,1,0,0,0,1,2,2,2,2,1,2,2,2,1,2,2,2,1,2,0,0,2,2,0,0,0,2,1,0,1,1,2,1,1,2,0,2,2,1,2,0,0,1,0,1,1,2,2,1,1,0,0,1,1,1,0
Best fitness found so far: -32.0; distance: 18.027756377319946
Generation: 23; 
d: 16.278820596099706; energy: -32.0; 2,0,0,1,2,0,0,1,1,1,2,2,1,1,0,0,2,2,1,2,0,0,0,0,0,1,1,2,2,1,0,0,2,2,1,1,2,2,1,1,2,1,2,2,1,2,1,0,1,1,1,1,2,2,2,2,2,0,1,1,0,0,0,0,1,0,0,0,0,0,1,0,0,1,0,1,2,2,0,0,1,0,2,1,2,2,1,2,0,0,1,0,2,0,2,2,1
Best fitness found so far: -32.0; distance: 18.027756377319946
Generation: 24; 
d: 15.231546211727817; energy: -32.0; 2,0,0,1,2,0,0,1,1,1,2,2,1,1,0,0,2,2,1,2,0,0,0,0,0,1,1,2,2,1,0,0,2,2,1,1,2,2,1,1,2,1,2,2,1,2,1,0,1,1,1,1,2,2,2,2,2,0,1,1,0,0,0,0,1,0,0,0,0,0,1,0,0,1,0,1,2,2,0,0,1,0,2,1,2,2,1,2,0,0,2,0,0,2,1,1,1
Best fitness found so far: -32.0; distance: 18.027756377319946
Generation: 25; 
d: 18.027756377319946; energy: -32.0; 1,2,2,2,2,2,0,0,1,1,0,0,1,2,1,1,1,0,0,1,0,0,1,2,0,1,0,1,2,1,2,2,0,0,2,2,2,1,2,0,1,0,0,2,2,1,2,1,2,0,0,0,0,0,0,1,0,1,0,1,0,0,1,0,2,1,2,0,1,2,1,0,0,2,0,0,2,2,0,2,1,1,1,2,2,1,1,0,2,0,1,2,1,2,1,2,1
Best fitness found so far: -32.0; distance: 18.027756377319946
Generation: 26; 
d: 18.384776310850235; energy: -32.0; 1,0,0,1,1,0,2,2,1,2,0,1,1,1,1,1,1,0,0,1,0,0,1,2,0,1,0,1,2,1,2,2,0,0,2,2,2,1,2,0,1,0,0,2,2,1,2,1,2,0,0,0,0,0,0,1,0,1,0,0,0,0,1,2,2,0,1,0,0,2,1,1,2,0,2,2,1,2,0,1,2,1,0,0,2,0,0,2,0,2,0,2,1,2,1,1,1
Best fitness found so far: -32.0; distance: 18.027756377319946
Generation: 27; 
d: 16.0312195418814; energy: -32.0; 1,0,0,1,1,0,2,2,1,2,0,1,1,1,1,1,1,0,0,1,0,0,1,2,0,1,0,1,2,1,2,2,0,0,2,2,2,1,2,0,1,0,0,2,2,1,2,1,2,0,0,0,0,0,0,1,0,1,0,0,0,0,1,2,2,0,1,1,2,1,1,0,2,0,0,1,0,2,2,1,0,2,0,0,1,0,2,2,1,1,1,0,0,2,1,1,2
Best fitness found so far: -32.0; distance: 18.027756377319946
Generation: 28; 
d: 14.7648230602334; energy: -32.0; 0,0,2,1,0,0,1,2,1,2,0,1,1,1,1,1,1,0,0,1,0,0,1,2,0,1,0,1,2,1,2,2,0,0,2,2,2,1,2,0,1,0,0,2,2,1,2,1,2,0,0,2,0,0,2,2,0,0,1,0,0,0,0,1,1,2,1,1,0,0,0,1,2,1,0,2,2,2,0,2,1,1,0,0,2,0,0,2,2,1,1,0,0,1,1,1,0
Best fitness found so far: -32.0; distance: 18.027756377319946
Generation: 29; 
d: 17.204650534085253; energy: -34.0; 1,0,0,1,1,0,2,2,1,2,0,1,1,1,1,1,1,0,0,1,0,0,1,2,0,1,0,1,2,1,2,2,0,0,2,2,2,1,2,0,1,0,0,2,2,1,2,1,2,0,0,0,0,0,0,1,0,1,1,2,0,1,0,1,0,1,2,0,1,1,0,2,2,0,2,1,2,2,0,0,1,2,0,0,0,0,0,1,0,2,0,2,1,2,2,0,2
Best fitness found so far: -34.0; distance: 17.204650534085253
Generation: 30; 
d: 17.88854381999832; energy: -32.0; 1,0,0,1,1,0,2,2,1,2,0,1,1,1,1,1,1,0,0,1,0,0,1,2,0,1,0,1,2,1,2,2,0,0,2,2,2,1,2,0,1,0,0,2,2,1,2,1,2,0,0,0,0,0,0,1,0,1,2,1,0,0,2,2,1,2,2,1,0,0,2,0,2,1,1,2,2,2,0,1,2,1,0,0,2,0,0,2,0,2,0,2,1,2,1,2,1
Best fitness found so far: -34.0; distance: 17.204650534085253
Generation: 31; 
d: 18.027756377319946; energy: -32.0; 0,2,2,0,1,2,1,2,1,1,0,0,0,1,1,1,1,0,0,1,0,0,2,0,0,1,1,1,2,1,2,0,2,1,2,0,0,0,0,2,0,2,2,0,2,2,1,0,0,2,2,1,2,0,0,2,0,0,1,2,0,0,2,1,1,2,1,1,0,1,0,0,2,0,1,0,0,2,1,2,1,2,2,1,0,0,1,2,2,0,1,1,0,0,0,0,0
Best fitness found so far: -34.0; distance: 17.204650534085253
Generation: 32; 
d: 16.55294535724685; energy: -33.0; 1,0,0,1,1,0,2,2,1,2,0,1,1,1,1,1,1,0,0,1,0,0,1,2,0,1,0,1,2,1,2,2,0,0,2,2,2,1,2,0,1,0,0,2,2,1,2,1,2,0,0,0,0,0,0,1,0,1,0,1,0,0,1,2,2,2,2,0,1,0,2,2,0,2,1,2,2,2,0,1,2,1,0,0,2,0,0,2,0,2,0,2,1,2,1,2,2
Best fitness found so far: -34.0; distance: 17.204650534085253
Generation: 33; 
d: 14.7648230602334; energy: -34.0; 1,0,0,1,1,0,2,2,1,2,0,1,1,1,1,1,1,0,0,1,0,0,1,2,0,1,0,1,2,1,2,2,0,0,2,2,2,1,2,0,1,0,0,2,2,1,2,1,2,0,0,0,0,0,0,1,0,1,0,2,1,2,2,0,0,2,1,1,0,1,0,0,2,1,1,1,0,0,2,2,2,0,0,1,1,0,0,1,2,2,1,2,0,1,2,1,0
Best fitness found so far: -34.0; distance: 17.204650534085253
Generation: 34; 
d: 14.7648230602334; energy: -34.0; 1,2,2,2,2,2,0,0,1,1,0,0,1,2,1,1,1,0,0,1,0,0,1,2,0,1,0,1,2,1,2,2,0,0,2,2,2,1,2,0,1,0,0,2,2,1,2,1,2,0,0,0,0,0,0,1,0,1,0,2,1,2,2,0,0,2,1,1,0,1,0,0,2,1,1,1,0,0,2,2,2,0,0,1,1,0,0,1,2,2,1,2,0,1,2,1,0
Best fitness found so far: -34.0; distance: 17.204650534085253
Generation: 35; 
d: 17.08800749063506; energy: -34.0; 2,1,0,1,1,0,2,2,1,2,0,1,1,1,1,1,1,0,0,1,0,0,1,2,0,1,0,1,2,1,2,2,0,0,2,2,2,1,2,0,1,0,0,2,2,1,2,1,2,0,0,0,0,0,0,1,0,2,1,0,0,1,1,2,2,0,1,0,2,1,1,2,1,1,2,2,2,0,1,0,1,1,2,2,0,2,2,0,0,2,2,2,1,2,1,2,0
Best fitness found so far: -34.0; distance: 17.204650534085253
Generation: 36; 
d: 16.278820596099706; energy: -34.0; 0,1,0,0,1,1,0,2,0,2,1,0,0,1,2,1,2,2,0,2,1,1,0,0,0,0,2,1,2,0,1,0,2,2,2,2,1,2,2,1,1,1,0,0,0,1,2,2,2,2,1,2,2,2,1,2,2,2,1,0,2,0,0,2,1,2,0,0,0,0,1,0,1,0,1,1,2,2,1,1,0,1,1,0,0,1,1,1,1,1,1,0,0,1,1,1,0
Best fitness found so far: -34.0; distance: 17.204650534085253
Generation: 37; 
d: 15.524174696260024; energy: -35.0; 1,2,2,2,2,2,0,0,1,1,0,0,1,2,1,1,1,0,0,1,0,0,1,2,0,1,0,1,2,1,2,2,0,0,2,2,2,1,2,0,1,0,0,2,2,1,2,1,2,0,0,0,0,0,0,1,0,1,0,2,1,2,2,0,0,2,1,1,0,1,0,0,2,0,0,0,2,2,0,2,2,0,0,1,1,0,0,1,2,2,1,2,0,1,2,1,0
Best fitness found so far: -35.0; distance: 15.524174696260024
Generation: 38; 
d: 15.524174696260024; energy: -35.0; 1,2,2,2,2,2,0,0,1,1,0,0,1,2,1,1,1,0,0,1,0,0,1,2,0,1,0,1,2,1,2,2,0,0,2,2,2,1,2,0,1,0,0,2,2,1,2,1,2,0,0,0,0,0,0,1,0,1,0,2,1,2,2,0,0,2,1,1,0,1,0,0,2,0,0,0,2,2,0,2,2,0,0,1,1,0,0,1,2,2,1,2,0,1,2,1,0
Best fitness found so far: -35.0; distance: 15.524174696260024
Generation: 39; 
d: 13.601470508735444; energy: -35.0; 2,2,1,2,2,1,2,2,0,2,1,0,0,1,2,1,2,2,0,2,1,1,0,0,0,0,2,1,2,0,1,0,2,2,2,2,1,2,2,1,1,1,0,0,0,1,2,2,2,2,1,2,2,2,1,2,2,2,1,0,2,0,0,2,1,2,0,0,0,0,1,0,1,0,1,1,2,2,1,1,0,1,1,0,0,1,1,1,1,1,1,0,0,1,1,1,0
Best fitness found so far: -35.0; distance: 15.524174696260024
Generation: 40; 
d: 18.439088914585774; energy: -35.0; 0,0,0,1,1,0,2,2,1,2,0,1,1,1,1,1,1,0,0,1,0,0,1,2,0,1,0,1,2,1,2,2,0,0,2,2,2,1,2,0,1,0,0,2,2,1,2,1,2,0,0,0,0,0,0,1,0,1,1,2,0,1,0,1,0,1,2,0,1,1,0,2,2,0,2,1,2,2,0,0,1,2,0,0,0,0,0,1,1,1,1,1,0,0,1,0,1
Best fitness found so far: -35.0; distance: 15.524174696260024
Generation: 41; 
d: 17.029386365926403; energy: -35.0; 1,2,2,2,2,2,0,0,1,1,0,0,1,2,1,1,1,0,0,1,0,0,1,2,0,1,0,1,2,1,2,2,0,0,2,2,2,1,2,0,1,0,0,2,2,1,2,1,2,0,0,0,0,0,0,1,0,1,0,2,1,2,2,0,0,2,1,1,0,1,0,0,2,0,0,0,2,2,0,2,2,0,1,2,0,2,2,0,0,1,2,2,0,2,2,2,2
Best fitness found so far: -35.0; distance: 15.524174696260024
Generation: 42; 
d: 16.278820596099706; energy: -35.0; 2,2,2,0,0,1,2,0,0,2,2,1,1,2,2,0,2,2,1,2,2,0,2,1,2,1,1,2,2,1,1,0,2,0,2,1,0,0,0,2,1,0,2,2,2,0,1,2,1,2,2,2,1,2,0,1,2,2,1,1,1,2,0,1,0,0,0,0,0,0,1,0,0,1,0,1,0,0,0,0,2,1,1,0,1,0,0,1,0,0,0,1,1,2,2,1,1
Best fitness found so far: -35.0; distance: 15.524174696260024
Generation: 43; 
d: 16.55294535724685; energy: -36.0; 1,2,2,2,2,2,0,0,1,1,0,0,1,2,1,1,1,0,0,1,0,0,1,2,0,1,0,1,2,1,2,2,0,0,2,2,2,1,2,0,1,0,0,2,2,1,2,1,2,0,0,0,0,0,0,1,0,1,0,2,1,2,2,0,0,2,1,1,0,1,0,0,2,0,0,0,2,2,0,2,2,0,0,1,1,0,0,1,2,2,1,2,2,1,1,0,1
Best fitness found so far: -36.0; distance: 16.55294535724685
Generation: 44; 
d: 17.4928556845359; energy: -35.0; 1,0,0,1,1,0,2,2,1,2,0,1,1,1,1,1,1,0,0,1,0,0,1,2,0,1,0,1,2,1,2,2,0,0,2,2,2,1,2,0,1,0,0,2,2,1,2,1,2,0,0,0,0,0,0,1,0,1,1,2,0,1,0,1,0,1,2,0,1,1,0,2,2,0,2,1,2,2,0,0,0,2,0,0,1,0,0,1,2,0,0,2,0,0,1,2,2
Best fitness found so far: -36.0; distance: 16.55294535724685
Generation: 45; 
d: 17.4928556845359; energy: -37.0; 2,0,0,2,2,0,2,2,2,1,1,0,1,1,0,0,0,2,2,0,2,2,0,2,2,1,1,2,2,1,1,0,2,0,2,1,0,0,0,2,1,0,2,2,2,0,1,2,1,2,2,2,1,2,0,1,2,2,1,1,1,2,0,1,0,0,0,0,0,0,1,0,0,1,0,1,0,0,0,0,1,0,2,1,1,2,2,1,1,0,1,0,0,0,0,1,0
Best fitness found so far: -37.0; distance: 17.4928556845359
Generation: 46; 
d: 14.422205101855956; energy: -36.0; 1,0,2,2,2,0,2,2,1,2,0,1,1,1,1,1,1,0,0,1,0,0,1,2,0,1,0,1,2,1,2,2,0,0,2,2,2,1,2,0,1,0,0,2,2,1,2,1,2,0,0,0,0,0,0,1,0,1,0,0,1,2,2,0,0,2,1,1,0,1,0,0,2,1,1,1,0,2,1,2,1,2,0,0,0,0,0,1,0,1,1,2,1,0,0,2,0
Best fitness found so far: -37.0; distance: 17.4928556845359
Generation: 47; 
d: 15.524174696260024; energy: -37.0; 1,0,2,2,1,2,1,2,2,1,0,0,1,0,0,1,1,2,2,1,2,2,0,0,0,0,1,2,0,1,1,0,2,2,2,2,1,2,2,0,1,1,0,2,0,0,1,0,2,1,2,1,2,2,1,0,2,2,1,1,0,0,2,0,2,1,2,1,0,2,1,2,1,2,1,2,1,2,1,2,1,2,0,0,0,0,0,1,0,0,2,2,1,2,1,1,2
Best fitness found so far: -37.0; distance: 17.4928556845359
Generation: 48; 
d: 14.422205101855956; energy: -37.0; 1,2,2,2,2,2,0,0,1,1,0,0,1,2,1,1,1,0,0,1,0,0,1,2,0,1,0,1,2,1,2,2,0,0,2,2,2,1,2,0,1,0,0,2,2,1,2,1,2,0,0,0,0,0,0,1,0,1,0,2,1,2,2,0,0,2,1,1,0,1,0,0,2,0,0,0,2,2,0,2,2,0,0,1,1,0,0,1,2,2,1,1,0,0,2,1,1
Best fitness found so far: -37.0; distance: 17.4928556845359
Generation: 49; 
d: 15.231546211727817; energy: -37.0; 1,1,2,2,2,0,2,2,1,2,0,1,1,1,1,1,1,0,0,1,0,0,1,2,0,1,0,1,2,1,2,2,0,0,2,2,2,1,2,0,1,0,0,2,2,1,2,1,2,0,0,0,0,0,0,1,0,1,0,2,1,2,2,0,0,2,1,1,0,1,0,0,2,0,0,0,2,2,0,2,2,1,0,0,1,0,0,2,0,2,0,2,2,0,2,2,1
Best fitness found so far: -37.0; distance: 17.4928556845359
Generation: 50; 
d: 13.601470508735444; energy: -37.0; 1,0,0,1,1,0,2,2,1,2,0,1,1,1,1,1,1,0,0,1,0,0,1,2,0,1,0,1,2,1,2,2,0,0,2,2,2,1,2,0,1,0,0,2,2,1,2,1,2,0,0,0,0,0,0,0,0,1,2,0,0,0,1,2,0,1,2,1,2,0,2,2,2,2,1,1,1,1,1,2,2,1,0,0,1,0,0,1,2,2,2,1,2,2,1,1,1
Best fitness found so far: -37.0; distance: 17.4928556845359
Generation: 51; 
d: 14.422205101855956; energy: -36.0; 1,0,0,1,1,0,2,2,1,2,0,1,1,1,1,1,1,0,0,1,0,0,1,2,0,1,0,1,2,1,2,2,0,0,2,2,2,1,2,0,1,0,0,2,2,1,2,1,2,0,0,0,0,0,0,1,0,1,0,2,1,2,2,0,0,2,1,1,0,1,0,0,2,1,1,0,2,2,1,2,1,2,0,0,0,0,0,1,1,1,1,0,0,0,2,2,0
Best fitness found so far: -37.0; distance: 17.4928556845359
Generation: 52; 
d: 15.652475842498529; energy: -37.0; 0,2,2,2,2,2,0,0,1,1,0,0,1,2,1,1,1,0,0,1,0,0,1,2,0,1,0,1,2,1,2,2,0,0,2,2,2,1,2,0,1,0,0,2,2,1,2,1,2,0,0,0,0,0,0,1,0,1,0,2,1,2,2,0,0,2,1,1,0,1,0,0,2,0,1,1,1,0,2,2,2,2,0,0,2,2,0,1,0,1,0,2,0,0,0,2,0
Best fitness found so far: -37.0; distance: 17.4928556845359
Generation: 53; 
d: 14.422205101855956; energy: -37.0; 1,0,0,1,1,0,2,2,1,2,0,1,1,1,1,1,1,0,0,1,0,0,1,2,0,1,0,1,2,1,2,2,0,0,2,2,2,1,2,0,1,0,0,2,2,1,2,1,2,0,0,0,0,0,0,1,0,1,1,2,1,2,2,0,0,2,1,1,0,1,1,0,0,0,0,0,1,0,0,0,0,1,2,2,1,1,2,1,0,0,0,2,0,0,0,0,0
Best fitness found so far: -37.0; distance: 17.4928556845359
Generation: 54; 
d: 14.317821063276353; energy: -39.0; 1,0,0,1,1,0,2,2,1,2,0,1,1,1,1,1,1,0,0,1,0,0,1,2,0,1,0,1,2,1,2,2,0,0,2,2,2,1,2,0,1,0,0,2,2,1,2,1,2,0,0,0,0,0,0,1,0,1,0,2,1,2,2,0,0,2,1,1,0,1,0,0,2,1,1,1,0,0,2,2,2,1,0,0,1,0,1,2,0,0,2,2,1,2,1,1,2
Best fitness found so far: -39.0; distance: 14.317821063276353
Generation: 55; 
d: 16.55294535724685; energy: -38.0; 0,1,1,2,0,0,2,2,1,2,0,1,1,1,1,1,1,0,0,1,0,0,1,2,0,1,0,1,2,1,2,2,0,0,2,2,2,1,2,0,1,0,0,2,2,1,2,1,2,0,0,0,0,0,0,1,0,1,0,0,0,0,0,2,1,2,2,1,0,2,1,2,1,2,2,2,0,2,2,2,0,1,0,0,1,0,1,0,2,1,1,0,0,0,0,1,0
Best fitness found so far: -39.0; distance: 14.317821063276353
Generation: 56; 
d: 15.0; energy: -38.0; 1,1,2,2,0,1,1,2,2,2,0,1,0,1,2,1,1,0,0,1,0,0,1,2,0,1,0,1,2,1,2,2,0,0,2,2,2,1,2,0,1,0,0,2,2,1,2,1,2,0,0,0,0,0,0,1,0,1,1,2,1,2,2,0,0,2,1,1,0,1,0,0,2,1,1,1,2,0,0,2,2,0,2,2,0,2,2,2,1,0,1,0,0,2,2,1,2
Best fitness found so far: -39.0; distance: 14.317821063276353
Generation: 57; 
d: 15.231546211727817; energy: -37.0; 1,2,2,2,2,2,0,0,1,1,0,0,1,2,1,1,1,0,0,1,0,0,1,2,0,1,0,1,2,1,2,2,0,0,2,2,2,1,2,0,1,0,0,2,2,1,2,1,2,0,0,0,0,0,0,1,0,1,0,2,1,2,2,0,0,2,1,1,0,1,0,0,2,0,0,0,2,2,0,2,2,1,0,0,1,0,0,2,0,2,0,2,1,2,1,2,1
Best fitness found so far: -39.0; distance: 14.317821063276353
Generation: 58; 
d: 13.038404810405298; energy: -39.0; 0,0,2,1,0,0,2,2,1,2,0,1,1,1,1,1,1,0,0,1,0,0,1,2,0,1,0,1,2,1,2,2,0,0,2,2,2,1,2,0,1,0,0,2,2,1,2,1,2,0,0,0,0,0,0,1,0,1,2,1,0,0,2,2,1,2,2,1,1,0,0,0,2,0,1,0,2,0,2,2,2,1,0,0,1,0,1,1,2,0,1,1,0,0,1,2,1
Best fitness found so far: -39.0; distance: 14.317821063276353
Generation: 59; 
d: 14.142135623730951; energy: -39.0; 0,0,0,1,1,0,2,2,1,2,0,1,1,1,1,1,1,0,0,1,0,0,1,2,0,1,0,1,2,1,2,2,0,0,2,2,2,1,2,0,1,0,0,2,2,1,2,1,2,0,0,0,0,0,0,1,0,1,0,2,1,2,2,0,0,2,1,1,0,1,0,0,2,0,1,0,1,1,2,2,2,1,0,0,1,0,1,1,2,0,0,2,1,0,0,0,0
Best fitness found so far: -39.0; distance: 14.317821063276353
Generation: 60; 
d: 13.038404810405298; energy: -39.0; 1,0,0,1,2,0,2,2,1,2,0,1,1,1,1,1,1,0,0,1,0,0,1,2,0,1,0,1,2,1,2,2,0,0,2,2,2,1,2,0,1,0,0,2,2,1,2,1,2,0,0,0,0,0,0,1,0,1,2,1,0,0,2,2,1,2,2,1,1,0,0,0,2,0,1,0,2,0,2,2,2,1,0,0,0,0,1,1,2,0,1,1,0,0,1,2,1
Best fitness found so far: -39.0; distance: 14.317821063276353
Generation: 61; 
d: 13.038404810405298; energy: -39.0; 1,2,2,2,2,2,0,0,1,1,0,0,1,2,1,1,1,0,0,1,0,0,1,2,0,1,0,1,2,1,2,2,0,0,2,2,2,1,2,0,1,0,0,2,2,1,2,1,2,0,0,0,0,0,0,1,0,1,2,1,0,0,2,2,1,2,2,1,1,0,0,0,2,0,1,0,2,0,2,2,2,1,0,0,0,0,1,1,2,0,1,1,0,0,1,2,1
Best fitness found so far: -39.0; distance: 14.317821063276353
Generation: 62; 
d: 14.560219778561036; energy: -39.0; 0,2,2,2,2,2,0,0,1,1,0,0,1,2,1,1,1,0,0,1,0,0,1,2,0,1,0,1,2,1,2,2,0,0,2,2,2,1,2,0,1,0,0,2,2,1,2,1,2,0,0,0,0,0,0,1,0,1,0,2,1,2,2,0,0,2,1,1,0,1,0,0,2,0,1,1,1,0,2,2,2,0,0,0,2,0,0,2,2,1,1,0,0,1,1,1,0
Best fitness found so far: -39.0; distance: 14.317821063276353
Generation: 63; 
d: 13.038404810405298; energy: -39.0; 1,2,2,2,2,2,0,0,1,1,0,0,1,2,1,1,1,0,0,1,0,0,1,2,0,1,0,1,2,1,2,2,0,0,2,2,2,1,2,0,1,0,0,2,2,1,2,1,2,0,0,0,0,0,0,1,0,1,2,1,0,0,2,2,1,2,2,1,1,0,0,0,2,0,1,0,2,0,2,2,2,1,0,0,0,0,1,1,2,0,1,1,0,0,1,2,1
Best fitness found so far: -39.0; distance: 14.317821063276353
Generation: 64; 
d: 14.560219778561036; energy: -40.0; 2,2,0,1,1,0,2,2,1,2,0,1,1,1,1,1,1,0,0,1,0,0,1,2,0,1,0,1,2,1,2,2,0,0,2,2,2,1,2,0,1,0,0,2,2,1,2,1,2,0,0,0,0,0,0,1,0,1,2,2,1,2,2,0,0,2,1,1,0,1,0,0,2,1,1,1,0,0,2,2,2,1,0,0,0,0,0,1,2,1,1,0,0,1,1,1,1
Best fitness found so far: -40.0; distance: 14.560219778561036
Generation: 65; 
d: 14.560219778561036; energy: -40.0; 1,2,2,2,2,2,0,0,1,1,0,0,1,2,1,1,1,0,0,1,0,0,1,2,0,1,0,1,2,1,2,2,0,0,2,2,2,1,2,0,1,0,0,2,2,1,2,1,2,0,0,0,0,0,0,1,0,1,2,2,1,2,2,0,0,2,1,1,0,1,0,0,2,1,1,1,0,0,2,2,2,1,0,0,0,0,0,1,2,1,1,0,0,1,1,1,1
Best fitness found so far: -40.0; distance: 14.560219778561036
Generation: 66; 
d: 14.560219778561036; energy: -40.0; 1,0,0,1,1,0,2,2,1,2,0,1,1,1,1,1,1,0,0,1,0,0,1,2,0,1,0,1,2,1,2,2,0,0,2,2,2,1,2,0,1,0,0,2,2,1,2,1,2,0,0,0,0,0,0,1,0,1,0,2,1,2,2,0,0,2,1,1,0,1,0,0,2,1,1,1,0,0,2,2,2,1,0,0,0,0,0,1,2,1,1,0,0,1,1,1,1
Best fitness found so far: -40.0; distance: 14.560219778561036
Generation: 67; 
d: 13.45362404707371; energy: -40.0; 0,2,2,2,2,0,2,2,1,2,0,1,1,1,1,1,1,0,0,1,0,0,1,2,0,1,0,1,2,1,2,2,0,0,2,2,2,1,2,0,1,0,0,2,2,1,2,1,1,0,0,1,0,0,0,0,0,0,1,2,1,2,2,0,0,2,1,1,0,1,0,0,2,1,1,0,2,0,2,2,2,1,0,0,0,0,1,1,2,0,1,1,0,0,1,2,1
Best fitness found so far: -40.0; distance: 14.560219778561036
Generation: 68; 
d: 13.45362404707371; energy: -40.0; 0,1,0,1,2,0,2,2,1,2,0,1,1,1,1,1,1,0,0,1,0,0,1,2,0,1,0,1,2,1,2,2,0,0,2,2,2,1,2,0,1,0,0,2,2,1,2,1,2,0,0,0,0,0,0,1,0,1,1,2,1,2,2,0,0,2,1,1,0,1,0,0,2,1,1,1,0,0,2,2,2,1,0,0,0,0,1,1,2,0,1,1,0,0,1,2,1
Best fitness found so far: -40.0; distance: 14.560219778561036
Generation: 69; 
d: 13.45362404707371; energy: -40.0; 1,0,0,1,1,0,2,2,1,2,0,1,1,1,1,1,1,0,0,1,0,0,1,2,0,1,0,1,2,1,2,2,0,0,2,2,2,1,2,0,1,0,0,2,2,1,2,1,2,0,0,0,0,0,0,1,0,1,0,2,1,2,2,0,0,2,1,1,0,1,0,0,2,1,0,1,2,0,2,2,2,1,0,0,0,0,1,1,2,0,1,1,0,0,1,2,1
Best fitness found so far: -40.0; distance: 14.560219778561036
Generation: 70; 
d: 13.45362404707371; energy: -40.0; 0,2,2,2,2,2,0,0,1,1,0,0,1,2,1,1,1,0,0,1,0,0,1,2,0,1,0,1,2,1,2,2,0,0,2,2,2,1,2,0,1,0,0,2,2,1,2,1,2,0,0,0,0,0,0,1,0,1,0,2,1,2,2,0,0,2,1,1,0,1,0,0,2,0,1,0,2,0,2,2,2,1,0,0,1,0,1,1,2,0,1,1,0,0,1,2,0
Best fitness found so far: -40.0; distance: 14.560219778561036
Generation: 71; 
d: 13.45362404707371; energy: -40.0; 1,0,0,1,1,0,2,2,1,2,0,1,1,1,1,1,1,0,0,1,0,0,1,2,0,1,0,1,2,1,2,2,0,0,2,2,2,1,2,0,1,0,0,2,2,1,2,1,2,0,0,0,0,0,0,1,0,1,1,2,1,2,2,0,0,2,1,1,0,1,0,0,2,1,1,0,2,0,2,2,2,1,0,0,0,0,1,1,2,0,1,1,0,0,1,2,1
Best fitness found so far: -40.0; distance: 14.560219778561036
Generation: 72; 
d: 13.45362404707371; energy: -40.0; 1,2,2,2,2,2,0,0,1,1,0,0,1,2,1,1,1,0,0,1,0,0,1,2,0,1,0,1,2,1,2,2,0,0,2,2,2,1,2,0,1,0,0,2,2,1,2,1,2,0,0,0,0,0,0,0,0,0,0,2,1,2,2,0,0,2,1,1,0,1,0,0,2,0,1,0,2,0,2,2,2,1,0,0,1,0,1,1,2,0,1,1,0,0,1,0,1
Best fitness found so far: -40.0; distance: 14.560219778561036
Generation: 73; 
d: 14.560219778561036; energy: -40.0; 1,0,0,1,1,0,2,2,1,2,0,1,1,1,1,1,1,0,0,1,0,0,1,2,0,1,0,1,2,1,2,2,0,0,2,2,2,1,2,0,1,0,0,2,2,1,2,1,2,0,0,0,0,0,0,1,0,1,1,2,1,2,2,0,0,2,1,1,0,1,0,0,0,1,1,1,0,0,2,2,2,1,0,0,1,0,1,1,2,1,1,0,0,1,1,1,0
Best fitness found so far: -40.0; distance: 14.560219778561036
Generation: 74; 
d: 13.45362404707371; energy: -41.0; 1,1,2,2,0,1,1,2,2,2,0,1,0,1,2,1,1,0,0,1,0,0,1,2,0,1,0,1,2,1,2,2,0,0,2,2,2,1,2,0,1,0,0,2,2,1,2,1,2,0,0,0,0,0,0,1,0,1,0,2,1,2,2,0,0,2,1,1,0,1,0,0,2,1,1,1,0,0,2,2,2,1,0,0,0,0,1,1,2,0,1,1,0,0,1,2,1
Best fitness found so far: -41.0; distance: 13.45362404707371
Generation: 75; 
d: 13.45362404707371; energy: -41.0; 1,0,0,1,1,1,1,2,2,2,0,1,0,1,2,1,1,0,0,1,0,0,1,2,0,1,0,1,2,1,2,2,0,0,2,2,2,1,2,0,1,0,0,2,2,1,2,1,2,0,0,0,0,0,0,1,0,1,0,2,1,2,2,0,0,2,1,1,0,1,0,0,2,1,1,1,0,0,2,2,2,1,0,0,1,0,1,1,2,0,1,1,0,0,1,2,0
Best fitness found so far: -41.0; distance: 13.45362404707371
Generation: 76; 
d: 13.45362404707371; energy: -40.0; 1,0,0,1,1,0,2,2,1,2,0,1,1,1,1,1,1,0,0,1,0,0,1,2,0,1,0,1,2,1,2,2,0,0,2,2,2,1,2,0,1,0,0,2,2,1,2,1,2,0,0,0,0,0,0,1,0,1,0,2,1,2,2,0,0,2,1,1,0,1,0,0,2,0,1,0,2,0,2,2,2,1,0,0,1,0,1,1,2,0,1,1,0,0,1,2,1
Best fitness found so far: -41.0; distance: 13.45362404707371
Generation: 77; 
d: 13.45362404707371; energy: -40.0; 0,2,2,2,2,0,2,2,1,2,0,1,1,1,1,1,1,0,0,1,0,0,1,2,0,1,0,1,2,1,2,2,0,0,2,2,2,1,2,0,1,0,0,2,2,1,2,1,2,0,0,0,0,0,0,1,0,1,0,2,1,2,2,0,0,2,1,1,0,1,0,0,2,0,1,0,2,1,2,2,2,1,0,0,1,0,1,1,2,0,1,1,0,0,1,2,1
Best fitness found so far: -41.0; distance: 13.45362404707371
Generation: 78; 
d: 13.45362404707371; energy: -41.0; 1,1,2,2,0,1,1,2,2,2,0,1,0,1,2,1,1,0,0,1,0,0,1,2,0,1,0,1,2,1,2,2,0,0,2,2,2,1,2,0,1,0,0,2,2,1,2,1,2,0,0,0,0,0,0,1,0,1,0,2,1,2,2,0,0,2,1,1,0,1,0,0,2,1,1,1,0,0,2,2,2,1,0,0,1,0,1,1,2,0,1,1,0,0,1,2,1
Best fitness found so far: -41.0; distance: 13.45362404707371
Generation: 79; 
d: 13.45362404707371; energy: -41.0; 1,0,0,1,1,1,1,2,2,2,0,1,0,1,2,1,1,0,0,1,0,0,1,2,0,1,0,1,2,1,2,2,0,0,2,2,2,1,2,0,1,0,0,2,2,1,2,1,2,0,0,0,0,0,0,1,0,1,1,0,0,2,2,0,0,2,1,1,0,1,0,0,2,1,1,0,2,0,2,2,2,1,0,0,1,0,1,1,2,0,2,0,0,0,0,0,0
Best fitness found so far: -41.0; distance: 13.45362404707371
Generation: 80; 
d: 13.45362404707371; energy: -41.0; 1,1,2,2,0,1,1,2,2,2,0,1,0,1,2,1,1,0,0,1,0,0,1,2,0,1,0,1,2,1,2,2,0,0,2,2,2,1,2,0,1,0,0,2,2,1,2,1,2,0,0,0,0,0,0,1,0,1,1,2,1,2,2,0,0,2,1,1,0,1,0,0,0,1,1,0,2,0,2,2,2,1,0,0,0,0,1,1,2,0,1,1,0,0,1,2,1
Best fitness found so far: -41.0; distance: 13.45362404707371
Generation: 81; 
d: 13.45362404707371; energy: -41.0; 1,1,2,2,0,1,1,2,2,2,0,1,0,1,2,1,1,0,0,1,0,0,1,2,0,1,0,1,2,1,2,2,0,0,2,2,2,1,2,0,1,0,0,2,2,1,2,1,2,0,0,0,0,0,0,1,0,1,0,2,1,2,2,0,0,2,1,1,0,1,0,0,0,1,1,0,2,0,2,2,2,1,0,0,0,0,1,1,2,0,1,1,0,0,1,2,1
Best fitness found so far: -41.0; distance: 13.45362404707371
Generation: 82; 
d: 13.45362404707371; energy: -41.0; 1,0,0,1,1,1,1,2,2,2,0,1,0,1,2,1,1,0,0,1,0,0,1,2,0,1,0,1,2,1,2,2,0,0,2,2,2,1,2,0,1,0,0,2,2,1,2,1,2,0,0,0,0,0,0,1,0,1,0,2,1,2,2,0,0,2,1,1,0,1,0,0,2,0,0,0,2,0,2,2,2,1,0,0,1,0,1,1,2,0,1,1,0,0,0,2,0
Best fitness found so far: -41.0; distance: 13.45362404707371
Generation: 83; 
d: 13.45362404707371; energy: -41.0; 1,0,0,1,1,1,1,2,2,2,0,1,0,1,2,1,1,0,0,1,0,0,1,2,0,1,0,1,2,1,2,2,0,0,2,2,2,1,2,0,1,0,0,2,2,1,2,1,2,0,0,0,0,0,0,1,0,1,2,2,1,2,2,0,0,2,1,1,0,1,0,0,2,0,1,0,2,0,2,2,2,1,0,0,1,0,1,1,2,0,1,1,0,0,0,2,0
Best fitness found so far: -41.0; distance: 13.45362404707371
Generation: 84; 
d: 13.45362404707371; energy: -41.0; 1,1,2,2,0,1,1,2,2,2,0,1,0,1,2,1,1,0,0,1,0,0,1,2,0,1,0,1,2,1,2,2,0,0,2,2,2,1,2,0,1,0,0,2,2,1,2,1,2,0,0,0,0,0,0,1,0,1,0,2,1,2,2,0,0,2,1,1,0,1,0,0,0,1,1,0,2,0,2,2,2,1,0,0,0,0,1,1,2,0,1,1,0,0,1,2,1
Best fitness found so far: -41.0; distance: 13.45362404707371
Generation: 85; 
d: 13.45362404707371; energy: -41.0; 1,0,0,1,1,1,1,2,2,2,0,1,0,1,2,1,1,0,0,1,0,0,1,2,0,1,0,1,2,1,2,2,0,0,2,2,2,1,2,0,1,0,0,2,2,1,2,1,2,0,0,0,0,0,0,1,0,1,1,2,1,2,2,0,0,2,1,1,0,1,0,0,1,0,1,0,2,0,2,2,2,1,0,0,1,0,1,1,2,0,1,1,0,0,1,0,1
Best fitness found so far: -41.0; distance: 13.45362404707371
