Algorithm configured with: 
Pop: 1000
Aux Pop: 200
CrP: 1.0
MtP: 1.0
List of crossover: 
SinglePointCrossover
IntegerTwoPointsCrossover
MultiPointsCrossover
List of mutations: 
BitFlipMutation
LoopMoveOperator
LocalMoveOperator
SegmentMutation
OppositeMoveOperator
Execution: 1
Generation: 0; 
d: 19.79898987322333; energy: -5.0; 0,2,2,0,0,1,2,1,0,1,0,0,2,2,0,2,0,0,1,2,0,2,2,0,2,2,0,1,2,0,0,1,0,1,2,0,1,2,2,1,1,2,0,1,2,0,2,0,1,2,2,0,2,1,0,2,0,1,2,1,0,1,2,1,0,2,0,1,0,0,2,2,1,2,1,0,2,0,2,0,1,2,2,0,1,2,1,1,1,2,0,1,0,1,2,0,0
Best fitness found so far: -5.0; distance: 19.79898987322333
Generation: 1; 
d: 23.194827009486403; energy: -22.0; 2,0,2,1,0,1,1,0,2,2,1,0,0,0,0,1,0,0,2,2,0,0,0,0,0,2,2,2,0,2,1,2,0,0,1,0,1,2,2,1,2,1,2,2,1,1,0,0,2,2,0,0,1,0,0,2,2,2,2,2,2,0,1,0,0,0,1,1,1,0,2,2,0,2,2,2,1,0,0,2,2,0,0,2,2,1,2,2,1,0,2,1,1,0,2,1,2
Best fitness found so far: -22.0; distance: 23.194827009486403
Generation: 2; 
d: 16.64331697709324; energy: -21.0; 0,1,0,1,2,0,0,2,2,0,0,0,1,2,2,1,2,1,0,0,1,0,0,0,0,2,2,2,1,1,0,1,1,1,1,2,2,0,2,0,1,2,2,0,2,2,2,1,1,0,1,2,1,2,2,0,2,1,2,0,1,0,0,0,2,0,1,1,0,1,1,1,0,2,1,1,0,0,1,2,2,1,1,0,0,1,0,0,1,0,1,2,0,1,0,2,1
Best fitness found so far: -22.0; distance: 23.194827009486403
Generation: 3; 
d: 16.492422502470642; energy: -23.0; 0,2,0,0,0,1,0,1,2,0,1,1,2,0,2,2,0,2,1,0,2,2,0,2,2,0,0,2,0,0,2,0,0,2,0,2,1,1,0,1,2,1,0,0,2,2,0,0,0,0,1,1,2,1,2,0,0,1,0,1,1,2,0,1,2,1,0,2,1,0,0,1,0,0,0,2,2,2,2,2,0,2,1,0,1,2,2,1,1,0,1,2,2,1,1,2,0
Best fitness found so far: -23.0; distance: 16.492422502470642
Generation: 4; 
d: 21.633307652783937; energy: -25.0; 0,0,2,1,0,0,2,1,2,2,2,2,1,2,1,1,0,2,1,1,0,0,2,0,0,0,1,0,0,2,0,0,0,2,1,2,2,2,2,0,1,1,2,2,2,0,2,1,1,0,1,2,1,2,2,0,2,1,2,0,1,0,0,0,2,0,1,1,0,1,1,1,0,2,1,1,0,0,1,2,1,2,2,2,1,0,0,1,2,1,0,1,1,2,0,0,2
Best fitness found so far: -25.0; distance: 21.633307652783937
Generation: 5; 
d: 23.194827009486403; energy: -26.0; 1,1,1,2,0,1,1,0,1,2,0,2,1,0,0,1,1,2,2,1,1,0,0,1,1,2,1,1,0,1,2,2,1,0,0,2,2,0,1,1,2,2,1,1,0,1,2,2,1,0,1,1,2,0,0,1,1,1,0,0,2,0,2,2,1,0,2,0,0,2,0,0,1,2,2,0,1,0,2,1,1,1,0,0,1,1,2,1,0,2,1,2,0,0,2,1,0
Best fitness found so far: -26.0; distance: 23.194827009486403
Generation: 6; 
d: 24.698178070456937; energy: -25.0; 2,0,1,0,2,0,2,2,1,0,0,2,1,1,0,1,2,2,2,2,2,1,2,0,2,2,1,0,1,1,1,1,1,0,1,0,0,0,0,0,2,1,1,2,2,1,1,2,1,0,0,0,2,2,1,2,1,1,2,0,0,2,1,1,1,2,2,0,1,2,0,1,1,0,2,0,2,2,2,2,2,1,1,1,1,2,2,0,1,2,0,2,0,0,0,0,0
Best fitness found so far: -26.0; distance: 23.194827009486403
Generation: 7; 
d: 23.194827009486403; energy: -26.0; 2,2,1,2,0,1,1,0,1,2,0,2,1,0,0,1,1,2,2,1,1,0,0,1,1,2,1,1,0,1,2,2,1,0,0,2,2,0,1,1,2,2,1,1,0,1,2,2,1,0,1,1,2,0,0,1,1,1,0,0,2,0,2,2,1,0,2,0,0,2,0,0,1,2,2,0,1,0,2,1,1,1,0,0,1,1,2,1,0,2,1,2,0,0,2,1,0
Best fitness found so far: -26.0; distance: 23.194827009486403
Generation: 8; 
d: 16.492422502470642; energy: -26.0; 1,2,0,1,1,1,0,0,2,2,2,1,0,0,1,0,2,1,2,1,1,0,0,1,1,2,1,1,0,1,2,2,1,0,0,2,2,0,1,1,2,2,1,1,0,1,2,2,1,0,1,1,2,0,0,1,1,1,0,0,2,0,2,2,1,0,2,0,0,2,0,0,1,2,2,0,1,0,2,1,1,1,0,0,0,1,1,0,1,1,1,0,2,0,1,1,0
Best fitness found so far: -26.0; distance: 23.194827009486403
Generation: 9; 
d: 18.788294228055936; energy: -24.0; 1,2,2,2,0,2,0,0,1,1,1,1,2,1,1,2,0,0,2,2,1,0,2,2,2,0,0,2,2,1,0,0,1,1,2,1,0,1,0,0,2,1,2,2,0,1,2,2,0,1,2,0,0,1,0,2,0,2,2,1,2,0,2,1,0,1,1,2,1,2,2,2,0,2,1,1,1,0,1,2,2,0,2,2,2,1,2,2,2,1,1,0,2,0,0,1,1
Best fitness found so far: -26.0; distance: 23.194827009486403
Generation: 10; 
d: 17.4928556845359; energy: -25.0; 2,0,1,2,1,1,1,0,0,1,1,2,0,2,2,1,2,2,1,0,0,0,0,0,0,2,1,2,1,1,2,0,2,1,0,0,1,2,2,0,0,2,2,1,2,1,1,0,1,2,0,1,0,0,2,1,2,1,2,1,1,1,0,1,0,0,2,2,0,1,2,2,1,1,1,1,2,0,2,1,2,0,2,0,1,1,2,0,0,1,2,1,2,1,0,1,1
Best fitness found so far: -26.0; distance: 23.194827009486403
Generation: 11; 
d: 20.12461179749811; energy: -27.0; 1,1,2,2,0,0,0,2,2,0,1,1,0,1,0,0,1,1,0,0,1,0,1,1,0,2,0,2,1,1,0,1,2,2,1,0,0,2,2,1,2,0,2,2,0,1,1,0,2,0,0,2,1,2,2,0,2,2,0,2,1,2,0,0,2,2,0,2,2,0,0,0,2,1,2,2,0,1,2,0,1,2,0,0,2,1,0,1,2,0,2,2,2,2,2,0,1
Best fitness found so far: -27.0; distance: 20.12461179749811
Generation: 12; 
d: 19.1049731745428; energy: -26.0; 2,1,1,2,0,0,0,0,2,1,1,1,2,0,2,2,2,1,0,2,2,1,2,0,2,2,1,1,1,1,1,1,1,2,1,0,0,0,0,1,2,2,1,2,2,1,1,2,1,0,0,0,2,2,1,2,2,2,2,0,1,0,2,0,2,1,1,2,1,2,1,0,2,1,1,2,2,2,1,2,2,1,1,0,1,0,0,2,1,2,2,0,2,0,0,2,0
Best fitness found so far: -27.0; distance: 20.12461179749811
Generation: 13; 
d: 17.26267650163207; energy: -27.0; 1,2,1,0,0,1,1,1,1,2,2,2,2,2,1,1,1,0,0,0,1,0,0,1,1,2,1,1,0,1,2,2,1,0,0,2,2,0,1,1,2,2,1,1,0,1,2,2,1,0,1,1,2,0,0,1,1,1,0,0,2,0,2,2,1,0,2,0,0,2,0,0,1,2,2,0,1,0,2,1,1,1,0,0,0,1,1,0,1,1,1,0,2,0,1,1,0
Best fitness found so far: -27.0; distance: 20.12461179749811
Generation: 14; 
d: 21.840329667841555; energy: -28.0; 2,1,1,0,1,1,2,2,1,0,2,1,2,1,1,2,1,0,0,2,0,1,2,2,1,0,2,2,1,1,0,1,1,1,1,2,2,0,2,0,1,2,2,0,2,2,0,0,1,0,1,2,1,2,2,0,2,2,0,0,1,2,2,0,1,0,1,1,1,1,1,1,0,2,1,1,0,1,1,1,0,2,0,0,0,0,2,1,2,2,0,1,2,2,1,0,1
Best fitness found so far: -28.0; distance: 21.840329667841555
Generation: 15; 
d: 16.492422502470642; energy: -27.0; 0,2,1,0,1,1,2,2,1,0,2,1,2,1,1,2,1,0,0,2,0,1,2,2,1,0,2,2,1,1,0,0,0,2,0,2,1,1,1,1,2,1,1,0,2,1,2,2,0,2,2,1,2,2,1,0,2,1,2,2,2,2,2,2,0,0,0,0,1,0,1,2,2,1,1,2,1,1,0,0,1,1,2,2,0,2,0,1,2,0,2,0,0,1,0,2,0
Best fitness found so far: -28.0; distance: 21.840329667841555
Generation: 16; 
d: 17.08800749063506; energy: -28.0; 0,2,1,2,0,1,2,0,1,2,0,1,0,1,1,0,0,2,0,0,2,0,0,2,2,2,2,1,2,2,0,0,1,0,1,1,2,2,0,2,2,0,2,1,0,2,0,0,2,1,2,2,2,0,2,2,1,2,0,1,2,1,2,0,0,0,2,0,2,2,1,1,1,2,1,1,0,1,1,2,2,1,1,0,1,0,0,2,2,0,1,1,2,1,2,2,1
Best fitness found so far: -28.0; distance: 21.840329667841555
Generation: 17; 
d: 18.681541692269406; energy: -28.0; 0,0,2,0,2,2,1,1,2,0,0,2,0,0,1,0,2,1,2,2,1,2,0,0,2,2,2,2,2,1,1,1,1,2,1,0,0,0,0,1,0,2,2,1,2,0,0,2,2,0,0,0,2,2,1,2,2,2,2,0,1,0,2,0,2,1,1,2,1,2,1,0,2,1,1,2,2,2,1,2,2,1,1,0,1,0,0,2,1,2,2,0,2,0,0,0,2
Best fitness found so far: -28.0; distance: 21.840329667841555
Generation: 18; 
d: 20.248456731316587; energy: -27.0; 0,2,2,0,1,1,0,0,1,1,1,2,0,0,2,2,2,0,0,2,0,0,1,0,1,2,0,2,2,0,2,0,1,2,0,2,2,1,1,2,1,0,0,0,2,1,2,2,1,2,2,1,0,0,1,1,0,1,0,2,0,1,1,1,2,0,2,1,1,1,2,1,2,1,1,1,2,1,0,0,2,1,2,2,1,2,2,2,1,2,1,2,0,0,0,2,1
Best fitness found so far: -28.0; distance: 21.840329667841555
Generation: 19; 
d: 23.40939982143925; energy: -27.0; 1,2,0,1,1,1,0,0,1,1,2,0,0,1,1,1,2,2,1,0,2,0,2,2,2,0,2,2,0,0,2,2,0,0,1,0,1,1,1,2,0,2,2,1,2,0,0,2,2,0,1,0,1,2,2,0,2,2,0,2,1,2,2,0,1,1,2,1,0,0,1,0,0,0,1,0,2,0,1,2,2,1,1,0,0,2,2,0,0,2,1,1,0,1,2,1,2
Best fitness found so far: -28.0; distance: 21.840329667841555
Generation: 20; 
d: 16.0312195418814; energy: -28.0; 0,2,1,0,1,1,2,2,1,0,2,1,2,1,1,2,1,0,0,2,0,1,2,2,1,0,2,0,0,2,0,0,0,2,1,2,0,1,1,0,0,0,1,0,0,2,2,2,0,0,0,0,0,1,2,2,2,0,1,0,1,2,2,0,1,2,2,2,1,0,1,2,2,1,1,2,1,1,0,0,1,1,2,2,0,2,0,1,2,0,2,0,0,1,0,2,0
Best fitness found so far: -28.0; distance: 21.840329667841555
Generation: 21; 
d: 14.866068747318506; energy: -28.0; 0,1,0,2,0,1,1,1,1,1,2,2,0,2,2,0,0,2,2,2,0,1,2,0,0,2,2,2,0,0,2,2,0,0,1,0,1,1,1,2,0,2,2,1,2,0,0,2,1,2,0,0,2,2,0,2,1,1,2,2,1,0,2,0,2,0,2,2,0,1,2,2,2,1,1,0,0,2,2,1,2,1,0,1,2,1,2,1,2,1,1,0,1,0,2,1,2
Best fitness found so far: -28.0; distance: 21.840329667841555
Generation: 22; 
d: 17.0; energy: -30.0; 0,0,2,1,0,2,0,2,2,0,0,1,1,1,0,0,2,2,1,0,2,2,1,2,2,2,1,0,1,1,1,1,1,0,1,0,0,0,0,1,2,2,1,2,2,1,1,2,1,0,0,0,2,2,1,2,2,2,2,0,1,0,2,0,2,1,1,2,1,2,1,0,2,1,1,2,2,2,1,2,2,1,1,0,1,0,0,2,1,2,2,0,2,0,0,2,0
Best fitness found so far: -30.0; distance: 17.0
