Algorithm configured with: 
Pop: 2500
Aux Pop: 200
CrP: 1.0
MtP: 1.0
List of crossover: 
SinglePointCrossover
IntegerTwoPointsCrossover
MultiPointsCrossover
List of mutations: 
BitFlipMutation
LoopMoveOperator
LocalMoveOperator
SegmentMutation
OppositeMoveOperator
Execution: 1
Generation: 0; 
d: 22.20360331117452; energy: -12.0; 0,0,2,2,1,2,1,1,2,0,0,2,2,0,1,1,1,2,0,1,2,0,1,1,0,0,2,0,2,1,2,1,2,1,0,1,1,0,1,2,1,2,1,0,2,0,1,2,2,0,2,2,0,0,2,2,0,0,2,2,1,0
Best fitness found so far: -12.0; distance: 22.20360331117452
Generation: 1; 
d: 12.083045973594572; energy: -20.0; 1,1,0,0,2,2,0,0,2,1,2,2,0,2,1,0,2,1,1,2,0,0,1,2,2,0,2,1,1,2,1,1,0,0,1,1,2,2,0,0,1,1,2,2,0,2,2,0,1,2,0,1,1,2,1,0,1,0,1,0,2,0
Best fitness found so far: -20.0; distance: 12.083045973594572
Generation: 2; 
d: 13.45362404707371; energy: -21.0; 0,0,1,0,1,0,2,1,2,2,1,0,1,2,0,1,0,1,1,0,2,1,0,1,1,2,1,2,0,0,2,1,0,0,0,2,1,1,2,2,2,0,0,0,2,0,0,2,0,1,2,1,1,0,0,0,0,1,2,1,2,1
Best fitness found so far: -21.0; distance: 13.45362404707371
Generation: 3; 
d: 15.0; energy: -20.0; 1,2,0,0,1,1,0,0,1,0,2,0,0,0,0,0,0,2,1,0,0,0,1,0,1,2,2,2,1,1,0,0,0,1,0,1,0,0,2,0,2,0,2,2,2,0,1,2,2,2,1,1,0,0,0,2,0,0,2,2,1,0
Best fitness found so far: -21.0; distance: 13.45362404707371
Generation: 4; 
d: 12.806248474865697; energy: -23.0; 1,2,1,1,2,2,1,2,1,2,0,0,1,0,0,1,0,0,0,0,0,1,1,2,2,1,2,2,1,0,2,1,1,1,1,2,1,2,2,0,2,2,1,0,0,2,1,0,2,1,1,2,1,2,2,1,2,2,1,0,1,2
Best fitness found so far: -23.0; distance: 12.806248474865697
Generation: 5; 
d: 10.63014581273465; energy: -22.0; 2,2,2,2,2,0,2,2,1,0,0,0,1,2,0,2,2,1,0,1,0,0,2,2,0,2,0,1,0,0,0,0,0,0,2,1,2,0,0,2,0,0,0,1,0,1,2,2,1,2,2,0,2,1,1,2,1,2,2,0,2,2
Best fitness found so far: -23.0; distance: 12.806248474865697
Generation: 6; 
d: 11.661903789690601; energy: -25.0; 1,0,0,1,2,0,0,1,2,2,2,1,1,0,1,0,0,0,2,1,1,1,1,0,0,0,1,0,1,2,0,0,0,2,2,0,1,2,2,2,1,0,2,2,1,0,2,1,2,2,0,2,0,0,0,2,2,2,1,2,1,0
Best fitness found so far: -25.0; distance: 11.661903789690601
Generation: 7; 
d: 12.206555615733702; energy: -23.0; 0,0,2,2,1,2,2,0,2,2,0,0,0,2,0,0,2,2,1,0,0,0,1,2,2,1,0,0,1,0,1,2,0,1,2,0,2,0,0,1,2,0,0,1,1,0,1,2,2,1,0,2,1,1,2,2,2,2,1,0,0,0
Best fitness found so far: -25.0; distance: 11.661903789690601
Generation: 8; 
d: 11.40175425099138; energy: -22.0; 2,0,1,0,0,0,0,1,0,0,1,0,2,2,0,2,1,1,1,0,0,2,2,0,1,1,0,1,2,0,0,2,1,1,0,0,1,1,0,0,2,2,2,2,1,2,0,2,1,1,1,0,2,2,0,2,1,2,2,0,2,0
Best fitness found so far: -25.0; distance: 11.661903789690601
Generation: 9; 
d: 12.727922061357855; energy: -24.0; 0,0,1,0,0,0,1,2,1,0,0,0,1,1,0,0,1,0,1,0,1,1,1,0,0,0,1,0,1,2,0,0,0,2,2,0,1,2,2,0,1,0,1,0,1,1,1,2,0,0,0,0,0,2,2,1,0,0,1,0,2,2
Best fitness found so far: -25.0; distance: 11.661903789690601
Generation: 10; 
d: 13.416407864998739; energy: -24.0; 0,0,0,0,2,2,0,2,2,1,0,0,0,1,1,1,1,2,1,0,0,0,1,0,1,2,2,2,1,1,0,0,1,2,1,1,1,0,0,0,0,0,0,1,1,0,0,2,2,0,2,2,0,2,2,2,2,2,0,2,2,1
Best fitness found so far: -25.0; distance: 11.661903789690601
Generation: 11; 
d: 13.892443989449804; energy: -25.0; 0,0,1,1,2,2,2,0,0,0,0,1,0,0,0,0,1,1,1,0,0,2,0,0,0,2,1,0,1,0,1,2,0,2,2,0,0,1,0,1,2,0,2,2,1,0,0,1,1,0,1,0,0,0,2,0,0,1,2,1,2,2
Best fitness found so far: -25.0; distance: 11.661903789690601
Generation: 12; 
d: 12.041594578792296; energy: -27.0; 0,0,2,2,1,2,2,0,2,2,2,1,1,0,1,0,0,2,0,1,1,1,1,0,0,0,1,0,1,2,0,0,0,2,2,0,1,2,2,0,1,0,0,1,1,0,1,2,0,0,0,0,0,2,2,1,0,2,1,0,2,2
Best fitness found so far: -27.0; distance: 12.041594578792296
Generation: 13; 
d: 11.180339887498949; energy: -24.0; 2,0,1,2,0,2,2,0,1,2,0,1,0,0,0,0,1,2,0,0,1,0,2,1,1,1,0,1,2,0,0,2,1,1,0,0,1,1,0,1,2,0,0,0,2,0,0,2,0,1,0,1,1,1,1,2,2,0,2,2,2,0
Best fitness found so far: -27.0; distance: 12.041594578792296
Generation: 14; 
d: 14.422205101855956; energy: -26.0; 1,2,0,0,1,1,0,0,0,2,0,0,1,2,2,0,0,0,1,0,1,2,2,0,0,2,2,0,2,2,0,0,2,1,0,0,2,0,0,2,2,2,0,2,2,2,2,1,0,2,0,0,1,0,2,2,1,2,1,0,2,2
Best fitness found so far: -27.0; distance: 12.041594578792296
Generation: 15; 
d: 15.524174696260024; energy: -25.0; 1,0,0,1,2,0,0,1,2,2,2,1,1,0,1,0,0,0,2,1,1,1,1,0,0,0,1,0,1,2,0,0,0,2,2,0,0,2,2,1,0,1,1,2,2,2,1,1,2,0,2,2,1,2,0,1,0,2,1,0,0,0
Best fitness found so far: -27.0; distance: 12.041594578792296
Generation: 16; 
d: 11.704699910719626; energy: -28.0; 0,0,2,2,1,2,2,0,2,2,2,1,1,0,1,0,0,2,0,1,1,1,1,0,0,0,1,0,1,2,0,0,0,2,2,0,1,2,2,0,1,0,0,1,1,0,0,2,0,2,0,0,0,0,2,1,2,0,1,0,0,1
Best fitness found so far: -28.0; distance: 11.704699910719626
Generation: 17; 
d: 10.44030650891055; energy: -31.0; 0,0,2,2,1,2,2,0,2,2,2,1,1,0,1,0,0,2,0,1,1,1,1,0,0,0,1,0,1,2,0,0,0,2,2,0,1,2,2,0,1,0,0,1,1,0,0,2,0,2,0,0,0,0,2,1,2,2,1,0,0,0
Best fitness found so far: -31.0; distance: 10.44030650891055
Generation: 18; 
d: 11.40175425099138; energy: -27.0; 0,1,0,0,0,0,2,2,2,0,2,0,1,0,1,0,2,0,1,0,0,0,1,0,0,2,0,0,0,0,1,1,2,1,1,0,2,0,0,2,0,1,1,2,2,0,0,2,0,0,1,2,0,0,2,0,0,0,1,2,0,0
Best fitness found so far: -31.0; distance: 10.44030650891055
Generation: 19; 
d: 11.180339887498949; energy: -28.0; 0,0,2,2,1,2,2,0,2,2,2,1,1,0,1,0,0,2,0,1,1,1,1,0,0,0,1,0,1,2,0,0,0,2,2,0,1,2,2,0,1,0,0,1,1,0,0,2,0,2,0,0,0,0,0,1,0,1,0,0,1,2
Best fitness found so far: -31.0; distance: 10.44030650891055
Generation: 20; 
d: 12.041594578792296; energy: -28.0; 1,0,0,2,2,0,0,0,0,1,0,0,1,0,2,0,0,1,0,0,0,1,1,0,0,1,1,0,2,2,0,0,2,1,0,0,2,0,0,2,1,1,0,2,0,1,1,2,1,2,1,0,0,2,2,1,2,1,0,0,1,2
Best fitness found so far: -31.0; distance: 10.44030650891055
Generation: 21; 
d: 13.038404810405298; energy: -28.0; 1,0,0,1,2,0,0,1,2,2,2,1,1,0,1,0,0,0,2,1,1,1,1,0,0,0,1,0,1,2,0,0,0,2,2,0,1,2,0,0,1,0,1,0,1,1,1,2,0,0,0,0,0,2,2,2,0,0,1,0,0,2
Best fitness found so far: -31.0; distance: 10.44030650891055
Generation: 22; 
d: 11.180339887498949; energy: -28.0; 1,0,0,1,2,2,2,0,2,2,2,1,1,0,1,0,0,0,2,1,1,1,1,0,0,0,1,0,1,2,0,0,0,2,2,0,1,2,2,0,1,0,0,1,1,0,1,2,0,0,0,0,0,2,2,1,0,2,2,2,0,1
Best fitness found so far: -31.0; distance: 10.44030650891055
Generation: 23; 
d: 11.180339887498949; energy: -28.0; 1,0,0,2,2,0,0,0,0,1,0,0,1,0,2,0,0,1,0,0,0,1,1,0,0,1,1,0,2,2,0,0,2,1,0,0,2,0,0,2,1,1,0,2,0,1,1,2,0,0,0,0,0,0,0,2,0,0,1,2,0,0
Best fitness found so far: -31.0; distance: 10.44030650891055
Generation: 24; 
d: 10.44030650891055; energy: -31.0; 0,0,2,2,1,2,2,0,2,2,2,1,1,0,1,0,0,2,0,1,1,1,1,0,0,0,1,0,1,2,0,0,0,2,2,0,1,2,2,0,1,0,0,1,1,0,0,2,0,2,0,0,0,0,2,0,0,1,2,1,2,2
Best fitness found so far: -31.0; distance: 10.44030650891055
Generation: 25; 
d: 10.44030650891055; energy: -29.0; 0,0,2,2,1,2,2,0,2,2,2,1,1,0,1,0,0,2,0,1,1,1,1,0,0,0,1,0,1,2,0,0,0,2,2,0,1,2,2,0,1,0,0,1,1,0,0,2,0,2,0,0,0,0,2,0,0,1,2,0,0,0
Best fitness found so far: -31.0; distance: 10.44030650891055
Generation: 26; 
d: 10.63014581273465; energy: -29.0; 0,0,2,2,1,2,2,0,2,2,2,1,1,0,1,0,0,2,0,1,1,1,1,0,0,0,1,0,1,2,0,0,0,2,2,0,1,2,2,0,1,0,0,1,1,0,0,2,0,2,0,0,0,0,0,0,1,2,1,2,2,0
Best fitness found so far: -31.0; distance: 10.44030650891055
