Algorithm configured with: 
Pop: 1000
CrP: 1.0
MtP: 1.0
List of crossover: 
SinglePointCrossover
IntegerTwoPointsCrossover
MultiPointsCrossover
List of mutations: 
BitFlipMutation
LoopMoveOperator
LocalMoveOperator
SegmentMutation
OppositeMoveOperator
Execution: 1
Generation: 0; 
d: 11.661903789690601; energy: -10.0; 1,0,0,2,0,1,2,1,1,2,0,0,2,0,1,1,0,0,1,2,2,0,1,2,1,1,2,2,0,0,2,2,0,0,1,0,1,1,2,0,0,2,0,1,2,0,1,2,2,1,0,0,2,2,0,2,1,2,1,1,0,0
Best fitness found so far: -10.0; distance: 11.661903789690601
Generation: 1; 
d: 12.083045973594572; energy: -18.0; 0,0,2,0,2,2,0,0,1,0,2,1,0,1,2,0,0,1,0,2,1,2,1,2,1,0,0,2,2,1,0,2,2,0,0,1,1,0,2,0,0,1,2,0,2,1,1,0,0,2,2,0,2,2,1,1,0,2,2,1,1,1
Best fitness found so far: -18.0; distance: 12.083045973594572
Generation: 2; 
d: 11.661903789690601; energy: -20.0; 1,1,1,2,2,0,0,2,2,1,1,2,2,2,1,2,2,1,1,0,2,1,0,0,0,2,1,1,0,1,0,1,2,1,2,0,0,0,0,0,0,2,1,2,2,1,2,1,0,1,1,0,1,1,2,2,2,2,2,0,2,2
Best fitness found so far: -20.0; distance: 11.661903789690601
Generation: 3; 
d: 12.36931687685298; energy: -17.0; 1,1,2,2,0,2,2,0,2,2,0,1,0,2,2,1,2,0,1,2,1,0,1,2,1,1,2,2,0,2,0,1,1,2,1,0,0,2,2,1,2,0,1,1,2,1,0,2,0,0,1,1,0,2,0,2,0,0,2,2,0,2
Best fitness found so far: -20.0; distance: 11.661903789690601
Generation: 4; 
d: 14.866068747318506; energy: -18.0; 2,1,2,1,0,0,0,1,1,2,0,2,1,2,2,0,2,2,2,2,2,1,0,1,0,1,1,1,1,2,0,0,2,0,1,1,0,2,2,1,0,2,0,0,2,1,0,0,1,0,0,1,1,1,2,2,2,2,2,2,2,1
Best fitness found so far: -20.0; distance: 11.661903789690601
Generation: 5; 
d: 12.806248474865697; energy: -19.0; 2,2,1,2,0,0,1,0,1,1,1,1,1,2,2,1,1,2,2,2,0,0,0,2,2,1,2,0,0,0,2,2,1,0,2,2,2,2,1,1,2,0,2,0,2,2,1,1,2,1,1,2,1,1,0,1,1,2,2,1,1,0
Best fitness found so far: -20.0; distance: 11.661903789690601
Generation: 6; 
d: 15.556349186104045; energy: -21.0; 1,1,0,0,1,2,2,1,1,0,1,2,1,0,0,2,2,1,2,0,0,1,0,2,2,0,1,2,1,0,2,2,1,1,2,2,2,0,2,1,1,1,1,2,2,1,0,2,1,0,1,0,1,1,0,2,2,1,0,0,1,1
Best fitness found so far: -21.0; distance: 15.556349186104045
Generation: 7; 
d: 15.556349186104045; energy: -21.0; 1,1,0,0,1,2,2,1,1,0,1,2,1,0,0,2,2,1,2,0,0,1,0,2,2,0,1,2,1,0,2,2,1,1,2,2,2,0,2,1,1,1,1,2,2,1,0,2,1,0,1,0,1,1,0,2,2,1,0,0,1,1
Best fitness found so far: -21.0; distance: 15.556349186104045
Generation: 8; 
d: 12.041594578792296; energy: -20.0; 2,2,1,2,0,0,1,0,1,1,1,1,1,2,1,0,0,1,2,2,0,0,1,0,1,2,1,0,0,1,2,2,1,0,2,1,2,0,0,2,2,0,0,1,1,1,0,1,2,0,1,1,2,0,0,1,1,0,1,1,0,0
Best fitness found so far: -21.0; distance: 15.556349186104045
Generation: 9; 
d: 15.556349186104045; energy: -20.0; 1,1,0,0,1,2,2,1,1,0,1,2,1,0,0,2,2,1,2,0,0,1,0,2,2,0,1,2,1,0,2,2,1,1,2,2,2,0,0,2,0,2,2,0,2,1,0,2,1,1,2,1,1,1,0,1,2,2,1,0,1,1
Best fitness found so far: -21.0; distance: 15.556349186104045
Generation: 10; 
d: 13.416407864998739; energy: -22.0; 2,0,1,2,2,1,0,1,2,2,1,1,1,2,1,2,1,0,2,2,2,0,1,2,2,0,2,2,1,0,0,1,2,1,2,0,1,2,2,1,1,0,2,1,0,2,2,0,1,0,2,0,2,2,1,0,0,2,1,0,0,2
Best fitness found so far: -22.0; distance: 13.416407864998739
Generation: 11; 
d: 13.416407864998739; energy: -22.0; 2,0,1,2,2,1,0,1,2,2,1,1,1,2,1,2,1,0,2,2,2,0,1,2,2,0,2,2,1,0,0,1,2,1,2,0,1,2,2,1,1,0,2,1,0,2,2,0,1,0,2,0,2,2,1,0,0,2,1,0,0,2
Best fitness found so far: -22.0; distance: 13.416407864998739
Generation: 12; 
d: 12.529964086141668; energy: -22.0; 1,1,0,1,2,1,0,0,0,1,2,0,1,1,0,0,1,1,0,2,1,2,0,2,1,2,2,0,0,1,0,1,2,1,0,0,2,0,2,1,0,1,0,2,1,2,0,1,0,0,0,2,0,0,1,0,2,2,0,2,1,0
Best fitness found so far: -22.0; distance: 13.416407864998739
Generation: 13; 
d: 12.529964086141668; energy: -22.0; 1,1,0,1,2,1,0,0,0,1,2,0,1,1,0,0,1,1,0,2,1,2,0,2,1,2,2,0,0,1,0,1,2,1,0,0,2,0,2,1,0,1,0,2,1,2,0,1,0,0,0,2,0,0,1,0,2,2,0,2,1,0
Best fitness found so far: -22.0; distance: 13.416407864998739
Generation: 14; 
d: 12.806248474865697; energy: -21.0; 1,1,1,1,1,2,2,2,2,2,1,1,2,0,0,0,2,1,0,1,0,0,2,0,2,2,0,0,2,2,2,0,1,0,0,0,1,1,0,2,1,2,0,0,2,0,1,1,1,1,0,0,0,0,0,0,0,1,0,2,2,2
Best fitness found so far: -22.0; distance: 13.416407864998739
Generation: 15; 
d: 12.806248474865697; energy: -21.0; 1,1,1,1,1,2,2,2,2,2,1,1,2,0,0,0,2,1,0,1,0,0,2,0,2,2,0,0,2,2,2,0,1,0,0,0,1,1,0,2,1,2,0,0,2,0,1,1,1,1,0,0,0,0,0,0,0,1,0,2,2,2
Best fitness found so far: -22.0; distance: 13.416407864998739
Generation: 16; 
d: 13.45362404707371; energy: -24.0; 2,2,2,0,2,0,2,1,2,2,2,0,2,0,1,2,2,2,2,1,0,1,2,0,0,2,0,0,2,0,0,0,2,1,2,1,2,1,0,1,1,0,2,1,1,0,0,2,1,0,0,1,0,2,0,1,1,0,0,0,0,1
Best fitness found so far: -24.0; distance: 13.45362404707371
Generation: 17; 
d: 13.45362404707371; energy: -24.0; 2,2,2,0,2,0,2,1,2,2,2,0,2,0,1,2,2,2,2,1,0,1,2,0,0,2,0,0,2,0,0,0,2,1,2,1,2,1,0,1,1,0,2,1,1,0,0,2,1,0,0,1,0,2,0,1,1,0,0,0,0,1
Best fitness found so far: -24.0; distance: 13.45362404707371
Generation: 18; 
d: 10.63014581273465; energy: -24.0; 2,2,1,2,2,0,2,2,0,0,2,2,1,0,1,0,0,1,2,0,0,1,1,1,1,0,1,2,1,1,2,1,0,1,1,2,1,1,1,2,1,1,2,1,2,1,0,1,0,1,2,1,0,2,0,0,2,1,2,0,0,2
Best fitness found so far: -24.0; distance: 13.45362404707371
Generation: 19; 
d: 10.63014581273465; energy: -24.0; 2,2,1,2,2,0,2,2,0,0,2,2,1,0,1,0,0,1,2,0,0,1,1,1,1,0,1,2,1,1,2,1,0,1,1,2,1,1,1,2,1,1,2,1,2,1,0,1,0,1,2,1,0,2,0,0,2,1,2,0,0,2
Best fitness found so far: -24.0; distance: 13.45362404707371
Generation: 20; 
d: 10.0; energy: -23.0; 2,2,1,2,0,0,1,0,1,1,1,1,1,0,1,0,0,0,2,1,0,2,0,0,1,0,1,0,0,0,0,0,2,2,2,0,0,0,1,2,2,0,0,2,0,1,1,0,2,0,0,2,1,0,0,1,0,2,0,1,2,0
Best fitness found so far: -24.0; distance: 13.45362404707371
Generation: 21; 
d: 12.083045973594572; energy: -23.0; 1,2,1,2,2,2,2,2,2,1,2,2,2,1,1,1,1,1,2,2,0,1,1,1,0,1,2,2,2,2,0,0,1,0,1,0,1,1,1,2,1,0,0,2,2,0,1,1,1,0,0,0,0,0,1,0,0,2,2,0,2,1
Best fitness found so far: -24.0; distance: 13.45362404707371
Generation: 22; 
d: 12.083045973594572; energy: -23.0; 1,2,1,2,2,2,2,2,2,1,2,2,2,1,1,1,1,1,2,2,0,1,1,1,0,1,2,2,2,2,0,0,1,0,1,0,1,1,1,2,1,0,0,2,2,0,1,1,1,0,0,0,0,0,1,0,0,2,2,0,2,1
Best fitness found so far: -24.0; distance: 13.45362404707371
Generation: 23; 
d: 10.295630140987; energy: -23.0; 1,1,1,0,0,2,2,0,2,1,2,2,2,2,1,0,2,0,0,2,0,1,0,1,0,2,2,0,0,0,0,0,1,1,0,0,0,0,0,0,0,2,1,2,2,1,2,1,0,1,1,0,1,1,2,2,2,2,2,0,2,2
Best fitness found so far: -24.0; distance: 13.45362404707371
Generation: 24; 
d: 10.198039027185569; energy: -25.0; 2,2,1,2,0,0,1,0,1,1,1,2,1,0,1,0,0,0,2,1,0,2,0,0,1,0,1,0,0,0,0,0,2,2,2,0,0,0,1,2,2,0,0,2,0,1,1,0,2,0,0,2,1,0,0,1,0,2,1,2,1,0
Best fitness found so far: -25.0; distance: 10.198039027185569
Generation: 25; 
d: 10.198039027185569; energy: -25.0; 2,2,1,2,0,0,1,0,1,1,1,2,1,0,1,0,0,0,2,1,0,2,0,0,1,0,1,0,0,0,0,0,2,2,2,0,0,0,1,2,2,0,0,2,0,1,1,0,2,0,0,2,1,0,0,1,0,2,1,2,1,0
Best fitness found so far: -25.0; distance: 10.198039027185569
Generation: 26; 
d: 11.40175425099138; energy: -23.0; 2,2,0,0,2,0,1,2,0,0,1,0,1,2,1,1,0,1,2,0,0,1,1,1,1,0,0,2,0,0,0,0,0,2,1,0,2,0,1,1,0,0,1,2,2,1,1,1,0,0,1,1,1,2,1,1,0,0,2,0,0,0
Best fitness found so far: -25.0; distance: 10.198039027185569
Generation: 27; 
d: 10.816653826391969; energy: -23.0; 1,1,1,0,0,0,1,0,0,1,0,0,1,1,2,0,1,0,1,0,1,0,0,0,0,2,1,1,0,1,0,1,2,1,2,0,0,0,0,0,0,2,1,2,2,1,2,1,0,1,1,0,1,2,2,2,0,0,0,1,2,2
Best fitness found so far: -25.0; distance: 10.198039027185569
Generation: 28; 
d: 10.816653826391969; energy: -23.0; 1,1,1,0,0,0,1,0,0,1,0,0,1,1,2,0,1,0,1,0,1,0,0,0,0,2,1,1,0,1,0,1,2,1,2,0,0,0,0,0,0,2,1,2,2,1,2,1,0,1,1,0,1,2,2,2,0,0,0,1,2,2
Best fitness found so far: -25.0; distance: 10.198039027185569
Generation: 29; 
d: 14.142135623730951; energy: -24.0; 0,1,1,0,1,0,0,2,1,0,1,0,1,0,0,1,0,0,1,1,0,0,0,0,1,1,0,0,2,2,2,0,1,0,0,0,1,1,0,2,1,2,0,0,2,0,1,1,1,1,0,0,0,0,0,0,0,1,0,2,2,2
Best fitness found so far: -25.0; distance: 10.198039027185569
Generation: 30; 
d: 14.142135623730951; energy: -24.0; 0,1,1,0,1,0,0,2,1,0,1,0,1,0,0,1,0,0,1,1,0,0,0,0,1,1,0,0,2,2,2,0,1,0,0,0,1,1,0,2,1,2,0,0,2,0,1,1,1,1,0,0,0,0,0,0,0,1,0,2,2,2
Best fitness found so far: -25.0; distance: 10.198039027185569
Generation: 31; 
d: 10.63014581273465; energy: -24.0; 2,2,1,2,2,0,2,2,0,0,2,2,1,0,1,0,0,1,2,0,0,1,1,1,1,0,1,2,1,1,2,1,0,1,1,2,1,1,1,2,1,1,2,1,2,1,0,1,0,1,2,1,0,2,0,0,2,1,2,0,0,2
Best fitness found so far: -25.0; distance: 10.198039027185569
Generation: 32; 
d: 13.416407864998739; energy: -23.0; 2,1,1,1,1,0,0,0,1,1,1,1,1,2,1,0,0,1,2,2,0,0,1,0,1,2,2,0,0,1,0,1,2,0,2,0,0,1,1,1,1,1,2,2,1,2,0,1,1,0,1,0,1,1,0,0,0,2,1,2,2,1
Best fitness found so far: -25.0; distance: 10.198039027185569
Generation: 33; 
d: 13.416407864998739; energy: -23.0; 2,1,1,1,1,0,0,0,1,1,1,1,1,2,1,0,0,1,2,2,0,0,1,0,1,2,2,0,0,1,0,1,2,0,2,0,0,1,1,1,1,1,2,2,1,2,0,1,1,0,1,0,1,1,0,0,0,2,1,2,2,1
Best fitness found so far: -25.0; distance: 10.198039027185569
Generation: 34; 
d: 12.206555615733702; energy: -26.0; 2,2,1,2,0,0,1,0,1,1,1,1,1,0,1,0,0,0,2,1,0,2,0,0,1,0,1,0,0,0,0,0,2,2,2,0,0,0,1,2,2,0,0,2,0,1,1,0,2,0,0,2,2,1,0,1,0,2,0,0,0,1
Best fitness found so far: -26.0; distance: 12.206555615733702
Generation: 35; 
d: 12.206555615733702; energy: -26.0; 2,2,1,2,0,0,1,0,1,1,1,1,1,0,1,0,0,0,2,1,0,2,0,0,1,0,1,0,0,0,0,0,2,2,2,0,0,0,1,2,2,0,0,2,0,1,1,0,2,0,0,2,2,1,0,1,0,2,0,0,0,1
Best fitness found so far: -26.0; distance: 12.206555615733702
Generation: 36; 
d: 10.63014581273465; energy: -24.0; 2,2,1,2,2,0,2,2,0,0,2,2,1,0,1,0,0,1,2,0,0,1,1,1,1,0,1,2,1,1,2,1,0,1,1,2,1,1,1,2,1,1,2,1,2,1,0,1,0,1,2,1,0,2,2,1,2,0,2,1,2,1
Best fitness found so far: -26.0; distance: 12.206555615733702
Generation: 37; 
d: 10.63014581273465; energy: -24.0; 2,2,1,2,2,0,2,2,0,0,2,2,1,0,1,0,0,1,2,0,0,1,1,1,1,0,1,2,1,1,2,1,0,1,1,2,1,1,1,2,1,1,2,1,2,1,0,1,0,1,2,1,0,2,2,1,2,0,2,1,2,1
Best fitness found so far: -26.0; distance: 12.206555615733702
Generation: 38; 
d: 11.180339887498949; energy: -27.0; 2,2,1,2,0,0,1,0,1,1,1,1,1,0,1,0,0,0,2,1,0,2,0,0,1,0,1,0,0,0,0,0,2,2,2,0,0,0,1,1,2,2,0,2,0,1,1,0,1,1,2,1,2,2,0,1,1,1,2,2,1,0
Best fitness found so far: -27.0; distance: 11.180339887498949
Generation: 39; 
d: 11.180339887498949; energy: -27.0; 2,2,1,2,0,0,1,0,1,1,1,1,1,0,1,0,0,0,2,1,0,2,0,0,1,0,1,0,0,0,0,0,2,2,2,0,0,0,1,1,2,2,0,2,0,1,1,0,1,1,2,1,2,2,0,1,1,1,2,2,1,0
Best fitness found so far: -27.0; distance: 11.180339887498949
Generation: 40; 
d: 10.63014581273465; energy: -25.0; 2,2,1,2,0,0,1,0,1,1,1,1,1,0,1,0,0,0,2,1,0,2,0,0,1,0,1,0,0,0,0,0,2,2,2,0,0,0,1,1,2,2,1,1,0,2,2,1,1,1,2,1,2,2,0,1,0,0,2,1,2,1
Best fitness found so far: -27.0; distance: 11.180339887498949
Generation: 41; 
d: 10.295630140987; energy: -25.0; 1,0,0,1,2,2,1,2,0,0,2,2,1,0,1,0,0,1,2,0,0,1,1,1,1,0,1,2,1,1,2,1,0,1,1,2,1,1,1,2,1,1,2,1,2,1,0,1,0,1,2,1,0,2,0,0,2,1,2,0,0,2
Best fitness found so far: -27.0; distance: 11.180339887498949
Generation: 42; 
d: 10.295630140987; energy: -25.0; 1,0,0,1,2,2,1,2,0,0,2,2,1,0,1,0,0,1,2,0,0,1,1,1,1,0,1,2,1,1,2,1,0,1,1,2,1,1,1,2,1,1,2,1,2,1,0,1,0,1,2,1,0,2,0,0,2,1,2,0,0,2
Best fitness found so far: -27.0; distance: 11.180339887498949
Generation: 43; 
d: 10.198039027185569; energy: -27.0; 1,0,0,1,2,2,1,0,0,1,1,1,2,1,1,0,0,1,2,0,0,1,1,1,0,0,1,2,2,2,0,0,1,2,0,0,1,0,0,0,1,0,1,2,0,0,2,1,0,0,2,0,2,1,0,1,1,0,2,1,2,1
Best fitness found so far: -27.0; distance: 11.180339887498949
Generation: 44; 
d: 10.198039027185569; energy: -27.0; 1,0,0,1,2,2,1,0,0,1,1,1,2,1,1,0,0,1,2,0,0,1,1,1,0,0,1,2,2,2,0,0,1,2,0,0,1,0,0,0,1,0,1,2,0,0,2,1,0,0,2,0,2,1,0,1,1,0,2,1,2,1
Best fitness found so far: -27.0; distance: 11.180339887498949
Generation: 45; 
d: 11.704699910719626; energy: -25.0; 1,0,0,1,2,2,1,0,0,0,0,1,2,1,1,0,0,1,2,0,0,2,2,2,1,2,1,2,2,2,0,0,1,2,0,0,1,0,0,0,1,0,1,2,0,0,2,1,0,0,2,0,2,1,0,1,1,0,2,0,0,1
Best fitness found so far: -27.0; distance: 11.180339887498949
Generation: 46; 
d: 9.486832980505138; energy: -28.0; 2,2,1,2,2,0,1,0,1,1,1,1,1,0,1,0,0,0,2,1,0,2,0,0,1,2,0,0,0,0,0,0,2,2,2,0,0,0,1,2,2,0,0,2,0,1,1,0,2,0,0,1,0,2,1,0,1,0,0,1,2,1
Best fitness found so far: -28.0; distance: 9.486832980505138
Generation: 47; 
d: 9.486832980505138; energy: -28.0; 2,2,1,2,2,0,1,0,1,1,1,1,1,0,1,0,0,0,2,1,0,2,0,0,1,2,0,0,0,0,0,0,2,2,2,0,0,0,1,2,2,0,0,2,0,1,1,0,2,0,0,1,0,2,1,0,1,0,0,1,2,1
Best fitness found so far: -28.0; distance: 9.486832980505138
Generation: 48; 
d: 10.816653826391969; energy: -29.0; 2,2,1,2,0,0,1,0,1,1,1,1,1,0,1,0,0,0,2,1,0,2,0,0,1,0,1,0,0,0,0,0,2,2,2,0,0,0,1,2,2,1,0,1,2,0,0,1,0,0,0,1,2,0,0,1,2,2,1,1,0,0
Best fitness found so far: -29.0; distance: 10.816653826391969
Generation: 49; 
d: 10.816653826391969; energy: -29.0; 2,2,1,2,0,0,1,0,1,1,1,1,1,0,1,0,0,0,2,1,0,2,0,0,1,0,1,0,0,0,0,0,2,2,2,0,0,0,1,2,2,1,0,1,2,0,0,1,0,0,0,1,2,0,0,1,2,2,1,1,0,0
Best fitness found so far: -29.0; distance: 10.816653826391969
Generation: 50; 
d: 10.0; energy: -28.0; 2,0,1,1,0,0,1,0,0,0,0,1,2,1,1,0,0,1,2,0,0,1,1,1,0,0,0,2,2,2,0,0,1,2,0,0,1,0,0,0,1,0,1,0,0,2,2,0,0,2,0,1,1,0,0,0,1,2,1,0,0,2
Best fitness found so far: -29.0; distance: 10.816653826391969
Generation: 51; 
d: 10.0; energy: -28.0; 2,0,1,1,0,0,1,0,0,0,0,1,2,1,1,0,0,1,2,0,0,1,1,1,0,0,0,2,2,2,0,0,1,2,0,0,1,0,0,0,1,0,1,0,0,2,2,0,0,2,0,1,1,0,0,0,1,2,1,0,0,2
Best fitness found so far: -29.0; distance: 10.816653826391969
Generation: 52; 
d: 10.770329614269007; energy: -25.0; 2,2,1,2,0,0,1,0,1,0,2,2,1,0,1,0,0,1,2,0,0,1,1,1,1,0,1,2,1,1,2,1,0,1,1,2,1,1,1,2,1,1,2,1,2,1,0,1,0,1,2,1,0,2,0,0,2,1,2,0,0,2
Best fitness found so far: -29.0; distance: 10.816653826391969
Generation: 53; 
d: 10.0; energy: -24.0; 1,0,0,1,2,2,1,0,0,1,1,1,2,1,1,0,0,1,2,0,0,1,1,1,0,0,1,2,2,2,0,0,1,2,0,0,1,0,0,0,0,0,1,2,2,1,1,1,0,0,1,0,1,0,0,2,0,0,2,2,0,0
Best fitness found so far: -29.0; distance: 10.816653826391969
Generation: 54; 
d: 10.816653826391969; energy: -28.0; 2,2,1,2,0,0,1,0,1,1,1,1,1,0,1,0,0,0,2,1,0,2,0,0,1,0,1,0,0,0,0,0,2,2,2,0,0,0,1,1,2,2,1,1,0,2,2,1,1,1,2,1,2,2,0,1,0,0,1,1,0,0
Best fitness found so far: -29.0; distance: 10.816653826391969
Generation: 55; 
d: 9.486832980505138; energy: -28.0; 2,2,1,2,2,0,1,0,1,1,1,1,1,0,1,0,0,0,2,1,0,2,0,0,1,2,0,0,0,0,0,0,2,2,2,0,0,0,1,2,2,0,0,2,0,1,1,0,2,0,0,1,0,2,1,0,1,0,0,1,0,0
Best fitness found so far: -29.0; distance: 10.816653826391969
Generation: 56; 
d: 9.486832980505138; energy: -28.0; 2,2,1,2,2,0,1,0,1,1,1,1,1,0,1,0,0,0,2,1,0,2,0,0,1,2,0,0,0,0,0,0,2,2,2,0,0,0,1,2,2,0,0,2,0,1,1,0,2,0,0,1,0,2,1,0,1,0,0,1,0,0
Best fitness found so far: -29.0; distance: 10.816653826391969
Generation: 57; 
d: 10.816653826391969; energy: -28.0; 2,2,1,2,0,0,1,0,1,1,1,1,1,0,1,0,0,0,2,1,0,2,0,0,1,0,1,0,0,0,0,0,2,2,2,0,0,0,1,1,2,2,1,1,0,2,2,1,1,1,2,1,2,2,0,1,0,0,1,1,0,0
Best fitness found so far: -29.0; distance: 10.816653826391969
Generation: 58; 
d: 10.816653826391969; energy: -28.0; 2,2,1,2,0,0,1,0,1,1,1,1,1,0,1,0,0,0,2,1,0,2,0,0,1,0,1,0,0,0,0,0,2,2,2,0,0,0,1,1,2,2,1,1,0,2,2,1,1,1,2,1,2,2,0,1,0,0,1,1,0,0
Best fitness found so far: -29.0; distance: 10.816653826391969
Generation: 59; 
d: 10.770329614269007; energy: -27.0; 2,0,1,2,2,2,0,0,1,1,1,1,1,0,1,0,0,0,2,1,0,2,0,0,1,0,1,0,2,1,1,0,0,2,0,0,1,0,0,0,1,0,1,2,2,0,1,2,1,1,0,1,1,0,0,0,0,0,1,2,1,0
Best fitness found so far: -29.0; distance: 10.816653826391969
Generation: 60; 
d: 10.816653826391969; energy: -28.0; 2,2,1,2,0,0,1,0,1,1,1,1,1,0,1,0,0,0,2,1,0,2,0,0,1,0,1,0,0,0,0,0,2,2,2,0,0,0,1,1,2,2,1,1,0,2,2,1,1,1,2,1,2,2,0,1,0,0,1,1,0,0
Best fitness found so far: -29.0; distance: 10.816653826391969
Generation: 61; 
d: 10.816653826391969; energy: -28.0; 2,2,1,2,0,0,1,0,1,1,1,1,1,0,1,0,0,0,2,1,0,2,0,0,1,0,1,0,0,0,0,0,2,2,2,0,0,0,1,1,2,2,1,1,0,2,2,1,1,1,2,1,2,2,0,1,0,0,1,1,0,0
Best fitness found so far: -29.0; distance: 10.816653826391969
Generation: 62; 
d: 10.816653826391969; energy: -28.0; 2,2,1,2,0,0,1,0,1,1,1,1,1,0,1,0,0,0,2,1,0,2,0,0,1,0,1,0,0,0,0,0,2,2,2,0,0,0,1,1,2,2,1,1,0,2,2,1,1,1,2,1,2,2,0,1,0,0,1,1,0,0
Best fitness found so far: -29.0; distance: 10.816653826391969
Generation: 63; 
d: 10.816653826391969; energy: -28.0; 2,2,1,2,0,0,1,0,1,1,1,1,1,0,1,0,0,0,2,1,0,2,0,0,1,0,1,0,0,0,0,0,2,2,2,0,0,0,1,1,2,2,1,1,0,2,2,1,1,1,2,1,2,2,0,1,0,0,1,1,0,0
Best fitness found so far: -29.0; distance: 10.816653826391969
Generation: 64; 
d: 12.36931687685298; energy: -26.0; 2,2,1,2,2,0,2,2,0,0,2,2,1,0,1,0,0,1,2,0,0,1,1,1,1,0,1,0,0,1,0,1,2,1,0,0,2,0,2,1,0,1,0,2,1,2,0,1,0,0,0,2,0,0,1,0,2,2,0,2,1,0
Best fitness found so far: -29.0; distance: 10.816653826391969
Generation: 65; 
d: 11.045361017187261; energy: -26.0; 2,2,1,2,0,0,1,0,1,1,1,1,1,0,1,0,0,0,2,1,0,2,0,0,1,0,1,0,0,0,0,0,2,2,2,0,0,0,1,1,2,2,1,1,0,2,2,1,1,1,2,1,2,2,0,1,0,2,0,1,2,0
Best fitness found so far: -29.0; distance: 10.816653826391969
Generation: 66; 
d: 9.486832980505138; energy: -28.0; 2,2,1,2,2,0,1,0,1,1,1,1,1,0,1,0,0,0,2,1,0,2,0,0,1,2,0,0,0,0,0,0,2,2,2,0,0,0,1,2,2,0,0,2,0,1,1,0,2,0,0,1,0,2,0,0,2,1,2,0,0,2
Best fitness found so far: -29.0; distance: 10.816653826391969
Generation: 67; 
d: 9.486832980505138; energy: -28.0; 2,2,1,2,2,0,1,0,1,1,1,1,1,0,1,0,0,0,2,1,0,2,0,0,1,2,0,0,0,0,0,0,2,2,2,0,0,0,1,2,2,0,0,2,0,1,1,0,2,0,0,1,0,2,0,0,2,1,2,0,0,2
Best fitness found so far: -29.0; distance: 10.816653826391969
Generation: 68; 
d: 9.486832980505138; energy: -28.0; 2,2,1,2,0,0,1,0,1,1,1,1,1,0,1,0,0,0,2,1,0,2,0,0,1,2,0,0,0,0,0,0,2,2,2,0,0,0,1,2,2,0,0,2,0,1,1,0,2,0,0,1,0,2,1,0,1,0,0,1,2,1
Best fitness found so far: -29.0; distance: 10.816653826391969
Generation: 69; 
d: 9.848857801796104; energy: -29.0; 2,2,1,2,0,0,1,0,1,1,0,1,2,1,1,0,0,1,2,0,0,1,1,1,0,0,0,2,2,2,0,0,1,2,0,0,1,0,0,0,1,0,1,0,1,1,2,2,1,1,0,1,1,0,0,0,1,0,1,1,2,2
Best fitness found so far: -29.0; distance: 10.816653826391969
Generation: 70; 
d: 9.848857801796104; energy: -29.0; 2,2,1,2,0,0,1,0,1,1,0,1,2,1,1,0,0,1,2,0,0,1,1,1,0,0,0,2,2,2,0,0,1,2,0,0,1,0,0,0,1,0,1,0,1,1,2,2,1,1,0,1,1,0,0,0,1,0,1,1,2,2
Best fitness found so far: -29.0; distance: 10.816653826391969
Generation: 71; 
d: 9.486832980505138; energy: -28.0; 2,2,1,2,2,0,1,0,1,1,1,1,1,0,1,0,0,0,2,1,0,2,0,0,1,2,0,0,0,0,0,0,2,2,2,0,0,0,1,2,2,0,0,2,0,1,1,0,2,0,0,1,0,2,1,0,0,2,2,0,0,2
Best fitness found so far: -29.0; distance: 10.816653826391969
Generation: 72; 
d: 11.704699910719626; energy: -30.0; 2,2,0,1,1,0,1,0,0,0,2,2,1,0,1,0,0,1,2,0,0,2,0,0,1,2,0,0,2,2,2,1,2,2,2,0,0,0,1,2,2,0,0,2,0,1,1,0,2,0,0,2,1,0,0,1,0,2,0,2,1,1
Best fitness found so far: -30.0; distance: 11.704699910719626
Generation: 73; 
d: 11.704699910719626; energy: -30.0; 2,2,0,1,1,0,1,0,0,0,2,2,1,0,1,0,0,1,2,0,0,2,0,0,1,2,0,0,2,2,2,1,2,2,2,0,0,0,1,2,2,0,0,2,0,1,1,0,2,0,0,2,1,0,0,1,0,2,0,2,1,1
Best fitness found so far: -30.0; distance: 11.704699910719626
Generation: 74; 
d: 10.816653826391969; energy: -28.0; 2,2,1,2,0,0,1,0,1,1,1,1,1,0,1,0,0,0,2,1,0,2,0,0,1,0,1,0,0,0,0,0,2,2,2,0,0,0,1,1,2,2,1,1,0,2,2,1,1,1,2,1,2,2,0,1,0,0,1,1,0,1
Best fitness found so far: -30.0; distance: 11.704699910719626
Generation: 75; 
d: 10.816653826391969; energy: -28.0; 2,2,1,2,0,0,1,0,1,1,1,1,1,0,1,0,0,0,2,1,0,2,0,0,1,0,1,0,0,0,0,0,2,2,2,0,0,0,1,1,2,2,1,1,0,2,2,1,1,1,2,1,2,2,0,1,0,0,1,1,0,1
Best fitness found so far: -30.0; distance: 11.704699910719626
Generation: 76; 
d: 10.816653826391969; energy: -28.0; 2,2,1,2,0,0,1,0,1,1,1,1,1,0,1,0,0,1,2,1,0,2,0,0,1,0,1,0,0,0,0,0,2,2,2,0,0,0,1,1,2,2,1,1,0,2,2,1,1,1,2,1,2,2,2,0,1,0,1,1,0,0
Best fitness found so far: -30.0; distance: 11.704699910719626
Generation: 77; 
d: 10.816653826391969; energy: -28.0; 2,2,1,2,0,0,1,0,1,1,1,1,1,0,1,0,0,1,2,1,0,2,0,0,1,0,1,0,0,0,0,0,2,2,2,0,0,0,1,1,2,2,1,1,0,2,2,1,1,1,2,1,2,2,2,0,1,0,1,1,0,0
Best fitness found so far: -30.0; distance: 11.704699910719626
