Algorithm configured with: 
Pop: 2500
Aux Pop: 200
Crossover: SinglePointCrossover
CrP: 0.9
Mutation: BitFlipMutation
MtP: 0.01
Starting executions...
Execution: 1
Generation: 0; 
d: 100.0; energy: 0.0; 1,0,0,1,2,0,2,2,2,2,1,0,2,0,2,0,1,2,2,0,0,2,0,1,1,2,0,2,0,2,0,1,2,2,1,1,0,2,1,1,2,2,1,0,0,1,2,2,1,0,2,2,0,0,2,0,0,0,0,2,0,1
Best fitness found so far: 0.0; distance: 100.0
Generation: 1; 
d: 14.142135623730951; energy: -19.0; 2,1,1,2,1,2,2,1,1,2,2,0,0,1,1,1,0,2,2,0,1,0,0,1,0,2,1,1,1,1,2,1,0,2,0,2,0,0,1,0,2,1,1,0,2,1,1,0,1,0,1,2,2,1,1,0,1,1,1,2,2,0
Best fitness found so far: -19.0; distance: 14.142135623730951
Generation: 2; 
d: 11.40175425099138; energy: -21.0; 0,2,0,2,2,1,0,2,2,0,1,2,1,1,0,0,1,1,0,2,0,2,0,0,0,0,1,0,0,2,1,0,2,2,2,0,2,0,0,2,2,0,1,0,0,2,2,1,0,0,2,1,0,1,2,0,0,1,0,1,1,2
Best fitness found so far: -21.0; distance: 11.40175425099138
Generation: 3; 
d: 12.36931687685298; energy: -20.0; 1,2,2,0,0,2,2,1,1,2,2,2,0,0,1,0,0,2,2,2,2,0,2,2,2,0,1,0,1,0,2,0,0,0,2,1,0,2,2,2,2,1,1,2,2,1,2,1,2,0,0,0,2,2,1,2,0,0,1,2,2,0
Best fitness found so far: -21.0; distance: 11.40175425099138
Generation: 4; 
d: 11.180339887498949; energy: -23.0; 2,2,2,2,0,1,1,0,0,1,2,0,2,0,2,2,2,1,1,2,2,2,0,0,0,1,2,2,2,1,2,2,1,0,2,0,1,2,2,2,2,1,2,1,0,0,1,2,0,2,1,2,0,1,0,0,0,2,0,2,2,2
Best fitness found so far: -23.0; distance: 11.180339887498949
Generation: 5; 
d: 10.816653826391969; energy: -24.0; 2,0,2,2,0,2,1,2,2,1,0,2,2,1,0,0,2,0,0,0,0,0,1,0,1,0,1,1,0,1,2,2,2,0,0,0,0,0,2,1,0,1,1,0,0,2,2,0,2,1,1,2,1,1,2,2,1,1,0,1,2,0
Best fitness found so far: -24.0; distance: 10.816653826391969
Generation: 6; 
d: 14.866068747318506; energy: -23.0; 0,0,1,0,0,2,1,2,2,0,0,0,0,2,2,2,0,0,1,0,0,2,0,2,2,0,0,0,2,1,0,0,1,0,1,2,2,0,2,1,1,2,2,2,1,1,0,2,0,1,0,0,2,0,2,1,0,2,2,0,2,2
Best fitness found so far: -24.0; distance: 10.816653826391969
Generation: 7; 
d: 12.041594578792296; energy: -25.0; 2,0,2,2,0,2,1,2,2,1,0,2,2,1,0,0,2,0,0,0,0,0,1,0,1,0,1,1,0,1,2,0,0,1,0,0,0,0,1,2,1,1,0,1,2,0,0,0,0,0,2,2,2,0,1,2,0,2,0,0,1,0
Best fitness found so far: -25.0; distance: 12.041594578792296
Generation: 8; 
d: 13.601470508735444; energy: -25.0; 2,1,1,2,1,2,2,2,0,1,2,2,1,2,0,2,2,1,0,2,2,1,1,1,2,0,0,2,0,2,2,1,2,2,2,1,0,0,2,2,1,0,1,1,2,0,0,1,1,1,0,1,0,0,2,2,1,0,0,2,2,2
Best fitness found so far: -25.0; distance: 12.041594578792296
