Algorithm configured with: 
Pop: 1000
CrP: 1.0
MtP: 1.0
List of crossover: 
SinglePointCrossover
IntegerTwoPointsCrossover
MultiPointsCrossover
List of mutations: 
BitFlipMutation
LoopMoveOperator
LocalMoveOperator
SegmentMutation
OppositeMoveOperator
Execution: 1
Generation: 0; 
d: 26.92582403567252; energy: -4.0; 0,0,2,2,1,2,0,0,2,1,1,0,1,0,0,2,1,1,2,2,0,1,1,2,0,1,0,1,0,2,2,0,2,2,1,1,1,0,1,1,1,2,1,1,0,1,2,1,0,1,1,1,0,2,1,0,2,1,1,1,0,1,1,0,1,0,1,2,2,0,0,2,2,1,1,0,0,1,2,1,2,1,2,0,0,1,2,0,1,0,1,0,2,2,0,0,2
Best fitness found so far: -4.0; distance: 26.92582403567252
Generation: 1; 
d: 17.46424919657298; energy: -21.0; 0,2,1,1,2,1,1,1,2,2,2,0,0,0,1,1,1,0,0,2,2,1,1,0,2,2,2,1,2,1,1,0,1,0,0,1,1,2,1,2,0,0,1,0,2,0,0,0,2,1,0,0,1,2,1,1,0,1,2,2,2,1,1,2,2,2,2,2,1,0,0,0,1,0,2,2,1,1,1,2,1,2,2,2,2,2,2,1,0,2,2,1,0,2,0,2,0
Best fitness found so far: -21.0; distance: 17.46424919657298
Generation: 2; 
d: 18.384776310850235; energy: -22.0; 0,2,0,1,0,1,2,2,0,2,1,2,0,0,2,1,2,2,0,2,0,0,1,1,0,1,2,0,1,1,0,1,1,0,2,2,0,0,2,1,1,1,2,1,1,2,1,2,2,0,0,1,0,1,1,0,2,2,1,2,1,0,1,2,0,0,1,0,1,2,1,1,0,2,1,1,2,2,1,1,0,1,1,2,1,2,0,1,2,2,2,1,2,2,0,2,2
Best fitness found so far: -22.0; distance: 18.384776310850235
Generation: 3; 
d: 18.384776310850235; energy: -22.0; 0,2,0,1,0,1,2,2,0,2,1,2,0,0,2,1,2,2,0,2,0,0,1,1,0,1,2,0,1,1,0,1,1,0,2,2,0,0,2,1,1,1,2,1,1,2,1,2,2,0,0,1,0,1,1,0,2,2,1,2,1,0,1,2,0,0,1,0,1,2,1,1,0,2,1,1,2,2,1,1,0,1,1,2,1,2,0,1,2,2,2,1,2,2,0,2,2
Best fitness found so far: -22.0; distance: 18.384776310850235
Generation: 4; 
d: 16.1245154965971; energy: -21.0; 0,1,1,0,0,0,0,1,2,1,1,2,0,0,1,2,1,1,1,0,0,2,1,0,1,0,0,2,0,0,2,2,0,0,1,0,1,1,2,0,0,0,0,1,0,0,1,1,0,0,0,0,2,2,1,2,2,2,2,1,0,0,1,0,1,2,2,1,1,2,2,2,1,2,2,2,1,1,0,1,2,2,2,2,1,0,2,0,0,0,2,1,2,1,1,0,2
Best fitness found so far: -22.0; distance: 18.384776310850235
Generation: 5; 
d: 21.95449840010015; energy: -21.0; 1,2,2,1,0,1,0,0,2,2,2,0,1,1,1,1,2,0,2,2,0,1,0,0,2,2,0,2,2,1,1,0,1,0,0,0,1,1,2,2,2,0,1,1,1,2,2,2,0,2,2,2,2,2,1,1,2,2,0,2,0,0,2,1,1,1,0,1,0,2,0,0,0,2,2,1,0,2,0,0,0,2,0,1,1,1,0,2,1,2,2,1,2,1,1,2,2
Best fitness found so far: -22.0; distance: 18.384776310850235
Generation: 6; 
d: 22.47220505424423; energy: -23.0; 2,0,0,2,1,1,1,0,0,0,0,2,2,2,1,1,2,2,2,1,0,1,1,2,1,1,2,2,1,2,0,0,2,1,2,2,0,0,2,1,1,0,0,0,1,1,1,1,2,2,1,1,0,1,1,1,1,1,1,2,1,2,1,0,0,2,1,1,0,2,1,1,0,1,0,2,1,1,2,2,2,0,1,0,1,1,0,1,2,1,1,2,1,2,2,2,2
Best fitness found so far: -23.0; distance: 22.47220505424423
Generation: 7; 
d: 19.4164878389476; energy: -23.0; 1,1,2,1,1,0,0,2,1,0,1,2,1,0,1,0,0,2,2,1,0,1,1,2,1,1,2,2,1,2,0,0,2,1,2,2,0,0,2,1,1,0,0,0,1,1,0,2,1,0,2,0,2,2,1,1,1,2,0,0,0,2,2,0,0,1,0,1,2,1,0,1,1,2,0,1,0,0,1,0,1,0,1,0,1,0,0,1,0,0,1,0,0,2,0,0,0
Best fitness found so far: -23.0; distance: 22.47220505424423
Generation: 8; 
d: 19.4164878389476; energy: -23.0; 1,1,2,1,1,0,0,2,1,0,1,2,1,0,1,0,0,2,2,1,0,1,1,2,1,1,2,2,1,2,0,0,2,1,2,2,0,0,2,1,1,0,0,0,1,1,0,2,1,0,2,0,2,2,1,1,1,2,0,0,0,2,2,0,0,1,0,1,2,1,0,1,1,2,0,1,0,0,1,0,1,0,1,0,1,0,0,1,0,0,1,0,0,2,0,0,0
Best fitness found so far: -23.0; distance: 22.47220505424423
Generation: 9; 
d: 22.02271554554524; energy: -22.0; 0,2,0,1,1,2,1,1,2,1,1,2,0,0,2,1,2,2,0,2,0,0,1,1,0,1,2,0,1,1,0,1,1,0,2,2,0,0,2,1,1,1,2,1,1,2,1,2,2,0,0,1,0,1,1,0,2,2,1,2,1,0,0,0,0,0,2,2,1,0,0,0,0,1,2,1,1,2,1,0,0,0,2,2,2,2,0,2,0,2,2,1,2,2,0,2,2
Best fitness found so far: -23.0; distance: 22.47220505424423
Generation: 10; 
d: 27.018512172212592; energy: -24.0; 0,2,0,0,1,2,0,1,0,0,2,1,2,0,2,1,1,0,0,2,2,1,1,0,1,1,0,1,0,2,1,1,0,2,1,1,0,2,2,0,0,2,0,1,0,0,2,1,1,0,2,1,1,2,0,0,2,2,1,1,1,0,0,1,2,0,1,1,1,2,1,0,2,0,2,0,2,0,0,2,1,1,2,1,2,2,0,0,2,0,1,2,0,0,1,2,2
Best fitness found so far: -24.0; distance: 27.018512172212592
Generation: 11; 
d: 27.018512172212592; energy: -24.0; 0,2,0,0,1,2,0,1,0,0,2,1,2,0,2,1,1,0,0,2,2,1,1,0,1,1,0,1,0,2,1,1,0,2,1,1,0,2,2,0,0,2,0,1,0,0,2,1,1,0,2,1,1,2,0,0,2,2,1,1,1,0,0,1,2,0,1,1,1,2,1,0,2,0,2,0,2,0,0,2,1,1,2,1,2,2,0,0,2,0,1,2,0,0,1,2,2
Best fitness found so far: -24.0; distance: 27.018512172212592
Generation: 12; 
d: 17.08800749063506; energy: -25.0; 1,2,2,2,2,2,0,0,0,2,2,1,1,1,2,1,1,0,0,1,1,0,1,0,0,1,0,1,0,0,1,1,1,1,2,1,1,0,2,2,0,1,2,2,1,1,0,1,0,0,2,2,1,2,1,1,0,0,2,0,0,1,2,0,2,1,0,0,2,0,0,2,0,0,0,2,0,1,2,1,1,2,0,2,2,1,2,1,1,2,1,2,2,1,2,0,0
Best fitness found so far: -25.0; distance: 17.08800749063506
Generation: 13; 
d: 17.11724276862369; energy: -26.0; 0,2,1,1,2,0,1,0,0,0,2,2,2,2,1,0,1,2,0,0,0,1,1,1,2,0,2,2,1,2,0,1,0,2,1,2,0,0,2,2,0,1,1,2,1,2,2,2,1,1,0,1,2,0,0,1,0,0,2,0,0,1,2,0,2,1,0,0,2,0,0,2,0,0,0,2,0,1,2,1,1,2,0,2,2,1,2,1,1,2,1,2,2,1,2,0,0
Best fitness found so far: -26.0; distance: 17.11724276862369
Generation: 14; 
d: 17.11724276862369; energy: -26.0; 0,2,1,1,2,0,1,0,0,0,2,2,2,2,1,0,1,2,0,0,0,1,1,1,2,0,2,2,1,2,0,1,0,2,1,2,0,0,2,2,0,1,1,2,1,2,2,2,1,1,0,1,2,0,0,1,0,0,2,0,0,1,2,0,2,1,0,0,2,0,0,2,0,0,0,2,0,1,2,1,1,2,0,2,2,1,2,1,1,2,1,2,2,1,2,0,0
Best fitness found so far: -26.0; distance: 17.11724276862369
Generation: 15; 
d: 22.80350850198276; energy: -24.0; 2,2,0,0,0,2,0,0,2,2,2,0,1,2,1,1,1,1,0,0,0,0,2,2,1,1,2,1,1,0,2,2,1,0,1,2,0,1,2,2,0,1,1,0,0,1,2,2,1,1,0,2,0,0,1,0,1,2,1,2,0,0,0,0,1,0,2,2,1,2,1,0,1,2,0,1,0,2,2,0,0,1,1,1,2,0,2,0,2,2,2,0,0,0,0,0,0
Best fitness found so far: -26.0; distance: 17.11724276862369
Generation: 16; 
d: 19.6468827043885; energy: -25.0; 2,1,1,0,2,0,1,1,2,0,2,2,2,1,2,2,1,1,2,0,2,2,0,1,1,1,0,2,0,0,2,2,2,0,0,2,2,0,2,0,0,0,2,2,0,2,2,1,1,0,0,0,1,1,2,0,0,2,0,0,1,0,0,0,1,0,2,0,1,2,1,0,1,0,1,2,0,0,0,1,0,1,1,0,1,2,2,0,0,2,1,0,2,1,2,0,2
Best fitness found so far: -26.0; distance: 17.11724276862369
Generation: 17; 
d: 19.6468827043885; energy: -25.0; 2,1,1,0,2,0,1,1,2,0,2,2,2,1,2,2,1,1,2,0,2,2,0,1,1,1,0,2,0,0,2,2,2,0,0,2,2,0,2,0,0,0,2,2,0,2,2,1,1,0,0,0,1,1,2,0,0,2,0,0,1,0,0,0,1,0,2,0,1,2,1,0,1,0,1,2,0,0,0,1,0,1,1,0,1,2,2,0,0,2,1,0,2,1,2,0,2
Best fitness found so far: -26.0; distance: 17.11724276862369
Generation: 18; 
d: 19.4164878389476; energy: -26.0; 0,0,1,0,0,1,2,2,0,2,1,2,0,0,1,0,2,2,1,2,0,0,1,2,2,2,0,1,2,2,0,1,2,2,1,2,0,0,2,1,1,1,2,1,1,2,1,2,2,0,0,1,0,2,2,0,2,1,0,0,2,2,1,2,1,1,2,1,0,2,0,0,2,1,2,0,0,2,2,1,0,1,1,2,0,0,2,0,2,0,2,0,2,2,0,2,2
Best fitness found so far: -26.0; distance: 17.11724276862369
Generation: 19; 
d: 19.4164878389476; energy: -26.0; 0,0,1,0,0,1,2,2,0,2,1,2,0,0,1,0,2,2,1,2,0,0,1,2,2,2,0,1,2,2,0,1,2,2,1,2,0,0,2,1,1,1,2,1,1,2,1,2,2,0,0,1,0,2,2,0,2,1,0,0,2,2,1,2,1,1,2,1,0,2,0,0,2,1,2,0,0,2,2,1,0,1,1,2,0,0,2,0,2,0,2,0,2,2,0,2,2
Best fitness found so far: -26.0; distance: 17.11724276862369
Generation: 20; 
d: 16.278820596099706; energy: -26.0; 2,1,2,0,0,0,0,1,2,1,1,1,0,0,1,1,2,2,2,1,1,2,1,1,2,0,0,1,2,2,2,2,0,2,2,0,2,2,2,1,1,2,2,0,2,0,0,0,0,2,2,0,1,1,2,0,0,0,1,2,2,0,1,2,0,2,0,2,2,2,1,2,2,2,2,2,2,2,2,1,2,1,0,2,1,1,1,0,1,0,1,2,0,0,0,0,2
Best fitness found so far: -26.0; distance: 17.11724276862369
Generation: 21; 
d: 16.278820596099706; energy: -26.0; 2,1,2,0,0,0,0,1,2,1,1,1,0,0,1,1,2,2,2,1,1,2,1,1,2,0,0,1,2,2,2,2,0,2,2,0,2,2,2,1,1,2,2,0,2,0,0,0,0,2,2,0,1,1,2,0,0,0,1,2,2,0,1,2,0,2,0,2,2,2,1,2,2,2,2,2,2,2,2,1,2,1,0,2,1,1,1,0,1,0,1,2,0,0,0,0,2
Best fitness found so far: -26.0; distance: 17.11724276862369
Generation: 22; 
d: 18.384776310850235; energy: -27.0; 0,1,0,2,0,1,2,2,1,2,1,2,1,0,0,1,1,1,0,0,0,0,2,2,1,1,2,1,1,0,2,2,1,0,1,2,0,1,2,2,0,1,1,0,0,1,2,2,1,1,0,2,0,0,1,0,1,2,1,2,0,0,0,0,1,0,2,2,1,2,1,0,1,2,0,1,0,2,2,0,0,1,1,1,2,0,2,0,2,2,2,0,0,0,0,1,0
Best fitness found so far: -27.0; distance: 18.384776310850235
Generation: 23; 
d: 18.384776310850235; energy: -27.0; 0,1,0,2,0,1,2,2,1,2,1,2,1,0,0,1,1,1,0,0,0,0,2,2,1,1,2,1,1,0,2,2,1,0,1,2,0,1,2,2,0,1,1,0,0,1,2,2,1,1,0,2,0,0,1,0,1,2,1,2,0,0,0,0,1,0,2,2,1,2,1,0,1,2,0,1,0,2,2,0,0,1,1,1,2,0,2,0,2,2,2,0,0,0,0,1,0
Best fitness found so far: -27.0; distance: 18.384776310850235
Generation: 24; 
d: 17.46424919657298; energy: -26.0; 0,0,1,0,0,1,2,2,0,2,1,2,0,0,1,0,2,2,1,2,0,0,1,2,2,2,0,1,2,2,0,1,2,2,1,2,0,0,2,1,1,1,2,1,1,2,1,2,2,0,0,1,0,2,2,0,2,1,0,1,2,2,1,2,0,2,0,1,0,2,0,0,2,1,0,1,1,2,0,1,1,0,2,1,2,0,0,0,0,0,1,2,0,2,2,1,0
Best fitness found so far: -27.0; distance: 18.384776310850235
Generation: 25; 
d: 17.46424919657298; energy: -26.0; 0,0,1,0,0,1,2,2,0,2,1,2,0,0,1,0,2,2,1,2,0,0,1,2,2,2,0,1,2,2,0,1,2,2,1,2,0,0,2,1,1,1,2,1,1,2,1,2,2,0,0,1,0,2,2,0,2,1,0,1,2,2,1,2,0,2,0,1,0,2,0,0,2,1,0,1,1,2,0,1,1,0,2,1,2,0,0,0,0,0,1,2,0,2,2,1,0
Best fitness found so far: -27.0; distance: 18.384776310850235
Generation: 26; 
d: 15.811388300841896; energy: -27.0; 0,0,1,0,0,1,2,2,0,2,1,2,0,0,1,0,2,2,1,2,0,0,1,2,2,2,0,1,2,2,0,1,2,2,1,2,0,0,2,1,1,1,2,1,1,2,1,2,2,0,0,1,0,2,2,0,2,1,0,1,2,2,1,2,0,2,0,1,0,2,2,1,1,0,0,0,1,1,0,0,0,2,0,2,0,0,0,2,2,0,1,1,2,1,0,0,2
Best fitness found so far: -27.0; distance: 18.384776310850235
Generation: 27; 
d: 15.811388300841896; energy: -27.0; 0,0,1,0,0,1,2,2,0,2,1,2,0,0,1,0,2,2,1,2,0,0,1,2,2,2,0,1,2,2,0,1,2,2,1,2,0,0,2,1,1,1,2,1,1,2,1,2,2,0,0,1,0,2,2,0,2,1,0,1,2,2,1,2,0,2,0,1,0,2,2,1,1,0,0,0,1,1,0,0,0,2,0,2,0,0,0,2,2,0,1,1,2,1,0,0,2
Best fitness found so far: -27.0; distance: 18.384776310850235
Generation: 28; 
d: 16.1245154965971; energy: -29.0; 0,2,2,1,2,0,2,2,1,0,1,0,0,0,1,1,1,1,0,0,2,1,2,2,0,1,1,2,1,2,1,0,1,2,2,0,1,1,1,0,0,0,0,1,0,0,1,1,0,0,0,0,2,2,1,2,2,2,2,1,0,0,1,0,1,2,2,1,1,2,2,2,1,2,2,2,1,1,1,0,1,1,2,0,0,0,1,1,1,2,2,1,1,1,0,0,0
Best fitness found so far: -29.0; distance: 16.1245154965971
Generation: 29; 
d: 16.1245154965971; energy: -29.0; 0,2,2,1,2,0,2,2,1,0,1,0,0,0,1,1,1,1,0,0,2,1,2,2,0,1,1,2,1,2,1,0,1,2,2,0,1,1,1,0,0,0,0,1,0,0,1,1,0,0,0,0,2,2,1,2,2,2,2,1,0,0,1,0,1,2,2,1,1,2,2,2,1,2,2,2,1,1,1,0,1,1,2,0,0,0,1,1,1,2,2,1,1,1,0,0,0
Best fitness found so far: -29.0; distance: 16.1245154965971
Generation: 30; 
d: 15.297058540778355; energy: -29.0; 0,2,0,0,0,1,2,2,0,2,1,2,0,0,1,0,2,2,1,2,0,0,1,2,2,2,0,1,2,2,0,1,2,2,1,2,0,0,2,1,1,1,2,1,1,2,1,2,2,0,1,1,1,2,2,0,2,2,0,0,2,2,0,0,0,0,2,2,0,1,0,1,1,1,0,1,0,1,2,2,1,0,2,1,0,0,1,2,1,0,1,0,0,0,0,1,1
Best fitness found so far: -29.0; distance: 16.1245154965971
Generation: 31; 
d: 15.297058540778355; energy: -29.0; 0,2,0,0,0,1,2,2,0,2,1,2,0,0,1,0,2,2,1,2,0,0,1,2,2,2,0,1,2,2,0,1,2,2,1,2,0,0,2,1,1,1,2,1,1,2,1,2,2,0,1,1,1,2,2,0,2,2,0,0,2,2,0,0,0,0,2,2,0,1,0,1,1,1,0,1,0,1,2,2,1,0,2,1,0,0,1,2,1,0,1,0,0,0,0,1,1
Best fitness found so far: -29.0; distance: 16.1245154965971
Generation: 32; 
d: 16.492422502470642; energy: -28.0; 0,2,1,1,2,0,1,2,0,2,1,2,0,0,1,0,2,2,1,2,0,0,1,2,2,2,0,1,2,2,0,1,2,2,1,2,0,0,2,1,1,1,2,1,1,2,1,2,2,0,1,1,1,2,2,0,2,2,0,0,2,2,0,0,0,0,2,2,0,1,0,1,1,1,0,1,0,1,2,2,1,0,2,1,0,0,1,2,1,0,1,0,0,0,0,1,1
Best fitness found so far: -29.0; distance: 16.1245154965971
Generation: 33; 
d: 16.492422502470642; energy: -28.0; 0,2,1,1,2,0,1,2,0,2,1,2,0,0,1,0,2,2,1,2,0,0,1,2,2,2,0,1,2,2,0,1,2,2,1,2,0,0,2,1,1,1,2,1,1,2,1,2,2,0,1,1,1,2,2,0,2,2,0,0,2,2,0,0,0,0,2,2,0,1,0,1,1,1,0,1,0,1,2,2,1,0,2,1,0,0,1,2,1,0,1,0,0,0,0,1,1
Best fitness found so far: -29.0; distance: 16.1245154965971
Generation: 34; 
d: 16.1245154965971; energy: -29.0; 0,2,0,0,2,0,0,1,1,0,2,2,0,2,1,1,0,0,2,0,0,1,1,1,2,0,2,2,1,2,0,1,0,2,1,2,0,0,2,2,1,1,0,1,1,2,0,0,1,0,2,1,1,0,0,1,0,2,0,2,1,2,0,0,1,1,1,2,2,1,0,1,2,1,1,1,2,2,0,0,1,1,1,0,0,0,0,2,2,2,2,1,2,1,2,2,1
Best fitness found so far: -29.0; distance: 16.1245154965971
Generation: 35; 
d: 16.1245154965971; energy: -29.0; 0,2,0,0,2,0,0,1,1,0,2,2,0,2,1,1,0,0,2,0,0,1,1,1,2,0,2,2,1,2,0,1,0,2,1,2,0,0,2,2,1,1,0,1,1,2,0,0,1,0,2,1,1,0,0,1,0,2,0,2,1,2,0,0,1,1,1,2,2,1,0,1,2,1,1,1,2,2,0,0,1,1,1,0,0,0,0,2,2,2,2,1,2,1,2,2,1
Best fitness found so far: -29.0; distance: 16.1245154965971
Generation: 36; 
d: 17.804493814764857; energy: -29.0; 1,2,0,0,0,0,1,0,1,1,2,2,0,2,1,1,2,1,2,0,0,1,1,1,2,0,2,2,1,2,0,1,0,2,1,2,0,0,2,2,1,1,0,1,1,2,0,0,1,0,2,1,1,0,0,1,0,2,0,2,1,2,0,0,1,1,1,2,2,1,0,1,2,1,1,1,2,2,0,0,1,1,1,0,0,0,2,0,0,2,1,1,2,1,0,0,1
Best fitness found so far: -29.0; distance: 16.1245154965971
Generation: 37; 
d: 17.804493814764857; energy: -29.0; 1,2,0,0,0,0,1,0,1,1,2,2,0,2,1,1,2,1,2,0,0,1,1,1,2,0,2,2,1,2,0,1,0,2,1,2,0,0,2,2,1,1,0,1,1,2,0,0,1,0,2,1,1,0,0,1,0,2,0,2,1,2,0,0,1,1,1,2,2,1,0,1,2,1,1,1,2,2,0,0,1,1,1,0,0,0,2,0,0,2,1,1,2,1,0,0,1
Best fitness found so far: -29.0; distance: 16.1245154965971
Generation: 38; 
d: 15.132745950421556; energy: -27.0; 1,0,2,0,2,2,0,1,2,1,1,1,0,0,1,1,2,2,2,1,1,2,1,1,2,0,0,1,2,2,2,2,0,2,2,0,2,2,2,1,1,2,2,0,2,0,0,0,0,2,2,0,1,1,2,0,0,0,1,2,2,0,1,2,0,2,0,2,2,2,1,2,2,2,2,1,1,0,1,2,2,0,2,2,2,1,2,1,0,0,1,0,0,2,2,1,1
Best fitness found so far: -29.0; distance: 16.1245154965971
Generation: 39; 
d: 19.209372712298546; energy: -27.0; 0,2,1,1,2,0,1,0,0,0,2,2,2,2,1,0,1,2,0,0,0,1,1,1,2,0,2,2,1,2,0,1,0,2,1,2,0,0,2,2,0,1,1,2,1,2,2,2,1,1,0,1,2,0,0,1,0,0,2,0,0,1,2,0,2,1,2,0,2,0,1,0,2,2,1,0,2,0,1,2,0,1,0,0,1,1,1,1,0,1,0,2,1,0,1,2,0
Best fitness found so far: -29.0; distance: 16.1245154965971
Generation: 40; 
d: 16.278820596099706; energy: -29.0; 0,1,2,1,2,2,0,2,1,2,0,1,2,0,1,1,1,0,0,2,0,0,1,1,0,1,2,0,1,1,0,1,1,0,2,2,0,0,2,1,1,1,2,1,1,2,1,2,2,0,0,1,0,1,1,0,2,2,1,2,1,0,1,2,1,2,0,1,2,0,0,2,0,2,2,1,1,2,0,0,2,1,2,0,1,1,1,1,0,1,0,2,1,0,0,0,0
Best fitness found so far: -29.0; distance: 16.1245154965971
Generation: 41; 
d: 16.278820596099706; energy: -29.0; 0,1,2,1,2,2,0,2,1,2,0,1,2,0,1,1,1,0,0,2,0,0,1,1,0,1,2,0,1,1,0,1,1,0,2,2,0,0,2,1,1,1,2,1,1,2,1,2,2,0,0,1,0,1,1,0,2,2,1,2,1,0,1,2,1,2,0,1,2,0,0,2,0,2,2,1,1,2,0,0,2,1,2,0,1,1,1,1,0,1,0,2,1,0,0,0,0
Best fitness found so far: -29.0; distance: 16.1245154965971
Generation: 42; 
d: 15.231546211727817; energy: -28.0; 0,0,1,0,0,1,2,2,0,2,1,2,0,0,1,0,2,2,1,2,0,0,1,2,2,2,0,1,2,2,0,1,2,2,1,2,0,0,2,1,1,1,2,1,1,2,1,2,2,0,0,1,0,0,2,1,1,2,1,2,2,0,0,1,2,2,0,0,2,1,0,1,1,1,0,1,0,2,2,2,2,1,1,1,0,1,0,0,0,0,0,0,1,2,0,0,2
Best fitness found so far: -29.0; distance: 16.1245154965971
Generation: 43; 
d: 15.231546211727817; energy: -28.0; 0,0,1,0,0,1,2,2,0,2,1,2,0,0,1,0,2,2,1,2,0,0,1,2,2,2,0,1,2,2,0,1,2,2,1,2,0,0,2,1,1,1,2,1,1,2,1,2,2,0,0,1,0,0,2,1,1,2,1,2,2,0,0,1,2,2,0,0,2,1,0,1,1,1,0,1,0,2,2,2,2,1,1,1,0,1,0,0,0,0,0,0,1,2,0,0,2
Best fitness found so far: -29.0; distance: 16.1245154965971
Generation: 44; 
d: 22.561028345356956; energy: -26.0; 0,2,0,1,0,1,2,2,0,2,1,1,1,0,2,0,0,2,2,1,0,0,2,0,0,2,2,1,2,1,0,1,2,2,0,0,1,0,2,2,0,1,2,2,1,1,0,1,0,0,2,2,2,0,0,1,0,1,2,0,0,2,2,0,2,1,0,0,2,0,0,2,0,0,0,2,0,2,0,1,1,0,0,1,0,1,0,2,1,0,1,0,0,0,0,0,0
Best fitness found so far: -29.0; distance: 16.1245154965971
Generation: 45; 
d: 15.811388300841896; energy: -26.0; 0,2,2,1,2,0,2,2,1,0,1,0,0,0,1,1,1,1,0,0,2,1,2,2,0,1,1,2,1,2,1,1,1,0,2,2,0,0,2,1,1,1,2,1,1,2,1,2,2,0,1,1,1,2,2,2,1,2,1,2,2,0,0,1,0,1,2,2,0,1,0,1,1,1,0,1,0,1,2,2,1,0,2,1,0,0,1,2,1,0,1,0,0,0,0,1,1
Best fitness found so far: -29.0; distance: 16.1245154965971
Generation: 46; 
d: 19.209372712298546; energy: -27.0; 2,2,0,0,0,1,0,0,0,0,2,2,2,2,1,0,1,2,0,0,0,1,1,1,2,0,2,2,1,2,0,1,0,2,1,2,0,0,2,2,0,1,1,2,1,2,2,2,1,1,0,1,2,0,0,1,0,0,2,0,0,1,2,0,2,1,2,0,2,0,1,0,2,2,1,0,2,0,1,2,0,1,0,0,1,1,1,1,0,1,0,2,1,0,1,2,0
Best fitness found so far: -29.0; distance: 16.1245154965971
Generation: 47; 
d: 16.55294535724685; energy: -27.0; 0,2,2,0,2,0,1,0,0,0,2,0,2,2,1,1,2,1,1,2,1,2,2,0,2,1,2,2,1,2,0,1,0,2,1,2,0,0,2,2,1,1,0,1,1,2,0,0,1,0,2,1,1,0,0,1,0,2,0,2,1,2,0,0,1,1,1,2,2,1,0,1,2,1,1,1,2,2,0,0,1,1,1,0,0,0,0,2,0,0,1,2,1,0,2,2,1
Best fitness found so far: -29.0; distance: 16.1245154965971
Generation: 48; 
d: 14.560219778561036; energy: -28.0; 2,0,2,2,2,2,0,0,0,2,2,1,1,1,2,1,1,0,0,1,1,0,1,0,0,1,0,1,0,0,1,1,1,1,2,1,1,0,2,2,0,1,2,2,1,1,0,1,0,0,2,2,1,2,1,1,0,0,2,0,0,2,2,2,1,1,2,2,1,2,0,0,2,1,2,2,0,1,2,1,1,2,0,2,2,1,2,2,2,0,2,1,0,1,2,0,0
Best fitness found so far: -29.0; distance: 16.1245154965971
Generation: 49; 
d: 14.560219778561036; energy: -28.0; 2,0,2,2,2,2,0,0,0,2,2,1,1,1,2,1,1,0,0,1,1,0,1,0,0,1,0,1,0,0,1,1,1,1,2,1,1,0,2,2,0,1,2,2,1,1,0,1,0,0,2,2,1,2,1,1,0,0,2,0,0,2,2,2,1,1,2,2,1,2,0,0,2,1,2,2,0,1,2,1,1,2,0,2,2,1,2,2,2,0,2,1,0,1,2,0,0
Best fitness found so far: -29.0; distance: 16.1245154965971
Generation: 50; 
d: 13.416407864998739; energy: -30.0; 2,2,2,0,0,1,2,2,0,2,1,2,0,0,2,1,2,2,0,2,0,0,1,1,0,1,0,1,1,1,1,0,0,1,1,2,1,0,2,0,0,2,2,1,2,1,1,2,0,2,0,2,0,0,2,1,1,2,1,2,1,0,1,1,1,0,0,2,2,2,0,1,0,0,1,1,2,2,1,1,0,1,0,0,1,1,0,2,1,1,1,2,2,1,1,0,1
Best fitness found so far: -30.0; distance: 13.416407864998739
Generation: 51; 
d: 13.416407864998739; energy: -30.0; 2,2,2,0,0,1,2,2,0,2,1,2,0,0,2,1,2,2,0,2,0,0,1,1,0,1,0,1,1,1,1,0,0,1,1,2,1,0,2,0,0,2,2,1,2,1,1,2,0,2,0,2,0,0,2,1,1,2,1,2,1,0,1,1,1,0,0,2,2,2,0,1,0,0,1,1,2,2,1,1,0,1,0,0,1,1,0,2,1,1,1,2,2,1,1,0,1
Best fitness found so far: -30.0; distance: 13.416407864998739
Generation: 52; 
d: 16.492422502470642; energy: -31.0; 0,2,0,0,2,0,0,1,1,0,2,2,0,2,1,1,0,0,2,0,0,1,1,1,2,0,2,2,1,2,0,1,0,2,1,2,0,0,2,2,1,1,0,1,1,2,0,0,1,0,2,1,1,0,0,1,0,2,0,2,1,2,0,0,1,1,1,2,2,1,0,1,2,1,1,1,2,2,0,0,1,1,1,0,0,1,1,0,1,0,1,2,0,0,0,0,2
Best fitness found so far: -31.0; distance: 16.492422502470642
Generation: 53; 
d: 16.492422502470642; energy: -31.0; 0,2,0,0,2,0,0,1,1,0,2,2,0,2,1,1,0,0,2,0,0,1,1,1,2,0,2,2,1,2,0,1,0,2,1,2,0,0,2,2,1,1,0,1,1,2,0,0,1,0,2,1,1,0,0,1,0,2,0,2,1,2,0,0,1,1,1,2,2,1,0,1,2,1,1,1,2,2,0,0,1,1,1,0,0,1,1,0,1,0,1,2,0,0,0,0,2
Best fitness found so far: -31.0; distance: 16.492422502470642
Generation: 54; 
d: 17.69180601295413; energy: -32.0; 1,1,2,2,1,1,0,0,1,1,0,2,1,2,1,1,2,1,2,0,0,0,1,2,2,2,0,1,2,2,0,1,2,2,1,2,0,0,2,1,1,1,2,1,1,2,1,2,2,0,0,1,0,2,2,0,2,1,0,0,2,2,1,2,1,0,1,2,0,2,0,0,1,0,0,2,0,0,0,1,0,1,2,1,2,0,0,2,1,1,1,0,0,1,2,1,1
Best fitness found so far: -32.0; distance: 17.69180601295413
Generation: 55; 
d: 17.69180601295413; energy: -32.0; 1,1,2,2,1,1,0,0,1,1,0,2,1,2,1,1,2,1,2,0,0,0,1,2,2,2,0,1,2,2,0,1,2,2,1,2,0,0,2,1,1,1,2,1,1,2,1,2,2,0,0,1,0,2,2,0,2,1,0,0,2,2,1,2,1,0,1,2,0,2,0,0,1,0,0,2,0,0,0,1,0,1,2,1,2,0,0,2,1,1,1,0,0,1,2,1,1
Best fitness found so far: -32.0; distance: 17.69180601295413
Generation: 56; 
d: 17.4928556845359; energy: -31.0; 0,2,0,0,0,1,2,2,0,2,1,2,0,0,1,0,2,2,1,2,0,0,1,2,2,2,0,1,2,2,0,1,2,2,1,2,0,0,2,1,1,1,2,1,1,2,1,2,2,0,1,1,1,2,2,0,2,2,0,0,2,2,0,0,0,0,2,2,0,1,0,1,1,1,0,1,0,1,2,2,0,1,0,0,2,0,0,2,0,2,0,2,1,0,1,2,0
Best fitness found so far: -32.0; distance: 17.69180601295413
Generation: 57; 
d: 17.4928556845359; energy: -31.0; 0,2,0,0,0,1,2,2,0,2,1,2,0,0,1,0,2,2,1,2,0,0,1,2,2,2,0,1,2,2,0,1,2,2,1,2,0,0,2,1,1,1,2,1,1,2,1,2,2,0,1,1,1,2,2,0,2,2,0,0,2,2,0,0,0,0,2,2,0,1,0,1,1,1,0,1,0,1,2,2,0,1,0,0,2,0,0,2,0,2,0,2,1,0,1,2,0
Best fitness found so far: -32.0; distance: 17.69180601295413
Generation: 58; 
d: 16.1245154965971; energy: -29.0; 0,2,2,1,2,0,2,2,1,0,1,0,0,0,1,1,1,1,0,0,2,1,2,2,0,1,1,2,1,2,1,0,1,2,2,0,1,1,1,0,0,0,0,1,0,0,1,1,0,0,0,0,2,2,1,2,2,2,2,1,0,0,1,0,1,2,2,1,1,2,2,2,1,2,2,2,1,1,1,0,1,1,2,0,0,0,1,2,2,0,1,1,2,2,2,2,1
Best fitness found so far: -32.0; distance: 17.69180601295413
Generation: 59; 
d: 16.1245154965971; energy: -29.0; 0,2,2,1,2,0,2,2,1,0,1,0,0,0,1,1,1,1,0,0,2,1,2,2,0,1,1,2,1,2,1,0,1,2,2,0,1,1,1,0,0,0,0,1,0,0,1,1,0,0,0,0,2,2,1,2,2,2,2,1,0,0,1,0,1,2,2,1,1,2,2,2,1,2,2,2,1,1,1,0,1,1,2,0,0,0,1,2,2,0,1,1,2,2,2,2,1
Best fitness found so far: -32.0; distance: 17.69180601295413
Generation: 60; 
d: 22.847319317591726; energy: -30.0; 0,2,1,0,2,1,0,2,2,0,0,2,0,2,0,0,2,2,1,2,0,0,1,2,2,2,0,1,2,2,0,1,2,2,1,2,0,0,2,1,1,1,2,1,1,2,1,2,2,0,1,1,1,2,2,0,2,2,0,0,2,2,0,0,0,0,2,2,0,1,0,1,1,1,0,1,0,1,2,2,0,1,0,0,2,0,0,2,0,2,0,2,1,0,1,2,0
Best fitness found so far: -32.0; distance: 17.69180601295413
Generation: 61; 
d: 16.0312195418814; energy: -31.0; 0,0,1,0,0,1,2,2,0,2,1,2,0,0,1,0,2,2,1,2,0,0,1,2,2,2,0,1,2,2,0,1,2,2,1,2,0,0,2,1,1,1,2,1,1,2,1,2,2,0,0,1,0,2,2,0,2,1,0,1,2,2,1,2,0,2,0,1,0,2,0,0,2,1,0,1,1,2,0,1,1,0,0,0,1,1,0,2,1,1,1,2,2,1,1,0,1
Best fitness found so far: -32.0; distance: 17.69180601295413
Generation: 62; 
d: 16.0312195418814; energy: -31.0; 0,0,1,0,0,1,2,2,0,2,1,2,0,0,1,0,2,2,1,2,0,0,1,2,2,2,0,1,2,2,0,1,2,2,1,2,0,0,2,1,1,1,2,1,1,2,1,2,2,0,0,1,0,2,2,0,2,1,0,1,2,2,1,2,0,2,0,1,0,2,0,0,2,1,0,1,1,2,0,1,1,0,0,0,1,1,0,2,1,1,1,2,2,1,1,0,1
Best fitness found so far: -32.0; distance: 17.69180601295413
Generation: 63; 
d: 22.02271554554524; energy: -31.0; 0,1,0,0,0,1,2,2,0,2,1,2,0,0,1,0,2,2,1,2,0,0,1,2,2,2,0,1,2,2,0,1,2,2,1,2,0,0,2,1,1,1,2,1,1,2,1,2,2,0,1,1,1,2,2,0,2,2,1,2,2,0,0,2,0,0,1,0,0,1,1,0,2,2,0,1,0,2,2,0,0,1,1,1,2,0,2,0,2,2,2,0,0,0,0,0,0
Best fitness found so far: -32.0; distance: 17.69180601295413
Generation: 64; 
d: 22.02271554554524; energy: -31.0; 0,1,0,0,0,1,2,2,0,2,1,2,0,0,1,0,2,2,1,2,0,0,1,2,2,2,0,1,2,2,0,1,2,2,1,2,0,0,2,1,1,1,2,1,1,2,1,2,2,0,1,1,1,2,2,0,2,2,1,2,2,0,0,2,0,0,1,0,0,1,1,0,2,2,0,1,0,2,2,0,0,1,1,1,2,0,2,0,2,2,2,0,0,0,0,0,0
Best fitness found so far: -32.0; distance: 17.69180601295413
Generation: 65; 
d: 15.811388300841896; energy: -33.0; 1,1,2,2,1,1,0,0,1,1,0,2,1,2,1,1,2,1,2,0,0,0,1,2,2,2,0,1,2,2,0,1,2,2,1,2,0,0,2,1,1,1,2,1,1,2,1,2,2,0,0,1,0,2,2,0,2,1,0,0,2,2,1,2,1,0,1,2,0,2,0,0,1,0,0,2,0,0,0,1,0,1,2,1,1,0,0,1,0,2,1,1,2,1,2,2,0
Best fitness found so far: -33.0; distance: 15.811388300841896
Generation: 66; 
d: 15.811388300841896; energy: -33.0; 1,1,2,2,1,1,0,0,1,1,0,2,1,2,1,1,2,1,2,0,0,0,1,2,2,2,0,1,2,2,0,1,2,2,1,2,0,0,2,1,1,1,2,1,1,2,1,2,2,0,0,1,0,2,2,0,2,1,0,0,2,2,1,2,1,0,1,2,0,2,0,0,1,0,0,2,0,0,0,1,0,1,2,1,1,0,0,1,0,2,1,1,2,1,2,2,0
Best fitness found so far: -33.0; distance: 15.811388300841896
Generation: 67; 
d: 18.867962264113206; energy: -29.0; 1,1,1,2,2,1,0,0,1,1,0,0,0,2,2,2,2,0,0,0,0,1,2,1,2,2,0,1,2,2,0,1,2,2,1,2,0,0,2,1,1,1,2,1,1,2,1,2,2,0,0,1,0,2,2,0,2,1,0,0,2,2,1,2,1,0,1,2,2,0,2,0,1,1,1,1,0,1,2,1,1,2,0,2,2,1,2,2,1,2,0,1,0,0,0,1,1
Best fitness found so far: -33.0; distance: 15.811388300841896
Generation: 68; 
d: 13.038404810405298; energy: -30.0; 0,0,1,0,0,1,2,2,0,2,1,2,0,0,1,0,2,2,1,2,0,0,1,2,2,2,0,1,2,2,0,1,2,2,1,2,0,0,2,1,1,1,2,1,1,2,1,2,2,0,1,1,0,2,2,0,1,2,1,2,2,0,0,1,0,1,2,2,0,1,0,1,1,1,0,1,0,1,2,2,1,0,0,0,1,1,0,2,1,0,1,0,0,0,0,0,0
Best fitness found so far: -33.0; distance: 15.811388300841896
Generation: 69; 
d: 14.866068747318506; energy: -30.0; 0,2,0,0,0,1,2,2,0,2,1,2,0,0,1,0,2,2,1,2,0,0,1,2,2,2,0,1,2,2,0,1,2,2,1,2,0,0,2,1,1,1,2,1,1,2,1,2,2,0,1,1,1,2,2,0,2,2,0,0,2,2,0,0,0,0,2,2,0,1,0,1,1,1,0,1,0,1,2,2,0,0,0,0,1,1,0,2,1,0,1,0,0,0,0,0,0
Best fitness found so far: -33.0; distance: 15.811388300841896
Generation: 70; 
d: 14.866068747318506; energy: -30.0; 0,2,0,0,0,1,2,2,0,2,1,2,0,0,1,0,2,2,1,2,0,0,1,2,2,2,0,1,2,2,0,1,2,2,1,2,0,0,2,1,1,1,2,1,1,2,1,2,2,0,1,1,1,2,2,0,2,2,0,0,2,2,0,0,0,0,2,2,0,1,0,1,1,1,0,1,0,1,2,2,0,0,0,0,1,1,0,2,1,0,1,0,0,0,0,0,0
Best fitness found so far: -33.0; distance: 15.811388300841896
Generation: 71; 
d: 16.76305461424021; energy: -30.0; 2,0,2,2,0,2,0,2,2,1,2,0,1,2,1,2,0,0,2,2,0,0,1,2,2,2,0,1,2,2,0,1,2,2,1,2,0,0,2,1,1,1,2,1,1,2,1,2,2,0,1,1,1,2,2,2,1,2,1,2,2,0,2,0,2,0,1,1,0,1,0,1,1,1,0,1,0,1,2,2,1,0,0,0,1,1,0,2,1,0,1,0,0,1,0,2,1
Best fitness found so far: -33.0; distance: 15.811388300841896
Generation: 72; 
d: 12.806248474865697; energy: -32.0; 0,0,1,0,0,1,2,2,0,2,1,2,0,0,1,0,2,2,1,2,0,0,1,2,2,2,0,1,2,2,0,1,2,2,1,2,0,0,2,1,1,1,2,1,1,2,1,2,2,0,0,1,0,0,2,1,1,2,1,2,2,0,0,1,2,2,0,0,2,1,1,1,2,0,0,0,1,1,0,0,0,2,0,2,2,0,2,0,2,0,2,1,0,0,0,1,1
Best fitness found so far: -33.0; distance: 15.811388300841896
Generation: 73; 
d: 12.806248474865697; energy: -32.0; 0,0,1,0,0,1,2,2,0,2,1,2,0,0,1,0,2,2,1,2,0,0,1,2,2,2,0,1,2,2,0,1,2,2,1,2,0,0,2,1,1,1,2,1,1,2,1,2,2,0,0,1,0,0,2,1,1,2,1,2,2,0,0,1,2,2,0,0,2,1,1,1,2,0,0,0,1,1,0,0,0,2,0,2,2,0,2,0,2,0,2,1,0,0,0,1,1
Best fitness found so far: -33.0; distance: 15.811388300841896
Generation: 74; 
d: 17.46424919657298; energy: -32.0; 0,2,0,1,0,1,2,2,0,2,1,2,0,0,1,0,2,2,1,2,0,0,1,2,2,2,0,1,2,2,0,1,2,2,1,2,0,0,2,1,1,1,2,1,1,2,1,2,2,0,0,1,0,2,2,0,2,2,1,2,2,0,0,1,0,2,0,1,0,2,0,1,1,0,0,0,0,1,2,2,1,0,2,1,0,0,0,1,2,2,2,1,1,1,2,2,0
Best fitness found so far: -33.0; distance: 15.811388300841896
Generation: 75; 
d: 17.46424919657298; energy: -32.0; 0,2,0,1,0,1,2,2,0,2,1,2,0,0,1,0,2,2,1,2,0,0,1,2,2,2,0,1,2,2,0,1,2,2,1,2,0,0,2,1,1,1,2,1,1,2,1,2,2,0,0,1,0,2,2,0,2,2,1,2,2,0,0,1,0,2,0,1,0,2,0,1,1,0,0,0,0,1,2,2,1,0,2,1,0,0,0,1,2,2,2,1,1,1,2,2,0
Best fitness found so far: -33.0; distance: 15.811388300841896
Generation: 76; 
d: 13.892443989449804; energy: -30.0; 0,0,2,0,2,2,0,0,1,2,1,0,0,1,2,1,0,1,1,0,0,1,2,1,2,2,0,2,1,1,2,1,1,1,0,0,2,1,2,2,0,1,1,2,1,1,0,2,2,1,2,1,1,0,0,0,0,1,0,2,2,0,0,1,0,1,2,2,0,1,0,1,1,1,0,1,0,1,2,2,1,0,2,0,0,1,0,0,0,1,1,0,0,1,0,2,0
Best fitness found so far: -33.0; distance: 15.811388300841896
Generation: 77; 
d: 16.76305461424021; energy: -30.0; 0,0,1,2,2,1,0,2,2,1,2,0,0,2,1,1,0,1,0,0,2,1,1,1,2,2,1,0,2,1,1,0,2,2,1,1,2,2,1,0,0,2,2,1,2,1,0,0,0,0,0,0,2,2,1,2,2,2,2,1,0,0,1,0,1,2,2,1,1,2,2,2,1,2,2,2,1,1,1,0,1,1,2,0,0,0,1,1,1,2,2,1,1,1,0,0,0
Best fitness found so far: -33.0; distance: 15.811388300841896
Generation: 78; 
d: 13.341664064126334; energy: -30.0; 0,0,1,0,0,1,2,2,0,2,1,2,0,0,1,0,2,2,1,2,0,0,1,2,2,2,0,1,2,2,0,1,2,2,1,2,0,0,2,1,1,1,2,1,1,2,1,2,2,0,0,1,0,2,2,0,2,1,0,0,2,2,1,0,1,2,0,1,0,2,0,0,2,1,0,1,1,2,2,1,1,1,2,0,0,0,1,2,2,2,2,1,1,1,0,0,0
Best fitness found so far: -33.0; distance: 15.811388300841896
Generation: 79; 
d: 19.313207915827967; energy: -31.0; 0,2,0,0,0,0,0,2,2,0,0,0,1,2,1,2,0,0,2,2,0,0,1,2,2,2,0,1,2,2,0,1,2,2,1,2,0,0,2,1,1,1,2,1,1,2,1,2,2,0,1,1,1,2,2,2,1,2,1,2,2,0,2,0,2,0,1,1,0,1,0,1,1,1,0,1,0,1,2,1,0,1,0,0,0,1,0,0,1,2,1,1,0,1,1,0,0
Best fitness found so far: -33.0; distance: 15.811388300841896
Generation: 80; 
d: 18.110770276274835; energy: -32.0; 0,2,0,1,0,1,2,2,0,2,1,2,0,0,1,0,2,2,1,2,0,0,1,2,2,2,0,1,2,2,0,1,2,2,1,2,0,0,2,1,1,1,2,1,1,2,1,2,2,0,1,1,0,2,2,0,1,2,1,2,2,0,0,0,1,0,1,0,2,2,0,1,0,2,1,1,2,2,1,1,0,1,2,0,1,0,0,1,0,2,1,1,2,1,2,2,0
Best fitness found so far: -33.0; distance: 15.811388300841896
Generation: 81; 
d: 18.110770276274835; energy: -32.0; 0,2,0,1,0,1,2,2,0,2,1,2,0,0,1,0,2,2,1,2,0,0,1,2,2,2,0,1,2,2,0,1,2,2,1,2,0,0,2,1,1,1,2,1,1,2,1,2,2,0,1,1,0,2,2,0,1,2,1,2,2,0,0,0,1,0,1,0,2,2,0,1,0,2,1,1,2,2,1,1,0,1,2,0,1,0,0,1,0,2,1,1,2,1,2,2,0
Best fitness found so far: -33.0; distance: 15.811388300841896
Generation: 82; 
d: 17.46424919657298; energy: -31.0; 0,0,1,0,0,1,2,2,0,2,1,2,0,0,1,0,2,2,1,2,0,0,1,2,2,2,0,1,2,2,0,1,2,2,1,2,0,0,2,1,1,1,2,1,1,2,1,2,2,0,0,1,0,2,2,0,2,2,1,2,2,0,0,2,0,0,1,0,1,2,1,0,1,0,0,2,0,2,0,1,1,0,1,1,2,0,2,0,2,2,2,0,0,0,0,0,0
Best fitness found so far: -33.0; distance: 15.811388300841896
Generation: 83; 
d: 17.46424919657298; energy: -31.0; 0,0,1,0,0,1,2,2,0,2,1,2,0,0,1,0,2,2,1,2,0,0,1,2,2,2,0,1,2,2,0,1,2,2,1,2,0,0,2,1,1,1,2,1,1,2,1,2,2,0,0,1,0,2,2,0,2,2,1,2,2,0,0,2,0,0,1,0,1,2,1,0,1,0,0,2,0,2,0,1,1,0,1,1,2,0,2,0,2,2,2,0,0,0,0,0,0
Best fitness found so far: -33.0; distance: 15.811388300841896
Generation: 84; 
d: 14.866068747318506; energy: -30.0; 0,0,1,0,0,1,2,2,0,2,1,2,1,2,1,2,0,0,2,2,0,0,1,2,2,2,0,1,2,2,0,1,2,2,1,2,0,0,2,1,1,1,2,1,1,2,1,2,2,0,1,1,1,2,2,2,1,2,1,2,2,0,2,0,2,0,1,1,0,1,0,1,1,1,0,1,0,1,2,2,1,0,2,0,0,1,0,0,0,1,1,0,0,1,0,2,0
Best fitness found so far: -33.0; distance: 15.811388300841896
Generation: 85; 
d: 17.46424919657298; energy: -32.0; 0,2,0,1,0,1,2,2,0,2,1,2,0,0,1,0,2,2,1,2,0,0,1,2,2,2,0,1,2,2,0,1,2,2,1,2,0,0,2,1,1,1,2,1,1,2,1,2,2,0,0,1,0,2,2,0,2,2,1,2,2,0,0,1,0,2,0,1,0,2,0,1,1,0,0,0,0,1,2,2,1,0,2,1,0,0,0,1,2,2,2,1,1,1,2,2,0
Best fitness found so far: -33.0; distance: 15.811388300841896
Generation: 86; 
d: 17.46424919657298; energy: -32.0; 0,2,0,1,0,1,2,2,0,2,1,2,0,0,1,0,2,2,1,2,0,0,1,2,2,2,0,1,2,2,0,1,2,2,1,2,0,0,2,1,1,1,2,1,1,2,1,2,2,0,0,1,0,2,2,0,2,2,1,2,2,0,0,1,0,2,0,1,0,2,0,1,1,0,0,0,0,1,2,2,1,0,2,1,0,0,0,1,2,2,2,1,1,1,2,2,0
Best fitness found so far: -33.0; distance: 15.811388300841896
Generation: 87; 
d: 13.038404810405298; energy: -32.0; 0,1,0,0,0,1,2,2,0,2,1,2,0,0,1,0,2,2,1,2,0,0,1,2,2,2,0,1,2,2,0,1,2,2,1,2,0,0,2,1,1,1,2,1,1,2,1,2,2,0,1,1,1,2,2,2,1,2,1,2,2,0,0,1,0,1,2,2,0,1,0,1,1,1,0,1,0,1,2,2,1,0,0,0,1,1,0,2,1,0,1,0,2,0,0,0,2
Best fitness found so far: -33.0; distance: 15.811388300841896
Generation: 88; 
d: 15.620499351813308; energy: -31.0; 0,0,1,0,0,1,2,2,0,2,1,2,1,2,1,2,0,0,2,2,0,0,1,2,2,2,0,1,2,2,0,1,2,2,1,2,0,0,2,1,1,1,2,1,1,2,1,2,2,0,1,1,1,2,2,2,1,2,1,2,2,0,2,0,2,0,1,1,0,1,0,1,1,1,0,1,0,1,2,2,1,0,0,0,1,2,1,2,2,1,1,2,0,2,0,2,0
Best fitness found so far: -33.0; distance: 15.811388300841896
Generation: 89; 
d: 17.46424919657298; energy: -31.0; 0,1,2,1,2,2,1,1,0,2,1,0,0,2,1,1,0,0,2,0,0,1,1,1,2,0,2,2,1,2,0,1,0,2,1,2,0,0,2,2,1,1,0,1,1,2,0,0,1,0,2,1,1,0,0,1,0,2,0,2,1,2,0,0,1,1,1,2,2,1,0,1,2,1,1,1,2,2,0,0,1,1,1,0,0,1,1,0,1,0,1,2,0,0,0,0,2
Best fitness found so far: -33.0; distance: 15.811388300841896
Generation: 90; 
d: 14.422205101855956; energy: -32.0; 2,1,1,1,1,1,1,2,0,0,1,0,0,1,2,1,0,1,1,0,0,1,2,1,2,2,0,2,1,1,2,1,0,2,1,2,0,0,2,2,1,1,0,1,1,2,0,0,1,0,2,1,1,0,0,1,0,2,0,2,1,2,0,0,1,1,1,2,2,1,0,1,2,1,1,1,2,2,0,0,1,1,1,0,0,1,1,0,1,0,1,2,0,0,0,0,2
Best fitness found so far: -33.0; distance: 15.811388300841896
Generation: 91; 
d: 14.422205101855956; energy: -32.0; 2,1,1,1,1,1,1,2,0,0,1,0,0,1,2,1,0,1,1,0,0,1,2,1,2,2,0,2,1,1,2,1,0,2,1,2,0,0,2,2,1,1,0,1,1,2,0,0,1,0,2,1,1,0,0,1,0,2,0,2,1,2,0,0,1,1,1,2,2,1,0,1,2,1,1,1,2,2,0,0,1,1,1,0,0,1,1,0,1,0,1,2,0,0,0,0,2
Best fitness found so far: -33.0; distance: 15.811388300841896
Generation: 92; 
d: 16.15549442140351; energy: -32.0; 0,0,1,1,0,1,2,2,0,2,1,2,0,0,1,0,2,2,1,2,0,0,1,2,2,2,0,1,2,2,0,1,2,2,1,2,0,0,2,1,1,1,2,1,1,2,1,2,2,0,1,1,0,2,2,0,1,2,1,2,2,0,0,2,0,2,2,0,1,2,1,0,1,2,1,1,2,2,1,1,0,1,2,0,1,0,0,1,0,2,1,1,2,1,2,2,0
Best fitness found so far: -33.0; distance: 15.811388300841896
Generation: 93; 
d: 16.15549442140351; energy: -32.0; 0,0,1,1,0,1,2,2,0,2,1,2,0,0,1,0,2,2,1,2,0,0,1,2,2,2,0,1,2,2,0,1,2,2,1,2,0,0,2,1,1,1,2,1,1,2,1,2,2,0,1,1,0,2,2,0,1,2,1,2,2,0,0,2,0,2,2,0,1,2,1,0,1,2,1,1,2,2,1,1,0,1,2,0,1,0,0,1,0,2,1,1,2,1,2,2,0
Best fitness found so far: -33.0; distance: 15.811388300841896
Generation: 94; 
d: 15.811388300841896; energy: -32.0; 0,1,0,0,0,1,2,2,0,2,1,2,0,0,1,0,2,2,1,2,0,0,1,2,2,2,0,1,2,2,0,1,2,2,1,2,0,0,2,1,1,1,2,1,1,2,1,2,2,0,1,1,1,2,2,0,2,2,0,0,2,2,0,0,0,0,2,2,0,1,0,1,1,1,0,1,0,1,2,2,0,1,0,0,2,0,0,2,0,2,0,2,1,0,0,0,1
Best fitness found so far: -33.0; distance: 15.811388300841896
Generation: 95; 
d: 15.811388300841896; energy: -32.0; 0,1,0,0,0,1,2,2,0,2,1,2,0,0,1,0,2,2,1,2,0,0,1,2,2,2,0,1,2,2,0,1,2,2,1,2,0,0,2,1,1,1,2,1,1,2,1,2,2,0,1,1,1,2,2,0,2,2,0,0,2,2,0,0,0,0,2,2,0,1,0,1,1,1,0,1,0,1,2,2,0,1,0,0,2,0,0,2,0,2,0,2,1,0,0,0,1
Best fitness found so far: -33.0; distance: 15.811388300841896
Generation: 96; 
d: 13.601470508735444; energy: -31.0; 0,2,0,1,0,1,2,2,0,2,1,2,0,0,1,0,2,2,1,2,0,0,1,2,2,2,0,1,2,2,0,1,2,2,1,2,0,0,2,1,1,1,2,1,1,2,1,2,2,2,0,0,0,1,2,0,0,0,2,2,0,2,2,2,1,1,2,2,1,2,0,0,2,0,0,0,1,1,0,0,1,1,1,0,0,2,2,1,1,0,0,2,2,0,0,0,2
Best fitness found so far: -33.0; distance: 15.811388300841896
Generation: 97; 
d: 13.601470508735444; energy: -31.0; 0,2,0,1,0,1,2,2,0,2,1,2,0,0,1,0,2,2,1,2,0,0,1,2,2,2,0,1,2,2,0,1,2,2,1,2,0,0,2,1,1,1,2,1,1,2,1,2,2,2,0,0,0,1,2,0,0,0,2,2,0,2,2,2,1,1,2,2,1,2,0,0,2,0,0,0,1,1,0,0,1,1,1,0,0,2,2,1,1,0,0,2,2,0,0,0,2
Best fitness found so far: -33.0; distance: 15.811388300841896
Generation: 98; 
d: 17.69180601295413; energy: -32.0; 1,1,2,2,1,1,0,0,1,1,0,2,1,2,1,1,2,1,2,0,0,0,1,2,2,2,0,1,2,2,0,1,2,2,1,2,0,0,2,1,1,1,2,1,1,2,1,2,2,0,0,1,0,2,2,0,2,1,0,0,2,2,1,2,1,0,1,2,0,2,0,0,1,0,0,2,0,0,0,1,0,1,2,1,2,0,0,2,1,1,1,0,0,1,2,1,2
Best fitness found so far: -33.0; distance: 15.811388300841896
Generation: 99; 
d: 17.69180601295413; energy: -32.0; 1,1,2,2,1,1,0,0,1,1,0,2,1,2,1,1,2,1,2,0,0,0,1,2,2,2,0,1,2,2,0,1,2,2,1,2,0,0,2,1,1,1,2,1,1,2,1,2,2,0,0,1,0,2,2,0,2,1,0,0,2,2,1,2,1,0,1,2,0,2,0,0,1,0,0,2,0,0,0,1,0,1,2,1,2,0,0,2,1,1,1,0,0,1,2,1,2
Best fitness found so far: -33.0; distance: 15.811388300841896
Generation: 100; 
d: 13.038404810405298; energy: -32.0; 0,0,1,0,0,1,2,2,0,2,1,2,0,0,1,0,2,2,1,2,0,0,1,2,2,2,0,1,2,2,0,1,2,2,1,2,0,0,2,1,1,1,2,1,1,2,1,2,2,0,1,1,0,2,2,0,1,2,1,2,2,0,0,1,0,1,2,2,0,1,0,1,1,1,0,1,0,1,2,2,1,0,0,0,1,1,2,1,1,2,1,2,2,1,2,0,0
Best fitness found so far: -33.0; distance: 15.811388300841896
Generation: 101; 
d: 13.038404810405298; energy: -32.0; 0,0,1,0,0,1,2,2,0,2,1,2,0,0,1,0,2,2,1,2,0,0,1,2,2,2,0,1,2,2,0,1,2,2,1,2,0,0,2,1,1,1,2,1,1,2,1,2,2,0,1,1,0,2,2,0,1,2,1,2,2,0,0,1,0,1,2,2,0,1,0,1,1,1,0,1,0,1,2,2,1,0,0,0,1,1,2,1,1,2,1,2,2,1,2,0,0
Best fitness found so far: -33.0; distance: 15.811388300841896
Generation: 102; 
d: 13.038404810405298; energy: -32.0; 0,0,1,0,0,1,2,2,0,2,1,2,0,0,1,0,2,2,1,2,0,0,1,2,2,2,0,1,2,2,0,1,2,2,1,2,0,0,2,1,1,1,2,1,1,2,1,2,2,0,0,1,1,2,2,2,1,2,1,2,2,0,0,1,0,1,2,2,0,1,0,1,1,1,0,1,0,1,2,2,1,0,0,1,0,1,2,1,1,2,1,2,2,1,2,0,2
Best fitness found so far: -33.0; distance: 15.811388300841896
Generation: 103; 
d: 13.038404810405298; energy: -32.0; 0,0,1,0,0,1,2,2,0,2,1,2,0,0,1,0,2,2,1,2,0,0,1,2,2,2,0,1,2,2,0,1,2,2,1,2,0,0,2,1,1,1,2,1,1,2,1,2,2,0,0,1,1,2,2,2,1,2,1,2,2,0,0,1,0,1,2,2,0,1,0,1,1,1,0,1,0,1,2,2,1,0,0,1,0,1,2,1,1,2,1,2,2,1,2,0,2
Best fitness found so far: -33.0; distance: 15.811388300841896
Generation: 104; 
d: 13.038404810405298; energy: -32.0; 0,0,1,0,0,1,2,2,0,2,1,2,0,0,1,0,2,2,1,2,0,0,1,2,2,2,0,1,2,2,0,1,2,2,1,2,0,0,2,1,1,1,2,1,1,2,1,2,2,0,1,1,0,2,2,0,1,2,1,2,2,0,0,1,0,1,2,2,0,1,0,1,1,1,0,1,0,1,2,2,1,0,0,0,1,1,0,2,2,0,2,0,0,1,0,1,0
Best fitness found so far: -33.0; distance: 15.811388300841896
Generation: 105; 
d: 13.038404810405298; energy: -32.0; 0,0,1,0,0,1,2,2,0,2,1,2,0,0,1,0,2,2,1,2,0,0,1,2,2,2,0,1,2,2,0,1,2,2,1,2,0,0,2,1,1,1,2,1,1,2,1,2,2,0,1,1,0,2,2,0,1,2,1,2,2,0,0,1,0,1,2,2,0,1,0,1,1,1,0,1,0,1,2,2,1,0,0,0,1,1,0,2,2,0,2,0,0,1,0,1,0
Best fitness found so far: -33.0; distance: 15.811388300841896
Generation: 106; 
d: 14.560219778561036; energy: -32.0; 0,0,1,0,0,1,2,2,0,2,1,2,0,0,1,0,2,2,1,2,0,0,1,2,2,2,0,1,2,2,0,1,2,2,1,2,0,0,2,1,1,1,2,1,1,2,1,2,2,0,0,1,0,2,2,0,2,1,0,1,2,2,1,2,0,2,2,0,1,2,1,0,1,0,0,1,0,1,2,2,1,0,0,1,1,0,0,1,0,2,2,1,0,0,0,0,1
Best fitness found so far: -33.0; distance: 15.811388300841896
Generation: 107; 
d: 14.560219778561036; energy: -32.0; 0,0,1,0,0,1,2,2,0,2,1,2,0,0,1,0,2,2,1,2,0,0,1,2,2,2,0,1,2,2,0,1,2,2,1,2,0,0,2,1,1,1,2,1,1,2,1,2,2,0,0,1,0,2,2,0,2,1,0,1,2,2,1,2,0,2,2,0,1,2,1,0,1,0,0,1,0,1,2,2,1,0,0,1,1,0,0,1,0,2,2,1,0,0,0,0,1
Best fitness found so far: -33.0; distance: 15.811388300841896
Generation: 108; 
d: 15.620499351813308; energy: -31.0; 0,2,0,0,0,1,2,2,0,2,1,2,1,2,1,2,0,0,2,2,0,0,1,2,2,2,0,1,2,2,0,1,2,2,1,2,0,0,2,1,1,1,2,1,1,2,1,2,2,0,1,1,1,2,2,2,1,2,1,2,2,0,2,0,2,0,1,1,0,1,0,1,1,1,0,1,0,1,2,2,1,0,0,0,1,2,1,2,2,1,1,2,0,2,0,2,0
Best fitness found so far: -33.0; distance: 15.811388300841896
Generation: 109; 
d: 15.231546211727817; energy: -31.0; 0,0,1,0,0,1,2,2,0,2,1,2,0,0,1,0,2,2,1,2,0,0,1,2,2,2,0,1,2,2,0,1,2,2,1,2,0,0,2,1,1,1,2,1,1,2,1,2,2,0,0,1,0,2,2,0,1,2,1,2,2,0,0,1,0,1,2,2,0,1,0,1,1,1,0,1,0,1,2,2,1,0,0,0,1,1,2,1,1,0,2,1,0,2,0,0,0
Best fitness found so far: -33.0; distance: 15.811388300841896
Generation: 110; 
d: 16.278820596099706; energy: -32.0; 0,0,1,0,0,1,2,2,0,2,1,2,0,0,1,0,2,2,1,2,0,0,1,2,2,2,0,1,2,2,0,1,2,2,1,2,0,0,2,1,1,1,2,1,1,2,1,2,2,0,0,1,0,2,2,0,1,2,1,0,0,1,2,0,1,0,2,2,0,1,0,1,1,1,0,1,0,1,2,2,1,0,0,1,0,1,0,0,2,0,2,1,2,2,0,0,0
Best fitness found so far: -33.0; distance: 15.811388300841896
Generation: 111; 
d: 16.278820596099706; energy: -32.0; 0,0,1,0,0,1,2,2,0,2,1,2,0,0,1,0,2,2,1,2,0,0,1,2,2,2,0,1,2,2,0,1,2,2,1,2,0,0,2,1,1,1,2,1,1,2,1,2,2,0,0,1,0,2,2,0,1,2,1,0,0,1,2,0,1,0,2,2,0,1,0,1,1,1,0,1,0,1,2,2,1,0,0,1,0,1,0,0,2,0,2,1,2,2,0,0,0
Best fitness found so far: -33.0; distance: 15.811388300841896
Generation: 112; 
d: 13.601470508735444; energy: -31.0; 0,1,2,1,2,2,0,2,0,2,1,2,0,0,1,0,2,2,1,2,0,0,1,2,2,2,0,1,2,2,0,1,2,2,1,2,0,0,2,1,1,1,2,1,1,2,1,2,2,0,1,1,1,2,2,2,1,2,1,2,2,0,0,1,0,1,2,2,0,1,0,1,1,1,0,1,0,1,2,2,1,0,0,0,1,1,0,2,1,0,1,0,2,0,0,0,2
Best fitness found so far: -33.0; distance: 15.811388300841896
Generation: 113; 
d: 15.811388300841896; energy: -33.0; 0,1,0,0,1,1,0,2,2,0,0,2,0,0,1,0,2,2,1,2,0,0,1,2,2,2,0,1,2,2,0,1,2,2,1,2,0,0,2,1,1,1,2,1,1,2,1,2,2,0,0,1,0,2,2,0,2,1,0,0,2,2,1,0,1,2,0,1,0,2,0,0,2,1,0,1,1,2,2,1,1,1,2,0,0,0,1,2,2,2,2,1,1,1,0,0,0
Best fitness found so far: -33.0; distance: 15.811388300841896
Generation: 114; 
d: 15.811388300841896; energy: -33.0; 0,1,0,0,1,1,0,2,2,0,0,2,0,0,1,0,2,2,1,2,0,0,1,2,2,2,0,1,2,2,0,1,2,2,1,2,0,0,2,1,1,1,2,1,1,2,1,2,2,0,0,1,0,2,2,0,2,1,0,0,2,2,1,0,1,2,0,1,0,2,0,0,2,1,0,1,1,2,2,1,1,1,2,0,0,0,1,2,2,2,2,1,1,1,0,0,0
Best fitness found so far: -33.0; distance: 15.811388300841896
Generation: 115; 
d: 13.038404810405298; energy: -32.0; 0,0,1,0,0,1,2,2,0,2,1,2,0,0,1,0,2,2,1,2,0,0,1,2,2,2,0,1,2,2,0,1,2,2,1,2,0,0,2,1,1,1,2,1,1,2,1,2,2,0,1,1,0,2,2,0,1,2,1,2,2,0,0,1,0,1,2,2,0,1,0,1,1,1,0,1,0,1,2,2,1,0,0,0,1,1,0,2,2,0,2,0,0,1,0,1,0
Best fitness found so far: -33.0; distance: 15.811388300841896
Generation: 116; 
d: 13.038404810405298; energy: -32.0; 0,0,1,0,0,1,2,2,0,2,1,2,0,0,1,0,2,2,1,2,0,0,1,2,2,2,0,1,2,2,0,1,2,2,1,2,0,0,2,1,1,1,2,1,1,2,1,2,2,0,1,1,0,2,2,0,1,2,1,2,2,0,0,1,0,1,2,2,0,1,0,1,1,1,0,1,0,1,2,2,1,0,0,0,1,1,0,2,2,0,2,0,0,1,0,1,0
Best fitness found so far: -33.0; distance: 15.811388300841896
Generation: 117; 
d: 13.038404810405298; energy: -32.0; 0,0,1,0,0,1,2,2,0,2,1,2,0,0,1,0,2,2,1,2,0,0,1,2,2,2,0,1,2,2,0,1,2,2,1,2,0,0,2,1,1,1,2,1,1,2,1,2,2,0,1,1,0,2,2,0,1,2,1,2,2,0,0,1,0,1,2,2,0,1,0,1,1,1,0,1,0,1,2,2,1,0,0,0,1,1,0,2,2,0,2,0,0,1,0,1,0
Best fitness found so far: -33.0; distance: 15.811388300841896
Generation: 118; 
d: 15.0; energy: -31.0; 0,0,1,0,0,1,2,2,0,2,1,2,0,0,1,0,2,2,1,2,0,0,1,2,2,2,0,1,2,2,0,1,2,2,1,2,0,0,2,1,1,1,1,2,1,2,2,2,1,1,0,1,2,0,0,1,0,0,2,0,0,1,2,2,1,1,2,1,0,2,0,1,1,1,0,1,0,1,2,2,1,0,0,0,0,1,1,1,2,2,2,1,2,2,0,2,2
Best fitness found so far: -33.0; distance: 15.811388300841896
Generation: 119; 
d: 13.92838827718412; energy: -32.0; 0,1,0,0,0,1,2,2,0,2,1,2,0,0,1,0,2,2,1,2,0,0,1,2,2,2,0,1,2,2,0,1,2,2,1,2,0,0,2,1,1,1,2,1,1,2,1,2,2,0,1,1,1,2,2,2,1,2,1,2,2,0,0,1,0,1,2,2,0,1,0,1,1,1,0,1,0,1,2,2,1,0,0,0,1,1,0,1,0,2,2,1,0,0,0,0,1
Best fitness found so far: -33.0; distance: 15.811388300841896
Generation: 120; 
d: 13.92838827718412; energy: -32.0; 0,1,0,0,0,1,2,2,0,2,1,2,0,0,1,0,2,2,1,2,0,0,1,2,2,2,0,1,2,2,0,1,2,2,1,2,0,0,2,1,1,1,2,1,1,2,1,2,2,0,1,1,1,2,2,2,1,2,1,2,2,0,0,1,0,1,2,2,0,1,0,1,1,1,0,1,0,1,2,2,1,0,0,0,1,1,0,1,0,2,2,1,0,0,0,0,1
Best fitness found so far: -33.0; distance: 15.811388300841896
Generation: 121; 
d: 13.038404810405298; energy: -32.0; 0,1,0,0,0,1,2,2,0,2,1,2,0,0,1,0,2,2,1,2,0,0,1,2,2,2,0,1,2,2,0,1,2,2,1,2,0,0,2,1,1,1,2,1,1,2,1,2,2,0,1,1,1,2,2,2,1,2,1,2,2,0,0,1,0,1,2,2,0,1,0,1,1,1,0,1,0,1,2,2,1,0,0,0,1,1,0,1,0,2,2,1,0,0,1,2,2
Best fitness found so far: -33.0; distance: 15.811388300841896
Generation: 122; 
d: 13.92838827718412; energy: -31.0; 0,1,2,0,0,1,2,2,0,2,1,2,0,0,1,0,2,2,1,2,0,0,1,2,2,2,0,1,2,2,0,1,2,2,1,2,0,0,2,1,1,1,2,1,1,2,1,2,2,0,1,1,1,2,2,2,1,2,1,2,2,0,0,1,0,1,2,2,0,1,0,1,1,1,0,1,0,1,2,2,1,0,0,0,1,1,0,1,0,2,2,1,0,0,0,0,1
Best fitness found so far: -33.0; distance: 15.811388300841896
Generation: 123; 
d: 13.038404810405298; energy: -31.0; 0,1,0,0,0,1,2,2,0,2,1,2,0,0,1,0,2,2,1,2,0,0,1,2,2,2,0,1,2,2,0,1,2,2,1,2,0,0,2,1,1,1,2,1,1,2,1,2,2,0,1,1,0,2,2,0,1,2,1,2,2,0,0,1,0,1,2,2,0,1,0,1,1,1,0,1,0,1,2,2,1,0,0,0,1,1,0,2,1,0,1,0,0,0,0,0,0
Best fitness found so far: -33.0; distance: 15.811388300841896
Generation: 124; 
d: 16.15549442140351; energy: -34.0; 0,1,0,0,1,1,0,2,2,0,0,2,0,0,1,0,2,2,1,2,0,0,1,2,2,2,0,1,2,2,0,1,2,2,1,2,0,0,2,1,1,1,2,1,1,2,1,2,2,0,0,1,0,2,2,0,2,1,0,0,2,2,1,0,1,2,0,1,0,2,0,0,2,1,0,1,1,1,0,1,2,2,0,0,1,0,1,2,0,2,2,1,2,2,2,1,2
Best fitness found so far: -34.0; distance: 16.15549442140351
Generation: 125; 
d: 16.15549442140351; energy: -34.0; 0,1,0,0,1,1,0,2,2,0,0,2,0,0,1,0,2,2,1,2,0,0,1,2,2,2,0,1,2,2,0,1,2,2,1,2,0,0,2,1,1,1,2,1,1,2,1,2,2,0,0,1,0,2,2,0,2,1,0,0,2,2,1,0,1,2,0,1,0,2,0,0,2,1,0,1,1,1,0,1,2,2,0,0,1,0,1,2,0,2,2,1,2,2,2,1,2
Best fitness found so far: -34.0; distance: 16.15549442140351
Generation: 126; 
d: 14.317821063276353; energy: -33.0; 0,0,1,0,0,1,2,2,0,2,1,2,0,0,1,0,2,2,1,2,0,0,1,2,2,2,0,1,2,2,0,1,2,2,1,2,0,0,2,1,1,1,2,1,1,2,1,2,2,0,0,1,0,2,2,0,2,1,0,1,2,2,1,2,0,2,2,0,1,2,1,0,1,0,0,1,0,1,2,2,1,0,0,0,1,0,0,2,0,2,2,2,0,0,0,0,0
Best fitness found so far: -34.0; distance: 16.15549442140351
Generation: 127; 
d: 14.317821063276353; energy: -33.0; 0,0,1,0,0,1,2,2,0,2,1,2,0,0,1,0,2,2,1,2,0,0,1,2,2,2,0,1,2,2,0,1,2,2,1,2,0,0,2,1,1,1,2,1,1,2,1,2,2,0,0,1,0,2,2,0,2,1,0,1,2,2,1,2,0,2,2,0,1,2,1,0,1,0,0,1,0,1,2,2,1,0,0,0,1,0,0,2,0,2,2,2,0,0,0,0,0
Best fitness found so far: -34.0; distance: 16.15549442140351
Generation: 128; 
d: 16.1245154965971; energy: -33.0; 2,2,0,2,1,1,2,2,2,1,1,1,0,0,1,1,2,2,2,1,1,2,1,1,2,0,0,1,2,2,0,1,2,2,1,2,0,0,2,1,1,1,2,1,1,2,1,2,2,0,1,1,1,2,2,2,1,2,1,2,2,0,0,1,0,1,2,2,0,1,0,1,1,1,0,1,0,1,2,2,1,0,0,0,1,0,1,2,0,2,2,2,1,0,0,0,2
Best fitness found so far: -34.0; distance: 16.15549442140351
Generation: 129; 
d: 16.1245154965971; energy: -33.0; 2,2,0,2,1,1,2,2,2,1,1,1,0,0,1,1,2,2,2,1,1,2,1,1,2,0,0,1,2,2,0,1,2,2,1,2,0,0,2,1,1,1,2,1,1,2,1,2,2,0,1,1,1,2,2,2,1,2,1,2,2,0,0,1,0,1,2,2,0,1,0,1,1,1,0,1,0,1,2,2,1,0,0,0,1,0,1,2,0,2,2,2,1,0,0,0,2
Best fitness found so far: -34.0; distance: 16.15549442140351
Generation: 130; 
d: 15.811388300841896; energy: -33.0; 2,1,0,2,1,1,2,2,2,1,1,1,0,0,1,1,2,2,2,1,1,2,1,1,2,0,0,1,2,2,0,1,2,2,1,2,0,0,2,1,1,1,2,1,1,2,1,2,2,0,1,1,1,2,2,2,1,2,1,2,2,0,0,1,0,1,2,2,0,1,0,1,1,1,0,1,0,1,2,2,1,2,0,0,1,0,1,2,0,2,2,2,1,0,0,0,0
Best fitness found so far: -34.0; distance: 16.15549442140351
Generation: 131; 
d: 15.811388300841896; energy: -33.0; 2,1,0,2,1,1,2,2,2,1,1,1,0,0,1,1,2,2,2,1,1,2,1,1,2,0,0,1,2,2,0,1,2,2,1,2,0,0,2,1,1,1,2,1,1,2,1,2,2,0,1,1,1,2,2,2,1,2,1,2,2,0,0,1,0,1,2,2,0,1,0,1,1,1,0,1,0,1,2,2,1,2,0,0,1,0,1,2,0,2,2,2,1,0,0,0,0
Best fitness found so far: -34.0; distance: 16.15549442140351
Generation: 132; 
d: 13.416407864998739; energy: -32.0; 2,2,0,2,1,1,2,2,0,2,1,2,0,0,1,0,2,2,1,2,0,0,1,2,2,2,0,1,2,2,0,1,2,2,1,2,0,0,2,1,1,1,2,1,1,2,1,2,2,0,1,1,0,2,2,0,1,2,1,2,2,0,0,1,0,1,2,2,0,1,0,1,1,1,0,1,0,1,2,2,1,0,0,0,1,1,0,2,2,0,2,0,0,1,0,1,0
Best fitness found so far: -34.0; distance: 16.15549442140351
Generation: 133; 
d: 13.416407864998739; energy: -32.0; 2,2,0,2,1,1,2,2,0,2,1,2,0,0,1,0,2,2,1,2,0,0,1,2,2,2,0,1,2,2,0,1,2,2,1,2,0,0,2,1,1,1,2,1,1,2,1,2,2,0,1,1,0,2,2,0,1,2,1,2,2,0,0,1,0,1,2,2,0,1,0,1,1,1,0,1,0,1,2,2,1,0,0,0,1,1,0,2,2,0,2,0,0,1,0,1,0
Best fitness found so far: -34.0; distance: 16.15549442140351
Generation: 134; 
d: 16.1245154965971; energy: -35.0; 2,2,0,2,1,1,2,2,2,1,1,1,0,0,1,1,2,2,2,1,1,2,1,1,2,0,0,1,2,2,0,1,2,2,1,2,0,0,2,1,1,1,2,1,1,2,1,2,2,0,1,1,1,2,2,2,1,2,1,2,2,0,0,1,0,1,2,2,0,1,0,1,1,1,0,1,0,1,2,2,1,0,0,0,1,0,1,2,0,2,1,0,2,2,1,2,2
Best fitness found so far: -35.0; distance: 16.1245154965971
Generation: 135; 
d: 16.1245154965971; energy: -35.0; 2,2,0,2,1,1,2,2,2,1,1,1,0,0,1,1,2,2,2,1,1,2,1,1,2,0,0,1,2,2,0,1,2,2,1,2,0,0,2,1,1,1,2,1,1,2,1,2,2,0,1,1,1,2,2,2,1,2,1,2,2,0,0,1,0,1,2,2,0,1,0,1,1,1,0,1,0,1,2,2,1,0,0,0,1,0,1,2,0,2,1,0,2,2,1,2,2
Best fitness found so far: -35.0; distance: 16.1245154965971
Generation: 136; 
d: 14.560219778561036; energy: -34.0; 0,0,1,0,0,1,2,2,0,2,1,2,0,0,1,0,2,2,1,2,0,0,1,2,2,2,0,1,2,2,0,1,2,2,1,2,0,0,2,1,1,1,2,1,1,2,1,2,2,0,0,1,0,2,2,0,2,1,0,1,2,2,1,2,0,2,2,0,1,2,1,0,1,0,0,1,0,1,2,2,1,0,0,0,1,0,0,2,0,2,2,2,2,2,1,2,2
Best fitness found so far: -35.0; distance: 16.1245154965971
Generation: 137; 
d: 14.560219778561036; energy: -34.0; 0,0,1,0,0,1,2,2,0,2,1,2,0,0,1,0,2,2,1,2,0,0,1,2,2,2,0,1,2,2,0,1,2,2,1,2,0,0,2,1,1,1,2,1,1,2,1,2,2,0,0,1,0,2,2,0,2,1,0,1,2,2,1,2,0,2,2,0,1,2,1,0,1,0,0,1,0,1,2,2,1,0,0,0,1,0,0,2,0,2,2,2,2,2,1,2,2
Best fitness found so far: -35.0; distance: 16.1245154965971
Generation: 138; 
d: 16.1245154965971; energy: -35.0; 2,2,0,2,1,1,2,2,2,1,1,1,0,0,1,1,2,2,2,1,1,2,1,1,2,0,0,1,2,2,2,1,2,2,1,2,0,0,2,1,1,1,2,1,1,2,1,2,2,0,1,1,1,2,2,2,1,2,1,2,2,0,0,1,0,1,2,2,0,1,0,1,1,1,0,1,0,1,2,2,1,0,0,0,1,0,1,2,0,2,1,0,2,2,1,2,2
Best fitness found so far: -35.0; distance: 16.1245154965971
Generation: 139; 
d: 16.1245154965971; energy: -35.0; 2,2,0,2,1,1,2,2,2,1,1,1,0,0,1,1,2,2,2,1,1,2,1,1,2,0,0,1,2,2,0,1,2,2,1,2,0,0,2,1,1,1,2,1,1,2,1,2,2,0,1,1,0,2,2,0,1,2,1,2,2,0,0,1,0,1,2,2,0,1,0,1,1,1,0,1,0,1,2,2,1,0,0,0,1,0,1,2,0,2,1,0,2,2,1,2,2
Best fitness found so far: -35.0; distance: 16.1245154965971
Generation: 140; 
d: 16.1245154965971; energy: -35.0; 2,2,0,2,1,1,2,2,2,1,1,1,0,0,1,1,2,2,2,1,1,2,1,1,2,0,0,1,2,2,0,1,2,2,1,2,0,0,2,1,1,1,2,1,1,2,1,2,2,0,1,1,0,2,2,0,1,2,1,2,2,0,0,1,0,1,2,2,0,1,0,1,1,1,0,1,0,1,2,2,1,0,0,0,1,0,1,2,0,2,1,0,2,2,1,2,2
Best fitness found so far: -35.0; distance: 16.1245154965971
Generation: 141; 
d: 16.1245154965971; energy: -35.0; 2,2,0,2,1,1,2,2,2,1,1,1,0,0,1,1,2,2,2,1,1,2,1,1,2,0,0,1,2,2,0,1,2,2,1,2,0,0,2,1,1,1,2,1,1,2,1,2,2,0,1,1,0,2,2,0,1,2,1,2,2,0,0,1,0,1,2,2,0,1,0,1,1,1,0,1,0,1,2,2,1,0,0,0,1,0,1,2,0,2,1,0,2,2,1,2,0
Best fitness found so far: -35.0; distance: 16.1245154965971
Generation: 142; 
d: 16.1245154965971; energy: -35.0; 2,2,0,2,1,1,2,2,2,1,1,1,0,0,1,1,2,2,2,1,1,2,1,1,2,0,0,1,2,2,0,1,2,2,1,2,0,0,2,1,1,1,2,1,1,2,1,2,2,0,1,1,0,2,2,0,1,2,1,2,2,0,0,1,0,1,2,2,0,1,0,1,1,1,0,1,0,1,2,2,1,0,0,0,1,0,1,2,0,2,1,0,2,2,1,2,0
Best fitness found so far: -35.0; distance: 16.1245154965971
Generation: 143; 
d: 16.1245154965971; energy: -35.0; 0,2,0,2,1,1,2,2,2,1,1,1,0,0,1,1,2,2,2,1,1,2,1,1,2,0,0,1,2,2,0,1,2,2,1,2,0,0,2,1,1,1,2,1,1,2,1,2,2,0,1,1,1,2,2,2,1,2,1,2,2,0,0,1,0,1,2,2,0,1,0,1,1,1,0,1,0,1,2,2,1,0,0,0,1,0,1,2,0,2,1,0,2,2,1,2,2
Best fitness found so far: -35.0; distance: 16.1245154965971
Generation: 144; 
d: 16.1245154965971; energy: -35.0; 0,2,0,2,1,1,2,2,2,1,1,1,0,0,1,1,2,2,2,1,1,2,1,1,2,0,0,1,2,2,0,1,2,2,1,2,0,0,2,1,1,1,2,1,1,2,1,2,2,0,1,1,1,2,2,2,1,2,1,2,2,0,0,1,0,1,2,2,0,1,0,1,1,1,0,1,0,1,2,2,1,0,0,0,1,0,1,2,0,2,1,0,2,2,1,2,2
Best fitness found so far: -35.0; distance: 16.1245154965971
Generation: 145; 
d: 16.1245154965971; energy: -35.0; 2,2,0,2,1,1,2,2,2,1,1,1,0,0,1,1,2,2,2,1,1,2,1,1,2,0,0,1,2,2,2,1,2,2,1,2,0,0,2,1,1,1,2,1,1,2,1,2,2,0,1,1,1,2,2,2,1,2,1,2,2,0,0,1,0,1,2,2,0,1,0,1,1,1,0,1,0,1,2,2,1,0,0,0,1,0,1,2,0,2,1,0,2,2,1,2,2
Best fitness found so far: -35.0; distance: 16.1245154965971
Generation: 146; 
d: 16.1245154965971; energy: -35.0; 2,2,0,2,1,1,2,2,2,1,1,1,0,0,1,1,2,2,2,1,1,2,1,1,2,0,0,1,2,2,2,1,2,2,1,2,0,0,2,1,1,1,2,1,1,2,1,2,2,0,1,1,1,2,2,2,1,2,1,2,2,0,0,1,0,1,2,2,0,1,0,1,1,1,0,1,0,1,2,2,1,0,0,0,1,0,1,2,0,2,1,0,2,2,1,2,2
Best fitness found so far: -35.0; distance: 16.1245154965971
Generation: 147; 
d: 16.1245154965971; energy: -35.0; 2,2,0,2,1,1,2,2,2,1,1,1,0,0,1,1,2,2,2,1,1,2,1,1,2,0,0,1,2,2,0,1,2,2,1,2,0,0,2,1,1,1,2,1,1,2,1,2,2,0,1,1,0,2,2,0,1,2,1,2,2,0,0,1,0,1,2,2,0,1,0,1,1,1,0,1,0,1,2,2,1,0,0,0,1,0,1,2,0,2,1,0,2,2,1,2,2
Best fitness found so far: -35.0; distance: 16.1245154965971
Generation: 148; 
d: 18.384776310850235; energy: -31.0; 2,2,0,2,1,1,2,2,2,1,1,1,0,0,1,1,2,2,2,1,1,2,1,1,2,0,0,1,2,2,0,1,2,2,1,2,0,0,2,1,1,1,2,1,1,2,1,2,2,0,1,1,0,2,2,0,1,2,1,2,0,2,2,2,1,1,2,2,1,2,0,0,2,1,2,1,1,1,0,0,2,2,0,0,1,0,1,2,0,2,1,2,1,2,1,2,2
Best fitness found so far: -35.0; distance: 16.1245154965971
Generation: 149; 
d: 15.524174696260024; energy: -34.0; 2,2,0,2,1,1,2,2,2,1,1,1,0,0,1,1,2,2,2,1,1,2,1,1,2,0,0,1,2,2,0,1,2,2,1,2,0,0,2,1,1,1,2,1,1,2,1,2,2,0,1,1,0,2,2,0,1,2,1,2,2,0,0,1,0,1,2,2,0,1,0,1,1,1,0,1,0,1,2,2,1,0,0,0,1,0,1,2,0,2,1,2,1,2,1,2,2
Best fitness found so far: -35.0; distance: 16.1245154965971
Generation: 150; 
d: 16.1245154965971; energy: -35.0; 2,2,0,2,1,1,2,2,2,1,1,1,0,0,1,1,2,2,2,1,1,2,1,1,2,0,0,1,2,2,2,1,2,2,1,2,0,0,2,1,1,1,2,1,1,2,1,2,2,0,1,1,1,2,2,2,1,2,1,2,2,0,0,1,0,1,2,2,0,1,0,1,1,1,0,1,0,1,2,2,1,0,0,0,1,0,1,2,0,2,1,0,2,2,1,2,2
Best fitness found so far: -35.0; distance: 16.1245154965971
Generation: 151; 
d: 16.1245154965971; energy: -35.0; 2,2,0,2,1,1,2,2,2,1,1,1,0,0,1,1,2,2,2,1,1,2,1,1,2,0,0,1,2,2,0,1,2,2,1,2,0,0,2,1,1,1,2,1,1,2,1,2,2,0,1,1,0,2,2,0,1,2,0,1,0,2,2,0,0,1,2,2,0,1,0,1,1,1,0,1,0,1,2,2,1,0,0,0,1,0,1,2,0,2,1,0,2,2,1,2,2
Best fitness found so far: -35.0; distance: 16.1245154965971
Generation: 152; 
d: 16.1245154965971; energy: -35.0; 2,2,0,2,1,1,2,2,2,1,1,1,0,0,1,1,2,2,2,1,1,2,1,1,2,0,0,1,2,2,0,1,2,2,1,2,0,0,2,1,1,1,2,1,1,2,1,2,2,0,1,1,0,2,2,0,1,2,0,1,0,2,2,0,0,1,2,2,0,1,0,1,1,1,0,1,0,1,2,2,1,0,0,0,1,0,1,2,0,2,1,0,2,2,1,2,2
Best fitness found so far: -35.0; distance: 16.1245154965971
Generation: 153; 
d: 16.1245154965971; energy: -35.0; 2,2,0,2,1,1,2,2,2,1,1,1,0,0,1,1,2,2,2,1,1,2,1,1,2,0,0,1,2,2,0,1,2,2,1,2,0,0,2,1,1,1,2,1,1,2,1,2,2,0,1,1,1,2,2,2,1,2,1,2,2,0,0,1,0,1,2,2,0,1,0,1,1,1,0,1,0,1,2,2,1,0,0,0,1,0,1,2,0,2,1,0,2,2,1,2,2
Best fitness found so far: -35.0; distance: 16.1245154965971
Generation: 154; 
d: 16.1245154965971; energy: -35.0; 0,2,0,2,1,1,2,2,2,1,1,1,0,0,1,1,2,2,2,1,1,2,1,1,2,0,0,1,2,2,0,1,2,2,1,2,0,0,2,1,1,1,2,1,1,2,1,2,2,0,1,1,0,2,2,0,1,2,1,2,2,0,0,1,0,1,2,2,0,1,0,1,1,1,0,1,0,1,2,2,1,0,0,0,1,0,1,2,0,2,1,0,2,2,1,2,0
Best fitness found so far: -35.0; distance: 16.1245154965971
Generation: 155; 
d: 16.1245154965971; energy: -35.0; 2,2,0,2,1,1,2,2,2,1,1,1,0,0,1,1,2,2,2,1,1,2,1,1,2,0,0,1,2,2,0,1,2,2,1,2,0,0,2,1,1,1,2,1,1,2,1,2,2,0,1,1,0,2,2,0,1,2,0,1,0,2,2,0,0,1,2,2,0,1,0,1,1,1,0,1,0,1,2,2,1,2,0,0,1,0,1,2,0,2,1,0,2,2,1,2,2
Best fitness found so far: -35.0; distance: 16.1245154965971
Generation: 156; 
d: 16.1245154965971; energy: -35.0; 2,2,0,2,1,1,2,2,2,1,1,1,0,0,1,1,2,2,2,1,1,2,1,1,2,0,0,1,2,2,0,1,2,2,1,2,0,0,2,1,1,1,2,1,1,2,1,2,2,0,1,1,0,2,2,0,1,2,0,1,0,2,2,0,0,1,2,2,0,1,0,1,1,1,0,1,0,1,2,2,1,2,0,0,1,0,1,2,0,2,1,0,2,2,1,2,2
Best fitness found so far: -35.0; distance: 16.1245154965971
Generation: 157; 
d: 16.1245154965971; energy: -35.0; 2,2,0,2,1,1,2,2,2,1,1,1,0,0,1,1,2,2,2,1,1,2,1,1,2,0,0,1,2,2,2,1,2,2,1,2,0,0,2,1,1,1,2,1,1,2,1,2,2,0,1,1,1,2,2,2,1,2,1,2,2,0,0,1,0,1,2,2,0,1,0,1,1,1,0,1,0,1,2,2,1,0,0,0,1,0,1,2,0,2,1,0,2,2,1,2,2
Best fitness found so far: -35.0; distance: 16.1245154965971
Generation: 158; 
d: 16.1245154965971; energy: -35.0; 2,2,0,2,1,1,2,2,2,1,1,1,0,0,1,1,2,2,2,1,1,2,1,1,2,0,0,1,2,2,2,1,2,2,1,2,0,0,2,1,1,1,2,1,1,2,1,2,2,0,1,1,1,2,2,2,1,2,1,2,2,0,0,1,0,1,2,2,0,1,0,1,1,1,0,1,0,1,2,2,1,0,0,0,1,0,1,2,0,2,1,0,2,2,1,2,2
Best fitness found so far: -35.0; distance: 16.1245154965971
Generation: 159; 
d: 16.1245154965971; energy: -35.0; 2,2,0,2,1,1,2,2,2,1,1,1,0,0,1,1,2,2,2,1,1,2,1,1,2,0,0,1,2,2,2,1,2,2,1,2,0,0,2,1,1,1,2,1,1,2,1,2,2,0,1,1,1,2,2,2,1,2,1,2,2,0,0,1,0,1,2,2,0,1,0,1,1,1,0,1,0,1,2,2,1,0,0,0,1,0,1,2,0,2,1,0,2,2,1,2,2
Best fitness found so far: -35.0; distance: 16.1245154965971
Generation: 160; 
d: 16.1245154965971; energy: -35.0; 2,2,0,2,1,1,2,2,2,1,1,1,0,0,1,1,2,2,2,1,1,2,1,1,2,0,0,1,2,2,2,1,2,2,1,2,0,0,2,1,1,1,2,1,1,2,1,2,2,0,1,1,1,2,2,2,1,2,1,2,2,0,0,1,0,1,2,2,0,1,0,1,1,1,0,1,0,1,2,2,1,0,0,0,1,0,1,2,0,2,1,0,2,2,1,2,2
Best fitness found so far: -35.0; distance: 16.1245154965971
Generation: 161; 
d: 16.1245154965971; energy: -35.0; 2,2,0,2,1,1,2,2,2,1,1,1,0,0,1,1,2,2,2,1,1,2,1,1,2,0,0,1,2,2,0,1,2,2,1,2,0,0,2,1,1,1,2,1,1,2,1,2,2,0,1,1,0,2,2,0,1,2,0,1,0,2,2,0,0,1,2,2,0,1,0,1,1,1,0,1,0,1,2,2,1,2,0,0,1,0,1,2,0,2,1,0,2,2,1,2,2
Best fitness found so far: -35.0; distance: 16.1245154965971
Generation: 162; 
d: 16.1245154965971; energy: -35.0; 2,2,0,2,1,1,2,2,2,1,1,1,0,0,1,1,2,2,2,1,1,2,1,1,2,0,0,1,2,2,0,1,2,2,1,2,0,0,2,1,1,1,2,1,1,2,1,2,2,0,1,1,1,2,2,2,1,2,1,2,2,0,0,1,0,1,2,2,0,1,0,1,1,1,0,1,0,1,2,2,1,0,0,0,1,0,1,2,0,2,1,0,2,2,1,2,2
Best fitness found so far: -35.0; distance: 16.1245154965971
Generation: 163; 
d: 16.1245154965971; energy: -35.0; 2,2,0,2,1,1,2,2,2,1,1,1,0,0,1,1,2,2,2,1,1,2,1,1,2,0,0,1,2,2,0,1,2,2,1,2,0,0,2,1,1,1,2,1,1,2,1,2,2,0,1,1,1,2,2,2,1,2,1,2,2,0,0,1,0,1,2,2,0,1,0,1,1,1,0,1,0,1,2,2,1,0,0,0,1,0,1,2,0,2,1,0,2,2,1,2,2
Best fitness found so far: -35.0; distance: 16.1245154965971
Generation: 164; 
d: 15.297058540778355; energy: -35.0; 0,0,1,0,0,1,2,2,0,2,1,2,0,0,1,0,2,2,1,2,0,0,1,2,2,2,0,1,2,2,0,1,2,2,1,2,0,0,2,1,1,1,2,1,1,2,1,2,2,0,0,1,0,2,2,0,0,0,2,2,0,2,2,2,1,1,2,2,1,2,0,0,1,0,0,1,0,1,2,2,1,0,0,0,1,0,0,2,0,2,2,0,2,2,1,2,2
Best fitness found so far: -35.0; distance: 16.1245154965971
Generation: 165; 
d: 15.297058540778355; energy: -35.0; 0,0,1,0,0,1,2,2,0,2,1,2,0,0,1,0,2,2,1,2,0,0,1,2,2,2,0,1,2,2,0,1,2,2,1,2,0,0,2,1,1,1,2,1,1,2,1,2,2,0,0,1,0,2,2,0,0,0,2,2,0,2,2,2,1,1,2,2,1,2,0,0,1,0,0,1,0,1,2,2,1,0,0,0,1,0,0,2,0,2,2,0,2,2,1,2,2
Best fitness found so far: -35.0; distance: 16.1245154965971
Generation: 166; 
d: 16.1245154965971; energy: -35.0; 2,2,0,2,1,1,2,2,2,1,1,1,0,0,1,1,2,2,2,1,1,2,1,1,2,0,0,1,2,2,0,1,2,2,1,2,0,0,2,1,1,1,2,1,1,2,1,2,2,0,1,1,1,2,2,2,1,2,1,2,2,0,0,1,0,1,2,2,0,1,0,1,1,1,0,1,0,1,2,2,1,0,0,0,1,0,1,2,0,2,1,0,2,2,1,2,2
Best fitness found so far: -35.0; distance: 16.1245154965971
Generation: 167; 
d: 16.1245154965971; energy: -35.0; 2,2,0,2,1,1,2,2,2,1,1,1,0,0,1,1,2,2,2,1,1,2,1,1,2,0,0,1,2,2,0,1,2,2,1,2,0,0,2,1,1,1,2,1,1,2,1,2,2,0,1,1,1,2,2,2,1,2,1,2,2,0,0,1,0,1,2,2,0,1,0,1,1,1,0,1,0,1,2,2,1,0,0,0,1,0,1,2,0,2,1,0,2,2,1,2,2
Best fitness found so far: -35.0; distance: 16.1245154965971
Generation: 168; 
d: 15.264337522473747; energy: -33.0; 2,2,0,2,1,1,2,2,2,1,1,1,0,0,1,0,2,2,1,2,0,0,1,2,2,2,0,1,2,2,0,1,2,2,1,2,0,0,2,1,1,1,2,1,1,2,1,2,2,0,0,1,0,2,2,0,2,1,0,1,2,2,1,2,1,1,2,2,1,2,0,2,2,1,2,1,1,1,0,0,2,2,0,0,1,0,1,2,0,2,1,0,2,2,1,2,2
Best fitness found so far: -35.0; distance: 16.1245154965971
Generation: 169; 
d: 15.264337522473747; energy: -33.0; 2,2,0,2,1,1,2,2,2,1,1,1,0,0,1,0,2,2,1,2,0,0,1,2,2,2,0,1,2,2,0,1,2,2,1,2,0,0,2,1,1,1,2,1,1,2,1,2,2,0,0,1,0,2,2,0,2,1,0,1,2,2,1,2,1,1,2,2,1,2,0,2,2,1,2,1,1,1,0,0,2,2,0,0,1,0,1,2,0,2,1,0,2,2,1,2,2
Best fitness found so far: -35.0; distance: 16.1245154965971
Generation: 170; 
d: 13.45362404707371; energy: -33.0; 0,1,0,0,0,1,2,2,0,2,1,2,0,0,1,0,2,2,1,2,0,0,1,2,2,2,0,1,2,2,2,1,2,2,1,2,0,0,2,1,1,1,2,1,1,2,1,2,2,0,1,1,1,2,2,2,1,2,1,2,2,0,0,1,0,1,2,2,0,1,0,1,1,1,0,1,0,1,2,2,1,0,0,0,1,0,1,2,0,2,1,0,2,2,1,2,2
Best fitness found so far: -35.0; distance: 16.1245154965971
Generation: 171; 
d: 13.45362404707371; energy: -33.0; 0,1,0,0,0,1,2,2,0,2,1,2,0,0,1,0,2,2,1,2,0,0,1,2,2,2,0,1,2,2,2,1,2,2,1,2,0,0,2,1,1,1,2,1,1,2,1,2,2,0,1,1,1,2,2,2,1,2,1,2,2,0,0,1,0,1,2,2,0,1,0,1,1,1,0,1,0,1,2,2,1,0,0,0,1,0,1,2,0,2,1,0,2,2,1,2,2
Best fitness found so far: -35.0; distance: 16.1245154965971
Generation: 172; 
d: 14.422205101855956; energy: -34.0; 2,2,0,2,1,1,2,2,2,1,1,1,0,0,1,1,2,2,1,2,0,0,1,2,2,2,0,1,2,2,0,1,2,2,1,2,0,0,2,1,1,1,2,1,1,2,1,2,2,0,0,1,0,2,2,0,2,1,0,1,2,2,1,2,0,2,2,0,1,2,1,0,1,0,0,1,0,1,2,2,1,0,0,0,1,0,0,2,0,2,1,0,2,2,1,2,2
Best fitness found so far: -35.0; distance: 16.1245154965971
Generation: 173; 
d: 14.422205101855956; energy: -34.0; 2,2,0,2,1,1,2,2,2,1,1,1,0,0,1,1,2,2,1,2,0,0,1,2,2,2,0,1,2,2,0,1,2,2,1,2,0,0,2,1,1,1,2,1,1,2,1,2,2,0,0,1,0,2,2,0,2,1,0,1,2,2,1,2,0,2,2,0,1,2,1,0,1,0,0,1,0,1,2,2,1,0,0,0,1,0,0,2,0,2,1,0,2,2,1,2,2
Best fitness found so far: -35.0; distance: 16.1245154965971
Generation: 174; 
d: 14.422205101855956; energy: -34.0; 2,2,0,2,1,1,2,2,2,1,1,1,0,0,1,1,2,2,1,2,0,0,1,2,2,2,0,1,2,2,0,1,2,2,1,2,0,0,2,1,1,1,2,1,1,2,1,2,2,2,0,1,0,1,2,0,0,0,0,1,2,2,1,2,0,2,2,0,1,2,1,0,1,0,0,1,0,1,2,2,1,0,0,0,1,0,1,2,0,2,1,0,2,2,1,2,2
Best fitness found so far: -35.0; distance: 16.1245154965971
Generation: 175; 
d: 14.422205101855956; energy: -34.0; 2,2,0,2,1,1,2,2,2,1,1,1,0,0,1,1,2,2,1,2,0,0,1,2,2,2,0,1,2,2,0,1,2,2,1,2,0,0,2,1,1,1,2,1,1,2,1,2,2,2,0,1,0,1,2,0,0,0,0,1,2,2,1,2,0,2,2,0,1,2,1,0,1,0,0,1,0,1,2,2,1,0,0,0,1,0,1,2,0,2,1,0,2,2,1,2,2
Best fitness found so far: -35.0; distance: 16.1245154965971
Generation: 176; 
d: 16.1245154965971; energy: -35.0; 2,2,0,2,1,1,2,2,2,1,1,1,0,0,1,1,2,2,2,1,1,2,1,1,2,0,0,1,2,2,0,1,2,2,1,2,0,0,2,1,1,1,2,1,1,2,1,2,2,0,1,1,1,2,2,2,1,2,1,2,2,0,0,1,0,1,2,2,0,1,0,1,1,1,0,1,0,1,2,2,1,0,0,0,1,0,1,2,0,2,1,0,2,2,1,2,2
Best fitness found so far: -35.0; distance: 16.1245154965971
Generation: 177; 
d: 16.1245154965971; energy: -35.0; 2,2,0,2,1,1,2,2,2,1,1,1,0,0,1,1,2,2,2,1,1,2,1,1,2,0,0,1,2,2,0,1,2,2,1,2,0,0,2,1,1,1,2,1,1,2,1,2,2,0,1,1,1,2,2,2,1,2,1,2,2,0,0,1,0,1,2,2,0,1,0,1,1,1,0,1,0,1,2,2,1,0,0,0,1,0,1,2,0,2,1,0,2,2,1,2,2
Best fitness found so far: -35.0; distance: 16.1245154965971
Generation: 178; 
d: 16.15549442140351; energy: -34.0; 2,2,0,1,0,2,0,0,2,1,1,1,0,0,1,1,2,2,2,1,1,2,1,1,2,0,0,1,2,2,0,1,2,2,1,2,0,0,2,1,1,1,2,1,1,2,1,2,2,0,1,1,1,2,2,2,1,2,1,2,2,0,0,1,0,1,2,2,0,1,0,1,1,1,0,1,0,1,2,2,1,0,0,0,1,0,1,2,0,2,1,0,2,2,1,2,2
Best fitness found so far: -35.0; distance: 16.1245154965971
Generation: 179; 
d: 16.15549442140351; energy: -34.0; 2,2,0,1,0,2,0,0,2,1,1,1,0,0,1,1,2,2,2,1,1,2,1,1,2,0,0,1,2,2,0,1,2,2,1,2,0,0,2,1,1,1,2,1,1,2,1,2,2,0,1,1,1,2,2,2,1,2,1,2,2,0,0,1,0,1,2,2,0,1,0,1,1,1,0,1,0,1,2,2,1,0,0,0,1,0,1,2,0,2,1,0,2,2,1,2,2
Best fitness found so far: -35.0; distance: 16.1245154965971
Generation: 180; 
d: 16.1245154965971; energy: -35.0; 2,2,0,2,1,1,2,2,2,1,1,1,0,0,1,1,2,2,2,1,1,2,1,1,2,0,0,1,2,2,0,1,2,2,1,2,0,0,2,1,1,1,2,1,1,2,1,2,2,0,1,1,1,2,2,2,1,2,1,2,2,0,0,1,0,1,2,2,0,1,0,1,1,1,0,1,0,1,2,2,1,0,0,0,1,0,1,2,0,2,1,0,2,2,1,2,2
Best fitness found so far: -35.0; distance: 16.1245154965971
Generation: 181; 
d: 16.1245154965971; energy: -35.0; 2,2,0,2,1,1,2,2,2,1,1,1,0,0,1,1,2,2,2,1,1,2,1,1,2,0,0,1,2,2,0,1,2,2,1,2,0,0,2,1,1,1,2,1,1,2,1,2,2,0,1,1,1,2,2,2,1,2,1,2,2,0,0,1,0,1,2,2,0,1,0,1,1,1,0,1,0,1,2,2,1,0,0,0,1,0,1,2,0,2,1,0,2,2,1,2,2
Best fitness found so far: -35.0; distance: 16.1245154965971
Generation: 182; 
d: 14.422205101855956; energy: -34.0; 2,2,0,2,1,1,2,2,2,1,1,1,0,0,1,1,2,2,1,2,0,0,1,2,2,2,0,1,2,2,0,1,2,2,1,2,0,0,2,1,1,1,2,1,1,2,1,2,2,0,0,1,0,2,2,0,2,1,0,1,2,2,1,2,0,2,2,0,1,2,1,0,1,0,0,1,0,1,2,2,1,0,0,0,1,0,0,2,0,2,1,0,2,2,1,2,2
Best fitness found so far: -35.0; distance: 16.1245154965971
Generation: 183; 
d: 14.422205101855956; energy: -34.0; 2,2,0,2,1,1,2,2,2,1,1,1,0,0,1,1,2,2,1,2,0,0,1,2,2,2,0,1,2,2,0,1,2,2,1,2,0,0,2,1,1,1,2,1,1,2,1,2,2,0,0,1,0,2,2,0,2,1,0,1,2,2,1,2,0,2,2,0,1,2,1,0,1,0,0,1,0,1,2,2,1,0,0,0,1,0,0,2,0,2,1,0,2,2,1,2,2
Best fitness found so far: -35.0; distance: 16.1245154965971
Generation: 184; 
d: 14.422205101855956; energy: -34.0; 2,2,0,2,1,1,2,2,2,1,1,1,0,0,1,1,2,2,1,2,0,0,1,2,2,2,0,1,2,2,0,1,2,2,1,2,0,0,2,1,1,1,2,1,1,2,1,2,2,2,0,1,0,1,2,0,0,0,0,1,2,2,1,2,0,2,2,0,1,2,1,0,1,0,0,1,0,1,2,2,1,0,0,0,1,0,1,2,0,2,1,0,2,2,1,2,2
Best fitness found so far: -35.0; distance: 16.1245154965971
Generation: 185; 
d: 14.422205101855956; energy: -34.0; 2,2,0,2,1,1,2,2,2,1,1,1,0,0,1,1,2,2,1,2,0,0,1,2,2,2,0,1,2,2,0,1,2,2,1,2,0,0,2,1,1,1,2,1,1,2,1,2,2,2,0,1,0,1,2,0,0,0,0,1,2,2,1,2,0,2,2,0,1,2,1,0,1,0,0,1,0,1,2,2,1,0,0,0,1,0,1,2,0,2,1,0,2,2,1,2,2
Best fitness found so far: -35.0; distance: 16.1245154965971
Generation: 186; 
d: 16.1245154965971; energy: -35.0; 2,2,0,2,1,1,2,2,2,1,1,1,0,0,1,1,2,2,2,1,1,2,1,1,2,0,0,1,2,2,0,1,2,2,1,2,0,0,2,1,1,1,2,1,1,2,1,2,2,0,1,1,1,2,2,2,1,2,1,2,2,0,0,1,0,1,2,2,0,1,0,1,1,1,0,1,0,1,2,2,1,0,0,0,1,0,1,2,0,2,1,0,2,2,1,2,2
Best fitness found so far: -35.0; distance: 16.1245154965971
Generation: 187; 
d: 16.1245154965971; energy: -35.0; 2,2,0,2,1,1,2,2,2,1,1,1,0,0,1,1,2,2,2,1,1,2,1,1,2,0,0,1,2,2,0,1,2,2,1,2,0,0,2,1,1,1,2,1,1,2,1,2,2,0,1,1,1,2,2,2,1,2,1,2,2,0,0,1,0,1,2,2,0,1,0,1,1,1,0,1,0,1,2,2,1,0,0,0,1,0,1,2,0,2,1,0,2,2,1,2,2
Best fitness found so far: -35.0; distance: 16.1245154965971
Generation: 188; 
d: 16.1245154965971; energy: -35.0; 2,2,0,2,1,1,2,2,2,1,1,1,0,0,1,1,2,2,2,1,1,2,1,1,2,0,0,1,2,2,0,1,2,2,1,2,0,0,2,1,1,1,2,1,1,2,1,2,2,0,1,1,1,2,2,2,1,2,1,2,2,0,0,1,0,1,2,2,0,1,0,1,1,1,0,1,0,1,2,2,1,0,0,0,1,0,1,2,0,2,1,0,2,2,1,2,2
Best fitness found so far: -35.0; distance: 16.1245154965971
Generation: 189; 
d: 16.1245154965971; energy: -35.0; 2,2,0,2,1,1,2,2,2,1,1,1,0,0,1,1,2,2,2,1,1,2,1,1,2,0,0,1,2,2,0,1,2,2,1,2,0,0,2,1,1,1,2,1,1,2,1,2,2,0,1,1,1,2,2,2,1,2,1,2,2,0,0,1,0,1,2,2,0,1,0,1,1,1,0,1,0,1,2,2,1,0,0,0,1,0,1,2,0,2,1,0,2,2,1,2,2
Best fitness found so far: -35.0; distance: 16.1245154965971
Generation: 190; 
d: 16.1245154965971; energy: -35.0; 2,2,0,2,1,1,2,2,2,1,1,1,0,0,1,1,2,2,2,1,1,2,1,1,2,0,0,1,2,2,0,1,2,2,1,2,0,0,2,1,1,1,2,1,1,2,1,2,2,0,1,1,1,2,2,2,1,2,1,2,2,0,0,1,0,1,2,2,0,1,0,1,1,1,0,1,0,1,2,2,1,0,0,0,1,0,1,2,0,2,1,0,2,2,1,2,2
Best fitness found so far: -35.0; distance: 16.1245154965971
Generation: 191; 
d: 16.1245154965971; energy: -35.0; 2,2,0,2,1,1,2,2,2,1,1,1,0,0,1,1,2,2,2,1,1,2,1,1,2,0,0,1,2,2,0,1,2,2,1,2,0,0,2,1,1,1,2,1,1,2,1,2,2,0,1,1,1,2,2,2,1,2,1,2,2,0,0,1,0,1,2,2,0,1,0,1,1,1,0,1,0,1,2,2,1,0,0,0,1,0,1,2,0,2,1,0,2,2,1,2,2
Best fitness found so far: -35.0; distance: 16.1245154965971
Generation: 192; 
d: 16.1245154965971; energy: -35.0; 2,2,0,2,1,1,2,2,2,1,1,1,0,0,1,1,2,2,2,1,1,2,1,1,2,0,0,1,2,2,0,1,2,2,1,2,0,0,2,1,1,1,2,1,1,2,1,2,2,0,1,1,1,2,2,2,1,2,1,2,2,0,0,1,0,1,2,2,0,1,0,1,1,1,0,1,0,1,2,2,1,0,0,0,1,0,1,2,0,2,1,0,2,2,1,2,2
Best fitness found so far: -35.0; distance: 16.1245154965971
Generation: 193; 
d: 16.1245154965971; energy: -35.0; 2,2,0,2,1,1,2,2,2,1,1,1,0,0,1,1,2,2,2,1,1,2,1,1,2,0,0,1,2,2,0,1,2,2,1,2,0,0,2,1,1,1,2,1,1,2,1,2,2,0,1,1,1,2,2,2,1,2,1,2,2,0,0,1,0,1,2,2,0,1,0,1,1,1,0,1,0,1,2,2,1,0,0,0,1,0,1,2,0,2,1,0,2,2,1,2,2
Best fitness found so far: -35.0; distance: 16.1245154965971
Generation: 194; 
d: 17.69180601295413; energy: -34.0; 2,2,0,2,1,1,2,2,2,1,1,1,0,0,1,1,2,2,1,2,0,0,1,2,2,2,0,1,2,2,0,1,2,2,1,2,0,0,2,1,1,1,2,1,1,2,1,2,2,0,0,1,0,2,2,0,2,1,0,1,2,2,1,2,0,2,2,0,1,2,1,0,1,1,2,1,1,1,0,0,2,2,0,0,1,0,1,2,0,2,1,0,2,2,1,2,2
Best fitness found so far: -35.0; distance: 16.1245154965971
Generation: 195; 
d: 14.422205101855956; energy: -34.0; 2,2,0,2,1,1,2,2,2,1,1,1,0,0,1,0,2,2,1,2,0,0,1,2,2,0,0,1,2,2,0,1,2,2,1,2,0,0,2,1,1,1,2,1,1,2,1,2,2,0,0,1,0,2,2,0,2,1,0,1,2,2,1,2,0,2,2,0,1,2,1,0,1,0,0,1,0,1,2,2,1,0,0,0,1,0,0,2,0,2,1,0,2,2,1,2,2
Best fitness found so far: -35.0; distance: 16.1245154965971
Generation: 196; 
d: 14.422205101855956; energy: -34.0; 2,2,0,2,1,1,2,2,2,1,1,1,0,0,1,1,2,2,1,2,0,0,1,2,2,2,0,1,2,2,0,1,2,2,1,2,0,0,2,1,1,1,2,1,1,2,1,2,2,0,0,1,0,2,2,0,2,1,0,1,2,2,1,2,0,2,2,0,1,2,1,0,1,0,0,1,0,1,2,2,1,0,0,0,1,0,1,2,0,2,1,0,2,2,1,2,2
Best fitness found so far: -35.0; distance: 16.1245154965971
Generation: 197; 
d: 16.55294535724685; energy: -35.0; 2,2,0,2,1,1,2,2,2,1,1,1,0,0,1,1,2,2,1,2,0,0,1,2,2,2,0,1,2,2,0,1,2,2,1,2,0,0,2,1,1,1,2,1,1,2,1,2,2,2,0,1,0,1,2,0,0,0,0,1,2,2,1,2,1,1,2,2,1,2,1,0,1,0,0,1,0,1,2,2,1,0,0,0,1,0,1,2,0,2,1,0,2,2,1,2,2
Best fitness found so far: -35.0; distance: 16.1245154965971
Generation: 198; 
d: 16.55294535724685; energy: -35.0; 2,2,0,2,1,1,2,2,2,1,1,1,0,0,1,1,2,2,1,2,0,0,1,2,2,2,0,1,2,2,0,1,2,2,1,2,0,0,2,1,1,1,2,1,1,2,1,2,2,2,0,1,0,1,2,0,0,0,0,1,2,2,1,2,1,1,2,2,1,2,1,0,1,0,0,1,0,1,2,2,1,0,0,0,1,0,1,2,0,2,1,0,2,2,1,2,2
Best fitness found so far: -35.0; distance: 16.1245154965971
Generation: 199; 
d: 15.297058540778355; energy: -35.0; 2,2,0,0,0,1,2,2,0,2,1,2,0,0,1,0,2,2,1,2,0,0,1,2,2,2,0,1,2,2,0,1,2,2,1,2,0,0,2,1,1,1,2,1,1,2,1,2,2,0,0,1,0,2,2,0,0,0,2,2,0,2,2,2,1,1,2,2,1,2,0,0,1,0,0,1,0,1,2,2,1,0,0,0,1,0,0,2,0,2,2,0,2,2,1,2,2
Best fitness found so far: -35.0; distance: 16.1245154965971
Generation: 200; 
d: 14.422205101855956; energy: -34.0; 2,2,0,2,1,1,2,2,2,1,1,1,0,0,1,0,2,2,1,2,0,0,1,2,2,2,0,1,2,2,0,1,2,2,1,2,0,0,2,1,1,1,2,1,1,2,1,2,2,0,0,1,0,2,2,0,2,1,0,1,2,2,1,2,0,2,2,0,1,2,1,0,1,0,0,1,0,1,2,2,1,0,0,0,1,0,0,2,0,2,1,0,2,2,1,2,2
Best fitness found so far: -35.0; distance: 16.1245154965971
Generation: 201; 
d: 17.804493814764857; energy: -34.0; 2,2,0,2,1,1,2,2,2,1,1,1,0,0,1,1,2,2,1,2,0,0,1,2,2,2,0,1,2,2,0,1,2,2,1,2,0,0,2,1,1,1,2,1,1,2,1,2,2,0,0,1,0,2,2,0,2,1,0,1,2,2,1,2,0,0,1,1,2,1,0,1,2,1,2,1,1,1,0,0,2,2,0,0,1,0,1,2,0,2,1,0,2,2,1,2,2
Best fitness found so far: -35.0; distance: 16.1245154965971
Generation: 202; 
d: 17.804493814764857; energy: -34.0; 2,2,0,2,1,1,2,2,2,1,1,1,0,0,1,1,2,2,1,2,0,0,1,2,2,2,0,1,2,2,0,1,2,2,1,2,0,0,2,1,1,1,2,1,1,2,1,2,2,0,0,1,0,2,2,0,2,1,0,1,2,2,1,2,0,0,1,1,2,1,0,1,2,1,2,1,1,1,0,0,2,2,0,0,1,0,1,2,0,2,1,0,2,2,1,2,2
Best fitness found so far: -35.0; distance: 16.1245154965971
Generation: 203; 
d: 14.422205101855956; energy: -34.0; 2,2,0,2,1,1,2,2,2,1,1,1,0,0,1,0,2,2,1,2,0,0,1,2,2,2,0,1,2,2,0,1,2,2,1,2,0,0,2,1,1,1,2,1,1,2,1,2,2,0,0,1,0,2,2,0,2,1,0,1,2,2,1,2,0,2,2,0,1,2,1,0,1,0,0,1,0,1,2,2,1,0,0,0,1,0,0,2,0,2,1,0,2,2,1,2,2
Best fitness found so far: -35.0; distance: 16.1245154965971
Generation: 204; 
d: 15.264337522473747; energy: -33.0; 2,2,0,2,1,1,2,2,2,1,1,1,0,0,1,1,2,2,1,2,0,0,1,2,2,2,0,1,2,2,0,1,2,2,1,2,0,0,2,1,1,1,2,1,1,2,1,2,2,2,0,1,0,1,2,0,0,0,0,1,2,2,1,1,1,1,2,2,1,2,0,2,2,1,2,1,1,1,0,0,2,2,0,0,1,0,1,2,0,2,1,0,2,2,1,2,2
Best fitness found so far: -35.0; distance: 16.1245154965971
Generation: 205; 
d: 12.649110640673518; energy: -31.0; 2,2,0,2,1,1,2,2,2,1,1,1,0,0,1,1,2,2,2,1,1,2,1,1,2,0,0,1,2,2,2,2,0,2,2,0,2,2,2,1,1,2,2,0,2,0,0,0,0,2,2,0,1,1,2,0,0,0,1,0,2,1,1,1,1,1,2,2,1,1,2,1,0,2,2,1,1,1,0,0,2,2,0,0,1,0,1,2,0,2,1,0,2,2,1,2,2
Best fitness found so far: -35.0; distance: 16.1245154965971
Generation: 206; 
d: 12.649110640673518; energy: -31.0; 2,2,0,2,1,1,2,2,2,1,1,1,0,0,1,1,2,2,2,1,1,2,1,1,2,0,0,1,2,2,2,2,0,2,2,0,2,2,2,1,1,2,2,0,2,0,0,0,0,2,2,0,1,1,2,0,0,0,1,0,2,1,1,1,1,1,2,2,1,1,2,1,0,2,2,1,1,1,0,0,2,2,0,0,1,0,1,2,0,2,1,0,2,2,1,2,2
Best fitness found so far: -35.0; distance: 16.1245154965971
Generation: 207; 
d: 12.649110640673518; energy: -31.0; 2,2,0,2,1,1,2,2,2,1,1,1,0,0,1,1,2,2,2,1,1,2,1,1,2,0,0,1,2,2,2,2,0,2,2,0,2,2,2,1,1,2,2,0,2,0,0,0,0,2,2,0,1,1,2,0,0,0,1,0,2,1,1,1,1,1,2,2,1,1,2,1,0,2,2,1,1,1,0,0,2,2,0,0,1,0,1,2,0,2,1,0,2,2,1,2,2
Best fitness found so far: -35.0; distance: 16.1245154965971
Generation: 208; 
d: 15.811388300841896; energy: -32.0; 2,2,0,2,1,1,2,2,2,1,1,1,0,0,1,0,2,2,1,2,0,0,1,2,2,2,0,1,2,2,0,1,2,2,1,2,0,0,2,1,1,1,2,1,1,2,1,2,2,0,0,1,0,2,2,0,0,0,2,2,0,2,2,2,1,1,2,2,1,2,0,0,1,0,0,1,0,1,2,2,2,2,0,0,1,0,1,2,0,2,1,0,2,2,1,2,2
Best fitness found so far: -35.0; distance: 16.1245154965971
Generation: 209; 
d: 15.811388300841896; energy: -32.0; 2,2,0,2,1,1,2,2,2,1,1,1,0,0,1,0,2,2,1,2,0,0,1,2,2,2,0,1,2,2,0,1,2,2,1,2,0,0,2,1,1,1,2,1,1,2,1,2,2,0,0,1,0,2,2,0,0,0,2,2,0,2,2,2,1,1,2,2,1,2,0,0,1,0,0,1,0,1,2,2,2,2,0,0,1,0,1,2,0,2,1,0,2,2,1,2,2
Best fitness found so far: -35.0; distance: 16.1245154965971
Generation: 210; 
d: 12.649110640673518; energy: -31.0; 2,2,0,2,1,1,2,2,2,1,1,1,0,0,1,1,2,2,2,1,1,2,1,1,2,0,0,1,2,2,2,2,0,2,2,0,2,2,2,1,1,2,2,0,2,1,2,0,0,2,2,0,1,1,2,0,0,0,1,0,2,1,1,1,1,1,2,2,1,2,2,1,0,2,2,1,1,1,0,0,2,2,0,0,1,0,1,2,0,2,1,0,2,2,1,2,2
Best fitness found so far: -35.0; distance: 16.1245154965971
Generation: 211; 
d: 12.649110640673518; energy: -31.0; 2,2,0,2,1,1,2,2,2,1,1,1,0,0,1,1,2,2,2,1,1,2,1,1,2,0,0,1,2,2,2,2,0,2,2,0,2,2,2,1,1,2,2,0,2,0,0,0,0,2,2,0,1,1,2,0,0,0,1,0,2,1,1,1,1,1,2,2,1,1,2,1,0,2,2,1,1,1,0,0,2,2,0,0,1,0,1,2,0,2,1,0,2,2,1,2,2
Best fitness found so far: -35.0; distance: 16.1245154965971
Generation: 212; 
d: 15.297058540778355; energy: -35.0; 2,2,0,0,0,1,2,2,0,2,1,2,0,0,1,0,2,2,1,2,0,0,1,2,2,2,0,1,2,2,0,1,2,2,1,2,0,0,2,1,1,1,2,1,1,2,1,2,2,0,0,1,0,2,2,0,0,0,2,2,0,2,2,2,1,1,2,2,1,2,0,0,1,0,0,1,0,1,2,2,1,0,0,0,1,0,0,2,0,2,2,0,2,2,1,2,2
Best fitness found so far: -35.0; distance: 16.1245154965971
Generation: 213; 
d: 15.297058540778355; energy: -35.0; 2,2,0,0,0,1,2,2,0,2,1,2,0,0,1,0,2,2,1,2,0,0,1,2,2,2,0,1,2,2,0,1,2,2,1,2,0,0,2,1,1,1,2,1,1,2,1,2,2,0,0,1,0,2,2,0,0,0,2,2,0,2,2,2,1,1,2,2,1,2,0,0,1,0,0,1,0,1,2,2,1,0,0,0,1,0,0,2,0,2,2,0,2,2,1,2,2
Best fitness found so far: -35.0; distance: 16.1245154965971
Generation: 214; 
d: 15.297058540778355; energy: -35.0; 2,2,0,0,0,1,2,2,0,2,1,2,0,0,1,0,2,2,1,2,0,0,1,2,2,2,0,1,2,2,0,1,2,2,1,2,0,0,2,1,1,1,2,1,1,2,1,2,2,0,0,1,0,2,2,0,0,0,2,2,0,2,2,2,1,1,2,2,1,2,0,0,1,0,0,1,0,1,2,2,1,0,0,0,1,0,0,2,0,2,2,0,2,2,1,2,2
Best fitness found so far: -35.0; distance: 16.1245154965971
Generation: 215; 
d: 15.297058540778355; energy: -35.0; 2,2,0,0,0,1,2,2,0,2,1,2,0,0,1,0,2,2,1,2,0,0,1,2,2,2,0,1,2,2,0,1,2,2,1,2,0,0,2,1,1,1,2,1,1,2,1,2,2,0,0,1,0,2,2,0,0,0,2,2,0,2,2,2,1,1,2,2,1,2,0,0,1,0,0,1,0,1,2,2,1,0,0,0,1,0,0,2,0,2,2,0,2,2,1,2,2
Best fitness found so far: -35.0; distance: 16.1245154965971
Generation: 216; 
d: 15.264337522473747; energy: -33.0; 2,2,0,2,1,1,2,2,2,1,1,1,0,0,1,0,2,2,1,2,0,0,1,2,2,2,0,1,2,2,0,1,2,2,1,2,0,0,2,1,1,1,2,1,1,2,1,2,2,0,0,1,0,2,2,0,2,1,0,1,2,2,1,1,1,1,2,2,1,2,0,2,2,1,2,1,1,1,0,0,2,2,0,0,1,0,1,2,0,2,1,0,2,2,1,2,2
Best fitness found so far: -35.0; distance: 16.1245154965971
Generation: 217; 
d: 14.422205101855956; energy: -34.0; 2,2,0,2,1,1,2,2,2,1,1,1,0,0,1,0,2,2,1,2,0,0,1,2,2,2,0,1,2,2,0,1,2,2,1,2,0,0,2,1,1,1,2,1,1,2,1,2,2,0,0,1,0,2,2,0,2,1,0,1,2,2,1,2,0,2,2,0,1,2,1,0,1,0,0,1,0,1,2,2,1,0,0,0,1,0,0,2,0,2,1,0,2,2,1,2,2
Best fitness found so far: -35.0; distance: 16.1245154965971
Generation: 218; 
d: 14.422205101855956; energy: -34.0; 2,2,0,2,1,1,2,2,2,1,1,1,0,0,1,0,2,2,1,2,0,0,1,2,2,2,0,1,2,2,0,1,2,2,1,2,0,0,2,1,1,1,2,1,1,2,1,2,2,0,0,1,0,2,2,0,2,1,0,1,2,2,1,2,0,2,2,0,1,2,1,0,1,0,0,1,0,1,2,2,1,0,0,0,1,0,0,2,0,2,1,0,2,2,1,2,2
Best fitness found so far: -35.0; distance: 16.1245154965971
