Algorithm configured with: 
Pop: 1000
Aux Pop: 200
CrP: 1.0
MtP: 1.0
List of crossover: 
SinglePointCrossover
IntegerTwoPointsCrossover
MultiPointsCrossover
List of mutations: 
BitFlipMutation
LoopMoveOperator
LocalMoveOperator
SegmentMutation
OppositeMoveOperator
Execution: 1
Generation: 0; 
d: 18.439088914585774; energy: -11.0; 1,2,0,1,1,0,2,2,0,2,2,1,0,0,1,2,0,1,1,1,0,1,0,2,2,0,2,2,1,1,1,0,0,2,0,1,2,0,1,1,2,0,0,1,0,1,2,1,2,0,2,1,2,0,2,2,0,0,2,1,0,1,0,2,1,0,2,1,1,0,0,1,1,1,1,1,2,1,1,0,1,2,2
Best fitness found so far: -11.0; distance: 18.439088914585774
Generation: 1; 
d: 16.278820596099706; energy: -29.0; 2,0,1,2,0,0,0,2,2,0,0,2,1,1,0,0,0,1,2,2,2,0,2,2,0,1,2,0,0,1,1,2,0,2,2,1,2,2,0,0,0,1,2,1,1,1,0,1,1,1,0,2,0,1,0,0,0,0,1,1,1,2,1,0,2,0,2,0,1,0,1,0,0,2,0,0,0,2,0,0,2,2,1
Best fitness found so far: -29.0; distance: 16.278820596099706
Generation: 2; 
d: 17.46424919657298; energy: -26.0; 1,1,1,1,0,0,0,1,1,0,0,2,2,1,2,0,0,0,1,2,1,1,0,2,1,2,2,0,1,2,2,2,1,2,2,0,2,1,0,1,2,1,1,2,0,2,2,0,2,1,0,1,1,0,2,0,0,0,1,2,2,0,0,1,2,2,0,2,0,2,2,0,0,2,0,2,2,2,2,2,2,0,1
Best fitness found so far: -29.0; distance: 16.278820596099706
Generation: 3; 
d: 17.72004514666935; energy: -27.0; 1,1,1,1,1,0,2,1,1,1,0,1,0,0,1,0,0,2,2,0,2,0,0,0,0,2,1,2,1,1,2,0,0,1,0,0,0,2,2,1,1,0,0,1,2,2,1,1,2,1,0,1,1,2,2,0,1,2,2,1,0,1,0,1,0,2,1,1,0,0,0,0,1,0,2,1,1,1,1,0,0,0,1
Best fitness found so far: -29.0; distance: 16.278820596099706
Generation: 4; 
d: 14.7648230602334; energy: -28.0; 2,2,1,2,0,2,2,1,1,0,0,1,0,1,1,0,0,1,1,1,1,0,0,2,1,1,0,0,1,2,1,1,0,2,1,0,0,1,1,0,2,1,1,1,0,1,1,0,0,2,0,2,2,0,2,1,2,1,1,0,0,0,2,2,1,2,0,2,2,2,0,2,1,0,0,0,2,1,1,0,0,2,2
Best fitness found so far: -29.0; distance: 16.278820596099706
Generation: 5; 
d: 20.615528128088304; energy: -27.0; 1,2,1,1,1,1,1,2,1,2,2,0,0,2,2,0,1,0,0,2,2,1,1,1,1,2,1,0,1,2,0,1,0,0,2,2,0,2,0,0,1,0,2,0,2,2,1,1,2,1,1,1,1,2,1,0,1,2,2,1,1,0,0,1,1,2,0,0,1,2,0,1,0,1,1,2,2,0,2,1,2,0,2
Best fitness found so far: -29.0; distance: 16.278820596099706
Generation: 6; 
d: 17.46424919657298; energy: -28.0; 2,2,1,2,0,2,0,1,2,1,1,0,0,1,0,0,0,0,0,1,2,1,2,0,1,1,2,2,1,2,0,2,2,1,0,2,2,0,2,2,1,2,1,0,1,1,0,2,1,1,0,2,1,0,0,1,0,2,0,0,1,2,0,0,0,2,0,0,2,0,2,2,1,2,1,2,1,0,0,1,2,1,2
Best fitness found so far: -29.0; distance: 16.278820596099706
Generation: 7; 
d: 15.524174696260024; energy: -30.0; 1,1,1,1,1,1,1,0,1,0,1,0,2,2,1,1,1,2,0,2,0,1,0,1,0,1,1,0,2,2,1,0,0,1,2,2,0,2,0,0,1,0,2,1,2,2,0,0,0,0,0,0,0,0,0,0,1,0,0,0,1,0,1,1,1,2,0,0,1,1,2,0,0,2,2,1,1,1,2,0,1,0,1
Best fitness found so far: -30.0; distance: 15.524174696260024
Generation: 8; 
d: 18.24828759089466; energy: -31.0; 2,2,1,0,1,1,0,1,0,0,1,1,2,2,1,1,2,1,1,2,1,2,0,0,1,1,2,1,1,1,0,0,2,2,1,0,0,1,0,1,0,0,1,1,2,2,1,2,1,1,2,0,2,0,0,1,0,2,2,1,2,1,0,0,1,1,0,0,1,1,1,2,1,0,2,1,2,1,2,0,0,1,2
Best fitness found so far: -31.0; distance: 18.24828759089466
Generation: 9; 
d: 18.788294228055936; energy: -32.0; 2,2,1,2,0,2,2,0,2,2,0,2,1,1,0,0,0,1,2,2,2,0,2,2,0,1,2,0,0,1,1,2,0,2,2,1,2,2,0,0,0,1,2,1,1,1,0,1,1,1,0,2,0,1,0,0,0,0,1,1,1,2,1,0,2,0,2,0,1,0,1,0,0,2,0,0,0,2,0,0,2,2,1
Best fitness found so far: -32.0; distance: 18.788294228055936
Generation: 10; 
d: 14.866068747318506; energy: -31.0; 2,0,1,2,1,2,2,1,2,2,1,2,2,1,0,1,0,0,2,0,2,0,0,0,1,0,2,0,2,0,0,1,0,1,1,2,2,1,1,1,0,0,0,0,0,0,0,2,2,2,2,1,0,0,0,0,0,0,0,0,1,0,2,1,0,2,2,1,1,2,2,2,0,1,1,0,0,0,2,1,2,1,0
Best fitness found so far: -32.0; distance: 18.788294228055936
Generation: 11; 
d: 15.811388300841896; energy: -31.0; 1,0,0,0,2,2,1,2,1,0,1,1,0,2,2,1,0,0,1,1,0,0,1,1,2,0,0,0,0,1,1,0,1,1,2,2,2,0,0,0,0,2,2,0,1,0,0,2,1,0,1,0,1,1,0,1,0,0,2,2,1,1,2,2,0,1,2,0,0,1,2,2,0,0,1,0,1,1,0,1,0,1,0
Best fitness found so far: -32.0; distance: 18.788294228055936
Generation: 12; 
d: 13.038404810405298; energy: -34.0; 0,0,2,0,2,2,0,2,2,1,0,1,2,2,0,1,0,0,1,0,2,0,1,1,1,1,2,1,0,1,1,0,2,2,0,0,0,1,0,2,1,0,1,1,0,0,0,1,1,2,0,0,2,0,1,0,2,2,1,1,1,2,2,1,1,1,1,0,0,0,1,2,0,1,0,0,1,0,0,0,0,2,2
Best fitness found so far: -34.0; distance: 13.038404810405298
Generation: 13; 
d: 14.560219778561036; energy: -38.0; 1,1,1,0,1,1,0,1,0,0,1,1,2,2,1,1,2,1,1,2,1,2,0,0,1,1,2,1,1,1,0,0,2,2,1,0,0,1,0,1,0,0,1,1,1,0,0,1,2,1,2,0,0,1,0,1,1,1,2,2,1,0,0,1,0,0,0,2,2,0,2,2,2,0,1,0,1,0,2,0,1,0,0
Best fitness found so far: -38.0; distance: 14.560219778561036
Generation: 14; 
d: 14.866068747318506; energy: -33.0; 2,0,1,2,1,2,2,1,2,2,1,2,2,1,0,1,0,0,2,0,2,0,0,0,0,2,1,2,1,1,2,0,0,1,0,0,0,2,2,1,1,0,0,1,2,2,1,1,2,1,0,1,1,2,2,0,1,2,2,1,2,1,2,1,2,2,1,1,0,2,1,2,0,2,1,1,1,1,1,0,0,0,1
Best fitness found so far: -38.0; distance: 14.560219778561036
Generation: 15; 
d: 18.24828759089466; energy: -33.0; 0,2,1,0,1,1,0,1,0,0,1,1,2,2,1,1,2,1,1,2,1,2,0,0,1,1,2,1,1,1,0,0,2,2,1,0,0,1,0,1,0,0,1,1,1,0,0,1,2,1,2,0,0,1,0,1,1,1,2,2,1,0,0,1,0,0,0,2,2,0,2,2,2,0,1,0,1,0,2,0,1,0,0
Best fitness found so far: -38.0; distance: 14.560219778561036
Generation: 16; 
d: 14.317821063276353; energy: -34.0; 1,1,1,1,0,0,0,1,1,1,2,1,2,2,1,2,1,0,0,0,0,0,0,0,1,0,0,2,2,1,1,1,1,2,2,0,0,0,0,0,1,0,0,0,0,1,2,2,2,2,2,1,1,2,0,0,1,0,0,2,1,1,1,0,2,2,1,1,1,0,1,0,0,1,1,1,0,0,0,2,0,0,1
Best fitness found so far: -38.0; distance: 14.560219778561036
Generation: 17; 
d: 16.64331697709324; energy: -35.0; 1,1,1,0,1,1,0,1,0,0,1,1,2,2,1,1,2,1,1,2,1,2,0,0,1,1,2,1,1,1,0,0,2,2,1,0,0,1,0,1,0,0,1,1,1,0,0,1,2,1,2,0,0,1,0,1,1,1,2,2,1,0,0,1,0,0,0,0,2,2,0,0,1,2,2,0,0,2,0,0,0,2,2
Best fitness found so far: -38.0; distance: 14.560219778561036
Generation: 18; 
d: 16.76305461424021; energy: -35.0; 1,1,1,1,0,0,0,1,1,1,2,1,2,2,1,2,1,0,0,0,0,0,0,1,1,0,0,0,1,2,1,2,2,0,0,2,1,0,0,1,1,1,1,1,1,0,0,1,2,1,2,2,0,1,2,1,0,2,2,1,2,1,0,0,1,2,1,2,1,0,2,0,1,2,0,2,2,1,2,1,2,1,1
Best fitness found so far: -38.0; distance: 14.560219778561036
Generation: 19; 
d: 15.264337522473747; energy: -35.0; 2,2,0,1,2,1,0,1,1,2,1,1,2,2,1,0,0,2,1,0,0,0,2,1,0,0,0,0,0,2,2,1,2,1,1,2,1,0,1,1,1,0,0,2,2,2,0,2,0,0,1,1,2,2,1,2,0,2,0,0,1,1,0,0,0,1,1,0,0,2,2,1,0,2,1,2,0,2,2,0,0,0,0
Best fitness found so far: -38.0; distance: 14.560219778561036
Generation: 20; 
d: 13.92838827718412; energy: -35.0; 1,1,0,2,2,2,2,1,2,2,0,0,2,1,0,1,1,1,2,1,0,0,0,1,0,0,0,0,0,2,1,0,0,1,2,2,0,2,0,2,1,1,2,1,2,2,0,2,0,0,1,0,0,1,0,0,0,2,0,0,1,2,0,0,0,2,0,2,2,1,2,2,2,2,2,0,0,0,0,1,1,0,1
Best fitness found so far: -38.0; distance: 14.560219778561036
Generation: 21; 
d: 14.212670403551895; energy: -36.0; 1,1,0,2,2,1,1,1,2,1,2,2,0,1,1,0,2,2,1,2,0,0,0,0,1,0,0,2,2,1,1,1,0,0,1,2,2,1,0,0,1,0,2,0,2,2,1,1,0,0,1,0,0,1,0,0,0,2,0,0,1,2,0,0,0,0,0,0,1,1,2,2,1,1,0,2,1,1,2,2,0,2,0
Best fitness found so far: -38.0; distance: 14.560219778561036
Generation: 22; 
d: 14.317821063276353; energy: -38.0; 1,1,1,1,0,0,0,1,1,0,0,0,2,1,0,1,1,1,2,1,0,0,0,1,0,0,0,0,0,2,1,0,0,1,2,2,0,2,0,2,1,1,2,1,2,2,0,2,0,0,1,0,0,1,0,0,0,2,0,0,1,2,0,0,0,2,0,2,2,1,2,2,2,2,2,1,0,0,2,0,0,1,1
Best fitness found so far: -38.0; distance: 14.560219778561036
Generation: 23; 
d: 14.212670403551895; energy: -37.0; 0,0,1,1,0,1,1,0,2,2,2,0,2,2,1,0,2,2,1,1,0,1,0,0,1,0,0,2,2,1,1,1,0,0,2,2,1,0,1,0,0,0,0,0,2,1,0,0,2,2,0,0,0,0,0,0,1,2,2,2,1,2,2,1,1,1,1,0,0,0,1,2,0,1,0,0,1,0,0,1,2,1,0
Best fitness found so far: -38.0; distance: 14.560219778561036
Generation: 24; 
d: 13.892443989449804; energy: -36.0; 1,1,1,1,0,0,0,1,1,0,0,2,2,1,0,2,2,2,1,0,0,0,0,0,1,0,0,2,2,1,1,1,1,2,2,0,0,0,0,0,1,0,0,0,0,1,2,2,2,2,2,1,1,2,0,0,1,0,0,2,1,1,1,0,2,2,1,1,1,0,1,0,0,1,1,1,0,0,0,2,0,0,1
Best fitness found so far: -38.0; distance: 14.560219778561036
Generation: 25; 
d: 14.422205101855956; energy: -37.0; 1,1,0,2,2,1,1,1,2,1,2,2,0,1,1,0,2,2,1,2,0,0,0,0,1,0,0,0,2,1,1,2,2,0,0,2,1,0,0,1,0,0,0,0,0,2,0,1,2,2,1,0,0,1,1,0,2,2,1,1,1,2,2,1,1,1,1,0,0,0,2,0,0,1,1,0,1,1,0,0,0,0,1
Best fitness found so far: -38.0; distance: 14.560219778561036
Generation: 26; 
d: 16.15549442140351; energy: -37.0; 1,1,1,0,1,1,0,1,0,0,1,1,2,2,1,1,2,1,1,2,1,2,0,0,1,1,2,1,1,1,0,0,2,2,1,0,0,1,0,1,0,0,1,1,1,0,0,1,2,1,2,0,0,1,0,1,1,1,0,0,0,0,0,0,0,0,2,2,0,0,0,0,0,2,2,2,0,1,0,2,2,1,2
Best fitness found so far: -38.0; distance: 14.560219778561036
Generation: 27; 
d: 14.317821063276353; energy: -36.0; 1,1,1,1,0,0,0,1,1,1,2,1,2,2,0,2,0,1,2,0,0,0,0,1,1,0,0,2,0,2,2,0,0,1,0,0,0,2,2,1,1,0,0,1,2,2,1,1,2,1,0,1,1,2,2,0,1,2,2,1,2,0,2,1,2,2,1,1,0,2,1,0,0,1,1,1,1,2,1,2,1,2,2
Best fitness found so far: -38.0; distance: 14.560219778561036
Generation: 28; 
d: 13.416407864998739; energy: -39.0; 1,1,1,1,0,0,0,1,1,0,0,2,2,1,2,0,0,0,2,1,0,0,0,2,0,0,1,0,2,1,1,1,0,0,2,2,1,0,0,1,0,0,0,0,2,2,1,1,2,2,1,0,0,1,1,0,2,2,1,1,1,2,2,1,1,1,1,0,0,0,2,0,0,1,1,0,1,1,1,1,1,0,1
Best fitness found so far: -39.0; distance: 13.416407864998739
Generation: 29; 
d: 14.212670403551895; energy: -38.0; 0,1,1,1,0,0,0,1,1,0,0,2,2,1,0,2,2,2,1,0,0,0,0,0,1,0,0,2,2,1,1,1,1,2,2,0,0,0,0,0,1,0,0,0,0,1,2,2,2,2,2,1,1,2,0,0,1,0,0,2,1,1,1,0,2,2,1,1,1,0,1,0,0,1,1,2,2,1,1,0,0,0,0
Best fitness found so far: -39.0; distance: 13.416407864998739
Generation: 30; 
d: 15.556349186104045; energy: -40.0; 2,2,1,0,1,1,0,1,0,0,1,1,2,2,1,1,2,1,1,1,0,0,0,1,0,1,1,0,0,1,1,2,2,0,0,2,1,0,0,1,0,0,0,0,0,2,0,1,2,2,1,0,0,1,1,0,2,2,1,1,1,2,2,1,1,1,1,0,0,0,2,0,0,1,1,0,1,1,0,0,0,0,1
Best fitness found so far: -40.0; distance: 15.556349186104045
Generation: 31; 
d: 11.40175425099138; energy: -39.0; 2,2,1,0,1,1,0,1,0,0,1,1,2,2,1,0,2,2,1,2,0,0,0,0,1,0,0,2,2,1,1,1,1,2,2,0,0,0,0,0,1,0,0,0,0,1,2,2,1,1,1,0,1,1,0,1,0,0,0,2,1,1,2,2,2,1,0,1,2,0,0,0,0,2,1,0,1,2,1,0,2,0,2
Best fitness found so far: -40.0; distance: 15.556349186104045
Generation: 32; 
d: 13.416407864998739; energy: -39.0; 1,1,1,1,0,0,0,1,1,0,0,2,2,1,2,0,0,0,2,1,0,0,0,2,0,0,1,0,2,1,1,1,0,0,2,2,1,0,0,1,0,0,0,0,2,2,1,1,2,2,1,0,0,1,1,0,2,2,1,1,1,2,2,1,1,1,1,0,0,0,2,0,0,1,1,0,1,1,1,1,1,0,1
Best fitness found so far: -40.0; distance: 15.556349186104045
Generation: 33; 
d: 14.317821063276353; energy: -39.0; 1,1,1,1,0,0,0,1,1,0,0,0,2,1,0,1,1,1,2,1,0,0,0,1,0,0,0,0,0,2,1,0,0,1,2,2,0,2,0,2,1,1,2,1,2,2,0,2,0,0,1,0,0,1,0,0,0,2,0,0,1,2,0,0,0,2,0,2,2,1,2,2,2,2,1,0,0,0,2,1,0,0,1
Best fitness found so far: -40.0; distance: 15.556349186104045
Generation: 34; 
d: 15.556349186104045; energy: -38.0; 2,2,1,0,1,1,0,1,0,0,1,1,2,2,1,1,2,1,1,1,0,0,0,1,0,1,1,0,0,1,1,2,2,0,0,2,1,0,0,1,0,0,0,0,0,2,0,1,2,2,1,0,0,1,1,0,2,2,1,1,1,2,2,1,1,1,1,0,0,0,2,0,0,1,1,0,1,0,0,2,0,0,1
Best fitness found so far: -40.0; distance: 15.556349186104045
Generation: 35; 
d: 14.142135623730951; energy: -42.0; 1,1,1,1,0,0,0,1,1,0,0,2,2,1,1,0,2,2,1,0,0,0,0,0,0,2,1,2,1,1,0,1,0,0,2,2,1,0,1,0,0,0,1,2,2,0,2,1,1,1,0,0,2,0,0,0,1,0,0,2,2,0,1,2,2,1,2,0,1,0,1,0,0,1,1,0,1,0,2,0,0,1,0
Best fitness found so far: -42.0; distance: 14.142135623730951
Generation: 36; 
d: 15.524174696260024; energy: -38.0; 1,1,0,2,2,1,1,1,2,1,2,2,0,1,1,0,2,2,1,2,0,0,0,0,1,0,0,2,2,1,1,2,2,0,0,2,2,0,0,0,0,1,2,0,2,2,1,1,0,0,1,0,0,1,0,0,0,2,0,0,1,2,0,0,0,2,1,1,0,2,1,2,0,2,1,0,1,0,2,0,0,1,1
Best fitness found so far: -42.0; distance: 14.142135623730951
Generation: 37; 
d: 14.035668847618199; energy: -40.0; 1,1,1,1,0,0,0,1,1,1,2,1,2,2,1,2,1,0,0,0,0,0,1,2,0,0,1,0,1,1,2,0,0,1,0,0,0,0,0,0,1,0,0,0,2,2,1,1,0,0,0,1,1,0,0,1,2,1,2,2,0,0,0,0,1,2,2,1,1,2,0,2,2,0,1,2,0,2,1,1,0,0,0
Best fitness found so far: -42.0; distance: 14.142135623730951
Generation: 38; 
d: 17.46424919657298; energy: -40.0; 1,1,0,1,0,0,0,2,0,0,2,1,2,2,1,0,2,2,1,0,0,0,0,1,0,0,1,0,1,2,1,2,2,0,0,2,1,0,0,1,1,0,2,1,2,2,0,2,0,0,1,0,0,1,0,0,0,2,0,0,1,0,0,2,2,0,0,0,0,2,2,1,0,2,1,2,0,2,2,0,0,0,0
Best fitness found so far: -42.0; distance: 14.142135623730951
Generation: 39; 
d: 13.0; energy: -39.0; 1,1,1,1,0,0,0,1,1,1,2,1,2,2,2,0,2,2,2,0,1,0,0,1,1,0,0,1,1,0,1,2,2,2,2,2,1,0,0,1,0,0,0,0,0,2,0,1,2,2,1,0,0,1,1,0,2,2,1,1,1,2,2,1,1,1,1,0,0,0,2,0,0,1,1,0,1,1,1,1,1,0,1
Best fitness found so far: -42.0; distance: 14.142135623730951
Generation: 40; 
d: 12.649110640673518; energy: -39.0; 2,2,1,1,0,0,0,1,1,1,2,1,2,2,1,2,1,0,0,0,0,0,0,0,0,0,0,2,1,1,2,0,0,1,0,0,0,2,2,1,1,0,0,1,2,2,1,1,2,1,0,1,1,2,2,0,1,2,2,1,2,2,1,1,2,1,2,1,1,0,2,0,0,2,0,0,0,1,2,1,0,0,1
Best fitness found so far: -42.0; distance: 14.142135623730951
