Algorithm configured with: 
Pop: 1000
Aux Pop: 200
CrP: 1.0
MtP: 1.0
List of crossover: 
SinglePointCrossover
IntegerTwoPointsCrossover
MultiPointsCrossover
List of mutations: 
BitFlipMutation
LoopMoveOperator
LocalMoveOperator
SegmentMutation
OppositeMoveOperator
Execution: 1
Generation: 0; 
d: 15.297058540778355; energy: -5.0; 2,2,0,1,1,0,0,2,0,2,0,1,2,2,1,0,2,2,0,1,0,1,0,1,2,1,2,0,1,0,0,2,2,0,2,1,1,0,2,2,0,2,2,1,0,2,2,0,0,1,1,0,1,2,1,2,0,0
Best fitness found so far: -5.0; distance: 15.297058540778355
Generation: 1; 
d: 13.0; energy: -19.0; 1,1,0,2,1,1,0,0,2,0,0,2,2,1,1,1,0,0,1,1,1,1,2,2,1,0,0,1,2,2,0,2,2,0,2,1,0,0,1,1,0,2,0,2,2,1,0,1,2,2,1,0,2,1,2,0,0,1
Best fitness found so far: -19.0; distance: 13.0
Generation: 2; 
d: 12.806248474865697; energy: -21.0; 2,2,0,0,2,2,0,0,2,0,0,2,1,0,2,0,0,2,1,1,2,2,0,0,2,0,1,1,0,1,0,0,1,1,0,1,0,0,0,2,2,1,0,2,0,0,1,0,1,0,0,0,2,1,2,2,1,1
Best fitness found so far: -21.0; distance: 12.806248474865697
Generation: 3; 
d: 12.806248474865697; energy: -23.0; 2,2,1,0,2,1,1,2,2,1,0,0,2,1,0,1,1,0,0,1,2,0,1,2,0,1,2,1,0,0,2,2,0,1,2,1,0,1,0,0,0,2,2,1,1,0,1,0,0,2,0,0,1,0,1,2,1,1
Best fitness found so far: -23.0; distance: 12.806248474865697
Generation: 4; 
d: 14.212670403551895; energy: -20.0; 2,1,1,0,2,2,2,2,2,0,2,2,0,1,0,0,1,0,2,2,1,0,0,1,2,2,1,0,0,1,1,2,0,0,2,1,1,2,1,0,2,1,2,2,0,2,1,0,0,2,1,0,2,2,1,1,2,0
Best fitness found so far: -23.0; distance: 12.806248474865697
Generation: 5; 
d: 10.816653826391969; energy: -22.0; 0,2,2,2,1,2,2,0,2,2,2,1,1,0,0,1,2,1,1,0,0,0,0,1,0,2,2,2,0,1,0,0,1,2,1,0,0,0,1,0,2,1,2,2,0,2,1,0,0,2,1,0,2,0,0,1,0,0
Best fitness found so far: -23.0; distance: 12.806248474865697
