Algorithm configured with: 
Pop: 1000
Aux Pop: 200
CrP: 1.0
MtP: 1.0
List of crossover: 
SinglePointCrossover
IntegerTwoPointsCrossover
MultiPointsCrossover
List of mutations: 
BitFlipMutation
LoopMoveOperator
LocalMoveOperator
SegmentMutation
OppositeMoveOperator
Execution: 1
Generation: 0; 
d: 19.026297590440446; energy: -8.0; 2,0,1,0,0,2,1,1,2,2,0,2,0,0,1,2,1,1,1,1,1,0,0,2,1,1,0,2,1,1,0,1,1,0,0,2,1,2,0,1,1,2,1,1,2,0,1,2,1,0,0,1,2,2,0,1,2,1,0,0,2,2,1,2,1,0,1,1,2,1,1,1,1,2,0,1,1,1,1,0,2,0,0,1,0,2,2,0,2,0,0,2,2,1,1,1,1
Best fitness found so far: -8.0; distance: 19.026297590440446
Generation: 1; 
d: 18.788294228055936; energy: -23.0; 0,0,0,0,2,0,1,2,1,2,2,1,1,1,0,2,2,0,1,2,1,0,1,2,1,0,0,0,2,0,2,2,0,0,0,1,2,0,1,2,0,1,0,0,0,0,0,2,1,0,0,2,2,2,1,0,2,0,1,2,1,2,2,0,1,0,0,0,2,1,1,0,0,2,1,0,1,0,2,2,1,0,0,1,0,0,0,1,2,0,1,0,2,0,0,1,1
Best fitness found so far: -23.0; distance: 18.788294228055936
Generation: 2; 
d: 21.095023109728988; energy: -22.0; 2,2,1,2,0,1,1,1,2,1,1,2,1,1,1,0,0,2,1,1,2,0,1,2,2,1,1,2,0,0,2,0,1,0,0,2,2,1,1,2,2,0,0,1,0,1,1,1,0,0,2,2,0,0,2,2,1,1,2,2,0,1,0,0,2,2,0,0,1,2,0,1,1,2,2,0,0,2,2,0,1,2,0,1,0,0,2,0,2,1,0,0,2,1,2,0,2
Best fitness found so far: -23.0; distance: 18.788294228055936
Generation: 3; 
d: 23.853720883753127; energy: -26.0; 0,1,1,1,2,0,2,2,1,0,0,1,2,2,1,1,0,0,1,1,2,1,2,2,0,1,0,1,1,0,2,0,0,2,0,2,0,1,2,2,0,1,2,2,0,0,1,2,2,1,1,0,2,0,0,2,0,0,1,0,1,1,0,2,1,0,2,1,2,0,0,1,2,2,0,1,2,2,0,0,1,2,2,1,0,2,2,1,0,0,2,2,0,1,0,0,2
Best fitness found so far: -26.0; distance: 23.853720883753127
Generation: 4; 
d: 14.866068747318506; energy: -24.0; 0,1,0,1,2,1,1,2,2,0,2,0,2,0,1,1,0,1,2,2,0,1,1,0,0,1,0,0,0,2,2,1,0,1,0,0,2,0,0,2,2,0,1,2,2,0,2,2,0,1,0,0,2,0,0,2,0,0,1,0,2,1,2,1,0,0,1,0,0,1,1,2,2,1,0,1,0,2,2,1,0,2,1,0,0,1,1,0,2,1,0,2,0,2,2,1,2
Best fitness found so far: -26.0; distance: 23.853720883753127
Generation: 5; 
d: 16.15549442140351; energy: -23.0; 0,2,2,1,2,1,0,0,0,0,2,0,0,1,1,2,2,0,1,2,1,0,1,2,1,0,0,0,2,0,2,2,0,0,0,1,2,0,1,2,0,1,0,0,0,0,0,2,1,0,0,2,2,2,1,0,2,0,1,2,1,2,2,0,1,0,0,0,2,1,2,0,2,0,2,1,0,2,2,1,0,1,2,2,1,1,2,0,0,2,0,0,1,1,2,1,1
Best fitness found so far: -26.0; distance: 23.853720883753127
Generation: 6; 
d: 17.46424919657298; energy: -28.0; 1,0,1,1,0,1,1,0,2,1,2,0,0,2,0,1,1,1,0,2,1,1,2,2,1,2,1,0,0,1,1,2,1,0,0,2,0,0,1,0,2,1,2,2,0,2,2,2,1,1,1,0,0,1,0,1,0,0,0,0,1,2,1,2,2,2,2,2,0,0,0,1,0,1,0,1,1,0,0,0,2,0,2,0,0,1,0,0,2,1,1,0,0,0,1,1,1
Best fitness found so far: -28.0; distance: 17.46424919657298
Generation: 7; 
d: 22.47220505424423; energy: -24.0; 1,2,2,0,0,1,2,2,1,1,2,2,0,0,2,0,0,2,2,0,2,1,0,2,0,0,2,2,0,0,2,1,2,2,0,2,1,2,1,2,2,1,1,0,2,0,0,1,2,1,2,1,1,2,1,1,2,1,2,1,2,0,0,0,0,1,1,0,0,0,1,1,2,2,0,0,1,0,2,2,0,1,2,2,0,2,0,1,2,0,0,1,0,1,2,0,0
Best fitness found so far: -28.0; distance: 17.46424919657298
Generation: 8; 
d: 14.7648230602334; energy: -25.0; 1,2,0,0,2,2,1,1,1,2,1,2,2,1,1,2,1,2,1,2,2,0,2,0,2,2,0,1,0,1,0,2,0,0,2,2,0,0,1,0,2,1,2,2,0,2,2,2,1,1,1,0,0,1,0,1,0,1,1,2,0,0,1,2,2,2,2,2,0,0,0,1,0,1,0,1,1,0,0,0,2,0,2,0,0,1,0,0,2,1,1,0,0,0,1,1,1
Best fitness found so far: -28.0; distance: 17.46424919657298
Generation: 9; 
d: 19.697715603592208; energy: -28.0; 1,1,2,1,2,0,1,0,2,1,2,0,0,2,0,1,1,1,0,2,1,1,2,2,1,2,1,0,0,1,1,2,1,0,0,2,0,0,1,0,2,1,2,2,0,2,2,2,1,1,1,0,0,1,0,1,0,0,0,0,1,2,1,2,2,2,2,2,0,0,0,1,0,1,0,1,1,0,0,0,2,0,2,0,0,1,0,0,2,1,1,0,0,0,1,1,1
Best fitness found so far: -28.0; distance: 17.46424919657298
Generation: 10; 
d: 15.811388300841896; energy: -25.0; 0,0,2,0,0,1,1,0,1,1,0,2,2,0,0,1,1,0,0,1,2,0,0,1,0,1,2,1,1,2,1,1,2,0,0,2,2,1,1,2,2,0,0,1,0,1,1,1,0,0,0,1,1,1,1,0,0,0,1,1,2,0,1,2,2,0,2,2,0,0,2,1,0,2,2,1,0,0,2,0,2,2,1,2,0,2,0,0,2,1,0,0,0,1,1,2,1
Best fitness found so far: -28.0; distance: 17.46424919657298
Generation: 11; 
d: 18.027756377319946; energy: -26.0; 1,1,2,1,2,0,2,0,0,0,1,1,1,2,1,2,2,0,1,1,2,1,2,2,0,1,0,1,1,0,2,0,0,2,0,2,0,1,2,2,0,1,2,2,0,0,1,2,2,1,1,0,2,0,0,2,0,0,1,0,0,1,0,0,2,2,0,0,1,2,0,1,2,2,0,1,2,2,0,0,1,2,2,1,0,2,2,1,0,0,2,2,0,1,0,0,2
Best fitness found so far: -28.0; distance: 17.46424919657298
Generation: 12; 
d: 15.556349186104045; energy: -27.0; 2,0,2,1,0,0,0,0,2,2,2,0,1,0,0,1,1,0,2,1,0,0,1,1,1,2,1,1,2,0,1,2,2,0,1,0,2,1,2,2,0,2,1,0,2,1,0,0,1,1,0,2,2,1,0,1,0,0,1,1,0,2,0,0,2,2,1,2,1,1,1,1,2,0,2,2,0,1,2,1,1,2,1,2,0,0,1,2,1,1,2,1,0,1,0,2,1
Best fitness found so far: -28.0; distance: 17.46424919657298
Generation: 13; 
d: 15.556349186104045; energy: -27.0; 0,1,1,0,0,0,0,0,2,2,2,0,1,0,0,1,1,0,2,1,0,0,1,1,1,2,1,1,2,0,1,2,2,0,1,0,2,1,2,2,0,2,1,0,2,1,0,0,1,1,0,2,2,1,0,1,0,0,1,1,0,2,0,0,2,2,1,2,1,1,1,1,2,0,2,2,0,1,2,1,1,2,1,2,0,0,1,2,1,1,2,1,0,1,0,2,1
Best fitness found so far: -28.0; distance: 17.46424919657298
Generation: 14; 
d: 15.524174696260024; energy: -29.0; 1,2,0,1,1,1,0,2,0,1,0,1,0,2,2,1,2,0,0,2,2,0,2,2,1,2,1,0,0,1,1,2,1,0,0,2,0,0,1,0,2,1,2,2,0,2,2,2,1,1,1,0,0,1,0,1,0,0,0,0,1,2,1,2,2,2,2,2,0,0,0,1,0,1,0,1,1,0,0,0,2,0,2,0,0,1,0,0,2,1,1,0,0,0,1,1,1
Best fitness found so far: -29.0; distance: 15.524174696260024
Generation: 15; 
d: 17.69180601295413; energy: -26.0; 2,0,0,2,2,1,1,2,1,2,1,1,2,1,1,1,0,0,2,2,0,0,1,0,0,1,0,0,0,2,2,1,0,1,0,0,2,0,0,2,2,0,1,2,2,0,2,2,0,1,0,0,2,0,0,2,0,0,1,0,2,1,2,1,0,0,1,0,0,1,1,2,2,0,0,2,2,1,1,1,1,0,2,0,0,0,0,0,0,0,0,2,1,2,1,2,0
Best fitness found so far: -29.0; distance: 15.524174696260024
Generation: 16; 
d: 21.840329667841555; energy: -27.0; 2,2,1,0,0,2,0,0,2,0,2,0,2,0,0,2,1,0,0,1,2,2,0,0,0,1,2,1,2,0,2,0,2,2,0,0,2,0,0,2,2,0,1,2,2,0,2,2,0,1,0,0,2,0,0,2,0,0,1,0,2,1,2,1,0,0,1,0,0,1,2,1,2,0,1,2,0,2,2,1,0,1,0,0,0,1,1,0,2,0,1,0,2,0,0,1,1
Best fitness found so far: -29.0; distance: 15.524174696260024
Generation: 17; 
d: 16.76305461424021; energy: -29.0; 1,0,0,0,1,1,0,0,2,1,2,0,0,2,0,1,1,1,0,2,1,1,2,2,1,2,1,0,0,1,1,2,1,0,0,2,0,0,1,0,2,1,2,2,0,2,2,2,1,1,1,0,0,1,0,1,0,0,0,0,1,2,1,2,2,2,2,2,0,0,0,1,0,1,0,1,1,0,0,0,2,0,2,0,0,1,0,0,2,1,1,0,0,0,1,1,1
Best fitness found so far: -29.0; distance: 15.524174696260024
Generation: 18; 
d: 16.76305461424021; energy: -29.0; 0,2,2,1,0,2,1,0,0,2,0,2,0,1,1,1,2,0,1,2,1,0,1,2,1,0,0,0,0,1,1,2,1,0,0,1,2,0,1,2,0,1,0,0,0,0,0,2,1,0,0,2,2,2,1,0,2,0,1,2,1,2,2,0,1,0,0,0,2,1,0,2,1,2,2,1,0,2,2,1,0,1,2,2,1,1,2,0,0,2,0,0,1,1,2,1,1
Best fitness found so far: -29.0; distance: 15.524174696260024
Generation: 19; 
d: 16.1245154965971; energy: -28.0; 1,1,2,1,2,2,0,1,2,1,2,0,0,2,0,1,1,1,0,2,1,1,2,2,1,2,1,0,0,1,1,2,1,0,0,2,0,0,1,0,2,1,2,2,0,2,2,2,1,1,1,0,0,1,0,1,0,0,0,0,1,2,1,2,2,2,2,2,0,0,0,1,0,1,0,1,1,0,0,0,2,0,2,0,0,1,0,0,2,1,1,0,0,0,1,1,1
Best fitness found so far: -29.0; distance: 15.524174696260024
Generation: 20; 
d: 16.64331697709324; energy: -29.0; 1,1,0,0,1,2,1,2,1,0,0,0,0,0,2,1,0,0,0,2,0,1,1,0,0,1,0,0,0,2,2,1,0,1,0,0,2,0,0,2,2,0,1,2,2,0,2,2,0,1,0,0,2,0,1,0,1,0,2,2,1,1,2,1,1,1,0,1,0,2,0,1,1,0,0,1,0,2,2,1,0,2,1,0,0,1,1,0,1,1,2,0,0,1,0,1,1
Best fitness found so far: -29.0; distance: 15.524174696260024
Generation: 21; 
d: 16.1245154965971; energy: -29.0; 1,1,1,2,0,1,2,2,0,0,2,0,0,2,0,1,1,1,0,2,1,1,2,2,1,2,1,0,0,1,1,2,1,0,0,2,0,0,1,0,2,1,2,2,0,2,2,2,1,1,1,0,0,1,0,1,0,0,0,0,1,2,1,2,2,2,2,2,0,0,0,1,0,1,0,1,1,0,0,0,2,0,2,0,0,1,0,0,2,1,1,0,0,0,1,1,1
Best fitness found so far: -29.0; distance: 15.524174696260024
Generation: 22; 
d: 15.811388300841896; energy: -29.0; 2,2,1,2,0,0,1,2,1,0,1,1,0,0,2,0,2,2,1,2,2,1,0,0,0,2,1,0,2,2,1,0,1,0,0,2,2,1,1,2,2,0,0,1,0,1,1,1,0,0,2,2,0,0,2,2,1,1,2,2,0,1,0,0,2,2,0,0,1,1,2,0,0,1,1,0,1,2,2,0,0,2,1,2,1,2,1,1,0,1,2,0,0,1,1,0,1
Best fitness found so far: -29.0; distance: 15.524174696260024
Generation: 23; 
d: 16.55294535724685; energy: -30.0; 2,2,1,0,0,2,0,0,2,0,2,0,2,0,0,2,1,0,0,1,2,2,0,0,0,1,2,1,2,0,2,0,2,2,0,0,2,0,0,2,2,0,1,2,2,0,2,2,0,1,0,0,2,0,0,2,0,0,1,0,2,1,2,1,0,0,1,0,0,1,1,2,0,0,0,0,1,0,0,1,2,1,2,1,2,1,0,1,0,1,1,2,2,1,1,1,2
Best fitness found so far: -30.0; distance: 16.55294535724685
