Algorithm configured with: 
Pop: 5000
Aux Pop: 2000
CrP: 1.0
MtP: 1.0
List of crossover: 
SinglePointCrossover
IntegerTwoPointsCrossover
MultiPointsCrossover
List of mutations: 
BitFlipMutation
LoopMoveOperator
LocalMoveOperator
SegmentMutation
OppositeMoveOperator
Execution: 1
Generation: 0; 
d: 22.825424421026653; energy: -5.0; 1,1,0,1,0,1,0,2,1,0,2,0,0,1,2,0,2,1,1,2,1,1,0,0,2,0,2,1,1,2,1,0,1,1,1,2,0,1,1,2,1,1,0,2,1,2,2,0,2,1,0,2,0,1,0,2,1,0
Best fitness found so far: -5.0; distance: 22.825424421026653
Generation: 1; 
d: 11.40175425099138; energy: -27.0; 0,2,0,0,2,2,1,2,1,0,0,1,1,1,0,0,2,1,1,0,2,0,0,2,2,1,1,2,2,0,0,2,1,2,2,0,0,1,2,2,0,0,2,0,0,1,1,2,0,0,1,2,1,2,2,0,1,1
Best fitness found so far: -27.0; distance: 11.40175425099138
Generation: 2; 
d: 12.649110640673518; energy: -24.0; 1,1,0,2,0,2,2,0,0,1,0,1,1,2,2,1,1,1,1,1,2,0,0,2,1,2,2,0,0,2,2,0,1,2,2,1,1,0,1,2,0,0,1,1,0,0,2,1,2,2,2,2,2,0,2,1,0,1
Best fitness found so far: -27.0; distance: 11.40175425099138
Generation: 3; 
d: 12.649110640673518; energy: -25.0; 2,2,0,2,0,1,1,2,2,1,2,1,1,1,1,0,1,0,0,1,2,2,0,0,2,1,0,1,1,0,0,0,0,1,2,2,0,2,2,0,0,2,2,1,0,0,0,0,1,0,0,2,2,0,1,2,2,2
Best fitness found so far: -27.0; distance: 11.40175425099138
Generation: 4; 
d: 12.206555615733702; energy: -25.0; 1,1,0,1,2,2,2,0,0,1,0,1,1,2,2,1,1,1,1,1,2,0,0,2,1,2,2,0,0,2,2,0,1,2,2,1,1,0,1,2,0,0,1,1,0,0,2,2,1,1,0,1,2,0,1,0,0,2
Best fitness found so far: -27.0; distance: 11.40175425099138
Generation: 5; 
d: 11.180339887498949; energy: -27.0; 2,1,0,0,2,2,2,0,2,2,1,2,1,0,0,0,2,2,0,0,0,0,1,2,2,1,0,1,0,2,0,1,0,0,2,2,2,1,2,0,0,2,0,2,1,2,1,2,1,0,1,0,0,2,2,0,0,0
Best fitness found so far: -27.0; distance: 11.40175425099138
Generation: 6; 
d: 11.180339887498949; energy: -26.0; 1,1,0,1,0,0,2,2,1,2,1,2,1,1,1,0,1,1,1,2,1,2,2,2,1,1,1,0,0,1,1,0,0,1,0,0,0,0,0,0,1,2,0,0,1,1,0,1,1,2,0,2,1,2,2,0,0,1
Best fitness found so far: -27.0; distance: 11.40175425099138
