Algorithm configured with: 
Pop: 1000
Aux Pop: 200
CrP: 1.0
MtP: 1.0
List of crossover: 
SinglePointCrossover
IntegerTwoPointsCrossover
MultiPointsCrossover
List of mutations: 
BitFlipMutation
LoopMoveOperator
LocalMoveOperator
SegmentMutation
OppositeMoveOperator
Execution: 1
Generation: 0; 
d: 17.029386365926403; energy: -10.0; 1,0,0,1,1,2,2,0,1,2,1,1,2,1,0,2,2,0,1,1,2,0,0,1,0,2,2,1,2,1,0,2,1,2,0,0,1,0,1,1,1,1,1,1,2,2,2,0,0,1,1,2,0,0,1,1,0,2
Best fitness found so far: -10.0; distance: 17.029386365926403
Generation: 1; 
d: 13.341664064126334; energy: -22.0; 1,0,1,2,0,2,2,2,0,0,2,2,2,0,1,0,0,1,0,1,0,0,2,2,2,2,1,0,2,1,2,2,2,1,2,2,0,0,2,1,1,0,1,1,2,0,0,2,1,0,0,1,0,2,1,1,2,0
Best fitness found so far: -22.0; distance: 13.341664064126334
Generation: 2; 
d: 17.204650534085253; energy: -20.0; 2,0,1,1,2,2,1,2,2,2,0,1,0,1,0,2,0,0,2,1,0,1,0,0,0,1,2,1,1,0,1,0,2,2,2,2,1,0,2,2,0,0,2,0,0,0,1,2,0,0,1,2,2,0,1,0,0,0
Best fitness found so far: -22.0; distance: 13.341664064126334
Generation: 3; 
d: 17.804493814764857; energy: -22.0; 0,2,0,1,1,1,1,2,1,2,2,0,0,1,0,2,0,0,2,2,1,1,2,2,2,1,2,0,0,1,0,0,0,0,0,1,1,2,2,0,2,2,0,1,0,0,0,0,2,0,0,1,1,2,2,1,0,0
Best fitness found so far: -22.0; distance: 13.341664064126334
Generation: 4; 
d: 10.816653826391969; energy: -21.0; 1,0,1,1,1,0,2,1,1,2,1,2,2,0,1,2,1,1,1,2,0,2,2,2,1,0,1,2,0,1,0,2,0,0,2,2,1,1,2,0,0,0,2,0,0,2,0,0,1,2,0,1,0,0,2,1,1,1
Best fitness found so far: -22.0; distance: 13.341664064126334
Generation: 5; 
d: 11.661903789690601; energy: -23.0; 2,2,0,2,2,1,2,1,2,2,1,0,2,0,0,0,0,1,1,1,0,0,1,0,0,0,2,1,2,0,2,2,1,1,1,2,2,0,1,0,0,0,2,1,2,0,0,1,0,0,1,1,1,0,2,1,1,0
Best fitness found so far: -23.0; distance: 11.661903789690601
Generation: 6; 
d: 10.44030650891055; energy: -27.0; 1,0,0,0,1,2,1,0,0,0,0,0,2,0,0,0,0,2,0,0,2,1,1,0,2,0,1,0,1,0,1,2,1,1,1,2,1,2,0,1,2,2,1,1,2,0,0,1,0,0,1,1,1,0,2,1,0,2
Best fitness found so far: -27.0; distance: 10.44030650891055
Generation: 7; 
d: 12.165525060596439; energy: -27.0; 2,1,0,1,0,2,1,2,2,0,2,1,0,0,0,0,0,1,0,1,0,0,2,2,2,2,1,0,2,1,2,2,2,1,2,2,0,0,2,1,1,0,1,1,0,0,1,1,1,0,0,1,0,2,1,1,2,0
Best fitness found so far: -27.0; distance: 10.44030650891055
Generation: 8; 
d: 10.816653826391969; energy: -27.0; 0,0,0,0,1,2,1,0,0,0,0,0,2,0,0,0,0,2,0,0,2,1,1,0,2,0,1,0,1,0,1,2,1,1,1,2,1,2,0,1,2,2,1,1,0,0,0,0,2,0,0,1,1,2,2,0,1,2
Best fitness found so far: -27.0; distance: 10.44030650891055
Generation: 9; 
d: 10.816653826391969; energy: -24.0; 1,0,0,0,1,2,1,0,0,0,0,0,2,0,0,0,0,2,0,0,2,1,1,0,2,0,1,0,1,0,1,2,1,1,1,2,1,2,0,1,2,2,1,1,2,0,0,1,0,0,1,1,1,2,0,1,0,2
Best fitness found so far: -27.0; distance: 10.44030650891055
Generation: 10; 
d: 10.0; energy: -27.0; 1,0,1,2,0,2,2,2,0,0,2,2,2,0,1,0,0,2,2,0,1,0,0,0,1,2,2,0,0,1,0,2,0,0,2,1,0,0,2,0,0,0,2,1,2,0,0,2,1,0,0,1,0,2,1,1,2,0
Best fitness found so far: -27.0; distance: 10.44030650891055
Generation: 11; 
d: 9.848857801796104; energy: -25.0; 0,0,0,0,1,2,1,0,0,0,0,0,2,0,0,0,0,2,0,0,2,1,1,0,2,0,1,0,1,0,1,2,1,1,1,2,1,2,2,1,2,0,2,1,2,2,2,2,2,0,0,2,1,2,2,0,0,2
Best fitness found so far: -27.0; distance: 10.44030650891055
Generation: 12; 
d: 10.816653826391969; energy: -31.0; 1,0,2,1,1,2,1,2,2,2,2,2,1,0,1,0,0,1,0,1,0,0,2,2,2,2,1,0,2,1,2,2,2,1,2,2,0,0,2,1,1,0,1,1,0,0,0,0,0,2,0,1,2,2,1,2,2,2
Best fitness found so far: -31.0; distance: 10.816653826391969
Generation: 13; 
d: 11.180339887498949; energy: -27.0; 0,0,0,0,1,2,1,0,0,0,0,0,2,0,0,0,0,2,0,0,2,1,1,0,2,0,1,0,1,0,1,2,1,1,1,2,1,2,0,1,2,2,1,1,0,0,0,0,2,0,0,1,1,2,2,2,1,0
Best fitness found so far: -31.0; distance: 10.816653826391969
Generation: 14; 
d: 10.44030650891055; energy: -27.0; 0,1,1,0,2,2,1,1,0,0,1,1,2,1,0,0,0,1,1,2,2,1,1,2,0,2,2,0,1,0,0,1,2,2,0,0,0,2,0,2,0,0,0,1,2,0,2,2,0,1,2,2,0,2,2,0,2,1
Best fitness found so far: -31.0; distance: 10.816653826391969
Generation: 15; 
d: 12.36931687685298; energy: -27.0; 2,1,0,1,0,2,1,2,2,0,2,1,0,0,0,0,0,1,0,1,0,0,2,2,2,2,1,0,2,1,2,2,2,1,2,2,0,0,2,1,1,0,1,1,0,0,1,1,1,0,0,1,0,2,1,1,2,2
Best fitness found so far: -31.0; distance: 10.816653826391969
Generation: 16; 
d: 10.44030650891055; energy: -27.0; 1,0,0,0,1,2,1,0,0,0,0,0,2,0,0,0,0,2,0,0,2,1,1,0,2,0,1,0,1,0,1,2,1,1,1,2,1,2,0,1,2,2,1,1,2,0,0,1,0,0,1,1,1,0,2,1,0,2
Best fitness found so far: -31.0; distance: 10.816653826391969
Generation: 17; 
d: 11.661903789690601; energy: -28.0; 1,0,0,0,1,2,1,0,0,0,0,0,2,0,0,0,1,0,0,2,1,2,2,2,2,2,1,0,0,2,0,0,0,2,2,0,1,0,0,1,2,2,0,0,0,0,1,1,0,2,2,2,1,0,0,2,1,0
Best fitness found so far: -31.0; distance: 10.816653826391969
Generation: 18; 
d: 12.529964086141668; energy: -26.0; 1,1,2,0,1,2,1,1,2,2,1,0,0,0,0,0,0,2,0,0,1,2,2,1,2,1,0,2,0,0,0,2,0,1,2,0,0,0,0,0,2,2,1,1,0,0,1,1,0,2,2,1,0,0,0,1,0,0
Best fitness found so far: -31.0; distance: 10.816653826391969
Generation: 19; 
d: 11.180339887498949; energy: -28.0; 1,0,1,2,0,2,2,2,0,0,2,2,2,0,1,0,0,1,0,1,0,0,2,2,2,2,1,0,2,1,2,2,2,1,2,2,0,0,2,1,1,2,1,1,0,0,0,0,2,0,0,1,1,2,2,2,1,0
Best fitness found so far: -31.0; distance: 10.816653826391969
Generation: 20; 
d: 10.295630140987; energy: -29.0; 1,2,0,1,0,0,1,0,2,1,1,1,1,1,2,1,2,1,2,0,0,2,2,1,0,2,0,1,1,1,1,0,0,1,1,0,1,1,2,2,1,1,1,2,1,0,0,2,1,0,1,1,2,0,0,0,0,2
Best fitness found so far: -31.0; distance: 10.816653826391969
Generation: 21; 
d: 11.180339887498949; energy: -29.0; 0,0,0,0,1,2,1,2,2,2,2,2,1,0,1,0,0,2,0,0,0,0,2,2,2,2,1,0,2,1,2,2,2,1,2,2,0,0,2,1,1,0,1,1,0,0,0,0,0,2,0,1,2,2,1,2,2,2
Best fitness found so far: -31.0; distance: 10.816653826391969
Generation: 22; 
d: 10.295630140987; energy: -29.0; 2,1,0,2,2,2,2,2,0,0,2,2,0,1,0,0,1,0,0,2,1,2,2,2,2,2,1,0,0,2,0,0,2,2,0,0,0,2,2,0,2,2,0,1,0,0,0,0,2,0,0,1,1,2,2,1,0,0
Best fitness found so far: -31.0; distance: 10.816653826391969
Generation: 23; 
d: 9.848857801796104; energy: -30.0; 2,1,0,0,2,2,1,1,2,2,1,0,0,1,2,1,2,1,2,0,0,2,2,1,0,2,0,1,1,1,1,0,0,1,1,0,1,1,2,2,1,1,1,2,1,0,0,2,2,0,0,1,1,2,2,1,0,2
Best fitness found so far: -31.0; distance: 10.816653826391969
Generation: 24; 
d: 11.180339887498949; energy: -29.0; 0,0,0,0,1,2,1,2,2,2,2,2,1,0,1,0,0,2,0,0,0,0,2,2,2,2,1,0,2,1,2,2,2,1,2,2,0,0,2,1,1,0,1,1,0,0,0,0,0,2,0,1,2,2,1,2,2,2
Best fitness found so far: -31.0; distance: 10.816653826391969
Generation: 25; 
d: 10.44030650891055; energy: -28.0; 2,1,2,2,0,1,1,1,2,0,0,2,2,1,0,0,2,0,0,1,0,1,0,0,1,2,1,0,2,1,2,2,2,1,2,2,0,0,2,1,1,0,1,1,0,0,0,0,0,2,0,1,2,2,1,0,0,2
Best fitness found so far: -31.0; distance: 10.816653826391969
Generation: 26; 
d: 10.295630140987; energy: -29.0; 2,1,0,2,2,2,2,2,0,0,2,2,0,1,0,0,1,0,0,2,1,2,2,2,2,2,1,0,0,2,0,0,2,2,0,0,0,2,2,0,2,2,0,1,0,0,0,0,2,0,0,1,1,2,2,1,0,0
Best fitness found so far: -31.0; distance: 10.816653826391969
Generation: 27; 
d: 11.40175425099138; energy: -29.0; 1,0,1,1,2,2,1,2,2,2,0,0,2,1,0,0,0,0,0,2,1,2,2,2,2,1,2,0,0,1,0,0,0,0,0,0,0,2,2,0,2,2,0,1,0,0,0,0,2,0,0,1,1,2,2,1,0,0
Best fitness found so far: -31.0; distance: 10.816653826391969
Generation: 28; 
d: 10.816653826391969; energy: -31.0; 1,0,2,1,1,2,1,2,2,2,2,2,1,0,1,0,0,1,0,1,0,0,2,2,2,2,1,0,2,1,2,2,2,1,2,2,0,0,2,1,1,0,1,1,0,0,0,0,0,2,0,1,2,2,1,1,2,0
Best fitness found so far: -31.0; distance: 10.816653826391969
Generation: 29; 
d: 10.0; energy: -30.0; 1,0,0,0,2,1,2,2,0,0,2,2,0,1,0,0,1,0,0,2,1,2,2,2,2,2,1,0,0,2,0,0,2,2,0,0,0,2,2,0,2,2,0,1,0,0,0,0,2,0,0,1,1,2,2,1,0,0
Best fitness found so far: -31.0; distance: 10.816653826391969
Generation: 30; 
d: 10.770329614269007; energy: -28.0; 0,0,1,0,1,2,1,1,2,2,1,0,0,1,2,2,2,2,2,2,2,2,2,0,1,1,1,0,0,2,0,0,1,0,0,1,2,2,2,0,2,2,0,1,0,0,0,0,0,0,0,1,1,2,2,1,0,0
Best fitness found so far: -31.0; distance: 10.816653826391969
Generation: 31; 
d: 10.295630140987; energy: -29.0; 2,1,0,2,2,2,2,2,0,0,2,2,0,1,0,0,1,0,0,2,1,2,2,2,2,2,1,0,0,2,0,0,2,2,0,0,0,2,2,0,2,2,0,1,0,0,0,0,2,0,0,1,1,2,2,1,0,0
Best fitness found so far: -31.0; distance: 10.816653826391969
Generation: 32; 
d: 12.041594578792296; energy: -30.0; 1,0,2,1,1,2,1,2,2,2,2,2,1,0,1,0,0,1,0,1,0,0,2,2,2,2,1,0,2,1,2,2,2,1,2,2,0,0,2,1,1,0,1,1,0,0,0,0,2,0,0,0,0,1,1,0,0,0
Best fitness found so far: -31.0; distance: 10.816653826391969
