Algorithm configured with: 
Pop: 1000
Aux Pop: 200
CrP: 1.0
MtP: 1.0
List of crossover: 
SinglePointCrossover
IntegerTwoPointsCrossover
MultiPointsCrossover
List of mutations: 
BitFlipMutation
LoopMoveOperator
LocalMoveOperator
SegmentMutation
OppositeMoveOperator
Execution: 1
Generation: 0; 
d: 21.18962010041709; energy: -13.0; 0,0,1,2,0,0,2,2,0,1,2,1,0,1,0,0,2,1,1,0,0,2,2,0,1,2,2,1,1,1,1,1,0,2,0,1,1,2,0,2,2,0,0,1,0,1,1,2,0,1,1,0,0,1,2,1,2,0,2,0,2,1,1,2,2,0,1,1,2,0,1,2,1,1,1,0,0,1,1,1,1,1,2,2,0,0,1,2,0,2,1,0,2,2,1,2,0
Best fitness found so far: -13.0; distance: 21.18962010041709
Generation: 1; 
d: 17.4928556845359; energy: -24.0; 2,0,0,2,1,2,0,1,1,0,1,2,2,0,0,2,1,2,2,1,2,1,0,2,1,2,0,0,1,0,1,1,1,0,1,1,0,1,0,0,0,0,0,0,0,2,1,2,2,2,1,1,1,0,0,1,2,1,2,1,1,0,0,2,1,1,2,2,0,0,1,2,2,1,1,0,1,1,0,0,0,2,2,1,0,0,0,1,0,2,1,2,2,2,2,0,0
Best fitness found so far: -24.0; distance: 17.4928556845359
Generation: 2; 
d: 20.248456731316587; energy: -25.0; 1,0,1,1,1,0,0,0,1,1,0,1,2,2,1,0,2,2,2,1,0,2,1,2,2,0,1,1,1,0,0,2,0,1,2,0,0,0,0,1,2,0,2,2,1,2,1,0,1,0,0,0,2,2,2,2,2,2,1,2,2,0,2,2,2,1,0,0,2,1,0,0,0,2,1,0,2,0,2,2,1,2,0,1,1,0,2,0,2,1,0,0,1,1,1,0,0
Best fitness found so far: -25.0; distance: 20.248456731316587
Generation: 3; 
d: 21.02379604162864; energy: -25.0; 0,1,2,0,0,0,2,2,1,1,0,2,0,1,2,0,2,2,0,0,1,0,2,1,0,1,2,1,0,1,0,0,1,1,0,0,2,1,2,2,0,1,1,1,0,2,2,1,2,1,0,2,2,2,2,0,2,0,2,2,0,2,0,0,2,2,1,2,0,1,0,2,0,0,2,0,1,1,2,1,2,2,1,0,0,2,1,1,0,2,2,1,2,0,2,2,0
Best fitness found so far: -25.0; distance: 20.248456731316587
Generation: 4; 
d: 22.80350850198276; energy: -24.0; 1,1,0,1,0,0,1,2,2,0,2,0,1,2,0,2,2,2,1,2,0,1,2,0,1,1,0,2,1,0,0,0,1,0,1,0,0,1,2,2,2,1,0,0,1,0,0,2,0,1,1,2,2,2,1,1,2,2,2,1,2,0,0,0,2,1,1,1,0,2,0,2,1,0,1,2,1,0,0,0,1,1,0,2,1,1,1,2,0,2,1,2,2,2,2,0,0
Best fitness found so far: -25.0; distance: 20.248456731316587
Generation: 5; 
d: 20.09975124224178; energy: -25.0; 1,0,1,1,1,0,0,0,1,1,0,1,2,2,1,0,2,2,2,1,0,2,1,2,2,0,1,1,1,0,0,2,0,1,2,0,0,0,0,1,2,0,2,2,1,2,1,0,1,0,0,0,2,2,2,2,2,2,1,2,2,0,2,2,2,1,0,0,2,1,0,0,2,2,0,0,0,2,1,0,2,2,1,1,0,2,0,0,2,1,2,2,1,1,2,1,0
Best fitness found so far: -25.0; distance: 20.248456731316587
Generation: 6; 
d: 24.08318915758459; energy: -26.0; 1,0,1,1,1,0,0,0,1,1,0,1,2,2,1,0,2,2,2,1,0,2,1,2,2,0,1,1,1,0,0,2,0,1,2,0,0,0,0,1,2,0,2,2,1,2,1,0,1,0,0,0,2,2,2,2,2,2,1,2,2,0,2,2,2,1,0,0,2,1,0,0,2,2,0,0,1,1,2,0,0,1,2,0,1,2,0,1,1,2,0,1,1,1,2,2,1
Best fitness found so far: -26.0; distance: 24.08318915758459
Generation: 7; 
d: 21.93171219946131; energy: -26.0; 1,0,1,1,1,0,0,0,1,1,0,1,2,2,1,0,2,2,2,1,0,2,1,2,2,0,1,1,1,0,0,2,0,1,2,0,0,0,0,1,2,0,2,2,1,2,1,0,1,0,0,0,2,2,2,2,2,2,1,2,2,0,2,2,2,1,0,0,2,1,0,0,2,2,2,1,1,1,1,0,2,2,1,1,2,0,0,2,1,0,2,0,0,1,0,2,2
Best fitness found so far: -26.0; distance: 24.08318915758459
Generation: 8; 
d: 16.15549442140351; energy: -24.0; 0,2,1,2,0,0,2,2,1,1,0,2,0,1,2,0,2,2,0,0,1,0,2,1,0,1,2,1,0,1,0,0,1,1,0,0,2,1,2,2,0,1,1,1,0,2,2,1,2,1,0,2,2,2,2,0,2,0,2,2,0,2,0,0,2,1,1,2,0,0,1,1,0,1,2,1,1,1,1,0,2,2,1,1,2,0,0,2,2,1,0,0,0,1,0,0,2
Best fitness found so far: -26.0; distance: 24.08318915758459
Generation: 9; 
d: 20.518284528683193; energy: -27.0; 0,1,0,1,1,1,2,0,0,1,1,2,2,0,2,2,0,1,2,1,0,2,1,2,2,0,1,1,1,0,0,2,0,1,2,0,0,0,0,1,2,0,2,2,1,2,1,0,1,0,0,0,2,2,2,2,2,2,1,2,2,2,1,1,0,0,2,2,0,1,0,0,2,0,2,0,2,0,1,2,2,0,2,2,0,0,2,2,1,0,1,1,2,2,0,0,0
Best fitness found so far: -27.0; distance: 20.518284528683193
Generation: 10; 
d: 22.47220505424423; energy: -27.0; 0,2,0,1,0,1,2,1,1,1,2,2,0,2,2,0,2,1,0,2,2,1,1,1,2,0,0,1,1,0,0,1,1,1,2,2,1,0,2,0,0,1,0,1,2,1,0,0,0,2,2,1,0,0,0,1,0,0,0,1,2,2,1,0,0,2,2,0,2,2,0,1,2,0,2,2,0,0,1,0,2,2,1,0,2,1,1,1,1,0,1,2,0,1,0,0,2
Best fitness found so far: -27.0; distance: 20.518284528683193
Generation: 11; 
d: 22.090722034374522; energy: -27.0; 2,0,0,2,1,2,0,1,1,0,1,2,2,0,0,2,1,2,2,1,2,1,0,2,1,2,0,0,1,0,1,1,1,0,1,1,0,2,2,0,0,2,2,2,1,2,0,1,0,0,2,2,1,1,1,2,2,1,0,1,2,1,1,0,2,0,1,1,0,2,2,1,2,1,1,1,2,2,2,1,0,0,1,2,0,1,2,0,1,2,0,2,0,0,2,2,1
Best fitness found so far: -27.0; distance: 20.518284528683193
Generation: 12; 
d: 22.20360331117452; energy: -28.0; 0,1,2,0,0,0,2,2,1,1,0,2,0,1,2,0,2,2,0,0,1,0,2,1,0,1,2,1,0,1,0,0,1,1,0,0,2,1,2,2,0,1,1,1,0,2,2,1,2,1,0,2,2,2,2,0,2,0,2,2,0,2,0,0,2,1,2,1,1,2,0,0,2,0,1,1,0,2,2,0,1,2,0,0,1,0,0,1,2,0,2,2,1,2,1,1,0
Best fitness found so far: -28.0; distance: 22.20360331117452
Generation: 13; 
d: 20.248456731316587; energy: -28.0; 1,1,2,0,2,2,0,2,1,0,1,0,2,0,0,1,2,2,1,0,0,2,0,1,0,2,2,1,2,1,1,2,1,2,2,1,1,2,2,0,2,2,1,2,1,1,1,0,1,1,0,0,0,2,0,0,2,1,0,2,2,0,0,2,1,2,2,1,1,1,0,2,2,1,1,2,2,0,0,1,1,0,1,0,2,0,1,2,1,2,1,0,0,1,1,0,1
Best fitness found so far: -28.0; distance: 22.20360331117452
Generation: 14; 
d: 14.317821063276353; energy: -28.0; 2,0,0,1,1,2,0,0,1,0,1,2,2,0,2,2,0,1,2,0,0,2,1,1,2,2,1,1,1,2,2,0,1,0,2,1,1,1,0,0,1,1,1,1,2,0,0,0,0,1,0,1,1,2,1,0,0,1,1,0,1,0,0,0,2,2,2,0,1,2,2,1,1,1,2,2,2,2,2,0,2,1,2,1,2,2,0,0,0,1,2,0,1,2,2,1,0
Best fitness found so far: -28.0; distance: 22.20360331117452
Generation: 15; 
d: 22.360679774997898; energy: -29.0; 0,2,2,0,2,2,0,1,1,2,1,0,0,0,0,1,1,0,0,0,0,1,0,2,0,2,1,2,2,1,2,1,1,1,2,1,0,1,0,0,1,1,1,0,1,1,2,2,1,1,1,2,2,0,2,1,2,2,2,2,2,0,0,0,0,1,1,2,2,1,1,0,2,2,1,1,2,0,1,2,1,2,0,0,1,0,0,0,0,0,1,0,1,0,1,1,1
Best fitness found so far: -29.0; distance: 22.360679774997898
Generation: 16; 
d: 16.76305461424021; energy: -28.0; 0,0,0,2,1,2,0,1,1,0,1,2,2,0,0,2,1,2,2,1,2,1,2,2,1,2,2,0,1,1,1,1,1,0,1,1,0,1,0,0,0,0,0,0,0,2,1,2,2,2,1,1,1,0,0,1,2,1,0,0,0,2,1,1,1,1,2,2,0,0,1,2,2,1,1,0,1,1,0,0,0,2,2,1,0,0,0,1,0,2,1,2,2,2,2,0,1
Best fitness found so far: -29.0; distance: 22.360679774997898
Generation: 17; 
d: 19.6468827043885; energy: -28.0; 1,0,1,1,1,0,0,0,1,1,0,1,2,2,1,0,2,2,2,1,0,2,1,2,2,0,1,1,1,0,0,2,0,1,2,0,0,0,0,1,2,0,2,2,1,2,2,1,1,0,0,0,2,2,2,2,2,2,1,2,2,0,2,1,2,2,1,1,0,2,2,1,1,0,2,1,0,2,0,2,0,1,0,0,1,0,1,0,1,1,2,1,1,1,1,1,1
Best fitness found so far: -29.0; distance: 22.360679774997898
Generation: 18; 
d: 17.204650534085253; energy: -28.0; 0,0,0,2,1,2,0,1,1,0,1,2,2,0,0,2,1,2,2,1,2,1,2,2,1,2,2,0,1,1,1,1,1,0,1,1,0,1,0,0,0,0,0,0,0,2,1,2,2,2,1,1,1,0,0,1,2,1,0,0,0,2,1,1,1,1,2,2,0,0,1,2,2,1,1,0,1,1,0,0,0,2,2,1,1,2,1,0,1,0,2,1,1,2,2,1,1
Best fitness found so far: -29.0; distance: 22.360679774997898
Generation: 19; 
d: 14.422205101855956; energy: -29.0; 2,1,2,0,1,2,2,0,2,2,0,0,0,0,1,0,2,1,1,2,2,1,2,0,1,2,2,2,2,1,0,0,0,2,2,1,2,0,1,1,1,1,0,1,0,0,2,2,1,2,0,1,0,2,2,1,1,2,2,1,0,1,1,2,1,2,2,0,0,2,0,1,2,2,1,0,0,2,2,0,0,1,2,1,2,2,1,2,0,2,2,2,2,2,2,2,2
Best fitness found so far: -29.0; distance: 22.360679774997898
