#
# There is insufficient memory for the Java Runtime Environment to continue.
# Native memory allocation (mmap) failed to map 4096 bytes for committing reserved memory.
# Possible reasons:
#   The system is out of physical RAM or swap space
#   In 32 bit mode, the process size limit was hit
# Possible solutions:
#   Reduce memory load on the system
#   Increase physical memory or swap space
#   Check if swap backing store is full
#   Use 64 bit Java on a 64 bit OS
#   Decrease Java heap size (-Xmx/-Xms)
#   Decrease number of Java threads
#   Decrease Java thread stack sizes (-Xss)
#   Set larger code cache with -XX:ReservedCodeCacheSize=
# This output file may be truncated or incomplete.
#
#  Out of Memory Error (os_linux.cpp:2673), pid=31602, tid=140090048542464
#
# JRE version: Java(TM) SE Runtime Environment (8.0_45-b14) (build 1.8.0_45-b14)
# Java VM: Java HotSpot(TM) 64-Bit Server VM (25.45-b02 mixed mode linux-amd64 compressed oops)
# Failed to write core dump. Core dumps have been disabled. To enable core dumping, try "ulimit -c unlimited" before starting Java again
#

---------------  T H R E A D  ---------------

Current thread (0x00007f695403d800):  GCTaskThread [stack: 0x00007f6941847000,0x00007f6941948000] [id=31908]

Stack: [0x00007f6941847000,0x00007f6941948000],  sp=0x00007f6941946500,  free space=1021k
Native frames: (J=compiled Java code, j=interpreted, Vv=VM code, C=native code)
V  [libjvm.so+0xaac99a]  VMError::report_and_die()+0x2ba
V  [libjvm.so+0x4f333b]  report_vm_out_of_memory(char const*, int, unsigned long, VMErrorType, char const*)+0x8b
V  [libjvm.so+0x90e7c3]  os::Linux::commit_memory_impl(char*, unsigned long, bool)+0x103
V  [libjvm.so+0x90ec65]  os::pd_commit_memory_or_exit(char*, unsigned long, unsigned long, bool, char const*)+0x35
V  [libjvm.so+0x9081c6]  os::commit_memory_or_exit(char*, unsigned long, unsigned long, bool, char const*)+0x26
V  [libjvm.so+0x3fb1c8]  CardTableModRefBS::resize_covered_region(MemRegion)+0x358
V  [libjvm.so+0x3f811d]  CardTableExtension::resize_covered_region(MemRegion)+0xbd
V  [libjvm.so+0x96b4a5]  PSOldGen::post_resize()+0x65
V  [libjvm.so+0x96c2a2]  PSOldGen::expand(unsigned long)+0xf2
V  [libjvm.so+0x96c56a]  PSOldGen::expand_and_cas_allocate(unsigned long)+0x1a
V  [libjvm.so+0x97755f]  oopDesc* PSPromotionManager::copy_to_survivor_space<false>(oopDesc*)+0x6cf
V  [libjvm.so+0x976858]  PSPromotionManager::drain_stacks_depth(bool)+0x7e8
V  [libjvm.so+0x97a69e]  StealTask::do_it(GCTaskManager*, unsigned int)+0x19e
V  [libjvm.so+0x5cab7f]  GCTaskThread::run()+0x12f
V  [libjvm.so+0x910de8]  java_start(Thread*)+0x108


---------------  P R O C E S S  ---------------

Java Threads: ( => current thread )
  0x00007f6954458800 JavaThread "pool-1-thread-1" [_thread_blocked, id=32358, stack(0x00007f68bb4e9000,0x00007f68bb5ea000)]
  0x00007f695437f000 JavaThread "Service Thread" daemon [_thread_blocked, id=32145, stack(0x00007f68bb7f8000,0x00007f68bb8f9000)]
  0x00007f695437a000 JavaThread "C1 CompilerThread11" daemon [_thread_blocked, id=32099, stack(0x00007f68bb8f9000,0x00007f68bb9fa000)]
  0x00007f6954378000 JavaThread "C1 CompilerThread10" daemon [_thread_blocked, id=32094, stack(0x00007f68bb9fa000,0x00007f68bbafb000)]
  0x00007f6954376000 JavaThread "C1 CompilerThread9" daemon [_thread_blocked, id=32091, stack(0x00007f68bbafb000,0x00007f68bbbfc000)]
  0x00007f6954374000 JavaThread "C1 CompilerThread8" daemon [_thread_blocked, id=32085, stack(0x00007f68bbbfc000,0x00007f68bbcfd000)]
  0x00007f6954371800 JavaThread "C2 CompilerThread7" daemon [_thread_blocked, id=32084, stack(0x00007f68bbcfd000,0x00007f68bbdfe000)]
  0x00007f695436f800 JavaThread "C2 CompilerThread6" daemon [_thread_blocked, id=32082, stack(0x00007f68bbdfe000,0x00007f68bbeff000)]
  0x00007f695436d800 JavaThread "C2 CompilerThread5" daemon [_thread_blocked, id=32080, stack(0x00007f68bbeff000,0x00007f68bc000000)]
  0x00007f6954363800 JavaThread "C2 CompilerThread4" daemon [_thread_blocked, id=32079, stack(0x00007f68e000f000,0x00007f68e0110000)]
  0x00007f6954361800 JavaThread "C2 CompilerThread3" daemon [_thread_blocked, id=32075, stack(0x00007f68e0110000,0x00007f68e0211000)]
  0x00007f695435f000 JavaThread "C2 CompilerThread2" daemon [_thread_blocked, id=32073, stack(0x00007f68e0211000,0x00007f68e0312000)]
  0x00007f695435d800 JavaThread "C2 CompilerThread1" daemon [_thread_blocked, id=32071, stack(0x00007f68e0312000,0x00007f68e0413000)]
  0x00007f695435a800 JavaThread "C2 CompilerThread0" daemon [_thread_blocked, id=32070, stack(0x00007f68e0413000,0x00007f68e0514000)]
  0x00007f6954359000 JavaThread "Signal Dispatcher" daemon [_thread_blocked, id=32067, stack(0x00007f68e0514000,0x00007f68e0615000)]
  0x00007f6954323000 JavaThread "Finalizer" daemon [_thread_blocked, id=32031, stack(0x00007f68e0bcd000,0x00007f68e0cce000)]
  0x00007f6954321000 JavaThread "Reference Handler" daemon [_thread_blocked, id=32030, stack(0x00007f68e0cce000,0x00007f68e0dcf000)]
  0x00007f695400a800 JavaThread "main" [_thread_blocked, id=31618, stack(0x00007f695ae7b000,0x00007f695af7c000)]

Other Threads:
  0x00007f695431c000 VMThread [stack: 0x00007f68e0dcf000,0x00007f68e0ed0000] [id=32023]
  0x00007f6954381800 WatcherThread [stack: 0x00007f68bb6f7000,0x00007f68bb7f8000] [id=32151]

=>0x00007f695403d800 (exited) GCTaskThread [stack: 0x00007f6941847000,0x00007f6941948000] [id=31908]

VM state:at safepoint (normal execution)

VM Mutex/Monitor currently owned by a thread:  ([mutex/lock_event])
[0x00007f6954005aa0] ExpandHeap_lock - owner thread: 0x00007f695403d800
[0x00007f6954006120] Threads_lock - owner thread: 0x00007f695431c000
[0x00007f6954006620] Heap_lock - owner thread: 0x00007f6954458800

Heap:
 PSYoungGen      total 3132928K, used 3132902K [0x00000006f4900000, 0x00000007c0000000, 0x00000007c0000000)
  eden space 2932736K, 100% used [0x00000006f4900000,0x00000007a7900000,0x00000007a7900000)
  from space 200192K, 99% used [0x00000007a7900000,0x00000007b3c79880,0x00000007b3c80000)
  to   space 200192K, 99% used [0x00000007b3c80000,0x00000007bfff9ee0,0x00000007c0000000)
 ParOldGen       total 1163264K, used 1163256K [0x000000055da00000, 0x00000005a4a80000, 0x00000006f4900000)
  object space 1163264K, 99% used [0x000000055da00000,0x00000005a49fe288,0x00000005a4a00000)
 Metaspace       used 5250K, capacity 5476K, committed 5632K, reserved 1056768K
  class space    used 582K, capacity 672K, committed 768K, reserved 1048576K

Card table byte_map: [0x00007f6943711000,0x00007f6944a25000] byte_map_base: 0x00007f6940c24000

Marking Bits: (ParMarkBitMap*) 0x00007f695a374760
 Begin Bits: [0x00007f68e0ed0000, 0x00007f68ea768000)
 End Bits:   [0x00007f68ea768000, 0x00007f68f4000000)

Polling page: 0x00007f695afbb000

CodeCache: size=245760Kb used=5145Kb max_used=5153Kb free=240614Kb
 bounds [0x00007f6944de5000, 0x00007f6945305000, 0x00007f6953de5000]
 total_blobs=1084 nmethods=788 adapters=209
 compilation: enabled

Compilation events (10 events):
Event: 318,151 Thread 0x00007f6954376000  791       3       edu.ufpr.cbio.psp.algorithms.hyperheuristic.IBEAHyperHeuristic::execute (505 bytes)
Event: 318,156 Thread 0x00007f6954376000 nmethod 791 0x00007f69452e32d0 code [0x00007f69452e37e0, 0x00007f69452e6578]
Event: 318,385 Thread 0x00007f695436d800 nmethod 786 0x00007f69452ebdd0 code [0x00007f69452ec1c0, 0x00007f69452ef188]
Event: 318,503 Thread 0x00007f6954371800 nmethod 787 0x00007f69452f1890 code [0x00007f69452f1bc0, 0x00007f69452f42b8]
Event: 318,799 Thread 0x00007f6954363800  792       4       edu.ufpr.cbio.psp.algorithms.hyperheuristic.IBEAHyperHeuristic::computeIndicatorValuesHD (246 bytes)
Event: 318,880 Thread 0x00007f6954363800 nmethod 792 0x00007f69452f6190 code [0x00007f69452f6480, 0x00007f69452f7c58]
Event: 330,652 Thread 0x00007f6954374000  793       3       java.io.BufferedWriter::ensureOpen (18 bytes)
Event: 330,652 Thread 0x00007f6954374000 nmethod 793 0x00007f69452aec50 code [0x00007f69452aedc0, 0x00007f69452af008]
Event: 330,652 Thread 0x00007f6954374000  794       3       java.nio.charset.CoderResult::isUnderflow (13 bytes)
Event: 330,653 Thread 0x00007f6954374000 nmethod 794 0x00007f69452ae8d0 code [0x00007f69452aea40, 0x00007f69452aebf0]

GC Heap History (10 events):
Event: 265,748 GC heap after
Heap after GC invocations=115 (full 0):
 PSYoungGen      total 2836992K, used 896K [0x00000006f4900000, 0x00000007bca80000, 0x00000007c0000000)
  eden space 2835456K, 0% used [0x00000006f4900000,0x00000006f4900000,0x00000007a1a00000)
  from space 1536K, 58% used [0x00000007bc780000,0x00000007bc860000,0x00000007bc900000)
  to   space 1536K, 0% used [0x00000007bc900000,0x00000007bc900000,0x00000007bca80000)
 ParOldGen       total 946176K, used 5666K [0x000000055da00000, 0x0000000597600000, 0x00000006f4900000)
  object space 946176K, 0% used [0x000000055da00000,0x000000055df888e0,0x0000000597600000)
 Metaspace       used 5164K, capacity 5412K, committed 5632K, reserved 1056768K
  class space    used 580K, capacity 672K, committed 768K, reserved 1048576K
}
Event: 270,290 GC heap before
{Heap before GC invocations=116 (full 0):
 PSYoungGen      total 2836992K, used 2836352K [0x00000006f4900000, 0x00000007bca80000, 0x00000007c0000000)
  eden space 2835456K, 100% used [0x00000006f4900000,0x00000007a1a00000,0x00000007a1a00000)
  from space 1536K, 58% used [0x00000007bc780000,0x00000007bc860000,0x00000007bc900000)
  to   space 1536K, 0% used [0x00000007bc900000,0x00000007bc900000,0x00000007bca80000)
 ParOldGen       total 946176K, used 5666K [0x000000055da00000, 0x0000000597600000, 0x00000006f4900000)
  object space 946176K, 0% used [0x000000055da00000,0x000000055df888e0,0x0000000597600000)
 Metaspace       used 5164K, capacity 5412K, committed 5632K, reserved 1056768K
  class space    used 580K, capacity 672K, committed 768K, reserved 1048576K
Event: 270,335 GC heap after
Heap after GC invocations=116 (full 0):
 PSYoungGen      total 2710528K, used 960K [0x00000006f4900000, 0x00000007bca00000, 0x00000007c0000000)
  eden space 2709504K, 0% used [0x00000006f4900000,0x00000006f4900000,0x0000000799f00000)
  from space 1024K, 93% used [0x00000007bc900000,0x00000007bc9f0000,0x00000007bca00000)
  to   space 1536K, 0% used [0x00000007bc700000,0x00000007bc700000,0x00000007bc880000)
 ParOldGen       total 946176K, used 5746K [0x000000055da00000, 0x0000000597600000, 0x00000006f4900000)
  object space 946176K, 0% used [0x000000055da00000,0x000000055df9c8e0,0x0000000597600000)
 Metaspace       used 5164K, capacity 5412K, committed 5632K, reserved 1056768K
  class space    used 580K, capacity 672K, committed 768K, reserved 1048576K
}
Event: 274,712 GC heap before
{Heap before GC invocations=117 (full 0):
 PSYoungGen      total 2710528K, used 2710464K [0x00000006f4900000, 0x00000007bca00000, 0x00000007c0000000)
  eden space 2709504K, 100% used [0x00000006f4900000,0x0000000799f00000,0x0000000799f00000)
  from space 1024K, 93% used [0x00000007bc900000,0x00000007bc9f0000,0x00000007bca00000)
  to   space 1536K, 0% used [0x00000007bc700000,0x00000007bc700000,0x00000007bc880000)
 ParOldGen       total 946176K, used 5746K [0x000000055da00000, 0x0000000597600000, 0x00000006f4900000)
  object space 946176K, 0% used [0x000000055da00000,0x000000055df9c8e0,0x0000000597600000)
 Metaspace       used 5164K, capacity 5412K, committed 5632K, reserved 1056768K
  class space    used 580K, capacity 672K, committed 768K, reserved 1048576K
Event: 274,772 GC heap after
Heap after GC invocations=117 (full 0):
 PSYoungGen      total 2591744K, used 1536K [0x00000006f4900000, 0x00000007bc980000, 0x00000007c0000000)
  eden space 2590208K, 0% used [0x00000006f4900000,0x00000006f4900000,0x0000000792a80000)
  from space 1536K, 100% used [0x00000007bc700000,0x00000007bc880000,0x00000007bc880000)
  to   space 1024K, 0% used [0x00000007bc880000,0x00000007bc880000,0x00000007bc980000)
 ParOldGen       total 946176K, used 7674K [0x000000055da00000, 0x0000000597600000, 0x00000006f4900000)
  object space 946176K, 0% used [0x000000055da00000,0x000000055e17e8e0,0x0000000597600000)
 Metaspace       used 5164K, capacity 5412K, committed 5632K, reserved 1056768K
  class space    used 580K, capacity 672K, committed 768K, reserved 1048576K
}
Event: 281,283 GC heap before
{Heap before GC invocations=118 (full 0):
 PSYoungGen      total 2591744K, used 2591744K [0x00000006f4900000, 0x00000007bc980000, 0x00000007c0000000)
  eden space 2590208K, 100% used [0x00000006f4900000,0x0000000792a80000,0x0000000792a80000)
  from space 1536K, 100% used [0x00000007bc700000,0x00000007bc880000,0x00000007bc880000)
  to   space 1024K, 0% used [0x00000007bc880000,0x00000007bc880000,0x00000007bc980000)
 ParOldGen       total 946176K, used 7674K [0x000000055da00000, 0x0000000597600000, 0x00000006f4900000)
  object space 946176K, 0% used [0x000000055da00000,0x000000055e17e8e0,0x0000000597600000)
 Metaspace       used 5171K, capacity 5412K, committed 5632K, reserved 1056768K
  class space    used 580K, capacity 672K, committed 768K, reserved 1048576K
Event: 284,091 GC heap after
Heap after GC invocations=118 (full 0):
 PSYoungGen      total 2933760K, used 1016K [0x00000006f4900000, 0x00000007c0000000, 0x00000007c0000000)
  eden space 2932736K, 0% used [0x00000006f4900000,0x00000006f4900000,0x00000007a7900000)
  from space 1024K, 99% used [0x00000007bc880000,0x00000007bc97e1a8,0x00000007bc980000)
  to   space 200192K, 0% used [0x00000007a7900000,0x00000007a7900000,0x00000007b3c80000)
 ParOldGen       total 946176K, used 542670K [0x000000055da00000, 0x0000000597600000, 0x00000006f4900000)
  object space 946176K, 57% used [0x000000055da00000,0x000000057ebf3a90,0x0000000597600000)
 Metaspace       used 5171K, capacity 5412K, committed 5632K, reserved 1056768K
  class space    used 580K, capacity 672K, committed 768K, reserved 1048576K
}
Event: 329,738 GC heap before
{Heap before GC invocations=119 (full 0):
 PSYoungGen      total 2933760K, used 2933752K [0x00000006f4900000, 0x00000007c0000000, 0x00000007c0000000)
  eden space 2932736K, 100% used [0x00000006f4900000,0x00000007a7900000,0x00000007a7900000)
  from space 1024K, 99% used [0x00000007bc880000,0x00000007bc97e1a8,0x00000007bc980000)
  to   space 200192K, 0% used [0x00000007a7900000,0x00000007a7900000,0x00000007b3c80000)
 ParOldGen       total 946176K, used 542670K [0x000000055da00000, 0x0000000597600000, 0x00000006f4900000)
  object space 946176K, 57% used [0x000000055da00000,0x000000057ebf3a90,0x0000000597600000)
 Metaspace       used 5249K, capacity 5476K, committed 5632K, reserved 1056768K
  class space    used 582K, capacity 672K, committed 768K, reserved 1048576K
Event: 330,180 GC heap after
Heap after GC invocations=119 (full 0):
 PSYoungGen      total 3132928K, used 200166K [0x00000006f4900000, 0x00000007c0000000, 0x00000007c0000000)
  eden space 2932736K, 0% used [0x00000006f4900000,0x00000006f4900000,0x00000007a7900000)
  from space 200192K, 99% used [0x00000007a7900000,0x00000007b3c79880,0x00000007b3c80000)
  to   space 200192K, 0% used [0x00000007b3c80000,0x00000007b3c80000,0x00000007c0000000)
 ParOldGen       total 946176K, used 610595K [0x000000055da00000, 0x0000000597600000, 0x00000006f4900000)
  object space 946176K, 64% used [0x000000055da00000,0x0000000582e48d90,0x0000000597600000)
 Metaspace       used 5249K, capacity 5476K, committed 5632K, reserved 1056768K
  class space    used 582K, capacity 672K, committed 768K, reserved 1048576K
}
Event: 360,478 GC heap before
{Heap before GC invocations=120 (full 0):
 PSYoungGen      total 3132928K, used 3132902K [0x00000006f4900000, 0x00000007c0000000, 0x00000007c0000000)
  eden space 2932736K, 100% used [0x00000006f4900000,0x00000007a7900000,0x00000007a7900000)
  from space 200192K, 99% used [0x00000007a7900000,0x00000007b3c79880,0x00000007b3c80000)
  to   space 200192K, 0% used [0x00000007b3c80000,0x00000007b3c80000,0x00000007c0000000)
 ParOldGen       total 946176K, used 610595K [0x000000055da00000, 0x0000000597600000, 0x00000006f4900000)
  object space 946176K, 64% used [0x000000055da00000,0x0000000582e48d90,0x0000000597600000)
 Metaspace       used 5250K, capacity 5476K, committed 5632K, reserved 1056768K
  class space    used 582K, capacity 672K, committed 768K, reserved 1048576K

Deoptimization events (10 events):
Event: 14,961 Thread 0x00007f6954458800 Uncommon trap: reason=bimorphic action=maybe_recompile pc=0x00007f69451a17e4 method=java.util.HashMap.putVal(ILjava/lang/Object;Ljava/lang/Object;ZZ)Ljava/lang/Object; @ 203
Event: 14,961 Thread 0x00007f6954458800 Uncommon trap: reason=bimorphic action=maybe_recompile pc=0x00007f69451a17e4 method=java.util.HashMap.putVal(ILjava/lang/Object;Ljava/lang/Object;ZZ)Ljava/lang/Object; @ 203
Event: 14,961 Thread 0x00007f6954458800 Uncommon trap: reason=bimorphic action=maybe_recompile pc=0x00007f69451a17e4 method=java.util.HashMap.putVal(ILjava/lang/Object;Ljava/lang/Object;ZZ)Ljava/lang/Object; @ 203
Event: 23,863 Thread 0x00007f6954458800 Uncommon trap: reason=unstable_if action=reinterpret pc=0x00007f69451db0fc method=java.util.HashMap.putVal(ILjava/lang/Object;Ljava/lang/Object;ZZ)Ljava/lang/Object; @ 94
Event: 29,464 Thread 0x00007f6954458800 Uncommon trap: reason=unstable_if action=reinterpret pc=0x00007f6945208d38 method=java.util.HashMap.putVal(ILjava/lang/Object;Ljava/lang/Object;ZZ)Ljava/lang/Object; @ 162
Event: 29,464 Thread 0x00007f6954458800 Uncommon trap: reason=unstable_if action=reinterpret pc=0x00007f69451e0d9c method=java.util.HashMap.putVal(ILjava/lang/Object;Ljava/lang/Object;ZZ)Ljava/lang/Object; @ 162
Event: 274,945 Thread 0x00007f6954458800 Uncommon trap: reason=unstable_if action=reinterpret pc=0x00007f6945203f88 method=java.util.HashMap.putVal(ILjava/lang/Object;Ljava/lang/Object;ZZ)Ljava/lang/Object; @ 206
Event: 315,854 Thread 0x00007f6954458800 Uncommon trap: reason=predicate action=maybe_recompile pc=0x00007f69451027b8 method=java.util.ArrayList.indexOf(Ljava/lang/Object;)I @ 44
Event: 315,854 Thread 0x00007f6954458800 Uncommon trap: reason=predicate action=maybe_recompile pc=0x00007f69450fed5c method=java.util.ArrayList.indexOf(Ljava/lang/Object;)I @ 44
Event: 315,854 Thread 0x00007f6954458800 Uncommon trap: reason=unstable_if action=reinterpret pc=0x00007f694523609c method=edu.ufpr.cbio.psp.problem.PSPProblem.evaluate(Lorg/uma/jmetal/core/Solution;)V @ 330

Internal exceptions (8 events):
Event: 0,071 Thread 0x00007f695400a800 Exception <a 'java/lang/NoSuchMethodError': Method sun.misc.Unsafe.defineClass(Ljava/lang/String;[BII)Ljava/lang/Class; name or signature does not match> (0x00000006f4912a30) thrown at [/RE-WORK/workspace/8-2-build-linux-amd64/jdk8u45/3457/hotspot/src/sha
Event: 0,071 Thread 0x00007f695400a800 Exception <a 'java/lang/NoSuchMethodError': Method sun.misc.Unsafe.prefetchRead(Ljava/lang/Object;J)V name or signature does not match> (0x00000006f4912cc0) thrown at [/RE-WORK/workspace/8-2-build-linux-amd64/jdk8u45/3457/hotspot/src/share/vm/prims/jni.cp
Event: 0,263 Thread 0x00007f695400a800 Exception <a 'java/security/PrivilegedActionException'> (0x00000006f49d3988) thrown at [/RE-WORK/workspace/8-2-build-linux-amd64/jdk8u45/3457/hotspot/src/share/vm/prims/jvm.cpp, line 1382]
Event: 0,263 Thread 0x00007f695400a800 Exception <a 'java/security/PrivilegedActionException'> (0x00000006f49d3b40) thrown at [/RE-WORK/workspace/8-2-build-linux-amd64/jdk8u45/3457/hotspot/src/share/vm/prims/jvm.cpp, line 1382]
Event: 0,264 Thread 0x00007f695400a800 Exception <a 'java/security/PrivilegedActionException'> (0x00000006f49d63d8) thrown at [/RE-WORK/workspace/8-2-build-linux-amd64/jdk8u45/3457/hotspot/src/share/vm/prims/jvm.cpp, line 1382]
Event: 0,264 Thread 0x00007f695400a800 Exception <a 'java/security/PrivilegedActionException'> (0x00000006f49d6590) thrown at [/RE-WORK/workspace/8-2-build-linux-amd64/jdk8u45/3457/hotspot/src/share/vm/prims/jvm.cpp, line 1382]
Event: 2,369 Thread 0x00007f6954458800 Exception <a 'java/lang/NoSuchFieldError': method resolution failed> (0x00000006fb7c1098) thrown at [/RE-WORK/workspace/8-2-build-linux-amd64/jdk8u45/3457/hotspot/src/share/vm/prims/methodHandles.cpp, line 1125]
Event: 2,419 Thread 0x00007f6954458800 Exception <a 'java/lang/NoSuchFieldError': method resolution failed> (0x00000006fb7cf728) thrown at [/RE-WORK/workspace/8-2-build-linux-amd64/jdk8u45/3457/hotspot/src/share/vm/prims/methodHandles.cpp, line 1125]

Events (10 events):
Event: 318,180 Thread 0x00007f6954458800 DEOPT UNPACKING pc=0x00007f6944e2bf73 sp=0x00007f68bb5e7e70 mode 0
Event: 318,279 Thread 0x00007f6954458800 DEOPT PACKING pc=0x00007f694527be6a sp=0x00007f68bb5e8040
Event: 318,279 Thread 0x00007f6954458800 DEOPT UNPACKING pc=0x00007f6944e2bf73 sp=0x00007f68bb5e7e70 mode 0
Event: 318,795 Thread 0x00007f6954458800 DEOPT PACKING pc=0x00007f6945248251 sp=0x00007f68bb5e8160
Event: 318,795 Thread 0x00007f6954458800 DEOPT UNPACKING pc=0x00007f6944e2bf73 sp=0x00007f68bb5e7f60 mode 0
Event: 329,738 Executing VM operation: ParallelGCFailedAllocation
Event: 330,180 Executing VM operation: ParallelGCFailedAllocation done
Event: 330,187 Executing VM operation: RevokeBias
Event: 330,191 Executing VM operation: RevokeBias done
Event: 360,478 Executing VM operation: ParallelGCFailedAllocation


Dynamic libraries:
00400000-00401000 r-xp 00000000 00:2c 34522951                           /home/ppginf/vdfontoura/jdk1.8.0_45/bin/java
00600000-00601000 rw-p 00000000 00:2c 34522951                           /home/ppginf/vdfontoura/jdk1.8.0_45/bin/java
021ec000-0220d000 rw-p 00000000 00:00 0                                  [heap]
55da00000-5a4a80000 rw-p 00000000 00:00 0 
5a4a80000-6f4900000 ---p 00000000 00:00 0 
6f4900000-7c0000000 rw-p 00000000 00:00 0 
7c0000000-7c00c0000 rw-p 00000000 00:00 0 
7c00c0000-800000000 ---p 00000000 00:00 0 
7f688c000000-7f688c293000 rw-p 00000000 00:00 0 
7f688c293000-7f6890000000 ---p 00000000 00:00 0 
7f6894000000-7f6894021000 rw-p 00000000 00:00 0 
7f6894021000-7f6898000000 ---p 00000000 00:00 0 
7f6898000000-7f6898021000 rw-p 00000000 00:00 0 
7f6898021000-7f689c000000 ---p 00000000 00:00 0 
7f689c000000-7f689c068000 rw-p 00000000 00:00 0 
7f689c068000-7f68a0000000 ---p 00000000 00:00 0 
7f68a0000000-7f68a0129000 rw-p 00000000 00:00 0 
7f68a0129000-7f68a4000000 ---p 00000000 00:00 0 
7f68a4000000-7f68a409a000 rw-p 00000000 00:00 0 
7f68a409a000-7f68a8000000 ---p 00000000 00:00 0 
7f68a8000000-7f68a80b0000 rw-p 00000000 00:00 0 
7f68a80b0000-7f68ac000000 ---p 00000000 00:00 0 
7f68ac000000-7f68ac1dd000 rw-p 00000000 00:00 0 
7f68ac1dd000-7f68b0000000 ---p 00000000 00:00 0 
7f68b0000000-7f68b08eb000 rw-p 00000000 00:00 0 
7f68b08eb000-7f68b4000000 ---p 00000000 00:00 0 
7f68b4000000-7f68b4385000 rw-p 00000000 00:00 0 
7f68b4385000-7f68b8000000 ---p 00000000 00:00 0 
7f68bb3e9000-7f68bb4e9000 rw-p 00000000 00:00 0 
7f68bb4e9000-7f68bb4ec000 ---p 00000000 00:00 0 
7f68bb4ec000-7f68bb5ea000 rw-p 00000000 00:00 0                          [stack:32358]
7f68bb5ea000-7f68bb6f7000 r--s 010c9000 00:2c 55319431                   /home/ppginf/vdfontoura/psp-2D/chapter_approach/target/IBEAHH.jar
7f68bb6f7000-7f68bb6f8000 ---p 00000000 00:00 0 
7f68bb6f8000-7f68bb7f8000 rw-p 00000000 00:00 0                          [stack:32151]
7f68bb7f8000-7f68bb7fb000 ---p 00000000 00:00 0 
7f68bb7fb000-7f68bb8f9000 rw-p 00000000 00:00 0                          [stack:32145]
7f68bb8f9000-7f68bb8fc000 ---p 00000000 00:00 0 
7f68bb8fc000-7f68bb9fa000 rw-p 00000000 00:00 0                          [stack:32099]
7f68bb9fa000-7f68bb9fd000 ---p 00000000 00:00 0 
7f68bb9fd000-7f68bbafb000 rw-p 00000000 00:00 0                          [stack:32094]
7f68bbafb000-7f68bbafe000 ---p 00000000 00:00 0 
7f68bbafe000-7f68bbbfc000 rw-p 00000000 00:00 0                          [stack:32091]
7f68bbbfc000-7f68bbbff000 ---p 00000000 00:00 0 
7f68bbbff000-7f68bbcfd000 rw-p 00000000 00:00 0                          [stack:32085]
7f68bbcfd000-7f68bbd00000 ---p 00000000 00:00 0 
7f68bbd00000-7f68bbdfe000 rw-p 00000000 00:00 0                          [stack:32084]
7f68bbdfe000-7f68bbe01000 ---p 00000000 00:00 0 
7f68bbe01000-7f68bbeff000 rw-p 00000000 00:00 0                          [stack:32082]
7f68bbeff000-7f68bbf02000 ---p 00000000 00:00 0 
7f68bbf02000-7f68bc000000 rw-p 00000000 00:00 0                          [stack:32080]
7f68bc000000-7f68bc3f5000 rw-p 00000000 00:00 0 
7f68bc3f5000-7f68c0000000 ---p 00000000 00:00 0 
7f68c0000000-7f68c02ad000 rw-p 00000000 00:00 0 
7f68c02ad000-7f68c4000000 ---p 00000000 00:00 0 
7f68c4000000-7f68c454a000 rw-p 00000000 00:00 0 
7f68c454a000-7f68c8000000 ---p 00000000 00:00 0 
7f68c8000000-7f68c8399000 rw-p 00000000 00:00 0 
7f68c8399000-7f68cc000000 ---p 00000000 00:00 0 
7f68cc000000-7f68cc021000 rw-p 00000000 00:00 0 
7f68cc021000-7f68d0000000 ---p 00000000 00:00 0 
7f68d0000000-7f68d054e000 rw-p 00000000 00:00 0 
7f68d054e000-7f68d4000000 ---p 00000000 00:00 0 
7f68d4000000-7f68d4021000 rw-p 00000000 00:00 0 
7f68d4021000-7f68d8000000 ---p 00000000 00:00 0 
7f68d8000000-7f68d8021000 rw-p 00000000 00:00 0 
7f68d8021000-7f68dc000000 ---p 00000000 00:00 0 
7f68dc000000-7f68dc021000 rw-p 00000000 00:00 0 
7f68dc021000-7f68e0000000 ---p 00000000 00:00 0 
7f68e000f000-7f68e0012000 ---p 00000000 00:00 0 
7f68e0012000-7f68e0110000 rw-p 00000000 00:00 0                          [stack:32079]
7f68e0110000-7f68e0113000 ---p 00000000 00:00 0 
7f68e0113000-7f68e0211000 rw-p 00000000 00:00 0                          [stack:32075]
7f68e0211000-7f68e0214000 ---p 00000000 00:00 0 
7f68e0214000-7f68e0312000 rw-p 00000000 00:00 0                          [stack:32073]
7f68e0312000-7f68e0315000 ---p 00000000 00:00 0 
7f68e0315000-7f68e0413000 rw-p 00000000 00:00 0                          [stack:32071]
7f68e0413000-7f68e0416000 ---p 00000000 00:00 0 
7f68e0416000-7f68e0514000 rw-p 00000000 00:00 0                          [stack:32070]
7f68e0514000-7f68e0517000 ---p 00000000 00:00 0 
7f68e0517000-7f68e0615000 rw-p 00000000 00:00 0                          [stack:32067]
7f68e0615000-7f68e0bcd000 r--p 00000000 00:15 231                        /usr/lib/locale/locale-archive
7f68e0bcd000-7f68e0bd0000 ---p 00000000 00:00 0 
7f68e0bd0000-7f68e0cce000 rw-p 00000000 00:00 0                          [stack:32031]
7f68e0cce000-7f68e0cd1000 ---p 00000000 00:00 0 
7f68e0cd1000-7f68e0dcf000 rw-p 00000000 00:00 0                          [stack:32030]
7f68e0dcf000-7f68e0dd0000 ---p 00000000 00:00 0 
7f68e0dd0000-7f68f4000000 rw-p 00000000 00:00 0                          [stack:32023]
7f68f4000000-7f68f4021000 rw-p 00000000 00:00 0 
7f68f4021000-7f68f8000000 ---p 00000000 00:00 0 
7f68f80c9000-7f68fbcc0000 rw-p 00000000 00:00 0 
7f68fbcc0000-7f68fc000000 ---p 00000000 00:00 0 
7f68fc000000-7f68fc021000 rw-p 00000000 00:00 0 
7f68fc021000-7f6900000000 ---p 00000000 00:00 0 
7f6900000000-7f690028c000 rw-p 00000000 00:00 0 
7f690028c000-7f6904000000 ---p 00000000 00:00 0 
7f6904000000-7f6904021000 rw-p 00000000 00:00 0 
7f6904021000-7f6908000000 ---p 00000000 00:00 0 
7f6908000000-7f6908021000 rw-p 00000000 00:00 0 
7f6908021000-7f690c000000 ---p 00000000 00:00 0 
7f690c000000-7f690c021000 rw-p 00000000 00:00 0 
7f690c021000-7f6910000000 ---p 00000000 00:00 0 
7f6910000000-7f6910021000 rw-p 00000000 00:00 0 
7f6910021000-7f6914000000 ---p 00000000 00:00 0 
7f6914000000-7f6914021000 rw-p 00000000 00:00 0 
7f6914021000-7f6918000000 ---p 00000000 00:00 0 
7f6918000000-7f6918021000 rw-p 00000000 00:00 0 
7f6918021000-7f691c000000 ---p 00000000 00:00 0 
7f691c000000-7f691c021000 rw-p 00000000 00:00 0 
7f691c021000-7f6920000000 ---p 00000000 00:00 0 
7f6920000000-7f6920021000 rw-p 00000000 00:00 0 
7f6920021000-7f6924000000 ---p 00000000 00:00 0 
7f6924000000-7f6924021000 rw-p 00000000 00:00 0 
7f6924021000-7f6928000000 ---p 00000000 00:00 0 
7f6928000000-7f6928021000 rw-p 00000000 00:00 0 
7f6928021000-7f692c000000 ---p 00000000 00:00 0 
7f692c000000-7f692c021000 rw-p 00000000 00:00 0 
7f692c021000-7f6930000000 ---p 00000000 00:00 0 
7f6930000000-7f693216f000 rw-p 00000000 00:00 0 
7f693216f000-7f6934000000 ---p 00000000 00:00 0 
7f6934000000-7f6934021000 rw-p 00000000 00:00 0 
7f6934021000-7f6938000000 ---p 00000000 00:00 0 
7f6938000000-7f6938021000 rw-p 00000000 00:00 0 
7f6938021000-7f693c000000 ---p 00000000 00:00 0 
7f693c000000-7f693c021000 rw-p 00000000 00:00 0 
7f693c021000-7f6940000000 ---p 00000000 00:00 0 
7f6940024000-7f6940226000 rw-p 00000000 00:00 0 
7f6940226000-7f69403ff000 r--s 03d09000 00:2c 34523101                   /home/ppginf/vdfontoura/jdk1.8.0_45/jre/lib/rt.jar
7f69403ff000-7f6941847000 rw-p 00000000 00:00 0 
7f6941847000-7f6941848000 ---p 00000000 00:00 0 
7f6941848000-7f6941948000 rw-p 00000000 00:00 0                          [stack:31908]
7f6941948000-7f6941949000 ---p 00000000 00:00 0 
7f6941949000-7f6941a49000 rw-p 00000000 00:00 0                          [stack:31906]
7f6941a49000-7f6941a4a000 ---p 00000000 00:00 0 
7f6941a4a000-7f6941b4a000 rw-p 00000000 00:00 0                          [stack:31905]
7f6941b4a000-7f6941b4b000 ---p 00000000 00:00 0 
7f6941b4b000-7f6941c4b000 rw-p 00000000 00:00 0                          [stack:31902]
7f6941c4b000-7f6941c4c000 ---p 00000000 00:00 0 
7f6941c4c000-7f6941d4c000 rw-p 00000000 00:00 0                          [stack:31899]
7f6941d4c000-7f6941d4d000 ---p 00000000 00:00 0 
7f6941d4d000-7f6941e4d000 rw-p 00000000 00:00 0                          [stack:31896]
7f6941e4d000-7f6941e4e000 ---p 00000000 00:00 0 
7f6941e4e000-7f6941f4e000 rw-p 00000000 00:00 0                          [stack:31893]
7f6941f4e000-7f6941f4f000 ---p 00000000 00:00 0 
7f6941f4f000-7f694204f000 rw-p 00000000 00:00 0                          [stack:31890]
7f694204f000-7f6942050000 ---p 00000000 00:00 0 
7f6942050000-7f6942150000 rw-p 00000000 00:00 0                          [stack:31888]
7f6942150000-7f6942151000 ---p 00000000 00:00 0 
7f6942151000-7f6942251000 rw-p 00000000 00:00 0                          [stack:31885]
7f6942251000-7f6942252000 ---p 00000000 00:00 0 
7f6942252000-7f6942352000 rw-p 00000000 00:00 0                          [stack:31883]
7f6942352000-7f6942353000 ---p 00000000 00:00 0 
7f6942353000-7f6942453000 rw-p 00000000 00:00 0                          [stack:31880]
7f6942453000-7f6942454000 ---p 00000000 00:00 0 
7f6942454000-7f6942554000 rw-p 00000000 00:00 0                          [stack:31878]
7f6942554000-7f6942555000 ---p 00000000 00:00 0 
7f6942555000-7f6942655000 rw-p 00000000 00:00 0                          [stack:31875]
7f6942655000-7f6942656000 ---p 00000000 00:00 0 
7f6942656000-7f6942756000 rw-p 00000000 00:00 0                          [stack:31872]
7f6942756000-7f6942757000 ---p 00000000 00:00 0 
7f6942757000-7f6942857000 rw-p 00000000 00:00 0                          [stack:31869]
7f6942857000-7f6942858000 ---p 00000000 00:00 0 
7f6942858000-7f6942958000 rw-p 00000000 00:00 0                          [stack:31867]
7f6942958000-7f6942959000 ---p 00000000 00:00 0 
7f6942959000-7f6942c92000 rw-p 00000000 00:00 0                          [stack:31865]
7f6942c92000-7f6943711000 ---p 00000000 00:00 0 
7f6943711000-7f6943949000 rw-p 00000000 00:00 0 
7f694394a000-7f69443c8000 ---p 00000000 00:00 0 
7f69443c8000-7f6944a24000 rw-p 00000000 00:00 0 
7f6944a24000-7f6944a3a000 rw-p 00000000 00:00 0 
7f6944a3a000-7f6944de5000 ---p 00000000 00:00 0 
7f6944de5000-7f6945305000 rwxp 00000000 00:00 0 
7f6945305000-7f6953de5000 ---p 00000000 00:00 0 
7f6953de5000-7f6953dff000 r-xp 00000000 00:2c 34523211                   /home/ppginf/vdfontoura/jdk1.8.0_45/jre/lib/amd64/libzip.so
7f6953dff000-7f6953fff000 ---p 0001a000 00:2c 34523211                   /home/ppginf/vdfontoura/jdk1.8.0_45/jre/lib/amd64/libzip.so
7f6953fff000-7f6954000000 rw-p 0001a000 00:2c 34523211                   /home/ppginf/vdfontoura/jdk1.8.0_45/jre/lib/amd64/libzip.so
7f6954000000-7f695445a000 rw-p 00000000 00:00 0 
7f695445a000-7f6958000000 ---p 00000000 00:00 0 
7f6958023000-7f6958045000 r--p 00000000 00:15 3909                       /usr/share/locale-langpack/pt_BR/LC_MESSAGES/libc.mo
7f6958045000-7f6958051000 r-xp 00000000 00:15 181                        /lib/x86_64-linux-gnu/libnss_ldap.so.2
7f6958051000-7f6958250000 ---p 0000c000 00:15 181                        /lib/x86_64-linux-gnu/libnss_ldap.so.2
7f6958250000-7f6958251000 r--p 0000b000 00:15 181                        /lib/x86_64-linux-gnu/libnss_ldap.so.2
7f6958251000-7f6958252000 rw-p 0000c000 00:15 181                        /lib/x86_64-linux-gnu/libnss_ldap.so.2
7f6958252000-7f695825d000 r-xp 00000000 00:15 178                        /lib/x86_64-linux-gnu/libnss_files-2.19.so
7f695825d000-7f695845c000 ---p 0000b000 00:15 178                        /lib/x86_64-linux-gnu/libnss_files-2.19.so
7f695845c000-7f695845d000 r--p 0000a000 00:15 178                        /lib/x86_64-linux-gnu/libnss_files-2.19.so
7f695845d000-7f695845e000 rw-p 0000b000 00:15 178                        /lib/x86_64-linux-gnu/libnss_files-2.19.so
7f695845e000-7f6958469000 r-xp 00000000 00:15 176                        /lib/x86_64-linux-gnu/libnss_nis-2.19.so
7f6958469000-7f6958668000 ---p 0000b000 00:15 176                        /lib/x86_64-linux-gnu/libnss_nis-2.19.so
7f6958668000-7f6958669000 r--p 0000a000 00:15 176                        /lib/x86_64-linux-gnu/libnss_nis-2.19.so
7f6958669000-7f695866a000 rw-p 0000b000 00:15 176                        /lib/x86_64-linux-gnu/libnss_nis-2.19.so
7f695866a000-7f6958681000 r-xp 00000000 00:15 174                        /lib/x86_64-linux-gnu/libnsl-2.19.so
7f6958681000-7f6958880000 ---p 00017000 00:15 174                        /lib/x86_64-linux-gnu/libnsl-2.19.so
7f6958880000-7f6958881000 r--p 00016000 00:15 174                        /lib/x86_64-linux-gnu/libnsl-2.19.so
7f6958881000-7f6958882000 rw-p 00017000 00:15 174                        /lib/x86_64-linux-gnu/libnsl-2.19.so
7f6958882000-7f6958884000 rw-p 00000000 00:00 0 
7f6958884000-7f695888d000 r-xp 00000000 00:15 172                        /lib/x86_64-linux-gnu/libnss_compat-2.19.so
7f695888d000-7f6958a8c000 ---p 00009000 00:15 172                        /lib/x86_64-linux-gnu/libnss_compat-2.19.so
7f6958a8c000-7f6958a8d000 r--p 00008000 00:15 172                        /lib/x86_64-linux-gnu/libnss_compat-2.19.so
7f6958a8d000-7f6958a8e000 rw-p 00009000 00:15 172                        /lib/x86_64-linux-gnu/libnss_compat-2.19.so
7f6958a8e000-7f6958ab8000 r-xp 00000000 00:2c 34523126                   /home/ppginf/vdfontoura/jdk1.8.0_45/jre/lib/amd64/libjava.so
7f6958ab8000-7f6958cb8000 ---p 0002a000 00:2c 34523126                   /home/ppginf/vdfontoura/jdk1.8.0_45/jre/lib/amd64/libjava.so
7f6958cb8000-7f6958cba000 rw-p 0002a000 00:2c 34523126                   /home/ppginf/vdfontoura/jdk1.8.0_45/jre/lib/amd64/libjava.so
7f6958cba000-7f6958cc7000 r-xp 00000000 00:2c 34523210                   /home/ppginf/vdfontoura/jdk1.8.0_45/jre/lib/amd64/libverify.so
7f6958cc7000-7f6958ec7000 ---p 0000d000 00:2c 34523210                   /home/ppginf/vdfontoura/jdk1.8.0_45/jre/lib/amd64/libverify.so
7f6958ec7000-7f6958ec9000 rw-p 0000d000 00:2c 34523210                   /home/ppginf/vdfontoura/jdk1.8.0_45/jre/lib/amd64/libverify.so
7f6958ec9000-7f6958ed0000 r-xp 00000000 00:15 44                         /lib/x86_64-linux-gnu/librt-2.19.so
7f6958ed0000-7f69590cf000 ---p 00007000 00:15 44                         /lib/x86_64-linux-gnu/librt-2.19.so
7f69590cf000-7f69590d0000 r--p 00006000 00:15 44                         /lib/x86_64-linux-gnu/librt-2.19.so
7f69590d0000-7f69590d1000 rw-p 00007000 00:15 44                         /lib/x86_64-linux-gnu/librt-2.19.so
7f69590d1000-7f69591d6000 r-xp 00000000 00:15 309                        /lib/x86_64-linux-gnu/libm-2.19.so
7f69591d6000-7f69593d5000 ---p 00105000 00:15 309                        /lib/x86_64-linux-gnu/libm-2.19.so
7f69593d5000-7f69593d6000 r--p 00104000 00:15 309                        /lib/x86_64-linux-gnu/libm-2.19.so
7f69593d6000-7f69593d7000 rw-p 00105000 00:15 309                        /lib/x86_64-linux-gnu/libm-2.19.so
7f69593d7000-7f695a085000 r-xp 00000000 00:2c 34523214                   /home/ppginf/vdfontoura/jdk1.8.0_45/jre/lib/amd64/server/libjvm.so
7f695a085000-7f695a284000 ---p 00cae000 00:2c 34523214                   /home/ppginf/vdfontoura/jdk1.8.0_45/jre/lib/amd64/server/libjvm.so
7f695a284000-7f695a35b000 rw-p 00cad000 00:2c 34523214                   /home/ppginf/vdfontoura/jdk1.8.0_45/jre/lib/amd64/server/libjvm.so
7f695a35b000-7f695a39f000 rw-p 00000000 00:00 0 
7f695a39f000-7f695a55a000 r-xp 00000000 00:15 46                         /lib/x86_64-linux-gnu/libc-2.19.so
7f695a55a000-7f695a759000 ---p 001bb000 00:15 46                         /lib/x86_64-linux-gnu/libc-2.19.so
7f695a759000-7f695a75d000 r--p 001ba000 00:15 46                         /lib/x86_64-linux-gnu/libc-2.19.so
7f695a75d000-7f695a75f000 rw-p 001be000 00:15 46                         /lib/x86_64-linux-gnu/libc-2.19.so
7f695a75f000-7f695a764000 rw-p 00000000 00:00 0 
7f695a764000-7f695a767000 r-xp 00000000 00:15 52                         /lib/x86_64-linux-gnu/libdl-2.19.so
7f695a767000-7f695a966000 ---p 00003000 00:15 52                         /lib/x86_64-linux-gnu/libdl-2.19.so
7f695a966000-7f695a967000 r--p 00002000 00:15 52                         /lib/x86_64-linux-gnu/libdl-2.19.so
7f695a967000-7f695a968000 rw-p 00003000 00:15 52                         /lib/x86_64-linux-gnu/libdl-2.19.so
7f695a968000-7f695a97d000 r-xp 00000000 00:2c 34523376                   /home/ppginf/vdfontoura/jdk1.8.0_45/lib/amd64/jli/libjli.so
7f695a97d000-7f695ab7d000 ---p 00015000 00:2c 34523376                   /home/ppginf/vdfontoura/jdk1.8.0_45/lib/amd64/jli/libjli.so
7f695ab7d000-7f695ab7e000 rw-p 00015000 00:2c 34523376                   /home/ppginf/vdfontoura/jdk1.8.0_45/lib/amd64/jli/libjli.so
7f695ab7e000-7f695ab97000 r-xp 00000000 00:15 48                         /lib/x86_64-linux-gnu/libpthread-2.19.so
7f695ab97000-7f695ad96000 ---p 00019000 00:15 48                         /lib/x86_64-linux-gnu/libpthread-2.19.so
7f695ad96000-7f695ad97000 r--p 00018000 00:15 48                         /lib/x86_64-linux-gnu/libpthread-2.19.so
7f695ad97000-7f695ad98000 rw-p 00019000 00:15 48                         /lib/x86_64-linux-gnu/libpthread-2.19.so
7f695ad98000-7f695ad9c000 rw-p 00000000 00:00 0 
7f695ad9c000-7f695adbf000 r-xp 00000000 00:15 32                         /lib/x86_64-linux-gnu/ld-2.19.so
7f695add1000-7f695ae7b000 rw-p 00000000 00:00 0 
7f695ae7b000-7f695ae7e000 ---p 00000000 00:00 0 
7f695ae7e000-7f695af80000 rw-p 00000000 00:00 0                          [stack:31618]
7f695af84000-7f695af8b000 r--s 00000000 00:15 245                        /usr/lib/x86_64-linux-gnu/gconv/gconv-modules.cache
7f695af8b000-7f695af96000 r--s 00116000 00:2c 34523300                   /home/ppginf/vdfontoura/jdk1.8.0_45/jre/lib/ext/localedata.jar
7f695af96000-7f695afb2000 r--s 00393000 00:2c 34523297                   /home/ppginf/vdfontoura/jdk1.8.0_45/jre/lib/ext/cldrdata.jar
7f695afb2000-7f695afba000 rw-s 00000000 00:19 158208                     /tmp/hsperfdata_vdfontoura/31602
7f695afba000-7f695afbb000 rw-p 00000000 00:00 0 
7f695afbb000-7f695afbc000 ---p 00000000 00:00 0 
7f695afbc000-7f695afbe000 rw-p 00000000 00:00 0 
7f695afbe000-7f695afbf000 r--p 00022000 00:15 32                         /lib/x86_64-linux-gnu/ld-2.19.so
7f695afbf000-7f695afc0000 rw-p 00023000 00:15 32                         /lib/x86_64-linux-gnu/ld-2.19.so
7f695afc0000-7f695afc1000 rw-p 00000000 00:00 0 
7ffe75130000-7ffe75151000 rw-p 00000000 00:00 0                          [stack]
7ffe751b9000-7ffe751bb000 r--p 00000000 00:00 0                          [vvar]
7ffe751bb000-7ffe751bd000 r-xp 00000000 00:00 0                          [vdso]
ffffffffff600000-ffffffffff601000 r-xp 00000000 00:00 0                  [vsyscall]

VM Arguments:
java_command: ../../target/IBEAHH.jar 5000 2500000 SinglePointCrossover,IntegerTwoPointsCrossover,MultiPointsCrossover BitFlipMutation,LoopMoveOperator,LocalMoveOperator,SegmentMutation,OppositeMoveOperator 2000 1.0 1.0 1 1 ibea-result-5000/result-16 0 0 Random PPHHHPHHHHHHHHPPPHHHHHHHHHHPHPPPHHHHHHHHHHHHPPPPHHHHHHPHHPHP false 50
java_class_path (initial): ../../target/IBEAHH.jar
Launcher Type: SUN_STANDARD

Environment Variables:
JAVA_HOME=/home/ppginf/vdfontoura/jdk1.8.0_45/
PATH=/home/ppginf/vdfontoura/jdk1.8.0_45//bin:/usr/local/sbin:/usr/local/bin:/usr/sbin:/usr/bin:/sbin:/bin:/usr/games:/usr/local/games:.:/home/html/inf/silvia/topicos/ferramentas/poketool/bin:/home/html/inf/silvia/topicos/ferramentas/proteum1.4.1/LINUX/bin:/home/ppginf/vdfontoura/tools/apache-maven-3.3.3/bin
SHELL=/bin/bash

Signal Handlers:
SIGSEGV: [libjvm.so+0xaad1e0], sa_mask[0]=11111111011111111101111111111110, sa_flags=SA_RESTART|SA_SIGINFO
SIGBUS: [libjvm.so+0xaad1e0], sa_mask[0]=11111111011111111101111111111110, sa_flags=SA_RESTART|SA_SIGINFO
SIGFPE: [libjvm.so+0x90b450], sa_mask[0]=11111111011111111101111111111110, sa_flags=SA_RESTART|SA_SIGINFO
SIGPIPE: [libjvm.so+0x90b450], sa_mask[0]=11111111011111111101111111111110, sa_flags=SA_RESTART|SA_SIGINFO
SIGXFSZ: [libjvm.so+0x90b450], sa_mask[0]=11111111011111111101111111111110, sa_flags=SA_RESTART|SA_SIGINFO
SIGILL: [libjvm.so+0x90b450], sa_mask[0]=11111111011111111101111111111110, sa_flags=SA_RESTART|SA_SIGINFO
SIGUSR1: SIG_DFL, sa_mask[0]=00000000000000000000000000000000, sa_flags=none
SIGUSR2: [libjvm.so+0x90ca90], sa_mask[0]=00000000000000000000000000000000, sa_flags=SA_RESTART|SA_SIGINFO
SIGHUP: SIG_IGN, sa_mask[0]=00000000000000000000000000000000, sa_flags=none
SIGINT: SIG_IGN, sa_mask[0]=00000000000000000000000000000000, sa_flags=none
SIGTERM: [libjvm.so+0x90dde0], sa_mask[0]=11111111011111111101111111111110, sa_flags=SA_RESTART|SA_SIGINFO
SIGQUIT: [libjvm.so+0x90dde0], sa_mask[0]=11111111011111111101111111111110, sa_flags=SA_RESTART|SA_SIGINFO


---------------  S Y S T E M  ---------------

OS:DISTRIB_ID=LinuxMint
DISTRIB_RELEASE=17
DISTRIB_CODENAME=qiana
DISTRIB_DESCRIPTION="Linux Mint 17 Qiana"

uname:Linux 4.0.1-kernel+ #2 SMP Wed May 6 16:11:56 BRT 2015 x86_64
libc:glibc 2.19 NPTL 2.19 
rlimit: STACK 8192k, CORE 0k, NPROC 30240, NOFILE 4096, AS 20000000k
load average:63,05 29,70 14,09

/proc/meminfo:
MemTotal:       90751124 kB
MemFree:         4851208 kB
MemAvailable:    4805552 kB
Buffers:               0 kB
Cached:            83884 kB
SwapCached:            0 kB
Active:         85321996 kB
Inactive:          60384 kB
Active(anon):   85314820 kB
Inactive(anon):    21152 kB
Active(file):       7176 kB
Inactive(file):    39232 kB
Unevictable:           0 kB
Mlocked:               0 kB
SwapTotal:             0 kB
SwapFree:              0 kB
Dirty:                 0 kB
Writeback:             0 kB
AnonPages:      85299896 kB
Mapped:            20788 kB
Shmem:             36440 kB
Slab:              80552 kB
SReclaimable:      31204 kB
SUnreclaim:        49348 kB
KernelStack:       18240 kB
PageTables:       182272 kB
NFS_Unstable:          0 kB
Bounce:                0 kB
WritebackTmp:          0 kB
CommitLimit:    45375560 kB
Committed_AS:   101103880 kB
VmallocTotal:   34359738367 kB
VmallocUsed:      220056 kB
VmallocChunk:   34359511596 kB
HardwareCorrupted:     0 kB
AnonHugePages:         0 kB
HugePages_Total:       0
HugePages_Free:        0
HugePages_Rsvd:        0
HugePages_Surp:        0
Hugepagesize:       2048 kB
DirectMap4k:       96244 kB
DirectMap2M:     4098048 kB
DirectMap1G:    88080384 kB


CPU:total 24 (1 cores per cpu, 1 threads per core) family 16 model 9 stepping 1, cmov, cx8, fxsr, mmx, sse, sse2, sse3, popcnt, mmxext, 3dnowpref, lzcnt, sse4a, tsc

/proc/cpuinfo:
processor	: 0
vendor_id	: AuthenticAMD
cpu family	: 16
model		: 9
model name	: AMD Opteron(tm) Processor 6136
stepping	: 1
microcode	: 0x1000065
cpu MHz		: 2400.142
cache size	: 512 KB
physical id	: 0
siblings	: 1
core id		: 0
cpu cores	: 1
apicid		: 0
initial apicid	: 0
fpu		: yes
fpu_exception	: yes
cpuid level	: 5
wp		: yes
flags		: fpu vme de pse tsc msr pae mce cx8 apic sep mtrr pge mca cmov pat pse36 clflush mmx fxsr sse sse2 syscall nx mmxext fxsr_opt pdpe1gb lm 3dnowext 3dnow rep_good nopl extd_apicid pni cx16 x2apic popcnt hypervisor lahf_lm cmp_legacy svm cr8_legacy abm sse4a misalignsse 3dnowprefetch osvw npt nrip_save vmmcall
bugs		: tlb_mmatch fxsave_leak
bogomips	: 4800.28
TLB size	: 1024 4K pages
clflush size	: 64
cache_alignment	: 64
address sizes	: 40 bits physical, 48 bits virtual
power management:

processor	: 1
vendor_id	: AuthenticAMD
cpu family	: 16
model		: 9
model name	: AMD Opteron(tm) Processor 6136
stepping	: 1
microcode	: 0x1000065
cpu MHz		: 2400.142
cache size	: 512 KB
physical id	: 1
siblings	: 1
core id		: 0
cpu cores	: 1
apicid		: 1
initial apicid	: 1
fpu		: yes
fpu_exception	: yes
cpuid level	: 5
wp		: yes
flags		: fpu vme de pse tsc msr pae mce cx8 apic sep mtrr pge mca cmov pat pse36 clflush mmx fxsr sse sse2 syscall nx mmxext fxsr_opt pdpe1gb lm 3dnowext 3dnow rep_good nopl extd_apicid pni cx16 x2apic popcnt hypervisor lahf_lm cmp_legacy svm cr8_legacy abm sse4a misalignsse 3dnowprefetch osvw npt nrip_save vmmcall
bugs		: tlb_mmatch fxsave_leak
bogomips	: 4800.28
TLB size	: 1024 4K pages
clflush size	: 64
cache_alignment	: 64
address sizes	: 40 bits physical, 48 bits virtual
power management:

processor	: 2
vendor_id	: AuthenticAMD
cpu family	: 16
model		: 9
model name	: AMD Opteron(tm) Processor 6136
stepping	: 1
microcode	: 0x1000065
cpu MHz		: 2400.142
cache size	: 512 KB
physical id	: 2
siblings	: 1
core id		: 0
cpu cores	: 1
apicid		: 2
initial apicid	: 2
fpu		: yes
fpu_exception	: yes
cpuid level	: 5
wp		: yes
flags		: fpu vme de pse tsc msr pae mce cx8 apic sep mtrr pge mca cmov pat pse36 clflush mmx fxsr sse sse2 syscall nx mmxext fxsr_opt pdpe1gb lm 3dnowext 3dnow rep_good nopl extd_apicid pni cx16 x2apic popcnt hypervisor lahf_lm cmp_legacy svm cr8_legacy abm sse4a misalignsse 3dnowprefetch osvw npt nrip_save vmmcall
bugs		: tlb_mmatch fxsave_leak
bogomips	: 4800.28
TLB size	: 1024 4K pages
clflush size	: 64
cache_alignment	: 64
address sizes	: 40 bits physical, 48 bits virtual
power management:

processor	: 3
vendor_id	: AuthenticAMD
cpu family	: 16
model		: 9
model name	: AMD Opteron(tm) Processor 6136
stepping	: 1
microcode	: 0x1000065
cpu MHz		: 2400.142
cache size	: 512 KB
physical id	: 3
siblings	: 1
core id		: 0
cpu cores	: 1
apicid		: 3
initial apicid	: 3
fpu		: yes
fpu_exception	: yes
cpuid level	: 5
wp		: yes
flags		: fpu vme de pse tsc msr pae mce cx8 apic sep mtrr pge mca cmov pat pse36 clflush mmx fxsr sse sse2 syscall nx mmxext fxsr_opt pdpe1gb lm 3dnowext 3dnow rep_good nopl extd_apicid pni cx16 x2apic popcnt hypervisor lahf_lm cmp_legacy svm cr8_legacy abm sse4a misalignsse 3dnowprefetch osvw npt nrip_save vmmcall
bugs		: tlb_mmatch fxsave_leak
bogomips	: 4800.28
TLB size	: 1024 4K pages
clflush size	: 64
cache_alignment	: 64
address sizes	: 40 bits physical, 48 bits virtual
power management:

processor	: 4
vendor_id	: AuthenticAMD
cpu family	: 16
model		: 9
model name	: AMD Opteron(tm) Processor 6136
stepping	: 1
microcode	: 0x1000065
cpu MHz		: 2400.142
cache size	: 512 KB
physical id	: 4
siblings	: 1
core id		: 0
cpu cores	: 1
apicid		: 4
initial apicid	: 4
fpu		: yes
fpu_exception	: yes
cpuid level	: 5
wp		: yes
flags		: fpu vme de pse tsc msr pae mce cx8 apic sep mtrr pge mca cmov pat pse36 clflush mmx fxsr sse sse2 syscall nx mmxext fxsr_opt pdpe1gb lm 3dnowext 3dnow rep_good nopl extd_apicid pni cx16 x2apic popcnt hypervisor lahf_lm cmp_legacy svm cr8_legacy abm sse4a misalignsse 3dnowprefetch osvw npt nrip_save vmmcall
bugs		: tlb_mmatch fxsave_leak
bogomips	: 4800.28
TLB size	: 1024 4K pages
clflush size	: 64
cache_alignment	: 64
address sizes	: 40 bits physical, 48 bits virtual
power management:

processor	: 5
vendor_id	: AuthenticAMD
cpu family	: 16
model		: 9
model name	: AMD Opteron(tm) Processor 6136
stepping	: 1
microcode	: 0x1000065
cpu MHz		: 2400.142
cache size	: 512 KB
physical id	: 5
siblings	: 1
core id		: 0
cpu cores	: 1
apicid		: 5
initial apicid	: 5
fpu		: yes
fpu_exception	: yes
cpuid level	: 5
wp		: yes
flags		: fpu vme de pse tsc msr pae mce cx8 apic sep mtrr pge mca cmov pat pse36 clflush mmx fxsr sse sse2 syscall nx mmxext fxsr_opt pdpe1gb lm 3dnowext 3dnow rep_good nopl extd_apicid pni cx16 x2apic popcnt hypervisor lahf_lm cmp_legacy svm cr8_legacy abm sse4a misalignsse 3dnowprefetch osvw npt nrip_save vmmcall
bugs		: tlb_mmatch fxsave_leak
bogomips	: 4800.28
TLB size	: 1024 4K pages
clflush size	: 64
cache_alignment	: 64
address sizes	: 40 bits physical, 48 bits virtual
power management:

processor	: 6
vendor_id	: AuthenticAMD
cpu family	: 16
model		: 9
model name	: AMD Opteron(tm) Processor 6136
stepping	: 1
microcode	: 0x1000065
cpu MHz		: 2400.142
cache size	: 512 KB
physical id	: 6
siblings	: 1
core id		: 0
cpu cores	: 1
apicid		: 6
initial apicid	: 6
fpu		: yes
fpu_exception	: yes
cpuid level	: 5
wp		: yes
flags		: fpu vme de pse tsc msr pae mce cx8 apic sep mtrr pge mca cmov pat pse36 clflush mmx fxsr sse sse2 syscall nx mmxext fxsr_opt pdpe1gb lm 3dnowext 3dnow rep_good nopl extd_apicid pni cx16 x2apic popcnt hypervisor lahf_lm cmp_legacy svm cr8_legacy abm sse4a misalignsse 3dnowprefetch osvw npt nrip_save vmmcall
bugs		: tlb_mmatch fxsave_leak
bogomips	: 4800.28
TLB size	: 1024 4K pages
clflush size	: 64
cache_alignment	: 64
address sizes	: 40 bits physical, 48 bits virtual
power management:

processor	: 7
vendor_id	: AuthenticAMD
cpu family	: 16
model		: 9
model name	: AMD Opteron(tm) Processor 6136
stepping	: 1
microcode	: 0x1000065
cpu MHz		: 2400.142
cache size	: 512 KB
physical id	: 7
siblings	: 1
core id		: 0
cpu cores	: 1
apicid		: 7
initial apicid	: 7
fpu		: yes
fpu_exception	: yes
cpuid level	: 5
wp		: yes
flags		: fpu vme de pse tsc msr pae mce cx8 apic sep mtrr pge mca cmov pat pse36 clflush mmx fxsr sse sse2 syscall nx mmxext fxsr_opt pdpe1gb lm 3dnowext 3dnow rep_good nopl extd_apicid pni cx16 x2apic popcnt hypervisor lahf_lm cmp_legacy svm cr8_legacy abm sse4a misalignsse 3dnowprefetch osvw npt nrip_save vmmcall
bugs		: tlb_mmatch fxsave_leak
bogomips	: 4800.28
TLB size	: 1024 4K pages
clflush size	: 64
cache_alignment	: 64
address sizes	: 40 bits physical, 48 bits virtual
power management:

processor	: 8
vendor_id	: AuthenticAMD
cpu family	: 16
model		: 9
model name	: AMD Opteron(tm) Processor 6136
stepping	: 1
microcode	: 0x1000065
cpu MHz		: 2400.142
cache size	: 512 KB
physical id	: 8
siblings	: 1
core id		: 0
cpu cores	: 1
apicid		: 8
initial apicid	: 8
fpu		: yes
fpu_exception	: yes
cpuid level	: 5
wp		: yes
flags		: fpu vme de pse tsc msr pae mce cx8 apic sep mtrr pge mca cmov pat pse36 clflush mmx fxsr sse sse2 syscall nx mmxext fxsr_opt pdpe1gb lm 3dnowext 3dnow rep_good nopl extd_apicid pni cx16 x2apic popcnt hypervisor lahf_lm cmp_legacy svm cr8_legacy abm sse4a misalignsse 3dnowprefetch osvw npt nrip_save vmmcall
bugs		: tlb_mmatch fxsave_leak
bogomips	: 4800.28
TLB size	: 1024 4K pages
clflush size	: 64
cache_alignment	: 64
address sizes	: 40 bits physical, 48 bits virtual
power management:

processor	: 9
vendor_id	: AuthenticAMD
cpu family	: 16
model		: 9
model name	: AMD Opteron(tm) Processor 6136
stepping	: 1
microcode	: 0x1000065
cpu MHz		: 2400.142
cache size	: 512 KB
physical id	: 9
siblings	: 1
core id		: 0
cpu cores	: 1
apicid		: 9
initial apicid	: 9
fpu		: yes
fpu_exception	: yes
cpuid level	: 5
wp		: yes
flags		: fpu vme de pse tsc msr pae mce cx8 apic sep mtrr pge mca cmov pat pse36 clflush mmx fxsr sse sse2 syscall nx mmxext fxsr_opt pdpe1gb lm 3dnowext 3dnow rep_good nopl extd_apicid pni cx16 x2apic popcnt hypervisor lahf_lm cmp_legacy svm cr8_legacy abm sse4a misalignsse 3dnowprefetch osvw npt nrip_save vmmcall
bugs		: tlb_mmatch fxsave_leak
bogomips	: 4800.28
TLB size	: 1024 4K pages
clflush size	: 64
cache_alignment	: 64
address sizes	: 40 bits physical, 48 bits virtual
power management:

processor	: 10
vendor_id	: AuthenticAMD
cpu family	: 16
model		: 9
model name	: AMD Opteron(tm) Processor 6136
stepping	: 1
microcode	: 0x1000065
cpu MHz		: 2400.142
cache size	: 512 KB
physical id	: 10
siblings	: 1
core id		: 0
cpu cores	: 1
apicid		: 10
initial apicid	: 10
fpu		: yes
fpu_exception	: yes
cpuid level	: 5
wp		: yes
flags		: fpu vme de pse tsc msr pae mce cx8 apic sep mtrr pge mca cmov pat pse36 clflush mmx fxsr sse sse2 syscall nx mmxext fxsr_opt pdpe1gb lm 3dnowext 3dnow rep_good nopl extd_apicid pni cx16 x2apic popcnt hypervisor lahf_lm cmp_legacy svm cr8_legacy abm sse4a misalignsse 3dnowprefetch osvw npt nrip_save vmmcall
bugs		: tlb_mmatch fxsave_leak
bogomips	: 4800.28
TLB size	: 1024 4K pages
clflush size	: 64
cache_alignment	: 64
address sizes	: 40 bits physical, 48 bits virtual
power management:

processor	: 11
vendor_id	: AuthenticAMD
cpu family	: 16
model		: 9
model name	: AMD Opteron(tm) Processor 6136
stepping	: 1
microcode	: 0x1000065
cpu MHz		: 2400.142
cache size	: 512 KB
physical id	: 11
siblings	: 1
core id		: 0
cpu cores	: 1
apicid		: 11
initial apicid	: 11
fpu		: yes
fpu_exception	: yes
cpuid level	: 5
wp		: yes
flags		: fpu vme de pse tsc msr pae mce cx8 apic sep mtrr pge mca cmov pat pse36 clflush mmx fxsr sse sse2 syscall nx mmxext fxsr_opt pdpe1gb lm 3dnowext 3dnow rep_good nopl extd_apicid pni cx16 x2apic popcnt hypervisor lahf_lm cmp_legacy svm cr8_legacy abm sse4a misalignsse 3dnowprefetch osvw npt nrip_save vmmcall
bugs		: tlb_mmatch fxsave_leak
bogomips	: 4800.28
TLB size	: 1024 4K pages
clflush size	: 64
cache_alignment	: 64
address sizes	: 40 bits physical, 48 bits virtual
power management:

processor	: 12
vendor_id	: AuthenticAMD
cpu family	: 16
model		: 9
model name	: AMD Opteron(tm) Processor 6136
stepping	: 1
microcode	: 0x1000065
cpu MHz		: 2400.142
cache size	: 512 KB
physical id	: 12
siblings	: 1
core id		: 0
cpu cores	: 1
apicid		: 12
initial apicid	: 12
fpu		: yes
fpu_exception	: yes
cpuid level	: 5
wp		: yes
flags		: fpu vme de pse tsc msr pae mce cx8 apic sep mtrr pge mca cmov pat pse36 clflush mmx fxsr sse sse2 syscall nx mmxext fxsr_opt pdpe1gb lm 3dnowext 3dnow rep_good nopl extd_apicid pni cx16 x2apic popcnt hypervisor lahf_lm cmp_legacy svm cr8_legacy abm sse4a misalignsse 3dnowprefetch osvw npt nrip_save vmmcall
bugs		: tlb_mmatch fxsave_leak
bogomips	: 4800.28
TLB size	: 1024 4K pages
clflush size	: 64
cache_alignment	: 64
address sizes	: 40 bits physical, 48 bits virtual
power management:

processor	: 13
vendor_id	: AuthenticAMD
cpu family	: 16
model		: 9
model name	: AMD Opteron(tm) Processor 6136
stepping	: 1
microcode	: 0x1000065
cpu MHz		: 2400.142
cache size	: 512 KB
physical id	: 13
siblings	: 1
core id		: 0
cpu cores	: 1
apicid		: 13
initial apicid	: 13
fpu		: yes
fpu_exception	: yes
cpuid level	: 5
wp		: yes
flags		: fpu vme de pse tsc msr pae mce cx8 apic sep mtrr pge mca cmov pat pse36 clflush mmx fxsr sse sse2 syscall nx mmxext fxsr_opt pdpe1gb lm 3dnowext 3dnow rep_good nopl extd_apicid pni cx16 x2apic popcnt hypervisor lahf_lm cmp_legacy svm cr8_legacy abm sse4a misalignsse 3dnowprefetch osvw npt nrip_save vmmcall
bugs		: tlb_mmatch fxsave_leak
bogomips	: 4800.28
TLB size	: 1024 4K pages
clflush size	: 64
cache_alignment	: 64
address sizes	: 40 bits physical, 48 bits virtual
power management:

processor	: 14
vendor_id	: AuthenticAMD
cpu family	: 16
model		: 9
model name	: AMD Opteron(tm) Processor 6136
stepping	: 1
microcode	: 0x1000065
cpu MHz		: 2400.142
cache size	: 512 KB
physical id	: 14
siblings	: 1
core id		: 0
cpu cores	: 1
apicid		: 14
initial apicid	: 14
fpu		: yes
fpu_exception	: yes
cpuid level	: 5
wp		: yes
flags		: fpu vme de pse tsc msr pae mce cx8 apic sep mtrr pge mca cmov pat pse36 clflush mmx fxsr sse sse2 syscall nx mmxext fxsr_opt pdpe1gb lm 3dnowext 3dnow rep_good nopl extd_apicid pni cx16 x2apic popcnt hypervisor lahf_lm cmp_legacy svm cr8_legacy abm sse4a misalignsse 3dnowprefetch osvw npt nrip_save vmmcall
bugs		: tlb_mmatch fxsave_leak
bogomips	: 4800.28
TLB size	: 1024 4K pages
clflush size	: 64
cache_alignment	: 64
address sizes	: 40 bits physical, 48 bits virtual
power management:

processor	: 15
vendor_id	: AuthenticAMD
cpu family	: 16
model		: 9
model name	: AMD Opteron(tm) Processor 6136
stepping	: 1
microcode	: 0x1000065
cpu MHz		: 2400.142
cache size	: 512 KB
physical id	: 15
siblings	: 1
core id		: 0
cpu cores	: 1
apicid		: 15
initial apicid	: 15
fpu		: yes
fpu_exception	: yes
cpuid level	: 5
wp		: yes
flags		: fpu vme de pse tsc msr pae mce cx8 apic sep mtrr pge mca cmov pat pse36 clflush mmx fxsr sse sse2 syscall nx mmxext fxsr_opt pdpe1gb lm 3dnowext 3dnow rep_good nopl extd_apicid pni cx16 x2apic popcnt hypervisor lahf_lm cmp_legacy svm cr8_legacy abm sse4a misalignsse 3dnowprefetch osvw npt nrip_save vmmcall
bugs		: tlb_mmatch fxsave_leak
bogomips	: 4800.28
TLB size	: 1024 4K pages
clflush size	: 64
cache_alignment	: 64
address sizes	: 40 bits physical, 48 bits virtual
power management:

processor	: 16
vendor_id	: AuthenticAMD
cpu family	: 16
model		: 9
model name	: AMD Opteron(tm) Processor 6136
stepping	: 1
microcode	: 0x1000065
cpu MHz		: 2400.142
cache size	: 512 KB
physical id	: 16
siblings	: 1
core id		: 0
cpu cores	: 1
apicid		: 16
initial apicid	: 16
fpu		: yes
fpu_exception	: yes
cpuid level	: 5
wp		: yes
flags		: fpu vme de pse tsc msr pae mce cx8 apic sep mtrr pge mca cmov pat pse36 clflush mmx fxsr sse sse2 syscall nx mmxext fxsr_opt pdpe1gb lm 3dnowext 3dnow rep_good nopl extd_apicid pni cx16 x2apic popcnt hypervisor lahf_lm cmp_legacy svm cr8_legacy abm sse4a misalignsse 3dnowprefetch osvw npt nrip_save vmmcall
bugs		: tlb_mmatch fxsave_leak
bogomips	: 4800.28
TLB size	: 1024 4K pages
clflush size	: 64
cache_alignment	: 64
address sizes	: 40 bits physical, 48 bits virtual
power management:

processor	: 17
vendor_id	: AuthenticAMD
cpu family	: 16
model		: 9
model name	: AMD Opteron(tm) Processor 6136
stepping	: 1
microcode	: 0x1000065
cpu MHz		: 2400.142
cache size	: 512 KB
physical id	: 17
siblings	: 1
core id		: 0
cpu cores	: 1
apicid		: 17
initial apicid	: 17
fpu		: yes
fpu_exception	: yes
cpuid level	: 5
wp		: yes
flags		: fpu vme de pse tsc msr pae mce cx8 apic sep mtrr pge mca cmov pat pse36 clflush mmx fxsr sse sse2 syscall nx mmxext fxsr_opt pdpe1gb lm 3dnowext 3dnow rep_good nopl extd_apicid pni cx16 x2apic popcnt hypervisor lahf_lm cmp_legacy svm cr8_legacy abm sse4a misalignsse 3dnowprefetch osvw npt nrip_save vmmcall
bugs		: tlb_mmatch fxsave_leak
bogomips	: 4800.28
TLB size	: 1024 4K pages
clflush size	: 64
cache_alignment	: 64
address sizes	: 40 bits physical, 48 bits virtual
power management:

processor	: 18
vendor_id	: AuthenticAMD
cpu family	: 16
model		: 9
model name	: AMD Opteron(tm) Processor 6136
stepping	: 1
microcode	: 0x1000065
cpu MHz		: 2400.142
cache size	: 512 KB
physical id	: 18
siblings	: 1
core id		: 0
cpu cores	: 1
apicid		: 18
initial apicid	: 18
fpu		: yes
fpu_exception	: yes
cpuid level	: 5
wp		: yes
flags		: fpu vme de pse tsc msr pae mce cx8 apic sep mtrr pge mca cmov pat pse36 clflush mmx fxsr sse sse2 syscall nx mmxext fxsr_opt pdpe1gb lm 3dnowext 3dnow rep_good nopl extd_apicid pni cx16 x2apic popcnt hypervisor lahf_lm cmp_legacy svm cr8_legacy abm sse4a misalignsse 3dnowprefetch osvw npt nrip_save vmmcall
bugs		: tlb_mmatch fxsave_leak
bogomips	: 4800.28
TLB size	: 1024 4K pages
clflush size	: 64
cache_alignment	: 64
address sizes	: 40 bits physical, 48 bits virtual
power management:

processor	: 19
vendor_id	: AuthenticAMD
cpu family	: 16
model		: 9
model name	: AMD Opteron(tm) Processor 6136
stepping	: 1
microcode	: 0x1000065
cpu MHz		: 2400.142
cache size	: 512 KB
physical id	: 19
siblings	: 1
core id		: 0
cpu cores	: 1
apicid		: 19
initial apicid	: 19
fpu		: yes
fpu_exception	: yes
cpuid level	: 5
wp		: yes
flags		: fpu vme de pse tsc msr pae mce cx8 apic sep mtrr pge mca cmov pat pse36 clflush mmx fxsr sse sse2 syscall nx mmxext fxsr_opt pdpe1gb lm 3dnowext 3dnow rep_good nopl extd_apicid pni cx16 x2apic popcnt hypervisor lahf_lm cmp_legacy svm cr8_legacy abm sse4a misalignsse 3dnowprefetch osvw npt nrip_save vmmcall
bugs		: tlb_mmatch fxsave_leak
bogomips	: 4800.28
TLB size	: 1024 4K pages
clflush size	: 64
cache_alignment	: 64
address sizes	: 40 bits physical, 48 bits virtual
power management:

processor	: 20
vendor_id	: AuthenticAMD
cpu family	: 16
model		: 9
model name	: AMD Opteron(tm) Processor 6136
stepping	: 1
microcode	: 0x1000065
cpu MHz		: 2400.142
cache size	: 512 KB
physical id	: 20
siblings	: 1
core id		: 0
cpu cores	: 1
apicid		: 20
initial apicid	: 20
fpu		: yes
fpu_exception	: yes
cpuid level	: 5
wp		: yes
flags		: fpu vme de pse tsc msr pae mce cx8 apic sep mtrr pge mca cmov pat pse36 clflush mmx fxsr sse sse2 syscall nx mmxext fxsr_opt pdpe1gb lm 3dnowext 3dnow rep_good nopl extd_apicid pni cx16 x2apic popcnt hypervisor lahf_lm cmp_legacy svm cr8_legacy abm sse4a misalignsse 3dnowprefetch osvw npt nrip_save vmmcall
bugs		: tlb_mmatch fxsave_leak
bogomips	: 4800.28
TLB size	: 1024 4K pages
clflush size	: 64
cache_alignment	: 64
address sizes	: 40 bits physical, 48 bits virtual
power management:

processor	: 21
vendor_id	: AuthenticAMD
cpu family	: 16
model		: 9
model name	: AMD Opteron(tm) Processor 6136
stepping	: 1
microcode	: 0x1000065
cpu MHz		: 2400.142
cache size	: 512 KB
physical id	: 21
siblings	: 1
core id		: 0
cpu cores	: 1
apicid		: 21
initial apicid	: 21
fpu		: yes
fpu_exception	: yes
cpuid level	: 5
wp		: yes
flags		: fpu vme de pse tsc msr pae mce cx8 apic sep mtrr pge mca cmov pat pse36 clflush mmx fxsr sse sse2 syscall nx mmxext fxsr_opt pdpe1gb lm 3dnowext 3dnow rep_good nopl extd_apicid pni cx16 x2apic popcnt hypervisor lahf_lm cmp_legacy svm cr8_legacy abm sse4a misalignsse 3dnowprefetch osvw npt nrip_save vmmcall
bugs		: tlb_mmatch fxsave_leak
bogomips	: 4800.28
TLB size	: 1024 4K pages
clflush size	: 64
cache_alignment	: 64
address sizes	: 40 bits physical, 48 bits virtual
power management:

processor	: 22
vendor_id	: AuthenticAMD
cpu family	: 16
model		: 9
model name	: AMD Opteron(tm) Processor 6136
stepping	: 1
microcode	: 0x1000065
cpu MHz		: 2400.142
cache size	: 512 KB
physical id	: 22
siblings	: 1
core id		: 0
cpu cores	: 1
apicid		: 22
initial apicid	: 22
fpu		: yes
fpu_exception	: yes
cpuid level	: 5
wp		: yes
flags		: fpu vme de pse tsc msr pae mce cx8 apic sep mtrr pge mca cmov pat pse36 clflush mmx fxsr sse sse2 syscall nx mmxext fxsr_opt pdpe1gb lm 3dnowext 3dnow rep_good nopl extd_apicid pni cx16 x2apic popcnt hypervisor lahf_lm cmp_legacy svm cr8_legacy abm sse4a misalignsse 3dnowprefetch osvw npt nrip_save vmmcall
bugs		: tlb_mmatch fxsave_leak
bogomips	: 4800.28
TLB size	: 1024 4K pages
clflush size	: 64
cache_alignment	: 64
address sizes	: 40 bits physical, 48 bits virtual
power management:

processor	: 23
vendor_id	: AuthenticAMD
cpu family	: 16
model		: 9
model name	: AMD Opteron(tm) Processor 6136
stepping	: 1
microcode	: 0x1000065
cpu MHz		: 2400.142
cache size	: 512 KB
physical id	: 23
siblings	: 1
core id		: 0
cpu cores	: 1
apicid		: 23
initial apicid	: 23
fpu		: yes
fpu_exception	: yes
cpuid level	: 5
wp		: yes
flags		: fpu vme de pse tsc msr pae mce cx8 apic sep mtrr pge mca cmov pat pse36 clflush mmx fxsr sse sse2 syscall nx mmxext fxsr_opt pdpe1gb lm 3dnowext 3dnow rep_good nopl extd_apicid pni cx16 x2apic popcnt hypervisor lahf_lm cmp_legacy svm cr8_legacy abm sse4a misalignsse 3dnowprefetch osvw npt nrip_save vmmcall
bugs		: tlb_mmatch fxsave_leak
bogomips	: 4800.28
TLB size	: 1024 4K pages
clflush size	: 64
cache_alignment	: 64
address sizes	: 40 bits physical, 48 bits virtual
power management:



Memory: 4k page, physical 90751124k(4850712k free), swap 0k(0k free)

vm_info: Java HotSpot(TM) 64-Bit Server VM (25.45-b02) for linux-amd64 JRE (1.8.0_45-b14), built on Apr 10 2015 10:07:45 by "java_re" with gcc 4.3.0 20080428 (Red Hat 4.3.0-8)

time: Mon Jan 25 01:33:01 2016
elapsed time: 366 seconds (0d 0h 6m 6s)

