#
# There is insufficient memory for the Java Runtime Environment to continue.
# Native memory allocation (mmap) failed to map 24641536 bytes for committing reserved memory.
# Possible reasons:
#   The system is out of physical RAM or swap space
#   In 32 bit mode, the process size limit was hit
# Possible solutions:
#   Reduce memory load on the system
#   Increase physical memory or swap space
#   Check if swap backing store is full
#   Use 64 bit Java on a 64 bit OS
#   Decrease Java heap size (-Xmx/-Xms)
#   Decrease number of Java threads
#   Decrease Java thread stack sizes (-Xss)
#   Set larger code cache with -XX:ReservedCodeCacheSize=
# This output file may be truncated or incomplete.
#
#  Out of Memory Error (os_linux.cpp:2673), pid=31592, tid=140083018499840
#
# JRE version: Java(TM) SE Runtime Environment (8.0_45-b14) (build 1.8.0_45-b14)
# Java VM: Java HotSpot(TM) 64-Bit Server VM (25.45-b02 mixed mode linux-amd64 compressed oops)
# Failed to write core dump. Core dumps have been disabled. To enable core dumping, try "ulimit -c unlimited" before starting Java again
#

---------------  T H R E A D  ---------------

Current thread (0x00007f67f831c000):  VMThread [stack: 0x00007f679e7e8000,0x00007f679e8e9000] [id=31993]

Stack: [0x00007f679e7e8000,0x00007f679e8e9000],  sp=0x00007f679e8e71e0,  free space=1020k
Native frames: (J=compiled Java code, j=interpreted, Vv=VM code, C=native code)
V  [libjvm.so+0xaac99a]  VMError::report_and_die()+0x2ba
V  [libjvm.so+0x4f333b]  report_vm_out_of_memory(char const*, int, unsigned long, VMErrorType, char const*)+0x8b
V  [libjvm.so+0x90e7c3]  os::Linux::commit_memory_impl(char*, unsigned long, bool)+0x103
V  [libjvm.so+0x90ed19]  os::pd_commit_memory(char*, unsigned long, unsigned long, bool)+0x29
V  [libjvm.so+0x90867a]  os::commit_memory(char*, unsigned long, unsigned long, bool)+0x2a
V  [libjvm.so+0x97bac3]  PSVirtualSpace::expand_by(unsigned long)+0x53
V  [libjvm.so+0x97cec8]  PSYoungGen::resize_generation(unsigned long, unsigned long)+0xf8
V  [libjvm.so+0x97c022]  PSYoungGen::resize(unsigned long, unsigned long)+0x22
V  [libjvm.so+0x9792fb]  PSScavenge::invoke_no_policy()+0xf7b
V  [libjvm.so+0x979a81]  PSScavenge::invoke()+0x41
V  [libjvm.so+0x932050]  ParallelScavengeHeap::failed_mem_allocate(unsigned long)+0x70
V  [libjvm.so+0xaae1d7]  VM_ParallelGCFailedAllocation::doit()+0x97
V  [libjvm.so+0xab59c5]  VM_Operation::evaluate()+0x55
V  [libjvm.so+0xab3d9a]  VMThread::evaluate_operation(VM_Operation*)+0xba
V  [libjvm.so+0xab411e]  VMThread::loop()+0x1ce
V  [libjvm.so+0xab4590]  VMThread::run()+0x70
V  [libjvm.so+0x910de8]  java_start(Thread*)+0x108

VM_Operation (0x00007f679d010270): ParallelGCFailedAllocation, mode: safepoint, requested by thread 0x00007f67f8419800


---------------  P R O C E S S  ---------------

Java Threads: ( => current thread )
  0x00007f67f8419800 JavaThread "pool-1-thread-1" [_thread_blocked, id=32348, stack(0x00007f679cf11000,0x00007f679d012000)]
  0x00007f67f8377800 JavaThread "Service Thread" daemon [_thread_blocked, id=32194, stack(0x00007f679d220000,0x00007f679d321000)]
  0x00007f67f8372800 JavaThread "C1 CompilerThread11" daemon [_thread_blocked, id=32162, stack(0x00007f679d321000,0x00007f679d422000)]
  0x00007f67f8370800 JavaThread "C1 CompilerThread10" daemon [_thread_blocked, id=32115, stack(0x00007f679d422000,0x00007f679d523000)]
  0x00007f67f836e800 JavaThread "C1 CompilerThread9" daemon [_thread_blocked, id=32111, stack(0x00007f679d523000,0x00007f679d624000)]
  0x00007f67f836c800 JavaThread "C1 CompilerThread8" daemon [_thread_blocked, id=32109, stack(0x00007f679d624000,0x00007f679d725000)]
  0x00007f67f836a800 JavaThread "C2 CompilerThread7" daemon [_thread_blocked, id=32108, stack(0x00007f679d725000,0x00007f679d826000)]
  0x00007f67f8368800 JavaThread "C2 CompilerThread6" daemon [_thread_blocked, id=32107, stack(0x00007f679d826000,0x00007f679d927000)]
  0x00007f67f8367000 JavaThread "C2 CompilerThread5" daemon [_thread_blocked, id=32105, stack(0x00007f679d927000,0x00007f679da28000)]
  0x00007f67f8365000 JavaThread "C2 CompilerThread4" daemon [_thread_blocked, id=32104, stack(0x00007f679da28000,0x00007f679db29000)]
  0x00007f67f8363000 JavaThread "C2 CompilerThread3" daemon [_thread_blocked, id=32103, stack(0x00007f679db29000,0x00007f679dc2a000)]
  0x00007f67f8361000 JavaThread "C2 CompilerThread2" daemon [_thread_blocked, id=32089, stack(0x00007f679dc2a000,0x00007f679dd2b000)]
  0x00007f67f835f800 JavaThread "C2 CompilerThread1" daemon [_thread_blocked, id=32063, stack(0x00007f679dd2b000,0x00007f679de2c000)]
  0x00007f67f835c800 JavaThread "C2 CompilerThread0" daemon [_thread_blocked, id=32058, stack(0x00007f679de2c000,0x00007f679df2d000)]
  0x00007f67f835b000 JavaThread "Signal Dispatcher" daemon [_thread_blocked, id=32056, stack(0x00007f679df2d000,0x00007f679e02e000)]
  0x00007f67f8323000 JavaThread "Finalizer" daemon [_thread_blocked, id=31999, stack(0x00007f679e5e6000,0x00007f679e6e7000)]
  0x00007f67f8321000 JavaThread "Reference Handler" daemon [_thread_blocked, id=31997, stack(0x00007f679e6e7000,0x00007f679e7e8000)]
  0x00007f67f800a800 JavaThread "main" [_thread_blocked, id=31620, stack(0x00007f68016da000,0x00007f68017db000)]

Other Threads:
=>0x00007f67f831c000 VMThread [stack: 0x00007f679e7e8000,0x00007f679e8e9000] [id=31993]
  0x00007f67f837a800 WatcherThread [stack: 0x00007f679d11f000,0x00007f679d220000] [id=32201]

VM state:at safepoint (normal execution)

VM Mutex/Monitor currently owned by a thread:  ([mutex/lock_event])
[0x00007f67f8006120] Threads_lock - owner thread: 0x00007f67f831c000
[0x00007f67f8006620] Heap_lock - owner thread: 0x00007f67f8419800

Heap:
 PSYoungGen      total 2527232K, used 110962K [0x00000006f4900000, 0x00000007be880000, 0x00000007c0000000)
  eden space 1858560K, 0% used [0x00000006f4900000,0x00000006f4900000,0x0000000766000000)
  from space 668672K, 16% used [0x0000000795b80000,0x000000079c7dc8b0,0x00000007be880000)
  to   space 686592K, 0% used [0x0000000766000000,0x0000000766000000,0x000000078fe80000)
 ParOldGen       total 3969536K, used 2540746K [0x000000055da00000, 0x000000064fe80000, 0x00000006f4900000)
  object space 3969536K, 64% used [0x000000055da00000,0x00000005f8b32b50,0x000000064fe80000)
 Metaspace       used 5292K, capacity 5540K, committed 5888K, reserved 1056768K
  class space    used 582K, capacity 672K, committed 768K, reserved 1048576K

Card table byte_map: [0x00007f67fcfb5000,0x00007f67fe2c9000] byte_map_base: 0x00007f67fa4c8000

Marking Bits: (ParMarkBitMap*) 0x00007f6800bd3760
 Begin Bits: [0x00007f6784ed0000, 0x00007f678e768000)
 End Bits:   [0x00007f678e768000, 0x00007f6798000000)

Polling page: 0x00007f680181a000

CodeCache: size=245760Kb used=4960Kb max_used=5242Kb free=240799Kb
 bounds [0x00007f67e9000000, 0x00007f67e9530000, 0x00007f67f8000000]
 total_blobs=1078 nmethods=782 adapters=209
 compilation: enabled

Compilation events (10 events):
Event: 4784,643 Thread 0x00007f67f8370800 nmethod 918 0x00007f67e9328250 code [0x00007f67e9328460, 0x00007f67e9328ef8]
Event: 4784,643 Thread 0x00007f67f8370800  914       1       java.nio.charset.CharsetEncoder::charset (5 bytes)
Event: 4784,643 Thread 0x00007f67f8370800 nmethod 914 0x00007f67e94ffb90 code [0x00007f67e94ffce0, 0x00007f67e94ffdf0]
Event: 5104,770 Thread 0x00007f67f8372800  919  s    3       java.util.Hashtable::get (69 bytes)
Event: 5112,688 Thread 0x00007f67f836e800  920   !   3       java.io.PrintStream::close (65 bytes)
Event: 5117,519 Thread 0x00007f67f836c800  921  s    3       java.io.BufferedOutputStream::write (67 bytes)
Event: 5207,563 Thread 0x00007f67f8372800 nmethod 919 0x00007f67e941c610 code [0x00007f67e941c7c0, 0x00007f67e941cdf8]
Event: 5228,966 Thread 0x00007f67f836e800 nmethod 920 0x00007f67e944fc90 code [0x00007f67e944fe20, 0x00007f67e94502f8]
Event: 5322,245 Thread 0x00007f67f836c800 nmethod 921 0x00007f67e92af590 code [0x00007f67e92af760, 0x00007f67e92affb8]
Event: 5359,220 Thread 0x00007f67f8363000  922 %     4       java.util.Collections::shuffle @ 21 (127 bytes)

GC Heap History (10 events):
Event: 4442,168 GC heap after
Heap after GC invocations=177 (full 7):
 PSYoungGen      total 2446336K, used 334092K [0x00000006f4900000, 0x00000007b8e00000, 0x00000007c0000000)
  eden space 1705984K, 0% used [0x00000006f4900000,0x00000006f4900000,0x000000075cb00000)
  from space 740352K, 45% used [0x000000078bb00000,0x00000007a0143150,0x00000007b8e00000)
  to   space 755200K, 0% used [0x000000075cb00000,0x000000075cb00000,0x000000078ac80000)
 ParOldGen       total 4204032K, used 3916842K [0x000000055da00000, 0x000000065e380000, 0x00000006f4900000)
  object space 4204032K, 93% used [0x000000055da00000,0x000000064cb0ab10,0x000000065e380000)
 Metaspace       used 5288K, capacity 5540K, committed 5888K, reserved 1056768K
  class space    used 582K, capacity 672K, committed 768K, reserved 1048576K
}
Event: 4442,168 GC heap before
{Heap before GC invocations=178 (full 8):
 PSYoungGen      total 2446336K, used 334092K [0x00000006f4900000, 0x00000007b8e00000, 0x00000007c0000000)
  eden space 1705984K, 0% used [0x00000006f4900000,0x00000006f4900000,0x000000075cb00000)
  from space 740352K, 45% used [0x000000078bb00000,0x00000007a0143150,0x00000007b8e00000)
  to   space 755200K, 0% used [0x000000075cb00000,0x000000075cb00000,0x000000078ac80000)
 ParOldGen       total 4204032K, used 3916842K [0x000000055da00000, 0x000000065e380000, 0x00000006f4900000)
  object space 4204032K, 93% used [0x000000055da00000,0x000000064cb0ab10,0x000000065e380000)
 Metaspace       used 5288K, capacity 5540K, committed 5888K, reserved 1056768K
  class space    used 582K, capacity 672K, committed 768K, reserved 1048576K
Event: 4446,017 GC heap after
Heap after GC invocations=178 (full 8):
 PSYoungGen      total 2446336K, used 0K [0x00000006f4900000, 0x00000007b8e00000, 0x00000007c0000000)
  eden space 1705984K, 0% used [0x00000006f4900000,0x00000006f4900000,0x000000075cb00000)
  from space 740352K, 0% used [0x000000078bb00000,0x000000078bb00000,0x00000007b8e00000)
  to   space 755200K, 0% used [0x000000075cb00000,0x000000075cb00000,0x000000078ac80000)
 ParOldGen       total 3969536K, used 1552077K [0x000000055da00000, 0x000000064fe80000, 0x00000006f4900000)
  object space 3969536K, 39% used [0x000000055da00000,0x00000005bc5b3790,0x000000064fe80000)
 Metaspace       used 5288K, capacity 5540K, committed 5888K, reserved 1056768K
  class space    used 582K, capacity 672K, committed 768K, reserved 1048576K
}
Event: 4450,200 GC heap before
{Heap before GC invocations=179 (full 8):
 PSYoungGen      total 2446336K, used 1705984K [0x00000006f4900000, 0x00000007b8e00000, 0x00000007c0000000)
  eden space 1705984K, 100% used [0x00000006f4900000,0x000000075cb00000,0x000000075cb00000)
  from space 740352K, 0% used [0x000000078bb00000,0x000000078bb00000,0x00000007b8e00000)
  to   space 755200K, 0% used [0x000000075cb00000,0x000000075cb00000,0x000000078ac80000)
 ParOldGen       total 3969536K, used 1552077K [0x000000055da00000, 0x000000064fe80000, 0x00000006f4900000)
  object space 3969536K, 39% used [0x000000055da00000,0x00000005bc5b3790,0x000000064fe80000)
 Metaspace       used 5288K, capacity 5540K, committed 5888K, reserved 1056768K
  class space    used 582K, capacity 672K, committed 768K, reserved 1048576K
Event: 4450,533 GC heap after
Heap after GC invocations=179 (full 8):
 PSYoungGen      total 2461184K, used 369690K [0x00000006f4900000, 0x00000007bc880000, 0x00000007c0000000)
  eden space 1705984K, 0% used [0x00000006f4900000,0x00000006f4900000,0x000000075cb00000)
  from space 755200K, 48% used [0x000000075cb00000,0x0000000773406bd8,0x000000078ac80000)
  to   space 719360K, 0% used [0x0000000790a00000,0x0000000790a00000,0x00000007bc880000)
 ParOldGen       total 3969536K, used 1552077K [0x000000055da00000, 0x000000064fe80000, 0x00000006f4900000)
  object space 3969536K, 39% used [0x000000055da00000,0x00000005bc5b3790,0x000000064fe80000)
 Metaspace       used 5288K, capacity 5540K, committed 5888K, reserved 1056768K
  class space    used 582K, capacity 672K, committed 768K, reserved 1048576K
}
Event: 4454,855 GC heap before
{Heap before GC invocations=180 (full 8):
 PSYoungGen      total 2461184K, used 2075674K [0x00000006f4900000, 0x00000007bc880000, 0x00000007c0000000)
  eden space 1705984K, 100% used [0x00000006f4900000,0x000000075cb00000,0x000000075cb00000)
  from space 755200K, 48% used [0x000000075cb00000,0x0000000773406bd8,0x000000078ac80000)
  to   space 719360K, 0% used [0x0000000790a00000,0x0000000790a00000,0x00000007bc880000)
 ParOldGen       total 3969536K, used 1552077K [0x000000055da00000, 0x000000064fe80000, 0x00000006f4900000)
  object space 3969536K, 39% used [0x000000055da00000,0x00000005bc5b3790,0x000000064fe80000)
 Metaspace       used 5288K, capacity 5540K, committed 5888K, reserved 1056768K
  class space    used 582K, capacity 672K, committed 768K, reserved 1048576K
Event: 4455,436 GC heap after
Heap after GC invocations=180 (full 8):
 PSYoungGen      total 2533376K, used 369782K [0x00000006f4900000, 0x00000007b9d00000, 0x00000007c0000000)
  eden space 1858560K, 0% used [0x00000006f4900000,0x00000006f4900000,0x0000000766000000)
  from space 674816K, 54% used [0x0000000790a00000,0x00000007a731d960,0x00000007b9d00000)
  to   space 686592K, 0% used [0x0000000766000000,0x0000000766000000,0x000000078fe80000)
 ParOldGen       total 3969536K, used 1922480K [0x000000055da00000, 0x000000064fe80000, 0x00000006f4900000)
  object space 3969536K, 48% used [0x000000055da00000,0x00000005d2f6c368,0x000000064fe80000)
 Metaspace       used 5288K, capacity 5540K, committed 5888K, reserved 1056768K
  class space    used 582K, capacity 672K, committed 768K, reserved 1048576K
}
Event: 4458,691 GC heap before
{Heap before GC invocations=181 (full 8):
 PSYoungGen      total 2533376K, used 2228342K [0x00000006f4900000, 0x00000007b9d00000, 0x00000007c0000000)
  eden space 1858560K, 100% used [0x00000006f4900000,0x0000000766000000,0x0000000766000000)
  from space 674816K, 54% used [0x0000000790a00000,0x00000007a731d960,0x00000007b9d00000)
  to   space 686592K, 0% used [0x0000000766000000,0x0000000766000000,0x000000078fe80000)
 ParOldGen       total 3969536K, used 1922480K [0x000000055da00000, 0x000000064fe80000, 0x00000006f4900000)
  object space 3969536K, 48% used [0x000000055da00000,0x00000005d2f6c368,0x000000064fe80000)
 Metaspace       used 5288K, capacity 5540K, committed 5888K, reserved 1056768K
  class space    used 582K, capacity 672K, committed 768K, reserved 1048576K
Event: 4459,311 GC heap after
Heap after GC invocations=181 (full 8):
 PSYoungGen      total 2545152K, used 402712K [0x00000006f4900000, 0x00000007be880000, 0x00000007c0000000)
  eden space 1858560K, 0% used [0x00000006f4900000,0x00000006f4900000,0x0000000766000000)
  from space 686592K, 58% used [0x0000000766000000,0x000000077e946100,0x000000078fe80000)
  to   space 668672K, 0% used [0x0000000795b80000,0x0000000795b80000,0x00000007be880000)
 ParOldGen       total 3969536K, used 2292855K [0x000000055da00000, 0x000000064fe80000, 0x00000006f4900000)
  object space 3969536K, 57% used [0x000000055da00000,0x00000005e991dcc8,0x000000064fe80000)
 Metaspace       used 5288K, capacity 5540K, committed 5888K, reserved 1056768K
  class space    used 582K, capacity 672K, committed 768K, reserved 1048576K
}
Event: 5396,783 GC heap before
{Heap before GC invocations=182 (full 8):
 PSYoungGen      total 2545152K, used 2261272K [0x00000006f4900000, 0x00000007be880000, 0x00000007c0000000)
  eden space 1858560K, 100% used [0x00000006f4900000,0x0000000766000000,0x0000000766000000)
  from space 686592K, 58% used [0x0000000766000000,0x000000077e946100,0x000000078fe80000)
  to   space 668672K, 0% used [0x0000000795b80000,0x0000000795b80000,0x00000007be880000)
 ParOldGen       total 3969536K, used 2292855K [0x000000055da00000, 0x000000064fe80000, 0x00000006f4900000)
  object space 3969536K, 57% used [0x000000055da00000,0x00000005e991dcc8,0x000000064fe80000)
 Metaspace       used 5292K, capacity 5540K, committed 5888K, reserved 1056768K
  class space    used 582K, capacity 672K, committed 768K, reserved 1048576K

Deoptimization events (10 events):
Event: 181,728 Thread 0x00007f67f8419800 Uncommon trap: reason=unstable_if action=reinterpret pc=0x00007f67e940702c method=java.util.HashMap.putVal(ILjava/lang/Object;Ljava/lang/Object;ZZ)Ljava/lang/Object; @ 162
Event: 181,729 Thread 0x00007f67f8419800 Uncommon trap: reason=unstable_if action=reinterpret pc=0x00007f67e93e6814 method=java.util.HashMap.putVal(ILjava/lang/Object;Ljava/lang/Object;ZZ)Ljava/lang/Object; @ 162
Event: 181,730 Thread 0x00007f67f8419800 Uncommon trap: reason=unstable_if action=reinterpret pc=0x00007f67e9422438 method=java.util.HashMap.putVal(ILjava/lang/Object;Ljava/lang/Object;ZZ)Ljava/lang/Object; @ 162
Event: 249,322 Thread 0x00007f67f8419800 Uncommon trap: reason=unstable_if action=reinterpret pc=0x00007f67e9460b4c method=java.util.HashMap.putVal(ILjava/lang/Object;Ljava/lang/Object;ZZ)Ljava/lang/Object; @ 206
Event: 249,322 Thread 0x00007f67f8419800 Uncommon trap: reason=unstable_if action=reinterpret pc=0x00007f67e9450568 method=java.util.HashMap.putVal(ILjava/lang/Object;Ljava/lang/Object;ZZ)Ljava/lang/Object; @ 206
Event: 271,032 Thread 0x00007f67f8419800 Uncommon trap: reason=unstable_if action=reinterpret pc=0x00007f67e93002b0 method=org.uma.jmetal.util.comparator.DominanceComparator.compare(Lorg/uma/jmetal/core/Solution;Lorg/uma/jmetal/core/Solution;)I @ 85
Event: 303,780 Thread 0x00007f67f8419800 Uncommon trap: reason=predicate action=maybe_recompile pc=0x00007f67e9397ff8 method=java.util.ArrayList.indexOf(Ljava/lang/Object;)I @ 44
Event: 303,780 Thread 0x00007f67f8419800 Uncommon trap: reason=predicate action=maybe_recompile pc=0x00007f67e9314e5c method=java.util.ArrayList.indexOf(Ljava/lang/Object;)I @ 44
Event: 303,781 Thread 0x00007f67f8419800 Uncommon trap: reason=unstable_if action=reinterpret pc=0x00007f67e94365ec method=edu.ufpr.cbio.psp.problem.PSPProblem.evaluate(Lorg/uma/jmetal/core/Solution;)V @ 330
Event: 583,215 Thread 0x00007f67f8419800 Uncommon trap: reason=unstable_if action=reinterpret pc=0x00007f67e94fa958 method=edu.ufpr.cbio.psp.algorithms.hyperheuristic.IBEAHyperHeuristic.removeWorst(Lorg/uma/jmetal/core/SolutionSet;)V @ 40

Internal exceptions (8 events):
Event: 0,053 Thread 0x00007f67f800a800 Exception <a 'java/lang/NoSuchMethodError': Method sun.misc.Unsafe.defineClass(Ljava/lang/String;[BII)Ljava/lang/Class; name or signature does not match> (0x00000006f49129c0) thrown at [/RE-WORK/workspace/8-2-build-linux-amd64/jdk8u45/3457/hotspot/src/sha
Event: 0,053 Thread 0x00007f67f800a800 Exception <a 'java/lang/NoSuchMethodError': Method sun.misc.Unsafe.prefetchRead(Ljava/lang/Object;J)V name or signature does not match> (0x00000006f4912c50) thrown at [/RE-WORK/workspace/8-2-build-linux-amd64/jdk8u45/3457/hotspot/src/share/vm/prims/jni.cp
Event: 0,215 Thread 0x00007f67f800a800 Exception <a 'java/security/PrivilegedActionException'> (0x00000006f49d38f8) thrown at [/RE-WORK/workspace/8-2-build-linux-amd64/jdk8u45/3457/hotspot/src/share/vm/prims/jvm.cpp, line 1382]
Event: 0,216 Thread 0x00007f67f800a800 Exception <a 'java/security/PrivilegedActionException'> (0x00000006f49d3ab0) thrown at [/RE-WORK/workspace/8-2-build-linux-amd64/jdk8u45/3457/hotspot/src/share/vm/prims/jvm.cpp, line 1382]
Event: 0,217 Thread 0x00007f67f800a800 Exception <a 'java/security/PrivilegedActionException'> (0x00000006f49d6348) thrown at [/RE-WORK/workspace/8-2-build-linux-amd64/jdk8u45/3457/hotspot/src/share/vm/prims/jvm.cpp, line 1382]
Event: 0,217 Thread 0x00007f67f800a800 Exception <a 'java/security/PrivilegedActionException'> (0x00000006f49d6500) thrown at [/RE-WORK/workspace/8-2-build-linux-amd64/jdk8u45/3457/hotspot/src/share/vm/prims/jvm.cpp, line 1382]
Event: 0,834 Thread 0x00007f67f8419800 Exception <a 'java/lang/NoSuchFieldError': method resolution failed> (0x00000006fbcbb7e0) thrown at [/RE-WORK/workspace/8-2-build-linux-amd64/jdk8u45/3457/hotspot/src/share/vm/prims/methodHandles.cpp, line 1125]
Event: 0,842 Thread 0x00007f67f8419800 Exception <a 'java/lang/NoSuchFieldError': method resolution failed> (0x00000006fbcc9e70) thrown at [/RE-WORK/workspace/8-2-build-linux-amd64/jdk8u45/3457/hotspot/src/share/vm/prims/methodHandles.cpp, line 1125]

Events (10 events):
Event: 4446,017 Executing VM operation: ParallelGCFailedAllocation done
Event: 4450,200 Executing VM operation: ParallelGCFailedAllocation
Event: 4450,533 Executing VM operation: ParallelGCFailedAllocation done
Event: 4454,855 Executing VM operation: ParallelGCFailedAllocation
Event: 4455,436 Executing VM operation: ParallelGCFailedAllocation done
Event: 4455,443 Executing VM operation: RevokeBias
Event: 4455,444 Executing VM operation: RevokeBias done
Event: 4458,691 Executing VM operation: ParallelGCFailedAllocation
Event: 4459,311 Executing VM operation: ParallelGCFailedAllocation done
Event: 5391,496 Executing VM operation: ParallelGCFailedAllocation


Dynamic libraries:
00400000-00401000 r-xp 00000000 00:2c 34522951                           /home/ppginf/vdfontoura/jdk1.8.0_45/bin/java
00600000-00601000 rw-p 00000000 00:2c 34522951                           /home/ppginf/vdfontoura/jdk1.8.0_45/bin/java
00eb9000-00eda000 rw-p 00000000 00:00 0                                  [heap]
55da00000-64fe80000 rw-p 00000000 00:00 0 
64fe80000-6f4900000 ---p 00000000 00:00 0 
6f4900000-7be880000 rw-p 00000000 00:00 0 
7c0000000-7c00c0000 rw-p 00000000 00:00 0 
7c00c0000-800000000 ---p 00000000 00:00 0 
7f6738000000-7f6738021000 rw-p 00000000 00:00 0 
7f6738021000-7f673c000000 ---p 00000000 00:00 0 
7f673c000000-7f673c293000 rw-p 00000000 00:00 0 
7f673c293000-7f6740000000 ---p 00000000 00:00 0 
7f6740000000-7f67401cf000 rw-p 00000000 00:00 0 
7f67401cf000-7f6744000000 ---p 00000000 00:00 0 
7f6744000000-7f6744021000 rw-p 00000000 00:00 0 
7f6744021000-7f6748000000 ---p 00000000 00:00 0 
7f6748000000-7f6748102000 rw-p 00000000 00:00 0 
7f6748102000-7f674c000000 ---p 00000000 00:00 0 
7f674c000000-7f674c06d000 rw-p 00000000 00:00 0 
7f674c06d000-7f6750000000 ---p 00000000 00:00 0 
7f6750000000-7f6750892000 rw-p 00000000 00:00 0 
7f6750892000-7f6754000000 ---p 00000000 00:00 0 
7f6754000000-7f67540b1000 rw-p 00000000 00:00 0 
7f67540b1000-7f6758000000 ---p 00000000 00:00 0 
7f6758000000-7f67588bf000 rw-p 00000000 00:00 0 
7f67588bf000-7f675c000000 ---p 00000000 00:00 0 
7f675c000000-7f675c49e000 rw-p 00000000 00:00 0 
7f675c49e000-7f6760000000 ---p 00000000 00:00 0 
7f6760000000-7f676085d000 rw-p 00000000 00:00 0 
7f676085d000-7f6764000000 ---p 00000000 00:00 0 
7f6764000000-7f6764645000 rw-p 00000000 00:00 0 
7f6764645000-7f6768000000 ---p 00000000 00:00 0 
7f6768000000-7f676853f000 rw-p 00000000 00:00 0 
7f676853f000-7f676c000000 ---p 00000000 00:00 0 
7f676c000000-7f676c2cc000 rw-p 00000000 00:00 0 
7f676c2cc000-7f6770000000 ---p 00000000 00:00 0 
7f6770000000-7f6770021000 rw-p 00000000 00:00 0 
7f6770021000-7f6774000000 ---p 00000000 00:00 0 
7f6774000000-7f67744a5000 rw-p 00000000 00:00 0 
7f67744a5000-7f6778000000 ---p 00000000 00:00 0 
7f6778000000-7f6778021000 rw-p 00000000 00:00 0 
7f6778021000-7f677c000000 ---p 00000000 00:00 0 
7f677c000000-7f677c021000 rw-p 00000000 00:00 0 
7f677c021000-7f6780000000 ---p 00000000 00:00 0 
7f6780000000-7f6780294000 rw-p 00000000 00:00 0 
7f6780294000-7f6784000000 ---p 00000000 00:00 0 
7f6784ed0000-7f6798000000 rw-p 00000000 00:00 0 
7f6798000000-7f6798021000 rw-p 00000000 00:00 0 
7f6798021000-7f679c000000 ---p 00000000 00:00 0 
7f679ce11000-7f679cf11000 rw-p 00000000 00:00 0 
7f679cf11000-7f679cf14000 ---p 00000000 00:00 0 
7f679cf14000-7f679d012000 rw-p 00000000 00:00 0                          [stack:32348]
7f679d012000-7f679d11f000 r--s 010c9000 00:2c 55319431                   /home/ppginf/vdfontoura/psp-2D/chapter_approach/target/IBEAHH.jar
7f679d11f000-7f679d120000 ---p 00000000 00:00 0 
7f679d120000-7f679d220000 rw-p 00000000 00:00 0                          [stack:32201]
7f679d220000-7f679d223000 ---p 00000000 00:00 0 
7f679d223000-7f679d321000 rw-p 00000000 00:00 0                          [stack:32194]
7f679d321000-7f679d324000 ---p 00000000 00:00 0 
7f679d324000-7f679d422000 rw-p 00000000 00:00 0                          [stack:32162]
7f679d422000-7f679d425000 ---p 00000000 00:00 0 
7f679d425000-7f679d523000 rw-p 00000000 00:00 0                          [stack:32115]
7f679d523000-7f679d526000 ---p 00000000 00:00 0 
7f679d526000-7f679d624000 rw-p 00000000 00:00 0                          [stack:32111]
7f679d624000-7f679d627000 ---p 00000000 00:00 0 
7f679d627000-7f679d725000 rw-p 00000000 00:00 0                          [stack:32109]
7f679d725000-7f679d728000 ---p 00000000 00:00 0 
7f679d728000-7f679d826000 rw-p 00000000 00:00 0                          [stack:32108]
7f679d826000-7f679d829000 ---p 00000000 00:00 0 
7f679d829000-7f679d927000 rw-p 00000000 00:00 0                          [stack:32107]
7f679d927000-7f679d92a000 ---p 00000000 00:00 0 
7f679d92a000-7f679da28000 rw-p 00000000 00:00 0                          [stack:32105]
7f679da28000-7f679da2b000 ---p 00000000 00:00 0 
7f679da2b000-7f679db29000 rw-p 00000000 00:00 0                          [stack:32104]
7f679db29000-7f679db2c000 ---p 00000000 00:00 0 
7f679db2c000-7f679dc2a000 rw-p 00000000 00:00 0                          [stack:32103]
7f679dc2a000-7f679dc2d000 ---p 00000000 00:00 0 
7f679dc2d000-7f679dd2b000 rw-p 00000000 00:00 0                          [stack:32089]
7f679dd2b000-7f679dd2e000 ---p 00000000 00:00 0 
7f679dd2e000-7f679de2c000 rw-p 00000000 00:00 0                          [stack:32063]
7f679de2c000-7f679de2f000 ---p 00000000 00:00 0 
7f679de2f000-7f679df2d000 rw-p 00000000 00:00 0                          [stack:32058]
7f679df2d000-7f679df30000 ---p 00000000 00:00 0 
7f679df30000-7f679e02e000 rw-p 00000000 00:00 0                          [stack:32056]
7f679e02e000-7f679e5e6000 r--p 00000000 00:15 231                        /usr/lib/locale/locale-archive
7f679e5e6000-7f679e5e9000 ---p 00000000 00:00 0 
7f679e5e9000-7f679e6e7000 rw-p 00000000 00:00 0                          [stack:31999]
7f679e6e7000-7f679e6ea000 ---p 00000000 00:00 0 
7f679e6ea000-7f679e7e8000 rw-p 00000000 00:00 0                          [stack:31997]
7f679e7e8000-7f679e7e9000 ---p 00000000 00:00 0 
7f679e7e9000-7f67a0000000 rw-p 00000000 00:00 0                          [stack:31993]
7f67a0000000-7f67a0021000 rw-p 00000000 00:00 0 
7f67a0021000-7f67a4000000 ---p 00000000 00:00 0 
7f67a4000000-7f67a4021000 rw-p 00000000 00:00 0 
7f67a4021000-7f67a8000000 ---p 00000000 00:00 0 
7f67a8000000-7f67a8021000 rw-p 00000000 00:00 0 
7f67a8021000-7f67ac000000 ---p 00000000 00:00 0 
7f67ac000000-7f67ac021000 rw-p 00000000 00:00 0 
7f67ac021000-7f67b0000000 ---p 00000000 00:00 0 
7f67b0000000-7f67b0021000 rw-p 00000000 00:00 0 
7f67b0021000-7f67b4000000 ---p 00000000 00:00 0 
7f67b4000000-7f67b4021000 rw-p 00000000 00:00 0 
7f67b4021000-7f67b8000000 ---p 00000000 00:00 0 
7f67b8000000-7f67b8021000 rw-p 00000000 00:00 0 
7f67b8021000-7f67bc000000 ---p 00000000 00:00 0 
7f67bc000000-7f67bc021000 rw-p 00000000 00:00 0 
7f67bc021000-7f67c0000000 ---p 00000000 00:00 0 
7f67c0000000-7f67c0021000 rw-p 00000000 00:00 0 
7f67c0021000-7f67c4000000 ---p 00000000 00:00 0 
7f67c4000000-7f67c4021000 rw-p 00000000 00:00 0 
7f67c4021000-7f67c8000000 ---p 00000000 00:00 0 
7f67c8000000-7f67c8021000 rw-p 00000000 00:00 0 
7f67c8021000-7f67cc000000 ---p 00000000 00:00 0 
7f67cc000000-7f67cc021000 rw-p 00000000 00:00 0 
7f67cc021000-7f67d0000000 ---p 00000000 00:00 0 
7f67d0000000-7f67d0021000 rw-p 00000000 00:00 0 
7f67d0021000-7f67d4000000 ---p 00000000 00:00 0 
7f67d4000000-7f67d4021000 rw-p 00000000 00:00 0 
7f67d4021000-7f67d8000000 ---p 00000000 00:00 0 
7f67d8000000-7f67d8021000 rw-p 00000000 00:00 0 
7f67d8021000-7f67dc000000 ---p 00000000 00:00 0 
7f67dc000000-7f67dc021000 rw-p 00000000 00:00 0 
7f67dc021000-7f67e0000000 ---p 00000000 00:00 0 
7f67e0000000-7f67e0021000 rw-p 00000000 00:00 0 
7f67e0021000-7f67e4000000 ---p 00000000 00:00 0 
7f67e406c000-7f67e628e000 rw-p 00000000 00:00 0 
7f67e628e000-7f67e6467000 r--s 03d09000 00:2c 34523101                   /home/ppginf/vdfontoura/jdk1.8.0_45/jre/lib/rt.jar
7f67e6467000-7f67e69dd000 rw-p 00000000 00:00 0 
7f67e69dd000-7f67e6cdd000 ---p 00000000 00:00 0 
7f67e6cdd000-7f67e7ff0000 rw-p 00000000 00:00 0 
7f67e7ff0000-7f67e7ff1000 ---p 00000000 00:00 0 
7f67e7ff1000-7f67e80f1000 rw-p 00000000 00:00 0                          [stack:31779]
7f67e80f1000-7f67e80f2000 ---p 00000000 00:00 0 
7f67e80f2000-7f67e81f2000 rw-p 00000000 00:00 0                          [stack:31776]
7f67e81f2000-7f67e81f3000 ---p 00000000 00:00 0 
7f67e81f3000-7f67e82f3000 rw-p 00000000 00:00 0                          [stack:31775]
7f67e82f3000-7f67e82f4000 ---p 00000000 00:00 0 
7f67e82f4000-7f67e83f4000 rw-p 00000000 00:00 0                          [stack:31774]
7f67e83f4000-7f67e83f5000 ---p 00000000 00:00 0 
7f67e83f5000-7f67e84f5000 rw-p 00000000 00:00 0                          [stack:31773]
7f67e84f5000-7f67e84f6000 ---p 00000000 00:00 0 
7f67e84f6000-7f67e85f6000 rw-p 00000000 00:00 0                          [stack:31770]
7f67e85f6000-7f67e85f7000 ---p 00000000 00:00 0 
7f67e85f7000-7f67e86f7000 rw-p 00000000 00:00 0                          [stack:31766]
7f67e86f7000-7f67e86f8000 ---p 00000000 00:00 0 
7f67e86f8000-7f67e87f8000 rw-p 00000000 00:00 0                          [stack:31758]
7f67e87f8000-7f67e87f9000 ---p 00000000 00:00 0 
7f67e87f9000-7f67e88f9000 rw-p 00000000 00:00 0                          [stack:31754]
7f67e88f9000-7f67e88fa000 ---p 00000000 00:00 0 
7f67e88fa000-7f67e89fa000 rw-p 00000000 00:00 0                          [stack:31747]
7f67e89fa000-7f67e89fb000 ---p 00000000 00:00 0 
7f67e89fb000-7f67e8afb000 rw-p 00000000 00:00 0                          [stack:31740]
7f67e8afb000-7f67e8afc000 ---p 00000000 00:00 0 
7f67e8afc000-7f67e8bfc000 rw-p 00000000 00:00 0                          [stack:31735]
7f67e8bfc000-7f67e8bfd000 ---p 00000000 00:00 0 
7f67e8bfd000-7f67e8cfd000 rw-p 00000000 00:00 0                          [stack:31729]
7f67e8cfd000-7f67e8cfe000 ---p 00000000 00:00 0 
7f67e8cfe000-7f67e8dfe000 rw-p 00000000 00:00 0                          [stack:31723]
7f67e8dfe000-7f67e8dff000 ---p 00000000 00:00 0 
7f67e8dff000-7f67e8eff000 rw-p 00000000 00:00 0                          [stack:31715]
7f67e8eff000-7f67e8f00000 ---p 00000000 00:00 0 
7f67e8f00000-7f67e9000000 rw-p 00000000 00:00 0                          [stack:31710]
7f67e9000000-7f67e9530000 rwxp 00000000 00:00 0 
7f67e9530000-7f67f8000000 ---p 00000000 00:00 0 
7f67f8000000-7f67f841b000 rw-p 00000000 00:00 0 
7f67f841b000-7f67fc000000 ---p 00000000 00:00 0 
7f67fc01a000-7f67fc03c000 r--p 00000000 00:15 3909                       /usr/share/locale-langpack/pt_BR/LC_MESSAGES/libc.mo
7f67fc03c000-7f67fc0fb000 rw-p 00000000 00:00 0 
7f67fc0fb000-7f67fc0fc000 ---p 00000000 00:00 0 
7f67fc0fc000-7f67fc1fc000 rw-p 00000000 00:00 0                          [stack:31705]
7f67fc1fc000-7f67fc1fd000 ---p 00000000 00:00 0 
7f67fc1fd000-7f67fca90000 rw-p 00000000 00:00 0                          [stack:31700]
7f67fca90000-7f67fcfb5000 ---p 00000000 00:00 0 
7f67fcfb5000-7f67fd748000 rw-p 00000000 00:00 0 
7f67fd748000-7f67fdc6c000 ---p 00000000 00:00 0 
7f67fdc6c000-7f67fe2bd000 rw-p 00000000 00:00 0 
7f67fe2bd000-7f67fe2c8000 ---p 00000000 00:00 0 
7f67fe2c8000-7f67fe2de000 rw-p 00000000 00:00 0 
7f67fe2de000-7f67fe689000 ---p 00000000 00:00 0 
7f67fe689000-7f67fe6a3000 r-xp 00000000 00:2c 34523211                   /home/ppginf/vdfontoura/jdk1.8.0_45/jre/lib/amd64/libzip.so
7f67fe6a3000-7f67fe8a3000 ---p 0001a000 00:2c 34523211                   /home/ppginf/vdfontoura/jdk1.8.0_45/jre/lib/amd64/libzip.so
7f67fe8a3000-7f67fe8a4000 rw-p 0001a000 00:2c 34523211                   /home/ppginf/vdfontoura/jdk1.8.0_45/jre/lib/amd64/libzip.so
7f67fe8a4000-7f67fe8b0000 r-xp 00000000 00:15 181                        /lib/x86_64-linux-gnu/libnss_ldap.so.2
7f67fe8b0000-7f67feaaf000 ---p 0000c000 00:15 181                        /lib/x86_64-linux-gnu/libnss_ldap.so.2
7f67feaaf000-7f67feab0000 r--p 0000b000 00:15 181                        /lib/x86_64-linux-gnu/libnss_ldap.so.2
7f67feab0000-7f67feab1000 rw-p 0000c000 00:15 181                        /lib/x86_64-linux-gnu/libnss_ldap.so.2
7f67feab1000-7f67feabc000 r-xp 00000000 00:15 178                        /lib/x86_64-linux-gnu/libnss_files-2.19.so
7f67feabc000-7f67fecbb000 ---p 0000b000 00:15 178                        /lib/x86_64-linux-gnu/libnss_files-2.19.so
7f67fecbb000-7f67fecbc000 r--p 0000a000 00:15 178                        /lib/x86_64-linux-gnu/libnss_files-2.19.so
7f67fecbc000-7f67fecbd000 rw-p 0000b000 00:15 178                        /lib/x86_64-linux-gnu/libnss_files-2.19.so
7f67fecbd000-7f67fecc8000 r-xp 00000000 00:15 176                        /lib/x86_64-linux-gnu/libnss_nis-2.19.so
7f67fecc8000-7f67feec7000 ---p 0000b000 00:15 176                        /lib/x86_64-linux-gnu/libnss_nis-2.19.so
7f67feec7000-7f67feec8000 r--p 0000a000 00:15 176                        /lib/x86_64-linux-gnu/libnss_nis-2.19.so
7f67feec8000-7f67feec9000 rw-p 0000b000 00:15 176                        /lib/x86_64-linux-gnu/libnss_nis-2.19.so
7f67feec9000-7f67feee0000 r-xp 00000000 00:15 174                        /lib/x86_64-linux-gnu/libnsl-2.19.so
7f67feee0000-7f67ff0df000 ---p 00017000 00:15 174                        /lib/x86_64-linux-gnu/libnsl-2.19.so
7f67ff0df000-7f67ff0e0000 r--p 00016000 00:15 174                        /lib/x86_64-linux-gnu/libnsl-2.19.so
7f67ff0e0000-7f67ff0e1000 rw-p 00017000 00:15 174                        /lib/x86_64-linux-gnu/libnsl-2.19.so
7f67ff0e1000-7f67ff0e3000 rw-p 00000000 00:00 0 
7f67ff0e3000-7f67ff0ec000 r-xp 00000000 00:15 172                        /lib/x86_64-linux-gnu/libnss_compat-2.19.so
7f67ff0ec000-7f67ff2eb000 ---p 00009000 00:15 172                        /lib/x86_64-linux-gnu/libnss_compat-2.19.so
7f67ff2eb000-7f67ff2ec000 r--p 00008000 00:15 172                        /lib/x86_64-linux-gnu/libnss_compat-2.19.so
7f67ff2ec000-7f67ff2ed000 rw-p 00009000 00:15 172                        /lib/x86_64-linux-gnu/libnss_compat-2.19.so
7f67ff2ed000-7f67ff317000 r-xp 00000000 00:2c 34523126                   /home/ppginf/vdfontoura/jdk1.8.0_45/jre/lib/amd64/libjava.so
7f67ff317000-7f67ff517000 ---p 0002a000 00:2c 34523126                   /home/ppginf/vdfontoura/jdk1.8.0_45/jre/lib/amd64/libjava.so
7f67ff517000-7f67ff519000 rw-p 0002a000 00:2c 34523126                   /home/ppginf/vdfontoura/jdk1.8.0_45/jre/lib/amd64/libjava.so
7f67ff519000-7f67ff526000 r-xp 00000000 00:2c 34523210                   /home/ppginf/vdfontoura/jdk1.8.0_45/jre/lib/amd64/libverify.so
7f67ff526000-7f67ff726000 ---p 0000d000 00:2c 34523210                   /home/ppginf/vdfontoura/jdk1.8.0_45/jre/lib/amd64/libverify.so
7f67ff726000-7f67ff728000 rw-p 0000d000 00:2c 34523210                   /home/ppginf/vdfontoura/jdk1.8.0_45/jre/lib/amd64/libverify.so
7f67ff728000-7f67ff72f000 r-xp 00000000 00:15 44                         /lib/x86_64-linux-gnu/librt-2.19.so
7f67ff72f000-7f67ff92e000 ---p 00007000 00:15 44                         /lib/x86_64-linux-gnu/librt-2.19.so
7f67ff92e000-7f67ff92f000 r--p 00006000 00:15 44                         /lib/x86_64-linux-gnu/librt-2.19.so
7f67ff92f000-7f67ff930000 rw-p 00007000 00:15 44                         /lib/x86_64-linux-gnu/librt-2.19.so
7f67ff930000-7f67ffa35000 r-xp 00000000 00:15 309                        /lib/x86_64-linux-gnu/libm-2.19.so
7f67ffa35000-7f67ffc34000 ---p 00105000 00:15 309                        /lib/x86_64-linux-gnu/libm-2.19.so
7f67ffc34000-7f67ffc35000 r--p 00104000 00:15 309                        /lib/x86_64-linux-gnu/libm-2.19.so
7f67ffc35000-7f67ffc36000 rw-p 00105000 00:15 309                        /lib/x86_64-linux-gnu/libm-2.19.so
7f67ffc36000-7f68008e4000 r-xp 00000000 00:2c 34523214                   /home/ppginf/vdfontoura/jdk1.8.0_45/jre/lib/amd64/server/libjvm.so
7f68008e4000-7f6800ae3000 ---p 00cae000 00:2c 34523214                   /home/ppginf/vdfontoura/jdk1.8.0_45/jre/lib/amd64/server/libjvm.so
7f6800ae3000-7f6800bba000 rw-p 00cad000 00:2c 34523214                   /home/ppginf/vdfontoura/jdk1.8.0_45/jre/lib/amd64/server/libjvm.so
7f6800bba000-7f6800bfe000 rw-p 00000000 00:00 0 
7f6800bfe000-7f6800db9000 r-xp 00000000 00:15 46                         /lib/x86_64-linux-gnu/libc-2.19.so
7f6800db9000-7f6800fb8000 ---p 001bb000 00:15 46                         /lib/x86_64-linux-gnu/libc-2.19.so
7f6800fb8000-7f6800fbc000 r--p 001ba000 00:15 46                         /lib/x86_64-linux-gnu/libc-2.19.so
7f6800fbc000-7f6800fbe000 rw-p 001be000 00:15 46                         /lib/x86_64-linux-gnu/libc-2.19.so
7f6800fbe000-7f6800fc3000 rw-p 00000000 00:00 0 
7f6800fc3000-7f6800fc6000 r-xp 00000000 00:15 52                         /lib/x86_64-linux-gnu/libdl-2.19.so
7f6800fc6000-7f68011c5000 ---p 00003000 00:15 52                         /lib/x86_64-linux-gnu/libdl-2.19.so
7f68011c5000-7f68011c6000 r--p 00002000 00:15 52                         /lib/x86_64-linux-gnu/libdl-2.19.so
7f68011c6000-7f68011c7000 rw-p 00003000 00:15 52                         /lib/x86_64-linux-gnu/libdl-2.19.so
7f68011c7000-7f68011dc000 r-xp 00000000 00:2c 34523376                   /home/ppginf/vdfontoura/jdk1.8.0_45/lib/amd64/jli/libjli.so
7f68011dc000-7f68013dc000 ---p 00015000 00:2c 34523376                   /home/ppginf/vdfontoura/jdk1.8.0_45/lib/amd64/jli/libjli.so
7f68013dc000-7f68013dd000 rw-p 00015000 00:2c 34523376                   /home/ppginf/vdfontoura/jdk1.8.0_45/lib/amd64/jli/libjli.so
7f68013dd000-7f68013f6000 r-xp 00000000 00:15 48                         /lib/x86_64-linux-gnu/libpthread-2.19.so
7f68013f6000-7f68015f5000 ---p 00019000 00:15 48                         /lib/x86_64-linux-gnu/libpthread-2.19.so
7f68015f5000-7f68015f6000 r--p 00018000 00:15 48                         /lib/x86_64-linux-gnu/libpthread-2.19.so
7f68015f6000-7f68015f7000 rw-p 00019000 00:15 48                         /lib/x86_64-linux-gnu/libpthread-2.19.so
7f68015f7000-7f68015fb000 rw-p 00000000 00:00 0 
7f68015fb000-7f680161e000 r-xp 00000000 00:15 32                         /lib/x86_64-linux-gnu/ld-2.19.so
7f6801630000-7f68016da000 rw-p 00000000 00:00 0 
7f68016da000-7f68016dd000 ---p 00000000 00:00 0 
7f68016dd000-7f68017df000 rw-p 00000000 00:00 0                          [stack:31620]
7f68017e3000-7f68017ea000 r--s 00000000 00:15 245                        /usr/lib/x86_64-linux-gnu/gconv/gconv-modules.cache
7f68017ea000-7f68017f5000 r--s 00116000 00:2c 34523300                   /home/ppginf/vdfontoura/jdk1.8.0_45/jre/lib/ext/localedata.jar
7f68017f5000-7f6801811000 r--s 00393000 00:2c 34523297                   /home/ppginf/vdfontoura/jdk1.8.0_45/jre/lib/ext/cldrdata.jar
7f6801811000-7f6801819000 rw-s 00000000 00:19 118663                     /tmp/hsperfdata_vdfontoura/31592
7f6801819000-7f680181a000 rw-p 00000000 00:00 0 
7f680181a000-7f680181b000 ---p 00000000 00:00 0 
7f680181b000-7f680181d000 rw-p 00000000 00:00 0 
7f680181d000-7f680181e000 r--p 00022000 00:15 32                         /lib/x86_64-linux-gnu/ld-2.19.so
7f680181e000-7f680181f000 rw-p 00023000 00:15 32                         /lib/x86_64-linux-gnu/ld-2.19.so
7f680181f000-7f6801820000 rw-p 00000000 00:00 0 
7ffed8fdf000-7ffed9000000 rw-p 00000000 00:00 0                          [stack]
7ffed9008000-7ffed900a000 r--p 00000000 00:00 0                          [vvar]
7ffed900a000-7ffed900c000 r-xp 00000000 00:00 0                          [vdso]
ffffffffff600000-ffffffffff601000 r-xp 00000000 00:00 0                  [vsyscall]

VM Arguments:
java_command: ../../target/IBEAHH.jar 5000 2500000 SinglePointCrossover,IntegerTwoPointsCrossover,MultiPointsCrossover BitFlipMutation,LoopMoveOperator,LocalMoveOperator,SegmentMutation,OppositeMoveOperator 2000 1.0 1.0 1 1 ibea-result-5000/result-6 0 0 Random PPHHHPHHHHHHHHPPPHHHHHHHHHHPHPPPHHHHHHHHHHHHPPPPHHHHHHPHHPHP false 50
java_class_path (initial): ../../target/IBEAHH.jar
Launcher Type: SUN_STANDARD

Environment Variables:
JAVA_HOME=/home/ppginf/vdfontoura/jdk1.8.0_45/
PATH=/home/ppginf/vdfontoura/jdk1.8.0_45//bin:/usr/local/sbin:/usr/local/bin:/usr/sbin:/usr/bin:/sbin:/bin:/usr/games:/usr/local/games:.:/home/html/inf/silvia/topicos/ferramentas/poketool/bin:/home/html/inf/silvia/topicos/ferramentas/proteum1.4.1/LINUX/bin:/home/ppginf/vdfontoura/tools/apache-maven-3.3.3/bin
SHELL=/bin/bash

Signal Handlers:
SIGSEGV: [libjvm.so+0xaad1e0], sa_mask[0]=11111111011111111101111111111110, sa_flags=SA_RESTART|SA_SIGINFO
SIGBUS: [libjvm.so+0xaad1e0], sa_mask[0]=11111111011111111101111111111110, sa_flags=SA_RESTART|SA_SIGINFO
SIGFPE: [libjvm.so+0x90b450], sa_mask[0]=11111111011111111101111111111110, sa_flags=SA_RESTART|SA_SIGINFO
SIGPIPE: [libjvm.so+0x90b450], sa_mask[0]=11111111011111111101111111111110, sa_flags=SA_RESTART|SA_SIGINFO
SIGXFSZ: [libjvm.so+0x90b450], sa_mask[0]=11111111011111111101111111111110, sa_flags=SA_RESTART|SA_SIGINFO
SIGILL: [libjvm.so+0x90b450], sa_mask[0]=11111111011111111101111111111110, sa_flags=SA_RESTART|SA_SIGINFO
SIGUSR1: SIG_DFL, sa_mask[0]=00000000000000000000000000000000, sa_flags=none
SIGUSR2: [libjvm.so+0x90ca90], sa_mask[0]=00000000000000000000000000000000, sa_flags=SA_RESTART|SA_SIGINFO
SIGHUP: SIG_IGN, sa_mask[0]=00000000000000000000000000000000, sa_flags=none
SIGINT: SIG_IGN, sa_mask[0]=00000000000000000000000000000000, sa_flags=none
SIGTERM: [libjvm.so+0x90dde0], sa_mask[0]=11111111011111111101111111111110, sa_flags=SA_RESTART|SA_SIGINFO
SIGQUIT: [libjvm.so+0x90dde0], sa_mask[0]=11111111011111111101111111111110, sa_flags=SA_RESTART|SA_SIGINFO


---------------  S Y S T E M  ---------------

OS:DISTRIB_ID=LinuxMint
DISTRIB_RELEASE=17
DISTRIB_CODENAME=qiana
DISTRIB_DESCRIPTION="Linux Mint 17 Qiana"

uname:Linux 4.0.1-kernel+ #2 SMP Wed May 6 16:11:56 BRT 2015 x86_64
libc:glibc 2.19 NPTL 2.19 
rlimit: STACK 8192k, CORE 0k, NPROC 30240, NOFILE 4096, AS 20000000k
load average:53,68 40,67 32,58

/proc/meminfo:
MemTotal:       90751124 kB
MemFree:         7266556 kB
MemAvailable:    7220480 kB
Buffers:               0 kB
Cached:            82776 kB
SwapCached:            0 kB
Active:         82909756 kB
Inactive:          60236 kB
Active(anon):   82903024 kB
Inactive(anon):    20892 kB
Active(file):       6732 kB
Inactive(file):    39344 kB
Unevictable:           0 kB
Mlocked:               0 kB
SwapTotal:             0 kB
SwapFree:              0 kB
Dirty:                28 kB
Writeback:             0 kB
AnonPages:      82851092 kB
Mapped:            19492 kB
Shmem:             36276 kB
Slab:              78300 kB
SReclaimable:      30696 kB
SUnreclaim:        47604 kB
KernelStack:       12704 kB
PageTables:       186180 kB
NFS_Unstable:          0 kB
Bounce:                0 kB
WritebackTmp:          0 kB
CommitLimit:    45375560 kB
Committed_AS:   95267808 kB
VmallocTotal:   34359738367 kB
VmallocUsed:      220024 kB
VmallocChunk:   34359511596 kB
HardwareCorrupted:     0 kB
AnonHugePages:         0 kB
HugePages_Total:       0
HugePages_Free:        0
HugePages_Rsvd:        0
HugePages_Surp:        0
Hugepagesize:       2048 kB
DirectMap4k:       96244 kB
DirectMap2M:     4098048 kB
DirectMap1G:    88080384 kB


CPU:total 24 (1 cores per cpu, 1 threads per core) family 16 model 9 stepping 1, cmov, cx8, fxsr, mmx, sse, sse2, sse3, popcnt, mmxext, 3dnowpref, lzcnt, sse4a, tsc

/proc/cpuinfo:
processor	: 0
vendor_id	: AuthenticAMD
cpu family	: 16
model		: 9
model name	: AMD Opteron(tm) Processor 6136
stepping	: 1
microcode	: 0x1000065
cpu MHz		: 2400.142
cache size	: 512 KB
physical id	: 0
siblings	: 1
core id		: 0
cpu cores	: 1
apicid		: 0
initial apicid	: 0
fpu		: yes
fpu_exception	: yes
cpuid level	: 5
wp		: yes
flags		: fpu vme de pse tsc msr pae mce cx8 apic sep mtrr pge mca cmov pat pse36 clflush mmx fxsr sse sse2 syscall nx mmxext fxsr_opt pdpe1gb lm 3dnowext 3dnow rep_good nopl extd_apicid pni cx16 x2apic popcnt hypervisor lahf_lm cmp_legacy svm cr8_legacy abm sse4a misalignsse 3dnowprefetch osvw npt nrip_save vmmcall
bugs		: tlb_mmatch fxsave_leak
bogomips	: 4800.28
TLB size	: 1024 4K pages
clflush size	: 64
cache_alignment	: 64
address sizes	: 40 bits physical, 48 bits virtual
power management:

processor	: 1
vendor_id	: AuthenticAMD
cpu family	: 16
model		: 9
model name	: AMD Opteron(tm) Processor 6136
stepping	: 1
microcode	: 0x1000065
cpu MHz		: 2400.142
cache size	: 512 KB
physical id	: 1
siblings	: 1
core id		: 0
cpu cores	: 1
apicid		: 1
initial apicid	: 1
fpu		: yes
fpu_exception	: yes
cpuid level	: 5
wp		: yes
flags		: fpu vme de pse tsc msr pae mce cx8 apic sep mtrr pge mca cmov pat pse36 clflush mmx fxsr sse sse2 syscall nx mmxext fxsr_opt pdpe1gb lm 3dnowext 3dnow rep_good nopl extd_apicid pni cx16 x2apic popcnt hypervisor lahf_lm cmp_legacy svm cr8_legacy abm sse4a misalignsse 3dnowprefetch osvw npt nrip_save vmmcall
bugs		: tlb_mmatch fxsave_leak
bogomips	: 4800.28
TLB size	: 1024 4K pages
clflush size	: 64
cache_alignment	: 64
address sizes	: 40 bits physical, 48 bits virtual
power management:

processor	: 2
vendor_id	: AuthenticAMD
cpu family	: 16
model		: 9
model name	: AMD Opteron(tm) Processor 6136
stepping	: 1
microcode	: 0x1000065
cpu MHz		: 2400.142
cache size	: 512 KB
physical id	: 2
siblings	: 1
core id		: 0
cpu cores	: 1
apicid		: 2
initial apicid	: 2
fpu		: yes
fpu_exception	: yes
cpuid level	: 5
wp		: yes
flags		: fpu vme de pse tsc msr pae mce cx8 apic sep mtrr pge mca cmov pat pse36 clflush mmx fxsr sse sse2 syscall nx mmxext fxsr_opt pdpe1gb lm 3dnowext 3dnow rep_good nopl extd_apicid pni cx16 x2apic popcnt hypervisor lahf_lm cmp_legacy svm cr8_legacy abm sse4a misalignsse 3dnowprefetch osvw npt nrip_save vmmcall
bugs		: tlb_mmatch fxsave_leak
bogomips	: 4800.28
TLB size	: 1024 4K pages
clflush size	: 64
cache_alignment	: 64
address sizes	: 40 bits physical, 48 bits virtual
power management:

processor	: 3
vendor_id	: AuthenticAMD
cpu family	: 16
model		: 9
model name	: AMD Opteron(tm) Processor 6136
stepping	: 1
microcode	: 0x1000065
cpu MHz		: 2400.142
cache size	: 512 KB
physical id	: 3
siblings	: 1
core id		: 0
cpu cores	: 1
apicid		: 3
initial apicid	: 3
fpu		: yes
fpu_exception	: yes
cpuid level	: 5
wp		: yes
flags		: fpu vme de pse tsc msr pae mce cx8 apic sep mtrr pge mca cmov pat pse36 clflush mmx fxsr sse sse2 syscall nx mmxext fxsr_opt pdpe1gb lm 3dnowext 3dnow rep_good nopl extd_apicid pni cx16 x2apic popcnt hypervisor lahf_lm cmp_legacy svm cr8_legacy abm sse4a misalignsse 3dnowprefetch osvw npt nrip_save vmmcall
bugs		: tlb_mmatch fxsave_leak
bogomips	: 4800.28
TLB size	: 1024 4K pages
clflush size	: 64
cache_alignment	: 64
address sizes	: 40 bits physical, 48 bits virtual
power management:

processor	: 4
vendor_id	: AuthenticAMD
cpu family	: 16
model		: 9
model name	: AMD Opteron(tm) Processor 6136
stepping	: 1
microcode	: 0x1000065
cpu MHz		: 2400.142
cache size	: 512 KB
physical id	: 4
siblings	: 1
core id		: 0
cpu cores	: 1
apicid		: 4
initial apicid	: 4
fpu		: yes
fpu_exception	: yes
cpuid level	: 5
wp		: yes
flags		: fpu vme de pse tsc msr pae mce cx8 apic sep mtrr pge mca cmov pat pse36 clflush mmx fxsr sse sse2 syscall nx mmxext fxsr_opt pdpe1gb lm 3dnowext 3dnow rep_good nopl extd_apicid pni cx16 x2apic popcnt hypervisor lahf_lm cmp_legacy svm cr8_legacy abm sse4a misalignsse 3dnowprefetch osvw npt nrip_save vmmcall
bugs		: tlb_mmatch fxsave_leak
bogomips	: 4800.28
TLB size	: 1024 4K pages
clflush size	: 64
cache_alignment	: 64
address sizes	: 40 bits physical, 48 bits virtual
power management:

processor	: 5
vendor_id	: AuthenticAMD
cpu family	: 16
model		: 9
model name	: AMD Opteron(tm) Processor 6136
stepping	: 1
microcode	: 0x1000065
cpu MHz		: 2400.142
cache size	: 512 KB
physical id	: 5
siblings	: 1
core id		: 0
cpu cores	: 1
apicid		: 5
initial apicid	: 5
fpu		: yes
fpu_exception	: yes
cpuid level	: 5
wp		: yes
flags		: fpu vme de pse tsc msr pae mce cx8 apic sep mtrr pge mca cmov pat pse36 clflush mmx fxsr sse sse2 syscall nx mmxext fxsr_opt pdpe1gb lm 3dnowext 3dnow rep_good nopl extd_apicid pni cx16 x2apic popcnt hypervisor lahf_lm cmp_legacy svm cr8_legacy abm sse4a misalignsse 3dnowprefetch osvw npt nrip_save vmmcall
bugs		: tlb_mmatch fxsave_leak
bogomips	: 4800.28
TLB size	: 1024 4K pages
clflush size	: 64
cache_alignment	: 64
address sizes	: 40 bits physical, 48 bits virtual
power management:

processor	: 6
vendor_id	: AuthenticAMD
cpu family	: 16
model		: 9
model name	: AMD Opteron(tm) Processor 6136
stepping	: 1
microcode	: 0x1000065
cpu MHz		: 2400.142
cache size	: 512 KB
physical id	: 6
siblings	: 1
core id		: 0
cpu cores	: 1
apicid		: 6
initial apicid	: 6
fpu		: yes
fpu_exception	: yes
cpuid level	: 5
wp		: yes
flags		: fpu vme de pse tsc msr pae mce cx8 apic sep mtrr pge mca cmov pat pse36 clflush mmx fxsr sse sse2 syscall nx mmxext fxsr_opt pdpe1gb lm 3dnowext 3dnow rep_good nopl extd_apicid pni cx16 x2apic popcnt hypervisor lahf_lm cmp_legacy svm cr8_legacy abm sse4a misalignsse 3dnowprefetch osvw npt nrip_save vmmcall
bugs		: tlb_mmatch fxsave_leak
bogomips	: 4800.28
TLB size	: 1024 4K pages
clflush size	: 64
cache_alignment	: 64
address sizes	: 40 bits physical, 48 bits virtual
power management:

processor	: 7
vendor_id	: AuthenticAMD
cpu family	: 16
model		: 9
model name	: AMD Opteron(tm) Processor 6136
stepping	: 1
microcode	: 0x1000065
cpu MHz		: 2400.142
cache size	: 512 KB
physical id	: 7
siblings	: 1
core id		: 0
cpu cores	: 1
apicid		: 7
initial apicid	: 7
fpu		: yes
fpu_exception	: yes
cpuid level	: 5
wp		: yes
flags		: fpu vme de pse tsc msr pae mce cx8 apic sep mtrr pge mca cmov pat pse36 clflush mmx fxsr sse sse2 syscall nx mmxext fxsr_opt pdpe1gb lm 3dnowext 3dnow rep_good nopl extd_apicid pni cx16 x2apic popcnt hypervisor lahf_lm cmp_legacy svm cr8_legacy abm sse4a misalignsse 3dnowprefetch osvw npt nrip_save vmmcall
bugs		: tlb_mmatch fxsave_leak
bogomips	: 4800.28
TLB size	: 1024 4K pages
clflush size	: 64
cache_alignment	: 64
address sizes	: 40 bits physical, 48 bits virtual
power management:

processor	: 8
vendor_id	: AuthenticAMD
cpu family	: 16
model		: 9
model name	: AMD Opteron(tm) Processor 6136
stepping	: 1
microcode	: 0x1000065
cpu MHz		: 2400.142
cache size	: 512 KB
physical id	: 8
siblings	: 1
core id		: 0
cpu cores	: 1
apicid		: 8
initial apicid	: 8
fpu		: yes
fpu_exception	: yes
cpuid level	: 5
wp		: yes
flags		: fpu vme de pse tsc msr pae mce cx8 apic sep mtrr pge mca cmov pat pse36 clflush mmx fxsr sse sse2 syscall nx mmxext fxsr_opt pdpe1gb lm 3dnowext 3dnow rep_good nopl extd_apicid pni cx16 x2apic popcnt hypervisor lahf_lm cmp_legacy svm cr8_legacy abm sse4a misalignsse 3dnowprefetch osvw npt nrip_save vmmcall
bugs		: tlb_mmatch fxsave_leak
bogomips	: 4800.28
TLB size	: 1024 4K pages
clflush size	: 64
cache_alignment	: 64
address sizes	: 40 bits physical, 48 bits virtual
power management:

processor	: 9
vendor_id	: AuthenticAMD
cpu family	: 16
model		: 9
model name	: AMD Opteron(tm) Processor 6136
stepping	: 1
microcode	: 0x1000065
cpu MHz		: 2400.142
cache size	: 512 KB
physical id	: 9
siblings	: 1
core id		: 0
cpu cores	: 1
apicid		: 9
initial apicid	: 9
fpu		: yes
fpu_exception	: yes
cpuid level	: 5
wp		: yes
flags		: fpu vme de pse tsc msr pae mce cx8 apic sep mtrr pge mca cmov pat pse36 clflush mmx fxsr sse sse2 syscall nx mmxext fxsr_opt pdpe1gb lm 3dnowext 3dnow rep_good nopl extd_apicid pni cx16 x2apic popcnt hypervisor lahf_lm cmp_legacy svm cr8_legacy abm sse4a misalignsse 3dnowprefetch osvw npt nrip_save vmmcall
bugs		: tlb_mmatch fxsave_leak
bogomips	: 4800.28
TLB size	: 1024 4K pages
clflush size	: 64
cache_alignment	: 64
address sizes	: 40 bits physical, 48 bits virtual
power management:

processor	: 10
vendor_id	: AuthenticAMD
cpu family	: 16
model		: 9
model name	: AMD Opteron(tm) Processor 6136
stepping	: 1
microcode	: 0x1000065
cpu MHz		: 2400.142
cache size	: 512 KB
physical id	: 10
siblings	: 1
core id		: 0
cpu cores	: 1
apicid		: 10
initial apicid	: 10
fpu		: yes
fpu_exception	: yes
cpuid level	: 5
wp		: yes
flags		: fpu vme de pse tsc msr pae mce cx8 apic sep mtrr pge mca cmov pat pse36 clflush mmx fxsr sse sse2 syscall nx mmxext fxsr_opt pdpe1gb lm 3dnowext 3dnow rep_good nopl extd_apicid pni cx16 x2apic popcnt hypervisor lahf_lm cmp_legacy svm cr8_legacy abm sse4a misalignsse 3dnowprefetch osvw npt nrip_save vmmcall
bugs		: tlb_mmatch fxsave_leak
bogomips	: 4800.28
TLB size	: 1024 4K pages
clflush size	: 64
cache_alignment	: 64
address sizes	: 40 bits physical, 48 bits virtual
power management:

processor	: 11
vendor_id	: AuthenticAMD
cpu family	: 16
model		: 9
model name	: AMD Opteron(tm) Processor 6136
stepping	: 1
microcode	: 0x1000065
cpu MHz		: 2400.142
cache size	: 512 KB
physical id	: 11
siblings	: 1
core id		: 0
cpu cores	: 1
apicid		: 11
initial apicid	: 11
fpu		: yes
fpu_exception	: yes
cpuid level	: 5
wp		: yes
flags		: fpu vme de pse tsc msr pae mce cx8 apic sep mtrr pge mca cmov pat pse36 clflush mmx fxsr sse sse2 syscall nx mmxext fxsr_opt pdpe1gb lm 3dnowext 3dnow rep_good nopl extd_apicid pni cx16 x2apic popcnt hypervisor lahf_lm cmp_legacy svm cr8_legacy abm sse4a misalignsse 3dnowprefetch osvw npt nrip_save vmmcall
bugs		: tlb_mmatch fxsave_leak
bogomips	: 4800.28
TLB size	: 1024 4K pages
clflush size	: 64
cache_alignment	: 64
address sizes	: 40 bits physical, 48 bits virtual
power management:

processor	: 12
vendor_id	: AuthenticAMD
cpu family	: 16
model		: 9
model name	: AMD Opteron(tm) Processor 6136
stepping	: 1
microcode	: 0x1000065
cpu MHz		: 2400.142
cache size	: 512 KB
physical id	: 12
siblings	: 1
core id		: 0
cpu cores	: 1
apicid		: 12
initial apicid	: 12
fpu		: yes
fpu_exception	: yes
cpuid level	: 5
wp		: yes
flags		: fpu vme de pse tsc msr pae mce cx8 apic sep mtrr pge mca cmov pat pse36 clflush mmx fxsr sse sse2 syscall nx mmxext fxsr_opt pdpe1gb lm 3dnowext 3dnow rep_good nopl extd_apicid pni cx16 x2apic popcnt hypervisor lahf_lm cmp_legacy svm cr8_legacy abm sse4a misalignsse 3dnowprefetch osvw npt nrip_save vmmcall
bugs		: tlb_mmatch fxsave_leak
bogomips	: 4800.28
TLB size	: 1024 4K pages
clflush size	: 64
cache_alignment	: 64
address sizes	: 40 bits physical, 48 bits virtual
power management:

processor	: 13
vendor_id	: AuthenticAMD
cpu family	: 16
model		: 9
model name	: AMD Opteron(tm) Processor 6136
stepping	: 1
microcode	: 0x1000065
cpu MHz		: 2400.142
cache size	: 512 KB
physical id	: 13
siblings	: 1
core id		: 0
cpu cores	: 1
apicid		: 13
initial apicid	: 13
fpu		: yes
fpu_exception	: yes
cpuid level	: 5
wp		: yes
flags		: fpu vme de pse tsc msr pae mce cx8 apic sep mtrr pge mca cmov pat pse36 clflush mmx fxsr sse sse2 syscall nx mmxext fxsr_opt pdpe1gb lm 3dnowext 3dnow rep_good nopl extd_apicid pni cx16 x2apic popcnt hypervisor lahf_lm cmp_legacy svm cr8_legacy abm sse4a misalignsse 3dnowprefetch osvw npt nrip_save vmmcall
bugs		: tlb_mmatch fxsave_leak
bogomips	: 4800.28
TLB size	: 1024 4K pages
clflush size	: 64
cache_alignment	: 64
address sizes	: 40 bits physical, 48 bits virtual
power management:

processor	: 14
vendor_id	: AuthenticAMD
cpu family	: 16
model		: 9
model name	: AMD Opteron(tm) Processor 6136
stepping	: 1
microcode	: 0x1000065
cpu MHz		: 2400.142
cache size	: 512 KB
physical id	: 14
siblings	: 1
core id		: 0
cpu cores	: 1
apicid		: 14
initial apicid	: 14
fpu		: yes
fpu_exception	: yes
cpuid level	: 5
wp		: yes
flags		: fpu vme de pse tsc msr pae mce cx8 apic sep mtrr pge mca cmov pat pse36 clflush mmx fxsr sse sse2 syscall nx mmxext fxsr_opt pdpe1gb lm 3dnowext 3dnow rep_good nopl extd_apicid pni cx16 x2apic popcnt hypervisor lahf_lm cmp_legacy svm cr8_legacy abm sse4a misalignsse 3dnowprefetch osvw npt nrip_save vmmcall
bugs		: tlb_mmatch fxsave_leak
bogomips	: 4800.28
TLB size	: 1024 4K pages
clflush size	: 64
cache_alignment	: 64
address sizes	: 40 bits physical, 48 bits virtual
power management:

processor	: 15
vendor_id	: AuthenticAMD
cpu family	: 16
model		: 9
model name	: AMD Opteron(tm) Processor 6136
stepping	: 1
microcode	: 0x1000065
cpu MHz		: 2400.142
cache size	: 512 KB
physical id	: 15
siblings	: 1
core id		: 0
cpu cores	: 1
apicid		: 15
initial apicid	: 15
fpu		: yes
fpu_exception	: yes
cpuid level	: 5
wp		: yes
flags		: fpu vme de pse tsc msr pae mce cx8 apic sep mtrr pge mca cmov pat pse36 clflush mmx fxsr sse sse2 syscall nx mmxext fxsr_opt pdpe1gb lm 3dnowext 3dnow rep_good nopl extd_apicid pni cx16 x2apic popcnt hypervisor lahf_lm cmp_legacy svm cr8_legacy abm sse4a misalignsse 3dnowprefetch osvw npt nrip_save vmmcall
bugs		: tlb_mmatch fxsave_leak
bogomips	: 4800.28
TLB size	: 1024 4K pages
clflush size	: 64
cache_alignment	: 64
address sizes	: 40 bits physical, 48 bits virtual
power management:

processor	: 16
vendor_id	: AuthenticAMD
cpu family	: 16
model		: 9
model name	: AMD Opteron(tm) Processor 6136
stepping	: 1
microcode	: 0x1000065
cpu MHz		: 2400.142
cache size	: 512 KB
physical id	: 16
siblings	: 1
core id		: 0
cpu cores	: 1
apicid		: 16
initial apicid	: 16
fpu		: yes
fpu_exception	: yes
cpuid level	: 5
wp		: yes
flags		: fpu vme de pse tsc msr pae mce cx8 apic sep mtrr pge mca cmov pat pse36 clflush mmx fxsr sse sse2 syscall nx mmxext fxsr_opt pdpe1gb lm 3dnowext 3dnow rep_good nopl extd_apicid pni cx16 x2apic popcnt hypervisor lahf_lm cmp_legacy svm cr8_legacy abm sse4a misalignsse 3dnowprefetch osvw npt nrip_save vmmcall
bugs		: tlb_mmatch fxsave_leak
bogomips	: 4800.28
TLB size	: 1024 4K pages
clflush size	: 64
cache_alignment	: 64
address sizes	: 40 bits physical, 48 bits virtual
power management:

processor	: 17
vendor_id	: AuthenticAMD
cpu family	: 16
model		: 9
model name	: AMD Opteron(tm) Processor 6136
stepping	: 1
microcode	: 0x1000065
cpu MHz		: 2400.142
cache size	: 512 KB
physical id	: 17
siblings	: 1
core id		: 0
cpu cores	: 1
apicid		: 17
initial apicid	: 17
fpu		: yes
fpu_exception	: yes
cpuid level	: 5
wp		: yes
flags		: fpu vme de pse tsc msr pae mce cx8 apic sep mtrr pge mca cmov pat pse36 clflush mmx fxsr sse sse2 syscall nx mmxext fxsr_opt pdpe1gb lm 3dnowext 3dnow rep_good nopl extd_apicid pni cx16 x2apic popcnt hypervisor lahf_lm cmp_legacy svm cr8_legacy abm sse4a misalignsse 3dnowprefetch osvw npt nrip_save vmmcall
bugs		: tlb_mmatch fxsave_leak
bogomips	: 4800.28
TLB size	: 1024 4K pages
clflush size	: 64
cache_alignment	: 64
address sizes	: 40 bits physical, 48 bits virtual
power management:

processor	: 18
vendor_id	: AuthenticAMD
cpu family	: 16
model		: 9
model name	: AMD Opteron(tm) Processor 6136
stepping	: 1
microcode	: 0x1000065
cpu MHz		: 2400.142
cache size	: 512 KB
physical id	: 18
siblings	: 1
core id		: 0
cpu cores	: 1
apicid		: 18
initial apicid	: 18
fpu		: yes
fpu_exception	: yes
cpuid level	: 5
wp		: yes
flags		: fpu vme de pse tsc msr pae mce cx8 apic sep mtrr pge mca cmov pat pse36 clflush mmx fxsr sse sse2 syscall nx mmxext fxsr_opt pdpe1gb lm 3dnowext 3dnow rep_good nopl extd_apicid pni cx16 x2apic popcnt hypervisor lahf_lm cmp_legacy svm cr8_legacy abm sse4a misalignsse 3dnowprefetch osvw npt nrip_save vmmcall
bugs		: tlb_mmatch fxsave_leak
bogomips	: 4800.28
TLB size	: 1024 4K pages
clflush size	: 64
cache_alignment	: 64
address sizes	: 40 bits physical, 48 bits virtual
power management:

processor	: 19
vendor_id	: AuthenticAMD
cpu family	: 16
model		: 9
model name	: AMD Opteron(tm) Processor 6136
stepping	: 1
microcode	: 0x1000065
cpu MHz		: 2400.142
cache size	: 512 KB
physical id	: 19
siblings	: 1
core id		: 0
cpu cores	: 1
apicid		: 19
initial apicid	: 19
fpu		: yes
fpu_exception	: yes
cpuid level	: 5
wp		: yes
flags		: fpu vme de pse tsc msr pae mce cx8 apic sep mtrr pge mca cmov pat pse36 clflush mmx fxsr sse sse2 syscall nx mmxext fxsr_opt pdpe1gb lm 3dnowext 3dnow rep_good nopl extd_apicid pni cx16 x2apic popcnt hypervisor lahf_lm cmp_legacy svm cr8_legacy abm sse4a misalignsse 3dnowprefetch osvw npt nrip_save vmmcall
bugs		: tlb_mmatch fxsave_leak
bogomips	: 4800.28
TLB size	: 1024 4K pages
clflush size	: 64
cache_alignment	: 64
address sizes	: 40 bits physical, 48 bits virtual
power management:

processor	: 20
vendor_id	: AuthenticAMD
cpu family	: 16
model		: 9
model name	: AMD Opteron(tm) Processor 6136
stepping	: 1
microcode	: 0x1000065
cpu MHz		: 2400.142
cache size	: 512 KB
physical id	: 20
siblings	: 1
core id		: 0
cpu cores	: 1
apicid		: 20
initial apicid	: 20
fpu		: yes
fpu_exception	: yes
cpuid level	: 5
wp		: yes
flags		: fpu vme de pse tsc msr pae mce cx8 apic sep mtrr pge mca cmov pat pse36 clflush mmx fxsr sse sse2 syscall nx mmxext fxsr_opt pdpe1gb lm 3dnowext 3dnow rep_good nopl extd_apicid pni cx16 x2apic popcnt hypervisor lahf_lm cmp_legacy svm cr8_legacy abm sse4a misalignsse 3dnowprefetch osvw npt nrip_save vmmcall
bugs		: tlb_mmatch fxsave_leak
bogomips	: 4800.28
TLB size	: 1024 4K pages
clflush size	: 64
cache_alignment	: 64
address sizes	: 40 bits physical, 48 bits virtual
power management:

processor	: 21
vendor_id	: AuthenticAMD
cpu family	: 16
model		: 9
model name	: AMD Opteron(tm) Processor 6136
stepping	: 1
microcode	: 0x1000065
cpu MHz		: 2400.142
cache size	: 512 KB
physical id	: 21
siblings	: 1
core id		: 0
cpu cores	: 1
apicid		: 21
initial apicid	: 21
fpu		: yes
fpu_exception	: yes
cpuid level	: 5
wp		: yes
flags		: fpu vme de pse tsc msr pae mce cx8 apic sep mtrr pge mca cmov pat pse36 clflush mmx fxsr sse sse2 syscall nx mmxext fxsr_opt pdpe1gb lm 3dnowext 3dnow rep_good nopl extd_apicid pni cx16 x2apic popcnt hypervisor lahf_lm cmp_legacy svm cr8_legacy abm sse4a misalignsse 3dnowprefetch osvw npt nrip_save vmmcall
bugs		: tlb_mmatch fxsave_leak
bogomips	: 4800.28
TLB size	: 1024 4K pages
clflush size	: 64
cache_alignment	: 64
address sizes	: 40 bits physical, 48 bits virtual
power management:

processor	: 22
vendor_id	: AuthenticAMD
cpu family	: 16
model		: 9
model name	: AMD Opteron(tm) Processor 6136
stepping	: 1
microcode	: 0x1000065
cpu MHz		: 2400.142
cache size	: 512 KB
physical id	: 22
siblings	: 1
core id		: 0
cpu cores	: 1
apicid		: 22
initial apicid	: 22
fpu		: yes
fpu_exception	: yes
cpuid level	: 5
wp		: yes
flags		: fpu vme de pse tsc msr pae mce cx8 apic sep mtrr pge mca cmov pat pse36 clflush mmx fxsr sse sse2 syscall nx mmxext fxsr_opt pdpe1gb lm 3dnowext 3dnow rep_good nopl extd_apicid pni cx16 x2apic popcnt hypervisor lahf_lm cmp_legacy svm cr8_legacy abm sse4a misalignsse 3dnowprefetch osvw npt nrip_save vmmcall
bugs		: tlb_mmatch fxsave_leak
bogomips	: 4800.28
TLB size	: 1024 4K pages
clflush size	: 64
cache_alignment	: 64
address sizes	: 40 bits physical, 48 bits virtual
power management:

processor	: 23
vendor_id	: AuthenticAMD
cpu family	: 16
model		: 9
model name	: AMD Opteron(tm) Processor 6136
stepping	: 1
microcode	: 0x1000065
cpu MHz		: 2400.142
cache size	: 512 KB
physical id	: 23
siblings	: 1
core id		: 0
cpu cores	: 1
apicid		: 23
initial apicid	: 23
fpu		: yes
fpu_exception	: yes
cpuid level	: 5
wp		: yes
flags		: fpu vme de pse tsc msr pae mce cx8 apic sep mtrr pge mca cmov pat pse36 clflush mmx fxsr sse sse2 syscall nx mmxext fxsr_opt pdpe1gb lm 3dnowext 3dnow rep_good nopl extd_apicid pni cx16 x2apic popcnt hypervisor lahf_lm cmp_legacy svm cr8_legacy abm sse4a misalignsse 3dnowprefetch osvw npt nrip_save vmmcall
bugs		: tlb_mmatch fxsave_leak
bogomips	: 4800.28
TLB size	: 1024 4K pages
clflush size	: 64
cache_alignment	: 64
address sizes	: 40 bits physical, 48 bits virtual
power management:



Memory: 4k page, physical 90751124k(7294408k free), swap 0k(0k free)

vm_info: Java HotSpot(TM) 64-Bit Server VM (25.45-b02) for linux-amd64 JRE (1.8.0_45-b14), built on Apr 10 2015 10:07:45 by "java_re" with gcc 4.3.0 20080428 (Red Hat 4.3.0-8)

time: Mon Jan 25 02:57:53 2016
elapsed time: 5458 seconds (0d 1h 30m 58s)

