#
# There is insufficient memory for the Java Runtime Environment to continue.
# Native memory allocation (mmap) failed to map 524288 bytes for committing reserved memory.
# Possible reasons:
#   The system is out of physical RAM or swap space
#   In 32 bit mode, the process size limit was hit
# Possible solutions:
#   Reduce memory load on the system
#   Increase physical memory or swap space
#   Check if swap backing store is full
#   Use 64 bit Java on a 64 bit OS
#   Decrease Java heap size (-Xmx/-Xms)
#   Decrease number of Java threads
#   Decrease Java thread stack sizes (-Xss)
#   Set larger code cache with -XX:ReservedCodeCacheSize=
# This output file may be truncated or incomplete.
#
#  Out of Memory Error (os_linux.cpp:2673), pid=31596, tid=139885443966720
#
# JRE version: Java(TM) SE Runtime Environment (8.0_45-b14) (build 1.8.0_45-b14)
# Java VM: Java HotSpot(TM) 64-Bit Server VM (25.45-b02 mixed mode linux-amd64 compressed oops)
# Failed to write core dump. Core dumps have been disabled. To enable core dumping, try "ulimit -c unlimited" before starting Java again
#

---------------  T H R E A D  ---------------

Current thread (0x00007f39b003a000):  GCTaskThread [stack: 0x00007f399e226000,0x00007f399e327000] [id=31929]

Stack: [0x00007f399e226000,0x00007f399e327000],  sp=0x00007f399e325670,  free space=1021k
Native frames: (J=compiled Java code, j=interpreted, Vv=VM code, C=native code)
V  [libjvm.so+0xaac99a]  VMError::report_and_die()+0x2ba
V  [libjvm.so+0x4f333b]  report_vm_out_of_memory(char const*, int, unsigned long, VMErrorType, char const*)+0x8b
V  [libjvm.so+0x90e7c3]  os::Linux::commit_memory_impl(char*, unsigned long, bool)+0x103
V  [libjvm.so+0x90ed19]  os::pd_commit_memory(char*, unsigned long, unsigned long, bool)+0x29
V  [libjvm.so+0x90867a]  os::commit_memory(char*, unsigned long, unsigned long, bool)+0x2a
V  [libjvm.so+0x97bac3]  PSVirtualSpace::expand_by(unsigned long)+0x53
V  [libjvm.so+0x96c320]  PSOldGen::expand(unsigned long)+0x170
V  [libjvm.so+0x96c56a]  PSOldGen::expand_and_cas_allocate(unsigned long)+0x1a
V  [libjvm.so+0x97755f]  oopDesc* PSPromotionManager::copy_to_survivor_space<false>(oopDesc*)+0x6cf
V  [libjvm.so+0x976858]  PSPromotionManager::drain_stacks_depth(bool)+0x7e8
V  [libjvm.so+0x97a69e]  StealTask::do_it(GCTaskManager*, unsigned int)+0x19e
V  [libjvm.so+0x5cab7f]  GCTaskThread::run()+0x12f
V  [libjvm.so+0x910de8]  java_start(Thread*)+0x108


---------------  P R O C E S S  ---------------

Java Threads: ( => current thread )
  0x00007f39b0422800 JavaThread "pool-1-thread-1" [_thread_blocked, id=32356, stack(0x00007f38ffcf1000,0x00007f38ffdf2000)]
  0x00007f39b0378800 JavaThread "Service Thread" daemon [_thread_blocked, id=32248, stack(0x00007f394c00e000,0x00007f394c10f000)]
  0x00007f39b0373800 JavaThread "C1 CompilerThread11" daemon [_thread_blocked, id=32224, stack(0x00007f394c10f000,0x00007f394c210000)]
  0x00007f39b0372000 JavaThread "C1 CompilerThread10" daemon [_thread_blocked, id=32191, stack(0x00007f394c210000,0x00007f394c311000)]
  0x00007f39b0370000 JavaThread "C1 CompilerThread9" daemon [_thread_blocked, id=32177, stack(0x00007f394c311000,0x00007f394c412000)]
  0x00007f39b036e000 JavaThread "C1 CompilerThread8" daemon [_thread_blocked, id=32146, stack(0x00007f394c412000,0x00007f394c513000)]
  0x00007f39b036b800 JavaThread "C2 CompilerThread7" daemon [_thread_blocked, id=32144, stack(0x00007f394c513000,0x00007f394c614000)]
  0x00007f39b0369800 JavaThread "C2 CompilerThread6" daemon [_thread_blocked, id=32141, stack(0x00007f394c614000,0x00007f394c715000)]
  0x00007f39b0367800 JavaThread "C2 CompilerThread5" daemon [_thread_blocked, id=32128, stack(0x00007f394c715000,0x00007f394c816000)]
  0x00007f39b0365800 JavaThread "C2 CompilerThread4" daemon [_thread_blocked, id=32126, stack(0x00007f394c816000,0x00007f394c917000)]
  0x00007f39b0363000 JavaThread "C2 CompilerThread3" daemon [_thread_blocked, id=32120, stack(0x00007f394c917000,0x00007f394ca18000)]
  0x00007f39b0361000 JavaThread "C2 CompilerThread2" daemon [_thread_blocked, id=32118, stack(0x00007f394ca18000,0x00007f394cb19000)]
  0x00007f39b035f800 JavaThread "C2 CompilerThread1" daemon [_thread_blocked, id=32116, stack(0x00007f394cb19000,0x00007f394cc1a000)]
  0x00007f39b035c800 JavaThread "C2 CompilerThread0" daemon [_thread_blocked, id=32113, stack(0x00007f394cc1a000,0x00007f394cd1b000)]
  0x00007f39b035b000 JavaThread "Signal Dispatcher" daemon [_thread_blocked, id=32110, stack(0x00007f394cd1b000,0x00007f394ce1c000)]
  0x00007f39b0323000 JavaThread "Finalizer" daemon [_thread_blocked, id=32014, stack(0x00007f394d3d4000,0x00007f394d4d5000)]
  0x00007f39b0321000 JavaThread "Reference Handler" daemon [_thread_blocked, id=32012, stack(0x00007f394d4d5000,0x00007f394d5d6000)]
  0x00007f39b000a800 JavaThread "main" [_thread_blocked, id=31622, stack(0x00007f39b76e2000,0x00007f39b77e3000)]

Other Threads:
  0x00007f39b031c000 VMThread [stack: 0x00007f394d5d6000,0x00007f394d6d7000] [id=32003]
  0x00007f39b037b800 WatcherThread [stack: 0x00007f38ffeff000,0x00007f3900000000] [id=32254]

=>0x00007f39b003a000 (exited) GCTaskThread [stack: 0x00007f399e226000,0x00007f399e327000] [id=31929]

VM state:at safepoint (normal execution)

VM Mutex/Monitor currently owned by a thread:  ([mutex/lock_event])
[0x00007f39b0005aa0] ExpandHeap_lock - owner thread: 0x00007f39b003a000
[0x00007f39b0006120] Threads_lock - owner thread: 0x00007f39b031c000
[0x00007f39b0006620] Heap_lock - owner thread: 0x00007f39b0422800

Heap:
 PSYoungGen      total 3027456K, used 3027434K [0x00000006f4900000, 0x00000007c0000000, 0x00000007c0000000)
  eden space 2721792K, 100% used [0x00000006f4900000,0x000000079ab00000,0x000000079ab00000)
  from space 305664K, 99% used [0x000000079ab00000,0x00000007ad57a910,0x00000007ad580000)
  to   space 305664K, 99% used [0x00000007ad580000,0x00000007bfff9698,0x00000007c0000000)
 ParOldGen       total 919040K, used 919038K [0x000000055da00000, 0x0000000595b80000, 0x00000006f4900000)
  object space 919040K, 99% used [0x000000055da00000,0x0000000595b7fbb8,0x0000000595b80000)
 Metaspace       used 5239K, capacity 5476K, committed 5632K, reserved 1056768K
  class space    used 582K, capacity 672K, committed 768K, reserved 1048576K

Card table byte_map: [0x00007f399fcec000,0x00007f39a1000000] byte_map_base: 0x00007f399d1ff000

Marking Bits: (ParMarkBitMap*) 0x00007f39b6bdb760
 Begin Bits: [0x00007f3954ed0000, 0x00007f395e768000)
 End Bits:   [0x00007f395e768000, 0x00007f3968000000)

Polling page: 0x00007f39b7822000

CodeCache: size=245760Kb used=5259Kb max_used=5277Kb free=240500Kb
 bounds [0x00007f39a1000000, 0x00007f39a1540000, 0x00007f39b0000000]
 total_blobs=1100 nmethods=804 adapters=209
 compilation: enabled

Compilation events (10 events):
Event: 308,301 Thread 0x00007f39b0365800  805       4       edu.ufpr.cbio.psp.problem.custom.operators.recent.MultiPointsCrossover::doCrossover (307 bytes)
Event: 308,869 Thread 0x00007f39b0369800  806       4       edu.ufpr.cbio.psp.algorithms.hyperheuristic.IBEAHyperHeuristic::computeIndicatorValuesHD (246 bytes)
Event: 309,184 Thread 0x00007f39b0369800 nmethod 806 0x00007f39a151edd0 code [0x00007f39a151f0c0, 0x00007f39a1520798]
Event: 309,187 Thread 0x00007f39b035f800  807 %     4       edu.ufpr.cbio.psp.algorithms.hyperheuristic.IBEAHyperHeuristic::computeIndicatorValuesHD @ 64 (246 bytes)
Event: 309,489 Thread 0x00007f39b035f800 nmethod 807% 0x00007f39a1525a10 code [0x00007f39a1525d20, 0x00007f39a15277b8]
Event: 309,678 Thread 0x00007f39b0365800 nmethod 805 0x00007f39a152df10 code [0x00007f39a152e3c0, 0x00007f39a15324f8]
Event: 330,815 Thread 0x00007f39b036e000  808       3       java.io.BufferedWriter::ensureOpen (18 bytes)
Event: 330,815 Thread 0x00007f39b036e000 nmethod 808 0x00007f39a14f3c50 code [0x00007f39a14f3dc0, 0x00007f39a14f4008]
Event: 330,815 Thread 0x00007f39b036e000  809       3       java.nio.charset.CoderResult::isUnderflow (13 bytes)
Event: 330,816 Thread 0x00007f39b036e000 nmethod 809 0x00007f39a14e1910 code [0x00007f39a14e1a80, 0x00007f39a14e1c30]

GC Heap History (10 events):
Event: 276,413 GC heap after
Heap after GC invocations=102 (full 0):
 PSYoungGen      total 2159616K, used 1520K [0x00000006f4900000, 0x00000007bd880000, 0x00000007c0000000)
  eden space 2158080K, 0% used [0x00000006f4900000,0x00000006f4900000,0x0000000778480000)
  from space 1536K, 99% used [0x00000007bd700000,0x00000007bd87c350,0x00000007bd880000)
  to   space 25600K, 0% used [0x00000007ba680000,0x00000007ba680000,0x00000007bbf80000)
 ParOldGen       total 946176K, used 70285K [0x000000055da00000, 0x0000000597600000, 0x00000006f4900000)
  object space 946176K, 7% used [0x000000055da00000,0x0000000561ea3620,0x0000000597600000)
 Metaspace       used 5161K, capacity 5412K, committed 5632K, reserved 1056768K
  class space    used 580K, capacity 672K, committed 768K, reserved 1048576K
}
Event: 280,241 GC heap before
{Heap before GC invocations=103 (full 0):
 PSYoungGen      total 2159616K, used 2159600K [0x00000006f4900000, 0x00000007bd880000, 0x00000007c0000000)
  eden space 2158080K, 100% used [0x00000006f4900000,0x0000000778480000,0x0000000778480000)
  from space 1536K, 99% used [0x00000007bd700000,0x00000007bd87c350,0x00000007bd880000)
  to   space 25600K, 0% used [0x00000007ba680000,0x00000007ba680000,0x00000007bbf80000)
 ParOldGen       total 946176K, used 70285K [0x000000055da00000, 0x0000000597600000, 0x00000006f4900000)
  object space 946176K, 7% used [0x000000055da00000,0x0000000561ea3620,0x0000000597600000)
 Metaspace       used 5161K, capacity 5412K, committed 5632K, reserved 1056768K
  class space    used 580K, capacity 672K, committed 768K, reserved 1048576K
Event: 280,950 GC heap after
Heap after GC invocations=103 (full 0):
 PSYoungGen      total 2615296K, used 25598K [0x00000006f4900000, 0x00000007bd780000, 0x00000007c0000000)
  eden space 2589696K, 0% used [0x00000006f4900000,0x00000006f4900000,0x0000000792a00000)
  from space 25600K, 99% used [0x00000007ba680000,0x00000007bbf7f990,0x00000007bbf80000)
  to   space 24576K, 0% used [0x00000007bbf80000,0x00000007bbf80000,0x00000007bd780000)
 ParOldGen       total 946176K, used 511177K [0x000000055da00000, 0x0000000597600000, 0x00000006f4900000)
  object space 946176K, 54% used [0x000000055da00000,0x000000057cd32600,0x0000000597600000)
 Metaspace       used 5161K, capacity 5412K, committed 5632K, reserved 1056768K
  class space    used 580K, capacity 672K, committed 768K, reserved 1048576K
}
Event: 311,697 GC heap before
{Heap before GC invocations=104 (full 0):
 PSYoungGen      total 2615296K, used 2615294K [0x00000006f4900000, 0x00000007bd780000, 0x00000007c0000000)
  eden space 2589696K, 100% used [0x00000006f4900000,0x0000000792a00000,0x0000000792a00000)
  from space 25600K, 99% used [0x00000007ba680000,0x00000007bbf7f990,0x00000007bbf80000)
  to   space 24576K, 0% used [0x00000007bbf80000,0x00000007bbf80000,0x00000007bd780000)
 ParOldGen       total 946176K, used 511177K [0x000000055da00000, 0x0000000597600000, 0x00000006f4900000)
  object space 946176K, 54% used [0x000000055da00000,0x000000057cd32600,0x0000000597600000)
 Metaspace       used 5238K, capacity 5476K, committed 5632K, reserved 1056768K
  class space    used 582K, capacity 672K, committed 768K, reserved 1048576K
Event: 312,559 GC heap after
Heap after GC invocations=104 (full 0):
 PSYoungGen      total 2746368K, used 24552K [0x00000006f4900000, 0x00000007c0000000, 0x00000007c0000000)
  eden space 2721792K, 0% used [0x00000006f4900000,0x00000006f4900000,0x000000079ab00000)
  from space 24576K, 99% used [0x00000007bbf80000,0x00000007bd77a090,0x00000007bd780000)
  to   space 305664K, 0% used [0x000000079ab00000,0x000000079ab00000,0x00000007ad580000)
 ParOldGen       total 946176K, used 879414K [0x000000055da00000, 0x0000000597600000, 0x00000006f4900000)
  object space 946176K, 92% used [0x000000055da00000,0x00000005934cdb20,0x0000000597600000)
 Metaspace       used 5238K, capacity 5476K, committed 5632K, reserved 1056768K
  class space    used 582K, capacity 672K, committed 768K, reserved 1048576K
}
Event: 312,559 GC heap before
{Heap before GC invocations=105 (full 1):
 PSYoungGen      total 2746368K, used 24552K [0x00000006f4900000, 0x00000007c0000000, 0x00000007c0000000)
  eden space 2721792K, 0% used [0x00000006f4900000,0x00000006f4900000,0x000000079ab00000)
  from space 24576K, 99% used [0x00000007bbf80000,0x00000007bd77a090,0x00000007bd780000)
  to   space 305664K, 0% used [0x000000079ab00000,0x000000079ab00000,0x00000007ad580000)
 ParOldGen       total 946176K, used 879414K [0x000000055da00000, 0x0000000597600000, 0x00000006f4900000)
  object space 946176K, 92% used [0x000000055da00000,0x00000005934cdb20,0x0000000597600000)
 Metaspace       used 5238K, capacity 5476K, committed 5632K, reserved 1056768K
  class space    used 582K, capacity 672K, committed 768K, reserved 1048576K
Event: 313,705 GC heap after
Heap after GC invocations=105 (full 1):
 PSYoungGen      total 2746368K, used 0K [0x00000006f4900000, 0x00000007c0000000, 0x00000007c0000000)
  eden space 2721792K, 0% used [0x00000006f4900000,0x00000006f4900000,0x000000079ab00000)
  from space 24576K, 0% used [0x00000007bbf80000,0x00000007bbf80000,0x00000007bd780000)
  to   space 305664K, 0% used [0x000000079ab00000,0x000000079ab00000,0x00000007ad580000)
 ParOldGen       total 863232K, used 193920K [0x000000055da00000, 0x0000000592500000, 0x00000006f4900000)
  object space 863232K, 22% used [0x000000055da00000,0x0000000569760000,0x0000000592500000)
 Metaspace       used 5238K, capacity 5476K, committed 5632K, reserved 1056768K
  class space    used 582K, capacity 672K, committed 768K, reserved 1048576K
}
Event: 329,695 GC heap before
{Heap before GC invocations=106 (full 1):
 PSYoungGen      total 2746368K, used 2721792K [0x00000006f4900000, 0x00000007c0000000, 0x00000007c0000000)
  eden space 2721792K, 100% used [0x00000006f4900000,0x000000079ab00000,0x000000079ab00000)
  from space 24576K, 0% used [0x00000007bbf80000,0x00000007bbf80000,0x00000007bd780000)
  to   space 305664K, 0% used [0x000000079ab00000,0x000000079ab00000,0x00000007ad580000)
 ParOldGen       total 863232K, used 193920K [0x000000055da00000, 0x0000000592500000, 0x00000006f4900000)
  object space 863232K, 22% used [0x000000055da00000,0x0000000569760000,0x0000000592500000)
 Metaspace       used 5238K, capacity 5476K, committed 5632K, reserved 1056768K
  class space    used 582K, capacity 672K, committed 768K, reserved 1048576K
Event: 330,799 GC heap after
Heap after GC invocations=106 (full 1):
 PSYoungGen      total 3027456K, used 305642K [0x00000006f4900000, 0x00000007c0000000, 0x00000007c0000000)
  eden space 2721792K, 0% used [0x00000006f4900000,0x00000006f4900000,0x000000079ab00000)
  from space 305664K, 99% used [0x000000079ab00000,0x00000007ad57a910,0x00000007ad580000)
  to   space 305664K, 0% used [0x00000007ad580000,0x00000007ad580000,0x00000007c0000000)
 ParOldGen       total 863232K, used 478456K [0x000000055da00000, 0x0000000592500000, 0x00000006f4900000)
  object space 863232K, 55% used [0x000000055da00000,0x000000057ad3e1e0,0x0000000592500000)
 Metaspace       used 5238K, capacity 5476K, committed 5632K, reserved 1056768K
  class space    used 582K, capacity 672K, committed 768K, reserved 1048576K
}
Event: 362,482 GC heap before
{Heap before GC invocations=107 (full 1):
 PSYoungGen      total 3027456K, used 3027434K [0x00000006f4900000, 0x00000007c0000000, 0x00000007c0000000)
  eden space 2721792K, 100% used [0x00000006f4900000,0x000000079ab00000,0x000000079ab00000)
  from space 305664K, 99% used [0x000000079ab00000,0x00000007ad57a910,0x00000007ad580000)
  to   space 305664K, 0% used [0x00000007ad580000,0x00000007ad580000,0x00000007c0000000)
 ParOldGen       total 863232K, used 478456K [0x000000055da00000, 0x0000000592500000, 0x00000006f4900000)
  object space 863232K, 55% used [0x000000055da00000,0x000000057ad3e1e0,0x0000000592500000)
 Metaspace       used 5239K, capacity 5476K, committed 5632K, reserved 1056768K
  class space    used 582K, capacity 672K, committed 768K, reserved 1048576K

Deoptimization events (10 events):
Event: 87,917 Thread 0x00007f39b0422800 Uncommon trap: reason=unstable_if action=reinterpret pc=0x00007f39a13e6134 method=java.util.HashMap.putVal(ILjava/lang/Object;Ljava/lang/Object;ZZ)Ljava/lang/Object; @ 162
Event: 101,685 Thread 0x00007f39b0422800 Uncommon trap: reason=unstable_if action=reinterpret pc=0x00007f39a1421598 method=edu.ufpr.cbio.psp.problem.domain.TopologyContact.equals(Ljava/lang/Object;)Z @ 72
Event: 101,685 Thread 0x00007f39b0422800 Uncommon trap: reason=unstable_if action=reinterpret pc=0x00007f39a142f438 method=java.util.HashMap.putVal(ILjava/lang/Object;Ljava/lang/Object;ZZ)Ljava/lang/Object; @ 94
Event: 173,792 Thread 0x00007f39b0422800 Uncommon trap: reason=unstable_if action=reinterpret pc=0x00007f39a1457360 method=edu.ufpr.cbio.psp.problem.PSPProblem.evaluate(Lorg/uma/jmetal/core/Solution;)V @ 202
Event: 275,458 Thread 0x00007f39b0422800 Uncommon trap: reason=unstable_if action=reinterpret pc=0x00007f39a14693f0 method=org.uma.jmetal.util.comparator.DominanceComparator.compare(Lorg/uma/jmetal/core/Solution;Lorg/uma/jmetal/core/Solution;)I @ 85
Event: 306,712 Thread 0x00007f39b0422800 Uncommon trap: reason=unstable_if action=reinterpret pc=0x00007f39a130ad60 method=java.lang.Integer.valueOf(I)Ljava/lang/Integer; @ 10
Event: 306,720 Thread 0x00007f39b0422800 Uncommon trap: reason=predicate action=maybe_recompile pc=0x00007f39a131ab38 method=java.util.ArrayList.indexOf(Ljava/lang/Object;)I @ 44
Event: 306,720 Thread 0x00007f39b0422800 Uncommon trap: reason=predicate action=maybe_recompile pc=0x00007f39a1312d1c method=java.util.ArrayList.indexOf(Ljava/lang/Object;)I @ 44
Event: 306,721 Thread 0x00007f39b0422800 Uncommon trap: reason=unstable_if action=reinterpret pc=0x00007f39a146333c method=edu.ufpr.cbio.psp.problem.PSPProblem.evaluate(Lorg/uma/jmetal/core/Solution;)V @ 330
Event: 308,873 Thread 0x00007f39b0422800 Uncommon trap: reason=unstable_if action=reinterpret pc=0x00007f39a1479828 method=edu.ufpr.cbio.psp.algorithms.hyperheuristic.IBEAHyperHeuristic.computeIndicatorValuesHD(Lorg/uma/jmetal/core/SolutionSet;[D[D)V @ 196

Internal exceptions (8 events):
Event: 0,084 Thread 0x00007f39b000a800 Exception <a 'java/lang/NoSuchMethodError': Method sun.misc.Unsafe.defineClass(Ljava/lang/String;[BII)Ljava/lang/Class; name or signature does not match> (0x00000006f49129c0) thrown at [/RE-WORK/workspace/8-2-build-linux-amd64/jdk8u45/3457/hotspot/src/sha
Event: 0,084 Thread 0x00007f39b000a800 Exception <a 'java/lang/NoSuchMethodError': Method sun.misc.Unsafe.prefetchRead(Ljava/lang/Object;J)V name or signature does not match> (0x00000006f4912c50) thrown at [/RE-WORK/workspace/8-2-build-linux-amd64/jdk8u45/3457/hotspot/src/share/vm/prims/jni.cp
Event: 0,259 Thread 0x00007f39b000a800 Exception <a 'java/security/PrivilegedActionException'> (0x00000006f49d3918) thrown at [/RE-WORK/workspace/8-2-build-linux-amd64/jdk8u45/3457/hotspot/src/share/vm/prims/jvm.cpp, line 1382]
Event: 0,259 Thread 0x00007f39b000a800 Exception <a 'java/security/PrivilegedActionException'> (0x00000006f49d3ad0) thrown at [/RE-WORK/workspace/8-2-build-linux-amd64/jdk8u45/3457/hotspot/src/share/vm/prims/jvm.cpp, line 1382]
Event: 0,260 Thread 0x00007f39b000a800 Exception <a 'java/security/PrivilegedActionException'> (0x00000006f49d6368) thrown at [/RE-WORK/workspace/8-2-build-linux-amd64/jdk8u45/3457/hotspot/src/share/vm/prims/jvm.cpp, line 1382]
Event: 0,260 Thread 0x00007f39b000a800 Exception <a 'java/security/PrivilegedActionException'> (0x00000006f49d6520) thrown at [/RE-WORK/workspace/8-2-build-linux-amd64/jdk8u45/3457/hotspot/src/share/vm/prims/jvm.cpp, line 1382]
Event: 2,378 Thread 0x00007f39b0422800 Exception <a 'java/lang/NoSuchFieldError': method resolution failed> (0x00000006fb54ff80) thrown at [/RE-WORK/workspace/8-2-build-linux-amd64/jdk8u45/3457/hotspot/src/share/vm/prims/methodHandles.cpp, line 1125]
Event: 2,392 Thread 0x00007f39b0422800 Exception <a 'java/lang/NoSuchFieldError': method resolution failed> (0x00000006fb55e610) thrown at [/RE-WORK/workspace/8-2-build-linux-amd64/jdk8u45/3457/hotspot/src/share/vm/prims/methodHandles.cpp, line 1125]

Events (10 events):
Event: 308,873 Thread 0x00007f39b0422800 Uncommon trap: trap_request=0xffffff65 fr.pc=0x00007f39a1479828
Event: 308,873 Thread 0x00007f39b0422800 DEOPT PACKING pc=0x00007f39a1479828 sp=0x00007f38ffdf04f0
Event: 308,873 Thread 0x00007f39b0422800 DEOPT UNPACKING pc=0x00007f39a1004f69 sp=0x00007f38ffdf04e8 mode 2
Event: 311,697 Executing VM operation: ParallelGCFailedAllocation
Event: 313,705 Executing VM operation: ParallelGCFailedAllocation done
Event: 313,714 Executing VM operation: RevokeBias
Event: 313,750 Executing VM operation: RevokeBias done
Event: 329,695 Executing VM operation: ParallelGCFailedAllocation
Event: 330,799 Executing VM operation: ParallelGCFailedAllocation done
Event: 362,482 Executing VM operation: ParallelGCFailedAllocation


Dynamic libraries:
00400000-00401000 r-xp 00000000 00:2c 34522951                           /home/ppginf/vdfontoura/jdk1.8.0_45/bin/java
00600000-00601000 rw-p 00000000 00:2c 34522951                           /home/ppginf/vdfontoura/jdk1.8.0_45/bin/java
01819000-0183a000 rw-p 00000000 00:00 0                                  [heap]
55da00000-595b80000 rw-p 00000000 00:00 0 
595c00000-6f4900000 ---p 00000000 00:00 0 
6f4900000-7c0000000 rw-p 00000000 00:00 0 
7c0000000-7c00c0000 rw-p 00000000 00:00 0 
7c00c0000-800000000 ---p 00000000 00:00 0 
7f38ec000000-7f38ec021000 rw-p 00000000 00:00 0 
7f38ec021000-7f38f0000000 ---p 00000000 00:00 0 
7f38f0000000-7f38f0290000 rw-p 00000000 00:00 0 
7f38f0290000-7f38f4000000 ---p 00000000 00:00 0 
7f38f4000000-7f38f4021000 rw-p 00000000 00:00 0 
7f38f4021000-7f38f8000000 ---p 00000000 00:00 0 
7f38f8000000-7f38f80a5000 rw-p 00000000 00:00 0 
7f38f80a5000-7f38fc000000 ---p 00000000 00:00 0 
7f38ffbf1000-7f38ffcf1000 rw-p 00000000 00:00 0 
7f38ffcf1000-7f38ffcf4000 ---p 00000000 00:00 0 
7f38ffcf4000-7f38ffdf2000 rw-p 00000000 00:00 0                          [stack:32356]
7f38ffdf2000-7f38ffeff000 r--s 010c9000 00:2c 55319431                   /home/ppginf/vdfontoura/psp-2D/chapter_approach/target/IBEAHH.jar
7f38ffeff000-7f38fff00000 ---p 00000000 00:00 0 
7f38fff00000-7f3900000000 rw-p 00000000 00:00 0                          [stack:32254]
7f3900000000-7f39000f5000 rw-p 00000000 00:00 0 
7f39000f5000-7f3904000000 ---p 00000000 00:00 0 
7f3904000000-7f3904145000 rw-p 00000000 00:00 0 
7f3904145000-7f3908000000 ---p 00000000 00:00 0 
7f3908000000-7f3908363000 rw-p 00000000 00:00 0 
7f3908363000-7f390c000000 ---p 00000000 00:00 0 
7f390c000000-7f390c16a000 rw-p 00000000 00:00 0 
7f390c16a000-7f3910000000 ---p 00000000 00:00 0 
7f3910000000-7f391041c000 rw-p 00000000 00:00 0 
7f391041c000-7f3914000000 ---p 00000000 00:00 0 
7f3914000000-7f3914292000 rw-p 00000000 00:00 0 
7f3914292000-7f3918000000 ---p 00000000 00:00 0 
7f3918000000-7f3918597000 rw-p 00000000 00:00 0 
7f3918597000-7f391c000000 ---p 00000000 00:00 0 
7f391c000000-7f391c4fd000 rw-p 00000000 00:00 0 
7f391c4fd000-7f3920000000 ---p 00000000 00:00 0 
7f3920000000-7f392095c000 rw-p 00000000 00:00 0 
7f392095c000-7f3924000000 ---p 00000000 00:00 0 
7f3924000000-7f39244ab000 rw-p 00000000 00:00 0 
7f39244ab000-7f3928000000 ---p 00000000 00:00 0 
7f3928000000-7f3928021000 rw-p 00000000 00:00 0 
7f3928021000-7f392c000000 ---p 00000000 00:00 0 
7f392c000000-7f392c2f9000 rw-p 00000000 00:00 0 
7f392c2f9000-7f3930000000 ---p 00000000 00:00 0 
7f3930000000-7f3930021000 rw-p 00000000 00:00 0 
7f3930021000-7f3934000000 ---p 00000000 00:00 0 
7f3934000000-7f3934021000 rw-p 00000000 00:00 0 
7f3934021000-7f3938000000 ---p 00000000 00:00 0 
7f3938000000-7f3938021000 rw-p 00000000 00:00 0 
7f3938021000-7f393c000000 ---p 00000000 00:00 0 
7f393c000000-7f393c021000 rw-p 00000000 00:00 0 
7f393c021000-7f3940000000 ---p 00000000 00:00 0 
7f3940000000-7f3940021000 rw-p 00000000 00:00 0 
7f3940021000-7f3944000000 ---p 00000000 00:00 0 
7f3944000000-7f3944021000 rw-p 00000000 00:00 0 
7f3944021000-7f3948000000 ---p 00000000 00:00 0 
7f3948000000-7f3948021000 rw-p 00000000 00:00 0 
7f3948021000-7f394c000000 ---p 00000000 00:00 0 
7f394c00e000-7f394c011000 ---p 00000000 00:00 0 
7f394c011000-7f394c10f000 rw-p 00000000 00:00 0                          [stack:32248]
7f394c10f000-7f394c112000 ---p 00000000 00:00 0 
7f394c112000-7f394c210000 rw-p 00000000 00:00 0                          [stack:32224]
7f394c210000-7f394c213000 ---p 00000000 00:00 0 
7f394c213000-7f394c311000 rw-p 00000000 00:00 0                          [stack:32191]
7f394c311000-7f394c314000 ---p 00000000 00:00 0 
7f394c314000-7f394c412000 rw-p 00000000 00:00 0                          [stack:32177]
7f394c412000-7f394c415000 ---p 00000000 00:00 0 
7f394c415000-7f394c513000 rw-p 00000000 00:00 0                          [stack:32146]
7f394c513000-7f394c516000 ---p 00000000 00:00 0 
7f394c516000-7f394c614000 rw-p 00000000 00:00 0                          [stack:32144]
7f394c614000-7f394c617000 ---p 00000000 00:00 0 
7f394c617000-7f394c715000 rw-p 00000000 00:00 0                          [stack:32141]
7f394c715000-7f394c718000 ---p 00000000 00:00 0 
7f394c718000-7f394c816000 rw-p 00000000 00:00 0                          [stack:32128]
7f394c816000-7f394c819000 ---p 00000000 00:00 0 
7f394c819000-7f394c917000 rw-p 00000000 00:00 0                          [stack:32126]
7f394c917000-7f394c91a000 ---p 00000000 00:00 0 
7f394c91a000-7f394ca18000 rw-p 00000000 00:00 0                          [stack:32120]
7f394ca18000-7f394ca1b000 ---p 00000000 00:00 0 
7f394ca1b000-7f394cb19000 rw-p 00000000 00:00 0                          [stack:32118]
7f394cb19000-7f394cb1c000 ---p 00000000 00:00 0 
7f394cb1c000-7f394cc1a000 rw-p 00000000 00:00 0                          [stack:32116]
7f394cc1a000-7f394cc1d000 ---p 00000000 00:00 0 
7f394cc1d000-7f394cd1b000 rw-p 00000000 00:00 0                          [stack:32113]
7f394cd1b000-7f394cd1e000 ---p 00000000 00:00 0 
7f394cd1e000-7f394ce1c000 rw-p 00000000 00:00 0                          [stack:32110]
7f394ce1c000-7f394d3d4000 r--p 00000000 00:15 231                        /usr/lib/locale/locale-archive
7f394d3d4000-7f394d3d7000 ---p 00000000 00:00 0 
7f394d3d7000-7f394d4d5000 rw-p 00000000 00:00 0                          [stack:32014]
7f394d4d5000-7f394d4d8000 ---p 00000000 00:00 0 
7f394d4d8000-7f394d5d6000 rw-p 00000000 00:00 0                          [stack:32012]
7f394d5d6000-7f394d5d7000 ---p 00000000 00:00 0 
7f394d5d7000-7f3950000000 rw-p 00000000 00:00 0                          [stack:32003]
7f3950000000-7f3950021000 rw-p 00000000 00:00 0 
7f3950021000-7f3954000000 ---p 00000000 00:00 0 
7f39540c2000-7f3968000000 rw-p 00000000 00:00 0 
7f3968000000-7f3968021000 rw-p 00000000 00:00 0 
7f3968021000-7f396c000000 ---p 00000000 00:00 0 
7f396c000000-7f396c021000 rw-p 00000000 00:00 0 
7f396c021000-7f3970000000 ---p 00000000 00:00 0 
7f3970000000-7f3970021000 rw-p 00000000 00:00 0 
7f3970021000-7f3974000000 ---p 00000000 00:00 0 
7f3974000000-7f397428c000 rw-p 00000000 00:00 0 
7f397428c000-7f3978000000 ---p 00000000 00:00 0 
7f3978000000-7f3978021000 rw-p 00000000 00:00 0 
7f3978021000-7f397c000000 ---p 00000000 00:00 0 
7f397c000000-7f397c021000 rw-p 00000000 00:00 0 
7f397c021000-7f3980000000 ---p 00000000 00:00 0 
7f3980000000-7f3980021000 rw-p 00000000 00:00 0 
7f3980021000-7f3984000000 ---p 00000000 00:00 0 
7f3984000000-7f3984021000 rw-p 00000000 00:00 0 
7f3984021000-7f3988000000 ---p 00000000 00:00 0 
7f3988000000-7f3988021000 rw-p 00000000 00:00 0 
7f3988021000-7f398c000000 ---p 00000000 00:00 0 
7f398c000000-7f398c021000 rw-p 00000000 00:00 0 
7f398c021000-7f3990000000 ---p 00000000 00:00 0 
7f3990000000-7f3990021000 rw-p 00000000 00:00 0 
7f3990021000-7f3994000000 ---p 00000000 00:00 0 
7f3994000000-7f3994021000 rw-p 00000000 00:00 0 
7f3994021000-7f3998000000 ---p 00000000 00:00 0 
7f3998000000-7f3998021000 rw-p 00000000 00:00 0 
7f3998021000-7f399c000000 ---p 00000000 00:00 0 
7f399c09e000-7f399c0c0000 r--p 00000000 00:15 3909                       /usr/share/locale-langpack/pt_BR/LC_MESSAGES/libc.mo
7f399c0c0000-7f399c2c2000 rw-p 00000000 00:00 0 
7f399c2c2000-7f399c49b000 r--s 03d09000 00:2c 34523101                   /home/ppginf/vdfontoura/jdk1.8.0_45/jre/lib/rt.jar
7f399c49b000-7f399c9d1000 rw-p 00000000 00:00 0 
7f399c9d1000-7f399cd11000 ---p 00000000 00:00 0 
7f399cd11000-7f399e024000 rw-p 00000000 00:00 0 
7f399e024000-7f399e025000 ---p 00000000 00:00 0 
7f399e025000-7f399e125000 rw-p 00000000 00:00 0                          [stack:31935]
7f399e125000-7f399e126000 ---p 00000000 00:00 0 
7f399e126000-7f399e226000 rw-p 00000000 00:00 0                          [stack:31932]
7f399e226000-7f399e227000 ---p 00000000 00:00 0 
7f399e227000-7f399e327000 rw-p 00000000 00:00 0                          [stack:31929]
7f399e327000-7f399e328000 ---p 00000000 00:00 0 
7f399e328000-7f399e428000 rw-p 00000000 00:00 0                          [stack:31927]
7f399e428000-7f399e429000 ---p 00000000 00:00 0 
7f399e429000-7f399e529000 rw-p 00000000 00:00 0                          [stack:31926]
7f399e529000-7f399e52a000 ---p 00000000 00:00 0 
7f399e52a000-7f399e62a000 rw-p 00000000 00:00 0                          [stack:31924]
7f399e62a000-7f399e62b000 ---p 00000000 00:00 0 
7f399e62b000-7f399e72b000 rw-p 00000000 00:00 0                          [stack:31922]
7f399e72b000-7f399e72c000 ---p 00000000 00:00 0 
7f399e72c000-7f399e82c000 rw-p 00000000 00:00 0                          [stack:31920]
7f399e82c000-7f399e82d000 ---p 00000000 00:00 0 
7f399e82d000-7f399e92d000 rw-p 00000000 00:00 0                          [stack:31918]
7f399e92d000-7f399e92e000 ---p 00000000 00:00 0 
7f399e92e000-7f399ea2e000 rw-p 00000000 00:00 0                          [stack:31917]
7f399ea2e000-7f399ea2f000 ---p 00000000 00:00 0 
7f399ea2f000-7f399eb2f000 rw-p 00000000 00:00 0                          [stack:31912]
7f399eb2f000-7f399eb30000 ---p 00000000 00:00 0 
7f399eb30000-7f399ec30000 rw-p 00000000 00:00 0                          [stack:31909]
7f399ec30000-7f399ec31000 ---p 00000000 00:00 0 
7f399ec31000-7f399ed31000 rw-p 00000000 00:00 0                          [stack:31907]
7f399ed31000-7f399ed32000 ---p 00000000 00:00 0 
7f399ed32000-7f399ee32000 rw-p 00000000 00:00 0                          [stack:31876]
7f399ee32000-7f399ee33000 ---p 00000000 00:00 0 
7f399ee33000-7f399ef33000 rw-p 00000000 00:00 0                          [stack:31854]
7f399ef33000-7f399ef34000 ---p 00000000 00:00 0 
7f399ef34000-7f399f1f5000 rw-p 00000000 00:00 0                          [stack:31789]
7f399f1f5000-7f399fcec000 ---p 00000000 00:00 0 
7f399fcec000-7f399fead000 rw-p 00000000 00:00 0 
7f399fead000-7f39a09a3000 ---p 00000000 00:00 0 
7f39a09a3000-7f39a0fff000 rw-p 00000000 00:00 0 
7f39a0fff000-7f39a1000000 rw-p 00000000 00:00 0 
7f39a1000000-7f39a1540000 rwxp 00000000 00:00 0 
7f39a1540000-7f39b0000000 ---p 00000000 00:00 0 
7f39b0000000-7f39b0424000 rw-p 00000000 00:00 0 
7f39b0424000-7f39b4000000 ---p 00000000 00:00 0 
7f39b4010000-7f39b40cf000 rw-p 00000000 00:00 0 
7f39b40cf000-7f39b40d0000 ---p 00000000 00:00 0 
7f39b40d0000-7f39b41d0000 rw-p 00000000 00:00 0                          [stack:31787]
7f39b41d0000-7f39b41d1000 ---p 00000000 00:00 0 
7f39b41d1000-7f39b42e6000 rw-p 00000000 00:00 0                          [stack:31785]
7f39b42e6000-7f39b4691000 ---p 00000000 00:00 0 
7f39b4691000-7f39b46ab000 r-xp 00000000 00:2c 34523211                   /home/ppginf/vdfontoura/jdk1.8.0_45/jre/lib/amd64/libzip.so
7f39b46ab000-7f39b48ab000 ---p 0001a000 00:2c 34523211                   /home/ppginf/vdfontoura/jdk1.8.0_45/jre/lib/amd64/libzip.so
7f39b48ab000-7f39b48ac000 rw-p 0001a000 00:2c 34523211                   /home/ppginf/vdfontoura/jdk1.8.0_45/jre/lib/amd64/libzip.so
7f39b48ac000-7f39b48b8000 r-xp 00000000 00:15 181                        /lib/x86_64-linux-gnu/libnss_ldap.so.2
7f39b48b8000-7f39b4ab7000 ---p 0000c000 00:15 181                        /lib/x86_64-linux-gnu/libnss_ldap.so.2
7f39b4ab7000-7f39b4ab8000 r--p 0000b000 00:15 181                        /lib/x86_64-linux-gnu/libnss_ldap.so.2
7f39b4ab8000-7f39b4ab9000 rw-p 0000c000 00:15 181                        /lib/x86_64-linux-gnu/libnss_ldap.so.2
7f39b4ab9000-7f39b4ac4000 r-xp 00000000 00:15 178                        /lib/x86_64-linux-gnu/libnss_files-2.19.so
7f39b4ac4000-7f39b4cc3000 ---p 0000b000 00:15 178                        /lib/x86_64-linux-gnu/libnss_files-2.19.so
7f39b4cc3000-7f39b4cc4000 r--p 0000a000 00:15 178                        /lib/x86_64-linux-gnu/libnss_files-2.19.so
7f39b4cc4000-7f39b4cc5000 rw-p 0000b000 00:15 178                        /lib/x86_64-linux-gnu/libnss_files-2.19.so
7f39b4cc5000-7f39b4cd0000 r-xp 00000000 00:15 176                        /lib/x86_64-linux-gnu/libnss_nis-2.19.so
7f39b4cd0000-7f39b4ecf000 ---p 0000b000 00:15 176                        /lib/x86_64-linux-gnu/libnss_nis-2.19.so
7f39b4ecf000-7f39b4ed0000 r--p 0000a000 00:15 176                        /lib/x86_64-linux-gnu/libnss_nis-2.19.so
7f39b4ed0000-7f39b4ed1000 rw-p 0000b000 00:15 176                        /lib/x86_64-linux-gnu/libnss_nis-2.19.so
7f39b4ed1000-7f39b4ee8000 r-xp 00000000 00:15 174                        /lib/x86_64-linux-gnu/libnsl-2.19.so
7f39b4ee8000-7f39b50e7000 ---p 00017000 00:15 174                        /lib/x86_64-linux-gnu/libnsl-2.19.so
7f39b50e7000-7f39b50e8000 r--p 00016000 00:15 174                        /lib/x86_64-linux-gnu/libnsl-2.19.so
7f39b50e8000-7f39b50e9000 rw-p 00017000 00:15 174                        /lib/x86_64-linux-gnu/libnsl-2.19.so
7f39b50e9000-7f39b50eb000 rw-p 00000000 00:00 0 
7f39b50eb000-7f39b50f4000 r-xp 00000000 00:15 172                        /lib/x86_64-linux-gnu/libnss_compat-2.19.so
7f39b50f4000-7f39b52f3000 ---p 00009000 00:15 172                        /lib/x86_64-linux-gnu/libnss_compat-2.19.so
7f39b52f3000-7f39b52f4000 r--p 00008000 00:15 172                        /lib/x86_64-linux-gnu/libnss_compat-2.19.so
7f39b52f4000-7f39b52f5000 rw-p 00009000 00:15 172                        /lib/x86_64-linux-gnu/libnss_compat-2.19.so
7f39b52f5000-7f39b531f000 r-xp 00000000 00:2c 34523126                   /home/ppginf/vdfontoura/jdk1.8.0_45/jre/lib/amd64/libjava.so
7f39b531f000-7f39b551f000 ---p 0002a000 00:2c 34523126                   /home/ppginf/vdfontoura/jdk1.8.0_45/jre/lib/amd64/libjava.so
7f39b551f000-7f39b5521000 rw-p 0002a000 00:2c 34523126                   /home/ppginf/vdfontoura/jdk1.8.0_45/jre/lib/amd64/libjava.so
7f39b5521000-7f39b552e000 r-xp 00000000 00:2c 34523210                   /home/ppginf/vdfontoura/jdk1.8.0_45/jre/lib/amd64/libverify.so
7f39b552e000-7f39b572e000 ---p 0000d000 00:2c 34523210                   /home/ppginf/vdfontoura/jdk1.8.0_45/jre/lib/amd64/libverify.so
7f39b572e000-7f39b5730000 rw-p 0000d000 00:2c 34523210                   /home/ppginf/vdfontoura/jdk1.8.0_45/jre/lib/amd64/libverify.so
7f39b5730000-7f39b5737000 r-xp 00000000 00:15 44                         /lib/x86_64-linux-gnu/librt-2.19.so
7f39b5737000-7f39b5936000 ---p 00007000 00:15 44                         /lib/x86_64-linux-gnu/librt-2.19.so
7f39b5936000-7f39b5937000 r--p 00006000 00:15 44                         /lib/x86_64-linux-gnu/librt-2.19.so
7f39b5937000-7f39b5938000 rw-p 00007000 00:15 44                         /lib/x86_64-linux-gnu/librt-2.19.so
7f39b5938000-7f39b5a3d000 r-xp 00000000 00:15 309                        /lib/x86_64-linux-gnu/libm-2.19.so
7f39b5a3d000-7f39b5c3c000 ---p 00105000 00:15 309                        /lib/x86_64-linux-gnu/libm-2.19.so
7f39b5c3c000-7f39b5c3d000 r--p 00104000 00:15 309                        /lib/x86_64-linux-gnu/libm-2.19.so
7f39b5c3d000-7f39b5c3e000 rw-p 00105000 00:15 309                        /lib/x86_64-linux-gnu/libm-2.19.so
7f39b5c3e000-7f39b68ec000 r-xp 00000000 00:2c 34523214                   /home/ppginf/vdfontoura/jdk1.8.0_45/jre/lib/amd64/server/libjvm.so
7f39b68ec000-7f39b6aeb000 ---p 00cae000 00:2c 34523214                   /home/ppginf/vdfontoura/jdk1.8.0_45/jre/lib/amd64/server/libjvm.so
7f39b6aeb000-7f39b6bc2000 rw-p 00cad000 00:2c 34523214                   /home/ppginf/vdfontoura/jdk1.8.0_45/jre/lib/amd64/server/libjvm.so
7f39b6bc2000-7f39b6c06000 rw-p 00000000 00:00 0 
7f39b6c06000-7f39b6dc1000 r-xp 00000000 00:15 46                         /lib/x86_64-linux-gnu/libc-2.19.so
7f39b6dc1000-7f39b6fc0000 ---p 001bb000 00:15 46                         /lib/x86_64-linux-gnu/libc-2.19.so
7f39b6fc0000-7f39b6fc4000 r--p 001ba000 00:15 46                         /lib/x86_64-linux-gnu/libc-2.19.so
7f39b6fc4000-7f39b6fc6000 rw-p 001be000 00:15 46                         /lib/x86_64-linux-gnu/libc-2.19.so
7f39b6fc6000-7f39b6fcb000 rw-p 00000000 00:00 0 
7f39b6fcb000-7f39b6fce000 r-xp 00000000 00:15 52                         /lib/x86_64-linux-gnu/libdl-2.19.so
7f39b6fce000-7f39b71cd000 ---p 00003000 00:15 52                         /lib/x86_64-linux-gnu/libdl-2.19.so
7f39b71cd000-7f39b71ce000 r--p 00002000 00:15 52                         /lib/x86_64-linux-gnu/libdl-2.19.so
7f39b71ce000-7f39b71cf000 rw-p 00003000 00:15 52                         /lib/x86_64-linux-gnu/libdl-2.19.so
7f39b71cf000-7f39b71e4000 r-xp 00000000 00:2c 34523376                   /home/ppginf/vdfontoura/jdk1.8.0_45/lib/amd64/jli/libjli.so
7f39b71e4000-7f39b73e4000 ---p 00015000 00:2c 34523376                   /home/ppginf/vdfontoura/jdk1.8.0_45/lib/amd64/jli/libjli.so
7f39b73e4000-7f39b73e5000 rw-p 00015000 00:2c 34523376                   /home/ppginf/vdfontoura/jdk1.8.0_45/lib/amd64/jli/libjli.so
7f39b73e5000-7f39b73fe000 r-xp 00000000 00:15 48                         /lib/x86_64-linux-gnu/libpthread-2.19.so
7f39b73fe000-7f39b75fd000 ---p 00019000 00:15 48                         /lib/x86_64-linux-gnu/libpthread-2.19.so
7f39b75fd000-7f39b75fe000 r--p 00018000 00:15 48                         /lib/x86_64-linux-gnu/libpthread-2.19.so
7f39b75fe000-7f39b75ff000 rw-p 00019000 00:15 48                         /lib/x86_64-linux-gnu/libpthread-2.19.so
7f39b75ff000-7f39b7603000 rw-p 00000000 00:00 0 
7f39b7603000-7f39b7626000 r-xp 00000000 00:15 32                         /lib/x86_64-linux-gnu/ld-2.19.so
7f39b7638000-7f39b76e2000 rw-p 00000000 00:00 0 
7f39b76e2000-7f39b76e5000 ---p 00000000 00:00 0 
7f39b76e5000-7f39b77e7000 rw-p 00000000 00:00 0                          [stack:31622]
7f39b77eb000-7f39b77f2000 r--s 00000000 00:15 245                        /usr/lib/x86_64-linux-gnu/gconv/gconv-modules.cache
7f39b77f2000-7f39b77fd000 r--s 00116000 00:2c 34523300                   /home/ppginf/vdfontoura/jdk1.8.0_45/jre/lib/ext/localedata.jar
7f39b77fd000-7f39b7819000 r--s 00393000 00:2c 34523297                   /home/ppginf/vdfontoura/jdk1.8.0_45/jre/lib/ext/cldrdata.jar
7f39b7819000-7f39b7821000 rw-s 00000000 00:19 154481                     /tmp/hsperfdata_vdfontoura/31596
7f39b7821000-7f39b7822000 rw-p 00000000 00:00 0 
7f39b7822000-7f39b7823000 ---p 00000000 00:00 0 
7f39b7823000-7f39b7825000 rw-p 00000000 00:00 0 
7f39b7825000-7f39b7826000 r--p 00022000 00:15 32                         /lib/x86_64-linux-gnu/ld-2.19.so
7f39b7826000-7f39b7827000 rw-p 00023000 00:15 32                         /lib/x86_64-linux-gnu/ld-2.19.so
7f39b7827000-7f39b7828000 rw-p 00000000 00:00 0 
7fffe0b13000-7fffe0b34000 rw-p 00000000 00:00 0                          [stack]
7fffe0b9b000-7fffe0b9d000 r--p 00000000 00:00 0                          [vvar]
7fffe0b9d000-7fffe0b9f000 r-xp 00000000 00:00 0                          [vdso]
ffffffffff600000-ffffffffff601000 r-xp 00000000 00:00 0                  [vsyscall]

VM Arguments:
java_command: ../../target/IBEAHH.jar 5000 2500000 SinglePointCrossover,IntegerTwoPointsCrossover,MultiPointsCrossover BitFlipMutation,LoopMoveOperator,LocalMoveOperator,SegmentMutation,OppositeMoveOperator 2000 1.0 1.0 1 1 ibea-result-5000/result-10 0 0 Random PPHHHPHHHHHHHHPPPHHHHHHHHHHPHPPPHHHHHHHHHHHHPPPPHHHHHHPHHPHP false 50
java_class_path (initial): ../../target/IBEAHH.jar
Launcher Type: SUN_STANDARD

Environment Variables:
JAVA_HOME=/home/ppginf/vdfontoura/jdk1.8.0_45/
PATH=/home/ppginf/vdfontoura/jdk1.8.0_45//bin:/usr/local/sbin:/usr/local/bin:/usr/sbin:/usr/bin:/sbin:/bin:/usr/games:/usr/local/games:.:/home/html/inf/silvia/topicos/ferramentas/poketool/bin:/home/html/inf/silvia/topicos/ferramentas/proteum1.4.1/LINUX/bin:/home/ppginf/vdfontoura/tools/apache-maven-3.3.3/bin
SHELL=/bin/bash

Signal Handlers:
SIGSEGV: [libjvm.so+0xaad1e0], sa_mask[0]=11111111011111111101111111111110, sa_flags=SA_RESTART|SA_SIGINFO
SIGBUS: [libjvm.so+0xaad1e0], sa_mask[0]=11111111011111111101111111111110, sa_flags=SA_RESTART|SA_SIGINFO
SIGFPE: [libjvm.so+0x90b450], sa_mask[0]=11111111011111111101111111111110, sa_flags=SA_RESTART|SA_SIGINFO
SIGPIPE: [libjvm.so+0x90b450], sa_mask[0]=11111111011111111101111111111110, sa_flags=SA_RESTART|SA_SIGINFO
SIGXFSZ: [libjvm.so+0x90b450], sa_mask[0]=11111111011111111101111111111110, sa_flags=SA_RESTART|SA_SIGINFO
SIGILL: [libjvm.so+0x90b450], sa_mask[0]=11111111011111111101111111111110, sa_flags=SA_RESTART|SA_SIGINFO
SIGUSR1: SIG_DFL, sa_mask[0]=00000000000000000000000000000000, sa_flags=none
SIGUSR2: [libjvm.so+0x90ca90], sa_mask[0]=00000000000000000000000000000000, sa_flags=SA_RESTART|SA_SIGINFO
SIGHUP: SIG_IGN, sa_mask[0]=00000000000000000000000000000000, sa_flags=none
SIGINT: SIG_IGN, sa_mask[0]=00000000000000000000000000000000, sa_flags=none
SIGTERM: [libjvm.so+0x90dde0], sa_mask[0]=11111111011111111101111111111110, sa_flags=SA_RESTART|SA_SIGINFO
SIGQUIT: [libjvm.so+0x90dde0], sa_mask[0]=11111111011111111101111111111110, sa_flags=SA_RESTART|SA_SIGINFO


---------------  S Y S T E M  ---------------

OS:DISTRIB_ID=LinuxMint
DISTRIB_RELEASE=17
DISTRIB_CODENAME=qiana
DISTRIB_DESCRIPTION="Linux Mint 17 Qiana"

uname:Linux 4.0.1-kernel+ #2 SMP Wed May 6 16:11:56 BRT 2015 x86_64
libc:glibc 2.19 NPTL 2.19 
rlimit: STACK 8192k, CORE 0k, NPROC 30240, NOFILE 4096, AS 20000000k
load average:63,05 29,70 14,09

/proc/meminfo:
MemTotal:       90751124 kB
MemFree:         4850712 kB
MemAvailable:    4805056 kB
Buffers:               0 kB
Cached:            83884 kB
SwapCached:            0 kB
Active:         85321996 kB
Inactive:          60384 kB
Active(anon):   85314820 kB
Inactive(anon):    21152 kB
Active(file):       7176 kB
Inactive(file):    39232 kB
Unevictable:           0 kB
Mlocked:               0 kB
SwapTotal:             0 kB
SwapFree:              0 kB
Dirty:                 0 kB
Writeback:             0 kB
AnonPages:      85299896 kB
Mapped:            20788 kB
Shmem:             36440 kB
Slab:              80552 kB
SReclaimable:      31204 kB
SUnreclaim:        49348 kB
KernelStack:       18240 kB
PageTables:       182272 kB
NFS_Unstable:          0 kB
Bounce:                0 kB
WritebackTmp:          0 kB
CommitLimit:    45375560 kB
Committed_AS:   101103880 kB
VmallocTotal:   34359738367 kB
VmallocUsed:      220056 kB
VmallocChunk:   34359511596 kB
HardwareCorrupted:     0 kB
AnonHugePages:         0 kB
HugePages_Total:       0
HugePages_Free:        0
HugePages_Rsvd:        0
HugePages_Surp:        0
Hugepagesize:       2048 kB
DirectMap4k:       96244 kB
DirectMap2M:     4098048 kB
DirectMap1G:    88080384 kB


CPU:total 24 (1 cores per cpu, 1 threads per core) family 16 model 9 stepping 1, cmov, cx8, fxsr, mmx, sse, sse2, sse3, popcnt, mmxext, 3dnowpref, lzcnt, sse4a, tsc

/proc/cpuinfo:
processor	: 0
vendor_id	: AuthenticAMD
cpu family	: 16
model		: 9
model name	: AMD Opteron(tm) Processor 6136
stepping	: 1
microcode	: 0x1000065
cpu MHz		: 2400.142
cache size	: 512 KB
physical id	: 0
siblings	: 1
core id		: 0
cpu cores	: 1
apicid		: 0
initial apicid	: 0
fpu		: yes
fpu_exception	: yes
cpuid level	: 5
wp		: yes
flags		: fpu vme de pse tsc msr pae mce cx8 apic sep mtrr pge mca cmov pat pse36 clflush mmx fxsr sse sse2 syscall nx mmxext fxsr_opt pdpe1gb lm 3dnowext 3dnow rep_good nopl extd_apicid pni cx16 x2apic popcnt hypervisor lahf_lm cmp_legacy svm cr8_legacy abm sse4a misalignsse 3dnowprefetch osvw npt nrip_save vmmcall
bugs		: tlb_mmatch fxsave_leak
bogomips	: 4800.28
TLB size	: 1024 4K pages
clflush size	: 64
cache_alignment	: 64
address sizes	: 40 bits physical, 48 bits virtual
power management:

processor	: 1
vendor_id	: AuthenticAMD
cpu family	: 16
model		: 9
model name	: AMD Opteron(tm) Processor 6136
stepping	: 1
microcode	: 0x1000065
cpu MHz		: 2400.142
cache size	: 512 KB
physical id	: 1
siblings	: 1
core id		: 0
cpu cores	: 1
apicid		: 1
initial apicid	: 1
fpu		: yes
fpu_exception	: yes
cpuid level	: 5
wp		: yes
flags		: fpu vme de pse tsc msr pae mce cx8 apic sep mtrr pge mca cmov pat pse36 clflush mmx fxsr sse sse2 syscall nx mmxext fxsr_opt pdpe1gb lm 3dnowext 3dnow rep_good nopl extd_apicid pni cx16 x2apic popcnt hypervisor lahf_lm cmp_legacy svm cr8_legacy abm sse4a misalignsse 3dnowprefetch osvw npt nrip_save vmmcall
bugs		: tlb_mmatch fxsave_leak
bogomips	: 4800.28
TLB size	: 1024 4K pages
clflush size	: 64
cache_alignment	: 64
address sizes	: 40 bits physical, 48 bits virtual
power management:

processor	: 2
vendor_id	: AuthenticAMD
cpu family	: 16
model		: 9
model name	: AMD Opteron(tm) Processor 6136
stepping	: 1
microcode	: 0x1000065
cpu MHz		: 2400.142
cache size	: 512 KB
physical id	: 2
siblings	: 1
core id		: 0
cpu cores	: 1
apicid		: 2
initial apicid	: 2
fpu		: yes
fpu_exception	: yes
cpuid level	: 5
wp		: yes
flags		: fpu vme de pse tsc msr pae mce cx8 apic sep mtrr pge mca cmov pat pse36 clflush mmx fxsr sse sse2 syscall nx mmxext fxsr_opt pdpe1gb lm 3dnowext 3dnow rep_good nopl extd_apicid pni cx16 x2apic popcnt hypervisor lahf_lm cmp_legacy svm cr8_legacy abm sse4a misalignsse 3dnowprefetch osvw npt nrip_save vmmcall
bugs		: tlb_mmatch fxsave_leak
bogomips	: 4800.28
TLB size	: 1024 4K pages
clflush size	: 64
cache_alignment	: 64
address sizes	: 40 bits physical, 48 bits virtual
power management:

processor	: 3
vendor_id	: AuthenticAMD
cpu family	: 16
model		: 9
model name	: AMD Opteron(tm) Processor 6136
stepping	: 1
microcode	: 0x1000065
cpu MHz		: 2400.142
cache size	: 512 KB
physical id	: 3
siblings	: 1
core id		: 0
cpu cores	: 1
apicid		: 3
initial apicid	: 3
fpu		: yes
fpu_exception	: yes
cpuid level	: 5
wp		: yes
flags		: fpu vme de pse tsc msr pae mce cx8 apic sep mtrr pge mca cmov pat pse36 clflush mmx fxsr sse sse2 syscall nx mmxext fxsr_opt pdpe1gb lm 3dnowext 3dnow rep_good nopl extd_apicid pni cx16 x2apic popcnt hypervisor lahf_lm cmp_legacy svm cr8_legacy abm sse4a misalignsse 3dnowprefetch osvw npt nrip_save vmmcall
bugs		: tlb_mmatch fxsave_leak
bogomips	: 4800.28
TLB size	: 1024 4K pages
clflush size	: 64
cache_alignment	: 64
address sizes	: 40 bits physical, 48 bits virtual
power management:

processor	: 4
vendor_id	: AuthenticAMD
cpu family	: 16
model		: 9
model name	: AMD Opteron(tm) Processor 6136
stepping	: 1
microcode	: 0x1000065
cpu MHz		: 2400.142
cache size	: 512 KB
physical id	: 4
siblings	: 1
core id		: 0
cpu cores	: 1
apicid		: 4
initial apicid	: 4
fpu		: yes
fpu_exception	: yes
cpuid level	: 5
wp		: yes
flags		: fpu vme de pse tsc msr pae mce cx8 apic sep mtrr pge mca cmov pat pse36 clflush mmx fxsr sse sse2 syscall nx mmxext fxsr_opt pdpe1gb lm 3dnowext 3dnow rep_good nopl extd_apicid pni cx16 x2apic popcnt hypervisor lahf_lm cmp_legacy svm cr8_legacy abm sse4a misalignsse 3dnowprefetch osvw npt nrip_save vmmcall
bugs		: tlb_mmatch fxsave_leak
bogomips	: 4800.28
TLB size	: 1024 4K pages
clflush size	: 64
cache_alignment	: 64
address sizes	: 40 bits physical, 48 bits virtual
power management:

processor	: 5
vendor_id	: AuthenticAMD
cpu family	: 16
model		: 9
model name	: AMD Opteron(tm) Processor 6136
stepping	: 1
microcode	: 0x1000065
cpu MHz		: 2400.142
cache size	: 512 KB
physical id	: 5
siblings	: 1
core id		: 0
cpu cores	: 1
apicid		: 5
initial apicid	: 5
fpu		: yes
fpu_exception	: yes
cpuid level	: 5
wp		: yes
flags		: fpu vme de pse tsc msr pae mce cx8 apic sep mtrr pge mca cmov pat pse36 clflush mmx fxsr sse sse2 syscall nx mmxext fxsr_opt pdpe1gb lm 3dnowext 3dnow rep_good nopl extd_apicid pni cx16 x2apic popcnt hypervisor lahf_lm cmp_legacy svm cr8_legacy abm sse4a misalignsse 3dnowprefetch osvw npt nrip_save vmmcall
bugs		: tlb_mmatch fxsave_leak
bogomips	: 4800.28
TLB size	: 1024 4K pages
clflush size	: 64
cache_alignment	: 64
address sizes	: 40 bits physical, 48 bits virtual
power management:

processor	: 6
vendor_id	: AuthenticAMD
cpu family	: 16
model		: 9
model name	: AMD Opteron(tm) Processor 6136
stepping	: 1
microcode	: 0x1000065
cpu MHz		: 2400.142
cache size	: 512 KB
physical id	: 6
siblings	: 1
core id		: 0
cpu cores	: 1
apicid		: 6
initial apicid	: 6
fpu		: yes
fpu_exception	: yes
cpuid level	: 5
wp		: yes
flags		: fpu vme de pse tsc msr pae mce cx8 apic sep mtrr pge mca cmov pat pse36 clflush mmx fxsr sse sse2 syscall nx mmxext fxsr_opt pdpe1gb lm 3dnowext 3dnow rep_good nopl extd_apicid pni cx16 x2apic popcnt hypervisor lahf_lm cmp_legacy svm cr8_legacy abm sse4a misalignsse 3dnowprefetch osvw npt nrip_save vmmcall
bugs		: tlb_mmatch fxsave_leak
bogomips	: 4800.28
TLB size	: 1024 4K pages
clflush size	: 64
cache_alignment	: 64
address sizes	: 40 bits physical, 48 bits virtual
power management:

processor	: 7
vendor_id	: AuthenticAMD
cpu family	: 16
model		: 9
model name	: AMD Opteron(tm) Processor 6136
stepping	: 1
microcode	: 0x1000065
cpu MHz		: 2400.142
cache size	: 512 KB
physical id	: 7
siblings	: 1
core id		: 0
cpu cores	: 1
apicid		: 7
initial apicid	: 7
fpu		: yes
fpu_exception	: yes
cpuid level	: 5
wp		: yes
flags		: fpu vme de pse tsc msr pae mce cx8 apic sep mtrr pge mca cmov pat pse36 clflush mmx fxsr sse sse2 syscall nx mmxext fxsr_opt pdpe1gb lm 3dnowext 3dnow rep_good nopl extd_apicid pni cx16 x2apic popcnt hypervisor lahf_lm cmp_legacy svm cr8_legacy abm sse4a misalignsse 3dnowprefetch osvw npt nrip_save vmmcall
bugs		: tlb_mmatch fxsave_leak
bogomips	: 4800.28
TLB size	: 1024 4K pages
clflush size	: 64
cache_alignment	: 64
address sizes	: 40 bits physical, 48 bits virtual
power management:

processor	: 8
vendor_id	: AuthenticAMD
cpu family	: 16
model		: 9
model name	: AMD Opteron(tm) Processor 6136
stepping	: 1
microcode	: 0x1000065
cpu MHz		: 2400.142
cache size	: 512 KB
physical id	: 8
siblings	: 1
core id		: 0
cpu cores	: 1
apicid		: 8
initial apicid	: 8
fpu		: yes
fpu_exception	: yes
cpuid level	: 5
wp		: yes
flags		: fpu vme de pse tsc msr pae mce cx8 apic sep mtrr pge mca cmov pat pse36 clflush mmx fxsr sse sse2 syscall nx mmxext fxsr_opt pdpe1gb lm 3dnowext 3dnow rep_good nopl extd_apicid pni cx16 x2apic popcnt hypervisor lahf_lm cmp_legacy svm cr8_legacy abm sse4a misalignsse 3dnowprefetch osvw npt nrip_save vmmcall
bugs		: tlb_mmatch fxsave_leak
bogomips	: 4800.28
TLB size	: 1024 4K pages
clflush size	: 64
cache_alignment	: 64
address sizes	: 40 bits physical, 48 bits virtual
power management:

processor	: 9
vendor_id	: AuthenticAMD
cpu family	: 16
model		: 9
model name	: AMD Opteron(tm) Processor 6136
stepping	: 1
microcode	: 0x1000065
cpu MHz		: 2400.142
cache size	: 512 KB
physical id	: 9
siblings	: 1
core id		: 0
cpu cores	: 1
apicid		: 9
initial apicid	: 9
fpu		: yes
fpu_exception	: yes
cpuid level	: 5
wp		: yes
flags		: fpu vme de pse tsc msr pae mce cx8 apic sep mtrr pge mca cmov pat pse36 clflush mmx fxsr sse sse2 syscall nx mmxext fxsr_opt pdpe1gb lm 3dnowext 3dnow rep_good nopl extd_apicid pni cx16 x2apic popcnt hypervisor lahf_lm cmp_legacy svm cr8_legacy abm sse4a misalignsse 3dnowprefetch osvw npt nrip_save vmmcall
bugs		: tlb_mmatch fxsave_leak
bogomips	: 4800.28
TLB size	: 1024 4K pages
clflush size	: 64
cache_alignment	: 64
address sizes	: 40 bits physical, 48 bits virtual
power management:

processor	: 10
vendor_id	: AuthenticAMD
cpu family	: 16
model		: 9
model name	: AMD Opteron(tm) Processor 6136
stepping	: 1
microcode	: 0x1000065
cpu MHz		: 2400.142
cache size	: 512 KB
physical id	: 10
siblings	: 1
core id		: 0
cpu cores	: 1
apicid		: 10
initial apicid	: 10
fpu		: yes
fpu_exception	: yes
cpuid level	: 5
wp		: yes
flags		: fpu vme de pse tsc msr pae mce cx8 apic sep mtrr pge mca cmov pat pse36 clflush mmx fxsr sse sse2 syscall nx mmxext fxsr_opt pdpe1gb lm 3dnowext 3dnow rep_good nopl extd_apicid pni cx16 x2apic popcnt hypervisor lahf_lm cmp_legacy svm cr8_legacy abm sse4a misalignsse 3dnowprefetch osvw npt nrip_save vmmcall
bugs		: tlb_mmatch fxsave_leak
bogomips	: 4800.28
TLB size	: 1024 4K pages
clflush size	: 64
cache_alignment	: 64
address sizes	: 40 bits physical, 48 bits virtual
power management:

processor	: 11
vendor_id	: AuthenticAMD
cpu family	: 16
model		: 9
model name	: AMD Opteron(tm) Processor 6136
stepping	: 1
microcode	: 0x1000065
cpu MHz		: 2400.142
cache size	: 512 KB
physical id	: 11
siblings	: 1
core id		: 0
cpu cores	: 1
apicid		: 11
initial apicid	: 11
fpu		: yes
fpu_exception	: yes
cpuid level	: 5
wp		: yes
flags		: fpu vme de pse tsc msr pae mce cx8 apic sep mtrr pge mca cmov pat pse36 clflush mmx fxsr sse sse2 syscall nx mmxext fxsr_opt pdpe1gb lm 3dnowext 3dnow rep_good nopl extd_apicid pni cx16 x2apic popcnt hypervisor lahf_lm cmp_legacy svm cr8_legacy abm sse4a misalignsse 3dnowprefetch osvw npt nrip_save vmmcall
bugs		: tlb_mmatch fxsave_leak
bogomips	: 4800.28
TLB size	: 1024 4K pages
clflush size	: 64
cache_alignment	: 64
address sizes	: 40 bits physical, 48 bits virtual
power management:

processor	: 12
vendor_id	: AuthenticAMD
cpu family	: 16
model		: 9
model name	: AMD Opteron(tm) Processor 6136
stepping	: 1
microcode	: 0x1000065
cpu MHz		: 2400.142
cache size	: 512 KB
physical id	: 12
siblings	: 1
core id		: 0
cpu cores	: 1
apicid		: 12
initial apicid	: 12
fpu		: yes
fpu_exception	: yes
cpuid level	: 5
wp		: yes
flags		: fpu vme de pse tsc msr pae mce cx8 apic sep mtrr pge mca cmov pat pse36 clflush mmx fxsr sse sse2 syscall nx mmxext fxsr_opt pdpe1gb lm 3dnowext 3dnow rep_good nopl extd_apicid pni cx16 x2apic popcnt hypervisor lahf_lm cmp_legacy svm cr8_legacy abm sse4a misalignsse 3dnowprefetch osvw npt nrip_save vmmcall
bugs		: tlb_mmatch fxsave_leak
bogomips	: 4800.28
TLB size	: 1024 4K pages
clflush size	: 64
cache_alignment	: 64
address sizes	: 40 bits physical, 48 bits virtual
power management:

processor	: 13
vendor_id	: AuthenticAMD
cpu family	: 16
model		: 9
model name	: AMD Opteron(tm) Processor 6136
stepping	: 1
microcode	: 0x1000065
cpu MHz		: 2400.142
cache size	: 512 KB
physical id	: 13
siblings	: 1
core id		: 0
cpu cores	: 1
apicid		: 13
initial apicid	: 13
fpu		: yes
fpu_exception	: yes
cpuid level	: 5
wp		: yes
flags		: fpu vme de pse tsc msr pae mce cx8 apic sep mtrr pge mca cmov pat pse36 clflush mmx fxsr sse sse2 syscall nx mmxext fxsr_opt pdpe1gb lm 3dnowext 3dnow rep_good nopl extd_apicid pni cx16 x2apic popcnt hypervisor lahf_lm cmp_legacy svm cr8_legacy abm sse4a misalignsse 3dnowprefetch osvw npt nrip_save vmmcall
bugs		: tlb_mmatch fxsave_leak
bogomips	: 4800.28
TLB size	: 1024 4K pages
clflush size	: 64
cache_alignment	: 64
address sizes	: 40 bits physical, 48 bits virtual
power management:

processor	: 14
vendor_id	: AuthenticAMD
cpu family	: 16
model		: 9
model name	: AMD Opteron(tm) Processor 6136
stepping	: 1
microcode	: 0x1000065
cpu MHz		: 2400.142
cache size	: 512 KB
physical id	: 14
siblings	: 1
core id		: 0
cpu cores	: 1
apicid		: 14
initial apicid	: 14
fpu		: yes
fpu_exception	: yes
cpuid level	: 5
wp		: yes
flags		: fpu vme de pse tsc msr pae mce cx8 apic sep mtrr pge mca cmov pat pse36 clflush mmx fxsr sse sse2 syscall nx mmxext fxsr_opt pdpe1gb lm 3dnowext 3dnow rep_good nopl extd_apicid pni cx16 x2apic popcnt hypervisor lahf_lm cmp_legacy svm cr8_legacy abm sse4a misalignsse 3dnowprefetch osvw npt nrip_save vmmcall
bugs		: tlb_mmatch fxsave_leak
bogomips	: 4800.28
TLB size	: 1024 4K pages
clflush size	: 64
cache_alignment	: 64
address sizes	: 40 bits physical, 48 bits virtual
power management:

processor	: 15
vendor_id	: AuthenticAMD
cpu family	: 16
model		: 9
model name	: AMD Opteron(tm) Processor 6136
stepping	: 1
microcode	: 0x1000065
cpu MHz		: 2400.142
cache size	: 512 KB
physical id	: 15
siblings	: 1
core id		: 0
cpu cores	: 1
apicid		: 15
initial apicid	: 15
fpu		: yes
fpu_exception	: yes
cpuid level	: 5
wp		: yes
flags		: fpu vme de pse tsc msr pae mce cx8 apic sep mtrr pge mca cmov pat pse36 clflush mmx fxsr sse sse2 syscall nx mmxext fxsr_opt pdpe1gb lm 3dnowext 3dnow rep_good nopl extd_apicid pni cx16 x2apic popcnt hypervisor lahf_lm cmp_legacy svm cr8_legacy abm sse4a misalignsse 3dnowprefetch osvw npt nrip_save vmmcall
bugs		: tlb_mmatch fxsave_leak
bogomips	: 4800.28
TLB size	: 1024 4K pages
clflush size	: 64
cache_alignment	: 64
address sizes	: 40 bits physical, 48 bits virtual
power management:

processor	: 16
vendor_id	: AuthenticAMD
cpu family	: 16
model		: 9
model name	: AMD Opteron(tm) Processor 6136
stepping	: 1
microcode	: 0x1000065
cpu MHz		: 2400.142
cache size	: 512 KB
physical id	: 16
siblings	: 1
core id		: 0
cpu cores	: 1
apicid		: 16
initial apicid	: 16
fpu		: yes
fpu_exception	: yes
cpuid level	: 5
wp		: yes
flags		: fpu vme de pse tsc msr pae mce cx8 apic sep mtrr pge mca cmov pat pse36 clflush mmx fxsr sse sse2 syscall nx mmxext fxsr_opt pdpe1gb lm 3dnowext 3dnow rep_good nopl extd_apicid pni cx16 x2apic popcnt hypervisor lahf_lm cmp_legacy svm cr8_legacy abm sse4a misalignsse 3dnowprefetch osvw npt nrip_save vmmcall
bugs		: tlb_mmatch fxsave_leak
bogomips	: 4800.28
TLB size	: 1024 4K pages
clflush size	: 64
cache_alignment	: 64
address sizes	: 40 bits physical, 48 bits virtual
power management:

processor	: 17
vendor_id	: AuthenticAMD
cpu family	: 16
model		: 9
model name	: AMD Opteron(tm) Processor 6136
stepping	: 1
microcode	: 0x1000065
cpu MHz		: 2400.142
cache size	: 512 KB
physical id	: 17
siblings	: 1
core id		: 0
cpu cores	: 1
apicid		: 17
initial apicid	: 17
fpu		: yes
fpu_exception	: yes
cpuid level	: 5
wp		: yes
flags		: fpu vme de pse tsc msr pae mce cx8 apic sep mtrr pge mca cmov pat pse36 clflush mmx fxsr sse sse2 syscall nx mmxext fxsr_opt pdpe1gb lm 3dnowext 3dnow rep_good nopl extd_apicid pni cx16 x2apic popcnt hypervisor lahf_lm cmp_legacy svm cr8_legacy abm sse4a misalignsse 3dnowprefetch osvw npt nrip_save vmmcall
bugs		: tlb_mmatch fxsave_leak
bogomips	: 4800.28
TLB size	: 1024 4K pages
clflush size	: 64
cache_alignment	: 64
address sizes	: 40 bits physical, 48 bits virtual
power management:

processor	: 18
vendor_id	: AuthenticAMD
cpu family	: 16
model		: 9
model name	: AMD Opteron(tm) Processor 6136
stepping	: 1
microcode	: 0x1000065
cpu MHz		: 2400.142
cache size	: 512 KB
physical id	: 18
siblings	: 1
core id		: 0
cpu cores	: 1
apicid		: 18
initial apicid	: 18
fpu		: yes
fpu_exception	: yes
cpuid level	: 5
wp		: yes
flags		: fpu vme de pse tsc msr pae mce cx8 apic sep mtrr pge mca cmov pat pse36 clflush mmx fxsr sse sse2 syscall nx mmxext fxsr_opt pdpe1gb lm 3dnowext 3dnow rep_good nopl extd_apicid pni cx16 x2apic popcnt hypervisor lahf_lm cmp_legacy svm cr8_legacy abm sse4a misalignsse 3dnowprefetch osvw npt nrip_save vmmcall
bugs		: tlb_mmatch fxsave_leak
bogomips	: 4800.28
TLB size	: 1024 4K pages
clflush size	: 64
cache_alignment	: 64
address sizes	: 40 bits physical, 48 bits virtual
power management:

processor	: 19
vendor_id	: AuthenticAMD
cpu family	: 16
model		: 9
model name	: AMD Opteron(tm) Processor 6136
stepping	: 1
microcode	: 0x1000065
cpu MHz		: 2400.142
cache size	: 512 KB
physical id	: 19
siblings	: 1
core id		: 0
cpu cores	: 1
apicid		: 19
initial apicid	: 19
fpu		: yes
fpu_exception	: yes
cpuid level	: 5
wp		: yes
flags		: fpu vme de pse tsc msr pae mce cx8 apic sep mtrr pge mca cmov pat pse36 clflush mmx fxsr sse sse2 syscall nx mmxext fxsr_opt pdpe1gb lm 3dnowext 3dnow rep_good nopl extd_apicid pni cx16 x2apic popcnt hypervisor lahf_lm cmp_legacy svm cr8_legacy abm sse4a misalignsse 3dnowprefetch osvw npt nrip_save vmmcall
bugs		: tlb_mmatch fxsave_leak
bogomips	: 4800.28
TLB size	: 1024 4K pages
clflush size	: 64
cache_alignment	: 64
address sizes	: 40 bits physical, 48 bits virtual
power management:

processor	: 20
vendor_id	: AuthenticAMD
cpu family	: 16
model		: 9
model name	: AMD Opteron(tm) Processor 6136
stepping	: 1
microcode	: 0x1000065
cpu MHz		: 2400.142
cache size	: 512 KB
physical id	: 20
siblings	: 1
core id		: 0
cpu cores	: 1
apicid		: 20
initial apicid	: 20
fpu		: yes
fpu_exception	: yes
cpuid level	: 5
wp		: yes
flags		: fpu vme de pse tsc msr pae mce cx8 apic sep mtrr pge mca cmov pat pse36 clflush mmx fxsr sse sse2 syscall nx mmxext fxsr_opt pdpe1gb lm 3dnowext 3dnow rep_good nopl extd_apicid pni cx16 x2apic popcnt hypervisor lahf_lm cmp_legacy svm cr8_legacy abm sse4a misalignsse 3dnowprefetch osvw npt nrip_save vmmcall
bugs		: tlb_mmatch fxsave_leak
bogomips	: 4800.28
TLB size	: 1024 4K pages
clflush size	: 64
cache_alignment	: 64
address sizes	: 40 bits physical, 48 bits virtual
power management:

processor	: 21
vendor_id	: AuthenticAMD
cpu family	: 16
model		: 9
model name	: AMD Opteron(tm) Processor 6136
stepping	: 1
microcode	: 0x1000065
cpu MHz		: 2400.142
cache size	: 512 KB
physical id	: 21
siblings	: 1
core id		: 0
cpu cores	: 1
apicid		: 21
initial apicid	: 21
fpu		: yes
fpu_exception	: yes
cpuid level	: 5
wp		: yes
flags		: fpu vme de pse tsc msr pae mce cx8 apic sep mtrr pge mca cmov pat pse36 clflush mmx fxsr sse sse2 syscall nx mmxext fxsr_opt pdpe1gb lm 3dnowext 3dnow rep_good nopl extd_apicid pni cx16 x2apic popcnt hypervisor lahf_lm cmp_legacy svm cr8_legacy abm sse4a misalignsse 3dnowprefetch osvw npt nrip_save vmmcall
bugs		: tlb_mmatch fxsave_leak
bogomips	: 4800.28
TLB size	: 1024 4K pages
clflush size	: 64
cache_alignment	: 64
address sizes	: 40 bits physical, 48 bits virtual
power management:

processor	: 22
vendor_id	: AuthenticAMD
cpu family	: 16
model		: 9
model name	: AMD Opteron(tm) Processor 6136
stepping	: 1
microcode	: 0x1000065
cpu MHz		: 2400.142
cache size	: 512 KB
physical id	: 22
siblings	: 1
core id		: 0
cpu cores	: 1
apicid		: 22
initial apicid	: 22
fpu		: yes
fpu_exception	: yes
cpuid level	: 5
wp		: yes
flags		: fpu vme de pse tsc msr pae mce cx8 apic sep mtrr pge mca cmov pat pse36 clflush mmx fxsr sse sse2 syscall nx mmxext fxsr_opt pdpe1gb lm 3dnowext 3dnow rep_good nopl extd_apicid pni cx16 x2apic popcnt hypervisor lahf_lm cmp_legacy svm cr8_legacy abm sse4a misalignsse 3dnowprefetch osvw npt nrip_save vmmcall
bugs		: tlb_mmatch fxsave_leak
bogomips	: 4800.28
TLB size	: 1024 4K pages
clflush size	: 64
cache_alignment	: 64
address sizes	: 40 bits physical, 48 bits virtual
power management:

processor	: 23
vendor_id	: AuthenticAMD
cpu family	: 16
model		: 9
model name	: AMD Opteron(tm) Processor 6136
stepping	: 1
microcode	: 0x1000065
cpu MHz		: 2400.142
cache size	: 512 KB
physical id	: 23
siblings	: 1
core id		: 0
cpu cores	: 1
apicid		: 23
initial apicid	: 23
fpu		: yes
fpu_exception	: yes
cpuid level	: 5
wp		: yes
flags		: fpu vme de pse tsc msr pae mce cx8 apic sep mtrr pge mca cmov pat pse36 clflush mmx fxsr sse sse2 syscall nx mmxext fxsr_opt pdpe1gb lm 3dnowext 3dnow rep_good nopl extd_apicid pni cx16 x2apic popcnt hypervisor lahf_lm cmp_legacy svm cr8_legacy abm sse4a misalignsse 3dnowprefetch osvw npt nrip_save vmmcall
bugs		: tlb_mmatch fxsave_leak
bogomips	: 4800.28
TLB size	: 1024 4K pages
clflush size	: 64
cache_alignment	: 64
address sizes	: 40 bits physical, 48 bits virtual
power management:



Memory: 4k page, physical 90751124k(4850712k free), swap 0k(0k free)

vm_info: Java HotSpot(TM) 64-Bit Server VM (25.45-b02) for linux-amd64 JRE (1.8.0_45-b14), built on Apr 10 2015 10:07:45 by "java_re" with gcc 4.3.0 20080428 (Red Hat 4.3.0-8)

time: Mon Jan 25 01:33:01 2016
elapsed time: 366 seconds (0d 0h 6m 6s)

