#
# There is insufficient memory for the Java Runtime Environment to continue.
# Native memory allocation (mmap) failed to map 112197632 bytes for committing reserved memory.
# Possible reasons:
#   The system is out of physical RAM or swap space
#   In 32 bit mode, the process size limit was hit
# Possible solutions:
#   Reduce memory load on the system
#   Increase physical memory or swap space
#   Check if swap backing store is full
#   Use 64 bit Java on a 64 bit OS
#   Decrease Java heap size (-Xmx/-Xms)
#   Decrease number of Java threads
#   Decrease Java thread stack sizes (-Xss)
#   Set larger code cache with -XX:ReservedCodeCacheSize=
# This output file may be truncated or incomplete.
#
#  Out of Memory Error (os_linux.cpp:2673), pid=31601, tid=139725524317952
#
# JRE version: Java(TM) SE Runtime Environment (8.0_45-b14) (build 1.8.0_45-b14)
# Java VM: Java HotSpot(TM) 64-Bit Server VM (25.45-b02 mixed mode linux-amd64 compressed oops)
# Failed to write core dump. Core dumps have been disabled. To enable core dumping, try "ulimit -c unlimited" before starting Java again
#

---------------  T H R E A D  ---------------

Current thread (0x00007f14bc31c000):  VMThread [stack: 0x00007f14622e3000,0x00007f14623e4000] [id=31995]

Stack: [0x00007f14622e3000,0x00007f14623e4000],  sp=0x00007f14623e2160,  free space=1020k
Native frames: (J=compiled Java code, j=interpreted, Vv=VM code, C=native code)
V  [libjvm.so+0xaac99a]  VMError::report_and_die()+0x2ba
V  [libjvm.so+0x4f333b]  report_vm_out_of_memory(char const*, int, unsigned long, VMErrorType, char const*)+0x8b
V  [libjvm.so+0x90e7c3]  os::Linux::commit_memory_impl(char*, unsigned long, bool)+0x103
V  [libjvm.so+0x90ed19]  os::pd_commit_memory(char*, unsigned long, unsigned long, bool)+0x29
V  [libjvm.so+0x90867a]  os::commit_memory(char*, unsigned long, unsigned long, bool)+0x2a
V  [libjvm.so+0x97bac3]  PSVirtualSpace::expand_by(unsigned long)+0x53
V  [libjvm.so+0x97cec8]  PSYoungGen::resize_generation(unsigned long, unsigned long)+0xf8
V  [libjvm.so+0x97c022]  PSYoungGen::resize(unsigned long, unsigned long)+0x22
V  [libjvm.so+0x9792fb]  PSScavenge::invoke_no_policy()+0xf7b
V  [libjvm.so+0x979a81]  PSScavenge::invoke()+0x41
V  [libjvm.so+0x932050]  ParallelScavengeHeap::failed_mem_allocate(unsigned long)+0x70
V  [libjvm.so+0xaae1d7]  VM_ParallelGCFailedAllocation::doit()+0x97
V  [libjvm.so+0xab59c5]  VM_Operation::evaluate()+0x55
V  [libjvm.so+0xab3d9a]  VMThread::evaluate_operation(VM_Operation*)+0xba
V  [libjvm.so+0xab411e]  VMThread::loop()+0x1ce
V  [libjvm.so+0xab4590]  VMThread::run()+0x70
V  [libjvm.so+0x910de8]  java_start(Thread*)+0x108

VM_Operation (0x00007f1460b0b230): ParallelGCFailedAllocation, mode: safepoint, requested by thread 0x00007f14bc439800


---------------  P R O C E S S  ---------------

Java Threads: ( => current thread )
  0x00007f14bc439800 JavaThread "pool-1-thread-1" [_thread_blocked, id=32361, stack(0x00007f1460a0c000,0x00007f1460b0d000)]
  0x00007f14bc377800 JavaThread "Service Thread" daemon [_thread_blocked, id=32324, stack(0x00007f1460d1b000,0x00007f1460e1c000)]
  0x00007f14bc372800 JavaThread "C1 CompilerThread11" daemon [_thread_blocked, id=32317, stack(0x00007f1460e1c000,0x00007f1460f1d000)]
  0x00007f14bc370800 JavaThread "C1 CompilerThread10" daemon [_thread_blocked, id=32301, stack(0x00007f1460f1d000,0x00007f146101e000)]
  0x00007f14bc36e800 JavaThread "C1 CompilerThread9" daemon [_thread_blocked, id=32292, stack(0x00007f146101e000,0x00007f146111f000)]
  0x00007f14bc36d000 JavaThread "C1 CompilerThread8" daemon [_thread_blocked, id=32242, stack(0x00007f146111f000,0x00007f1461220000)]
  0x00007f14bc36b000 JavaThread "C2 CompilerThread7" daemon [_thread_blocked, id=32217, stack(0x00007f1461220000,0x00007f1461321000)]
  0x00007f14bc369000 JavaThread "C2 CompilerThread6" daemon [_thread_blocked, id=32214, stack(0x00007f1461321000,0x00007f1461422000)]
  0x00007f14bc367000 JavaThread "C2 CompilerThread5" daemon [_thread_blocked, id=32211, stack(0x00007f1461422000,0x00007f1461523000)]
  0x00007f14bc365000 JavaThread "C2 CompilerThread4" daemon [_thread_blocked, id=32184, stack(0x00007f1461523000,0x00007f1461624000)]
  0x00007f14bc363800 JavaThread "C2 CompilerThread3" daemon [_thread_blocked, id=32154, stack(0x00007f1461624000,0x00007f1461725000)]
  0x00007f14bc361000 JavaThread "C2 CompilerThread2" daemon [_thread_blocked, id=32123, stack(0x00007f1461725000,0x00007f1461826000)]
  0x00007f14bc35f800 JavaThread "C2 CompilerThread1" daemon [_thread_blocked, id=32096, stack(0x00007f1461826000,0x00007f1461927000)]
  0x00007f14bc35c800 JavaThread "C2 CompilerThread0" daemon [_thread_blocked, id=32092, stack(0x00007f1461927000,0x00007f1461a28000)]
  0x00007f14bc35b000 JavaThread "Signal Dispatcher" daemon [_thread_blocked, id=32088, stack(0x00007f1461a28000,0x00007f1461b29000)]
  0x00007f14bc323000 JavaThread "Finalizer" daemon [_thread_blocked, id=32027, stack(0x00007f14620e1000,0x00007f14621e2000)]
  0x00007f14bc321000 JavaThread "Reference Handler" daemon [_thread_blocked, id=32002, stack(0x00007f14621e2000,0x00007f14622e3000)]
  0x00007f14bc00a800 JavaThread "main" [_thread_blocked, id=31616, stack(0x00007f14c51c5000,0x00007f14c52c6000)]

Other Threads:
=>0x00007f14bc31c000 VMThread [stack: 0x00007f14622e3000,0x00007f14623e4000] [id=31995]
  0x00007f14bc37a800 WatcherThread [stack: 0x00007f1460c1a000,0x00007f1460d1b000] [id=32330]

VM state:at safepoint (normal execution)

VM Mutex/Monitor currently owned by a thread:  ([mutex/lock_event])
[0x00007f14bc006120] Threads_lock - owner thread: 0x00007f14bc31c000
[0x00007f14bc006620] Heap_lock - owner thread: 0x00007f14bc439800

Heap:
 PSYoungGen      total 2259456K, used 73982K [0x00000006f4900000, 0x00000007b9500000, 0x00000007c0000000)
  eden space 1295360K, 0% used [0x00000006f4900000,0x00000006f4900000,0x0000000743a00000)
  from space 964096K, 7% used [0x0000000743a00000,0x000000074823faf8,0x000000077e780000)
  to   space 947200K, 0% used [0x000000077f800000,0x000000077f800000,0x00000007b9500000)
 ParOldGen       total 4023808K, used 2743698K [0x000000055da00000, 0x0000000653380000, 0x00000006f4900000)
  object space 4023808K, 68% used [0x000000055da00000,0x0000000605164800,0x0000000653380000)
 Metaspace       used 5300K, capacity 5540K, committed 5888K, reserved 1056768K
  class space    used 582K, capacity 672K, committed 768K, reserved 1048576K

Card table byte_map: [0x00007f14c0aa0000,0x00007f14c1db4000] byte_map_base: 0x00007f14bdfb3000

Marking Bits: (ParMarkBitMap*) 0x00007f14c46be760
 Begin Bits: [0x00007f1448ed0000, 0x00007f1452768000)
 End Bits:   [0x00007f1452768000, 0x00007f145c000000)

Polling page: 0x00007f14c5305000

CodeCache: size=245760Kb used=4979Kb max_used=5330Kb free=240780Kb
 bounds [0x00007f14ad000000, 0x00007f14ad540000, 0x00007f14bc000000]
 total_blobs=1074 nmethods=778 adapters=209
 compilation: enabled

Compilation events (10 events):
Event: 4839,306 Thread 0x00007f14bc36e800  918   !   3       java.io.PrintStream::close (65 bytes)
Event: 4840,710 Thread 0x00007f14bc370800  919  s    3       java.io.BufferedOutputStream::write (67 bytes)
Event: 4967,750 Thread 0x00007f14bc36e800 nmethod 918 0x00007f14ad391590 code [0x00007f14ad391720, 0x00007f14ad391bf8]
Event: 4976,435 Thread 0x00007f14bc36d000 nmethod 917 0x00007f14ad399c50 code [0x00007f14ad399e00, 0x00007f14ad39a438]
Event: 5000,034 Thread 0x00007f14bc370800 nmethod 919 0x00007f14ad32c590 code [0x00007f14ad32c760, 0x00007f14ad32cfb8]
Event: 5153,046 Thread 0x00007f14bc36d000  920   !   3       java.io.FileOutputStream::close (62 bytes)
Event: 5322,245 Thread 0x00007f14bc36d000 nmethod 920 0x00007f14ad419650 code [0x00007f14ad419800, 0x00007f14ad419e98]
Event: 5329,097 Thread 0x00007f14bc361000  921 %     4       java.util.Collections::shuffle @ 21 (127 bytes)
Event: 5349,159 Thread 0x00007f14bc36d000  922       3       java.lang.ThreadLocal$ThreadLocalMap::getEntry (42 bytes)
Event: 5394,977 Thread 0x00007f14bc35c800  923       4       org.uma.jmetal.core.SolutionSet::union (105 bytes)

GC Heap History (10 events):
Event: 4446,746 GC heap after
Heap after GC invocations=153 (full 8):
 PSYoungGen      total 2195456K, used 240938K [0x00000006f4900000, 0x00000007be600000, 0x00000007c0000000)
  eden space 1111040K, 0% used [0x00000006f4900000,0x00000006f4900000,0x0000000738600000)
  from space 1084416K, 22% used [0x000000077c300000,0x000000078ae4ab48,0x00000007be600000)
  to   space 1097728K, 0% used [0x0000000738600000,0x0000000738600000,0x000000077b600000)
 ParOldGen       total 4023808K, used 1635764K [0x000000055da00000, 0x0000000653380000, 0x00000006f4900000)
  object space 4023808K, 40% used [0x000000055da00000,0x00000005c176d258,0x0000000653380000)
 Metaspace       used 5294K, capacity 5540K, committed 5888K, reserved 1056768K
  class space    used 582K, capacity 672K, committed 768K, reserved 1048576K
}
Event: 4448,512 GC heap before
{Heap before GC invocations=154 (full 8):
 PSYoungGen      total 2195456K, used 1351978K [0x00000006f4900000, 0x00000007be600000, 0x00000007c0000000)
  eden space 1111040K, 100% used [0x00000006f4900000,0x0000000738600000,0x0000000738600000)
  from space 1084416K, 22% used [0x000000077c300000,0x000000078ae4ab48,0x00000007be600000)
  to   space 1097728K, 0% used [0x0000000738600000,0x0000000738600000,0x000000077b600000)
 ParOldGen       total 4023808K, used 1635764K [0x000000055da00000, 0x0000000653380000, 0x00000006f4900000)
  object space 4023808K, 40% used [0x000000055da00000,0x00000005c176d258,0x0000000653380000)
 Metaspace       used 5294K, capacity 5540K, committed 5888K, reserved 1056768K
  class space    used 582K, capacity 672K, committed 768K, reserved 1048576K
Event: 4449,158 GC heap after
Heap after GC invocations=154 (full 8):
 PSYoungGen      total 2208768K, used 240902K [0x00000006f4900000, 0x00000007bd400000, 0x00000007c0000000)
  eden space 1111040K, 0% used [0x00000006f4900000,0x00000006f4900000,0x0000000738600000)
  from space 1097728K, 21% used [0x0000000738600000,0x00000007471418d0,0x000000077b600000)
  to   space 1068544K, 0% used [0x000000077c080000,0x000000077c080000,0x00000007bd400000)
 ParOldGen       total 4023808K, used 1877018K [0x000000055da00000, 0x0000000653380000, 0x00000006f4900000)
  object space 4023808K, 46% used [0x000000055da00000,0x00000005d0306b28,0x0000000653380000)
 Metaspace       used 5294K, capacity 5540K, committed 5888K, reserved 1056768K
  class space    used 582K, capacity 672K, committed 768K, reserved 1048576K
}
Event: 4452,699 GC heap before
{Heap before GC invocations=155 (full 8):
 PSYoungGen      total 2208768K, used 1351942K [0x00000006f4900000, 0x00000007bd400000, 0x00000007c0000000)
  eden space 1111040K, 100% used [0x00000006f4900000,0x0000000738600000,0x0000000738600000)
  from space 1097728K, 21% used [0x0000000738600000,0x00000007471418d0,0x000000077b600000)
  to   space 1068544K, 0% used [0x000000077c080000,0x000000077c080000,0x00000007bd400000)
 ParOldGen       total 4023808K, used 1877018K [0x000000055da00000, 0x0000000653380000, 0x00000006f4900000)
  object space 4023808K, 46% used [0x000000055da00000,0x00000005d0306b28,0x0000000653380000)
 Metaspace       used 5294K, capacity 5540K, committed 5888K, reserved 1056768K
  class space    used 582K, capacity 672K, committed 768K, reserved 1048576K
Event: 4453,503 GC heap after
Heap after GC invocations=155 (full 8):
 PSYoungGen      total 2187776K, used 240870K [0x00000006f4900000, 0x00000007ba580000, 0x00000007c0000000)
  eden space 1166848K, 0% used [0x00000006f4900000,0x00000006f4900000,0x000000073bc80000)
  from space 1020928K, 23% used [0x000000077c080000,0x000000078abb98d0,0x00000007ba580000)
  to   space 1036800K, 0% used [0x000000073bc80000,0x000000073bc80000,0x000000077b100000)
 ParOldGen       total 4023808K, used 2118276K [0x000000055da00000, 0x0000000653380000, 0x00000006f4900000)
  object space 4023808K, 52% used [0x000000055da00000,0x00000005deea1180,0x0000000653380000)
 Metaspace       used 5294K, capacity 5540K, committed 5888K, reserved 1056768K
  class space    used 582K, capacity 672K, committed 768K, reserved 1048576K
}
Event: 4456,561 GC heap before
{Heap before GC invocations=156 (full 8):
 PSYoungGen      total 2187776K, used 1407718K [0x00000006f4900000, 0x00000007ba580000, 0x00000007c0000000)
  eden space 1166848K, 100% used [0x00000006f4900000,0x000000073bc80000,0x000000073bc80000)
  from space 1020928K, 23% used [0x000000077c080000,0x000000078abb98d0,0x00000007ba580000)
  to   space 1036800K, 0% used [0x000000073bc80000,0x000000073bc80000,0x000000077b100000)
 ParOldGen       total 4023808K, used 2118276K [0x000000055da00000, 0x0000000653380000, 0x00000006f4900000)
  object space 4023808K, 52% used [0x000000055da00000,0x00000005deea1180,0x0000000653380000)
 Metaspace       used 5294K, capacity 5540K, committed 5888K, reserved 1056768K
  class space    used 582K, capacity 672K, committed 768K, reserved 1048576K
Event: 4456,933 GC heap after
Heap after GC invocations=156 (full 8):
 PSYoungGen      total 2203648K, used 253052K [0x00000006f4900000, 0x00000007bc980000, 0x00000007c0000000)
  eden space 1166848K, 0% used [0x00000006f4900000,0x00000006f4900000,0x000000073bc80000)
  from space 1036800K, 24% used [0x000000073bc80000,0x000000074b39f190,0x000000077b100000)
  to   space 1000960K, 0% used [0x000000077f800000,0x000000077f800000,0x00000007bc980000)
 ParOldGen       total 4023808K, used 2359517K [0x000000055da00000, 0x0000000653380000, 0x00000006f4900000)
  object space 4023808K, 58% used [0x000000055da00000,0x00000005eda377d8,0x0000000653380000)
 Metaspace       used 5294K, capacity 5540K, committed 5888K, reserved 1056768K
  class space    used 582K, capacity 672K, committed 768K, reserved 1048576K
}
Event: 4459,633 GC heap before
{Heap before GC invocations=157 (full 8):
 PSYoungGen      total 2203648K, used 1419900K [0x00000006f4900000, 0x00000007bc980000, 0x00000007c0000000)
  eden space 1166848K, 100% used [0x00000006f4900000,0x000000073bc80000,0x000000073bc80000)
  from space 1036800K, 24% used [0x000000073bc80000,0x000000074b39f190,0x000000077b100000)
  to   space 1000960K, 0% used [0x000000077f800000,0x000000077f800000,0x00000007bc980000)
 ParOldGen       total 4023808K, used 2359517K [0x000000055da00000, 0x0000000653380000, 0x00000006f4900000)
  object space 4023808K, 58% used [0x000000055da00000,0x00000005eda377d8,0x0000000653380000)
 Metaspace       used 5294K, capacity 5540K, committed 5888K, reserved 1056768K
  class space    used 582K, capacity 672K, committed 768K, reserved 1048576K
Event: 4459,989 GC heap after
Heap after GC invocations=157 (full 8):
 PSYoungGen      total 2242560K, used 253018K [0x00000006f4900000, 0x00000007b9500000, 0x00000007c0000000)
  eden space 1295360K, 0% used [0x00000006f4900000,0x00000006f4900000,0x0000000743a00000)
  from space 947200K, 26% used [0x000000077f800000,0x000000078ef16b90,0x00000007b9500000)
  to   space 964096K, 0% used [0x0000000743a00000,0x0000000743a00000,0x000000077e780000)
 ParOldGen       total 4023808K, used 2612897K [0x000000055da00000, 0x0000000653380000, 0x00000006f4900000)
  object space 4023808K, 64% used [0x000000055da00000,0x00000005fd1a87c0,0x0000000653380000)
 Metaspace       used 5294K, capacity 5540K, committed 5888K, reserved 1056768K
  class space    used 582K, capacity 672K, committed 768K, reserved 1048576K
}
Event: 5416,862 GC heap before
{Heap before GC invocations=158 (full 8):
 PSYoungGen      total 2242560K, used 1548378K [0x00000006f4900000, 0x00000007b9500000, 0x00000007c0000000)
  eden space 1295360K, 100% used [0x00000006f4900000,0x0000000743a00000,0x0000000743a00000)
  from space 947200K, 26% used [0x000000077f800000,0x000000078ef16b90,0x00000007b9500000)
  to   space 964096K, 0% used [0x0000000743a00000,0x0000000743a00000,0x000000077e780000)
 ParOldGen       total 4023808K, used 2612897K [0x000000055da00000, 0x0000000653380000, 0x00000006f4900000)
  object space 4023808K, 64% used [0x000000055da00000,0x00000005fd1a87c0,0x0000000653380000)
 Metaspace       used 5300K, capacity 5540K, committed 5888K, reserved 1056768K
  class space    used 582K, capacity 672K, committed 768K, reserved 1048576K

Deoptimization events (10 events):
Event: 213,132 Thread 0x00007f14bc439800 Uncommon trap: reason=unstable_if action=reinterpret pc=0x00007f14ad436a98 method=edu.ufpr.cbio.psp.problem.domain.TopologyContact.equals(Ljava/lang/Object;)Z @ 72
Event: 213,132 Thread 0x00007f14bc439800 Uncommon trap: reason=unstable_if action=reinterpret pc=0x00007f14ad42305c method=java.util.HashMap.putVal(ILjava/lang/Object;Ljava/lang/Object;ZZ)Ljava/lang/Object; @ 206
Event: 279,359 Thread 0x00007f14bc439800 Uncommon trap: reason=unstable_if action=reinterpret pc=0x00007f14ad436024 method=java.util.HashMap.putVal(ILjava/lang/Object;Ljava/lang/Object;ZZ)Ljava/lang/Object; @ 94
Event: 318,645 Thread 0x00007f14bc439800 Uncommon trap: reason=predicate action=maybe_recompile pc=0x00007f14ad3a4bb8 method=java.util.ArrayList.indexOf(Ljava/lang/Object;)I @ 44
Event: 318,645 Thread 0x00007f14bc439800 Uncommon trap: reason=predicate action=maybe_recompile pc=0x00007f14ad319a1c method=java.util.ArrayList.indexOf(Ljava/lang/Object;)I @ 44
Event: 318,645 Thread 0x00007f14bc439800 Uncommon trap: reason=unstable_if action=reinterpret pc=0x00007f14ad45bb20 method=edu.ufpr.cbio.psp.problem.PSPProblem.evaluate(Lorg/uma/jmetal/core/Solution;)V @ 330
Event: 581,534 Thread 0x00007f14bc439800 Uncommon trap: reason=unstable_if action=reinterpret pc=0x00007f14ad4e2c18 method=edu.ufpr.cbio.psp.algorithms.hyperheuristic.IBEAHyperHeuristic.removeWorst(Lorg/uma/jmetal/core/SolutionSet;)V @ 40
Event: 1569,396 Thread 0x00007f14bc439800 Uncommon trap: reason=unstable_if action=reinterpret pc=0x00007f14ad516508 method=edu.ufpr.cbio.psp.algorithms.hyperheuristic.IBEAHyperHeuristic.computeIndicatorValuesHD(Lorg/uma/jmetal/core/SolutionSet;[D[D)V @ 27
Event: 2559,972 Thread 0x00007f14bc439800 Uncommon trap: reason=unstable_if action=reinterpret pc=0x00007f14ad472bf4 method=edu.ufpr.cbio.psp.algorithms.hyperheuristic.IBEAHyperHeuristic.computeIndicatorValuesHD(Lorg/uma/jmetal/core/SolutionSet;[D[D)V @ 196
Event: 3483,709 Thread 0x00007f14bc439800 Uncommon trap: reason=unstable_if action=reinterpret pc=0x00007f14ad4d1370 method=java.util.Random.nextInt(I)I @ 58

Internal exceptions (8 events):
Event: 0,074 Thread 0x00007f14bc00a800 Exception <a 'java/lang/NoSuchMethodError': Method sun.misc.Unsafe.defineClass(Ljava/lang/String;[BII)Ljava/lang/Class; name or signature does not match> (0x00000006f4912a30) thrown at [/RE-WORK/workspace/8-2-build-linux-amd64/jdk8u45/3457/hotspot/src/sha
Event: 0,074 Thread 0x00007f14bc00a800 Exception <a 'java/lang/NoSuchMethodError': Method sun.misc.Unsafe.prefetchRead(Ljava/lang/Object;J)V name or signature does not match> (0x00000006f4912cc0) thrown at [/RE-WORK/workspace/8-2-build-linux-amd64/jdk8u45/3457/hotspot/src/share/vm/prims/jni.cp
Event: 0,296 Thread 0x00007f14bc00a800 Exception <a 'java/security/PrivilegedActionException'> (0x00000006f49d3988) thrown at [/RE-WORK/workspace/8-2-build-linux-amd64/jdk8u45/3457/hotspot/src/share/vm/prims/jvm.cpp, line 1382]
Event: 0,296 Thread 0x00007f14bc00a800 Exception <a 'java/security/PrivilegedActionException'> (0x00000006f49d3b40) thrown at [/RE-WORK/workspace/8-2-build-linux-amd64/jdk8u45/3457/hotspot/src/share/vm/prims/jvm.cpp, line 1382]
Event: 0,297 Thread 0x00007f14bc00a800 Exception <a 'java/security/PrivilegedActionException'> (0x00000006f49d63d8) thrown at [/RE-WORK/workspace/8-2-build-linux-amd64/jdk8u45/3457/hotspot/src/share/vm/prims/jvm.cpp, line 1382]
Event: 0,297 Thread 0x00007f14bc00a800 Exception <a 'java/security/PrivilegedActionException'> (0x00000006f49d6590) thrown at [/RE-WORK/workspace/8-2-build-linux-amd64/jdk8u45/3457/hotspot/src/share/vm/prims/jvm.cpp, line 1382]
Event: 2,479 Thread 0x00007f14bc439800 Exception <a 'java/lang/NoSuchFieldError': method resolution failed> (0x00000006fb52ba48) thrown at [/RE-WORK/workspace/8-2-build-linux-amd64/jdk8u45/3457/hotspot/src/share/vm/prims/methodHandles.cpp, line 1125]
Event: 2,494 Thread 0x00007f14bc439800 Exception <a 'java/lang/NoSuchFieldError': method resolution failed> (0x00000006fb53a0d8) thrown at [/RE-WORK/workspace/8-2-build-linux-amd64/jdk8u45/3457/hotspot/src/share/vm/prims/methodHandles.cpp, line 1125]

Events (10 events):
Event: 5001,928 Thread 0x00007f14bc36e800 flushing nmethod 0x00007f14ad447710
Event: 5001,928 Thread 0x00007f14bc36e800 flushing nmethod 0x00007f14ad450650
Event: 5001,928 Thread 0x00007f14bc36e800 flushing nmethod 0x00007f14ad453310
Event: 5001,928 Thread 0x00007f14bc36e800 flushing nmethod 0x00007f14ad453650
Event: 5001,928 Thread 0x00007f14bc36e800 flushing nmethod 0x00007f14ad45f690
Event: 5001,928 Thread 0x00007f14bc36e800 flushing nmethod 0x00007f14ad45fc10
Event: 5001,928 Thread 0x00007f14bc36e800 flushing nmethod 0x00007f14ad460150
Event: 5001,928 Thread 0x00007f14bc36e800 flushing nmethod 0x00007f14ad460890
Event: 5324,022 Thread 0x00007f14bc36d000 flushing nmethod 0x00007f14ad467c90
Event: 5410,945 Executing VM operation: ParallelGCFailedAllocation


Dynamic libraries:
00400000-00401000 r-xp 00000000 00:2c 34522951                           /home/ppginf/vdfontoura/jdk1.8.0_45/bin/java
00600000-00601000 rw-p 00000000 00:2c 34522951                           /home/ppginf/vdfontoura/jdk1.8.0_45/bin/java
013ec000-0140d000 rw-p 00000000 00:00 0                                  [heap]
55da00000-653380000 rw-p 00000000 00:00 0 
653380000-6f4900000 ---p 00000000 00:00 0 
6f4900000-7b9500000 rw-p 00000000 00:00 0 
7c0000000-7c00c0000 rw-p 00000000 00:00 0 
7c00c0000-800000000 ---p 00000000 00:00 0 
7f13fc000000-7f13fc021000 rw-p 00000000 00:00 0 
7f13fc021000-7f1400000000 ---p 00000000 00:00 0 
7f1400000000-7f1400290000 rw-p 00000000 00:00 0 
7f1400290000-7f1404000000 ---p 00000000 00:00 0 
7f1404000000-7f1404077000 rw-p 00000000 00:00 0 
7f1404077000-7f1408000000 ---p 00000000 00:00 0 
7f1408000000-7f1408021000 rw-p 00000000 00:00 0 
7f1408021000-7f140c000000 ---p 00000000 00:00 0 
7f140c000000-7f140c075000 rw-p 00000000 00:00 0 
7f140c075000-7f1410000000 ---p 00000000 00:00 0 
7f1410000000-7f1410134000 rw-p 00000000 00:00 0 
7f1410134000-7f1414000000 ---p 00000000 00:00 0 
7f1414000000-7f141430d000 rw-p 00000000 00:00 0 
7f141430d000-7f1418000000 ---p 00000000 00:00 0 
7f1418000000-7f1418100000 rw-p 00000000 00:00 0 
7f1418100000-7f141c000000 ---p 00000000 00:00 0 
7f141c000000-7f141c3cf000 rw-p 00000000 00:00 0 
7f141c3cf000-7f1420000000 ---p 00000000 00:00 0 
7f1420000000-7f142046e000 rw-p 00000000 00:00 0 
7f142046e000-7f1424000000 ---p 00000000 00:00 0 
7f1424000000-7f14245f0000 rw-p 00000000 00:00 0 
7f14245f0000-7f1428000000 ---p 00000000 00:00 0 
7f1428000000-7f142852c000 rw-p 00000000 00:00 0 
7f142852c000-7f142c000000 ---p 00000000 00:00 0 
7f142c000000-7f142c516000 rw-p 00000000 00:00 0 
7f142c516000-7f1430000000 ---p 00000000 00:00 0 
7f1430000000-7f14304f5000 rw-p 00000000 00:00 0 
7f14304f5000-7f1434000000 ---p 00000000 00:00 0 
7f1434000000-7f1434021000 rw-p 00000000 00:00 0 
7f1434021000-7f1438000000 ---p 00000000 00:00 0 
7f1438000000-7f1438991000 rw-p 00000000 00:00 0 
7f1438991000-7f143c000000 ---p 00000000 00:00 0 
7f143c000000-7f143c021000 rw-p 00000000 00:00 0 
7f143c021000-7f1440000000 ---p 00000000 00:00 0 
7f1440000000-7f1440021000 rw-p 00000000 00:00 0 
7f1440021000-7f1444000000 ---p 00000000 00:00 0 
7f1444000000-7f1444294000 rw-p 00000000 00:00 0 
7f1444294000-7f1448000000 ---p 00000000 00:00 0 
7f1448ed0000-7f145c000000 rw-p 00000000 00:00 0 
7f145c000000-7f145c021000 rw-p 00000000 00:00 0 
7f145c021000-7f1460000000 ---p 00000000 00:00 0 
7f146090c000-7f1460a0c000 rw-p 00000000 00:00 0 
7f1460a0c000-7f1460a0f000 ---p 00000000 00:00 0 
7f1460a0f000-7f1460b0d000 rw-p 00000000 00:00 0                          [stack:32361]
7f1460b0d000-7f1460c1a000 r--s 010c9000 00:2c 55319431                   /home/ppginf/vdfontoura/psp-2D/chapter_approach/target/IBEAHH.jar
7f1460c1a000-7f1460c1b000 ---p 00000000 00:00 0 
7f1460c1b000-7f1460d1b000 rw-p 00000000 00:00 0                          [stack:32330]
7f1460d1b000-7f1460d1e000 ---p 00000000 00:00 0 
7f1460d1e000-7f1460e1c000 rw-p 00000000 00:00 0                          [stack:32324]
7f1460e1c000-7f1460e1f000 ---p 00000000 00:00 0 
7f1460e1f000-7f1460f1d000 rw-p 00000000 00:00 0                          [stack:32317]
7f1460f1d000-7f1460f20000 ---p 00000000 00:00 0 
7f1460f20000-7f146101e000 rw-p 00000000 00:00 0                          [stack:32301]
7f146101e000-7f1461021000 ---p 00000000 00:00 0 
7f1461021000-7f146111f000 rw-p 00000000 00:00 0                          [stack:32292]
7f146111f000-7f1461122000 ---p 00000000 00:00 0 
7f1461122000-7f1461220000 rw-p 00000000 00:00 0                          [stack:32242]
7f1461220000-7f1461223000 ---p 00000000 00:00 0 
7f1461223000-7f1461321000 rw-p 00000000 00:00 0                          [stack:32217]
7f1461321000-7f1461324000 ---p 00000000 00:00 0 
7f1461324000-7f1461422000 rw-p 00000000 00:00 0                          [stack:32214]
7f1461422000-7f1461425000 ---p 00000000 00:00 0 
7f1461425000-7f1461523000 rw-p 00000000 00:00 0                          [stack:32211]
7f1461523000-7f1461526000 ---p 00000000 00:00 0 
7f1461526000-7f1461624000 rw-p 00000000 00:00 0                          [stack:32184]
7f1461624000-7f1461627000 ---p 00000000 00:00 0 
7f1461627000-7f1461725000 rw-p 00000000 00:00 0                          [stack:32154]
7f1461725000-7f1461728000 ---p 00000000 00:00 0 
7f1461728000-7f1461826000 rw-p 00000000 00:00 0                          [stack:32123]
7f1461826000-7f1461829000 ---p 00000000 00:00 0 
7f1461829000-7f1461927000 rw-p 00000000 00:00 0                          [stack:32096]
7f1461927000-7f146192a000 ---p 00000000 00:00 0 
7f146192a000-7f1461a28000 rw-p 00000000 00:00 0                          [stack:32092]
7f1461a28000-7f1461a2b000 ---p 00000000 00:00 0 
7f1461a2b000-7f1461b29000 rw-p 00000000 00:00 0                          [stack:32088]
7f1461b29000-7f14620e1000 r--p 00000000 00:15 231                        /usr/lib/locale/locale-archive
7f14620e1000-7f14620e4000 ---p 00000000 00:00 0 
7f14620e4000-7f14621e2000 rw-p 00000000 00:00 0                          [stack:32027]
7f14621e2000-7f14621e5000 ---p 00000000 00:00 0 
7f14621e5000-7f14622e3000 rw-p 00000000 00:00 0                          [stack:32002]
7f14622e3000-7f14622e4000 ---p 00000000 00:00 0 
7f14622e4000-7f1464000000 rw-p 00000000 00:00 0                          [stack:31995]
7f1464000000-7f1464021000 rw-p 00000000 00:00 0 
7f1464021000-7f1468000000 ---p 00000000 00:00 0 
7f1468000000-7f1468021000 rw-p 00000000 00:00 0 
7f1468021000-7f146c000000 ---p 00000000 00:00 0 
7f146c000000-7f146c021000 rw-p 00000000 00:00 0 
7f146c021000-7f1470000000 ---p 00000000 00:00 0 
7f1470000000-7f1470021000 rw-p 00000000 00:00 0 
7f1470021000-7f1474000000 ---p 00000000 00:00 0 
7f1474000000-7f1474261000 rw-p 00000000 00:00 0 
7f1474261000-7f1478000000 ---p 00000000 00:00 0 
7f1478000000-7f1478021000 rw-p 00000000 00:00 0 
7f1478021000-7f147c000000 ---p 00000000 00:00 0 
7f147c000000-7f147c021000 rw-p 00000000 00:00 0 
7f147c021000-7f1480000000 ---p 00000000 00:00 0 
7f1480000000-7f1480021000 rw-p 00000000 00:00 0 
7f1480021000-7f1484000000 ---p 00000000 00:00 0 
7f1484000000-7f14841ab000 rw-p 00000000 00:00 0 
7f14841ab000-7f1488000000 ---p 00000000 00:00 0 
7f1488000000-7f1488021000 rw-p 00000000 00:00 0 
7f1488021000-7f148c000000 ---p 00000000 00:00 0 
7f148c000000-7f148c021000 rw-p 00000000 00:00 0 
7f148c021000-7f1490000000 ---p 00000000 00:00 0 
7f1490000000-7f1490021000 rw-p 00000000 00:00 0 
7f1490021000-7f1494000000 ---p 00000000 00:00 0 
7f1494000000-7f1494021000 rw-p 00000000 00:00 0 
7f1494021000-7f1498000000 ---p 00000000 00:00 0 
7f1498000000-7f1498021000 rw-p 00000000 00:00 0 
7f1498021000-7f149c000000 ---p 00000000 00:00 0 
7f149c000000-7f149c021000 rw-p 00000000 00:00 0 
7f149c021000-7f14a0000000 ---p 00000000 00:00 0 
7f14a0000000-7f14a0021000 rw-p 00000000 00:00 0 
7f14a0021000-7f14a4000000 ---p 00000000 00:00 0 
7f14a4000000-7f14a4021000 rw-p 00000000 00:00 0 
7f14a4021000-7f14a8000000 ---p 00000000 00:00 0 
7f14a8056000-7f14a8078000 r--p 00000000 00:15 3909                       /usr/share/locale-langpack/pt_BR/LC_MESSAGES/libc.mo
7f14a8078000-7f14a9d95000 rw-p 00000000 00:00 0 
7f14a9d95000-7f14a9f6e000 r--s 03d09000 00:2c 34523101                   /home/ppginf/vdfontoura/jdk1.8.0_45/jre/lib/rt.jar
7f14a9f6e000-7f14aa46e000 rw-p 00000000 00:00 0 
7f14aa46e000-7f14aa76e000 ---p 00000000 00:00 0 
7f14aa76e000-7f14abb40000 rw-p 00000000 00:00 0 
7f14abb40000-7f14abb41000 ---p 00000000 00:00 0 
7f14abb41000-7f14abc41000 rw-p 00000000 00:00 0                          [stack:31825]
7f14abc41000-7f14abc42000 ---p 00000000 00:00 0 
7f14abc42000-7f14abd42000 rw-p 00000000 00:00 0                          [stack:31821]
7f14abd42000-7f14abd43000 ---p 00000000 00:00 0 
7f14abd43000-7f14abe43000 rw-p 00000000 00:00 0                          [stack:31818]
7f14abe43000-7f14abe44000 ---p 00000000 00:00 0 
7f14abe44000-7f14abf44000 rw-p 00000000 00:00 0                          [stack:31814]
7f14abf44000-7f14abf45000 ---p 00000000 00:00 0 
7f14abf45000-7f14ac045000 rw-p 00000000 00:00 0                          [stack:31811]
7f14ac045000-7f14ac046000 ---p 00000000 00:00 0 
7f14ac046000-7f14ac146000 rw-p 00000000 00:00 0                          [stack:31807]
7f14ac146000-7f14ac147000 ---p 00000000 00:00 0 
7f14ac147000-7f14ac247000 rw-p 00000000 00:00 0                          [stack:31804]
7f14ac247000-7f14ac248000 ---p 00000000 00:00 0 
7f14ac248000-7f14acaf5000 rw-p 00000000 00:00 0                          [stack:31800]
7f14acaf5000-7f14ad000000 ---p 00000000 00:00 0 
7f14ad000000-7f14ad540000 rwxp 00000000 00:00 0 
7f14ad540000-7f14bc000000 ---p 00000000 00:00 0 
7f14bc000000-7f14bc43b000 rw-p 00000000 00:00 0 
7f14bc43b000-7f14c0000000 ---p 00000000 00:00 0 
7f14c0020000-7f14c0096000 rw-p 00000000 00:00 0 
7f14c0096000-7f14c0097000 ---p 00000000 00:00 0 
7f14c0097000-7f14c0197000 rw-p 00000000 00:00 0                          [stack:31797]
7f14c0197000-7f14c0198000 ---p 00000000 00:00 0 
7f14c0198000-7f14c0298000 rw-p 00000000 00:00 0                          [stack:31795]
7f14c0298000-7f14c0299000 ---p 00000000 00:00 0 
7f14c0299000-7f14c0399000 rw-p 00000000 00:00 0                          [stack:31793]
7f14c0399000-7f14c039a000 ---p 00000000 00:00 0 
7f14c039a000-7f14c049a000 rw-p 00000000 00:00 0                          [stack:31791]
7f14c049a000-7f14c049b000 ---p 00000000 00:00 0 
7f14c049b000-7f14c059b000 rw-p 00000000 00:00 0                          [stack:31788]
7f14c059b000-7f14c059c000 ---p 00000000 00:00 0 
7f14c059c000-7f14c069c000 rw-p 00000000 00:00 0                          [stack:31761]
7f14c069c000-7f14c069d000 ---p 00000000 00:00 0 
7f14c069d000-7f14c079d000 rw-p 00000000 00:00 0                          [stack:31671]
7f14c079d000-7f14c079e000 ---p 00000000 00:00 0 
7f14c079e000-7f14c089e000 rw-p 00000000 00:00 0                          [stack:31669]
7f14c089e000-7f14c089f000 ---p 00000000 00:00 0 
7f14c089f000-7f14c099f000 rw-p 00000000 00:00 0                          [stack:31666]
7f14c099f000-7f14c09a0000 ---p 00000000 00:00 0 
7f14c09a0000-7f14c124d000 rw-p 00000000 00:00 0                          [stack:31664]
7f14c124d000-7f14c1757000 ---p 00000000 00:00 0 
7f14c1757000-7f14c1d7e000 rw-p 00000000 00:00 0 
7f14c1d7e000-7f14c1db3000 ---p 00000000 00:00 0 
7f14c1db3000-7f14c1dc9000 rw-p 00000000 00:00 0 
7f14c1dc9000-7f14c2174000 ---p 00000000 00:00 0 
7f14c2174000-7f14c218e000 r-xp 00000000 00:2c 34523211                   /home/ppginf/vdfontoura/jdk1.8.0_45/jre/lib/amd64/libzip.so
7f14c218e000-7f14c238e000 ---p 0001a000 00:2c 34523211                   /home/ppginf/vdfontoura/jdk1.8.0_45/jre/lib/amd64/libzip.so
7f14c238e000-7f14c238f000 rw-p 0001a000 00:2c 34523211                   /home/ppginf/vdfontoura/jdk1.8.0_45/jre/lib/amd64/libzip.so
7f14c238f000-7f14c239b000 r-xp 00000000 00:15 181                        /lib/x86_64-linux-gnu/libnss_ldap.so.2
7f14c239b000-7f14c259a000 ---p 0000c000 00:15 181                        /lib/x86_64-linux-gnu/libnss_ldap.so.2
7f14c259a000-7f14c259b000 r--p 0000b000 00:15 181                        /lib/x86_64-linux-gnu/libnss_ldap.so.2
7f14c259b000-7f14c259c000 rw-p 0000c000 00:15 181                        /lib/x86_64-linux-gnu/libnss_ldap.so.2
7f14c259c000-7f14c25a7000 r-xp 00000000 00:15 178                        /lib/x86_64-linux-gnu/libnss_files-2.19.so
7f14c25a7000-7f14c27a6000 ---p 0000b000 00:15 178                        /lib/x86_64-linux-gnu/libnss_files-2.19.so
7f14c27a6000-7f14c27a7000 r--p 0000a000 00:15 178                        /lib/x86_64-linux-gnu/libnss_files-2.19.so
7f14c27a7000-7f14c27a8000 rw-p 0000b000 00:15 178                        /lib/x86_64-linux-gnu/libnss_files-2.19.so
7f14c27a8000-7f14c27b3000 r-xp 00000000 00:15 176                        /lib/x86_64-linux-gnu/libnss_nis-2.19.so
7f14c27b3000-7f14c29b2000 ---p 0000b000 00:15 176                        /lib/x86_64-linux-gnu/libnss_nis-2.19.so
7f14c29b2000-7f14c29b3000 r--p 0000a000 00:15 176                        /lib/x86_64-linux-gnu/libnss_nis-2.19.so
7f14c29b3000-7f14c29b4000 rw-p 0000b000 00:15 176                        /lib/x86_64-linux-gnu/libnss_nis-2.19.so
7f14c29b4000-7f14c29cb000 r-xp 00000000 00:15 174                        /lib/x86_64-linux-gnu/libnsl-2.19.so
7f14c29cb000-7f14c2bca000 ---p 00017000 00:15 174                        /lib/x86_64-linux-gnu/libnsl-2.19.so
7f14c2bca000-7f14c2bcb000 r--p 00016000 00:15 174                        /lib/x86_64-linux-gnu/libnsl-2.19.so
7f14c2bcb000-7f14c2bcc000 rw-p 00017000 00:15 174                        /lib/x86_64-linux-gnu/libnsl-2.19.so
7f14c2bcc000-7f14c2bce000 rw-p 00000000 00:00 0 
7f14c2bce000-7f14c2bd7000 r-xp 00000000 00:15 172                        /lib/x86_64-linux-gnu/libnss_compat-2.19.so
7f14c2bd7000-7f14c2dd6000 ---p 00009000 00:15 172                        /lib/x86_64-linux-gnu/libnss_compat-2.19.so
7f14c2dd6000-7f14c2dd7000 r--p 00008000 00:15 172                        /lib/x86_64-linux-gnu/libnss_compat-2.19.so
7f14c2dd7000-7f14c2dd8000 rw-p 00009000 00:15 172                        /lib/x86_64-linux-gnu/libnss_compat-2.19.so
7f14c2dd8000-7f14c2e02000 r-xp 00000000 00:2c 34523126                   /home/ppginf/vdfontoura/jdk1.8.0_45/jre/lib/amd64/libjava.so
7f14c2e02000-7f14c3002000 ---p 0002a000 00:2c 34523126                   /home/ppginf/vdfontoura/jdk1.8.0_45/jre/lib/amd64/libjava.so
7f14c3002000-7f14c3004000 rw-p 0002a000 00:2c 34523126                   /home/ppginf/vdfontoura/jdk1.8.0_45/jre/lib/amd64/libjava.so
7f14c3004000-7f14c3011000 r-xp 00000000 00:2c 34523210                   /home/ppginf/vdfontoura/jdk1.8.0_45/jre/lib/amd64/libverify.so
7f14c3011000-7f14c3211000 ---p 0000d000 00:2c 34523210                   /home/ppginf/vdfontoura/jdk1.8.0_45/jre/lib/amd64/libverify.so
7f14c3211000-7f14c3213000 rw-p 0000d000 00:2c 34523210                   /home/ppginf/vdfontoura/jdk1.8.0_45/jre/lib/amd64/libverify.so
7f14c3213000-7f14c321a000 r-xp 00000000 00:15 44                         /lib/x86_64-linux-gnu/librt-2.19.so
7f14c321a000-7f14c3419000 ---p 00007000 00:15 44                         /lib/x86_64-linux-gnu/librt-2.19.so
7f14c3419000-7f14c341a000 r--p 00006000 00:15 44                         /lib/x86_64-linux-gnu/librt-2.19.so
7f14c341a000-7f14c341b000 rw-p 00007000 00:15 44                         /lib/x86_64-linux-gnu/librt-2.19.so
7f14c341b000-7f14c3520000 r-xp 00000000 00:15 309                        /lib/x86_64-linux-gnu/libm-2.19.so
7f14c3520000-7f14c371f000 ---p 00105000 00:15 309                        /lib/x86_64-linux-gnu/libm-2.19.so
7f14c371f000-7f14c3720000 r--p 00104000 00:15 309                        /lib/x86_64-linux-gnu/libm-2.19.so
7f14c3720000-7f14c3721000 rw-p 00105000 00:15 309                        /lib/x86_64-linux-gnu/libm-2.19.so
7f14c3721000-7f14c43cf000 r-xp 00000000 00:2c 34523214                   /home/ppginf/vdfontoura/jdk1.8.0_45/jre/lib/amd64/server/libjvm.so
7f14c43cf000-7f14c45ce000 ---p 00cae000 00:2c 34523214                   /home/ppginf/vdfontoura/jdk1.8.0_45/jre/lib/amd64/server/libjvm.so
7f14c45ce000-7f14c46a5000 rw-p 00cad000 00:2c 34523214                   /home/ppginf/vdfontoura/jdk1.8.0_45/jre/lib/amd64/server/libjvm.so
7f14c46a5000-7f14c46e9000 rw-p 00000000 00:00 0 
7f14c46e9000-7f14c48a4000 r-xp 00000000 00:15 46                         /lib/x86_64-linux-gnu/libc-2.19.so
7f14c48a4000-7f14c4aa3000 ---p 001bb000 00:15 46                         /lib/x86_64-linux-gnu/libc-2.19.so
7f14c4aa3000-7f14c4aa7000 r--p 001ba000 00:15 46                         /lib/x86_64-linux-gnu/libc-2.19.so
7f14c4aa7000-7f14c4aa9000 rw-p 001be000 00:15 46                         /lib/x86_64-linux-gnu/libc-2.19.so
7f14c4aa9000-7f14c4aae000 rw-p 00000000 00:00 0 
7f14c4aae000-7f14c4ab1000 r-xp 00000000 00:15 52                         /lib/x86_64-linux-gnu/libdl-2.19.so
7f14c4ab1000-7f14c4cb0000 ---p 00003000 00:15 52                         /lib/x86_64-linux-gnu/libdl-2.19.so
7f14c4cb0000-7f14c4cb1000 r--p 00002000 00:15 52                         /lib/x86_64-linux-gnu/libdl-2.19.so
7f14c4cb1000-7f14c4cb2000 rw-p 00003000 00:15 52                         /lib/x86_64-linux-gnu/libdl-2.19.so
7f14c4cb2000-7f14c4cc7000 r-xp 00000000 00:2c 34523376                   /home/ppginf/vdfontoura/jdk1.8.0_45/lib/amd64/jli/libjli.so
7f14c4cc7000-7f14c4ec7000 ---p 00015000 00:2c 34523376                   /home/ppginf/vdfontoura/jdk1.8.0_45/lib/amd64/jli/libjli.so
7f14c4ec7000-7f14c4ec8000 rw-p 00015000 00:2c 34523376                   /home/ppginf/vdfontoura/jdk1.8.0_45/lib/amd64/jli/libjli.so
7f14c4ec8000-7f14c4ee1000 r-xp 00000000 00:15 48                         /lib/x86_64-linux-gnu/libpthread-2.19.so
7f14c4ee1000-7f14c50e0000 ---p 00019000 00:15 48                         /lib/x86_64-linux-gnu/libpthread-2.19.so
7f14c50e0000-7f14c50e1000 r--p 00018000 00:15 48                         /lib/x86_64-linux-gnu/libpthread-2.19.so
7f14c50e1000-7f14c50e2000 rw-p 00019000 00:15 48                         /lib/x86_64-linux-gnu/libpthread-2.19.so
7f14c50e2000-7f14c50e6000 rw-p 00000000 00:00 0 
7f14c50e6000-7f14c5109000 r-xp 00000000 00:15 32                         /lib/x86_64-linux-gnu/ld-2.19.so
7f14c511b000-7f14c51c5000 rw-p 00000000 00:00 0 
7f14c51c5000-7f14c51c8000 ---p 00000000 00:00 0 
7f14c51c8000-7f14c52ca000 rw-p 00000000 00:00 0                          [stack:31616]
7f14c52ce000-7f14c52d5000 r--s 00000000 00:15 245                        /usr/lib/x86_64-linux-gnu/gconv/gconv-modules.cache
7f14c52d5000-7f14c52e0000 r--s 00116000 00:2c 34523300                   /home/ppginf/vdfontoura/jdk1.8.0_45/jre/lib/ext/localedata.jar
7f14c52e0000-7f14c52fc000 r--s 00393000 00:2c 34523297                   /home/ppginf/vdfontoura/jdk1.8.0_45/jre/lib/ext/cldrdata.jar
7f14c52fc000-7f14c5304000 rw-s 00000000 00:19 158199                     /tmp/hsperfdata_vdfontoura/31601
7f14c5304000-7f14c5305000 rw-p 00000000 00:00 0 
7f14c5305000-7f14c5306000 ---p 00000000 00:00 0 
7f14c5306000-7f14c5308000 rw-p 00000000 00:00 0 
7f14c5308000-7f14c5309000 r--p 00022000 00:15 32                         /lib/x86_64-linux-gnu/ld-2.19.so
7f14c5309000-7f14c530a000 rw-p 00023000 00:15 32                         /lib/x86_64-linux-gnu/ld-2.19.so
7f14c530a000-7f14c530b000 rw-p 00000000 00:00 0 
7ffe688cf000-7ffe688f0000 rw-p 00000000 00:00 0                          [stack]
7ffe689bb000-7ffe689bd000 r--p 00000000 00:00 0                          [vvar]
7ffe689bd000-7ffe689bf000 r-xp 00000000 00:00 0                          [vdso]
ffffffffff600000-ffffffffff601000 r-xp 00000000 00:00 0                  [vsyscall]

VM Arguments:
java_command: ../../target/IBEAHH.jar 5000 2500000 SinglePointCrossover,IntegerTwoPointsCrossover,MultiPointsCrossover BitFlipMutation,LoopMoveOperator,LocalMoveOperator,SegmentMutation,OppositeMoveOperator 2000 1.0 1.0 1 1 ibea-result-5000/result-15 0 0 Random PPHHHPHHHHHHHHPPPHHHHHHHHHHPHPPPHHHHHHHHHHHHPPPPHHHHHHPHHPHP false 50
java_class_path (initial): ../../target/IBEAHH.jar
Launcher Type: SUN_STANDARD

Environment Variables:
JAVA_HOME=/home/ppginf/vdfontoura/jdk1.8.0_45/
PATH=/home/ppginf/vdfontoura/jdk1.8.0_45//bin:/usr/local/sbin:/usr/local/bin:/usr/sbin:/usr/bin:/sbin:/bin:/usr/games:/usr/local/games:.:/home/html/inf/silvia/topicos/ferramentas/poketool/bin:/home/html/inf/silvia/topicos/ferramentas/proteum1.4.1/LINUX/bin:/home/ppginf/vdfontoura/tools/apache-maven-3.3.3/bin
SHELL=/bin/bash

Signal Handlers:
SIGSEGV: [libjvm.so+0xaad1e0], sa_mask[0]=11111111011111111101111111111110, sa_flags=SA_RESTART|SA_SIGINFO
SIGBUS: [libjvm.so+0xaad1e0], sa_mask[0]=11111111011111111101111111111110, sa_flags=SA_RESTART|SA_SIGINFO
SIGFPE: [libjvm.so+0x90b450], sa_mask[0]=11111111011111111101111111111110, sa_flags=SA_RESTART|SA_SIGINFO
SIGPIPE: [libjvm.so+0x90b450], sa_mask[0]=11111111011111111101111111111110, sa_flags=SA_RESTART|SA_SIGINFO
SIGXFSZ: [libjvm.so+0x90b450], sa_mask[0]=11111111011111111101111111111110, sa_flags=SA_RESTART|SA_SIGINFO
SIGILL: [libjvm.so+0x90b450], sa_mask[0]=11111111011111111101111111111110, sa_flags=SA_RESTART|SA_SIGINFO
SIGUSR1: SIG_DFL, sa_mask[0]=00000000000000000000000000000000, sa_flags=none
SIGUSR2: [libjvm.so+0x90ca90], sa_mask[0]=00000000000000000000000000000000, sa_flags=SA_RESTART|SA_SIGINFO
SIGHUP: SIG_IGN, sa_mask[0]=00000000000000000000000000000000, sa_flags=none
SIGINT: SIG_IGN, sa_mask[0]=00000000000000000000000000000000, sa_flags=none
SIGTERM: [libjvm.so+0x90dde0], sa_mask[0]=11111111011111111101111111111110, sa_flags=SA_RESTART|SA_SIGINFO
SIGQUIT: [libjvm.so+0x90dde0], sa_mask[0]=11111111011111111101111111111110, sa_flags=SA_RESTART|SA_SIGINFO


---------------  S Y S T E M  ---------------

OS:DISTRIB_ID=LinuxMint
DISTRIB_RELEASE=17
DISTRIB_CODENAME=qiana
DISTRIB_DESCRIPTION="Linux Mint 17 Qiana"

uname:Linux 4.0.1-kernel+ #2 SMP Wed May 6 16:11:56 BRT 2015 x86_64
libc:glibc 2.19 NPTL 2.19 
rlimit: STACK 8192k, CORE 0k, NPROC 30240, NOFILE 4096, AS 20000000k
load average:53,68 40,67 32,58

/proc/meminfo:
MemTotal:       90751124 kB
MemFree:         7917124 kB
MemAvailable:    7873956 kB
Buffers:               0 kB
Cached:            89780 kB
SwapCached:            0 kB
Active:         82248996 kB
Inactive:          64720 kB
Active(anon):   82240932 kB
Inactive(anon):    20892 kB
Active(file):       8064 kB
Inactive(file):    43828 kB
Unevictable:           0 kB
Mlocked:               0 kB
SwapTotal:             0 kB
SwapFree:              0 kB
Dirty:                28 kB
Writeback:             0 kB
AnonPages:      82163692 kB
Mapped:            22812 kB
Shmem:             36276 kB
Slab:              78300 kB
SReclaimable:      30696 kB
SUnreclaim:        47604 kB
KernelStack:       12704 kB
PageTables:       186180 kB
NFS_Unstable:          0 kB
Bounce:                0 kB
WritebackTmp:          0 kB
CommitLimit:    45375560 kB
Committed_AS:   95267808 kB
VmallocTotal:   34359738367 kB
VmallocUsed:      220024 kB
VmallocChunk:   34359511596 kB
HardwareCorrupted:     0 kB
AnonHugePages:         0 kB
HugePages_Total:       0
HugePages_Free:        0
HugePages_Rsvd:        0
HugePages_Surp:        0
Hugepagesize:       2048 kB
DirectMap4k:       96244 kB
DirectMap2M:     4098048 kB
DirectMap1G:    88080384 kB


CPU:total 24 (1 cores per cpu, 1 threads per core) family 16 model 9 stepping 1, cmov, cx8, fxsr, mmx, sse, sse2, sse3, popcnt, mmxext, 3dnowpref, lzcnt, sse4a, tsc

/proc/cpuinfo:
processor	: 0
vendor_id	: AuthenticAMD
cpu family	: 16
model		: 9
model name	: AMD Opteron(tm) Processor 6136
stepping	: 1
microcode	: 0x1000065
cpu MHz		: 2400.142
cache size	: 512 KB
physical id	: 0
siblings	: 1
core id		: 0
cpu cores	: 1
apicid		: 0
initial apicid	: 0
fpu		: yes
fpu_exception	: yes
cpuid level	: 5
wp		: yes
flags		: fpu vme de pse tsc msr pae mce cx8 apic sep mtrr pge mca cmov pat pse36 clflush mmx fxsr sse sse2 syscall nx mmxext fxsr_opt pdpe1gb lm 3dnowext 3dnow rep_good nopl extd_apicid pni cx16 x2apic popcnt hypervisor lahf_lm cmp_legacy svm cr8_legacy abm sse4a misalignsse 3dnowprefetch osvw npt nrip_save vmmcall
bugs		: tlb_mmatch fxsave_leak
bogomips	: 4800.28
TLB size	: 1024 4K pages
clflush size	: 64
cache_alignment	: 64
address sizes	: 40 bits physical, 48 bits virtual
power management:

processor	: 1
vendor_id	: AuthenticAMD
cpu family	: 16
model		: 9
model name	: AMD Opteron(tm) Processor 6136
stepping	: 1
microcode	: 0x1000065
cpu MHz		: 2400.142
cache size	: 512 KB
physical id	: 1
siblings	: 1
core id		: 0
cpu cores	: 1
apicid		: 1
initial apicid	: 1
fpu		: yes
fpu_exception	: yes
cpuid level	: 5
wp		: yes
flags		: fpu vme de pse tsc msr pae mce cx8 apic sep mtrr pge mca cmov pat pse36 clflush mmx fxsr sse sse2 syscall nx mmxext fxsr_opt pdpe1gb lm 3dnowext 3dnow rep_good nopl extd_apicid pni cx16 x2apic popcnt hypervisor lahf_lm cmp_legacy svm cr8_legacy abm sse4a misalignsse 3dnowprefetch osvw npt nrip_save vmmcall
bugs		: tlb_mmatch fxsave_leak
bogomips	: 4800.28
TLB size	: 1024 4K pages
clflush size	: 64
cache_alignment	: 64
address sizes	: 40 bits physical, 48 bits virtual
power management:

processor	: 2
vendor_id	: AuthenticAMD
cpu family	: 16
model		: 9
model name	: AMD Opteron(tm) Processor 6136
stepping	: 1
microcode	: 0x1000065
cpu MHz		: 2400.142
cache size	: 512 KB
physical id	: 2
siblings	: 1
core id		: 0
cpu cores	: 1
apicid		: 2
initial apicid	: 2
fpu		: yes
fpu_exception	: yes
cpuid level	: 5
wp		: yes
flags		: fpu vme de pse tsc msr pae mce cx8 apic sep mtrr pge mca cmov pat pse36 clflush mmx fxsr sse sse2 syscall nx mmxext fxsr_opt pdpe1gb lm 3dnowext 3dnow rep_good nopl extd_apicid pni cx16 x2apic popcnt hypervisor lahf_lm cmp_legacy svm cr8_legacy abm sse4a misalignsse 3dnowprefetch osvw npt nrip_save vmmcall
bugs		: tlb_mmatch fxsave_leak
bogomips	: 4800.28
TLB size	: 1024 4K pages
clflush size	: 64
cache_alignment	: 64
address sizes	: 40 bits physical, 48 bits virtual
power management:

processor	: 3
vendor_id	: AuthenticAMD
cpu family	: 16
model		: 9
model name	: AMD Opteron(tm) Processor 6136
stepping	: 1
microcode	: 0x1000065
cpu MHz		: 2400.142
cache size	: 512 KB
physical id	: 3
siblings	: 1
core id		: 0
cpu cores	: 1
apicid		: 3
initial apicid	: 3
fpu		: yes
fpu_exception	: yes
cpuid level	: 5
wp		: yes
flags		: fpu vme de pse tsc msr pae mce cx8 apic sep mtrr pge mca cmov pat pse36 clflush mmx fxsr sse sse2 syscall nx mmxext fxsr_opt pdpe1gb lm 3dnowext 3dnow rep_good nopl extd_apicid pni cx16 x2apic popcnt hypervisor lahf_lm cmp_legacy svm cr8_legacy abm sse4a misalignsse 3dnowprefetch osvw npt nrip_save vmmcall
bugs		: tlb_mmatch fxsave_leak
bogomips	: 4800.28
TLB size	: 1024 4K pages
clflush size	: 64
cache_alignment	: 64
address sizes	: 40 bits physical, 48 bits virtual
power management:

processor	: 4
vendor_id	: AuthenticAMD
cpu family	: 16
model		: 9
model name	: AMD Opteron(tm) Processor 6136
stepping	: 1
microcode	: 0x1000065
cpu MHz		: 2400.142
cache size	: 512 KB
physical id	: 4
siblings	: 1
core id		: 0
cpu cores	: 1
apicid		: 4
initial apicid	: 4
fpu		: yes
fpu_exception	: yes
cpuid level	: 5
wp		: yes
flags		: fpu vme de pse tsc msr pae mce cx8 apic sep mtrr pge mca cmov pat pse36 clflush mmx fxsr sse sse2 syscall nx mmxext fxsr_opt pdpe1gb lm 3dnowext 3dnow rep_good nopl extd_apicid pni cx16 x2apic popcnt hypervisor lahf_lm cmp_legacy svm cr8_legacy abm sse4a misalignsse 3dnowprefetch osvw npt nrip_save vmmcall
bugs		: tlb_mmatch fxsave_leak
bogomips	: 4800.28
TLB size	: 1024 4K pages
clflush size	: 64
cache_alignment	: 64
address sizes	: 40 bits physical, 48 bits virtual
power management:

processor	: 5
vendor_id	: AuthenticAMD
cpu family	: 16
model		: 9
model name	: AMD Opteron(tm) Processor 6136
stepping	: 1
microcode	: 0x1000065
cpu MHz		: 2400.142
cache size	: 512 KB
physical id	: 5
siblings	: 1
core id		: 0
cpu cores	: 1
apicid		: 5
initial apicid	: 5
fpu		: yes
fpu_exception	: yes
cpuid level	: 5
wp		: yes
flags		: fpu vme de pse tsc msr pae mce cx8 apic sep mtrr pge mca cmov pat pse36 clflush mmx fxsr sse sse2 syscall nx mmxext fxsr_opt pdpe1gb lm 3dnowext 3dnow rep_good nopl extd_apicid pni cx16 x2apic popcnt hypervisor lahf_lm cmp_legacy svm cr8_legacy abm sse4a misalignsse 3dnowprefetch osvw npt nrip_save vmmcall
bugs		: tlb_mmatch fxsave_leak
bogomips	: 4800.28
TLB size	: 1024 4K pages
clflush size	: 64
cache_alignment	: 64
address sizes	: 40 bits physical, 48 bits virtual
power management:

processor	: 6
vendor_id	: AuthenticAMD
cpu family	: 16
model		: 9
model name	: AMD Opteron(tm) Processor 6136
stepping	: 1
microcode	: 0x1000065
cpu MHz		: 2400.142
cache size	: 512 KB
physical id	: 6
siblings	: 1
core id		: 0
cpu cores	: 1
apicid		: 6
initial apicid	: 6
fpu		: yes
fpu_exception	: yes
cpuid level	: 5
wp		: yes
flags		: fpu vme de pse tsc msr pae mce cx8 apic sep mtrr pge mca cmov pat pse36 clflush mmx fxsr sse sse2 syscall nx mmxext fxsr_opt pdpe1gb lm 3dnowext 3dnow rep_good nopl extd_apicid pni cx16 x2apic popcnt hypervisor lahf_lm cmp_legacy svm cr8_legacy abm sse4a misalignsse 3dnowprefetch osvw npt nrip_save vmmcall
bugs		: tlb_mmatch fxsave_leak
bogomips	: 4800.28
TLB size	: 1024 4K pages
clflush size	: 64
cache_alignment	: 64
address sizes	: 40 bits physical, 48 bits virtual
power management:

processor	: 7
vendor_id	: AuthenticAMD
cpu family	: 16
model		: 9
model name	: AMD Opteron(tm) Processor 6136
stepping	: 1
microcode	: 0x1000065
cpu MHz		: 2400.142
cache size	: 512 KB
physical id	: 7
siblings	: 1
core id		: 0
cpu cores	: 1
apicid		: 7
initial apicid	: 7
fpu		: yes
fpu_exception	: yes
cpuid level	: 5
wp		: yes
flags		: fpu vme de pse tsc msr pae mce cx8 apic sep mtrr pge mca cmov pat pse36 clflush mmx fxsr sse sse2 syscall nx mmxext fxsr_opt pdpe1gb lm 3dnowext 3dnow rep_good nopl extd_apicid pni cx16 x2apic popcnt hypervisor lahf_lm cmp_legacy svm cr8_legacy abm sse4a misalignsse 3dnowprefetch osvw npt nrip_save vmmcall
bugs		: tlb_mmatch fxsave_leak
bogomips	: 4800.28
TLB size	: 1024 4K pages
clflush size	: 64
cache_alignment	: 64
address sizes	: 40 bits physical, 48 bits virtual
power management:

processor	: 8
vendor_id	: AuthenticAMD
cpu family	: 16
model		: 9
model name	: AMD Opteron(tm) Processor 6136
stepping	: 1
microcode	: 0x1000065
cpu MHz		: 2400.142
cache size	: 512 KB
physical id	: 8
siblings	: 1
core id		: 0
cpu cores	: 1
apicid		: 8
initial apicid	: 8
fpu		: yes
fpu_exception	: yes
cpuid level	: 5
wp		: yes
flags		: fpu vme de pse tsc msr pae mce cx8 apic sep mtrr pge mca cmov pat pse36 clflush mmx fxsr sse sse2 syscall nx mmxext fxsr_opt pdpe1gb lm 3dnowext 3dnow rep_good nopl extd_apicid pni cx16 x2apic popcnt hypervisor lahf_lm cmp_legacy svm cr8_legacy abm sse4a misalignsse 3dnowprefetch osvw npt nrip_save vmmcall
bugs		: tlb_mmatch fxsave_leak
bogomips	: 4800.28
TLB size	: 1024 4K pages
clflush size	: 64
cache_alignment	: 64
address sizes	: 40 bits physical, 48 bits virtual
power management:

processor	: 9
vendor_id	: AuthenticAMD
cpu family	: 16
model		: 9
model name	: AMD Opteron(tm) Processor 6136
stepping	: 1
microcode	: 0x1000065
cpu MHz		: 2400.142
cache size	: 512 KB
physical id	: 9
siblings	: 1
core id		: 0
cpu cores	: 1
apicid		: 9
initial apicid	: 9
fpu		: yes
fpu_exception	: yes
cpuid level	: 5
wp		: yes
flags		: fpu vme de pse tsc msr pae mce cx8 apic sep mtrr pge mca cmov pat pse36 clflush mmx fxsr sse sse2 syscall nx mmxext fxsr_opt pdpe1gb lm 3dnowext 3dnow rep_good nopl extd_apicid pni cx16 x2apic popcnt hypervisor lahf_lm cmp_legacy svm cr8_legacy abm sse4a misalignsse 3dnowprefetch osvw npt nrip_save vmmcall
bugs		: tlb_mmatch fxsave_leak
bogomips	: 4800.28
TLB size	: 1024 4K pages
clflush size	: 64
cache_alignment	: 64
address sizes	: 40 bits physical, 48 bits virtual
power management:

processor	: 10
vendor_id	: AuthenticAMD
cpu family	: 16
model		: 9
model name	: AMD Opteron(tm) Processor 6136
stepping	: 1
microcode	: 0x1000065
cpu MHz		: 2400.142
cache size	: 512 KB
physical id	: 10
siblings	: 1
core id		: 0
cpu cores	: 1
apicid		: 10
initial apicid	: 10
fpu		: yes
fpu_exception	: yes
cpuid level	: 5
wp		: yes
flags		: fpu vme de pse tsc msr pae mce cx8 apic sep mtrr pge mca cmov pat pse36 clflush mmx fxsr sse sse2 syscall nx mmxext fxsr_opt pdpe1gb lm 3dnowext 3dnow rep_good nopl extd_apicid pni cx16 x2apic popcnt hypervisor lahf_lm cmp_legacy svm cr8_legacy abm sse4a misalignsse 3dnowprefetch osvw npt nrip_save vmmcall
bugs		: tlb_mmatch fxsave_leak
bogomips	: 4800.28
TLB size	: 1024 4K pages
clflush size	: 64
cache_alignment	: 64
address sizes	: 40 bits physical, 48 bits virtual
power management:

processor	: 11
vendor_id	: AuthenticAMD
cpu family	: 16
model		: 9
model name	: AMD Opteron(tm) Processor 6136
stepping	: 1
microcode	: 0x1000065
cpu MHz		: 2400.142
cache size	: 512 KB
physical id	: 11
siblings	: 1
core id		: 0
cpu cores	: 1
apicid		: 11
initial apicid	: 11
fpu		: yes
fpu_exception	: yes
cpuid level	: 5
wp		: yes
flags		: fpu vme de pse tsc msr pae mce cx8 apic sep mtrr pge mca cmov pat pse36 clflush mmx fxsr sse sse2 syscall nx mmxext fxsr_opt pdpe1gb lm 3dnowext 3dnow rep_good nopl extd_apicid pni cx16 x2apic popcnt hypervisor lahf_lm cmp_legacy svm cr8_legacy abm sse4a misalignsse 3dnowprefetch osvw npt nrip_save vmmcall
bugs		: tlb_mmatch fxsave_leak
bogomips	: 4800.28
TLB size	: 1024 4K pages
clflush size	: 64
cache_alignment	: 64
address sizes	: 40 bits physical, 48 bits virtual
power management:

processor	: 12
vendor_id	: AuthenticAMD
cpu family	: 16
model		: 9
model name	: AMD Opteron(tm) Processor 6136
stepping	: 1
microcode	: 0x1000065
cpu MHz		: 2400.142
cache size	: 512 KB
physical id	: 12
siblings	: 1
core id		: 0
cpu cores	: 1
apicid		: 12
initial apicid	: 12
fpu		: yes
fpu_exception	: yes
cpuid level	: 5
wp		: yes
flags		: fpu vme de pse tsc msr pae mce cx8 apic sep mtrr pge mca cmov pat pse36 clflush mmx fxsr sse sse2 syscall nx mmxext fxsr_opt pdpe1gb lm 3dnowext 3dnow rep_good nopl extd_apicid pni cx16 x2apic popcnt hypervisor lahf_lm cmp_legacy svm cr8_legacy abm sse4a misalignsse 3dnowprefetch osvw npt nrip_save vmmcall
bugs		: tlb_mmatch fxsave_leak
bogomips	: 4800.28
TLB size	: 1024 4K pages
clflush size	: 64
cache_alignment	: 64
address sizes	: 40 bits physical, 48 bits virtual
power management:

processor	: 13
vendor_id	: AuthenticAMD
cpu family	: 16
model		: 9
model name	: AMD Opteron(tm) Processor 6136
stepping	: 1
microcode	: 0x1000065
cpu MHz		: 2400.142
cache size	: 512 KB
physical id	: 13
siblings	: 1
core id		: 0
cpu cores	: 1
apicid		: 13
initial apicid	: 13
fpu		: yes
fpu_exception	: yes
cpuid level	: 5
wp		: yes
flags		: fpu vme de pse tsc msr pae mce cx8 apic sep mtrr pge mca cmov pat pse36 clflush mmx fxsr sse sse2 syscall nx mmxext fxsr_opt pdpe1gb lm 3dnowext 3dnow rep_good nopl extd_apicid pni cx16 x2apic popcnt hypervisor lahf_lm cmp_legacy svm cr8_legacy abm sse4a misalignsse 3dnowprefetch osvw npt nrip_save vmmcall
bugs		: tlb_mmatch fxsave_leak
bogomips	: 4800.28
TLB size	: 1024 4K pages
clflush size	: 64
cache_alignment	: 64
address sizes	: 40 bits physical, 48 bits virtual
power management:

processor	: 14
vendor_id	: AuthenticAMD
cpu family	: 16
model		: 9
model name	: AMD Opteron(tm) Processor 6136
stepping	: 1
microcode	: 0x1000065
cpu MHz		: 2400.142
cache size	: 512 KB
physical id	: 14
siblings	: 1
core id		: 0
cpu cores	: 1
apicid		: 14
initial apicid	: 14
fpu		: yes
fpu_exception	: yes
cpuid level	: 5
wp		: yes
flags		: fpu vme de pse tsc msr pae mce cx8 apic sep mtrr pge mca cmov pat pse36 clflush mmx fxsr sse sse2 syscall nx mmxext fxsr_opt pdpe1gb lm 3dnowext 3dnow rep_good nopl extd_apicid pni cx16 x2apic popcnt hypervisor lahf_lm cmp_legacy svm cr8_legacy abm sse4a misalignsse 3dnowprefetch osvw npt nrip_save vmmcall
bugs		: tlb_mmatch fxsave_leak
bogomips	: 4800.28
TLB size	: 1024 4K pages
clflush size	: 64
cache_alignment	: 64
address sizes	: 40 bits physical, 48 bits virtual
power management:

processor	: 15
vendor_id	: AuthenticAMD
cpu family	: 16
model		: 9
model name	: AMD Opteron(tm) Processor 6136
stepping	: 1
microcode	: 0x1000065
cpu MHz		: 2400.142
cache size	: 512 KB
physical id	: 15
siblings	: 1
core id		: 0
cpu cores	: 1
apicid		: 15
initial apicid	: 15
fpu		: yes
fpu_exception	: yes
cpuid level	: 5
wp		: yes
flags		: fpu vme de pse tsc msr pae mce cx8 apic sep mtrr pge mca cmov pat pse36 clflush mmx fxsr sse sse2 syscall nx mmxext fxsr_opt pdpe1gb lm 3dnowext 3dnow rep_good nopl extd_apicid pni cx16 x2apic popcnt hypervisor lahf_lm cmp_legacy svm cr8_legacy abm sse4a misalignsse 3dnowprefetch osvw npt nrip_save vmmcall
bugs		: tlb_mmatch fxsave_leak
bogomips	: 4800.28
TLB size	: 1024 4K pages
clflush size	: 64
cache_alignment	: 64
address sizes	: 40 bits physical, 48 bits virtual
power management:

processor	: 16
vendor_id	: AuthenticAMD
cpu family	: 16
model		: 9
model name	: AMD Opteron(tm) Processor 6136
stepping	: 1
microcode	: 0x1000065
cpu MHz		: 2400.142
cache size	: 512 KB
physical id	: 16
siblings	: 1
core id		: 0
cpu cores	: 1
apicid		: 16
initial apicid	: 16
fpu		: yes
fpu_exception	: yes
cpuid level	: 5
wp		: yes
flags		: fpu vme de pse tsc msr pae mce cx8 apic sep mtrr pge mca cmov pat pse36 clflush mmx fxsr sse sse2 syscall nx mmxext fxsr_opt pdpe1gb lm 3dnowext 3dnow rep_good nopl extd_apicid pni cx16 x2apic popcnt hypervisor lahf_lm cmp_legacy svm cr8_legacy abm sse4a misalignsse 3dnowprefetch osvw npt nrip_save vmmcall
bugs		: tlb_mmatch fxsave_leak
bogomips	: 4800.28
TLB size	: 1024 4K pages
clflush size	: 64
cache_alignment	: 64
address sizes	: 40 bits physical, 48 bits virtual
power management:

processor	: 17
vendor_id	: AuthenticAMD
cpu family	: 16
model		: 9
model name	: AMD Opteron(tm) Processor 6136
stepping	: 1
microcode	: 0x1000065
cpu MHz		: 2400.142
cache size	: 512 KB
physical id	: 17
siblings	: 1
core id		: 0
cpu cores	: 1
apicid		: 17
initial apicid	: 17
fpu		: yes
fpu_exception	: yes
cpuid level	: 5
wp		: yes
flags		: fpu vme de pse tsc msr pae mce cx8 apic sep mtrr pge mca cmov pat pse36 clflush mmx fxsr sse sse2 syscall nx mmxext fxsr_opt pdpe1gb lm 3dnowext 3dnow rep_good nopl extd_apicid pni cx16 x2apic popcnt hypervisor lahf_lm cmp_legacy svm cr8_legacy abm sse4a misalignsse 3dnowprefetch osvw npt nrip_save vmmcall
bugs		: tlb_mmatch fxsave_leak
bogomips	: 4800.28
TLB size	: 1024 4K pages
clflush size	: 64
cache_alignment	: 64
address sizes	: 40 bits physical, 48 bits virtual
power management:

processor	: 18
vendor_id	: AuthenticAMD
cpu family	: 16
model		: 9
model name	: AMD Opteron(tm) Processor 6136
stepping	: 1
microcode	: 0x1000065
cpu MHz		: 2400.142
cache size	: 512 KB
physical id	: 18
siblings	: 1
core id		: 0
cpu cores	: 1
apicid		: 18
initial apicid	: 18
fpu		: yes
fpu_exception	: yes
cpuid level	: 5
wp		: yes
flags		: fpu vme de pse tsc msr pae mce cx8 apic sep mtrr pge mca cmov pat pse36 clflush mmx fxsr sse sse2 syscall nx mmxext fxsr_opt pdpe1gb lm 3dnowext 3dnow rep_good nopl extd_apicid pni cx16 x2apic popcnt hypervisor lahf_lm cmp_legacy svm cr8_legacy abm sse4a misalignsse 3dnowprefetch osvw npt nrip_save vmmcall
bugs		: tlb_mmatch fxsave_leak
bogomips	: 4800.28
TLB size	: 1024 4K pages
clflush size	: 64
cache_alignment	: 64
address sizes	: 40 bits physical, 48 bits virtual
power management:

processor	: 19
vendor_id	: AuthenticAMD
cpu family	: 16
model		: 9
model name	: AMD Opteron(tm) Processor 6136
stepping	: 1
microcode	: 0x1000065
cpu MHz		: 2400.142
cache size	: 512 KB
physical id	: 19
siblings	: 1
core id		: 0
cpu cores	: 1
apicid		: 19
initial apicid	: 19
fpu		: yes
fpu_exception	: yes
cpuid level	: 5
wp		: yes
flags		: fpu vme de pse tsc msr pae mce cx8 apic sep mtrr pge mca cmov pat pse36 clflush mmx fxsr sse sse2 syscall nx mmxext fxsr_opt pdpe1gb lm 3dnowext 3dnow rep_good nopl extd_apicid pni cx16 x2apic popcnt hypervisor lahf_lm cmp_legacy svm cr8_legacy abm sse4a misalignsse 3dnowprefetch osvw npt nrip_save vmmcall
bugs		: tlb_mmatch fxsave_leak
bogomips	: 4800.28
TLB size	: 1024 4K pages
clflush size	: 64
cache_alignment	: 64
address sizes	: 40 bits physical, 48 bits virtual
power management:

processor	: 20
vendor_id	: AuthenticAMD
cpu family	: 16
model		: 9
model name	: AMD Opteron(tm) Processor 6136
stepping	: 1
microcode	: 0x1000065
cpu MHz		: 2400.142
cache size	: 512 KB
physical id	: 20
siblings	: 1
core id		: 0
cpu cores	: 1
apicid		: 20
initial apicid	: 20
fpu		: yes
fpu_exception	: yes
cpuid level	: 5
wp		: yes
flags		: fpu vme de pse tsc msr pae mce cx8 apic sep mtrr pge mca cmov pat pse36 clflush mmx fxsr sse sse2 syscall nx mmxext fxsr_opt pdpe1gb lm 3dnowext 3dnow rep_good nopl extd_apicid pni cx16 x2apic popcnt hypervisor lahf_lm cmp_legacy svm cr8_legacy abm sse4a misalignsse 3dnowprefetch osvw npt nrip_save vmmcall
bugs		: tlb_mmatch fxsave_leak
bogomips	: 4800.28
TLB size	: 1024 4K pages
clflush size	: 64
cache_alignment	: 64
address sizes	: 40 bits physical, 48 bits virtual
power management:

processor	: 21
vendor_id	: AuthenticAMD
cpu family	: 16
model		: 9
model name	: AMD Opteron(tm) Processor 6136
stepping	: 1
microcode	: 0x1000065
cpu MHz		: 2400.142
cache size	: 512 KB
physical id	: 21
siblings	: 1
core id		: 0
cpu cores	: 1
apicid		: 21
initial apicid	: 21
fpu		: yes
fpu_exception	: yes
cpuid level	: 5
wp		: yes
flags		: fpu vme de pse tsc msr pae mce cx8 apic sep mtrr pge mca cmov pat pse36 clflush mmx fxsr sse sse2 syscall nx mmxext fxsr_opt pdpe1gb lm 3dnowext 3dnow rep_good nopl extd_apicid pni cx16 x2apic popcnt hypervisor lahf_lm cmp_legacy svm cr8_legacy abm sse4a misalignsse 3dnowprefetch osvw npt nrip_save vmmcall
bugs		: tlb_mmatch fxsave_leak
bogomips	: 4800.28
TLB size	: 1024 4K pages
clflush size	: 64
cache_alignment	: 64
address sizes	: 40 bits physical, 48 bits virtual
power management:

processor	: 22
vendor_id	: AuthenticAMD
cpu family	: 16
model		: 9
model name	: AMD Opteron(tm) Processor 6136
stepping	: 1
microcode	: 0x1000065
cpu MHz		: 2400.142
cache size	: 512 KB
physical id	: 22
siblings	: 1
core id		: 0
cpu cores	: 1
apicid		: 22
initial apicid	: 22
fpu		: yes
fpu_exception	: yes
cpuid level	: 5
wp		: yes
flags		: fpu vme de pse tsc msr pae mce cx8 apic sep mtrr pge mca cmov pat pse36 clflush mmx fxsr sse sse2 syscall nx mmxext fxsr_opt pdpe1gb lm 3dnowext 3dnow rep_good nopl extd_apicid pni cx16 x2apic popcnt hypervisor lahf_lm cmp_legacy svm cr8_legacy abm sse4a misalignsse 3dnowprefetch osvw npt nrip_save vmmcall
bugs		: tlb_mmatch fxsave_leak
bogomips	: 4800.28
TLB size	: 1024 4K pages
clflush size	: 64
cache_alignment	: 64
address sizes	: 40 bits physical, 48 bits virtual
power management:

processor	: 23
vendor_id	: AuthenticAMD
cpu family	: 16
model		: 9
model name	: AMD Opteron(tm) Processor 6136
stepping	: 1
microcode	: 0x1000065
cpu MHz		: 2400.142
cache size	: 512 KB
physical id	: 23
siblings	: 1
core id		: 0
cpu cores	: 1
apicid		: 23
initial apicid	: 23
fpu		: yes
fpu_exception	: yes
cpuid level	: 5
wp		: yes
flags		: fpu vme de pse tsc msr pae mce cx8 apic sep mtrr pge mca cmov pat pse36 clflush mmx fxsr sse sse2 syscall nx mmxext fxsr_opt pdpe1gb lm 3dnowext 3dnow rep_good nopl extd_apicid pni cx16 x2apic popcnt hypervisor lahf_lm cmp_legacy svm cr8_legacy abm sse4a misalignsse 3dnowprefetch osvw npt nrip_save vmmcall
bugs		: tlb_mmatch fxsave_leak
bogomips	: 4800.28
TLB size	: 1024 4K pages
clflush size	: 64
cache_alignment	: 64
address sizes	: 40 bits physical, 48 bits virtual
power management:



Memory: 4k page, physical 90751124k(7962100k free), swap 0k(0k free)

vm_info: Java HotSpot(TM) 64-Bit Server VM (25.45-b02) for linux-amd64 JRE (1.8.0_45-b14), built on Apr 10 2015 10:07:45 by "java_re" with gcc 4.3.0 20080428 (Red Hat 4.3.0-8)

time: Mon Jan 25 02:57:53 2016
elapsed time: 5458 seconds (0d 1h 30m 58s)

