#
# There is insufficient memory for the Java Runtime Environment to continue.
# Native memory allocation (mmap) failed to map 57147392 bytes for committing reserved memory.
# Possible reasons:
#   The system is out of physical RAM or swap space
#   In 32 bit mode, the process size limit was hit
# Possible solutions:
#   Reduce memory load on the system
#   Increase physical memory or swap space
#   Check if swap backing store is full
#   Use 64 bit Java on a 64 bit OS
#   Decrease Java heap size (-Xmx/-Xms)
#   Decrease number of Java threads
#   Decrease Java thread stack sizes (-Xss)
#   Set larger code cache with -XX:ReservedCodeCacheSize=
# This output file may be truncated or incomplete.
#
#  Out of Memory Error (os_linux.cpp:2673), pid=31593, tid=140072482408192
#
# JRE version: Java(TM) SE Runtime Environment (8.0_45-b14) (build 1.8.0_45-b14)
# Java VM: Java HotSpot(TM) 64-Bit Server VM (25.45-b02 mixed mode linux-amd64 compressed oops)
# Failed to write core dump. Core dumps have been disabled. To enable core dumping, try "ulimit -c unlimited" before starting Java again
#

---------------  T H R E A D  ---------------

Current thread (0x00007f656831c000):  VMThread [stack: 0x00007f652a7e8000,0x00007f652a8e9000] [id=32006]

Stack: [0x00007f652a7e8000,0x00007f652a8e9000],  sp=0x00007f652a8e7160,  free space=1020k
Native frames: (J=compiled Java code, j=interpreted, Vv=VM code, C=native code)
V  [libjvm.so+0xaac99a]  VMError::report_and_die()+0x2ba
V  [libjvm.so+0x4f333b]  report_vm_out_of_memory(char const*, int, unsigned long, VMErrorType, char const*)+0x8b
V  [libjvm.so+0x90e7c3]  os::Linux::commit_memory_impl(char*, unsigned long, bool)+0x103
V  [libjvm.so+0x90ed19]  os::pd_commit_memory(char*, unsigned long, unsigned long, bool)+0x29
V  [libjvm.so+0x90867a]  os::commit_memory(char*, unsigned long, unsigned long, bool)+0x2a
V  [libjvm.so+0x97bac3]  PSVirtualSpace::expand_by(unsigned long)+0x53
V  [libjvm.so+0x97cec8]  PSYoungGen::resize_generation(unsigned long, unsigned long)+0xf8
V  [libjvm.so+0x97c022]  PSYoungGen::resize(unsigned long, unsigned long)+0x22
V  [libjvm.so+0x9792fb]  PSScavenge::invoke_no_policy()+0xf7b
V  [libjvm.so+0x979a81]  PSScavenge::invoke()+0x41
V  [libjvm.so+0x932050]  ParallelScavengeHeap::failed_mem_allocate(unsigned long)+0x70
V  [libjvm.so+0xaae1d7]  VM_ParallelGCFailedAllocation::doit()+0x97
V  [libjvm.so+0xab59c5]  VM_Operation::evaluate()+0x55
V  [libjvm.so+0xab3d9a]  VMThread::evaluate_operation(VM_Operation*)+0xba
V  [libjvm.so+0xab411e]  VMThread::loop()+0x1ce
V  [libjvm.so+0xab4590]  VMThread::run()+0x70
V  [libjvm.so+0x910de8]  java_start(Thread*)+0x108

VM_Operation (0x00007f65290100e0): ParallelGCFailedAllocation, mode: safepoint, requested by thread 0x00007f6568409000


---------------  P R O C E S S  ---------------

Java Threads: ( => current thread )
  0x00007f6568409000 JavaThread "pool-1-thread-1" [_thread_blocked, id=32364, stack(0x00007f6528f11000,0x00007f6529012000)]
  0x00007f6568377800 JavaThread "Service Thread" daemon [_thread_blocked, id=32325, stack(0x00007f6529220000,0x00007f6529321000)]
  0x00007f6568372800 JavaThread "C1 CompilerThread11" daemon [_thread_blocked, id=32280, stack(0x00007f6529321000,0x00007f6529422000)]
  0x00007f6568370800 JavaThread "C1 CompilerThread10" daemon [_thread_blocked, id=32278, stack(0x00007f6529422000,0x00007f6529523000)]
  0x00007f656836e800 JavaThread "C1 CompilerThread9" daemon [_thread_blocked, id=32271, stack(0x00007f6529523000,0x00007f6529624000)]
  0x00007f656836c800 JavaThread "C1 CompilerThread8" daemon [_thread_blocked, id=32266, stack(0x00007f6529624000,0x00007f6529725000)]
  0x00007f656836a800 JavaThread "C2 CompilerThread7" daemon [_thread_blocked, id=32246, stack(0x00007f6529725000,0x00007f6529826000)]
  0x00007f6568368800 JavaThread "C2 CompilerThread6" daemon [_thread_blocked, id=32241, stack(0x00007f6529826000,0x00007f6529927000)]
  0x00007f6568366800 JavaThread "C2 CompilerThread5" daemon [_thread_blocked, id=32236, stack(0x00007f6529927000,0x00007f6529a28000)]
  0x00007f6568364800 JavaThread "C2 CompilerThread4" daemon [_thread_blocked, id=32234, stack(0x00007f6529a28000,0x00007f6529b29000)]
  0x00007f6568363000 JavaThread "C2 CompilerThread3" daemon [_thread_blocked, id=32232, stack(0x00007f6529b29000,0x00007f6529c2a000)]
  0x00007f6568361000 JavaThread "C2 CompilerThread2" daemon [_thread_blocked, id=32230, stack(0x00007f6529c2a000,0x00007f6529d2b000)]
  0x00007f656835f800 JavaThread "C2 CompilerThread1" daemon [_thread_blocked, id=32228, stack(0x00007f6529d2b000,0x00007f6529e2c000)]
  0x00007f656835c800 JavaThread "C2 CompilerThread0" daemon [_thread_blocked, id=32205, stack(0x00007f6529e2c000,0x00007f6529f2d000)]
  0x00007f656835b000 JavaThread "Signal Dispatcher" daemon [_thread_blocked, id=32200, stack(0x00007f6529f2d000,0x00007f652a02e000)]
  0x00007f6568323000 JavaThread "Finalizer" daemon [_thread_blocked, id=32017, stack(0x00007f652a5e6000,0x00007f652a6e7000)]
  0x00007f6568321000 JavaThread "Reference Handler" daemon [_thread_blocked, id=32016, stack(0x00007f652a6e7000,0x00007f652a7e8000)]
  0x00007f656800a800 JavaThread "main" [_thread_blocked, id=31609, stack(0x00007f6571853000,0x00007f6571954000)]

Other Threads:
=>0x00007f656831c000 VMThread [stack: 0x00007f652a7e8000,0x00007f652a8e9000] [id=32006]
  0x00007f656837a000 WatcherThread [stack: 0x00007f652911f000,0x00007f6529220000] [id=32329]

VM state:at safepoint (normal execution)

VM Mutex/Monitor currently owned by a thread:  ([mutex/lock_event])
[0x00007f6568006120] Threads_lock - owner thread: 0x00007f656831c000
[0x00007f6568006620] Heap_lock - owner thread: 0x00007f6568409000

Heap:
 PSYoungGen      total 2520064K, used 128767K [0x00000006f4900000, 0x00000007bc980000, 0x00000007c0000000)
  eden space 1863680K, 0% used [0x00000006f4900000,0x00000006f4900000,0x0000000766500000)
  from space 656384K, 19% used [0x0000000794880000,0x000000079c63fef0,0x00000007bc980000)
  to   space 670208K, 0% used [0x0000000766500000,0x0000000766500000,0x000000078f380000)
 ParOldGen       total 3378176K, used 2512107K [0x000000055da00000, 0x000000062bd00000, 0x00000006f4900000)
  object space 3378176K, 74% used [0x000000055da00000,0x00000005f6f3aed0,0x000000062bd00000)
 Metaspace       used 5289K, capacity 5540K, committed 5888K, reserved 1056768K
  class space    used 582K, capacity 672K, committed 768K, reserved 1048576K

Card table byte_map: [0x00007f656d12e000,0x00007f656e442000] byte_map_base: 0x00007f656a641000

Marking Bits: (ParMarkBitMap*) 0x00007f6570d4c760
 Begin Bits: [0x00007f64f0ed0000, 0x00007f64fa768000)
 End Bits:   [0x00007f64fa768000, 0x00007f6504000000)

Polling page: 0x00007f6571993000

CodeCache: size=245760Kb used=5105Kb max_used=5343Kb free=240655Kb
 bounds [0x00007f6559000000, 0x00007f6559540000, 0x00007f6568000000]
 total_blobs=1089 nmethods=793 adapters=209
 compilation: enabled

Compilation events (10 events):
Event: 4784,535 Thread 0x00007f6568370800  909   !   3       java.io.PrintStream::close (65 bytes)
Event: 4784,536 Thread 0x00007f6568372800  910  s    3       java.io.BufferedOutputStream::write (67 bytes)
Event: 4784,560 Thread 0x00007f656836c800 nmethod 908 0x00007f65593c5790 code [0x00007f65593c5940, 0x00007f65593c5f78]
Event: 4784,560 Thread 0x00007f6568372800 nmethod 910 0x00007f65593fc450 code [0x00007f65593fc620, 0x00007f65593fce78]
Event: 4784,560 Thread 0x00007f6568370800 nmethod 909 0x00007f6559316210 code [0x00007f65593163a0, 0x00007f6559316878]
Event: 5095,986 Thread 0x00007f656836c800  911   !   3       java.io.FileOutputStream::close (62 bytes)
Event: 5207,568 Thread 0x00007f656836c800 nmethod 911 0x00007f65593db810 code [0x00007f65593db9c0, 0x00007f65593dc058]
Event: 5318,717 Thread 0x00007f6568370800  912       3       java.lang.ThreadLocal$ThreadLocalMap::getEntry (42 bytes)
Event: 5322,255 Thread 0x00007f6568370800 nmethod 912 0x00007f65592f9f10 code [0x00007f65592fa080, 0x00007f65592fa388]
Event: 5333,499 Thread 0x00007f656835f800  913 %     4       java.util.Collections::shuffle @ 21 (127 bytes)

GC Heap History (10 events):
Event: 4414,719 GC heap after
Heap after GC invocations=170 (full 7):
 PSYoungGen      total 2373632K, used 338658K [0x00000006f4900000, 0x00000007b8200000, 0x00000007c0000000)
  eden space 1562112K, 0% used [0x00000006f4900000,0x00000006f4900000,0x0000000753e80000)
  from space 811520K, 41% used [0x0000000753e80000,0x0000000768938a28,0x0000000785700000)
  to   space 768512K, 0% used [0x0000000789380000,0x0000000789380000,0x00000007b8200000)
 ParOldGen       total 3378176K, used 843854K [0x000000055da00000, 0x000000062bd00000, 0x00000006f4900000)
  object space 3378176K, 24% used [0x000000055da00000,0x0000000591213820,0x000000062bd00000)
 Metaspace       used 5283K, capacity 5540K, committed 5888K, reserved 1056768K
  class space    used 582K, capacity 672K, committed 768K, reserved 1048576K
}
Event: 4419,647 GC heap before
{Heap before GC invocations=171 (full 7):
 PSYoungGen      total 2373632K, used 1900770K [0x00000006f4900000, 0x00000007b8200000, 0x00000007c0000000)
  eden space 1562112K, 100% used [0x00000006f4900000,0x0000000753e80000,0x0000000753e80000)
  from space 811520K, 41% used [0x0000000753e80000,0x0000000768938a28,0x0000000785700000)
  to   space 768512K, 0% used [0x0000000789380000,0x0000000789380000,0x00000007b8200000)
 ParOldGen       total 3378176K, used 843854K [0x000000055da00000, 0x000000062bd00000, 0x00000006f4900000)
  object space 3378176K, 24% used [0x000000055da00000,0x0000000591213820,0x000000062bd00000)
 Metaspace       used 5283K, capacity 5540K, committed 5888K, reserved 1056768K
  class space    used 582K, capacity 672K, committed 768K, reserved 1048576K
Event: 4420,265 GC heap after
Heap after GC invocations=171 (full 7):
 PSYoungGen      total 2475008K, used 338580K [0x00000006f4900000, 0x00000007b8900000, 0x00000007c0000000)
  eden space 1706496K, 0% used [0x00000006f4900000,0x00000006f4900000,0x000000075cb80000)
  from space 768512K, 44% used [0x0000000789380000,0x000000079de25148,0x00000007b8200000)
  to   space 729088K, 0% used [0x000000075cb80000,0x000000075cb80000,0x0000000789380000)
 ParOldGen       total 3378176K, used 1183064K [0x000000055da00000, 0x000000062bd00000, 0x00000006f4900000)
  object space 3378176K, 35% used [0x000000055da00000,0x00000005a5d56248,0x000000062bd00000)
 Metaspace       used 5283K, capacity 5540K, committed 5888K, reserved 1056768K
  class space    used 582K, capacity 672K, committed 768K, reserved 1048576K
}
Event: 4423,658 GC heap before
{Heap before GC invocations=172 (full 7):
 PSYoungGen      total 2475008K, used 2045076K [0x00000006f4900000, 0x00000007b8900000, 0x00000007c0000000)
  eden space 1706496K, 100% used [0x00000006f4900000,0x000000075cb80000,0x000000075cb80000)
  from space 768512K, 44% used [0x0000000789380000,0x000000079de25148,0x00000007b8200000)
  to   space 729088K, 0% used [0x000000075cb80000,0x000000075cb80000,0x0000000789380000)
 ParOldGen       total 3378176K, used 1183064K [0x000000055da00000, 0x000000062bd00000, 0x00000006f4900000)
  object space 3378176K, 35% used [0x000000055da00000,0x00000005a5d56248,0x000000062bd00000)
 Metaspace       used 5283K, capacity 5540K, committed 5888K, reserved 1056768K
  class space    used 582K, capacity 672K, committed 768K, reserved 1048576K
Event: 4424,209 GC heap after
Heap after GC invocations=172 (full 7):
 PSYoungGen      total 2435584K, used 369823K [0x00000006f4900000, 0x00000007b9d80000, 0x00000007c0000000)
  eden space 1706496K, 0% used [0x00000006f4900000,0x00000006f4900000,0x000000075cb80000)
  from space 729088K, 50% used [0x000000075cb80000,0x00000007734a7e50,0x0000000789380000)
  to   space 698368K, 0% used [0x000000078f380000,0x000000078f380000,0x00000007b9d80000)
 ParOldGen       total 3378176K, used 1522204K [0x000000055da00000, 0x000000062bd00000, 0x00000006f4900000)
  object space 3378176K, 45% used [0x000000055da00000,0x00000005ba8870c8,0x000000062bd00000)
 Metaspace       used 5283K, capacity 5540K, committed 5888K, reserved 1056768K
  class space    used 582K, capacity 672K, committed 768K, reserved 1048576K
}
Event: 4427,732 GC heap before
{Heap before GC invocations=173 (full 7):
 PSYoungGen      total 2435584K, used 2076319K [0x00000006f4900000, 0x00000007b9d80000, 0x00000007c0000000)
  eden space 1706496K, 100% used [0x00000006f4900000,0x000000075cb80000,0x000000075cb80000)
  from space 729088K, 50% used [0x000000075cb80000,0x00000007734a7e50,0x0000000789380000)
  to   space 698368K, 0% used [0x000000078f380000,0x000000078f380000,0x00000007b9d80000)
 ParOldGen       total 3378176K, used 1522204K [0x000000055da00000, 0x000000062bd00000, 0x00000006f4900000)
  object space 3378176K, 45% used [0x000000055da00000,0x00000005ba8870c8,0x000000062bd00000)
 Metaspace       used 5283K, capacity 5540K, committed 5888K, reserved 1056768K
  class space    used 582K, capacity 672K, committed 768K, reserved 1048576K
Event: 4428,345 GC heap after
Heap after GC invocations=173 (full 7):
 PSYoungGen      total 2562048K, used 369869K [0x00000006f4900000, 0x00000007bab00000, 0x00000007c0000000)
  eden space 1863680K, 0% used [0x00000006f4900000,0x00000006f4900000,0x0000000766500000)
  from space 698368K, 52% used [0x000000078f380000,0x00000007a5cb3508,0x00000007b9d80000)
  to   space 670208K, 0% used [0x0000000766500000,0x0000000766500000,0x000000078f380000)
 ParOldGen       total 3378176K, used 1892703K [0x000000055da00000, 0x000000062bd00000, 0x00000006f4900000)
  object space 3378176K, 56% used [0x000000055da00000,0x00000005d1257ca0,0x000000062bd00000)
 Metaspace       used 5283K, capacity 5540K, committed 5888K, reserved 1056768K
  class space    used 582K, capacity 672K, committed 768K, reserved 1048576K
}
Event: 4432,728 GC heap before
{Heap before GC invocations=174 (full 7):
 PSYoungGen      total 2562048K, used 2233549K [0x00000006f4900000, 0x00000007bab00000, 0x00000007c0000000)
  eden space 1863680K, 100% used [0x00000006f4900000,0x0000000766500000,0x0000000766500000)
  from space 698368K, 52% used [0x000000078f380000,0x00000007a5cb3508,0x00000007b9d80000)
  to   space 670208K, 0% used [0x0000000766500000,0x0000000766500000,0x000000078f380000)
 ParOldGen       total 3378176K, used 1892703K [0x000000055da00000, 0x000000062bd00000, 0x00000006f4900000)
  object space 3378176K, 56% used [0x000000055da00000,0x00000005d1257ca0,0x000000062bd00000)
 Metaspace       used 5284K, capacity 5540K, committed 5888K, reserved 1056768K
  class space    used 582K, capacity 672K, committed 768K, reserved 1048576K
Event: 4433,410 GC heap after
Heap after GC invocations=174 (full 7):
 PSYoungGen      total 2533888K, used 403859K [0x00000006f4900000, 0x00000007bc980000, 0x00000007c0000000)
  eden space 1863680K, 0% used [0x00000006f4900000,0x00000006f4900000,0x0000000766500000)
  from space 670208K, 60% used [0x0000000766500000,0x000000077ef64fa0,0x000000078f380000)
  to   space 656384K, 0% used [0x0000000794880000,0x0000000794880000,0x00000007bc980000)
 ParOldGen       total 3378176K, used 2263228K [0x000000055da00000, 0x000000062bd00000, 0x00000006f4900000)
  object space 3378176K, 66% used [0x000000055da00000,0x00000005e7c2f1a8,0x000000062bd00000)
 Metaspace       used 5284K, capacity 5540K, committed 5888K, reserved 1056768K
  class space    used 582K, capacity 672K, committed 768K, reserved 1048576K
}
Event: 5349,163 GC heap before
{Heap before GC invocations=175 (full 7):
 PSYoungGen      total 2533888K, used 2267539K [0x00000006f4900000, 0x00000007bc980000, 0x00000007c0000000)
  eden space 1863680K, 100% used [0x00000006f4900000,0x0000000766500000,0x0000000766500000)
  from space 670208K, 60% used [0x0000000766500000,0x000000077ef64fa0,0x000000078f380000)
  to   space 656384K, 0% used [0x0000000794880000,0x0000000794880000,0x00000007bc980000)
 ParOldGen       total 3378176K, used 2263228K [0x000000055da00000, 0x000000062bd00000, 0x00000006f4900000)
  object space 3378176K, 66% used [0x000000055da00000,0x00000005e7c2f1a8,0x000000062bd00000)
 Metaspace       used 5289K, capacity 5540K, committed 5888K, reserved 1056768K
  class space    used 582K, capacity 672K, committed 768K, reserved 1048576K

Deoptimization events (10 events):
Event: 245,769 Thread 0x00007f6568409000 Uncommon trap: reason=unstable_if action=reinterpret pc=0x00007f65593ef598 method=java.util.HashMap.putVal(ILjava/lang/Object;Ljava/lang/Object;ZZ)Ljava/lang/Object; @ 162
Event: 245,769 Thread 0x00007f6568409000 Uncommon trap: reason=unstable_if action=reinterpret pc=0x00007f65593e1114 method=java.util.HashMap.putVal(ILjava/lang/Object;Ljava/lang/Object;ZZ)Ljava/lang/Object; @ 162
Event: 245,771 Thread 0x00007f6568409000 Uncommon trap: reason=unstable_if action=reinterpret pc=0x00007f655941edf8 method=java.util.HashMap.putVal(ILjava/lang/Object;Ljava/lang/Object;ZZ)Ljava/lang/Object; @ 162
Event: 313,305 Thread 0x00007f6568409000 Uncommon trap: reason=predicate action=maybe_recompile pc=0x00007f6559398438 method=java.util.ArrayList.indexOf(Ljava/lang/Object;)I @ 44
Event: 313,305 Thread 0x00007f6568409000 Uncommon trap: reason=predicate action=maybe_recompile pc=0x00007f655930f25c method=java.util.ArrayList.indexOf(Ljava/lang/Object;)I @ 44
Event: 313,307 Thread 0x00007f6568409000 Uncommon trap: reason=unstable_if action=reinterpret pc=0x00007f655943a974 method=edu.ufpr.cbio.psp.problem.PSPProblem.evaluate(Lorg/uma/jmetal/core/Solution;)V @ 330
Event: 317,137 Thread 0x00007f6568409000 Uncommon trap: reason=unstable_if action=reinterpret pc=0x00007f65594628e0 method=edu.ufpr.cbio.psp.algorithms.hyperheuristic.IBEAHyperHeuristic.computeIndicatorValuesHD(Lorg/uma/jmetal/core/SolutionSet;[D[D)V @ 196
Event: 477,708 Thread 0x00007f6568409000 Uncommon trap: reason=unstable_if action=reinterpret pc=0x00007f6559513988 method=edu.ufpr.cbio.psp.algorithms.hyperheuristic.IBEAHyperHeuristic.computeIndicatorValuesHD(Lorg/uma/jmetal/core/SolutionSet;[D[D)V @ 27
Event: 1419,969 Thread 0x00007f6568409000 Uncommon trap: reason=unstable_if action=reinterpret pc=0x00007f6559425c74 method=java.util.HashMap.putVal(ILjava/lang/Object;Ljava/lang/Object;ZZ)Ljava/lang/Object; @ 162
Event: 1583,733 Thread 0x00007f6568409000 Uncommon trap: reason=unstable_if action=reinterpret pc=0x00007f65594ff0bc method=edu.ufpr.cbio.psp.algorithms.hyperheuristic.IBEAHyperHeuristic.computeIndicatorValuesHD(Lorg/uma/jmetal/core/SolutionSet;[D[D)V @ 27

Internal exceptions (8 events):
Event: 0,092 Thread 0x00007f656800a800 Exception <a 'java/lang/NoSuchMethodError': Method sun.misc.Unsafe.defineClass(Ljava/lang/String;[BII)Ljava/lang/Class; name or signature does not match> (0x00000006f4912a30) thrown at [/RE-WORK/workspace/8-2-build-linux-amd64/jdk8u45/3457/hotspot/src/sha
Event: 0,092 Thread 0x00007f656800a800 Exception <a 'java/lang/NoSuchMethodError': Method sun.misc.Unsafe.prefetchRead(Ljava/lang/Object;J)V name or signature does not match> (0x00000006f4912cc0) thrown at [/RE-WORK/workspace/8-2-build-linux-amd64/jdk8u45/3457/hotspot/src/share/vm/prims/jni.cp
Event: 0,333 Thread 0x00007f656800a800 Exception <a 'java/security/PrivilegedActionException'> (0x00000006f49d3968) thrown at [/RE-WORK/workspace/8-2-build-linux-amd64/jdk8u45/3457/hotspot/src/share/vm/prims/jvm.cpp, line 1382]
Event: 0,333 Thread 0x00007f656800a800 Exception <a 'java/security/PrivilegedActionException'> (0x00000006f49d3b20) thrown at [/RE-WORK/workspace/8-2-build-linux-amd64/jdk8u45/3457/hotspot/src/share/vm/prims/jvm.cpp, line 1382]
Event: 0,338 Thread 0x00007f656800a800 Exception <a 'java/security/PrivilegedActionException'> (0x00000006f49d63b8) thrown at [/RE-WORK/workspace/8-2-build-linux-amd64/jdk8u45/3457/hotspot/src/share/vm/prims/jvm.cpp, line 1382]
Event: 0,338 Thread 0x00007f656800a800 Exception <a 'java/security/PrivilegedActionException'> (0x00000006f49d6570) thrown at [/RE-WORK/workspace/8-2-build-linux-amd64/jdk8u45/3457/hotspot/src/share/vm/prims/jvm.cpp, line 1382]
Event: 2,494 Thread 0x00007f6568409000 Exception <a 'java/lang/NoSuchFieldError': method resolution failed> (0x00000006fbec4ff0) thrown at [/RE-WORK/workspace/8-2-build-linux-amd64/jdk8u45/3457/hotspot/src/share/vm/prims/methodHandles.cpp, line 1125]
Event: 2,497 Thread 0x00007f6568409000 Exception <a 'java/lang/NoSuchFieldError': method resolution failed> (0x00000006fbed3680) thrown at [/RE-WORK/workspace/8-2-build-linux-amd64/jdk8u45/3457/hotspot/src/share/vm/prims/methodHandles.cpp, line 1125]

Events (10 events):
Event: 5212,404 Thread 0x00007f656836c800 flushing nmethod 0x00007f65593d4310
Event: 5214,341 Thread 0x00007f656836c800 flushing nmethod 0x00007f65593d46d0
Event: 5216,773 Thread 0x00007f656836c800 flushing nmethod 0x00007f65593d4b50
Event: 5219,204 Thread 0x00007f656836c800 flushing nmethod 0x00007f65593d4f90
Event: 5221,066 Thread 0x00007f656836c800 flushing nmethod 0x00007f65593d5410
Event: 5228,626 Thread 0x00007f656836c800 flushing nmethod 0x00007f65593e0d50
Event: 5324,027 Thread 0x00007f6568370800 flushing nmethod 0x00007f65593eecd0
Event: 5326,244 Thread 0x00007f6568370800 flushing nmethod 0x00007f65594017d0
Event: 5329,357 Thread 0x00007f6568370800 flushing nmethod 0x00007f655941e910
Event: 5348,773 Executing VM operation: ParallelGCFailedAllocation


Dynamic libraries:
00400000-00401000 r-xp 00000000 00:2c 34522951                           /home/ppginf/vdfontoura/jdk1.8.0_45/bin/java
00600000-00601000 rw-p 00000000 00:2c 34522951                           /home/ppginf/vdfontoura/jdk1.8.0_45/bin/java
00b3a000-00b5b000 rw-p 00000000 00:00 0                                  [heap]
55da00000-62bd00000 rw-p 00000000 00:00 0 
62bd00000-6f4900000 ---p 00000000 00:00 0 
6f4900000-7bc980000 rw-p 00000000 00:00 0 
7c0000000-7c00c0000 rw-p 00000000 00:00 0 
7c00c0000-800000000 ---p 00000000 00:00 0 
7f64a4000000-7f64a4021000 rw-p 00000000 00:00 0 
7f64a4021000-7f64a8000000 ---p 00000000 00:00 0 
7f64a8000000-7f64a8294000 rw-p 00000000 00:00 0 
7f64a8294000-7f64ac000000 ---p 00000000 00:00 0 
7f64ac000000-7f64ac10d000 rw-p 00000000 00:00 0 
7f64ac10d000-7f64b0000000 ---p 00000000 00:00 0 
7f64b0000000-7f64b0021000 rw-p 00000000 00:00 0 
7f64b0021000-7f64b4000000 ---p 00000000 00:00 0 
7f64b4000000-7f64b4116000 rw-p 00000000 00:00 0 
7f64b4116000-7f64b8000000 ---p 00000000 00:00 0 
7f64b8000000-7f64b811f000 rw-p 00000000 00:00 0 
7f64b811f000-7f64bc000000 ---p 00000000 00:00 0 
7f64bc000000-7f64bc75c000 rw-p 00000000 00:00 0 
7f64bc75c000-7f64c0000000 ---p 00000000 00:00 0 
7f64c0000000-7f64c011a000 rw-p 00000000 00:00 0 
7f64c011a000-7f64c4000000 ---p 00000000 00:00 0 
7f64c4000000-7f64c4445000 rw-p 00000000 00:00 0 
7f64c4445000-7f64c8000000 ---p 00000000 00:00 0 
7f64c8000000-7f64c86af000 rw-p 00000000 00:00 0 
7f64c86af000-7f64cc000000 ---p 00000000 00:00 0 
7f64cc000000-7f64cc3d8000 rw-p 00000000 00:00 0 
7f64cc3d8000-7f64d0000000 ---p 00000000 00:00 0 
7f64d0000000-7f64d0283000 rw-p 00000000 00:00 0 
7f64d0283000-7f64d4000000 ---p 00000000 00:00 0 
7f64d4000000-7f64d45a2000 rw-p 00000000 00:00 0 
7f64d45a2000-7f64d8000000 ---p 00000000 00:00 0 
7f64d8000000-7f64d8344000 rw-p 00000000 00:00 0 
7f64d8344000-7f64dc000000 ---p 00000000 00:00 0 
7f64dc000000-7f64dc021000 rw-p 00000000 00:00 0 
7f64dc021000-7f64e0000000 ---p 00000000 00:00 0 
7f64e0000000-7f64e0495000 rw-p 00000000 00:00 0 
7f64e0495000-7f64e4000000 ---p 00000000 00:00 0 
7f64e4000000-7f64e4021000 rw-p 00000000 00:00 0 
7f64e4021000-7f64e8000000 ---p 00000000 00:00 0 
7f64e8000000-7f64e8021000 rw-p 00000000 00:00 0 
7f64e8021000-7f64ec000000 ---p 00000000 00:00 0 
7f64ec000000-7f64ec28c000 rw-p 00000000 00:00 0 
7f64ec28c000-7f64f0000000 ---p 00000000 00:00 0 
7f64f0ed0000-7f6504000000 rw-p 00000000 00:00 0 
7f6504000000-7f6504021000 rw-p 00000000 00:00 0 
7f6504021000-7f6508000000 ---p 00000000 00:00 0 
7f650c000000-7f650c021000 rw-p 00000000 00:00 0 
7f650c021000-7f6510000000 ---p 00000000 00:00 0 
7f6510000000-7f6510021000 rw-p 00000000 00:00 0 
7f6510021000-7f6514000000 ---p 00000000 00:00 0 
7f6514000000-7f6514021000 rw-p 00000000 00:00 0 
7f6514021000-7f6518000000 ---p 00000000 00:00 0 
7f6518000000-7f6518021000 rw-p 00000000 00:00 0 
7f6518021000-7f651c000000 ---p 00000000 00:00 0 
7f651c000000-7f651c021000 rw-p 00000000 00:00 0 
7f651c021000-7f6520000000 ---p 00000000 00:00 0 
7f6520000000-7f6520021000 rw-p 00000000 00:00 0 
7f6520021000-7f6524000000 ---p 00000000 00:00 0 
7f6524000000-7f6524021000 rw-p 00000000 00:00 0 
7f6524021000-7f6528000000 ---p 00000000 00:00 0 
7f6528e11000-7f6528f11000 rw-p 00000000 00:00 0 
7f6528f11000-7f6528f14000 ---p 00000000 00:00 0 
7f6528f14000-7f6529012000 rw-p 00000000 00:00 0                          [stack:32364]
7f6529012000-7f652911f000 r--s 010c9000 00:2c 55319431                   /home/ppginf/vdfontoura/psp-2D/chapter_approach/target/IBEAHH.jar
7f652911f000-7f6529120000 ---p 00000000 00:00 0 
7f6529120000-7f6529220000 rw-p 00000000 00:00 0                          [stack:32329]
7f6529220000-7f6529223000 ---p 00000000 00:00 0 
7f6529223000-7f6529321000 rw-p 00000000 00:00 0                          [stack:32325]
7f6529321000-7f6529324000 ---p 00000000 00:00 0 
7f6529324000-7f6529422000 rw-p 00000000 00:00 0                          [stack:32280]
7f6529422000-7f6529425000 ---p 00000000 00:00 0 
7f6529425000-7f6529523000 rw-p 00000000 00:00 0                          [stack:32278]
7f6529523000-7f6529526000 ---p 00000000 00:00 0 
7f6529526000-7f6529624000 rw-p 00000000 00:00 0                          [stack:32271]
7f6529624000-7f6529627000 ---p 00000000 00:00 0 
7f6529627000-7f6529725000 rw-p 00000000 00:00 0                          [stack:32266]
7f6529725000-7f6529728000 ---p 00000000 00:00 0 
7f6529728000-7f6529826000 rw-p 00000000 00:00 0                          [stack:32246]
7f6529826000-7f6529829000 ---p 00000000 00:00 0 
7f6529829000-7f6529927000 rw-p 00000000 00:00 0                          [stack:32241]
7f6529927000-7f652992a000 ---p 00000000 00:00 0 
7f652992a000-7f6529a28000 rw-p 00000000 00:00 0                          [stack:32236]
7f6529a28000-7f6529a2b000 ---p 00000000 00:00 0 
7f6529a2b000-7f6529b29000 rw-p 00000000 00:00 0                          [stack:32234]
7f6529b29000-7f6529b2c000 ---p 00000000 00:00 0 
7f6529b2c000-7f6529c2a000 rw-p 00000000 00:00 0                          [stack:32232]
7f6529c2a000-7f6529c2d000 ---p 00000000 00:00 0 
7f6529c2d000-7f6529d2b000 rw-p 00000000 00:00 0                          [stack:32230]
7f6529d2b000-7f6529d2e000 ---p 00000000 00:00 0 
7f6529d2e000-7f6529e2c000 rw-p 00000000 00:00 0                          [stack:32228]
7f6529e2c000-7f6529e2f000 ---p 00000000 00:00 0 
7f6529e2f000-7f6529f2d000 rw-p 00000000 00:00 0                          [stack:32205]
7f6529f2d000-7f6529f30000 ---p 00000000 00:00 0 
7f6529f30000-7f652a02e000 rw-p 00000000 00:00 0                          [stack:32200]
7f652a02e000-7f652a5e6000 r--p 00000000 00:15 231                        /usr/lib/locale/locale-archive
7f652a5e6000-7f652a5e9000 ---p 00000000 00:00 0 
7f652a5e9000-7f652a6e7000 rw-p 00000000 00:00 0                          [stack:32017]
7f652a6e7000-7f652a6ea000 ---p 00000000 00:00 0 
7f652a6ea000-7f652a7e8000 rw-p 00000000 00:00 0                          [stack:32016]
7f652a7e8000-7f652a7e9000 ---p 00000000 00:00 0 
7f652a7e9000-7f652c000000 rw-p 00000000 00:00 0                          [stack:32006]
7f652c000000-7f652c021000 rw-p 00000000 00:00 0 
7f652c021000-7f6530000000 ---p 00000000 00:00 0 
7f65300f2000-7f6532314000 rw-p 00000000 00:00 0 
7f6532314000-7f65324ed000 r--s 03d09000 00:2c 34523101                   /home/ppginf/vdfontoura/jdk1.8.0_45/jre/lib/rt.jar
7f65324ed000-7f65329ed000 rw-p 00000000 00:00 0 
7f65329ed000-7f6532ced000 ---p 00000000 00:00 0 
7f6532ced000-7f6534000000 rw-p 00000000 00:00 0 
7f6534000000-7f6534021000 rw-p 00000000 00:00 0 
7f6534021000-7f6538000000 ---p 00000000 00:00 0 
7f6538000000-7f6538021000 rw-p 00000000 00:00 0 
7f6538021000-7f653c000000 ---p 00000000 00:00 0 
7f653c000000-7f653c021000 rw-p 00000000 00:00 0 
7f653c021000-7f6540000000 ---p 00000000 00:00 0 
7f6540000000-7f6540021000 rw-p 00000000 00:00 0 
7f6540021000-7f6544000000 ---p 00000000 00:00 0 
7f6544000000-7f6544021000 rw-p 00000000 00:00 0 
7f6544021000-7f6548000000 ---p 00000000 00:00 0 
7f6548000000-7f6548021000 rw-p 00000000 00:00 0 
7f6548021000-7f654c000000 ---p 00000000 00:00 0 
7f654c000000-7f654c021000 rw-p 00000000 00:00 0 
7f654c021000-7f6550000000 ---p 00000000 00:00 0 
7f6550000000-7f6550021000 rw-p 00000000 00:00 0 
7f6550021000-7f6554000000 ---p 00000000 00:00 0 
7f6554000000-7f6554021000 rw-p 00000000 00:00 0 
7f6554021000-7f6558000000 ---p 00000000 00:00 0 
7f65580bd000-7f65581f2000 rw-p 00000000 00:00 0 
7f65581f2000-7f65581f3000 ---p 00000000 00:00 0 
7f65581f3000-7f65582f3000 rw-p 00000000 00:00 0                          [stack:31782]
7f65582f3000-7f65582f4000 ---p 00000000 00:00 0 
7f65582f4000-7f65583f4000 rw-p 00000000 00:00 0                          [stack:31781]
7f65583f4000-7f65583f5000 ---p 00000000 00:00 0 
7f65583f5000-7f65584f5000 rw-p 00000000 00:00 0                          [stack:31778]
7f65584f5000-7f65584f6000 ---p 00000000 00:00 0 
7f65584f6000-7f65585f6000 rw-p 00000000 00:00 0                          [stack:31764]
7f65585f6000-7f65585f7000 ---p 00000000 00:00 0 
7f65585f7000-7f65586f7000 rw-p 00000000 00:00 0                          [stack:31752]
7f65586f7000-7f65586f8000 ---p 00000000 00:00 0 
7f65586f8000-7f65587f8000 rw-p 00000000 00:00 0                          [stack:31746]
7f65587f8000-7f65587f9000 ---p 00000000 00:00 0 
7f65587f9000-7f65588f9000 rw-p 00000000 00:00 0                          [stack:31741]
7f65588f9000-7f65588fa000 ---p 00000000 00:00 0 
7f65588fa000-7f65589fa000 rw-p 00000000 00:00 0                          [stack:31734]
7f65589fa000-7f65589fb000 ---p 00000000 00:00 0 
7f65589fb000-7f6558afb000 rw-p 00000000 00:00 0                          [stack:31728]
7f6558afb000-7f6558afc000 ---p 00000000 00:00 0 
7f6558afc000-7f6558bfc000 rw-p 00000000 00:00 0                          [stack:31722]
7f6558bfc000-7f6558bfd000 ---p 00000000 00:00 0 
7f6558bfd000-7f6558cfd000 rw-p 00000000 00:00 0                          [stack:31716]
7f6558cfd000-7f6558cfe000 ---p 00000000 00:00 0 
7f6558cfe000-7f6558dfe000 rw-p 00000000 00:00 0                          [stack:31712]
7f6558dfe000-7f6558dff000 ---p 00000000 00:00 0 
7f6558dff000-7f6558eff000 rw-p 00000000 00:00 0                          [stack:31706]
7f6558eff000-7f6558f00000 ---p 00000000 00:00 0 
7f6558f00000-7f6559000000 rw-p 00000000 00:00 0                          [stack:31688]
7f6559000000-7f6559540000 rwxp 00000000 00:00 0 
7f6559540000-7f6568000000 ---p 00000000 00:00 0 
7f6568000000-7f656840a000 rw-p 00000000 00:00 0 
7f656840a000-7f656c000000 ---p 00000000 00:00 0 
7f656c050000-7f656c072000 r--p 00000000 00:15 3909                       /usr/share/locale-langpack/pt_BR/LC_MESSAGES/libc.mo
7f656c072000-7f656c073000 ---p 00000000 00:00 0 
7f656c073000-7f656c173000 rw-p 00000000 00:00 0                          [stack:31660]
7f656c173000-7f656c174000 ---p 00000000 00:00 0 
7f656c174000-7f656c274000 rw-p 00000000 00:00 0                          [stack:31653]
7f656c274000-7f656c275000 ---p 00000000 00:00 0 
7f656c275000-7f656c375000 rw-p 00000000 00:00 0                          [stack:31644]
7f656c375000-7f656c376000 ---p 00000000 00:00 0 
7f656c376000-7f656cae8000 rw-p 00000000 00:00 0                          [stack:31641]
7f656cae8000-7f656d12e000 ---p 00000000 00:00 0 
7f656d12e000-7f656d7a0000 rw-p 00000000 00:00 0 
7f656d7a0000-7f656dde5000 ---p 00000000 00:00 0 
7f656dde5000-7f656e426000 rw-p 00000000 00:00 0 
7f656e426000-7f656e441000 ---p 00000000 00:00 0 
7f656e441000-7f656e457000 rw-p 00000000 00:00 0 
7f656e457000-7f656e802000 ---p 00000000 00:00 0 
7f656e802000-7f656e81c000 r-xp 00000000 00:2c 34523211                   /home/ppginf/vdfontoura/jdk1.8.0_45/jre/lib/amd64/libzip.so
7f656e81c000-7f656ea1c000 ---p 0001a000 00:2c 34523211                   /home/ppginf/vdfontoura/jdk1.8.0_45/jre/lib/amd64/libzip.so
7f656ea1c000-7f656ea1d000 rw-p 0001a000 00:2c 34523211                   /home/ppginf/vdfontoura/jdk1.8.0_45/jre/lib/amd64/libzip.so
7f656ea1d000-7f656ea29000 r-xp 00000000 00:15 181                        /lib/x86_64-linux-gnu/libnss_ldap.so.2
7f656ea29000-7f656ec28000 ---p 0000c000 00:15 181                        /lib/x86_64-linux-gnu/libnss_ldap.so.2
7f656ec28000-7f656ec29000 r--p 0000b000 00:15 181                        /lib/x86_64-linux-gnu/libnss_ldap.so.2
7f656ec29000-7f656ec2a000 rw-p 0000c000 00:15 181                        /lib/x86_64-linux-gnu/libnss_ldap.so.2
7f656ec2a000-7f656ec35000 r-xp 00000000 00:15 178                        /lib/x86_64-linux-gnu/libnss_files-2.19.so
7f656ec35000-7f656ee34000 ---p 0000b000 00:15 178                        /lib/x86_64-linux-gnu/libnss_files-2.19.so
7f656ee34000-7f656ee35000 r--p 0000a000 00:15 178                        /lib/x86_64-linux-gnu/libnss_files-2.19.so
7f656ee35000-7f656ee36000 rw-p 0000b000 00:15 178                        /lib/x86_64-linux-gnu/libnss_files-2.19.so
7f656ee36000-7f656ee41000 r-xp 00000000 00:15 176                        /lib/x86_64-linux-gnu/libnss_nis-2.19.so
7f656ee41000-7f656f040000 ---p 0000b000 00:15 176                        /lib/x86_64-linux-gnu/libnss_nis-2.19.so
7f656f040000-7f656f041000 r--p 0000a000 00:15 176                        /lib/x86_64-linux-gnu/libnss_nis-2.19.so
7f656f041000-7f656f042000 rw-p 0000b000 00:15 176                        /lib/x86_64-linux-gnu/libnss_nis-2.19.so
7f656f042000-7f656f059000 r-xp 00000000 00:15 174                        /lib/x86_64-linux-gnu/libnsl-2.19.so
7f656f059000-7f656f258000 ---p 00017000 00:15 174                        /lib/x86_64-linux-gnu/libnsl-2.19.so
7f656f258000-7f656f259000 r--p 00016000 00:15 174                        /lib/x86_64-linux-gnu/libnsl-2.19.so
7f656f259000-7f656f25a000 rw-p 00017000 00:15 174                        /lib/x86_64-linux-gnu/libnsl-2.19.so
7f656f25a000-7f656f25c000 rw-p 00000000 00:00 0 
7f656f25c000-7f656f265000 r-xp 00000000 00:15 172                        /lib/x86_64-linux-gnu/libnss_compat-2.19.so
7f656f265000-7f656f464000 ---p 00009000 00:15 172                        /lib/x86_64-linux-gnu/libnss_compat-2.19.so
7f656f464000-7f656f465000 r--p 00008000 00:15 172                        /lib/x86_64-linux-gnu/libnss_compat-2.19.so
7f656f465000-7f656f466000 rw-p 00009000 00:15 172                        /lib/x86_64-linux-gnu/libnss_compat-2.19.so
7f656f466000-7f656f490000 r-xp 00000000 00:2c 34523126                   /home/ppginf/vdfontoura/jdk1.8.0_45/jre/lib/amd64/libjava.so
7f656f490000-7f656f690000 ---p 0002a000 00:2c 34523126                   /home/ppginf/vdfontoura/jdk1.8.0_45/jre/lib/amd64/libjava.so
7f656f690000-7f656f692000 rw-p 0002a000 00:2c 34523126                   /home/ppginf/vdfontoura/jdk1.8.0_45/jre/lib/amd64/libjava.so
7f656f692000-7f656f69f000 r-xp 00000000 00:2c 34523210                   /home/ppginf/vdfontoura/jdk1.8.0_45/jre/lib/amd64/libverify.so
7f656f69f000-7f656f89f000 ---p 0000d000 00:2c 34523210                   /home/ppginf/vdfontoura/jdk1.8.0_45/jre/lib/amd64/libverify.so
7f656f89f000-7f656f8a1000 rw-p 0000d000 00:2c 34523210                   /home/ppginf/vdfontoura/jdk1.8.0_45/jre/lib/amd64/libverify.so
7f656f8a1000-7f656f8a8000 r-xp 00000000 00:15 44                         /lib/x86_64-linux-gnu/librt-2.19.so
7f656f8a8000-7f656faa7000 ---p 00007000 00:15 44                         /lib/x86_64-linux-gnu/librt-2.19.so
7f656faa7000-7f656faa8000 r--p 00006000 00:15 44                         /lib/x86_64-linux-gnu/librt-2.19.so
7f656faa8000-7f656faa9000 rw-p 00007000 00:15 44                         /lib/x86_64-linux-gnu/librt-2.19.so
7f656faa9000-7f656fbae000 r-xp 00000000 00:15 309                        /lib/x86_64-linux-gnu/libm-2.19.so
7f656fbae000-7f656fdad000 ---p 00105000 00:15 309                        /lib/x86_64-linux-gnu/libm-2.19.so
7f656fdad000-7f656fdae000 r--p 00104000 00:15 309                        /lib/x86_64-linux-gnu/libm-2.19.so
7f656fdae000-7f656fdaf000 rw-p 00105000 00:15 309                        /lib/x86_64-linux-gnu/libm-2.19.so
7f656fdaf000-7f6570a5d000 r-xp 00000000 00:2c 34523214                   /home/ppginf/vdfontoura/jdk1.8.0_45/jre/lib/amd64/server/libjvm.so
7f6570a5d000-7f6570c5c000 ---p 00cae000 00:2c 34523214                   /home/ppginf/vdfontoura/jdk1.8.0_45/jre/lib/amd64/server/libjvm.so
7f6570c5c000-7f6570d33000 rw-p 00cad000 00:2c 34523214                   /home/ppginf/vdfontoura/jdk1.8.0_45/jre/lib/amd64/server/libjvm.so
7f6570d33000-7f6570d77000 rw-p 00000000 00:00 0 
7f6570d77000-7f6570f32000 r-xp 00000000 00:15 46                         /lib/x86_64-linux-gnu/libc-2.19.so
7f6570f32000-7f6571131000 ---p 001bb000 00:15 46                         /lib/x86_64-linux-gnu/libc-2.19.so
7f6571131000-7f6571135000 r--p 001ba000 00:15 46                         /lib/x86_64-linux-gnu/libc-2.19.so
7f6571135000-7f6571137000 rw-p 001be000 00:15 46                         /lib/x86_64-linux-gnu/libc-2.19.so
7f6571137000-7f657113c000 rw-p 00000000 00:00 0 
7f657113c000-7f657113f000 r-xp 00000000 00:15 52                         /lib/x86_64-linux-gnu/libdl-2.19.so
7f657113f000-7f657133e000 ---p 00003000 00:15 52                         /lib/x86_64-linux-gnu/libdl-2.19.so
7f657133e000-7f657133f000 r--p 00002000 00:15 52                         /lib/x86_64-linux-gnu/libdl-2.19.so
7f657133f000-7f6571340000 rw-p 00003000 00:15 52                         /lib/x86_64-linux-gnu/libdl-2.19.so
7f6571340000-7f6571355000 r-xp 00000000 00:2c 34523376                   /home/ppginf/vdfontoura/jdk1.8.0_45/lib/amd64/jli/libjli.so
7f6571355000-7f6571555000 ---p 00015000 00:2c 34523376                   /home/ppginf/vdfontoura/jdk1.8.0_45/lib/amd64/jli/libjli.so
7f6571555000-7f6571556000 rw-p 00015000 00:2c 34523376                   /home/ppginf/vdfontoura/jdk1.8.0_45/lib/amd64/jli/libjli.so
7f6571556000-7f657156f000 r-xp 00000000 00:15 48                         /lib/x86_64-linux-gnu/libpthread-2.19.so
7f657156f000-7f657176e000 ---p 00019000 00:15 48                         /lib/x86_64-linux-gnu/libpthread-2.19.so
7f657176e000-7f657176f000 r--p 00018000 00:15 48                         /lib/x86_64-linux-gnu/libpthread-2.19.so
7f657176f000-7f6571770000 rw-p 00019000 00:15 48                         /lib/x86_64-linux-gnu/libpthread-2.19.so
7f6571770000-7f6571774000 rw-p 00000000 00:00 0 
7f6571774000-7f6571797000 r-xp 00000000 00:15 32                         /lib/x86_64-linux-gnu/ld-2.19.so
7f65717a9000-7f6571853000 rw-p 00000000 00:00 0 
7f6571853000-7f6571856000 ---p 00000000 00:00 0 
7f6571856000-7f6571958000 rw-p 00000000 00:00 0                          [stack:31609]
7f657195c000-7f6571963000 r--s 00000000 00:15 245                        /usr/lib/x86_64-linux-gnu/gconv/gconv-modules.cache
7f6571963000-7f657196e000 r--s 00116000 00:2c 34523300                   /home/ppginf/vdfontoura/jdk1.8.0_45/jre/lib/ext/localedata.jar
7f657196e000-7f657198a000 r--s 00393000 00:2c 34523297                   /home/ppginf/vdfontoura/jdk1.8.0_45/jre/lib/ext/cldrdata.jar
7f657198a000-7f6571992000 rw-s 00000000 00:19 174854                     /tmp/hsperfdata_vdfontoura/31593
7f6571992000-7f6571993000 rw-p 00000000 00:00 0 
7f6571993000-7f6571994000 ---p 00000000 00:00 0 
7f6571994000-7f6571996000 rw-p 00000000 00:00 0 
7f6571996000-7f6571997000 r--p 00022000 00:15 32                         /lib/x86_64-linux-gnu/ld-2.19.so
7f6571997000-7f6571998000 rw-p 00023000 00:15 32                         /lib/x86_64-linux-gnu/ld-2.19.so
7f6571998000-7f6571999000 rw-p 00000000 00:00 0 
7fffb63c3000-7fffb63e4000 rw-p 00000000 00:00 0                          [stack]
7fffb63e6000-7fffb63e8000 r--p 00000000 00:00 0                          [vvar]
7fffb63e8000-7fffb63ea000 r-xp 00000000 00:00 0                          [vdso]
ffffffffff600000-ffffffffff601000 r-xp 00000000 00:00 0                  [vsyscall]

VM Arguments:
java_command: ../../target/IBEAHH.jar 5000 2500000 SinglePointCrossover,IntegerTwoPointsCrossover,MultiPointsCrossover BitFlipMutation,LoopMoveOperator,LocalMoveOperator,SegmentMutation,OppositeMoveOperator 2000 1.0 1.0 1 1 ibea-result-5000/result-7 0 0 Random PPHHHPHHHHHHHHPPPHHHHHHHHHHPHPPPHHHHHHHHHHHHPPPPHHHHHHPHHPHP false 50
java_class_path (initial): ../../target/IBEAHH.jar
Launcher Type: SUN_STANDARD

Environment Variables:
JAVA_HOME=/home/ppginf/vdfontoura/jdk1.8.0_45/
PATH=/home/ppginf/vdfontoura/jdk1.8.0_45//bin:/usr/local/sbin:/usr/local/bin:/usr/sbin:/usr/bin:/sbin:/bin:/usr/games:/usr/local/games:.:/home/html/inf/silvia/topicos/ferramentas/poketool/bin:/home/html/inf/silvia/topicos/ferramentas/proteum1.4.1/LINUX/bin:/home/ppginf/vdfontoura/tools/apache-maven-3.3.3/bin
SHELL=/bin/bash

Signal Handlers:
SIGSEGV: [libjvm.so+0xaad1e0], sa_mask[0]=11111111011111111101111111111110, sa_flags=SA_RESTART|SA_SIGINFO
SIGBUS: [libjvm.so+0xaad1e0], sa_mask[0]=11111111011111111101111111111110, sa_flags=SA_RESTART|SA_SIGINFO
SIGFPE: [libjvm.so+0x90b450], sa_mask[0]=11111111011111111101111111111110, sa_flags=SA_RESTART|SA_SIGINFO
SIGPIPE: [libjvm.so+0x90b450], sa_mask[0]=11111111011111111101111111111110, sa_flags=SA_RESTART|SA_SIGINFO
SIGXFSZ: [libjvm.so+0x90b450], sa_mask[0]=11111111011111111101111111111110, sa_flags=SA_RESTART|SA_SIGINFO
SIGILL: [libjvm.so+0x90b450], sa_mask[0]=11111111011111111101111111111110, sa_flags=SA_RESTART|SA_SIGINFO
SIGUSR1: SIG_DFL, sa_mask[0]=00000000000000000000000000000000, sa_flags=none
SIGUSR2: [libjvm.so+0x90ca90], sa_mask[0]=00000000000000000000000000000000, sa_flags=SA_RESTART|SA_SIGINFO
SIGHUP: SIG_IGN, sa_mask[0]=00000000000000000000000000000000, sa_flags=none
SIGINT: SIG_IGN, sa_mask[0]=00000000000000000000000000000000, sa_flags=none
SIGTERM: [libjvm.so+0x90dde0], sa_mask[0]=11111111011111111101111111111110, sa_flags=SA_RESTART|SA_SIGINFO
SIGQUIT: [libjvm.so+0x90dde0], sa_mask[0]=11111111011111111101111111111110, sa_flags=SA_RESTART|SA_SIGINFO


---------------  S Y S T E M  ---------------

OS:DISTRIB_ID=LinuxMint
DISTRIB_RELEASE=17
DISTRIB_CODENAME=qiana
DISTRIB_DESCRIPTION="Linux Mint 17 Qiana"

uname:Linux 4.0.1-kernel+ #2 SMP Wed May 6 16:11:56 BRT 2015 x86_64
libc:glibc 2.19 NPTL 2.19 
rlimit: STACK 8192k, CORE 0k, NPROC 30240, NOFILE 4096, AS 20000000k
load average:53,68 40,67 32,58

/proc/meminfo:
MemTotal:       90751124 kB
MemFree:         4408292 kB
MemAvailable:    4355876 kB
Buffers:               0 kB
Cached:            70460 kB
SwapCached:            0 kB
Active:         85778496 kB
Inactive:          49336 kB
Active(anon):   85773540 kB
Inactive(anon):    20892 kB
Active(file):       4956 kB
Inactive(file):    28444 kB
Unevictable:           0 kB
Mlocked:               0 kB
SwapTotal:             0 kB
SwapFree:              0 kB
Dirty:                28 kB
Writeback:             0 kB
AnonPages:      85758192 kB
Mapped:            12788 kB
Shmem:             36276 kB
Slab:              78744 kB
SReclaimable:      30696 kB
SUnreclaim:        48048 kB
KernelStack:       12704 kB
PageTables:       186180 kB
NFS_Unstable:          0 kB
Bounce:                0 kB
WritebackTmp:          0 kB
CommitLimit:    45375560 kB
Committed_AS:   95267808 kB
VmallocTotal:   34359738367 kB
VmallocUsed:      220024 kB
VmallocChunk:   34359511596 kB
HardwareCorrupted:     0 kB
AnonHugePages:         0 kB
HugePages_Total:       0
HugePages_Free:        0
HugePages_Rsvd:        0
HugePages_Surp:        0
Hugepagesize:       2048 kB
DirectMap4k:       96244 kB
DirectMap2M:     4098048 kB
DirectMap1G:    88080384 kB


CPU:total 24 (1 cores per cpu, 1 threads per core) family 16 model 9 stepping 1, cmov, cx8, fxsr, mmx, sse, sse2, sse3, popcnt, mmxext, 3dnowpref, lzcnt, sse4a, tsc

/proc/cpuinfo:
processor	: 0
vendor_id	: AuthenticAMD
cpu family	: 16
model		: 9
model name	: AMD Opteron(tm) Processor 6136
stepping	: 1
microcode	: 0x1000065
cpu MHz		: 2400.142
cache size	: 512 KB
physical id	: 0
siblings	: 1
core id		: 0
cpu cores	: 1
apicid		: 0
initial apicid	: 0
fpu		: yes
fpu_exception	: yes
cpuid level	: 5
wp		: yes
flags		: fpu vme de pse tsc msr pae mce cx8 apic sep mtrr pge mca cmov pat pse36 clflush mmx fxsr sse sse2 syscall nx mmxext fxsr_opt pdpe1gb lm 3dnowext 3dnow rep_good nopl extd_apicid pni cx16 x2apic popcnt hypervisor lahf_lm cmp_legacy svm cr8_legacy abm sse4a misalignsse 3dnowprefetch osvw npt nrip_save vmmcall
bugs		: tlb_mmatch fxsave_leak
bogomips	: 4800.28
TLB size	: 1024 4K pages
clflush size	: 64
cache_alignment	: 64
address sizes	: 40 bits physical, 48 bits virtual
power management:

processor	: 1
vendor_id	: AuthenticAMD
cpu family	: 16
model		: 9
model name	: AMD Opteron(tm) Processor 6136
stepping	: 1
microcode	: 0x1000065
cpu MHz		: 2400.142
cache size	: 512 KB
physical id	: 1
siblings	: 1
core id		: 0
cpu cores	: 1
apicid		: 1
initial apicid	: 1
fpu		: yes
fpu_exception	: yes
cpuid level	: 5
wp		: yes
flags		: fpu vme de pse tsc msr pae mce cx8 apic sep mtrr pge mca cmov pat pse36 clflush mmx fxsr sse sse2 syscall nx mmxext fxsr_opt pdpe1gb lm 3dnowext 3dnow rep_good nopl extd_apicid pni cx16 x2apic popcnt hypervisor lahf_lm cmp_legacy svm cr8_legacy abm sse4a misalignsse 3dnowprefetch osvw npt nrip_save vmmcall
bugs		: tlb_mmatch fxsave_leak
bogomips	: 4800.28
TLB size	: 1024 4K pages
clflush size	: 64
cache_alignment	: 64
address sizes	: 40 bits physical, 48 bits virtual
power management:

processor	: 2
vendor_id	: AuthenticAMD
cpu family	: 16
model		: 9
model name	: AMD Opteron(tm) Processor 6136
stepping	: 1
microcode	: 0x1000065
cpu MHz		: 2400.142
cache size	: 512 KB
physical id	: 2
siblings	: 1
core id		: 0
cpu cores	: 1
apicid		: 2
initial apicid	: 2
fpu		: yes
fpu_exception	: yes
cpuid level	: 5
wp		: yes
flags		: fpu vme de pse tsc msr pae mce cx8 apic sep mtrr pge mca cmov pat pse36 clflush mmx fxsr sse sse2 syscall nx mmxext fxsr_opt pdpe1gb lm 3dnowext 3dnow rep_good nopl extd_apicid pni cx16 x2apic popcnt hypervisor lahf_lm cmp_legacy svm cr8_legacy abm sse4a misalignsse 3dnowprefetch osvw npt nrip_save vmmcall
bugs		: tlb_mmatch fxsave_leak
bogomips	: 4800.28
TLB size	: 1024 4K pages
clflush size	: 64
cache_alignment	: 64
address sizes	: 40 bits physical, 48 bits virtual
power management:

processor	: 3
vendor_id	: AuthenticAMD
cpu family	: 16
model		: 9
model name	: AMD Opteron(tm) Processor 6136
stepping	: 1
microcode	: 0x1000065
cpu MHz		: 2400.142
cache size	: 512 KB
physical id	: 3
siblings	: 1
core id		: 0
cpu cores	: 1
apicid		: 3
initial apicid	: 3
fpu		: yes
fpu_exception	: yes
cpuid level	: 5
wp		: yes
flags		: fpu vme de pse tsc msr pae mce cx8 apic sep mtrr pge mca cmov pat pse36 clflush mmx fxsr sse sse2 syscall nx mmxext fxsr_opt pdpe1gb lm 3dnowext 3dnow rep_good nopl extd_apicid pni cx16 x2apic popcnt hypervisor lahf_lm cmp_legacy svm cr8_legacy abm sse4a misalignsse 3dnowprefetch osvw npt nrip_save vmmcall
bugs		: tlb_mmatch fxsave_leak
bogomips	: 4800.28
TLB size	: 1024 4K pages
clflush size	: 64
cache_alignment	: 64
address sizes	: 40 bits physical, 48 bits virtual
power management:

processor	: 4
vendor_id	: AuthenticAMD
cpu family	: 16
model		: 9
model name	: AMD Opteron(tm) Processor 6136
stepping	: 1
microcode	: 0x1000065
cpu MHz		: 2400.142
cache size	: 512 KB
physical id	: 4
siblings	: 1
core id		: 0
cpu cores	: 1
apicid		: 4
initial apicid	: 4
fpu		: yes
fpu_exception	: yes
cpuid level	: 5
wp		: yes
flags		: fpu vme de pse tsc msr pae mce cx8 apic sep mtrr pge mca cmov pat pse36 clflush mmx fxsr sse sse2 syscall nx mmxext fxsr_opt pdpe1gb lm 3dnowext 3dnow rep_good nopl extd_apicid pni cx16 x2apic popcnt hypervisor lahf_lm cmp_legacy svm cr8_legacy abm sse4a misalignsse 3dnowprefetch osvw npt nrip_save vmmcall
bugs		: tlb_mmatch fxsave_leak
bogomips	: 4800.28
TLB size	: 1024 4K pages
clflush size	: 64
cache_alignment	: 64
address sizes	: 40 bits physical, 48 bits virtual
power management:

processor	: 5
vendor_id	: AuthenticAMD
cpu family	: 16
model		: 9
model name	: AMD Opteron(tm) Processor 6136
stepping	: 1
microcode	: 0x1000065
cpu MHz		: 2400.142
cache size	: 512 KB
physical id	: 5
siblings	: 1
core id		: 0
cpu cores	: 1
apicid		: 5
initial apicid	: 5
fpu		: yes
fpu_exception	: yes
cpuid level	: 5
wp		: yes
flags		: fpu vme de pse tsc msr pae mce cx8 apic sep mtrr pge mca cmov pat pse36 clflush mmx fxsr sse sse2 syscall nx mmxext fxsr_opt pdpe1gb lm 3dnowext 3dnow rep_good nopl extd_apicid pni cx16 x2apic popcnt hypervisor lahf_lm cmp_legacy svm cr8_legacy abm sse4a misalignsse 3dnowprefetch osvw npt nrip_save vmmcall
bugs		: tlb_mmatch fxsave_leak
bogomips	: 4800.28
TLB size	: 1024 4K pages
clflush size	: 64
cache_alignment	: 64
address sizes	: 40 bits physical, 48 bits virtual
power management:

processor	: 6
vendor_id	: AuthenticAMD
cpu family	: 16
model		: 9
model name	: AMD Opteron(tm) Processor 6136
stepping	: 1
microcode	: 0x1000065
cpu MHz		: 2400.142
cache size	: 512 KB
physical id	: 6
siblings	: 1
core id		: 0
cpu cores	: 1
apicid		: 6
initial apicid	: 6
fpu		: yes
fpu_exception	: yes
cpuid level	: 5
wp		: yes
flags		: fpu vme de pse tsc msr pae mce cx8 apic sep mtrr pge mca cmov pat pse36 clflush mmx fxsr sse sse2 syscall nx mmxext fxsr_opt pdpe1gb lm 3dnowext 3dnow rep_good nopl extd_apicid pni cx16 x2apic popcnt hypervisor lahf_lm cmp_legacy svm cr8_legacy abm sse4a misalignsse 3dnowprefetch osvw npt nrip_save vmmcall
bugs		: tlb_mmatch fxsave_leak
bogomips	: 4800.28
TLB size	: 1024 4K pages
clflush size	: 64
cache_alignment	: 64
address sizes	: 40 bits physical, 48 bits virtual
power management:

processor	: 7
vendor_id	: AuthenticAMD
cpu family	: 16
model		: 9
model name	: AMD Opteron(tm) Processor 6136
stepping	: 1
microcode	: 0x1000065
cpu MHz		: 2400.142
cache size	: 512 KB
physical id	: 7
siblings	: 1
core id		: 0
cpu cores	: 1
apicid		: 7
initial apicid	: 7
fpu		: yes
fpu_exception	: yes
cpuid level	: 5
wp		: yes
flags		: fpu vme de pse tsc msr pae mce cx8 apic sep mtrr pge mca cmov pat pse36 clflush mmx fxsr sse sse2 syscall nx mmxext fxsr_opt pdpe1gb lm 3dnowext 3dnow rep_good nopl extd_apicid pni cx16 x2apic popcnt hypervisor lahf_lm cmp_legacy svm cr8_legacy abm sse4a misalignsse 3dnowprefetch osvw npt nrip_save vmmcall
bugs		: tlb_mmatch fxsave_leak
bogomips	: 4800.28
TLB size	: 1024 4K pages
clflush size	: 64
cache_alignment	: 64
address sizes	: 40 bits physical, 48 bits virtual
power management:

processor	: 8
vendor_id	: AuthenticAMD
cpu family	: 16
model		: 9
model name	: AMD Opteron(tm) Processor 6136
stepping	: 1
microcode	: 0x1000065
cpu MHz		: 2400.142
cache size	: 512 KB
physical id	: 8
siblings	: 1
core id		: 0
cpu cores	: 1
apicid		: 8
initial apicid	: 8
fpu		: yes
fpu_exception	: yes
cpuid level	: 5
wp		: yes
flags		: fpu vme de pse tsc msr pae mce cx8 apic sep mtrr pge mca cmov pat pse36 clflush mmx fxsr sse sse2 syscall nx mmxext fxsr_opt pdpe1gb lm 3dnowext 3dnow rep_good nopl extd_apicid pni cx16 x2apic popcnt hypervisor lahf_lm cmp_legacy svm cr8_legacy abm sse4a misalignsse 3dnowprefetch osvw npt nrip_save vmmcall
bugs		: tlb_mmatch fxsave_leak
bogomips	: 4800.28
TLB size	: 1024 4K pages
clflush size	: 64
cache_alignment	: 64
address sizes	: 40 bits physical, 48 bits virtual
power management:

processor	: 9
vendor_id	: AuthenticAMD
cpu family	: 16
model		: 9
model name	: AMD Opteron(tm) Processor 6136
stepping	: 1
microcode	: 0x1000065
cpu MHz		: 2400.142
cache size	: 512 KB
physical id	: 9
siblings	: 1
core id		: 0
cpu cores	: 1
apicid		: 9
initial apicid	: 9
fpu		: yes
fpu_exception	: yes
cpuid level	: 5
wp		: yes
flags		: fpu vme de pse tsc msr pae mce cx8 apic sep mtrr pge mca cmov pat pse36 clflush mmx fxsr sse sse2 syscall nx mmxext fxsr_opt pdpe1gb lm 3dnowext 3dnow rep_good nopl extd_apicid pni cx16 x2apic popcnt hypervisor lahf_lm cmp_legacy svm cr8_legacy abm sse4a misalignsse 3dnowprefetch osvw npt nrip_save vmmcall
bugs		: tlb_mmatch fxsave_leak
bogomips	: 4800.28
TLB size	: 1024 4K pages
clflush size	: 64
cache_alignment	: 64
address sizes	: 40 bits physical, 48 bits virtual
power management:

processor	: 10
vendor_id	: AuthenticAMD
cpu family	: 16
model		: 9
model name	: AMD Opteron(tm) Processor 6136
stepping	: 1
microcode	: 0x1000065
cpu MHz		: 2400.142
cache size	: 512 KB
physical id	: 10
siblings	: 1
core id		: 0
cpu cores	: 1
apicid		: 10
initial apicid	: 10
fpu		: yes
fpu_exception	: yes
cpuid level	: 5
wp		: yes
flags		: fpu vme de pse tsc msr pae mce cx8 apic sep mtrr pge mca cmov pat pse36 clflush mmx fxsr sse sse2 syscall nx mmxext fxsr_opt pdpe1gb lm 3dnowext 3dnow rep_good nopl extd_apicid pni cx16 x2apic popcnt hypervisor lahf_lm cmp_legacy svm cr8_legacy abm sse4a misalignsse 3dnowprefetch osvw npt nrip_save vmmcall
bugs		: tlb_mmatch fxsave_leak
bogomips	: 4800.28
TLB size	: 1024 4K pages
clflush size	: 64
cache_alignment	: 64
address sizes	: 40 bits physical, 48 bits virtual
power management:

processor	: 11
vendor_id	: AuthenticAMD
cpu family	: 16
model		: 9
model name	: AMD Opteron(tm) Processor 6136
stepping	: 1
microcode	: 0x1000065
cpu MHz		: 2400.142
cache size	: 512 KB
physical id	: 11
siblings	: 1
core id		: 0
cpu cores	: 1
apicid		: 11
initial apicid	: 11
fpu		: yes
fpu_exception	: yes
cpuid level	: 5
wp		: yes
flags		: fpu vme de pse tsc msr pae mce cx8 apic sep mtrr pge mca cmov pat pse36 clflush mmx fxsr sse sse2 syscall nx mmxext fxsr_opt pdpe1gb lm 3dnowext 3dnow rep_good nopl extd_apicid pni cx16 x2apic popcnt hypervisor lahf_lm cmp_legacy svm cr8_legacy abm sse4a misalignsse 3dnowprefetch osvw npt nrip_save vmmcall
bugs		: tlb_mmatch fxsave_leak
bogomips	: 4800.28
TLB size	: 1024 4K pages
clflush size	: 64
cache_alignment	: 64
address sizes	: 40 bits physical, 48 bits virtual
power management:

processor	: 12
vendor_id	: AuthenticAMD
cpu family	: 16
model		: 9
model name	: AMD Opteron(tm) Processor 6136
stepping	: 1
microcode	: 0x1000065
cpu MHz		: 2400.142
cache size	: 512 KB
physical id	: 12
siblings	: 1
core id		: 0
cpu cores	: 1
apicid		: 12
initial apicid	: 12
fpu		: yes
fpu_exception	: yes
cpuid level	: 5
wp		: yes
flags		: fpu vme de pse tsc msr pae mce cx8 apic sep mtrr pge mca cmov pat pse36 clflush mmx fxsr sse sse2 syscall nx mmxext fxsr_opt pdpe1gb lm 3dnowext 3dnow rep_good nopl extd_apicid pni cx16 x2apic popcnt hypervisor lahf_lm cmp_legacy svm cr8_legacy abm sse4a misalignsse 3dnowprefetch osvw npt nrip_save vmmcall
bugs		: tlb_mmatch fxsave_leak
bogomips	: 4800.28
TLB size	: 1024 4K pages
clflush size	: 64
cache_alignment	: 64
address sizes	: 40 bits physical, 48 bits virtual
power management:

processor	: 13
vendor_id	: AuthenticAMD
cpu family	: 16
model		: 9
model name	: AMD Opteron(tm) Processor 6136
stepping	: 1
microcode	: 0x1000065
cpu MHz		: 2400.142
cache size	: 512 KB
physical id	: 13
siblings	: 1
core id		: 0
cpu cores	: 1
apicid		: 13
initial apicid	: 13
fpu		: yes
fpu_exception	: yes
cpuid level	: 5
wp		: yes
flags		: fpu vme de pse tsc msr pae mce cx8 apic sep mtrr pge mca cmov pat pse36 clflush mmx fxsr sse sse2 syscall nx mmxext fxsr_opt pdpe1gb lm 3dnowext 3dnow rep_good nopl extd_apicid pni cx16 x2apic popcnt hypervisor lahf_lm cmp_legacy svm cr8_legacy abm sse4a misalignsse 3dnowprefetch osvw npt nrip_save vmmcall
bugs		: tlb_mmatch fxsave_leak
bogomips	: 4800.28
TLB size	: 1024 4K pages
clflush size	: 64
cache_alignment	: 64
address sizes	: 40 bits physical, 48 bits virtual
power management:

processor	: 14
vendor_id	: AuthenticAMD
cpu family	: 16
model		: 9
model name	: AMD Opteron(tm) Processor 6136
stepping	: 1
microcode	: 0x1000065
cpu MHz		: 2400.142
cache size	: 512 KB
physical id	: 14
siblings	: 1
core id		: 0
cpu cores	: 1
apicid		: 14
initial apicid	: 14
fpu		: yes
fpu_exception	: yes
cpuid level	: 5
wp		: yes
flags		: fpu vme de pse tsc msr pae mce cx8 apic sep mtrr pge mca cmov pat pse36 clflush mmx fxsr sse sse2 syscall nx mmxext fxsr_opt pdpe1gb lm 3dnowext 3dnow rep_good nopl extd_apicid pni cx16 x2apic popcnt hypervisor lahf_lm cmp_legacy svm cr8_legacy abm sse4a misalignsse 3dnowprefetch osvw npt nrip_save vmmcall
bugs		: tlb_mmatch fxsave_leak
bogomips	: 4800.28
TLB size	: 1024 4K pages
clflush size	: 64
cache_alignment	: 64
address sizes	: 40 bits physical, 48 bits virtual
power management:

processor	: 15
vendor_id	: AuthenticAMD
cpu family	: 16
model		: 9
model name	: AMD Opteron(tm) Processor 6136
stepping	: 1
microcode	: 0x1000065
cpu MHz		: 2400.142
cache size	: 512 KB
physical id	: 15
siblings	: 1
core id		: 0
cpu cores	: 1
apicid		: 15
initial apicid	: 15
fpu		: yes
fpu_exception	: yes
cpuid level	: 5
wp		: yes
flags		: fpu vme de pse tsc msr pae mce cx8 apic sep mtrr pge mca cmov pat pse36 clflush mmx fxsr sse sse2 syscall nx mmxext fxsr_opt pdpe1gb lm 3dnowext 3dnow rep_good nopl extd_apicid pni cx16 x2apic popcnt hypervisor lahf_lm cmp_legacy svm cr8_legacy abm sse4a misalignsse 3dnowprefetch osvw npt nrip_save vmmcall
bugs		: tlb_mmatch fxsave_leak
bogomips	: 4800.28
TLB size	: 1024 4K pages
clflush size	: 64
cache_alignment	: 64
address sizes	: 40 bits physical, 48 bits virtual
power management:

processor	: 16
vendor_id	: AuthenticAMD
cpu family	: 16
model		: 9
model name	: AMD Opteron(tm) Processor 6136
stepping	: 1
microcode	: 0x1000065
cpu MHz		: 2400.142
cache size	: 512 KB
physical id	: 16
siblings	: 1
core id		: 0
cpu cores	: 1
apicid		: 16
initial apicid	: 16
fpu		: yes
fpu_exception	: yes
cpuid level	: 5
wp		: yes
flags		: fpu vme de pse tsc msr pae mce cx8 apic sep mtrr pge mca cmov pat pse36 clflush mmx fxsr sse sse2 syscall nx mmxext fxsr_opt pdpe1gb lm 3dnowext 3dnow rep_good nopl extd_apicid pni cx16 x2apic popcnt hypervisor lahf_lm cmp_legacy svm cr8_legacy abm sse4a misalignsse 3dnowprefetch osvw npt nrip_save vmmcall
bugs		: tlb_mmatch fxsave_leak
bogomips	: 4800.28
TLB size	: 1024 4K pages
clflush size	: 64
cache_alignment	: 64
address sizes	: 40 bits physical, 48 bits virtual
power management:

processor	: 17
vendor_id	: AuthenticAMD
cpu family	: 16
model		: 9
model name	: AMD Opteron(tm) Processor 6136
stepping	: 1
microcode	: 0x1000065
cpu MHz		: 2400.142
cache size	: 512 KB
physical id	: 17
siblings	: 1
core id		: 0
cpu cores	: 1
apicid		: 17
initial apicid	: 17
fpu		: yes
fpu_exception	: yes
cpuid level	: 5
wp		: yes
flags		: fpu vme de pse tsc msr pae mce cx8 apic sep mtrr pge mca cmov pat pse36 clflush mmx fxsr sse sse2 syscall nx mmxext fxsr_opt pdpe1gb lm 3dnowext 3dnow rep_good nopl extd_apicid pni cx16 x2apic popcnt hypervisor lahf_lm cmp_legacy svm cr8_legacy abm sse4a misalignsse 3dnowprefetch osvw npt nrip_save vmmcall
bugs		: tlb_mmatch fxsave_leak
bogomips	: 4800.28
TLB size	: 1024 4K pages
clflush size	: 64
cache_alignment	: 64
address sizes	: 40 bits physical, 48 bits virtual
power management:

processor	: 18
vendor_id	: AuthenticAMD
cpu family	: 16
model		: 9
model name	: AMD Opteron(tm) Processor 6136
stepping	: 1
microcode	: 0x1000065
cpu MHz		: 2400.142
cache size	: 512 KB
physical id	: 18
siblings	: 1
core id		: 0
cpu cores	: 1
apicid		: 18
initial apicid	: 18
fpu		: yes
fpu_exception	: yes
cpuid level	: 5
wp		: yes
flags		: fpu vme de pse tsc msr pae mce cx8 apic sep mtrr pge mca cmov pat pse36 clflush mmx fxsr sse sse2 syscall nx mmxext fxsr_opt pdpe1gb lm 3dnowext 3dnow rep_good nopl extd_apicid pni cx16 x2apic popcnt hypervisor lahf_lm cmp_legacy svm cr8_legacy abm sse4a misalignsse 3dnowprefetch osvw npt nrip_save vmmcall
bugs		: tlb_mmatch fxsave_leak
bogomips	: 4800.28
TLB size	: 1024 4K pages
clflush size	: 64
cache_alignment	: 64
address sizes	: 40 bits physical, 48 bits virtual
power management:

processor	: 19
vendor_id	: AuthenticAMD
cpu family	: 16
model		: 9
model name	: AMD Opteron(tm) Processor 6136
stepping	: 1
microcode	: 0x1000065
cpu MHz		: 2400.142
cache size	: 512 KB
physical id	: 19
siblings	: 1
core id		: 0
cpu cores	: 1
apicid		: 19
initial apicid	: 19
fpu		: yes
fpu_exception	: yes
cpuid level	: 5
wp		: yes
flags		: fpu vme de pse tsc msr pae mce cx8 apic sep mtrr pge mca cmov pat pse36 clflush mmx fxsr sse sse2 syscall nx mmxext fxsr_opt pdpe1gb lm 3dnowext 3dnow rep_good nopl extd_apicid pni cx16 x2apic popcnt hypervisor lahf_lm cmp_legacy svm cr8_legacy abm sse4a misalignsse 3dnowprefetch osvw npt nrip_save vmmcall
bugs		: tlb_mmatch fxsave_leak
bogomips	: 4800.28
TLB size	: 1024 4K pages
clflush size	: 64
cache_alignment	: 64
address sizes	: 40 bits physical, 48 bits virtual
power management:

processor	: 20
vendor_id	: AuthenticAMD
cpu family	: 16
model		: 9
model name	: AMD Opteron(tm) Processor 6136
stepping	: 1
microcode	: 0x1000065
cpu MHz		: 2400.142
cache size	: 512 KB
physical id	: 20
siblings	: 1
core id		: 0
cpu cores	: 1
apicid		: 20
initial apicid	: 20
fpu		: yes
fpu_exception	: yes
cpuid level	: 5
wp		: yes
flags		: fpu vme de pse tsc msr pae mce cx8 apic sep mtrr pge mca cmov pat pse36 clflush mmx fxsr sse sse2 syscall nx mmxext fxsr_opt pdpe1gb lm 3dnowext 3dnow rep_good nopl extd_apicid pni cx16 x2apic popcnt hypervisor lahf_lm cmp_legacy svm cr8_legacy abm sse4a misalignsse 3dnowprefetch osvw npt nrip_save vmmcall
bugs		: tlb_mmatch fxsave_leak
bogomips	: 4800.28
TLB size	: 1024 4K pages
clflush size	: 64
cache_alignment	: 64
address sizes	: 40 bits physical, 48 bits virtual
power management:

processor	: 21
vendor_id	: AuthenticAMD
cpu family	: 16
model		: 9
model name	: AMD Opteron(tm) Processor 6136
stepping	: 1
microcode	: 0x1000065
cpu MHz		: 2400.142
cache size	: 512 KB
physical id	: 21
siblings	: 1
core id		: 0
cpu cores	: 1
apicid		: 21
initial apicid	: 21
fpu		: yes
fpu_exception	: yes
cpuid level	: 5
wp		: yes
flags		: fpu vme de pse tsc msr pae mce cx8 apic sep mtrr pge mca cmov pat pse36 clflush mmx fxsr sse sse2 syscall nx mmxext fxsr_opt pdpe1gb lm 3dnowext 3dnow rep_good nopl extd_apicid pni cx16 x2apic popcnt hypervisor lahf_lm cmp_legacy svm cr8_legacy abm sse4a misalignsse 3dnowprefetch osvw npt nrip_save vmmcall
bugs		: tlb_mmatch fxsave_leak
bogomips	: 4800.28
TLB size	: 1024 4K pages
clflush size	: 64
cache_alignment	: 64
address sizes	: 40 bits physical, 48 bits virtual
power management:

processor	: 22
vendor_id	: AuthenticAMD
cpu family	: 16
model		: 9
model name	: AMD Opteron(tm) Processor 6136
stepping	: 1
microcode	: 0x1000065
cpu MHz		: 2400.142
cache size	: 512 KB
physical id	: 22
siblings	: 1
core id		: 0
cpu cores	: 1
apicid		: 22
initial apicid	: 22
fpu		: yes
fpu_exception	: yes
cpuid level	: 5
wp		: yes
flags		: fpu vme de pse tsc msr pae mce cx8 apic sep mtrr pge mca cmov pat pse36 clflush mmx fxsr sse sse2 syscall nx mmxext fxsr_opt pdpe1gb lm 3dnowext 3dnow rep_good nopl extd_apicid pni cx16 x2apic popcnt hypervisor lahf_lm cmp_legacy svm cr8_legacy abm sse4a misalignsse 3dnowprefetch osvw npt nrip_save vmmcall
bugs		: tlb_mmatch fxsave_leak
bogomips	: 4800.28
TLB size	: 1024 4K pages
clflush size	: 64
cache_alignment	: 64
address sizes	: 40 bits physical, 48 bits virtual
power management:

processor	: 23
vendor_id	: AuthenticAMD
cpu family	: 16
model		: 9
model name	: AMD Opteron(tm) Processor 6136
stepping	: 1
microcode	: 0x1000065
cpu MHz		: 2400.142
cache size	: 512 KB
physical id	: 23
siblings	: 1
core id		: 0
cpu cores	: 1
apicid		: 23
initial apicid	: 23
fpu		: yes
fpu_exception	: yes
cpuid level	: 5
wp		: yes
flags		: fpu vme de pse tsc msr pae mce cx8 apic sep mtrr pge mca cmov pat pse36 clflush mmx fxsr sse sse2 syscall nx mmxext fxsr_opt pdpe1gb lm 3dnowext 3dnow rep_good nopl extd_apicid pni cx16 x2apic popcnt hypervisor lahf_lm cmp_legacy svm cr8_legacy abm sse4a misalignsse 3dnowprefetch osvw npt nrip_save vmmcall
bugs		: tlb_mmatch fxsave_leak
bogomips	: 4800.28
TLB size	: 1024 4K pages
clflush size	: 64
cache_alignment	: 64
address sizes	: 40 bits physical, 48 bits virtual
power management:



Memory: 4k page, physical 90751124k(5295316k free), swap 0k(0k free)

vm_info: Java HotSpot(TM) 64-Bit Server VM (25.45-b02) for linux-amd64 JRE (1.8.0_45-b14), built on Apr 10 2015 10:07:45 by "java_re" with gcc 4.3.0 20080428 (Red Hat 4.3.0-8)

time: Mon Jan 25 02:57:53 2016
elapsed time: 5457 seconds (0d 1h 30m 57s)

