Algorithm configured with: 
Pop: 1000
Aux Pop: 200
Crossover: SinglePointCrossover
CrP: 0.9
Mutation: BitFlipMutation
MtP: 0.01
Starting executions...
Execution: 1
Generation: 0; 
d: 100.0; energy: 0.0; 1,0,0,2,1,0,2,2,2,1,0,1,1,0,0,0,1,1,1,2,1,1,1,2,1,0,2,0,1,1,1,2,0,1,2,0,2,0,0,0,2,2,0,0,0,1
Best fitness found so far: 0.0; distance: 100.0
Generation: 1; 
d: 10.44030650891055; energy: -12.0; 1,1,0,1,0,1,2,1,1,0,2,0,0,1,0,1,1,0,2,1,2,2,0,2,2,1,0,0,2,0,0,1,0,0,0,0,1,1,2,2,1,2,0,1,0,0
Best fitness found so far: -12.0; distance: 10.44030650891055
Generation: 2; 
d: 11.661903789690601; energy: -12.0; 1,2,2,0,1,0,1,2,0,0,1,2,1,2,2,2,1,2,2,2,2,2,0,0,2,1,0,1,1,0,0,2,2,2,0,2,1,2,0,0,1,0,1,0,2,0
Best fitness found so far: -12.0; distance: 10.44030650891055
Generation: 3; 
d: 12.649110640673518; energy: -13.0; 1,2,0,0,2,0,2,1,0,0,1,2,1,2,2,2,1,2,2,2,2,2,0,0,2,1,0,1,1,0,0,2,2,2,0,2,1,2,0,0,1,0,1,0,2,0
Best fitness found so far: -13.0; distance: 12.649110640673518
Generation: 4; 
d: 10.0; energy: -13.0; 0,1,2,1,1,0,2,2,0,0,2,2,1,1,2,2,0,2,1,2,2,2,0,0,2,1,0,1,1,0,0,2,2,2,0,2,1,2,0,0,1,0,1,0,2,0
Best fitness found so far: -13.0; distance: 12.649110640673518
Generation: 5; 
d: 9.433981132056603; energy: -14.0; 0,1,2,1,1,0,2,2,0,0,2,2,1,2,1,1,2,2,2,0,0,1,1,1,2,0,0,2,0,1,0,0,2,0,0,0,2,1,2,1,0,1,0,2,0,2
Best fitness found so far: -14.0; distance: 9.433981132056603
Generation: 6; 
d: 15.231546211727817; energy: -14.0; 1,0,2,2,0,1,0,0,2,1,0,2,2,1,2,1,2,2,0,1,0,0,2,0,2,2,1,0,1,2,1,2,2,1,0,0,1,1,0,2,0,0,1,1,0,0
Best fitness found so far: -14.0; distance: 9.433981132056603
