Algorithm configured with: 
Pop: 1000
Aux Pop: 200
CrP: 1.0
MtP: 1.0
List of crossover: 
SinglePointCrossover
IntegerTwoPointsCrossover
MultiPointsCrossover
List of mutations: 
BitFlipMutation
LoopMoveOperator
LocalMoveOperator
SegmentMutation
OppositeMoveOperator
Execution: 1
Generation: 0; 
d: 19.235384061671343; energy: -6.0; 2,1,0,0,2,1,2,0,0,1,2,1,2,2,0,1,1,2,1,2,0,1,0,2,0,2,1,2,2,0,0,1,1,0,2,0,0,1,2,1,1,1,2,2,1,0,1,0,1,2,2,0,0,2,1,2,0,0
Best fitness found so far: -6.0; distance: 19.235384061671343
Generation: 1; 
d: 12.041594578792296; energy: -23.0; 1,0,1,2,2,1,0,2,0,0,1,2,1,1,2,1,2,1,0,2,1,2,2,2,1,1,1,0,0,2,1,0,1,1,0,2,1,0,0,2,1,0,0,2,0,0,0,1,2,2,1,0,2,0,0,1,0,0
Best fitness found so far: -23.0; distance: 12.041594578792296
Generation: 2; 
d: 13.038404810405298; energy: -21.0; 0,0,0,1,1,1,2,2,2,2,1,0,1,0,0,0,1,0,1,1,1,2,0,2,0,1,2,1,2,2,2,2,0,2,2,0,2,2,0,1,2,2,1,0,1,2,0,0,1,1,2,2,2,0,0,1,0,1
Best fitness found so far: -23.0; distance: 12.041594578792296
Generation: 3; 
d: 11.180339887498949; energy: -21.0; 2,0,1,2,1,0,2,1,2,2,2,0,0,2,1,2,2,0,1,2,1,2,0,0,1,1,0,0,2,1,1,0,2,2,1,1,0,1,2,2,1,0,1,0,2,2,1,1,1,2,0,2,0,1,2,0,0,0
Best fitness found so far: -23.0; distance: 12.041594578792296
Generation: 4; 
d: 14.560219778561036; energy: -22.0; 0,2,1,2,0,1,1,1,1,1,2,2,2,0,2,0,0,0,2,2,2,0,1,1,2,0,1,2,0,0,0,2,0,0,0,0,2,1,2,0,2,2,0,1,2,1,2,2,0,2,2,1,0,2,2,1,0,1
Best fitness found so far: -23.0; distance: 12.041594578792296
Generation: 5; 
d: 11.40175425099138; energy: -23.0; 1,0,2,1,1,0,0,2,2,2,0,2,1,0,1,0,0,0,2,0,0,0,2,1,0,2,1,2,1,1,2,2,2,0,0,2,0,1,0,0,2,2,0,0,0,0,1,0,0,0,2,2,1,1,0,0,2,0
Best fitness found so far: -23.0; distance: 12.041594578792296
Generation: 6; 
d: 11.704699910719626; energy: -26.0; 2,2,2,0,1,2,0,1,0,0,1,0,0,1,2,2,2,2,0,2,1,1,2,1,2,1,1,0,0,2,0,2,1,0,0,2,0,2,2,2,2,0,1,1,0,1,0,0,1,1,2,2,0,1,2,0,2,2
Best fitness found so far: -26.0; distance: 11.704699910719626
Generation: 7; 
d: 11.704699910719626; energy: -23.0; 1,0,0,2,2,1,2,0,0,2,0,0,0,1,1,0,0,1,1,0,0,0,2,2,0,0,1,1,0,0,0,1,0,0,0,0,0,2,2,1,2,1,2,0,0,0,0,1,2,2,1,0,2,0,0,1,0,0
Best fitness found so far: -26.0; distance: 11.704699910719626
Generation: 8; 
d: 11.180339887498949; energy: -24.0; 1,0,0,2,2,1,2,2,0,1,1,2,2,1,1,1,2,1,1,0,2,2,2,1,1,2,1,1,0,0,0,1,0,2,0,0,0,0,1,1,2,2,2,2,2,0,0,0,1,0,0,2,0,0,1,2,2,1
Best fitness found so far: -26.0; distance: 11.704699910719626
Generation: 9; 
d: 11.661903789690601; energy: -26.0; 0,1,1,0,1,2,0,0,2,2,0,2,1,1,2,1,2,2,0,2,0,2,1,0,0,1,1,0,2,1,2,2,2,1,1,1,2,0,1,2,0,0,2,2,1,2,1,1,2,1,0,0,1,2,0,2,1,1
Best fitness found so far: -26.0; distance: 11.704699910719626
Generation: 10; 
d: 10.816653826391969; energy: -26.0; 1,0,0,1,2,1,2,2,1,2,0,0,0,0,2,2,2,2,2,1,1,1,2,0,2,0,2,1,1,1,2,1,2,1,2,1,2,2,2,0,2,0,2,2,0,0,0,0,1,2,2,1,0,2,2,0,2,2
Best fitness found so far: -26.0; distance: 11.704699910719626
Generation: 11; 
d: 11.313708498984761; energy: -25.0; 2,2,2,1,0,0,2,0,0,0,1,1,2,0,0,1,1,1,1,2,0,0,1,1,2,0,1,2,0,0,0,2,0,0,0,0,2,1,2,0,2,2,0,1,2,1,2,2,1,0,1,2,0,2,2,1,0,2
Best fitness found so far: -26.0; distance: 11.704699910719626
Generation: 12; 
d: 14.212670403551895; energy: -27.0; 0,1,1,2,0,0,1,1,0,0,1,2,0,2,1,1,2,1,2,2,2,0,1,1,2,0,1,2,0,0,0,2,0,0,0,0,2,1,2,0,2,2,0,1,2,1,2,2,1,2,0,0,1,0,1,2,1,1
Best fitness found so far: -27.0; distance: 14.212670403551895
Generation: 13; 
d: 13.45362404707371; energy: -27.0; 0,1,1,2,0,0,1,1,0,0,1,2,0,2,1,1,2,1,2,2,2,0,1,1,2,0,1,2,0,0,0,2,0,0,0,0,2,1,2,0,2,2,0,1,2,1,2,2,1,2,0,0,1,0,1,2,1,2
Best fitness found so far: -27.0; distance: 14.212670403551895
Generation: 14; 
d: 14.142135623730951; energy: -27.0; 0,1,1,2,0,0,1,1,0,0,1,2,0,2,1,1,2,1,2,2,2,0,1,1,2,0,1,2,0,0,0,2,0,0,0,0,2,1,2,0,2,2,0,1,2,1,2,2,1,2,0,0,1,0,1,2,1,0
Best fitness found so far: -27.0; distance: 14.212670403551895
Generation: 15; 
d: 11.704699910719626; energy: -27.0; 1,0,2,1,1,0,0,2,2,2,0,2,1,0,1,0,0,0,2,0,0,0,2,1,0,2,1,2,2,1,2,0,1,1,0,0,2,0,2,2,1,2,2,0,1,1,0,0,2,1,2,2,0,0,1,2,2,1
Best fitness found so far: -27.0; distance: 14.212670403551895
Generation: 16; 
d: 10.44030650891055; energy: -28.0; 2,2,0,1,0,0,2,0,0,0,1,2,1,1,2,1,2,2,0,2,2,0,0,2,0,1,2,0,2,2,2,1,2,2,1,2,2,0,2,1,2,2,2,1,1,0,0,0,1,2,0,0,2,2,1,0,0,0
Best fitness found so far: -28.0; distance: 10.44030650891055
Generation: 17; 
d: 11.313708498984761; energy: -29.0; 0,1,1,2,0,0,1,1,0,0,1,2,0,2,1,1,2,1,2,2,2,0,1,1,2,0,1,2,0,0,0,2,0,0,0,0,2,1,2,0,2,2,0,1,2,1,2,2,1,0,0,1,2,0,0,1,0,0
Best fitness found so far: -29.0; distance: 11.313708498984761
Generation: 18; 
d: 16.0312195418814; energy: -26.0; 2,1,1,0,1,1,1,0,0,1,1,2,0,2,1,1,2,1,2,2,0,1,0,2,0,2,2,1,2,1,2,0,2,2,0,2,1,0,0,0,0,2,2,2,2,2,1,0,2,2,0,0,1,0,1,2,1,1
Best fitness found so far: -29.0; distance: 11.313708498984761
Generation: 19; 
d: 12.36931687685298; energy: -27.0; 2,2,2,0,1,2,0,1,0,0,1,0,0,1,2,2,2,2,0,2,1,1,2,1,2,2,0,2,0,0,0,0,0,0,2,2,1,2,2,2,2,0,2,2,2,0,0,0,1,0,0,2,0,0,1,2,2,1
Best fitness found so far: -29.0; distance: 11.313708498984761
Generation: 20; 
d: 11.661903789690601; energy: -29.0; 0,1,1,2,0,0,1,1,0,0,1,2,0,2,1,1,2,1,2,2,2,0,1,1,2,0,1,2,0,0,0,2,0,0,0,0,2,1,2,0,2,2,0,1,2,1,2,2,0,2,2,1,0,2,2,1,1,1
Best fitness found so far: -29.0; distance: 11.313708498984761
Generation: 21; 
d: 12.806248474865697; energy: -27.0; 0,1,1,2,0,0,1,1,0,0,1,2,0,2,1,1,2,1,2,2,0,1,2,2,0,1,1,1,2,1,1,1,2,2,0,2,2,1,0,0,1,1,2,1,1,0,0,0,0,2,2,2,0,1,0,0,1,2
Best fitness found so far: -29.0; distance: 11.313708498984761
Generation: 22; 
d: 13.038404810405298; energy: -28.0; 0,1,1,2,0,0,1,1,0,0,1,2,0,2,1,1,2,1,2,2,2,0,1,0,1,2,2,0,2,1,2,0,1,1,0,0,2,0,2,2,1,2,2,0,1,1,0,0,1,1,2,2,0,0,1,2,2,0
Best fitness found so far: -29.0; distance: 11.313708498984761
Generation: 23; 
d: 11.704699910719626; energy: -28.0; 0,1,1,2,0,0,1,1,0,0,1,2,0,2,1,1,2,1,2,2,2,0,1,1,2,0,1,2,0,0,0,2,0,0,0,0,2,1,2,0,2,2,0,1,2,1,2,2,0,2,2,1,0,2,2,1,0,2
Best fitness found so far: -29.0; distance: 11.313708498984761
Generation: 24; 
d: 11.661903789690601; energy: -28.0; 0,1,1,2,0,0,1,1,0,0,1,2,0,2,1,1,2,1,2,2,2,0,1,1,2,0,1,2,0,0,0,2,0,0,0,0,2,1,2,0,2,2,0,1,2,1,2,2,0,2,2,1,1,0,0,2,0,1
Best fitness found so far: -29.0; distance: 11.313708498984761
Generation: 25; 
d: 11.40175425099138; energy: -29.0; 0,2,0,0,2,1,2,2,0,0,2,2,1,0,1,0,0,0,2,0,0,2,1,2,2,1,0,0,0,2,0,0,0,1,0,0,0,0,2,2,2,0,2,2,0,0,0,0,2,2,0,0,1,0,1,2,1,0
Best fitness found so far: -29.0; distance: 11.313708498984761
Generation: 26; 
d: 10.198039027185569; energy: -29.0; 1,0,2,1,1,0,0,2,2,2,0,2,1,0,1,0,0,1,0,0,2,2,1,2,2,1,2,1,1,0,0,1,0,0,0,0,0,2,2,1,2,1,2,0,0,0,0,1,2,2,2,2,2,2,2,0,0,1
Best fitness found so far: -29.0; distance: 11.313708498984761
Generation: 27; 
d: 12.041594578792296; energy: -29.0; 0,1,1,2,0,0,1,1,0,0,1,2,0,2,1,1,2,1,2,2,2,0,1,1,2,0,1,2,0,0,0,2,0,0,0,0,2,1,2,0,2,2,0,1,2,1,2,2,1,2,2,1,2,0,0,0,2,2
Best fitness found so far: -29.0; distance: 11.313708498984761
Generation: 28; 
d: 13.038404810405298; energy: -29.0; 0,1,1,2,0,0,1,1,0,0,1,2,0,2,1,1,2,1,2,2,2,0,1,1,2,0,1,2,0,0,0,2,0,0,0,0,2,1,2,0,2,2,0,1,2,1,2,2,1,2,2,1,0,2,2,0,0,0
Best fitness found so far: -29.0; distance: 11.313708498984761
Generation: 29; 
d: 9.848857801796104; energy: -29.0; 1,0,1,2,2,1,0,1,0,0,1,2,0,2,1,1,2,1,2,2,0,1,2,0,0,2,1,0,2,1,2,2,1,1,1,2,2,0,1,0,1,1,1,0,1,0,0,2,1,2,0,0,0,1,1,2,1,1
Best fitness found so far: -29.0; distance: 11.313708498984761
Generation: 30; 
d: 9.848857801796104; energy: -29.0; 0,1,1,2,0,0,1,1,0,0,1,2,0,2,1,1,2,1,2,2,0,1,1,0,1,2,2,0,1,2,2,1,2,2,2,1,2,1,0,2,2,2,1,2,1,1,2,2,1,0,1,0,2,1,0,2,2,1
Best fitness found so far: -29.0; distance: 11.313708498984761
Generation: 31; 
d: 12.206555615733702; energy: -29.0; 0,1,1,2,0,0,1,1,0,0,1,2,0,2,1,1,2,1,2,2,2,0,1,1,2,0,1,2,0,0,0,2,0,0,0,0,2,1,2,0,2,2,0,1,2,1,2,2,1,2,1,0,2,2,2,0,0,0
Best fitness found so far: -29.0; distance: 11.313708498984761
Generation: 32; 
d: 11.704699910719626; energy: -29.0; 0,1,1,2,0,0,1,1,0,0,1,2,0,2,1,1,2,1,2,2,2,0,1,1,2,0,1,2,0,0,0,2,0,0,0,0,2,1,2,0,2,2,0,1,2,1,2,2,0,2,2,2,2,2,1,2,2,2
Best fitness found so far: -29.0; distance: 11.313708498984761
