Algorithm configured with: 
Pop: 5000
Aux Pop: 200
CrP: 1.0
MtP: 1.0
List of crossover: 
SinglePointCrossover
IntegerTwoPointsCrossover
MultiPointsCrossover
List of mutations: 
BitFlipMutation
LoopMoveOperator
LocalMoveOperator
SegmentMutation
OppositeMoveOperator
Execution: 1
Generation: 0; 
d: 17.4928556845359; energy: -16.0; 1,1,0,2,0,2,0,0,2,2,1,1,0,0,2,1,1,0,1,1,0,0,2,0,2,2,1,1,1,2,0,0,1,2,1,2,2,0,1,1,0,1,0,0,2,2,1,1,0,0,2,0,2,0,2,2,1,0,0,1,2,1,0,2,2,0,1,1,2,0,1,0,0,2,1,1,2,2,0,0,1,1,0,2,0,2,0,1,0,1,1,1,2,0,2,2,0
Best fitness found so far: -16.0; distance: 17.4928556845359
Generation: 1; 
d: 17.029386365926403; energy: -23.0; 2,2,1,1,1,2,0,0,1,0,1,2,2,0,1,0,0,2,2,1,0,2,2,1,0,0,2,1,2,1,0,2,0,0,1,0,2,2,0,2,2,0,2,2,0,1,0,0,2,2,1,1,1,2,2,1,0,1,1,1,2,0,1,1,1,0,1,0,2,0,0,1,2,2,0,2,0,2,0,0,1,2,2,1,1,2,0,2,0,1,2,1,2,2,0,1,2
Best fitness found so far: -23.0; distance: 17.029386365926403
Generation: 2; 
d: 22.80350850198276; energy: -24.0; 2,0,0,2,2,1,2,0,0,1,0,1,0,2,1,1,1,2,2,1,2,1,0,0,2,2,1,0,0,1,1,1,1,1,2,0,1,1,0,0,1,0,2,0,0,0,0,2,1,0,0,2,2,2,1,0,0,2,0,2,0,2,2,2,1,1,1,0,2,0,2,1,0,2,0,0,2,2,2,0,1,2,1,1,2,1,1,0,2,0,0,0,0,2,2,0,0
Best fitness found so far: -24.0; distance: 22.80350850198276
