Algorithm configured with: 
Pop: 5000
Aux Pop: 2000
CrP: 1.0
MtP: 1.0
List of crossover: 
SinglePointCrossover
IntegerTwoPointsCrossover
MultiPointsCrossover
List of mutations: 
BitFlipMutation
LoopMoveOperator
LocalMoveOperator
SegmentMutation
OppositeMoveOperator
Execution: 1
Generation: 0; 
d: 16.0312195418814; energy: -12.0; 0,0,1,2,1,1,1,0,1,2,2,0,2,2,0,2,1,0,1,1,1,1,1,2,0,1,1,1,1,0,2,0,2,0,0,1,1,2,2,0,0,2,0,0,1,1,1,0,2,2,1,2,0,1,1,1,2,2
Best fitness found so far: -12.0; distance: 16.0312195418814
Generation: 1; 
d: 12.529964086141668; energy: -21.0; 1,2,2,0,1,0,2,1,0,0,1,2,2,1,1,1,2,0,1,2,2,0,2,2,0,0,2,0,0,2,0,0,2,1,0,2,2,0,0,1,0,2,2,0,0,1,1,2,2,1,1,0,0,1,1,2,2,0
Best fitness found so far: -21.0; distance: 12.529964086141668
Generation: 2; 
d: 14.866068747318506; energy: -21.0; 1,1,1,1,0,1,1,0,2,1,1,0,0,1,0,1,0,1,0,1,2,0,2,2,1,0,2,2,1,1,1,2,1,1,2,0,2,2,0,1,1,0,2,1,0,0,2,0,0,2,2,0,2,1,1,0,0,1
Best fitness found so far: -21.0; distance: 12.529964086141668
Generation: 3; 
d: 12.041594578792296; energy: -25.0; 1,1,1,1,0,0,1,2,2,1,0,0,2,1,1,2,0,2,2,1,2,0,0,0,1,1,0,2,2,1,2,0,2,2,0,1,1,2,0,2,1,0,2,2,0,1,2,1,2,2,0,0,1,0,1,2,1,2
Best fitness found so far: -25.0; distance: 12.041594578792296
Generation: 4; 
d: 11.40175425099138; energy: -25.0; 1,1,1,1,0,0,1,2,2,1,0,0,2,1,1,2,0,2,2,1,2,0,0,0,1,1,0,2,2,1,2,0,2,2,0,1,1,2,0,2,1,0,2,2,0,1,2,1,2,2,0,0,0,1,1,0,0,1
Best fitness found so far: -25.0; distance: 12.041594578792296
Generation: 5; 
d: 11.661903789690601; energy: -24.0; 0,2,2,0,0,1,2,1,2,2,0,1,0,0,2,1,2,1,0,2,0,0,1,0,2,1,1,0,0,2,2,1,0,1,2,1,1,2,2,1,1,1,2,2,2,1,0,1,2,1,0,1,0,0,1,0,0,2
Best fitness found so far: -25.0; distance: 12.041594578792296
Generation: 6; 
d: 12.806248474865697; energy: -24.0; 0,2,0,1,0,0,2,0,0,2,1,2,2,0,2,0,0,0,2,2,0,2,2,0,1,2,1,0,1,0,2,1,1,0,0,1,1,2,0,1,0,0,0,2,2,2,2,2,1,1,2,0,2,2,1,1,0,0
Best fitness found so far: -25.0; distance: 12.041594578792296
