Algorithm configured with: 
Pop: 1000
CrP: 0.9
MtP: 0.01

Crossover: class org.uma.jmetal.operator.crossover.SinglePointCrossover
Mutation: class org.uma.jmetal.operator.mutation.BitFlipMutation
Execution: 1
Generation: 0; 
d: 100.0; energy: 0.0; 1,0,0,1,1,0,0,0,2,1,1,0,2,2,1,1,0,1,1,1,2,1,2,0,2,0,2,1,0,1,0,2,1,0,2,1,1,2,2,0,2,2,1,1,1,1,2,2,2,1,1,0,1,0,2,1,2,2,0,1,0,0,2,1,2,2,1,1,2,2,0,2,0,0,1,0,1,1,2,2,2,2,2
Best fitness found so far: 0.0; distance: 100.0
Generation: 1; 
d: 17.08800749063506; energy: -25.0; 2,1,1,0,0,0,1,2,0,1,0,0,2,2,1,2,1,2,0,2,2,1,0,0,1,1,1,0,0,1,1,1,0,0,1,0,0,2,2,2,2,0,1,0,2,1,1,1,0,0,1,2,2,0,1,0,1,2,1,2,2,0,0,1,0,1,1,2,2,0,0,2,0,0,0,2,0,2,1,2,2,1,1
Best fitness found so far: -25.0; distance: 17.08800749063506
Generation: 2; 
d: 16.55294535724685; energy: -25.0; 0,2,0,1,0,1,0,2,0,1,0,0,2,1,2,0,0,2,2,2,0,1,0,1,1,2,1,2,1,1,1,2,0,0,2,0,1,0,1,0,2,0,1,0,2,2,2,0,0,1,0,0,0,2,2,0,0,0,2,0,0,2,2,2,0,0,2,2,2,2,1,1,0,2,0,2,1,2,2,1,1,0,2
Best fitness found so far: -25.0; distance: 17.08800749063506
Generation: 3; 
d: 20.248456731316587; energy: -25.0; 1,2,2,0,0,0,0,1,1,1,0,0,0,2,1,2,1,2,0,2,2,2,2,2,2,2,2,0,2,0,2,2,1,0,2,0,2,2,0,1,0,0,0,0,1,1,2,2,1,0,1,0,2,2,1,0,1,0,2,2,2,2,0,0,2,2,1,0,2,1,0,2,2,1,1,1,2,0,2,0,2,0,0
Best fitness found so far: -25.0; distance: 17.08800749063506
Generation: 4; 
d: 18.867962264113206; energy: -27.0; 1,1,0,2,0,1,0,2,2,2,0,1,2,1,2,2,2,2,0,1,0,0,2,2,2,0,0,1,1,0,2,0,1,2,1,0,1,2,0,1,1,1,2,1,1,0,0,2,2,2,0,0,2,0,0,2,0,0,1,1,2,2,0,2,2,0,1,1,0,0,1,2,2,2,2,0,0,0,1,2,1,2,0
Best fitness found so far: -27.0; distance: 18.867962264113206
Generation: 5; 
d: 15.231546211727817; energy: -28.0; 2,1,2,0,1,0,0,2,0,2,0,0,0,2,0,0,1,0,2,0,0,1,2,2,0,2,0,0,2,2,1,1,0,2,0,0,0,2,1,1,2,0,0,1,0,1,0,1,0,2,1,0,1,2,1,1,2,0,1,2,1,2,2,2,0,2,0,1,0,0,1,0,0,0,2,0,0,2,2,2,0,1,1
Best fitness found so far: -28.0; distance: 15.231546211727817
Generation: 6; 
d: 18.110770276274835; energy: -31.0; 2,1,2,0,1,0,0,2,0,2,0,0,0,2,0,0,0,0,2,1,2,2,0,2,2,0,1,0,0,2,2,1,2,1,1,1,0,1,0,0,2,0,1,2,1,2,2,0,0,1,0,0,0,2,2,2,2,2,1,1,2,0,1,0,0,1,0,2,0,1,2,0,0,0,0,2,0,1,2,2,2,1,2
Best fitness found so far: -31.0; distance: 18.110770276274835
Generation: 7; 
d: 20.615528128088304; energy: -32.0; 2,1,2,0,1,0,0,2,0,2,0,0,0,2,0,0,0,0,2,1,2,2,0,2,2,0,1,0,0,2,2,1,2,1,1,1,0,1,0,0,2,0,1,2,1,2,2,0,0,1,0,0,0,2,2,2,2,2,1,1,2,0,0,0,0,1,0,2,0,1,2,0,0,0,0,2,0,1,2,2,2,1,2
Best fitness found so far: -32.0; distance: 20.615528128088304
Generation: 8; 
d: 14.035668847618199; energy: -32.0; 2,1,1,1,1,2,1,2,1,1,0,0,0,1,1,1,2,1,0,0,2,1,0,0,0,1,0,0,1,1,2,2,0,2,0,0,0,1,0,2,1,1,2,2,0,0,1,1,0,0,2,1,0,0,0,0,2,0,0,1,1,0,0,1,2,2,0,0,1,2,1,0,0,1,2,0,0,2,1,0,1,1,2
Best fitness found so far: -32.0; distance: 20.615528128088304
Generation: 9; 
d: 12.083045973594572; energy: -37.0; 2,1,1,2,0,2,1,0,0,0,1,1,0,2,0,0,2,0,0,0,0,1,1,0,0,0,1,2,0,0,0,2,2,2,1,0,0,1,2,2,0,1,0,2,2,0,0,1,2,2,1,0,1,0,0,2,0,0,0,2,1,2,2,2,0,2,0,1,0,0,1,0,0,0,2,0,0,2,2,2,0,1,1
Best fitness found so far: -37.0; distance: 12.083045973594572
Generation: 10; 
d: 13.92838827718412; energy: -32.0; 1,0,2,0,1,1,0,2,0,0,1,0,0,2,0,1,1,0,2,1,2,1,0,0,2,2,1,0,2,2,2,2,1,2,2,1,1,0,2,0,1,0,2,2,2,1,1,1,1,1,1,2,1,2,0,1,1,0,0,1,1,0,1,0,2,1,0,1,1,0,0,1,1,0,2,0,0,2,2,2,0,1,1
Best fitness found so far: -37.0; distance: 12.083045973594572
Generation: 11; 
d: 13.92838827718412; energy: -32.0; 1,0,2,0,1,1,0,2,0,0,1,0,0,2,0,1,1,0,2,1,2,1,0,0,2,2,1,0,2,2,2,2,1,2,2,1,1,0,2,0,1,0,2,2,2,1,1,1,1,1,1,2,1,2,0,1,1,0,0,1,1,0,1,0,2,1,0,1,1,0,0,1,1,0,2,0,0,2,2,2,0,1,1
Best fitness found so far: -37.0; distance: 12.083045973594572
Generation: 12; 
d: 13.601470508735444; energy: -35.0; 2,1,2,0,1,0,0,2,0,2,0,0,0,2,0,0,0,0,2,1,2,2,0,2,0,0,1,0,0,2,2,1,2,1,1,1,0,1,0,0,2,0,1,2,1,2,2,0,0,1,0,0,0,0,0,0,2,0,0,1,1,0,0,1,2,2,0,2,2,0,0,0,2,1,1,2,1,2,2,1,1,1,1
Best fitness found so far: -37.0; distance: 12.083045973594572
Generation: 13; 
d: 13.601470508735444; energy: -34.0; 1,1,0,0,1,1,1,0,0,0,1,2,2,1,0,0,1,0,1,0,2,1,0,2,1,2,1,2,0,0,0,2,2,2,1,0,0,1,2,2,0,1,0,2,2,0,0,1,2,2,1,0,1,0,0,2,0,0,0,2,1,2,2,2,0,2,0,1,0,0,1,0,0,0,2,0,0,2,2,2,0,1,1
Best fitness found so far: -37.0; distance: 12.083045973594572
Generation: 14; 
d: 14.866068747318506; energy: -35.0; 1,2,2,0,0,0,0,1,1,1,0,0,0,2,1,0,0,1,1,0,1,1,2,0,0,1,2,2,0,0,0,2,2,2,1,0,0,1,2,2,0,1,0,2,2,0,0,1,2,2,1,0,1,0,0,2,2,0,0,2,1,2,2,2,0,2,0,1,0,0,1,0,1,0,0,2,0,2,2,0,1,1,0
Best fitness found so far: -37.0; distance: 12.083045973594572
Generation: 15; 
d: 12.083045973594572; energy: -37.0; 2,1,1,2,0,2,1,0,0,0,1,1,0,2,0,0,2,0,0,0,0,1,1,0,0,0,1,2,0,0,0,2,2,2,1,0,0,1,2,2,0,1,0,2,2,0,0,1,2,2,1,0,1,0,0,2,0,0,0,2,1,2,2,2,0,2,0,1,0,0,1,0,0,0,2,0,0,2,2,2,0,0,1
Best fitness found so far: -37.0; distance: 12.083045973594572
Generation: 16; 
d: 12.806248474865697; energy: -39.0; 1,0,2,0,1,1,0,2,0,0,1,0,0,2,0,1,1,0,2,1,2,1,0,0,2,2,1,0,2,2,2,2,1,2,2,1,1,2,2,0,1,2,2,2,2,1,1,1,1,1,1,2,1,2,2,0,0,2,2,1,1,2,1,0,0,2,0,1,1,0,0,0,0,0,2,0,0,2,2,2,0,1,1
Best fitness found so far: -39.0; distance: 12.806248474865697
Generation: 17; 
d: 15.231546211727817; energy: -35.0; 1,0,2,0,1,1,0,2,0,0,1,0,0,2,0,1,1,0,2,2,2,2,2,2,2,2,2,0,2,2,2,1,2,1,1,1,0,1,0,0,2,0,1,2,1,2,2,0,0,1,0,0,0,0,0,0,2,0,0,1,1,0,0,1,2,2,0,2,2,0,0,0,2,1,0,2,2,2,2,1,2,2,0
Best fitness found so far: -39.0; distance: 12.806248474865697
Generation: 18; 
d: 12.083045973594572; energy: -37.0; 2,1,1,2,0,2,1,0,0,0,1,1,0,2,0,0,2,0,0,0,0,1,1,0,0,0,1,2,0,0,0,2,2,2,1,0,0,1,2,2,0,1,0,2,2,0,0,1,2,2,1,0,1,0,0,2,0,0,0,2,1,2,2,2,0,2,0,1,0,0,1,0,0,0,2,0,0,2,2,2,0,1,1
Best fitness found so far: -39.0; distance: 12.806248474865697
Generation: 19; 
d: 17.029386365926403; energy: -38.0; 1,2,2,0,0,0,0,1,1,1,0,0,0,2,1,2,1,2,0,2,2,2,2,2,2,2,2,0,1,0,2,2,1,0,0,0,1,2,1,2,2,1,0,2,2,0,0,1,2,2,1,0,1,0,0,2,2,0,0,2,1,2,2,2,0,2,0,1,0,0,1,0,0,0,2,0,0,2,2,2,0,1,1
Best fitness found so far: -39.0; distance: 12.806248474865697
Generation: 20; 
d: 12.083045973594572; energy: -37.0; 2,1,1,2,0,2,1,0,0,0,1,1,0,2,0,0,2,0,0,0,0,1,1,0,0,0,1,2,0,0,0,2,2,2,1,0,0,1,2,2,0,1,0,2,2,0,0,1,2,2,1,0,1,0,0,2,0,0,0,2,1,2,2,2,0,2,0,1,0,0,1,0,0,0,2,0,0,2,2,2,0,1,1
Best fitness found so far: -39.0; distance: 12.806248474865697
