Algorithm configured with: 
Pop: 1000
Aux Pop: 200
Crossover: SinglePointCrossover
CrP: 0.9
Mutation: BitFlipMutation
MtP: 0.01
Starting executions...
Execution: 1
Generation: 0; 
d: 13.341664064126334; energy: -4.0; 1,2,0,2,1,0,0,1,0,0,2,2,1,1,2,0,0,1,0,1,2,2,1,2,2,2,2,0,0,2,2,1,0,1,1,2,2,1,2,1,2,2,0,2,1,1,2,0
Best fitness found so far: -4.0; distance: 13.341664064126334
Generation: 1; 
d: 13.892443989449804; energy: -11.0; 0,0,0,0,1,0,1,0,0,2,1,0,0,2,2,2,0,0,0,2,0,0,0,2,1,0,1,0,2,1,2,1,2,1,0,1,1,0,1,1,0,2,0,0,1,1,2,1
Best fitness found so far: -11.0; distance: 13.892443989449804
Generation: 2; 
d: 13.892443989449804; energy: -11.0; 0,0,0,0,1,0,1,0,0,2,1,0,0,2,2,2,0,0,0,2,0,0,0,2,1,0,1,0,2,1,2,1,2,1,0,1,1,0,1,1,0,2,0,0,1,1,0,2
Best fitness found so far: -11.0; distance: 13.892443989449804
Generation: 3; 
d: 13.45362404707371; energy: -10.0; 1,0,1,1,1,0,1,0,0,0,1,0,2,2,0,2,2,0,1,1,1,1,0,0,1,1,2,2,0,2,1,1,1,0,0,0,2,1,2,0,0,0,0,0,0,0,0,1
Best fitness found so far: -11.0; distance: 13.892443989449804
Generation: 4; 
d: 10.63014581273465; energy: -10.0; 1,0,1,2,0,0,0,0,0,1,0,1,0,0,2,0,1,2,2,0,0,0,1,2,1,1,2,2,1,2,2,2,2,2,0,2,2,1,2,0,1,2,0,0,1,0,1,2
Best fitness found so far: -11.0; distance: 13.892443989449804
Generation: 5; 
d: 10.44030650891055; energy: -11.0; 1,0,0,0,0,0,1,0,1,1,0,2,2,2,0,2,0,0,2,2,2,1,0,1,1,0,0,2,1,1,2,0,2,0,0,1,0,0,2,1,1,1,2,1,0,2,0,0
Best fitness found so far: -11.0; distance: 13.892443989449804
