Algorithm configured with: 
Pop: 1000
Aux Pop: 200
CrP: 1.0
MtP: 1.0
List of crossover: 
SinglePointCrossover
IntegerTwoPointsCrossover
MultiPointsCrossover
List of mutations: 
BitFlipMutation
LoopMoveOperator
LocalMoveOperator
SegmentMutation
OppositeMoveOperator
Execution: 1
Generation: 0; 
d: 14.560219778561036; energy: -21.0; 0,0,1,2,2,1,0,1,2,1,0,0,2,0,0,2,0,2,0,2,0,1,1,0,2,0,1,1,0,2,0,2,0,0,2,2,0,2,2,1,0,0,1,2,0,0,1,1,2,2,0,2,2,0,0,2,1,2,0,2,1,0,1,2,2,0,0,2,2,0,2,2,1,1,0,0,1,1,2,1,1,1,1
Best fitness found so far: -21.0; distance: 14.560219778561036
Generation: 1; 
d: 12.206555615733702; energy: -28.0; 2,0,0,2,0,2,2,1,2,0,2,1,1,2,0,0,2,0,2,2,1,2,0,0,2,2,0,0,1,2,2,1,1,2,1,0,1,1,0,1,2,2,0,1,1,0,1,0,1,2,2,0,0,2,0,0,1,1,2,2,1,1,0,0,1,1,1,2,2,0,2,0,0,2,2,0,2,2,1,1,0,2,2
Best fitness found so far: -28.0; distance: 12.206555615733702
Generation: 2; 
d: 14.866068747318506; energy: -27.0; 0,2,1,1,0,0,1,0,2,2,1,2,0,0,0,2,0,0,0,2,0,2,2,1,0,0,2,2,1,2,2,2,2,0,0,0,2,2,0,2,1,0,0,2,0,0,1,0,2,0,2,1,0,2,0,0,1,0,1,2,0,0,1,2,1,1,0,0,2,2,0,1,2,1,0,1,1,1,0,1,0,1,1
Best fitness found so far: -28.0; distance: 12.206555615733702
Generation: 3; 
d: 18.439088914585774; energy: -26.0; 1,0,2,1,0,1,2,0,1,2,2,1,0,1,0,2,2,1,2,1,0,1,2,0,2,2,0,0,2,1,2,0,2,1,0,2,1,1,0,1,1,0,0,2,0,2,1,0,2,1,0,2,1,1,2,2,2,0,2,2,1,2,2,0,2,1,1,1,0,0,0,1,1,1,0,2,0,2,1,0,0,2,1
Best fitness found so far: -28.0; distance: 12.206555615733702
Generation: 4; 
d: 13.601470508735444; energy: -29.0; 2,0,0,2,0,2,2,1,2,0,2,1,1,1,1,0,1,2,1,0,0,2,1,1,0,0,1,1,0,0,1,2,1,2,2,2,1,2,2,0,2,1,0,0,2,2,0,1,0,0,1,1,0,0,2,1,1,2,2,1,2,2,1,1,0,0,0,1,1,0,1,1,0,2,1,0,1,1,0,1,0,2,0
Best fitness found so far: -29.0; distance: 13.601470508735444
Generation: 5; 
d: 14.7648230602334; energy: -29.0; 0,1,1,1,1,0,0,1,0,0,0,1,2,2,1,0,2,2,2,2,2,1,2,0,2,0,1,2,2,1,1,1,1,1,1,0,2,0,0,1,0,1,2,1,0,0,0,1,1,1,2,0,0,0,0,1,0,1,1,2,2,0,0,1,0,2,1,0,0,0,0,1,2,1,1,0,1,2,2,2,2,2,0
Best fitness found so far: -29.0; distance: 13.601470508735444
Generation: 6; 
d: 15.811388300841896; energy: -31.0; 2,2,1,0,2,2,1,2,0,1,2,2,0,1,1,1,0,1,1,0,0,2,0,2,0,2,2,1,0,0,1,2,0,1,0,0,2,0,0,2,2,1,0,0,0,0,1,2,0,0,1,1,1,1,0,0,0,1,1,0,1,2,2,1,1,0,1,2,1,1,2,0,0,2,1,0,0,1,1,2,2,1,1
Best fitness found so far: -31.0; distance: 15.811388300841896
Generation: 7; 
d: 15.297058540778355; energy: -32.0; 0,2,2,1,0,0,0,1,1,1,0,1,1,0,0,1,0,2,1,1,2,0,2,2,2,1,1,2,1,2,2,2,2,2,2,2,1,1,1,2,0,2,2,1,1,1,0,2,0,0,0,1,1,0,0,1,2,2,1,1,0,0,1,1,2,1,1,2,0,2,2,2,2,0,1,2,1,0,2,2,2,2,2
Best fitness found so far: -32.0; distance: 15.297058540778355
Generation: 8; 
d: 13.92838827718412; energy: -31.0; 2,1,0,1,2,0,1,0,0,1,1,2,2,0,0,0,0,2,2,0,1,2,0,0,0,0,2,0,1,1,2,2,2,0,2,1,1,2,2,1,1,1,1,2,2,1,1,0,0,0,0,2,2,0,1,1,0,0,0,2,2,1,2,0,0,2,0,0,1,1,0,0,1,1,1,1,0,1,1,2,1,1,0
Best fitness found so far: -32.0; distance: 15.297058540778355
Generation: 9; 
d: 13.45362404707371; energy: -31.0; 0,0,2,2,0,1,0,0,2,0,1,0,1,2,2,0,2,1,2,0,0,2,0,0,1,1,1,0,0,2,1,2,2,1,1,0,1,2,2,1,1,1,1,2,2,1,1,0,0,0,0,2,2,0,1,1,0,0,0,2,2,1,2,0,0,2,0,0,1,1,0,2,2,0,1,1,0,2,1,2,0,0,2
Best fitness found so far: -32.0; distance: 15.297058540778355
Generation: 10; 
d: 16.15549442140351; energy: -32.0; 2,2,2,0,2,0,0,2,1,0,1,0,0,2,1,2,1,1,2,0,1,0,0,0,1,1,1,2,1,2,2,1,0,1,1,1,0,1,1,2,1,2,2,0,2,1,0,0,0,0,1,1,0,0,1,0,0,0,2,0,2,2,1,0,0,1,2,0,0,1,0,1,0,2,2,0,1,0,1,1,0,0,1
Best fitness found so far: -32.0; distance: 15.297058540778355
Generation: 11; 
d: 13.45362404707371; energy: -34.0; 0,0,2,2,0,1,0,0,1,0,1,0,1,2,2,0,2,1,2,0,0,2,0,0,1,1,1,0,0,2,1,2,2,1,1,0,1,2,2,1,1,1,1,2,2,1,1,0,0,0,0,2,0,2,0,0,0,2,0,0,2,1,2,0,0,2,1,0,1,0,0,0,2,0,0,2,0,2,1,0,0,2,1
Best fitness found so far: -34.0; distance: 13.45362404707371
Generation: 12; 
d: 15.264337522473747; energy: -32.0; 0,2,2,1,0,0,0,1,1,1,0,1,1,0,0,1,0,2,1,1,2,0,2,2,2,1,1,2,1,2,2,2,2,2,2,2,1,1,1,2,0,2,2,2,2,2,2,1,0,0,0,1,1,0,2,1,0,1,1,1,0,0,1,1,2,1,1,2,0,2,2,2,2,0,1,2,1,0,2,2,2,2,2
Best fitness found so far: -34.0; distance: 13.45362404707371
Generation: 13; 
d: 16.1245154965971; energy: -34.0; 1,2,1,2,2,0,1,2,1,0,2,1,2,2,0,2,1,1,2,0,1,0,0,0,1,1,1,2,1,2,2,1,0,1,1,1,0,1,1,2,1,2,2,0,2,1,0,0,0,0,1,1,0,0,1,0,0,0,2,0,2,2,1,0,0,1,2,0,0,1,0,1,0,2,2,0,1,0,1,1,0,0,1
Best fitness found so far: -34.0; distance: 13.45362404707371
Generation: 14; 
d: 14.212670403551895; energy: -36.0; 0,0,2,2,0,1,0,0,2,0,1,0,1,2,2,0,2,1,2,0,0,2,0,0,1,1,1,0,0,2,1,2,2,1,1,0,1,2,2,1,1,1,1,2,2,1,1,0,0,0,0,1,0,0,1,1,0,0,0,2,2,1,0,0,0,0,0,0,1,2,1,0,0,0,1,2,0,0,2,0,0,1,2
Best fitness found so far: -36.0; distance: 14.212670403551895
Generation: 15; 
d: 14.212670403551895; energy: -35.0; 0,0,2,2,0,1,0,0,2,0,1,0,1,2,2,0,2,1,2,0,0,2,0,0,1,1,1,0,0,2,1,2,2,1,1,0,1,2,2,1,1,1,1,2,2,1,1,0,0,0,0,1,0,0,1,1,0,0,0,2,2,1,0,0,0,0,0,0,1,2,1,0,0,0,1,2,2,1,0,0,2,0,0
Best fitness found so far: -36.0; distance: 14.212670403551895
Generation: 16; 
d: 17.69180601295413; energy: -33.0; 2,0,2,0,1,0,0,0,1,0,1,2,0,0,0,2,0,0,1,2,2,1,0,2,2,0,1,2,2,1,1,2,2,2,0,2,1,2,0,2,2,1,1,2,1,1,2,0,2,2,1,0,1,0,0,1,0,0,0,0,0,2,2,0,1,0,1,1,1,1,2,1,2,1,0,1,0,0,1,1,0,2,1
Best fitness found so far: -36.0; distance: 14.212670403551895
Generation: 17; 
d: 13.152946437965905; energy: -33.0; 2,2,1,0,2,2,0,0,2,0,1,0,1,2,2,0,2,1,2,0,0,2,0,0,1,1,1,0,0,2,1,2,2,1,1,0,1,2,2,1,1,1,1,2,2,1,1,0,0,0,0,1,0,0,1,1,0,0,0,2,2,1,0,0,0,0,0,0,1,2,1,0,0,0,1,2,2,1,0,0,2,1,0
Best fitness found so far: -36.0; distance: 14.212670403551895
Generation: 18; 
d: 13.038404810405298; energy: -35.0; 2,0,1,2,2,0,0,1,2,1,1,2,0,0,2,0,0,2,2,0,1,2,0,0,0,1,0,1,1,1,2,2,2,0,2,1,1,2,2,1,1,1,1,2,2,1,1,0,0,0,2,1,2,0,0,2,0,1,1,0,0,0,0,2,2,2,0,2,1,1,1,1,0,1,0,2,0,2,2,0,0,0,2
Best fitness found so far: -36.0; distance: 14.212670403551895
Generation: 19; 
d: 13.45362404707371; energy: -35.0; 1,1,0,2,0,0,1,0,2,0,1,1,1,0,0,1,0,2,1,1,2,0,2,2,2,1,1,2,1,2,2,1,0,1,1,1,0,1,1,2,1,2,2,0,2,1,0,0,0,0,1,1,0,0,1,1,0,0,2,1,1,1,2,2,0,0,0,1,1,2,2,0,2,0,1,2,1,2,2,2,2,1,2
Best fitness found so far: -36.0; distance: 14.212670403551895
Generation: 20; 
d: 18.027756377319946; energy: -35.0; 1,1,1,1,1,0,0,0,1,0,1,2,0,0,0,2,0,0,1,2,2,1,0,2,2,0,1,2,2,1,1,2,2,2,0,2,1,2,0,2,2,1,1,2,1,1,1,0,0,0,0,0,2,1,1,0,2,2,0,0,2,1,1,1,2,2,0,2,2,0,1,1,1,2,0,2,2,1,2,2,1,1,0
Best fitness found so far: -36.0; distance: 14.212670403551895
Generation: 21; 
d: 17.4928556845359; energy: -35.0; 0,1,1,1,1,0,0,1,0,0,0,1,2,2,2,0,0,2,2,0,1,2,0,0,0,0,2,0,1,1,2,2,1,1,1,0,2,0,0,1,0,1,2,1,0,0,0,1,1,1,2,0,0,0,0,1,0,1,1,2,2,0,0,1,0,2,1,0,0,0,0,1,2,1,1,0,1,2,2,2,2,2,0
Best fitness found so far: -36.0; distance: 14.212670403551895
Generation: 22; 
d: 15.811388300841896; energy: -36.0; 2,0,1,1,0,0,1,2,0,1,2,2,1,0,0,2,2,1,1,0,0,0,1,0,0,0,2,0,1,1,2,2,2,0,2,1,1,2,2,1,1,1,1,2,2,1,1,0,0,0,0,2,2,0,1,1,0,0,0,2,2,1,2,0,0,2,0,0,1,1,2,2,1,1,2,1,0,2,1,1,0,2,2
Best fitness found so far: -36.0; distance: 14.212670403551895
Generation: 23; 
d: 13.416407864998739; energy: -36.0; 2,2,1,2,0,2,2,1,2,0,2,1,1,2,0,0,2,0,2,1,2,2,0,0,2,2,0,0,2,2,1,2,1,0,0,1,1,2,1,1,2,1,2,2,1,1,2,0,2,2,1,0,1,0,0,1,0,0,0,0,0,2,2,1,1,2,0,0,1,1,1,0,0,0,0,0,0,0,1,2,0,0,0
Best fitness found so far: -36.0; distance: 14.212670403551895
Generation: 24; 
d: 12.806248474865697; energy: -39.0; 2,2,1,1,2,1,2,1,1,0,0,2,0,0,0,2,1,2,1,0,2,1,2,2,2,1,2,2,1,2,2,1,1,0,2,2,1,1,0,0,2,1,0,0,2,1,1,0,0,0,2,1,0,0,0,1,0,1,1,2,2,0,0,1,0,2,1,0,0,0,0,1,2,1,0,1,1,1,0,1,0,1,1
Best fitness found so far: -39.0; distance: 12.806248474865697
Generation: 25; 
d: 13.601470508735444; energy: -36.0; 2,2,1,2,0,2,2,1,2,0,2,1,1,2,0,0,2,0,2,1,2,2,0,0,2,2,0,0,2,2,1,2,1,0,0,1,1,2,1,1,2,1,2,2,1,1,2,0,2,2,1,0,1,0,0,1,0,0,0,0,0,2,2,1,1,2,0,0,1,1,1,0,0,2,2,0,1,0,0,1,0,2,0
Best fitness found so far: -39.0; distance: 12.806248474865697
Generation: 26; 
d: 13.92838827718412; energy: -38.0; 1,1,1,1,1,0,0,1,0,1,2,2,1,0,0,2,2,1,1,0,0,2,0,0,1,1,1,0,0,2,1,2,1,1,1,0,1,2,2,1,1,1,1,2,2,1,1,0,0,0,0,2,2,0,1,1,0,0,0,2,2,1,0,0,0,0,0,0,1,2,1,0,0,2,2,0,1,0,0,1,2,1,2
Best fitness found so far: -39.0; distance: 12.806248474865697
Generation: 27; 
d: 12.041594578792296; energy: -40.0; 2,2,1,1,2,1,2,1,1,0,0,2,0,0,0,2,1,2,1,0,2,1,2,2,2,1,2,2,1,2,2,1,1,0,2,2,1,1,0,0,2,1,0,0,2,1,1,0,0,0,2,1,0,0,0,1,0,0,0,2,2,1,2,0,0,2,0,0,1,1,0,1,0,2,2,0,1,0,1,1,1,0,0
Best fitness found so far: -40.0; distance: 12.041594578792296
Generation: 28; 
d: 11.40175425099138; energy: -41.0; 2,2,1,1,2,1,2,1,1,0,0,2,0,0,0,2,1,2,1,0,2,1,2,2,2,1,2,2,1,2,2,1,1,0,2,2,1,1,0,0,2,1,0,0,2,1,1,0,0,0,2,1,0,0,0,1,0,0,0,2,2,1,2,0,0,2,0,0,1,1,1,0,0,0,0,0,0,0,1,2,0,0,0
Best fitness found so far: -41.0; distance: 11.40175425099138
Generation: 29; 
d: 18.439088914585774; energy: -38.0; 2,2,1,1,2,1,2,1,1,0,0,2,0,0,0,2,1,2,1,0,2,1,2,2,2,1,2,2,1,2,2,1,1,0,2,2,1,1,0,0,2,1,0,0,2,1,1,0,0,0,2,1,0,0,0,1,0,0,0,2,2,1,1,0,0,1,2,2,1,0,2,2,1,1,0,2,2,0,0,1,2,1,2
Best fitness found so far: -41.0; distance: 11.40175425099138
Generation: 30; 
d: 14.560219778561036; energy: -41.0; 2,2,1,1,2,1,2,1,1,0,0,2,0,0,0,2,1,2,1,0,2,1,2,2,2,1,2,2,1,2,2,1,1,0,2,2,1,1,0,0,2,1,0,0,2,1,1,0,0,0,2,1,0,0,0,1,0,0,0,2,2,0,0,1,0,1,1,2,1,1,1,0,1,2,0,0,0,0,2,1,0,1,1
Best fitness found so far: -41.0; distance: 11.40175425099138
Generation: 31; 
d: 13.601470508735444; energy: -39.0; 2,2,1,1,2,1,2,1,1,0,0,2,0,0,0,2,1,2,1,0,2,1,2,2,2,1,2,2,1,2,2,1,1,0,2,2,1,1,0,0,2,1,0,0,0,0,0,1,1,0,1,0,1,0,0,1,0,0,0,2,2,1,2,0,0,2,0,0,1,1,0,1,1,2,1,0,0,0,1,2,0,0,0
Best fitness found so far: -41.0; distance: 11.40175425099138
Generation: 32; 
d: 12.206555615733702; energy: -40.0; 2,2,1,1,2,1,2,1,1,0,0,2,0,0,0,2,1,2,1,0,2,1,2,2,2,1,2,2,1,2,2,1,1,0,2,2,1,1,0,0,2,1,0,0,2,1,1,0,0,0,2,1,0,0,0,1,0,1,1,2,2,0,0,1,0,2,1,0,0,0,2,1,2,2,2,0,0,1,1,0,0,1,1
Best fitness found so far: -41.0; distance: 11.40175425099138
Generation: 33; 
d: 16.64331697709324; energy: -38.0; 2,2,1,1,2,1,2,1,1,0,0,2,0,0,0,2,1,2,1,0,2,1,2,2,2,1,2,2,1,2,2,1,1,0,2,2,1,1,0,0,2,1,0,0,0,0,0,1,1,0,1,0,1,0,0,1,0,0,0,2,2,1,1,1,1,1,2,0,0,0,1,0,0,2,1,0,0,0,1,2,0,0,0
Best fitness found so far: -41.0; distance: 11.40175425099138
Generation: 34; 
d: 14.317821063276353; energy: -39.0; 0,1,1,1,1,0,0,1,0,0,0,1,2,2,2,1,0,0,2,0,0,2,0,0,1,1,1,0,0,0,0,1,1,2,1,0,1,2,2,1,1,1,1,2,2,1,1,0,0,0,0,2,2,0,1,1,0,0,0,2,2,1,2,0,0,2,0,0,1,1,0,2,1,1,2,1,0,2,2,0,0,1,0
Best fitness found so far: -41.0; distance: 11.40175425099138
Generation: 35; 
d: 12.727922061357855; energy: -41.0; 2,2,1,1,2,1,2,1,1,0,0,2,0,0,0,2,1,2,1,0,2,1,2,2,2,1,2,2,1,2,2,1,1,0,2,2,1,1,0,0,2,1,0,0,2,1,1,0,0,0,2,1,0,0,1,1,0,0,0,2,2,1,2,0,0,2,0,0,1,1,0,0,1,1,2,0,0,1,1,0,0,1,1
Best fitness found so far: -41.0; distance: 11.40175425099138
Generation: 36; 
d: 14.142135623730951; energy: -40.0; 2,2,1,1,2,1,2,1,1,0,0,2,0,0,0,2,1,2,1,0,2,1,2,2,2,1,2,2,1,2,2,1,1,0,2,2,1,1,0,0,2,1,0,0,2,1,1,0,0,0,2,1,0,0,0,1,0,1,1,2,2,0,0,1,0,2,1,0,0,0,0,1,2,1,1,1,2,1,0,2,2,2,1
Best fitness found so far: -41.0; distance: 11.40175425099138
Generation: 37; 
d: 13.038404810405298; energy: -41.0; 2,2,1,1,2,1,2,1,1,0,0,2,0,0,0,2,1,2,1,0,2,1,2,2,2,1,2,2,1,2,2,1,1,0,2,2,1,1,0,0,2,1,0,0,2,1,1,0,0,0,2,1,0,0,0,1,0,0,0,2,2,1,2,0,0,2,0,0,1,0,1,2,0,2,1,0,0,1,2,0,0,2,0
Best fitness found so far: -41.0; distance: 11.40175425099138
Generation: 38; 
d: 13.45362404707371; energy: -39.0; 0,1,1,1,1,0,0,1,0,0,0,1,2,2,2,0,0,2,2,0,1,2,0,0,0,1,0,1,1,1,2,2,1,1,1,0,2,0,0,1,0,1,2,1,0,0,0,1,1,1,2,0,0,0,0,1,0,1,1,2,2,0,0,1,0,2,1,0,0,0,1,0,1,2,0,0,0,0,1,0,1,2,2
Best fitness found so far: -41.0; distance: 11.40175425099138
Generation: 39; 
d: 14.560219778561036; energy: -40.0; 2,2,1,1,2,1,2,1,1,0,0,2,0,0,0,2,1,2,1,0,2,1,2,2,2,1,2,2,1,2,2,1,1,0,2,2,1,1,0,0,2,1,0,0,2,1,1,0,0,0,2,1,0,0,0,1,0,0,0,2,2,1,2,0,0,2,0,0,1,0,0,1,0,0,1,2,0,1,2,0,0,2,0
Best fitness found so far: -41.0; distance: 11.40175425099138
Generation: 40; 
d: 15.524174696260024; energy: -40.0; 0,1,1,1,1,0,0,1,0,0,0,1,2,2,2,1,0,0,2,0,0,2,0,0,1,1,1,0,0,0,0,1,1,2,1,0,1,2,2,1,1,1,1,2,2,1,1,0,0,0,2,1,2,0,0,2,0,1,1,0,0,0,0,2,2,2,0,2,1,0,1,2,2,1,0,0,0,1,2,0,0,1,2
Best fitness found so far: -41.0; distance: 11.40175425099138
