Algorithm configured with: 
Pop: 1000
Aux Pop: 200
CrP: 1.0
MtP: 1.0
List of crossover: 
SinglePointCrossover
IntegerTwoPointsCrossover
MultiPointsCrossover
List of mutations: 
BitFlipMutation
LoopMoveOperator
LocalMoveOperator
SegmentMutation
OppositeMoveOperator
Execution: 1
Generation: 0; 
d: 17.72004514666935; energy: -9.0; 2,0,2,2,0,2,0,2,2,0,1,2,1,2,0,0,1,0,1,1,1,1,0,1,2,0,2,0,2,0,2,2,1,2,0,1,1,1,0,2,1,2,2,0,2,0,1,0,1,1,2,1,0,2,2,0,0,1,1,0,0,2,1,0,2,1,2,0,1,1,2,2,1,0,2,1,1,0,0,1,2,1,2
Best fitness found so far: -9.0; distance: 17.72004514666935
Generation: 1; 
d: 22.360679774997898; energy: -27.0; 2,2,0,1,1,0,0,1,1,1,0,0,2,2,2,0,1,1,0,0,1,1,0,0,1,0,0,2,1,2,2,1,2,2,2,1,2,0,0,1,2,2,1,1,0,2,1,2,2,1,2,1,0,0,0,0,1,1,2,0,0,0,2,1,1,1,1,1,0,2,1,2,2,0,0,1,2,0,1,2,0,0,2
Best fitness found so far: -27.0; distance: 22.360679774997898
Generation: 2; 
d: 12.806248474865697; energy: -32.0; 1,1,0,1,0,1,0,2,1,0,1,0,0,2,2,2,2,2,0,0,0,1,1,0,1,0,2,1,2,2,1,1,2,2,0,2,2,0,0,0,0,0,0,1,1,1,0,0,1,2,1,1,2,1,2,1,0,0,0,1,2,2,0,0,0,0,1,2,1,1,1,0,1,0,1,1,2,0,2,0,1,0,0
Best fitness found so far: -32.0; distance: 12.806248474865697
Generation: 3; 
d: 16.278820596099706; energy: -31.0; 1,1,0,1,0,1,0,2,1,0,1,0,0,2,0,0,0,2,2,2,2,1,1,2,1,0,2,1,2,2,1,1,2,2,0,2,2,0,0,0,0,0,0,1,1,1,0,0,1,2,1,1,2,1,2,1,0,0,0,1,2,2,0,0,0,0,1,2,1,1,1,0,1,0,1,1,2,0,2,0,1,0,0
Best fitness found so far: -32.0; distance: 12.806248474865697
Generation: 4; 
d: 13.601470508735444; energy: -28.0; 1,1,0,1,0,1,0,2,1,0,1,0,0,2,0,0,0,2,2,2,2,1,1,2,1,0,2,1,2,2,1,1,2,2,1,1,1,0,2,2,1,0,2,0,2,2,1,2,2,1,1,2,2,1,2,1,0,0,0,1,2,2,0,0,0,0,1,2,1,1,1,0,1,0,1,1,2,0,2,0,1,0,0
Best fitness found so far: -32.0; distance: 12.806248474865697
Generation: 5; 
d: 16.401219466856727; energy: -30.0; 1,1,0,1,0,1,0,2,1,0,1,0,0,2,0,0,0,2,2,2,2,1,1,2,1,0,2,1,2,2,1,1,2,2,1,1,1,0,2,1,2,1,0,0,1,1,1,2,2,1,1,2,2,1,2,1,0,0,0,1,2,2,0,0,0,0,1,2,1,1,1,0,1,0,1,1,2,0,2,0,1,0,0
Best fitness found so far: -32.0; distance: 12.806248474865697
Generation: 6; 
d: 17.46424919657298; energy: -31.0; 0,0,1,0,2,1,2,2,0,2,1,1,0,0,0,0,0,0,2,2,2,1,2,2,1,1,1,2,0,1,2,2,1,2,0,0,0,1,0,1,2,0,2,1,0,0,1,2,2,1,0,1,1,1,2,2,1,1,0,1,1,2,0,2,0,0,2,2,1,2,0,2,2,0,1,1,1,2,1,2,2,0,1
Best fitness found so far: -32.0; distance: 12.806248474865697
Generation: 7; 
d: 15.0; energy: -28.0; 2,2,0,2,1,1,2,0,1,2,1,0,1,1,1,1,1,0,1,2,0,0,1,1,0,0,1,2,1,2,2,0,0,1,2,0,0,1,1,2,1,0,1,1,1,2,1,2,2,0,2,0,1,2,2,1,1,1,1,0,0,2,0,1,0,1,1,0,0,2,2,1,2,0,0,1,1,1,1,1,1,2,2
Best fitness found so far: -32.0; distance: 12.806248474865697
Generation: 8; 
d: 12.806248474865697; energy: -31.0; 1,1,0,1,0,1,0,2,1,0,1,0,0,2,2,2,2,2,0,0,0,1,1,0,1,0,2,1,2,2,1,1,2,2,0,2,2,0,0,0,0,0,0,1,1,1,0,0,1,2,1,1,2,1,2,1,0,0,0,1,2,2,0,0,1,0,0,1,0,0,2,2,0,1,0,2,0,0,0,1,1,1,1
Best fitness found so far: -32.0; distance: 12.806248474865697
Generation: 9; 
d: 16.492422502470642; energy: -32.0; 2,0,0,2,0,0,1,1,1,0,0,0,0,0,0,0,0,1,0,1,2,1,1,0,2,1,1,2,2,1,2,1,1,2,2,0,0,2,1,0,0,1,0,1,2,2,2,2,2,0,0,0,2,2,2,1,2,2,2,2,0,2,0,0,2,2,1,2,2,1,2,2,1,0,0,2,0,2,1,2,2,2,2
Best fitness found so far: -32.0; distance: 12.806248474865697
Generation: 10; 
d: 15.556349186104045; energy: -32.0; 0,0,0,1,1,0,0,0,2,0,0,1,0,0,2,0,0,2,2,2,2,1,2,2,1,1,1,2,0,1,2,2,1,2,0,0,0,1,0,1,2,1,0,0,1,1,1,0,1,0,1,2,1,2,1,2,1,2,0,0,2,2,1,1,2,0,2,0,1,2,2,1,1,2,0,0,1,0,0,2,1,0,1
Best fitness found so far: -32.0; distance: 12.806248474865697
Generation: 11; 
d: 21.540659228538015; energy: -31.0; 0,0,1,1,1,2,2,2,2,2,2,2,2,2,0,1,0,0,1,1,2,2,1,1,0,2,0,2,2,0,0,1,2,2,1,1,2,2,0,2,0,2,0,0,2,0,0,1,2,2,1,0,0,1,0,1,0,2,1,2,2,0,2,0,0,0,1,1,2,1,0,2,2,1,0,2,2,1,2,0,0,1,2
Best fitness found so far: -32.0; distance: 12.806248474865697
Generation: 12; 
d: 13.038404810405298; energy: -34.0; 0,0,1,1,2,1,1,2,1,2,0,0,1,0,1,2,2,1,1,0,1,1,1,1,1,2,2,1,2,0,1,2,2,0,2,0,2,1,1,2,2,1,2,0,2,2,2,2,2,2,1,0,0,0,2,2,0,2,2,2,1,1,0,0,1,1,1,0,2,2,0,2,1,2,2,2,1,2,1,2,0,2,2
Best fitness found so far: -34.0; distance: 13.038404810405298
Generation: 13; 
d: 17.69180601295413; energy: -31.0; 1,1,0,1,0,1,0,2,1,0,1,0,1,0,1,2,2,1,1,0,1,0,0,1,0,0,1,2,0,0,2,2,1,0,0,2,2,0,0,0,0,0,0,0,1,1,0,0,1,2,1,1,2,1,2,1,0,0,1,2,1,0,1,2,2,1,1,0,0,1,2,0,0,2,0,2,2,2,2,1,0,1,2
Best fitness found so far: -34.0; distance: 13.038404810405298
Generation: 14; 
d: 17.029386365926403; energy: -34.0; 2,2,0,1,0,1,0,2,1,0,1,0,0,2,0,0,2,1,2,1,2,1,1,2,1,0,2,1,2,2,1,1,1,0,2,1,0,0,0,0,0,0,0,0,2,2,1,2,1,0,1,1,0,2,0,0,1,2,0,2,2,0,1,2,2,1,1,0,0,1,2,0,0,2,0,0,1,0,0,0,1,1,0
Best fitness found so far: -34.0; distance: 13.038404810405298
Generation: 15; 
d: 17.11724276862369; energy: -33.0; 1,1,0,1,0,1,0,2,1,0,1,0,0,2,0,0,0,2,2,2,2,1,1,2,1,0,2,1,2,2,1,1,2,2,1,1,1,0,0,0,0,0,0,1,1,1,0,0,1,1,1,2,2,1,2,1,0,0,0,1,2,2,0,0,0,0,2,2,1,2,0,2,2,0,1,1,1,2,1,0,1,0,0
Best fitness found so far: -34.0; distance: 13.038404810405298
Generation: 16; 
d: 16.492422502470642; energy: -36.0; 2,2,1,1,1,0,1,1,1,0,0,1,1,2,1,1,1,0,2,2,1,2,0,1,2,1,2,2,1,0,0,2,1,1,1,1,1,2,2,2,1,2,2,1,0,2,2,2,1,0,2,1,0,1,1,0,1,0,0,0,1,0,0,2,0,1,2,1,2,2,0,1,0,1,0,2,2,0,1,2,1,0,0
Best fitness found so far: -36.0; distance: 16.492422502470642
Generation: 17; 
d: 14.866068747318506; energy: -39.0; 2,2,1,1,1,0,1,1,1,0,0,1,1,2,1,1,1,0,2,2,1,2,0,1,2,1,2,2,1,0,0,2,1,1,1,1,1,2,2,2,1,2,2,1,0,2,2,2,1,0,2,1,0,1,1,0,1,0,0,0,1,0,0,2,0,1,2,1,2,2,0,2,2,0,1,1,1,0,0,1,1,1,1
Best fitness found so far: -39.0; distance: 14.866068747318506
Generation: 18; 
d: 12.806248474865697; energy: -34.0; 1,1,0,0,1,0,1,1,1,1,0,1,0,1,1,2,2,1,0,0,1,2,2,0,0,1,0,1,2,0,0,2,1,0,2,0,0,2,2,1,1,2,2,0,0,2,1,2,0,2,1,1,1,2,2,0,2,2,2,0,1,0,0,2,2,0,0,2,0,2,1,2,2,0,0,2,2,2,1,2,1,1,0
Best fitness found so far: -39.0; distance: 14.866068747318506
Generation: 19; 
d: 16.492422502470642; energy: -35.0; 0,0,2,1,0,0,1,1,1,0,1,0,0,2,2,2,2,2,0,0,0,1,1,0,1,0,2,1,2,2,1,1,2,2,0,2,2,0,0,0,0,0,0,1,1,1,0,0,2,2,0,0,1,1,2,0,0,1,0,1,2,2,2,1,1,1,1,2,1,0,0,2,2,2,2,0,0,2,2,0,1,0,0
Best fitness found so far: -39.0; distance: 14.866068747318506
Generation: 20; 
d: 15.033296378372908; energy: -39.0; 2,2,1,1,1,0,1,1,1,0,0,1,1,2,1,1,1,0,2,2,1,2,0,1,2,1,2,2,1,0,0,2,1,1,1,1,1,2,2,2,1,2,2,1,0,2,2,2,1,0,2,1,0,1,1,0,1,0,0,0,1,0,0,2,0,1,2,1,2,2,0,2,2,0,0,2,2,2,1,2,1,1,0
Best fitness found so far: -39.0; distance: 14.866068747318506
Generation: 21; 
d: 12.529964086141668; energy: -36.0; 1,1,0,1,0,1,0,2,1,0,1,0,0,2,0,0,0,2,1,0,1,2,1,1,2,1,2,0,0,1,1,1,2,2,1,1,1,0,2,2,1,0,2,0,2,2,1,2,2,1,2,0,1,0,0,0,0,1,2,2,2,0,0,0,0,0,1,2,1,1,1,0,1,0,1,1,2,0,2,0,1,0,0
Best fitness found so far: -39.0; distance: 14.866068747318506
Generation: 22; 
d: 17.88854381999832; energy: -36.0; 2,2,0,1,1,0,0,0,0,1,1,2,2,0,1,2,1,2,1,1,1,1,0,0,0,1,0,1,1,1,2,2,1,1,0,2,2,1,2,1,0,0,1,2,1,0,1,0,0,1,0,0,2,1,0,0,0,1,0,1,0,0,1,0,2,2,1,0,0,0,0,0,1,1,1,2,2,1,2,2,0,1,1
Best fitness found so far: -39.0; distance: 14.866068747318506
Generation: 23; 
d: 15.033296378372908; energy: -39.0; 0,2,1,1,1,0,1,1,1,0,0,1,1,2,1,1,1,0,2,2,1,2,0,1,2,1,2,2,1,0,0,2,1,1,1,1,1,2,2,2,1,2,2,1,0,2,2,2,1,0,2,1,0,1,1,0,1,0,0,0,1,0,0,2,0,1,2,1,2,2,0,2,2,0,0,2,2,2,1,2,1,1,0
Best fitness found so far: -39.0; distance: 14.866068747318506
Generation: 24; 
d: 13.45362404707371; energy: -38.0; 1,0,1,1,1,0,1,1,1,2,1,0,1,1,1,1,1,0,1,2,0,0,1,1,0,0,1,1,2,2,1,1,2,2,0,2,2,0,0,0,0,0,0,0,1,1,0,0,1,2,1,1,2,0,2,2,1,2,1,1,2,2,0,2,2,0,1,1,1,2,0,2,2,0,2,1,2,2,1,2,2,0,1
Best fitness found so far: -39.0; distance: 14.866068747318506
Generation: 25; 
d: 19.026297590440446; energy: -37.0; 0,0,1,1,2,2,1,1,2,2,2,0,1,2,2,1,1,2,2,2,0,0,0,1,0,0,2,2,0,1,1,2,1,1,1,1,1,2,2,2,1,2,2,1,0,2,2,2,1,0,2,1,0,1,1,1,0,0,0,1,2,1,1,0,0,0,1,2,1,1,1,0,0,0,0,0,1,2,0,2,2,1,1
Best fitness found so far: -39.0; distance: 14.866068747318506
Generation: 26; 
d: 12.206555615733702; energy: -39.0; 1,0,2,1,1,1,1,0,0,1,2,2,1,2,0,0,2,2,1,2,0,0,1,0,1,1,2,1,2,2,0,2,1,0,2,2,0,1,0,0,0,0,1,0,1,2,2,0,0,2,2,0,1,0,0,0,0,1,2,2,2,0,0,0,0,1,1,1,2,1,2,2,1,1,2,0,0,0,2,0,1,0,0
Best fitness found so far: -39.0; distance: 14.866068747318506
Generation: 27; 
d: 15.811388300841896; energy: -37.0; 1,0,1,2,1,2,1,2,1,1,1,2,1,2,2,0,1,2,1,1,1,1,0,0,0,1,0,1,1,1,2,2,1,1,0,2,2,1,2,1,0,1,2,2,1,0,0,0,0,0,1,0,0,1,0,1,0,0,1,0,0,1,1,2,2,1,0,2,1,1,1,2,0,0,1,2,2,1,1,2,0,2,0
Best fitness found so far: -39.0; distance: 14.866068747318506
Generation: 28; 
d: 14.560219778561036; energy: -40.0; 0,2,1,1,1,0,1,1,1,0,0,1,1,2,1,1,1,0,2,2,1,2,0,1,2,1,2,2,1,0,0,2,1,1,1,1,1,2,2,2,1,2,2,1,0,2,2,2,1,0,2,1,0,1,1,0,1,0,0,0,1,0,0,2,0,1,2,1,2,2,0,2,2,0,0,2,2,1,1,0,1,0,1
Best fitness found so far: -40.0; distance: 14.560219778561036
Generation: 29; 
d: 14.866068747318506; energy: -39.0; 2,2,1,1,1,0,1,1,1,0,0,1,1,2,1,1,1,0,2,2,1,2,0,1,2,1,2,2,1,0,0,2,1,1,1,1,1,2,2,2,1,2,2,1,0,2,2,2,1,0,2,1,0,1,1,0,1,0,0,0,2,2,0,0,0,1,2,1,2,2,0,2,2,0,1,1,1,0,0,1,1,1,1
Best fitness found so far: -40.0; distance: 14.560219778561036
Generation: 30; 
d: 13.601470508735444; energy: -41.0; 1,1,0,1,1,0,0,1,2,1,1,2,1,2,2,0,2,2,0,0,1,2,0,0,1,0,2,1,2,2,1,1,2,2,0,2,2,0,0,0,0,0,0,1,1,0,0,0,1,2,1,1,1,0,0,1,0,1,0,0,2,2,0,0,2,2,1,0,0,0,0,0,1,1,1,2,2,1,2,2,0,0,1
Best fitness found so far: -41.0; distance: 13.601470508735444
Generation: 31; 
d: 13.601470508735444; energy: -41.0; 1,1,0,1,1,0,0,1,2,1,1,2,1,2,2,0,2,2,0,0,1,2,0,0,1,0,2,1,2,2,1,1,2,2,0,2,2,0,0,0,0,0,0,1,1,0,0,0,1,2,1,1,1,0,0,1,0,1,0,0,2,2,0,0,2,2,1,0,0,0,0,0,1,1,1,2,2,1,2,2,0,0,1
Best fitness found so far: -41.0; distance: 13.601470508735444
Generation: 32; 
d: 14.866068747318506; energy: -39.0; 1,1,0,1,1,0,0,1,2,1,1,2,1,2,2,0,2,2,0,0,1,2,0,0,1,0,2,1,2,2,1,1,2,2,0,2,2,0,0,0,0,0,0,1,1,0,0,0,1,2,1,1,1,2,1,1,0,2,1,2,2,0,2,0,0,0,0,2,0,0,2,0,0,1,0,2,2,1,2,0,1,0,0
Best fitness found so far: -41.0; distance: 13.601470508735444
Generation: 33; 
d: 12.206555615733702; energy: -43.0; 1,1,0,1,1,0,0,1,2,1,1,2,1,2,2,0,2,2,0,0,1,2,0,0,1,0,2,1,2,2,1,1,2,2,0,2,2,0,0,0,0,0,0,1,1,0,0,0,1,2,1,1,1,0,0,1,0,1,0,0,2,2,0,0,0,0,2,2,1,2,0,2,2,0,1,1,1,2,1,0,0,1,2
Best fitness found so far: -43.0; distance: 12.206555615733702
Generation: 34; 
d: 14.866068747318506; energy: -39.0; 2,2,2,1,0,0,1,1,0,0,1,2,1,1,2,2,2,2,0,0,0,1,1,0,1,0,2,1,2,2,1,1,2,2,0,2,2,0,0,0,0,0,0,1,1,1,0,0,1,2,1,1,2,1,2,1,0,2,2,2,2,2,1,0,1,1,1,0,2,1,0,0,0,1,1,1,1,2,2,1,2,2,0
Best fitness found so far: -43.0; distance: 12.206555615733702
Generation: 35; 
d: 15.231546211727817; energy: -41.0; 1,1,0,1,1,0,0,1,2,1,1,2,1,2,2,0,2,2,0,0,1,2,0,0,1,0,2,1,2,2,1,1,2,2,0,2,2,0,0,0,0,0,0,1,1,0,0,0,1,2,1,1,1,0,0,1,0,1,0,0,2,2,0,0,2,2,1,1,2,2,0,2,2,0,0,2,2,0,2,0,1,0,0
Best fitness found so far: -43.0; distance: 12.206555615733702
Generation: 36; 
d: 12.206555615733702; energy: -42.0; 1,1,0,1,1,0,0,1,2,1,1,2,1,2,2,0,2,2,0,0,1,2,0,0,1,0,2,1,2,2,1,1,2,2,0,2,2,0,0,0,0,0,0,1,1,0,0,0,1,2,1,1,1,0,0,1,0,1,0,0,2,2,0,0,0,0,2,2,1,2,0,2,2,0,1,1,1,2,0,0,2,2,2
Best fitness found so far: -43.0; distance: 12.206555615733702
Generation: 37; 
d: 18.788294228055936; energy: -41.0; 1,1,0,1,1,0,0,1,2,1,1,2,1,2,2,0,2,2,0,0,1,2,0,0,1,0,1,1,2,2,1,1,2,2,0,2,2,0,0,0,0,0,0,1,1,0,0,0,1,2,1,1,1,0,0,1,0,1,0,0,2,2,0,0,2,2,1,0,0,2,0,2,2,0,0,2,2,0,2,0,1,0,0
Best fitness found so far: -43.0; distance: 12.206555615733702
Generation: 38; 
d: 13.601470508735444; energy: -41.0; 1,1,0,1,1,0,0,1,2,1,1,2,1,2,2,0,2,2,0,0,1,2,0,0,1,0,2,1,2,2,1,1,2,2,0,2,2,0,0,0,0,0,0,1,1,0,0,0,1,2,1,1,1,0,0,1,0,1,0,0,2,2,0,0,2,2,1,0,0,0,0,0,1,1,1,2,2,1,2,2,0,0,1
Best fitness found so far: -43.0; distance: 12.206555615733702
Generation: 39; 
d: 13.601470508735444; energy: -41.0; 1,1,0,1,1,0,0,1,2,1,1,2,1,2,2,0,2,2,0,0,1,2,0,0,1,0,2,1,2,2,1,1,2,2,0,2,2,0,0,0,0,0,0,1,1,0,0,0,1,2,1,1,1,0,0,1,0,1,0,0,2,2,0,0,2,2,1,0,0,0,0,0,1,1,1,2,2,1,2,2,0,0,1
Best fitness found so far: -43.0; distance: 12.206555615733702
