Algorithm configured with: 
Pop: 2500
Aux Pop: 2000
CrP: 1.0
MtP: 1.0
List of crossover: 
SinglePointCrossover
IntegerTwoPointsCrossover
MultiPointsCrossover
List of mutations: 
BitFlipMutation
LoopMoveOperator
LocalMoveOperator
SegmentMutation
OppositeMoveOperator
Execution: 1
Generation: 0; 
d: 12.206555615733702; energy: 0.0; 0,1,1,0,0,2,2,0,2,0,2,0,1,0,1,1,1,0,1,2,0,2,1,0,2,1,0,1,1,2,2,1,1,1,0
Best fitness found so far: 0.0; distance: 12.206555615733702
Generation: 1; 
d: 9.433981132056603; energy: -7.0; 0,1,2,2,1,0,0,1,2,0,1,1,0,1,0,1,2,1,0,2,2,1,2,1,0,1,1,0,0,1,2,2,0,2,1
Best fitness found so far: -7.0; distance: 9.433981132056603
Generation: 2; 
d: 13.341664064126334; energy: -8.0; 1,1,2,1,1,0,1,1,1,0,0,2,1,0,0,1,1,0,1,0,1,2,2,1,1,1,1,0,0,2,2,1,1,1,1
Best fitness found so far: -8.0; distance: 13.341664064126334
Generation: 3; 
d: 7.211102550927978; energy: -10.0; 2,1,2,2,2,0,2,2,1,0,0,0,1,0,1,1,2,2,1,1,0,1,0,0,2,1,1,0,1,1,2,0,0,1,0
Best fitness found so far: -10.0; distance: 7.211102550927978
Generation: 4; 
d: 8.602325267042627; energy: -9.0; 1,1,1,2,0,0,2,2,1,0,0,2,0,0,0,0,1,0,1,2,1,1,1,2,2,2,2,2,1,2,1,2,2,0,1
Best fitness found so far: -10.0; distance: 7.211102550927978
Generation: 5; 
d: 8.602325267042627; energy: -10.0; 1,0,1,1,2,2,1,1,0,1,1,1,0,0,2,0,0,1,2,2,0,2,2,0,2,1,0,0,1,2,2,2,0,0,0
Best fitness found so far: -10.0; distance: 7.211102550927978
Generation: 6; 
d: 8.94427190999916; energy: -9.0; 1,2,1,1,0,0,0,1,2,2,1,1,1,0,1,0,1,2,2,1,0,0,1,0,1,1,0,0,1,2,2,2,0,2,2
Best fitness found so far: -10.0; distance: 7.211102550927978
Generation: 7; 
d: 10.770329614269007; energy: -10.0; 0,1,2,2,2,0,2,2,1,0,0,1,0,0,1,0,2,2,1,2,1,0,0,0,0,2,2,1,0,2,2,2,0,2,2
Best fitness found so far: -10.0; distance: 7.211102550927978
Generation: 8; 
d: 8.246211251235321; energy: -10.0; 1,1,2,2,2,0,0,2,0,0,2,0,0,0,0,2,1,2,0,0,0,1,2,1,1,2,2,1,0,1,2,2,2,0,1
Best fitness found so far: -10.0; distance: 7.211102550927978
Generation: 9; 
d: 8.06225774829855; energy: -10.0; 1,1,2,2,1,0,0,2,1,1,0,0,0,0,1,0,1,2,2,1,1,0,0,1,1,0,0,0,1,0,1,2,2,0,2
Best fitness found so far: -10.0; distance: 7.211102550927978
Generation: 10; 
d: 8.54400374531753; energy: -11.0; 0,1,2,2,2,0,2,2,1,0,0,1,0,0,1,0,2,2,1,2,1,0,0,0,0,0,1,1,0,2,2,2,0,2,2
Best fitness found so far: -11.0; distance: 8.54400374531753
Generation: 11; 
d: 8.602325267042627; energy: -11.0; 2,1,2,2,0,0,1,2,1,0,0,0,1,0,1,1,0,2,2,0,1,0,0,0,1,1,0,0,1,2,2,0,0,1,1
Best fitness found so far: -11.0; distance: 8.54400374531753
Generation: 12; 
d: 9.219544457292887; energy: -10.0; 0,2,1,1,0,0,0,0,0,1,2,2,1,1,2,2,0,2,2,0,1,0,0,0,2,0,0,1,0,1,2,0,0,1,2
Best fitness found so far: -11.0; distance: 8.54400374531753
Generation: 13; 
d: 7.280109889280518; energy: -11.0; 2,1,2,2,2,0,2,2,1,0,0,0,0,0,1,0,1,2,2,1,1,0,0,0,1,0,0,1,0,2,1,0,0,0,1
Best fitness found so far: -11.0; distance: 8.54400374531753
Generation: 14; 
d: 8.602325267042627; energy: -10.0; 1,0,2,2,2,0,2,2,1,0,0,1,0,0,1,0,2,2,1,2,1,0,0,0,1,0,0,2,0,2,2,0,1,0,1
Best fitness found so far: -11.0; distance: 8.54400374531753
