Algorithm configured with: 
Pop: 3000
Aux Pop: 200
Crossover: SinglePointCrossover
CrP: 0.9
Mutation: BitFlipMutation
MtP: 0.01
Starting executions...
Execution: 1
Generation: 0; 
d: 100.0; energy: 0.0; 1,2,1,0,0,1,0,0,2,0,0,2,1,2,1,2,2,2,1,2,1,2,0,2,2,1,0,0,0,0,1,0,1,0,0,2,0,0,0,1,1,1,2,2,2,2,1,2,0,1,0,0,0,2,1,1,0,0,1,1,0,0,0,2,1,2,2,2,2,1,0,2,0,2,0,2,1,1,1,0,2,0,2,2,1,2,1,1,2,2,1,1,1,2,0,2,2
Best fitness found so far: 0.0; distance: 100.0
Generation: 1; 
d: 16.1245154965971; energy: -22.0; 2,2,1,1,2,0,1,2,0,1,1,2,0,0,2,2,2,1,1,1,2,0,2,2,2,2,0,2,2,0,1,0,1,1,2,2,1,2,2,0,0,1,2,2,1,1,2,1,1,1,1,1,1,0,2,2,0,0,2,1,0,2,1,0,0,1,1,0,1,1,2,2,2,2,0,2,1,1,2,0,0,2,0,1,1,0,0,0,1,0,0,1,0,0,0,1,2
Best fitness found so far: -22.0; distance: 16.1245154965971
Generation: 2; 
d: 16.55294535724685; energy: -25.0; 2,2,0,0,0,1,2,1,2,1,2,0,1,1,0,1,0,0,0,2,2,0,0,2,1,1,2,1,1,0,2,0,2,2,0,2,2,1,0,2,1,1,2,1,0,2,2,2,0,0,1,2,2,1,0,2,0,0,0,1,0,0,2,2,1,1,2,2,0,1,0,1,2,2,0,0,0,1,2,2,1,2,0,1,0,2,2,1,0,2,0,2,2,2,1,2,2
Best fitness found so far: -25.0; distance: 16.55294535724685
Generation: 3; 
d: 18.439088914585774; energy: -27.0; 2,2,0,0,0,1,2,1,2,1,2,0,1,1,0,1,0,0,0,2,2,0,0,2,1,1,2,1,1,0,2,0,2,2,0,2,2,1,0,2,1,1,2,1,0,2,2,2,0,0,1,2,2,1,0,2,0,0,0,1,0,0,2,2,1,1,0,2,1,2,1,2,0,2,2,1,1,0,1,0,0,1,0,2,0,2,2,0,1,1,1,1,1,1,1,0,0
Best fitness found so far: -27.0; distance: 18.439088914585774
Generation: 4; 
d: 15.264337522473747; energy: -28.0; 2,2,0,0,0,1,2,1,2,1,2,0,1,1,0,1,0,0,0,2,2,0,0,2,1,1,2,1,1,0,2,0,2,2,0,2,2,1,0,2,1,1,2,1,0,2,2,2,0,0,1,2,2,1,0,2,0,0,0,1,0,0,2,2,1,1,0,2,1,2,1,2,0,2,2,1,1,0,1,0,0,1,0,2,0,2,2,0,1,1,1,2,2,1,2,2,1
Best fitness found so far: -28.0; distance: 15.264337522473747
Generation: 5; 
d: 15.264337522473747; energy: -27.0; 2,2,0,0,0,1,2,1,2,1,2,0,1,1,0,1,0,0,0,2,2,0,0,2,1,1,2,1,1,0,2,0,2,2,0,2,2,1,0,2,1,1,2,1,0,2,2,2,0,0,1,2,2,1,0,2,0,0,0,1,0,0,2,2,1,1,0,2,1,2,1,2,0,2,2,1,1,0,1,0,0,1,0,2,0,2,2,0,1,1,1,2,1,2,0,0,2
Best fitness found so far: -28.0; distance: 15.264337522473747
Generation: 6; 
d: 15.264337522473747; energy: -28.0; 2,2,0,0,0,1,2,1,2,1,2,0,1,1,0,1,0,0,0,2,2,0,0,2,1,1,2,1,1,0,2,0,2,2,0,2,2,1,0,2,1,1,2,1,0,2,2,2,0,0,1,2,2,1,0,2,0,0,0,1,0,0,2,2,1,1,0,2,1,2,1,2,0,2,2,0,1,0,1,0,0,1,0,2,0,2,2,0,1,1,1,2,2,2,2,1,2
Best fitness found so far: -28.0; distance: 15.264337522473747
Generation: 7; 
d: 15.264337522473747; energy: -30.0; 2,2,0,0,0,1,2,1,2,1,2,0,1,1,0,1,0,0,0,2,2,0,0,2,1,1,2,1,1,0,2,0,2,2,0,2,2,1,0,2,1,1,2,1,0,2,2,2,1,0,1,2,2,1,0,2,0,0,0,1,0,0,2,2,1,1,0,2,1,2,1,2,0,2,1,1,1,1,2,1,0,1,1,0,1,0,0,2,2,0,1,1,2,2,1,1,0
Best fitness found so far: -30.0; distance: 15.264337522473747
Generation: 8; 
d: 15.264337522473747; energy: -28.0; 2,2,0,0,0,1,2,1,2,1,2,0,1,1,0,1,0,0,0,2,2,0,0,2,1,1,2,1,1,0,2,0,2,2,0,2,2,1,0,2,1,1,2,1,0,2,2,2,0,0,1,2,2,1,0,2,0,0,0,1,0,0,2,2,1,1,0,2,1,2,1,2,0,2,2,1,1,0,1,0,0,1,0,2,0,2,2,0,1,1,1,2,2,1,2,2,1
Best fitness found so far: -30.0; distance: 15.264337522473747
Generation: 9; 
d: 15.652475842498529; energy: -29.0; 2,0,0,2,2,1,0,0,0,1,1,0,0,2,0,0,0,2,2,1,2,0,2,2,1,2,2,2,0,2,0,0,0,0,0,0,0,0,0,1,2,0,2,2,1,2,2,2,1,0,2,2,1,0,0,0,0,1,0,2,2,0,2,1,1,0,0,0,2,1,0,1,0,0,1,0,2,2,0,0,2,1,2,0,0,0,0,2,2,0,2,0,0,0,0,1,2
Best fitness found so far: -30.0; distance: 15.264337522473747
Generation: 10; 
d: 16.76305461424021; energy: -31.0; 2,0,0,2,2,1,2,0,0,1,1,0,0,2,0,0,0,2,2,1,2,0,2,2,1,2,2,2,0,2,0,0,0,0,0,0,0,0,0,1,2,0,2,2,1,2,2,2,1,0,2,2,1,1,0,0,0,1,0,2,1,0,2,1,1,0,0,0,2,1,0,1,0,0,1,0,2,2,0,0,2,1,2,0,0,0,0,2,2,0,2,0,0,0,1,1,0
Best fitness found so far: -31.0; distance: 16.76305461424021
Generation: 11; 
d: 17.4928556845359; energy: -30.0; 1,1,1,0,0,1,2,1,2,1,2,0,1,1,0,1,0,0,0,2,2,0,0,2,1,1,2,1,1,0,2,0,2,2,0,2,2,1,0,2,1,1,2,1,0,2,2,2,1,0,1,2,2,1,0,2,0,0,0,1,0,0,2,2,1,1,0,2,1,2,1,2,0,2,1,1,1,1,2,1,0,1,1,0,1,0,0,2,2,0,1,1,2,2,1,1,0
Best fitness found so far: -31.0; distance: 16.76305461424021
Generation: 12; 
d: 15.652475842498529; energy: -31.0; 2,0,0,2,2,1,0,0,0,1,1,0,0,2,0,0,0,2,2,1,2,0,2,2,2,2,2,2,0,2,0,0,0,0,0,0,0,0,0,1,2,0,2,2,1,2,2,2,1,0,2,2,1,0,0,0,0,1,0,2,2,0,2,1,1,0,0,0,2,1,0,1,0,0,1,0,2,2,0,0,2,1,2,0,0,0,0,2,2,0,2,0,0,0,0,1,2
Best fitness found so far: -31.0; distance: 16.76305461424021
Generation: 13; 
d: 14.422205101855956; energy: -31.0; 2,2,0,0,0,1,2,1,2,1,2,0,1,1,0,1,0,0,0,2,2,0,0,2,1,1,2,1,1,0,2,0,2,2,0,2,2,1,0,2,1,1,2,1,0,2,2,2,0,0,1,2,2,1,0,2,0,0,0,1,0,2,0,2,0,2,2,1,1,1,1,2,1,1,2,1,1,1,1,1,2,0,0,1,0,1,2,0,2,1,1,1,0,0,0,0,0
Best fitness found so far: -31.0; distance: 16.76305461424021
Generation: 14; 
d: 21.37755832643195; energy: -31.0; 0,1,0,1,0,1,2,2,2,1,2,2,2,0,0,2,0,0,1,0,0,0,0,2,1,1,2,1,1,0,2,0,2,2,0,2,2,1,0,2,1,1,2,1,0,2,2,2,0,0,1,2,2,1,0,2,0,0,0,1,0,0,1,2,1,1,1,1,2,0,1,2,1,0,1,2,0,0,2,2,2,1,2,2,0,2,2,0,0,2,1,0,0,0,0,2,1
Best fitness found so far: -31.0; distance: 16.76305461424021
Generation: 15; 
d: 14.866068747318506; energy: -31.0; 1,2,0,0,0,1,2,1,2,1,2,0,1,1,0,1,0,0,0,2,2,0,0,2,1,1,2,1,1,0,2,0,2,2,0,2,2,1,0,2,1,1,2,1,0,2,2,2,0,0,1,2,2,1,0,2,0,0,0,1,0,2,0,2,0,2,2,1,1,1,1,2,1,1,2,1,1,1,1,1,2,0,0,1,0,1,2,0,2,1,1,1,0,0,0,0,0
Best fitness found so far: -31.0; distance: 16.76305461424021
Generation: 16; 
d: 13.92838827718412; energy: -32.0; 2,2,0,2,0,0,1,0,2,1,2,2,2,1,1,0,1,1,1,2,2,0,2,2,1,0,2,0,0,1,1,0,0,1,0,0,0,0,1,1,1,2,1,1,1,2,2,2,1,2,2,1,0,1,2,0,0,0,0,2,1,0,2,2,1,1,1,0,0,1,0,1,0,0,1,1,0,1,2,0,0,1,0,2,1,2,1,0,2,0,2,0,0,0,0,0,0
Best fitness found so far: -32.0; distance: 13.92838827718412
Generation: 17; 
d: 15.524174696260024; energy: -31.0; 0,1,0,1,0,1,2,2,2,1,2,2,2,0,0,2,0,0,1,0,1,1,0,2,1,1,2,1,1,0,2,0,2,2,0,2,2,1,0,2,1,1,2,1,0,2,2,0,2,0,1,2,2,1,0,2,0,0,0,1,0,0,2,2,1,1,0,2,1,2,1,2,0,2,1,1,1,1,2,1,0,1,1,0,1,0,0,2,2,2,1,0,0,2,0,2,0
Best fitness found so far: -32.0; distance: 13.92838827718412
Generation: 18; 
d: 18.35755975068582; energy: -33.0; 2,1,1,2,1,1,2,2,1,0,0,1,2,1,1,0,1,2,2,2,0,0,2,2,2,1,2,0,1,2,1,1,2,1,2,1,0,2,0,2,2,1,0,1,2,2,0,0,2,2,0,2,1,1,0,0,1,0,0,1,0,1,2,2,1,2,1,1,2,0,0,1,0,0,0,0,2,1,2,2,2,1,0,0,0,0,1,0,1,1,1,1,0,0,0,0,0
Best fitness found so far: -33.0; distance: 18.35755975068582
Generation: 19; 
d: 16.492422502470642; energy: -32.0; 1,1,1,2,0,0,1,2,2,0,2,2,2,1,1,0,1,1,1,2,2,0,2,2,1,0,2,0,0,1,1,0,0,2,0,0,1,0,1,1,1,2,1,1,2,2,2,1,1,2,2,0,1,0,0,2,2,0,0,1,0,0,2,2,1,1,0,2,1,2,1,2,0,2,1,1,1,1,2,1,0,1,1,0,1,0,0,2,2,0,1,1,2,2,1,1,0
Best fitness found so far: -33.0; distance: 18.35755975068582
Generation: 20; 
d: 15.811388300841896; energy: -34.0; 1,1,2,1,2,1,0,1,1,0,2,0,0,2,0,0,0,0,0,1,2,0,0,2,1,1,2,1,1,0,2,0,2,2,0,2,2,1,0,2,1,1,2,1,0,2,2,2,0,0,1,2,2,1,0,2,0,0,0,1,0,0,2,2,1,1,0,2,1,2,1,2,0,2,2,1,1,0,1,0,0,0,0,2,2,1,2,1,1,1,1,0,0,1,1,0,1
Best fitness found so far: -34.0; distance: 15.811388300841896
Generation: 21; 
d: 15.811388300841896; energy: -34.0; 1,1,2,1,2,1,0,1,1,0,2,0,0,2,0,0,0,0,0,1,2,0,0,2,1,1,2,1,1,0,2,0,2,2,0,2,2,1,0,2,1,1,2,1,0,2,2,2,0,0,1,2,2,1,0,2,0,0,0,1,0,0,2,2,1,1,0,2,1,2,1,2,0,2,2,1,1,0,1,0,0,0,0,2,2,1,2,1,1,1,1,0,0,1,1,0,1
Best fitness found so far: -34.0; distance: 15.811388300841896
Generation: 22; 
d: 15.811388300841896; energy: -34.0; 1,1,2,1,2,1,0,1,1,0,2,0,0,2,0,0,0,0,0,1,2,0,0,2,1,1,2,1,1,0,2,0,2,2,0,2,2,1,0,2,1,1,2,1,0,2,2,2,0,0,1,2,2,1,0,2,0,0,0,1,0,0,2,2,1,1,0,2,1,2,1,2,0,2,2,1,1,0,1,0,0,0,0,2,2,1,2,1,1,1,1,2,0,1,1,0,1
Best fitness found so far: -34.0; distance: 15.811388300841896
Generation: 23; 
d: 16.492422502470642; energy: -32.0; 0,1,1,2,1,1,0,0,2,1,2,0,1,1,0,1,0,0,0,2,2,0,0,2,1,1,2,1,1,0,2,0,2,2,0,2,2,1,0,2,1,1,2,1,0,2,2,2,1,0,1,2,2,1,0,2,0,0,0,1,0,2,0,2,0,2,2,1,1,1,1,2,1,1,2,1,1,1,1,1,2,0,0,1,0,1,2,0,2,1,1,0,0,1,1,0,1
Best fitness found so far: -34.0; distance: 15.811388300841896
Generation: 24; 
d: 15.811388300841896; energy: -34.0; 1,1,2,1,2,1,0,1,1,0,2,0,0,2,0,0,0,0,0,1,2,0,0,2,1,1,2,1,1,0,2,0,2,2,0,2,2,1,0,2,1,1,2,1,0,2,2,2,0,0,1,2,2,1,0,2,0,0,0,1,0,0,2,2,1,1,0,2,1,2,1,2,0,2,2,1,1,0,1,0,0,0,0,2,2,1,2,1,1,1,1,1,0,0,0,0,0
Best fitness found so far: -34.0; distance: 15.811388300841896
Generation: 25; 
d: 17.88854381999832; energy: -34.0; 2,1,1,2,1,1,2,2,1,0,0,1,2,1,1,0,1,2,2,2,0,0,2,2,2,1,2,0,1,2,1,1,2,1,2,1,0,2,0,2,2,1,0,1,2,2,0,0,2,2,0,2,1,1,0,0,1,0,0,1,0,1,2,2,1,2,1,1,2,0,0,1,0,0,0,0,2,1,2,2,2,1,0,0,0,0,1,0,1,1,1,0,0,1,1,0,1
Best fitness found so far: -34.0; distance: 15.811388300841896
Generation: 26; 
d: 13.92838827718412; energy: -34.0; 2,2,0,0,1,0,1,0,2,1,2,2,2,1,1,0,1,1,1,2,2,0,2,2,1,0,2,0,0,1,1,0,0,1,0,0,0,0,1,1,1,2,0,1,1,2,2,2,1,2,2,1,0,1,2,0,0,0,0,2,1,0,2,2,1,1,1,1,0,0,0,1,1,1,0,0,0,2,0,1,1,0,2,2,0,2,2,1,1,1,1,0,0,1,1,0,1
Best fitness found so far: -34.0; distance: 15.811388300841896
Generation: 27; 
d: 13.416407864998739; energy: -34.0; 2,2,0,0,1,0,0,0,2,1,2,2,2,1,1,0,1,1,1,2,2,0,2,2,1,0,2,0,0,1,1,0,0,1,0,0,0,0,1,1,1,2,1,1,1,2,2,2,1,2,2,1,0,1,2,0,0,0,0,2,1,0,2,2,0,1,1,1,0,0,0,1,1,1,0,0,0,2,0,2,1,0,2,2,1,0,2,0,1,0,1,1,0,1,1,0,2
Best fitness found so far: -34.0; distance: 15.811388300841896
Generation: 28; 
d: 15.231546211727817; energy: -35.0; 1,1,2,1,2,1,0,1,1,0,2,0,0,2,0,0,0,0,0,1,2,0,0,2,1,1,2,1,1,0,2,0,2,2,0,2,2,1,0,2,1,1,2,1,0,0,2,2,0,0,1,2,2,1,0,2,1,0,0,2,2,0,2,1,1,0,0,0,2,1,0,1,1,0,1,0,2,2,2,0,2,1,0,0,0,2,1,0,1,2,2,0,0,1,0,2,0
Best fitness found so far: -35.0; distance: 15.231546211727817
Generation: 29; 
d: 15.231546211727817; energy: -35.0; 1,1,2,1,2,1,0,1,1,0,2,0,0,2,0,0,0,0,0,0,2,0,0,2,1,1,2,1,1,0,2,0,2,2,0,2,2,1,0,2,1,1,2,0,0,2,2,2,0,0,1,2,2,1,0,2,0,0,0,2,2,0,2,1,1,0,0,0,2,1,0,1,1,0,1,0,2,2,2,0,2,1,0,0,0,2,1,0,1,2,0,0,0,1,0,2,0
Best fitness found so far: -35.0; distance: 15.231546211727817
Generation: 30; 
d: 13.892443989449804; energy: -35.0; 1,1,2,1,2,1,0,1,1,0,2,0,0,2,0,0,0,0,0,2,2,0,1,2,1,1,2,1,1,0,2,0,2,2,0,2,2,1,0,2,1,1,2,1,0,2,2,2,0,0,1,2,2,1,0,0,0,1,0,2,2,0,2,2,1,1,1,0,0,1,0,1,0,0,1,1,0,1,2,0,0,1,0,2,1,2,1,0,2,0,2,0,0,0,0,0,0
Best fitness found so far: -35.0; distance: 15.231546211727817
Generation: 31; 
d: 15.652475842498529; energy: -35.0; 2,0,0,2,2,1,0,0,0,1,1,0,0,2,0,0,0,2,2,1,2,0,2,2,2,2,2,2,0,2,0,0,0,0,0,0,0,0,0,1,2,0,2,2,1,2,2,2,1,0,2,2,1,0,0,0,0,1,0,2,2,0,2,1,1,0,0,0,2,1,0,1,0,0,1,0,2,1,2,2,1,2,2,1,1,0,0,1,2,0,0,2,0,0,1,2,0
Best fitness found so far: -35.0; distance: 15.231546211727817
Generation: 32; 
d: 15.811388300841896; energy: -35.0; 2,0,2,1,2,1,0,1,1,0,2,0,0,2,0,0,0,0,0,1,2,0,0,2,1,1,2,1,1,0,2,0,2,2,0,2,2,1,0,2,1,1,2,1,0,0,2,2,0,0,1,2,2,1,0,2,1,0,0,2,2,0,2,1,1,0,0,0,2,1,0,1,1,0,1,0,2,2,2,0,2,1,0,0,0,2,1,0,1,2,2,0,0,1,0,2,0
Best fitness found so far: -35.0; distance: 15.231546211727817
Generation: 33; 
d: 13.92838827718412; energy: -34.0; 2,2,0,0,1,0,1,0,2,1,2,2,2,1,1,0,1,1,1,2,2,0,2,2,1,0,2,0,0,1,1,0,0,1,0,0,0,0,1,1,1,2,0,1,1,2,2,2,1,2,2,1,0,1,2,0,0,0,0,2,1,0,2,2,1,1,1,1,0,0,0,1,1,1,0,0,0,2,0,1,1,0,2,2,0,2,2,1,1,1,1,0,0,1,1,0,1
Best fitness found so far: -35.0; distance: 15.231546211727817
Generation: 34; 
d: 15.231546211727817; energy: -35.0; 1,1,2,1,2,1,0,1,1,0,2,0,0,2,0,0,0,0,0,1,2,0,0,2,1,1,2,1,1,0,2,0,2,2,0,2,2,1,0,2,1,1,2,1,0,0,2,2,0,0,1,2,2,1,0,2,1,0,0,2,2,0,2,1,1,0,0,0,2,1,0,1,1,0,1,0,2,2,2,0,2,1,0,0,0,2,1,0,1,2,2,0,0,1,1,0,1
Best fitness found so far: -35.0; distance: 15.231546211727817
Generation: 35; 
d: 15.811388300841896; energy: -35.0; 1,1,2,1,2,1,0,1,1,0,2,0,0,2,0,0,0,0,0,1,2,0,0,2,1,1,2,1,1,0,2,0,2,2,0,2,2,1,0,2,1,1,2,1,2,2,2,2,0,0,1,2,2,1,0,2,1,0,0,1,0,0,2,2,1,1,0,2,1,2,1,2,0,2,2,0,2,2,2,2,2,2,1,2,2,0,2,0,2,1,1,1,0,0,0,0,0
Best fitness found so far: -35.0; distance: 15.231546211727817
