Algorithm configured with: 
Pop: 2500
Aux Pop: 200
CrP: 1.0
MtP: 1.0
List of crossover: 
SinglePointCrossover
IntegerTwoPointsCrossover
MultiPointsCrossover
List of mutations: 
BitFlipMutation
LoopMoveOperator
LocalMoveOperator
SegmentMutation
OppositeMoveOperator
Execution: 1
Generation: 0; 
d: 15.264337522473747; energy: -17.0; 2,0,0,2,2,0,1,2,0,0,2,2,0,2,2,1,0,2,2,0,2,0,0,1,2,2,1,0,1,1,0,0,1,2,1,0,2,2,1,1,1,1,0,0,2,2,1,0,0,1,2,2,1,1,2,1,1,2,0,1,0,0
Best fitness found so far: -17.0; distance: 15.264337522473747
Generation: 1; 
d: 12.041594578792296; energy: -22.0; 1,1,0,1,2,2,1,1,2,0,2,2,0,1,1,2,1,1,1,1,1,0,2,2,0,2,2,0,0,1,2,1,1,1,1,1,2,2,1,0,1,1,2,2,1,0,0,2,1,0,2,0,0,2,2,0,0,1,0,1,2,1
Best fitness found so far: -22.0; distance: 12.041594578792296
Generation: 2; 
d: 12.083045973594572; energy: -22.0; 1,1,2,1,1,1,1,0,0,1,2,0,0,2,0,0,0,1,0,0,2,1,1,0,1,1,0,0,0,2,1,0,2,0,1,1,0,2,2,0,0,2,0,1,2,0,0,1,0,1,2,2,0,0,2,0,2,2,0,1,1,0
Best fitness found so far: -22.0; distance: 12.041594578792296
Generation: 3; 
d: 13.152946437965905; energy: -22.0; 0,1,1,1,0,2,0,0,1,0,1,1,1,0,0,0,1,1,0,0,0,0,0,2,0,2,1,0,1,1,1,1,0,2,0,0,2,1,2,1,0,0,1,1,2,0,0,2,1,0,1,1,2,2,1,2,1,1,2,1,2,2
Best fitness found so far: -22.0; distance: 12.041594578792296
Generation: 4; 
d: 13.601470508735444; energy: -21.0; 1,2,2,1,2,2,2,1,1,2,1,2,0,0,0,2,1,1,1,0,0,0,2,0,0,2,2,2,1,0,0,2,0,0,2,1,2,2,1,0,1,1,1,1,0,0,0,1,2,0,2,2,1,0,0,0,2,2,2,0,1,0
Best fitness found so far: -22.0; distance: 12.041594578792296
Generation: 5; 
d: 12.041594578792296; energy: -24.0; 1,1,2,2,0,2,2,0,0,1,0,0,2,0,1,0,0,1,2,2,1,2,1,1,2,2,2,2,1,0,0,0,1,0,0,1,1,1,1,1,1,0,0,1,0,1,1,1,1,2,0,0,0,2,1,0,1,1,0,1,0,1
Best fitness found so far: -24.0; distance: 12.041594578792296
Generation: 6; 
d: 10.816653826391969; energy: -24.0; 2,2,2,2,0,0,2,1,0,1,0,0,0,1,2,2,2,1,0,1,1,2,2,0,0,1,0,1,1,1,1,0,0,1,1,0,0,0,2,1,1,2,0,2,1,1,0,2,0,1,0,0,0,0,2,2,0,2,2,0,2,2
Best fitness found so far: -24.0; distance: 12.041594578792296
Generation: 7; 
d: 15.652475842498529; energy: -23.0; 1,1,0,0,0,2,0,0,1,0,2,2,1,2,1,1,0,2,1,0,0,2,2,1,0,1,0,2,2,1,0,0,0,0,0,2,2,0,0,1,1,0,2,0,2,2,0,0,1,0,0,0,0,0,0,1,0,0,0,1,2,1
Best fitness found so far: -24.0; distance: 12.041594578792296
Generation: 8; 
d: 10.770329614269007; energy: -25.0; 1,1,2,2,0,2,2,0,0,1,0,0,2,0,1,0,0,1,2,2,1,2,2,2,1,2,2,2,1,0,0,0,1,0,0,1,1,1,1,1,1,0,0,1,0,1,1,1,1,2,0,1,0,2,1,0,0,0,1,0,1,0
Best fitness found so far: -25.0; distance: 10.770329614269007
Generation: 9; 
d: 12.041594578792296; energy: -25.0; 1,1,2,2,0,2,2,0,0,1,0,0,2,0,1,0,0,1,2,2,1,2,1,1,2,2,2,2,1,0,0,0,1,0,0,1,1,1,1,1,1,0,0,1,0,1,1,1,1,2,0,0,0,2,1,0,1,1,0,0,1,1
Best fitness found so far: -25.0; distance: 10.770329614269007
Generation: 10; 
d: 10.295630140987; energy: -25.0; 1,2,0,0,2,2,1,0,0,1,2,1,1,0,0,0,0,0,2,0,0,2,1,2,2,0,2,1,1,2,0,1,1,0,0,0,2,0,0,2,1,0,0,0,1,1,0,1,1,0,0,0,2,2,1,1,0,0,2,1,0,0
Best fitness found so far: -25.0; distance: 10.770329614269007
Generation: 11; 
d: 13.892443989449804; energy: -25.0; 1,1,2,2,0,2,2,0,0,1,0,0,2,0,1,0,0,1,2,2,1,2,0,2,1,0,1,0,0,0,0,0,1,0,0,1,0,0,1,0,2,2,0,1,1,0,1,1,0,0,1,2,1,1,2,0,0,1,2,0,0,2
Best fitness found so far: -25.0; distance: 10.770329614269007
Generation: 12; 
d: 12.649110640673518; energy: -24.0; 0,2,1,2,2,0,0,0,1,1,0,0,0,0,0,0,0,0,2,2,2,0,2,0,0,1,2,2,2,0,2,1,2,0,0,2,0,0,0,2,2,0,0,2,2,0,1,0,0,2,0,1,0,2,0,2,0,1,2,1,2,1
Best fitness found so far: -25.0; distance: 10.770329614269007
Generation: 13; 
d: 11.40175425099138; energy: -26.0; 1,1,0,0,0,1,1,1,0,0,2,0,0,1,1,2,2,2,0,0,0,2,1,0,2,0,0,2,1,0,2,2,2,0,2,0,2,0,0,2,2,0,0,2,2,1,0,0,0,1,0,2,1,1,0,0,1,2,1,0,0,0
Best fitness found so far: -26.0; distance: 11.40175425099138
Generation: 14; 
d: 11.661903789690601; energy: -25.0; 1,2,2,1,2,2,2,1,2,1,1,0,1,1,0,0,1,2,0,1,2,0,0,0,0,2,2,0,2,0,2,0,0,1,2,1,2,2,2,2,2,0,0,2,0,0,1,2,2,0,2,2,1,0,0,0,0,0,1,0,1,0
Best fitness found so far: -26.0; distance: 11.40175425099138
Generation: 15; 
d: 12.727922061357855; energy: -25.0; 0,2,0,2,0,0,2,0,0,0,2,1,0,1,0,0,0,0,0,0,0,0,1,0,0,0,2,1,0,0,2,2,1,2,0,0,2,0,0,2,1,0,0,1,0,0,2,1,1,0,0,0,0,2,1,1,0,0,2,1,0,0
Best fitness found so far: -26.0; distance: 11.40175425099138
Generation: 16; 
d: 10.295630140987; energy: -27.0; 1,1,2,2,0,2,2,0,0,1,0,1,2,0,1,0,0,1,2,2,0,0,2,0,0,0,2,0,1,1,2,2,1,1,1,0,0,2,0,0,2,1,0,0,1,2,0,2,0,2,0,0,1,0,2,0,0,2,2,0,0,2
Best fitness found so far: -27.0; distance: 10.295630140987
Generation: 17; 
d: 13.0; energy: -27.0; 1,1,2,2,0,2,2,0,0,1,0,0,2,0,1,0,0,0,0,1,1,0,0,1,0,2,1,0,0,2,0,0,1,0,0,2,1,0,0,0,2,0,0,0,0,0,2,0,2,1,2,2,2,2,2,2,1,0,0,0,2,2
Best fitness found so far: -27.0; distance: 10.295630140987
Generation: 18; 
d: 11.045361017187261; energy: -26.0; 0,1,0,0,0,2,2,0,2,2,0,1,1,1,1,0,0,2,0,0,0,1,0,0,1,1,0,1,1,2,0,0,1,0,0,1,1,0,0,0,2,0,0,1,1,0,0,1,2,1,0,1,1,0,0,0,2,0,2,2,1,2
Best fitness found so far: -27.0; distance: 10.295630140987
Generation: 19; 
d: 12.083045973594572; energy: -28.0; 0,2,2,1,2,0,0,0,0,0,0,1,2,0,0,1,0,2,0,2,0,0,2,0,0,2,2,2,1,0,0,1,1,0,0,0,1,0,0,2,2,0,0,2,2,0,1,0,0,2,0,0,1,0,0,0,2,2,1,1,0,0
Best fitness found so far: -28.0; distance: 12.083045973594572
Generation: 20; 
d: 13.038404810405298; energy: -28.0; 1,1,2,2,0,2,2,0,0,1,0,0,2,0,1,0,0,1,0,0,0,0,1,0,0,1,0,1,2,0,2,2,1,2,2,2,2,1,0,2,2,0,0,0,2,0,1,1,0,1,0,0,2,0,2,2,0,2,2,0,2,2
Best fitness found so far: -28.0; distance: 12.083045973594572
Generation: 21; 
d: 12.041594578792296; energy: -27.0; 1,1,2,2,2,2,2,0,0,1,0,0,2,0,1,0,0,1,2,2,1,2,0,1,1,2,2,2,1,0,0,0,1,0,0,1,1,1,1,1,1,0,0,1,0,1,1,1,1,2,1,0,1,2,1,0,2,0,0,0,0,0
Best fitness found so far: -28.0; distance: 12.083045973594572
Generation: 22; 
d: 12.083045973594572; energy: -28.0; 0,0,2,1,0,1,0,0,2,2,0,1,2,0,0,1,0,2,0,2,0,0,2,0,0,2,2,2,1,0,0,1,1,0,0,0,1,0,0,2,2,0,0,2,2,0,1,0,0,2,0,0,1,0,0,0,2,2,1,1,0,0
Best fitness found so far: -28.0; distance: 12.083045973594572
Generation: 23; 
d: 12.649110640673518; energy: -28.0; 1,0,0,0,1,1,1,2,0,0,0,0,0,0,0,0,0,0,2,0,0,0,1,0,0,1,0,2,1,0,2,2,0,0,2,2,0,0,2,1,2,2,1,1,1,2,1,1,1,1,2,0,2,2,0,1,0,0,0,0,0,1
Best fitness found so far: -28.0; distance: 12.083045973594572
Generation: 24; 
d: 14.142135623730951; energy: -29.0; 1,2,1,2,2,0,0,1,0,0,0,0,0,0,0,0,0,0,2,0,0,0,1,0,0,1,0,2,1,0,2,2,0,0,2,2,0,0,2,1,2,2,1,1,1,2,1,1,1,1,2,0,2,2,0,1,0,0,0,0,0,1
Best fitness found so far: -29.0; distance: 14.142135623730951
Generation: 25; 
d: 10.63014581273465; energy: -28.0; 1,1,0,0,0,2,2,0,0,1,0,0,2,0,1,0,1,0,0,1,1,2,2,1,1,0,0,1,2,1,0,0,0,1,2,2,1,0,0,0,0,2,0,2,2,1,0,0,0,1,0,2,2,2,0,0,1,0,2,2,1,0
Best fitness found so far: -29.0; distance: 14.142135623730951
Generation: 26; 
d: 14.035668847618199; energy: -30.0; 2,0,0,1,0,1,0,1,0,0,1,0,1,0,0,0,0,2,2,0,0,0,2,2,0,2,0,0,0,0,2,2,1,2,0,0,2,0,0,0,2,0,0,2,2,0,1,0,0,2,0,1,0,2,0,0,0,0,1,1,0,0
Best fitness found so far: -30.0; distance: 14.035668847618199
Generation: 27; 
d: 14.142135623730951; energy: -29.0; 1,2,1,2,2,0,0,1,0,0,0,0,0,0,0,0,0,0,2,0,0,0,1,0,0,1,0,2,1,0,2,2,0,0,2,2,0,0,2,1,2,2,1,1,1,2,1,1,1,1,2,0,2,2,0,1,0,0,0,0,0,1
Best fitness found so far: -30.0; distance: 14.035668847618199
Generation: 28; 
d: 11.313708498984761; energy: -28.0; 2,2,0,1,1,0,1,2,2,1,1,1,0,1,0,0,0,0,0,0,0,0,1,0,0,2,1,0,1,2,0,0,1,1,2,0,0,1,0,2,1,0,0,1,0,0,2,2,0,1,0,0,2,1,1,2,1,2,2,2,1,2
Best fitness found so far: -30.0; distance: 14.035668847618199
Generation: 29; 
d: 13.152946437965905; energy: -29.0; 1,1,2,2,0,2,2,0,0,1,0,1,2,0,1,0,0,1,2,2,1,2,1,0,0,1,0,2,1,0,2,2,0,0,2,2,0,0,2,1,2,2,1,1,1,2,1,1,1,1,2,0,2,2,0,1,0,0,0,0,0,1
Best fitness found so far: -30.0; distance: 14.035668847618199
