Algorithm configured with: 
Pop: 1000
CrP: 1.0
MtP: 1.0
List of crossover: 
SinglePointCrossover
IntegerTwoPointsCrossover
MultiPointsCrossover
List of mutations: 
BitFlipMutation
LoopMoveOperator
LocalMoveOperator
SegmentMutation
OppositeMoveOperator
Execution: 1
Generation: 0; 
d: 34.23448553724738; energy: -9.0; 0,2,1,2,1,2,0,1,0,2,0,1,1,0,2,2,0,2,1,2,2,0,1,0,1,0,1,2,0,1,1,1,0,2,0,2,2,0,0,1,2,0,1,1,2,0,1,2,1,0,1,2,2,1,1,0,0,2,0,0,2,2,1,0,2,2,0,1,2,0,2,2,1,0,0,1,2,0,1,0,2,0,1,2,2,0,0,1,2,2,0,0,1,0,2,2,1
Best fitness found so far: -9.0; distance: 34.23448553724738
Generation: 1; 
d: 21.95449840010015; energy: -25.0; 0,1,1,1,1,0,1,0,1,0,2,2,1,1,2,1,2,0,1,1,2,2,0,1,0,1,0,1,1,2,2,0,0,1,0,2,2,2,2,0,0,1,1,0,1,1,1,1,1,1,0,0,2,1,2,2,0,1,2,1,2,0,2,0,1,2,2,0,0,2,1,2,0,0,2,1,0,1,1,2,2,0,1,0,2,0,0,1,1,2,2,0,1,2,1,1,2
Best fitness found so far: -25.0; distance: 21.95449840010015
Generation: 2; 
d: 19.79898987322333; energy: -25.0; 2,0,0,1,1,2,1,1,2,0,0,1,0,1,2,2,0,1,1,0,0,1,2,2,1,0,2,1,1,1,1,2,1,0,0,1,1,1,0,0,2,2,0,0,2,2,1,2,1,1,1,0,2,2,1,1,1,1,0,2,0,0,2,1,0,0,2,0,0,0,2,2,0,0,0,0,0,1,0,0,0,2,2,2,2,1,1,1,0,0,2,2,2,1,0,1,0
Best fitness found so far: -25.0; distance: 21.95449840010015
Generation: 3; 
d: 19.79898987322333; energy: -25.0; 2,0,0,1,1,2,1,1,2,0,0,1,0,1,2,2,0,1,1,0,0,1,2,2,1,0,2,1,1,1,1,2,1,0,0,1,1,1,0,0,2,2,0,0,2,2,1,2,1,1,1,0,2,2,1,1,1,1,0,2,0,0,2,1,0,0,2,0,0,0,2,2,0,0,0,0,0,1,0,0,0,2,2,2,2,1,1,1,0,0,2,2,2,1,0,1,0
Best fitness found so far: -25.0; distance: 21.95449840010015
Generation: 4; 
d: 22.80350850198276; energy: -24.0; 1,0,2,2,0,1,2,0,1,1,2,1,1,2,2,2,2,0,2,2,2,1,2,2,0,1,2,2,2,0,0,1,0,2,1,1,0,2,0,2,2,2,0,0,0,1,1,0,0,0,1,1,2,1,1,1,2,2,1,0,2,0,0,1,2,2,0,2,0,0,1,2,1,1,2,1,0,2,0,0,0,0,1,2,0,1,1,0,1,2,1,0,2,1,2,0,1
Best fitness found so far: -25.0; distance: 21.95449840010015
Generation: 5; 
d: 22.80350850198276; energy: -24.0; 1,0,2,2,0,1,2,0,1,1,2,1,1,2,2,2,2,0,2,2,2,1,2,2,0,1,2,2,2,0,0,1,0,2,1,1,0,2,0,2,2,2,0,0,0,1,1,0,0,0,1,1,2,1,1,1,2,2,1,0,2,0,0,1,2,2,0,2,0,0,1,2,1,1,2,1,0,2,0,0,0,0,1,2,0,1,1,0,1,2,1,0,2,1,2,0,1
Best fitness found so far: -25.0; distance: 21.95449840010015
Generation: 6; 
d: 22.02271554554524; energy: -23.0; 1,1,2,0,0,2,1,0,1,1,2,2,1,1,2,0,0,1,1,2,1,0,2,1,1,2,2,0,1,1,2,2,2,0,2,0,0,0,1,2,0,1,0,0,0,2,0,0,0,2,2,1,0,0,2,1,0,0,1,1,2,1,0,2,0,0,2,2,2,2,0,0,2,2,1,1,0,0,1,2,2,1,0,2,2,0,0,1,0,2,1,2,2,2,1,2,2
Best fitness found so far: -25.0; distance: 21.95449840010015
Generation: 7; 
d: 22.02271554554524; energy: -23.0; 1,1,2,0,0,2,1,0,1,1,2,2,1,1,2,0,0,1,1,2,1,0,2,1,1,2,2,0,1,1,2,2,2,0,2,0,0,0,1,2,0,1,0,0,0,2,0,0,0,2,2,1,0,0,2,1,0,0,1,1,2,1,0,2,0,0,2,2,2,2,0,0,2,2,1,1,0,0,1,2,2,1,0,2,2,0,0,1,0,2,1,2,2,2,1,2,2
Best fitness found so far: -25.0; distance: 21.95449840010015
Generation: 8; 
d: 29.410882339705484; energy: -23.0; 2,2,1,0,2,1,0,0,0,0,0,2,1,1,1,2,0,2,1,1,0,0,2,2,2,1,0,2,2,0,0,1,2,1,1,1,0,1,2,1,2,2,0,2,2,1,0,0,1,1,1,2,0,1,2,0,0,1,0,0,0,1,0,1,0,0,1,1,2,1,1,1,2,2,2,1,2,2,2,1,2,1,2,1,0,2,2,0,0,1,2,1,0,2,0,2,2
Best fitness found so far: -25.0; distance: 21.95449840010015
Generation: 9; 
d: 16.492422502470642; energy: -23.0; 1,0,2,2,0,1,2,0,1,1,2,1,1,2,2,2,2,0,2,2,2,1,2,2,0,1,2,2,2,0,0,1,0,2,1,1,0,2,0,2,2,2,0,0,0,1,1,0,0,0,1,1,2,1,1,1,2,2,1,0,2,0,0,1,2,2,0,2,2,1,1,0,1,2,0,0,2,1,1,2,2,0,2,1,2,1,2,0,2,0,1,0,2,1,2,0,2
Best fitness found so far: -25.0; distance: 21.95449840010015
Generation: 10; 
d: 15.132745950421556; energy: -24.0; 2,0,0,0,1,1,0,0,1,0,0,1,1,1,1,0,0,2,2,2,1,1,0,0,0,2,1,1,1,2,2,1,2,0,0,2,0,0,2,2,0,0,0,0,0,0,2,2,0,1,2,1,0,0,0,1,0,0,1,0,0,0,1,2,0,0,0,2,2,1,0,0,0,2,0,2,1,2,0,0,1,2,0,0,2,0,2,2,1,2,0,1,2,2,0,0,2
Best fitness found so far: -25.0; distance: 21.95449840010015
Generation: 11; 
d: 19.6468827043885; energy: -24.0; 1,0,2,2,0,1,2,0,1,1,2,1,1,2,2,2,2,0,2,2,2,1,2,2,0,1,2,2,2,0,0,1,0,2,1,1,0,2,0,2,2,2,0,0,0,1,1,0,0,0,1,1,2,1,1,1,2,2,1,0,2,0,0,1,2,2,0,2,2,1,1,0,1,2,0,0,2,1,1,2,2,0,1,2,0,0,2,2,1,0,0,1,2,1,2,1,1
Best fitness found so far: -25.0; distance: 21.95449840010015
Generation: 12; 
d: 19.6468827043885; energy: -24.0; 1,0,2,2,0,1,2,0,1,1,2,1,1,2,2,2,2,0,2,2,2,1,2,2,0,1,2,2,2,0,0,1,0,2,1,1,0,2,0,2,2,2,0,0,0,1,1,0,0,0,1,1,2,1,1,1,2,2,1,0,2,0,0,1,2,2,0,2,2,1,1,0,1,2,0,0,2,1,1,2,2,0,1,2,0,0,2,2,1,0,0,1,2,1,2,1,1
Best fitness found so far: -25.0; distance: 21.95449840010015
Generation: 13; 
d: 16.1245154965971; energy: -23.0; 0,1,2,1,1,2,0,0,1,1,2,0,2,1,2,0,2,1,1,1,2,0,2,2,1,2,0,0,1,0,1,2,1,0,2,1,1,1,1,0,0,1,1,0,2,2,1,1,0,1,0,1,0,2,1,1,0,0,1,1,2,1,0,2,0,0,2,1,2,0,0,2,2,1,2,0,0,2,1,0,0,1,1,2,0,2,1,2,0,2,2,0,2,1,2,2,0
Best fitness found so far: -25.0; distance: 21.95449840010015
Generation: 14; 
d: 16.401219466856727; energy: -25.0; 2,0,1,1,0,2,0,0,0,0,2,1,2,2,1,2,2,1,1,1,2,0,1,1,0,2,0,2,2,1,2,0,2,0,0,2,2,2,1,2,1,2,2,2,1,1,2,0,1,1,1,2,1,0,1,0,0,1,0,0,0,2,1,1,0,1,0,0,2,2,1,0,2,0,0,2,1,1,2,2,1,2,0,2,1,0,0,0,0,0,2,1,0,0,1,1,2
Best fitness found so far: -25.0; distance: 21.95449840010015
Generation: 15; 
d: 16.401219466856727; energy: -25.0; 2,0,1,1,0,2,0,0,0,0,2,1,2,2,1,2,2,1,1,1,2,0,1,1,0,2,0,2,2,1,2,0,2,0,0,2,2,2,1,2,1,2,2,2,1,1,2,0,1,1,1,2,1,0,1,0,0,1,0,0,0,2,1,1,0,1,0,0,2,2,1,0,2,0,0,2,1,1,2,2,1,2,0,2,1,0,0,0,0,0,2,1,0,0,1,1,2
Best fitness found so far: -25.0; distance: 21.95449840010015
Generation: 16; 
d: 19.72308292331602; energy: -28.0; 1,0,0,0,2,0,1,1,2,0,0,1,0,1,2,2,0,1,1,0,0,1,2,2,1,2,1,1,1,1,2,1,2,1,2,1,0,0,2,2,1,1,2,1,0,0,2,2,0,1,2,1,0,0,0,1,0,0,1,0,0,0,0,2,0,2,0,0,2,2,1,2,0,2,0,1,1,2,2,1,0,1,2,2,1,1,0,0,0,2,0,0,1,1,1,0,1
Best fitness found so far: -28.0; distance: 19.72308292331602
Generation: 17; 
d: 19.72308292331602; energy: -28.0; 1,0,0,0,2,0,1,1,2,0,0,1,0,1,2,2,0,1,1,0,0,1,2,2,1,2,1,1,1,1,2,1,2,1,2,1,0,0,2,2,1,1,2,1,0,0,2,2,0,1,2,1,0,0,0,1,0,0,1,0,0,0,0,2,0,2,0,0,2,2,1,2,0,2,0,1,1,2,2,1,0,1,2,2,1,1,0,0,0,2,0,0,1,1,1,0,1
Best fitness found so far: -28.0; distance: 19.72308292331602
Generation: 18; 
d: 20.615528128088304; energy: -26.0; 1,0,2,2,0,1,2,0,1,1,2,1,1,2,2,2,2,0,2,2,2,1,2,2,0,1,2,2,2,0,0,1,0,2,1,1,0,2,0,2,2,2,0,0,0,1,1,0,0,0,1,1,2,1,1,1,2,2,1,0,2,0,0,1,2,2,0,2,2,1,1,0,0,2,2,2,2,1,1,0,1,1,1,2,0,2,2,2,1,0,0,1,2,1,2,1,1
Best fitness found so far: -28.0; distance: 19.72308292331602
Generation: 19; 
d: 20.615528128088304; energy: -26.0; 1,0,2,2,0,1,2,0,1,1,2,1,1,2,2,2,2,0,2,2,2,1,2,2,0,1,2,2,2,0,0,1,0,2,1,1,0,2,0,2,2,2,0,0,0,1,1,0,0,0,1,1,2,1,1,1,2,2,1,0,2,0,0,1,2,2,0,2,2,1,1,0,0,2,2,2,2,1,1,0,1,1,1,2,0,2,2,2,1,0,0,1,2,1,2,1,1
Best fitness found so far: -28.0; distance: 19.72308292331602
Generation: 20; 
d: 17.88854381999832; energy: -25.0; 1,0,2,2,2,2,1,0,1,0,1,2,2,2,2,0,1,2,1,0,0,2,0,1,2,1,2,2,2,1,2,2,2,1,1,0,0,1,1,0,1,0,2,0,2,2,1,2,2,0,2,2,2,2,2,1,2,2,2,2,1,2,2,2,2,1,0,2,2,1,2,0,0,1,2,2,1,1,0,0,1,1,1,0,1,1,2,2,0,2,1,1,0,0,0,2,0
Best fitness found so far: -28.0; distance: 19.72308292331602
Generation: 21; 
d: 17.88854381999832; energy: -25.0; 1,0,2,2,2,2,1,0,1,0,1,2,2,2,2,0,1,2,1,0,0,2,0,1,2,1,2,2,2,1,2,2,2,1,1,0,0,1,1,0,1,0,2,0,2,2,1,2,2,0,2,2,2,2,2,1,2,2,2,2,1,2,2,2,2,1,0,2,2,1,2,0,0,1,2,2,1,1,0,0,1,1,1,0,1,1,2,2,0,2,1,1,0,0,0,2,0
Best fitness found so far: -28.0; distance: 19.72308292331602
Generation: 22; 
d: 18.439088914585774; energy: -26.0; 1,1,2,0,2,0,1,0,1,2,1,2,1,1,1,1,1,2,2,1,0,0,2,1,2,2,0,0,1,0,1,2,2,0,0,1,0,0,2,0,1,2,2,1,1,2,0,2,0,1,0,0,2,2,0,2,2,1,1,0,1,2,0,0,1,2,1,0,2,2,1,2,0,2,0,1,2,2,0,1,2,1,0,0,1,0,0,2,1,1,2,2,1,2,2,2,0
Best fitness found so far: -28.0; distance: 19.72308292331602
Generation: 23; 
d: 17.029386365926403; energy: -26.0; 2,0,1,1,0,2,0,0,0,0,2,1,2,2,1,2,2,1,1,1,2,0,1,1,0,2,0,2,2,1,2,0,2,0,0,2,2,2,1,2,1,2,2,2,1,1,2,0,1,1,1,2,1,0,1,0,0,1,0,0,1,1,2,2,2,2,2,1,1,0,0,2,0,0,1,1,0,2,0,1,2,0,1,0,2,2,0,0,0,1,2,2,1,2,2,2,0
Best fitness found so far: -28.0; distance: 19.72308292331602
Generation: 24; 
d: 18.384776310850235; energy: -28.0; 2,0,1,1,0,2,0,0,0,0,2,1,2,2,1,2,2,1,1,1,2,0,1,1,0,2,0,2,2,1,2,0,2,0,0,2,2,2,1,2,1,2,2,2,1,1,2,0,1,1,1,2,1,0,1,0,0,2,2,0,1,2,2,1,1,0,0,2,1,2,0,2,2,1,1,1,0,2,0,0,1,0,2,2,1,2,1,1,1,2,2,2,0,1,2,1,2
Best fitness found so far: -28.0; distance: 19.72308292331602
Generation: 25; 
d: 18.384776310850235; energy: -28.0; 2,0,1,1,0,2,0,0,0,0,2,1,2,2,1,2,2,1,1,1,2,0,1,1,0,2,0,2,2,1,2,0,2,0,0,2,2,2,1,2,1,2,2,2,1,1,2,0,1,1,1,2,1,0,1,0,0,2,2,0,1,2,2,1,1,0,0,2,1,2,0,2,2,1,1,1,0,2,0,0,1,0,2,2,1,2,1,1,1,2,2,2,0,1,2,1,2
Best fitness found so far: -28.0; distance: 19.72308292331602
Generation: 26; 
d: 24.698178070456937; energy: -28.0; 0,0,0,1,2,2,0,2,0,1,0,1,0,1,1,1,2,2,0,2,2,2,1,1,2,2,0,0,1,0,1,2,2,0,0,1,0,0,2,0,1,2,2,1,1,2,0,2,0,1,0,0,2,2,0,2,2,1,1,0,1,2,0,0,1,2,1,0,2,2,1,2,2,0,0,1,2,1,1,0,2,1,2,2,0,2,1,1,0,0,1,2,1,0,1,0,1
Best fitness found so far: -28.0; distance: 19.72308292331602
Generation: 27; 
d: 24.698178070456937; energy: -28.0; 0,0,0,1,2,2,0,2,0,1,0,1,0,1,1,1,2,2,0,2,2,2,1,1,2,2,0,0,1,0,1,2,2,0,0,1,0,0,2,0,1,2,2,1,1,2,0,2,0,1,0,0,2,2,0,2,2,1,1,0,1,2,0,0,1,2,1,0,2,2,1,2,2,0,0,1,2,1,1,0,2,1,2,2,0,2,1,1,0,0,1,2,1,0,1,0,1
Best fitness found so far: -28.0; distance: 19.72308292331602
Generation: 28; 
d: 22.47220505424423; energy: -26.0; 0,1,0,0,0,2,0,1,1,2,1,0,0,1,1,2,1,2,2,1,0,0,2,1,2,2,0,0,1,0,1,2,2,0,0,1,0,0,2,0,1,2,2,1,1,2,0,2,0,1,0,0,2,2,0,2,2,1,1,0,1,2,0,0,1,2,1,0,2,2,1,2,0,2,0,1,2,2,0,1,2,1,0,0,1,0,0,2,1,1,2,2,1,2,2,2,0
Best fitness found so far: -28.0; distance: 19.72308292331602
Generation: 29; 
d: 24.758836806279895; energy: -26.0; 0,1,0,0,0,2,0,1,1,2,1,0,0,1,1,2,1,2,2,1,0,0,2,1,2,2,0,0,1,0,1,2,2,0,0,1,0,0,2,0,1,2,2,1,1,2,0,2,0,1,0,0,2,2,0,2,2,1,1,0,1,2,0,0,1,2,1,0,2,2,1,2,0,2,0,1,2,2,0,1,2,1,0,0,1,0,0,2,1,1,1,2,0,1,1,1,0
Best fitness found so far: -28.0; distance: 19.72308292331602
Generation: 30; 
d: 20.8806130178211; energy: -26.0; 2,1,2,0,2,0,0,1,2,0,2,1,1,0,1,2,0,2,2,1,2,2,2,1,0,2,2,2,1,0,2,1,0,0,0,1,2,2,1,0,1,0,0,1,2,1,0,1,2,2,2,0,0,2,1,2,2,1,1,2,1,2,0,0,2,2,2,2,0,2,0,2,2,1,0,1,0,0,0,1,1,2,2,1,2,2,1,1,1,1,0,2,0,2,1,1,2
Best fitness found so far: -28.0; distance: 19.72308292331602
Generation: 31; 
d: 20.8806130178211; energy: -26.0; 2,1,2,0,2,0,0,1,2,0,2,1,1,0,1,2,0,2,2,1,2,2,2,1,0,2,2,2,1,0,2,1,0,0,0,1,2,2,1,0,1,0,0,1,2,1,0,1,2,2,2,0,0,2,1,2,2,1,1,2,1,2,0,0,2,2,2,2,0,2,0,2,2,1,0,1,0,0,0,1,1,2,2,1,2,2,1,1,1,1,0,2,0,2,1,1,2
Best fitness found so far: -28.0; distance: 19.72308292331602
Generation: 32; 
d: 15.264337522473747; energy: -26.0; 0,1,1,1,1,0,1,0,1,0,2,2,1,1,2,1,2,0,1,1,2,2,0,1,0,1,0,1,1,2,2,0,0,1,0,2,2,2,2,0,0,1,1,0,1,1,1,1,1,1,0,0,2,1,2,2,0,1,2,1,2,0,2,0,1,2,2,0,0,2,1,2,0,2,1,2,0,0,1,0,1,2,0,0,1,0,1,0,0,2,2,1,2,0,1,0,0
Best fitness found so far: -28.0; distance: 19.72308292331602
Generation: 33; 
d: 22.47220505424423; energy: -26.0; 0,1,0,0,0,2,0,1,1,2,1,0,0,1,1,2,1,2,2,1,0,0,2,1,2,2,0,0,1,0,1,2,2,0,0,1,0,0,2,0,1,2,2,1,1,2,0,2,0,1,0,0,2,2,0,2,2,1,1,0,1,2,0,0,1,2,1,0,2,2,1,2,0,2,0,1,2,2,0,1,2,1,0,0,1,0,0,2,1,1,1,2,1,0,1,2,1
Best fitness found so far: -28.0; distance: 19.72308292331602
Generation: 34; 
d: 22.47220505424423; energy: -26.0; 0,1,0,0,0,2,0,1,1,2,1,0,0,1,1,2,1,2,2,1,0,0,2,1,2,2,0,0,1,0,1,2,2,0,0,1,0,0,2,0,1,2,2,1,1,2,0,2,0,1,0,0,2,2,0,2,2,1,1,0,1,2,0,0,1,2,1,0,2,2,1,2,0,2,0,1,2,2,0,1,2,1,0,0,1,0,0,2,1,1,1,2,1,0,1,2,1
Best fitness found so far: -28.0; distance: 19.72308292331602
Generation: 35; 
d: 15.524174696260024; energy: -26.0; 2,0,1,1,0,2,0,0,0,0,2,1,2,2,1,2,2,1,1,1,2,0,1,1,0,2,0,2,2,1,2,0,2,0,0,2,2,2,1,2,1,2,2,2,1,2,2,2,1,0,0,2,0,2,2,1,0,1,1,1,0,1,1,1,2,0,0,1,1,2,0,0,1,0,1,0,1,2,0,2,0,0,1,0,1,0,0,0,2,1,2,1,0,2,0,0,2
Best fitness found so far: -28.0; distance: 19.72308292331602
Generation: 36; 
d: 18.601075237738275; energy: -27.0; 0,2,1,2,2,0,2,2,2,0,1,1,1,0,1,0,0,2,2,1,2,1,0,0,0,2,0,2,1,2,1,1,1,0,1,1,2,1,1,1,2,1,1,2,1,2,2,0,1,2,0,0,0,1,2,0,2,0,1,0,0,2,0,1,1,2,2,1,2,0,0,1,1,0,2,0,0,2,1,0,1,0,0,2,1,0,0,0,2,1,0,1,0,2,0,2,2
Best fitness found so far: -28.0; distance: 19.72308292331602
Generation: 37; 
d: 18.601075237738275; energy: -27.0; 0,2,1,2,2,0,2,2,2,0,1,1,1,0,1,0,0,2,2,1,2,1,0,0,0,2,0,2,1,2,1,1,1,0,1,1,2,1,1,1,2,1,1,2,1,2,2,0,1,2,0,0,0,1,2,0,2,0,1,0,0,2,0,1,1,2,2,1,2,0,0,1,1,0,2,0,0,2,1,0,1,0,0,2,1,0,0,0,2,1,0,1,0,2,0,2,2
Best fitness found so far: -28.0; distance: 19.72308292331602
Generation: 38; 
d: 18.384776310850235; energy: -27.0; 2,0,1,1,0,2,0,0,0,0,2,1,2,2,1,2,2,1,1,1,2,0,1,1,0,2,0,2,2,1,2,0,2,0,0,2,2,2,1,2,1,2,2,2,1,1,2,0,1,1,1,2,1,0,1,0,0,1,0,0,1,0,0,2,1,1,0,0,2,2,0,0,2,2,0,0,2,2,1,2,1,1,1,0,2,0,0,1,0,2,1,2,2,2,1,2,2
Best fitness found so far: -28.0; distance: 19.72308292331602
Generation: 39; 
d: 18.384776310850235; energy: -27.0; 2,0,1,1,0,2,0,0,0,0,2,1,2,2,1,2,2,1,1,1,2,0,1,1,0,2,0,2,2,1,2,0,2,0,0,2,2,2,1,2,1,2,2,2,1,1,2,0,1,1,1,2,1,0,1,0,0,1,0,0,1,0,0,2,1,1,0,0,2,2,0,0,2,2,0,0,2,2,1,2,1,1,1,0,2,0,0,1,0,2,1,2,2,2,1,2,2
Best fitness found so far: -28.0; distance: 19.72308292331602
Generation: 40; 
d: 20.248456731316587; energy: -27.0; 2,2,2,2,1,0,2,2,0,2,2,1,1,1,1,1,1,2,2,1,0,0,2,1,2,2,0,0,1,0,1,2,2,0,0,1,0,0,2,0,1,2,2,1,1,2,0,2,0,1,0,0,2,2,0,2,2,1,1,0,1,2,0,0,1,2,1,0,2,2,1,2,0,2,0,1,2,2,0,1,2,1,0,0,1,0,0,2,1,1,2,2,1,2,2,2,0
Best fitness found so far: -28.0; distance: 19.72308292331602
Generation: 41; 
d: 20.248456731316587; energy: -27.0; 2,2,2,2,1,0,2,2,0,2,2,1,1,1,1,1,1,2,2,1,0,0,2,1,2,2,0,0,1,0,1,2,2,0,0,1,0,0,2,0,1,2,2,1,1,2,0,2,0,1,0,0,2,2,0,2,2,1,1,0,1,2,0,0,1,2,1,0,2,2,1,2,0,2,0,1,2,2,0,1,2,1,0,0,1,0,0,2,1,1,2,2,1,2,2,2,0
Best fitness found so far: -28.0; distance: 19.72308292331602
Generation: 42; 
d: 20.0; energy: -26.0; 1,2,1,0,2,2,0,0,0,0,1,2,2,0,2,2,1,1,1,0,0,1,0,2,1,1,0,1,2,1,2,2,1,1,2,1,0,2,0,2,1,0,0,0,0,0,2,2,0,1,2,1,0,0,0,1,0,0,1,0,0,0,1,2,0,1,2,1,2,2,2,0,1,1,2,0,2,2,1,2,2,1,1,1,0,0,2,2,1,0,2,0,1,0,1,1,2
Best fitness found so far: -28.0; distance: 19.72308292331602
Generation: 43; 
d: 17.08800749063506; energy: -28.0; 1,0,0,2,1,2,2,1,0,0,1,2,1,1,0,1,2,2,1,1,2,0,1,2,1,0,0,0,1,0,1,2,0,2,1,1,2,1,2,2,0,1,0,0,0,2,0,0,0,2,2,1,0,0,0,0,1,2,2,0,0,0,1,0,1,2,2,0,0,1,0,0,1,2,1,1,1,0,0,2,1,1,1,2,2,0,0,1,0,2,1,2,2,2,1,2,2
Best fitness found so far: -28.0; distance: 19.72308292331602
Generation: 44; 
d: 17.08800749063506; energy: -28.0; 1,0,0,2,1,2,2,1,0,0,1,2,1,1,0,1,2,2,1,1,2,0,1,2,1,0,0,0,1,0,1,2,0,2,1,1,2,1,2,2,0,1,0,0,0,2,0,0,0,2,2,1,0,0,0,0,1,2,2,0,0,0,1,0,1,2,2,0,0,1,0,0,1,2,1,1,1,0,0,2,1,1,1,2,2,0,0,1,0,2,1,2,2,2,1,2,2
Best fitness found so far: -28.0; distance: 19.72308292331602
Generation: 45; 
d: 15.811388300841896; energy: -27.0; 1,2,1,0,2,1,2,1,1,1,0,0,1,1,1,2,1,0,1,0,0,1,0,0,2,2,0,2,0,1,2,1,1,0,1,0,0,2,2,2,0,1,2,0,0,1,0,2,0,0,2,0,0,0,1,1,2,2,1,0,1,1,1,1,0,1,1,2,0,1,0,1,0,1,1,1,2,1,1,2,2,1,0,2,1,1,2,2,0,1,2,0,2,0,0,1,1
Best fitness found so far: -28.0; distance: 19.72308292331602
Generation: 46; 
d: 14.142135623730951; energy: -27.0; 2,2,2,1,0,0,0,2,0,2,0,1,2,2,1,0,2,1,2,0,1,2,0,0,1,2,1,2,2,0,1,1,2,0,0,2,2,0,1,0,0,1,0,1,0,1,0,0,2,0,2,2,1,1,0,0,1,2,2,0,0,0,0,2,0,1,0,0,0,0,0,2,0,0,1,1,0,0,0,0,1,0,2,2,1,2,1,1,2,2,0,0,2,2,2,0,1
Best fitness found so far: -28.0; distance: 19.72308292331602
Generation: 47; 
d: 14.142135623730951; energy: -27.0; 2,2,2,1,0,0,0,2,0,2,0,1,2,2,1,0,2,1,2,0,1,2,0,0,1,2,1,2,2,0,1,1,2,0,0,2,2,0,1,0,0,1,0,1,0,1,0,0,2,0,2,2,1,1,0,0,1,2,2,0,0,0,0,2,0,1,0,0,0,0,0,2,0,0,1,1,0,0,0,0,1,0,2,2,1,2,1,1,2,2,0,0,2,2,2,0,1
Best fitness found so far: -28.0; distance: 19.72308292331602
Generation: 48; 
d: 18.439088914585774; energy: -29.0; 2,2,1,0,2,2,0,0,0,1,1,1,2,2,1,0,2,1,2,0,1,2,0,0,0,2,1,1,1,2,2,1,2,0,0,2,0,0,2,2,0,0,0,0,0,0,2,2,2,0,2,2,1,1,0,0,1,2,2,0,0,0,0,2,0,1,0,0,0,0,0,2,0,0,1,1,0,0,1,0,1,0,2,2,1,2,1,1,0,2,2,1,1,0,0,1,1
Best fitness found so far: -29.0; distance: 18.439088914585774
Generation: 49; 
d: 18.439088914585774; energy: -29.0; 2,2,1,0,2,2,0,0,0,1,1,1,2,2,1,0,2,1,2,0,1,2,0,0,0,2,1,1,1,2,2,1,2,0,0,2,0,0,2,2,0,0,0,0,0,0,2,2,2,0,2,2,1,1,0,0,1,2,2,0,0,0,0,2,0,1,0,0,0,0,0,2,0,0,1,1,0,0,1,0,1,0,2,2,1,2,1,1,0,2,2,1,1,0,0,1,1
Best fitness found so far: -29.0; distance: 18.439088914585774
Generation: 50; 
d: 16.1245154965971; energy: -28.0; 2,0,1,1,0,2,0,0,0,0,2,1,2,2,1,2,2,1,1,1,2,2,1,2,1,0,0,0,1,0,1,0,1,0,1,0,2,1,1,1,2,0,0,1,1,0,0,1,1,2,2,1,0,2,2,2,1,2,1,2,2,0,1,1,1,1,2,0,2,1,1,0,2,2,0,0,2,1,1,2,2,1,0,0,1,1,2,1,2,2,0,0,0,1,0,2,1
Best fitness found so far: -29.0; distance: 18.439088914585774
Generation: 51; 
d: 16.1245154965971; energy: -28.0; 2,0,1,1,0,2,0,0,0,0,2,1,2,2,1,2,2,1,1,1,2,2,1,2,1,0,0,0,1,0,1,0,1,0,1,0,2,1,1,1,2,0,0,1,1,0,0,1,1,2,2,1,0,2,2,2,1,2,1,2,2,0,1,1,1,1,2,0,2,1,1,0,2,2,0,0,2,1,1,2,2,1,0,0,1,1,2,1,2,2,0,0,0,1,0,2,1
Best fitness found so far: -29.0; distance: 18.439088914585774
Generation: 52; 
d: 19.697715603592208; energy: -28.0; 1,2,2,2,2,0,2,2,0,0,1,1,0,0,0,1,1,2,2,1,0,0,2,1,2,2,0,0,1,0,1,2,2,0,0,1,0,0,2,0,1,2,2,1,1,2,0,2,0,1,0,0,2,2,0,2,2,1,1,0,1,2,0,0,1,2,1,0,2,2,1,2,0,2,0,1,2,2,0,1,2,1,0,0,1,0,0,2,1,1,2,2,1,2,2,2,0
Best fitness found so far: -29.0; distance: 18.439088914585774
Generation: 53; 
d: 19.697715603592208; energy: -28.0; 1,2,2,2,2,0,2,2,0,0,1,1,0,0,0,1,1,2,2,1,0,0,2,1,2,2,0,0,1,0,1,2,2,0,0,1,0,0,2,0,1,2,2,1,1,2,0,2,0,1,0,0,2,2,0,2,2,1,1,0,1,2,0,0,1,2,1,0,2,2,1,2,0,2,0,1,2,2,0,1,2,1,0,0,1,0,0,2,1,1,2,2,1,2,2,2,0
Best fitness found so far: -29.0; distance: 18.439088914585774
Generation: 54; 
d: 15.297058540778355; energy: -30.0; 2,0,1,1,0,2,0,0,0,0,2,1,2,2,2,0,2,1,2,0,1,2,0,0,1,2,1,2,2,0,1,1,2,0,0,2,2,0,1,0,0,1,0,1,0,1,0,0,2,0,2,2,1,1,0,0,1,2,2,0,0,0,0,2,0,1,0,0,0,0,0,2,0,0,1,1,0,0,1,2,1,0,2,2,1,2,1,1,0,1,0,1,1,2,1,1,2
Best fitness found so far: -30.0; distance: 15.297058540778355
Generation: 55; 
d: 15.297058540778355; energy: -30.0; 2,0,1,1,0,2,0,0,0,0,2,1,2,2,2,0,2,1,2,0,1,2,0,0,1,2,1,2,2,0,1,1,2,0,0,2,2,0,1,0,0,1,0,1,0,1,0,0,2,0,2,2,1,1,0,0,1,2,2,0,0,0,0,2,0,1,0,0,0,0,0,2,0,0,1,1,0,0,1,2,1,0,2,2,1,2,1,1,0,1,0,1,1,2,1,1,2
Best fitness found so far: -30.0; distance: 15.297058540778355
Generation: 56; 
d: 18.027756377319946; energy: -28.0; 0,1,1,1,1,0,1,0,1,0,2,2,1,1,2,1,2,0,1,1,2,2,0,1,0,1,0,1,1,2,2,0,0,1,0,1,0,0,2,0,1,2,2,1,1,2,0,2,0,1,0,0,2,2,0,2,2,1,1,0,1,2,0,0,1,2,1,0,2,2,1,2,0,2,0,1,2,2,0,1,2,1,0,0,1,0,0,2,1,1,2,2,1,2,2,2,0
Best fitness found so far: -30.0; distance: 15.297058540778355
Generation: 57; 
d: 18.027756377319946; energy: -28.0; 0,1,1,1,1,0,1,0,1,0,2,2,1,1,2,1,2,0,1,1,2,2,0,1,0,1,0,1,1,2,2,0,0,1,0,1,0,0,2,0,1,2,2,1,1,2,0,2,0,1,0,0,2,2,0,2,2,1,1,0,1,2,0,0,1,2,1,0,2,2,1,2,0,2,0,1,2,2,0,1,2,1,0,0,1,0,0,2,1,1,2,2,1,2,2,2,0
Best fitness found so far: -30.0; distance: 15.297058540778355
Generation: 58; 
d: 19.1049731745428; energy: -28.0; 2,2,1,0,2,2,0,0,0,0,1,2,2,1,1,1,0,0,1,1,2,1,2,2,1,0,1,1,1,2,2,1,2,0,0,2,0,0,2,2,0,0,0,0,0,0,1,2,2,0,2,2,0,0,1,0,2,2,0,0,1,0,1,2,2,1,1,0,2,2,2,1,2,2,0,2,2,1,0,0,2,0,1,0,1,1,2,1,0,0,1,2,2,2,1,1,1
Best fitness found so far: -30.0; distance: 15.297058540778355
Generation: 59; 
d: 15.132745950421556; energy: -30.0; 2,0,1,1,0,2,0,0,0,0,2,1,2,2,1,2,1,1,2,0,1,2,0,0,1,2,1,2,2,0,1,1,2,0,0,2,2,0,1,0,0,1,0,1,0,1,0,0,2,0,2,2,1,1,0,0,1,2,2,0,0,0,0,2,0,1,0,0,0,0,0,2,0,0,1,1,0,0,1,2,1,0,2,2,1,2,1,1,0,0,2,2,2,1,0,1,2
Best fitness found so far: -30.0; distance: 15.297058540778355
Generation: 60; 
d: 15.132745950421556; energy: -30.0; 2,0,1,1,0,2,0,0,0,0,2,1,2,2,1,2,1,1,2,0,1,2,0,0,1,2,1,2,2,0,1,1,2,0,0,2,2,0,1,0,0,1,0,1,0,1,0,0,2,0,2,2,1,1,0,0,1,2,2,0,0,0,0,2,0,1,0,0,0,0,0,2,0,0,1,1,0,0,1,2,1,0,2,2,1,2,1,1,0,0,2,2,2,1,0,1,2
Best fitness found so far: -30.0; distance: 15.297058540778355
Generation: 61; 
d: 15.132745950421556; energy: -30.0; 2,0,1,1,0,2,0,0,0,0,2,1,2,2,1,2,1,1,2,0,1,2,0,0,1,2,1,2,2,0,1,1,2,0,0,2,2,0,1,0,0,1,0,1,0,1,0,0,2,0,2,2,1,1,0,0,1,2,2,0,0,0,0,2,0,1,0,0,0,0,0,2,0,0,1,1,0,0,1,2,1,0,2,2,1,2,1,1,0,0,2,2,2,1,0,1,2
Best fitness found so far: -30.0; distance: 15.297058540778355
Generation: 62; 
d: 16.492422502470642; energy: -31.0; 0,1,0,2,2,0,2,0,2,1,2,1,1,2,2,2,2,0,2,2,2,1,2,1,2,2,0,0,1,0,1,2,2,0,0,1,0,0,2,0,1,2,2,1,1,2,0,2,0,1,0,0,2,2,0,2,2,1,1,0,1,2,0,0,1,2,1,0,2,2,1,2,0,2,0,1,2,2,0,1,2,1,0,0,1,0,0,2,1,1,2,2,2,2,2,0,1
Best fitness found so far: -31.0; distance: 16.492422502470642
Generation: 63; 
d: 16.492422502470642; energy: -31.0; 0,1,0,2,2,0,2,0,2,1,2,1,1,2,2,2,2,0,2,2,2,1,2,1,2,2,0,0,1,0,1,2,2,0,0,1,0,0,2,0,1,2,2,1,1,2,0,2,0,1,0,0,2,2,0,2,2,1,1,0,1,2,0,0,1,2,1,0,2,2,1,2,0,2,0,1,2,2,0,1,2,1,0,0,1,0,0,2,1,1,2,2,2,2,2,0,1
Best fitness found so far: -31.0; distance: 16.492422502470642
Generation: 64; 
d: 15.811388300841896; energy: -29.0; 1,0,2,2,0,1,2,0,1,1,2,1,1,2,2,2,2,0,2,2,2,1,2,2,0,1,2,2,2,0,0,1,0,2,1,1,0,2,0,2,2,2,0,0,0,1,1,0,0,0,1,1,2,1,1,1,2,2,1,0,2,0,0,1,2,2,2,0,0,0,2,2,0,0,1,1,0,0,1,2,1,0,2,2,1,2,0,2,1,2,0,2,2,0,2,2,1
Best fitness found so far: -31.0; distance: 16.492422502470642
Generation: 65; 
d: 18.439088914585774; energy: -29.0; 0,2,1,0,2,2,0,0,0,1,1,1,2,2,1,0,2,1,2,0,1,2,0,0,0,2,1,1,1,2,2,1,2,0,0,2,0,0,2,2,0,0,0,0,0,0,2,2,2,0,2,2,1,1,0,0,1,2,2,0,0,0,0,2,0,1,0,0,0,0,0,2,0,0,1,1,0,0,1,0,1,0,2,2,1,2,1,1,0,1,2,0,2,2,2,0,1
Best fitness found so far: -31.0; distance: 16.492422502470642
Generation: 66; 
d: 18.027756377319946; energy: -29.0; 1,1,2,1,1,1,2,2,1,2,2,0,0,0,0,2,2,1,1,2,2,0,1,1,0,1,1,0,0,1,2,2,1,1,2,1,0,2,0,2,0,0,0,0,0,0,2,2,0,1,0,0,2,2,0,2,2,1,1,0,1,2,0,0,1,2,1,0,2,2,1,2,0,2,0,1,2,2,0,1,2,1,0,0,1,0,0,2,1,1,2,2,1,2,2,2,0
Best fitness found so far: -31.0; distance: 16.492422502470642
Generation: 67; 
d: 18.027756377319946; energy: -29.0; 1,1,2,1,1,1,2,2,1,2,2,0,0,0,0,2,2,1,1,2,2,0,1,1,0,1,1,0,0,1,2,2,1,1,2,1,0,2,0,2,0,0,0,0,0,0,2,2,0,1,0,0,2,2,0,2,2,1,1,0,1,2,0,0,1,2,1,0,2,2,1,2,0,2,0,1,2,2,0,1,2,1,0,0,1,0,0,2,1,1,2,2,1,2,2,2,0
Best fitness found so far: -31.0; distance: 16.492422502470642
Generation: 68; 
d: 15.652475842498529; energy: -28.0; 2,0,1,1,0,2,0,0,0,0,2,1,2,2,1,2,2,1,1,1,2,0,1,1,0,2,0,2,2,1,2,0,2,0,0,2,2,2,1,2,1,2,2,2,1,1,2,0,1,1,1,2,1,0,0,1,0,0,1,0,1,1,2,2,2,2,2,1,1,0,0,0,0,2,0,0,0,2,0,1,2,0,2,1,2,2,0,2,0,1,2,2,1,2,0,1,2
Best fitness found so far: -31.0; distance: 16.492422502470642
Generation: 69; 
d: 17.69180601295413; energy: -28.0; 0,0,2,2,0,1,2,0,1,1,2,1,1,2,2,2,2,0,2,2,2,1,2,2,0,1,2,2,2,0,0,1,0,2,1,1,0,2,0,2,2,2,0,0,0,1,1,0,0,0,1,1,2,1,1,1,2,2,1,0,2,0,0,1,2,2,2,0,0,0,2,2,0,0,1,1,0,0,1,2,1,0,2,2,1,2,0,2,0,2,0,1,2,0,2,1,0
Best fitness found so far: -31.0; distance: 16.492422502470642
Generation: 70; 
d: 17.69180601295413; energy: -28.0; 0,0,2,2,0,1,2,0,1,1,2,1,1,2,2,2,2,0,2,2,2,1,2,2,0,1,2,2,2,0,0,1,0,2,1,1,0,2,0,2,2,2,0,0,0,1,1,0,0,0,1,1,2,1,1,1,2,2,1,0,2,0,0,1,2,2,2,0,0,0,2,2,0,0,1,1,0,0,1,2,1,0,2,2,1,2,0,2,0,2,0,1,2,0,2,1,0
Best fitness found so far: -31.0; distance: 16.492422502470642
Generation: 71; 
d: 15.0; energy: -28.0; 0,1,1,1,1,0,1,0,1,0,2,2,1,1,2,1,2,0,1,1,2,2,0,1,0,1,0,1,1,2,2,0,0,2,1,1,0,0,2,2,0,0,0,0,0,0,2,2,0,1,2,1,0,0,0,1,0,0,1,0,0,0,1,2,0,1,2,1,2,2,2,0,1,1,2,2,0,0,2,2,1,0,1,0,0,1,0,0,2,2,1,1,1,2,2,2,2
Best fitness found so far: -31.0; distance: 16.492422502470642
Generation: 72; 
d: 17.46424919657298; energy: -31.0; 1,1,1,2,1,2,1,1,2,1,1,2,0,0,1,0,1,0,0,0,2,2,1,0,1,2,0,0,1,0,1,2,2,0,0,1,0,0,2,0,1,2,2,1,1,2,0,2,0,1,0,0,2,0,2,2,1,1,2,2,0,0,1,2,0,0,2,1,0,1,0,1,0,2,1,0,0,1,1,2,0,0,0,0,0,1,0,0,2,2,1,0,2,0,0,1,1
Best fitness found so far: -31.0; distance: 16.492422502470642
Generation: 73; 
d: 16.492422502470642; energy: -31.0; 0,1,0,2,2,0,2,0,2,1,2,1,1,2,2,2,2,0,2,2,2,1,2,1,2,2,0,0,1,0,1,2,2,0,0,1,0,0,2,0,1,2,2,1,1,2,0,2,0,1,0,0,2,2,0,2,2,1,1,0,1,2,0,0,1,2,1,0,2,2,1,2,0,2,0,1,2,2,0,1,2,1,0,0,1,0,0,2,1,1,2,2,2,2,2,0,1
Best fitness found so far: -31.0; distance: 16.492422502470642
Generation: 74; 
d: 16.492422502470642; energy: -31.0; 0,1,0,2,2,0,2,0,2,1,2,1,1,2,2,2,2,0,2,2,2,1,2,1,2,2,0,0,1,0,1,2,2,0,0,1,0,0,2,0,1,2,2,1,1,2,0,2,0,1,0,0,2,2,0,2,2,1,1,0,1,2,0,0,1,2,1,0,2,2,1,2,0,2,0,1,2,2,0,1,2,1,0,0,1,0,0,2,1,1,2,2,2,2,2,0,1
Best fitness found so far: -31.0; distance: 16.492422502470642
Generation: 75; 
d: 14.317821063276353; energy: -30.0; 1,1,2,1,1,1,2,2,1,2,2,0,0,0,0,2,2,1,2,0,1,2,0,0,1,2,1,2,2,0,1,1,2,0,0,2,2,0,1,0,0,1,0,1,0,1,0,0,2,0,2,2,1,1,0,0,1,2,2,0,0,0,0,2,0,1,0,0,0,0,0,2,0,0,1,1,0,0,1,2,1,0,2,2,1,2,1,1,2,2,0,0,2,2,2,0,1
Best fitness found so far: -31.0; distance: 16.492422502470642
Generation: 76; 
d: 16.76305461424021; energy: -31.0; 2,0,1,1,0,2,0,0,0,0,2,1,2,2,1,2,2,1,1,1,2,2,1,2,1,0,0,0,1,0,1,0,1,0,1,0,2,1,1,1,2,0,0,1,1,0,0,1,1,2,2,1,0,2,2,2,1,2,1,2,2,0,1,1,1,1,2,0,2,1,1,0,2,0,1,1,0,0,1,2,1,0,2,2,1,2,1,1,2,2,1,2,0,2,0,0,0
Best fitness found so far: -31.0; distance: 16.492422502470642
Generation: 77; 
d: 16.76305461424021; energy: -31.0; 2,0,1,1,0,2,0,0,0,0,2,1,2,2,1,2,2,1,1,1,2,2,1,2,1,0,0,0,1,0,1,0,1,0,1,0,2,1,1,1,2,0,0,1,1,0,0,1,1,2,2,1,0,2,2,2,1,2,1,2,2,0,1,1,1,1,2,0,2,1,1,0,2,0,1,1,0,0,1,2,1,0,2,2,1,2,1,1,2,2,1,2,0,2,0,0,0
Best fitness found so far: -31.0; distance: 16.492422502470642
Generation: 78; 
d: 15.524174696260024; energy: -30.0; 2,0,1,1,0,2,0,0,0,2,0,1,2,2,1,0,2,1,2,2,0,0,1,0,2,2,0,2,2,0,1,1,2,0,0,2,2,0,1,0,0,1,0,1,0,1,0,0,2,0,2,2,1,1,0,0,1,2,2,0,0,0,0,2,0,1,0,0,0,0,0,2,0,0,1,1,0,0,1,2,1,0,2,2,1,2,0,2,1,2,0,2,2,0,2,2,1
Best fitness found so far: -31.0; distance: 16.492422502470642
Generation: 79; 
d: 15.524174696260024; energy: -30.0; 0,0,1,1,0,2,0,0,0,2,0,1,2,2,1,0,2,1,2,2,0,0,1,0,2,2,0,2,2,0,1,1,2,0,0,2,2,0,1,0,0,1,0,1,0,1,0,0,2,0,2,2,1,1,0,0,1,2,2,0,0,0,0,2,0,1,0,0,0,0,0,2,0,0,1,1,0,0,1,2,1,0,2,2,1,2,0,2,1,2,0,2,2,0,2,2,1
Best fitness found so far: -31.0; distance: 16.492422502470642
Generation: 80; 
d: 17.46424919657298; energy: -31.0; 1,1,1,2,1,2,1,1,2,1,1,2,0,0,1,0,1,0,0,0,2,2,1,0,1,2,0,0,1,0,1,2,2,0,0,1,0,0,2,0,1,2,2,1,1,2,0,2,0,1,0,0,2,0,2,2,1,1,2,2,0,0,1,2,0,0,2,1,0,1,0,1,0,2,1,0,0,1,1,2,0,0,0,0,0,1,0,0,2,2,0,2,2,0,0,1,1
Best fitness found so far: -31.0; distance: 16.492422502470642
Generation: 81; 
d: 17.46424919657298; energy: -31.0; 1,1,1,2,1,2,1,1,2,1,1,2,0,0,1,0,1,0,0,0,2,2,1,0,1,2,0,0,1,0,1,2,2,0,0,1,0,0,2,0,1,2,2,1,1,2,0,2,0,1,0,0,2,0,2,2,1,1,2,2,0,0,1,2,0,0,2,1,0,1,0,1,0,2,1,0,0,1,1,2,0,0,0,0,0,1,0,0,2,2,0,2,2,0,0,1,1
Best fitness found so far: -31.0; distance: 16.492422502470642
Generation: 82; 
d: 14.7648230602334; energy: -30.0; 2,0,1,1,0,2,0,0,0,0,2,1,2,2,1,2,2,2,2,0,1,2,0,0,1,2,1,2,2,0,1,1,2,0,0,2,2,0,1,0,0,1,0,1,0,1,0,0,2,0,2,2,1,1,0,0,1,2,2,0,0,0,0,2,0,1,0,0,0,0,0,2,0,0,1,1,0,0,1,2,1,0,2,2,1,2,1,1,2,2,0,2,2,0,2,2,0
Best fitness found so far: -31.0; distance: 16.492422502470642
Generation: 83; 
d: 14.317821063276353; energy: -30.0; 2,0,1,1,0,2,0,0,0,0,2,1,2,2,2,0,2,1,2,0,1,2,0,0,1,2,1,2,2,0,1,1,2,0,0,2,2,0,1,0,0,1,0,1,0,1,0,0,2,0,2,2,1,1,0,0,1,2,2,0,0,0,0,2,0,1,0,0,0,0,0,2,0,0,1,1,0,0,1,2,1,0,2,2,1,2,1,1,2,2,1,0,2,2,2,1,2
Best fitness found so far: -31.0; distance: 16.492422502470642
Generation: 84; 
d: 14.317821063276353; energy: -30.0; 2,0,1,1,0,2,0,0,0,0,2,1,2,2,2,0,2,1,2,0,1,2,0,0,1,2,1,2,2,0,1,1,2,0,0,2,2,0,1,0,0,1,0,1,0,1,0,0,2,0,2,2,1,1,0,0,1,2,2,0,0,0,0,2,0,1,0,0,0,0,0,2,0,0,1,1,0,0,1,2,1,0,2,2,1,2,1,1,2,2,1,0,2,2,2,1,2
Best fitness found so far: -31.0; distance: 16.492422502470642
Generation: 85; 
d: 15.132745950421556; energy: -30.0; 2,0,1,1,0,2,0,0,0,0,2,1,2,2,1,2,1,1,2,0,1,2,0,0,1,2,1,2,2,0,1,1,2,0,0,2,2,0,1,0,0,1,0,1,0,1,0,0,2,0,2,2,1,1,0,0,1,2,2,0,0,0,0,2,0,1,0,0,0,0,0,2,0,0,1,1,0,0,1,2,1,0,2,2,1,2,1,1,0,0,2,2,2,1,0,1,2
Best fitness found so far: -31.0; distance: 16.492422502470642
Generation: 86; 
d: 15.132745950421556; energy: -30.0; 2,0,1,1,0,2,0,0,0,0,2,1,2,2,1,2,1,1,2,0,1,2,0,0,1,2,1,2,2,0,1,1,2,0,0,2,2,0,1,0,0,1,0,1,0,1,0,0,2,0,2,2,1,1,0,0,1,2,2,0,0,0,0,2,0,1,0,0,0,0,0,2,0,0,1,1,0,0,1,2,1,0,2,2,1,2,1,1,0,0,2,2,2,1,0,1,2
Best fitness found so far: -31.0; distance: 16.492422502470642
Generation: 87; 
d: 13.416407864998739; energy: -31.0; 2,0,1,1,0,2,0,0,0,0,2,1,2,2,1,2,1,1,2,0,1,2,0,0,1,2,1,2,2,0,1,1,2,0,0,2,2,0,1,0,0,1,0,1,0,1,0,0,2,0,2,2,1,1,0,0,1,2,2,0,0,0,0,2,0,1,0,0,0,0,0,2,0,0,1,1,0,0,1,2,1,0,2,2,1,2,1,1,2,2,0,2,2,0,2,2,0
Best fitness found so far: -31.0; distance: 16.492422502470642
Generation: 88; 
d: 17.46424919657298; energy: -32.0; 0,1,0,2,2,0,2,0,2,1,2,1,1,2,2,2,2,0,2,2,2,1,2,1,2,2,0,0,1,0,1,2,2,0,0,1,0,0,2,0,1,2,2,1,1,2,0,2,0,1,0,0,2,2,0,2,2,1,1,0,1,2,0,0,1,2,1,0,2,2,1,2,0,2,0,1,2,2,0,1,2,1,0,0,1,0,0,2,1,1,0,0,0,0,0,2,1
Best fitness found so far: -32.0; distance: 17.46424919657298
Generation: 89; 
d: 17.46424919657298; energy: -32.0; 0,1,0,2,2,0,2,0,2,1,2,1,1,2,2,2,2,0,2,2,2,1,2,1,2,2,0,0,1,0,1,2,2,0,0,1,0,0,2,0,1,2,2,1,1,2,0,2,0,1,0,0,2,2,0,2,2,1,1,0,1,2,0,0,1,2,1,0,2,2,1,2,0,2,0,1,2,2,0,1,2,1,0,0,1,0,0,2,1,1,0,0,0,0,0,2,1
Best fitness found so far: -32.0; distance: 17.46424919657298
Generation: 90; 
d: 13.341664064126334; energy: -31.0; 2,0,1,1,0,2,0,0,0,0,2,1,2,2,2,0,2,1,2,0,1,2,0,0,1,2,1,2,2,0,1,1,2,0,0,2,2,0,1,0,0,1,0,1,0,1,0,0,2,0,2,2,1,1,0,0,1,2,2,0,0,0,0,2,0,1,0,0,0,0,0,2,0,0,1,1,0,0,1,2,1,0,2,2,1,2,1,1,0,2,0,2,2,0,2,2,1
Best fitness found so far: -32.0; distance: 17.46424919657298
Generation: 91; 
d: 13.341664064126334; energy: -31.0; 2,0,1,1,0,2,0,0,0,0,2,1,2,2,2,0,2,1,2,0,1,2,0,0,1,2,1,2,2,0,1,1,2,0,0,2,2,0,1,0,0,1,0,1,0,1,0,0,2,0,2,2,1,1,0,0,1,2,2,0,0,0,0,2,0,1,0,0,0,0,0,2,0,0,1,1,0,0,1,2,1,0,2,2,1,2,1,1,2,2,0,2,2,0,2,2,0
Best fitness found so far: -32.0; distance: 17.46424919657298
Generation: 92; 
d: 13.341664064126334; energy: -31.0; 2,0,1,1,0,2,0,0,0,0,2,1,2,2,2,0,2,1,2,0,1,2,0,0,1,2,1,2,2,0,1,1,2,0,0,2,2,0,1,0,0,1,0,1,0,1,0,0,2,0,2,2,1,1,0,0,1,2,2,0,0,0,0,2,0,1,0,0,0,0,0,2,0,0,1,1,0,0,1,2,1,0,2,2,1,2,1,1,2,2,0,2,2,0,2,2,0
Best fitness found so far: -32.0; distance: 17.46424919657298
Generation: 93; 
d: 13.341664064126334; energy: -31.0; 2,0,1,1,0,2,0,0,0,0,2,1,2,2,2,0,2,1,2,0,1,2,0,0,1,2,1,2,2,0,1,1,2,0,0,2,2,0,1,0,0,1,0,1,0,1,0,0,2,0,2,2,1,1,0,0,1,2,2,0,0,0,0,2,0,1,0,0,0,0,0,2,0,0,1,1,0,0,0,0,1,0,2,2,1,2,1,1,2,2,0,2,2,0,2,2,0
Best fitness found so far: -32.0; distance: 17.46424919657298
Generation: 94; 
d: 13.341664064126334; energy: -31.0; 2,0,1,1,0,2,0,0,0,0,2,1,2,2,2,0,2,1,2,0,1,2,0,0,1,2,1,2,2,0,1,1,2,0,0,2,2,0,1,0,0,1,0,1,0,1,0,0,2,0,2,2,1,1,0,0,1,2,2,0,0,0,0,2,0,1,0,0,0,0,0,2,0,0,1,1,0,0,1,2,1,0,2,2,1,2,1,1,0,1,2,1,2,0,2,2,1
Best fitness found so far: -32.0; distance: 17.46424919657298
Generation: 95; 
d: 13.341664064126334; energy: -31.0; 2,2,0,0,0,2,0,0,0,0,2,1,2,2,1,2,2,2,2,0,1,2,0,0,1,2,1,2,2,0,1,1,2,0,0,2,2,0,1,0,0,1,0,1,0,1,0,0,2,0,2,2,1,1,0,0,1,2,2,0,0,0,0,2,0,1,0,0,0,0,0,2,0,0,1,1,0,0,1,2,1,0,2,2,1,2,1,1,1,2,0,2,2,0,2,2,0
Best fitness found so far: -32.0; distance: 17.46424919657298
Generation: 96; 
d: 13.341664064126334; energy: -31.0; 2,2,0,0,0,2,0,0,0,0,2,1,2,2,1,2,2,2,2,0,1,2,0,0,1,2,1,2,2,0,1,1,2,0,0,2,2,0,1,0,0,1,0,1,0,1,0,0,2,0,2,2,1,1,0,0,1,2,2,0,0,0,0,2,0,1,0,0,0,0,0,2,0,0,1,1,0,0,1,2,1,0,2,2,1,2,1,1,1,2,0,2,2,0,2,2,0
Best fitness found so far: -32.0; distance: 17.46424919657298
Generation: 97; 
d: 12.727922061357855; energy: -32.0; 2,2,0,0,0,2,0,0,0,0,2,1,2,2,1,2,2,2,2,0,1,2,0,0,1,2,1,2,2,0,1,1,2,0,0,2,2,0,1,0,0,1,0,1,0,1,0,0,2,0,2,2,1,1,0,0,1,2,2,0,0,0,0,2,0,1,0,0,0,0,0,2,0,0,1,1,0,0,1,2,1,0,2,2,1,2,1,1,2,2,0,2,2,0,2,2,0
Best fitness found so far: -32.0; distance: 17.46424919657298
Generation: 98; 
d: 12.727922061357855; energy: -32.0; 2,2,0,0,0,2,0,0,0,0,2,1,2,2,1,2,2,2,2,0,1,2,0,0,1,2,1,2,2,0,1,1,2,0,0,2,2,0,1,0,0,1,0,1,0,1,0,0,2,0,2,2,1,1,0,0,1,2,2,0,0,0,0,2,0,1,0,0,0,0,0,2,0,0,1,1,0,0,1,2,1,0,2,2,1,2,1,1,2,2,0,2,2,0,2,2,0
Best fitness found so far: -32.0; distance: 17.46424919657298
Generation: 99; 
d: 12.727922061357855; energy: -32.0; 2,2,0,0,0,2,0,0,0,0,2,1,2,2,1,2,2,2,2,0,1,2,0,0,1,2,1,2,2,0,1,1,2,0,0,2,2,0,1,0,0,1,0,1,0,1,0,0,2,0,2,2,1,1,0,0,1,2,2,0,0,0,0,2,0,1,0,0,0,0,0,2,0,0,1,1,0,0,1,2,1,0,2,2,1,2,1,1,2,2,0,2,2,0,2,2,0
Best fitness found so far: -32.0; distance: 17.46424919657298
Generation: 100; 
d: 12.727922061357855; energy: -32.0; 2,2,0,0,0,2,0,0,0,0,2,1,2,2,1,2,2,2,2,0,1,2,0,0,1,2,1,2,2,0,1,1,2,0,0,2,2,0,1,0,0,1,0,1,0,1,0,0,2,0,2,2,1,1,0,0,1,2,2,0,0,0,0,2,0,1,0,0,0,0,0,2,0,0,1,1,0,0,1,2,1,0,2,2,1,2,1,1,0,1,2,1,2,0,2,2,1
Best fitness found so far: -32.0; distance: 17.46424919657298
Generation: 101; 
d: 12.727922061357855; energy: -32.0; 2,2,0,0,0,2,0,0,0,0,2,1,2,2,1,2,2,2,2,0,1,2,0,0,1,2,1,2,2,0,1,1,2,0,0,2,2,0,1,0,0,1,0,1,0,1,0,0,2,0,2,2,1,1,0,0,1,2,2,0,0,0,0,2,0,1,0,0,0,0,0,2,0,0,1,1,0,0,1,2,1,0,2,2,1,2,1,1,0,1,2,1,2,0,2,2,1
Best fitness found so far: -32.0; distance: 17.46424919657298
Generation: 102; 
d: 12.727922061357855; energy: -32.0; 2,2,0,0,0,2,0,0,0,0,2,1,2,2,1,2,2,2,2,0,1,2,0,0,1,2,1,2,2,0,1,1,2,0,0,2,2,0,1,0,0,1,0,1,0,1,0,0,2,0,2,2,1,1,0,0,1,2,2,0,0,0,0,2,0,1,0,0,0,0,0,2,0,0,1,1,0,0,1,2,1,0,2,2,1,2,1,1,0,1,2,1,2,0,2,2,1
Best fitness found so far: -32.0; distance: 17.46424919657298
Generation: 103; 
d: 12.727922061357855; energy: -32.0; 2,2,0,0,0,2,0,0,0,0,2,1,2,2,1,2,2,2,2,0,1,2,0,0,1,2,1,2,2,0,1,1,2,0,0,2,2,0,1,0,0,1,0,1,0,1,0,0,2,0,2,2,1,1,0,0,1,2,2,0,0,0,0,2,0,1,0,0,0,0,0,2,0,0,1,1,0,0,1,2,1,0,2,2,1,2,1,1,0,1,2,1,2,0,2,2,1
Best fitness found so far: -32.0; distance: 17.46424919657298
Generation: 104; 
d: 12.727922061357855; energy: -32.0; 2,2,0,0,0,2,0,0,0,0,2,1,2,2,1,2,2,2,2,0,1,2,0,0,1,2,1,2,2,0,1,1,2,0,0,2,2,0,1,0,0,1,0,1,0,1,0,0,2,0,2,2,1,1,0,0,1,2,2,0,0,0,0,2,0,1,0,0,0,0,0,2,0,0,1,1,0,0,1,0,1,0,2,2,1,2,1,1,2,2,0,2,2,0,2,2,0
Best fitness found so far: -32.0; distance: 17.46424919657298
Generation: 105; 
d: 12.727922061357855; energy: -32.0; 2,2,0,0,0,2,0,0,0,0,2,1,2,2,1,2,2,2,2,0,1,2,0,0,1,2,1,2,2,0,1,1,2,0,0,2,2,0,1,0,0,1,0,1,0,1,0,0,2,0,2,2,1,1,0,0,1,2,2,0,0,0,0,2,0,1,0,0,0,0,0,2,0,0,1,1,0,0,1,2,1,0,2,2,1,2,1,1,0,2,0,2,2,0,2,2,0
Best fitness found so far: -32.0; distance: 17.46424919657298
Generation: 106; 
d: 12.727922061357855; energy: -32.0; 2,2,0,0,0,2,0,0,0,0,2,1,2,2,1,2,2,2,2,0,1,2,0,0,1,2,1,2,2,0,1,1,2,0,0,2,2,0,1,0,0,1,0,1,0,1,0,0,2,0,2,2,1,1,0,0,1,2,2,0,0,0,0,2,0,1,0,0,0,0,0,2,0,0,1,1,0,0,1,2,1,0,2,2,1,2,1,1,0,2,0,2,2,0,2,2,0
Best fitness found so far: -32.0; distance: 17.46424919657298
Generation: 107; 
d: 12.727922061357855; energy: -32.0; 0,2,2,1,0,2,0,0,0,0,2,1,2,2,1,2,2,2,2,0,1,2,0,0,1,2,1,2,2,0,1,1,2,0,0,2,2,0,1,0,0,1,0,1,0,1,0,0,2,0,2,2,1,1,0,0,1,2,2,0,0,0,0,2,0,1,0,0,0,0,0,2,0,0,1,1,0,0,0,0,1,0,2,2,1,2,1,1,2,2,0,2,2,0,2,2,0
Best fitness found so far: -32.0; distance: 17.46424919657298
Generation: 108; 
d: 12.727922061357855; energy: -32.0; 0,2,2,1,0,2,0,0,0,0,2,1,2,2,1,2,2,2,2,0,1,2,0,0,1,2,1,2,2,0,1,1,2,0,0,2,2,0,1,0,0,1,0,1,0,1,0,0,2,0,2,2,1,1,0,0,1,2,2,0,0,0,0,2,0,1,0,0,0,0,0,2,0,0,1,1,0,0,0,0,1,0,2,2,1,2,1,1,2,2,0,2,2,0,2,2,0
Best fitness found so far: -32.0; distance: 17.46424919657298
Generation: 109; 
d: 12.727922061357855; energy: -32.0; 2,2,0,0,0,2,0,0,0,0,2,1,2,2,1,2,2,2,2,0,1,2,0,0,1,2,1,2,2,0,1,1,2,0,0,2,2,0,1,0,0,1,0,1,0,1,0,0,2,0,2,2,1,1,0,0,1,2,2,0,0,0,0,2,0,1,0,0,0,0,0,2,0,0,1,1,0,0,1,2,1,0,2,2,1,2,1,1,0,1,2,1,2,0,2,2,1
Best fitness found so far: -32.0; distance: 17.46424919657298
Generation: 110; 
d: 12.727922061357855; energy: -32.0; 2,2,0,0,0,2,0,0,0,0,2,1,2,2,1,2,2,2,2,0,1,2,0,0,1,2,1,2,2,0,1,1,2,0,0,2,2,0,1,0,0,1,0,1,0,1,0,0,2,0,2,2,1,1,0,0,1,2,2,0,0,0,0,2,0,1,0,0,0,0,0,2,0,0,1,1,0,0,1,2,1,0,2,2,1,2,1,1,0,1,2,1,2,0,2,2,1
Best fitness found so far: -32.0; distance: 17.46424919657298
Generation: 111; 
d: 12.727922061357855; energy: -32.0; 2,2,0,0,0,2,0,0,0,0,2,1,2,2,1,2,2,2,2,0,1,2,0,0,1,2,1,2,2,0,1,1,2,0,0,2,2,0,1,0,0,1,0,1,0,1,0,0,2,0,2,2,1,1,0,0,1,2,2,0,0,0,0,2,0,1,0,0,0,0,0,2,0,0,1,1,0,0,1,2,1,0,2,2,1,2,1,1,2,2,0,2,2,0,2,2,0
Best fitness found so far: -32.0; distance: 17.46424919657298
Generation: 112; 
d: 12.727922061357855; energy: -32.0; 2,2,0,0,0,2,0,0,0,0,2,1,2,2,1,2,2,2,2,0,1,2,0,0,1,2,1,2,2,0,1,1,2,0,0,2,2,0,1,0,0,1,0,1,0,1,0,0,2,0,2,2,1,1,0,0,1,2,2,0,0,0,0,2,0,1,0,0,0,0,0,2,0,0,1,1,0,0,1,2,1,0,2,2,1,2,1,1,2,2,0,2,2,0,2,2,0
Best fitness found so far: -32.0; distance: 17.46424919657298
Generation: 113; 
d: 12.727922061357855; energy: -32.0; 2,2,0,0,0,2,0,0,0,0,2,1,2,2,1,2,2,2,2,0,1,2,0,0,1,2,1,2,2,0,1,1,2,0,0,2,2,0,1,0,0,1,0,1,0,1,0,0,2,0,2,2,1,1,0,0,1,2,2,0,0,0,0,2,0,1,0,0,0,0,0,2,0,0,1,1,0,0,1,2,1,0,2,2,1,2,1,1,2,2,0,2,2,0,2,2,0
Best fitness found so far: -32.0; distance: 17.46424919657298
Generation: 114; 
d: 12.727922061357855; energy: -32.0; 2,2,0,0,0,2,0,0,0,0,2,1,2,2,1,2,2,2,2,0,1,2,0,0,1,2,1,2,2,0,1,1,2,0,0,2,2,0,1,0,0,1,0,1,0,1,0,0,2,0,2,2,1,1,0,0,1,2,2,0,0,0,0,2,0,1,0,0,0,0,0,2,0,0,1,1,0,0,1,2,1,0,2,2,1,2,1,1,2,2,0,2,2,0,2,2,0
Best fitness found so far: -32.0; distance: 17.46424919657298
Generation: 115; 
d: 12.727922061357855; energy: -32.0; 0,2,2,1,0,2,0,0,0,0,2,1,2,2,2,2,2,2,2,0,1,2,0,0,1,2,1,2,2,0,1,1,2,0,0,2,2,0,1,0,0,1,0,1,0,1,0,0,2,0,2,2,1,1,0,0,1,2,2,0,0,0,0,2,0,1,0,0,0,0,0,2,0,0,1,1,0,0,0,0,1,0,2,2,1,2,1,1,2,2,0,2,2,0,2,2,1
Best fitness found so far: -32.0; distance: 17.46424919657298
Generation: 116; 
d: 12.727922061357855; energy: -33.0; 2,2,0,0,0,2,0,0,0,0,2,1,2,2,1,2,2,2,2,0,1,2,0,0,1,2,1,2,2,0,1,1,1,1,2,1,0,1,0,0,0,1,0,1,0,1,0,0,2,0,2,2,1,1,0,0,1,2,2,0,0,0,0,2,0,1,0,0,0,0,0,2,0,0,1,1,0,0,1,2,1,0,2,2,1,2,1,1,2,2,0,2,2,0,2,2,0
Best fitness found so far: -33.0; distance: 12.727922061357855
Generation: 117; 
d: 12.727922061357855; energy: -33.0; 2,2,0,0,0,2,0,0,0,0,2,1,2,2,1,2,2,2,2,0,1,2,0,0,1,2,1,2,2,0,1,1,1,1,2,1,0,1,0,0,0,1,0,1,0,1,0,0,2,0,2,2,1,1,0,0,1,2,2,0,0,0,0,2,0,1,0,0,0,0,0,2,0,0,1,1,0,0,1,2,1,0,2,2,1,2,1,1,2,2,0,2,2,0,2,2,0
Best fitness found so far: -33.0; distance: 12.727922061357855
Generation: 118; 
d: 12.727922061357855; energy: -33.0; 2,2,0,0,0,2,0,0,0,0,2,1,2,2,1,2,2,2,2,0,1,2,0,0,1,2,1,2,2,0,1,1,1,1,2,1,0,1,0,0,0,1,0,1,0,1,0,0,2,0,2,2,1,1,0,0,1,2,2,0,0,0,0,2,0,1,0,0,0,0,0,2,0,0,1,1,0,0,1,2,1,0,2,2,1,2,1,1,2,2,0,2,2,0,2,2,1
Best fitness found so far: -33.0; distance: 12.727922061357855
Generation: 119; 
d: 12.727922061357855; energy: -33.0; 2,2,0,0,0,2,0,0,0,0,2,1,2,2,1,2,2,2,2,0,1,2,0,0,1,2,1,2,2,0,1,1,1,1,2,1,0,1,0,0,0,1,0,1,0,1,0,0,2,0,2,2,1,1,0,0,1,2,2,0,0,0,0,2,0,1,0,0,0,0,0,2,0,0,1,1,0,0,1,2,1,0,2,2,1,2,1,1,2,2,0,2,2,0,2,2,1
Best fitness found so far: -33.0; distance: 12.727922061357855
Generation: 120; 
d: 12.727922061357855; energy: -33.0; 2,2,0,0,0,2,0,0,0,0,2,1,2,2,1,2,2,2,2,0,1,2,0,0,1,2,1,2,2,0,1,1,1,1,2,1,0,1,0,0,0,1,0,1,0,1,0,0,2,0,2,2,1,1,0,0,1,2,2,0,0,0,0,2,0,1,0,0,0,0,0,2,0,0,1,1,0,0,0,0,1,0,2,2,1,2,1,1,2,2,0,2,2,0,2,2,0
Best fitness found so far: -33.0; distance: 12.727922061357855
Generation: 121; 
d: 12.727922061357855; energy: -33.0; 2,2,0,0,0,2,0,0,0,0,2,1,2,2,1,2,2,2,2,0,1,2,0,0,1,2,1,2,2,0,1,1,1,1,2,1,0,1,0,0,0,1,0,1,0,1,0,0,2,0,2,2,1,1,0,0,1,2,2,0,0,0,0,2,0,1,0,0,0,0,0,2,0,0,1,1,0,0,1,2,1,0,2,2,1,2,1,1,2,2,0,2,2,0,2,2,0
Best fitness found so far: -33.0; distance: 12.727922061357855
Generation: 122; 
d: 12.727922061357855; energy: -33.0; 2,2,0,0,0,2,0,0,0,0,2,1,2,2,1,2,2,2,2,0,1,2,0,0,1,2,1,2,2,0,1,1,1,1,2,1,0,1,0,0,0,1,0,1,0,1,0,0,2,0,2,2,1,1,0,0,1,2,2,0,0,0,0,2,0,1,0,0,0,0,0,2,0,0,1,1,0,0,1,2,1,0,2,2,1,2,1,1,2,2,0,2,2,0,2,2,0
Best fitness found so far: -33.0; distance: 12.727922061357855
Generation: 123; 
d: 12.727922061357855; energy: -33.0; 2,2,0,0,0,2,0,0,0,0,2,1,2,2,1,2,2,2,2,0,1,2,0,0,1,2,1,2,2,0,1,1,1,1,2,1,0,1,0,0,0,1,0,1,0,1,0,0,2,0,2,2,1,1,0,0,1,2,2,0,0,0,0,2,0,1,0,0,0,0,0,2,0,0,1,1,0,0,1,2,1,0,2,2,1,2,1,1,2,2,0,2,2,0,2,2,1
Best fitness found so far: -33.0; distance: 12.727922061357855
Generation: 124; 
d: 12.727922061357855; energy: -33.0; 2,2,0,0,0,2,0,0,0,0,2,1,2,2,1,2,2,2,2,0,1,2,0,0,1,2,1,2,2,0,1,1,1,1,2,1,0,1,0,0,0,1,0,1,0,1,0,0,2,0,2,2,1,1,0,0,1,2,2,0,0,0,0,2,0,1,0,0,0,0,0,2,0,0,1,1,0,0,0,0,1,0,2,2,1,2,1,1,0,1,2,1,2,0,2,2,1
Best fitness found so far: -33.0; distance: 12.727922061357855
Generation: 125; 
d: 12.727922061357855; energy: -33.0; 2,2,0,0,0,2,0,0,0,0,2,1,2,2,1,2,2,2,2,0,1,2,0,0,1,2,1,2,2,0,1,1,1,1,2,1,0,1,0,0,0,1,0,1,0,1,0,0,2,0,2,2,1,1,0,0,1,2,2,0,0,0,0,2,0,1,0,0,0,0,0,2,0,0,1,1,0,0,0,0,1,0,2,2,1,2,1,1,0,1,2,1,2,0,2,2,1
Best fitness found so far: -33.0; distance: 12.727922061357855
Generation: 126; 
d: 12.727922061357855; energy: -33.0; 2,2,0,0,0,2,0,0,0,0,2,1,2,2,1,2,2,2,2,0,1,2,0,0,1,2,1,2,2,0,1,1,1,1,2,1,0,1,0,0,0,1,0,1,0,1,0,0,2,0,2,2,1,1,0,0,1,2,2,0,0,0,0,2,0,1,0,0,0,0,0,2,0,0,1,1,0,0,1,2,1,0,2,2,1,2,1,1,2,2,0,2,2,0,2,2,0
Best fitness found so far: -33.0; distance: 12.727922061357855
Generation: 127; 
d: 12.727922061357855; energy: -33.0; 1,2,2,1,0,2,0,0,0,0,2,1,2,2,1,2,2,2,2,0,1,2,0,0,1,2,1,2,2,0,1,1,1,1,2,1,0,1,0,0,0,1,0,1,0,1,0,0,2,0,2,2,1,1,0,0,1,2,2,0,0,0,0,2,0,1,0,0,0,0,0,2,0,0,1,1,0,0,1,2,1,0,2,2,1,2,1,1,2,2,0,2,2,0,2,2,0
Best fitness found so far: -33.0; distance: 12.727922061357855
Generation: 128; 
d: 12.727922061357855; energy: -33.0; 1,2,2,1,0,2,0,0,0,0,2,1,2,2,1,2,2,2,2,0,1,2,0,0,1,2,1,2,2,0,1,1,1,1,2,1,0,1,0,0,0,1,0,1,0,1,0,0,2,0,2,2,1,1,0,0,1,2,2,0,0,0,0,2,0,1,0,0,0,0,0,2,0,0,1,1,0,0,1,2,1,0,2,2,1,2,1,1,2,2,0,2,2,0,2,2,0
Best fitness found so far: -33.0; distance: 12.727922061357855
Generation: 129; 
d: 12.727922061357855; energy: -33.0; 2,2,0,0,0,2,0,0,0,0,2,1,2,2,1,2,2,2,2,0,1,2,0,0,1,2,1,2,2,0,1,1,1,1,2,1,0,1,0,0,0,1,0,1,0,1,0,0,2,0,2,2,1,1,0,0,1,2,2,0,0,0,0,2,0,1,0,0,0,0,0,2,0,0,1,1,0,0,1,0,1,0,2,2,1,2,1,1,2,2,0,2,2,0,2,2,0
Best fitness found so far: -33.0; distance: 12.727922061357855
Generation: 130; 
d: 12.727922061357855; energy: -33.0; 2,2,0,0,0,2,0,0,0,0,2,1,2,2,1,2,2,2,2,0,1,2,0,0,1,2,1,2,2,0,1,1,1,1,2,1,0,1,0,0,0,1,0,1,0,1,0,0,2,0,2,2,1,1,0,0,1,2,2,0,0,0,0,2,0,1,0,0,0,0,0,2,0,0,1,1,0,0,1,0,1,0,2,2,1,2,1,1,2,2,0,2,2,0,2,2,0
Best fitness found so far: -33.0; distance: 12.727922061357855
Generation: 131; 
d: 12.727922061357855; energy: -33.0; 2,2,0,0,0,2,0,0,0,0,2,1,2,2,1,2,2,2,2,0,1,2,0,0,1,2,1,2,2,0,1,1,1,1,2,1,0,1,0,0,0,1,0,1,0,1,0,0,2,0,2,2,1,1,0,0,1,2,2,0,0,0,0,2,0,1,0,0,0,0,0,2,0,0,1,1,0,0,1,2,1,0,2,2,1,2,1,1,2,2,0,2,2,0,2,2,1
Best fitness found so far: -33.0; distance: 12.727922061357855
Generation: 132; 
d: 12.727922061357855; energy: -33.0; 2,2,0,0,0,2,0,0,0,0,2,1,2,2,1,2,2,2,2,0,1,2,0,0,1,2,1,2,2,0,1,1,1,1,2,1,0,1,0,0,0,1,0,1,0,1,0,0,2,0,2,2,1,1,0,0,1,2,2,0,0,0,0,2,0,1,0,0,0,0,0,2,0,0,1,1,0,0,1,2,1,0,2,2,1,2,1,1,2,2,0,2,2,0,2,2,1
Best fitness found so far: -33.0; distance: 12.727922061357855
Generation: 133; 
d: 12.727922061357855; energy: -33.0; 1,2,2,1,0,2,0,0,0,0,2,1,2,2,1,2,2,2,2,0,1,2,0,0,1,2,1,2,2,0,1,1,1,1,2,1,0,1,0,0,0,1,0,1,0,1,0,0,2,0,2,2,1,1,0,0,1,2,2,0,0,0,0,2,0,1,0,0,0,0,0,2,0,0,1,1,0,0,1,2,1,0,2,2,1,2,1,1,2,2,0,2,2,0,2,2,0
Best fitness found so far: -33.0; distance: 12.727922061357855
Generation: 134; 
d: 12.727922061357855; energy: -33.0; 1,2,2,1,0,2,0,0,0,0,2,1,2,2,1,2,2,2,2,0,1,2,0,0,1,2,1,2,2,0,1,1,1,1,2,1,0,1,0,0,0,1,0,1,0,1,0,0,2,0,2,2,1,1,0,0,1,2,2,0,0,0,0,2,0,1,0,0,0,0,0,2,0,0,1,1,0,0,1,2,1,0,2,2,1,2,1,1,2,2,0,2,2,0,2,2,0
Best fitness found so far: -33.0; distance: 12.727922061357855
Generation: 135; 
d: 12.727922061357855; energy: -33.0; 2,2,0,0,0,2,0,0,0,0,0,1,2,2,1,2,2,2,2,0,1,2,0,0,1,2,1,2,2,0,1,1,1,1,2,1,0,1,0,0,0,1,0,1,0,1,0,0,2,0,2,2,1,1,0,0,1,2,2,0,0,0,0,2,0,1,0,0,0,0,0,2,0,0,1,1,0,0,1,2,1,0,2,2,1,2,1,1,2,2,0,2,2,0,2,2,1
Best fitness found so far: -33.0; distance: 12.727922061357855
Generation: 136; 
d: 12.727922061357855; energy: -33.0; 2,2,0,0,0,2,0,0,0,0,0,1,2,2,1,2,2,2,2,0,1,2,0,0,1,2,1,2,2,0,1,1,1,1,2,1,0,1,0,0,0,1,0,1,0,1,0,0,2,0,2,2,1,1,0,0,1,2,2,0,0,0,0,2,0,1,0,0,0,0,0,2,0,0,1,1,0,0,1,2,1,0,2,2,1,2,1,1,2,2,0,2,2,0,2,2,1
Best fitness found so far: -33.0; distance: 12.727922061357855
Generation: 137; 
d: 12.727922061357855; energy: -33.0; 2,2,0,0,0,2,0,0,0,0,2,1,2,2,1,2,2,2,2,0,1,2,0,0,1,2,1,2,2,0,1,1,1,1,2,1,0,1,0,0,0,1,0,1,0,1,0,0,2,0,2,2,1,1,0,0,1,2,2,0,0,0,0,2,0,1,0,0,0,0,0,2,0,0,1,1,0,0,0,0,1,0,2,2,1,2,1,1,2,1,2,1,2,0,2,2,0
Best fitness found so far: -33.0; distance: 12.727922061357855
Generation: 138; 
d: 12.727922061357855; energy: -33.0; 2,2,0,0,0,2,0,0,0,0,2,1,2,2,1,2,2,2,2,0,1,2,0,0,1,2,1,2,2,0,1,1,1,1,2,1,0,1,0,0,0,1,0,1,0,1,0,0,2,0,2,2,1,1,0,0,1,2,2,0,0,0,0,2,0,1,0,0,0,0,0,2,0,0,1,1,0,0,0,0,1,0,2,2,1,2,1,1,2,1,2,1,2,0,2,2,0
Best fitness found so far: -33.0; distance: 12.727922061357855
Generation: 139; 
d: 12.727922061357855; energy: -33.0; 2,2,0,0,0,2,0,0,0,0,2,1,2,2,1,2,2,2,2,0,1,2,0,0,1,2,1,2,2,0,1,1,1,1,2,1,0,1,0,0,0,1,0,1,0,1,0,0,2,0,2,2,1,1,0,0,1,2,2,0,0,0,0,2,0,1,0,0,0,0,0,2,0,0,1,1,0,0,1,2,1,0,2,2,1,2,1,1,0,1,2,1,2,0,2,2,0
Best fitness found so far: -33.0; distance: 12.727922061357855
Generation: 140; 
d: 12.727922061357855; energy: -33.0; 2,2,0,0,0,2,0,0,0,0,2,1,2,2,1,2,2,2,2,0,1,2,0,0,1,2,1,2,2,0,1,1,1,1,2,1,0,1,0,0,0,1,0,1,0,1,0,0,2,0,2,2,1,1,0,0,1,2,2,0,0,0,0,2,0,1,0,0,0,0,0,2,0,0,1,1,0,0,1,2,1,0,2,2,1,2,1,1,0,1,2,1,2,0,2,2,0
Best fitness found so far: -33.0; distance: 12.727922061357855
Generation: 141; 
d: 12.727922061357855; energy: -33.0; 1,2,0,0,0,2,0,0,0,0,2,1,2,2,1,2,2,2,2,0,1,2,0,0,1,2,1,2,2,0,1,1,1,1,2,1,0,1,0,0,0,1,0,1,0,1,0,0,2,0,2,2,1,1,0,0,1,2,2,0,0,0,0,2,0,1,0,0,0,0,0,2,0,0,1,1,0,0,1,2,1,0,2,2,1,2,1,1,2,2,0,2,2,0,2,2,1
Best fitness found so far: -33.0; distance: 12.727922061357855
Generation: 142; 
d: 12.727922061357855; energy: -33.0; 1,2,0,0,0,2,0,0,0,0,2,1,2,2,1,2,2,2,2,0,1,2,0,0,1,2,1,2,2,0,1,1,1,1,2,1,0,1,0,0,0,1,0,1,0,1,0,0,2,0,2,2,1,1,0,0,1,2,2,0,0,0,0,2,0,1,0,0,0,0,0,2,0,0,1,1,0,0,1,2,1,0,2,2,1,2,1,1,2,2,0,2,2,0,2,2,1
Best fitness found so far: -33.0; distance: 12.727922061357855
Generation: 143; 
d: 12.727922061357855; energy: -33.0; 2,2,0,0,0,2,0,0,0,0,2,1,2,2,1,2,2,2,2,0,1,2,0,0,1,2,1,2,2,0,1,1,1,1,2,2,2,0,1,0,0,1,0,1,0,1,0,0,2,0,2,2,1,1,0,0,1,2,2,0,0,0,0,2,0,1,0,0,0,0,0,2,0,0,1,1,0,0,1,2,1,0,2,2,1,2,1,1,2,2,0,2,2,0,2,2,0
Best fitness found so far: -33.0; distance: 12.727922061357855
Generation: 144; 
d: 12.727922061357855; energy: -33.0; 2,2,0,0,0,2,0,0,0,0,2,1,2,2,1,2,2,2,2,0,1,2,0,0,1,2,1,2,2,0,1,1,1,1,2,2,2,0,1,0,0,1,0,1,0,1,0,0,2,0,2,2,1,1,0,0,1,2,2,0,0,0,0,2,0,1,0,0,0,0,0,2,0,0,1,1,0,0,1,2,1,0,2,2,1,2,1,1,2,2,0,2,2,0,2,2,0
Best fitness found so far: -33.0; distance: 12.727922061357855
Generation: 145; 
d: 12.727922061357855; energy: -33.0; 1,2,0,0,0,2,0,0,0,0,2,1,2,2,1,2,2,2,2,0,1,2,0,0,1,2,1,2,2,0,1,1,1,1,2,1,0,1,0,0,0,1,0,1,0,1,0,0,2,0,2,2,1,1,0,0,1,2,2,0,0,0,0,2,0,1,0,0,0,0,0,2,0,0,1,1,0,0,1,2,1,0,2,2,1,2,1,1,2,2,0,2,2,0,2,2,0
Best fitness found so far: -33.0; distance: 12.727922061357855
Generation: 146; 
d: 12.727922061357855; energy: -33.0; 1,2,0,0,0,2,0,0,0,0,2,1,2,2,1,2,2,2,2,0,1,2,0,0,1,2,1,2,2,0,1,1,1,1,2,1,0,1,0,0,0,1,0,1,0,1,0,0,2,0,2,2,1,1,0,0,1,2,2,0,0,0,0,2,0,1,0,0,0,0,0,2,0,0,1,1,0,0,1,2,1,0,2,2,1,2,1,1,2,2,0,2,2,0,2,2,0
Best fitness found so far: -33.0; distance: 12.727922061357855
Generation: 147; 
d: 12.727922061357855; energy: -33.0; 2,2,0,0,0,2,0,0,0,0,2,1,2,2,1,2,2,2,2,0,1,2,0,0,1,2,1,2,2,0,1,1,1,1,2,1,0,1,0,0,0,1,0,1,0,1,0,0,2,0,2,2,1,1,0,0,1,2,2,0,0,0,0,2,0,1,0,0,0,0,0,2,0,0,1,1,0,0,0,0,1,0,2,2,1,2,1,1,2,2,0,2,2,0,2,2,0
Best fitness found so far: -33.0; distance: 12.727922061357855
Generation: 148; 
d: 12.727922061357855; energy: -33.0; 2,2,0,0,0,2,0,0,0,0,2,1,2,2,1,2,2,2,2,0,1,2,0,0,1,2,1,2,2,0,1,1,1,1,2,1,0,1,0,0,0,1,0,1,0,1,0,0,2,0,2,2,1,1,0,0,1,2,2,0,0,0,0,2,0,1,0,0,0,0,0,2,0,0,1,1,0,0,0,0,1,0,2,2,1,2,1,1,2,2,0,2,2,0,2,2,0
Best fitness found so far: -33.0; distance: 12.727922061357855
Generation: 149; 
d: 12.806248474865697; energy: -33.0; 2,2,0,0,0,2,0,0,0,0,2,1,2,2,1,2,2,2,2,0,1,2,0,0,1,2,1,2,2,0,1,1,1,1,2,1,0,1,0,0,0,1,0,1,0,1,0,0,2,0,2,2,1,1,0,0,1,2,2,0,0,0,0,2,0,1,0,0,0,0,0,2,0,0,1,1,0,0,1,2,1,0,2,2,1,2,1,1,1,0,1,0,0,2,2,2,1
Best fitness found so far: -33.0; distance: 12.727922061357855
Generation: 150; 
d: 12.806248474865697; energy: -33.0; 2,2,0,0,0,2,0,0,0,0,2,1,2,2,1,2,2,2,2,0,1,2,0,0,1,2,1,2,2,0,1,1,1,1,2,1,0,1,0,0,0,1,0,1,0,1,0,0,2,0,2,2,1,1,0,0,1,2,2,0,0,0,0,2,0,1,0,0,0,0,0,2,0,0,1,1,0,0,1,2,1,0,2,2,1,2,1,1,1,0,1,0,0,2,2,2,1
Best fitness found so far: -33.0; distance: 12.727922061357855
Generation: 151; 
d: 12.727922061357855; energy: -33.0; 2,2,0,0,0,2,0,0,0,0,2,1,2,2,1,2,2,2,2,0,1,2,0,0,1,2,1,2,2,0,1,1,1,1,2,1,0,1,0,0,0,1,0,1,0,1,0,0,2,0,2,2,1,1,0,0,1,2,2,0,0,0,0,2,0,1,0,0,0,0,0,2,0,0,1,1,0,0,1,2,1,0,2,2,1,2,1,1,2,2,0,2,2,0,2,2,0
Best fitness found so far: -33.0; distance: 12.727922061357855
Generation: 152; 
d: 12.727922061357855; energy: -33.0; 2,2,0,0,0,2,0,0,0,0,2,1,2,2,1,2,2,2,2,0,1,2,0,0,1,2,1,2,2,0,1,1,1,1,2,1,0,1,0,0,0,1,0,1,0,1,0,0,2,0,2,2,1,1,0,0,1,2,2,0,0,0,0,2,0,1,0,0,0,0,0,2,0,0,1,1,0,0,1,2,1,0,2,2,1,2,1,1,2,2,0,2,2,0,2,2,0
Best fitness found so far: -33.0; distance: 12.727922061357855
Generation: 153; 
d: 12.727922061357855; energy: -33.0; 2,2,0,0,0,2,0,0,0,0,2,1,2,2,1,2,2,2,2,0,1,2,0,0,1,2,1,2,2,0,1,1,1,1,2,1,0,1,0,0,0,1,0,1,0,1,0,0,2,0,2,2,1,1,0,0,1,2,2,0,0,0,0,2,0,1,0,0,0,0,0,2,0,0,1,1,0,0,1,2,1,0,2,2,1,2,1,1,2,2,0,2,2,0,2,2,1
Best fitness found so far: -33.0; distance: 12.727922061357855
Generation: 154; 
d: 12.727922061357855; energy: -33.0; 2,2,0,0,0,2,0,0,0,0,2,1,2,2,1,2,2,2,2,0,1,2,0,0,1,2,1,2,2,0,1,1,1,1,2,1,0,1,0,0,0,1,0,1,0,1,0,0,2,0,2,2,1,1,0,0,1,2,2,0,0,0,0,2,0,1,0,0,0,0,0,2,0,0,1,1,0,0,1,2,1,0,2,2,1,2,1,1,2,2,0,2,2,0,2,2,1
Best fitness found so far: -33.0; distance: 12.727922061357855
Generation: 155; 
d: 12.727922061357855; energy: -33.0; 2,2,0,0,0,2,0,0,0,0,2,1,2,2,1,2,2,2,2,0,1,2,0,0,1,2,1,2,2,0,1,1,1,1,2,1,0,1,0,0,0,1,0,1,0,1,0,0,2,0,2,2,1,1,0,0,1,2,2,0,0,0,0,2,0,1,0,0,0,0,0,2,0,0,1,1,0,0,1,2,1,0,2,2,1,2,1,1,2,1,2,1,2,0,2,2,0
Best fitness found so far: -33.0; distance: 12.727922061357855
Generation: 156; 
d: 12.727922061357855; energy: -33.0; 2,2,0,0,0,2,0,0,0,0,2,1,2,2,1,2,2,2,2,0,1,2,0,0,1,2,1,2,2,0,1,1,1,1,2,1,0,1,0,0,0,1,0,1,0,1,0,0,2,0,2,2,1,1,0,0,1,2,2,0,0,0,0,2,0,1,0,0,0,0,0,2,0,0,1,1,0,0,1,2,1,0,2,2,1,2,1,1,2,1,2,1,2,0,2,2,0
Best fitness found so far: -33.0; distance: 12.727922061357855
Generation: 157; 
d: 12.727922061357855; energy: -33.0; 2,2,0,0,2,2,0,0,0,0,2,1,2,2,1,2,2,2,2,2,1,2,0,0,1,2,1,2,2,0,1,1,1,1,2,1,0,1,0,0,0,1,0,1,0,1,0,0,2,0,2,2,1,1,0,0,1,2,2,0,0,0,0,2,0,1,0,0,0,0,0,2,0,0,1,1,0,0,1,2,1,0,2,2,1,2,1,1,0,1,2,1,2,0,2,2,1
Best fitness found so far: -33.0; distance: 12.727922061357855
Generation: 158; 
d: 12.727922061357855; energy: -33.0; 2,2,0,0,2,2,0,0,0,0,2,1,2,2,1,2,2,2,2,2,1,2,0,0,1,2,1,2,2,0,1,1,1,1,2,1,0,1,0,0,0,1,0,1,0,1,0,0,2,0,2,2,1,1,0,0,1,2,2,0,0,0,0,2,0,1,0,0,0,0,0,2,0,0,1,1,0,0,1,2,1,0,2,2,1,2,1,1,0,1,2,1,2,0,2,2,1
Best fitness found so far: -33.0; distance: 12.727922061357855
Generation: 159; 
d: 12.727922061357855; energy: -33.0; 1,2,0,0,0,2,0,0,0,0,2,1,2,2,1,2,2,2,2,0,1,2,0,0,1,2,1,2,2,0,1,1,1,1,2,1,0,1,0,0,0,1,0,1,0,1,0,0,2,0,2,2,1,1,0,0,1,2,2,0,0,0,0,2,0,1,0,0,0,0,0,2,0,0,1,1,0,0,1,2,1,0,2,2,1,2,1,1,0,2,0,2,2,0,2,2,0
Best fitness found so far: -33.0; distance: 12.727922061357855
Generation: 160; 
d: 12.727922061357855; energy: -33.0; 1,2,0,0,0,2,0,0,0,0,2,1,2,2,1,2,2,2,2,0,1,2,0,0,1,2,1,2,2,0,1,1,1,1,2,1,0,1,0,0,0,1,0,1,0,1,0,0,2,0,2,2,1,1,0,0,1,2,2,0,0,0,0,2,0,1,0,0,0,0,0,2,0,0,1,1,0,0,1,2,1,0,2,2,1,2,1,1,0,2,0,2,2,0,2,2,0
Best fitness found so far: -33.0; distance: 12.727922061357855
Generation: 161; 
d: 12.727922061357855; energy: -33.0; 1,2,0,0,0,2,0,0,0,0,0,1,2,2,1,2,2,2,2,0,1,2,0,0,1,2,1,2,2,0,1,1,1,1,2,1,0,1,0,0,0,1,0,1,0,1,0,0,2,0,2,2,1,1,0,0,1,2,2,0,0,0,0,2,0,1,0,0,0,0,0,2,0,0,1,1,0,0,1,2,1,0,2,2,1,2,1,1,2,2,0,2,2,0,2,2,0
Best fitness found so far: -33.0; distance: 12.727922061357855
Generation: 162; 
d: 12.727922061357855; energy: -33.0; 1,2,0,0,0,2,0,0,0,0,0,1,2,2,1,2,2,2,2,0,1,2,0,0,1,2,1,2,2,0,1,1,1,1,2,1,0,1,0,0,0,1,0,1,0,1,0,0,2,0,2,2,1,1,0,0,1,2,2,0,0,0,0,2,0,1,0,0,0,0,0,2,0,0,1,1,0,0,1,2,1,0,2,2,1,2,1,1,2,2,0,2,2,0,2,2,0
Best fitness found so far: -33.0; distance: 12.727922061357855
Generation: 163; 
d: 12.727922061357855; energy: -33.0; 2,2,0,0,0,2,0,0,0,0,2,1,2,2,1,2,2,2,2,0,1,2,0,0,1,2,1,2,2,0,1,1,1,1,2,1,0,1,0,0,0,1,0,1,0,1,0,0,2,0,2,2,1,1,0,0,1,2,2,0,0,0,0,2,0,1,0,0,0,0,0,2,0,0,1,1,0,0,1,2,1,0,2,2,1,2,1,1,2,2,0,2,2,0,2,2,0
Best fitness found so far: -33.0; distance: 12.727922061357855
Generation: 164; 
d: 12.727922061357855; energy: -33.0; 2,2,0,0,0,2,0,0,0,0,2,1,2,2,1,2,2,2,2,0,1,2,0,0,1,2,1,2,2,0,1,1,1,1,2,1,0,1,0,0,0,1,0,1,0,1,0,0,2,0,2,2,1,1,0,0,1,2,2,0,0,0,0,2,0,1,0,0,0,0,0,2,0,0,1,1,0,0,1,2,1,0,2,2,1,2,1,1,2,2,0,2,2,0,2,2,0
Best fitness found so far: -33.0; distance: 12.727922061357855
Generation: 165; 
d: 12.727922061357855; energy: -33.0; 2,2,0,0,0,2,0,0,0,0,2,1,2,2,1,2,2,2,2,0,1,2,0,0,1,2,1,2,2,0,1,1,1,1,2,1,0,1,0,0,0,1,0,1,0,1,0,0,2,0,2,2,1,1,0,0,1,2,2,0,0,0,0,2,0,1,0,0,0,0,0,2,0,0,1,1,0,0,0,0,1,0,2,2,1,2,1,1,0,2,0,2,2,0,2,2,0
Best fitness found so far: -33.0; distance: 12.727922061357855
Generation: 166; 
d: 12.727922061357855; energy: -33.0; 2,2,0,0,0,2,0,0,0,0,2,1,2,2,1,2,2,2,2,0,1,2,0,0,1,2,1,2,2,0,1,1,1,1,2,1,0,1,0,0,0,1,0,1,0,1,0,0,2,0,2,2,1,1,0,0,1,2,2,0,0,0,0,2,0,1,0,0,0,0,0,2,0,0,1,1,0,0,0,0,1,0,2,2,1,2,1,1,0,2,0,2,2,0,2,2,0
Best fitness found so far: -33.0; distance: 12.727922061357855
Generation: 167; 
d: 12.727922061357855; energy: -33.0; 2,2,0,0,0,2,0,0,0,0,2,1,2,2,1,2,2,2,2,0,1,2,0,0,1,2,1,2,2,0,1,1,1,1,2,1,0,1,0,0,0,1,0,1,0,1,0,0,2,0,2,2,1,1,0,0,1,2,2,0,0,0,0,2,0,1,0,0,0,0,0,2,0,0,1,1,0,0,1,2,1,0,2,2,1,2,1,1,2,2,0,2,2,0,2,2,1
Best fitness found so far: -33.0; distance: 12.727922061357855
Generation: 168; 
d: 12.727922061357855; energy: -33.0; 2,2,0,0,0,2,0,0,0,0,2,1,2,2,1,2,2,2,2,0,1,2,0,0,1,2,1,2,2,0,1,1,1,1,2,1,0,1,0,0,0,1,0,1,0,1,0,0,2,0,2,2,1,1,0,0,1,2,2,0,0,0,0,2,0,1,0,0,0,0,0,2,0,0,1,1,0,0,1,2,1,0,2,2,1,2,1,1,2,2,0,2,2,0,2,2,1
Best fitness found so far: -33.0; distance: 12.727922061357855
Generation: 169; 
d: 12.727922061357855; energy: -33.0; 2,2,0,0,0,2,0,0,0,0,2,1,2,2,1,2,2,2,2,0,1,2,0,0,1,2,1,2,2,0,1,1,1,1,2,1,0,1,0,0,0,1,0,1,0,1,0,0,2,0,2,2,1,1,0,0,1,2,2,0,0,0,0,2,0,1,0,0,0,0,0,2,0,0,1,1,0,0,1,2,1,0,2,2,1,2,1,1,2,2,0,2,2,0,2,2,0
Best fitness found so far: -33.0; distance: 12.727922061357855
Generation: 170; 
d: 12.727922061357855; energy: -33.0; 2,2,0,0,0,2,0,0,0,0,2,1,2,2,1,2,2,2,2,0,1,2,0,0,1,2,1,2,2,0,1,1,1,1,2,1,0,1,0,0,0,1,0,1,0,1,0,0,2,0,2,2,1,1,0,0,1,2,2,0,0,0,0,2,0,1,0,0,0,0,0,2,0,0,1,1,0,0,1,2,1,0,2,2,1,2,1,1,2,2,0,2,2,0,2,2,0
Best fitness found so far: -33.0; distance: 12.727922061357855
Generation: 171; 
d: 12.727922061357855; energy: -33.0; 2,2,0,0,0,2,0,0,0,0,2,1,2,2,1,2,2,2,2,0,1,2,0,0,1,2,1,2,2,0,1,1,1,1,2,1,0,1,0,0,0,1,0,1,0,1,0,0,2,0,2,2,1,1,0,0,1,2,2,0,0,0,0,2,0,1,0,0,0,0,0,2,0,0,1,1,0,0,1,0,1,0,2,2,1,2,1,1,2,2,0,2,2,0,2,2,1
Best fitness found so far: -33.0; distance: 12.727922061357855
Generation: 172; 
d: 12.727922061357855; energy: -33.0; 2,2,0,0,0,2,0,0,0,0,2,1,2,2,1,2,2,2,2,0,1,2,0,0,1,2,1,2,2,0,1,1,1,1,2,1,0,1,0,0,0,1,0,1,0,1,0,0,2,0,2,2,1,1,0,0,1,2,2,0,0,0,0,2,0,1,0,0,0,0,0,2,0,0,1,1,0,0,1,0,1,0,2,2,1,2,1,1,2,2,0,2,2,0,2,2,1
Best fitness found so far: -33.0; distance: 12.727922061357855
Generation: 173; 
d: 12.727922061357855; energy: -33.0; 2,2,0,0,0,2,0,0,0,0,2,1,2,2,1,2,2,2,2,0,1,2,0,0,1,2,1,2,2,0,1,1,1,1,2,1,0,1,0,0,0,1,0,1,0,1,0,0,2,0,2,2,1,1,0,0,1,2,2,0,0,0,0,2,0,1,0,0,0,0,0,2,0,0,1,1,0,0,1,2,1,0,2,2,1,2,1,1,2,2,0,2,2,0,2,2,0
Best fitness found so far: -33.0; distance: 12.727922061357855
Generation: 174; 
d: 12.727922061357855; energy: -33.0; 2,2,0,0,0,2,0,0,0,0,2,1,2,2,1,2,2,2,2,0,1,2,0,0,1,2,1,2,2,0,1,1,1,1,2,1,0,1,0,0,0,1,0,1,0,1,0,0,2,0,2,2,1,1,0,0,1,2,2,0,0,0,0,2,0,1,0,0,0,0,0,2,0,0,1,1,0,0,1,2,1,0,2,2,1,2,1,1,2,2,0,2,2,0,2,2,0
Best fitness found so far: -33.0; distance: 12.727922061357855
Generation: 175; 
d: 12.727922061357855; energy: -33.0; 2,2,0,0,0,2,0,0,0,0,0,1,2,2,1,2,2,2,2,0,1,2,0,0,1,2,1,2,2,0,1,1,1,1,2,1,0,1,0,0,0,1,0,1,0,1,0,0,2,0,2,2,1,1,0,0,1,2,2,0,0,0,0,2,0,1,0,0,0,0,0,2,0,0,1,1,0,0,1,2,1,0,2,2,1,2,1,1,0,2,0,2,2,0,2,2,0
Best fitness found so far: -33.0; distance: 12.727922061357855
Generation: 176; 
d: 12.727922061357855; energy: -33.0; 2,2,0,0,0,2,0,0,0,0,0,1,2,2,1,2,2,2,2,0,1,2,0,0,1,2,1,2,2,0,1,1,1,1,2,1,0,1,0,0,0,1,0,1,0,1,0,0,2,0,2,2,1,1,0,0,1,2,2,0,0,0,0,2,0,1,0,0,0,0,0,2,0,0,1,1,0,0,1,2,1,0,2,2,1,2,1,1,0,2,0,2,2,0,2,2,0
Best fitness found so far: -33.0; distance: 12.727922061357855
Generation: 177; 
d: 12.727922061357855; energy: -33.0; 2,2,2,0,0,2,0,0,0,0,2,1,2,2,1,2,2,2,2,2,1,2,0,0,1,2,1,2,2,0,1,1,1,1,2,1,0,1,0,0,0,1,0,1,0,1,0,0,2,0,2,2,1,1,0,0,1,2,2,0,0,0,0,2,0,1,0,0,0,0,0,2,0,0,1,1,0,0,1,2,1,0,2,2,1,2,1,1,2,2,0,2,2,0,2,2,0
Best fitness found so far: -33.0; distance: 12.727922061357855
Generation: 178; 
d: 12.727922061357855; energy: -33.0; 2,2,2,0,0,2,0,0,0,0,2,1,2,2,1,2,2,2,2,2,1,2,0,0,1,2,1,2,2,0,1,1,1,1,2,1,0,1,0,0,0,1,0,1,0,1,0,0,2,0,2,2,1,1,0,0,1,2,2,0,0,0,0,2,0,1,0,0,0,0,0,2,0,0,1,1,0,0,1,2,1,0,2,2,1,2,1,1,2,2,0,2,2,0,2,2,0
Best fitness found so far: -33.0; distance: 12.727922061357855
Generation: 179; 
d: 12.727922061357855; energy: -33.0; 2,2,2,0,0,2,0,0,0,0,2,1,2,2,1,2,2,2,2,0,1,2,0,0,1,2,1,2,2,0,1,1,1,1,2,1,0,1,0,0,0,1,0,1,0,1,0,0,2,0,2,2,1,1,0,0,1,2,2,0,0,0,0,2,0,1,0,0,0,0,0,2,0,0,1,1,0,0,1,2,1,0,2,2,1,2,1,1,2,2,0,2,2,0,2,2,0
Best fitness found so far: -33.0; distance: 12.727922061357855
Generation: 180; 
d: 12.727922061357855; energy: -33.0; 2,2,2,0,0,2,0,0,0,0,2,1,2,2,1,2,2,2,2,0,1,2,0,0,1,2,1,2,2,0,1,1,1,1,2,1,0,1,0,0,0,1,0,1,0,1,0,0,2,0,2,2,1,1,0,0,1,2,2,0,0,0,0,2,0,1,0,0,0,0,0,2,0,0,1,1,0,0,1,2,1,0,2,2,1,2,1,1,2,2,0,2,2,0,2,2,0
Best fitness found so far: -33.0; distance: 12.727922061357855
Generation: 181; 
d: 12.727922061357855; energy: -33.0; 2,2,0,0,0,2,0,0,0,0,2,1,2,2,1,2,2,2,2,0,1,2,0,0,1,2,1,2,2,0,1,1,1,1,2,1,0,1,0,0,0,1,0,1,0,1,0,0,2,0,2,2,1,1,0,0,1,2,2,0,0,0,0,2,0,1,0,0,0,0,0,2,0,0,1,1,0,0,1,2,1,0,2,2,1,2,1,1,2,2,0,2,2,0,2,2,0
Best fitness found so far: -33.0; distance: 12.727922061357855
Generation: 182; 
d: 12.727922061357855; energy: -33.0; 2,2,0,0,0,2,0,0,0,0,2,1,2,2,1,2,2,2,2,0,1,2,0,0,1,2,1,2,2,0,1,1,1,1,2,1,0,1,0,0,0,1,0,1,0,1,0,0,2,0,2,2,1,1,0,0,1,2,2,0,0,0,0,2,0,1,0,0,0,0,0,2,0,0,1,1,0,0,1,2,1,0,2,2,1,2,1,1,2,2,0,2,2,0,2,2,0
Best fitness found so far: -33.0; distance: 12.727922061357855
Generation: 183; 
d: 12.727922061357855; energy: -33.0; 2,2,0,0,0,2,0,0,0,0,2,1,2,2,1,2,2,2,2,0,1,2,0,0,1,2,1,2,2,0,1,1,1,1,2,1,0,1,0,0,0,1,0,1,0,1,0,0,2,0,2,2,1,1,0,0,1,2,2,0,0,0,0,2,0,1,0,0,0,0,0,2,0,0,1,1,0,0,1,2,1,0,2,2,1,2,1,1,2,2,0,2,2,0,2,2,1
Best fitness found so far: -33.0; distance: 12.727922061357855
Generation: 184; 
d: 12.727922061357855; energy: -33.0; 2,2,0,0,0,2,0,0,0,0,2,1,2,2,1,2,2,2,2,0,1,2,0,0,1,2,1,2,2,0,1,1,1,1,2,1,0,1,0,0,0,1,0,1,0,1,0,0,2,0,2,2,1,1,0,0,1,2,2,0,0,0,0,2,0,1,0,0,0,0,0,2,0,0,1,1,0,0,1,2,1,0,2,2,1,2,1,1,2,2,0,2,2,0,2,2,1
Best fitness found so far: -33.0; distance: 12.727922061357855
Generation: 185; 
d: 12.727922061357855; energy: -33.0; 2,2,0,0,0,2,0,0,0,0,2,1,2,2,1,2,2,2,2,0,1,2,0,0,1,2,1,2,2,0,1,1,1,1,2,1,0,1,0,0,0,1,0,1,0,1,0,0,2,0,2,2,1,1,0,0,1,2,2,0,0,0,0,2,0,1,0,0,0,0,0,2,0,0,1,1,0,0,1,2,1,0,2,2,1,2,1,1,2,2,0,2,2,0,2,2,0
Best fitness found so far: -33.0; distance: 12.727922061357855
Generation: 186; 
d: 12.727922061357855; energy: -33.0; 2,2,0,0,0,2,0,0,0,0,2,1,2,2,1,2,2,2,2,0,1,2,0,0,1,2,1,2,2,0,1,1,1,1,2,1,0,1,0,0,0,1,0,1,0,1,0,0,2,0,2,2,1,1,0,0,1,2,2,0,0,0,0,2,0,1,0,0,0,0,0,2,0,0,1,1,0,0,1,2,1,0,2,2,1,2,1,1,2,2,0,2,2,0,2,2,0
Best fitness found so far: -33.0; distance: 12.727922061357855
Generation: 187; 
d: 12.727922061357855; energy: -33.0; 2,2,0,0,0,2,0,0,0,0,2,1,2,2,1,2,2,2,2,0,1,2,0,0,1,2,1,2,2,0,1,1,1,1,2,1,0,1,0,0,0,1,0,1,0,1,0,0,2,0,2,2,1,1,0,0,1,2,2,0,0,0,0,2,0,1,0,0,0,0,0,2,0,0,1,1,0,0,1,2,1,0,2,2,1,2,1,1,2,2,0,2,2,0,2,2,1
Best fitness found so far: -33.0; distance: 12.727922061357855
Generation: 188; 
d: 12.727922061357855; energy: -33.0; 2,2,0,0,0,2,0,0,0,0,2,1,2,2,1,2,2,2,2,0,1,2,0,0,1,2,1,2,2,0,1,1,1,1,2,1,0,1,0,0,0,1,0,1,0,1,0,0,2,0,2,2,1,1,0,0,1,2,2,0,0,0,0,2,0,1,0,0,0,0,0,2,0,0,1,1,0,0,1,2,1,0,2,2,1,2,1,1,2,2,0,2,2,0,2,2,1
Best fitness found so far: -33.0; distance: 12.727922061357855
Generation: 189; 
d: 12.727922061357855; energy: -33.0; 2,2,0,0,0,2,0,0,0,0,2,1,2,2,1,2,2,2,2,0,1,2,0,0,1,2,1,2,2,0,1,1,1,1,2,1,0,1,0,0,0,1,0,1,0,1,0,0,2,0,2,2,1,1,0,0,1,2,2,0,0,0,0,2,0,1,0,0,0,0,0,2,0,0,1,1,0,0,1,2,1,0,2,2,1,2,1,1,2,2,0,2,2,0,2,2,0
Best fitness found so far: -33.0; distance: 12.727922061357855
Generation: 190; 
d: 12.727922061357855; energy: -33.0; 2,2,0,0,0,2,0,0,0,0,2,1,2,2,1,2,2,2,2,0,1,2,0,0,1,2,1,2,2,0,1,1,1,1,2,1,0,1,0,0,0,1,0,1,0,1,0,0,2,0,2,2,1,1,0,0,1,2,2,0,0,0,0,2,0,1,0,0,0,0,0,2,0,0,1,1,0,0,1,2,1,0,2,2,1,2,1,1,2,2,0,2,2,0,2,2,0
Best fitness found so far: -33.0; distance: 12.727922061357855
Generation: 191; 
d: 12.727922061357855; energy: -33.0; 1,2,2,0,2,2,0,0,0,0,2,1,2,2,1,2,2,2,2,2,1,2,0,0,1,2,1,2,2,0,1,1,1,1,2,1,0,1,0,0,0,1,0,1,0,1,0,0,2,0,2,2,1,1,0,0,1,2,2,0,0,0,0,2,0,1,0,0,0,0,0,2,0,0,1,1,0,0,1,2,1,0,2,2,1,2,1,1,2,2,0,2,2,0,2,2,0
Best fitness found so far: -33.0; distance: 12.727922061357855
Generation: 192; 
d: 12.727922061357855; energy: -33.0; 1,2,2,0,2,2,0,0,0,0,2,1,2,2,1,2,2,2,2,2,1,2,0,0,1,2,1,2,2,0,1,1,1,1,2,1,0,1,0,0,0,1,0,1,0,1,0,0,2,0,2,2,1,1,0,0,1,2,2,0,0,0,0,2,0,1,0,0,0,0,0,2,0,0,1,1,0,0,1,2,1,0,2,2,1,2,1,1,2,2,0,2,2,0,2,2,0
Best fitness found so far: -33.0; distance: 12.727922061357855
Generation: 193; 
d: 12.727922061357855; energy: -33.0; 2,2,0,0,0,2,0,0,0,0,2,1,2,2,1,2,2,2,2,0,1,2,0,0,1,2,1,2,2,0,1,1,1,1,2,1,0,1,0,0,0,1,0,1,0,1,0,0,2,0,2,2,1,1,0,0,1,2,2,0,0,0,0,2,0,1,0,0,0,0,0,2,0,0,1,1,0,0,0,0,1,0,2,2,1,2,1,1,2,2,0,2,2,0,2,2,0
Best fitness found so far: -33.0; distance: 12.727922061357855
Generation: 194; 
d: 12.727922061357855; energy: -33.0; 2,2,0,0,0,2,0,0,0,0,2,1,2,2,1,2,2,2,2,0,1,2,0,0,1,2,1,2,2,0,1,1,1,1,2,1,0,1,0,0,0,1,0,1,0,1,0,0,2,0,2,2,1,1,0,0,1,2,2,0,0,0,0,2,0,1,0,0,0,0,0,2,0,0,1,1,0,0,0,0,1,0,2,2,1,2,1,1,2,2,0,2,2,0,2,2,0
Best fitness found so far: -33.0; distance: 12.727922061357855
Generation: 195; 
d: 12.727922061357855; energy: -33.0; 2,2,0,0,0,2,0,0,0,0,2,1,2,2,1,2,2,2,2,0,1,2,0,0,1,2,1,2,2,0,1,1,1,1,2,1,0,1,0,0,0,1,0,1,0,1,0,0,2,0,2,2,1,1,0,0,1,2,2,0,0,0,0,2,0,1,0,0,0,0,0,2,0,0,1,1,0,0,1,2,1,0,2,2,1,2,1,1,2,2,0,2,2,0,2,2,1
Best fitness found so far: -33.0; distance: 12.727922061357855
Generation: 196; 
d: 12.727922061357855; energy: -33.0; 2,2,0,0,0,2,0,0,0,0,2,1,2,2,1,2,2,2,2,0,1,2,0,0,1,2,1,2,2,0,1,1,1,1,2,1,0,1,0,0,0,1,0,1,0,1,0,0,2,0,2,2,1,1,0,0,1,2,2,0,0,0,0,2,0,1,0,0,0,0,0,2,0,0,1,1,0,0,1,2,1,0,2,2,1,2,1,1,2,2,0,2,2,0,2,2,1
Best fitness found so far: -33.0; distance: 12.727922061357855
Generation: 197; 
d: 12.727922061357855; energy: -33.0; 2,2,0,0,0,2,0,0,0,0,2,1,2,2,1,2,2,2,2,0,1,2,0,0,1,2,1,2,2,0,1,1,1,1,2,1,0,1,0,0,0,1,0,1,0,1,0,0,2,0,2,2,1,1,0,0,1,2,2,0,0,0,0,2,0,1,0,0,0,0,0,2,0,0,1,1,0,0,1,2,1,0,2,2,1,2,0,1,2,2,0,2,2,0,2,2,0
Best fitness found so far: -33.0; distance: 12.727922061357855
Generation: 198; 
d: 16.15549442140351; energy: -34.0; 2,2,0,0,0,2,0,0,0,0,2,1,2,2,1,2,2,2,2,0,1,2,0,0,1,2,1,2,2,0,1,1,1,1,2,1,0,1,0,0,0,1,0,1,0,1,0,0,2,0,2,2,1,1,0,0,1,2,1,1,2,2,2,0,2,1,0,0,0,0,0,2,0,0,1,1,0,0,0,0,1,0,2,2,1,2,1,1,2,2,0,2,2,0,2,2,1
Best fitness found so far: -34.0; distance: 16.15549442140351
Generation: 199; 
d: 16.15549442140351; energy: -34.0; 2,2,0,0,0,2,0,0,0,0,2,1,2,2,1,2,2,2,2,0,1,2,0,0,1,2,1,2,2,0,1,1,1,1,2,1,0,1,0,0,0,1,0,1,0,1,0,0,2,0,2,2,1,1,0,0,1,2,1,1,2,2,2,0,2,1,0,0,0,0,0,2,0,0,1,1,0,0,0,0,1,0,2,2,1,2,1,1,2,2,0,2,2,0,2,2,1
Best fitness found so far: -34.0; distance: 16.15549442140351
Generation: 200; 
d: 12.727922061357855; energy: -33.0; 2,2,0,0,0,2,0,0,0,0,2,1,2,2,1,2,2,2,2,0,1,2,0,0,1,2,1,2,2,0,1,1,1,1,2,1,0,1,0,0,0,1,0,1,0,1,0,0,2,0,2,2,1,1,0,0,1,2,2,0,0,0,0,2,0,1,0,0,0,0,0,2,0,0,1,1,0,0,1,2,1,0,2,2,1,2,1,1,0,2,0,2,2,0,2,2,0
Best fitness found so far: -34.0; distance: 16.15549442140351
Generation: 201; 
d: 12.727922061357855; energy: -33.0; 2,2,0,0,0,2,0,0,0,0,2,1,2,2,1,2,2,2,2,0,1,2,0,0,1,2,1,2,2,0,1,1,1,1,2,1,0,1,0,0,0,1,0,1,0,1,0,0,2,0,2,2,1,1,0,0,1,2,2,0,0,0,0,2,0,1,0,0,0,0,0,2,0,0,1,1,0,0,0,0,1,0,2,2,1,2,1,1,2,2,0,2,2,0,2,2,1
Best fitness found so far: -34.0; distance: 16.15549442140351
Generation: 202; 
d: 12.727922061357855; energy: -33.0; 2,2,0,0,0,2,0,0,0,0,2,1,2,2,1,2,2,2,2,0,1,2,0,0,1,2,1,2,2,0,1,1,1,1,2,1,0,1,0,0,0,1,0,1,0,1,0,0,2,0,2,2,1,1,0,0,1,2,2,0,0,0,0,2,0,1,0,0,0,0,0,2,0,0,1,1,0,0,0,0,1,0,2,2,1,2,1,1,2,2,0,2,2,0,2,2,1
Best fitness found so far: -34.0; distance: 16.15549442140351
