#
# There is insufficient memory for the Java Runtime Environment to continue.
# Native memory allocation (mmap) failed to map 209715200 bytes for committing reserved memory.
# Possible reasons:
#   The system is out of physical RAM or swap space
#   In 32 bit mode, the process size limit was hit
# Possible solutions:
#   Reduce memory load on the system
#   Increase physical memory or swap space
#   Check if swap backing store is full
#   Use 64 bit Java on a 64 bit OS
#   Decrease Java heap size (-Xmx/-Xms)
#   Decrease number of Java threads
#   Decrease Java thread stack sizes (-Xss)
#   Set larger code cache with -XX:ReservedCodeCacheSize=
# This output file may be truncated or incomplete.
#
#  Out of Memory Error (os_linux.cpp:2673), pid=8105, tid=140213415233280
#
# JRE version: Java(TM) SE Runtime Environment (8.0_45-b14) (build 1.8.0_45-b14)
# Java VM: Java HotSpot(TM) 64-Bit Server VM (25.45-b02 mixed mode linux-amd64 compressed oops)
# Failed to write core dump. Core dumps have been disabled. To enable core dumping, try "ulimit -c unlimited" before starting Java again
#

---------------  T H R E A D  ---------------

Current thread (0x00007f86383c6000):  VMThread [stack: 0x00007f85fabec000,0x00007f85faced000] [id=8130]

Stack: [0x00007f85fabec000,0x00007f85faced000],  sp=0x00007f85faceafe0,  free space=1019k
Native frames: (J=compiled Java code, j=interpreted, Vv=VM code, C=native code)
V  [libjvm.so+0xaac99a]  VMError::report_and_die()+0x2ba
V  [libjvm.so+0x4f333b]  report_vm_out_of_memory(char const*, int, unsigned long, VMErrorType, char const*)+0x8b
V  [libjvm.so+0x90e7c3]  os::Linux::commit_memory_impl(char*, unsigned long, bool)+0x103
V  [libjvm.so+0x90ed19]  os::pd_commit_memory(char*, unsigned long, unsigned long, bool)+0x29
V  [libjvm.so+0x90867a]  os::commit_memory(char*, unsigned long, unsigned long, bool)+0x2a
V  [libjvm.so+0x97bac3]  PSVirtualSpace::expand_by(unsigned long)+0x53
V  [libjvm.so+0x97cec8]  PSYoungGen::resize_generation(unsigned long, unsigned long)+0xf8
V  [libjvm.so+0x97c022]  PSYoungGen::resize(unsigned long, unsigned long)+0x22
V  [libjvm.so+0x9792fb]  PSScavenge::invoke_no_policy()+0xf7b
V  [libjvm.so+0x979a81]  PSScavenge::invoke()+0x41
V  [libjvm.so+0x932050]  ParallelScavengeHeap::failed_mem_allocate(unsigned long)+0x70
V  [libjvm.so+0xaae1d7]  VM_ParallelGCFailedAllocation::doit()+0x97
V  [libjvm.so+0xab59c5]  VM_Operation::evaluate()+0x55
V  [libjvm.so+0xab3d9a]  VMThread::evaluate_operation(VM_Operation*)+0xba
V  [libjvm.so+0xab411e]  VMThread::loop()+0x1ce
V  [libjvm.so+0xab4590]  VMThread::run()+0x70
V  [libjvm.so+0x910de8]  java_start(Thread*)+0x108

VM_Operation (0x00007f85f9111210): ParallelGCFailedAllocation, mode: safepoint, requested by thread 0x00007f86384ba800


---------------  P R O C E S S  ---------------

Java Threads: ( => current thread )
  0x00007f86384ba800 JavaThread "pool-1-thread-1" [_thread_blocked, id=8151, stack(0x00007f85f9012000,0x00007f85f9113000)]
  0x00007f8638429000 JavaThread "Service Thread" daemon [_thread_blocked, id=8149, stack(0x00007f85f9321000,0x00007f85f9422000)]
  0x00007f8638424000 JavaThread "C1 CompilerThread14" daemon [_thread_blocked, id=8148, stack(0x00007f85f9422000,0x00007f85f9523000)]
  0x00007f8638422800 JavaThread "C1 CompilerThread13" daemon [_thread_blocked, id=8147, stack(0x00007f85f9523000,0x00007f85f9624000)]
  0x00007f8638420000 JavaThread "C1 CompilerThread12" daemon [_thread_blocked, id=8146, stack(0x00007f85f9624000,0x00007f85f9725000)]
  0x00007f863841e000 JavaThread "C1 CompilerThread11" daemon [_thread_blocked, id=8145, stack(0x00007f85f9725000,0x00007f85f9826000)]
  0x00007f863841c000 JavaThread "C1 CompilerThread10" daemon [_thread_blocked, id=8144, stack(0x00007f85f9826000,0x00007f85f9927000)]
  0x00007f863841a000 JavaThread "C2 CompilerThread9" daemon [_thread_blocked, id=8143, stack(0x00007f85f9927000,0x00007f85f9a28000)]
  0x00007f8638418000 JavaThread "C2 CompilerThread8" daemon [_thread_blocked, id=8142, stack(0x00007f85f9a28000,0x00007f85f9b29000)]
  0x00007f8638416000 JavaThread "C2 CompilerThread7" daemon [_thread_blocked, id=8141, stack(0x00007f85f9b29000,0x00007f85f9c2a000)]
  0x00007f8638413800 JavaThread "C2 CompilerThread6" daemon [_thread_blocked, id=8140, stack(0x00007f85f9c2a000,0x00007f85f9d2b000)]
  0x00007f8638412000 JavaThread "C2 CompilerThread5" daemon [_thread_blocked, id=8139, stack(0x00007f85f9d2b000,0x00007f85f9e2c000)]
  0x00007f863840f800 JavaThread "C2 CompilerThread4" daemon [_thread_blocked, id=8138, stack(0x00007f85f9e2c000,0x00007f85f9f2d000)]
  0x00007f863840d800 JavaThread "C2 CompilerThread3" daemon [_thread_blocked, id=8137, stack(0x00007f85f9f2d000,0x00007f85fa02e000)]
  0x00007f863840b800 JavaThread "C2 CompilerThread2" daemon [_thread_blocked, id=8136, stack(0x00007f85fa02e000,0x00007f85fa12f000)]
  0x00007f8638409800 JavaThread "C2 CompilerThread1" daemon [_thread_blocked, id=8135, stack(0x00007f85fa12f000,0x00007f85fa230000)]
  0x00007f8638406800 JavaThread "C2 CompilerThread0" daemon [_thread_blocked, id=8134, stack(0x00007f85fa230000,0x00007f85fa331000)]
  0x00007f8638405000 JavaThread "Signal Dispatcher" daemon [_thread_blocked, id=8133, stack(0x00007f85fa331000,0x00007f85fa432000)]
  0x00007f86383cd000 JavaThread "Finalizer" daemon [_thread_blocked, id=8132, stack(0x00007f85fa9ea000,0x00007f85faaeb000)]
  0x00007f86383cb000 JavaThread "Reference Handler" daemon [_thread_blocked, id=8131, stack(0x00007f85faaeb000,0x00007f85fabec000)]
  0x00007f863800a800 JavaThread "main" [_thread_blocked, id=8106, stack(0x00007f863e104000,0x00007f863e205000)]

Other Threads:
=>0x00007f86383c6000 VMThread [stack: 0x00007f85fabec000,0x00007f85faced000] [id=8130]
  0x00007f863842b800 WatcherThread [stack: 0x00007f85f9220000,0x00007f85f9321000] [id=8150]

VM state:at safepoint (normal execution)

VM Mutex/Monitor currently owned by a thread:  ([mutex/lock_event])
[0x00007f86380060e0] Threads_lock - owner thread: 0x00007f86383c6000
[0x00007f86380065e0] Heap_lock - owner thread: 0x00007f86384ba800

Heap:
 PSYoungGen      total 980480K, used 91712K [0x00000006f4900000, 0x0000000736780000, 0x00000007c0000000)
  eden space 881152K, 0% used [0x00000006f4900000,0x00000006f4900000,0x000000072a580000)
  from space 99328K, 92% used [0x000000072a580000,0x000000072ff10000,0x0000000730680000)
  to   space 93184K, 0% used [0x0000000730c80000,0x0000000730c80000,0x0000000736780000)
 ParOldGen       total 457216K, used 239975K [0x000000055da00000, 0x0000000579880000, 0x00000006f4900000)
  object space 457216K, 52% used [0x000000055da00000,0x000000056c459c80,0x0000000579880000)
 Metaspace       used 5402K, capacity 5594K, committed 5888K, reserved 1056768K
  class space    used 584K, capacity 667K, committed 768K, reserved 1048576K

Card table byte_map: [0x00007f862688d000,0x00007f8627ba1000] byte_map_base: 0x00007f8623da0000

Marking Bits: (ParMarkBitMap*) 0x00007f863d5fd760
 Begin Bits: [0x00007f860948f000, 0x00007f8612d27000)
 End Bits:   [0x00007f8612d27000, 0x00007f861c5bf000)

Polling page: 0x00007f863e244000

CodeCache: size=245760Kb used=5815Kb max_used=6291Kb free=239944Kb
 bounds [0x00007f8627f61000, 0x00007f86285b1000, 0x00007f8636f61000]
 total_blobs=1221 nmethods=924 adapters=209
 compilation: enabled

Compilation events (10 events):
Event: 371737,610 Thread 0x00007f8638424000 1205       3       edu.ufpr.cbio.psp.algorithms.hyperheuristic.lowlevelheuristic.LowLevelHeuristic::reinitialize (16 bytes)
Event: 371737,611 Thread 0x00007f8638424000 nmethod 1205 0x00007f862837e050 code [0x00007f862837e1a0, 0x00007f862837e310]
Event: 392601,379 Thread 0x00007f8638416000 1206 %     4       edu.ufpr.cbio.psp.problem.PSPProblem::removeDominateds @ 42 (184 bytes)
Event: 392601,399 Thread 0x00007f8638416000 nmethod 1206% 0x00007f862839ef10 code [0x00007f862839f100, 0x00007f862839fa18]
Event: 424707,797 Thread 0x00007f863840f800 1207 %     4       edu.ufpr.cbio.psp.problem.PSPProblem::removeDominateds @ 26 (184 bytes)
Event: 424707,812 Thread 0x00007f863840f800 nmethod 1207% 0x00007f86284db190 code [0x00007f86284db320, 0x00007f86284db858]
Event: 487643,429 Thread 0x00007f8638416000 1208       4       edu.ufpr.cbio.psp.problem.PSPProblem::removeDominateds (184 bytes)
Event: 487643,445 Thread 0x00007f8638416000 nmethod 1208 0x00007f86284a9e10 code [0x00007f86284a9fc0, 0x00007f86284aa758]
Event: 553553,976 Thread 0x00007f863841c000 1209       3       java.util.HashMap$TreeNode::split (218 bytes)
Event: 553553,977 Thread 0x00007f863841c000 nmethod 1209 0x00007f862839d550 code [0x00007f862839d780, 0x00007f862839e6d8]

GC Heap History (10 events):
Event: 593622,945 GC heap after
Heap after GC invocations=50487 (full 81):
 PSYoungGen      total 734720K, used 17856K [0x00000006f4900000, 0x000000072fa00000, 0x00000007c0000000)
  eden space 612352K, 0% used [0x00000006f4900000,0x00000006f4900000,0x0000000719f00000)
  from space 122368K, 14% used [0x0000000721300000,0x0000000722470000,0x0000000728a80000)
  to   space 118784K, 0% used [0x0000000719f00000,0x0000000719f00000,0x0000000721300000)
 ParOldGen       total 457216K, used 204918K [0x000000055da00000, 0x0000000579880000, 0x00000006f4900000)
  object space 457216K, 44% used [0x000000055da00000,0x000000056a21d820,0x0000000579880000)
 Metaspace       used 5402K, capacity 5594K, committed 5888K, reserved 1056768K
  class space    used 584K, capacity 667K, committed 768K, reserved 1048576K
}
Event: 593635,615 GC heap before
{Heap before GC invocations=50488 (full 81):
 PSYoungGen      total 734720K, used 630208K [0x00000006f4900000, 0x000000072fa00000, 0x00000007c0000000)
  eden space 612352K, 100% used [0x00000006f4900000,0x0000000719f00000,0x0000000719f00000)
  from space 122368K, 14% used [0x0000000721300000,0x0000000722470000,0x0000000728a80000)
  to   space 118784K, 0% used [0x0000000719f00000,0x0000000719f00000,0x0000000721300000)
 ParOldGen       total 457216K, used 204918K [0x000000055da00000, 0x0000000579880000, 0x00000006f4900000)
  object space 457216K, 44% used [0x000000055da00000,0x000000056a21d820,0x0000000579880000)
 Metaspace       used 5402K, capacity 5594K, committed 5888K, reserved 1056768K
  class space    used 584K, capacity 667K, committed 768K, reserved 1048576K
Event: 593635,753 GC heap after
Heap after GC invocations=50488 (full 81):
 PSYoungGen      total 731136K, used 8320K [0x00000006f4900000, 0x000000072fa80000, 0x00000007c0000000)
  eden space 612352K, 0% used [0x00000006f4900000,0x00000006f4900000,0x0000000719f00000)
  from space 118784K, 7% used [0x0000000719f00000,0x000000071a720000,0x0000000721300000)
  to   space 116736K, 0% used [0x0000000728880000,0x0000000728880000,0x000000072fa80000)
 ParOldGen       total 457216K, used 204990K [0x000000055da00000, 0x0000000579880000, 0x00000006f4900000)
  object space 457216K, 44% used [0x000000055da00000,0x000000056a22f820,0x0000000579880000)
 Metaspace       used 5402K, capacity 5594K, committed 5888K, reserved 1056768K
  class space    used 584K, capacity 667K, committed 768K, reserved 1048576K
}
Event: 593647,738 GC heap before
{Heap before GC invocations=50489 (full 81):
 PSYoungGen      total 731136K, used 620672K [0x00000006f4900000, 0x000000072fa80000, 0x00000007c0000000)
  eden space 612352K, 100% used [0x00000006f4900000,0x0000000719f00000,0x0000000719f00000)
  from space 118784K, 7% used [0x0000000719f00000,0x000000071a720000,0x0000000721300000)
  to   space 116736K, 0% used [0x0000000728880000,0x0000000728880000,0x000000072fa80000)
 ParOldGen       total 457216K, used 204990K [0x000000055da00000, 0x0000000579880000, 0x00000006f4900000)
  object space 457216K, 44% used [0x000000055da00000,0x000000056a22f820,0x0000000579880000)
 Metaspace       used 5402K, capacity 5594K, committed 5888K, reserved 1056768K
  class space    used 584K, capacity 667K, committed 768K, reserved 1048576K
Event: 593647,917 GC heap after
Heap after GC invocations=50489 (full 81):
 PSYoungGen      total 836096K, used 35200K [0x00000006f4900000, 0x000000072eb80000, 0x00000007c0000000)
  eden space 734720K, 0% used [0x00000006f4900000,0x00000006f4900000,0x0000000721680000)
  from space 101376K, 34% used [0x0000000728880000,0x000000072aae0000,0x000000072eb80000)
  to   space 109056K, 0% used [0x0000000721680000,0x0000000721680000,0x0000000728100000)
 ParOldGen       total 457216K, used 207101K [0x000000055da00000, 0x0000000579880000, 0x00000006f4900000)
  object space 457216K, 45% used [0x000000055da00000,0x000000056a43f400,0x0000000579880000)
 Metaspace       used 5402K, capacity 5594K, committed 5888K, reserved 1056768K
  class space    used 584K, capacity 667K, committed 768K, reserved 1048576K
}
Event: 593660,954 GC heap before
{Heap before GC invocations=50490 (full 81):
 PSYoungGen      total 836096K, used 769920K [0x00000006f4900000, 0x000000072eb80000, 0x00000007c0000000)
  eden space 734720K, 100% used [0x00000006f4900000,0x0000000721680000,0x0000000721680000)
  from space 101376K, 34% used [0x0000000728880000,0x000000072aae0000,0x000000072eb80000)
  to   space 109056K, 0% used [0x0000000721680000,0x0000000721680000,0x0000000728100000)
 ParOldGen       total 457216K, used 207101K [0x000000055da00000, 0x0000000579880000, 0x00000006f4900000)
  object space 457216K, 45% used [0x000000055da00000,0x000000056a43f400,0x0000000579880000)
 Metaspace       used 5402K, capacity 5594K, committed 5888K, reserved 1056768K
  class space    used 584K, capacity 667K, committed 768K, reserved 1048576K
Event: 593661,101 GC heap after
Heap after GC invocations=50490 (full 81):
 PSYoungGen      total 843776K, used 18528K [0x00000006f4900000, 0x0000000737380000, 0x00000007c0000000)
  eden space 734720K, 0% used [0x00000006f4900000,0x00000006f4900000,0x0000000721680000)
  from space 109056K, 16% used [0x0000000721680000,0x0000000722898000,0x0000000728100000)
  to   space 105472K, 0% used [0x0000000730c80000,0x0000000730c80000,0x0000000737380000)
 ParOldGen       total 457216K, used 239951K [0x000000055da00000, 0x0000000579880000, 0x00000006f4900000)
  object space 457216K, 52% used [0x000000055da00000,0x000000056c453c80,0x0000000579880000)
 Metaspace       used 5402K, capacity 5594K, committed 5888K, reserved 1056768K
  class space    used 584K, capacity 667K, committed 768K, reserved 1048576K
}
Event: 593673,583 GC heap before
{Heap before GC invocations=50491 (full 81):
 PSYoungGen      total 843776K, used 753248K [0x00000006f4900000, 0x0000000737380000, 0x00000007c0000000)
  eden space 734720K, 100% used [0x00000006f4900000,0x0000000721680000,0x0000000721680000)
  from space 109056K, 16% used [0x0000000721680000,0x0000000722898000,0x0000000728100000)
  to   space 105472K, 0% used [0x0000000730c80000,0x0000000730c80000,0x0000000737380000)
 ParOldGen       total 457216K, used 239951K [0x000000055da00000, 0x0000000579880000, 0x00000006f4900000)
  object space 457216K, 52% used [0x000000055da00000,0x000000056c453c80,0x0000000579880000)
 Metaspace       used 5402K, capacity 5594K, committed 5888K, reserved 1056768K
  class space    used 584K, capacity 667K, committed 768K, reserved 1048576K
Event: 593673,741 GC heap after
Heap after GC invocations=50491 (full 81):
 PSYoungGen      total 974336K, used 37920K [0x00000006f4900000, 0x0000000736780000, 0x00000007c0000000)
  eden space 881152K, 0% used [0x00000006f4900000,0x00000006f4900000,0x000000072a580000)
  from space 93184K, 40% used [0x0000000730c80000,0x0000000733188000,0x0000000736780000)
  to   space 99328K, 0% used [0x000000072a580000,0x000000072a580000,0x0000000730680000)
 ParOldGen       total 457216K, used 239959K [0x000000055da00000, 0x0000000579880000, 0x00000006f4900000)
  object space 457216K, 52% used [0x000000055da00000,0x000000056c455c80,0x0000000579880000)
 Metaspace       used 5402K, capacity 5594K, committed 5888K, reserved 1056768K
  class space    used 584K, capacity 667K, committed 768K, reserved 1048576K
}
Event: 593686,111 GC heap before
{Heap before GC invocations=50492 (full 81):
 PSYoungGen      total 974336K, used 919072K [0x00000006f4900000, 0x0000000736780000, 0x00000007c0000000)
  eden space 881152K, 100% used [0x00000006f4900000,0x000000072a580000,0x000000072a580000)
  from space 93184K, 40% used [0x0000000730c80000,0x0000000733188000,0x0000000736780000)
  to   space 99328K, 0% used [0x000000072a580000,0x000000072a580000,0x0000000730680000)
 ParOldGen       total 457216K, used 239959K [0x000000055da00000, 0x0000000579880000, 0x00000006f4900000)
  object space 457216K, 52% used [0x000000055da00000,0x000000056c455c80,0x0000000579880000)
 Metaspace       used 5402K, capacity 5594K, committed 5888K, reserved 1056768K
  class space    used 584K, capacity 667K, committed 768K, reserved 1048576K

Deoptimization events (10 events):
Event: 24103,633 Thread 0x00007f86384ba800 Uncommon trap: reason=class_check action=maybe_recompile pc=0x00007f862847afe4 method=sun.nio.cs.StreamEncoder.writeBytes()V @ 120
Event: 24216,366 Thread 0x00007f86384ba800 Uncommon trap: reason=unstable_if action=reinterpret pc=0x00007f862839ea4c method=sun.misc.FloatingDecimal$BinaryToASCIIBuffer.dtoa(IJIZ)V @ 859
Event: 48126,482 Thread 0x00007f86384ba800 Uncommon trap: reason=class_check action=maybe_recompile pc=0x00007f862847afe4 method=sun.nio.cs.StreamEncoder.writeBytes()V @ 120
Event: 48126,487 Thread 0x00007f86384ba800 Uncommon trap: reason=class_check action=maybe_recompile pc=0x00007f862841e5dc method=java.io.BufferedWriter.flushBuffer()V @ 34
Event: 71134,589 Thread 0x00007f86384ba800 Uncommon trap: reason=class_check action=maybe_recompile pc=0x00007f862841e5dc method=java.io.BufferedWriter.flushBuffer()V @ 34
Event: 71134,607 Thread 0x00007f86384ba800 Uncommon trap: reason=unstable_if action=reinterpret pc=0x00007f86283904e8 method=sun.misc.FloatingDecimal.getBinaryToASCIIConverter(DZ)Lsun/misc/FloatingDecimal$BinaryToASCIIConverter; @ 76
Event: 71134,607 Thread 0x00007f86384ba800 Uncommon trap: reason=unstable_if action=reinterpret pc=0x00007f862849fbec method=sun.misc.FloatingDecimal$BinaryToASCIIBuffer.getChars([C)I @ 47
Event: 91805,129 Thread 0x00007f86384ba800 Uncommon trap: reason=class_check action=maybe_recompile pc=0x00007f862841e5dc method=java.io.BufferedWriter.flushBuffer()V @ 34
Event: 192561,600 Thread 0x00007f86384ba800 Uncommon trap: reason=unstable_if action=reinterpret pc=0x00007f86285679f8 method=java.util.ComparableTimSort.sort([Ljava/lang/Object;II[Ljava/lang/Object;II)V @ 41
Event: 195949,639 Thread 0x00007f86384ba800 Uncommon trap: reason=unstable_if action=reinterpret pc=0x00007f8628550ab4 method=java.util.HashMap.putVal(ILjava/lang/Object;Ljava/lang/Object;ZZ)Ljava/lang/Object; @ 109

Internal exceptions (9 events):
Event: 0,062 Thread 0x00007f863800a800 Exception <a 'java/lang/NoSuchMethodError': Method sun.misc.Unsafe.defineClass(Ljava/lang/String;[BII)Ljava/lang/Class; name or signature does not match> (0x00000006f4912a30) thrown at [/RE-WORK/workspace/8-2-build-linux-amd64/jdk8u45/3457/hotspot/src/sha
Event: 0,062 Thread 0x00007f863800a800 Exception <a 'java/lang/NoSuchMethodError': Method sun.misc.Unsafe.prefetchRead(Ljava/lang/Object;J)V name or signature does not match> (0x00000006f4912cc0) thrown at [/RE-WORK/workspace/8-2-build-linux-amd64/jdk8u45/3457/hotspot/src/share/vm/prims/jni.cp
Event: 0,184 Thread 0x00007f863800a800 Exception <a 'java/security/PrivilegedActionException'> (0x00000006f49d3b48) thrown at [/RE-WORK/workspace/8-2-build-linux-amd64/jdk8u45/3457/hotspot/src/share/vm/prims/jvm.cpp, line 1382]
Event: 0,184 Thread 0x00007f863800a800 Exception <a 'java/security/PrivilegedActionException'> (0x00000006f49d3d00) thrown at [/RE-WORK/workspace/8-2-build-linux-amd64/jdk8u45/3457/hotspot/src/share/vm/prims/jvm.cpp, line 1382]
Event: 0,185 Thread 0x00007f863800a800 Exception <a 'java/security/PrivilegedActionException'> (0x00000006f49d6598) thrown at [/RE-WORK/workspace/8-2-build-linux-amd64/jdk8u45/3457/hotspot/src/share/vm/prims/jvm.cpp, line 1382]
Event: 0,185 Thread 0x00007f863800a800 Exception <a 'java/security/PrivilegedActionException'> (0x00000006f49d6750) thrown at [/RE-WORK/workspace/8-2-build-linux-amd64/jdk8u45/3457/hotspot/src/share/vm/prims/jvm.cpp, line 1382]
Event: 0,431 Thread 0x00007f86384ba800 Exception <a 'java/lang/NoSuchFieldError': method resolution failed> (0x00000006f7659dc0) thrown at [/RE-WORK/workspace/8-2-build-linux-amd64/jdk8u45/3457/hotspot/src/share/vm/prims/methodHandles.cpp, line 1125]
Event: 0,444 Thread 0x00007f86384ba800 Exception <a 'java/lang/NoSuchFieldError': method resolution failed> (0x00000006f7668480) thrown at [/RE-WORK/workspace/8-2-build-linux-amd64/jdk8u45/3457/hotspot/src/share/vm/prims/methodHandles.cpp, line 1125]
Event: 24102,445 Thread 0x00007f86384ba800 Implicit null exception at 0x00007f86283b007c to 0x00007f86283b0119

Events (10 events):
Event: 593647,917 Executing VM operation: ParallelGCFailedAllocation done
Event: 593647,924 Executing VM operation: RevokeBias
Event: 593647,926 Executing VM operation: RevokeBias done
Event: 593660,954 Executing VM operation: ParallelGCFailedAllocation
Event: 593661,101 Executing VM operation: ParallelGCFailedAllocation done
Event: 593673,583 Executing VM operation: ParallelGCFailedAllocation
Event: 593673,741 Executing VM operation: ParallelGCFailedAllocation done
Event: 593673,748 Executing VM operation: RevokeBias
Event: 593673,752 Executing VM operation: RevokeBias done
Event: 593686,111 Executing VM operation: ParallelGCFailedAllocation


Dynamic libraries:
00400000-00401000 r-xp 00000000 00:2c 13572529                           /home/ppginf/vdfontoura/jdk1.8.0_45/bin/java
00600000-00601000 rw-p 00000000 00:2c 13572529                           /home/ppginf/vdfontoura/jdk1.8.0_45/bin/java
018c7000-018e8000 rw-p 00000000 00:00 0                                  [heap]
55da00000-579880000 rw-p 00000000 00:00 0 
579880000-6f4900000 ---p 00000000 00:00 0 
6f4900000-736780000 rw-p 00000000 00:00 0 
742f80000-7c0000000 ---p 00000000 00:00 0 
7c0000000-7c00c0000 rw-p 00000000 00:00 0 
7c00c0000-800000000 ---p 00000000 00:00 0 
7f850c000000-7f850c290000 rw-p 00000000 00:00 0 
7f850c290000-7f8510000000 ---p 00000000 00:00 0 
7f8514000000-7f8514021000 rw-p 00000000 00:00 0 
7f8514021000-7f8518000000 ---p 00000000 00:00 0 
7f8518000000-7f8518021000 rw-p 00000000 00:00 0 
7f8518021000-7f851c000000 ---p 00000000 00:00 0 
7f851c000000-7f851c1b9000 rw-p 00000000 00:00 0 
7f851c1b9000-7f8520000000 ---p 00000000 00:00 0 
7f8520000000-7f8520194000 rw-p 00000000 00:00 0 
7f8520194000-7f8524000000 ---p 00000000 00:00 0 
7f8524000000-7f85240a3000 rw-p 00000000 00:00 0 
7f85240a3000-7f8528000000 ---p 00000000 00:00 0 
7f8528000000-7f85280e0000 rw-p 00000000 00:00 0 
7f85280e0000-7f852c000000 ---p 00000000 00:00 0 
7f852c000000-7f852c7b3000 rw-p 00000000 00:00 0 
7f852c7b3000-7f8530000000 ---p 00000000 00:00 0 
7f8530000000-7f8530142000 rw-p 00000000 00:00 0 
7f8530142000-7f8534000000 ---p 00000000 00:00 0 
7f8534000000-7f8534611000 rw-p 00000000 00:00 0 
7f8534611000-7f8538000000 ---p 00000000 00:00 0 
7f8538000000-7f85384fe000 rw-p 00000000 00:00 0 
7f85384fe000-7f853c000000 ---p 00000000 00:00 0 
7f853c000000-7f853c16b000 rw-p 00000000 00:00 0 
7f853c16b000-7f8540000000 ---p 00000000 00:00 0 
7f8540000000-7f85403b2000 rw-p 00000000 00:00 0 
7f85403b2000-7f8544000000 ---p 00000000 00:00 0 
7f8544000000-7f8544eb5000 rw-p 00000000 00:00 0 
7f8544eb5000-7f8548000000 ---p 00000000 00:00 0 
7f8548000000-7f854838e000 rw-p 00000000 00:00 0 
7f854838e000-7f854c000000 ---p 00000000 00:00 0 
7f854c000000-7f854c9bb000 rw-p 00000000 00:00 0 
7f854c9bb000-7f8550000000 ---p 00000000 00:00 0 
7f8550000000-7f8550600000 rw-p 00000000 00:00 0 
7f8550600000-7f8554000000 ---p 00000000 00:00 0 
7f8554000000-7f8554021000 rw-p 00000000 00:00 0 
7f8554021000-7f8558000000 ---p 00000000 00:00 0 
7f8558000000-7f85582c9000 rw-p 00000000 00:00 0 
7f85582c9000-7f855c000000 ---p 00000000 00:00 0 
7f855c000000-7f855c021000 rw-p 00000000 00:00 0 
7f855c021000-7f8560000000 ---p 00000000 00:00 0 
7f8560000000-7f8560021000 rw-p 00000000 00:00 0 
7f8560021000-7f8564000000 ---p 00000000 00:00 0 
7f8564000000-7f8564021000 rw-p 00000000 00:00 0 
7f8564021000-7f8568000000 ---p 00000000 00:00 0 
7f8568000000-7f856828c000 rw-p 00000000 00:00 0 
7f856828c000-7f856c000000 ---p 00000000 00:00 0 
7f856c000000-7f856c021000 rw-p 00000000 00:00 0 
7f856c021000-7f8570000000 ---p 00000000 00:00 0 
7f8574000000-7f8574021000 rw-p 00000000 00:00 0 
7f8574021000-7f8578000000 ---p 00000000 00:00 0 
7f857c000000-7f857c021000 rw-p 00000000 00:00 0 
7f857c021000-7f8580000000 ---p 00000000 00:00 0 
7f8584000000-7f8584021000 rw-p 00000000 00:00 0 
7f8584021000-7f8588000000 ---p 00000000 00:00 0 
7f858c000000-7f858c021000 rw-p 00000000 00:00 0 
7f858c021000-7f8590000000 ---p 00000000 00:00 0 
7f8594000000-7f8594021000 rw-p 00000000 00:00 0 
7f8594021000-7f8598000000 ---p 00000000 00:00 0 
7f859c000000-7f859c021000 rw-p 00000000 00:00 0 
7f859c021000-7f85a0000000 ---p 00000000 00:00 0 
7f85a4000000-7f85a4021000 rw-p 00000000 00:00 0 
7f85a4021000-7f85a8000000 ---p 00000000 00:00 0 
7f85ac000000-7f85ac021000 rw-p 00000000 00:00 0 
7f85ac021000-7f85b0000000 ---p 00000000 00:00 0 
7f85b4000000-7f85b4021000 rw-p 00000000 00:00 0 
7f85b4021000-7f85b8000000 ---p 00000000 00:00 0 
7f85bc000000-7f85bc021000 rw-p 00000000 00:00 0 
7f85bc021000-7f85c0000000 ---p 00000000 00:00 0 
7f85c4000000-7f85c4021000 rw-p 00000000 00:00 0 
7f85c4021000-7f85c8000000 ---p 00000000 00:00 0 
7f85cc000000-7f85cc021000 rw-p 00000000 00:00 0 
7f85cc021000-7f85d0000000 ---p 00000000 00:00 0 
7f85d4000000-7f85d4021000 rw-p 00000000 00:00 0 
7f85d4021000-7f85d8000000 ---p 00000000 00:00 0 
7f85dc000000-7f85dc021000 rw-p 00000000 00:00 0 
7f85dc021000-7f85e0000000 ---p 00000000 00:00 0 
7f85e4000000-7f85e4021000 rw-p 00000000 00:00 0 
7f85e4021000-7f85e8000000 ---p 00000000 00:00 0 
7f85ec000000-7f85ec021000 rw-p 00000000 00:00 0 
7f85ec021000-7f85f0000000 ---p 00000000 00:00 0 
7f85f4000000-7f85f4021000 rw-p 00000000 00:00 0 
7f85f4021000-7f85f8000000 ---p 00000000 00:00 0 
7f85f8f12000-7f85f9012000 rw-p 00000000 00:00 0 
7f85f9012000-7f85f9015000 ---p 00000000 00:00 0 
7f85f9015000-7f85f9113000 rw-p 00000000 00:00 0                          [stack:8151]
7f85f9113000-7f85f9220000 r--s 010c9000 00:2c 16151391                   /home/ppginf/vdfontoura/psp-chapter/psp-2D/target/IBEAHH.jar
7f85f9220000-7f85f9221000 ---p 00000000 00:00 0 
7f85f9221000-7f85f9321000 rw-p 00000000 00:00 0                          [stack:8150]
7f85f9321000-7f85f9324000 ---p 00000000 00:00 0 
7f85f9324000-7f85f9422000 rw-p 00000000 00:00 0                          [stack:8149]
7f85f9422000-7f85f9425000 ---p 00000000 00:00 0 
7f85f9425000-7f85f9523000 rw-p 00000000 00:00 0                          [stack:8148]
7f85f9523000-7f85f9526000 ---p 00000000 00:00 0 
7f85f9526000-7f85f9624000 rw-p 00000000 00:00 0                          [stack:8147]
7f85f9624000-7f85f9627000 ---p 00000000 00:00 0 
7f85f9627000-7f85f9725000 rw-p 00000000 00:00 0                          [stack:8146]
7f85f9725000-7f85f9728000 ---p 00000000 00:00 0 
7f85f9728000-7f85f9826000 rw-p 00000000 00:00 0                          [stack:8145]
7f85f9826000-7f85f9829000 ---p 00000000 00:00 0 
7f85f9829000-7f85f9927000 rw-p 00000000 00:00 0                          [stack:8144]
7f85f9927000-7f85f992a000 ---p 00000000 00:00 0 
7f85f992a000-7f85f9a28000 rw-p 00000000 00:00 0                          [stack:8143]
7f85f9a28000-7f85f9a2b000 ---p 00000000 00:00 0 
7f85f9a2b000-7f85f9b29000 rw-p 00000000 00:00 0                          [stack:8142]
7f85f9b29000-7f85f9b2c000 ---p 00000000 00:00 0 
7f85f9b2c000-7f85f9c2a000 rw-p 00000000 00:00 0                          [stack:8141]
7f85f9c2a000-7f85f9c2d000 ---p 00000000 00:00 0 
7f85f9c2d000-7f85f9d2b000 rw-p 00000000 00:00 0                          [stack:8140]
7f85f9d2b000-7f85f9d2e000 ---p 00000000 00:00 0 
7f85f9d2e000-7f85f9e2c000 rw-p 00000000 00:00 0                          [stack:8139]
7f85f9e2c000-7f85f9e2f000 ---p 00000000 00:00 0 
7f85f9e2f000-7f85f9f2d000 rw-p 00000000 00:00 0                          [stack:8138]
7f85f9f2d000-7f85f9f30000 ---p 00000000 00:00 0 
7f85f9f30000-7f85fa02e000 rw-p 00000000 00:00 0                          [stack:8137]
7f85fa02e000-7f85fa031000 ---p 00000000 00:00 0 
7f85fa031000-7f85fa12f000 rw-p 00000000 00:00 0                          [stack:8136]
7f85fa12f000-7f85fa132000 ---p 00000000 00:00 0 
7f85fa132000-7f85fa230000 rw-p 00000000 00:00 0                          [stack:8135]
7f85fa230000-7f85fa233000 ---p 00000000 00:00 0 
7f85fa233000-7f85fa331000 rw-p 00000000 00:00 0                          [stack:8134]
7f85fa331000-7f85fa334000 ---p 00000000 00:00 0 
7f85fa334000-7f85fa432000 rw-p 00000000 00:00 0                          [stack:8133]
7f85fa432000-7f85fa9ea000 r--p 00000000 00:15 231                        /usr/lib/locale/locale-archive
7f85fa9ea000-7f85fa9ed000 ---p 00000000 00:00 0 
7f85fa9ed000-7f85faaeb000 rw-p 00000000 00:00 0                          [stack:8132]
7f85faaeb000-7f85faaee000 ---p 00000000 00:00 0 
7f85faaee000-7f85fabec000 rw-p 00000000 00:00 0                          [stack:8131]
7f85fabec000-7f85fabed000 ---p 00000000 00:00 0 
7f85fabed000-7f85fc000000 rw-p 00000000 00:00 0                          [stack:8130]
7f85fc000000-7f85fc021000 rw-p 00000000 00:00 0 
7f85fc021000-7f8600000000 ---p 00000000 00:00 0 
7f8600000000-7f8600021000 rw-p 00000000 00:00 0 
7f8600021000-7f8604000000 ---p 00000000 00:00 0 
7f8604000000-7f8604021000 rw-p 00000000 00:00 0 
7f8604021000-7f8608000000 ---p 00000000 00:00 0 
7f860807b000-7f861c5bf000 rw-p 00000000 00:00 0 
7f861c5ce000-7f861e9ed000 rw-p 00000000 00:00 0 
7f861e9ed000-7f861eced000 ---p 00000000 00:00 0 
7f861eced000-7f8620000000 rw-p 00000000 00:00 0 
7f8620000000-7f8620021000 rw-p 00000000 00:00 0 
7f8620021000-7f8624000000 ---p 00000000 00:00 0 
7f86240af000-7f86242b1000 rw-p 00000000 00:00 0 
7f86242b1000-7f862448a000 r--s 03d09000 00:2c 13572347                   /home/ppginf/vdfontoura/jdk1.8.0_45/jre/lib/rt.jar
7f862448a000-7f86245bf000 rw-p 00000000 00:00 0 
7f86245bf000-7f86245c0000 ---p 00000000 00:00 0 
7f86245c0000-7f86246c0000 rw-p 00000000 00:00 0                          [stack:8129]
7f86246c0000-7f86246c1000 ---p 00000000 00:00 0 
7f86246c1000-7f86247c1000 rw-p 00000000 00:00 0                          [stack:8128]
7f86247c1000-7f86247c2000 ---p 00000000 00:00 0 
7f86247c2000-7f86248c2000 rw-p 00000000 00:00 0                          [stack:8127]
7f86248c2000-7f86248c3000 ---p 00000000 00:00 0 
7f86248c3000-7f86249c3000 rw-p 00000000 00:00 0                          [stack:8126]
7f86249c3000-7f86249c4000 ---p 00000000 00:00 0 
7f86249c4000-7f8624ac4000 rw-p 00000000 00:00 0                          [stack:8125]
7f8624ac4000-7f8624ac5000 ---p 00000000 00:00 0 
7f8624ac5000-7f8624bc5000 rw-p 00000000 00:00 0                          [stack:8124]
7f8624bc5000-7f8624bc6000 ---p 00000000 00:00 0 
7f8624bc6000-7f8624cc6000 rw-p 00000000 00:00 0                          [stack:8123]
7f8624cc6000-7f8624cc7000 ---p 00000000 00:00 0 
7f8624cc7000-7f8624dc7000 rw-p 00000000 00:00 0                          [stack:8122]
7f8624dc7000-7f8624dc8000 ---p 00000000 00:00 0 
7f8624dc8000-7f8624ec8000 rw-p 00000000 00:00 0                          [stack:8121]
7f8624ec8000-7f8624ec9000 ---p 00000000 00:00 0 
7f8624ec9000-7f8624fc9000 rw-p 00000000 00:00 0                          [stack:8120]
7f8624fc9000-7f8624fca000 ---p 00000000 00:00 0 
7f8624fca000-7f86250ca000 rw-p 00000000 00:00 0                          [stack:8119]
7f86250ca000-7f86250cb000 ---p 00000000 00:00 0 
7f86250cb000-7f86251cb000 rw-p 00000000 00:00 0                          [stack:8118]
7f86251cb000-7f86251cc000 ---p 00000000 00:00 0 
7f86251cc000-7f86252cc000 rw-p 00000000 00:00 0                          [stack:8117]
7f86252cc000-7f86252cd000 ---p 00000000 00:00 0 
7f86252cd000-7f86253cd000 rw-p 00000000 00:00 0                          [stack:8116]
7f86253cd000-7f86253ce000 ---p 00000000 00:00 0 
7f86253ce000-7f86254ce000 rw-p 00000000 00:00 0                          [stack:8115]
7f86254ce000-7f86254cf000 ---p 00000000 00:00 0 
7f86254cf000-7f86255cf000 rw-p 00000000 00:00 0                          [stack:8114]
7f86255cf000-7f86255d0000 ---p 00000000 00:00 0 
7f86255d0000-7f86256d0000 rw-p 00000000 00:00 0                          [stack:8113]
7f86256d0000-7f86256d1000 ---p 00000000 00:00 0 
7f86256d1000-7f86257d1000 rw-p 00000000 00:00 0                          [stack:8112]
7f86257d1000-7f86257d2000 ---p 00000000 00:00 0 
7f86257d2000-7f86258d2000 rw-p 00000000 00:00 0                          [stack:8111]
7f86258d2000-7f86258d3000 ---p 00000000 00:00 0 
7f86258d3000-7f86259d3000 rw-p 00000000 00:00 0                          [stack:8110]
7f86259d3000-7f86259d4000 ---p 00000000 00:00 0 
7f86259d4000-7f8625ad4000 rw-p 00000000 00:00 0                          [stack:8109]
7f8625ad4000-7f8625ad5000 ---p 00000000 00:00 0 
7f8625ad5000-7f8625cb5000 rw-p 00000000 00:00 0                          [stack:8108]
7f8625cb5000-7f862688d000 ---p 00000000 00:00 0 
7f862688d000-7f862696d000 rw-p 00000000 00:00 0 
7f862696d000-7f8627544000 ---p 00000000 00:00 0 
7f8627544000-7f8627754000 rw-p 00000000 00:00 0 
7f8627754000-7f8627ba0000 ---p 00000000 00:00 0 
7f8627ba0000-7f8627bbb000 rw-p 00000000 00:00 0 
7f8627bbb000-7f8627f61000 ---p 00000000 00:00 0 
7f8627f61000-7f86285b1000 rwxp 00000000 00:00 0 
7f86285b1000-7f8636f61000 ---p 00000000 00:00 0 
7f8636f61000-7f8636f7b000 r-xp 00000000 00:2c 13572371                   /home/ppginf/vdfontoura/jdk1.8.0_45/jre/lib/amd64/libzip.so
7f8636f7b000-7f863717b000 ---p 0001a000 00:2c 13572371                   /home/ppginf/vdfontoura/jdk1.8.0_45/jre/lib/amd64/libzip.so
7f863717b000-7f863717c000 rw-p 0001a000 00:2c 13572371                   /home/ppginf/vdfontoura/jdk1.8.0_45/jre/lib/amd64/libzip.so
7f863717c000-7f8637188000 r-xp 00000000 00:15 181                        /lib/x86_64-linux-gnu/libnss_ldap.so.2
7f8637188000-7f8637387000 ---p 0000c000 00:15 181                        /lib/x86_64-linux-gnu/libnss_ldap.so.2
7f8637387000-7f8637388000 r--p 0000b000 00:15 181                        /lib/x86_64-linux-gnu/libnss_ldap.so.2
7f8637388000-7f8637389000 rw-p 0000c000 00:15 181                        /lib/x86_64-linux-gnu/libnss_ldap.so.2
7f8637389000-7f8637394000 r-xp 00000000 00:15 178                        /lib/x86_64-linux-gnu/libnss_files-2.19.so
7f8637394000-7f8637593000 ---p 0000b000 00:15 178                        /lib/x86_64-linux-gnu/libnss_files-2.19.so
7f8637593000-7f8637594000 r--p 0000a000 00:15 178                        /lib/x86_64-linux-gnu/libnss_files-2.19.so
7f8637594000-7f8637595000 rw-p 0000b000 00:15 178                        /lib/x86_64-linux-gnu/libnss_files-2.19.so
7f8637595000-7f86375a0000 r-xp 00000000 00:15 176                        /lib/x86_64-linux-gnu/libnss_nis-2.19.so
7f86375a0000-7f863779f000 ---p 0000b000 00:15 176                        /lib/x86_64-linux-gnu/libnss_nis-2.19.so
7f863779f000-7f86377a0000 r--p 0000a000 00:15 176                        /lib/x86_64-linux-gnu/libnss_nis-2.19.so
7f86377a0000-7f86377a1000 rw-p 0000b000 00:15 176                        /lib/x86_64-linux-gnu/libnss_nis-2.19.so
7f86377a1000-7f86377b8000 r-xp 00000000 00:15 174                        /lib/x86_64-linux-gnu/libnsl-2.19.so
7f86377b8000-7f86379b7000 ---p 00017000 00:15 174                        /lib/x86_64-linux-gnu/libnsl-2.19.so
7f86379b7000-7f86379b8000 r--p 00016000 00:15 174                        /lib/x86_64-linux-gnu/libnsl-2.19.so
7f86379b8000-7f86379b9000 rw-p 00017000 00:15 174                        /lib/x86_64-linux-gnu/libnsl-2.19.so
7f86379b9000-7f86379bb000 rw-p 00000000 00:00 0 
7f86379bb000-7f86379c4000 r-xp 00000000 00:15 172                        /lib/x86_64-linux-gnu/libnss_compat-2.19.so
7f86379c4000-7f8637bc3000 ---p 00009000 00:15 172                        /lib/x86_64-linux-gnu/libnss_compat-2.19.so
7f8637bc3000-7f8637bc4000 r--p 00008000 00:15 172                        /lib/x86_64-linux-gnu/libnss_compat-2.19.so
7f8637bc4000-7f8637bc5000 rw-p 00009000 00:15 172                        /lib/x86_64-linux-gnu/libnss_compat-2.19.so
7f8637bc5000-7f8637bef000 r-xp 00000000 00:2c 13572364                   /home/ppginf/vdfontoura/jdk1.8.0_45/jre/lib/amd64/libjava.so
7f8637bef000-7f8637def000 ---p 0002a000 00:2c 13572364                   /home/ppginf/vdfontoura/jdk1.8.0_45/jre/lib/amd64/libjava.so
7f8637def000-7f8637df1000 rw-p 0002a000 00:2c 13572364                   /home/ppginf/vdfontoura/jdk1.8.0_45/jre/lib/amd64/libjava.so
7f8637df1000-7f8637dfe000 r-xp 00000000 00:2c 13572405                   /home/ppginf/vdfontoura/jdk1.8.0_45/jre/lib/amd64/libverify.so
7f8637dfe000-7f8637ffe000 ---p 0000d000 00:2c 13572405                   /home/ppginf/vdfontoura/jdk1.8.0_45/jre/lib/amd64/libverify.so
7f8637ffe000-7f8638000000 rw-p 0000d000 00:2c 13572405                   /home/ppginf/vdfontoura/jdk1.8.0_45/jre/lib/amd64/libverify.so
7f8638000000-7f8638743000 rw-p 00000000 00:00 0 
7f8638743000-7f863c000000 ---p 00000000 00:00 0 
7f863c02f000-7f863c051000 r--p 00000000 00:15 490644                     /usr/share/locale-langpack/pt_BR/LC_MESSAGES/libc.mo
7f863c051000-7f863c052000 ---p 00000000 00:00 0 
7f863c052000-7f863c152000 rw-p 00000000 00:00 0                          [stack:8107]
7f863c152000-7f863c159000 r-xp 00000000 00:15 44                         /lib/x86_64-linux-gnu/librt-2.19.so
7f863c159000-7f863c358000 ---p 00007000 00:15 44                         /lib/x86_64-linux-gnu/librt-2.19.so
7f863c358000-7f863c359000 r--p 00006000 00:15 44                         /lib/x86_64-linux-gnu/librt-2.19.so
7f863c359000-7f863c35a000 rw-p 00007000 00:15 44                         /lib/x86_64-linux-gnu/librt-2.19.so
7f863c35a000-7f863c45f000 r-xp 00000000 00:15 303                        /lib/x86_64-linux-gnu/libm-2.19.so
7f863c45f000-7f863c65e000 ---p 00105000 00:15 303                        /lib/x86_64-linux-gnu/libm-2.19.so
7f863c65e000-7f863c65f000 r--p 00104000 00:15 303                        /lib/x86_64-linux-gnu/libm-2.19.so
7f863c65f000-7f863c660000 rw-p 00105000 00:15 303                        /lib/x86_64-linux-gnu/libm-2.19.so
7f863c660000-7f863d30e000 r-xp 00000000 00:2c 13572410                   /home/ppginf/vdfontoura/jdk1.8.0_45/jre/lib/amd64/server/libjvm.so
7f863d30e000-7f863d50d000 ---p 00cae000 00:2c 13572410                   /home/ppginf/vdfontoura/jdk1.8.0_45/jre/lib/amd64/server/libjvm.so
7f863d50d000-7f863d5e4000 rw-p 00cad000 00:2c 13572410                   /home/ppginf/vdfontoura/jdk1.8.0_45/jre/lib/amd64/server/libjvm.so
7f863d5e4000-7f863d628000 rw-p 00000000 00:00 0 
7f863d628000-7f863d7e3000 r-xp 00000000 00:15 46                         /lib/x86_64-linux-gnu/libc-2.19.so
7f863d7e3000-7f863d9e2000 ---p 001bb000 00:15 46                         /lib/x86_64-linux-gnu/libc-2.19.so
7f863d9e2000-7f863d9e6000 r--p 001ba000 00:15 46                         /lib/x86_64-linux-gnu/libc-2.19.so
7f863d9e6000-7f863d9e8000 rw-p 001be000 00:15 46                         /lib/x86_64-linux-gnu/libc-2.19.so
7f863d9e8000-7f863d9ed000 rw-p 00000000 00:00 0 
7f863d9ed000-7f863d9f0000 r-xp 00000000 00:15 52                         /lib/x86_64-linux-gnu/libdl-2.19.so
7f863d9f0000-7f863dbef000 ---p 00003000 00:15 52                         /lib/x86_64-linux-gnu/libdl-2.19.so
7f863dbef000-7f863dbf0000 r--p 00002000 00:15 52                         /lib/x86_64-linux-gnu/libdl-2.19.so
7f863dbf0000-7f863dbf1000 rw-p 00003000 00:15 52                         /lib/x86_64-linux-gnu/libdl-2.19.so
7f863dbf1000-7f863dc06000 r-xp 00000000 00:2c 13572682                   /home/ppginf/vdfontoura/jdk1.8.0_45/lib/amd64/jli/libjli.so
7f863dc06000-7f863de06000 ---p 00015000 00:2c 13572682                   /home/ppginf/vdfontoura/jdk1.8.0_45/lib/amd64/jli/libjli.so
7f863de06000-7f863de07000 rw-p 00015000 00:2c 13572682                   /home/ppginf/vdfontoura/jdk1.8.0_45/lib/amd64/jli/libjli.so
7f863de07000-7f863de20000 r-xp 00000000 00:15 48                         /lib/x86_64-linux-gnu/libpthread-2.19.so
7f863de20000-7f863e01f000 ---p 00019000 00:15 48                         /lib/x86_64-linux-gnu/libpthread-2.19.so
7f863e01f000-7f863e020000 r--p 00018000 00:15 48                         /lib/x86_64-linux-gnu/libpthread-2.19.so
7f863e020000-7f863e021000 rw-p 00019000 00:15 48                         /lib/x86_64-linux-gnu/libpthread-2.19.so
7f863e021000-7f863e025000 rw-p 00000000 00:00 0 
7f863e025000-7f863e048000 r-xp 00000000 00:15 32                         /lib/x86_64-linux-gnu/ld-2.19.so
7f863e05a000-7f863e104000 rw-p 00000000 00:00 0 
7f863e104000-7f863e107000 ---p 00000000 00:00 0 
7f863e107000-7f863e209000 rw-p 00000000 00:00 0                          [stack:8106]
7f863e20d000-7f863e214000 r--s 00000000 00:15 245                        /usr/lib/x86_64-linux-gnu/gconv/gconv-modules.cache
7f863e214000-7f863e21f000 r--s 00116000 00:2c 13572443                   /home/ppginf/vdfontoura/jdk1.8.0_45/jre/lib/ext/localedata.jar
7f863e21f000-7f863e23b000 r--s 00393000 00:2c 13572445                   /home/ppginf/vdfontoura/jdk1.8.0_45/jre/lib/ext/cldrdata.jar
7f863e23b000-7f863e243000 rw-s 00000000 00:17 3681257                    /tmp/hsperfdata_vdfontoura/8105
7f863e243000-7f863e244000 rw-p 00000000 00:00 0 
7f863e244000-7f863e245000 ---p 00000000 00:00 0 
7f863e245000-7f863e247000 rw-p 00000000 00:00 0 
7f863e247000-7f863e248000 r--p 00022000 00:15 32                         /lib/x86_64-linux-gnu/ld-2.19.so
7f863e248000-7f863e249000 rw-p 00023000 00:15 32                         /lib/x86_64-linux-gnu/ld-2.19.so
7f863e249000-7f863e24a000 rw-p 00000000 00:00 0 
7fffad3ff000-7fffad420000 rw-p 00000000 00:00 0                          [stack]
7fffad594000-7fffad596000 r--p 00000000 00:00 0                          [vvar]
7fffad596000-7fffad598000 r-xp 00000000 00:00 0                          [vdso]
ffffffffff600000-ffffffffff601000 r-xp 00000000 00:00 0                  [vsyscall]

VM Arguments:
java_command: ../../target/IBEAHH.jar 1000 2500000 SinglePointCrossover,IntegerTwoPointsCrossover,MultiPointsCrossover BitFlipMutation,LoopMoveOperator,LocalMoveOperator,SegmentMutation,OppositeMoveOperator 200 1.0 1.0 30 1 results 0 0 Random HHPHPHPHPHHHHPHPPPHPPPHPPPPHPPPHPPPHPHHHHPHPHPHPHH false 20
java_class_path (initial): ../../target/IBEAHH.jar
Launcher Type: SUN_STANDARD

Environment Variables:
JAVA_HOME=/home/ppginf/vdfontoura/jdk1.8.0_45/
PATH=/home/ppginf/vdfontoura/jdk1.8.0_45//bin:/usr/local/sbin:/usr/local/bin:/usr/sbin:/usr/bin:/sbin:/bin:/usr/games:/usr/local/games:.:/home/html/inf/silvia/topicos/ferramentas/poketool/bin:/home/html/inf/silvia/topicos/ferramentas/proteum1.4.1/LINUX/bin:/home/ppginf/vdfontoura/tools/apache-maven-3.3.3/bin
SHELL=/bin/bash

Signal Handlers:
SIGSEGV: [libjvm.so+0xaad1e0], sa_mask[0]=11111111011111111101111111111110, sa_flags=SA_RESTART|SA_SIGINFO
SIGBUS: [libjvm.so+0xaad1e0], sa_mask[0]=11111111011111111101111111111110, sa_flags=SA_RESTART|SA_SIGINFO
SIGFPE: [libjvm.so+0x90b450], sa_mask[0]=11111111011111111101111111111110, sa_flags=SA_RESTART|SA_SIGINFO
SIGPIPE: [libjvm.so+0x90b450], sa_mask[0]=11111111011111111101111111111110, sa_flags=SA_RESTART|SA_SIGINFO
SIGXFSZ: [libjvm.so+0x90b450], sa_mask[0]=11111111011111111101111111111110, sa_flags=SA_RESTART|SA_SIGINFO
SIGILL: [libjvm.so+0x90b450], sa_mask[0]=11111111011111111101111111111110, sa_flags=SA_RESTART|SA_SIGINFO
SIGUSR1: SIG_DFL, sa_mask[0]=00000000000000000000000000000000, sa_flags=none
SIGUSR2: [libjvm.so+0x90ca90], sa_mask[0]=00000000000000000000000000000000, sa_flags=SA_RESTART|SA_SIGINFO
SIGHUP: SIG_IGN, sa_mask[0]=00000000000000000000000000000000, sa_flags=none
SIGINT: SIG_IGN, sa_mask[0]=00000000000000000000000000000000, sa_flags=none
SIGTERM: [libjvm.so+0x90dde0], sa_mask[0]=11111111011111111101111111111110, sa_flags=SA_RESTART|SA_SIGINFO
SIGQUIT: [libjvm.so+0x90dde0], sa_mask[0]=11111111011111111101111111111110, sa_flags=SA_RESTART|SA_SIGINFO


---------------  S Y S T E M  ---------------

OS:DISTRIB_ID=LinuxMint
DISTRIB_RELEASE=17
DISTRIB_CODENAME=qiana
DISTRIB_DESCRIPTION="Linux Mint 17 Qiana"

uname:Linux 4.0.1-kernel+ #2 SMP Wed May 6 16:11:56 BRT 2015 x86_64
libc:glibc 2.19 NPTL 2.19 
rlimit: STACK 8192k, CORE 0k, NPROC 30240, NOFILE 4096, AS 20000000k
load average:40,15 23,94 16,18

/proc/meminfo:
MemTotal:       127909028 kB
MemFree:          603184 kB
MemAvailable:     604232 kB
Buffers:               0 kB
Cached:           810240 kB
SwapCached:            0 kB
Active:         126315028 kB
Inactive:         187164 kB
Active(anon):   126278888 kB
Inactive(anon):   152680 kB
Active(file):      36140 kB
Inactive(file):    34484 kB
Unevictable:           0 kB
Mlocked:               0 kB
SwapTotal:             0 kB
SwapFree:              0 kB
Dirty:               836 kB
Writeback:             0 kB
AnonPages:      125690732 kB
Mapped:            32916 kB
Shmem:            741404 kB
Slab:             246220 kB
SReclaimable:     100412 kB
SUnreclaim:       145808 kB
KernelStack:       36368 kB
PageTables:       276092 kB
NFS_Unstable:        156 kB
Bounce:                0 kB
WritebackTmp:          0 kB
CommitLimit:    63954512 kB
Committed_AS:   183794912 kB
VmallocTotal:   34359738367 kB
VmallocUsed:      228732 kB
VmallocChunk:   34359500380 kB
HardwareCorrupted:     0 kB
AnonHugePages:         0 kB
HugePages_Total:       0
HugePages_Free:        0
HugePages_Rsvd:        0
HugePages_Surp:        0
Hugepagesize:       2048 kB
DirectMap4k:      454640 kB
DirectMap2M:    60362752 kB
DirectMap1G:    69206016 kB


CPU:total 32 (1 cores per cpu, 1 threads per core) family 16 model 9 stepping 1, cmov, cx8, fxsr, mmx, sse, sse2, sse3, popcnt, mmxext, 3dnowpref, lzcnt, sse4a, tsc

/proc/cpuinfo:
processor	: 0
vendor_id	: AuthenticAMD
cpu family	: 16
model		: 9
model name	: AMD Opteron(tm) Processor 6136
stepping	: 1
microcode	: 0x1000065
cpu MHz		: 2400.142
cache size	: 512 KB
physical id	: 0
siblings	: 1
core id		: 0
cpu cores	: 1
apicid		: 0
initial apicid	: 0
fpu		: yes
fpu_exception	: yes
cpuid level	: 5
wp		: yes
flags		: fpu vme de pse tsc msr pae mce cx8 apic sep mtrr pge mca cmov pat pse36 clflush mmx fxsr sse sse2 syscall nx mmxext fxsr_opt pdpe1gb lm 3dnowext 3dnow rep_good nopl extd_apicid pni cx16 x2apic popcnt hypervisor lahf_lm cmp_legacy svm cr8_legacy abm sse4a misalignsse 3dnowprefetch osvw npt nrip_save vmmcall
bugs		: tlb_mmatch fxsave_leak
bogomips	: 4800.28
TLB size	: 1024 4K pages
clflush size	: 64
cache_alignment	: 64
address sizes	: 40 bits physical, 48 bits virtual
power management:

processor	: 1
vendor_id	: AuthenticAMD
cpu family	: 16
model		: 9
model name	: AMD Opteron(tm) Processor 6136
stepping	: 1
microcode	: 0x1000065
cpu MHz		: 2400.142
cache size	: 512 KB
physical id	: 1
siblings	: 1
core id		: 0
cpu cores	: 1
apicid		: 1
initial apicid	: 1
fpu		: yes
fpu_exception	: yes
cpuid level	: 5
wp		: yes
flags		: fpu vme de pse tsc msr pae mce cx8 apic sep mtrr pge mca cmov pat pse36 clflush mmx fxsr sse sse2 syscall nx mmxext fxsr_opt pdpe1gb lm 3dnowext 3dnow rep_good nopl extd_apicid pni cx16 x2apic popcnt hypervisor lahf_lm cmp_legacy svm cr8_legacy abm sse4a misalignsse 3dnowprefetch osvw npt nrip_save vmmcall
bugs		: tlb_mmatch fxsave_leak
bogomips	: 4800.28
TLB size	: 1024 4K pages
clflush size	: 64
cache_alignment	: 64
address sizes	: 40 bits physical, 48 bits virtual
power management:

processor	: 2
vendor_id	: AuthenticAMD
cpu family	: 16
model		: 9
model name	: AMD Opteron(tm) Processor 6136
stepping	: 1
microcode	: 0x1000065
cpu MHz		: 2400.142
cache size	: 512 KB
physical id	: 2
siblings	: 1
core id		: 0
cpu cores	: 1
apicid		: 2
initial apicid	: 2
fpu		: yes
fpu_exception	: yes
cpuid level	: 5
wp		: yes
flags		: fpu vme de pse tsc msr pae mce cx8 apic sep mtrr pge mca cmov pat pse36 clflush mmx fxsr sse sse2 syscall nx mmxext fxsr_opt pdpe1gb lm 3dnowext 3dnow rep_good nopl extd_apicid pni cx16 x2apic popcnt hypervisor lahf_lm cmp_legacy svm cr8_legacy abm sse4a misalignsse 3dnowprefetch osvw npt nrip_save vmmcall
bugs		: tlb_mmatch fxsave_leak
bogomips	: 4800.28
TLB size	: 1024 4K pages
clflush size	: 64
cache_alignment	: 64
address sizes	: 40 bits physical, 48 bits virtual
power management:

processor	: 3
vendor_id	: AuthenticAMD
cpu family	: 16
model		: 9
model name	: AMD Opteron(tm) Processor 6136
stepping	: 1
microcode	: 0x1000065
cpu MHz		: 2400.142
cache size	: 512 KB
physical id	: 3
siblings	: 1
core id		: 0
cpu cores	: 1
apicid		: 3
initial apicid	: 3
fpu		: yes
fpu_exception	: yes
cpuid level	: 5
wp		: yes
flags		: fpu vme de pse tsc msr pae mce cx8 apic sep mtrr pge mca cmov pat pse36 clflush mmx fxsr sse sse2 syscall nx mmxext fxsr_opt pdpe1gb lm 3dnowext 3dnow rep_good nopl extd_apicid pni cx16 x2apic popcnt hypervisor lahf_lm cmp_legacy svm cr8_legacy abm sse4a misalignsse 3dnowprefetch osvw npt nrip_save vmmcall
bugs		: tlb_mmatch fxsave_leak
bogomips	: 4800.28
TLB size	: 1024 4K pages
clflush size	: 64
cache_alignment	: 64
address sizes	: 40 bits physical, 48 bits virtual
power management:

processor	: 4
vendor_id	: AuthenticAMD
cpu family	: 16
model		: 9
model name	: AMD Opteron(tm) Processor 6136
stepping	: 1
microcode	: 0x1000065
cpu MHz		: 2400.142
cache size	: 512 KB
physical id	: 4
siblings	: 1
core id		: 0
cpu cores	: 1
apicid		: 4
initial apicid	: 4
fpu		: yes
fpu_exception	: yes
cpuid level	: 5
wp		: yes
flags		: fpu vme de pse tsc msr pae mce cx8 apic sep mtrr pge mca cmov pat pse36 clflush mmx fxsr sse sse2 syscall nx mmxext fxsr_opt pdpe1gb lm 3dnowext 3dnow rep_good nopl extd_apicid pni cx16 x2apic popcnt hypervisor lahf_lm cmp_legacy svm cr8_legacy abm sse4a misalignsse 3dnowprefetch osvw npt nrip_save vmmcall
bugs		: tlb_mmatch fxsave_leak
bogomips	: 4800.28
TLB size	: 1024 4K pages
clflush size	: 64
cache_alignment	: 64
address sizes	: 40 bits physical, 48 bits virtual
power management:

processor	: 5
vendor_id	: AuthenticAMD
cpu family	: 16
model		: 9
model name	: AMD Opteron(tm) Processor 6136
stepping	: 1
microcode	: 0x1000065
cpu MHz		: 2400.142
cache size	: 512 KB
physical id	: 5
siblings	: 1
core id		: 0
cpu cores	: 1
apicid		: 5
initial apicid	: 5
fpu		: yes
fpu_exception	: yes
cpuid level	: 5
wp		: yes
flags		: fpu vme de pse tsc msr pae mce cx8 apic sep mtrr pge mca cmov pat pse36 clflush mmx fxsr sse sse2 syscall nx mmxext fxsr_opt pdpe1gb lm 3dnowext 3dnow rep_good nopl extd_apicid pni cx16 x2apic popcnt hypervisor lahf_lm cmp_legacy svm cr8_legacy abm sse4a misalignsse 3dnowprefetch osvw npt nrip_save vmmcall
bugs		: tlb_mmatch fxsave_leak
bogomips	: 4800.28
TLB size	: 1024 4K pages
clflush size	: 64
cache_alignment	: 64
address sizes	: 40 bits physical, 48 bits virtual
power management:

processor	: 6
vendor_id	: AuthenticAMD
cpu family	: 16
model		: 9
model name	: AMD Opteron(tm) Processor 6136
stepping	: 1
microcode	: 0x1000065
cpu MHz		: 2400.142
cache size	: 512 KB
physical id	: 6
siblings	: 1
core id		: 0
cpu cores	: 1
apicid		: 6
initial apicid	: 6
fpu		: yes
fpu_exception	: yes
cpuid level	: 5
wp		: yes
flags		: fpu vme de pse tsc msr pae mce cx8 apic sep mtrr pge mca cmov pat pse36 clflush mmx fxsr sse sse2 syscall nx mmxext fxsr_opt pdpe1gb lm 3dnowext 3dnow rep_good nopl extd_apicid pni cx16 x2apic popcnt hypervisor lahf_lm cmp_legacy svm cr8_legacy abm sse4a misalignsse 3dnowprefetch osvw npt nrip_save vmmcall
bugs		: tlb_mmatch fxsave_leak
bogomips	: 4800.28
TLB size	: 1024 4K pages
clflush size	: 64
cache_alignment	: 64
address sizes	: 40 bits physical, 48 bits virtual
power management:

processor	: 7
vendor_id	: AuthenticAMD
cpu family	: 16
model		: 9
model name	: AMD Opteron(tm) Processor 6136
stepping	: 1
microcode	: 0x1000065
cpu MHz		: 2400.142
cache size	: 512 KB
physical id	: 7
siblings	: 1
core id		: 0
cpu cores	: 1
apicid		: 7
initial apicid	: 7
fpu		: yes
fpu_exception	: yes
cpuid level	: 5
wp		: yes
flags		: fpu vme de pse tsc msr pae mce cx8 apic sep mtrr pge mca cmov pat pse36 clflush mmx fxsr sse sse2 syscall nx mmxext fxsr_opt pdpe1gb lm 3dnowext 3dnow rep_good nopl extd_apicid pni cx16 x2apic popcnt hypervisor lahf_lm cmp_legacy svm cr8_legacy abm sse4a misalignsse 3dnowprefetch osvw npt nrip_save vmmcall
bugs		: tlb_mmatch fxsave_leak
bogomips	: 4800.28
TLB size	: 1024 4K pages
clflush size	: 64
cache_alignment	: 64
address sizes	: 40 bits physical, 48 bits virtual
power management:

processor	: 8
vendor_id	: AuthenticAMD
cpu family	: 16
model		: 9
model name	: AMD Opteron(tm) Processor 6136
stepping	: 1
microcode	: 0x1000065
cpu MHz		: 2400.142
cache size	: 512 KB
physical id	: 8
siblings	: 1
core id		: 0
cpu cores	: 1
apicid		: 8
initial apicid	: 8
fpu		: yes
fpu_exception	: yes
cpuid level	: 5
wp		: yes
flags		: fpu vme de pse tsc msr pae mce cx8 apic sep mtrr pge mca cmov pat pse36 clflush mmx fxsr sse sse2 syscall nx mmxext fxsr_opt pdpe1gb lm 3dnowext 3dnow rep_good nopl extd_apicid pni cx16 x2apic popcnt hypervisor lahf_lm cmp_legacy svm cr8_legacy abm sse4a misalignsse 3dnowprefetch osvw npt nrip_save vmmcall
bugs		: tlb_mmatch fxsave_leak
bogomips	: 4800.28
TLB size	: 1024 4K pages
clflush size	: 64
cache_alignment	: 64
address sizes	: 40 bits physical, 48 bits virtual
power management:

processor	: 9
vendor_id	: AuthenticAMD
cpu family	: 16
model		: 9
model name	: AMD Opteron(tm) Processor 6136
stepping	: 1
microcode	: 0x1000065
cpu MHz		: 2400.142
cache size	: 512 KB
physical id	: 9
siblings	: 1
core id		: 0
cpu cores	: 1
apicid		: 9
initial apicid	: 9
fpu		: yes
fpu_exception	: yes
cpuid level	: 5
wp		: yes
flags		: fpu vme de pse tsc msr pae mce cx8 apic sep mtrr pge mca cmov pat pse36 clflush mmx fxsr sse sse2 syscall nx mmxext fxsr_opt pdpe1gb lm 3dnowext 3dnow rep_good nopl extd_apicid pni cx16 x2apic popcnt hypervisor lahf_lm cmp_legacy svm cr8_legacy abm sse4a misalignsse 3dnowprefetch osvw npt nrip_save vmmcall
bugs		: tlb_mmatch fxsave_leak
bogomips	: 4800.28
TLB size	: 1024 4K pages
clflush size	: 64
cache_alignment	: 64
address sizes	: 40 bits physical, 48 bits virtual
power management:

processor	: 10
vendor_id	: AuthenticAMD
cpu family	: 16
model		: 9
model name	: AMD Opteron(tm) Processor 6136
stepping	: 1
microcode	: 0x1000065
cpu MHz		: 2400.142
cache size	: 512 KB
physical id	: 10
siblings	: 1
core id		: 0
cpu cores	: 1
apicid		: 10
initial apicid	: 10
fpu		: yes
fpu_exception	: yes
cpuid level	: 5
wp		: yes
flags		: fpu vme de pse tsc msr pae mce cx8 apic sep mtrr pge mca cmov pat pse36 clflush mmx fxsr sse sse2 syscall nx mmxext fxsr_opt pdpe1gb lm 3dnowext 3dnow rep_good nopl extd_apicid pni cx16 x2apic popcnt hypervisor lahf_lm cmp_legacy svm cr8_legacy abm sse4a misalignsse 3dnowprefetch osvw npt nrip_save vmmcall
bugs		: tlb_mmatch fxsave_leak
bogomips	: 4800.28
TLB size	: 1024 4K pages
clflush size	: 64
cache_alignment	: 64
address sizes	: 40 bits physical, 48 bits virtual
power management:

processor	: 11
vendor_id	: AuthenticAMD
cpu family	: 16
model		: 9
model name	: AMD Opteron(tm) Processor 6136
stepping	: 1
microcode	: 0x1000065
cpu MHz		: 2400.142
cache size	: 512 KB
physical id	: 11
siblings	: 1
core id		: 0
cpu cores	: 1
apicid		: 11
initial apicid	: 11
fpu		: yes
fpu_exception	: yes
cpuid level	: 5
wp		: yes
flags		: fpu vme de pse tsc msr pae mce cx8 apic sep mtrr pge mca cmov pat pse36 clflush mmx fxsr sse sse2 syscall nx mmxext fxsr_opt pdpe1gb lm 3dnowext 3dnow rep_good nopl extd_apicid pni cx16 x2apic popcnt hypervisor lahf_lm cmp_legacy svm cr8_legacy abm sse4a misalignsse 3dnowprefetch osvw npt nrip_save vmmcall
bugs		: tlb_mmatch fxsave_leak
bogomips	: 4800.28
TLB size	: 1024 4K pages
clflush size	: 64
cache_alignment	: 64
address sizes	: 40 bits physical, 48 bits virtual
power management:

processor	: 12
vendor_id	: AuthenticAMD
cpu family	: 16
model		: 9
model name	: AMD Opteron(tm) Processor 6136
stepping	: 1
microcode	: 0x1000065
cpu MHz		: 2400.142
cache size	: 512 KB
physical id	: 12
siblings	: 1
core id		: 0
cpu cores	: 1
apicid		: 12
initial apicid	: 12
fpu		: yes
fpu_exception	: yes
cpuid level	: 5
wp		: yes
flags		: fpu vme de pse tsc msr pae mce cx8 apic sep mtrr pge mca cmov pat pse36 clflush mmx fxsr sse sse2 syscall nx mmxext fxsr_opt pdpe1gb lm 3dnowext 3dnow rep_good nopl extd_apicid pni cx16 x2apic popcnt hypervisor lahf_lm cmp_legacy svm cr8_legacy abm sse4a misalignsse 3dnowprefetch osvw npt nrip_save vmmcall
bugs		: tlb_mmatch fxsave_leak
bogomips	: 4800.28
TLB size	: 1024 4K pages
clflush size	: 64
cache_alignment	: 64
address sizes	: 40 bits physical, 48 bits virtual
power management:

processor	: 13
vendor_id	: AuthenticAMD
cpu family	: 16
model		: 9
model name	: AMD Opteron(tm) Processor 6136
stepping	: 1
microcode	: 0x1000065
cpu MHz		: 2400.142
cache size	: 512 KB
physical id	: 13
siblings	: 1
core id		: 0
cpu cores	: 1
apicid		: 13
initial apicid	: 13
fpu		: yes
fpu_exception	: yes
cpuid level	: 5
wp		: yes
flags		: fpu vme de pse tsc msr pae mce cx8 apic sep mtrr pge mca cmov pat pse36 clflush mmx fxsr sse sse2 syscall nx mmxext fxsr_opt pdpe1gb lm 3dnowext 3dnow rep_good nopl extd_apicid pni cx16 x2apic popcnt hypervisor lahf_lm cmp_legacy svm cr8_legacy abm sse4a misalignsse 3dnowprefetch osvw npt nrip_save vmmcall
bugs		: tlb_mmatch fxsave_leak
bogomips	: 4800.28
TLB size	: 1024 4K pages
clflush size	: 64
cache_alignment	: 64
address sizes	: 40 bits physical, 48 bits virtual
power management:

processor	: 14
vendor_id	: AuthenticAMD
cpu family	: 16
model		: 9
model name	: AMD Opteron(tm) Processor 6136
stepping	: 1
microcode	: 0x1000065
cpu MHz		: 2400.142
cache size	: 512 KB
physical id	: 14
siblings	: 1
core id		: 0
cpu cores	: 1
apicid		: 14
initial apicid	: 14
fpu		: yes
fpu_exception	: yes
cpuid level	: 5
wp		: yes
flags		: fpu vme de pse tsc msr pae mce cx8 apic sep mtrr pge mca cmov pat pse36 clflush mmx fxsr sse sse2 syscall nx mmxext fxsr_opt pdpe1gb lm 3dnowext 3dnow rep_good nopl extd_apicid pni cx16 x2apic popcnt hypervisor lahf_lm cmp_legacy svm cr8_legacy abm sse4a misalignsse 3dnowprefetch osvw npt nrip_save vmmcall
bugs		: tlb_mmatch fxsave_leak
bogomips	: 4800.28
TLB size	: 1024 4K pages
clflush size	: 64
cache_alignment	: 64
address sizes	: 40 bits physical, 48 bits virtual
power management:

processor	: 15
vendor_id	: AuthenticAMD
cpu family	: 16
model		: 9
model name	: AMD Opteron(tm) Processor 6136
stepping	: 1
microcode	: 0x1000065
cpu MHz		: 2400.142
cache size	: 512 KB
physical id	: 15
siblings	: 1
core id		: 0
cpu cores	: 1
apicid		: 15
initial apicid	: 15
fpu		: yes
fpu_exception	: yes
cpuid level	: 5
wp		: yes
flags		: fpu vme de pse tsc msr pae mce cx8 apic sep mtrr pge mca cmov pat pse36 clflush mmx fxsr sse sse2 syscall nx mmxext fxsr_opt pdpe1gb lm 3dnowext 3dnow rep_good nopl extd_apicid pni cx16 x2apic popcnt hypervisor lahf_lm cmp_legacy svm cr8_legacy abm sse4a misalignsse 3dnowprefetch osvw npt nrip_save vmmcall
bugs		: tlb_mmatch fxsave_leak
bogomips	: 4800.28
TLB size	: 1024 4K pages
clflush size	: 64
cache_alignment	: 64
address sizes	: 40 bits physical, 48 bits virtual
power management:

processor	: 16
vendor_id	: AuthenticAMD
cpu family	: 16
model		: 9
model name	: AMD Opteron(tm) Processor 6136
stepping	: 1
microcode	: 0x1000065
cpu MHz		: 2400.142
cache size	: 512 KB
physical id	: 16
siblings	: 1
core id		: 0
cpu cores	: 1
apicid		: 16
initial apicid	: 16
fpu		: yes
fpu_exception	: yes
cpuid level	: 5
wp		: yes
flags		: fpu vme de pse tsc msr pae mce cx8 apic sep mtrr pge mca cmov pat pse36 clflush mmx fxsr sse sse2 syscall nx mmxext fxsr_opt pdpe1gb lm 3dnowext 3dnow rep_good nopl extd_apicid pni cx16 x2apic popcnt hypervisor lahf_lm cmp_legacy svm cr8_legacy abm sse4a misalignsse 3dnowprefetch osvw npt nrip_save vmmcall
bugs		: tlb_mmatch fxsave_leak
bogomips	: 4800.28
TLB size	: 1024 4K pages
clflush size	: 64
cache_alignment	: 64
address sizes	: 40 bits physical, 48 bits virtual
power management:

processor	: 17
vendor_id	: AuthenticAMD
cpu family	: 16
model		: 9
model name	: AMD Opteron(tm) Processor 6136
stepping	: 1
microcode	: 0x1000065
cpu MHz		: 2400.142
cache size	: 512 KB
physical id	: 17
siblings	: 1
core id		: 0
cpu cores	: 1
apicid		: 17
initial apicid	: 17
fpu		: yes
fpu_exception	: yes
cpuid level	: 5
wp		: yes
flags		: fpu vme de pse tsc msr pae mce cx8 apic sep mtrr pge mca cmov pat pse36 clflush mmx fxsr sse sse2 syscall nx mmxext fxsr_opt pdpe1gb lm 3dnowext 3dnow rep_good nopl extd_apicid pni cx16 x2apic popcnt hypervisor lahf_lm cmp_legacy svm cr8_legacy abm sse4a misalignsse 3dnowprefetch osvw npt nrip_save vmmcall
bugs		: tlb_mmatch fxsave_leak
bogomips	: 4800.28
TLB size	: 1024 4K pages
clflush size	: 64
cache_alignment	: 64
address sizes	: 40 bits physical, 48 bits virtual
power management:

processor	: 18
vendor_id	: AuthenticAMD
cpu family	: 16
model		: 9
model name	: AMD Opteron(tm) Processor 6136
stepping	: 1
microcode	: 0x1000065
cpu MHz		: 2400.142
cache size	: 512 KB
physical id	: 18
siblings	: 1
core id		: 0
cpu cores	: 1
apicid		: 18
initial apicid	: 18
fpu		: yes
fpu_exception	: yes
cpuid level	: 5
wp		: yes
flags		: fpu vme de pse tsc msr pae mce cx8 apic sep mtrr pge mca cmov pat pse36 clflush mmx fxsr sse sse2 syscall nx mmxext fxsr_opt pdpe1gb lm 3dnowext 3dnow rep_good nopl extd_apicid pni cx16 x2apic popcnt hypervisor lahf_lm cmp_legacy svm cr8_legacy abm sse4a misalignsse 3dnowprefetch osvw npt nrip_save vmmcall
bugs		: tlb_mmatch fxsave_leak
bogomips	: 4800.28
TLB size	: 1024 4K pages
clflush size	: 64
cache_alignment	: 64
address sizes	: 40 bits physical, 48 bits virtual
power management:

processor	: 19
vendor_id	: AuthenticAMD
cpu family	: 16
model		: 9
model name	: AMD Opteron(tm) Processor 6136
stepping	: 1
microcode	: 0x1000065
cpu MHz		: 2400.142
cache size	: 512 KB
physical id	: 19
siblings	: 1
core id		: 0
cpu cores	: 1
apicid		: 19
initial apicid	: 19
fpu		: yes
fpu_exception	: yes
cpuid level	: 5
wp		: yes
flags		: fpu vme de pse tsc msr pae mce cx8 apic sep mtrr pge mca cmov pat pse36 clflush mmx fxsr sse sse2 syscall nx mmxext fxsr_opt pdpe1gb lm 3dnowext 3dnow rep_good nopl extd_apicid pni cx16 x2apic popcnt hypervisor lahf_lm cmp_legacy svm cr8_legacy abm sse4a misalignsse 3dnowprefetch osvw npt nrip_save vmmcall
bugs		: tlb_mmatch fxsave_leak
bogomips	: 4800.28
TLB size	: 1024 4K pages
clflush size	: 64
cache_alignment	: 64
address sizes	: 40 bits physical, 48 bits virtual
power management:

processor	: 20
vendor_id	: AuthenticAMD
cpu family	: 16
model		: 9
model name	: AMD Opteron(tm) Processor 6136
stepping	: 1
microcode	: 0x1000065
cpu MHz		: 2400.142
cache size	: 512 KB
physical id	: 20
siblings	: 1
core id		: 0
cpu cores	: 1
apicid		: 20
initial apicid	: 20
fpu		: yes
fpu_exception	: yes
cpuid level	: 5
wp		: yes
flags		: fpu vme de pse tsc msr pae mce cx8 apic sep mtrr pge mca cmov pat pse36 clflush mmx fxsr sse sse2 syscall nx mmxext fxsr_opt pdpe1gb lm 3dnowext 3dnow rep_good nopl extd_apicid pni cx16 x2apic popcnt hypervisor lahf_lm cmp_legacy svm cr8_legacy abm sse4a misalignsse 3dnowprefetch osvw npt nrip_save vmmcall
bugs		: tlb_mmatch fxsave_leak
bogomips	: 4800.28
TLB size	: 1024 4K pages
clflush size	: 64
cache_alignment	: 64
address sizes	: 40 bits physical, 48 bits virtual
power management:

processor	: 21
vendor_id	: AuthenticAMD
cpu family	: 16
model		: 9
model name	: AMD Opteron(tm) Processor 6136
stepping	: 1
microcode	: 0x1000065
cpu MHz		: 2400.142
cache size	: 512 KB
physical id	: 21
siblings	: 1
core id		: 0
cpu cores	: 1
apicid		: 21
initial apicid	: 21
fpu		: yes
fpu_exception	: yes
cpuid level	: 5
wp		: yes
flags		: fpu vme de pse tsc msr pae mce cx8 apic sep mtrr pge mca cmov pat pse36 clflush mmx fxsr sse sse2 syscall nx mmxext fxsr_opt pdpe1gb lm 3dnowext 3dnow rep_good nopl extd_apicid pni cx16 x2apic popcnt hypervisor lahf_lm cmp_legacy svm cr8_legacy abm sse4a misalignsse 3dnowprefetch osvw npt nrip_save vmmcall
bugs		: tlb_mmatch fxsave_leak
bogomips	: 4800.28
TLB size	: 1024 4K pages
clflush size	: 64
cache_alignment	: 64
address sizes	: 40 bits physical, 48 bits virtual
power management:

processor	: 22
vendor_id	: AuthenticAMD
cpu family	: 16
model		: 9
model name	: AMD Opteron(tm) Processor 6136
stepping	: 1
microcode	: 0x1000065
cpu MHz		: 2400.142
cache size	: 512 KB
physical id	: 22
siblings	: 1
core id		: 0
cpu cores	: 1
apicid		: 22
initial apicid	: 22
fpu		: yes
fpu_exception	: yes
cpuid level	: 5
wp		: yes
flags		: fpu vme de pse tsc msr pae mce cx8 apic sep mtrr pge mca cmov pat pse36 clflush mmx fxsr sse sse2 syscall nx mmxext fxsr_opt pdpe1gb lm 3dnowext 3dnow rep_good nopl extd_apicid pni cx16 x2apic popcnt hypervisor lahf_lm cmp_legacy svm cr8_legacy abm sse4a misalignsse 3dnowprefetch osvw npt nrip_save vmmcall
bugs		: tlb_mmatch fxsave_leak
bogomips	: 4800.28
TLB size	: 1024 4K pages
clflush size	: 64
cache_alignment	: 64
address sizes	: 40 bits physical, 48 bits virtual
power management:

processor	: 23
vendor_id	: AuthenticAMD
cpu family	: 16
model		: 9
model name	: AMD Opteron(tm) Processor 6136
stepping	: 1
microcode	: 0x1000065
cpu MHz		: 2400.142
cache size	: 512 KB
physical id	: 23
siblings	: 1
core id		: 0
cpu cores	: 1
apicid		: 23
initial apicid	: 23
fpu		: yes
fpu_exception	: yes
cpuid level	: 5
wp		: yes
flags		: fpu vme de pse tsc msr pae mce cx8 apic sep mtrr pge mca cmov pat pse36 clflush mmx fxsr sse sse2 syscall nx mmxext fxsr_opt pdpe1gb lm 3dnowext 3dnow rep_good nopl extd_apicid pni cx16 x2apic popcnt hypervisor lahf_lm cmp_legacy svm cr8_legacy abm sse4a misalignsse 3dnowprefetch osvw npt nrip_save vmmcall
bugs		: tlb_mmatch fxsave_leak
bogomips	: 4800.28
TLB size	: 1024 4K pages
clflush size	: 64
cache_alignment	: 64
address sizes	: 40 bits physical, 48 bits virtual
power management:

processor	: 24
vendor_id	: AuthenticAMD
cpu family	: 16
model		: 9
model name	: AMD Opteron(tm) Processor 6136
stepping	: 1
microcode	: 0x1000065
cpu MHz		: 2400.142
cache size	: 512 KB
physical id	: 24
siblings	: 1
core id		: 0
cpu cores	: 1
apicid		: 24
initial apicid	: 24
fpu		: yes
fpu_exception	: yes
cpuid level	: 5
wp		: yes
flags		: fpu vme de pse tsc msr pae mce cx8 apic sep mtrr pge mca cmov pat pse36 clflush mmx fxsr sse sse2 syscall nx mmxext fxsr_opt pdpe1gb lm 3dnowext 3dnow rep_good nopl extd_apicid pni cx16 x2apic popcnt hypervisor lahf_lm cmp_legacy svm cr8_legacy abm sse4a misalignsse 3dnowprefetch osvw npt nrip_save vmmcall
bugs		: tlb_mmatch fxsave_leak
bogomips	: 4800.28
TLB size	: 1024 4K pages
clflush size	: 64
cache_alignment	: 64
address sizes	: 40 bits physical, 48 bits virtual
power management:

processor	: 25
vendor_id	: AuthenticAMD
cpu family	: 16
model		: 9
model name	: AMD Opteron(tm) Processor 6136
stepping	: 1
microcode	: 0x1000065
cpu MHz		: 2400.142
cache size	: 512 KB
physical id	: 25
siblings	: 1
core id		: 0
cpu cores	: 1
apicid		: 25
initial apicid	: 25
fpu		: yes
fpu_exception	: yes
cpuid level	: 5
wp		: yes
flags		: fpu vme de pse tsc msr pae mce cx8 apic sep mtrr pge mca cmov pat pse36 clflush mmx fxsr sse sse2 syscall nx mmxext fxsr_opt pdpe1gb lm 3dnowext 3dnow rep_good nopl extd_apicid pni cx16 x2apic popcnt hypervisor lahf_lm cmp_legacy svm cr8_legacy abm sse4a misalignsse 3dnowprefetch osvw npt nrip_save vmmcall
bugs		: tlb_mmatch fxsave_leak
bogomips	: 4800.28
TLB size	: 1024 4K pages
clflush size	: 64
cache_alignment	: 64
address sizes	: 40 bits physical, 48 bits virtual
power management:

processor	: 26
vendor_id	: AuthenticAMD
cpu family	: 16
model		: 9
model name	: AMD Opteron(tm) Processor 6136
stepping	: 1
microcode	: 0x1000065
cpu MHz		: 2400.142
cache size	: 512 KB
physical id	: 26
siblings	: 1
core id		: 0
cpu cores	: 1
apicid		: 26
initial apicid	: 26
fpu		: yes
fpu_exception	: yes
cpuid level	: 5
wp		: yes
flags		: fpu vme de pse tsc msr pae mce cx8 apic sep mtrr pge mca cmov pat pse36 clflush mmx fxsr sse sse2 syscall nx mmxext fxsr_opt pdpe1gb lm 3dnowext 3dnow rep_good nopl extd_apicid pni cx16 x2apic popcnt hypervisor lahf_lm cmp_legacy svm cr8_legacy abm sse4a misalignsse 3dnowprefetch osvw npt nrip_save vmmcall
bugs		: tlb_mmatch fxsave_leak
bogomips	: 4800.28
TLB size	: 1024 4K pages
clflush size	: 64
cache_alignment	: 64
address sizes	: 40 bits physical, 48 bits virtual
power management:

processor	: 27
vendor_id	: AuthenticAMD
cpu family	: 16
model		: 9
model name	: AMD Opteron(tm) Processor 6136
stepping	: 1
microcode	: 0x1000065
cpu MHz		: 2400.142
cache size	: 512 KB
physical id	: 27
siblings	: 1
core id		: 0
cpu cores	: 1
apicid		: 27
initial apicid	: 27
fpu		: yes
fpu_exception	: yes
cpuid level	: 5
wp		: yes
flags		: fpu vme de pse tsc msr pae mce cx8 apic sep mtrr pge mca cmov pat pse36 clflush mmx fxsr sse sse2 syscall nx mmxext fxsr_opt pdpe1gb lm 3dnowext 3dnow rep_good nopl extd_apicid pni cx16 x2apic popcnt hypervisor lahf_lm cmp_legacy svm cr8_legacy abm sse4a misalignsse 3dnowprefetch osvw npt nrip_save vmmcall
bugs		: tlb_mmatch fxsave_leak
bogomips	: 4800.28
TLB size	: 1024 4K pages
clflush size	: 64
cache_alignment	: 64
address sizes	: 40 bits physical, 48 bits virtual
power management:

processor	: 28
vendor_id	: AuthenticAMD
cpu family	: 16
model		: 9
model name	: AMD Opteron(tm) Processor 6136
stepping	: 1
microcode	: 0x1000065
cpu MHz		: 2400.142
cache size	: 512 KB
physical id	: 28
siblings	: 1
core id		: 0
cpu cores	: 1
apicid		: 28
initial apicid	: 28
fpu		: yes
fpu_exception	: yes
cpuid level	: 5
wp		: yes
flags		: fpu vme de pse tsc msr pae mce cx8 apic sep mtrr pge mca cmov pat pse36 clflush mmx fxsr sse sse2 syscall nx mmxext fxsr_opt pdpe1gb lm 3dnowext 3dnow rep_good nopl extd_apicid pni cx16 x2apic popcnt hypervisor lahf_lm cmp_legacy svm cr8_legacy abm sse4a misalignsse 3dnowprefetch osvw npt nrip_save vmmcall
bugs		: tlb_mmatch fxsave_leak
bogomips	: 4800.28
TLB size	: 1024 4K pages
clflush size	: 64
cache_alignment	: 64
address sizes	: 40 bits physical, 48 bits virtual
power management:

processor	: 29
vendor_id	: AuthenticAMD
cpu family	: 16
model		: 9
model name	: AMD Opteron(tm) Processor 6136
stepping	: 1
microcode	: 0x1000065
cpu MHz		: 2400.142
cache size	: 512 KB
physical id	: 29
siblings	: 1
core id		: 0
cpu cores	: 1
apicid		: 29
initial apicid	: 29
fpu		: yes
fpu_exception	: yes
cpuid level	: 5
wp		: yes
flags		: fpu vme de pse tsc msr pae mce cx8 apic sep mtrr pge mca cmov pat pse36 clflush mmx fxsr sse sse2 syscall nx mmxext fxsr_opt pdpe1gb lm 3dnowext 3dnow rep_good nopl extd_apicid pni cx16 x2apic popcnt hypervisor lahf_lm cmp_legacy svm cr8_legacy abm sse4a misalignsse 3dnowprefetch osvw npt nrip_save vmmcall
bugs		: tlb_mmatch fxsave_leak
bogomips	: 4800.28
TLB size	: 1024 4K pages
clflush size	: 64
cache_alignment	: 64
address sizes	: 40 bits physical, 48 bits virtual
power management:

processor	: 30
vendor_id	: AuthenticAMD
cpu family	: 16
model		: 9
model name	: AMD Opteron(tm) Processor 6136
stepping	: 1
microcode	: 0x1000065
cpu MHz		: 2400.142
cache size	: 512 KB
physical id	: 30
siblings	: 1
core id		: 0
cpu cores	: 1
apicid		: 30
initial apicid	: 30
fpu		: yes
fpu_exception	: yes
cpuid level	: 5
wp		: yes
flags		: fpu vme de pse tsc msr pae mce cx8 apic sep mtrr pge mca cmov pat pse36 clflush mmx fxsr sse sse2 syscall nx mmxext fxsr_opt pdpe1gb lm 3dnowext 3dnow rep_good nopl extd_apicid pni cx16 x2apic popcnt hypervisor lahf_lm cmp_legacy svm cr8_legacy abm sse4a misalignsse 3dnowprefetch osvw npt nrip_save vmmcall
bugs		: tlb_mmatch fxsave_leak
bogomips	: 4800.28
TLB size	: 1024 4K pages
clflush size	: 64
cache_alignment	: 64
address sizes	: 40 bits physical, 48 bits virtual
power management:

processor	: 31
vendor_id	: AuthenticAMD
cpu family	: 16
model		: 9
model name	: AMD Opteron(tm) Processor 6136
stepping	: 1
microcode	: 0x1000065
cpu MHz		: 2400.142
cache size	: 512 KB
physical id	: 31
siblings	: 1
core id		: 0
cpu cores	: 1
apicid		: 31
initial apicid	: 31
fpu		: yes
fpu_exception	: yes
cpuid level	: 5
wp		: yes
flags		: fpu vme de pse tsc msr pae mce cx8 apic sep mtrr pge mca cmov pat pse36 clflush mmx fxsr sse sse2 syscall nx mmxext fxsr_opt pdpe1gb lm 3dnowext 3dnow rep_good nopl extd_apicid pni cx16 x2apic popcnt hypervisor lahf_lm cmp_legacy svm cr8_legacy abm sse4a misalignsse 3dnowprefetch osvw npt nrip_save vmmcall
bugs		: tlb_mmatch fxsave_leak
bogomips	: 4800.28
TLB size	: 1024 4K pages
clflush size	: 64
cache_alignment	: 64
address sizes	: 40 bits physical, 48 bits virtual
power management:



Memory: 4k page, physical 127909028k(603184k free), swap 0k(0k free)

vm_info: Java HotSpot(TM) 64-Bit Server VM (25.45-b02) for linux-amd64 JRE (1.8.0_45-b14), built on Apr 10 2015 10:07:45 by "java_re" with gcc 4.3.0 20080428 (Red Hat 4.3.0-8)

time: Sun Dec 27 20:52:46 2015
elapsed time: 593687 seconds (6d 20h 54m 47s)

