#
# There is insufficient memory for the Java Runtime Environment to continue.
# Native memory allocation (mmap) failed to map 1194328064 bytes for committing reserved memory.
# Possible reasons:
#   The system is out of physical RAM or swap space
#   In 32 bit mode, the process size limit was hit
# Possible solutions:
#   Reduce memory load on the system
#   Increase physical memory or swap space
#   Check if swap backing store is full
#   Use 64 bit Java on a 64 bit OS
#   Decrease Java heap size (-Xmx/-Xms)
#   Decrease number of Java threads
#   Decrease Java thread stack sizes (-Xss)
#   Set larger code cache with -XX:ReservedCodeCacheSize=
# This output file may be truncated or incomplete.
#
#  Out of Memory Error (os_linux.cpp:2673), pid=6231, tid=140514338748160
#
# JRE version: Java(TM) SE Runtime Environment (8.0_45-b14) (build 1.8.0_45-b14)
# Java VM: Java HotSpot(TM) 64-Bit Server VM (25.45-b02 mixed mode linux-amd64 compressed oops)
# Failed to write core dump. Core dumps have been disabled. To enable core dumping, try "ulimit -c unlimited" before starting Java again
#

---------------  T H R E A D  ---------------

Current thread (0x00007fcc8c3c6000):  VMThread [stack: 0x00007fcc0b2f3000,0x00007fcc0b3f4000] [id=6485]

Stack: [0x00007fcc0b2f3000,0x00007fcc0b3f4000],  sp=0x00007fcc0b3f22e0,  free space=1020k
Native frames: (J=compiled Java code, j=interpreted, Vv=VM code, C=native code)
V  [libjvm.so+0xaac99a]  VMError::report_and_die()+0x2ba
V  [libjvm.so+0x4f333b]  report_vm_out_of_memory(char const*, int, unsigned long, VMErrorType, char const*)+0x8b
V  [libjvm.so+0x90e7c3]  os::Linux::commit_memory_impl(char*, unsigned long, bool)+0x103
V  [libjvm.so+0x90ed19]  os::pd_commit_memory(char*, unsigned long, unsigned long, bool)+0x29
V  [libjvm.so+0x90867a]  os::commit_memory(char*, unsigned long, unsigned long, bool)+0x2a
V  [libjvm.so+0x97bac3]  PSVirtualSpace::expand_by(unsigned long)+0x53
V  [libjvm.so+0x97cec8]  PSYoungGen::resize_generation(unsigned long, unsigned long)+0xf8
V  [libjvm.so+0x97c022]  PSYoungGen::resize(unsigned long, unsigned long)+0x22
V  [libjvm.so+0x9792fb]  PSScavenge::invoke_no_policy()+0xf7b
V  [libjvm.so+0x979a81]  PSScavenge::invoke()+0x41
V  [libjvm.so+0x932050]  ParallelScavengeHeap::failed_mem_allocate(unsigned long)+0x70
V  [libjvm.so+0xaae1d7]  VM_ParallelGCFailedAllocation::doit()+0x97
V  [libjvm.so+0xab59c5]  VM_Operation::evaluate()+0x55
V  [libjvm.so+0xab3d9a]  VMThread::evaluate_operation(VM_Operation*)+0xba
V  [libjvm.so+0xab411e]  VMThread::loop()+0x1ce
V  [libjvm.so+0xab4590]  VMThread::run()+0x70
V  [libjvm.so+0x910de8]  java_start(Thread*)+0x108

VM_Operation (0x00007fcc09817310): ParallelGCFailedAllocation, mode: safepoint, requested by thread 0x00007fcc8c4cc000


---------------  P R O C E S S  ---------------

Java Threads: ( => current thread )
  0x00007fcc8c4cc000 JavaThread "pool-1-thread-1" [_thread_blocked, id=6692, stack(0x00007fcc09718000,0x00007fcc09819000)]
  0x00007fcc8c426800 JavaThread "Service Thread" daemon [_thread_blocked, id=6676, stack(0x00007fcc09a28000,0x00007fcc09b29000)]
  0x00007fcc8c421800 JavaThread "C1 CompilerThread14" daemon [_thread_blocked, id=6663, stack(0x00007fcc09b29000,0x00007fcc09c2a000)]
  0x00007fcc8c41f800 JavaThread "C1 CompilerThread13" daemon [_thread_blocked, id=6658, stack(0x00007fcc09c2a000,0x00007fcc09d2b000)]
  0x00007fcc8c41d800 JavaThread "C1 CompilerThread12" daemon [_thread_blocked, id=6655, stack(0x00007fcc09d2b000,0x00007fcc09e2c000)]
  0x00007fcc8c41b800 JavaThread "C1 CompilerThread11" daemon [_thread_blocked, id=6627, stack(0x00007fcc09e2c000,0x00007fcc09f2d000)]
  0x00007fcc8c419800 JavaThread "C1 CompilerThread10" daemon [_thread_blocked, id=6619, stack(0x00007fcc09f2d000,0x00007fcc0a02e000)]
  0x00007fcc8c417800 JavaThread "C2 CompilerThread9" daemon [_thread_blocked, id=6607, stack(0x00007fcc0a02e000,0x00007fcc0a12f000)]
  0x00007fcc8c415800 JavaThread "C2 CompilerThread8" daemon [_thread_blocked, id=6603, stack(0x00007fcc0a12f000,0x00007fcc0a230000)]
  0x00007fcc8c413800 JavaThread "C2 CompilerThread7" daemon [_thread_blocked, id=6598, stack(0x00007fcc0a230000,0x00007fcc0a331000)]
  0x00007fcc8c411800 JavaThread "C2 CompilerThread6" daemon [_thread_blocked, id=6566, stack(0x00007fcc0a331000,0x00007fcc0a432000)]
  0x00007fcc8c40f800 JavaThread "C2 CompilerThread5" daemon [_thread_blocked, id=6560, stack(0x00007fcc0a432000,0x00007fcc0a533000)]
  0x00007fcc8c40d800 JavaThread "C2 CompilerThread4" daemon [_thread_blocked, id=6547, stack(0x00007fcc0a533000,0x00007fcc0a634000)]
  0x00007fcc8c40b800 JavaThread "C2 CompilerThread3" daemon [_thread_blocked, id=6537, stack(0x00007fcc0a634000,0x00007fcc0a735000)]
  0x00007fcc8c409000 JavaThread "C2 CompilerThread2" daemon [_thread_blocked, id=6534, stack(0x00007fcc0a735000,0x00007fcc0a836000)]
  0x00007fcc8c407800 JavaThread "C2 CompilerThread1" daemon [_thread_blocked, id=6529, stack(0x00007fcc0a836000,0x00007fcc0a937000)]
  0x00007fcc8c404800 JavaThread "C2 CompilerThread0" daemon [_thread_blocked, id=6527, stack(0x00007fcc0a937000,0x00007fcc0aa38000)]
  0x00007fcc8c403000 JavaThread "Signal Dispatcher" daemon [_thread_blocked, id=6513, stack(0x00007fcc0aa38000,0x00007fcc0ab39000)]
  0x00007fcc8c3cd000 JavaThread "Finalizer" daemon [_thread_blocked, id=6506, stack(0x00007fcc0b0f1000,0x00007fcc0b1f2000)]
  0x00007fcc8c3cb000 JavaThread "Reference Handler" daemon [_thread_blocked, id=6496, stack(0x00007fcc0b1f2000,0x00007fcc0b2f3000)]
  0x00007fcc8c00a800 JavaThread "main" [_thread_blocked, id=6245, stack(0x00007fcc927db000,0x00007fcc928dc000)]

Other Threads:
=>0x00007fcc8c3c6000 VMThread [stack: 0x00007fcc0b2f3000,0x00007fcc0b3f4000] [id=6485]
  0x00007fcc8c429000 WatcherThread [stack: 0x00007fcc09927000,0x00007fcc09a28000] [id=6679]

VM state:at safepoint (normal execution)

VM Mutex/Monitor currently owned by a thread:  ([mutex/lock_event])
[0x00007fcc8c006000] Threads_lock - owner thread: 0x00007fcc8c3c6000
[0x00007fcc8c006500] Heap_lock - owner thread: 0x00007fcc8c4cc000

Heap:
 PSYoungGen      total 2083840K, used 82922K [0x00000006f4900000, 0x0000000778d00000, 0x00000007c0000000)
  eden space 2000896K, 0% used [0x00000006f4900000,0x00000006f4900000,0x000000076eb00000)
  from space 82944K, 99% used [0x000000076eb00000,0x0000000773bfaaa0,0x0000000773c00000)
  to   space 82944K, 0% used [0x0000000773c00000,0x0000000773c00000,0x0000000778d00000)
 ParOldGen       total 1332736K, used 650608K [0x000000055da00000, 0x00000005aef80000, 0x00000006f4900000)
  object space 1332736K, 48% used [0x000000055da00000,0x000000058555c020,0x00000005aef80000)
 Metaspace       used 5094K, capacity 5284K, committed 5504K, reserved 1056768K
  class space    used 567K, capacity 608K, committed 640K, reserved 1048576K

Card table byte_map: [0x00007fcc7aed2000,0x00007fcc7c1e6000] byte_map_base: 0x00007fcc783e5000

Marking Bits: (ParMarkBitMap*) 0x00007fcc91cd4760
 Begin Bits: [0x00007fcc3ced0000, 0x00007fcc46768000)
 End Bits:   [0x00007fcc46768000, 0x00007fcc50000000)

Polling page: 0x00007fcc9291b000

CodeCache: size=245760Kb used=5090Kb max_used=5099Kb free=240669Kb
 bounds [0x00007fcc7c5a6000, 0x00007fcc7cab6000, 0x00007fcc8b5a6000]
 total_blobs=1005 nmethods=712 adapters=205
 compilation: enabled

Compilation events (10 events):
Event: 8,231 Thread 0x00007fcc8c415800 nmethod 706 0x00007fcc7ca8e1d0 code [0x00007fcc7ca8e320, 0x00007fcc7ca8e438]
Event: 8,232 Thread 0x00007fcc8c40b800 nmethod 708 0x00007fcc7ca93690 code [0x00007fcc7ca937e0, 0x00007fcc7ca93978]
Event: 8,233 Thread 0x00007fcc8c413800 nmethod 709 0x00007fcc7ca93090 code [0x00007fcc7ca93200, 0x00007fcc7ca933d8]
Event: 8,329 Thread 0x00007fcc8c407800 nmethod 701 0x00007fcc7ca9e4d0 code [0x00007fcc7ca9e9a0, 0x00007fcc7caa2268]
Event: 8,455 Thread 0x00007fcc8c415800  710       4       java.util.ArrayList::indexOf (67 bytes)
Event: 8,459 Thread 0x00007fcc8c415800 nmethod 710 0x00007fcc7ca8d410 code [0x00007fcc7ca8d560, 0x00007fcc7ca8d6d8]
Event: 8,459 Thread 0x00007fcc8c415800  711       4       java.util.ArrayList::contains (14 bytes)
Event: 8,463 Thread 0x00007fcc8c415800 nmethod 711 0x00007fcc7ca8cf90 code [0x00007fcc7ca8d0e0, 0x00007fcc7ca8d298]
Event: 8,762 Thread 0x00007fcc8c409000  712       4       org.uma.jmetal.metaheuristic.multiobjective.ibea.IBEA::computeIndicatorValuesHD (246 bytes)
Event: 8,828 Thread 0x00007fcc8c409000 nmethod 712 0x00007fcc7caa60d0 code [0x00007fcc7caa63c0, 0x00007fcc7caa7b58]

GC Heap History (9 events):
Event: 3,191 GC heap before
{Heap before GC invocations=1 (full 0):
 PSYoungGen      total 583168K, used 500224K [0x00000006f4900000, 0x000000071d380000, 0x00000007c0000000)
  eden space 500224K, 100% used [0x00000006f4900000,0x0000000713180000,0x0000000713180000)
  from space 82944K, 0% used [0x0000000718280000,0x0000000718280000,0x000000071d380000)
  to   space 82944K, 0% used [0x0000000713180000,0x0000000713180000,0x0000000718280000)
 ParOldGen       total 1332736K, used 0K [0x000000055da00000, 0x00000005aef80000, 0x00000006f4900000)
  object space 1332736K, 0% used [0x000000055da00000,0x000000055da00000,0x00000005aef80000)
 Metaspace       used 5060K, capacity 5220K, committed 5504K, reserved 1056768K
  class space    used 566K, capacity 608K, committed 640K, reserved 1048576K
Event: 3,231 GC heap after
Heap after GC invocations=1 (full 0):
 PSYoungGen      total 583168K, used 6128K [0x00000006f4900000, 0x000000073bc00000, 0x00000007c0000000)
  eden space 500224K, 0% used [0x00000006f4900000,0x00000006f4900000,0x0000000713180000)
  from space 82944K, 7% used [0x0000000713180000,0x000000071377c010,0x0000000718280000)
  to   space 82944K, 0% used [0x0000000736b00000,0x0000000736b00000,0x000000073bc00000)
 ParOldGen       total 1332736K, used 8K [0x000000055da00000, 0x00000005aef80000, 0x00000006f4900000)
  object space 1332736K, 0% used [0x000000055da00000,0x000000055da02000,0x00000005aef80000)
 Metaspace       used 5060K, capacity 5220K, committed 5504K, reserved 1056768K
  class space    used 566K, capacity 608K, committed 640K, reserved 1048576K
}
Event: 4,153 GC heap before
{Heap before GC invocations=2 (full 0):
 PSYoungGen      total 583168K, used 506352K [0x00000006f4900000, 0x000000073bc00000, 0x00000007c0000000)
  eden space 500224K, 100% used [0x00000006f4900000,0x0000000713180000,0x0000000713180000)
  from space 82944K, 7% used [0x0000000713180000,0x000000071377c010,0x0000000718280000)
  to   space 82944K, 0% used [0x0000000736b00000,0x0000000736b00000,0x000000073bc00000)
 ParOldGen       total 1332736K, used 8K [0x000000055da00000, 0x00000005aef80000, 0x00000006f4900000)
  object space 1332736K, 0% used [0x000000055da00000,0x000000055da02000,0x00000005aef80000)
 Metaspace       used 5063K, capacity 5220K, committed 5504K, reserved 1056768K
  class space    used 566K, capacity 608K, committed 640K, reserved 1048576K
Event: 4,370 GC heap after
Heap after GC invocations=2 (full 0):
 PSYoungGen      total 1083392K, used 82912K [0x00000006f4900000, 0x000000073bc00000, 0x00000007c0000000)
  eden space 1000448K, 0% used [0x00000006f4900000,0x00000006f4900000,0x0000000731a00000)
  from space 82944K, 99% used [0x0000000736b00000,0x000000073bbf8020,0x000000073bc00000)
  to   space 82944K, 0% used [0x0000000731a00000,0x0000000731a00000,0x0000000736b00000)
 ParOldGen       total 1332736K, used 30284K [0x000000055da00000, 0x00000005aef80000, 0x00000006f4900000)
  object space 1332736K, 2% used [0x000000055da00000,0x000000055f793180,0x00000005aef80000)
 Metaspace       used 5063K, capacity 5220K, committed 5504K, reserved 1056768K
  class space    used 566K, capacity 608K, committed 640K, reserved 1048576K
}
Event: 9,433 GC heap before
{Heap before GC invocations=3 (full 0):
 PSYoungGen      total 1083392K, used 1083360K [0x00000006f4900000, 0x000000073bc00000, 0x00000007c0000000)
  eden space 1000448K, 100% used [0x00000006f4900000,0x0000000731a00000,0x0000000731a00000)
  from space 82944K, 99% used [0x0000000736b00000,0x000000073bbf8020,0x000000073bc00000)
  to   space 82944K, 0% used [0x0000000731a00000,0x0000000731a00000,0x0000000736b00000)
 ParOldGen       total 1332736K, used 30284K [0x000000055da00000, 0x00000005aef80000, 0x00000006f4900000)
  object space 1332736K, 2% used [0x000000055da00000,0x000000055f793180,0x00000005aef80000)
 Metaspace       used 5094K, capacity 5284K, committed 5504K, reserved 1056768K
  class space    used 567K, capacity 608K, committed 640K, reserved 1048576K
Event: 9,532 GC heap after
Heap after GC invocations=3 (full 0):
 PSYoungGen      total 1083392K, used 56952K [0x00000006f4900000, 0x0000000778d00000, 0x00000007c0000000)
  eden space 1000448K, 0% used [0x00000006f4900000,0x00000006f4900000,0x0000000731a00000)
  from space 82944K, 68% used [0x0000000731a00000,0x000000073519e170,0x0000000736b00000)
  to   space 82944K, 0% used [0x0000000773c00000,0x0000000773c00000,0x0000000778d00000)
 ParOldGen       total 1332736K, used 30292K [0x000000055da00000, 0x00000005aef80000, 0x00000006f4900000)
  object space 1332736K, 2% used [0x000000055da00000,0x000000055f795180,0x00000005aef80000)
 Metaspace       used 5094K, capacity 5284K, committed 5504K, reserved 1056768K
  class space    used 567K, capacity 608K, committed 640K, reserved 1048576K
}
Event: 11,724 GC heap before
{Heap before GC invocations=4 (full 0):
 PSYoungGen      total 1083392K, used 1057400K [0x00000006f4900000, 0x0000000778d00000, 0x00000007c0000000)
  eden space 1000448K, 100% used [0x00000006f4900000,0x0000000731a00000,0x0000000731a00000)
  from space 82944K, 68% used [0x0000000731a00000,0x000000073519e170,0x0000000736b00000)
  to   space 82944K, 0% used [0x0000000773c00000,0x0000000773c00000,0x0000000778d00000)
 ParOldGen       total 1332736K, used 30292K [0x000000055da00000, 0x00000005aef80000, 0x00000006f4900000)
  object space 1332736K, 2% used [0x000000055da00000,0x000000055f795180,0x00000005aef80000)
 Metaspace       used 5094K, capacity 5284K, committed 5504K, reserved 1056768K
  class space    used 567K, capacity 608K, committed 640K, reserved 1048576K
Event: 12,160 GC heap after
Heap after GC invocations=4 (full 0):
 PSYoungGen      total 2083840K, used 82926K [0x00000006f4900000, 0x0000000778d00000, 0x00000007c0000000)
  eden space 2000896K, 0% used [0x00000006f4900000,0x00000006f4900000,0x000000076eb00000)
  from space 82944K, 99% used [0x0000000773c00000,0x0000000778cfbb00,0x0000000778d00000)
  to   space 82944K, 0% used [0x000000076eb00000,0x000000076eb00000,0x0000000773c00000)
 ParOldGen       total 1332736K, used 219441K [0x000000055da00000, 0x00000005aef80000, 0x00000006f4900000)
  object space 1332736K, 16% used [0x000000055da00000,0x000000056b04c408,0x00000005aef80000)
 Metaspace       used 5094K, capacity 5284K, committed 5504K, reserved 1056768K
  class space    used 567K, capacity 608K, committed 640K, reserved 1048576K
}
Event: 17,004 GC heap before
{Heap before GC invocations=5 (full 0):
 PSYoungGen      total 2083840K, used 2083822K [0x00000006f4900000, 0x0000000778d00000, 0x00000007c0000000)
  eden space 2000896K, 100% used [0x00000006f4900000,0x000000076eb00000,0x000000076eb00000)
  from space 82944K, 99% used [0x0000000773c00000,0x0000000778cfbb00,0x0000000778d00000)
  to   space 82944K, 0% used [0x000000076eb00000,0x000000076eb00000,0x0000000773c00000)
 ParOldGen       total 1332736K, used 219441K [0x000000055da00000, 0x00000005aef80000, 0x00000006f4900000)
  object space 1332736K, 16% used [0x000000055da00000,0x000000056b04c408,0x00000005aef80000)
 Metaspace       used 5094K, capacity 5284K, committed 5504K, reserved 1056768K
  class space    used 567K, capacity 608K, committed 640K, reserved 1048576K

Deoptimization events (9 events):
Event: 1,570 Thread 0x00007fcc8c4cc000 Uncommon trap: reason=unstable_if action=reinterpret pc=0x00007fcc7c9c5378 method=java.util.HashMap.putVal(ILjava/lang/Object;Ljava/lang/Object;ZZ)Ljava/lang/Object; @ 94
Event: 1,570 Thread 0x00007fcc8c4cc000 Uncommon trap: reason=unstable_if action=reinterpret pc=0x00007fcc7c9aeed0 method=java.util.HashMap.putVal(ILjava/lang/Object;Ljava/lang/Object;ZZ)Ljava/lang/Object; @ 94
Event: 2,809 Thread 0x00007fcc8c4cc000 Uncommon trap: reason=unstable_if action=reinterpret pc=0x00007fcc7ca19e00 method=java.util.HashMap.putVal(ILjava/lang/Object;Ljava/lang/Object;ZZ)Ljava/lang/Object; @ 162
Event: 2,809 Thread 0x00007fcc8c4cc000 Uncommon trap: reason=unstable_if action=reinterpret pc=0x00007fcc7c9d18d0 method=java.util.HashMap.putVal(ILjava/lang/Object;Ljava/lang/Object;ZZ)Ljava/lang/Object; @ 162
Event: 2,809 Thread 0x00007fcc8c4cc000 Uncommon trap: reason=unstable_if action=reinterpret pc=0x00007fcc7c9ccde8 method=java.util.HashMap.putVal(ILjava/lang/Object;Ljava/lang/Object;ZZ)Ljava/lang/Object; @ 162
Event: 2,809 Thread 0x00007fcc8c4cc000 Uncommon trap: reason=unstable_if action=reinterpret pc=0x00007fcc7c9c8ae4 method=java.util.HashMap.putVal(ILjava/lang/Object;Ljava/lang/Object;ZZ)Ljava/lang/Object; @ 162
Event: 2,810 Thread 0x00007fcc8c4cc000 Uncommon trap: reason=unstable_if action=reinterpret pc=0x00007fcc7ca00f9c method=java.util.HashMap.putVal(ILjava/lang/Object;Ljava/lang/Object;ZZ)Ljava/lang/Object; @ 162
Event: 2,810 Thread 0x00007fcc8c4cc000 Uncommon trap: reason=unstable_if action=reinterpret pc=0x00007fcc7c9e93b0 method=java.util.HashMap.putVal(ILjava/lang/Object;Ljava/lang/Object;ZZ)Ljava/lang/Object; @ 162
Event: 7,728 Thread 0x00007fcc8c4cc000 Uncommon trap: reason=unstable_if action=reinterpret pc=0x00007fcc7ca40924 method=edu.ufpr.cbio.psp.problem.PSPProblem.evaluate(Lorg/uma/jmetal/core/Solution;)V @ 330

Internal exceptions (8 events):
Event: 0,644 Thread 0x00007fcc8c00a800 Exception <a 'java/lang/NoSuchMethodError': Method sun.misc.Unsafe.defineClass(Ljava/lang/String;[BII)Ljava/lang/Class; name or signature does not match> (0x00000006f4912828) thrown at [/RE-WORK/workspace/8-2-build-linux-amd64/jdk8u45/3457/hotspot/src/sha
Event: 0,644 Thread 0x00007fcc8c00a800 Exception <a 'java/lang/NoSuchMethodError': Method sun.misc.Unsafe.prefetchRead(Ljava/lang/Object;J)V name or signature does not match> (0x00000006f4912ab8) thrown at [/RE-WORK/workspace/8-2-build-linux-amd64/jdk8u45/3457/hotspot/src/share/vm/prims/jni.cp
Event: 0,932 Thread 0x00007fcc8c00a800 Exception <a 'java/security/PrivilegedActionException'> (0x00000006f4a1e750) thrown at [/RE-WORK/workspace/8-2-build-linux-amd64/jdk8u45/3457/hotspot/src/share/vm/prims/jvm.cpp, line 1382]
Event: 0,933 Thread 0x00007fcc8c00a800 Exception <a 'java/security/PrivilegedActionException'> (0x00000006f4a1e908) thrown at [/RE-WORK/workspace/8-2-build-linux-amd64/jdk8u45/3457/hotspot/src/share/vm/prims/jvm.cpp, line 1382]
Event: 0,933 Thread 0x00007fcc8c00a800 Exception <a 'java/security/PrivilegedActionException'> (0x00000006f4a211a0) thrown at [/RE-WORK/workspace/8-2-build-linux-amd64/jdk8u45/3457/hotspot/src/share/vm/prims/jvm.cpp, line 1382]
Event: 0,933 Thread 0x00007fcc8c00a800 Exception <a 'java/security/PrivilegedActionException'> (0x00000006f4a21358) thrown at [/RE-WORK/workspace/8-2-build-linux-amd64/jdk8u45/3457/hotspot/src/share/vm/prims/jvm.cpp, line 1382]
Event: 1,316 Thread 0x00007fcc8c4cc000 Exception <a 'java/lang/NoSuchFieldError': method resolution failed> (0x00000006f716f9d0) thrown at [/RE-WORK/workspace/8-2-build-linux-amd64/jdk8u45/3457/hotspot/src/share/vm/prims/methodHandles.cpp, line 1125]
Event: 1,322 Thread 0x00007fcc8c4cc000 Exception <a 'java/lang/NoSuchFieldError': method resolution failed> (0x00000006f717e0c0) thrown at [/RE-WORK/workspace/8-2-build-linux-amd64/jdk8u45/3457/hotspot/src/share/vm/prims/methodHandles.cpp, line 1125]

Events (10 events):
Event: 8,207 Thread 0x00007fcc8c4cc000 DEOPT UNPACKING pc=0x00007fcc7c5ecf73 sp=0x00007fcc09817250 mode 0
Event: 8,271 Thread 0x00007fcc8c4cc000 DEOPT PACKING pc=0x00007fcc7ca6a5aa sp=0x00007fcc09817410
Event: 8,271 Thread 0x00007fcc8c4cc000 DEOPT UNPACKING pc=0x00007fcc7c5ecf73 sp=0x00007fcc09817250 mode 0
Event: 8,762 Thread 0x00007fcc8c4cc000 DEOPT PACKING pc=0x00007fcc7ca5a0a1 sp=0x00007fcc098173d0
Event: 8,762 Thread 0x00007fcc8c4cc000 DEOPT UNPACKING pc=0x00007fcc7c5ecf73 sp=0x00007fcc098171d0 mode 0
Event: 9,433 Executing VM operation: ParallelGCFailedAllocation
Event: 9,532 Executing VM operation: ParallelGCFailedAllocation done
Event: 11,724 Executing VM operation: ParallelGCFailedAllocation
Event: 12,160 Executing VM operation: ParallelGCFailedAllocation done
Event: 17,004 Executing VM operation: ParallelGCFailedAllocation


Dynamic libraries:
00400000-00401000 r-xp 00000000 00:2c 13572529                           /home/ppginf/vdfontoura/jdk1.8.0_45/bin/java
00600000-00601000 rw-p 00000000 00:2c 13572529                           /home/ppginf/vdfontoura/jdk1.8.0_45/bin/java
024c0000-024e1000 rw-p 00000000 00:00 0                                  [heap]
55da00000-5aef80000 rw-p 00000000 00:00 0 
5aef80000-6f4900000 ---p 00000000 00:00 0 
6f4900000-778d00000 rw-p 00000000 00:00 0 
7c0000000-7c00a0000 rw-p 00000000 00:00 0 
7c00a0000-800000000 ---p 00000000 00:00 0 
7fcba4000000-7fcba4056000 rw-p 00000000 00:00 0 
7fcba4056000-7fcba8000000 ---p 00000000 00:00 0 
7fcbac000000-7fcbac021000 rw-p 00000000 00:00 0 
7fcbac021000-7fcbb0000000 ---p 00000000 00:00 0 
7fcbb0000000-7fcbb0021000 rw-p 00000000 00:00 0 
7fcbb0021000-7fcbb4000000 ---p 00000000 00:00 0 
7fcbb4000000-7fcbb40f5000 rw-p 00000000 00:00 0 
7fcbb40f5000-7fcbb8000000 ---p 00000000 00:00 0 
7fcbb8000000-7fcbb805e000 rw-p 00000000 00:00 0 
7fcbb805e000-7fcbbc000000 ---p 00000000 00:00 0 
7fcbbc000000-7fcbbc077000 rw-p 00000000 00:00 0 
7fcbbc077000-7fcbc0000000 ---p 00000000 00:00 0 
7fcbc0000000-7fcbc00fb000 rw-p 00000000 00:00 0 
7fcbc00fb000-7fcbc4000000 ---p 00000000 00:00 0 
7fcbc4000000-7fcbc420a000 rw-p 00000000 00:00 0 
7fcbc420a000-7fcbc8000000 ---p 00000000 00:00 0 
7fcbc8000000-7fcbc80f1000 rw-p 00000000 00:00 0 
7fcbc80f1000-7fcbcc000000 ---p 00000000 00:00 0 
7fcbcc000000-7fcbcc2bc000 rw-p 00000000 00:00 0 
7fcbcc2bc000-7fcbd0000000 ---p 00000000 00:00 0 
7fcbd0000000-7fcbd0195000 rw-p 00000000 00:00 0 
7fcbd0195000-7fcbd4000000 ---p 00000000 00:00 0 
7fcbd4000000-7fcbd44bf000 rw-p 00000000 00:00 0 
7fcbd44bf000-7fcbd8000000 ---p 00000000 00:00 0 
7fcbd8000000-7fcbd8355000 rw-p 00000000 00:00 0 
7fcbd8355000-7fcbdc000000 ---p 00000000 00:00 0 
7fcbdc000000-7fcbdc2c2000 rw-p 00000000 00:00 0 
7fcbdc2c2000-7fcbe0000000 ---p 00000000 00:00 0 
7fcbe0000000-7fcbe02a0000 rw-p 00000000 00:00 0 
7fcbe02a0000-7fcbe4000000 ---p 00000000 00:00 0 
7fcbe4000000-7fcbe46dc000 rw-p 00000000 00:00 0 
7fcbe46dc000-7fcbe8000000 ---p 00000000 00:00 0 
7fcbe8000000-7fcbe8222000 rw-p 00000000 00:00 0 
7fcbe8222000-7fcbec000000 ---p 00000000 00:00 0 
7fcbec000000-7fcbec021000 rw-p 00000000 00:00 0 
7fcbec021000-7fcbf0000000 ---p 00000000 00:00 0 
7fcbf0000000-7fcbf03ab000 rw-p 00000000 00:00 0 
7fcbf03ab000-7fcbf4000000 ---p 00000000 00:00 0 
7fcbf4000000-7fcbf4021000 rw-p 00000000 00:00 0 
7fcbf4021000-7fcbf8000000 ---p 00000000 00:00 0 
7fcbf8000000-7fcbf8021000 rw-p 00000000 00:00 0 
7fcbf8021000-7fcbfc000000 ---p 00000000 00:00 0 
7fcbfc000000-7fcbfc021000 rw-p 00000000 00:00 0 
7fcbfc021000-7fcc00000000 ---p 00000000 00:00 0 
7fcc00000000-7fcc0028c000 rw-p 00000000 00:00 0 
7fcc0028c000-7fcc04000000 ---p 00000000 00:00 0 
7fcc04000000-7fcc04021000 rw-p 00000000 00:00 0 
7fcc04021000-7fcc08000000 ---p 00000000 00:00 0 
7fcc09618000-7fcc09718000 rw-p 00000000 00:00 0 
7fcc09718000-7fcc0971b000 ---p 00000000 00:00 0 
7fcc0971b000-7fcc09819000 rw-p 00000000 00:00 0                          [stack:6692]
7fcc09819000-7fcc09927000 r--s 010cb000 00:2c 13455901                   /home/ppginf/vdfontoura/psp-chapter-cbic/psp-2D/cbic_approach/target/IBEA.jar
7fcc09927000-7fcc09928000 ---p 00000000 00:00 0 
7fcc09928000-7fcc09a28000 rw-p 00000000 00:00 0                          [stack:6679]
7fcc09a28000-7fcc09a2b000 ---p 00000000 00:00 0 
7fcc09a2b000-7fcc09b29000 rw-p 00000000 00:00 0                          [stack:6676]
7fcc09b29000-7fcc09b2c000 ---p 00000000 00:00 0 
7fcc09b2c000-7fcc09c2a000 rw-p 00000000 00:00 0                          [stack:6663]
7fcc09c2a000-7fcc09c2d000 ---p 00000000 00:00 0 
7fcc09c2d000-7fcc09d2b000 rw-p 00000000 00:00 0                          [stack:6658]
7fcc09d2b000-7fcc09d2e000 ---p 00000000 00:00 0 
7fcc09d2e000-7fcc09e2c000 rw-p 00000000 00:00 0                          [stack:6655]
7fcc09e2c000-7fcc09e2f000 ---p 00000000 00:00 0 
7fcc09e2f000-7fcc09f2d000 rw-p 00000000 00:00 0                          [stack:6627]
7fcc09f2d000-7fcc09f30000 ---p 00000000 00:00 0 
7fcc09f30000-7fcc0a02e000 rw-p 00000000 00:00 0                          [stack:6619]
7fcc0a02e000-7fcc0a031000 ---p 00000000 00:00 0 
7fcc0a031000-7fcc0a12f000 rw-p 00000000 00:00 0                          [stack:6607]
7fcc0a12f000-7fcc0a132000 ---p 00000000 00:00 0 
7fcc0a132000-7fcc0a230000 rw-p 00000000 00:00 0                          [stack:6603]
7fcc0a230000-7fcc0a233000 ---p 00000000 00:00 0 
7fcc0a233000-7fcc0a331000 rw-p 00000000 00:00 0                          [stack:6598]
7fcc0a331000-7fcc0a334000 ---p 00000000 00:00 0 
7fcc0a334000-7fcc0a432000 rw-p 00000000 00:00 0                          [stack:6566]
7fcc0a432000-7fcc0a435000 ---p 00000000 00:00 0 
7fcc0a435000-7fcc0a533000 rw-p 00000000 00:00 0                          [stack:6560]
7fcc0a533000-7fcc0a536000 ---p 00000000 00:00 0 
7fcc0a536000-7fcc0a634000 rw-p 00000000 00:00 0                          [stack:6547]
7fcc0a634000-7fcc0a637000 ---p 00000000 00:00 0 
7fcc0a637000-7fcc0a735000 rw-p 00000000 00:00 0                          [stack:6537]
7fcc0a735000-7fcc0a738000 ---p 00000000 00:00 0 
7fcc0a738000-7fcc0a836000 rw-p 00000000 00:00 0                          [stack:6534]
7fcc0a836000-7fcc0a839000 ---p 00000000 00:00 0 
7fcc0a839000-7fcc0a937000 rw-p 00000000 00:00 0                          [stack:6529]
7fcc0a937000-7fcc0a93a000 ---p 00000000 00:00 0 
7fcc0a93a000-7fcc0aa38000 rw-p 00000000 00:00 0                          [stack:6527]
7fcc0aa38000-7fcc0aa3b000 ---p 00000000 00:00 0 
7fcc0aa3b000-7fcc0ab39000 rw-p 00000000 00:00 0                          [stack:6513]
7fcc0ab39000-7fcc0b0f1000 r--p 00000000 00:15 231                        /usr/lib/locale/locale-archive
7fcc0b0f1000-7fcc0b0f4000 ---p 00000000 00:00 0 
7fcc0b0f4000-7fcc0b1f2000 rw-p 00000000 00:00 0                          [stack:6506]
7fcc0b1f2000-7fcc0b1f5000 ---p 00000000 00:00 0 
7fcc0b1f5000-7fcc0b2f3000 rw-p 00000000 00:00 0                          [stack:6496]
7fcc0b2f3000-7fcc0b2f4000 ---p 00000000 00:00 0 
7fcc0b2f4000-7fcc0c000000 rw-p 00000000 00:00 0                          [stack:6485]
7fcc0c000000-7fcc0c021000 rw-p 00000000 00:00 0 
7fcc0c021000-7fcc10000000 ---p 00000000 00:00 0 
7fcc10000000-7fcc10021000 rw-p 00000000 00:00 0 
7fcc10021000-7fcc14000000 ---p 00000000 00:00 0 
7fcc14000000-7fcc14021000 rw-p 00000000 00:00 0 
7fcc14021000-7fcc18000000 ---p 00000000 00:00 0 
7fcc18000000-7fcc18021000 rw-p 00000000 00:00 0 
7fcc18021000-7fcc1c000000 ---p 00000000 00:00 0 
7fcc1c000000-7fcc1c021000 rw-p 00000000 00:00 0 
7fcc1c021000-7fcc20000000 ---p 00000000 00:00 0 
7fcc20000000-7fcc20021000 rw-p 00000000 00:00 0 
7fcc20021000-7fcc24000000 ---p 00000000 00:00 0 
7fcc24000000-7fcc24021000 rw-p 00000000 00:00 0 
7fcc24021000-7fcc28000000 ---p 00000000 00:00 0 
7fcc28000000-7fcc28021000 rw-p 00000000 00:00 0 
7fcc28021000-7fcc2c000000 ---p 00000000 00:00 0 
7fcc2c000000-7fcc2c021000 rw-p 00000000 00:00 0 
7fcc2c021000-7fcc30000000 ---p 00000000 00:00 0 
7fcc30000000-7fcc30021000 rw-p 00000000 00:00 0 
7fcc30021000-7fcc34000000 ---p 00000000 00:00 0 
7fcc34000000-7fcc34021000 rw-p 00000000 00:00 0 
7fcc34021000-7fcc38000000 ---p 00000000 00:00 0 
7fcc38082000-7fcc50000000 rw-p 00000000 00:00 0 
7fcc50000000-7fcc50021000 rw-p 00000000 00:00 0 
7fcc50021000-7fcc54000000 ---p 00000000 00:00 0 
7fcc54000000-7fcc54021000 rw-p 00000000 00:00 0 
7fcc54021000-7fcc58000000 ---p 00000000 00:00 0 
7fcc58000000-7fcc58021000 rw-p 00000000 00:00 0 
7fcc58021000-7fcc5c000000 ---p 00000000 00:00 0 
7fcc5c000000-7fcc5c021000 rw-p 00000000 00:00 0 
7fcc5c021000-7fcc60000000 ---p 00000000 00:00 0 
7fcc60000000-7fcc60021000 rw-p 00000000 00:00 0 
7fcc60021000-7fcc64000000 ---p 00000000 00:00 0 
7fcc64000000-7fcc64021000 rw-p 00000000 00:00 0 
7fcc64021000-7fcc68000000 ---p 00000000 00:00 0 
7fcc68000000-7fcc68021000 rw-p 00000000 00:00 0 
7fcc68021000-7fcc6c000000 ---p 00000000 00:00 0 
7fcc6c000000-7fcc6c021000 rw-p 00000000 00:00 0 
7fcc6c021000-7fcc70000000 ---p 00000000 00:00 0 
7fcc70000000-7fcc70021000 rw-p 00000000 00:00 0 
7fcc70021000-7fcc74000000 ---p 00000000 00:00 0 
7fcc74000000-7fcc74021000 rw-p 00000000 00:00 0 
7fcc74021000-7fcc78000000 ---p 00000000 00:00 0 
7fcc780b4000-7fcc781b5000 rw-p 00000000 00:00 0 
7fcc781b5000-7fcc7838e000 r--s 03d09000 00:2c 13572347                   /home/ppginf/vdfontoura/jdk1.8.0_45/jre/lib/rt.jar
7fcc7838e000-7fcc788c4000 rw-p 00000000 00:00 0 
7fcc788c4000-7fcc78c04000 ---p 00000000 00:00 0 
7fcc78c04000-7fcc78c05000 ---p 00000000 00:00 0 
7fcc78c05000-7fcc78d05000 rw-p 00000000 00:00 0                          [stack:6428]
7fcc78d05000-7fcc78d06000 ---p 00000000 00:00 0 
7fcc78d06000-7fcc78e06000 rw-p 00000000 00:00 0                          [stack:6425]
7fcc78e06000-7fcc78e07000 ---p 00000000 00:00 0 
7fcc78e07000-7fcc78f07000 rw-p 00000000 00:00 0                          [stack:6423]
7fcc78f07000-7fcc78f08000 ---p 00000000 00:00 0 
7fcc78f08000-7fcc79008000 rw-p 00000000 00:00 0                          [stack:6419]
7fcc79008000-7fcc79009000 ---p 00000000 00:00 0 
7fcc79009000-7fcc79109000 rw-p 00000000 00:00 0                          [stack:6418]
7fcc79109000-7fcc7910a000 ---p 00000000 00:00 0 
7fcc7910a000-7fcc7920a000 rw-p 00000000 00:00 0                          [stack:6415]
7fcc7920a000-7fcc7920b000 ---p 00000000 00:00 0 
7fcc7920b000-7fcc7930b000 rw-p 00000000 00:00 0                          [stack:6413]
7fcc7930b000-7fcc7930c000 ---p 00000000 00:00 0 
7fcc7930c000-7fcc7940c000 rw-p 00000000 00:00 0                          [stack:6411]
7fcc7940c000-7fcc7940d000 ---p 00000000 00:00 0 
7fcc7940d000-7fcc7950d000 rw-p 00000000 00:00 0                          [stack:6410]
7fcc7950d000-7fcc7950e000 ---p 00000000 00:00 0 
7fcc7950e000-7fcc7960e000 rw-p 00000000 00:00 0                          [stack:6408]
7fcc7960e000-7fcc7960f000 ---p 00000000 00:00 0 
7fcc7960f000-7fcc7970f000 rw-p 00000000 00:00 0                          [stack:6404]
7fcc7970f000-7fcc79710000 ---p 00000000 00:00 0 
7fcc79710000-7fcc79810000 rw-p 00000000 00:00 0                          [stack:6395]
7fcc79810000-7fcc79811000 ---p 00000000 00:00 0 
7fcc79811000-7fcc79911000 rw-p 00000000 00:00 0                          [stack:6391]
7fcc79911000-7fcc79912000 ---p 00000000 00:00 0 
7fcc79912000-7fcc79a12000 rw-p 00000000 00:00 0                          [stack:6387]
7fcc79a12000-7fcc79a13000 ---p 00000000 00:00 0 
7fcc79a13000-7fcc79b13000 rw-p 00000000 00:00 0                          [stack:6383]
7fcc79b13000-7fcc79b14000 ---p 00000000 00:00 0 
7fcc79b14000-7fcc79c14000 rw-p 00000000 00:00 0                          [stack:6378]
7fcc79c14000-7fcc79c15000 ---p 00000000 00:00 0 
7fcc79c15000-7fcc79d15000 rw-p 00000000 00:00 0                          [stack:6371]
7fcc79d15000-7fcc79d16000 ---p 00000000 00:00 0 
7fcc79d16000-7fcc79e16000 rw-p 00000000 00:00 0                          [stack:6369]
7fcc79e16000-7fcc79e17000 ---p 00000000 00:00 0 
7fcc79e17000-7fcc79f17000 rw-p 00000000 00:00 0                          [stack:6363]
7fcc79f17000-7fcc79f18000 ---p 00000000 00:00 0 
7fcc79f18000-7fcc7a018000 rw-p 00000000 00:00 0                          [stack:6358]
7fcc7a018000-7fcc7a019000 ---p 00000000 00:00 0 
7fcc7a019000-7fcc7a119000 rw-p 00000000 00:00 0                          [stack:6354]
7fcc7a119000-7fcc7a11a000 ---p 00000000 00:00 0 
7fcc7a11a000-7fcc7a4a5000 rw-p 00000000 00:00 0                          [stack:6351]
7fcc7a4a5000-7fcc7aed2000 ---p 00000000 00:00 0 
7fcc7aed2000-7fcc7b15d000 rw-p 00000000 00:00 0 
7fcc7b15d000-7fcc7bb89000 ---p 00000000 00:00 0 
7fcc7bb89000-7fcc7bfac000 rw-p 00000000 00:00 0 
7fcc7bfac000-7fcc7c1e5000 ---p 00000000 00:00 0 
7fcc7c1e5000-7fcc7c1fb000 rw-p 00000000 00:00 0 
7fcc7c1fb000-7fcc7c5a6000 ---p 00000000 00:00 0 
7fcc7c5a6000-7fcc7cab6000 rwxp 00000000 00:00 0 
7fcc7cab6000-7fcc8b5a6000 ---p 00000000 00:00 0 
7fcc8b5a6000-7fcc8b5c0000 r-xp 00000000 00:2c 13572371                   /home/ppginf/vdfontoura/jdk1.8.0_45/jre/lib/amd64/libzip.so
7fcc8b5c0000-7fcc8b7c0000 ---p 0001a000 00:2c 13572371                   /home/ppginf/vdfontoura/jdk1.8.0_45/jre/lib/amd64/libzip.so
7fcc8b7c0000-7fcc8b7c1000 rw-p 0001a000 00:2c 13572371                   /home/ppginf/vdfontoura/jdk1.8.0_45/jre/lib/amd64/libzip.so
7fcc8b7c1000-7fcc8b7cd000 r-xp 00000000 00:15 181                        /lib/x86_64-linux-gnu/libnss_ldap.so.2
7fcc8b7cd000-7fcc8b9cc000 ---p 0000c000 00:15 181                        /lib/x86_64-linux-gnu/libnss_ldap.so.2
7fcc8b9cc000-7fcc8b9cd000 r--p 0000b000 00:15 181                        /lib/x86_64-linux-gnu/libnss_ldap.so.2
7fcc8b9cd000-7fcc8b9ce000 rw-p 0000c000 00:15 181                        /lib/x86_64-linux-gnu/libnss_ldap.so.2
7fcc8b9ce000-7fcc8b9d9000 r-xp 00000000 00:15 178                        /lib/x86_64-linux-gnu/libnss_files-2.19.so
7fcc8b9d9000-7fcc8bbd8000 ---p 0000b000 00:15 178                        /lib/x86_64-linux-gnu/libnss_files-2.19.so
7fcc8bbd8000-7fcc8bbd9000 r--p 0000a000 00:15 178                        /lib/x86_64-linux-gnu/libnss_files-2.19.so
7fcc8bbd9000-7fcc8bbda000 rw-p 0000b000 00:15 178                        /lib/x86_64-linux-gnu/libnss_files-2.19.so
7fcc8bbda000-7fcc8bbe5000 r-xp 00000000 00:15 176                        /lib/x86_64-linux-gnu/libnss_nis-2.19.so
7fcc8bbe5000-7fcc8bde4000 ---p 0000b000 00:15 176                        /lib/x86_64-linux-gnu/libnss_nis-2.19.so
7fcc8bde4000-7fcc8bde5000 r--p 0000a000 00:15 176                        /lib/x86_64-linux-gnu/libnss_nis-2.19.so
7fcc8bde5000-7fcc8bde6000 rw-p 0000b000 00:15 176                        /lib/x86_64-linux-gnu/libnss_nis-2.19.so
7fcc8bde6000-7fcc8bdfd000 r-xp 00000000 00:15 174                        /lib/x86_64-linux-gnu/libnsl-2.19.so
7fcc8bdfd000-7fcc8bffc000 ---p 00017000 00:15 174                        /lib/x86_64-linux-gnu/libnsl-2.19.so
7fcc8bffc000-7fcc8bffd000 r--p 00016000 00:15 174                        /lib/x86_64-linux-gnu/libnsl-2.19.so
7fcc8bffd000-7fcc8bffe000 rw-p 00017000 00:15 174                        /lib/x86_64-linux-gnu/libnsl-2.19.so
7fcc8bffe000-7fcc8c000000 rw-p 00000000 00:00 0 
7fcc8c000000-7fcc8c751000 rw-p 00000000 00:00 0 
7fcc8c751000-7fcc90000000 ---p 00000000 00:00 0 
7fcc90002000-7fcc90024000 r--p 00000000 00:15 490644                     /usr/share/locale-langpack/pt_BR/LC_MESSAGES/libc.mo
7fcc90024000-7fcc900e3000 rw-p 00000000 00:00 0 
7fcc900e3000-7fcc900e4000 ---p 00000000 00:00 0 
7fcc900e4000-7fcc901e4000 rw-p 00000000 00:00 0                          [stack:6347]
7fcc901e4000-7fcc901ed000 r-xp 00000000 00:15 172                        /lib/x86_64-linux-gnu/libnss_compat-2.19.so
7fcc901ed000-7fcc903ec000 ---p 00009000 00:15 172                        /lib/x86_64-linux-gnu/libnss_compat-2.19.so
7fcc903ec000-7fcc903ed000 r--p 00008000 00:15 172                        /lib/x86_64-linux-gnu/libnss_compat-2.19.so
7fcc903ed000-7fcc903ee000 rw-p 00009000 00:15 172                        /lib/x86_64-linux-gnu/libnss_compat-2.19.so
7fcc903ee000-7fcc90418000 r-xp 00000000 00:2c 13572364                   /home/ppginf/vdfontoura/jdk1.8.0_45/jre/lib/amd64/libjava.so
7fcc90418000-7fcc90618000 ---p 0002a000 00:2c 13572364                   /home/ppginf/vdfontoura/jdk1.8.0_45/jre/lib/amd64/libjava.so
7fcc90618000-7fcc9061a000 rw-p 0002a000 00:2c 13572364                   /home/ppginf/vdfontoura/jdk1.8.0_45/jre/lib/amd64/libjava.so
7fcc9061a000-7fcc90627000 r-xp 00000000 00:2c 13572405                   /home/ppginf/vdfontoura/jdk1.8.0_45/jre/lib/amd64/libverify.so
7fcc90627000-7fcc90827000 ---p 0000d000 00:2c 13572405                   /home/ppginf/vdfontoura/jdk1.8.0_45/jre/lib/amd64/libverify.so
7fcc90827000-7fcc90829000 rw-p 0000d000 00:2c 13572405                   /home/ppginf/vdfontoura/jdk1.8.0_45/jre/lib/amd64/libverify.so
7fcc90829000-7fcc90830000 r-xp 00000000 00:15 44                         /lib/x86_64-linux-gnu/librt-2.19.so
7fcc90830000-7fcc90a2f000 ---p 00007000 00:15 44                         /lib/x86_64-linux-gnu/librt-2.19.so
7fcc90a2f000-7fcc90a30000 r--p 00006000 00:15 44                         /lib/x86_64-linux-gnu/librt-2.19.so
7fcc90a30000-7fcc90a31000 rw-p 00007000 00:15 44                         /lib/x86_64-linux-gnu/librt-2.19.so
7fcc90a31000-7fcc90b36000 r-xp 00000000 00:15 303                        /lib/x86_64-linux-gnu/libm-2.19.so
7fcc90b36000-7fcc90d35000 ---p 00105000 00:15 303                        /lib/x86_64-linux-gnu/libm-2.19.so
7fcc90d35000-7fcc90d36000 r--p 00104000 00:15 303                        /lib/x86_64-linux-gnu/libm-2.19.so
7fcc90d36000-7fcc90d37000 rw-p 00105000 00:15 303                        /lib/x86_64-linux-gnu/libm-2.19.so
7fcc90d37000-7fcc919e5000 r-xp 00000000 00:2c 13572410                   /home/ppginf/vdfontoura/jdk1.8.0_45/jre/lib/amd64/server/libjvm.so
7fcc919e5000-7fcc91be4000 ---p 00cae000 00:2c 13572410                   /home/ppginf/vdfontoura/jdk1.8.0_45/jre/lib/amd64/server/libjvm.so
7fcc91be4000-7fcc91cbb000 rw-p 00cad000 00:2c 13572410                   /home/ppginf/vdfontoura/jdk1.8.0_45/jre/lib/amd64/server/libjvm.so
7fcc91cbb000-7fcc91cff000 rw-p 00000000 00:00 0 
7fcc91cff000-7fcc91eba000 r-xp 00000000 00:15 46                         /lib/x86_64-linux-gnu/libc-2.19.so
7fcc91eba000-7fcc920b9000 ---p 001bb000 00:15 46                         /lib/x86_64-linux-gnu/libc-2.19.so
7fcc920b9000-7fcc920bd000 r--p 001ba000 00:15 46                         /lib/x86_64-linux-gnu/libc-2.19.so
7fcc920bd000-7fcc920bf000 rw-p 001be000 00:15 46                         /lib/x86_64-linux-gnu/libc-2.19.so
7fcc920bf000-7fcc920c4000 rw-p 00000000 00:00 0 
7fcc920c4000-7fcc920c7000 r-xp 00000000 00:15 52                         /lib/x86_64-linux-gnu/libdl-2.19.so
7fcc920c7000-7fcc922c6000 ---p 00003000 00:15 52                         /lib/x86_64-linux-gnu/libdl-2.19.so
7fcc922c6000-7fcc922c7000 r--p 00002000 00:15 52                         /lib/x86_64-linux-gnu/libdl-2.19.so
7fcc922c7000-7fcc922c8000 rw-p 00003000 00:15 52                         /lib/x86_64-linux-gnu/libdl-2.19.so
7fcc922c8000-7fcc922dd000 r-xp 00000000 00:2c 13572682                   /home/ppginf/vdfontoura/jdk1.8.0_45/lib/amd64/jli/libjli.so
7fcc922dd000-7fcc924dd000 ---p 00015000 00:2c 13572682                   /home/ppginf/vdfontoura/jdk1.8.0_45/lib/amd64/jli/libjli.so
7fcc924dd000-7fcc924de000 rw-p 00015000 00:2c 13572682                   /home/ppginf/vdfontoura/jdk1.8.0_45/lib/amd64/jli/libjli.so
7fcc924de000-7fcc924f7000 r-xp 00000000 00:15 48                         /lib/x86_64-linux-gnu/libpthread-2.19.so
7fcc924f7000-7fcc926f6000 ---p 00019000 00:15 48                         /lib/x86_64-linux-gnu/libpthread-2.19.so
7fcc926f6000-7fcc926f7000 r--p 00018000 00:15 48                         /lib/x86_64-linux-gnu/libpthread-2.19.so
7fcc926f7000-7fcc926f8000 rw-p 00019000 00:15 48                         /lib/x86_64-linux-gnu/libpthread-2.19.so
7fcc926f8000-7fcc926fc000 rw-p 00000000 00:00 0 
7fcc926fc000-7fcc9271f000 r-xp 00000000 00:15 32                         /lib/x86_64-linux-gnu/ld-2.19.so
7fcc92731000-7fcc927db000 rw-p 00000000 00:00 0 
7fcc927db000-7fcc927de000 ---p 00000000 00:00 0 
7fcc927de000-7fcc928e0000 rw-p 00000000 00:00 0                          [stack:6245]
7fcc928e4000-7fcc928eb000 r--s 00000000 00:15 245                        /usr/lib/x86_64-linux-gnu/gconv/gconv-modules.cache
7fcc928eb000-7fcc928f6000 r--s 00116000 00:2c 13572443                   /home/ppginf/vdfontoura/jdk1.8.0_45/jre/lib/ext/localedata.jar
7fcc928f6000-7fcc92912000 r--s 00393000 00:2c 13572445                   /home/ppginf/vdfontoura/jdk1.8.0_45/jre/lib/ext/cldrdata.jar
7fcc92912000-7fcc9291a000 rw-s 00000000 00:17 3721718                    /tmp/hsperfdata_vdfontoura/6231
7fcc9291a000-7fcc9291b000 rw-p 00000000 00:00 0 
7fcc9291b000-7fcc9291c000 ---p 00000000 00:00 0 
7fcc9291c000-7fcc9291e000 rw-p 00000000 00:00 0 
7fcc9291e000-7fcc9291f000 r--p 00022000 00:15 32                         /lib/x86_64-linux-gnu/ld-2.19.so
7fcc9291f000-7fcc92920000 rw-p 00023000 00:15 32                         /lib/x86_64-linux-gnu/ld-2.19.so
7fcc92920000-7fcc92921000 rw-p 00000000 00:00 0 
7fff8fa43000-7fff8fa64000 rw-p 00000000 00:00 0                          [stack]
7fff8fab6000-7fff8fab8000 r--p 00000000 00:00 0                          [vvar]
7fff8fab8000-7fff8faba000 r-xp 00000000 00:00 0                          [vdso]
ffffffffff600000-ffffffffff601000 r-xp 00000000 00:00 0                  [vsyscall]

VM Arguments:
java_command: ../../target/IBEA.jar 2500 2500000 SinglePointCrossover BitFlipMutation 1000 0.9 0.01 1 1 ibea-result/result-13 PPHHHPHHHHHHHHPPPHHHHHHHHHHPHPPPHHHHHHHHHHHHPPPPHHHHHHPHHPHP
java_class_path (initial): ../../target/IBEA.jar
Launcher Type: SUN_STANDARD

Environment Variables:
JAVA_HOME=/home/ppginf/vdfontoura/jdk1.8.0_45/
PATH=/home/ppginf/vdfontoura/jdk1.8.0_45//bin:/usr/local/sbin:/usr/local/bin:/usr/sbin:/usr/bin:/sbin:/bin:/usr/games:/usr/local/games:.:/home/html/inf/silvia/topicos/ferramentas/poketool/bin:/home/html/inf/silvia/topicos/ferramentas/proteum1.4.1/LINUX/bin:/home/ppginf/vdfontoura/tools/apache-maven-3.3.3/bin
SHELL=/bin/bash

Signal Handlers:
SIGSEGV: [libjvm.so+0xaad1e0], sa_mask[0]=11111111011111111101111111111110, sa_flags=SA_RESTART|SA_SIGINFO
SIGBUS: [libjvm.so+0xaad1e0], sa_mask[0]=11111111011111111101111111111110, sa_flags=SA_RESTART|SA_SIGINFO
SIGFPE: [libjvm.so+0x90b450], sa_mask[0]=11111111011111111101111111111110, sa_flags=SA_RESTART|SA_SIGINFO
SIGPIPE: [libjvm.so+0x90b450], sa_mask[0]=11111111011111111101111111111110, sa_flags=SA_RESTART|SA_SIGINFO
SIGXFSZ: [libjvm.so+0x90b450], sa_mask[0]=11111111011111111101111111111110, sa_flags=SA_RESTART|SA_SIGINFO
SIGILL: [libjvm.so+0x90b450], sa_mask[0]=11111111011111111101111111111110, sa_flags=SA_RESTART|SA_SIGINFO
SIGUSR1: SIG_DFL, sa_mask[0]=00000000000000000000000000000000, sa_flags=none
SIGUSR2: [libjvm.so+0x90ca90], sa_mask[0]=00000000000000000000000000000000, sa_flags=SA_RESTART|SA_SIGINFO
SIGHUP: SIG_IGN, sa_mask[0]=00000000000000000000000000000000, sa_flags=none
SIGINT: SIG_IGN, sa_mask[0]=00000000000000000000000000000000, sa_flags=none
SIGTERM: [libjvm.so+0x90dde0], sa_mask[0]=11111111011111111101111111111110, sa_flags=SA_RESTART|SA_SIGINFO
SIGQUIT: [libjvm.so+0x90dde0], sa_mask[0]=11111111011111111101111111111110, sa_flags=SA_RESTART|SA_SIGINFO


---------------  S Y S T E M  ---------------

OS:DISTRIB_ID=LinuxMint
DISTRIB_RELEASE=17
DISTRIB_CODENAME=qiana
DISTRIB_DESCRIPTION="Linux Mint 17 Qiana"

uname:Linux 4.0.1-kernel+ #2 SMP Wed May 6 16:11:56 BRT 2015 x86_64
libc:glibc 2.19 NPTL 2.19 
rlimit: STACK 8192k, CORE 0k, NPROC 30240, NOFILE 4096, AS 20000000k
load average:8,69 6,85 6,55

/proc/meminfo:
MemTotal:       127909028 kB
MemFree:         1032236 kB
MemAvailable:    1026228 kB
Buffers:               0 kB
Cached:           807384 kB
SwapCached:            0 kB
Active:         125909228 kB
Inactive:         174432 kB
Active(anon):   125860984 kB
Inactive(anon):   153064 kB
Active(file):      48244 kB
Inactive(file):    21368 kB
Unevictable:           0 kB
Mlocked:               0 kB
SwapTotal:             0 kB
SwapFree:              0 kB
Dirty:               528 kB
Writeback:             0 kB
AnonPages:      125254432 kB
Mapped:            41204 kB
Shmem:            741848 kB
Slab:             234472 kB
SReclaimable:      87312 kB
SUnreclaim:       147160 kB
KernelStack:       35088 kB
PageTables:       275404 kB
NFS_Unstable:         56 kB
Bounce:                0 kB
WritebackTmp:          0 kB
CommitLimit:    63954512 kB
Committed_AS:   184074248 kB
VmallocTotal:   34359738367 kB
VmallocUsed:      228964 kB
VmallocChunk:   34359502652 kB
HardwareCorrupted:     0 kB
AnonHugePages:         0 kB
HugePages_Total:       0
HugePages_Free:        0
HugePages_Rsvd:        0
HugePages_Surp:        0
Hugepagesize:       2048 kB
DirectMap4k:      479216 kB
DirectMap2M:    60338176 kB
DirectMap1G:    69206016 kB


CPU:total 32 (1 cores per cpu, 1 threads per core) family 16 model 9 stepping 1, cmov, cx8, fxsr, mmx, sse, sse2, sse3, popcnt, mmxext, 3dnowpref, lzcnt, sse4a, tsc

/proc/cpuinfo:
processor	: 0
vendor_id	: AuthenticAMD
cpu family	: 16
model		: 9
model name	: AMD Opteron(tm) Processor 6136
stepping	: 1
microcode	: 0x1000065
cpu MHz		: 2400.142
cache size	: 512 KB
physical id	: 0
siblings	: 1
core id		: 0
cpu cores	: 1
apicid		: 0
initial apicid	: 0
fpu		: yes
fpu_exception	: yes
cpuid level	: 5
wp		: yes
flags		: fpu vme de pse tsc msr pae mce cx8 apic sep mtrr pge mca cmov pat pse36 clflush mmx fxsr sse sse2 syscall nx mmxext fxsr_opt pdpe1gb lm 3dnowext 3dnow rep_good nopl extd_apicid pni cx16 x2apic popcnt hypervisor lahf_lm cmp_legacy svm cr8_legacy abm sse4a misalignsse 3dnowprefetch osvw npt nrip_save vmmcall
bugs		: tlb_mmatch fxsave_leak
bogomips	: 4800.28
TLB size	: 1024 4K pages
clflush size	: 64
cache_alignment	: 64
address sizes	: 40 bits physical, 48 bits virtual
power management:

processor	: 1
vendor_id	: AuthenticAMD
cpu family	: 16
model		: 9
model name	: AMD Opteron(tm) Processor 6136
stepping	: 1
microcode	: 0x1000065
cpu MHz		: 2400.142
cache size	: 512 KB
physical id	: 1
siblings	: 1
core id		: 0
cpu cores	: 1
apicid		: 1
initial apicid	: 1
fpu		: yes
fpu_exception	: yes
cpuid level	: 5
wp		: yes
flags		: fpu vme de pse tsc msr pae mce cx8 apic sep mtrr pge mca cmov pat pse36 clflush mmx fxsr sse sse2 syscall nx mmxext fxsr_opt pdpe1gb lm 3dnowext 3dnow rep_good nopl extd_apicid pni cx16 x2apic popcnt hypervisor lahf_lm cmp_legacy svm cr8_legacy abm sse4a misalignsse 3dnowprefetch osvw npt nrip_save vmmcall
bugs		: tlb_mmatch fxsave_leak
bogomips	: 4800.28
TLB size	: 1024 4K pages
clflush size	: 64
cache_alignment	: 64
address sizes	: 40 bits physical, 48 bits virtual
power management:

processor	: 2
vendor_id	: AuthenticAMD
cpu family	: 16
model		: 9
model name	: AMD Opteron(tm) Processor 6136
stepping	: 1
microcode	: 0x1000065
cpu MHz		: 2400.142
cache size	: 512 KB
physical id	: 2
siblings	: 1
core id		: 0
cpu cores	: 1
apicid		: 2
initial apicid	: 2
fpu		: yes
fpu_exception	: yes
cpuid level	: 5
wp		: yes
flags		: fpu vme de pse tsc msr pae mce cx8 apic sep mtrr pge mca cmov pat pse36 clflush mmx fxsr sse sse2 syscall nx mmxext fxsr_opt pdpe1gb lm 3dnowext 3dnow rep_good nopl extd_apicid pni cx16 x2apic popcnt hypervisor lahf_lm cmp_legacy svm cr8_legacy abm sse4a misalignsse 3dnowprefetch osvw npt nrip_save vmmcall
bugs		: tlb_mmatch fxsave_leak
bogomips	: 4800.28
TLB size	: 1024 4K pages
clflush size	: 64
cache_alignment	: 64
address sizes	: 40 bits physical, 48 bits virtual
power management:

processor	: 3
vendor_id	: AuthenticAMD
cpu family	: 16
model		: 9
model name	: AMD Opteron(tm) Processor 6136
stepping	: 1
microcode	: 0x1000065
cpu MHz		: 2400.142
cache size	: 512 KB
physical id	: 3
siblings	: 1
core id		: 0
cpu cores	: 1
apicid		: 3
initial apicid	: 3
fpu		: yes
fpu_exception	: yes
cpuid level	: 5
wp		: yes
flags		: fpu vme de pse tsc msr pae mce cx8 apic sep mtrr pge mca cmov pat pse36 clflush mmx fxsr sse sse2 syscall nx mmxext fxsr_opt pdpe1gb lm 3dnowext 3dnow rep_good nopl extd_apicid pni cx16 x2apic popcnt hypervisor lahf_lm cmp_legacy svm cr8_legacy abm sse4a misalignsse 3dnowprefetch osvw npt nrip_save vmmcall
bugs		: tlb_mmatch fxsave_leak
bogomips	: 4800.28
TLB size	: 1024 4K pages
clflush size	: 64
cache_alignment	: 64
address sizes	: 40 bits physical, 48 bits virtual
power management:

processor	: 4
vendor_id	: AuthenticAMD
cpu family	: 16
model		: 9
model name	: AMD Opteron(tm) Processor 6136
stepping	: 1
microcode	: 0x1000065
cpu MHz		: 2400.142
cache size	: 512 KB
physical id	: 4
siblings	: 1
core id		: 0
cpu cores	: 1
apicid		: 4
initial apicid	: 4
fpu		: yes
fpu_exception	: yes
cpuid level	: 5
wp		: yes
flags		: fpu vme de pse tsc msr pae mce cx8 apic sep mtrr pge mca cmov pat pse36 clflush mmx fxsr sse sse2 syscall nx mmxext fxsr_opt pdpe1gb lm 3dnowext 3dnow rep_good nopl extd_apicid pni cx16 x2apic popcnt hypervisor lahf_lm cmp_legacy svm cr8_legacy abm sse4a misalignsse 3dnowprefetch osvw npt nrip_save vmmcall
bugs		: tlb_mmatch fxsave_leak
bogomips	: 4800.28
TLB size	: 1024 4K pages
clflush size	: 64
cache_alignment	: 64
address sizes	: 40 bits physical, 48 bits virtual
power management:

processor	: 5
vendor_id	: AuthenticAMD
cpu family	: 16
model		: 9
model name	: AMD Opteron(tm) Processor 6136
stepping	: 1
microcode	: 0x1000065
cpu MHz		: 2400.142
cache size	: 512 KB
physical id	: 5
siblings	: 1
core id		: 0
cpu cores	: 1
apicid		: 5
initial apicid	: 5
fpu		: yes
fpu_exception	: yes
cpuid level	: 5
wp		: yes
flags		: fpu vme de pse tsc msr pae mce cx8 apic sep mtrr pge mca cmov pat pse36 clflush mmx fxsr sse sse2 syscall nx mmxext fxsr_opt pdpe1gb lm 3dnowext 3dnow rep_good nopl extd_apicid pni cx16 x2apic popcnt hypervisor lahf_lm cmp_legacy svm cr8_legacy abm sse4a misalignsse 3dnowprefetch osvw npt nrip_save vmmcall
bugs		: tlb_mmatch fxsave_leak
bogomips	: 4800.28
TLB size	: 1024 4K pages
clflush size	: 64
cache_alignment	: 64
address sizes	: 40 bits physical, 48 bits virtual
power management:

processor	: 6
vendor_id	: AuthenticAMD
cpu family	: 16
model		: 9
model name	: AMD Opteron(tm) Processor 6136
stepping	: 1
microcode	: 0x1000065
cpu MHz		: 2400.142
cache size	: 512 KB
physical id	: 6
siblings	: 1
core id		: 0
cpu cores	: 1
apicid		: 6
initial apicid	: 6
fpu		: yes
fpu_exception	: yes
cpuid level	: 5
wp		: yes
flags		: fpu vme de pse tsc msr pae mce cx8 apic sep mtrr pge mca cmov pat pse36 clflush mmx fxsr sse sse2 syscall nx mmxext fxsr_opt pdpe1gb lm 3dnowext 3dnow rep_good nopl extd_apicid pni cx16 x2apic popcnt hypervisor lahf_lm cmp_legacy svm cr8_legacy abm sse4a misalignsse 3dnowprefetch osvw npt nrip_save vmmcall
bugs		: tlb_mmatch fxsave_leak
bogomips	: 4800.28
TLB size	: 1024 4K pages
clflush size	: 64
cache_alignment	: 64
address sizes	: 40 bits physical, 48 bits virtual
power management:

processor	: 7
vendor_id	: AuthenticAMD
cpu family	: 16
model		: 9
model name	: AMD Opteron(tm) Processor 6136
stepping	: 1
microcode	: 0x1000065
cpu MHz		: 2400.142
cache size	: 512 KB
physical id	: 7
siblings	: 1
core id		: 0
cpu cores	: 1
apicid		: 7
initial apicid	: 7
fpu		: yes
fpu_exception	: yes
cpuid level	: 5
wp		: yes
flags		: fpu vme de pse tsc msr pae mce cx8 apic sep mtrr pge mca cmov pat pse36 clflush mmx fxsr sse sse2 syscall nx mmxext fxsr_opt pdpe1gb lm 3dnowext 3dnow rep_good nopl extd_apicid pni cx16 x2apic popcnt hypervisor lahf_lm cmp_legacy svm cr8_legacy abm sse4a misalignsse 3dnowprefetch osvw npt nrip_save vmmcall
bugs		: tlb_mmatch fxsave_leak
bogomips	: 4800.28
TLB size	: 1024 4K pages
clflush size	: 64
cache_alignment	: 64
address sizes	: 40 bits physical, 48 bits virtual
power management:

processor	: 8
vendor_id	: AuthenticAMD
cpu family	: 16
model		: 9
model name	: AMD Opteron(tm) Processor 6136
stepping	: 1
microcode	: 0x1000065
cpu MHz		: 2400.142
cache size	: 512 KB
physical id	: 8
siblings	: 1
core id		: 0
cpu cores	: 1
apicid		: 8
initial apicid	: 8
fpu		: yes
fpu_exception	: yes
cpuid level	: 5
wp		: yes
flags		: fpu vme de pse tsc msr pae mce cx8 apic sep mtrr pge mca cmov pat pse36 clflush mmx fxsr sse sse2 syscall nx mmxext fxsr_opt pdpe1gb lm 3dnowext 3dnow rep_good nopl extd_apicid pni cx16 x2apic popcnt hypervisor lahf_lm cmp_legacy svm cr8_legacy abm sse4a misalignsse 3dnowprefetch osvw npt nrip_save vmmcall
bugs		: tlb_mmatch fxsave_leak
bogomips	: 4800.28
TLB size	: 1024 4K pages
clflush size	: 64
cache_alignment	: 64
address sizes	: 40 bits physical, 48 bits virtual
power management:

processor	: 9
vendor_id	: AuthenticAMD
cpu family	: 16
model		: 9
model name	: AMD Opteron(tm) Processor 6136
stepping	: 1
microcode	: 0x1000065
cpu MHz		: 2400.142
cache size	: 512 KB
physical id	: 9
siblings	: 1
core id		: 0
cpu cores	: 1
apicid		: 9
initial apicid	: 9
fpu		: yes
fpu_exception	: yes
cpuid level	: 5
wp		: yes
flags		: fpu vme de pse tsc msr pae mce cx8 apic sep mtrr pge mca cmov pat pse36 clflush mmx fxsr sse sse2 syscall nx mmxext fxsr_opt pdpe1gb lm 3dnowext 3dnow rep_good nopl extd_apicid pni cx16 x2apic popcnt hypervisor lahf_lm cmp_legacy svm cr8_legacy abm sse4a misalignsse 3dnowprefetch osvw npt nrip_save vmmcall
bugs		: tlb_mmatch fxsave_leak
bogomips	: 4800.28
TLB size	: 1024 4K pages
clflush size	: 64
cache_alignment	: 64
address sizes	: 40 bits physical, 48 bits virtual
power management:

processor	: 10
vendor_id	: AuthenticAMD
cpu family	: 16
model		: 9
model name	: AMD Opteron(tm) Processor 6136
stepping	: 1
microcode	: 0x1000065
cpu MHz		: 2400.142
cache size	: 512 KB
physical id	: 10
siblings	: 1
core id		: 0
cpu cores	: 1
apicid		: 10
initial apicid	: 10
fpu		: yes
fpu_exception	: yes
cpuid level	: 5
wp		: yes
flags		: fpu vme de pse tsc msr pae mce cx8 apic sep mtrr pge mca cmov pat pse36 clflush mmx fxsr sse sse2 syscall nx mmxext fxsr_opt pdpe1gb lm 3dnowext 3dnow rep_good nopl extd_apicid pni cx16 x2apic popcnt hypervisor lahf_lm cmp_legacy svm cr8_legacy abm sse4a misalignsse 3dnowprefetch osvw npt nrip_save vmmcall
bugs		: tlb_mmatch fxsave_leak
bogomips	: 4800.28
TLB size	: 1024 4K pages
clflush size	: 64
cache_alignment	: 64
address sizes	: 40 bits physical, 48 bits virtual
power management:

processor	: 11
vendor_id	: AuthenticAMD
cpu family	: 16
model		: 9
model name	: AMD Opteron(tm) Processor 6136
stepping	: 1
microcode	: 0x1000065
cpu MHz		: 2400.142
cache size	: 512 KB
physical id	: 11
siblings	: 1
core id		: 0
cpu cores	: 1
apicid		: 11
initial apicid	: 11
fpu		: yes
fpu_exception	: yes
cpuid level	: 5
wp		: yes
flags		: fpu vme de pse tsc msr pae mce cx8 apic sep mtrr pge mca cmov pat pse36 clflush mmx fxsr sse sse2 syscall nx mmxext fxsr_opt pdpe1gb lm 3dnowext 3dnow rep_good nopl extd_apicid pni cx16 x2apic popcnt hypervisor lahf_lm cmp_legacy svm cr8_legacy abm sse4a misalignsse 3dnowprefetch osvw npt nrip_save vmmcall
bugs		: tlb_mmatch fxsave_leak
bogomips	: 4800.28
TLB size	: 1024 4K pages
clflush size	: 64
cache_alignment	: 64
address sizes	: 40 bits physical, 48 bits virtual
power management:

processor	: 12
vendor_id	: AuthenticAMD
cpu family	: 16
model		: 9
model name	: AMD Opteron(tm) Processor 6136
stepping	: 1
microcode	: 0x1000065
cpu MHz		: 2400.142
cache size	: 512 KB
physical id	: 12
siblings	: 1
core id		: 0
cpu cores	: 1
apicid		: 12
initial apicid	: 12
fpu		: yes
fpu_exception	: yes
cpuid level	: 5
wp		: yes
flags		: fpu vme de pse tsc msr pae mce cx8 apic sep mtrr pge mca cmov pat pse36 clflush mmx fxsr sse sse2 syscall nx mmxext fxsr_opt pdpe1gb lm 3dnowext 3dnow rep_good nopl extd_apicid pni cx16 x2apic popcnt hypervisor lahf_lm cmp_legacy svm cr8_legacy abm sse4a misalignsse 3dnowprefetch osvw npt nrip_save vmmcall
bugs		: tlb_mmatch fxsave_leak
bogomips	: 4800.28
TLB size	: 1024 4K pages
clflush size	: 64
cache_alignment	: 64
address sizes	: 40 bits physical, 48 bits virtual
power management:

processor	: 13
vendor_id	: AuthenticAMD
cpu family	: 16
model		: 9
model name	: AMD Opteron(tm) Processor 6136
stepping	: 1
microcode	: 0x1000065
cpu MHz		: 2400.142
cache size	: 512 KB
physical id	: 13
siblings	: 1
core id		: 0
cpu cores	: 1
apicid		: 13
initial apicid	: 13
fpu		: yes
fpu_exception	: yes
cpuid level	: 5
wp		: yes
flags		: fpu vme de pse tsc msr pae mce cx8 apic sep mtrr pge mca cmov pat pse36 clflush mmx fxsr sse sse2 syscall nx mmxext fxsr_opt pdpe1gb lm 3dnowext 3dnow rep_good nopl extd_apicid pni cx16 x2apic popcnt hypervisor lahf_lm cmp_legacy svm cr8_legacy abm sse4a misalignsse 3dnowprefetch osvw npt nrip_save vmmcall
bugs		: tlb_mmatch fxsave_leak
bogomips	: 4800.28
TLB size	: 1024 4K pages
clflush size	: 64
cache_alignment	: 64
address sizes	: 40 bits physical, 48 bits virtual
power management:

processor	: 14
vendor_id	: AuthenticAMD
cpu family	: 16
model		: 9
model name	: AMD Opteron(tm) Processor 6136
stepping	: 1
microcode	: 0x1000065
cpu MHz		: 2400.142
cache size	: 512 KB
physical id	: 14
siblings	: 1
core id		: 0
cpu cores	: 1
apicid		: 14
initial apicid	: 14
fpu		: yes
fpu_exception	: yes
cpuid level	: 5
wp		: yes
flags		: fpu vme de pse tsc msr pae mce cx8 apic sep mtrr pge mca cmov pat pse36 clflush mmx fxsr sse sse2 syscall nx mmxext fxsr_opt pdpe1gb lm 3dnowext 3dnow rep_good nopl extd_apicid pni cx16 x2apic popcnt hypervisor lahf_lm cmp_legacy svm cr8_legacy abm sse4a misalignsse 3dnowprefetch osvw npt nrip_save vmmcall
bugs		: tlb_mmatch fxsave_leak
bogomips	: 4800.28
TLB size	: 1024 4K pages
clflush size	: 64
cache_alignment	: 64
address sizes	: 40 bits physical, 48 bits virtual
power management:

processor	: 15
vendor_id	: AuthenticAMD
cpu family	: 16
model		: 9
model name	: AMD Opteron(tm) Processor 6136
stepping	: 1
microcode	: 0x1000065
cpu MHz		: 2400.142
cache size	: 512 KB
physical id	: 15
siblings	: 1
core id		: 0
cpu cores	: 1
apicid		: 15
initial apicid	: 15
fpu		: yes
fpu_exception	: yes
cpuid level	: 5
wp		: yes
flags		: fpu vme de pse tsc msr pae mce cx8 apic sep mtrr pge mca cmov pat pse36 clflush mmx fxsr sse sse2 syscall nx mmxext fxsr_opt pdpe1gb lm 3dnowext 3dnow rep_good nopl extd_apicid pni cx16 x2apic popcnt hypervisor lahf_lm cmp_legacy svm cr8_legacy abm sse4a misalignsse 3dnowprefetch osvw npt nrip_save vmmcall
bugs		: tlb_mmatch fxsave_leak
bogomips	: 4800.28
TLB size	: 1024 4K pages
clflush size	: 64
cache_alignment	: 64
address sizes	: 40 bits physical, 48 bits virtual
power management:

processor	: 16
vendor_id	: AuthenticAMD
cpu family	: 16
model		: 9
model name	: AMD Opteron(tm) Processor 6136
stepping	: 1
microcode	: 0x1000065
cpu MHz		: 2400.142
cache size	: 512 KB
physical id	: 16
siblings	: 1
core id		: 0
cpu cores	: 1
apicid		: 16
initial apicid	: 16
fpu		: yes
fpu_exception	: yes
cpuid level	: 5
wp		: yes
flags		: fpu vme de pse tsc msr pae mce cx8 apic sep mtrr pge mca cmov pat pse36 clflush mmx fxsr sse sse2 syscall nx mmxext fxsr_opt pdpe1gb lm 3dnowext 3dnow rep_good nopl extd_apicid pni cx16 x2apic popcnt hypervisor lahf_lm cmp_legacy svm cr8_legacy abm sse4a misalignsse 3dnowprefetch osvw npt nrip_save vmmcall
bugs		: tlb_mmatch fxsave_leak
bogomips	: 4800.28
TLB size	: 1024 4K pages
clflush size	: 64
cache_alignment	: 64
address sizes	: 40 bits physical, 48 bits virtual
power management:

processor	: 17
vendor_id	: AuthenticAMD
cpu family	: 16
model		: 9
model name	: AMD Opteron(tm) Processor 6136
stepping	: 1
microcode	: 0x1000065
cpu MHz		: 2400.142
cache size	: 512 KB
physical id	: 17
siblings	: 1
core id		: 0
cpu cores	: 1
apicid		: 17
initial apicid	: 17
fpu		: yes
fpu_exception	: yes
cpuid level	: 5
wp		: yes
flags		: fpu vme de pse tsc msr pae mce cx8 apic sep mtrr pge mca cmov pat pse36 clflush mmx fxsr sse sse2 syscall nx mmxext fxsr_opt pdpe1gb lm 3dnowext 3dnow rep_good nopl extd_apicid pni cx16 x2apic popcnt hypervisor lahf_lm cmp_legacy svm cr8_legacy abm sse4a misalignsse 3dnowprefetch osvw npt nrip_save vmmcall
bugs		: tlb_mmatch fxsave_leak
bogomips	: 4800.28
TLB size	: 1024 4K pages
clflush size	: 64
cache_alignment	: 64
address sizes	: 40 bits physical, 48 bits virtual
power management:

processor	: 18
vendor_id	: AuthenticAMD
cpu family	: 16
model		: 9
model name	: AMD Opteron(tm) Processor 6136
stepping	: 1
microcode	: 0x1000065
cpu MHz		: 2400.142
cache size	: 512 KB
physical id	: 18
siblings	: 1
core id		: 0
cpu cores	: 1
apicid		: 18
initial apicid	: 18
fpu		: yes
fpu_exception	: yes
cpuid level	: 5
wp		: yes
flags		: fpu vme de pse tsc msr pae mce cx8 apic sep mtrr pge mca cmov pat pse36 clflush mmx fxsr sse sse2 syscall nx mmxext fxsr_opt pdpe1gb lm 3dnowext 3dnow rep_good nopl extd_apicid pni cx16 x2apic popcnt hypervisor lahf_lm cmp_legacy svm cr8_legacy abm sse4a misalignsse 3dnowprefetch osvw npt nrip_save vmmcall
bugs		: tlb_mmatch fxsave_leak
bogomips	: 4800.28
TLB size	: 1024 4K pages
clflush size	: 64
cache_alignment	: 64
address sizes	: 40 bits physical, 48 bits virtual
power management:

processor	: 19
vendor_id	: AuthenticAMD
cpu family	: 16
model		: 9
model name	: AMD Opteron(tm) Processor 6136
stepping	: 1
microcode	: 0x1000065
cpu MHz		: 2400.142
cache size	: 512 KB
physical id	: 19
siblings	: 1
core id		: 0
cpu cores	: 1
apicid		: 19
initial apicid	: 19
fpu		: yes
fpu_exception	: yes
cpuid level	: 5
wp		: yes
flags		: fpu vme de pse tsc msr pae mce cx8 apic sep mtrr pge mca cmov pat pse36 clflush mmx fxsr sse sse2 syscall nx mmxext fxsr_opt pdpe1gb lm 3dnowext 3dnow rep_good nopl extd_apicid pni cx16 x2apic popcnt hypervisor lahf_lm cmp_legacy svm cr8_legacy abm sse4a misalignsse 3dnowprefetch osvw npt nrip_save vmmcall
bugs		: tlb_mmatch fxsave_leak
bogomips	: 4800.28
TLB size	: 1024 4K pages
clflush size	: 64
cache_alignment	: 64
address sizes	: 40 bits physical, 48 bits virtual
power management:

processor	: 20
vendor_id	: AuthenticAMD
cpu family	: 16
model		: 9
model name	: AMD Opteron(tm) Processor 6136
stepping	: 1
microcode	: 0x1000065
cpu MHz		: 2400.142
cache size	: 512 KB
physical id	: 20
siblings	: 1
core id		: 0
cpu cores	: 1
apicid		: 20
initial apicid	: 20
fpu		: yes
fpu_exception	: yes
cpuid level	: 5
wp		: yes
flags		: fpu vme de pse tsc msr pae mce cx8 apic sep mtrr pge mca cmov pat pse36 clflush mmx fxsr sse sse2 syscall nx mmxext fxsr_opt pdpe1gb lm 3dnowext 3dnow rep_good nopl extd_apicid pni cx16 x2apic popcnt hypervisor lahf_lm cmp_legacy svm cr8_legacy abm sse4a misalignsse 3dnowprefetch osvw npt nrip_save vmmcall
bugs		: tlb_mmatch fxsave_leak
bogomips	: 4800.28
TLB size	: 1024 4K pages
clflush size	: 64
cache_alignment	: 64
address sizes	: 40 bits physical, 48 bits virtual
power management:

processor	: 21
vendor_id	: AuthenticAMD
cpu family	: 16
model		: 9
model name	: AMD Opteron(tm) Processor 6136
stepping	: 1
microcode	: 0x1000065
cpu MHz		: 2400.142
cache size	: 512 KB
physical id	: 21
siblings	: 1
core id		: 0
cpu cores	: 1
apicid		: 21
initial apicid	: 21
fpu		: yes
fpu_exception	: yes
cpuid level	: 5
wp		: yes
flags		: fpu vme de pse tsc msr pae mce cx8 apic sep mtrr pge mca cmov pat pse36 clflush mmx fxsr sse sse2 syscall nx mmxext fxsr_opt pdpe1gb lm 3dnowext 3dnow rep_good nopl extd_apicid pni cx16 x2apic popcnt hypervisor lahf_lm cmp_legacy svm cr8_legacy abm sse4a misalignsse 3dnowprefetch osvw npt nrip_save vmmcall
bugs		: tlb_mmatch fxsave_leak
bogomips	: 4800.28
TLB size	: 1024 4K pages
clflush size	: 64
cache_alignment	: 64
address sizes	: 40 bits physical, 48 bits virtual
power management:

processor	: 22
vendor_id	: AuthenticAMD
cpu family	: 16
model		: 9
model name	: AMD Opteron(tm) Processor 6136
stepping	: 1
microcode	: 0x1000065
cpu MHz		: 2400.142
cache size	: 512 KB
physical id	: 22
siblings	: 1
core id		: 0
cpu cores	: 1
apicid		: 22
initial apicid	: 22
fpu		: yes
fpu_exception	: yes
cpuid level	: 5
wp		: yes
flags		: fpu vme de pse tsc msr pae mce cx8 apic sep mtrr pge mca cmov pat pse36 clflush mmx fxsr sse sse2 syscall nx mmxext fxsr_opt pdpe1gb lm 3dnowext 3dnow rep_good nopl extd_apicid pni cx16 x2apic popcnt hypervisor lahf_lm cmp_legacy svm cr8_legacy abm sse4a misalignsse 3dnowprefetch osvw npt nrip_save vmmcall
bugs		: tlb_mmatch fxsave_leak
bogomips	: 4800.28
TLB size	: 1024 4K pages
clflush size	: 64
cache_alignment	: 64
address sizes	: 40 bits physical, 48 bits virtual
power management:

processor	: 23
vendor_id	: AuthenticAMD
cpu family	: 16
model		: 9
model name	: AMD Opteron(tm) Processor 6136
stepping	: 1
microcode	: 0x1000065
cpu MHz		: 2400.142
cache size	: 512 KB
physical id	: 23
siblings	: 1
core id		: 0
cpu cores	: 1
apicid		: 23
initial apicid	: 23
fpu		: yes
fpu_exception	: yes
cpuid level	: 5
wp		: yes
flags		: fpu vme de pse tsc msr pae mce cx8 apic sep mtrr pge mca cmov pat pse36 clflush mmx fxsr sse sse2 syscall nx mmxext fxsr_opt pdpe1gb lm 3dnowext 3dnow rep_good nopl extd_apicid pni cx16 x2apic popcnt hypervisor lahf_lm cmp_legacy svm cr8_legacy abm sse4a misalignsse 3dnowprefetch osvw npt nrip_save vmmcall
bugs		: tlb_mmatch fxsave_leak
bogomips	: 4800.28
TLB size	: 1024 4K pages
clflush size	: 64
cache_alignment	: 64
address sizes	: 40 bits physical, 48 bits virtual
power management:

processor	: 24
vendor_id	: AuthenticAMD
cpu family	: 16
model		: 9
model name	: AMD Opteron(tm) Processor 6136
stepping	: 1
microcode	: 0x1000065
cpu MHz		: 2400.142
cache size	: 512 KB
physical id	: 24
siblings	: 1
core id		: 0
cpu cores	: 1
apicid		: 24
initial apicid	: 24
fpu		: yes
fpu_exception	: yes
cpuid level	: 5
wp		: yes
flags		: fpu vme de pse tsc msr pae mce cx8 apic sep mtrr pge mca cmov pat pse36 clflush mmx fxsr sse sse2 syscall nx mmxext fxsr_opt pdpe1gb lm 3dnowext 3dnow rep_good nopl extd_apicid pni cx16 x2apic popcnt hypervisor lahf_lm cmp_legacy svm cr8_legacy abm sse4a misalignsse 3dnowprefetch osvw npt nrip_save vmmcall
bugs		: tlb_mmatch fxsave_leak
bogomips	: 4800.28
TLB size	: 1024 4K pages
clflush size	: 64
cache_alignment	: 64
address sizes	: 40 bits physical, 48 bits virtual
power management:

processor	: 25
vendor_id	: AuthenticAMD
cpu family	: 16
model		: 9
model name	: AMD Opteron(tm) Processor 6136
stepping	: 1
microcode	: 0x1000065
cpu MHz		: 2400.142
cache size	: 512 KB
physical id	: 25
siblings	: 1
core id		: 0
cpu cores	: 1
apicid		: 25
initial apicid	: 25
fpu		: yes
fpu_exception	: yes
cpuid level	: 5
wp		: yes
flags		: fpu vme de pse tsc msr pae mce cx8 apic sep mtrr pge mca cmov pat pse36 clflush mmx fxsr sse sse2 syscall nx mmxext fxsr_opt pdpe1gb lm 3dnowext 3dnow rep_good nopl extd_apicid pni cx16 x2apic popcnt hypervisor lahf_lm cmp_legacy svm cr8_legacy abm sse4a misalignsse 3dnowprefetch osvw npt nrip_save vmmcall
bugs		: tlb_mmatch fxsave_leak
bogomips	: 4800.28
TLB size	: 1024 4K pages
clflush size	: 64
cache_alignment	: 64
address sizes	: 40 bits physical, 48 bits virtual
power management:

processor	: 26
vendor_id	: AuthenticAMD
cpu family	: 16
model		: 9
model name	: AMD Opteron(tm) Processor 6136
stepping	: 1
microcode	: 0x1000065
cpu MHz		: 2400.142
cache size	: 512 KB
physical id	: 26
siblings	: 1
core id		: 0
cpu cores	: 1
apicid		: 26
initial apicid	: 26
fpu		: yes
fpu_exception	: yes
cpuid level	: 5
wp		: yes
flags		: fpu vme de pse tsc msr pae mce cx8 apic sep mtrr pge mca cmov pat pse36 clflush mmx fxsr sse sse2 syscall nx mmxext fxsr_opt pdpe1gb lm 3dnowext 3dnow rep_good nopl extd_apicid pni cx16 x2apic popcnt hypervisor lahf_lm cmp_legacy svm cr8_legacy abm sse4a misalignsse 3dnowprefetch osvw npt nrip_save vmmcall
bugs		: tlb_mmatch fxsave_leak
bogomips	: 4800.28
TLB size	: 1024 4K pages
clflush size	: 64
cache_alignment	: 64
address sizes	: 40 bits physical, 48 bits virtual
power management:

processor	: 27
vendor_id	: AuthenticAMD
cpu family	: 16
model		: 9
model name	: AMD Opteron(tm) Processor 6136
stepping	: 1
microcode	: 0x1000065
cpu MHz		: 2400.142
cache size	: 512 KB
physical id	: 27
siblings	: 1
core id		: 0
cpu cores	: 1
apicid		: 27
initial apicid	: 27
fpu		: yes
fpu_exception	: yes
cpuid level	: 5
wp		: yes
flags		: fpu vme de pse tsc msr pae mce cx8 apic sep mtrr pge mca cmov pat pse36 clflush mmx fxsr sse sse2 syscall nx mmxext fxsr_opt pdpe1gb lm 3dnowext 3dnow rep_good nopl extd_apicid pni cx16 x2apic popcnt hypervisor lahf_lm cmp_legacy svm cr8_legacy abm sse4a misalignsse 3dnowprefetch osvw npt nrip_save vmmcall
bugs		: tlb_mmatch fxsave_leak
bogomips	: 4800.28
TLB size	: 1024 4K pages
clflush size	: 64
cache_alignment	: 64
address sizes	: 40 bits physical, 48 bits virtual
power management:

processor	: 28
vendor_id	: AuthenticAMD
cpu family	: 16
model		: 9
model name	: AMD Opteron(tm) Processor 6136
stepping	: 1
microcode	: 0x1000065
cpu MHz		: 2400.142
cache size	: 512 KB
physical id	: 28
siblings	: 1
core id		: 0
cpu cores	: 1
apicid		: 28
initial apicid	: 28
fpu		: yes
fpu_exception	: yes
cpuid level	: 5
wp		: yes
flags		: fpu vme de pse tsc msr pae mce cx8 apic sep mtrr pge mca cmov pat pse36 clflush mmx fxsr sse sse2 syscall nx mmxext fxsr_opt pdpe1gb lm 3dnowext 3dnow rep_good nopl extd_apicid pni cx16 x2apic popcnt hypervisor lahf_lm cmp_legacy svm cr8_legacy abm sse4a misalignsse 3dnowprefetch osvw npt nrip_save vmmcall
bugs		: tlb_mmatch fxsave_leak
bogomips	: 4800.28
TLB size	: 1024 4K pages
clflush size	: 64
cache_alignment	: 64
address sizes	: 40 bits physical, 48 bits virtual
power management:

processor	: 29
vendor_id	: AuthenticAMD
cpu family	: 16
model		: 9
model name	: AMD Opteron(tm) Processor 6136
stepping	: 1
microcode	: 0x1000065
cpu MHz		: 2400.142
cache size	: 512 KB
physical id	: 29
siblings	: 1
core id		: 0
cpu cores	: 1
apicid		: 29
initial apicid	: 29
fpu		: yes
fpu_exception	: yes
cpuid level	: 5
wp		: yes
flags		: fpu vme de pse tsc msr pae mce cx8 apic sep mtrr pge mca cmov pat pse36 clflush mmx fxsr sse sse2 syscall nx mmxext fxsr_opt pdpe1gb lm 3dnowext 3dnow rep_good nopl extd_apicid pni cx16 x2apic popcnt hypervisor lahf_lm cmp_legacy svm cr8_legacy abm sse4a misalignsse 3dnowprefetch osvw npt nrip_save vmmcall
bugs		: tlb_mmatch fxsave_leak
bogomips	: 4800.28
TLB size	: 1024 4K pages
clflush size	: 64
cache_alignment	: 64
address sizes	: 40 bits physical, 48 bits virtual
power management:

processor	: 30
vendor_id	: AuthenticAMD
cpu family	: 16
model		: 9
model name	: AMD Opteron(tm) Processor 6136
stepping	: 1
microcode	: 0x1000065
cpu MHz		: 2400.142
cache size	: 512 KB
physical id	: 30
siblings	: 1
core id		: 0
cpu cores	: 1
apicid		: 30
initial apicid	: 30
fpu		: yes
fpu_exception	: yes
cpuid level	: 5
wp		: yes
flags		: fpu vme de pse tsc msr pae mce cx8 apic sep mtrr pge mca cmov pat pse36 clflush mmx fxsr sse sse2 syscall nx mmxext fxsr_opt pdpe1gb lm 3dnowext 3dnow rep_good nopl extd_apicid pni cx16 x2apic popcnt hypervisor lahf_lm cmp_legacy svm cr8_legacy abm sse4a misalignsse 3dnowprefetch osvw npt nrip_save vmmcall
bugs		: tlb_mmatch fxsave_leak
bogomips	: 4800.28
TLB size	: 1024 4K pages
clflush size	: 64
cache_alignment	: 64
address sizes	: 40 bits physical, 48 bits virtual
power management:

processor	: 31
vendor_id	: AuthenticAMD
cpu family	: 16
model		: 9
model name	: AMD Opteron(tm) Processor 6136
stepping	: 1
microcode	: 0x1000065
cpu MHz		: 2400.142
cache size	: 512 KB
physical id	: 31
siblings	: 1
core id		: 0
cpu cores	: 1
apicid		: 31
initial apicid	: 31
fpu		: yes
fpu_exception	: yes
cpuid level	: 5
wp		: yes
flags		: fpu vme de pse tsc msr pae mce cx8 apic sep mtrr pge mca cmov pat pse36 clflush mmx fxsr sse sse2 syscall nx mmxext fxsr_opt pdpe1gb lm 3dnowext 3dnow rep_good nopl extd_apicid pni cx16 x2apic popcnt hypervisor lahf_lm cmp_legacy svm cr8_legacy abm sse4a misalignsse 3dnowprefetch osvw npt nrip_save vmmcall
bugs		: tlb_mmatch fxsave_leak
bogomips	: 4800.28
TLB size	: 1024 4K pages
clflush size	: 64
cache_alignment	: 64
address sizes	: 40 bits physical, 48 bits virtual
power management:



Memory: 4k page, physical 127909028k(1052396k free), swap 0k(0k free)

vm_info: Java HotSpot(TM) 64-Bit Server VM (25.45-b02) for linux-amd64 JRE (1.8.0_45-b14), built on Apr 10 2015 10:07:45 by "java_re" with gcc 4.3.0 20080428 (Red Hat 4.3.0-8)

time: Tue Jan 12 22:22:54 2016
elapsed time: 17 seconds (0d 0h 0m 17s)

