#
# There is insufficient memory for the Java Runtime Environment to continue.
# Native memory allocation (mmap) failed to map 1194328064 bytes for committing reserved memory.
# Possible reasons:
#   The system is out of physical RAM or swap space
#   In 32 bit mode, the process size limit was hit
# Possible solutions:
#   Reduce memory load on the system
#   Increase physical memory or swap space
#   Check if swap backing store is full
#   Use 64 bit Java on a 64 bit OS
#   Decrease Java heap size (-Xmx/-Xms)
#   Decrease number of Java threads
#   Decrease Java thread stack sizes (-Xss)
#   Set larger code cache with -XX:ReservedCodeCacheSize=
# This output file may be truncated or incomplete.
#
#  Out of Memory Error (os_linux.cpp:2673), pid=6230, tid=140307935573760
#
# JRE version: Java(TM) SE Runtime Environment (8.0_45-b14) (build 1.8.0_45-b14)
# Java VM: Java HotSpot(TM) 64-Bit Server VM (25.45-b02 mixed mode linux-amd64 compressed oops)
# Failed to write core dump. Core dumps have been disabled. To enable core dumping, try "ulimit -c unlimited" before starting Java again
#

---------------  T H R E A D  ---------------

Current thread (0x00007f9c843c6000):  VMThread [stack: 0x00007f9bfc98b000,0x00007f9bfca8c000] [id=6488]

Stack: [0x00007f9bfc98b000,0x00007f9bfca8c000],  sp=0x00007f9bfca8a260,  free space=1020k
Native frames: (J=compiled Java code, j=interpreted, Vv=VM code, C=native code)
V  [libjvm.so+0xaac99a]  VMError::report_and_die()+0x2ba
V  [libjvm.so+0x4f333b]  report_vm_out_of_memory(char const*, int, unsigned long, VMErrorType, char const*)+0x8b
V  [libjvm.so+0x90e7c3]  os::Linux::commit_memory_impl(char*, unsigned long, bool)+0x103
V  [libjvm.so+0x90ed19]  os::pd_commit_memory(char*, unsigned long, unsigned long, bool)+0x29
V  [libjvm.so+0x90867a]  os::commit_memory(char*, unsigned long, unsigned long, bool)+0x2a
V  [libjvm.so+0x97bac3]  PSVirtualSpace::expand_by(unsigned long)+0x53
V  [libjvm.so+0x97cec8]  PSYoungGen::resize_generation(unsigned long, unsigned long)+0xf8
V  [libjvm.so+0x97c022]  PSYoungGen::resize(unsigned long, unsigned long)+0x22
V  [libjvm.so+0x9792fb]  PSScavenge::invoke_no_policy()+0xf7b
V  [libjvm.so+0x979a81]  PSScavenge::invoke()+0x41
V  [libjvm.so+0x932050]  ParallelScavengeHeap::failed_mem_allocate(unsigned long)+0x70
V  [libjvm.so+0xaae1d7]  VM_ParallelGCFailedAllocation::doit()+0x97
V  [libjvm.so+0xab59c5]  VM_Operation::evaluate()+0x55
V  [libjvm.so+0xab3d9a]  VMThread::evaluate_operation(VM_Operation*)+0xba
V  [libjvm.so+0xab411e]  VMThread::loop()+0x1ce
V  [libjvm.so+0xab4590]  VMThread::run()+0x70
V  [libjvm.so+0x910de8]  java_start(Thread*)+0x108

VM_Operation (0x00007f9beeddf390): ParallelGCFailedAllocation, mode: safepoint, requested by thread 0x00007f9c844ee000


---------------  P R O C E S S  ---------------

Java Threads: ( => current thread )
  0x00007f9c844ee000 JavaThread "pool-1-thread-1" [_thread_blocked, id=6691, stack(0x00007f9beece0000,0x00007f9beede1000)]
  0x00007f9c84431000 JavaThread "Service Thread" daemon [_thread_blocked, id=6670, stack(0x00007f9beeff0000,0x00007f9bef0f1000)]
  0x00007f9c8442c000 JavaThread "C1 CompilerThread14" daemon [_thread_blocked, id=6602, stack(0x00007f9bef0f1000,0x00007f9bef1f2000)]
  0x00007f9c8442a000 JavaThread "C1 CompilerThread13" daemon [_thread_blocked, id=6599, stack(0x00007f9bef1f2000,0x00007f9bef2f3000)]
  0x00007f9c84428800 JavaThread "C1 CompilerThread12" daemon [_thread_blocked, id=6588, stack(0x00007f9bef2f3000,0x00007f9bef3f4000)]
  0x00007f9c84426000 JavaThread "C1 CompilerThread11" daemon [_thread_blocked, id=6582, stack(0x00007f9bef3f4000,0x00007f9bef4f5000)]
  0x00007f9c84424800 JavaThread "C1 CompilerThread10" daemon [_thread_blocked, id=6579, stack(0x00007f9bef4f5000,0x00007f9bef5f6000)]
  0x00007f9c84422000 JavaThread "C2 CompilerThread9" daemon [_thread_blocked, id=6574, stack(0x00007f9bef5f6000,0x00007f9bef6f7000)]
  0x00007f9c84420000 JavaThread "C2 CompilerThread8" daemon [_thread_blocked, id=6569, stack(0x00007f9bef6f7000,0x00007f9bef7f8000)]
  0x00007f9c8441e000 JavaThread "C2 CompilerThread7" daemon [_thread_blocked, id=6564, stack(0x00007f9bef7f8000,0x00007f9bef8f9000)]
  0x00007f9c8441b800 JavaThread "C2 CompilerThread6" daemon [_thread_blocked, id=6561, stack(0x00007f9bef8f9000,0x00007f9bef9fa000)]
  0x00007f9c8441a000 JavaThread "C2 CompilerThread5" daemon [_thread_blocked, id=6553, stack(0x00007f9bef9fa000,0x00007f9befafb000)]
  0x00007f9c8440f800 JavaThread "C2 CompilerThread4" daemon [_thread_blocked, id=6541, stack(0x00007f9befafb000,0x00007f9befbfc000)]
  0x00007f9c8440d800 JavaThread "C2 CompilerThread3" daemon [_thread_blocked, id=6536, stack(0x00007f9befbfc000,0x00007f9befcfd000)]
  0x00007f9c8440b800 JavaThread "C2 CompilerThread2" daemon [_thread_blocked, id=6531, stack(0x00007f9befcfd000,0x00007f9befdfe000)]
  0x00007f9c84409800 JavaThread "C2 CompilerThread1" daemon [_thread_blocked, id=6526, stack(0x00007f9befdfe000,0x00007f9befeff000)]
  0x00007f9c84406800 JavaThread "C2 CompilerThread0" daemon [_thread_blocked, id=6523, stack(0x00007f9befeff000,0x00007f9bf0000000)]
  0x00007f9c84405000 JavaThread "Signal Dispatcher" daemon [_thread_blocked, id=6510, stack(0x00007f9bfc0d0000,0x00007f9bfc1d1000)]
  0x00007f9c843cd000 JavaThread "Finalizer" daemon [_thread_blocked, id=6503, stack(0x00007f9bfc789000,0x00007f9bfc88a000)]
  0x00007f9c843cb000 JavaThread "Reference Handler" daemon [_thread_blocked, id=6498, stack(0x00007f9bfc88a000,0x00007f9bfc98b000)]
  0x00007f9c8400a800 JavaThread "main" [_thread_blocked, id=6241, stack(0x00007f9c8bd3c000,0x00007f9c8be3d000)]

Other Threads:
=>0x00007f9c843c6000 VMThread [stack: 0x00007f9bfc98b000,0x00007f9bfca8c000] [id=6488]
  0x00007f9c84433800 WatcherThread [stack: 0x00007f9beeeef000,0x00007f9beeff0000] [id=6685]

VM state:at safepoint (normal execution)

VM Mutex/Monitor currently owned by a thread:  ([mutex/lock_event])
[0x00007f9c84006000] Threads_lock - owner thread: 0x00007f9c843c6000
[0x00007f9c84006500] Heap_lock - owner thread: 0x00007f9c844ee000

Heap:
 PSYoungGen      total 2083840K, used 82933K [0x00000006f4900000, 0x0000000778d00000, 0x00000007c0000000)
  eden space 2000896K, 0% used [0x00000006f4900000,0x00000006f4900000,0x000000076eb00000)
  from space 82944K, 99% used [0x000000076eb00000,0x0000000773bfd618,0x0000000773c00000)
  to   space 82944K, 0% used [0x0000000773c00000,0x0000000773c00000,0x0000000778d00000)
 ParOldGen       total 1332736K, used 649484K [0x000000055da00000, 0x00000005aef80000, 0x00000006f4900000)
  object space 1332736K, 48% used [0x000000055da00000,0x0000000585443390,0x00000005aef80000)
 Metaspace       used 5095K, capacity 5284K, committed 5504K, reserved 1056768K
  class space    used 567K, capacity 608K, committed 640K, reserved 1048576K

Card table byte_map: [0x00007f9c73cec000,0x00007f9c75000000] byte_map_base: 0x00007f9c711ff000

Marking Bits: (ParMarkBitMap*) 0x00007f9c8b235760
 Begin Bits: [0x00007f9c00ed0000, 0x00007f9c0a768000)
 End Bits:   [0x00007f9c0a768000, 0x00007f9c14000000)

Polling page: 0x00007f9c8be7c000

CodeCache: size=245760Kb used=5084Kb max_used=5093Kb free=240675Kb
 bounds [0x00007f9c75000000, 0x00007f9c75510000, 0x00007f9c84000000]
 total_blobs=991 nmethods=698 adapters=205
 compilation: enabled

Compilation events (10 events):
Event: 8,351 Thread 0x00007f9c84420000  695       4       java.util.Collections::swap (25 bytes)
Event: 8,353 Thread 0x00007f9c84406800 nmethod 694 0x00007f9c754dead0 code [0x00007f9c754dec20, 0x00007f9c754dedb8]
Event: 8,355 Thread 0x00007f9c84420000 nmethod 695 0x00007f9c754e5890 code [0x00007f9c754e5a00, 0x00007f9c754e5bd8]
Event: 8,410 Thread 0x00007f9c8441b800 nmethod 686 0x00007f9c754f53d0 code [0x00007f9c754f58a0, 0x00007f9c754f9168]
Event: 8,583 Thread 0x00007f9c84422000  696       4       java.util.ArrayList::indexOf (67 bytes)
Event: 8,583 Thread 0x00007f9c84406800  697       4       java.util.ArrayList::contains (14 bytes)
Event: 8,587 Thread 0x00007f9c84422000 nmethod 696 0x00007f9c754e5490 code [0x00007f9c754e55e0, 0x00007f9c754e5758]
Event: 8,587 Thread 0x00007f9c84406800 nmethod 697 0x00007f9c754ebdd0 code [0x00007f9c754ebf20, 0x00007f9c754ec0d8]
Event: 8,892 Thread 0x00007f9c8440b800  698       4       org.uma.jmetal.metaheuristic.multiobjective.ibea.IBEA::computeIndicatorValuesHD (246 bytes)
Event: 8,959 Thread 0x00007f9c8440b800 nmethod 698 0x00007f9c754fcfd0 code [0x00007f9c754fd2c0, 0x00007f9c754fea98]

GC Heap History (9 events):
Event: 3,027 GC heap before
{Heap before GC invocations=1 (full 0):
 PSYoungGen      total 583168K, used 500224K [0x00000006f4900000, 0x000000071d380000, 0x00000007c0000000)
  eden space 500224K, 100% used [0x00000006f4900000,0x0000000713180000,0x0000000713180000)
  from space 82944K, 0% used [0x0000000718280000,0x0000000718280000,0x000000071d380000)
  to   space 82944K, 0% used [0x0000000713180000,0x0000000713180000,0x0000000718280000)
 ParOldGen       total 1332736K, used 0K [0x000000055da00000, 0x00000005aef80000, 0x00000006f4900000)
  object space 1332736K, 0% used [0x000000055da00000,0x000000055da00000,0x00000005aef80000)
 Metaspace       used 5062K, capacity 5220K, committed 5504K, reserved 1056768K
  class space    used 566K, capacity 608K, committed 640K, reserved 1048576K
Event: 3,079 GC heap after
Heap after GC invocations=1 (full 0):
 PSYoungGen      total 583168K, used 5779K [0x00000006f4900000, 0x000000073bc00000, 0x00000007c0000000)
  eden space 500224K, 0% used [0x00000006f4900000,0x00000006f4900000,0x0000000713180000)
  from space 82944K, 6% used [0x0000000713180000,0x0000000713724e28,0x0000000718280000)
  to   space 82944K, 0% used [0x0000000736b00000,0x0000000736b00000,0x000000073bc00000)
 ParOldGen       total 1332736K, used 8K [0x000000055da00000, 0x00000005aef80000, 0x00000006f4900000)
  object space 1332736K, 0% used [0x000000055da00000,0x000000055da02000,0x00000005aef80000)
 Metaspace       used 5062K, capacity 5220K, committed 5504K, reserved 1056768K
  class space    used 566K, capacity 608K, committed 640K, reserved 1048576K
}
Event: 4,049 GC heap before
{Heap before GC invocations=2 (full 0):
 PSYoungGen      total 583168K, used 506003K [0x00000006f4900000, 0x000000073bc00000, 0x00000007c0000000)
  eden space 500224K, 100% used [0x00000006f4900000,0x0000000713180000,0x0000000713180000)
  from space 82944K, 6% used [0x0000000713180000,0x0000000713724e28,0x0000000718280000)
  to   space 82944K, 0% used [0x0000000736b00000,0x0000000736b00000,0x000000073bc00000)
 ParOldGen       total 1332736K, used 8K [0x000000055da00000, 0x00000005aef80000, 0x00000006f4900000)
  object space 1332736K, 0% used [0x000000055da00000,0x000000055da02000,0x00000005aef80000)
 Metaspace       used 5064K, capacity 5220K, committed 5504K, reserved 1056768K
  class space    used 566K, capacity 608K, committed 640K, reserved 1048576K
Event: 4,336 GC heap after
Heap after GC invocations=2 (full 0):
 PSYoungGen      total 1083392K, used 82928K [0x00000006f4900000, 0x000000073bc00000, 0x00000007c0000000)
  eden space 1000448K, 0% used [0x00000006f4900000,0x00000006f4900000,0x0000000731a00000)
  from space 82944K, 99% used [0x0000000736b00000,0x000000073bbfc030,0x000000073bc00000)
  to   space 82944K, 0% used [0x0000000731a00000,0x0000000731a00000,0x0000000736b00000)
 ParOldGen       total 1332736K, used 29690K [0x000000055da00000, 0x00000005aef80000, 0x00000006f4900000)
  object space 1332736K, 2% used [0x000000055da00000,0x000000055f6fe840,0x00000005aef80000)
 Metaspace       used 5064K, capacity 5220K, committed 5504K, reserved 1056768K
  class space    used 566K, capacity 608K, committed 640K, reserved 1048576K
}
Event: 9,648 GC heap before
{Heap before GC invocations=3 (full 0):
 PSYoungGen      total 1083392K, used 1083376K [0x00000006f4900000, 0x000000073bc00000, 0x00000007c0000000)
  eden space 1000448K, 100% used [0x00000006f4900000,0x0000000731a00000,0x0000000731a00000)
  from space 82944K, 99% used [0x0000000736b00000,0x000000073bbfc030,0x000000073bc00000)
  to   space 82944K, 0% used [0x0000000731a00000,0x0000000731a00000,0x0000000736b00000)
 ParOldGen       total 1332736K, used 29690K [0x000000055da00000, 0x00000005aef80000, 0x00000006f4900000)
  object space 1332736K, 2% used [0x000000055da00000,0x000000055f6fe840,0x00000005aef80000)
 Metaspace       used 5095K, capacity 5284K, committed 5504K, reserved 1056768K
  class space    used 567K, capacity 608K, committed 640K, reserved 1048576K
Event: 9,747 GC heap after
Heap after GC invocations=3 (full 0):
 PSYoungGen      total 1083392K, used 56340K [0x00000006f4900000, 0x0000000778d00000, 0x00000007c0000000)
  eden space 1000448K, 0% used [0x00000006f4900000,0x00000006f4900000,0x0000000731a00000)
  from space 82944K, 67% used [0x0000000731a00000,0x00000007351053b8,0x0000000736b00000)
  to   space 82944K, 0% used [0x0000000773c00000,0x0000000773c00000,0x0000000778d00000)
 ParOldGen       total 1332736K, used 29698K [0x000000055da00000, 0x00000005aef80000, 0x00000006f4900000)
  object space 1332736K, 2% used [0x000000055da00000,0x000000055f700840,0x00000005aef80000)
 Metaspace       used 5095K, capacity 5284K, committed 5504K, reserved 1056768K
  class space    used 567K, capacity 608K, committed 640K, reserved 1048576K
}
Event: 11,787 GC heap before
{Heap before GC invocations=4 (full 0):
 PSYoungGen      total 1083392K, used 1056788K [0x00000006f4900000, 0x0000000778d00000, 0x00000007c0000000)
  eden space 1000448K, 100% used [0x00000006f4900000,0x0000000731a00000,0x0000000731a00000)
  from space 82944K, 67% used [0x0000000731a00000,0x00000007351053b8,0x0000000736b00000)
  to   space 82944K, 0% used [0x0000000773c00000,0x0000000773c00000,0x0000000778d00000)
 ParOldGen       total 1332736K, used 29698K [0x000000055da00000, 0x00000005aef80000, 0x00000006f4900000)
  object space 1332736K, 2% used [0x000000055da00000,0x000000055f700840,0x00000005aef80000)
 Metaspace       used 5095K, capacity 5284K, committed 5504K, reserved 1056768K
  class space    used 567K, capacity 608K, committed 640K, reserved 1048576K
Event: 12,171 GC heap after
Heap after GC invocations=4 (full 0):
 PSYoungGen      total 2083840K, used 82937K [0x00000006f4900000, 0x0000000778d00000, 0x00000007c0000000)
  eden space 2000896K, 0% used [0x00000006f4900000,0x00000006f4900000,0x000000076eb00000)
  from space 82944K, 99% used [0x0000000773c00000,0x0000000778cfe620,0x0000000778d00000)
  to   space 82944K, 0% used [0x000000076eb00000,0x000000076eb00000,0x0000000773c00000)
 ParOldGen       total 1332736K, used 218308K [0x000000055da00000, 0x00000005aef80000, 0x00000006f4900000)
  object space 1332736K, 16% used [0x000000055da00000,0x000000056af310d8,0x00000005aef80000)
 Metaspace       used 5095K, capacity 5284K, committed 5504K, reserved 1056768K
  class space    used 567K, capacity 608K, committed 640K, reserved 1048576K
}
Event: 17,248 GC heap before
{Heap before GC invocations=5 (full 0):
 PSYoungGen      total 2083840K, used 2083833K [0x00000006f4900000, 0x0000000778d00000, 0x00000007c0000000)
  eden space 2000896K, 100% used [0x00000006f4900000,0x000000076eb00000,0x000000076eb00000)
  from space 82944K, 99% used [0x0000000773c00000,0x0000000778cfe620,0x0000000778d00000)
  to   space 82944K, 0% used [0x000000076eb00000,0x000000076eb00000,0x0000000773c00000)
 ParOldGen       total 1332736K, used 218308K [0x000000055da00000, 0x00000005aef80000, 0x00000006f4900000)
  object space 1332736K, 16% used [0x000000055da00000,0x000000056af310d8,0x00000005aef80000)
 Metaspace       used 5095K, capacity 5284K, committed 5504K, reserved 1056768K
  class space    used 567K, capacity 608K, committed 640K, reserved 1048576K

Deoptimization events (8 events):
Event: 2,383 Thread 0x00007f9c844ee000 Uncommon trap: reason=unstable_if action=reinterpret pc=0x00007f9c7540e5d0 method=java.util.HashMap.putVal(ILjava/lang/Object;Ljava/lang/Object;ZZ)Ljava/lang/Object; @ 162
Event: 2,383 Thread 0x00007f9c844ee000 Uncommon trap: reason=unstable_if action=reinterpret pc=0x00007f9c75424a98 method=java.util.HashMap.putVal(ILjava/lang/Object;Ljava/lang/Object;ZZ)Ljava/lang/Object; @ 162
Event: 2,383 Thread 0x00007f9c844ee000 Uncommon trap: reason=unstable_if action=reinterpret pc=0x00007f9c7541633c method=java.util.HashMap.putVal(ILjava/lang/Object;Ljava/lang/Object;ZZ)Ljava/lang/Object; @ 162
Event: 2,383 Thread 0x00007f9c844ee000 Uncommon trap: reason=unstable_if action=reinterpret pc=0x00007f9c7540b2f8 method=java.util.HashMap.putVal(ILjava/lang/Object;Ljava/lang/Object;ZZ)Ljava/lang/Object; @ 162
Event: 2,383 Thread 0x00007f9c844ee000 Uncommon trap: reason=unstable_if action=reinterpret pc=0x00007f9c75410a5c method=java.util.HashMap.putVal(ILjava/lang/Object;Ljava/lang/Object;ZZ)Ljava/lang/Object; @ 162
Event: 2,455 Thread 0x00007f9c844ee000 Uncommon trap: reason=unstable_if action=reinterpret pc=0x00007f9c75489938 method=java.util.HashMap.putVal(ILjava/lang/Object;Ljava/lang/Object;ZZ)Ljava/lang/Object; @ 94
Event: 2,690 Thread 0x00007f9c844ee000 Uncommon trap: reason=unstable_if action=reinterpret pc=0x00007f9c75497d2c method=java.util.HashMap.putVal(ILjava/lang/Object;Ljava/lang/Object;ZZ)Ljava/lang/Object; @ 206
Event: 7,773 Thread 0x00007f9c844ee000 Uncommon trap: reason=unstable_if action=reinterpret pc=0x00007f9c754a35e0 method=edu.ufpr.cbio.psp.problem.PSPProblem.evaluate(Lorg/uma/jmetal/core/Solution;)V @ 330

Internal exceptions (8 events):
Event: 0,641 Thread 0x00007f9c8400a800 Exception <a 'java/lang/NoSuchMethodError': Method sun.misc.Unsafe.defineClass(Ljava/lang/String;[BII)Ljava/lang/Class; name or signature does not match> (0x00000006f4912a30) thrown at [/RE-WORK/workspace/8-2-build-linux-amd64/jdk8u45/3457/hotspot/src/sha
Event: 0,641 Thread 0x00007f9c8400a800 Exception <a 'java/lang/NoSuchMethodError': Method sun.misc.Unsafe.prefetchRead(Ljava/lang/Object;J)V name or signature does not match> (0x00000006f4912cc0) thrown at [/RE-WORK/workspace/8-2-build-linux-amd64/jdk8u45/3457/hotspot/src/share/vm/prims/jni.cp
Event: 0,922 Thread 0x00007f9c8400a800 Exception <a 'java/security/PrivilegedActionException'> (0x00000006f4a1e958) thrown at [/RE-WORK/workspace/8-2-build-linux-amd64/jdk8u45/3457/hotspot/src/share/vm/prims/jvm.cpp, line 1382]
Event: 0,922 Thread 0x00007f9c8400a800 Exception <a 'java/security/PrivilegedActionException'> (0x00000006f4a1eb10) thrown at [/RE-WORK/workspace/8-2-build-linux-amd64/jdk8u45/3457/hotspot/src/share/vm/prims/jvm.cpp, line 1382]
Event: 0,923 Thread 0x00007f9c8400a800 Exception <a 'java/security/PrivilegedActionException'> (0x00000006f4a213a8) thrown at [/RE-WORK/workspace/8-2-build-linux-amd64/jdk8u45/3457/hotspot/src/share/vm/prims/jvm.cpp, line 1382]
Event: 0,923 Thread 0x00007f9c8400a800 Exception <a 'java/security/PrivilegedActionException'> (0x00000006f4a21560) thrown at [/RE-WORK/workspace/8-2-build-linux-amd64/jdk8u45/3457/hotspot/src/share/vm/prims/jvm.cpp, line 1382]
Event: 1,310 Thread 0x00007f9c844ee000 Exception <a 'java/lang/NoSuchFieldError': method resolution failed> (0x00000006f716f950) thrown at [/RE-WORK/workspace/8-2-build-linux-amd64/jdk8u45/3457/hotspot/src/share/vm/prims/methodHandles.cpp, line 1125]
Event: 1,324 Thread 0x00007f9c844ee000 Exception <a 'java/lang/NoSuchFieldError': method resolution failed> (0x00000006f717e040) thrown at [/RE-WORK/workspace/8-2-build-linux-amd64/jdk8u45/3457/hotspot/src/share/vm/prims/methodHandles.cpp, line 1125]

Events (10 events):
Event: 8,316 Thread 0x00007f9c844ee000 DEOPT UNPACKING pc=0x00007f9c75046f73 sp=0x00007f9beeddf2d0 mode 0
Event: 8,383 Thread 0x00007f9c844ee000 DEOPT PACKING pc=0x00007f9c754c3bea sp=0x00007f9beeddf490
Event: 8,383 Thread 0x00007f9c844ee000 DEOPT UNPACKING pc=0x00007f9c75046f73 sp=0x00007f9beeddf2d0 mode 0
Event: 8,888 Thread 0x00007f9c844ee000 DEOPT PACKING pc=0x00007f9c754b3eb1 sp=0x00007f9beeddf450
Event: 8,888 Thread 0x00007f9c844ee000 DEOPT UNPACKING pc=0x00007f9c75046f73 sp=0x00007f9beeddf250 mode 0
Event: 9,648 Executing VM operation: ParallelGCFailedAllocation
Event: 9,747 Executing VM operation: ParallelGCFailedAllocation done
Event: 11,787 Executing VM operation: ParallelGCFailedAllocation
Event: 12,171 Executing VM operation: ParallelGCFailedAllocation done
Event: 17,248 Executing VM operation: ParallelGCFailedAllocation


Dynamic libraries:
00400000-00401000 r-xp 00000000 00:2c 13572529                           /home/ppginf/vdfontoura/jdk1.8.0_45/bin/java
00600000-00601000 rw-p 00000000 00:2c 13572529                           /home/ppginf/vdfontoura/jdk1.8.0_45/bin/java
00a40000-00a61000 rw-p 00000000 00:00 0                                  [heap]
55da00000-5aef80000 rw-p 00000000 00:00 0 
5aef80000-6f4900000 ---p 00000000 00:00 0 
6f4900000-778d00000 rw-p 00000000 00:00 0 
7c0000000-7c00a0000 rw-p 00000000 00:00 0 
7c00a0000-800000000 ---p 00000000 00:00 0 
7f9b9c000000-7f9b9c073000 rw-p 00000000 00:00 0 
7f9b9c073000-7f9ba0000000 ---p 00000000 00:00 0 
7f9ba4000000-7f9ba4021000 rw-p 00000000 00:00 0 
7f9ba4021000-7f9ba8000000 ---p 00000000 00:00 0 
7f9ba8000000-7f9ba8021000 rw-p 00000000 00:00 0 
7f9ba8021000-7f9bac000000 ---p 00000000 00:00 0 
7f9bac000000-7f9bac097000 rw-p 00000000 00:00 0 
7f9bac097000-7f9bb0000000 ---p 00000000 00:00 0 
7f9bb0000000-7f9bb007b000 rw-p 00000000 00:00 0 
7f9bb007b000-7f9bb4000000 ---p 00000000 00:00 0 
7f9bb4000000-7f9bb413c000 rw-p 00000000 00:00 0 
7f9bb413c000-7f9bb8000000 ---p 00000000 00:00 0 
7f9bb8000000-7f9bb80af000 rw-p 00000000 00:00 0 
7f9bb80af000-7f9bbc000000 ---p 00000000 00:00 0 
7f9bbc000000-7f9bbc2af000 rw-p 00000000 00:00 0 
7f9bbc2af000-7f9bc0000000 ---p 00000000 00:00 0 
7f9bc0000000-7f9bc0079000 rw-p 00000000 00:00 0 
7f9bc0079000-7f9bc4000000 ---p 00000000 00:00 0 
7f9bc4000000-7f9bc40dd000 rw-p 00000000 00:00 0 
7f9bc40dd000-7f9bc8000000 ---p 00000000 00:00 0 
7f9bc8000000-7f9bc82b1000 rw-p 00000000 00:00 0 
7f9bc82b1000-7f9bcc000000 ---p 00000000 00:00 0 
7f9bcc000000-7f9bcc3e1000 rw-p 00000000 00:00 0 
7f9bcc3e1000-7f9bd0000000 ---p 00000000 00:00 0 
7f9bd0000000-7f9bd0707000 rw-p 00000000 00:00 0 
7f9bd0707000-7f9bd4000000 ---p 00000000 00:00 0 
7f9bd4000000-7f9bd4243000 rw-p 00000000 00:00 0 
7f9bd4243000-7f9bd8000000 ---p 00000000 00:00 0 
7f9bd8000000-7f9bd80a7000 rw-p 00000000 00:00 0 
7f9bd80a7000-7f9bdc000000 ---p 00000000 00:00 0 
7f9bdc000000-7f9bdc105000 rw-p 00000000 00:00 0 
7f9bdc105000-7f9be0000000 ---p 00000000 00:00 0 
7f9be0000000-7f9be0532000 rw-p 00000000 00:00 0 
7f9be0532000-7f9be4000000 ---p 00000000 00:00 0 
7f9be4000000-7f9be41fa000 rw-p 00000000 00:00 0 
7f9be41fa000-7f9be8000000 ---p 00000000 00:00 0 
7f9be8000000-7f9be8021000 rw-p 00000000 00:00 0 
7f9be8021000-7f9bec000000 ---p 00000000 00:00 0 
7f9beebe0000-7f9beece0000 rw-p 00000000 00:00 0 
7f9beece0000-7f9beece3000 ---p 00000000 00:00 0 
7f9beece3000-7f9beede1000 rw-p 00000000 00:00 0                          [stack:6691]
7f9beede1000-7f9beeeef000 r--s 010cb000 00:2c 13455901                   /home/ppginf/vdfontoura/psp-chapter-cbic/psp-2D/cbic_approach/target/IBEA.jar
7f9beeeef000-7f9beeef0000 ---p 00000000 00:00 0 
7f9beeef0000-7f9beeff0000 rw-p 00000000 00:00 0                          [stack:6685]
7f9beeff0000-7f9beeff3000 ---p 00000000 00:00 0 
7f9beeff3000-7f9bef0f1000 rw-p 00000000 00:00 0                          [stack:6670]
7f9bef0f1000-7f9bef0f4000 ---p 00000000 00:00 0 
7f9bef0f4000-7f9bef1f2000 rw-p 00000000 00:00 0                          [stack:6602]
7f9bef1f2000-7f9bef1f5000 ---p 00000000 00:00 0 
7f9bef1f5000-7f9bef2f3000 rw-p 00000000 00:00 0                          [stack:6599]
7f9bef2f3000-7f9bef2f6000 ---p 00000000 00:00 0 
7f9bef2f6000-7f9bef3f4000 rw-p 00000000 00:00 0                          [stack:6588]
7f9bef3f4000-7f9bef3f7000 ---p 00000000 00:00 0 
7f9bef3f7000-7f9bef4f5000 rw-p 00000000 00:00 0                          [stack:6582]
7f9bef4f5000-7f9bef4f8000 ---p 00000000 00:00 0 
7f9bef4f8000-7f9bef5f6000 rw-p 00000000 00:00 0                          [stack:6579]
7f9bef5f6000-7f9bef5f9000 ---p 00000000 00:00 0 
7f9bef5f9000-7f9bef6f7000 rw-p 00000000 00:00 0                          [stack:6574]
7f9bef6f7000-7f9bef6fa000 ---p 00000000 00:00 0 
7f9bef6fa000-7f9bef7f8000 rw-p 00000000 00:00 0                          [stack:6569]
7f9bef7f8000-7f9bef7fb000 ---p 00000000 00:00 0 
7f9bef7fb000-7f9bef8f9000 rw-p 00000000 00:00 0                          [stack:6564]
7f9bef8f9000-7f9bef8fc000 ---p 00000000 00:00 0 
7f9bef8fc000-7f9bef9fa000 rw-p 00000000 00:00 0                          [stack:6561]
7f9bef9fa000-7f9bef9fd000 ---p 00000000 00:00 0 
7f9bef9fd000-7f9befafb000 rw-p 00000000 00:00 0                          [stack:6553]
7f9befafb000-7f9befafe000 ---p 00000000 00:00 0 
7f9befafe000-7f9befbfc000 rw-p 00000000 00:00 0                          [stack:6541]
7f9befbfc000-7f9befbff000 ---p 00000000 00:00 0 
7f9befbff000-7f9befcfd000 rw-p 00000000 00:00 0                          [stack:6536]
7f9befcfd000-7f9befd00000 ---p 00000000 00:00 0 
7f9befd00000-7f9befdfe000 rw-p 00000000 00:00 0                          [stack:6531]
7f9befdfe000-7f9befe01000 ---p 00000000 00:00 0 
7f9befe01000-7f9befeff000 rw-p 00000000 00:00 0                          [stack:6526]
7f9befeff000-7f9beff02000 ---p 00000000 00:00 0 
7f9beff02000-7f9bf0000000 rw-p 00000000 00:00 0                          [stack:6523]
7f9bf0000000-7f9bf0021000 rw-p 00000000 00:00 0 
7f9bf0021000-7f9bf4000000 ---p 00000000 00:00 0 
7f9bf4000000-7f9bf4021000 rw-p 00000000 00:00 0 
7f9bf4021000-7f9bf8000000 ---p 00000000 00:00 0 
7f9bf8000000-7f9bf828c000 rw-p 00000000 00:00 0 
7f9bf828c000-7f9bfc000000 ---p 00000000 00:00 0 
7f9bfc0d0000-7f9bfc0d3000 ---p 00000000 00:00 0 
7f9bfc0d3000-7f9bfc1d1000 rw-p 00000000 00:00 0                          [stack:6510]
7f9bfc1d1000-7f9bfc789000 r--p 00000000 00:15 231                        /usr/lib/locale/locale-archive
7f9bfc789000-7f9bfc78c000 ---p 00000000 00:00 0 
7f9bfc78c000-7f9bfc88a000 rw-p 00000000 00:00 0                          [stack:6503]
7f9bfc88a000-7f9bfc88d000 ---p 00000000 00:00 0 
7f9bfc88d000-7f9bfc98b000 rw-p 00000000 00:00 0                          [stack:6498]
7f9bfc98b000-7f9bfc98c000 ---p 00000000 00:00 0 
7f9bfc98c000-7f9c14000000 rw-p 00000000 00:00 0                          [stack:6488]
7f9c14000000-7f9c14021000 rw-p 00000000 00:00 0 
7f9c14021000-7f9c18000000 ---p 00000000 00:00 0 
7f9c18000000-7f9c18021000 rw-p 00000000 00:00 0 
7f9c18021000-7f9c1c000000 ---p 00000000 00:00 0 
7f9c1c000000-7f9c1c021000 rw-p 00000000 00:00 0 
7f9c1c021000-7f9c20000000 ---p 00000000 00:00 0 
7f9c20000000-7f9c20021000 rw-p 00000000 00:00 0 
7f9c20021000-7f9c24000000 ---p 00000000 00:00 0 
7f9c24000000-7f9c24021000 rw-p 00000000 00:00 0 
7f9c24021000-7f9c28000000 ---p 00000000 00:00 0 
7f9c28000000-7f9c28021000 rw-p 00000000 00:00 0 
7f9c28021000-7f9c2c000000 ---p 00000000 00:00 0 
7f9c2c000000-7f9c2c021000 rw-p 00000000 00:00 0 
7f9c2c021000-7f9c30000000 ---p 00000000 00:00 0 
7f9c30000000-7f9c30021000 rw-p 00000000 00:00 0 
7f9c30021000-7f9c34000000 ---p 00000000 00:00 0 
7f9c34000000-7f9c34021000 rw-p 00000000 00:00 0 
7f9c34021000-7f9c38000000 ---p 00000000 00:00 0 
7f9c38000000-7f9c38021000 rw-p 00000000 00:00 0 
7f9c38021000-7f9c3c000000 ---p 00000000 00:00 0 
7f9c3c000000-7f9c3c021000 rw-p 00000000 00:00 0 
7f9c3c021000-7f9c40000000 ---p 00000000 00:00 0 
7f9c40000000-7f9c40021000 rw-p 00000000 00:00 0 
7f9c40021000-7f9c44000000 ---p 00000000 00:00 0 
7f9c44000000-7f9c44021000 rw-p 00000000 00:00 0 
7f9c44021000-7f9c48000000 ---p 00000000 00:00 0 
7f9c48000000-7f9c48021000 rw-p 00000000 00:00 0 
7f9c48021000-7f9c4c000000 ---p 00000000 00:00 0 
7f9c4c000000-7f9c4c021000 rw-p 00000000 00:00 0 
7f9c4c021000-7f9c50000000 ---p 00000000 00:00 0 
7f9c50000000-7f9c50021000 rw-p 00000000 00:00 0 
7f9c50021000-7f9c54000000 ---p 00000000 00:00 0 
7f9c54000000-7f9c54021000 rw-p 00000000 00:00 0 
7f9c54021000-7f9c58000000 ---p 00000000 00:00 0 
7f9c58000000-7f9c58021000 rw-p 00000000 00:00 0 
7f9c58021000-7f9c5c000000 ---p 00000000 00:00 0 
7f9c5c000000-7f9c5c021000 rw-p 00000000 00:00 0 
7f9c5c021000-7f9c60000000 ---p 00000000 00:00 0 
7f9c60000000-7f9c60021000 rw-p 00000000 00:00 0 
7f9c60021000-7f9c64000000 ---p 00000000 00:00 0 
7f9c64000000-7f9c64021000 rw-p 00000000 00:00 0 
7f9c64021000-7f9c68000000 ---p 00000000 00:00 0 
7f9c68000000-7f9c68021000 rw-p 00000000 00:00 0 
7f9c68021000-7f9c6c000000 ---p 00000000 00:00 0 
7f9c6c000000-7f9c6c021000 rw-p 00000000 00:00 0 
7f9c6c021000-7f9c70000000 ---p 00000000 00:00 0 
7f9c70001000-7f9c70405000 rw-p 00000000 00:00 0 
7f9c70405000-7f9c705de000 r--s 03d09000 00:2c 13572347                   /home/ppginf/vdfontoura/jdk1.8.0_45/jre/lib/rt.jar
7f9c705de000-7f9c70b14000 rw-p 00000000 00:00 0 
7f9c70b14000-7f9c70e54000 ---p 00000000 00:00 0 
7f9c70e54000-7f9c72226000 rw-p 00000000 00:00 0 
7f9c72226000-7f9c72227000 ---p 00000000 00:00 0 
7f9c72227000-7f9c72327000 rw-p 00000000 00:00 0                          [stack:6397]
7f9c72327000-7f9c72328000 ---p 00000000 00:00 0 
7f9c72328000-7f9c72428000 rw-p 00000000 00:00 0                          [stack:6393]
7f9c72428000-7f9c72429000 ---p 00000000 00:00 0 
7f9c72429000-7f9c72529000 rw-p 00000000 00:00 0                          [stack:6388]
7f9c72529000-7f9c7252a000 ---p 00000000 00:00 0 
7f9c7252a000-7f9c7262a000 rw-p 00000000 00:00 0                          [stack:6382]
7f9c7262a000-7f9c7262b000 ---p 00000000 00:00 0 
7f9c7262b000-7f9c7272b000 rw-p 00000000 00:00 0                          [stack:6377]
7f9c7272b000-7f9c7272c000 ---p 00000000 00:00 0 
7f9c7272c000-7f9c7282c000 rw-p 00000000 00:00 0                          [stack:6373]
7f9c7282c000-7f9c7282d000 ---p 00000000 00:00 0 
7f9c7282d000-7f9c7292d000 rw-p 00000000 00:00 0                          [stack:6370]
7f9c7292d000-7f9c7292e000 ---p 00000000 00:00 0 
7f9c7292e000-7f9c72a2e000 rw-p 00000000 00:00 0                          [stack:6366]
7f9c72a2e000-7f9c72a2f000 ---p 00000000 00:00 0 
7f9c72a2f000-7f9c72b2f000 rw-p 00000000 00:00 0                          [stack:6362]
7f9c72b2f000-7f9c72b30000 ---p 00000000 00:00 0 
7f9c72b30000-7f9c72c30000 rw-p 00000000 00:00 0                          [stack:6359]
7f9c72c30000-7f9c72c31000 ---p 00000000 00:00 0 
7f9c72c31000-7f9c72d31000 rw-p 00000000 00:00 0                          [stack:6356]
7f9c72d31000-7f9c72d32000 ---p 00000000 00:00 0 
7f9c72d32000-7f9c72e32000 rw-p 00000000 00:00 0                          [stack:6350]
7f9c72e32000-7f9c72e33000 ---p 00000000 00:00 0 
7f9c72e33000-7f9c72f33000 rw-p 00000000 00:00 0                          [stack:6346]
7f9c72f33000-7f9c72f34000 ---p 00000000 00:00 0 
7f9c72f34000-7f9c732bf000 rw-p 00000000 00:00 0                          [stack:6344]
7f9c732bf000-7f9c73cec000 ---p 00000000 00:00 0 
7f9c73cec000-7f9c73f77000 rw-p 00000000 00:00 0 
7f9c73f77000-7f9c749a3000 ---p 00000000 00:00 0 
7f9c749a3000-7f9c74dc6000 rw-p 00000000 00:00 0 
7f9c74dc6000-7f9c74fff000 ---p 00000000 00:00 0 
7f9c74fff000-7f9c75000000 rw-p 00000000 00:00 0 
7f9c75000000-7f9c75510000 rwxp 00000000 00:00 0 
7f9c75510000-7f9c84000000 ---p 00000000 00:00 0 
7f9c84000000-7f9c84773000 rw-p 00000000 00:00 0 
7f9c84773000-7f9c88000000 ---p 00000000 00:00 0 
7f9c88000000-7f9c88022000 r--p 00000000 00:15 490644                     /usr/share/locale-langpack/pt_BR/LC_MESSAGES/libc.mo
7f9c88022000-7f9c88023000 ---p 00000000 00:00 0 
7f9c88023000-7f9c88123000 rw-p 00000000 00:00 0                          [stack:6341]
7f9c88123000-7f9c88124000 ---p 00000000 00:00 0 
7f9c88124000-7f9c88224000 rw-p 00000000 00:00 0                          [stack:6338]
7f9c88224000-7f9c88225000 ---p 00000000 00:00 0 
7f9c88225000-7f9c88325000 rw-p 00000000 00:00 0                          [stack:6336]
7f9c88325000-7f9c88326000 ---p 00000000 00:00 0 
7f9c88326000-7f9c88426000 rw-p 00000000 00:00 0                          [stack:6332]
7f9c88426000-7f9c88427000 ---p 00000000 00:00 0 
7f9c88427000-7f9c88527000 rw-p 00000000 00:00 0                          [stack:6331]
7f9c88527000-7f9c88528000 ---p 00000000 00:00 0 
7f9c88528000-7f9c88628000 rw-p 00000000 00:00 0                          [stack:6330]
7f9c88628000-7f9c88629000 ---p 00000000 00:00 0 
7f9c88629000-7f9c88729000 rw-p 00000000 00:00 0                          [stack:6328]
7f9c88729000-7f9c8872a000 ---p 00000000 00:00 0 
7f9c8872a000-7f9c8882a000 rw-p 00000000 00:00 0                          [stack:6326]
7f9c8882a000-7f9c8882b000 ---p 00000000 00:00 0 
7f9c8882b000-7f9c88940000 rw-p 00000000 00:00 0                          [stack:6325]
7f9c88940000-7f9c88ceb000 ---p 00000000 00:00 0 
7f9c88ceb000-7f9c88d05000 r-xp 00000000 00:2c 13572371                   /home/ppginf/vdfontoura/jdk1.8.0_45/jre/lib/amd64/libzip.so
7f9c88d05000-7f9c88f05000 ---p 0001a000 00:2c 13572371                   /home/ppginf/vdfontoura/jdk1.8.0_45/jre/lib/amd64/libzip.so
7f9c88f05000-7f9c88f06000 rw-p 0001a000 00:2c 13572371                   /home/ppginf/vdfontoura/jdk1.8.0_45/jre/lib/amd64/libzip.so
7f9c88f06000-7f9c88f12000 r-xp 00000000 00:15 181                        /lib/x86_64-linux-gnu/libnss_ldap.so.2
7f9c88f12000-7f9c89111000 ---p 0000c000 00:15 181                        /lib/x86_64-linux-gnu/libnss_ldap.so.2
7f9c89111000-7f9c89112000 r--p 0000b000 00:15 181                        /lib/x86_64-linux-gnu/libnss_ldap.so.2
7f9c89112000-7f9c89113000 rw-p 0000c000 00:15 181                        /lib/x86_64-linux-gnu/libnss_ldap.so.2
7f9c89113000-7f9c8911e000 r-xp 00000000 00:15 178                        /lib/x86_64-linux-gnu/libnss_files-2.19.so
7f9c8911e000-7f9c8931d000 ---p 0000b000 00:15 178                        /lib/x86_64-linux-gnu/libnss_files-2.19.so
7f9c8931d000-7f9c8931e000 r--p 0000a000 00:15 178                        /lib/x86_64-linux-gnu/libnss_files-2.19.so
7f9c8931e000-7f9c8931f000 rw-p 0000b000 00:15 178                        /lib/x86_64-linux-gnu/libnss_files-2.19.so
7f9c8931f000-7f9c8932a000 r-xp 00000000 00:15 176                        /lib/x86_64-linux-gnu/libnss_nis-2.19.so
7f9c8932a000-7f9c89529000 ---p 0000b000 00:15 176                        /lib/x86_64-linux-gnu/libnss_nis-2.19.so
7f9c89529000-7f9c8952a000 r--p 0000a000 00:15 176                        /lib/x86_64-linux-gnu/libnss_nis-2.19.so
7f9c8952a000-7f9c8952b000 rw-p 0000b000 00:15 176                        /lib/x86_64-linux-gnu/libnss_nis-2.19.so
7f9c8952b000-7f9c89542000 r-xp 00000000 00:15 174                        /lib/x86_64-linux-gnu/libnsl-2.19.so
7f9c89542000-7f9c89741000 ---p 00017000 00:15 174                        /lib/x86_64-linux-gnu/libnsl-2.19.so
7f9c89741000-7f9c89742000 r--p 00016000 00:15 174                        /lib/x86_64-linux-gnu/libnsl-2.19.so
7f9c89742000-7f9c89743000 rw-p 00017000 00:15 174                        /lib/x86_64-linux-gnu/libnsl-2.19.so
7f9c89743000-7f9c89745000 rw-p 00000000 00:00 0 
7f9c89745000-7f9c8974e000 r-xp 00000000 00:15 172                        /lib/x86_64-linux-gnu/libnss_compat-2.19.so
7f9c8974e000-7f9c8994d000 ---p 00009000 00:15 172                        /lib/x86_64-linux-gnu/libnss_compat-2.19.so
7f9c8994d000-7f9c8994e000 r--p 00008000 00:15 172                        /lib/x86_64-linux-gnu/libnss_compat-2.19.so
7f9c8994e000-7f9c8994f000 rw-p 00009000 00:15 172                        /lib/x86_64-linux-gnu/libnss_compat-2.19.so
7f9c8994f000-7f9c89979000 r-xp 00000000 00:2c 13572364                   /home/ppginf/vdfontoura/jdk1.8.0_45/jre/lib/amd64/libjava.so
7f9c89979000-7f9c89b79000 ---p 0002a000 00:2c 13572364                   /home/ppginf/vdfontoura/jdk1.8.0_45/jre/lib/amd64/libjava.so
7f9c89b79000-7f9c89b7b000 rw-p 0002a000 00:2c 13572364                   /home/ppginf/vdfontoura/jdk1.8.0_45/jre/lib/amd64/libjava.so
7f9c89b7b000-7f9c89b88000 r-xp 00000000 00:2c 13572405                   /home/ppginf/vdfontoura/jdk1.8.0_45/jre/lib/amd64/libverify.so
7f9c89b88000-7f9c89d88000 ---p 0000d000 00:2c 13572405                   /home/ppginf/vdfontoura/jdk1.8.0_45/jre/lib/amd64/libverify.so
7f9c89d88000-7f9c89d8a000 rw-p 0000d000 00:2c 13572405                   /home/ppginf/vdfontoura/jdk1.8.0_45/jre/lib/amd64/libverify.so
7f9c89d8a000-7f9c89d91000 r-xp 00000000 00:15 44                         /lib/x86_64-linux-gnu/librt-2.19.so
7f9c89d91000-7f9c89f90000 ---p 00007000 00:15 44                         /lib/x86_64-linux-gnu/librt-2.19.so
7f9c89f90000-7f9c89f91000 r--p 00006000 00:15 44                         /lib/x86_64-linux-gnu/librt-2.19.so
7f9c89f91000-7f9c89f92000 rw-p 00007000 00:15 44                         /lib/x86_64-linux-gnu/librt-2.19.so
7f9c89f92000-7f9c8a097000 r-xp 00000000 00:15 303                        /lib/x86_64-linux-gnu/libm-2.19.so
7f9c8a097000-7f9c8a296000 ---p 00105000 00:15 303                        /lib/x86_64-linux-gnu/libm-2.19.so
7f9c8a296000-7f9c8a297000 r--p 00104000 00:15 303                        /lib/x86_64-linux-gnu/libm-2.19.so
7f9c8a297000-7f9c8a298000 rw-p 00105000 00:15 303                        /lib/x86_64-linux-gnu/libm-2.19.so
7f9c8a298000-7f9c8af46000 r-xp 00000000 00:2c 13572410                   /home/ppginf/vdfontoura/jdk1.8.0_45/jre/lib/amd64/server/libjvm.so
7f9c8af46000-7f9c8b145000 ---p 00cae000 00:2c 13572410                   /home/ppginf/vdfontoura/jdk1.8.0_45/jre/lib/amd64/server/libjvm.so
7f9c8b145000-7f9c8b21c000 rw-p 00cad000 00:2c 13572410                   /home/ppginf/vdfontoura/jdk1.8.0_45/jre/lib/amd64/server/libjvm.so
7f9c8b21c000-7f9c8b260000 rw-p 00000000 00:00 0 
7f9c8b260000-7f9c8b41b000 r-xp 00000000 00:15 46                         /lib/x86_64-linux-gnu/libc-2.19.so
7f9c8b41b000-7f9c8b61a000 ---p 001bb000 00:15 46                         /lib/x86_64-linux-gnu/libc-2.19.so
7f9c8b61a000-7f9c8b61e000 r--p 001ba000 00:15 46                         /lib/x86_64-linux-gnu/libc-2.19.so
7f9c8b61e000-7f9c8b620000 rw-p 001be000 00:15 46                         /lib/x86_64-linux-gnu/libc-2.19.so
7f9c8b620000-7f9c8b625000 rw-p 00000000 00:00 0 
7f9c8b625000-7f9c8b628000 r-xp 00000000 00:15 52                         /lib/x86_64-linux-gnu/libdl-2.19.so
7f9c8b628000-7f9c8b827000 ---p 00003000 00:15 52                         /lib/x86_64-linux-gnu/libdl-2.19.so
7f9c8b827000-7f9c8b828000 r--p 00002000 00:15 52                         /lib/x86_64-linux-gnu/libdl-2.19.so
7f9c8b828000-7f9c8b829000 rw-p 00003000 00:15 52                         /lib/x86_64-linux-gnu/libdl-2.19.so
7f9c8b829000-7f9c8b83e000 r-xp 00000000 00:2c 13572682                   /home/ppginf/vdfontoura/jdk1.8.0_45/lib/amd64/jli/libjli.so
7f9c8b83e000-7f9c8ba3e000 ---p 00015000 00:2c 13572682                   /home/ppginf/vdfontoura/jdk1.8.0_45/lib/amd64/jli/libjli.so
7f9c8ba3e000-7f9c8ba3f000 rw-p 00015000 00:2c 13572682                   /home/ppginf/vdfontoura/jdk1.8.0_45/lib/amd64/jli/libjli.so
7f9c8ba3f000-7f9c8ba58000 r-xp 00000000 00:15 48                         /lib/x86_64-linux-gnu/libpthread-2.19.so
7f9c8ba58000-7f9c8bc57000 ---p 00019000 00:15 48                         /lib/x86_64-linux-gnu/libpthread-2.19.so
7f9c8bc57000-7f9c8bc58000 r--p 00018000 00:15 48                         /lib/x86_64-linux-gnu/libpthread-2.19.so
7f9c8bc58000-7f9c8bc59000 rw-p 00019000 00:15 48                         /lib/x86_64-linux-gnu/libpthread-2.19.so
7f9c8bc59000-7f9c8bc5d000 rw-p 00000000 00:00 0 
7f9c8bc5d000-7f9c8bc80000 r-xp 00000000 00:15 32                         /lib/x86_64-linux-gnu/ld-2.19.so
7f9c8bc92000-7f9c8bd3c000 rw-p 00000000 00:00 0 
7f9c8bd3c000-7f9c8bd3f000 ---p 00000000 00:00 0 
7f9c8bd3f000-7f9c8be41000 rw-p 00000000 00:00 0                          [stack:6241]
7f9c8be45000-7f9c8be4c000 r--s 00000000 00:15 245                        /usr/lib/x86_64-linux-gnu/gconv/gconv-modules.cache
7f9c8be4c000-7f9c8be57000 r--s 00116000 00:2c 13572443                   /home/ppginf/vdfontoura/jdk1.8.0_45/jre/lib/ext/localedata.jar
7f9c8be57000-7f9c8be73000 r--s 00393000 00:2c 13572445                   /home/ppginf/vdfontoura/jdk1.8.0_45/jre/lib/ext/cldrdata.jar
7f9c8be73000-7f9c8be7b000 rw-s 00000000 00:17 3719977                    /tmp/hsperfdata_vdfontoura/6230
7f9c8be7b000-7f9c8be7c000 rw-p 00000000 00:00 0 
7f9c8be7c000-7f9c8be7d000 ---p 00000000 00:00 0 
7f9c8be7d000-7f9c8be7f000 rw-p 00000000 00:00 0 
7f9c8be7f000-7f9c8be80000 r--p 00022000 00:15 32                         /lib/x86_64-linux-gnu/ld-2.19.so
7f9c8be80000-7f9c8be81000 rw-p 00023000 00:15 32                         /lib/x86_64-linux-gnu/ld-2.19.so
7f9c8be81000-7f9c8be82000 rw-p 00000000 00:00 0 
7fff757f5000-7fff75816000 rw-p 00000000 00:00 0                          [stack]
7fff7584e000-7fff75850000 r--p 00000000 00:00 0                          [vvar]
7fff75850000-7fff75852000 r-xp 00000000 00:00 0                          [vdso]
ffffffffff600000-ffffffffff601000 r-xp 00000000 00:00 0                  [vsyscall]

VM Arguments:
java_command: ../../target/IBEA.jar 2500 2500000 SinglePointCrossover BitFlipMutation 1000 0.9 0.01 1 1 ibea-result/result-12 PPHHHPHHHHHHHHPPPHHHHHHHHHHPHPPPHHHHHHHHHHHHPPPPHHHHHHPHHPHP
java_class_path (initial): ../../target/IBEA.jar
Launcher Type: SUN_STANDARD

Environment Variables:
JAVA_HOME=/home/ppginf/vdfontoura/jdk1.8.0_45/
PATH=/home/ppginf/vdfontoura/jdk1.8.0_45//bin:/usr/local/sbin:/usr/local/bin:/usr/sbin:/usr/bin:/sbin:/bin:/usr/games:/usr/local/games:.:/home/html/inf/silvia/topicos/ferramentas/poketool/bin:/home/html/inf/silvia/topicos/ferramentas/proteum1.4.1/LINUX/bin:/home/ppginf/vdfontoura/tools/apache-maven-3.3.3/bin
SHELL=/bin/bash

Signal Handlers:
SIGSEGV: [libjvm.so+0xaad1e0], sa_mask[0]=11111111011111111101111111111110, sa_flags=SA_RESTART|SA_SIGINFO
SIGBUS: [libjvm.so+0xaad1e0], sa_mask[0]=11111111011111111101111111111110, sa_flags=SA_RESTART|SA_SIGINFO
SIGFPE: [libjvm.so+0x90b450], sa_mask[0]=11111111011111111101111111111110, sa_flags=SA_RESTART|SA_SIGINFO
SIGPIPE: [libjvm.so+0x90b450], sa_mask[0]=11111111011111111101111111111110, sa_flags=SA_RESTART|SA_SIGINFO
SIGXFSZ: [libjvm.so+0x90b450], sa_mask[0]=11111111011111111101111111111110, sa_flags=SA_RESTART|SA_SIGINFO
SIGILL: [libjvm.so+0x90b450], sa_mask[0]=11111111011111111101111111111110, sa_flags=SA_RESTART|SA_SIGINFO
SIGUSR1: SIG_DFL, sa_mask[0]=00000000000000000000000000000000, sa_flags=none
SIGUSR2: [libjvm.so+0x90ca90], sa_mask[0]=00000000000000000000000000000000, sa_flags=SA_RESTART|SA_SIGINFO
SIGHUP: SIG_IGN, sa_mask[0]=00000000000000000000000000000000, sa_flags=none
SIGINT: SIG_IGN, sa_mask[0]=00000000000000000000000000000000, sa_flags=none
SIGTERM: [libjvm.so+0x90dde0], sa_mask[0]=11111111011111111101111111111110, sa_flags=SA_RESTART|SA_SIGINFO
SIGQUIT: [libjvm.so+0x90dde0], sa_mask[0]=11111111011111111101111111111110, sa_flags=SA_RESTART|SA_SIGINFO


---------------  S Y S T E M  ---------------

OS:DISTRIB_ID=LinuxMint
DISTRIB_RELEASE=17
DISTRIB_CODENAME=qiana
DISTRIB_DESCRIPTION="Linux Mint 17 Qiana"

uname:Linux 4.0.1-kernel+ #2 SMP Wed May 6 16:11:56 BRT 2015 x86_64
libc:glibc 2.19 NPTL 2.19 
rlimit: STACK 8192k, CORE 0k, NPROC 30240, NOFILE 4096, AS 20000000k
load average:8,69 6,85 6,55

/proc/meminfo:
MemTotal:       127909028 kB
MemFree:         1590140 kB
MemAvailable:    1583772 kB
Buffers:               0 kB
Cached:           807576 kB
SwapCached:            0 kB
Active:         125351264 kB
Inactive:         174092 kB
Active(anon):   125303400 kB
Inactive(anon):   153064 kB
Active(file):      47864 kB
Inactive(file):    21028 kB
Unevictable:           0 kB
Mlocked:               0 kB
SwapTotal:             0 kB
SwapFree:              0 kB
Dirty:               528 kB
Writeback:             0 kB
AnonPages:      124676468 kB
Mapped:            41204 kB
Shmem:            741848 kB
Slab:             234472 kB
SReclaimable:      87312 kB
SUnreclaim:       147160 kB
KernelStack:       35088 kB
PageTables:       275528 kB
NFS_Unstable:        108 kB
Bounce:                0 kB
WritebackTmp:          0 kB
CommitLimit:    63954512 kB
Committed_AS:   184074248 kB
VmallocTotal:   34359738367 kB
VmallocUsed:      228964 kB
VmallocChunk:   34359502652 kB
HardwareCorrupted:     0 kB
AnonHugePages:         0 kB
HugePages_Total:       0
HugePages_Free:        0
HugePages_Rsvd:        0
HugePages_Surp:        0
Hugepagesize:       2048 kB
DirectMap4k:      479216 kB
DirectMap2M:    60338176 kB
DirectMap1G:    69206016 kB


CPU:total 32 (1 cores per cpu, 1 threads per core) family 16 model 9 stepping 1, cmov, cx8, fxsr, mmx, sse, sse2, sse3, popcnt, mmxext, 3dnowpref, lzcnt, sse4a, tsc

/proc/cpuinfo:
processor	: 0
vendor_id	: AuthenticAMD
cpu family	: 16
model		: 9
model name	: AMD Opteron(tm) Processor 6136
stepping	: 1
microcode	: 0x1000065
cpu MHz		: 2400.142
cache size	: 512 KB
physical id	: 0
siblings	: 1
core id		: 0
cpu cores	: 1
apicid		: 0
initial apicid	: 0
fpu		: yes
fpu_exception	: yes
cpuid level	: 5
wp		: yes
flags		: fpu vme de pse tsc msr pae mce cx8 apic sep mtrr pge mca cmov pat pse36 clflush mmx fxsr sse sse2 syscall nx mmxext fxsr_opt pdpe1gb lm 3dnowext 3dnow rep_good nopl extd_apicid pni cx16 x2apic popcnt hypervisor lahf_lm cmp_legacy svm cr8_legacy abm sse4a misalignsse 3dnowprefetch osvw npt nrip_save vmmcall
bugs		: tlb_mmatch fxsave_leak
bogomips	: 4800.28
TLB size	: 1024 4K pages
clflush size	: 64
cache_alignment	: 64
address sizes	: 40 bits physical, 48 bits virtual
power management:

processor	: 1
vendor_id	: AuthenticAMD
cpu family	: 16
model		: 9
model name	: AMD Opteron(tm) Processor 6136
stepping	: 1
microcode	: 0x1000065
cpu MHz		: 2400.142
cache size	: 512 KB
physical id	: 1
siblings	: 1
core id		: 0
cpu cores	: 1
apicid		: 1
initial apicid	: 1
fpu		: yes
fpu_exception	: yes
cpuid level	: 5
wp		: yes
flags		: fpu vme de pse tsc msr pae mce cx8 apic sep mtrr pge mca cmov pat pse36 clflush mmx fxsr sse sse2 syscall nx mmxext fxsr_opt pdpe1gb lm 3dnowext 3dnow rep_good nopl extd_apicid pni cx16 x2apic popcnt hypervisor lahf_lm cmp_legacy svm cr8_legacy abm sse4a misalignsse 3dnowprefetch osvw npt nrip_save vmmcall
bugs		: tlb_mmatch fxsave_leak
bogomips	: 4800.28
TLB size	: 1024 4K pages
clflush size	: 64
cache_alignment	: 64
address sizes	: 40 bits physical, 48 bits virtual
power management:

processor	: 2
vendor_id	: AuthenticAMD
cpu family	: 16
model		: 9
model name	: AMD Opteron(tm) Processor 6136
stepping	: 1
microcode	: 0x1000065
cpu MHz		: 2400.142
cache size	: 512 KB
physical id	: 2
siblings	: 1
core id		: 0
cpu cores	: 1
apicid		: 2
initial apicid	: 2
fpu		: yes
fpu_exception	: yes
cpuid level	: 5
wp		: yes
flags		: fpu vme de pse tsc msr pae mce cx8 apic sep mtrr pge mca cmov pat pse36 clflush mmx fxsr sse sse2 syscall nx mmxext fxsr_opt pdpe1gb lm 3dnowext 3dnow rep_good nopl extd_apicid pni cx16 x2apic popcnt hypervisor lahf_lm cmp_legacy svm cr8_legacy abm sse4a misalignsse 3dnowprefetch osvw npt nrip_save vmmcall
bugs		: tlb_mmatch fxsave_leak
bogomips	: 4800.28
TLB size	: 1024 4K pages
clflush size	: 64
cache_alignment	: 64
address sizes	: 40 bits physical, 48 bits virtual
power management:

processor	: 3
vendor_id	: AuthenticAMD
cpu family	: 16
model		: 9
model name	: AMD Opteron(tm) Processor 6136
stepping	: 1
microcode	: 0x1000065
cpu MHz		: 2400.142
cache size	: 512 KB
physical id	: 3
siblings	: 1
core id		: 0
cpu cores	: 1
apicid		: 3
initial apicid	: 3
fpu		: yes
fpu_exception	: yes
cpuid level	: 5
wp		: yes
flags		: fpu vme de pse tsc msr pae mce cx8 apic sep mtrr pge mca cmov pat pse36 clflush mmx fxsr sse sse2 syscall nx mmxext fxsr_opt pdpe1gb lm 3dnowext 3dnow rep_good nopl extd_apicid pni cx16 x2apic popcnt hypervisor lahf_lm cmp_legacy svm cr8_legacy abm sse4a misalignsse 3dnowprefetch osvw npt nrip_save vmmcall
bugs		: tlb_mmatch fxsave_leak
bogomips	: 4800.28
TLB size	: 1024 4K pages
clflush size	: 64
cache_alignment	: 64
address sizes	: 40 bits physical, 48 bits virtual
power management:

processor	: 4
vendor_id	: AuthenticAMD
cpu family	: 16
model		: 9
model name	: AMD Opteron(tm) Processor 6136
stepping	: 1
microcode	: 0x1000065
cpu MHz		: 2400.142
cache size	: 512 KB
physical id	: 4
siblings	: 1
core id		: 0
cpu cores	: 1
apicid		: 4
initial apicid	: 4
fpu		: yes
fpu_exception	: yes
cpuid level	: 5
wp		: yes
flags		: fpu vme de pse tsc msr pae mce cx8 apic sep mtrr pge mca cmov pat pse36 clflush mmx fxsr sse sse2 syscall nx mmxext fxsr_opt pdpe1gb lm 3dnowext 3dnow rep_good nopl extd_apicid pni cx16 x2apic popcnt hypervisor lahf_lm cmp_legacy svm cr8_legacy abm sse4a misalignsse 3dnowprefetch osvw npt nrip_save vmmcall
bugs		: tlb_mmatch fxsave_leak
bogomips	: 4800.28
TLB size	: 1024 4K pages
clflush size	: 64
cache_alignment	: 64
address sizes	: 40 bits physical, 48 bits virtual
power management:

processor	: 5
vendor_id	: AuthenticAMD
cpu family	: 16
model		: 9
model name	: AMD Opteron(tm) Processor 6136
stepping	: 1
microcode	: 0x1000065
cpu MHz		: 2400.142
cache size	: 512 KB
physical id	: 5
siblings	: 1
core id		: 0
cpu cores	: 1
apicid		: 5
initial apicid	: 5
fpu		: yes
fpu_exception	: yes
cpuid level	: 5
wp		: yes
flags		: fpu vme de pse tsc msr pae mce cx8 apic sep mtrr pge mca cmov pat pse36 clflush mmx fxsr sse sse2 syscall nx mmxext fxsr_opt pdpe1gb lm 3dnowext 3dnow rep_good nopl extd_apicid pni cx16 x2apic popcnt hypervisor lahf_lm cmp_legacy svm cr8_legacy abm sse4a misalignsse 3dnowprefetch osvw npt nrip_save vmmcall
bugs		: tlb_mmatch fxsave_leak
bogomips	: 4800.28
TLB size	: 1024 4K pages
clflush size	: 64
cache_alignment	: 64
address sizes	: 40 bits physical, 48 bits virtual
power management:

processor	: 6
vendor_id	: AuthenticAMD
cpu family	: 16
model		: 9
model name	: AMD Opteron(tm) Processor 6136
stepping	: 1
microcode	: 0x1000065
cpu MHz		: 2400.142
cache size	: 512 KB
physical id	: 6
siblings	: 1
core id		: 0
cpu cores	: 1
apicid		: 6
initial apicid	: 6
fpu		: yes
fpu_exception	: yes
cpuid level	: 5
wp		: yes
flags		: fpu vme de pse tsc msr pae mce cx8 apic sep mtrr pge mca cmov pat pse36 clflush mmx fxsr sse sse2 syscall nx mmxext fxsr_opt pdpe1gb lm 3dnowext 3dnow rep_good nopl extd_apicid pni cx16 x2apic popcnt hypervisor lahf_lm cmp_legacy svm cr8_legacy abm sse4a misalignsse 3dnowprefetch osvw npt nrip_save vmmcall
bugs		: tlb_mmatch fxsave_leak
bogomips	: 4800.28
TLB size	: 1024 4K pages
clflush size	: 64
cache_alignment	: 64
address sizes	: 40 bits physical, 48 bits virtual
power management:

processor	: 7
vendor_id	: AuthenticAMD
cpu family	: 16
model		: 9
model name	: AMD Opteron(tm) Processor 6136
stepping	: 1
microcode	: 0x1000065
cpu MHz		: 2400.142
cache size	: 512 KB
physical id	: 7
siblings	: 1
core id		: 0
cpu cores	: 1
apicid		: 7
initial apicid	: 7
fpu		: yes
fpu_exception	: yes
cpuid level	: 5
wp		: yes
flags		: fpu vme de pse tsc msr pae mce cx8 apic sep mtrr pge mca cmov pat pse36 clflush mmx fxsr sse sse2 syscall nx mmxext fxsr_opt pdpe1gb lm 3dnowext 3dnow rep_good nopl extd_apicid pni cx16 x2apic popcnt hypervisor lahf_lm cmp_legacy svm cr8_legacy abm sse4a misalignsse 3dnowprefetch osvw npt nrip_save vmmcall
bugs		: tlb_mmatch fxsave_leak
bogomips	: 4800.28
TLB size	: 1024 4K pages
clflush size	: 64
cache_alignment	: 64
address sizes	: 40 bits physical, 48 bits virtual
power management:

processor	: 8
vendor_id	: AuthenticAMD
cpu family	: 16
model		: 9
model name	: AMD Opteron(tm) Processor 6136
stepping	: 1
microcode	: 0x1000065
cpu MHz		: 2400.142
cache size	: 512 KB
physical id	: 8
siblings	: 1
core id		: 0
cpu cores	: 1
apicid		: 8
initial apicid	: 8
fpu		: yes
fpu_exception	: yes
cpuid level	: 5
wp		: yes
flags		: fpu vme de pse tsc msr pae mce cx8 apic sep mtrr pge mca cmov pat pse36 clflush mmx fxsr sse sse2 syscall nx mmxext fxsr_opt pdpe1gb lm 3dnowext 3dnow rep_good nopl extd_apicid pni cx16 x2apic popcnt hypervisor lahf_lm cmp_legacy svm cr8_legacy abm sse4a misalignsse 3dnowprefetch osvw npt nrip_save vmmcall
bugs		: tlb_mmatch fxsave_leak
bogomips	: 4800.28
TLB size	: 1024 4K pages
clflush size	: 64
cache_alignment	: 64
address sizes	: 40 bits physical, 48 bits virtual
power management:

processor	: 9
vendor_id	: AuthenticAMD
cpu family	: 16
model		: 9
model name	: AMD Opteron(tm) Processor 6136
stepping	: 1
microcode	: 0x1000065
cpu MHz		: 2400.142
cache size	: 512 KB
physical id	: 9
siblings	: 1
core id		: 0
cpu cores	: 1
apicid		: 9
initial apicid	: 9
fpu		: yes
fpu_exception	: yes
cpuid level	: 5
wp		: yes
flags		: fpu vme de pse tsc msr pae mce cx8 apic sep mtrr pge mca cmov pat pse36 clflush mmx fxsr sse sse2 syscall nx mmxext fxsr_opt pdpe1gb lm 3dnowext 3dnow rep_good nopl extd_apicid pni cx16 x2apic popcnt hypervisor lahf_lm cmp_legacy svm cr8_legacy abm sse4a misalignsse 3dnowprefetch osvw npt nrip_save vmmcall
bugs		: tlb_mmatch fxsave_leak
bogomips	: 4800.28
TLB size	: 1024 4K pages
clflush size	: 64
cache_alignment	: 64
address sizes	: 40 bits physical, 48 bits virtual
power management:

processor	: 10
vendor_id	: AuthenticAMD
cpu family	: 16
model		: 9
model name	: AMD Opteron(tm) Processor 6136
stepping	: 1
microcode	: 0x1000065
cpu MHz		: 2400.142
cache size	: 512 KB
physical id	: 10
siblings	: 1
core id		: 0
cpu cores	: 1
apicid		: 10
initial apicid	: 10
fpu		: yes
fpu_exception	: yes
cpuid level	: 5
wp		: yes
flags		: fpu vme de pse tsc msr pae mce cx8 apic sep mtrr pge mca cmov pat pse36 clflush mmx fxsr sse sse2 syscall nx mmxext fxsr_opt pdpe1gb lm 3dnowext 3dnow rep_good nopl extd_apicid pni cx16 x2apic popcnt hypervisor lahf_lm cmp_legacy svm cr8_legacy abm sse4a misalignsse 3dnowprefetch osvw npt nrip_save vmmcall
bugs		: tlb_mmatch fxsave_leak
bogomips	: 4800.28
TLB size	: 1024 4K pages
clflush size	: 64
cache_alignment	: 64
address sizes	: 40 bits physical, 48 bits virtual
power management:

processor	: 11
vendor_id	: AuthenticAMD
cpu family	: 16
model		: 9
model name	: AMD Opteron(tm) Processor 6136
stepping	: 1
microcode	: 0x1000065
cpu MHz		: 2400.142
cache size	: 512 KB
physical id	: 11
siblings	: 1
core id		: 0
cpu cores	: 1
apicid		: 11
initial apicid	: 11
fpu		: yes
fpu_exception	: yes
cpuid level	: 5
wp		: yes
flags		: fpu vme de pse tsc msr pae mce cx8 apic sep mtrr pge mca cmov pat pse36 clflush mmx fxsr sse sse2 syscall nx mmxext fxsr_opt pdpe1gb lm 3dnowext 3dnow rep_good nopl extd_apicid pni cx16 x2apic popcnt hypervisor lahf_lm cmp_legacy svm cr8_legacy abm sse4a misalignsse 3dnowprefetch osvw npt nrip_save vmmcall
bugs		: tlb_mmatch fxsave_leak
bogomips	: 4800.28
TLB size	: 1024 4K pages
clflush size	: 64
cache_alignment	: 64
address sizes	: 40 bits physical, 48 bits virtual
power management:

processor	: 12
vendor_id	: AuthenticAMD
cpu family	: 16
model		: 9
model name	: AMD Opteron(tm) Processor 6136
stepping	: 1
microcode	: 0x1000065
cpu MHz		: 2400.142
cache size	: 512 KB
physical id	: 12
siblings	: 1
core id		: 0
cpu cores	: 1
apicid		: 12
initial apicid	: 12
fpu		: yes
fpu_exception	: yes
cpuid level	: 5
wp		: yes
flags		: fpu vme de pse tsc msr pae mce cx8 apic sep mtrr pge mca cmov pat pse36 clflush mmx fxsr sse sse2 syscall nx mmxext fxsr_opt pdpe1gb lm 3dnowext 3dnow rep_good nopl extd_apicid pni cx16 x2apic popcnt hypervisor lahf_lm cmp_legacy svm cr8_legacy abm sse4a misalignsse 3dnowprefetch osvw npt nrip_save vmmcall
bugs		: tlb_mmatch fxsave_leak
bogomips	: 4800.28
TLB size	: 1024 4K pages
clflush size	: 64
cache_alignment	: 64
address sizes	: 40 bits physical, 48 bits virtual
power management:

processor	: 13
vendor_id	: AuthenticAMD
cpu family	: 16
model		: 9
model name	: AMD Opteron(tm) Processor 6136
stepping	: 1
microcode	: 0x1000065
cpu MHz		: 2400.142
cache size	: 512 KB
physical id	: 13
siblings	: 1
core id		: 0
cpu cores	: 1
apicid		: 13
initial apicid	: 13
fpu		: yes
fpu_exception	: yes
cpuid level	: 5
wp		: yes
flags		: fpu vme de pse tsc msr pae mce cx8 apic sep mtrr pge mca cmov pat pse36 clflush mmx fxsr sse sse2 syscall nx mmxext fxsr_opt pdpe1gb lm 3dnowext 3dnow rep_good nopl extd_apicid pni cx16 x2apic popcnt hypervisor lahf_lm cmp_legacy svm cr8_legacy abm sse4a misalignsse 3dnowprefetch osvw npt nrip_save vmmcall
bugs		: tlb_mmatch fxsave_leak
bogomips	: 4800.28
TLB size	: 1024 4K pages
clflush size	: 64
cache_alignment	: 64
address sizes	: 40 bits physical, 48 bits virtual
power management:

processor	: 14
vendor_id	: AuthenticAMD
cpu family	: 16
model		: 9
model name	: AMD Opteron(tm) Processor 6136
stepping	: 1
microcode	: 0x1000065
cpu MHz		: 2400.142
cache size	: 512 KB
physical id	: 14
siblings	: 1
core id		: 0
cpu cores	: 1
apicid		: 14
initial apicid	: 14
fpu		: yes
fpu_exception	: yes
cpuid level	: 5
wp		: yes
flags		: fpu vme de pse tsc msr pae mce cx8 apic sep mtrr pge mca cmov pat pse36 clflush mmx fxsr sse sse2 syscall nx mmxext fxsr_opt pdpe1gb lm 3dnowext 3dnow rep_good nopl extd_apicid pni cx16 x2apic popcnt hypervisor lahf_lm cmp_legacy svm cr8_legacy abm sse4a misalignsse 3dnowprefetch osvw npt nrip_save vmmcall
bugs		: tlb_mmatch fxsave_leak
bogomips	: 4800.28
TLB size	: 1024 4K pages
clflush size	: 64
cache_alignment	: 64
address sizes	: 40 bits physical, 48 bits virtual
power management:

processor	: 15
vendor_id	: AuthenticAMD
cpu family	: 16
model		: 9
model name	: AMD Opteron(tm) Processor 6136
stepping	: 1
microcode	: 0x1000065
cpu MHz		: 2400.142
cache size	: 512 KB
physical id	: 15
siblings	: 1
core id		: 0
cpu cores	: 1
apicid		: 15
initial apicid	: 15
fpu		: yes
fpu_exception	: yes
cpuid level	: 5
wp		: yes
flags		: fpu vme de pse tsc msr pae mce cx8 apic sep mtrr pge mca cmov pat pse36 clflush mmx fxsr sse sse2 syscall nx mmxext fxsr_opt pdpe1gb lm 3dnowext 3dnow rep_good nopl extd_apicid pni cx16 x2apic popcnt hypervisor lahf_lm cmp_legacy svm cr8_legacy abm sse4a misalignsse 3dnowprefetch osvw npt nrip_save vmmcall
bugs		: tlb_mmatch fxsave_leak
bogomips	: 4800.28
TLB size	: 1024 4K pages
clflush size	: 64
cache_alignment	: 64
address sizes	: 40 bits physical, 48 bits virtual
power management:

processor	: 16
vendor_id	: AuthenticAMD
cpu family	: 16
model		: 9
model name	: AMD Opteron(tm) Processor 6136
stepping	: 1
microcode	: 0x1000065
cpu MHz		: 2400.142
cache size	: 512 KB
physical id	: 16
siblings	: 1
core id		: 0
cpu cores	: 1
apicid		: 16
initial apicid	: 16
fpu		: yes
fpu_exception	: yes
cpuid level	: 5
wp		: yes
flags		: fpu vme de pse tsc msr pae mce cx8 apic sep mtrr pge mca cmov pat pse36 clflush mmx fxsr sse sse2 syscall nx mmxext fxsr_opt pdpe1gb lm 3dnowext 3dnow rep_good nopl extd_apicid pni cx16 x2apic popcnt hypervisor lahf_lm cmp_legacy svm cr8_legacy abm sse4a misalignsse 3dnowprefetch osvw npt nrip_save vmmcall
bugs		: tlb_mmatch fxsave_leak
bogomips	: 4800.28
TLB size	: 1024 4K pages
clflush size	: 64
cache_alignment	: 64
address sizes	: 40 bits physical, 48 bits virtual
power management:

processor	: 17
vendor_id	: AuthenticAMD
cpu family	: 16
model		: 9
model name	: AMD Opteron(tm) Processor 6136
stepping	: 1
microcode	: 0x1000065
cpu MHz		: 2400.142
cache size	: 512 KB
physical id	: 17
siblings	: 1
core id		: 0
cpu cores	: 1
apicid		: 17
initial apicid	: 17
fpu		: yes
fpu_exception	: yes
cpuid level	: 5
wp		: yes
flags		: fpu vme de pse tsc msr pae mce cx8 apic sep mtrr pge mca cmov pat pse36 clflush mmx fxsr sse sse2 syscall nx mmxext fxsr_opt pdpe1gb lm 3dnowext 3dnow rep_good nopl extd_apicid pni cx16 x2apic popcnt hypervisor lahf_lm cmp_legacy svm cr8_legacy abm sse4a misalignsse 3dnowprefetch osvw npt nrip_save vmmcall
bugs		: tlb_mmatch fxsave_leak
bogomips	: 4800.28
TLB size	: 1024 4K pages
clflush size	: 64
cache_alignment	: 64
address sizes	: 40 bits physical, 48 bits virtual
power management:

processor	: 18
vendor_id	: AuthenticAMD
cpu family	: 16
model		: 9
model name	: AMD Opteron(tm) Processor 6136
stepping	: 1
microcode	: 0x1000065
cpu MHz		: 2400.142
cache size	: 512 KB
physical id	: 18
siblings	: 1
core id		: 0
cpu cores	: 1
apicid		: 18
initial apicid	: 18
fpu		: yes
fpu_exception	: yes
cpuid level	: 5
wp		: yes
flags		: fpu vme de pse tsc msr pae mce cx8 apic sep mtrr pge mca cmov pat pse36 clflush mmx fxsr sse sse2 syscall nx mmxext fxsr_opt pdpe1gb lm 3dnowext 3dnow rep_good nopl extd_apicid pni cx16 x2apic popcnt hypervisor lahf_lm cmp_legacy svm cr8_legacy abm sse4a misalignsse 3dnowprefetch osvw npt nrip_save vmmcall
bugs		: tlb_mmatch fxsave_leak
bogomips	: 4800.28
TLB size	: 1024 4K pages
clflush size	: 64
cache_alignment	: 64
address sizes	: 40 bits physical, 48 bits virtual
power management:

processor	: 19
vendor_id	: AuthenticAMD
cpu family	: 16
model		: 9
model name	: AMD Opteron(tm) Processor 6136
stepping	: 1
microcode	: 0x1000065
cpu MHz		: 2400.142
cache size	: 512 KB
physical id	: 19
siblings	: 1
core id		: 0
cpu cores	: 1
apicid		: 19
initial apicid	: 19
fpu		: yes
fpu_exception	: yes
cpuid level	: 5
wp		: yes
flags		: fpu vme de pse tsc msr pae mce cx8 apic sep mtrr pge mca cmov pat pse36 clflush mmx fxsr sse sse2 syscall nx mmxext fxsr_opt pdpe1gb lm 3dnowext 3dnow rep_good nopl extd_apicid pni cx16 x2apic popcnt hypervisor lahf_lm cmp_legacy svm cr8_legacy abm sse4a misalignsse 3dnowprefetch osvw npt nrip_save vmmcall
bugs		: tlb_mmatch fxsave_leak
bogomips	: 4800.28
TLB size	: 1024 4K pages
clflush size	: 64
cache_alignment	: 64
address sizes	: 40 bits physical, 48 bits virtual
power management:

processor	: 20
vendor_id	: AuthenticAMD
cpu family	: 16
model		: 9
model name	: AMD Opteron(tm) Processor 6136
stepping	: 1
microcode	: 0x1000065
cpu MHz		: 2400.142
cache size	: 512 KB
physical id	: 20
siblings	: 1
core id		: 0
cpu cores	: 1
apicid		: 20
initial apicid	: 20
fpu		: yes
fpu_exception	: yes
cpuid level	: 5
wp		: yes
flags		: fpu vme de pse tsc msr pae mce cx8 apic sep mtrr pge mca cmov pat pse36 clflush mmx fxsr sse sse2 syscall nx mmxext fxsr_opt pdpe1gb lm 3dnowext 3dnow rep_good nopl extd_apicid pni cx16 x2apic popcnt hypervisor lahf_lm cmp_legacy svm cr8_legacy abm sse4a misalignsse 3dnowprefetch osvw npt nrip_save vmmcall
bugs		: tlb_mmatch fxsave_leak
bogomips	: 4800.28
TLB size	: 1024 4K pages
clflush size	: 64
cache_alignment	: 64
address sizes	: 40 bits physical, 48 bits virtual
power management:

processor	: 21
vendor_id	: AuthenticAMD
cpu family	: 16
model		: 9
model name	: AMD Opteron(tm) Processor 6136
stepping	: 1
microcode	: 0x1000065
cpu MHz		: 2400.142
cache size	: 512 KB
physical id	: 21
siblings	: 1
core id		: 0
cpu cores	: 1
apicid		: 21
initial apicid	: 21
fpu		: yes
fpu_exception	: yes
cpuid level	: 5
wp		: yes
flags		: fpu vme de pse tsc msr pae mce cx8 apic sep mtrr pge mca cmov pat pse36 clflush mmx fxsr sse sse2 syscall nx mmxext fxsr_opt pdpe1gb lm 3dnowext 3dnow rep_good nopl extd_apicid pni cx16 x2apic popcnt hypervisor lahf_lm cmp_legacy svm cr8_legacy abm sse4a misalignsse 3dnowprefetch osvw npt nrip_save vmmcall
bugs		: tlb_mmatch fxsave_leak
bogomips	: 4800.28
TLB size	: 1024 4K pages
clflush size	: 64
cache_alignment	: 64
address sizes	: 40 bits physical, 48 bits virtual
power management:

processor	: 22
vendor_id	: AuthenticAMD
cpu family	: 16
model		: 9
model name	: AMD Opteron(tm) Processor 6136
stepping	: 1
microcode	: 0x1000065
cpu MHz		: 2400.142
cache size	: 512 KB
physical id	: 22
siblings	: 1
core id		: 0
cpu cores	: 1
apicid		: 22
initial apicid	: 22
fpu		: yes
fpu_exception	: yes
cpuid level	: 5
wp		: yes
flags		: fpu vme de pse tsc msr pae mce cx8 apic sep mtrr pge mca cmov pat pse36 clflush mmx fxsr sse sse2 syscall nx mmxext fxsr_opt pdpe1gb lm 3dnowext 3dnow rep_good nopl extd_apicid pni cx16 x2apic popcnt hypervisor lahf_lm cmp_legacy svm cr8_legacy abm sse4a misalignsse 3dnowprefetch osvw npt nrip_save vmmcall
bugs		: tlb_mmatch fxsave_leak
bogomips	: 4800.28
TLB size	: 1024 4K pages
clflush size	: 64
cache_alignment	: 64
address sizes	: 40 bits physical, 48 bits virtual
power management:

processor	: 23
vendor_id	: AuthenticAMD
cpu family	: 16
model		: 9
model name	: AMD Opteron(tm) Processor 6136
stepping	: 1
microcode	: 0x1000065
cpu MHz		: 2400.142
cache size	: 512 KB
physical id	: 23
siblings	: 1
core id		: 0
cpu cores	: 1
apicid		: 23
initial apicid	: 23
fpu		: yes
fpu_exception	: yes
cpuid level	: 5
wp		: yes
flags		: fpu vme de pse tsc msr pae mce cx8 apic sep mtrr pge mca cmov pat pse36 clflush mmx fxsr sse sse2 syscall nx mmxext fxsr_opt pdpe1gb lm 3dnowext 3dnow rep_good nopl extd_apicid pni cx16 x2apic popcnt hypervisor lahf_lm cmp_legacy svm cr8_legacy abm sse4a misalignsse 3dnowprefetch osvw npt nrip_save vmmcall
bugs		: tlb_mmatch fxsave_leak
bogomips	: 4800.28
TLB size	: 1024 4K pages
clflush size	: 64
cache_alignment	: 64
address sizes	: 40 bits physical, 48 bits virtual
power management:

processor	: 24
vendor_id	: AuthenticAMD
cpu family	: 16
model		: 9
model name	: AMD Opteron(tm) Processor 6136
stepping	: 1
microcode	: 0x1000065
cpu MHz		: 2400.142
cache size	: 512 KB
physical id	: 24
siblings	: 1
core id		: 0
cpu cores	: 1
apicid		: 24
initial apicid	: 24
fpu		: yes
fpu_exception	: yes
cpuid level	: 5
wp		: yes
flags		: fpu vme de pse tsc msr pae mce cx8 apic sep mtrr pge mca cmov pat pse36 clflush mmx fxsr sse sse2 syscall nx mmxext fxsr_opt pdpe1gb lm 3dnowext 3dnow rep_good nopl extd_apicid pni cx16 x2apic popcnt hypervisor lahf_lm cmp_legacy svm cr8_legacy abm sse4a misalignsse 3dnowprefetch osvw npt nrip_save vmmcall
bugs		: tlb_mmatch fxsave_leak
bogomips	: 4800.28
TLB size	: 1024 4K pages
clflush size	: 64
cache_alignment	: 64
address sizes	: 40 bits physical, 48 bits virtual
power management:

processor	: 25
vendor_id	: AuthenticAMD
cpu family	: 16
model		: 9
model name	: AMD Opteron(tm) Processor 6136
stepping	: 1
microcode	: 0x1000065
cpu MHz		: 2400.142
cache size	: 512 KB
physical id	: 25
siblings	: 1
core id		: 0
cpu cores	: 1
apicid		: 25
initial apicid	: 25
fpu		: yes
fpu_exception	: yes
cpuid level	: 5
wp		: yes
flags		: fpu vme de pse tsc msr pae mce cx8 apic sep mtrr pge mca cmov pat pse36 clflush mmx fxsr sse sse2 syscall nx mmxext fxsr_opt pdpe1gb lm 3dnowext 3dnow rep_good nopl extd_apicid pni cx16 x2apic popcnt hypervisor lahf_lm cmp_legacy svm cr8_legacy abm sse4a misalignsse 3dnowprefetch osvw npt nrip_save vmmcall
bugs		: tlb_mmatch fxsave_leak
bogomips	: 4800.28
TLB size	: 1024 4K pages
clflush size	: 64
cache_alignment	: 64
address sizes	: 40 bits physical, 48 bits virtual
power management:

processor	: 26
vendor_id	: AuthenticAMD
cpu family	: 16
model		: 9
model name	: AMD Opteron(tm) Processor 6136
stepping	: 1
microcode	: 0x1000065
cpu MHz		: 2400.142
cache size	: 512 KB
physical id	: 26
siblings	: 1
core id		: 0
cpu cores	: 1
apicid		: 26
initial apicid	: 26
fpu		: yes
fpu_exception	: yes
cpuid level	: 5
wp		: yes
flags		: fpu vme de pse tsc msr pae mce cx8 apic sep mtrr pge mca cmov pat pse36 clflush mmx fxsr sse sse2 syscall nx mmxext fxsr_opt pdpe1gb lm 3dnowext 3dnow rep_good nopl extd_apicid pni cx16 x2apic popcnt hypervisor lahf_lm cmp_legacy svm cr8_legacy abm sse4a misalignsse 3dnowprefetch osvw npt nrip_save vmmcall
bugs		: tlb_mmatch fxsave_leak
bogomips	: 4800.28
TLB size	: 1024 4K pages
clflush size	: 64
cache_alignment	: 64
address sizes	: 40 bits physical, 48 bits virtual
power management:

processor	: 27
vendor_id	: AuthenticAMD
cpu family	: 16
model		: 9
model name	: AMD Opteron(tm) Processor 6136
stepping	: 1
microcode	: 0x1000065
cpu MHz		: 2400.142
cache size	: 512 KB
physical id	: 27
siblings	: 1
core id		: 0
cpu cores	: 1
apicid		: 27
initial apicid	: 27
fpu		: yes
fpu_exception	: yes
cpuid level	: 5
wp		: yes
flags		: fpu vme de pse tsc msr pae mce cx8 apic sep mtrr pge mca cmov pat pse36 clflush mmx fxsr sse sse2 syscall nx mmxext fxsr_opt pdpe1gb lm 3dnowext 3dnow rep_good nopl extd_apicid pni cx16 x2apic popcnt hypervisor lahf_lm cmp_legacy svm cr8_legacy abm sse4a misalignsse 3dnowprefetch osvw npt nrip_save vmmcall
bugs		: tlb_mmatch fxsave_leak
bogomips	: 4800.28
TLB size	: 1024 4K pages
clflush size	: 64
cache_alignment	: 64
address sizes	: 40 bits physical, 48 bits virtual
power management:

processor	: 28
vendor_id	: AuthenticAMD
cpu family	: 16
model		: 9
model name	: AMD Opteron(tm) Processor 6136
stepping	: 1
microcode	: 0x1000065
cpu MHz		: 2400.142
cache size	: 512 KB
physical id	: 28
siblings	: 1
core id		: 0
cpu cores	: 1
apicid		: 28
initial apicid	: 28
fpu		: yes
fpu_exception	: yes
cpuid level	: 5
wp		: yes
flags		: fpu vme de pse tsc msr pae mce cx8 apic sep mtrr pge mca cmov pat pse36 clflush mmx fxsr sse sse2 syscall nx mmxext fxsr_opt pdpe1gb lm 3dnowext 3dnow rep_good nopl extd_apicid pni cx16 x2apic popcnt hypervisor lahf_lm cmp_legacy svm cr8_legacy abm sse4a misalignsse 3dnowprefetch osvw npt nrip_save vmmcall
bugs		: tlb_mmatch fxsave_leak
bogomips	: 4800.28
TLB size	: 1024 4K pages
clflush size	: 64
cache_alignment	: 64
address sizes	: 40 bits physical, 48 bits virtual
power management:

processor	: 29
vendor_id	: AuthenticAMD
cpu family	: 16
model		: 9
model name	: AMD Opteron(tm) Processor 6136
stepping	: 1
microcode	: 0x1000065
cpu MHz		: 2400.142
cache size	: 512 KB
physical id	: 29
siblings	: 1
core id		: 0
cpu cores	: 1
apicid		: 29
initial apicid	: 29
fpu		: yes
fpu_exception	: yes
cpuid level	: 5
wp		: yes
flags		: fpu vme de pse tsc msr pae mce cx8 apic sep mtrr pge mca cmov pat pse36 clflush mmx fxsr sse sse2 syscall nx mmxext fxsr_opt pdpe1gb lm 3dnowext 3dnow rep_good nopl extd_apicid pni cx16 x2apic popcnt hypervisor lahf_lm cmp_legacy svm cr8_legacy abm sse4a misalignsse 3dnowprefetch osvw npt nrip_save vmmcall
bugs		: tlb_mmatch fxsave_leak
bogomips	: 4800.28
TLB size	: 1024 4K pages
clflush size	: 64
cache_alignment	: 64
address sizes	: 40 bits physical, 48 bits virtual
power management:

processor	: 30
vendor_id	: AuthenticAMD
cpu family	: 16
model		: 9
model name	: AMD Opteron(tm) Processor 6136
stepping	: 1
microcode	: 0x1000065
cpu MHz		: 2400.142
cache size	: 512 KB
physical id	: 30
siblings	: 1
core id		: 0
cpu cores	: 1
apicid		: 30
initial apicid	: 30
fpu		: yes
fpu_exception	: yes
cpuid level	: 5
wp		: yes
flags		: fpu vme de pse tsc msr pae mce cx8 apic sep mtrr pge mca cmov pat pse36 clflush mmx fxsr sse sse2 syscall nx mmxext fxsr_opt pdpe1gb lm 3dnowext 3dnow rep_good nopl extd_apicid pni cx16 x2apic popcnt hypervisor lahf_lm cmp_legacy svm cr8_legacy abm sse4a misalignsse 3dnowprefetch osvw npt nrip_save vmmcall
bugs		: tlb_mmatch fxsave_leak
bogomips	: 4800.28
TLB size	: 1024 4K pages
clflush size	: 64
cache_alignment	: 64
address sizes	: 40 bits physical, 48 bits virtual
power management:

processor	: 31
vendor_id	: AuthenticAMD
cpu family	: 16
model		: 9
model name	: AMD Opteron(tm) Processor 6136
stepping	: 1
microcode	: 0x1000065
cpu MHz		: 2400.142
cache size	: 512 KB
physical id	: 31
siblings	: 1
core id		: 0
cpu cores	: 1
apicid		: 31
initial apicid	: 31
fpu		: yes
fpu_exception	: yes
cpuid level	: 5
wp		: yes
flags		: fpu vme de pse tsc msr pae mce cx8 apic sep mtrr pge mca cmov pat pse36 clflush mmx fxsr sse sse2 syscall nx mmxext fxsr_opt pdpe1gb lm 3dnowext 3dnow rep_good nopl extd_apicid pni cx16 x2apic popcnt hypervisor lahf_lm cmp_legacy svm cr8_legacy abm sse4a misalignsse 3dnowprefetch osvw npt nrip_save vmmcall
bugs		: tlb_mmatch fxsave_leak
bogomips	: 4800.28
TLB size	: 1024 4K pages
clflush size	: 64
cache_alignment	: 64
address sizes	: 40 bits physical, 48 bits virtual
power management:



Memory: 4k page, physical 127909028k(1629588k free), swap 0k(0k free)

vm_info: Java HotSpot(TM) 64-Bit Server VM (25.45-b02) for linux-amd64 JRE (1.8.0_45-b14), built on Apr 10 2015 10:07:45 by "java_re" with gcc 4.3.0 20080428 (Red Hat 4.3.0-8)

time: Tue Jan 12 22:22:54 2016
elapsed time: 17 seconds (0d 0h 0m 17s)

