Algorithm configured with: 
Pop: 5000
Aux Pop: 200
CrP: 1.0
MtP: 1.0
List of crossover: 
SinglePointCrossover
IntegerTwoPointsCrossover
MultiPointsCrossover
List of mutations: 
BitFlipMutation
LoopMoveOperator
LocalMoveOperator
SegmentMutation
OppositeMoveOperator
Execution: 1
Generation: 0; 
d: 30.479501308256342; energy: -7.0; 0,2,2,1,2,1,0,2,1,1,1,1,2,2,0,0,1,1,2,1,2,0,0,2,0,0,1,2,2,0,2,2,0,0,2,1,1,1,0,1,0,2,1,2,2,0,1,0,2,1,1,1,0,1,2,1,2,2,0,1,1,2,2,0,0,1,2,0,0,2,1,0,0,2,2,0,0,1,2,1,0,1,0,1,2,2,1,0,1,0,2,1,1,2,1,1,1
Best fitness found so far: -7.0; distance: 30.479501308256342
Generation: 1; 
d: 23.600847442411894; energy: -25.0; 1,0,0,2,2,1,0,2,2,1,0,0,2,0,2,0,1,0,0,1,2,1,0,2,1,2,1,0,2,2,0,0,0,2,1,1,2,2,1,1,1,0,0,2,2,2,0,1,0,0,2,2,1,0,0,2,0,0,1,2,0,2,0,2,2,0,1,0,0,0,0,2,0,0,2,0,2,2,2,1,1,1,0,1,0,0,0,0,1,2,1,2,0,1,1,2,2
Best fitness found so far: -25.0; distance: 23.600847442411894
Generation: 2; 
d: 18.384776310850235; energy: -26.0; 1,1,2,0,1,2,0,2,2,0,0,1,1,0,1,2,1,0,0,0,2,0,2,2,1,2,0,0,1,0,0,0,2,1,1,2,2,1,2,0,1,1,1,0,2,2,1,1,2,2,0,2,0,0,0,1,0,1,0,2,1,2,2,1,1,1,0,0,0,2,2,0,0,1,0,1,1,1,0,0,2,2,1,2,2,0,0,1,1,2,2,1,0,1,1,0,0
Best fitness found so far: -26.0; distance: 18.384776310850235
Generation: 3; 
d: 16.76305461424021; energy: -27.0; 2,2,0,0,2,0,2,2,1,0,0,2,1,1,2,1,1,2,2,1,1,1,2,2,0,0,1,2,1,2,1,1,2,0,0,0,2,1,0,2,1,2,2,0,2,1,2,2,0,0,1,1,2,2,1,2,1,2,0,2,0,1,1,1,1,0,1,1,1,0,0,1,1,2,1,1,2,1,0,0,2,2,0,0,2,1,0,1,2,0,1,0,1,1,2,1,1
Best fitness found so far: -27.0; distance: 16.76305461424021
Generation: 4; 
d: 18.439088914585774; energy: -25.0; 1,0,2,0,2,0,1,0,1,2,1,2,1,1,2,0,0,1,2,0,0,0,0,1,2,1,2,0,2,0,1,1,0,1,2,2,2,0,1,2,1,0,1,1,0,0,0,2,2,1,2,2,2,1,1,1,0,0,1,0,1,2,2,0,0,0,1,0,0,0,0,1,0,2,0,0,0,2,2,2,2,0,2,0,2,2,2,0,0,0,0,1,1,2,1,2,2
Best fitness found so far: -27.0; distance: 16.76305461424021
Generation: 5; 
d: 23.600847442411894; energy: -25.0; 0,0,2,2,1,2,2,1,1,1,2,2,2,0,2,0,1,0,0,1,2,1,0,2,1,2,1,0,2,2,0,0,0,2,1,1,2,2,1,1,1,0,0,2,2,2,0,1,0,0,2,2,1,0,0,2,0,0,1,2,0,2,0,2,2,0,1,0,0,0,0,2,0,0,2,0,2,2,2,1,1,1,0,1,0,0,0,0,1,2,1,2,0,1,1,2,2
Best fitness found so far: -27.0; distance: 16.76305461424021
Generation: 6; 
d: 17.69180601295413; energy: -25.0; 2,2,1,1,0,2,1,1,1,0,0,1,2,0,2,2,1,0,2,0,1,1,1,1,2,0,0,2,0,1,0,2,0,0,2,2,0,0,1,2,1,2,0,2,1,2,1,0,2,2,1,1,2,0,0,1,0,0,2,2,2,0,1,1,0,1,1,1,0,1,2,1,2,1,2,1,0,2,0,0,1,1,0,2,1,2,2,0,2,1,2,0,0,0,0,1,2
Best fitness found so far: -27.0; distance: 16.76305461424021
Generation: 7; 
d: 17.46424919657298; energy: -25.0; 1,0,2,1,1,1,2,0,1,0,1,1,0,2,2,0,0,1,1,0,0,2,1,2,2,0,2,0,0,1,2,2,0,1,1,2,1,1,0,0,1,2,0,0,2,2,0,1,2,2,1,1,1,0,0,1,1,2,1,2,0,0,2,2,1,1,2,2,0,1,0,1,2,0,2,2,0,0,1,2,1,2,2,2,1,0,0,2,0,2,1,2,1,2,1,2,2
Best fitness found so far: -27.0; distance: 16.76305461424021
