Algorithm configured with: 
Pop: 1000
CrP: 1.0
MtP: 1.0
List of crossover: 
SinglePointCrossover
IntegerTwoPointsCrossover
MultiPointsCrossover
List of mutations: 
BitFlipMutation
LoopMoveOperator
LocalMoveOperator
SegmentMutation
OppositeMoveOperator
Execution: 1
Generation: 0; 
d: 19.235384061671343; energy: -4.0; 2,1,1,0,2,1,2,1,0,2,0,0,2,2,0,0,2,1,2,1,2,1,1,1,1,0,0,2,2,0,1,0,0,2,1,1,1,0,1,2,2,1,1,2,0,1,2,1,1,0,1,0,2,2,1,0,1,1,2,0,1,1
Best fitness found so far: -4.0; distance: 19.235384061671343
Generation: 1; 
d: 12.529964086141668; energy: -20.0; 1,2,0,2,0,0,2,0,0,1,2,2,1,1,2,0,1,2,2,0,1,1,1,2,2,0,1,2,0,0,1,0,1,2,2,1,1,2,1,0,0,1,1,2,2,1,0,0,2,1,2,2,0,1,2,2,0,0,2,0,2,2
Best fitness found so far: -20.0; distance: 12.529964086141668
Generation: 2; 
d: 11.40175425099138; energy: -18.0; 0,2,0,0,2,1,2,2,1,0,2,2,0,2,2,0,1,1,2,0,2,0,0,0,0,1,1,0,1,2,0,1,0,2,2,2,0,2,2,0,0,2,0,1,1,2,0,1,0,2,0,0,2,0,2,2,2,2,2,1,2,1
Best fitness found so far: -20.0; distance: 12.529964086141668
Generation: 3; 
d: 11.40175425099138; energy: -18.0; 0,1,0,0,0,1,1,1,2,0,0,1,0,1,1,2,0,1,2,0,0,2,2,1,2,1,0,1,1,1,0,1,0,1,2,1,0,1,2,0,1,2,0,1,0,0,2,2,0,1,1,1,0,2,0,0,2,0,1,2,2,0
Best fitness found so far: -20.0; distance: 12.529964086141668
Generation: 4; 
d: 13.0; energy: -21.0; 0,0,1,2,0,1,0,0,2,0,2,2,0,1,1,0,1,0,0,2,2,0,1,1,0,2,0,0,2,0,0,1,0,1,2,2,0,0,2,2,0,0,1,0,1,2,2,1,1,0,0,2,0,0,2,2,0,0,2,0,2,0
Best fitness found so far: -21.0; distance: 13.0
Generation: 5; 
d: 13.0; energy: -21.0; 0,0,1,2,0,1,0,0,2,0,2,2,0,1,1,0,1,0,0,2,2,0,1,1,0,2,0,0,2,0,0,1,0,1,2,2,0,0,2,2,0,0,1,0,1,2,2,1,1,0,0,2,0,0,2,2,0,0,2,0,2,0
Best fitness found so far: -21.0; distance: 13.0
Generation: 6; 
d: 15.297058540778355; energy: -20.0; 2,0,0,2,2,2,0,0,0,1,1,1,0,0,0,1,0,2,1,1,2,1,1,2,2,1,1,0,2,2,2,2,1,2,0,1,2,2,2,0,2,0,0,2,1,0,1,2,1,1,0,1,0,0,0,2,2,0,0,1,0,0
Best fitness found so far: -21.0; distance: 13.0
Generation: 7; 
d: 19.235384061671343; energy: -20.0; 0,1,0,0,0,2,0,1,0,0,1,0,2,0,1,0,1,1,0,0,1,2,0,0,0,1,2,2,0,1,2,0,1,0,2,2,0,2,1,1,2,0,0,0,0,1,2,2,1,2,1,1,1,2,1,2,2,1,1,2,0,2
Best fitness found so far: -21.0; distance: 13.0
Generation: 8; 
d: 11.40175425099138; energy: -21.0; 1,2,0,2,1,0,0,0,0,2,2,2,1,2,0,2,2,1,2,2,1,0,2,1,1,1,2,2,0,0,2,2,0,0,1,2,1,2,2,2,2,2,1,2,1,1,1,1,2,1,2,1,1,0,0,0,2,2,1,0,0,2
Best fitness found so far: -21.0; distance: 13.0
Generation: 9; 
d: 11.40175425099138; energy: -21.0; 1,2,0,2,1,0,0,0,0,2,2,2,1,2,0,2,2,1,2,2,1,0,2,1,1,1,2,2,0,0,2,2,0,0,1,2,1,2,2,2,2,2,1,2,1,1,1,1,2,1,2,1,1,0,0,0,2,2,1,0,0,2
Best fitness found so far: -21.0; distance: 13.0
Generation: 10; 
d: 14.7648230602334; energy: -20.0; 1,1,1,1,2,1,2,2,1,0,2,2,1,1,2,2,2,1,2,2,2,0,2,0,2,2,1,1,1,2,0,1,0,2,2,2,0,2,2,0,0,2,0,1,1,2,0,1,0,2,0,0,2,0,2,2,2,2,2,1,1,2
Best fitness found so far: -21.0; distance: 13.0
Generation: 11; 
d: 14.7648230602334; energy: -20.0; 1,1,1,1,2,1,2,2,1,0,2,2,1,1,2,2,2,1,2,2,2,0,2,0,2,2,1,1,1,2,0,1,0,2,2,2,0,2,2,0,0,2,0,1,1,2,0,1,0,2,0,0,2,0,2,2,2,2,2,1,1,2
Best fitness found so far: -21.0; distance: 13.0
Generation: 12; 
d: 11.40175425099138; energy: -21.0; 2,2,1,2,2,0,2,2,2,0,0,0,2,0,0,0,2,1,1,0,1,2,0,0,0,0,0,2,0,2,2,0,0,1,0,0,1,2,2,1,2,1,1,2,2,2,1,0,2,1,2,2,0,2,0,0,2,2,1,1,0,0
Best fitness found so far: -21.0; distance: 13.0
Generation: 13; 
d: 12.165525060596439; energy: -22.0; 0,2,2,0,0,1,1,1,1,1,0,2,1,1,2,2,1,0,2,2,0,1,0,0,2,2,0,0,0,2,1,0,0,2,0,2,0,1,1,2,0,0,0,0,0,2,2,0,0,2,1,2,0,1,2,2,0,0,2,0,2,2
Best fitness found so far: -22.0; distance: 12.165525060596439
Generation: 14; 
d: 13.892443989449804; energy: -23.0; 1,0,0,1,1,1,0,0,2,0,2,2,1,1,2,1,0,1,2,0,0,1,2,0,0,2,0,0,0,1,2,0,1,2,2,1,1,1,1,1,1,0,0,0,0,1,1,1,2,1,0,0,2,0,0,2,1,2,0,1,2,0
Best fitness found so far: -23.0; distance: 13.892443989449804
Generation: 15; 
d: 13.892443989449804; energy: -23.0; 1,0,0,1,1,1,0,0,2,0,2,2,1,1,2,1,0,1,2,0,0,1,2,0,0,2,0,0,0,1,2,0,1,2,2,1,1,1,1,1,1,0,0,0,0,1,1,1,2,1,0,0,2,0,0,2,1,2,0,1,2,0
Best fitness found so far: -23.0; distance: 13.892443989449804
Generation: 16; 
d: 14.212670403551895; energy: -21.0; 2,1,0,0,1,1,0,1,1,0,1,0,2,2,1,2,1,0,0,2,2,0,2,0,1,1,2,2,2,0,2,1,1,0,2,2,2,2,2,2,1,2,0,1,1,1,2,2,2,0,2,2,1,0,0,0,1,0,0,2,2,1
Best fitness found so far: -23.0; distance: 13.892443989449804
Generation: 17; 
d: 12.041594578792296; energy: -21.0; 1,0,0,0,1,1,1,2,2,1,1,1,0,0,2,1,2,2,0,1,0,1,1,2,2,1,0,0,2,0,0,2,1,1,0,0,0,2,0,1,0,2,1,1,1,1,0,0,1,1,2,1,0,1,0,2,2,0,2,1,0,0
Best fitness found so far: -23.0; distance: 13.892443989449804
Generation: 18; 
d: 10.63014581273465; energy: -21.0; 2,2,0,2,2,0,0,1,1,0,0,1,1,0,2,2,0,0,2,1,0,1,1,0,0,2,1,2,0,1,2,2,1,1,0,0,1,1,1,2,1,0,1,0,0,2,2,0,1,1,2,0,0,2,1,2,2,0,2,1,1,2
Best fitness found so far: -23.0; distance: 13.892443989449804
Generation: 19; 
d: 11.180339887498949; energy: -21.0; 1,2,1,2,2,0,0,2,0,0,0,1,0,1,0,0,2,2,0,0,2,1,1,0,2,0,0,2,0,0,0,1,0,0,0,0,1,1,0,0,1,1,1,0,1,0,0,0,1,1,2,0,0,2,1,2,2,0,2,1,1,2
Best fitness found so far: -23.0; distance: 13.892443989449804
Generation: 20; 
d: 11.180339887498949; energy: -22.0; 1,2,1,1,2,2,1,2,0,1,2,2,1,1,2,2,2,1,2,2,2,0,2,1,2,2,1,1,1,2,1,1,2,1,2,0,2,2,2,0,2,0,0,2,1,0,1,0,2,0,1,0,1,0,1,0,2,1,0,0,0,2
Best fitness found so far: -23.0; distance: 13.892443989449804
Generation: 21; 
d: 18.027756377319946; energy: -23.0; 1,1,1,0,0,1,1,1,2,2,1,1,0,0,2,0,0,2,2,0,0,1,1,1,1,1,0,0,0,1,1,0,1,2,0,0,0,2,1,1,2,2,1,0,1,1,0,2,0,0,2,2,0,1,2,0,1,0,0,1,0,0
Best fitness found so far: -23.0; distance: 13.892443989449804
Generation: 22; 
d: 11.40175425099138; energy: -24.0; 2,2,0,2,2,0,0,1,1,0,0,1,1,0,2,2,0,0,2,1,0,1,1,0,0,2,1,2,0,1,2,2,1,1,0,0,1,1,1,2,1,0,0,0,2,2,1,2,0,0,1,0,1,0,1,0,2,1,1,2,2,0
Best fitness found so far: -24.0; distance: 11.40175425099138
Generation: 23; 
d: 11.40175425099138; energy: -24.0; 2,2,0,2,2,0,0,1,1,0,0,1,1,0,2,2,0,0,2,1,0,1,1,0,0,2,1,2,0,1,2,2,1,1,0,0,1,1,1,2,1,0,0,0,2,2,1,2,0,0,1,0,1,0,1,0,2,1,1,2,2,0
Best fitness found so far: -24.0; distance: 11.40175425099138
Generation: 24; 
d: 12.206555615733702; energy: -21.0; 2,1,0,0,1,1,0,1,1,0,1,0,2,2,1,2,1,2,2,0,1,1,1,2,2,1,1,2,1,1,2,0,0,2,2,1,1,2,1,1,2,0,1,0,2,0,2,0,1,2,2,1,2,2,1,1,1,2,2,2,2,2
Best fitness found so far: -24.0; distance: 11.40175425099138
Generation: 25; 
d: 12.041594578792296; energy: -23.0; 2,2,1,2,2,2,2,1,2,0,2,0,1,1,2,1,1,2,0,2,2,1,2,1,1,1,2,2,2,0,2,1,0,2,1,1,1,2,1,1,1,2,0,2,0,2,2,0,1,0,2,2,1,2,2,2,1,1,2,2,2,0
Best fitness found so far: -24.0; distance: 11.40175425099138
Generation: 26; 
d: 12.36931687685298; energy: -24.0; 2,2,1,2,2,2,2,1,2,2,0,1,1,0,0,1,2,0,2,0,0,2,2,0,0,2,0,0,2,1,0,0,0,2,1,0,2,2,1,1,0,2,1,1,0,0,1,0,0,1,2,2,0,0,1,2,0,0,1,0,1,2
Best fitness found so far: -24.0; distance: 11.40175425099138
Generation: 27; 
d: 12.36931687685298; energy: -24.0; 2,2,1,2,2,2,2,1,2,2,0,1,1,0,0,1,2,0,2,0,0,2,2,0,0,2,0,0,2,1,0,0,0,2,1,0,2,2,1,1,0,2,1,1,0,0,1,0,0,1,2,2,0,0,1,2,0,0,1,0,1,2
Best fitness found so far: -24.0; distance: 11.40175425099138
Generation: 28; 
d: 13.416407864998739; energy: -23.0; 2,1,0,0,1,1,0,1,1,0,1,0,2,2,1,2,1,0,2,0,0,0,0,1,2,1,1,0,2,0,2,2,0,0,1,2,2,1,1,1,0,2,2,2,2,1,0,2,1,1,2,0,0,2,1,0,0,0,1,1,1,2
Best fitness found so far: -24.0; distance: 11.40175425099138
Generation: 29; 
d: 13.416407864998739; energy: -23.0; 2,1,0,0,1,1,0,1,1,0,1,0,2,2,1,2,1,0,2,0,0,0,0,1,2,1,1,0,2,0,2,2,0,0,1,2,2,1,1,1,0,2,2,2,2,1,0,2,1,1,2,0,0,2,1,0,0,0,1,1,1,2
Best fitness found so far: -24.0; distance: 11.40175425099138
Generation: 30; 
d: 15.620499351813308; energy: -22.0; 1,1,1,1,0,0,1,1,1,0,1,0,1,0,0,1,0,2,2,1,1,2,0,0,1,1,0,0,1,2,0,2,0,1,1,2,1,1,2,1,2,2,0,2,2,0,1,1,1,0,0,1,1,1,2,2,2,1,0,0,0,0
Best fitness found so far: -24.0; distance: 11.40175425099138
Generation: 31; 
d: 14.7648230602334; energy: -22.0; 1,1,2,2,0,1,1,1,2,2,1,1,0,0,2,0,0,2,2,0,0,1,1,1,0,0,0,0,1,1,0,1,1,1,1,2,2,0,1,2,1,0,0,0,1,0,0,1,0,2,1,1,0,0,1,1,1,0,1,1,0,0
Best fitness found so far: -24.0; distance: 11.40175425099138
Generation: 32; 
d: 11.40175425099138; energy: -24.0; 2,2,0,2,2,0,0,0,1,0,0,1,1,0,2,2,0,0,2,1,0,1,1,0,0,2,1,2,0,1,2,2,1,1,0,0,1,1,1,2,1,0,0,0,2,2,1,2,0,0,1,0,1,0,1,0,2,1,1,2,2,0
Best fitness found so far: -24.0; distance: 11.40175425099138
Generation: 33; 
d: 11.40175425099138; energy: -24.0; 2,2,0,2,2,0,0,0,1,0,0,1,1,0,2,2,0,0,2,1,0,1,1,0,0,2,1,2,0,1,2,2,1,1,0,0,1,1,1,2,1,0,0,0,2,2,1,2,0,0,1,0,1,0,1,0,2,1,1,2,2,0
Best fitness found so far: -24.0; distance: 11.40175425099138
Generation: 34; 
d: 13.0; energy: -24.0; 2,2,2,0,0,0,1,2,0,0,2,2,1,2,1,1,2,2,0,0,0,2,2,0,1,2,0,0,2,0,0,2,1,2,0,2,1,0,0,0,0,2,1,0,0,0,0,1,0,1,0,0,2,1,2,0,2,2,0,0,1,0
Best fitness found so far: -24.0; distance: 11.40175425099138
Generation: 35; 
d: 13.0; energy: -24.0; 2,2,2,0,0,0,1,2,0,0,2,2,1,2,1,1,2,2,0,0,0,2,2,0,1,2,0,0,2,0,0,2,1,2,0,2,1,0,0,0,0,2,1,0,0,0,0,1,0,1,0,0,2,1,2,0,2,2,0,0,1,0
Best fitness found so far: -24.0; distance: 11.40175425099138
Generation: 36; 
d: 14.317821063276353; energy: -23.0; 1,2,2,1,2,0,0,1,0,2,1,1,0,2,0,2,2,0,2,2,0,1,2,1,1,0,2,2,2,1,1,2,1,2,1,2,0,1,1,2,0,2,2,0,0,2,2,2,2,2,1,0,2,2,2,2,2,2,1,0,2,2
Best fitness found so far: -24.0; distance: 11.40175425099138
Generation: 37; 
d: 10.63014581273465; energy: -23.0; 2,2,0,0,2,1,2,2,2,2,2,0,1,0,0,2,1,2,0,1,0,1,2,1,2,0,2,1,0,2,2,0,1,1,2,2,0,1,0,1,2,2,2,2,2,0,1,1,1,0,0,1,1,1,2,2,2,1,0,0,0,1
Best fitness found so far: -24.0; distance: 11.40175425099138
Generation: 38; 
d: 11.313708498984761; energy: -24.0; 0,0,1,1,2,0,1,1,2,2,1,1,0,2,0,2,2,0,0,2,2,1,2,1,1,0,0,1,2,0,2,2,1,1,0,2,2,2,0,2,1,2,2,2,1,1,2,2,0,1,0,2,2,1,1,2,0,0,1,0,0,1
Best fitness found so far: -24.0; distance: 11.40175425099138
Generation: 39; 
d: 11.313708498984761; energy: -24.0; 0,0,1,1,2,0,1,1,2,2,1,1,0,2,0,2,2,0,0,2,2,1,2,1,1,0,0,1,2,0,2,2,1,1,0,2,2,2,0,2,1,2,2,2,1,1,2,2,0,1,0,2,2,1,1,2,0,0,1,0,0,1
Best fitness found so far: -24.0; distance: 11.40175425099138
Generation: 40; 
d: 9.486832980505138; energy: -25.0; 1,2,2,0,0,0,0,0,1,0,1,1,0,2,0,2,2,0,0,2,2,1,2,1,1,0,0,1,2,0,0,2,1,2,1,2,0,1,1,2,0,2,2,0,0,2,2,2,2,2,1,0,2,2,2,2,2,2,1,0,2,1
Best fitness found so far: -25.0; distance: 9.486832980505138
Generation: 41; 
d: 9.486832980505138; energy: -25.0; 1,2,2,0,0,0,0,0,1,0,1,1,0,2,0,2,2,0,0,2,2,1,2,1,1,0,0,1,2,0,0,2,1,2,1,2,0,1,1,2,0,2,2,0,0,2,2,2,2,2,1,0,2,2,2,2,2,2,1,0,2,1
Best fitness found so far: -25.0; distance: 9.486832980505138
Generation: 42; 
d: 10.0; energy: -25.0; 2,2,2,0,0,0,0,1,2,2,1,1,0,2,0,2,2,0,0,2,2,1,2,1,1,0,0,1,2,0,0,2,1,2,1,2,0,1,1,2,0,2,2,0,0,2,2,2,2,2,1,0,2,2,2,2,2,2,1,0,2,1
Best fitness found so far: -25.0; distance: 9.486832980505138
Generation: 43; 
d: 13.892443989449804; energy: -25.0; 1,0,0,1,1,1,0,0,2,0,2,2,1,1,2,1,0,1,2,0,0,1,2,0,0,2,0,0,0,1,2,0,1,2,2,1,1,1,1,1,1,0,0,0,0,1,1,1,2,2,0,0,0,0,1,2,2,2,1,2,2,2
Best fitness found so far: -25.0; distance: 9.486832980505138
Generation: 44; 
d: 13.892443989449804; energy: -25.0; 1,0,0,1,1,1,0,0,2,0,2,2,1,1,2,1,0,1,2,0,0,1,2,0,0,2,0,0,0,1,2,0,1,2,2,1,1,1,1,1,1,0,0,0,0,1,1,1,2,2,0,0,0,0,1,2,2,2,1,2,2,2
Best fitness found so far: -25.0; distance: 9.486832980505138
Generation: 45; 
d: 11.704699910719626; energy: -24.0; 1,2,2,1,0,0,1,0,0,0,2,2,0,1,0,2,2,1,2,0,1,1,1,1,1,1,2,1,0,1,2,2,1,0,1,2,1,1,2,2,1,1,0,2,2,2,2,0,1,1,1,1,0,2,1,0,1,0,2,1,2,0
Best fitness found so far: -25.0; distance: 9.486832980505138
Generation: 46; 
d: 10.816653826391969; energy: -25.0; 2,1,0,0,1,1,0,1,0,0,1,0,2,2,1,2,1,0,0,2,2,1,2,1,2,2,0,1,2,0,0,2,1,2,1,2,0,1,1,2,0,2,2,0,0,2,2,2,2,2,1,0,2,2,2,1,1,0,2,2,1,2
Best fitness found so far: -25.0; distance: 9.486832980505138
