Algorithm configured with: 
Pop: 3000
Aux Pop: 200
Crossover: SinglePointCrossover
CrP: 0.9
Mutation: BitFlipMutation
MtP: 0.01
Starting executions...
Execution: 1
Generation: 0; 
d: 100.0; energy: 0.0; 2,0,1,0,0,0,1,0,2,1,1,0,1,2,1,0,2,0,1,0,2,1,2,0,1,2,2,2,2,1,2,1,0,2,0,1,1,0,0,2,2,0,1,1,1,2,0,2,2,1,0,0,1,1,0,0,1,2,1,1,0,2,2,2,1,2,2,1,2,2,2,0,0,2,1,0,1,1,0,2,1,2,1,2,1,2,0,0,2,2,2,2,1,2,2,2,1
Best fitness found so far: 0.0; distance: 100.0
Generation: 1; 
d: 18.681541692269406; energy: -23.0; 0,1,1,0,1,2,0,2,0,2,1,1,0,0,2,0,0,1,2,0,0,1,1,2,2,1,0,0,0,1,0,1,0,0,2,0,2,1,2,0,0,1,2,1,2,2,1,2,2,0,1,0,1,2,2,2,1,2,1,0,2,0,0,2,2,2,2,0,2,2,1,1,2,1,2,2,1,2,2,0,0,2,1,1,1,1,0,1,2,1,2,0,0,0,2,2,0
Best fitness found so far: -23.0; distance: 18.681541692269406
Generation: 2; 
d: 18.027756377319946; energy: -25.0; 1,0,2,2,0,2,0,2,2,1,2,2,2,1,0,2,2,1,1,2,0,2,0,2,0,0,1,0,1,0,1,1,0,0,1,1,0,1,2,1,1,0,0,0,2,0,0,1,0,0,2,0,1,1,0,0,0,1,1,2,2,1,2,0,2,2,1,2,2,2,0,1,0,2,2,2,1,1,2,2,0,1,0,2,2,1,0,1,1,1,1,2,2,1,0,2,2
Best fitness found so far: -25.0; distance: 18.027756377319946
Generation: 3; 
d: 19.4164878389476; energy: -27.0; 0,1,1,1,1,2,0,2,1,0,2,2,1,1,0,1,2,2,2,2,2,0,0,0,0,1,1,2,2,2,1,2,2,1,1,0,2,2,1,1,1,2,1,1,0,0,0,1,2,2,2,2,1,0,2,1,0,1,0,0,1,1,0,1,1,2,2,2,2,1,1,0,0,2,1,0,0,0,2,2,1,2,2,1,1,2,1,0,0,1,2,2,2,2,2,1,2
Best fitness found so far: -27.0; distance: 19.4164878389476
Generation: 4; 
d: 18.027756377319946; energy: -25.0; 1,0,2,2,0,2,0,2,2,1,2,2,2,1,0,2,2,1,1,2,0,2,0,2,0,0,1,0,1,0,1,1,0,0,1,1,0,1,2,1,1,0,0,0,2,0,0,1,0,0,2,0,1,1,0,0,0,1,1,2,2,1,2,0,2,2,1,2,2,2,0,1,0,2,2,2,1,1,2,2,0,1,0,2,2,1,0,1,1,1,1,2,2,1,0,2,2
Best fitness found so far: -27.0; distance: 19.4164878389476
Generation: 5; 
d: 17.46424919657298; energy: -25.0; 0,1,1,1,1,2,0,2,1,0,2,2,1,1,0,1,2,2,2,2,2,0,0,0,0,1,1,2,2,2,1,2,2,1,1,0,2,2,1,1,1,2,1,1,0,0,0,1,2,2,2,2,1,0,2,1,0,1,0,0,1,1,0,1,1,2,2,2,2,1,1,0,0,2,1,0,0,0,2,2,1,2,2,1,1,2,1,0,0,0,1,0,2,1,0,1,0
Best fitness found so far: -27.0; distance: 19.4164878389476
Generation: 6; 
d: 15.132745950421556; energy: -28.0; 2,1,2,0,2,0,2,1,0,2,0,0,0,0,2,2,0,2,0,1,0,1,0,1,1,1,2,1,1,2,0,0,0,2,1,1,2,1,2,2,1,1,2,1,2,2,1,2,2,0,1,0,1,2,2,2,1,2,1,0,2,0,0,2,2,2,2,0,2,2,1,1,2,1,2,2,1,2,2,0,0,2,1,1,1,1,0,1,2,1,2,0,0,0,2,2,0
Best fitness found so far: -28.0; distance: 15.132745950421556
Generation: 7; 
d: 17.69180601295413; energy: -28.0; 2,2,2,0,0,0,2,1,0,0,0,0,1,1,0,0,1,1,1,2,0,0,1,2,2,0,1,1,2,1,0,2,1,2,2,1,1,2,1,1,1,0,0,0,1,1,1,2,2,2,1,2,1,1,2,0,0,1,1,1,2,0,2,2,2,0,0,0,1,0,1,1,0,0,2,0,2,0,0,0,1,1,1,2,2,1,1,1,0,2,2,0,2,0,0,2,1
Best fitness found so far: -28.0; distance: 15.132745950421556
Generation: 8; 
d: 15.231546211727817; energy: -27.0; 1,2,0,1,0,1,0,1,1,1,1,0,0,0,2,2,0,2,0,1,0,1,0,1,1,1,2,1,1,2,0,0,0,2,1,1,2,1,2,2,1,1,2,1,2,2,1,2,2,0,1,0,1,2,2,2,1,2,1,0,2,0,0,2,2,2,2,0,2,2,1,1,2,1,2,2,1,2,2,0,0,2,1,1,1,1,0,1,2,1,2,0,0,0,2,2,0
Best fitness found so far: -28.0; distance: 15.132745950421556
Generation: 9; 
d: 15.811388300841896; energy: -28.0; 2,1,1,1,0,1,2,2,1,0,0,0,2,1,0,0,1,1,1,2,0,0,0,2,2,0,1,1,2,1,0,2,1,2,2,1,1,2,1,1,1,0,0,0,1,1,1,2,2,2,1,2,1,1,2,0,1,1,2,2,1,1,2,0,1,0,0,1,1,2,0,0,0,1,0,0,0,2,2,2,1,0,0,1,0,2,0,0,2,2,0,1,0,0,2,0,1
Best fitness found so far: -28.0; distance: 15.132745950421556
Generation: 10; 
d: 16.55294535724685; energy: -28.0; 0,1,1,1,1,2,0,2,1,0,2,2,1,1,0,1,2,2,2,2,2,0,0,0,0,0,1,2,2,2,1,2,2,1,1,0,2,2,1,1,1,2,1,1,0,0,0,1,2,2,2,2,1,0,2,1,0,1,0,0,1,1,0,1,1,2,2,2,2,1,1,0,0,2,1,0,0,0,2,2,1,0,0,1,1,0,1,0,2,0,1,2,0,0,1,2,1
Best fitness found so far: -28.0; distance: 15.132745950421556
Generation: 11; 
d: 14.866068747318506; energy: -32.0; 1,2,2,1,2,1,2,0,1,2,2,0,1,1,2,2,0,2,2,1,1,2,0,0,0,1,0,2,1,0,0,1,1,1,1,2,1,2,2,1,2,0,2,1,2,2,1,2,0,0,1,0,1,2,2,2,1,2,1,0,2,0,0,2,2,2,2,0,2,2,1,1,2,1,2,2,1,2,2,0,0,2,1,1,1,1,2,1,1,2,0,2,0,0,1,1,1
Best fitness found so far: -32.0; distance: 14.866068747318506
Generation: 12; 
d: 16.55294535724685; energy: -30.0; 0,1,1,1,1,2,0,2,1,0,2,2,1,1,0,1,2,2,2,2,2,0,0,0,0,0,1,2,2,2,1,2,2,1,1,0,2,2,1,1,1,2,1,1,0,0,0,1,2,2,2,2,1,0,2,1,0,1,0,0,1,1,0,1,1,2,2,2,2,1,1,0,0,2,1,0,0,0,2,2,1,2,1,0,0,1,1,1,0,2,2,0,0,0,2,0,0
Best fitness found so far: -32.0; distance: 14.866068747318506
Generation: 13; 
d: 14.866068747318506; energy: -29.0; 2,1,0,0,2,1,1,2,2,0,0,0,0,0,1,2,1,2,2,1,0,2,0,0,2,2,2,0,0,0,0,1,0,0,1,0,0,0,0,0,1,1,2,1,1,2,1,0,2,1,2,1,0,0,0,2,2,2,1,2,2,1,0,0,0,1,1,0,0,2,1,0,2,0,1,1,1,1,2,2,2,1,0,0,2,1,2,0,1,0,0,0,0,1,0,1,2
Best fitness found so far: -32.0; distance: 14.866068747318506
Generation: 14; 
d: 16.76305461424021; energy: -31.0; 0,1,1,1,2,2,2,0,0,1,1,0,1,1,0,0,1,1,1,2,0,0,0,2,2,0,1,1,2,1,0,2,1,2,2,1,1,2,1,1,1,0,0,0,1,1,1,2,2,2,0,0,2,1,0,1,2,2,1,0,0,0,1,1,2,2,2,0,0,1,0,0,1,0,0,1,2,0,0,1,0,1,0,2,1,0,1,1,1,1,1,2,2,2,2,1,2
Best fitness found so far: -32.0; distance: 14.866068747318506
Generation: 15; 
d: 18.384776310850235; energy: -30.0; 1,2,2,1,1,2,1,1,0,0,2,0,1,0,2,0,2,1,1,2,0,0,1,2,2,0,1,1,2,1,0,2,1,2,2,1,1,2,1,1,1,0,0,0,1,1,1,2,2,2,1,2,1,1,2,0,0,1,1,1,2,0,2,2,2,0,0,0,1,0,1,1,0,0,2,0,2,2,0,0,1,1,1,2,2,1,1,1,0,2,2,0,2,0,0,2,1
Best fitness found so far: -32.0; distance: 14.866068747318506
Generation: 16; 
d: 15.620499351813308; energy: -31.0; 1,0,2,1,0,0,1,1,1,0,2,2,1,1,0,1,2,2,2,2,2,0,0,0,0,1,1,2,2,2,1,2,2,1,1,0,2,2,1,1,1,2,1,1,0,0,0,1,2,2,2,2,1,0,2,1,0,1,0,0,1,1,0,0,2,0,2,2,0,0,2,2,2,2,2,1,2,2,2,2,0,1,1,2,0,2,2,2,1,2,0,0,0,0,1,0,0
Best fitness found so far: -32.0; distance: 14.866068747318506
Generation: 17; 
d: 19.209372712298546; energy: -31.0; 0,1,2,2,1,0,2,2,2,0,1,2,2,0,2,1,0,0,1,2,0,0,1,0,2,0,1,1,2,1,0,2,1,2,2,1,1,2,1,1,1,0,0,0,1,1,1,2,2,2,1,2,1,1,2,0,0,1,2,2,1,1,2,0,1,0,0,1,1,2,0,0,0,1,0,0,0,2,2,2,1,0,0,0,0,0,0,2,0,2,2,0,0,2,0,1,1
Best fitness found so far: -32.0; distance: 14.866068747318506
Generation: 18; 
d: 14.212670403551895; energy: -31.0; 0,1,1,1,2,0,2,0,0,1,1,0,1,0,0,0,1,2,2,0,1,2,0,2,1,1,0,2,2,1,1,1,1,2,1,2,1,2,1,1,1,1,2,1,0,1,0,0,1,2,2,2,2,2,2,0,2,2,1,2,2,1,0,0,0,1,1,0,0,2,1,0,2,0,1,1,0,1,2,2,2,1,0,0,2,1,2,0,1,0,0,0,0,1,0,0,2
Best fitness found so far: -32.0; distance: 14.866068747318506
Generation: 19; 
d: 14.560219778561036; energy: -32.0; 2,0,0,1,0,2,1,2,1,0,0,2,0,1,0,2,1,0,0,1,2,0,2,2,2,0,0,0,0,1,2,2,1,2,2,2,2,2,2,1,2,0,2,2,1,2,0,0,0,1,1,1,2,0,0,1,0,0,2,0,0,1,1,2,0,2,1,0,1,0,2,0,2,0,1,1,1,1,0,0,2,2,0,0,0,0,1,1,1,1,1,1,2,0,0,2,2
Best fitness found so far: -32.0; distance: 14.866068747318506
Generation: 20; 
d: 16.64331697709324; energy: -33.0; 0,1,1,0,2,2,2,0,0,1,2,1,2,1,0,1,2,2,2,2,2,0,0,0,0,1,1,2,2,2,1,2,2,1,1,0,2,2,1,1,1,2,1,1,0,0,0,1,2,2,2,2,1,0,2,1,0,1,0,0,1,1,0,0,2,0,2,2,0,0,2,2,2,2,2,1,2,2,2,2,0,1,1,2,0,2,2,1,1,2,0,0,0,0,1,0,0
Best fitness found so far: -33.0; distance: 16.64331697709324
Generation: 21; 
d: 14.422205101855956; energy: -32.0; 1,0,2,2,0,2,0,2,2,1,2,2,0,0,1,2,1,2,2,1,2,2,0,0,2,2,2,0,0,0,0,1,0,0,0,0,0,0,0,0,1,2,2,1,1,2,1,2,0,1,2,2,1,2,0,0,0,1,1,1,1,0,1,2,0,1,0,0,2,1,1,0,0,0,2,2,0,1,0,1,1,2,1,0,0,1,1,1,0,0,2,1,2,2,0,2,1
Best fitness found so far: -33.0; distance: 16.64331697709324
Generation: 22; 
d: 15.652475842498529; energy: -32.0; 2,1,1,1,0,1,2,2,1,0,0,0,2,1,0,0,1,1,1,2,0,0,0,2,2,0,1,1,2,1,0,2,1,2,2,1,1,2,1,1,1,0,0,0,1,1,1,2,2,1,1,2,1,1,2,0,1,1,2,2,1,1,1,2,0,2,1,0,1,2,0,1,0,2,0,0,0,2,2,0,1,2,0,2,2,1,2,1,2,2,0,1,0,0,1,0,1
Best fitness found so far: -33.0; distance: 16.64331697709324
Generation: 23; 
d: 18.384776310850235; energy: -33.0; 0,1,1,0,2,2,2,1,0,1,2,1,2,1,0,1,2,2,1,0,2,2,0,1,1,0,1,2,0,0,2,1,0,0,0,1,2,1,2,2,2,0,1,1,0,0,0,2,0,2,1,1,1,2,2,2,1,2,2,1,0,2,2,2,0,0,1,2,0,0,2,1,1,0,0,0,1,0,2,2,0,2,1,0,0,2,2,2,1,2,0,0,0,0,1,1,1
Best fitness found so far: -33.0; distance: 16.64331697709324
Generation: 24; 
d: 17.804493814764857; energy: -33.0; 0,1,1,1,2,0,2,0,0,1,1,0,1,0,0,0,1,2,2,0,1,2,0,2,1,1,0,2,2,1,1,1,1,2,1,2,1,2,1,1,1,1,2,1,0,1,0,0,1,2,2,2,2,2,2,0,2,2,1,2,2,1,0,0,0,1,1,0,0,2,0,2,2,0,1,1,2,1,2,2,2,1,0,0,1,0,0,2,2,0,1,1,0,0,0,0,0
Best fitness found so far: -33.0; distance: 16.64331697709324
Generation: 25; 
d: 17.69180601295413; energy: -33.0; 2,2,0,0,2,2,1,2,2,0,0,0,1,1,0,0,1,1,1,2,0,0,0,2,2,0,1,1,2,1,0,2,1,2,2,1,2,0,1,1,2,1,2,2,1,2,2,0,2,2,2,0,2,0,2,0,0,1,0,0,0,2,2,1,2,2,0,2,0,2,0,2,2,0,1,1,2,1,2,2,2,1,0,0,1,0,0,2,2,0,1,1,0,0,0,2,0
Best fitness found so far: -33.0; distance: 16.64331697709324
Generation: 26; 
d: 18.027756377319946; energy: -33.0; 1,0,1,2,2,0,1,2,0,1,0,0,1,1,0,0,1,1,1,2,0,0,1,2,2,0,1,1,2,1,0,2,1,2,2,1,1,2,1,1,1,0,1,0,1,1,1,2,2,2,1,2,1,1,2,0,0,1,1,1,2,0,2,2,2,0,0,0,1,0,1,1,0,0,2,0,2,0,0,0,1,1,1,2,2,1,1,1,0,2,2,0,2,0,0,2,0
Best fitness found so far: -33.0; distance: 16.64331697709324
Generation: 27; 
d: 16.15549442140351; energy: -33.0; 1,0,1,2,1,0,1,0,0,1,2,0,0,2,0,0,1,2,2,0,1,2,0,2,1,1,0,2,2,1,1,1,1,2,1,2,1,2,1,1,1,0,2,0,0,1,2,1,2,2,2,2,0,0,2,1,0,1,0,0,1,1,0,1,1,2,2,2,2,1,1,0,0,2,1,0,0,0,2,2,1,1,1,0,0,0,0,1,2,1,0,1,0,0,1,0,0
Best fitness found so far: -33.0; distance: 16.64331697709324
Generation: 28; 
d: 18.384776310850235; energy: -33.0; 0,1,1,0,2,2,2,1,0,1,2,1,2,1,0,1,2,2,1,0,2,2,0,1,1,0,1,2,0,0,2,1,0,0,0,1,2,1,2,2,2,0,1,1,0,0,0,2,0,2,1,1,1,2,2,2,1,2,2,1,0,2,2,2,0,0,1,2,0,0,2,1,1,0,0,0,1,0,2,2,0,2,1,0,0,2,2,2,1,2,0,0,0,0,1,1,1
Best fitness found so far: -33.0; distance: 16.64331697709324
Generation: 29; 
d: 15.264337522473747; energy: -35.0; 2,0,2,2,2,2,0,2,1,0,0,0,2,1,0,0,1,1,1,2,0,0,0,2,2,0,1,1,2,1,0,2,1,2,2,1,1,2,1,1,1,0,0,0,1,1,1,2,2,2,1,2,1,1,2,0,1,2,1,0,2,0,1,2,0,1,0,0,2,1,1,0,0,0,2,2,0,2,0,1,1,2,1,0,0,1,2,0,2,0,0,1,0,0,0,0,0
Best fitness found so far: -35.0; distance: 15.264337522473747
Generation: 30; 
d: 21.95449840010015; energy: -34.0; 1,0,2,2,0,2,0,2,2,1,2,2,0,0,1,2,1,2,2,1,2,2,0,0,2,2,2,0,0,0,0,1,0,0,0,0,0,0,0,0,1,1,2,2,1,2,2,0,2,2,2,0,2,0,2,0,0,1,0,2,0,2,2,1,2,2,0,2,0,2,0,2,2,0,1,1,2,1,2,2,2,1,0,0,1,0,0,2,2,0,1,1,0,0,0,2,0
Best fitness found so far: -35.0; distance: 15.264337522473747
Generation: 31; 
d: 14.422205101855956; energy: -34.0; 2,0,2,2,0,2,0,2,2,1,2,2,0,0,1,2,1,2,2,1,2,2,0,0,2,2,2,0,0,0,0,1,0,0,0,0,0,0,0,0,1,2,2,1,1,2,1,2,0,1,2,2,1,2,0,0,0,1,1,1,1,0,1,2,0,1,0,0,1,1,1,0,0,0,2,2,0,1,0,2,1,2,1,0,0,1,1,1,1,2,1,2,2,0,1,1,2
Best fitness found so far: -35.0; distance: 15.264337522473747
Generation: 32; 
d: 15.811388300841896; energy: -37.0; 1,0,2,2,0,2,0,2,2,1,2,2,0,0,1,2,1,2,2,1,2,2,0,0,2,2,2,0,0,0,0,1,0,0,0,0,0,0,0,0,1,2,2,1,1,2,2,0,2,2,2,0,2,0,2,0,0,1,0,0,0,2,2,1,2,2,1,2,0,0,0,0,1,1,0,0,0,0,1,0,1,1,1,0,0,1,0,1,2,2,2,0,1,0,1,0,1
Best fitness found so far: -37.0; distance: 15.811388300841896
Generation: 33; 
d: 15.811388300841896; energy: -37.0; 0,1,1,2,2,0,0,2,2,1,2,2,0,0,1,2,1,2,2,1,2,2,0,0,2,2,2,0,0,0,0,1,0,0,0,0,0,0,0,0,1,2,2,1,1,2,2,0,2,2,2,0,2,0,2,0,0,1,0,0,0,2,2,1,2,2,1,2,0,0,0,0,1,1,0,0,0,0,1,0,1,1,1,0,0,1,0,1,2,2,2,0,1,0,1,0,1
Best fitness found so far: -37.0; distance: 15.811388300841896
Generation: 34; 
d: 15.811388300841896; energy: -35.0; 2,0,2,2,0,2,1,2,2,0,0,0,0,0,1,2,1,2,2,1,0,2,0,0,2,2,2,0,0,0,0,1,0,0,1,0,0,0,0,0,0,1,2,2,1,1,2,0,1,2,2,2,1,2,1,2,2,2,2,2,2,1,2,1,2,0,1,1,1,2,0,2,1,1,2,1,2,2,0,1,0,2,0,0,0,0,1,1,2,1,1,0,0,0,1,0,0
Best fitness found so far: -37.0; distance: 15.811388300841896
